[2025-09-01 05:24:27,671] {taskinstance.py:1159} INFO - Dependencies all met for <TaskInstance: send_weather_to_kafka.stream_hdfs scheduled__2025-09-01T04:50:53.227816+00:00 [queued]>
[2025-09-01 05:24:27,677] {taskinstance.py:1159} INFO - Dependencies all met for <TaskInstance: send_weather_to_kafka.stream_hdfs scheduled__2025-09-01T04:50:53.227816+00:00 [queued]>
[2025-09-01 05:24:27,677] {taskinstance.py:1356} INFO - 
--------------------------------------------------------------------------------
[2025-09-01 05:24:27,677] {taskinstance.py:1357} INFO - Starting attempt 1 of 2
[2025-09-01 05:24:27,677] {taskinstance.py:1358} INFO - 
--------------------------------------------------------------------------------
[2025-09-01 05:24:27,692] {taskinstance.py:1377} INFO - Executing <Task(BashOperator): stream_hdfs> on 2025-09-01 04:50:53.227816+00:00
[2025-09-01 05:24:27,697] {standard_task_runner.py:52} INFO - Started process 9446 to run task
[2025-09-01 05:24:27,701] {standard_task_runner.py:79} INFO - Running: ['***', 'tasks', 'run', 'send_weather_to_kafka', 'stream_hdfs', 'scheduled__2025-09-01T04:50:53.227816+00:00', '--job-id', '475', '--raw', '--subdir', 'DAGS_FOLDER/dag_meteo.py', '--cfg-path', '/tmp/tmpdp8ppdw7', '--error-file', '/tmp/tmpgr9gafu4']
[2025-09-01 05:24:27,702] {standard_task_runner.py:80} INFO - Job 475: Subtask stream_hdfs
[2025-09-01 05:24:27,719] {logging_mixin.py:115} WARNING - /home/***/.local/lib/python3.7/site-packages/***/configuration.py:470 DeprecationWarning: The sql_alchemy_conn option in [core] has been moved to the sql_alchemy_conn option in [database] - the old setting has been used, but please update your config.
[2025-09-01 05:24:27,767] {task_command.py:369} INFO - Running <TaskInstance: send_weather_to_kafka.stream_hdfs scheduled__2025-09-01T04:50:53.227816+00:00 [running]> on host e66737cfc193
[2025-09-01 05:24:27,848] {taskinstance.py:1571} INFO - Exporting the following env vars:
AIRFLOW_CTX_DAG_OWNER=***
AIRFLOW_CTX_DAG_ID=send_weather_to_kafka
AIRFLOW_CTX_TASK_ID=stream_hdfs
AIRFLOW_CTX_EXECUTION_DATE=2025-09-01T04:50:53.227816+00:00
AIRFLOW_CTX_TRY_NUMBER=1
AIRFLOW_CTX_DAG_RUN_ID=scheduled__2025-09-01T04:50:53.227816+00:00
[2025-09-01 05:24:27,849] {subprocess.py:62} INFO - Tmp dir root location: 
 /tmp
[2025-09-01 05:24:27,850] {subprocess.py:74} INFO - Running command: ['bash', '-c', '\n/home/***/.local/bin/spark-submit   --master local[*]   --conf spark.hadoop.fs.defaultFS=hdfs://namenode:9000   --conf spark.hadoop.dfs.client.use.datanode.hostname=true   --conf spark.sql.adaptive.enabled=false   --packages org.apache.spark:spark-sql-kafka-0-10_2.12:3.3.1   /opt/***/scripts/pyspark/streaming.py']
[2025-09-01 05:24:27,861] {subprocess.py:85} INFO - Output:
[2025-09-01 05:24:27,874] {subprocess.py:92} INFO - /opt/spark-3.3.1-bin-hadoop3/bin/load-spark-env.sh: line 68: ps: command not found
[2025-09-01 05:24:28,807] {subprocess.py:92} INFO - :: loading settings :: url = jar:file:/opt/spark-3.3.1-bin-hadoop3/jars/ivy-2.5.0.jar!/org/apache/ivy/core/settings/ivysettings.xml
[2025-09-01 05:24:28,887] {subprocess.py:92} INFO - Ivy Default Cache set to: /home/***/.ivy2/cache
[2025-09-01 05:24:28,887] {subprocess.py:92} INFO - The jars for the packages stored in: /home/***/.ivy2/jars
[2025-09-01 05:24:28,890] {subprocess.py:92} INFO - org.apache.spark#spark-sql-kafka-0-10_2.12 added as a dependency
[2025-09-01 05:24:28,891] {subprocess.py:92} INFO - :: resolving dependencies :: org.apache.spark#spark-submit-parent-3694a3c4-0584-4083-a80e-afe23963b735;1.0
[2025-09-01 05:24:28,891] {subprocess.py:92} INFO - 	confs: [default]
[2025-09-01 05:24:28,981] {subprocess.py:92} INFO - 	found org.apache.spark#spark-sql-kafka-0-10_2.12;3.3.1 in central
[2025-09-01 05:24:29,021] {subprocess.py:92} INFO - 	found org.apache.spark#spark-token-provider-kafka-0-10_2.12;3.3.1 in central
[2025-09-01 05:24:29,040] {subprocess.py:92} INFO - 	found org.apache.kafka#kafka-clients;2.8.1 in central
[2025-09-01 05:24:29,058] {subprocess.py:92} INFO - 	found org.lz4#lz4-java;1.8.0 in central
[2025-09-01 05:24:29,075] {subprocess.py:92} INFO - 	found org.xerial.snappy#snappy-java;1.1.8.4 in central
[2025-09-01 05:24:29,091] {subprocess.py:92} INFO - 	found org.slf4j#slf4j-api;1.7.32 in central
[2025-09-01 05:24:29,110] {subprocess.py:92} INFO - 	found org.apache.hadoop#hadoop-client-runtime;3.3.2 in central
[2025-09-01 05:24:29,120] {subprocess.py:92} INFO - 	found org.spark-project.spark#unused;1.0.0 in central
[2025-09-01 05:24:29,138] {subprocess.py:92} INFO - 	found org.apache.hadoop#hadoop-client-api;3.3.2 in central
[2025-09-01 05:24:29,154] {subprocess.py:92} INFO - 	found commons-logging#commons-logging;1.1.3 in central
[2025-09-01 05:24:29,168] {subprocess.py:92} INFO - 	found com.google.code.findbugs#jsr305;3.0.0 in central
[2025-09-01 05:24:29,182] {subprocess.py:92} INFO - 	found org.apache.commons#commons-pool2;2.11.1 in central
[2025-09-01 05:24:29,205] {subprocess.py:92} INFO - :: resolution report :: resolve 303ms :: artifacts dl 11ms
[2025-09-01 05:24:29,205] {subprocess.py:92} INFO - 	:: modules in use:
[2025-09-01 05:24:29,205] {subprocess.py:92} INFO - 	com.google.code.findbugs#jsr305;3.0.0 from central in [default]
[2025-09-01 05:24:29,205] {subprocess.py:92} INFO - 	commons-logging#commons-logging;1.1.3 from central in [default]
[2025-09-01 05:24:29,205] {subprocess.py:92} INFO - 	org.apache.commons#commons-pool2;2.11.1 from central in [default]
[2025-09-01 05:24:29,205] {subprocess.py:92} INFO - 	org.apache.hadoop#hadoop-client-api;3.3.2 from central in [default]
[2025-09-01 05:24:29,205] {subprocess.py:92} INFO - 	org.apache.hadoop#hadoop-client-runtime;3.3.2 from central in [default]
[2025-09-01 05:24:29,205] {subprocess.py:92} INFO - 	org.apache.kafka#kafka-clients;2.8.1 from central in [default]
[2025-09-01 05:24:29,205] {subprocess.py:92} INFO - 	org.apache.spark#spark-sql-kafka-0-10_2.12;3.3.1 from central in [default]
[2025-09-01 05:24:29,205] {subprocess.py:92} INFO - 	org.apache.spark#spark-token-provider-kafka-0-10_2.12;3.3.1 from central in [default]
[2025-09-01 05:24:29,205] {subprocess.py:92} INFO - 	org.lz4#lz4-java;1.8.0 from central in [default]
[2025-09-01 05:24:29,205] {subprocess.py:92} INFO - 	org.slf4j#slf4j-api;1.7.32 from central in [default]
[2025-09-01 05:24:29,205] {subprocess.py:92} INFO - 	org.spark-project.spark#unused;1.0.0 from central in [default]
[2025-09-01 05:24:29,205] {subprocess.py:92} INFO - 	org.xerial.snappy#snappy-java;1.1.8.4 from central in [default]
[2025-09-01 05:24:29,205] {subprocess.py:92} INFO - 	---------------------------------------------------------------------
[2025-09-01 05:24:29,206] {subprocess.py:92} INFO - 	|                  |            modules            ||   artifacts   |
[2025-09-01 05:24:29,206] {subprocess.py:92} INFO - 	|       conf       | number| search|dwnlded|evicted|| number|dwnlded|
[2025-09-01 05:24:29,206] {subprocess.py:92} INFO - 	---------------------------------------------------------------------
[2025-09-01 05:24:29,206] {subprocess.py:92} INFO - 	|      default     |   12  |   0   |   0   |   0   ||   12  |   0   |
[2025-09-01 05:24:29,206] {subprocess.py:92} INFO - 	---------------------------------------------------------------------
[2025-09-01 05:24:29,211] {subprocess.py:92} INFO - :: retrieving :: org.apache.spark#spark-submit-parent-3694a3c4-0584-4083-a80e-afe23963b735
[2025-09-01 05:24:29,212] {subprocess.py:92} INFO - 	confs: [default]
[2025-09-01 05:24:29,217] {subprocess.py:92} INFO - 	0 artifacts copied, 12 already retrieved (0kB/6ms)
[2025-09-01 05:24:29,388] {subprocess.py:92} INFO - 25/09/01 05:24:29 WARN NativeCodeLoader: Unable to load native-hadoop library for your platform... using builtin-java classes where applicable
[2025-09-01 05:24:30,065] {subprocess.py:92} INFO - 25/09/01 05:24:30 INFO SparkContext: Running Spark version 3.3.1
[2025-09-01 05:24:30,078] {subprocess.py:92} INFO - 25/09/01 05:24:30 INFO ResourceUtils: ==============================================================
[2025-09-01 05:24:30,078] {subprocess.py:92} INFO - 25/09/01 05:24:30 INFO ResourceUtils: No custom resources configured for spark.driver.
[2025-09-01 05:24:30,079] {subprocess.py:92} INFO - 25/09/01 05:24:30 INFO ResourceUtils: ==============================================================
[2025-09-01 05:24:30,079] {subprocess.py:92} INFO - 25/09/01 05:24:30 INFO SparkContext: Submitted application: KafkaToHDFSWeather
[2025-09-01 05:24:30,097] {subprocess.py:92} INFO - 25/09/01 05:24:30 INFO ResourceProfile: Default ResourceProfile created, executor resources: Map(cores -> name: cores, amount: 1, script: , vendor: , memory -> name: memory, amount: 1024, script: , vendor: , offHeap -> name: offHeap, amount: 0, script: , vendor: ), task resources: Map(cpus -> name: cpus, amount: 1.0)
[2025-09-01 05:24:30,104] {subprocess.py:92} INFO - 25/09/01 05:24:30 INFO ResourceProfile: Limiting resource is cpu
[2025-09-01 05:24:30,105] {subprocess.py:92} INFO - 25/09/01 05:24:30 INFO ResourceProfileManager: Added ResourceProfile id: 0
[2025-09-01 05:24:30,139] {subprocess.py:92} INFO - 25/09/01 05:24:30 INFO SecurityManager: Changing view acls to: ***
[2025-09-01 05:24:30,139] {subprocess.py:92} INFO - 25/09/01 05:24:30 INFO SecurityManager: Changing modify acls to: ***
[2025-09-01 05:24:30,140] {subprocess.py:92} INFO - 25/09/01 05:24:30 INFO SecurityManager: Changing view acls groups to:
[2025-09-01 05:24:30,140] {subprocess.py:92} INFO - 25/09/01 05:24:30 INFO SecurityManager: Changing modify acls groups to:
[2025-09-01 05:24:30,140] {subprocess.py:92} INFO - 25/09/01 05:24:30 INFO SecurityManager: SecurityManager: authentication disabled; ui acls disabled; users  with view permissions: Set(***); groups with view permissions: Set(); users  with modify permissions: Set(***); groups with modify permissions: Set()
[2025-09-01 05:24:30,334] {subprocess.py:92} INFO - 25/09/01 05:24:30 INFO Utils: Successfully started service 'sparkDriver' on port 46297.
[2025-09-01 05:24:30,352] {subprocess.py:92} INFO - 25/09/01 05:24:30 INFO SparkEnv: Registering MapOutputTracker
[2025-09-01 05:24:30,382] {subprocess.py:92} INFO - 25/09/01 05:24:30 INFO SparkEnv: Registering BlockManagerMaster
[2025-09-01 05:24:30,402] {subprocess.py:92} INFO - 25/09/01 05:24:30 INFO BlockManagerMasterEndpoint: Using org.apache.spark.storage.DefaultTopologyMapper for getting topology information
[2025-09-01 05:24:30,402] {subprocess.py:92} INFO - 25/09/01 05:24:30 INFO BlockManagerMasterEndpoint: BlockManagerMasterEndpoint up
[2025-09-01 05:24:30,407] {subprocess.py:92} INFO - 25/09/01 05:24:30 INFO SparkEnv: Registering BlockManagerMasterHeartbeat
[2025-09-01 05:24:30,423] {subprocess.py:92} INFO - 25/09/01 05:24:30 INFO DiskBlockManager: Created local directory at /tmp/blockmgr-f692f3f0-0ed3-4c8b-9f89-b91b44ca6e3f
[2025-09-01 05:24:30,433] {subprocess.py:92} INFO - 25/09/01 05:24:30 INFO MemoryStore: MemoryStore started with capacity 434.4 MiB
[2025-09-01 05:24:30,442] {subprocess.py:92} INFO - 25/09/01 05:24:30 INFO SparkEnv: Registering OutputCommitCoordinator
[2025-09-01 05:24:30,566] {subprocess.py:92} INFO - 25/09/01 05:24:30 WARN Utils: Service 'SparkUI' could not bind on port 4040. Attempting port 4041.
[2025-09-01 05:24:30,566] {subprocess.py:92} INFO - 25/09/01 05:24:30 WARN Utils: Service 'SparkUI' could not bind on port 4041. Attempting port 4042.
[2025-09-01 05:24:30,566] {subprocess.py:92} INFO - 25/09/01 05:24:30 WARN Utils: Service 'SparkUI' could not bind on port 4042. Attempting port 4043.
[2025-09-01 05:24:30,574] {subprocess.py:92} INFO - 25/09/01 05:24:30 INFO Utils: Successfully started service 'SparkUI' on port 4043.
[2025-09-01 05:24:30,600] {subprocess.py:92} INFO - 25/09/01 05:24:30 INFO SparkContext: Added JAR file:///home/***/.ivy2/jars/org.apache.spark_spark-sql-kafka-0-10_2.12-3.3.1.jar at spark://e66737cfc193:46297/jars/org.apache.spark_spark-sql-kafka-0-10_2.12-3.3.1.jar with timestamp 1756704270060
[2025-09-01 05:24:30,600] {subprocess.py:92} INFO - 25/09/01 05:24:30 INFO SparkContext: Added JAR file:///home/***/.ivy2/jars/org.apache.spark_spark-token-provider-kafka-0-10_2.12-3.3.1.jar at spark://e66737cfc193:46297/jars/org.apache.spark_spark-token-provider-kafka-0-10_2.12-3.3.1.jar with timestamp 1756704270060
[2025-09-01 05:24:30,600] {subprocess.py:92} INFO - 25/09/01 05:24:30 INFO SparkContext: Added JAR file:///home/***/.ivy2/jars/org.apache.kafka_kafka-clients-2.8.1.jar at spark://e66737cfc193:46297/jars/org.apache.kafka_kafka-clients-2.8.1.jar with timestamp 1756704270060
[2025-09-01 05:24:30,600] {subprocess.py:92} INFO - 25/09/01 05:24:30 INFO SparkContext: Added JAR file:///home/***/.ivy2/jars/com.google.code.findbugs_jsr305-3.0.0.jar at spark://e66737cfc193:46297/jars/com.google.code.findbugs_jsr305-3.0.0.jar with timestamp 1756704270060
[2025-09-01 05:24:30,600] {subprocess.py:92} INFO - 25/09/01 05:24:30 INFO SparkContext: Added JAR file:///home/***/.ivy2/jars/org.apache.commons_commons-pool2-2.11.1.jar at spark://e66737cfc193:46297/jars/org.apache.commons_commons-pool2-2.11.1.jar with timestamp 1756704270060
[2025-09-01 05:24:30,600] {subprocess.py:92} INFO - 25/09/01 05:24:30 INFO SparkContext: Added JAR file:///home/***/.ivy2/jars/org.spark-project.spark_unused-1.0.0.jar at spark://e66737cfc193:46297/jars/org.spark-project.spark_unused-1.0.0.jar with timestamp 1756704270060
[2025-09-01 05:24:30,600] {subprocess.py:92} INFO - 25/09/01 05:24:30 INFO SparkContext: Added JAR file:///home/***/.ivy2/jars/org.apache.hadoop_hadoop-client-runtime-3.3.2.jar at spark://e66737cfc193:46297/jars/org.apache.hadoop_hadoop-client-runtime-3.3.2.jar with timestamp 1756704270060
[2025-09-01 05:24:30,600] {subprocess.py:92} INFO - 25/09/01 05:24:30 INFO SparkContext: Added JAR file:///home/***/.ivy2/jars/org.lz4_lz4-java-1.8.0.jar at spark://e66737cfc193:46297/jars/org.lz4_lz4-java-1.8.0.jar with timestamp 1756704270060
[2025-09-01 05:24:30,601] {subprocess.py:92} INFO - 25/09/01 05:24:30 INFO SparkContext: Added JAR file:///home/***/.ivy2/jars/org.xerial.snappy_snappy-java-1.1.8.4.jar at spark://e66737cfc193:46297/jars/org.xerial.snappy_snappy-java-1.1.8.4.jar with timestamp 1756704270060
[2025-09-01 05:24:30,601] {subprocess.py:92} INFO - 25/09/01 05:24:30 INFO SparkContext: Added JAR file:///home/***/.ivy2/jars/org.slf4j_slf4j-api-1.7.32.jar at spark://e66737cfc193:46297/jars/org.slf4j_slf4j-api-1.7.32.jar with timestamp 1756704270060
[2025-09-01 05:24:30,601] {subprocess.py:92} INFO - 25/09/01 05:24:30 INFO SparkContext: Added JAR file:///home/***/.ivy2/jars/org.apache.hadoop_hadoop-client-api-3.3.2.jar at spark://e66737cfc193:46297/jars/org.apache.hadoop_hadoop-client-api-3.3.2.jar with timestamp 1756704270060
[2025-09-01 05:24:30,601] {subprocess.py:92} INFO - 25/09/01 05:24:30 INFO SparkContext: Added JAR file:///home/***/.ivy2/jars/commons-logging_commons-logging-1.1.3.jar at spark://e66737cfc193:46297/jars/commons-logging_commons-logging-1.1.3.jar with timestamp 1756704270060
[2025-09-01 05:24:30,602] {subprocess.py:92} INFO - 25/09/01 05:24:30 INFO SparkContext: Added file file:///home/***/.ivy2/jars/org.apache.spark_spark-sql-kafka-0-10_2.12-3.3.1.jar at file:///home/***/.ivy2/jars/org.apache.spark_spark-sql-kafka-0-10_2.12-3.3.1.jar with timestamp 1756704270060
[2025-09-01 05:24:30,603] {subprocess.py:92} INFO - 25/09/01 05:24:30 INFO Utils: Copying /home/***/.ivy2/jars/org.apache.spark_spark-sql-kafka-0-10_2.12-3.3.1.jar to /tmp/spark-28e04c25-ed0e-4d63-817a-31f1353aae59/userFiles-171afae6-aca6-4b00-9748-2d8dc7dd8daa/org.apache.spark_spark-sql-kafka-0-10_2.12-3.3.1.jar
[2025-09-01 05:24:30,610] {subprocess.py:92} INFO - 25/09/01 05:24:30 INFO SparkContext: Added file file:///home/***/.ivy2/jars/org.apache.spark_spark-token-provider-kafka-0-10_2.12-3.3.1.jar at file:///home/***/.ivy2/jars/org.apache.spark_spark-token-provider-kafka-0-10_2.12-3.3.1.jar with timestamp 1756704270060
[2025-09-01 05:24:30,610] {subprocess.py:92} INFO - 25/09/01 05:24:30 INFO Utils: Copying /home/***/.ivy2/jars/org.apache.spark_spark-token-provider-kafka-0-10_2.12-3.3.1.jar to /tmp/spark-28e04c25-ed0e-4d63-817a-31f1353aae59/userFiles-171afae6-aca6-4b00-9748-2d8dc7dd8daa/org.apache.spark_spark-token-provider-kafka-0-10_2.12-3.3.1.jar
[2025-09-01 05:24:30,614] {subprocess.py:92} INFO - 25/09/01 05:24:30 INFO SparkContext: Added file file:///home/***/.ivy2/jars/org.apache.kafka_kafka-clients-2.8.1.jar at file:///home/***/.ivy2/jars/org.apache.kafka_kafka-clients-2.8.1.jar with timestamp 1756704270060
[2025-09-01 05:24:30,614] {subprocess.py:92} INFO - 25/09/01 05:24:30 INFO Utils: Copying /home/***/.ivy2/jars/org.apache.kafka_kafka-clients-2.8.1.jar to /tmp/spark-28e04c25-ed0e-4d63-817a-31f1353aae59/userFiles-171afae6-aca6-4b00-9748-2d8dc7dd8daa/org.apache.kafka_kafka-clients-2.8.1.jar
[2025-09-01 05:24:30,621] {subprocess.py:92} INFO - 25/09/01 05:24:30 INFO SparkContext: Added file file:///home/***/.ivy2/jars/com.google.code.findbugs_jsr305-3.0.0.jar at file:///home/***/.ivy2/jars/com.google.code.findbugs_jsr305-3.0.0.jar with timestamp 1756704270060
[2025-09-01 05:24:30,622] {subprocess.py:92} INFO - 25/09/01 05:24:30 INFO Utils: Copying /home/***/.ivy2/jars/com.google.code.findbugs_jsr305-3.0.0.jar to /tmp/spark-28e04c25-ed0e-4d63-817a-31f1353aae59/userFiles-171afae6-aca6-4b00-9748-2d8dc7dd8daa/com.google.code.findbugs_jsr305-3.0.0.jar
[2025-09-01 05:24:30,625] {subprocess.py:92} INFO - 25/09/01 05:24:30 INFO SparkContext: Added file file:///home/***/.ivy2/jars/org.apache.commons_commons-pool2-2.11.1.jar at file:///home/***/.ivy2/jars/org.apache.commons_commons-pool2-2.11.1.jar with timestamp 1756704270060
[2025-09-01 05:24:30,625] {subprocess.py:92} INFO - 25/09/01 05:24:30 INFO Utils: Copying /home/***/.ivy2/jars/org.apache.commons_commons-pool2-2.11.1.jar to /tmp/spark-28e04c25-ed0e-4d63-817a-31f1353aae59/userFiles-171afae6-aca6-4b00-9748-2d8dc7dd8daa/org.apache.commons_commons-pool2-2.11.1.jar
[2025-09-01 05:24:30,629] {subprocess.py:92} INFO - 25/09/01 05:24:30 INFO SparkContext: Added file file:///home/***/.ivy2/jars/org.spark-project.spark_unused-1.0.0.jar at file:///home/***/.ivy2/jars/org.spark-project.spark_unused-1.0.0.jar with timestamp 1756704270060
[2025-09-01 05:24:30,629] {subprocess.py:92} INFO - 25/09/01 05:24:30 INFO Utils: Copying /home/***/.ivy2/jars/org.spark-project.spark_unused-1.0.0.jar to /tmp/spark-28e04c25-ed0e-4d63-817a-31f1353aae59/userFiles-171afae6-aca6-4b00-9748-2d8dc7dd8daa/org.spark-project.spark_unused-1.0.0.jar
[2025-09-01 05:24:30,632] {subprocess.py:92} INFO - 25/09/01 05:24:30 INFO SparkContext: Added file file:///home/***/.ivy2/jars/org.apache.hadoop_hadoop-client-runtime-3.3.2.jar at file:///home/***/.ivy2/jars/org.apache.hadoop_hadoop-client-runtime-3.3.2.jar with timestamp 1756704270060
[2025-09-01 05:24:30,633] {subprocess.py:92} INFO - 25/09/01 05:24:30 INFO Utils: Copying /home/***/.ivy2/jars/org.apache.hadoop_hadoop-client-runtime-3.3.2.jar to /tmp/spark-28e04c25-ed0e-4d63-817a-31f1353aae59/userFiles-171afae6-aca6-4b00-9748-2d8dc7dd8daa/org.apache.hadoop_hadoop-client-runtime-3.3.2.jar
[2025-09-01 05:24:30,653] {subprocess.py:92} INFO - 25/09/01 05:24:30 INFO SparkContext: Added file file:///home/***/.ivy2/jars/org.lz4_lz4-java-1.8.0.jar at file:///home/***/.ivy2/jars/org.lz4_lz4-java-1.8.0.jar with timestamp 1756704270060
[2025-09-01 05:24:30,654] {subprocess.py:92} INFO - 25/09/01 05:24:30 INFO Utils: Copying /home/***/.ivy2/jars/org.lz4_lz4-java-1.8.0.jar to /tmp/spark-28e04c25-ed0e-4d63-817a-31f1353aae59/userFiles-171afae6-aca6-4b00-9748-2d8dc7dd8daa/org.lz4_lz4-java-1.8.0.jar
[2025-09-01 05:24:30,657] {subprocess.py:92} INFO - 25/09/01 05:24:30 INFO SparkContext: Added file file:///home/***/.ivy2/jars/org.xerial.snappy_snappy-java-1.1.8.4.jar at file:///home/***/.ivy2/jars/org.xerial.snappy_snappy-java-1.1.8.4.jar with timestamp 1756704270060
[2025-09-01 05:24:30,657] {subprocess.py:92} INFO - 25/09/01 05:24:30 INFO Utils: Copying /home/***/.ivy2/jars/org.xerial.snappy_snappy-java-1.1.8.4.jar to /tmp/spark-28e04c25-ed0e-4d63-817a-31f1353aae59/userFiles-171afae6-aca6-4b00-9748-2d8dc7dd8daa/org.xerial.snappy_snappy-java-1.1.8.4.jar
[2025-09-01 05:24:30,661] {subprocess.py:92} INFO - 25/09/01 05:24:30 INFO SparkContext: Added file file:///home/***/.ivy2/jars/org.slf4j_slf4j-api-1.7.32.jar at file:///home/***/.ivy2/jars/org.slf4j_slf4j-api-1.7.32.jar with timestamp 1756704270060
[2025-09-01 05:24:30,661] {subprocess.py:92} INFO - 25/09/01 05:24:30 INFO Utils: Copying /home/***/.ivy2/jars/org.slf4j_slf4j-api-1.7.32.jar to /tmp/spark-28e04c25-ed0e-4d63-817a-31f1353aae59/userFiles-171afae6-aca6-4b00-9748-2d8dc7dd8daa/org.slf4j_slf4j-api-1.7.32.jar
[2025-09-01 05:24:30,664] {subprocess.py:92} INFO - 25/09/01 05:24:30 INFO SparkContext: Added file file:///home/***/.ivy2/jars/org.apache.hadoop_hadoop-client-api-3.3.2.jar at file:///home/***/.ivy2/jars/org.apache.hadoop_hadoop-client-api-3.3.2.jar with timestamp 1756704270060
[2025-09-01 05:24:30,664] {subprocess.py:92} INFO - 25/09/01 05:24:30 INFO Utils: Copying /home/***/.ivy2/jars/org.apache.hadoop_hadoop-client-api-3.3.2.jar to /tmp/spark-28e04c25-ed0e-4d63-817a-31f1353aae59/userFiles-171afae6-aca6-4b00-9748-2d8dc7dd8daa/org.apache.hadoop_hadoop-client-api-3.3.2.jar
[2025-09-01 05:24:30,679] {subprocess.py:92} INFO - 25/09/01 05:24:30 INFO SparkContext: Added file file:///home/***/.ivy2/jars/commons-logging_commons-logging-1.1.3.jar at file:///home/***/.ivy2/jars/commons-logging_commons-logging-1.1.3.jar with timestamp 1756704270060
[2025-09-01 05:24:30,679] {subprocess.py:92} INFO - 25/09/01 05:24:30 INFO Utils: Copying /home/***/.ivy2/jars/commons-logging_commons-logging-1.1.3.jar to /tmp/spark-28e04c25-ed0e-4d63-817a-31f1353aae59/userFiles-171afae6-aca6-4b00-9748-2d8dc7dd8daa/commons-logging_commons-logging-1.1.3.jar
[2025-09-01 05:24:30,721] {subprocess.py:92} INFO - 25/09/01 05:24:30 INFO Executor: Starting executor ID driver on host e66737cfc193
[2025-09-01 05:24:30,725] {subprocess.py:92} INFO - 25/09/01 05:24:30 INFO Executor: Starting executor with user classpath (userClassPathFirst = false): ''
[2025-09-01 05:24:30,732] {subprocess.py:92} INFO - 25/09/01 05:24:30 INFO Executor: Fetching file:///home/***/.ivy2/jars/commons-logging_commons-logging-1.1.3.jar with timestamp 1756704270060
[2025-09-01 05:24:30,742] {subprocess.py:92} INFO - 25/09/01 05:24:30 INFO Utils: /home/***/.ivy2/jars/commons-logging_commons-logging-1.1.3.jar has been previously copied to /tmp/spark-28e04c25-ed0e-4d63-817a-31f1353aae59/userFiles-171afae6-aca6-4b00-9748-2d8dc7dd8daa/commons-logging_commons-logging-1.1.3.jar
[2025-09-01 05:24:30,745] {subprocess.py:92} INFO - 25/09/01 05:24:30 INFO Executor: Fetching file:///home/***/.ivy2/jars/org.spark-project.spark_unused-1.0.0.jar with timestamp 1756704270060
[2025-09-01 05:24:30,745] {subprocess.py:92} INFO - 25/09/01 05:24:30 INFO Utils: /home/***/.ivy2/jars/org.spark-project.spark_unused-1.0.0.jar has been previously copied to /tmp/spark-28e04c25-ed0e-4d63-817a-31f1353aae59/userFiles-171afae6-aca6-4b00-9748-2d8dc7dd8daa/org.spark-project.spark_unused-1.0.0.jar
[2025-09-01 05:24:30,748] {subprocess.py:92} INFO - 25/09/01 05:24:30 INFO Executor: Fetching file:///home/***/.ivy2/jars/org.apache.spark_spark-sql-kafka-0-10_2.12-3.3.1.jar with timestamp 1756704270060
[2025-09-01 05:24:30,751] {subprocess.py:92} INFO - 25/09/01 05:24:30 INFO Utils: /home/***/.ivy2/jars/org.apache.spark_spark-sql-kafka-0-10_2.12-3.3.1.jar has been previously copied to /tmp/spark-28e04c25-ed0e-4d63-817a-31f1353aae59/userFiles-171afae6-aca6-4b00-9748-2d8dc7dd8daa/org.apache.spark_spark-sql-kafka-0-10_2.12-3.3.1.jar
[2025-09-01 05:24:30,753] {subprocess.py:92} INFO - 25/09/01 05:24:30 INFO Executor: Fetching file:///home/***/.ivy2/jars/org.apache.hadoop_hadoop-client-api-3.3.2.jar with timestamp 1756704270060
[2025-09-01 05:24:30,763] {subprocess.py:92} INFO - 25/09/01 05:24:30 INFO Utils: /home/***/.ivy2/jars/org.apache.hadoop_hadoop-client-api-3.3.2.jar has been previously copied to /tmp/spark-28e04c25-ed0e-4d63-817a-31f1353aae59/userFiles-171afae6-aca6-4b00-9748-2d8dc7dd8daa/org.apache.hadoop_hadoop-client-api-3.3.2.jar
[2025-09-01 05:24:30,765] {subprocess.py:92} INFO - 25/09/01 05:24:30 INFO Executor: Fetching file:///home/***/.ivy2/jars/org.apache.hadoop_hadoop-client-runtime-3.3.2.jar with timestamp 1756704270060
[2025-09-01 05:24:30,780] {subprocess.py:92} INFO - 25/09/01 05:24:30 INFO Utils: /home/***/.ivy2/jars/org.apache.hadoop_hadoop-client-runtime-3.3.2.jar has been previously copied to /tmp/spark-28e04c25-ed0e-4d63-817a-31f1353aae59/userFiles-171afae6-aca6-4b00-9748-2d8dc7dd8daa/org.apache.hadoop_hadoop-client-runtime-3.3.2.jar
[2025-09-01 05:24:30,784] {subprocess.py:92} INFO - 25/09/01 05:24:30 INFO Executor: Fetching file:///home/***/.ivy2/jars/org.slf4j_slf4j-api-1.7.32.jar with timestamp 1756704270060
[2025-09-01 05:24:30,784] {subprocess.py:92} INFO - 25/09/01 05:24:30 INFO Utils: /home/***/.ivy2/jars/org.slf4j_slf4j-api-1.7.32.jar has been previously copied to /tmp/spark-28e04c25-ed0e-4d63-817a-31f1353aae59/userFiles-171afae6-aca6-4b00-9748-2d8dc7dd8daa/org.slf4j_slf4j-api-1.7.32.jar
[2025-09-01 05:24:30,788] {subprocess.py:92} INFO - 25/09/01 05:24:30 INFO Executor: Fetching file:///home/***/.ivy2/jars/org.lz4_lz4-java-1.8.0.jar with timestamp 1756704270060
[2025-09-01 05:24:30,789] {subprocess.py:92} INFO - 25/09/01 05:24:30 INFO Utils: /home/***/.ivy2/jars/org.lz4_lz4-java-1.8.0.jar has been previously copied to /tmp/spark-28e04c25-ed0e-4d63-817a-31f1353aae59/userFiles-171afae6-aca6-4b00-9748-2d8dc7dd8daa/org.lz4_lz4-java-1.8.0.jar
[2025-09-01 05:24:30,794] {subprocess.py:92} INFO - 25/09/01 05:24:30 INFO Executor: Fetching file:///home/***/.ivy2/jars/org.apache.commons_commons-pool2-2.11.1.jar with timestamp 1756704270060
[2025-09-01 05:24:30,794] {subprocess.py:92} INFO - 25/09/01 05:24:30 INFO Utils: /home/***/.ivy2/jars/org.apache.commons_commons-pool2-2.11.1.jar has been previously copied to /tmp/spark-28e04c25-ed0e-4d63-817a-31f1353aae59/userFiles-171afae6-aca6-4b00-9748-2d8dc7dd8daa/org.apache.commons_commons-pool2-2.11.1.jar
[2025-09-01 05:24:30,798] {subprocess.py:92} INFO - 25/09/01 05:24:30 INFO Executor: Fetching file:///home/***/.ivy2/jars/com.google.code.findbugs_jsr305-3.0.0.jar with timestamp 1756704270060
[2025-09-01 05:24:30,799] {subprocess.py:92} INFO - 25/09/01 05:24:30 INFO Utils: /home/***/.ivy2/jars/com.google.code.findbugs_jsr305-3.0.0.jar has been previously copied to /tmp/spark-28e04c25-ed0e-4d63-817a-31f1353aae59/userFiles-171afae6-aca6-4b00-9748-2d8dc7dd8daa/com.google.code.findbugs_jsr305-3.0.0.jar
[2025-09-01 05:24:30,803] {subprocess.py:92} INFO - 25/09/01 05:24:30 INFO Executor: Fetching file:///home/***/.ivy2/jars/org.apache.spark_spark-token-provider-kafka-0-10_2.12-3.3.1.jar with timestamp 1756704270060
[2025-09-01 05:24:30,803] {subprocess.py:92} INFO - 25/09/01 05:24:30 INFO Utils: /home/***/.ivy2/jars/org.apache.spark_spark-token-provider-kafka-0-10_2.12-3.3.1.jar has been previously copied to /tmp/spark-28e04c25-ed0e-4d63-817a-31f1353aae59/userFiles-171afae6-aca6-4b00-9748-2d8dc7dd8daa/org.apache.spark_spark-token-provider-kafka-0-10_2.12-3.3.1.jar
[2025-09-01 05:24:30,807] {subprocess.py:92} INFO - 25/09/01 05:24:30 INFO Executor: Fetching file:///home/***/.ivy2/jars/org.apache.kafka_kafka-clients-2.8.1.jar with timestamp 1756704270060
[2025-09-01 05:24:30,811] {subprocess.py:92} INFO - 25/09/01 05:24:30 INFO Utils: /home/***/.ivy2/jars/org.apache.kafka_kafka-clients-2.8.1.jar has been previously copied to /tmp/spark-28e04c25-ed0e-4d63-817a-31f1353aae59/userFiles-171afae6-aca6-4b00-9748-2d8dc7dd8daa/org.apache.kafka_kafka-clients-2.8.1.jar
[2025-09-01 05:24:30,815] {subprocess.py:92} INFO - 25/09/01 05:24:30 INFO Executor: Fetching file:///home/***/.ivy2/jars/org.xerial.snappy_snappy-java-1.1.8.4.jar with timestamp 1756704270060
[2025-09-01 05:24:30,817] {subprocess.py:92} INFO - 25/09/01 05:24:30 INFO Utils: /home/***/.ivy2/jars/org.xerial.snappy_snappy-java-1.1.8.4.jar has been previously copied to /tmp/spark-28e04c25-ed0e-4d63-817a-31f1353aae59/userFiles-171afae6-aca6-4b00-9748-2d8dc7dd8daa/org.xerial.snappy_snappy-java-1.1.8.4.jar
[2025-09-01 05:24:30,822] {subprocess.py:92} INFO - 25/09/01 05:24:30 INFO Executor: Fetching spark://e66737cfc193:46297/jars/org.apache.hadoop_hadoop-client-runtime-3.3.2.jar with timestamp 1756704270060
[2025-09-01 05:24:30,886] {subprocess.py:92} INFO - 25/09/01 05:24:30 INFO TransportClientFactory: Successfully created connection to e66737cfc193/172.20.0.18:46297 after 51 ms (0 ms spent in bootstraps)
[2025-09-01 05:24:30,898] {subprocess.py:92} INFO - 25/09/01 05:24:30 INFO Utils: Fetching spark://e66737cfc193:46297/jars/org.apache.hadoop_hadoop-client-runtime-3.3.2.jar to /tmp/spark-28e04c25-ed0e-4d63-817a-31f1353aae59/userFiles-171afae6-aca6-4b00-9748-2d8dc7dd8daa/fetchFileTemp187766795047666160.tmp
[2025-09-01 05:24:30,984] {subprocess.py:92} INFO - 25/09/01 05:24:30 INFO Utils: /tmp/spark-28e04c25-ed0e-4d63-817a-31f1353aae59/userFiles-171afae6-aca6-4b00-9748-2d8dc7dd8daa/fetchFileTemp187766795047666160.tmp has been previously copied to /tmp/spark-28e04c25-ed0e-4d63-817a-31f1353aae59/userFiles-171afae6-aca6-4b00-9748-2d8dc7dd8daa/org.apache.hadoop_hadoop-client-runtime-3.3.2.jar
[2025-09-01 05:24:30,989] {subprocess.py:92} INFO - 25/09/01 05:24:30 INFO Executor: Adding file:/tmp/spark-28e04c25-ed0e-4d63-817a-31f1353aae59/userFiles-171afae6-aca6-4b00-9748-2d8dc7dd8daa/org.apache.hadoop_hadoop-client-runtime-3.3.2.jar to class loader
[2025-09-01 05:24:30,990] {subprocess.py:92} INFO - 25/09/01 05:24:30 INFO Executor: Fetching spark://e66737cfc193:46297/jars/org.spark-project.spark_unused-1.0.0.jar with timestamp 1756704270060
[2025-09-01 05:24:30,990] {subprocess.py:92} INFO - 25/09/01 05:24:30 INFO Utils: Fetching spark://e66737cfc193:46297/jars/org.spark-project.spark_unused-1.0.0.jar to /tmp/spark-28e04c25-ed0e-4d63-817a-31f1353aae59/userFiles-171afae6-aca6-4b00-9748-2d8dc7dd8daa/fetchFileTemp12138186646585270049.tmp
[2025-09-01 05:24:30,991] {subprocess.py:92} INFO - 25/09/01 05:24:30 INFO Utils: /tmp/spark-28e04c25-ed0e-4d63-817a-31f1353aae59/userFiles-171afae6-aca6-4b00-9748-2d8dc7dd8daa/fetchFileTemp12138186646585270049.tmp has been previously copied to /tmp/spark-28e04c25-ed0e-4d63-817a-31f1353aae59/userFiles-171afae6-aca6-4b00-9748-2d8dc7dd8daa/org.spark-project.spark_unused-1.0.0.jar
[2025-09-01 05:24:30,995] {subprocess.py:92} INFO - 25/09/01 05:24:30 INFO Executor: Adding file:/tmp/spark-28e04c25-ed0e-4d63-817a-31f1353aae59/userFiles-171afae6-aca6-4b00-9748-2d8dc7dd8daa/org.spark-project.spark_unused-1.0.0.jar to class loader
[2025-09-01 05:24:30,995] {subprocess.py:92} INFO - 25/09/01 05:24:30 INFO Executor: Fetching spark://e66737cfc193:46297/jars/org.apache.spark_spark-token-provider-kafka-0-10_2.12-3.3.1.jar with timestamp 1756704270060
[2025-09-01 05:24:30,995] {subprocess.py:92} INFO - 25/09/01 05:24:30 INFO Utils: Fetching spark://e66737cfc193:46297/jars/org.apache.spark_spark-token-provider-kafka-0-10_2.12-3.3.1.jar to /tmp/spark-28e04c25-ed0e-4d63-817a-31f1353aae59/userFiles-171afae6-aca6-4b00-9748-2d8dc7dd8daa/fetchFileTemp6720202480524942501.tmp
[2025-09-01 05:24:30,997] {subprocess.py:92} INFO - 25/09/01 05:24:30 INFO Utils: /tmp/spark-28e04c25-ed0e-4d63-817a-31f1353aae59/userFiles-171afae6-aca6-4b00-9748-2d8dc7dd8daa/fetchFileTemp6720202480524942501.tmp has been previously copied to /tmp/spark-28e04c25-ed0e-4d63-817a-31f1353aae59/userFiles-171afae6-aca6-4b00-9748-2d8dc7dd8daa/org.apache.spark_spark-token-provider-kafka-0-10_2.12-3.3.1.jar
[2025-09-01 05:24:31,000] {subprocess.py:92} INFO - 25/09/01 05:24:31 INFO Executor: Adding file:/tmp/spark-28e04c25-ed0e-4d63-817a-31f1353aae59/userFiles-171afae6-aca6-4b00-9748-2d8dc7dd8daa/org.apache.spark_spark-token-provider-kafka-0-10_2.12-3.3.1.jar to class loader
[2025-09-01 05:24:31,000] {subprocess.py:92} INFO - 25/09/01 05:24:31 INFO Executor: Fetching spark://e66737cfc193:46297/jars/com.google.code.findbugs_jsr305-3.0.0.jar with timestamp 1756704270060
[2025-09-01 05:24:31,000] {subprocess.py:92} INFO - 25/09/01 05:24:31 INFO Utils: Fetching spark://e66737cfc193:46297/jars/com.google.code.findbugs_jsr305-3.0.0.jar to /tmp/spark-28e04c25-ed0e-4d63-817a-31f1353aae59/userFiles-171afae6-aca6-4b00-9748-2d8dc7dd8daa/fetchFileTemp15838911593631643306.tmp
[2025-09-01 05:24:31,002] {subprocess.py:92} INFO - 25/09/01 05:24:31 INFO Utils: /tmp/spark-28e04c25-ed0e-4d63-817a-31f1353aae59/userFiles-171afae6-aca6-4b00-9748-2d8dc7dd8daa/fetchFileTemp15838911593631643306.tmp has been previously copied to /tmp/spark-28e04c25-ed0e-4d63-817a-31f1353aae59/userFiles-171afae6-aca6-4b00-9748-2d8dc7dd8daa/com.google.code.findbugs_jsr305-3.0.0.jar
[2025-09-01 05:24:31,005] {subprocess.py:92} INFO - 25/09/01 05:24:31 INFO Executor: Adding file:/tmp/spark-28e04c25-ed0e-4d63-817a-31f1353aae59/userFiles-171afae6-aca6-4b00-9748-2d8dc7dd8daa/com.google.code.findbugs_jsr305-3.0.0.jar to class loader
[2025-09-01 05:24:31,006] {subprocess.py:92} INFO - 25/09/01 05:24:31 INFO Executor: Fetching spark://e66737cfc193:46297/jars/org.apache.commons_commons-pool2-2.11.1.jar with timestamp 1756704270060
[2025-09-01 05:24:31,006] {subprocess.py:92} INFO - 25/09/01 05:24:31 INFO Utils: Fetching spark://e66737cfc193:46297/jars/org.apache.commons_commons-pool2-2.11.1.jar to /tmp/spark-28e04c25-ed0e-4d63-817a-31f1353aae59/userFiles-171afae6-aca6-4b00-9748-2d8dc7dd8daa/fetchFileTemp9717354191717609778.tmp
[2025-09-01 05:24:31,008] {subprocess.py:92} INFO - 25/09/01 05:24:31 INFO Utils: /tmp/spark-28e04c25-ed0e-4d63-817a-31f1353aae59/userFiles-171afae6-aca6-4b00-9748-2d8dc7dd8daa/fetchFileTemp9717354191717609778.tmp has been previously copied to /tmp/spark-28e04c25-ed0e-4d63-817a-31f1353aae59/userFiles-171afae6-aca6-4b00-9748-2d8dc7dd8daa/org.apache.commons_commons-pool2-2.11.1.jar
[2025-09-01 05:24:31,013] {subprocess.py:92} INFO - 25/09/01 05:24:31 INFO Executor: Adding file:/tmp/spark-28e04c25-ed0e-4d63-817a-31f1353aae59/userFiles-171afae6-aca6-4b00-9748-2d8dc7dd8daa/org.apache.commons_commons-pool2-2.11.1.jar to class loader
[2025-09-01 05:24:31,013] {subprocess.py:92} INFO - 25/09/01 05:24:31 INFO Executor: Fetching spark://e66737cfc193:46297/jars/org.xerial.snappy_snappy-java-1.1.8.4.jar with timestamp 1756704270060
[2025-09-01 05:24:31,014] {subprocess.py:92} INFO - 25/09/01 05:24:31 INFO Utils: Fetching spark://e66737cfc193:46297/jars/org.xerial.snappy_snappy-java-1.1.8.4.jar to /tmp/spark-28e04c25-ed0e-4d63-817a-31f1353aae59/userFiles-171afae6-aca6-4b00-9748-2d8dc7dd8daa/fetchFileTemp16201114982177278898.tmp
[2025-09-01 05:24:31,023] {subprocess.py:92} INFO - 25/09/01 05:24:31 INFO Utils: /tmp/spark-28e04c25-ed0e-4d63-817a-31f1353aae59/userFiles-171afae6-aca6-4b00-9748-2d8dc7dd8daa/fetchFileTemp16201114982177278898.tmp has been previously copied to /tmp/spark-28e04c25-ed0e-4d63-817a-31f1353aae59/userFiles-171afae6-aca6-4b00-9748-2d8dc7dd8daa/org.xerial.snappy_snappy-java-1.1.8.4.jar
[2025-09-01 05:24:31,028] {subprocess.py:92} INFO - 25/09/01 05:24:31 INFO Executor: Adding file:/tmp/spark-28e04c25-ed0e-4d63-817a-31f1353aae59/userFiles-171afae6-aca6-4b00-9748-2d8dc7dd8daa/org.xerial.snappy_snappy-java-1.1.8.4.jar to class loader
[2025-09-01 05:24:31,028] {subprocess.py:92} INFO - 25/09/01 05:24:31 INFO Executor: Fetching spark://e66737cfc193:46297/jars/org.apache.hadoop_hadoop-client-api-3.3.2.jar with timestamp 1756704270060
[2025-09-01 05:24:31,029] {subprocess.py:92} INFO - 25/09/01 05:24:31 INFO Utils: Fetching spark://e66737cfc193:46297/jars/org.apache.hadoop_hadoop-client-api-3.3.2.jar to /tmp/spark-28e04c25-ed0e-4d63-817a-31f1353aae59/userFiles-171afae6-aca6-4b00-9748-2d8dc7dd8daa/fetchFileTemp5831506117857772579.tmp
[2025-09-01 05:24:31,092] {subprocess.py:92} INFO - 25/09/01 05:24:31 INFO Utils: /tmp/spark-28e04c25-ed0e-4d63-817a-31f1353aae59/userFiles-171afae6-aca6-4b00-9748-2d8dc7dd8daa/fetchFileTemp5831506117857772579.tmp has been previously copied to /tmp/spark-28e04c25-ed0e-4d63-817a-31f1353aae59/userFiles-171afae6-aca6-4b00-9748-2d8dc7dd8daa/org.apache.hadoop_hadoop-client-api-3.3.2.jar
[2025-09-01 05:24:31,099] {subprocess.py:92} INFO - 25/09/01 05:24:31 INFO Executor: Adding file:/tmp/spark-28e04c25-ed0e-4d63-817a-31f1353aae59/userFiles-171afae6-aca6-4b00-9748-2d8dc7dd8daa/org.apache.hadoop_hadoop-client-api-3.3.2.jar to class loader
[2025-09-01 05:24:31,099] {subprocess.py:92} INFO - 25/09/01 05:24:31 INFO Executor: Fetching spark://e66737cfc193:46297/jars/org.lz4_lz4-java-1.8.0.jar with timestamp 1756704270060
[2025-09-01 05:24:31,100] {subprocess.py:92} INFO - 25/09/01 05:24:31 INFO Utils: Fetching spark://e66737cfc193:46297/jars/org.lz4_lz4-java-1.8.0.jar to /tmp/spark-28e04c25-ed0e-4d63-817a-31f1353aae59/userFiles-171afae6-aca6-4b00-9748-2d8dc7dd8daa/fetchFileTemp16425204301574023635.tmp
[2025-09-01 05:24:31,103] {subprocess.py:92} INFO - 25/09/01 05:24:31 INFO Utils: /tmp/spark-28e04c25-ed0e-4d63-817a-31f1353aae59/userFiles-171afae6-aca6-4b00-9748-2d8dc7dd8daa/fetchFileTemp16425204301574023635.tmp has been previously copied to /tmp/spark-28e04c25-ed0e-4d63-817a-31f1353aae59/userFiles-171afae6-aca6-4b00-9748-2d8dc7dd8daa/org.lz4_lz4-java-1.8.0.jar
[2025-09-01 05:24:31,107] {subprocess.py:92} INFO - 25/09/01 05:24:31 INFO Executor: Adding file:/tmp/spark-28e04c25-ed0e-4d63-817a-31f1353aae59/userFiles-171afae6-aca6-4b00-9748-2d8dc7dd8daa/org.lz4_lz4-java-1.8.0.jar to class loader
[2025-09-01 05:24:31,107] {subprocess.py:92} INFO - 25/09/01 05:24:31 INFO Executor: Fetching spark://e66737cfc193:46297/jars/commons-logging_commons-logging-1.1.3.jar with timestamp 1756704270060
[2025-09-01 05:24:31,108] {subprocess.py:92} INFO - 25/09/01 05:24:31 INFO Utils: Fetching spark://e66737cfc193:46297/jars/commons-logging_commons-logging-1.1.3.jar to /tmp/spark-28e04c25-ed0e-4d63-817a-31f1353aae59/userFiles-171afae6-aca6-4b00-9748-2d8dc7dd8daa/fetchFileTemp17105883683562417541.tmp
[2025-09-01 05:24:31,109] {subprocess.py:92} INFO - 25/09/01 05:24:31 INFO Utils: /tmp/spark-28e04c25-ed0e-4d63-817a-31f1353aae59/userFiles-171afae6-aca6-4b00-9748-2d8dc7dd8daa/fetchFileTemp17105883683562417541.tmp has been previously copied to /tmp/spark-28e04c25-ed0e-4d63-817a-31f1353aae59/userFiles-171afae6-aca6-4b00-9748-2d8dc7dd8daa/commons-logging_commons-logging-1.1.3.jar
[2025-09-01 05:24:31,112] {subprocess.py:92} INFO - 25/09/01 05:24:31 INFO Executor: Adding file:/tmp/spark-28e04c25-ed0e-4d63-817a-31f1353aae59/userFiles-171afae6-aca6-4b00-9748-2d8dc7dd8daa/commons-logging_commons-logging-1.1.3.jar to class loader
[2025-09-01 05:24:31,112] {subprocess.py:92} INFO - 25/09/01 05:24:31 INFO Executor: Fetching spark://e66737cfc193:46297/jars/org.apache.kafka_kafka-clients-2.8.1.jar with timestamp 1756704270060
[2025-09-01 05:24:31,113] {subprocess.py:92} INFO - 25/09/01 05:24:31 INFO Utils: Fetching spark://e66737cfc193:46297/jars/org.apache.kafka_kafka-clients-2.8.1.jar to /tmp/spark-28e04c25-ed0e-4d63-817a-31f1353aae59/userFiles-171afae6-aca6-4b00-9748-2d8dc7dd8daa/fetchFileTemp10259040627571238772.tmp
[2025-09-01 05:24:31,126] {subprocess.py:92} INFO - 25/09/01 05:24:31 INFO Utils: /tmp/spark-28e04c25-ed0e-4d63-817a-31f1353aae59/userFiles-171afae6-aca6-4b00-9748-2d8dc7dd8daa/fetchFileTemp10259040627571238772.tmp has been previously copied to /tmp/spark-28e04c25-ed0e-4d63-817a-31f1353aae59/userFiles-171afae6-aca6-4b00-9748-2d8dc7dd8daa/org.apache.kafka_kafka-clients-2.8.1.jar
[2025-09-01 05:24:31,130] {subprocess.py:92} INFO - 25/09/01 05:24:31 INFO Executor: Adding file:/tmp/spark-28e04c25-ed0e-4d63-817a-31f1353aae59/userFiles-171afae6-aca6-4b00-9748-2d8dc7dd8daa/org.apache.kafka_kafka-clients-2.8.1.jar to class loader
[2025-09-01 05:24:31,130] {subprocess.py:92} INFO - 25/09/01 05:24:31 INFO Executor: Fetching spark://e66737cfc193:46297/jars/org.apache.spark_spark-sql-kafka-0-10_2.12-3.3.1.jar with timestamp 1756704270060
[2025-09-01 05:24:31,130] {subprocess.py:92} INFO - 25/09/01 05:24:31 INFO Utils: Fetching spark://e66737cfc193:46297/jars/org.apache.spark_spark-sql-kafka-0-10_2.12-3.3.1.jar to /tmp/spark-28e04c25-ed0e-4d63-817a-31f1353aae59/userFiles-171afae6-aca6-4b00-9748-2d8dc7dd8daa/fetchFileTemp11477935738199964232.tmp
[2025-09-01 05:24:31,133] {subprocess.py:92} INFO - 25/09/01 05:24:31 INFO Utils: /tmp/spark-28e04c25-ed0e-4d63-817a-31f1353aae59/userFiles-171afae6-aca6-4b00-9748-2d8dc7dd8daa/fetchFileTemp11477935738199964232.tmp has been previously copied to /tmp/spark-28e04c25-ed0e-4d63-817a-31f1353aae59/userFiles-171afae6-aca6-4b00-9748-2d8dc7dd8daa/org.apache.spark_spark-sql-kafka-0-10_2.12-3.3.1.jar
[2025-09-01 05:24:31,136] {subprocess.py:92} INFO - 25/09/01 05:24:31 INFO Executor: Adding file:/tmp/spark-28e04c25-ed0e-4d63-817a-31f1353aae59/userFiles-171afae6-aca6-4b00-9748-2d8dc7dd8daa/org.apache.spark_spark-sql-kafka-0-10_2.12-3.3.1.jar to class loader
[2025-09-01 05:24:31,136] {subprocess.py:92} INFO - 25/09/01 05:24:31 INFO Executor: Fetching spark://e66737cfc193:46297/jars/org.slf4j_slf4j-api-1.7.32.jar with timestamp 1756704270060
[2025-09-01 05:24:31,137] {subprocess.py:92} INFO - 25/09/01 05:24:31 INFO Utils: Fetching spark://e66737cfc193:46297/jars/org.slf4j_slf4j-api-1.7.32.jar to /tmp/spark-28e04c25-ed0e-4d63-817a-31f1353aae59/userFiles-171afae6-aca6-4b00-9748-2d8dc7dd8daa/fetchFileTemp15173469449580250003.tmp
[2025-09-01 05:24:31,138] {subprocess.py:92} INFO - 25/09/01 05:24:31 INFO Utils: /tmp/spark-28e04c25-ed0e-4d63-817a-31f1353aae59/userFiles-171afae6-aca6-4b00-9748-2d8dc7dd8daa/fetchFileTemp15173469449580250003.tmp has been previously copied to /tmp/spark-28e04c25-ed0e-4d63-817a-31f1353aae59/userFiles-171afae6-aca6-4b00-9748-2d8dc7dd8daa/org.slf4j_slf4j-api-1.7.32.jar
[2025-09-01 05:24:31,141] {subprocess.py:92} INFO - 25/09/01 05:24:31 INFO Executor: Adding file:/tmp/spark-28e04c25-ed0e-4d63-817a-31f1353aae59/userFiles-171afae6-aca6-4b00-9748-2d8dc7dd8daa/org.slf4j_slf4j-api-1.7.32.jar to class loader
[2025-09-01 05:24:31,146] {subprocess.py:92} INFO - 25/09/01 05:24:31 INFO Utils: Successfully started service 'org.apache.spark.network.netty.NettyBlockTransferService' on port 37029.
[2025-09-01 05:24:31,146] {subprocess.py:92} INFO - 25/09/01 05:24:31 INFO NettyBlockTransferService: Server created on e66737cfc193:37029
[2025-09-01 05:24:31,147] {subprocess.py:92} INFO - 25/09/01 05:24:31 INFO BlockManager: Using org.apache.spark.storage.RandomBlockReplicationPolicy for block replication policy
[2025-09-01 05:24:31,154] {subprocess.py:92} INFO - 25/09/01 05:24:31 INFO BlockManagerMaster: Registering BlockManager BlockManagerId(driver, e66737cfc193, 37029, None)
[2025-09-01 05:24:31,156] {subprocess.py:92} INFO - 25/09/01 05:24:31 INFO BlockManagerMasterEndpoint: Registering block manager e66737cfc193:37029 with 434.4 MiB RAM, BlockManagerId(driver, e66737cfc193, 37029, None)
[2025-09-01 05:24:31,158] {subprocess.py:92} INFO - 25/09/01 05:24:31 INFO BlockManagerMaster: Registered BlockManager BlockManagerId(driver, e66737cfc193, 37029, None)
[2025-09-01 05:24:31,159] {subprocess.py:92} INFO - 25/09/01 05:24:31 INFO BlockManager: Initialized BlockManager: BlockManagerId(driver, e66737cfc193, 37029, None)
[2025-09-01 05:24:31,463] {subprocess.py:92} INFO - Connexion à Kafka...
[2025-09-01 05:24:32,736] {subprocess.py:92} INFO - Connexion Kafka réussie (kafka:9092)
[2025-09-01 05:24:32,736] {subprocess.py:92} INFO - Transformation des données JSON...
[2025-09-01 05:24:32,944] {subprocess.py:92} INFO - Démarrage du streaming vers HDFS...
[2025-09-01 05:24:33,401] {subprocess.py:92} INFO - Streaming actif - Données météo sauvegardées dans HDFS:/data/weather
[2025-09-01 08:18:49,524] {local_task_job.py:221} WARNING - State of this instance has been externally set to up_for_retry. Terminating instance.
[2025-09-01 08:18:49,528] {process_utils.py:129} INFO - Sending Signals.SIGTERM to group 9446. PIDs of all processes in the group: [9447, 9498, 9446]
[2025-09-01 08:18:49,529] {process_utils.py:80} INFO - Sending the signal Signals.SIGTERM to group 9446
[2025-09-01 08:18:49,529] {taskinstance.py:1541} ERROR - Received SIGTERM. Terminating subprocesses.
[2025-09-01 08:18:49,530] {subprocess.py:103} INFO - Sending SIGTERM signal to process group
[2025-09-01 08:18:49,560] {taskinstance.py:1889} ERROR - Task failed with exception
Traceback (most recent call last):
  File "/home/airflow/.local/lib/python3.7/site-packages/airflow/operators/bash.py", line 189, in execute
    cwd=self.cwd,
  File "/home/airflow/.local/lib/python3.7/site-packages/airflow/hooks/subprocess.py", line 90, in run_command
    for raw_line in iter(self.sub_process.stdout.readline, b''):
  File "/home/airflow/.local/lib/python3.7/site-packages/airflow/models/taskinstance.py", line 1543, in signal_handler
    raise AirflowException("Task received SIGTERM signal")
airflow.exceptions.AirflowException: Task received SIGTERM signal
[2025-09-01 08:18:49,566] {taskinstance.py:1400} INFO - Marking task as FAILED. dag_id=send_weather_to_kafka, task_id=stream_hdfs, execution_date=20250901T045053, start_date=20250901T052427, end_date=20250901T081849
[2025-09-01 08:18:49,592] {standard_task_runner.py:97} ERROR - Failed to execute job 475 for task stream_hdfs (Task received SIGTERM signal; 9446)
[2025-09-01 08:18:49,621] {process_utils.py:75} INFO - Process psutil.Process(pid=9446, status='terminated', exitcode=1, started='05:24:26') (9446) terminated with exit code 1
[2025-09-01 08:18:49,622] {process_utils.py:75} INFO - Process psutil.Process(pid=9498, status='terminated', started='05:24:28') (9498) terminated with exit code None
[2025-09-01 08:18:49,876] {process_utils.py:75} INFO - Process psutil.Process(pid=9447, status='terminated', started='05:24:26') (9447) terminated with exit code None
