[2025-08-31 23:32:41,427] {taskinstance.py:1159} INFO - Dependencies all met for <TaskInstance: send_weather_to_kafka.verify_pipeline scheduled__2025-08-29T21:42:32.013199+00:00 [queued]>
[2025-08-31 23:32:41,454] {taskinstance.py:1159} INFO - Dependencies all met for <TaskInstance: send_weather_to_kafka.verify_pipeline scheduled__2025-08-29T21:42:32.013199+00:00 [queued]>
[2025-08-31 23:32:41,455] {taskinstance.py:1356} INFO - 
--------------------------------------------------------------------------------
[2025-08-31 23:32:41,456] {taskinstance.py:1357} INFO - Starting attempt 1 of 2
[2025-08-31 23:32:41,457] {taskinstance.py:1358} INFO - 
--------------------------------------------------------------------------------
[2025-08-31 23:32:41,499] {taskinstance.py:1377} INFO - Executing <Task(BashOperator): verify_pipeline> on 2025-08-29 21:42:32.013199+00:00
[2025-08-31 23:32:41,510] {standard_task_runner.py:52} INFO - Started process 280 to run task
[2025-08-31 23:32:41,517] {standard_task_runner.py:79} INFO - Running: ['***', 'tasks', 'run', 'send_weather_to_kafka', 'verify_pipeline', 'scheduled__2025-08-29T21:42:32.013199+00:00', '--job-id', '383', '--raw', '--subdir', 'DAGS_FOLDER/dag_meteo.py', '--cfg-path', '/tmp/tmpy7k45hrm', '--error-file', '/tmp/tmpytcwjlsj']
[2025-08-31 23:32:41,519] {standard_task_runner.py:80} INFO - Job 383: Subtask verify_pipeline
[2025-08-31 23:32:41,552] {logging_mixin.py:115} WARNING - /home/***/.local/lib/python3.7/site-packages/***/configuration.py:470 DeprecationWarning: The sql_alchemy_conn option in [core] has been moved to the sql_alchemy_conn option in [database] - the old setting has been used, but please update your config.
[2025-08-31 23:32:41,633] {task_command.py:369} INFO - Running <TaskInstance: send_weather_to_kafka.verify_pipeline scheduled__2025-08-29T21:42:32.013199+00:00 [running]> on host 5d7670b258c3
[2025-08-31 23:32:41,784] {taskinstance.py:1571} INFO - Exporting the following env vars:
AIRFLOW_CTX_DAG_OWNER=***
AIRFLOW_CTX_DAG_ID=send_weather_to_kafka
AIRFLOW_CTX_TASK_ID=verify_pipeline
AIRFLOW_CTX_EXECUTION_DATE=2025-08-29T21:42:32.013199+00:00
AIRFLOW_CTX_TRY_NUMBER=1
AIRFLOW_CTX_DAG_RUN_ID=scheduled__2025-08-29T21:42:32.013199+00:00
[2025-08-31 23:32:41,787] {subprocess.py:62} INFO - Tmp dir root location: 
 /tmp
[2025-08-31 23:32:41,788] {subprocess.py:74} INFO - Running command: ['bash', '-c', '\n            echo " Attente traitement Logstash..." && sleep 30 &&\n            curl -s "http://elasticsearch:9200/_cat/indices/weather*" || echo "Pas encore d\'index weather"\n        ']
[2025-08-31 23:32:41,803] {subprocess.py:85} INFO - Output:
[2025-08-31 23:32:41,808] {subprocess.py:92} INFO -  Attente traitement Logstash...
[2025-08-31 23:33:11,873] {subprocess.py:92} INFO - yellow open weather_data BQjbDtS5TvO1Q2HrAJGyvA 1 1 95 0 93.7kb 93.7kb
[2025-08-31 23:33:11,876] {subprocess.py:96} INFO - Command exited with return code 0
[2025-08-31 23:33:11,923] {taskinstance.py:1400} INFO - Marking task as SUCCESS. dag_id=send_weather_to_kafka, task_id=verify_pipeline, execution_date=20250829T214232, start_date=20250831T233241, end_date=20250831T233311
[2025-08-31 23:33:11,978] {local_task_job.py:156} INFO - Task exited with return code 0
[2025-08-31 23:33:12,058] {local_task_job.py:273} INFO - 0 downstream tasks scheduled from follow-on schedule check
