[2025-09-01 14:40:03,289] {taskinstance.py:1159} INFO - Dependencies all met for <TaskInstance: send_weather_to_kafka.fetch_and_send_weather scheduled__2025-09-01T14:10:01.804751+00:00 [queued]>
[2025-09-01 14:40:03,301] {taskinstance.py:1159} INFO - Dependencies all met for <TaskInstance: send_weather_to_kafka.fetch_and_send_weather scheduled__2025-09-01T14:10:01.804751+00:00 [queued]>
[2025-09-01 14:40:03,301] {taskinstance.py:1356} INFO - 
--------------------------------------------------------------------------------
[2025-09-01 14:40:03,301] {taskinstance.py:1357} INFO - Starting attempt 1 of 2
[2025-09-01 14:40:03,301] {taskinstance.py:1358} INFO - 
--------------------------------------------------------------------------------
[2025-09-01 14:40:03,317] {taskinstance.py:1377} INFO - Executing <Task(BashOperator): fetch_and_send_weather> on 2025-09-01 14:10:01.804751+00:00
[2025-09-01 14:40:03,322] {standard_task_runner.py:52} INFO - Started process 23392 to run task
[2025-09-01 14:40:03,325] {standard_task_runner.py:79} INFO - Running: ['***', 'tasks', 'run', 'send_weather_to_kafka', 'fetch_and_send_weather', 'scheduled__2025-09-01T14:10:01.804751+00:00', '--job-id', '582', '--raw', '--subdir', 'DAGS_FOLDER/dag_meteo.py', '--cfg-path', '/tmp/tmpzd7ko4t4', '--error-file', '/tmp/tmp9hivbmq_']
[2025-09-01 14:40:03,327] {standard_task_runner.py:80} INFO - Job 582: Subtask fetch_and_send_weather
[2025-09-01 14:40:03,348] {logging_mixin.py:115} WARNING - /home/***/.local/lib/python3.7/site-packages/***/configuration.py:470 DeprecationWarning: The sql_alchemy_conn option in [core] has been moved to the sql_alchemy_conn option in [database] - the old setting has been used, but please update your config.
[2025-09-01 14:40:03,400] {task_command.py:369} INFO - Running <TaskInstance: send_weather_to_kafka.fetch_and_send_weather scheduled__2025-09-01T14:10:01.804751+00:00 [running]> on host e66737cfc193
[2025-09-01 14:40:03,503] {taskinstance.py:1571} INFO - Exporting the following env vars:
AIRFLOW_CTX_DAG_OWNER=***
AIRFLOW_CTX_DAG_ID=send_weather_to_kafka
AIRFLOW_CTX_TASK_ID=fetch_and_send_weather
AIRFLOW_CTX_EXECUTION_DATE=2025-09-01T14:10:01.804751+00:00
AIRFLOW_CTX_TRY_NUMBER=1
AIRFLOW_CTX_DAG_RUN_ID=scheduled__2025-09-01T14:10:01.804751+00:00
[2025-09-01 14:40:03,504] {subprocess.py:62} INFO - Tmp dir root location: 
 /tmp
[2025-09-01 14:40:03,505] {subprocess.py:74} INFO - Running command: ['bash', '-c', 'cd /opt/***/scripts && python3 kafka/producer.py']
[2025-09-01 14:40:03,517] {subprocess.py:85} INFO - Output:
[2025-09-01 14:40:07,967] {subprocess.py:92} INFO - Envoi vers Kafka : {'temperature': 30, 'humidity': 66, 'windSpeed': 4.1, 'cloudCover': 100, 'rainIntensity': 0, 'timestamp': '2025-09-01T14:40:00Z'}
[2025-09-01 14:40:08,037] {subprocess.py:96} INFO - Command exited with return code 0
[2025-09-01 14:40:08,081] {taskinstance.py:1400} INFO - Marking task as SUCCESS. dag_id=send_weather_to_kafka, task_id=fetch_and_send_weather, execution_date=20250901T141001, start_date=20250901T144003, end_date=20250901T144008
[2025-09-01 14:40:08,120] {local_task_job.py:156} INFO - Task exited with return code 0
[2025-09-01 14:40:08,180] {local_task_job.py:273} INFO - 1 downstream tasks scheduled from follow-on schedule check
