[2025-08-19 03:09:35,885] {taskinstance.py:1159} INFO - Dependencies all met for <TaskInstance: send_weather_to_kafka.verify_pipeline manual__2025-08-19T03:09:31.215439+00:00 [queued]>
[2025-08-19 03:09:35,899] {taskinstance.py:1159} INFO - Dependencies all met for <TaskInstance: send_weather_to_kafka.verify_pipeline manual__2025-08-19T03:09:31.215439+00:00 [queued]>
[2025-08-19 03:09:35,899] {taskinstance.py:1356} INFO - 
--------------------------------------------------------------------------------
[2025-08-19 03:09:35,899] {taskinstance.py:1357} INFO - Starting attempt 1 of 2
[2025-08-19 03:09:35,899] {taskinstance.py:1358} INFO - 
--------------------------------------------------------------------------------
[2025-08-19 03:09:35,921] {taskinstance.py:1377} INFO - Executing <Task(BashOperator): verify_pipeline> on 2025-08-19 03:09:31.215439+00:00
[2025-08-19 03:09:35,930] {standard_task_runner.py:52} INFO - Started process 11420 to run task
[2025-08-19 03:09:35,935] {standard_task_runner.py:79} INFO - Running: ['***', 'tasks', 'run', 'send_weather_to_kafka', 'verify_pipeline', 'manual__2025-08-19T03:09:31.215439+00:00', '--job-id', '320', '--raw', '--subdir', 'DAGS_FOLDER/dag_meteo.py', '--cfg-path', '/tmp/tmpz5pdzb2_', '--error-file', '/tmp/tmpvf8z8ssw']
[2025-08-19 03:09:35,937] {standard_task_runner.py:80} INFO - Job 320: Subtask verify_pipeline
[2025-08-19 03:09:36,023] {task_command.py:369} INFO - Running <TaskInstance: send_weather_to_kafka.verify_pipeline manual__2025-08-19T03:09:31.215439+00:00 [running]> on host a4b544519f2b
[2025-08-19 03:09:36,132] {taskinstance.py:1571} INFO - Exporting the following env vars:
AIRFLOW_CTX_DAG_OWNER=***
AIRFLOW_CTX_DAG_ID=send_weather_to_kafka
AIRFLOW_CTX_TASK_ID=verify_pipeline
AIRFLOW_CTX_EXECUTION_DATE=2025-08-19T03:09:31.215439+00:00
AIRFLOW_CTX_TRY_NUMBER=1
AIRFLOW_CTX_DAG_RUN_ID=manual__2025-08-19T03:09:31.215439+00:00
[2025-08-19 03:09:36,133] {subprocess.py:62} INFO - Tmp dir root location: 
 /tmp
[2025-08-19 03:09:36,134] {subprocess.py:74} INFO - Running command: ['bash', '-c', '\n            echo " Attente traitement Logstash..." && sleep 30 &&\n            curl -s "http://elasticsearch:9200/_cat/indices/weather*" || echo "Pas encore d\'index weather"\n        ']
[2025-08-19 03:09:36,151] {subprocess.py:85} INFO - Output:
[2025-08-19 03:09:36,155] {subprocess.py:92} INFO -  Attente traitement Logstash...
[2025-08-19 03:10:06,222] {subprocess.py:92} INFO - yellow open weather_data BQjbDtS5TvO1Q2HrAJGyvA 1 1 79 0 33.5kb 33.5kb
[2025-08-19 03:10:06,226] {subprocess.py:96} INFO - Command exited with return code 0
[2025-08-19 03:10:06,291] {taskinstance.py:1400} INFO - Marking task as SUCCESS. dag_id=send_weather_to_kafka, task_id=verify_pipeline, execution_date=20250819T030931, start_date=20250819T030935, end_date=20250819T031006
[2025-08-19 03:10:06,322] {local_task_job.py:156} INFO - Task exited with return code 0
[2025-08-19 03:10:06,375] {local_task_job.py:273} INFO - 1 downstream tasks scheduled from follow-on schedule check
