[2025-09-01 15:07:09,958] {taskinstance.py:1159} INFO - Dependencies all met for <TaskInstance: send_weather_to_kafka.stream_hdfs scheduled__2025-09-01T14:36:31.948404+00:00 [queued]>
[2025-09-01 15:07:09,973] {taskinstance.py:1159} INFO - Dependencies all met for <TaskInstance: send_weather_to_kafka.stream_hdfs scheduled__2025-09-01T14:36:31.948404+00:00 [queued]>
[2025-09-01 15:07:09,973] {taskinstance.py:1356} INFO - 
--------------------------------------------------------------------------------
[2025-09-01 15:07:09,973] {taskinstance.py:1357} INFO - Starting attempt 1 of 2
[2025-09-01 15:07:09,973] {taskinstance.py:1358} INFO - 
--------------------------------------------------------------------------------
[2025-09-01 15:07:09,992] {taskinstance.py:1377} INFO - Executing <Task(BashOperator): stream_hdfs> on 2025-09-01 14:36:31.948404+00:00
[2025-09-01 15:07:09,997] {standard_task_runner.py:52} INFO - Started process 24316 to run task
[2025-09-01 15:07:10,002] {standard_task_runner.py:79} INFO - Running: ['***', 'tasks', 'run', 'send_weather_to_kafka', 'stream_hdfs', 'scheduled__2025-09-01T14:36:31.948404+00:00', '--job-id', '592', '--raw', '--subdir', 'DAGS_FOLDER/dag_meteo.py', '--cfg-path', '/tmp/tmpnc6z1vw6', '--error-file', '/tmp/tmpamr3zyfn']
[2025-09-01 15:07:10,003] {standard_task_runner.py:80} INFO - Job 592: Subtask stream_hdfs
[2025-09-01 15:07:10,026] {logging_mixin.py:115} WARNING - /home/***/.local/lib/python3.7/site-packages/***/configuration.py:470 DeprecationWarning: The sql_alchemy_conn option in [core] has been moved to the sql_alchemy_conn option in [database] - the old setting has been used, but please update your config.
[2025-09-01 15:07:10,089] {task_command.py:369} INFO - Running <TaskInstance: send_weather_to_kafka.stream_hdfs scheduled__2025-09-01T14:36:31.948404+00:00 [running]> on host e66737cfc193
[2025-09-01 15:07:10,202] {taskinstance.py:1571} INFO - Exporting the following env vars:
AIRFLOW_CTX_DAG_OWNER=***
AIRFLOW_CTX_DAG_ID=send_weather_to_kafka
AIRFLOW_CTX_TASK_ID=stream_hdfs
AIRFLOW_CTX_EXECUTION_DATE=2025-09-01T14:36:31.948404+00:00
AIRFLOW_CTX_TRY_NUMBER=1
AIRFLOW_CTX_DAG_RUN_ID=scheduled__2025-09-01T14:36:31.948404+00:00
[2025-09-01 15:07:10,203] {subprocess.py:62} INFO - Tmp dir root location: 
 /tmp
[2025-09-01 15:07:10,203] {subprocess.py:74} INFO - Running command: ['bash', '-c', '\n/home/***/.local/bin/spark-submit   --master local[*]   --conf spark.hadoop.fs.defaultFS=hdfs://namenode:9000   --conf spark.hadoop.dfs.client.use.datanode.hostname=true   --conf spark.sql.adaptive.enabled=false   --packages org.apache.spark:spark-sql-kafka-0-10_2.12:3.3.1   /opt/***/scripts/pyspark/streaming.py']
[2025-09-01 15:07:10,216] {subprocess.py:85} INFO - Output:
[2025-09-01 15:07:10,231] {subprocess.py:92} INFO - /opt/spark-3.3.1-bin-hadoop3/bin/load-spark-env.sh: line 68: ps: command not found
[2025-09-01 15:07:12,140] {subprocess.py:92} INFO - :: loading settings :: url = jar:file:/opt/spark-3.3.1-bin-hadoop3/jars/ivy-2.5.0.jar!/org/apache/ivy/core/settings/ivysettings.xml
[2025-09-01 15:07:12,269] {subprocess.py:92} INFO - Ivy Default Cache set to: /home/***/.ivy2/cache
[2025-09-01 15:07:12,269] {subprocess.py:92} INFO - The jars for the packages stored in: /home/***/.ivy2/jars
[2025-09-01 15:07:12,277] {subprocess.py:92} INFO - org.apache.spark#spark-sql-kafka-0-10_2.12 added as a dependency
[2025-09-01 15:07:12,279] {subprocess.py:92} INFO - :: resolving dependencies :: org.apache.spark#spark-submit-parent-f05313fa-1769-4756-9827-5aa012520d39;1.0
[2025-09-01 15:07:12,279] {subprocess.py:92} INFO - 	confs: [default]
[2025-09-01 15:07:12,525] {subprocess.py:92} INFO - 	found org.apache.spark#spark-sql-kafka-0-10_2.12;3.3.1 in spark-list
[2025-09-01 15:07:12,641] {subprocess.py:92} INFO - 	found org.apache.spark#spark-token-provider-kafka-0-10_2.12;3.3.1 in central
[2025-09-01 15:07:12,701] {subprocess.py:92} INFO - 	found org.apache.kafka#kafka-clients;2.8.1 in central
[2025-09-01 15:07:12,752] {subprocess.py:92} INFO - 	found org.lz4#lz4-java;1.8.0 in central
[2025-09-01 15:07:12,798] {subprocess.py:92} INFO - 	found org.xerial.snappy#snappy-java;1.1.8.4 in central
[2025-09-01 15:07:12,838] {subprocess.py:92} INFO - 	found org.slf4j#slf4j-api;1.7.32 in central
[2025-09-01 15:07:12,883] {subprocess.py:92} INFO - 	found org.apache.hadoop#hadoop-client-runtime;3.3.2 in central
[2025-09-01 15:07:12,908] {subprocess.py:92} INFO - 	found org.spark-project.spark#unused;1.0.0 in central
[2025-09-01 15:07:12,955] {subprocess.py:92} INFO - 	found org.apache.hadoop#hadoop-client-api;3.3.2 in central
[2025-09-01 15:07:12,998] {subprocess.py:92} INFO - 	found commons-logging#commons-logging;1.1.3 in central
[2025-09-01 15:07:13,025] {subprocess.py:92} INFO - 	found com.google.code.findbugs#jsr305;3.0.0 in central
[2025-09-01 15:07:13,053] {subprocess.py:92} INFO - 	found org.apache.commons#commons-pool2;2.11.1 in central
[2025-09-01 15:07:13,104] {subprocess.py:92} INFO - :: resolution report :: resolve 798ms :: artifacts dl 26ms
[2025-09-01 15:07:13,104] {subprocess.py:92} INFO - 	:: modules in use:
[2025-09-01 15:07:13,104] {subprocess.py:92} INFO - 	com.google.code.findbugs#jsr305;3.0.0 from central in [default]
[2025-09-01 15:07:13,105] {subprocess.py:92} INFO - 	commons-logging#commons-logging;1.1.3 from central in [default]
[2025-09-01 15:07:13,105] {subprocess.py:92} INFO - 	org.apache.commons#commons-pool2;2.11.1 from central in [default]
[2025-09-01 15:07:13,105] {subprocess.py:92} INFO - 	org.apache.hadoop#hadoop-client-api;3.3.2 from central in [default]
[2025-09-01 15:07:13,105] {subprocess.py:92} INFO - 	org.apache.hadoop#hadoop-client-runtime;3.3.2 from central in [default]
[2025-09-01 15:07:13,105] {subprocess.py:92} INFO - 	org.apache.kafka#kafka-clients;2.8.1 from central in [default]
[2025-09-01 15:07:13,105] {subprocess.py:92} INFO - 	org.apache.spark#spark-sql-kafka-0-10_2.12;3.3.1 from spark-list in [default]
[2025-09-01 15:07:13,105] {subprocess.py:92} INFO - 	org.apache.spark#spark-token-provider-kafka-0-10_2.12;3.3.1 from central in [default]
[2025-09-01 15:07:13,105] {subprocess.py:92} INFO - 	org.lz4#lz4-java;1.8.0 from central in [default]
[2025-09-01 15:07:13,105] {subprocess.py:92} INFO - 	org.slf4j#slf4j-api;1.7.32 from central in [default]
[2025-09-01 15:07:13,106] {subprocess.py:92} INFO - 	org.spark-project.spark#unused;1.0.0 from central in [default]
[2025-09-01 15:07:13,106] {subprocess.py:92} INFO - 	org.xerial.snappy#snappy-java;1.1.8.4 from central in [default]
[2025-09-01 15:07:13,106] {subprocess.py:92} INFO - 	---------------------------------------------------------------------
[2025-09-01 15:07:13,106] {subprocess.py:92} INFO - 	|                  |            modules            ||   artifacts   |
[2025-09-01 15:07:13,106] {subprocess.py:92} INFO - 	|       conf       | number| search|dwnlded|evicted|| number|dwnlded|
[2025-09-01 15:07:13,106] {subprocess.py:92} INFO - 	---------------------------------------------------------------------
[2025-09-01 15:07:13,106] {subprocess.py:92} INFO - 	|      default     |   12  |   0   |   0   |   0   ||   12  |   0   |
[2025-09-01 15:07:13,106] {subprocess.py:92} INFO - 	---------------------------------------------------------------------
[2025-09-01 15:07:13,119] {subprocess.py:92} INFO - :: retrieving :: org.apache.spark#spark-submit-parent-f05313fa-1769-4756-9827-5aa012520d39
[2025-09-01 15:07:13,119] {subprocess.py:92} INFO - 	confs: [default]
[2025-09-01 15:07:13,137] {subprocess.py:92} INFO - 	0 artifacts copied, 12 already retrieved (0kB/17ms)
[2025-09-01 15:07:13,439] {subprocess.py:92} INFO - 25/09/01 15:07:13 WARN NativeCodeLoader: Unable to load native-hadoop library for your platform... using builtin-java classes where applicable
[2025-09-01 15:07:14,806] {subprocess.py:92} INFO - 25/09/01 15:07:14 INFO SparkContext: Running Spark version 3.3.1
[2025-09-01 15:07:14,830] {subprocess.py:92} INFO - 25/09/01 15:07:14 INFO ResourceUtils: ==============================================================
[2025-09-01 15:07:14,830] {subprocess.py:92} INFO - 25/09/01 15:07:14 INFO ResourceUtils: No custom resources configured for spark.driver.
[2025-09-01 15:07:14,830] {subprocess.py:92} INFO - 25/09/01 15:07:14 INFO ResourceUtils: ==============================================================
[2025-09-01 15:07:14,831] {subprocess.py:92} INFO - 25/09/01 15:07:14 INFO SparkContext: Submitted application: KafkaToHDFSWeather
[2025-09-01 15:07:14,858] {subprocess.py:92} INFO - 25/09/01 15:07:14 INFO ResourceProfile: Default ResourceProfile created, executor resources: Map(cores -> name: cores, amount: 1, script: , vendor: , memory -> name: memory, amount: 1024, script: , vendor: , offHeap -> name: offHeap, amount: 0, script: , vendor: ), task resources: Map(cpus -> name: cpus, amount: 1.0)
[2025-09-01 15:07:14,870] {subprocess.py:92} INFO - 25/09/01 15:07:14 INFO ResourceProfile: Limiting resource is cpu
[2025-09-01 15:07:14,870] {subprocess.py:92} INFO - 25/09/01 15:07:14 INFO ResourceProfileManager: Added ResourceProfile id: 0
[2025-09-01 15:07:14,948] {subprocess.py:92} INFO - 25/09/01 15:07:14 INFO SecurityManager: Changing view acls to: ***
[2025-09-01 15:07:14,949] {subprocess.py:92} INFO - 25/09/01 15:07:14 INFO SecurityManager: Changing modify acls to: ***
[2025-09-01 15:07:14,950] {subprocess.py:92} INFO - 25/09/01 15:07:14 INFO SecurityManager: Changing view acls groups to:
[2025-09-01 15:07:14,951] {subprocess.py:92} INFO - 25/09/01 15:07:14 INFO SecurityManager: Changing modify acls groups to:
[2025-09-01 15:07:14,951] {subprocess.py:92} INFO - 25/09/01 15:07:14 INFO SecurityManager: SecurityManager: authentication disabled; ui acls disabled; users  with view permissions: Set(***); groups with view permissions: Set(); users  with modify permissions: Set(***); groups with modify permissions: Set()
[2025-09-01 15:07:15,366] {subprocess.py:92} INFO - 25/09/01 15:07:15 INFO Utils: Successfully started service 'sparkDriver' on port 33875.
[2025-09-01 15:07:15,397] {subprocess.py:92} INFO - 25/09/01 15:07:15 INFO SparkEnv: Registering MapOutputTracker
[2025-09-01 15:07:15,440] {subprocess.py:92} INFO - 25/09/01 15:07:15 INFO SparkEnv: Registering BlockManagerMaster
[2025-09-01 15:07:15,460] {subprocess.py:92} INFO - 25/09/01 15:07:15 INFO BlockManagerMasterEndpoint: Using org.apache.spark.storage.DefaultTopologyMapper for getting topology information
[2025-09-01 15:07:15,460] {subprocess.py:92} INFO - 25/09/01 15:07:15 INFO BlockManagerMasterEndpoint: BlockManagerMasterEndpoint up
[2025-09-01 15:07:15,466] {subprocess.py:92} INFO - 25/09/01 15:07:15 INFO SparkEnv: Registering BlockManagerMasterHeartbeat
[2025-09-01 15:07:15,491] {subprocess.py:92} INFO - 25/09/01 15:07:15 INFO DiskBlockManager: Created local directory at /tmp/blockmgr-cd87f763-fbe6-446e-a3e6-ee612f4667a0
[2025-09-01 15:07:15,509] {subprocess.py:92} INFO - 25/09/01 15:07:15 INFO MemoryStore: MemoryStore started with capacity 434.4 MiB
[2025-09-01 15:07:15,532] {subprocess.py:92} INFO - 25/09/01 15:07:15 INFO SparkEnv: Registering OutputCommitCoordinator
[2025-09-01 15:07:15,825] {subprocess.py:92} INFO - 25/09/01 15:07:15 INFO Utils: Successfully started service 'SparkUI' on port 4040.
[2025-09-01 15:07:15,890] {subprocess.py:92} INFO - 25/09/01 15:07:15 INFO SparkContext: Added JAR file:///home/***/.ivy2/jars/org.apache.spark_spark-sql-kafka-0-10_2.12-3.3.1.jar at spark://e66737cfc193:33875/jars/org.apache.spark_spark-sql-kafka-0-10_2.12-3.3.1.jar with timestamp 1756739234797
[2025-09-01 15:07:15,890] {subprocess.py:92} INFO - 25/09/01 15:07:15 INFO SparkContext: Added JAR file:///home/***/.ivy2/jars/org.apache.spark_spark-token-provider-kafka-0-10_2.12-3.3.1.jar at spark://e66737cfc193:33875/jars/org.apache.spark_spark-token-provider-kafka-0-10_2.12-3.3.1.jar with timestamp 1756739234797
[2025-09-01 15:07:15,891] {subprocess.py:92} INFO - 25/09/01 15:07:15 INFO SparkContext: Added JAR file:///home/***/.ivy2/jars/org.apache.kafka_kafka-clients-2.8.1.jar at spark://e66737cfc193:33875/jars/org.apache.kafka_kafka-clients-2.8.1.jar with timestamp 1756739234797
[2025-09-01 15:07:15,891] {subprocess.py:92} INFO - 25/09/01 15:07:15 INFO SparkContext: Added JAR file:///home/***/.ivy2/jars/com.google.code.findbugs_jsr305-3.0.0.jar at spark://e66737cfc193:33875/jars/com.google.code.findbugs_jsr305-3.0.0.jar with timestamp 1756739234797
[2025-09-01 15:07:15,891] {subprocess.py:92} INFO - 25/09/01 15:07:15 INFO SparkContext: Added JAR file:///home/***/.ivy2/jars/org.apache.commons_commons-pool2-2.11.1.jar at spark://e66737cfc193:33875/jars/org.apache.commons_commons-pool2-2.11.1.jar with timestamp 1756739234797
[2025-09-01 15:07:15,892] {subprocess.py:92} INFO - 25/09/01 15:07:15 INFO SparkContext: Added JAR file:///home/***/.ivy2/jars/org.spark-project.spark_unused-1.0.0.jar at spark://e66737cfc193:33875/jars/org.spark-project.spark_unused-1.0.0.jar with timestamp 1756739234797
[2025-09-01 15:07:15,892] {subprocess.py:92} INFO - 25/09/01 15:07:15 INFO SparkContext: Added JAR file:///home/***/.ivy2/jars/org.apache.hadoop_hadoop-client-runtime-3.3.2.jar at spark://e66737cfc193:33875/jars/org.apache.hadoop_hadoop-client-runtime-3.3.2.jar with timestamp 1756739234797
[2025-09-01 15:07:15,892] {subprocess.py:92} INFO - 25/09/01 15:07:15 INFO SparkContext: Added JAR file:///home/***/.ivy2/jars/org.lz4_lz4-java-1.8.0.jar at spark://e66737cfc193:33875/jars/org.lz4_lz4-java-1.8.0.jar with timestamp 1756739234797
[2025-09-01 15:07:15,893] {subprocess.py:92} INFO - 25/09/01 15:07:15 INFO SparkContext: Added JAR file:///home/***/.ivy2/jars/org.xerial.snappy_snappy-java-1.1.8.4.jar at spark://e66737cfc193:33875/jars/org.xerial.snappy_snappy-java-1.1.8.4.jar with timestamp 1756739234797
[2025-09-01 15:07:15,893] {subprocess.py:92} INFO - 25/09/01 15:07:15 INFO SparkContext: Added JAR file:///home/***/.ivy2/jars/org.slf4j_slf4j-api-1.7.32.jar at spark://e66737cfc193:33875/jars/org.slf4j_slf4j-api-1.7.32.jar with timestamp 1756739234797
[2025-09-01 15:07:15,893] {subprocess.py:92} INFO - 25/09/01 15:07:15 INFO SparkContext: Added JAR file:///home/***/.ivy2/jars/org.apache.hadoop_hadoop-client-api-3.3.2.jar at spark://e66737cfc193:33875/jars/org.apache.hadoop_hadoop-client-api-3.3.2.jar with timestamp 1756739234797
[2025-09-01 15:07:15,894] {subprocess.py:92} INFO - 25/09/01 15:07:15 INFO SparkContext: Added JAR file:///home/***/.ivy2/jars/commons-logging_commons-logging-1.1.3.jar at spark://e66737cfc193:33875/jars/commons-logging_commons-logging-1.1.3.jar with timestamp 1756739234797
[2025-09-01 15:07:15,898] {subprocess.py:92} INFO - 25/09/01 15:07:15 INFO SparkContext: Added file file:///home/***/.ivy2/jars/org.apache.spark_spark-sql-kafka-0-10_2.12-3.3.1.jar at file:///home/***/.ivy2/jars/org.apache.spark_spark-sql-kafka-0-10_2.12-3.3.1.jar with timestamp 1756739234797
[2025-09-01 15:07:15,900] {subprocess.py:92} INFO - 25/09/01 15:07:15 INFO Utils: Copying /home/***/.ivy2/jars/org.apache.spark_spark-sql-kafka-0-10_2.12-3.3.1.jar to /tmp/spark-63d959b7-e7f8-4d95-8bed-61d2bacc2c78/userFiles-f709b56a-e0db-488b-8b73-4e1e18dc4d17/org.apache.spark_spark-sql-kafka-0-10_2.12-3.3.1.jar
[2025-09-01 15:07:15,917] {subprocess.py:92} INFO - 25/09/01 15:07:15 INFO SparkContext: Added file file:///home/***/.ivy2/jars/org.apache.spark_spark-token-provider-kafka-0-10_2.12-3.3.1.jar at file:///home/***/.ivy2/jars/org.apache.spark_spark-token-provider-kafka-0-10_2.12-3.3.1.jar with timestamp 1756739234797
[2025-09-01 15:07:15,917] {subprocess.py:92} INFO - 25/09/01 15:07:15 INFO Utils: Copying /home/***/.ivy2/jars/org.apache.spark_spark-token-provider-kafka-0-10_2.12-3.3.1.jar to /tmp/spark-63d959b7-e7f8-4d95-8bed-61d2bacc2c78/userFiles-f709b56a-e0db-488b-8b73-4e1e18dc4d17/org.apache.spark_spark-token-provider-kafka-0-10_2.12-3.3.1.jar
[2025-09-01 15:07:15,925] {subprocess.py:92} INFO - 25/09/01 15:07:15 INFO SparkContext: Added file file:///home/***/.ivy2/jars/org.apache.kafka_kafka-clients-2.8.1.jar at file:///home/***/.ivy2/jars/org.apache.kafka_kafka-clients-2.8.1.jar with timestamp 1756739234797
[2025-09-01 15:07:15,926] {subprocess.py:92} INFO - 25/09/01 15:07:15 INFO Utils: Copying /home/***/.ivy2/jars/org.apache.kafka_kafka-clients-2.8.1.jar to /tmp/spark-63d959b7-e7f8-4d95-8bed-61d2bacc2c78/userFiles-f709b56a-e0db-488b-8b73-4e1e18dc4d17/org.apache.kafka_kafka-clients-2.8.1.jar
[2025-09-01 15:07:15,941] {subprocess.py:92} INFO - 25/09/01 15:07:15 INFO SparkContext: Added file file:///home/***/.ivy2/jars/com.google.code.findbugs_jsr305-3.0.0.jar at file:///home/***/.ivy2/jars/com.google.code.findbugs_jsr305-3.0.0.jar with timestamp 1756739234797
[2025-09-01 15:07:15,941] {subprocess.py:92} INFO - 25/09/01 15:07:15 INFO Utils: Copying /home/***/.ivy2/jars/com.google.code.findbugs_jsr305-3.0.0.jar to /tmp/spark-63d959b7-e7f8-4d95-8bed-61d2bacc2c78/userFiles-f709b56a-e0db-488b-8b73-4e1e18dc4d17/com.google.code.findbugs_jsr305-3.0.0.jar
[2025-09-01 15:07:15,948] {subprocess.py:92} INFO - 25/09/01 15:07:15 INFO SparkContext: Added file file:///home/***/.ivy2/jars/org.apache.commons_commons-pool2-2.11.1.jar at file:///home/***/.ivy2/jars/org.apache.commons_commons-pool2-2.11.1.jar with timestamp 1756739234797
[2025-09-01 15:07:15,948] {subprocess.py:92} INFO - 25/09/01 15:07:15 INFO Utils: Copying /home/***/.ivy2/jars/org.apache.commons_commons-pool2-2.11.1.jar to /tmp/spark-63d959b7-e7f8-4d95-8bed-61d2bacc2c78/userFiles-f709b56a-e0db-488b-8b73-4e1e18dc4d17/org.apache.commons_commons-pool2-2.11.1.jar
[2025-09-01 15:07:15,956] {subprocess.py:92} INFO - 25/09/01 15:07:15 INFO SparkContext: Added file file:///home/***/.ivy2/jars/org.spark-project.spark_unused-1.0.0.jar at file:///home/***/.ivy2/jars/org.spark-project.spark_unused-1.0.0.jar with timestamp 1756739234797
[2025-09-01 15:07:15,956] {subprocess.py:92} INFO - 25/09/01 15:07:15 INFO Utils: Copying /home/***/.ivy2/jars/org.spark-project.spark_unused-1.0.0.jar to /tmp/spark-63d959b7-e7f8-4d95-8bed-61d2bacc2c78/userFiles-f709b56a-e0db-488b-8b73-4e1e18dc4d17/org.spark-project.spark_unused-1.0.0.jar
[2025-09-01 15:07:15,963] {subprocess.py:92} INFO - 25/09/01 15:07:15 INFO SparkContext: Added file file:///home/***/.ivy2/jars/org.apache.hadoop_hadoop-client-runtime-3.3.2.jar at file:///home/***/.ivy2/jars/org.apache.hadoop_hadoop-client-runtime-3.3.2.jar with timestamp 1756739234797
[2025-09-01 15:07:15,963] {subprocess.py:92} INFO - 25/09/01 15:07:15 INFO Utils: Copying /home/***/.ivy2/jars/org.apache.hadoop_hadoop-client-runtime-3.3.2.jar to /tmp/spark-63d959b7-e7f8-4d95-8bed-61d2bacc2c78/userFiles-f709b56a-e0db-488b-8b73-4e1e18dc4d17/org.apache.hadoop_hadoop-client-runtime-3.3.2.jar
[2025-09-01 15:07:16,012] {subprocess.py:92} INFO - 25/09/01 15:07:16 INFO SparkContext: Added file file:///home/***/.ivy2/jars/org.lz4_lz4-java-1.8.0.jar at file:///home/***/.ivy2/jars/org.lz4_lz4-java-1.8.0.jar with timestamp 1756739234797
[2025-09-01 15:07:16,012] {subprocess.py:92} INFO - 25/09/01 15:07:16 INFO Utils: Copying /home/***/.ivy2/jars/org.lz4_lz4-java-1.8.0.jar to /tmp/spark-63d959b7-e7f8-4d95-8bed-61d2bacc2c78/userFiles-f709b56a-e0db-488b-8b73-4e1e18dc4d17/org.lz4_lz4-java-1.8.0.jar
[2025-09-01 15:07:16,018] {subprocess.py:92} INFO - 25/09/01 15:07:16 INFO SparkContext: Added file file:///home/***/.ivy2/jars/org.xerial.snappy_snappy-java-1.1.8.4.jar at file:///home/***/.ivy2/jars/org.xerial.snappy_snappy-java-1.1.8.4.jar with timestamp 1756739234797
[2025-09-01 15:07:16,019] {subprocess.py:92} INFO - 25/09/01 15:07:16 INFO Utils: Copying /home/***/.ivy2/jars/org.xerial.snappy_snappy-java-1.1.8.4.jar to /tmp/spark-63d959b7-e7f8-4d95-8bed-61d2bacc2c78/userFiles-f709b56a-e0db-488b-8b73-4e1e18dc4d17/org.xerial.snappy_snappy-java-1.1.8.4.jar
[2025-09-01 15:07:16,025] {subprocess.py:92} INFO - 25/09/01 15:07:16 INFO SparkContext: Added file file:///home/***/.ivy2/jars/org.slf4j_slf4j-api-1.7.32.jar at file:///home/***/.ivy2/jars/org.slf4j_slf4j-api-1.7.32.jar with timestamp 1756739234797
[2025-09-01 15:07:16,026] {subprocess.py:92} INFO - 25/09/01 15:07:16 INFO Utils: Copying /home/***/.ivy2/jars/org.slf4j_slf4j-api-1.7.32.jar to /tmp/spark-63d959b7-e7f8-4d95-8bed-61d2bacc2c78/userFiles-f709b56a-e0db-488b-8b73-4e1e18dc4d17/org.slf4j_slf4j-api-1.7.32.jar
[2025-09-01 15:07:16,032] {subprocess.py:92} INFO - 25/09/01 15:07:16 INFO SparkContext: Added file file:///home/***/.ivy2/jars/org.apache.hadoop_hadoop-client-api-3.3.2.jar at file:///home/***/.ivy2/jars/org.apache.hadoop_hadoop-client-api-3.3.2.jar with timestamp 1756739234797
[2025-09-01 15:07:16,032] {subprocess.py:92} INFO - 25/09/01 15:07:16 INFO Utils: Copying /home/***/.ivy2/jars/org.apache.hadoop_hadoop-client-api-3.3.2.jar to /tmp/spark-63d959b7-e7f8-4d95-8bed-61d2bacc2c78/userFiles-f709b56a-e0db-488b-8b73-4e1e18dc4d17/org.apache.hadoop_hadoop-client-api-3.3.2.jar
[2025-09-01 15:07:16,053] {subprocess.py:92} INFO - 25/09/01 15:07:16 INFO SparkContext: Added file file:///home/***/.ivy2/jars/commons-logging_commons-logging-1.1.3.jar at file:///home/***/.ivy2/jars/commons-logging_commons-logging-1.1.3.jar with timestamp 1756739234797
[2025-09-01 15:07:16,053] {subprocess.py:92} INFO - 25/09/01 15:07:16 INFO Utils: Copying /home/***/.ivy2/jars/commons-logging_commons-logging-1.1.3.jar to /tmp/spark-63d959b7-e7f8-4d95-8bed-61d2bacc2c78/userFiles-f709b56a-e0db-488b-8b73-4e1e18dc4d17/commons-logging_commons-logging-1.1.3.jar
[2025-09-01 15:07:16,169] {subprocess.py:92} INFO - 25/09/01 15:07:16 INFO Executor: Starting executor ID driver on host e66737cfc193
[2025-09-01 15:07:16,180] {subprocess.py:92} INFO - 25/09/01 15:07:16 INFO Executor: Starting executor with user classpath (userClassPathFirst = false): ''
[2025-09-01 15:07:16,199] {subprocess.py:92} INFO - 25/09/01 15:07:16 INFO Executor: Fetching file:///home/***/.ivy2/jars/commons-logging_commons-logging-1.1.3.jar with timestamp 1756739234797
[2025-09-01 15:07:16,233] {subprocess.py:92} INFO - 25/09/01 15:07:16 INFO Utils: /home/***/.ivy2/jars/commons-logging_commons-logging-1.1.3.jar has been previously copied to /tmp/spark-63d959b7-e7f8-4d95-8bed-61d2bacc2c78/userFiles-f709b56a-e0db-488b-8b73-4e1e18dc4d17/commons-logging_commons-logging-1.1.3.jar
[2025-09-01 15:07:16,240] {subprocess.py:92} INFO - 25/09/01 15:07:16 INFO Executor: Fetching file:///home/***/.ivy2/jars/org.spark-project.spark_unused-1.0.0.jar with timestamp 1756739234797
[2025-09-01 15:07:16,241] {subprocess.py:92} INFO - 25/09/01 15:07:16 INFO Utils: /home/***/.ivy2/jars/org.spark-project.spark_unused-1.0.0.jar has been previously copied to /tmp/spark-63d959b7-e7f8-4d95-8bed-61d2bacc2c78/userFiles-f709b56a-e0db-488b-8b73-4e1e18dc4d17/org.spark-project.spark_unused-1.0.0.jar
[2025-09-01 15:07:16,248] {subprocess.py:92} INFO - 25/09/01 15:07:16 INFO Executor: Fetching file:///home/***/.ivy2/jars/org.apache.spark_spark-sql-kafka-0-10_2.12-3.3.1.jar with timestamp 1756739234797
[2025-09-01 15:07:16,255] {subprocess.py:92} INFO - 25/09/01 15:07:16 INFO Utils: /home/***/.ivy2/jars/org.apache.spark_spark-sql-kafka-0-10_2.12-3.3.1.jar has been previously copied to /tmp/spark-63d959b7-e7f8-4d95-8bed-61d2bacc2c78/userFiles-f709b56a-e0db-488b-8b73-4e1e18dc4d17/org.apache.spark_spark-sql-kafka-0-10_2.12-3.3.1.jar
[2025-09-01 15:07:16,261] {subprocess.py:92} INFO - 25/09/01 15:07:16 INFO Executor: Fetching file:///home/***/.ivy2/jars/org.apache.hadoop_hadoop-client-api-3.3.2.jar with timestamp 1756739234797
[2025-09-01 15:07:16,282] {subprocess.py:92} INFO - 25/09/01 15:07:16 INFO Utils: /home/***/.ivy2/jars/org.apache.hadoop_hadoop-client-api-3.3.2.jar has been previously copied to /tmp/spark-63d959b7-e7f8-4d95-8bed-61d2bacc2c78/userFiles-f709b56a-e0db-488b-8b73-4e1e18dc4d17/org.apache.hadoop_hadoop-client-api-3.3.2.jar
[2025-09-01 15:07:16,289] {subprocess.py:92} INFO - 25/09/01 15:07:16 INFO Executor: Fetching file:///home/***/.ivy2/jars/org.apache.hadoop_hadoop-client-runtime-3.3.2.jar with timestamp 1756739234797
[2025-09-01 15:07:16,314] {subprocess.py:92} INFO - 25/09/01 15:07:16 INFO Utils: /home/***/.ivy2/jars/org.apache.hadoop_hadoop-client-runtime-3.3.2.jar has been previously copied to /tmp/spark-63d959b7-e7f8-4d95-8bed-61d2bacc2c78/userFiles-f709b56a-e0db-488b-8b73-4e1e18dc4d17/org.apache.hadoop_hadoop-client-runtime-3.3.2.jar
[2025-09-01 15:07:16,319] {subprocess.py:92} INFO - 25/09/01 15:07:16 INFO Executor: Fetching file:///home/***/.ivy2/jars/org.slf4j_slf4j-api-1.7.32.jar with timestamp 1756739234797
[2025-09-01 15:07:16,320] {subprocess.py:92} INFO - 25/09/01 15:07:16 INFO Utils: /home/***/.ivy2/jars/org.slf4j_slf4j-api-1.7.32.jar has been previously copied to /tmp/spark-63d959b7-e7f8-4d95-8bed-61d2bacc2c78/userFiles-f709b56a-e0db-488b-8b73-4e1e18dc4d17/org.slf4j_slf4j-api-1.7.32.jar
[2025-09-01 15:07:16,325] {subprocess.py:92} INFO - 25/09/01 15:07:16 INFO Executor: Fetching file:///home/***/.ivy2/jars/org.lz4_lz4-java-1.8.0.jar with timestamp 1756739234797
[2025-09-01 15:07:16,327] {subprocess.py:92} INFO - 25/09/01 15:07:16 INFO Utils: /home/***/.ivy2/jars/org.lz4_lz4-java-1.8.0.jar has been previously copied to /tmp/spark-63d959b7-e7f8-4d95-8bed-61d2bacc2c78/userFiles-f709b56a-e0db-488b-8b73-4e1e18dc4d17/org.lz4_lz4-java-1.8.0.jar
[2025-09-01 15:07:16,333] {subprocess.py:92} INFO - 25/09/01 15:07:16 INFO Executor: Fetching file:///home/***/.ivy2/jars/org.apache.commons_commons-pool2-2.11.1.jar with timestamp 1756739234797
[2025-09-01 15:07:16,334] {subprocess.py:92} INFO - 25/09/01 15:07:16 INFO Utils: /home/***/.ivy2/jars/org.apache.commons_commons-pool2-2.11.1.jar has been previously copied to /tmp/spark-63d959b7-e7f8-4d95-8bed-61d2bacc2c78/userFiles-f709b56a-e0db-488b-8b73-4e1e18dc4d17/org.apache.commons_commons-pool2-2.11.1.jar
[2025-09-01 15:07:16,341] {subprocess.py:92} INFO - 25/09/01 15:07:16 INFO Executor: Fetching file:///home/***/.ivy2/jars/com.google.code.findbugs_jsr305-3.0.0.jar with timestamp 1756739234797
[2025-09-01 15:07:16,342] {subprocess.py:92} INFO - 25/09/01 15:07:16 INFO Utils: /home/***/.ivy2/jars/com.google.code.findbugs_jsr305-3.0.0.jar has been previously copied to /tmp/spark-63d959b7-e7f8-4d95-8bed-61d2bacc2c78/userFiles-f709b56a-e0db-488b-8b73-4e1e18dc4d17/com.google.code.findbugs_jsr305-3.0.0.jar
[2025-09-01 15:07:16,348] {subprocess.py:92} INFO - 25/09/01 15:07:16 INFO Executor: Fetching file:///home/***/.ivy2/jars/org.apache.spark_spark-token-provider-kafka-0-10_2.12-3.3.1.jar with timestamp 1756739234797
[2025-09-01 15:07:16,349] {subprocess.py:92} INFO - 25/09/01 15:07:16 INFO Utils: /home/***/.ivy2/jars/org.apache.spark_spark-token-provider-kafka-0-10_2.12-3.3.1.jar has been previously copied to /tmp/spark-63d959b7-e7f8-4d95-8bed-61d2bacc2c78/userFiles-f709b56a-e0db-488b-8b73-4e1e18dc4d17/org.apache.spark_spark-token-provider-kafka-0-10_2.12-3.3.1.jar
[2025-09-01 15:07:16,355] {subprocess.py:92} INFO - 25/09/01 15:07:16 INFO Executor: Fetching file:///home/***/.ivy2/jars/org.apache.kafka_kafka-clients-2.8.1.jar with timestamp 1756739234797
[2025-09-01 15:07:16,361] {subprocess.py:92} INFO - 25/09/01 15:07:16 INFO Utils: /home/***/.ivy2/jars/org.apache.kafka_kafka-clients-2.8.1.jar has been previously copied to /tmp/spark-63d959b7-e7f8-4d95-8bed-61d2bacc2c78/userFiles-f709b56a-e0db-488b-8b73-4e1e18dc4d17/org.apache.kafka_kafka-clients-2.8.1.jar
[2025-09-01 15:07:16,366] {subprocess.py:92} INFO - 25/09/01 15:07:16 INFO Executor: Fetching file:///home/***/.ivy2/jars/org.xerial.snappy_snappy-java-1.1.8.4.jar with timestamp 1756739234797
[2025-09-01 15:07:16,370] {subprocess.py:92} INFO - 25/09/01 15:07:16 INFO Utils: /home/***/.ivy2/jars/org.xerial.snappy_snappy-java-1.1.8.4.jar has been previously copied to /tmp/spark-63d959b7-e7f8-4d95-8bed-61d2bacc2c78/userFiles-f709b56a-e0db-488b-8b73-4e1e18dc4d17/org.xerial.snappy_snappy-java-1.1.8.4.jar
[2025-09-01 15:07:16,377] {subprocess.py:92} INFO - 25/09/01 15:07:16 INFO Executor: Fetching spark://e66737cfc193:33875/jars/com.google.code.findbugs_jsr305-3.0.0.jar with timestamp 1756739234797
[2025-09-01 15:07:16,428] {subprocess.py:92} INFO - 25/09/01 15:07:16 INFO TransportClientFactory: Successfully created connection to e66737cfc193/172.20.0.18:33875 after 39 ms (0 ms spent in bootstraps)
[2025-09-01 15:07:16,436] {subprocess.py:92} INFO - 25/09/01 15:07:16 INFO Utils: Fetching spark://e66737cfc193:33875/jars/com.google.code.findbugs_jsr305-3.0.0.jar to /tmp/spark-63d959b7-e7f8-4d95-8bed-61d2bacc2c78/userFiles-f709b56a-e0db-488b-8b73-4e1e18dc4d17/fetchFileTemp343720309064189793.tmp
[2025-09-01 15:07:16,479] {subprocess.py:92} INFO - 25/09/01 15:07:16 INFO Utils: /tmp/spark-63d959b7-e7f8-4d95-8bed-61d2bacc2c78/userFiles-f709b56a-e0db-488b-8b73-4e1e18dc4d17/fetchFileTemp343720309064189793.tmp has been previously copied to /tmp/spark-63d959b7-e7f8-4d95-8bed-61d2bacc2c78/userFiles-f709b56a-e0db-488b-8b73-4e1e18dc4d17/com.google.code.findbugs_jsr305-3.0.0.jar
[2025-09-01 15:07:16,486] {subprocess.py:92} INFO - 25/09/01 15:07:16 INFO Executor: Adding file:/tmp/spark-63d959b7-e7f8-4d95-8bed-61d2bacc2c78/userFiles-f709b56a-e0db-488b-8b73-4e1e18dc4d17/com.google.code.findbugs_jsr305-3.0.0.jar to class loader
[2025-09-01 15:07:16,487] {subprocess.py:92} INFO - 25/09/01 15:07:16 INFO Executor: Fetching spark://e66737cfc193:33875/jars/org.spark-project.spark_unused-1.0.0.jar with timestamp 1756739234797
[2025-09-01 15:07:16,487] {subprocess.py:92} INFO - 25/09/01 15:07:16 INFO Utils: Fetching spark://e66737cfc193:33875/jars/org.spark-project.spark_unused-1.0.0.jar to /tmp/spark-63d959b7-e7f8-4d95-8bed-61d2bacc2c78/userFiles-f709b56a-e0db-488b-8b73-4e1e18dc4d17/fetchFileTemp6444291163296712382.tmp
[2025-09-01 15:07:16,490] {subprocess.py:92} INFO - 25/09/01 15:07:16 INFO Utils: /tmp/spark-63d959b7-e7f8-4d95-8bed-61d2bacc2c78/userFiles-f709b56a-e0db-488b-8b73-4e1e18dc4d17/fetchFileTemp6444291163296712382.tmp has been previously copied to /tmp/spark-63d959b7-e7f8-4d95-8bed-61d2bacc2c78/userFiles-f709b56a-e0db-488b-8b73-4e1e18dc4d17/org.spark-project.spark_unused-1.0.0.jar
[2025-09-01 15:07:16,497] {subprocess.py:92} INFO - 25/09/01 15:07:16 INFO Executor: Adding file:/tmp/spark-63d959b7-e7f8-4d95-8bed-61d2bacc2c78/userFiles-f709b56a-e0db-488b-8b73-4e1e18dc4d17/org.spark-project.spark_unused-1.0.0.jar to class loader
[2025-09-01 15:07:16,497] {subprocess.py:92} INFO - 25/09/01 15:07:16 INFO Executor: Fetching spark://e66737cfc193:33875/jars/org.apache.spark_spark-token-provider-kafka-0-10_2.12-3.3.1.jar with timestamp 1756739234797
[2025-09-01 15:07:16,498] {subprocess.py:92} INFO - 25/09/01 15:07:16 INFO Utils: Fetching spark://e66737cfc193:33875/jars/org.apache.spark_spark-token-provider-kafka-0-10_2.12-3.3.1.jar to /tmp/spark-63d959b7-e7f8-4d95-8bed-61d2bacc2c78/userFiles-f709b56a-e0db-488b-8b73-4e1e18dc4d17/fetchFileTemp15301866187523492743.tmp
[2025-09-01 15:07:16,501] {subprocess.py:92} INFO - 25/09/01 15:07:16 INFO Utils: /tmp/spark-63d959b7-e7f8-4d95-8bed-61d2bacc2c78/userFiles-f709b56a-e0db-488b-8b73-4e1e18dc4d17/fetchFileTemp15301866187523492743.tmp has been previously copied to /tmp/spark-63d959b7-e7f8-4d95-8bed-61d2bacc2c78/userFiles-f709b56a-e0db-488b-8b73-4e1e18dc4d17/org.apache.spark_spark-token-provider-kafka-0-10_2.12-3.3.1.jar
[2025-09-01 15:07:16,508] {subprocess.py:92} INFO - 25/09/01 15:07:16 INFO Executor: Adding file:/tmp/spark-63d959b7-e7f8-4d95-8bed-61d2bacc2c78/userFiles-f709b56a-e0db-488b-8b73-4e1e18dc4d17/org.apache.spark_spark-token-provider-kafka-0-10_2.12-3.3.1.jar to class loader
[2025-09-01 15:07:16,509] {subprocess.py:92} INFO - 25/09/01 15:07:16 INFO Executor: Fetching spark://e66737cfc193:33875/jars/org.xerial.snappy_snappy-java-1.1.8.4.jar with timestamp 1756739234797
[2025-09-01 15:07:16,510] {subprocess.py:92} INFO - 25/09/01 15:07:16 INFO Utils: Fetching spark://e66737cfc193:33875/jars/org.xerial.snappy_snappy-java-1.1.8.4.jar to /tmp/spark-63d959b7-e7f8-4d95-8bed-61d2bacc2c78/userFiles-f709b56a-e0db-488b-8b73-4e1e18dc4d17/fetchFileTemp16015678309947649039.tmp
[2025-09-01 15:07:16,531] {subprocess.py:92} INFO - 25/09/01 15:07:16 INFO Utils: /tmp/spark-63d959b7-e7f8-4d95-8bed-61d2bacc2c78/userFiles-f709b56a-e0db-488b-8b73-4e1e18dc4d17/fetchFileTemp16015678309947649039.tmp has been previously copied to /tmp/spark-63d959b7-e7f8-4d95-8bed-61d2bacc2c78/userFiles-f709b56a-e0db-488b-8b73-4e1e18dc4d17/org.xerial.snappy_snappy-java-1.1.8.4.jar
[2025-09-01 15:07:16,539] {subprocess.py:92} INFO - 25/09/01 15:07:16 INFO Executor: Adding file:/tmp/spark-63d959b7-e7f8-4d95-8bed-61d2bacc2c78/userFiles-f709b56a-e0db-488b-8b73-4e1e18dc4d17/org.xerial.snappy_snappy-java-1.1.8.4.jar to class loader
[2025-09-01 15:07:16,539] {subprocess.py:92} INFO - 25/09/01 15:07:16 INFO Executor: Fetching spark://e66737cfc193:33875/jars/org.apache.commons_commons-pool2-2.11.1.jar with timestamp 1756739234797
[2025-09-01 15:07:16,540] {subprocess.py:92} INFO - 25/09/01 15:07:16 INFO Utils: Fetching spark://e66737cfc193:33875/jars/org.apache.commons_commons-pool2-2.11.1.jar to /tmp/spark-63d959b7-e7f8-4d95-8bed-61d2bacc2c78/userFiles-f709b56a-e0db-488b-8b73-4e1e18dc4d17/fetchFileTemp11964909950585741360.tmp
[2025-09-01 15:07:16,544] {subprocess.py:92} INFO - 25/09/01 15:07:16 INFO Utils: /tmp/spark-63d959b7-e7f8-4d95-8bed-61d2bacc2c78/userFiles-f709b56a-e0db-488b-8b73-4e1e18dc4d17/fetchFileTemp11964909950585741360.tmp has been previously copied to /tmp/spark-63d959b7-e7f8-4d95-8bed-61d2bacc2c78/userFiles-f709b56a-e0db-488b-8b73-4e1e18dc4d17/org.apache.commons_commons-pool2-2.11.1.jar
[2025-09-01 15:07:16,551] {subprocess.py:92} INFO - 25/09/01 15:07:16 INFO Executor: Adding file:/tmp/spark-63d959b7-e7f8-4d95-8bed-61d2bacc2c78/userFiles-f709b56a-e0db-488b-8b73-4e1e18dc4d17/org.apache.commons_commons-pool2-2.11.1.jar to class loader
[2025-09-01 15:07:16,552] {subprocess.py:92} INFO - 25/09/01 15:07:16 INFO Executor: Fetching spark://e66737cfc193:33875/jars/commons-logging_commons-logging-1.1.3.jar with timestamp 1756739234797
[2025-09-01 15:07:16,553] {subprocess.py:92} INFO - 25/09/01 15:07:16 INFO Utils: Fetching spark://e66737cfc193:33875/jars/commons-logging_commons-logging-1.1.3.jar to /tmp/spark-63d959b7-e7f8-4d95-8bed-61d2bacc2c78/userFiles-f709b56a-e0db-488b-8b73-4e1e18dc4d17/fetchFileTemp961399140282647261.tmp
[2025-09-01 15:07:16,556] {subprocess.py:92} INFO - 25/09/01 15:07:16 INFO Utils: /tmp/spark-63d959b7-e7f8-4d95-8bed-61d2bacc2c78/userFiles-f709b56a-e0db-488b-8b73-4e1e18dc4d17/fetchFileTemp961399140282647261.tmp has been previously copied to /tmp/spark-63d959b7-e7f8-4d95-8bed-61d2bacc2c78/userFiles-f709b56a-e0db-488b-8b73-4e1e18dc4d17/commons-logging_commons-logging-1.1.3.jar
[2025-09-01 15:07:16,563] {subprocess.py:92} INFO - 25/09/01 15:07:16 INFO Executor: Adding file:/tmp/spark-63d959b7-e7f8-4d95-8bed-61d2bacc2c78/userFiles-f709b56a-e0db-488b-8b73-4e1e18dc4d17/commons-logging_commons-logging-1.1.3.jar to class loader
[2025-09-01 15:07:16,563] {subprocess.py:92} INFO - 25/09/01 15:07:16 INFO Executor: Fetching spark://e66737cfc193:33875/jars/org.apache.hadoop_hadoop-client-runtime-3.3.2.jar with timestamp 1756739234797
[2025-09-01 15:07:16,564] {subprocess.py:92} INFO - 25/09/01 15:07:16 INFO Utils: Fetching spark://e66737cfc193:33875/jars/org.apache.hadoop_hadoop-client-runtime-3.3.2.jar to /tmp/spark-63d959b7-e7f8-4d95-8bed-61d2bacc2c78/userFiles-f709b56a-e0db-488b-8b73-4e1e18dc4d17/fetchFileTemp14534017396498225544.tmp
[2025-09-01 15:07:16,727] {subprocess.py:92} INFO - 25/09/01 15:07:16 INFO Utils: /tmp/spark-63d959b7-e7f8-4d95-8bed-61d2bacc2c78/userFiles-f709b56a-e0db-488b-8b73-4e1e18dc4d17/fetchFileTemp14534017396498225544.tmp has been previously copied to /tmp/spark-63d959b7-e7f8-4d95-8bed-61d2bacc2c78/userFiles-f709b56a-e0db-488b-8b73-4e1e18dc4d17/org.apache.hadoop_hadoop-client-runtime-3.3.2.jar
[2025-09-01 15:07:16,738] {subprocess.py:92} INFO - 25/09/01 15:07:16 INFO Executor: Adding file:/tmp/spark-63d959b7-e7f8-4d95-8bed-61d2bacc2c78/userFiles-f709b56a-e0db-488b-8b73-4e1e18dc4d17/org.apache.hadoop_hadoop-client-runtime-3.3.2.jar to class loader
[2025-09-01 15:07:16,739] {subprocess.py:92} INFO - 25/09/01 15:07:16 INFO Executor: Fetching spark://e66737cfc193:33875/jars/org.apache.spark_spark-sql-kafka-0-10_2.12-3.3.1.jar with timestamp 1756739234797
[2025-09-01 15:07:16,740] {subprocess.py:92} INFO - 25/09/01 15:07:16 INFO Utils: Fetching spark://e66737cfc193:33875/jars/org.apache.spark_spark-sql-kafka-0-10_2.12-3.3.1.jar to /tmp/spark-63d959b7-e7f8-4d95-8bed-61d2bacc2c78/userFiles-f709b56a-e0db-488b-8b73-4e1e18dc4d17/fetchFileTemp14544404536379223790.tmp
[2025-09-01 15:07:16,744] {subprocess.py:92} INFO - 25/09/01 15:07:16 INFO Utils: /tmp/spark-63d959b7-e7f8-4d95-8bed-61d2bacc2c78/userFiles-f709b56a-e0db-488b-8b73-4e1e18dc4d17/fetchFileTemp14544404536379223790.tmp has been previously copied to /tmp/spark-63d959b7-e7f8-4d95-8bed-61d2bacc2c78/userFiles-f709b56a-e0db-488b-8b73-4e1e18dc4d17/org.apache.spark_spark-sql-kafka-0-10_2.12-3.3.1.jar
[2025-09-01 15:07:16,751] {subprocess.py:92} INFO - 25/09/01 15:07:16 INFO Executor: Adding file:/tmp/spark-63d959b7-e7f8-4d95-8bed-61d2bacc2c78/userFiles-f709b56a-e0db-488b-8b73-4e1e18dc4d17/org.apache.spark_spark-sql-kafka-0-10_2.12-3.3.1.jar to class loader
[2025-09-01 15:07:16,752] {subprocess.py:92} INFO - 25/09/01 15:07:16 INFO Executor: Fetching spark://e66737cfc193:33875/jars/org.lz4_lz4-java-1.8.0.jar with timestamp 1756739234797
[2025-09-01 15:07:16,752] {subprocess.py:92} INFO - 25/09/01 15:07:16 INFO Utils: Fetching spark://e66737cfc193:33875/jars/org.lz4_lz4-java-1.8.0.jar to /tmp/spark-63d959b7-e7f8-4d95-8bed-61d2bacc2c78/userFiles-f709b56a-e0db-488b-8b73-4e1e18dc4d17/fetchFileTemp4776369183853486117.tmp
[2025-09-01 15:07:16,758] {subprocess.py:92} INFO - 25/09/01 15:07:16 INFO Utils: /tmp/spark-63d959b7-e7f8-4d95-8bed-61d2bacc2c78/userFiles-f709b56a-e0db-488b-8b73-4e1e18dc4d17/fetchFileTemp4776369183853486117.tmp has been previously copied to /tmp/spark-63d959b7-e7f8-4d95-8bed-61d2bacc2c78/userFiles-f709b56a-e0db-488b-8b73-4e1e18dc4d17/org.lz4_lz4-java-1.8.0.jar
[2025-09-01 15:07:16,764] {subprocess.py:92} INFO - 25/09/01 15:07:16 INFO Executor: Adding file:/tmp/spark-63d959b7-e7f8-4d95-8bed-61d2bacc2c78/userFiles-f709b56a-e0db-488b-8b73-4e1e18dc4d17/org.lz4_lz4-java-1.8.0.jar to class loader
[2025-09-01 15:07:16,764] {subprocess.py:92} INFO - 25/09/01 15:07:16 INFO Executor: Fetching spark://e66737cfc193:33875/jars/org.apache.kafka_kafka-clients-2.8.1.jar with timestamp 1756739234797
[2025-09-01 15:07:16,765] {subprocess.py:92} INFO - 25/09/01 15:07:16 INFO Utils: Fetching spark://e66737cfc193:33875/jars/org.apache.kafka_kafka-clients-2.8.1.jar to /tmp/spark-63d959b7-e7f8-4d95-8bed-61d2bacc2c78/userFiles-f709b56a-e0db-488b-8b73-4e1e18dc4d17/fetchFileTemp11489443092602203442.tmp
[2025-09-01 15:07:16,788] {subprocess.py:92} INFO - 25/09/01 15:07:16 INFO Utils: /tmp/spark-63d959b7-e7f8-4d95-8bed-61d2bacc2c78/userFiles-f709b56a-e0db-488b-8b73-4e1e18dc4d17/fetchFileTemp11489443092602203442.tmp has been previously copied to /tmp/spark-63d959b7-e7f8-4d95-8bed-61d2bacc2c78/userFiles-f709b56a-e0db-488b-8b73-4e1e18dc4d17/org.apache.kafka_kafka-clients-2.8.1.jar
[2025-09-01 15:07:16,794] {subprocess.py:92} INFO - 25/09/01 15:07:16 INFO Executor: Adding file:/tmp/spark-63d959b7-e7f8-4d95-8bed-61d2bacc2c78/userFiles-f709b56a-e0db-488b-8b73-4e1e18dc4d17/org.apache.kafka_kafka-clients-2.8.1.jar to class loader
[2025-09-01 15:07:16,795] {subprocess.py:92} INFO - 25/09/01 15:07:16 INFO Executor: Fetching spark://e66737cfc193:33875/jars/org.slf4j_slf4j-api-1.7.32.jar with timestamp 1756739234797
[2025-09-01 15:07:16,795] {subprocess.py:92} INFO - 25/09/01 15:07:16 INFO Utils: Fetching spark://e66737cfc193:33875/jars/org.slf4j_slf4j-api-1.7.32.jar to /tmp/spark-63d959b7-e7f8-4d95-8bed-61d2bacc2c78/userFiles-f709b56a-e0db-488b-8b73-4e1e18dc4d17/fetchFileTemp14099169274876006521.tmp
[2025-09-01 15:07:16,798] {subprocess.py:92} INFO - 25/09/01 15:07:16 INFO Utils: /tmp/spark-63d959b7-e7f8-4d95-8bed-61d2bacc2c78/userFiles-f709b56a-e0db-488b-8b73-4e1e18dc4d17/fetchFileTemp14099169274876006521.tmp has been previously copied to /tmp/spark-63d959b7-e7f8-4d95-8bed-61d2bacc2c78/userFiles-f709b56a-e0db-488b-8b73-4e1e18dc4d17/org.slf4j_slf4j-api-1.7.32.jar
[2025-09-01 15:07:16,804] {subprocess.py:92} INFO - 25/09/01 15:07:16 INFO Executor: Adding file:/tmp/spark-63d959b7-e7f8-4d95-8bed-61d2bacc2c78/userFiles-f709b56a-e0db-488b-8b73-4e1e18dc4d17/org.slf4j_slf4j-api-1.7.32.jar to class loader
[2025-09-01 15:07:16,804] {subprocess.py:92} INFO - 25/09/01 15:07:16 INFO Executor: Fetching spark://e66737cfc193:33875/jars/org.apache.hadoop_hadoop-client-api-3.3.2.jar with timestamp 1756739234797
[2025-09-01 15:07:16,805] {subprocess.py:92} INFO - 25/09/01 15:07:16 INFO Utils: Fetching spark://e66737cfc193:33875/jars/org.apache.hadoop_hadoop-client-api-3.3.2.jar to /tmp/spark-63d959b7-e7f8-4d95-8bed-61d2bacc2c78/userFiles-f709b56a-e0db-488b-8b73-4e1e18dc4d17/fetchFileTemp1601290703300121897.tmp
[2025-09-01 15:07:16,902] {subprocess.py:92} INFO - 25/09/01 15:07:16 INFO Utils: /tmp/spark-63d959b7-e7f8-4d95-8bed-61d2bacc2c78/userFiles-f709b56a-e0db-488b-8b73-4e1e18dc4d17/fetchFileTemp1601290703300121897.tmp has been previously copied to /tmp/spark-63d959b7-e7f8-4d95-8bed-61d2bacc2c78/userFiles-f709b56a-e0db-488b-8b73-4e1e18dc4d17/org.apache.hadoop_hadoop-client-api-3.3.2.jar
[2025-09-01 15:07:16,912] {subprocess.py:92} INFO - 25/09/01 15:07:16 INFO Executor: Adding file:/tmp/spark-63d959b7-e7f8-4d95-8bed-61d2bacc2c78/userFiles-f709b56a-e0db-488b-8b73-4e1e18dc4d17/org.apache.hadoop_hadoop-client-api-3.3.2.jar to class loader
[2025-09-01 15:07:16,925] {subprocess.py:92} INFO - 25/09/01 15:07:16 INFO Utils: Successfully started service 'org.apache.spark.network.netty.NettyBlockTransferService' on port 37169.
[2025-09-01 15:07:16,926] {subprocess.py:92} INFO - 25/09/01 15:07:16 INFO NettyBlockTransferService: Server created on e66737cfc193:37169
[2025-09-01 15:07:16,929] {subprocess.py:92} INFO - 25/09/01 15:07:16 INFO BlockManager: Using org.apache.spark.storage.RandomBlockReplicationPolicy for block replication policy
[2025-09-01 15:07:16,941] {subprocess.py:92} INFO - 25/09/01 15:07:16 INFO BlockManagerMaster: Registering BlockManager BlockManagerId(driver, e66737cfc193, 37169, None)
[2025-09-01 15:07:16,947] {subprocess.py:92} INFO - 25/09/01 15:07:16 INFO BlockManagerMasterEndpoint: Registering block manager e66737cfc193:37169 with 434.4 MiB RAM, BlockManagerId(driver, e66737cfc193, 37169, None)
[2025-09-01 15:07:16,952] {subprocess.py:92} INFO - 25/09/01 15:07:16 INFO BlockManagerMaster: Registered BlockManager BlockManagerId(driver, e66737cfc193, 37169, None)
[2025-09-01 15:07:16,955] {subprocess.py:92} INFO - 25/09/01 15:07:16 INFO BlockManager: Initialized BlockManager: BlockManagerId(driver, e66737cfc193, 37169, None)
[2025-09-01 15:07:17,583] {subprocess.py:92} INFO - Connexion à Kafka...
[2025-09-01 15:07:20,287] {subprocess.py:92} INFO - Connexion Kafka réussie (kafka:9092)
[2025-09-01 15:07:20,287] {subprocess.py:92} INFO - Transformation des données JSON...
[2025-09-01 15:07:20,638] {subprocess.py:92} INFO - Démarrage du streaming vers HDFS...
[2025-09-01 15:07:21,809] {subprocess.py:92} INFO - Streaming actif - Données météo sauvegardées dans HDFS:/data/weather
[2025-09-01 15:38:00,110] {subprocess.py:92} INFO - 25/09/01 15:38:00 ERROR MicroBatchExecution: Query [id = 8bb46a74-6ffa-4764-a9c6-2e4a331d8211, runId = 9639b51e-ee07-4c8d-b260-91dd4612f016] terminated with error
[2025-09-01 15:38:00,111] {subprocess.py:92} INFO - org.apache.spark.SparkException: Execution of the stream null failed. Please, fill a bug report in, and provide the full stack trace.
[2025-09-01 15:38:00,111] {subprocess.py:92} INFO - 	at org.apache.spark.sql.execution.QueryExecution$.toInternalError(QueryExecution.scala:500)
[2025-09-01 15:38:00,111] {subprocess.py:92} INFO - 	at org.apache.spark.sql.execution.streaming.StreamExecution.org$apache$spark$sql$execution$streaming$StreamExecution$$runStream(StreamExecution.scala:324)
[2025-09-01 15:38:00,111] {subprocess.py:92} INFO - 	at org.apache.spark.sql.execution.streaming.StreamExecution$$anon$1.run(StreamExecution.scala:208)
[2025-09-01 15:38:00,111] {subprocess.py:92} INFO - Caused by: java.lang.AssertionError: assertion failed: Concurrent update to the log. Multiple streaming jobs detected for 75
[2025-09-01 15:38:00,112] {subprocess.py:92} INFO - 	at scala.Predef$.assert(Predef.scala:223)
[2025-09-01 15:38:00,112] {subprocess.py:92} INFO - 	at org.apache.spark.sql.execution.streaming.MicroBatchExecution.$anonfun$constructNextBatch$13(MicroBatchExecution.scala:496)
[2025-09-01 15:38:00,112] {subprocess.py:92} INFO - 	at scala.runtime.java8.JFunction0$mcV$sp.apply(JFunction0$mcV$sp.java:23)
[2025-09-01 15:38:00,112] {subprocess.py:92} INFO - 	at org.apache.spark.sql.execution.streaming.ProgressReporter.reportTimeTaken(ProgressReporter.scala:375)
[2025-09-01 15:38:00,112] {subprocess.py:92} INFO - 	at org.apache.spark.sql.execution.streaming.ProgressReporter.reportTimeTaken$(ProgressReporter.scala:373)
[2025-09-01 15:38:00,112] {subprocess.py:92} INFO - 	at org.apache.spark.sql.execution.streaming.StreamExecution.reportTimeTaken(StreamExecution.scala:68)
[2025-09-01 15:38:00,112] {subprocess.py:92} INFO - 	at org.apache.spark.sql.execution.streaming.MicroBatchExecution.$anonfun$constructNextBatch$1(MicroBatchExecution.scala:493)
[2025-09-01 15:38:00,113] {subprocess.py:92} INFO - 	at scala.runtime.java8.JFunction0$mcZ$sp.apply(JFunction0$mcZ$sp.java:23)
[2025-09-01 15:38:00,113] {subprocess.py:92} INFO - 	at org.apache.spark.sql.execution.streaming.MicroBatchExecution.withProgressLocked(MicroBatchExecution.scala:693)
[2025-09-01 15:38:00,113] {subprocess.py:92} INFO - 	at org.apache.spark.sql.execution.streaming.MicroBatchExecution.constructNextBatch(MicroBatchExecution.scala:433)
[2025-09-01 15:38:00,113] {subprocess.py:92} INFO - 	at org.apache.spark.sql.execution.streaming.MicroBatchExecution.$anonfun$runActivatedStream$2(MicroBatchExecution.scala:238)
[2025-09-01 15:38:00,113] {subprocess.py:92} INFO - 	at scala.runtime.java8.JFunction0$mcV$sp.apply(JFunction0$mcV$sp.java:23)
[2025-09-01 15:38:00,113] {subprocess.py:92} INFO - 	at org.apache.spark.sql.execution.streaming.ProgressReporter.reportTimeTaken(ProgressReporter.scala:375)
[2025-09-01 15:38:00,113] {subprocess.py:92} INFO - 	at org.apache.spark.sql.execution.streaming.ProgressReporter.reportTimeTaken$(ProgressReporter.scala:373)
[2025-09-01 15:38:00,113] {subprocess.py:92} INFO - 	at org.apache.spark.sql.execution.streaming.StreamExecution.reportTimeTaken(StreamExecution.scala:68)
[2025-09-01 15:38:00,113] {subprocess.py:92} INFO - 	at org.apache.spark.sql.execution.streaming.MicroBatchExecution.$anonfun$runActivatedStream$1(MicroBatchExecution.scala:219)
[2025-09-01 15:38:00,113] {subprocess.py:92} INFO - 	at org.apache.spark.sql.execution.streaming.ProcessingTimeExecutor.execute(TriggerExecutor.scala:67)
[2025-09-01 15:38:00,113] {subprocess.py:92} INFO - 	at org.apache.spark.sql.execution.streaming.MicroBatchExecution.runActivatedStream(MicroBatchExecution.scala:213)
[2025-09-01 15:38:00,113] {subprocess.py:92} INFO - 	at org.apache.spark.sql.execution.streaming.StreamExecution.$anonfun$runStream$1(StreamExecution.scala:307)
[2025-09-01 15:38:00,113] {subprocess.py:92} INFO - 	at scala.runtime.java8.JFunction0$mcV$sp.apply(JFunction0$mcV$sp.java:23)
[2025-09-01 15:38:00,114] {subprocess.py:92} INFO - 	at org.apache.spark.sql.SparkSession.withActive(SparkSession.scala:779)
[2025-09-01 15:38:00,114] {subprocess.py:92} INFO - 	at org.apache.spark.sql.execution.streaming.StreamExecution.org$apache$spark$sql$execution$streaming$StreamExecution$$runStream(StreamExecution.scala:285)
[2025-09-01 15:38:00,114] {subprocess.py:92} INFO - 	... 1 more
[2025-09-01 15:38:00,199] {subprocess.py:92} INFO - Traceback (most recent call last):
[2025-09-01 15:38:00,200] {subprocess.py:92} INFO -   File "/opt/***/scripts/pyspark/streaming.py", line 60, in <module>
[2025-09-01 15:38:00,200] {subprocess.py:92} INFO -     query.awaitTermination()
[2025-09-01 15:38:00,200] {subprocess.py:92} INFO -   File "/opt/spark-3.3.1-bin-hadoop3/python/lib/pyspark.zip/pyspark/sql/streaming.py", line 107, in awaitTermination
[2025-09-01 15:38:00,201] {subprocess.py:92} INFO -   File "/opt/spark-3.3.1-bin-hadoop3/python/lib/py4j-0.10.9.5-src.zip/py4j/java_gateway.py", line 1322, in __call__
[2025-09-01 15:38:00,202] {subprocess.py:92} INFO -   File "/opt/spark-3.3.1-bin-hadoop3/python/lib/pyspark.zip/pyspark/sql/utils.py", line 196, in deco
[2025-09-01 15:38:00,209] {subprocess.py:92} INFO - pyspark.sql.utils.StreamingQueryException: Query [id = 8bb46a74-6ffa-4764-a9c6-2e4a331d8211, runId = 9639b51e-ee07-4c8d-b260-91dd4612f016] terminated with exception: Execution of the stream null failed. Please, fill a bug report in, and provide the full stack trace.
[2025-09-01 15:38:00,438] {subprocess.py:96} INFO - Command exited with return code 1
[2025-09-01 15:38:00,466] {taskinstance.py:1889} ERROR - Task failed with exception
Traceback (most recent call last):
  File "/home/airflow/.local/lib/python3.7/site-packages/airflow/operators/bash.py", line 195, in execute
    f'Bash command failed. The command returned a non-zero exit code {result.exit_code}.'
airflow.exceptions.AirflowException: Bash command failed. The command returned a non-zero exit code 1.
[2025-09-01 15:38:00,478] {taskinstance.py:1400} INFO - Marking task as UP_FOR_RETRY. dag_id=send_weather_to_kafka, task_id=stream_hdfs, execution_date=20250901T143631, start_date=20250901T150709, end_date=20250901T153800
[2025-09-01 15:38:00,495] {standard_task_runner.py:97} ERROR - Failed to execute job 592 for task stream_hdfs (Bash command failed. The command returned a non-zero exit code 1.; 24316)
[2025-09-01 15:38:00,542] {local_task_job.py:156} INFO - Task exited with return code 1
[2025-09-01 15:38:00,587] {local_task_job.py:273} INFO - 0 downstream tasks scheduled from follow-on schedule check
