[2025-08-17 13:20:16,746] {taskinstance.py:1159} INFO - Dependencies all met for <TaskInstance: send_weather_to_kafka.stream_hdfs scheduled__2025-08-17T11:19:41.403677+00:00 [queued]>
[2025-08-17 13:20:16,758] {taskinstance.py:1159} INFO - Dependencies all met for <TaskInstance: send_weather_to_kafka.stream_hdfs scheduled__2025-08-17T11:19:41.403677+00:00 [queued]>
[2025-08-17 13:20:16,758] {taskinstance.py:1356} INFO - 
--------------------------------------------------------------------------------
[2025-08-17 13:20:16,758] {taskinstance.py:1357} INFO - Starting attempt 1 of 2
[2025-08-17 13:20:16,758] {taskinstance.py:1358} INFO - 
--------------------------------------------------------------------------------
[2025-08-17 13:20:16,774] {taskinstance.py:1377} INFO - Executing <Task(BashOperator): stream_hdfs> on 2025-08-17 11:19:41.403677+00:00
[2025-08-17 13:20:16,778] {standard_task_runner.py:52} INFO - Started process 22905 to run task
[2025-08-17 13:20:16,782] {standard_task_runner.py:79} INFO - Running: ['***', 'tasks', 'run', 'send_weather_to_kafka', 'stream_hdfs', 'scheduled__2025-08-17T11:19:41.403677+00:00', '--job-id', '264', '--raw', '--subdir', 'DAGS_FOLDER/dag_meteo.py', '--cfg-path', '/tmp/tmpkv5vj48x', '--error-file', '/tmp/tmp1qwyq4z9']
[2025-08-17 13:20:16,784] {standard_task_runner.py:80} INFO - Job 264: Subtask stream_hdfs
[2025-08-17 13:20:16,810] {logging_mixin.py:115} WARNING - /home/***/.local/lib/python3.7/site-packages/***/configuration.py:470 DeprecationWarning: The sql_alchemy_conn option in [core] has been moved to the sql_alchemy_conn option in [database] - the old setting has been used, but please update your config.
[2025-08-17 13:20:16,859] {task_command.py:369} INFO - Running <TaskInstance: send_weather_to_kafka.stream_hdfs scheduled__2025-08-17T11:19:41.403677+00:00 [running]> on host a4b544519f2b
[2025-08-17 13:20:16,958] {taskinstance.py:1571} INFO - Exporting the following env vars:
AIRFLOW_CTX_DAG_OWNER=***
AIRFLOW_CTX_DAG_ID=send_weather_to_kafka
AIRFLOW_CTX_TASK_ID=stream_hdfs
AIRFLOW_CTX_EXECUTION_DATE=2025-08-17T11:19:41.403677+00:00
AIRFLOW_CTX_TRY_NUMBER=1
AIRFLOW_CTX_DAG_RUN_ID=scheduled__2025-08-17T11:19:41.403677+00:00
[2025-08-17 13:20:16,958] {subprocess.py:62} INFO - Tmp dir root location: 
 /tmp
[2025-08-17 13:20:16,959] {subprocess.py:74} INFO - Running command: ['bash', '-c', '\n/home/***/.local/bin/spark-submit   --master local[*]   --conf spark.hadoop.fs.defaultFS=hdfs://namenode:9000   --conf spark.hadoop.dfs.client.use.datanode.hostname=true   --conf spark.sql.adaptive.enabled=false   --packages org.apache.spark:spark-sql-kafka-0-10_2.12:3.3.1   /opt/***/scripts/pyspark/streaming.py']
[2025-08-17 13:20:16,971] {subprocess.py:85} INFO - Output:
[2025-08-17 13:20:16,984] {subprocess.py:92} INFO - /opt/spark-3.3.1-bin-hadoop3/bin/load-spark-env.sh: line 68: ps: command not found
[2025-08-17 13:20:18,478] {subprocess.py:92} INFO - :: loading settings :: url = jar:file:/opt/spark-3.3.1-bin-hadoop3/jars/ivy-2.5.0.jar!/org/apache/ivy/core/settings/ivysettings.xml
[2025-08-17 13:20:18,598] {subprocess.py:92} INFO - Ivy Default Cache set to: /home/***/.ivy2/cache
[2025-08-17 13:20:18,599] {subprocess.py:92} INFO - The jars for the packages stored in: /home/***/.ivy2/jars
[2025-08-17 13:20:18,607] {subprocess.py:92} INFO - org.apache.spark#spark-sql-kafka-0-10_2.12 added as a dependency
[2025-08-17 13:20:18,609] {subprocess.py:92} INFO - :: resolving dependencies :: org.apache.spark#spark-submit-parent-a7bb9d11-f4bb-44eb-90bb-aac1ec1cdfc7;1.0
[2025-08-17 13:20:18,609] {subprocess.py:92} INFO - 	confs: [default]
[2025-08-17 13:20:18,769] {subprocess.py:92} INFO - 	found org.apache.spark#spark-sql-kafka-0-10_2.12;3.3.1 in spark-list
[2025-08-17 13:20:18,820] {subprocess.py:92} INFO - 	found org.apache.spark#spark-token-provider-kafka-0-10_2.12;3.3.1 in central
[2025-08-17 13:20:18,848] {subprocess.py:92} INFO - 	found org.apache.kafka#kafka-clients;2.8.1 in central
[2025-08-17 13:20:18,874] {subprocess.py:92} INFO - 	found org.lz4#lz4-java;1.8.0 in spark-list
[2025-08-17 13:20:18,894] {subprocess.py:92} INFO - 	found org.xerial.snappy#snappy-java;1.1.8.4 in central
[2025-08-17 13:20:18,912] {subprocess.py:92} INFO - 	found org.slf4j#slf4j-api;1.7.32 in central
[2025-08-17 13:20:18,937] {subprocess.py:92} INFO - 	found org.apache.hadoop#hadoop-client-runtime;3.3.2 in central
[2025-08-17 13:20:18,951] {subprocess.py:92} INFO - 	found org.spark-project.spark#unused;1.0.0 in central
[2025-08-17 13:20:18,977] {subprocess.py:92} INFO - 	found org.apache.hadoop#hadoop-client-api;3.3.2 in central
[2025-08-17 13:20:19,001] {subprocess.py:92} INFO - 	found commons-logging#commons-logging;1.1.3 in central
[2025-08-17 13:20:19,016] {subprocess.py:92} INFO - 	found com.google.code.findbugs#jsr305;3.0.0 in central
[2025-08-17 13:20:19,028] {subprocess.py:92} INFO - 	found org.apache.commons#commons-pool2;2.11.1 in central
[2025-08-17 13:20:19,050] {subprocess.py:92} INFO - :: resolution report :: resolve 430ms :: artifacts dl 11ms
[2025-08-17 13:20:19,050] {subprocess.py:92} INFO - 	:: modules in use:
[2025-08-17 13:20:19,051] {subprocess.py:92} INFO - 	com.google.code.findbugs#jsr305;3.0.0 from central in [default]
[2025-08-17 13:20:19,051] {subprocess.py:92} INFO - 	commons-logging#commons-logging;1.1.3 from central in [default]
[2025-08-17 13:20:19,051] {subprocess.py:92} INFO - 	org.apache.commons#commons-pool2;2.11.1 from central in [default]
[2025-08-17 13:20:19,051] {subprocess.py:92} INFO - 	org.apache.hadoop#hadoop-client-api;3.3.2 from central in [default]
[2025-08-17 13:20:19,051] {subprocess.py:92} INFO - 	org.apache.hadoop#hadoop-client-runtime;3.3.2 from central in [default]
[2025-08-17 13:20:19,051] {subprocess.py:92} INFO - 	org.apache.kafka#kafka-clients;2.8.1 from central in [default]
[2025-08-17 13:20:19,051] {subprocess.py:92} INFO - 	org.apache.spark#spark-sql-kafka-0-10_2.12;3.3.1 from spark-list in [default]
[2025-08-17 13:20:19,051] {subprocess.py:92} INFO - 	org.apache.spark#spark-token-provider-kafka-0-10_2.12;3.3.1 from central in [default]
[2025-08-17 13:20:19,051] {subprocess.py:92} INFO - 	org.lz4#lz4-java;1.8.0 from spark-list in [default]
[2025-08-17 13:20:19,051] {subprocess.py:92} INFO - 	org.slf4j#slf4j-api;1.7.32 from central in [default]
[2025-08-17 13:20:19,051] {subprocess.py:92} INFO - 	org.spark-project.spark#unused;1.0.0 from central in [default]
[2025-08-17 13:20:19,052] {subprocess.py:92} INFO - 	org.xerial.snappy#snappy-java;1.1.8.4 from central in [default]
[2025-08-17 13:20:19,052] {subprocess.py:92} INFO - 	---------------------------------------------------------------------
[2025-08-17 13:20:19,052] {subprocess.py:92} INFO - 	|                  |            modules            ||   artifacts   |
[2025-08-17 13:20:19,052] {subprocess.py:92} INFO - 	|       conf       | number| search|dwnlded|evicted|| number|dwnlded|
[2025-08-17 13:20:19,052] {subprocess.py:92} INFO - 	---------------------------------------------------------------------
[2025-08-17 13:20:19,052] {subprocess.py:92} INFO - 	|      default     |   12  |   0   |   0   |   0   ||   12  |   0   |
[2025-08-17 13:20:19,052] {subprocess.py:92} INFO - 	---------------------------------------------------------------------
[2025-08-17 13:20:19,058] {subprocess.py:92} INFO - :: retrieving :: org.apache.spark#spark-submit-parent-a7bb9d11-f4bb-44eb-90bb-aac1ec1cdfc7
[2025-08-17 13:20:19,058] {subprocess.py:92} INFO - 	confs: [default]
[2025-08-17 13:20:19,066] {subprocess.py:92} INFO - 	0 artifacts copied, 12 already retrieved (0kB/8ms)
[2025-08-17 13:20:19,289] {subprocess.py:92} INFO - 25/08/17 13:20:19 WARN NativeCodeLoader: Unable to load native-hadoop library for your platform... using builtin-java classes where applicable
[2025-08-17 13:20:20,909] {subprocess.py:92} INFO - 25/08/17 13:20:20 INFO SparkContext: Running Spark version 3.3.1
[2025-08-17 13:20:20,952] {subprocess.py:92} INFO - 25/08/17 13:20:20 INFO ResourceUtils: ==============================================================
[2025-08-17 13:20:20,953] {subprocess.py:92} INFO - 25/08/17 13:20:20 INFO ResourceUtils: No custom resources configured for spark.driver.
[2025-08-17 13:20:20,954] {subprocess.py:92} INFO - 25/08/17 13:20:20 INFO ResourceUtils: ==============================================================
[2025-08-17 13:20:20,954] {subprocess.py:92} INFO - 25/08/17 13:20:20 INFO SparkContext: Submitted application: KafkaToHDFSWeather
[2025-08-17 13:20:20,992] {subprocess.py:92} INFO - 25/08/17 13:20:20 INFO ResourceProfile: Default ResourceProfile created, executor resources: Map(cores -> name: cores, amount: 1, script: , vendor: , memory -> name: memory, amount: 1024, script: , vendor: , offHeap -> name: offHeap, amount: 0, script: , vendor: ), task resources: Map(cpus -> name: cpus, amount: 1.0)
[2025-08-17 13:20:21,014] {subprocess.py:92} INFO - 25/08/17 13:20:21 INFO ResourceProfile: Limiting resource is cpu
[2025-08-17 13:20:21,015] {subprocess.py:92} INFO - 25/08/17 13:20:21 INFO ResourceProfileManager: Added ResourceProfile id: 0
[2025-08-17 13:20:21,114] {subprocess.py:92} INFO - 25/08/17 13:20:21 INFO SecurityManager: Changing view acls to: ***
[2025-08-17 13:20:21,115] {subprocess.py:92} INFO - 25/08/17 13:20:21 INFO SecurityManager: Changing modify acls to: ***
[2025-08-17 13:20:21,116] {subprocess.py:92} INFO - 25/08/17 13:20:21 INFO SecurityManager: Changing view acls groups to:
[2025-08-17 13:20:21,117] {subprocess.py:92} INFO - 25/08/17 13:20:21 INFO SecurityManager: Changing modify acls groups to:
[2025-08-17 13:20:21,118] {subprocess.py:92} INFO - 25/08/17 13:20:21 INFO SecurityManager: SecurityManager: authentication disabled; ui acls disabled; users  with view permissions: Set(***); groups with view permissions: Set(); users  with modify permissions: Set(***); groups with modify permissions: Set()
[2025-08-17 13:20:21,391] {subprocess.py:92} INFO - 25/08/17 13:20:21 INFO Utils: Successfully started service 'sparkDriver' on port 44565.
[2025-08-17 13:20:21,422] {subprocess.py:92} INFO - 25/08/17 13:20:21 INFO SparkEnv: Registering MapOutputTracker
[2025-08-17 13:20:21,459] {subprocess.py:92} INFO - 25/08/17 13:20:21 INFO SparkEnv: Registering BlockManagerMaster
[2025-08-17 13:20:21,477] {subprocess.py:92} INFO - 25/08/17 13:20:21 INFO BlockManagerMasterEndpoint: Using org.apache.spark.storage.DefaultTopologyMapper for getting topology information
[2025-08-17 13:20:21,477] {subprocess.py:92} INFO - 25/08/17 13:20:21 INFO BlockManagerMasterEndpoint: BlockManagerMasterEndpoint up
[2025-08-17 13:20:21,482] {subprocess.py:92} INFO - 25/08/17 13:20:21 INFO SparkEnv: Registering BlockManagerMasterHeartbeat
[2025-08-17 13:20:21,505] {subprocess.py:92} INFO - 25/08/17 13:20:21 INFO DiskBlockManager: Created local directory at /tmp/blockmgr-c392894a-887a-4e8d-b1ba-9f42e4043456
[2025-08-17 13:20:21,522] {subprocess.py:92} INFO - 25/08/17 13:20:21 INFO MemoryStore: MemoryStore started with capacity 434.4 MiB
[2025-08-17 13:20:21,541] {subprocess.py:92} INFO - 25/08/17 13:20:21 INFO SparkEnv: Registering OutputCommitCoordinator
[2025-08-17 13:20:21,771] {subprocess.py:92} INFO - 25/08/17 13:20:21 WARN Utils: Service 'SparkUI' could not bind on port 4040. Attempting port 4041.
[2025-08-17 13:20:21,784] {subprocess.py:92} INFO - 25/08/17 13:20:21 INFO Utils: Successfully started service 'SparkUI' on port 4041.
[2025-08-17 13:20:21,826] {subprocess.py:92} INFO - 25/08/17 13:20:21 INFO SparkContext: Added JAR file:///home/***/.ivy2/jars/org.apache.spark_spark-sql-kafka-0-10_2.12-3.3.1.jar at spark://a4b544519f2b:44565/jars/org.apache.spark_spark-sql-kafka-0-10_2.12-3.3.1.jar with timestamp 1755436820891
[2025-08-17 13:20:21,827] {subprocess.py:92} INFO - 25/08/17 13:20:21 INFO SparkContext: Added JAR file:///home/***/.ivy2/jars/org.apache.spark_spark-token-provider-kafka-0-10_2.12-3.3.1.jar at spark://a4b544519f2b:44565/jars/org.apache.spark_spark-token-provider-kafka-0-10_2.12-3.3.1.jar with timestamp 1755436820891
[2025-08-17 13:20:21,827] {subprocess.py:92} INFO - 25/08/17 13:20:21 INFO SparkContext: Added JAR file:///home/***/.ivy2/jars/org.apache.kafka_kafka-clients-2.8.1.jar at spark://a4b544519f2b:44565/jars/org.apache.kafka_kafka-clients-2.8.1.jar with timestamp 1755436820891
[2025-08-17 13:20:21,827] {subprocess.py:92} INFO - 25/08/17 13:20:21 INFO SparkContext: Added JAR file:///home/***/.ivy2/jars/com.google.code.findbugs_jsr305-3.0.0.jar at spark://a4b544519f2b:44565/jars/com.google.code.findbugs_jsr305-3.0.0.jar with timestamp 1755436820891
[2025-08-17 13:20:21,827] {subprocess.py:92} INFO - 25/08/17 13:20:21 INFO SparkContext: Added JAR file:///home/***/.ivy2/jars/org.apache.commons_commons-pool2-2.11.1.jar at spark://a4b544519f2b:44565/jars/org.apache.commons_commons-pool2-2.11.1.jar with timestamp 1755436820891
[2025-08-17 13:20:21,827] {subprocess.py:92} INFO - 25/08/17 13:20:21 INFO SparkContext: Added JAR file:///home/***/.ivy2/jars/org.spark-project.spark_unused-1.0.0.jar at spark://a4b544519f2b:44565/jars/org.spark-project.spark_unused-1.0.0.jar with timestamp 1755436820891
[2025-08-17 13:20:21,828] {subprocess.py:92} INFO - 25/08/17 13:20:21 INFO SparkContext: Added JAR file:///home/***/.ivy2/jars/org.apache.hadoop_hadoop-client-runtime-3.3.2.jar at spark://a4b544519f2b:44565/jars/org.apache.hadoop_hadoop-client-runtime-3.3.2.jar with timestamp 1755436820891
[2025-08-17 13:20:21,828] {subprocess.py:92} INFO - 25/08/17 13:20:21 INFO SparkContext: Added JAR file:///home/***/.ivy2/jars/org.lz4_lz4-java-1.8.0.jar at spark://a4b544519f2b:44565/jars/org.lz4_lz4-java-1.8.0.jar with timestamp 1755436820891
[2025-08-17 13:20:21,828] {subprocess.py:92} INFO - 25/08/17 13:20:21 INFO SparkContext: Added JAR file:///home/***/.ivy2/jars/org.xerial.snappy_snappy-java-1.1.8.4.jar at spark://a4b544519f2b:44565/jars/org.xerial.snappy_snappy-java-1.1.8.4.jar with timestamp 1755436820891
[2025-08-17 13:20:21,828] {subprocess.py:92} INFO - 25/08/17 13:20:21 INFO SparkContext: Added JAR file:///home/***/.ivy2/jars/org.slf4j_slf4j-api-1.7.32.jar at spark://a4b544519f2b:44565/jars/org.slf4j_slf4j-api-1.7.32.jar with timestamp 1755436820891
[2025-08-17 13:20:21,828] {subprocess.py:92} INFO - 25/08/17 13:20:21 INFO SparkContext: Added JAR file:///home/***/.ivy2/jars/org.apache.hadoop_hadoop-client-api-3.3.2.jar at spark://a4b544519f2b:44565/jars/org.apache.hadoop_hadoop-client-api-3.3.2.jar with timestamp 1755436820891
[2025-08-17 13:20:21,829] {subprocess.py:92} INFO - 25/08/17 13:20:21 INFO SparkContext: Added JAR file:///home/***/.ivy2/jars/commons-logging_commons-logging-1.1.3.jar at spark://a4b544519f2b:44565/jars/commons-logging_commons-logging-1.1.3.jar with timestamp 1755436820891
[2025-08-17 13:20:21,832] {subprocess.py:92} INFO - 25/08/17 13:20:21 INFO SparkContext: Added file file:///home/***/.ivy2/jars/org.apache.spark_spark-sql-kafka-0-10_2.12-3.3.1.jar at file:///home/***/.ivy2/jars/org.apache.spark_spark-sql-kafka-0-10_2.12-3.3.1.jar with timestamp 1755436820891
[2025-08-17 13:20:21,835] {subprocess.py:92} INFO - 25/08/17 13:20:21 INFO Utils: Copying /home/***/.ivy2/jars/org.apache.spark_spark-sql-kafka-0-10_2.12-3.3.1.jar to /tmp/spark-dc155052-015c-4f1e-a0f2-060348526f11/userFiles-fdacb1e4-8a28-4414-bd74-12865302e93e/org.apache.spark_spark-sql-kafka-0-10_2.12-3.3.1.jar
[2025-08-17 13:20:21,852] {subprocess.py:92} INFO - 25/08/17 13:20:21 INFO SparkContext: Added file file:///home/***/.ivy2/jars/org.apache.spark_spark-token-provider-kafka-0-10_2.12-3.3.1.jar at file:///home/***/.ivy2/jars/org.apache.spark_spark-token-provider-kafka-0-10_2.12-3.3.1.jar with timestamp 1755436820891
[2025-08-17 13:20:21,852] {subprocess.py:92} INFO - 25/08/17 13:20:21 INFO Utils: Copying /home/***/.ivy2/jars/org.apache.spark_spark-token-provider-kafka-0-10_2.12-3.3.1.jar to /tmp/spark-dc155052-015c-4f1e-a0f2-060348526f11/userFiles-fdacb1e4-8a28-4414-bd74-12865302e93e/org.apache.spark_spark-token-provider-kafka-0-10_2.12-3.3.1.jar
[2025-08-17 13:20:21,860] {subprocess.py:92} INFO - 25/08/17 13:20:21 INFO SparkContext: Added file file:///home/***/.ivy2/jars/org.apache.kafka_kafka-clients-2.8.1.jar at file:///home/***/.ivy2/jars/org.apache.kafka_kafka-clients-2.8.1.jar with timestamp 1755436820891
[2025-08-17 13:20:21,861] {subprocess.py:92} INFO - 25/08/17 13:20:21 INFO Utils: Copying /home/***/.ivy2/jars/org.apache.kafka_kafka-clients-2.8.1.jar to /tmp/spark-dc155052-015c-4f1e-a0f2-060348526f11/userFiles-fdacb1e4-8a28-4414-bd74-12865302e93e/org.apache.kafka_kafka-clients-2.8.1.jar
[2025-08-17 13:20:21,875] {subprocess.py:92} INFO - 25/08/17 13:20:21 INFO SparkContext: Added file file:///home/***/.ivy2/jars/com.google.code.findbugs_jsr305-3.0.0.jar at file:///home/***/.ivy2/jars/com.google.code.findbugs_jsr305-3.0.0.jar with timestamp 1755436820891
[2025-08-17 13:20:21,876] {subprocess.py:92} INFO - 25/08/17 13:20:21 INFO Utils: Copying /home/***/.ivy2/jars/com.google.code.findbugs_jsr305-3.0.0.jar to /tmp/spark-dc155052-015c-4f1e-a0f2-060348526f11/userFiles-fdacb1e4-8a28-4414-bd74-12865302e93e/com.google.code.findbugs_jsr305-3.0.0.jar
[2025-08-17 13:20:21,883] {subprocess.py:92} INFO - 25/08/17 13:20:21 INFO SparkContext: Added file file:///home/***/.ivy2/jars/org.apache.commons_commons-pool2-2.11.1.jar at file:///home/***/.ivy2/jars/org.apache.commons_commons-pool2-2.11.1.jar with timestamp 1755436820891
[2025-08-17 13:20:21,883] {subprocess.py:92} INFO - 25/08/17 13:20:21 INFO Utils: Copying /home/***/.ivy2/jars/org.apache.commons_commons-pool2-2.11.1.jar to /tmp/spark-dc155052-015c-4f1e-a0f2-060348526f11/userFiles-fdacb1e4-8a28-4414-bd74-12865302e93e/org.apache.commons_commons-pool2-2.11.1.jar
[2025-08-17 13:20:21,891] {subprocess.py:92} INFO - 25/08/17 13:20:21 INFO SparkContext: Added file file:///home/***/.ivy2/jars/org.spark-project.spark_unused-1.0.0.jar at file:///home/***/.ivy2/jars/org.spark-project.spark_unused-1.0.0.jar with timestamp 1755436820891
[2025-08-17 13:20:21,891] {subprocess.py:92} INFO - 25/08/17 13:20:21 INFO Utils: Copying /home/***/.ivy2/jars/org.spark-project.spark_unused-1.0.0.jar to /tmp/spark-dc155052-015c-4f1e-a0f2-060348526f11/userFiles-fdacb1e4-8a28-4414-bd74-12865302e93e/org.spark-project.spark_unused-1.0.0.jar
[2025-08-17 13:20:21,897] {subprocess.py:92} INFO - 25/08/17 13:20:21 INFO SparkContext: Added file file:///home/***/.ivy2/jars/org.apache.hadoop_hadoop-client-runtime-3.3.2.jar at file:///home/***/.ivy2/jars/org.apache.hadoop_hadoop-client-runtime-3.3.2.jar with timestamp 1755436820891
[2025-08-17 13:20:21,897] {subprocess.py:92} INFO - 25/08/17 13:20:21 INFO Utils: Copying /home/***/.ivy2/jars/org.apache.hadoop_hadoop-client-runtime-3.3.2.jar to /tmp/spark-dc155052-015c-4f1e-a0f2-060348526f11/userFiles-fdacb1e4-8a28-4414-bd74-12865302e93e/org.apache.hadoop_hadoop-client-runtime-3.3.2.jar
[2025-08-17 13:20:21,952] {subprocess.py:92} INFO - 25/08/17 13:20:21 INFO SparkContext: Added file file:///home/***/.ivy2/jars/org.lz4_lz4-java-1.8.0.jar at file:///home/***/.ivy2/jars/org.lz4_lz4-java-1.8.0.jar with timestamp 1755436820891
[2025-08-17 13:20:21,952] {subprocess.py:92} INFO - 25/08/17 13:20:21 INFO Utils: Copying /home/***/.ivy2/jars/org.lz4_lz4-java-1.8.0.jar to /tmp/spark-dc155052-015c-4f1e-a0f2-060348526f11/userFiles-fdacb1e4-8a28-4414-bd74-12865302e93e/org.lz4_lz4-java-1.8.0.jar
[2025-08-17 13:20:21,961] {subprocess.py:92} INFO - 25/08/17 13:20:21 INFO SparkContext: Added file file:///home/***/.ivy2/jars/org.xerial.snappy_snappy-java-1.1.8.4.jar at file:///home/***/.ivy2/jars/org.xerial.snappy_snappy-java-1.1.8.4.jar with timestamp 1755436820891
[2025-08-17 13:20:21,961] {subprocess.py:92} INFO - 25/08/17 13:20:21 INFO Utils: Copying /home/***/.ivy2/jars/org.xerial.snappy_snappy-java-1.1.8.4.jar to /tmp/spark-dc155052-015c-4f1e-a0f2-060348526f11/userFiles-fdacb1e4-8a28-4414-bd74-12865302e93e/org.xerial.snappy_snappy-java-1.1.8.4.jar
[2025-08-17 13:20:21,973] {subprocess.py:92} INFO - 25/08/17 13:20:21 INFO SparkContext: Added file file:///home/***/.ivy2/jars/org.slf4j_slf4j-api-1.7.32.jar at file:///home/***/.ivy2/jars/org.slf4j_slf4j-api-1.7.32.jar with timestamp 1755436820891
[2025-08-17 13:20:21,973] {subprocess.py:92} INFO - 25/08/17 13:20:21 INFO Utils: Copying /home/***/.ivy2/jars/org.slf4j_slf4j-api-1.7.32.jar to /tmp/spark-dc155052-015c-4f1e-a0f2-060348526f11/userFiles-fdacb1e4-8a28-4414-bd74-12865302e93e/org.slf4j_slf4j-api-1.7.32.jar
[2025-08-17 13:20:21,981] {subprocess.py:92} INFO - 25/08/17 13:20:21 INFO SparkContext: Added file file:///home/***/.ivy2/jars/org.apache.hadoop_hadoop-client-api-3.3.2.jar at file:///home/***/.ivy2/jars/org.apache.hadoop_hadoop-client-api-3.3.2.jar with timestamp 1755436820891
[2025-08-17 13:20:21,982] {subprocess.py:92} INFO - 25/08/17 13:20:21 INFO Utils: Copying /home/***/.ivy2/jars/org.apache.hadoop_hadoop-client-api-3.3.2.jar to /tmp/spark-dc155052-015c-4f1e-a0f2-060348526f11/userFiles-fdacb1e4-8a28-4414-bd74-12865302e93e/org.apache.hadoop_hadoop-client-api-3.3.2.jar
[2025-08-17 13:20:22,019] {subprocess.py:92} INFO - 25/08/17 13:20:22 INFO SparkContext: Added file file:///home/***/.ivy2/jars/commons-logging_commons-logging-1.1.3.jar at file:///home/***/.ivy2/jars/commons-logging_commons-logging-1.1.3.jar with timestamp 1755436820891
[2025-08-17 13:20:22,019] {subprocess.py:92} INFO - 25/08/17 13:20:22 INFO Utils: Copying /home/***/.ivy2/jars/commons-logging_commons-logging-1.1.3.jar to /tmp/spark-dc155052-015c-4f1e-a0f2-060348526f11/userFiles-fdacb1e4-8a28-4414-bd74-12865302e93e/commons-logging_commons-logging-1.1.3.jar
[2025-08-17 13:20:22,133] {subprocess.py:92} INFO - 25/08/17 13:20:22 INFO Executor: Starting executor ID driver on host a4b544519f2b
[2025-08-17 13:20:22,145] {subprocess.py:92} INFO - 25/08/17 13:20:22 INFO Executor: Starting executor with user classpath (userClassPathFirst = false): ''
[2025-08-17 13:20:22,164] {subprocess.py:92} INFO - 25/08/17 13:20:22 INFO Executor: Fetching file:///home/***/.ivy2/jars/commons-logging_commons-logging-1.1.3.jar with timestamp 1755436820891
[2025-08-17 13:20:22,191] {subprocess.py:92} INFO - 25/08/17 13:20:22 INFO Utils: /home/***/.ivy2/jars/commons-logging_commons-logging-1.1.3.jar has been previously copied to /tmp/spark-dc155052-015c-4f1e-a0f2-060348526f11/userFiles-fdacb1e4-8a28-4414-bd74-12865302e93e/commons-logging_commons-logging-1.1.3.jar
[2025-08-17 13:20:22,197] {subprocess.py:92} INFO - 25/08/17 13:20:22 INFO Executor: Fetching file:///home/***/.ivy2/jars/org.spark-project.spark_unused-1.0.0.jar with timestamp 1755436820891
[2025-08-17 13:20:22,198] {subprocess.py:92} INFO - 25/08/17 13:20:22 INFO Utils: /home/***/.ivy2/jars/org.spark-project.spark_unused-1.0.0.jar has been previously copied to /tmp/spark-dc155052-015c-4f1e-a0f2-060348526f11/userFiles-fdacb1e4-8a28-4414-bd74-12865302e93e/org.spark-project.spark_unused-1.0.0.jar
[2025-08-17 13:20:22,203] {subprocess.py:92} INFO - 25/08/17 13:20:22 INFO Executor: Fetching file:///home/***/.ivy2/jars/org.apache.spark_spark-sql-kafka-0-10_2.12-3.3.1.jar with timestamp 1755436820891
[2025-08-17 13:20:22,212] {subprocess.py:92} INFO - 25/08/17 13:20:22 INFO Utils: /home/***/.ivy2/jars/org.apache.spark_spark-sql-kafka-0-10_2.12-3.3.1.jar has been previously copied to /tmp/spark-dc155052-015c-4f1e-a0f2-060348526f11/userFiles-fdacb1e4-8a28-4414-bd74-12865302e93e/org.apache.spark_spark-sql-kafka-0-10_2.12-3.3.1.jar
[2025-08-17 13:20:22,218] {subprocess.py:92} INFO - 25/08/17 13:20:22 INFO Executor: Fetching file:///home/***/.ivy2/jars/org.apache.hadoop_hadoop-client-api-3.3.2.jar with timestamp 1755436820891
[2025-08-17 13:20:22,242] {subprocess.py:92} INFO - 25/08/17 13:20:22 INFO Utils: /home/***/.ivy2/jars/org.apache.hadoop_hadoop-client-api-3.3.2.jar has been previously copied to /tmp/spark-dc155052-015c-4f1e-a0f2-060348526f11/userFiles-fdacb1e4-8a28-4414-bd74-12865302e93e/org.apache.hadoop_hadoop-client-api-3.3.2.jar
[2025-08-17 13:20:22,248] {subprocess.py:92} INFO - 25/08/17 13:20:22 INFO Executor: Fetching file:///home/***/.ivy2/jars/org.apache.hadoop_hadoop-client-runtime-3.3.2.jar with timestamp 1755436820891
[2025-08-17 13:20:22,284] {subprocess.py:92} INFO - 25/08/17 13:20:22 INFO Utils: /home/***/.ivy2/jars/org.apache.hadoop_hadoop-client-runtime-3.3.2.jar has been previously copied to /tmp/spark-dc155052-015c-4f1e-a0f2-060348526f11/userFiles-fdacb1e4-8a28-4414-bd74-12865302e93e/org.apache.hadoop_hadoop-client-runtime-3.3.2.jar
[2025-08-17 13:20:22,292] {subprocess.py:92} INFO - 25/08/17 13:20:22 INFO Executor: Fetching file:///home/***/.ivy2/jars/org.slf4j_slf4j-api-1.7.32.jar with timestamp 1755436820891
[2025-08-17 13:20:22,293] {subprocess.py:92} INFO - 25/08/17 13:20:22 INFO Utils: /home/***/.ivy2/jars/org.slf4j_slf4j-api-1.7.32.jar has been previously copied to /tmp/spark-dc155052-015c-4f1e-a0f2-060348526f11/userFiles-fdacb1e4-8a28-4414-bd74-12865302e93e/org.slf4j_slf4j-api-1.7.32.jar
[2025-08-17 13:20:22,302] {subprocess.py:92} INFO - 25/08/17 13:20:22 INFO Executor: Fetching file:///home/***/.ivy2/jars/org.lz4_lz4-java-1.8.0.jar with timestamp 1755436820891
[2025-08-17 13:20:22,304] {subprocess.py:92} INFO - 25/08/17 13:20:22 INFO Utils: /home/***/.ivy2/jars/org.lz4_lz4-java-1.8.0.jar has been previously copied to /tmp/spark-dc155052-015c-4f1e-a0f2-060348526f11/userFiles-fdacb1e4-8a28-4414-bd74-12865302e93e/org.lz4_lz4-java-1.8.0.jar
[2025-08-17 13:20:22,313] {subprocess.py:92} INFO - 25/08/17 13:20:22 INFO Executor: Fetching file:///home/***/.ivy2/jars/org.apache.commons_commons-pool2-2.11.1.jar with timestamp 1755436820891
[2025-08-17 13:20:22,314] {subprocess.py:92} INFO - 25/08/17 13:20:22 INFO Utils: /home/***/.ivy2/jars/org.apache.commons_commons-pool2-2.11.1.jar has been previously copied to /tmp/spark-dc155052-015c-4f1e-a0f2-060348526f11/userFiles-fdacb1e4-8a28-4414-bd74-12865302e93e/org.apache.commons_commons-pool2-2.11.1.jar
[2025-08-17 13:20:22,321] {subprocess.py:92} INFO - 25/08/17 13:20:22 INFO Executor: Fetching file:///home/***/.ivy2/jars/com.google.code.findbugs_jsr305-3.0.0.jar with timestamp 1755436820891
[2025-08-17 13:20:22,322] {subprocess.py:92} INFO - 25/08/17 13:20:22 INFO Utils: /home/***/.ivy2/jars/com.google.code.findbugs_jsr305-3.0.0.jar has been previously copied to /tmp/spark-dc155052-015c-4f1e-a0f2-060348526f11/userFiles-fdacb1e4-8a28-4414-bd74-12865302e93e/com.google.code.findbugs_jsr305-3.0.0.jar
[2025-08-17 13:20:22,328] {subprocess.py:92} INFO - 25/08/17 13:20:22 INFO Executor: Fetching file:///home/***/.ivy2/jars/org.apache.spark_spark-token-provider-kafka-0-10_2.12-3.3.1.jar with timestamp 1755436820891
[2025-08-17 13:20:22,329] {subprocess.py:92} INFO - 25/08/17 13:20:22 INFO Utils: /home/***/.ivy2/jars/org.apache.spark_spark-token-provider-kafka-0-10_2.12-3.3.1.jar has been previously copied to /tmp/spark-dc155052-015c-4f1e-a0f2-060348526f11/userFiles-fdacb1e4-8a28-4414-bd74-12865302e93e/org.apache.spark_spark-token-provider-kafka-0-10_2.12-3.3.1.jar
[2025-08-17 13:20:22,336] {subprocess.py:92} INFO - 25/08/17 13:20:22 INFO Executor: Fetching file:///home/***/.ivy2/jars/org.apache.kafka_kafka-clients-2.8.1.jar with timestamp 1755436820891
[2025-08-17 13:20:22,346] {subprocess.py:92} INFO - 25/08/17 13:20:22 INFO Utils: /home/***/.ivy2/jars/org.apache.kafka_kafka-clients-2.8.1.jar has been previously copied to /tmp/spark-dc155052-015c-4f1e-a0f2-060348526f11/userFiles-fdacb1e4-8a28-4414-bd74-12865302e93e/org.apache.kafka_kafka-clients-2.8.1.jar
[2025-08-17 13:20:22,352] {subprocess.py:92} INFO - 25/08/17 13:20:22 INFO Executor: Fetching file:///home/***/.ivy2/jars/org.xerial.snappy_snappy-java-1.1.8.4.jar with timestamp 1755436820891
[2025-08-17 13:20:22,357] {subprocess.py:92} INFO - 25/08/17 13:20:22 INFO Utils: /home/***/.ivy2/jars/org.xerial.snappy_snappy-java-1.1.8.4.jar has been previously copied to /tmp/spark-dc155052-015c-4f1e-a0f2-060348526f11/userFiles-fdacb1e4-8a28-4414-bd74-12865302e93e/org.xerial.snappy_snappy-java-1.1.8.4.jar
[2025-08-17 13:20:22,368] {subprocess.py:92} INFO - 25/08/17 13:20:22 INFO Executor: Fetching spark://a4b544519f2b:44565/jars/org.lz4_lz4-java-1.8.0.jar with timestamp 1755436820891
[2025-08-17 13:20:22,436] {subprocess.py:92} INFO - 25/08/17 13:20:22 INFO TransportClientFactory: Successfully created connection to a4b544519f2b/172.20.0.3:44565 after 48 ms (0 ms spent in bootstraps)
[2025-08-17 13:20:22,446] {subprocess.py:92} INFO - 25/08/17 13:20:22 INFO Utils: Fetching spark://a4b544519f2b:44565/jars/org.lz4_lz4-java-1.8.0.jar to /tmp/spark-dc155052-015c-4f1e-a0f2-060348526f11/userFiles-fdacb1e4-8a28-4414-bd74-12865302e93e/fetchFileTemp8046664197303997689.tmp
[2025-08-17 13:20:22,502] {subprocess.py:92} INFO - 25/08/17 13:20:22 INFO Utils: /tmp/spark-dc155052-015c-4f1e-a0f2-060348526f11/userFiles-fdacb1e4-8a28-4414-bd74-12865302e93e/fetchFileTemp8046664197303997689.tmp has been previously copied to /tmp/spark-dc155052-015c-4f1e-a0f2-060348526f11/userFiles-fdacb1e4-8a28-4414-bd74-12865302e93e/org.lz4_lz4-java-1.8.0.jar
[2025-08-17 13:20:22,510] {subprocess.py:92} INFO - 25/08/17 13:20:22 INFO Executor: Adding file:/tmp/spark-dc155052-015c-4f1e-a0f2-060348526f11/userFiles-fdacb1e4-8a28-4414-bd74-12865302e93e/org.lz4_lz4-java-1.8.0.jar to class loader
[2025-08-17 13:20:22,510] {subprocess.py:92} INFO - 25/08/17 13:20:22 INFO Executor: Fetching spark://a4b544519f2b:44565/jars/com.google.code.findbugs_jsr305-3.0.0.jar with timestamp 1755436820891
[2025-08-17 13:20:22,512] {subprocess.py:92} INFO - 25/08/17 13:20:22 INFO Utils: Fetching spark://a4b544519f2b:44565/jars/com.google.code.findbugs_jsr305-3.0.0.jar to /tmp/spark-dc155052-015c-4f1e-a0f2-060348526f11/userFiles-fdacb1e4-8a28-4414-bd74-12865302e93e/fetchFileTemp3246769393579673641.tmp
[2025-08-17 13:20:22,515] {subprocess.py:92} INFO - 25/08/17 13:20:22 INFO Utils: /tmp/spark-dc155052-015c-4f1e-a0f2-060348526f11/userFiles-fdacb1e4-8a28-4414-bd74-12865302e93e/fetchFileTemp3246769393579673641.tmp has been previously copied to /tmp/spark-dc155052-015c-4f1e-a0f2-060348526f11/userFiles-fdacb1e4-8a28-4414-bd74-12865302e93e/com.google.code.findbugs_jsr305-3.0.0.jar
[2025-08-17 13:20:22,521] {subprocess.py:92} INFO - 25/08/17 13:20:22 INFO Executor: Adding file:/tmp/spark-dc155052-015c-4f1e-a0f2-060348526f11/userFiles-fdacb1e4-8a28-4414-bd74-12865302e93e/com.google.code.findbugs_jsr305-3.0.0.jar to class loader
[2025-08-17 13:20:22,521] {subprocess.py:92} INFO - 25/08/17 13:20:22 INFO Executor: Fetching spark://a4b544519f2b:44565/jars/org.spark-project.spark_unused-1.0.0.jar with timestamp 1755436820891
[2025-08-17 13:20:22,523] {subprocess.py:92} INFO - 25/08/17 13:20:22 INFO Utils: Fetching spark://a4b544519f2b:44565/jars/org.spark-project.spark_unused-1.0.0.jar to /tmp/spark-dc155052-015c-4f1e-a0f2-060348526f11/userFiles-fdacb1e4-8a28-4414-bd74-12865302e93e/fetchFileTemp1511897962721680471.tmp
[2025-08-17 13:20:22,525] {subprocess.py:92} INFO - 25/08/17 13:20:22 INFO Utils: /tmp/spark-dc155052-015c-4f1e-a0f2-060348526f11/userFiles-fdacb1e4-8a28-4414-bd74-12865302e93e/fetchFileTemp1511897962721680471.tmp has been previously copied to /tmp/spark-dc155052-015c-4f1e-a0f2-060348526f11/userFiles-fdacb1e4-8a28-4414-bd74-12865302e93e/org.spark-project.spark_unused-1.0.0.jar
[2025-08-17 13:20:22,532] {subprocess.py:92} INFO - 25/08/17 13:20:22 INFO Executor: Adding file:/tmp/spark-dc155052-015c-4f1e-a0f2-060348526f11/userFiles-fdacb1e4-8a28-4414-bd74-12865302e93e/org.spark-project.spark_unused-1.0.0.jar to class loader
[2025-08-17 13:20:22,532] {subprocess.py:92} INFO - 25/08/17 13:20:22 INFO Executor: Fetching spark://a4b544519f2b:44565/jars/org.apache.hadoop_hadoop-client-api-3.3.2.jar with timestamp 1755436820891
[2025-08-17 13:20:22,534] {subprocess.py:92} INFO - 25/08/17 13:20:22 INFO Utils: Fetching spark://a4b544519f2b:44565/jars/org.apache.hadoop_hadoop-client-api-3.3.2.jar to /tmp/spark-dc155052-015c-4f1e-a0f2-060348526f11/userFiles-fdacb1e4-8a28-4414-bd74-12865302e93e/fetchFileTemp3162876939618462747.tmp
[2025-08-17 13:20:22,644] {subprocess.py:92} INFO - 25/08/17 13:20:22 INFO Utils: /tmp/spark-dc155052-015c-4f1e-a0f2-060348526f11/userFiles-fdacb1e4-8a28-4414-bd74-12865302e93e/fetchFileTemp3162876939618462747.tmp has been previously copied to /tmp/spark-dc155052-015c-4f1e-a0f2-060348526f11/userFiles-fdacb1e4-8a28-4414-bd74-12865302e93e/org.apache.hadoop_hadoop-client-api-3.3.2.jar
[2025-08-17 13:20:22,654] {subprocess.py:92} INFO - 25/08/17 13:20:22 INFO Executor: Adding file:/tmp/spark-dc155052-015c-4f1e-a0f2-060348526f11/userFiles-fdacb1e4-8a28-4414-bd74-12865302e93e/org.apache.hadoop_hadoop-client-api-3.3.2.jar to class loader
[2025-08-17 13:20:22,655] {subprocess.py:92} INFO - 25/08/17 13:20:22 INFO Executor: Fetching spark://a4b544519f2b:44565/jars/org.xerial.snappy_snappy-java-1.1.8.4.jar with timestamp 1755436820891
[2025-08-17 13:20:22,655] {subprocess.py:92} INFO - 25/08/17 13:20:22 INFO Utils: Fetching spark://a4b544519f2b:44565/jars/org.xerial.snappy_snappy-java-1.1.8.4.jar to /tmp/spark-dc155052-015c-4f1e-a0f2-060348526f11/userFiles-fdacb1e4-8a28-4414-bd74-12865302e93e/fetchFileTemp5515851309027006713.tmp
[2025-08-17 13:20:22,668] {subprocess.py:92} INFO - 25/08/17 13:20:22 INFO Utils: /tmp/spark-dc155052-015c-4f1e-a0f2-060348526f11/userFiles-fdacb1e4-8a28-4414-bd74-12865302e93e/fetchFileTemp5515851309027006713.tmp has been previously copied to /tmp/spark-dc155052-015c-4f1e-a0f2-060348526f11/userFiles-fdacb1e4-8a28-4414-bd74-12865302e93e/org.xerial.snappy_snappy-java-1.1.8.4.jar
[2025-08-17 13:20:22,675] {subprocess.py:92} INFO - 25/08/17 13:20:22 INFO Executor: Adding file:/tmp/spark-dc155052-015c-4f1e-a0f2-060348526f11/userFiles-fdacb1e4-8a28-4414-bd74-12865302e93e/org.xerial.snappy_snappy-java-1.1.8.4.jar to class loader
[2025-08-17 13:20:22,676] {subprocess.py:92} INFO - 25/08/17 13:20:22 INFO Executor: Fetching spark://a4b544519f2b:44565/jars/org.apache.commons_commons-pool2-2.11.1.jar with timestamp 1755436820891
[2025-08-17 13:20:22,677] {subprocess.py:92} INFO - 25/08/17 13:20:22 INFO Utils: Fetching spark://a4b544519f2b:44565/jars/org.apache.commons_commons-pool2-2.11.1.jar to /tmp/spark-dc155052-015c-4f1e-a0f2-060348526f11/userFiles-fdacb1e4-8a28-4414-bd74-12865302e93e/fetchFileTemp3686581155725301488.tmp
[2025-08-17 13:20:22,681] {subprocess.py:92} INFO - 25/08/17 13:20:22 INFO Utils: /tmp/spark-dc155052-015c-4f1e-a0f2-060348526f11/userFiles-fdacb1e4-8a28-4414-bd74-12865302e93e/fetchFileTemp3686581155725301488.tmp has been previously copied to /tmp/spark-dc155052-015c-4f1e-a0f2-060348526f11/userFiles-fdacb1e4-8a28-4414-bd74-12865302e93e/org.apache.commons_commons-pool2-2.11.1.jar
[2025-08-17 13:20:22,687] {subprocess.py:92} INFO - 25/08/17 13:20:22 INFO Executor: Adding file:/tmp/spark-dc155052-015c-4f1e-a0f2-060348526f11/userFiles-fdacb1e4-8a28-4414-bd74-12865302e93e/org.apache.commons_commons-pool2-2.11.1.jar to class loader
[2025-08-17 13:20:22,688] {subprocess.py:92} INFO - 25/08/17 13:20:22 INFO Executor: Fetching spark://a4b544519f2b:44565/jars/org.apache.spark_spark-sql-kafka-0-10_2.12-3.3.1.jar with timestamp 1755436820891
[2025-08-17 13:20:22,689] {subprocess.py:92} INFO - 25/08/17 13:20:22 INFO Utils: Fetching spark://a4b544519f2b:44565/jars/org.apache.spark_spark-sql-kafka-0-10_2.12-3.3.1.jar to /tmp/spark-dc155052-015c-4f1e-a0f2-060348526f11/userFiles-fdacb1e4-8a28-4414-bd74-12865302e93e/fetchFileTemp15363122071027608407.tmp
[2025-08-17 13:20:22,694] {subprocess.py:92} INFO - 25/08/17 13:20:22 INFO Utils: /tmp/spark-dc155052-015c-4f1e-a0f2-060348526f11/userFiles-fdacb1e4-8a28-4414-bd74-12865302e93e/fetchFileTemp15363122071027608407.tmp has been previously copied to /tmp/spark-dc155052-015c-4f1e-a0f2-060348526f11/userFiles-fdacb1e4-8a28-4414-bd74-12865302e93e/org.apache.spark_spark-sql-kafka-0-10_2.12-3.3.1.jar
[2025-08-17 13:20:22,700] {subprocess.py:92} INFO - 25/08/17 13:20:22 INFO Executor: Adding file:/tmp/spark-dc155052-015c-4f1e-a0f2-060348526f11/userFiles-fdacb1e4-8a28-4414-bd74-12865302e93e/org.apache.spark_spark-sql-kafka-0-10_2.12-3.3.1.jar to class loader
[2025-08-17 13:20:22,700] {subprocess.py:92} INFO - 25/08/17 13:20:22 INFO Executor: Fetching spark://a4b544519f2b:44565/jars/org.slf4j_slf4j-api-1.7.32.jar with timestamp 1755436820891
[2025-08-17 13:20:22,701] {subprocess.py:92} INFO - 25/08/17 13:20:22 INFO Utils: Fetching spark://a4b544519f2b:44565/jars/org.slf4j_slf4j-api-1.7.32.jar to /tmp/spark-dc155052-015c-4f1e-a0f2-060348526f11/userFiles-fdacb1e4-8a28-4414-bd74-12865302e93e/fetchFileTemp12985441041434926066.tmp
[2025-08-17 13:20:22,704] {subprocess.py:92} INFO - 25/08/17 13:20:22 INFO Utils: /tmp/spark-dc155052-015c-4f1e-a0f2-060348526f11/userFiles-fdacb1e4-8a28-4414-bd74-12865302e93e/fetchFileTemp12985441041434926066.tmp has been previously copied to /tmp/spark-dc155052-015c-4f1e-a0f2-060348526f11/userFiles-fdacb1e4-8a28-4414-bd74-12865302e93e/org.slf4j_slf4j-api-1.7.32.jar
[2025-08-17 13:20:22,710] {subprocess.py:92} INFO - 25/08/17 13:20:22 INFO Executor: Adding file:/tmp/spark-dc155052-015c-4f1e-a0f2-060348526f11/userFiles-fdacb1e4-8a28-4414-bd74-12865302e93e/org.slf4j_slf4j-api-1.7.32.jar to class loader
[2025-08-17 13:20:22,711] {subprocess.py:92} INFO - 25/08/17 13:20:22 INFO Executor: Fetching spark://a4b544519f2b:44565/jars/commons-logging_commons-logging-1.1.3.jar with timestamp 1755436820891
[2025-08-17 13:20:22,712] {subprocess.py:92} INFO - 25/08/17 13:20:22 INFO Utils: Fetching spark://a4b544519f2b:44565/jars/commons-logging_commons-logging-1.1.3.jar to /tmp/spark-dc155052-015c-4f1e-a0f2-060348526f11/userFiles-fdacb1e4-8a28-4414-bd74-12865302e93e/fetchFileTemp431382290925683009.tmp
[2025-08-17 13:20:22,714] {subprocess.py:92} INFO - 25/08/17 13:20:22 INFO Utils: /tmp/spark-dc155052-015c-4f1e-a0f2-060348526f11/userFiles-fdacb1e4-8a28-4414-bd74-12865302e93e/fetchFileTemp431382290925683009.tmp has been previously copied to /tmp/spark-dc155052-015c-4f1e-a0f2-060348526f11/userFiles-fdacb1e4-8a28-4414-bd74-12865302e93e/commons-logging_commons-logging-1.1.3.jar
[2025-08-17 13:20:22,720] {subprocess.py:92} INFO - 25/08/17 13:20:22 INFO Executor: Adding file:/tmp/spark-dc155052-015c-4f1e-a0f2-060348526f11/userFiles-fdacb1e4-8a28-4414-bd74-12865302e93e/commons-logging_commons-logging-1.1.3.jar to class loader
[2025-08-17 13:20:22,720] {subprocess.py:92} INFO - 25/08/17 13:20:22 INFO Executor: Fetching spark://a4b544519f2b:44565/jars/org.apache.spark_spark-token-provider-kafka-0-10_2.12-3.3.1.jar with timestamp 1755436820891
[2025-08-17 13:20:22,722] {subprocess.py:92} INFO - 25/08/17 13:20:22 INFO Utils: Fetching spark://a4b544519f2b:44565/jars/org.apache.spark_spark-token-provider-kafka-0-10_2.12-3.3.1.jar to /tmp/spark-dc155052-015c-4f1e-a0f2-060348526f11/userFiles-fdacb1e4-8a28-4414-bd74-12865302e93e/fetchFileTemp10122520467759133316.tmp
[2025-08-17 13:20:22,724] {subprocess.py:92} INFO - 25/08/17 13:20:22 INFO Utils: /tmp/spark-dc155052-015c-4f1e-a0f2-060348526f11/userFiles-fdacb1e4-8a28-4414-bd74-12865302e93e/fetchFileTemp10122520467759133316.tmp has been previously copied to /tmp/spark-dc155052-015c-4f1e-a0f2-060348526f11/userFiles-fdacb1e4-8a28-4414-bd74-12865302e93e/org.apache.spark_spark-token-provider-kafka-0-10_2.12-3.3.1.jar
[2025-08-17 13:20:22,731] {subprocess.py:92} INFO - 25/08/17 13:20:22 INFO Executor: Adding file:/tmp/spark-dc155052-015c-4f1e-a0f2-060348526f11/userFiles-fdacb1e4-8a28-4414-bd74-12865302e93e/org.apache.spark_spark-token-provider-kafka-0-10_2.12-3.3.1.jar to class loader
[2025-08-17 13:20:22,731] {subprocess.py:92} INFO - 25/08/17 13:20:22 INFO Executor: Fetching spark://a4b544519f2b:44565/jars/org.apache.kafka_kafka-clients-2.8.1.jar with timestamp 1755436820891
[2025-08-17 13:20:22,732] {subprocess.py:92} INFO - 25/08/17 13:20:22 INFO Utils: Fetching spark://a4b544519f2b:44565/jars/org.apache.kafka_kafka-clients-2.8.1.jar to /tmp/spark-dc155052-015c-4f1e-a0f2-060348526f11/userFiles-fdacb1e4-8a28-4414-bd74-12865302e93e/fetchFileTemp12400883751589319534.tmp
[2025-08-17 13:20:22,757] {subprocess.py:92} INFO - 25/08/17 13:20:22 INFO Utils: /tmp/spark-dc155052-015c-4f1e-a0f2-060348526f11/userFiles-fdacb1e4-8a28-4414-bd74-12865302e93e/fetchFileTemp12400883751589319534.tmp has been previously copied to /tmp/spark-dc155052-015c-4f1e-a0f2-060348526f11/userFiles-fdacb1e4-8a28-4414-bd74-12865302e93e/org.apache.kafka_kafka-clients-2.8.1.jar
[2025-08-17 13:20:22,764] {subprocess.py:92} INFO - 25/08/17 13:20:22 INFO Executor: Adding file:/tmp/spark-dc155052-015c-4f1e-a0f2-060348526f11/userFiles-fdacb1e4-8a28-4414-bd74-12865302e93e/org.apache.kafka_kafka-clients-2.8.1.jar to class loader
[2025-08-17 13:20:22,764] {subprocess.py:92} INFO - 25/08/17 13:20:22 INFO Executor: Fetching spark://a4b544519f2b:44565/jars/org.apache.hadoop_hadoop-client-runtime-3.3.2.jar with timestamp 1755436820891
[2025-08-17 13:20:22,765] {subprocess.py:92} INFO - 25/08/17 13:20:22 INFO Utils: Fetching spark://a4b544519f2b:44565/jars/org.apache.hadoop_hadoop-client-runtime-3.3.2.jar to /tmp/spark-dc155052-015c-4f1e-a0f2-060348526f11/userFiles-fdacb1e4-8a28-4414-bd74-12865302e93e/fetchFileTemp620711441434075814.tmp
[2025-08-17 13:20:22,884] {subprocess.py:92} INFO - 25/08/17 13:20:22 INFO Utils: /tmp/spark-dc155052-015c-4f1e-a0f2-060348526f11/userFiles-fdacb1e4-8a28-4414-bd74-12865302e93e/fetchFileTemp620711441434075814.tmp has been previously copied to /tmp/spark-dc155052-015c-4f1e-a0f2-060348526f11/userFiles-fdacb1e4-8a28-4414-bd74-12865302e93e/org.apache.hadoop_hadoop-client-runtime-3.3.2.jar
[2025-08-17 13:20:22,894] {subprocess.py:92} INFO - 25/08/17 13:20:22 INFO Executor: Adding file:/tmp/spark-dc155052-015c-4f1e-a0f2-060348526f11/userFiles-fdacb1e4-8a28-4414-bd74-12865302e93e/org.apache.hadoop_hadoop-client-runtime-3.3.2.jar to class loader
[2025-08-17 13:20:22,905] {subprocess.py:92} INFO - 25/08/17 13:20:22 INFO Utils: Successfully started service 'org.apache.spark.network.netty.NettyBlockTransferService' on port 39961.
[2025-08-17 13:20:22,905] {subprocess.py:92} INFO - 25/08/17 13:20:22 INFO NettyBlockTransferService: Server created on a4b544519f2b:39961
[2025-08-17 13:20:22,908] {subprocess.py:92} INFO - 25/08/17 13:20:22 INFO BlockManager: Using org.apache.spark.storage.RandomBlockReplicationPolicy for block replication policy
[2025-08-17 13:20:22,919] {subprocess.py:92} INFO - 25/08/17 13:20:22 INFO BlockManagerMaster: Registering BlockManager BlockManagerId(driver, a4b544519f2b, 39961, None)
[2025-08-17 13:20:22,926] {subprocess.py:92} INFO - 25/08/17 13:20:22 INFO BlockManagerMasterEndpoint: Registering block manager a4b544519f2b:39961 with 434.4 MiB RAM, BlockManagerId(driver, a4b544519f2b, 39961, None)
[2025-08-17 13:20:22,930] {subprocess.py:92} INFO - 25/08/17 13:20:22 INFO BlockManagerMaster: Registered BlockManager BlockManagerId(driver, a4b544519f2b, 39961, None)
[2025-08-17 13:20:22,933] {subprocess.py:92} INFO - 25/08/17 13:20:22 INFO BlockManager: Initialized BlockManager: BlockManagerId(driver, a4b544519f2b, 39961, None)
[2025-08-17 13:20:23,432] {subprocess.py:92} INFO - Connexion à Kafka...
[2025-08-17 13:20:25,563] {subprocess.py:92} INFO - Connexion Kafka réussie (kafka:9092)
[2025-08-17 13:20:25,563] {subprocess.py:92} INFO - Transformation des données JSON...
[2025-08-17 13:20:25,921] {subprocess.py:92} INFO - Démarrage du streaming vers HDFS...
[2025-08-17 13:20:26,865] {subprocess.py:92} INFO - Streaming actif - Données météo sauvegardées dans HDFS:/data/weather
[2025-08-17 13:46:45,833] {local_task_job.py:221} WARNING - State of this instance has been externally set to up_for_retry. Terminating instance.
[2025-08-17 13:46:45,838] {process_utils.py:129} INFO - Sending Signals.SIGTERM to group 22905. PIDs of all processes in the group: [22906, 22957, 22905]
[2025-08-17 13:46:45,839] {process_utils.py:80} INFO - Sending the signal Signals.SIGTERM to group 22905
[2025-08-17 13:46:45,839] {taskinstance.py:1541} ERROR - Received SIGTERM. Terminating subprocesses.
[2025-08-17 13:46:45,839] {subprocess.py:103} INFO - Sending SIGTERM signal to process group
[2025-08-17 13:46:45,875] {taskinstance.py:1889} ERROR - Task failed with exception
Traceback (most recent call last):
  File "/home/airflow/.local/lib/python3.7/site-packages/airflow/operators/bash.py", line 189, in execute
    cwd=self.cwd,
  File "/home/airflow/.local/lib/python3.7/site-packages/airflow/hooks/subprocess.py", line 90, in run_command
    for raw_line in iter(self.sub_process.stdout.readline, b''):
  File "/home/airflow/.local/lib/python3.7/site-packages/airflow/models/taskinstance.py", line 1543, in signal_handler
    raise AirflowException("Task received SIGTERM signal")
airflow.exceptions.AirflowException: Task received SIGTERM signal
[2025-08-17 13:46:45,885] {taskinstance.py:1400} INFO - Marking task as FAILED. dag_id=send_weather_to_kafka, task_id=stream_hdfs, execution_date=20250817T111941, start_date=20250817T132016, end_date=20250817T134645
[2025-08-17 13:46:45,914] {standard_task_runner.py:97} ERROR - Failed to execute job 264 for task stream_hdfs (Task received SIGTERM signal; 22905)
[2025-08-17 13:46:46,173] {process_utils.py:75} INFO - Process psutil.Process(pid=22905, status='terminated', exitcode=1, started='13:20:16') (22905) terminated with exit code 1
[2025-08-17 13:46:46,174] {process_utils.py:75} INFO - Process psutil.Process(pid=22957, status='terminated', started='13:20:19') (22957) terminated with exit code None
[2025-08-17 13:46:46,549] {process_utils.py:75} INFO - Process psutil.Process(pid=22906, status='terminated', started='13:20:16') (22906) terminated with exit code None
