[2025-09-01 08:22:23,480] {taskinstance.py:1159} INFO - Dependencies all met for <TaskInstance: send_weather_to_kafka.stream_hdfs scheduled__2025-09-01T07:48:43.669588+00:00 [queued]>
[2025-09-01 08:22:23,495] {taskinstance.py:1159} INFO - Dependencies all met for <TaskInstance: send_weather_to_kafka.stream_hdfs scheduled__2025-09-01T07:48:43.669588+00:00 [queued]>
[2025-09-01 08:22:23,495] {taskinstance.py:1356} INFO - 
--------------------------------------------------------------------------------
[2025-09-01 08:22:23,496] {taskinstance.py:1357} INFO - Starting attempt 1 of 2
[2025-09-01 08:22:23,496] {taskinstance.py:1358} INFO - 
--------------------------------------------------------------------------------
[2025-09-01 08:22:23,534] {taskinstance.py:1377} INFO - Executing <Task(BashOperator): stream_hdfs> on 2025-09-01 07:48:43.669588+00:00
[2025-09-01 08:22:23,540] {standard_task_runner.py:52} INFO - Started process 11290 to run task
[2025-09-01 08:22:23,546] {standard_task_runner.py:79} INFO - Running: ['***', 'tasks', 'run', 'send_weather_to_kafka', 'stream_hdfs', 'scheduled__2025-09-01T07:48:43.669588+00:00', '--job-id', '501', '--raw', '--subdir', 'DAGS_FOLDER/dag_meteo.py', '--cfg-path', '/tmp/tmpx6bgk87f', '--error-file', '/tmp/tmpcjtv6atj']
[2025-09-01 08:22:23,549] {standard_task_runner.py:80} INFO - Job 501: Subtask stream_hdfs
[2025-09-01 08:22:23,579] {logging_mixin.py:115} WARNING - /home/***/.local/lib/python3.7/site-packages/***/configuration.py:470 DeprecationWarning: The sql_alchemy_conn option in [core] has been moved to the sql_alchemy_conn option in [database] - the old setting has been used, but please update your config.
[2025-09-01 08:22:23,660] {task_command.py:369} INFO - Running <TaskInstance: send_weather_to_kafka.stream_hdfs scheduled__2025-09-01T07:48:43.669588+00:00 [running]> on host e66737cfc193
[2025-09-01 08:22:23,806] {taskinstance.py:1571} INFO - Exporting the following env vars:
AIRFLOW_CTX_DAG_OWNER=***
AIRFLOW_CTX_DAG_ID=send_weather_to_kafka
AIRFLOW_CTX_TASK_ID=stream_hdfs
AIRFLOW_CTX_EXECUTION_DATE=2025-09-01T07:48:43.669588+00:00
AIRFLOW_CTX_TRY_NUMBER=1
AIRFLOW_CTX_DAG_RUN_ID=scheduled__2025-09-01T07:48:43.669588+00:00
[2025-09-01 08:22:23,807] {subprocess.py:62} INFO - Tmp dir root location: 
 /tmp
[2025-09-01 08:22:23,807] {subprocess.py:74} INFO - Running command: ['bash', '-c', '\n/home/***/.local/bin/spark-submit   --master local[*]   --conf spark.hadoop.fs.defaultFS=hdfs://namenode:9000   --conf spark.hadoop.dfs.client.use.datanode.hostname=true   --conf spark.sql.adaptive.enabled=false   --packages org.apache.spark:spark-sql-kafka-0-10_2.12:3.3.1   /opt/***/scripts/pyspark/streaming.py']
[2025-09-01 08:22:23,819] {subprocess.py:85} INFO - Output:
[2025-09-01 08:22:23,838] {subprocess.py:92} INFO - /opt/spark-3.3.1-bin-hadoop3/bin/load-spark-env.sh: line 68: ps: command not found
[2025-09-01 08:22:26,102] {subprocess.py:92} INFO - :: loading settings :: url = jar:file:/opt/spark-3.3.1-bin-hadoop3/jars/ivy-2.5.0.jar!/org/apache/ivy/core/settings/ivysettings.xml
[2025-09-01 08:22:26,225] {subprocess.py:92} INFO - Ivy Default Cache set to: /home/***/.ivy2/cache
[2025-09-01 08:22:26,225] {subprocess.py:92} INFO - The jars for the packages stored in: /home/***/.ivy2/jars
[2025-09-01 08:22:26,236] {subprocess.py:92} INFO - org.apache.spark#spark-sql-kafka-0-10_2.12 added as a dependency
[2025-09-01 08:22:26,238] {subprocess.py:92} INFO - :: resolving dependencies :: org.apache.spark#spark-submit-parent-101397c5-bd5a-40c1-8cea-18872d46854b;1.0
[2025-09-01 08:22:26,238] {subprocess.py:92} INFO - 	confs: [default]
[2025-09-01 08:22:26,413] {subprocess.py:92} INFO - 	found org.apache.spark#spark-sql-kafka-0-10_2.12;3.3.1 in central
[2025-09-01 08:22:26,548] {subprocess.py:92} INFO - 	found org.apache.spark#spark-token-provider-kafka-0-10_2.12;3.3.1 in central
[2025-09-01 08:22:26,631] {subprocess.py:92} INFO - 	found org.apache.kafka#kafka-clients;2.8.1 in central
[2025-09-01 08:22:26,700] {subprocess.py:92} INFO - 	found org.lz4#lz4-java;1.8.0 in central
[2025-09-01 08:22:26,751] {subprocess.py:92} INFO - 	found org.xerial.snappy#snappy-java;1.1.8.4 in central
[2025-09-01 08:22:26,794] {subprocess.py:92} INFO - 	found org.slf4j#slf4j-api;1.7.32 in central
[2025-09-01 08:22:26,852] {subprocess.py:92} INFO - 	found org.apache.hadoop#hadoop-client-runtime;3.3.2 in central
[2025-09-01 08:22:26,884] {subprocess.py:92} INFO - 	found org.spark-project.spark#unused;1.0.0 in central
[2025-09-01 08:22:26,951] {subprocess.py:92} INFO - 	found org.apache.hadoop#hadoop-client-api;3.3.2 in central
[2025-09-01 08:22:26,999] {subprocess.py:92} INFO - 	found commons-logging#commons-logging;1.1.3 in central
[2025-09-01 08:22:27,022] {subprocess.py:92} INFO - 	found com.google.code.findbugs#jsr305;3.0.0 in central
[2025-09-01 08:22:27,046] {subprocess.py:92} INFO - 	found org.apache.commons#commons-pool2;2.11.1 in central
[2025-09-01 08:22:27,090] {subprocess.py:92} INFO - :: resolution report :: resolve 829ms :: artifacts dl 23ms
[2025-09-01 08:22:27,090] {subprocess.py:92} INFO - 	:: modules in use:
[2025-09-01 08:22:27,091] {subprocess.py:92} INFO - 	com.google.code.findbugs#jsr305;3.0.0 from central in [default]
[2025-09-01 08:22:27,091] {subprocess.py:92} INFO - 	commons-logging#commons-logging;1.1.3 from central in [default]
[2025-09-01 08:22:27,091] {subprocess.py:92} INFO - 	org.apache.commons#commons-pool2;2.11.1 from central in [default]
[2025-09-01 08:22:27,091] {subprocess.py:92} INFO - 	org.apache.hadoop#hadoop-client-api;3.3.2 from central in [default]
[2025-09-01 08:22:27,091] {subprocess.py:92} INFO - 	org.apache.hadoop#hadoop-client-runtime;3.3.2 from central in [default]
[2025-09-01 08:22:27,091] {subprocess.py:92} INFO - 	org.apache.kafka#kafka-clients;2.8.1 from central in [default]
[2025-09-01 08:22:27,091] {subprocess.py:92} INFO - 	org.apache.spark#spark-sql-kafka-0-10_2.12;3.3.1 from central in [default]
[2025-09-01 08:22:27,092] {subprocess.py:92} INFO - 	org.apache.spark#spark-token-provider-kafka-0-10_2.12;3.3.1 from central in [default]
[2025-09-01 08:22:27,092] {subprocess.py:92} INFO - 	org.lz4#lz4-java;1.8.0 from central in [default]
[2025-09-01 08:22:27,092] {subprocess.py:92} INFO - 	org.slf4j#slf4j-api;1.7.32 from central in [default]
[2025-09-01 08:22:27,092] {subprocess.py:92} INFO - 	org.spark-project.spark#unused;1.0.0 from central in [default]
[2025-09-01 08:22:27,092] {subprocess.py:92} INFO - 	org.xerial.snappy#snappy-java;1.1.8.4 from central in [default]
[2025-09-01 08:22:27,092] {subprocess.py:92} INFO - 	---------------------------------------------------------------------
[2025-09-01 08:22:27,092] {subprocess.py:92} INFO - 	|                  |            modules            ||   artifacts   |
[2025-09-01 08:22:27,092] {subprocess.py:92} INFO - 	|       conf       | number| search|dwnlded|evicted|| number|dwnlded|
[2025-09-01 08:22:27,092] {subprocess.py:92} INFO - 	---------------------------------------------------------------------
[2025-09-01 08:22:27,093] {subprocess.py:92} INFO - 	|      default     |   12  |   0   |   0   |   0   ||   12  |   0   |
[2025-09-01 08:22:27,093] {subprocess.py:92} INFO - 	---------------------------------------------------------------------
[2025-09-01 08:22:27,104] {subprocess.py:92} INFO - :: retrieving :: org.apache.spark#spark-submit-parent-101397c5-bd5a-40c1-8cea-18872d46854b
[2025-09-01 08:22:27,104] {subprocess.py:92} INFO - 	confs: [default]
[2025-09-01 08:22:27,121] {subprocess.py:92} INFO - 	0 artifacts copied, 12 already retrieved (0kB/16ms)
[2025-09-01 08:22:27,563] {subprocess.py:92} INFO - 25/09/01 08:22:27 WARN NativeCodeLoader: Unable to load native-hadoop library for your platform... using builtin-java classes where applicable
[2025-09-01 08:22:29,939] {subprocess.py:92} INFO - 25/09/01 08:22:29 INFO SparkContext: Running Spark version 3.3.1
[2025-09-01 08:22:29,968] {subprocess.py:92} INFO - 25/09/01 08:22:29 INFO ResourceUtils: ==============================================================
[2025-09-01 08:22:29,970] {subprocess.py:92} INFO - 25/09/01 08:22:29 INFO ResourceUtils: No custom resources configured for spark.driver.
[2025-09-01 08:22:29,971] {subprocess.py:92} INFO - 25/09/01 08:22:29 INFO ResourceUtils: ==============================================================
[2025-09-01 08:22:29,972] {subprocess.py:92} INFO - 25/09/01 08:22:29 INFO SparkContext: Submitted application: KafkaToHDFSWeather
[2025-09-01 08:22:30,001] {subprocess.py:92} INFO - 25/09/01 08:22:30 INFO ResourceProfile: Default ResourceProfile created, executor resources: Map(cores -> name: cores, amount: 1, script: , vendor: , memory -> name: memory, amount: 1024, script: , vendor: , offHeap -> name: offHeap, amount: 0, script: , vendor: ), task resources: Map(cpus -> name: cpus, amount: 1.0)
[2025-09-01 08:22:30,017] {subprocess.py:92} INFO - 25/09/01 08:22:30 INFO ResourceProfile: Limiting resource is cpu
[2025-09-01 08:22:30,018] {subprocess.py:92} INFO - 25/09/01 08:22:30 INFO ResourceProfileManager: Added ResourceProfile id: 0
[2025-09-01 08:22:30,110] {subprocess.py:92} INFO - 25/09/01 08:22:30 INFO SecurityManager: Changing view acls to: ***
[2025-09-01 08:22:30,111] {subprocess.py:92} INFO - 25/09/01 08:22:30 INFO SecurityManager: Changing modify acls to: ***
[2025-09-01 08:22:30,111] {subprocess.py:92} INFO - 25/09/01 08:22:30 INFO SecurityManager: Changing view acls groups to:
[2025-09-01 08:22:30,112] {subprocess.py:92} INFO - 25/09/01 08:22:30 INFO SecurityManager: Changing modify acls groups to:
[2025-09-01 08:22:30,112] {subprocess.py:92} INFO - 25/09/01 08:22:30 INFO SecurityManager: SecurityManager: authentication disabled; ui acls disabled; users  with view permissions: Set(***); groups with view permissions: Set(); users  with modify permissions: Set(***); groups with modify permissions: Set()
[2025-09-01 08:22:30,621] {subprocess.py:92} INFO - 25/09/01 08:22:30 INFO Utils: Successfully started service 'sparkDriver' on port 33609.
[2025-09-01 08:22:30,715] {subprocess.py:92} INFO - 25/09/01 08:22:30 INFO SparkEnv: Registering MapOutputTracker
[2025-09-01 08:22:30,788] {subprocess.py:92} INFO - 25/09/01 08:22:30 INFO SparkEnv: Registering BlockManagerMaster
[2025-09-01 08:22:30,831] {subprocess.py:92} INFO - 25/09/01 08:22:30 INFO BlockManagerMasterEndpoint: Using org.apache.spark.storage.DefaultTopologyMapper for getting topology information
[2025-09-01 08:22:30,833] {subprocess.py:92} INFO - 25/09/01 08:22:30 INFO BlockManagerMasterEndpoint: BlockManagerMasterEndpoint up
[2025-09-01 08:22:30,844] {subprocess.py:92} INFO - 25/09/01 08:22:30 INFO SparkEnv: Registering BlockManagerMasterHeartbeat
[2025-09-01 08:22:30,882] {subprocess.py:92} INFO - 25/09/01 08:22:30 INFO DiskBlockManager: Created local directory at /tmp/blockmgr-0f478ccd-baf4-4dc4-8b6e-dd1f18669594
[2025-09-01 08:22:30,918] {subprocess.py:92} INFO - 25/09/01 08:22:30 INFO MemoryStore: MemoryStore started with capacity 434.4 MiB
[2025-09-01 08:22:30,958] {subprocess.py:92} INFO - 25/09/01 08:22:30 INFO SparkEnv: Registering OutputCommitCoordinator
[2025-09-01 08:22:31,358] {subprocess.py:92} INFO - 25/09/01 08:22:31 INFO Utils: Successfully started service 'SparkUI' on port 4040.
[2025-09-01 08:22:31,415] {subprocess.py:92} INFO - 25/09/01 08:22:31 INFO SparkContext: Added JAR file:///home/***/.ivy2/jars/org.apache.spark_spark-sql-kafka-0-10_2.12-3.3.1.jar at spark://e66737cfc193:33609/jars/org.apache.spark_spark-sql-kafka-0-10_2.12-3.3.1.jar with timestamp 1756714949927
[2025-09-01 08:22:31,416] {subprocess.py:92} INFO - 25/09/01 08:22:31 INFO SparkContext: Added JAR file:///home/***/.ivy2/jars/org.apache.spark_spark-token-provider-kafka-0-10_2.12-3.3.1.jar at spark://e66737cfc193:33609/jars/org.apache.spark_spark-token-provider-kafka-0-10_2.12-3.3.1.jar with timestamp 1756714949927
[2025-09-01 08:22:31,416] {subprocess.py:92} INFO - 25/09/01 08:22:31 INFO SparkContext: Added JAR file:///home/***/.ivy2/jars/org.apache.kafka_kafka-clients-2.8.1.jar at spark://e66737cfc193:33609/jars/org.apache.kafka_kafka-clients-2.8.1.jar with timestamp 1756714949927
[2025-09-01 08:22:31,416] {subprocess.py:92} INFO - 25/09/01 08:22:31 INFO SparkContext: Added JAR file:///home/***/.ivy2/jars/com.google.code.findbugs_jsr305-3.0.0.jar at spark://e66737cfc193:33609/jars/com.google.code.findbugs_jsr305-3.0.0.jar with timestamp 1756714949927
[2025-09-01 08:22:31,417] {subprocess.py:92} INFO - 25/09/01 08:22:31 INFO SparkContext: Added JAR file:///home/***/.ivy2/jars/org.apache.commons_commons-pool2-2.11.1.jar at spark://e66737cfc193:33609/jars/org.apache.commons_commons-pool2-2.11.1.jar with timestamp 1756714949927
[2025-09-01 08:22:31,417] {subprocess.py:92} INFO - 25/09/01 08:22:31 INFO SparkContext: Added JAR file:///home/***/.ivy2/jars/org.spark-project.spark_unused-1.0.0.jar at spark://e66737cfc193:33609/jars/org.spark-project.spark_unused-1.0.0.jar with timestamp 1756714949927
[2025-09-01 08:22:31,417] {subprocess.py:92} INFO - 25/09/01 08:22:31 INFO SparkContext: Added JAR file:///home/***/.ivy2/jars/org.apache.hadoop_hadoop-client-runtime-3.3.2.jar at spark://e66737cfc193:33609/jars/org.apache.hadoop_hadoop-client-runtime-3.3.2.jar with timestamp 1756714949927
[2025-09-01 08:22:31,417] {subprocess.py:92} INFO - 25/09/01 08:22:31 INFO SparkContext: Added JAR file:///home/***/.ivy2/jars/org.lz4_lz4-java-1.8.0.jar at spark://e66737cfc193:33609/jars/org.lz4_lz4-java-1.8.0.jar with timestamp 1756714949927
[2025-09-01 08:22:31,417] {subprocess.py:92} INFO - 25/09/01 08:22:31 INFO SparkContext: Added JAR file:///home/***/.ivy2/jars/org.xerial.snappy_snappy-java-1.1.8.4.jar at spark://e66737cfc193:33609/jars/org.xerial.snappy_snappy-java-1.1.8.4.jar with timestamp 1756714949927
[2025-09-01 08:22:31,417] {subprocess.py:92} INFO - 25/09/01 08:22:31 INFO SparkContext: Added JAR file:///home/***/.ivy2/jars/org.slf4j_slf4j-api-1.7.32.jar at spark://e66737cfc193:33609/jars/org.slf4j_slf4j-api-1.7.32.jar with timestamp 1756714949927
[2025-09-01 08:22:31,417] {subprocess.py:92} INFO - 25/09/01 08:22:31 INFO SparkContext: Added JAR file:///home/***/.ivy2/jars/org.apache.hadoop_hadoop-client-api-3.3.2.jar at spark://e66737cfc193:33609/jars/org.apache.hadoop_hadoop-client-api-3.3.2.jar with timestamp 1756714949927
[2025-09-01 08:22:31,417] {subprocess.py:92} INFO - 25/09/01 08:22:31 INFO SparkContext: Added JAR file:///home/***/.ivy2/jars/commons-logging_commons-logging-1.1.3.jar at spark://e66737cfc193:33609/jars/commons-logging_commons-logging-1.1.3.jar with timestamp 1756714949927
[2025-09-01 08:22:31,421] {subprocess.py:92} INFO - 25/09/01 08:22:31 INFO SparkContext: Added file file:///home/***/.ivy2/jars/org.apache.spark_spark-sql-kafka-0-10_2.12-3.3.1.jar at file:///home/***/.ivy2/jars/org.apache.spark_spark-sql-kafka-0-10_2.12-3.3.1.jar with timestamp 1756714949927
[2025-09-01 08:22:31,425] {subprocess.py:92} INFO - 25/09/01 08:22:31 INFO Utils: Copying /home/***/.ivy2/jars/org.apache.spark_spark-sql-kafka-0-10_2.12-3.3.1.jar to /tmp/spark-1a9bafca-daae-4fa8-8ca3-4e15375423fb/userFiles-8b09c475-8a7d-415f-9a49-8c97d7dddb05/org.apache.spark_spark-sql-kafka-0-10_2.12-3.3.1.jar
[2025-09-01 08:22:31,449] {subprocess.py:92} INFO - 25/09/01 08:22:31 INFO SparkContext: Added file file:///home/***/.ivy2/jars/org.apache.spark_spark-token-provider-kafka-0-10_2.12-3.3.1.jar at file:///home/***/.ivy2/jars/org.apache.spark_spark-token-provider-kafka-0-10_2.12-3.3.1.jar with timestamp 1756714949927
[2025-09-01 08:22:31,450] {subprocess.py:92} INFO - 25/09/01 08:22:31 INFO Utils: Copying /home/***/.ivy2/jars/org.apache.spark_spark-token-provider-kafka-0-10_2.12-3.3.1.jar to /tmp/spark-1a9bafca-daae-4fa8-8ca3-4e15375423fb/userFiles-8b09c475-8a7d-415f-9a49-8c97d7dddb05/org.apache.spark_spark-token-provider-kafka-0-10_2.12-3.3.1.jar
[2025-09-01 08:22:31,459] {subprocess.py:92} INFO - 25/09/01 08:22:31 INFO SparkContext: Added file file:///home/***/.ivy2/jars/org.apache.kafka_kafka-clients-2.8.1.jar at file:///home/***/.ivy2/jars/org.apache.kafka_kafka-clients-2.8.1.jar with timestamp 1756714949927
[2025-09-01 08:22:31,459] {subprocess.py:92} INFO - 25/09/01 08:22:31 INFO Utils: Copying /home/***/.ivy2/jars/org.apache.kafka_kafka-clients-2.8.1.jar to /tmp/spark-1a9bafca-daae-4fa8-8ca3-4e15375423fb/userFiles-8b09c475-8a7d-415f-9a49-8c97d7dddb05/org.apache.kafka_kafka-clients-2.8.1.jar
[2025-09-01 08:22:31,475] {subprocess.py:92} INFO - 25/09/01 08:22:31 INFO SparkContext: Added file file:///home/***/.ivy2/jars/com.google.code.findbugs_jsr305-3.0.0.jar at file:///home/***/.ivy2/jars/com.google.code.findbugs_jsr305-3.0.0.jar with timestamp 1756714949927
[2025-09-01 08:22:31,476] {subprocess.py:92} INFO - 25/09/01 08:22:31 INFO Utils: Copying /home/***/.ivy2/jars/com.google.code.findbugs_jsr305-3.0.0.jar to /tmp/spark-1a9bafca-daae-4fa8-8ca3-4e15375423fb/userFiles-8b09c475-8a7d-415f-9a49-8c97d7dddb05/com.google.code.findbugs_jsr305-3.0.0.jar
[2025-09-01 08:22:31,482] {subprocess.py:92} INFO - 25/09/01 08:22:31 INFO SparkContext: Added file file:///home/***/.ivy2/jars/org.apache.commons_commons-pool2-2.11.1.jar at file:///home/***/.ivy2/jars/org.apache.commons_commons-pool2-2.11.1.jar with timestamp 1756714949927
[2025-09-01 08:22:31,483] {subprocess.py:92} INFO - 25/09/01 08:22:31 INFO Utils: Copying /home/***/.ivy2/jars/org.apache.commons_commons-pool2-2.11.1.jar to /tmp/spark-1a9bafca-daae-4fa8-8ca3-4e15375423fb/userFiles-8b09c475-8a7d-415f-9a49-8c97d7dddb05/org.apache.commons_commons-pool2-2.11.1.jar
[2025-09-01 08:22:31,492] {subprocess.py:92} INFO - 25/09/01 08:22:31 INFO SparkContext: Added file file:///home/***/.ivy2/jars/org.spark-project.spark_unused-1.0.0.jar at file:///home/***/.ivy2/jars/org.spark-project.spark_unused-1.0.0.jar with timestamp 1756714949927
[2025-09-01 08:22:31,492] {subprocess.py:92} INFO - 25/09/01 08:22:31 INFO Utils: Copying /home/***/.ivy2/jars/org.spark-project.spark_unused-1.0.0.jar to /tmp/spark-1a9bafca-daae-4fa8-8ca3-4e15375423fb/userFiles-8b09c475-8a7d-415f-9a49-8c97d7dddb05/org.spark-project.spark_unused-1.0.0.jar
[2025-09-01 08:22:31,499] {subprocess.py:92} INFO - 25/09/01 08:22:31 INFO SparkContext: Added file file:///home/***/.ivy2/jars/org.apache.hadoop_hadoop-client-runtime-3.3.2.jar at file:///home/***/.ivy2/jars/org.apache.hadoop_hadoop-client-runtime-3.3.2.jar with timestamp 1756714949927
[2025-09-01 08:22:31,499] {subprocess.py:92} INFO - 25/09/01 08:22:31 INFO Utils: Copying /home/***/.ivy2/jars/org.apache.hadoop_hadoop-client-runtime-3.3.2.jar to /tmp/spark-1a9bafca-daae-4fa8-8ca3-4e15375423fb/userFiles-8b09c475-8a7d-415f-9a49-8c97d7dddb05/org.apache.hadoop_hadoop-client-runtime-3.3.2.jar
[2025-09-01 08:22:31,537] {subprocess.py:92} INFO - 25/09/01 08:22:31 INFO SparkContext: Added file file:///home/***/.ivy2/jars/org.lz4_lz4-java-1.8.0.jar at file:///home/***/.ivy2/jars/org.lz4_lz4-java-1.8.0.jar with timestamp 1756714949927
[2025-09-01 08:22:31,538] {subprocess.py:92} INFO - 25/09/01 08:22:31 INFO Utils: Copying /home/***/.ivy2/jars/org.lz4_lz4-java-1.8.0.jar to /tmp/spark-1a9bafca-daae-4fa8-8ca3-4e15375423fb/userFiles-8b09c475-8a7d-415f-9a49-8c97d7dddb05/org.lz4_lz4-java-1.8.0.jar
[2025-09-01 08:22:31,549] {subprocess.py:92} INFO - 25/09/01 08:22:31 INFO SparkContext: Added file file:///home/***/.ivy2/jars/org.xerial.snappy_snappy-java-1.1.8.4.jar at file:///home/***/.ivy2/jars/org.xerial.snappy_snappy-java-1.1.8.4.jar with timestamp 1756714949927
[2025-09-01 08:22:31,550] {subprocess.py:92} INFO - 25/09/01 08:22:31 INFO Utils: Copying /home/***/.ivy2/jars/org.xerial.snappy_snappy-java-1.1.8.4.jar to /tmp/spark-1a9bafca-daae-4fa8-8ca3-4e15375423fb/userFiles-8b09c475-8a7d-415f-9a49-8c97d7dddb05/org.xerial.snappy_snappy-java-1.1.8.4.jar
[2025-09-01 08:22:31,562] {subprocess.py:92} INFO - 25/09/01 08:22:31 INFO SparkContext: Added file file:///home/***/.ivy2/jars/org.slf4j_slf4j-api-1.7.32.jar at file:///home/***/.ivy2/jars/org.slf4j_slf4j-api-1.7.32.jar with timestamp 1756714949927
[2025-09-01 08:22:31,563] {subprocess.py:92} INFO - 25/09/01 08:22:31 INFO Utils: Copying /home/***/.ivy2/jars/org.slf4j_slf4j-api-1.7.32.jar to /tmp/spark-1a9bafca-daae-4fa8-8ca3-4e15375423fb/userFiles-8b09c475-8a7d-415f-9a49-8c97d7dddb05/org.slf4j_slf4j-api-1.7.32.jar
[2025-09-01 08:22:31,575] {subprocess.py:92} INFO - 25/09/01 08:22:31 INFO SparkContext: Added file file:///home/***/.ivy2/jars/org.apache.hadoop_hadoop-client-api-3.3.2.jar at file:///home/***/.ivy2/jars/org.apache.hadoop_hadoop-client-api-3.3.2.jar with timestamp 1756714949927
[2025-09-01 08:22:31,576] {subprocess.py:92} INFO - 25/09/01 08:22:31 INFO Utils: Copying /home/***/.ivy2/jars/org.apache.hadoop_hadoop-client-api-3.3.2.jar to /tmp/spark-1a9bafca-daae-4fa8-8ca3-4e15375423fb/userFiles-8b09c475-8a7d-415f-9a49-8c97d7dddb05/org.apache.hadoop_hadoop-client-api-3.3.2.jar
[2025-09-01 08:22:31,625] {subprocess.py:92} INFO - 25/09/01 08:22:31 INFO SparkContext: Added file file:///home/***/.ivy2/jars/commons-logging_commons-logging-1.1.3.jar at file:///home/***/.ivy2/jars/commons-logging_commons-logging-1.1.3.jar with timestamp 1756714949927
[2025-09-01 08:22:31,625] {subprocess.py:92} INFO - 25/09/01 08:22:31 INFO Utils: Copying /home/***/.ivy2/jars/commons-logging_commons-logging-1.1.3.jar to /tmp/spark-1a9bafca-daae-4fa8-8ca3-4e15375423fb/userFiles-8b09c475-8a7d-415f-9a49-8c97d7dddb05/commons-logging_commons-logging-1.1.3.jar
[2025-09-01 08:22:31,757] {subprocess.py:92} INFO - 25/09/01 08:22:31 INFO Executor: Starting executor ID driver on host e66737cfc193
[2025-09-01 08:22:31,779] {subprocess.py:92} INFO - 25/09/01 08:22:31 INFO Executor: Starting executor with user classpath (userClassPathFirst = false): ''
[2025-09-01 08:22:31,803] {subprocess.py:92} INFO - 25/09/01 08:22:31 INFO Executor: Fetching file:///home/***/.ivy2/jars/commons-logging_commons-logging-1.1.3.jar with timestamp 1756714949927
[2025-09-01 08:22:31,830] {subprocess.py:92} INFO - 25/09/01 08:22:31 INFO Utils: /home/***/.ivy2/jars/commons-logging_commons-logging-1.1.3.jar has been previously copied to /tmp/spark-1a9bafca-daae-4fa8-8ca3-4e15375423fb/userFiles-8b09c475-8a7d-415f-9a49-8c97d7dddb05/commons-logging_commons-logging-1.1.3.jar
[2025-09-01 08:22:31,837] {subprocess.py:92} INFO - 25/09/01 08:22:31 INFO Executor: Fetching file:///home/***/.ivy2/jars/org.spark-project.spark_unused-1.0.0.jar with timestamp 1756714949927
[2025-09-01 08:22:31,838] {subprocess.py:92} INFO - 25/09/01 08:22:31 INFO Utils: /home/***/.ivy2/jars/org.spark-project.spark_unused-1.0.0.jar has been previously copied to /tmp/spark-1a9bafca-daae-4fa8-8ca3-4e15375423fb/userFiles-8b09c475-8a7d-415f-9a49-8c97d7dddb05/org.spark-project.spark_unused-1.0.0.jar
[2025-09-01 08:22:31,845] {subprocess.py:92} INFO - 25/09/01 08:22:31 INFO Executor: Fetching file:///home/***/.ivy2/jars/org.apache.spark_spark-sql-kafka-0-10_2.12-3.3.1.jar with timestamp 1756714949927
[2025-09-01 08:22:31,851] {subprocess.py:92} INFO - 25/09/01 08:22:31 INFO Utils: /home/***/.ivy2/jars/org.apache.spark_spark-sql-kafka-0-10_2.12-3.3.1.jar has been previously copied to /tmp/spark-1a9bafca-daae-4fa8-8ca3-4e15375423fb/userFiles-8b09c475-8a7d-415f-9a49-8c97d7dddb05/org.apache.spark_spark-sql-kafka-0-10_2.12-3.3.1.jar
[2025-09-01 08:22:31,859] {subprocess.py:92} INFO - 25/09/01 08:22:31 INFO Executor: Fetching file:///home/***/.ivy2/jars/org.apache.hadoop_hadoop-client-api-3.3.2.jar with timestamp 1756714949927
[2025-09-01 08:22:31,889] {subprocess.py:92} INFO - 25/09/01 08:22:31 INFO Utils: /home/***/.ivy2/jars/org.apache.hadoop_hadoop-client-api-3.3.2.jar has been previously copied to /tmp/spark-1a9bafca-daae-4fa8-8ca3-4e15375423fb/userFiles-8b09c475-8a7d-415f-9a49-8c97d7dddb05/org.apache.hadoop_hadoop-client-api-3.3.2.jar
[2025-09-01 08:22:31,897] {subprocess.py:92} INFO - 25/09/01 08:22:31 INFO Executor: Fetching file:///home/***/.ivy2/jars/org.apache.hadoop_hadoop-client-runtime-3.3.2.jar with timestamp 1756714949927
[2025-09-01 08:22:31,940] {subprocess.py:92} INFO - 25/09/01 08:22:31 INFO Utils: /home/***/.ivy2/jars/org.apache.hadoop_hadoop-client-runtime-3.3.2.jar has been previously copied to /tmp/spark-1a9bafca-daae-4fa8-8ca3-4e15375423fb/userFiles-8b09c475-8a7d-415f-9a49-8c97d7dddb05/org.apache.hadoop_hadoop-client-runtime-3.3.2.jar
[2025-09-01 08:22:31,950] {subprocess.py:92} INFO - 25/09/01 08:22:31 INFO Executor: Fetching file:///home/***/.ivy2/jars/org.slf4j_slf4j-api-1.7.32.jar with timestamp 1756714949927
[2025-09-01 08:22:31,951] {subprocess.py:92} INFO - 25/09/01 08:22:31 INFO Utils: /home/***/.ivy2/jars/org.slf4j_slf4j-api-1.7.32.jar has been previously copied to /tmp/spark-1a9bafca-daae-4fa8-8ca3-4e15375423fb/userFiles-8b09c475-8a7d-415f-9a49-8c97d7dddb05/org.slf4j_slf4j-api-1.7.32.jar
[2025-09-01 08:22:31,960] {subprocess.py:92} INFO - 25/09/01 08:22:31 INFO Executor: Fetching file:///home/***/.ivy2/jars/org.lz4_lz4-java-1.8.0.jar with timestamp 1756714949927
[2025-09-01 08:22:31,961] {subprocess.py:92} INFO - 25/09/01 08:22:31 INFO Utils: /home/***/.ivy2/jars/org.lz4_lz4-java-1.8.0.jar has been previously copied to /tmp/spark-1a9bafca-daae-4fa8-8ca3-4e15375423fb/userFiles-8b09c475-8a7d-415f-9a49-8c97d7dddb05/org.lz4_lz4-java-1.8.0.jar
[2025-09-01 08:22:31,971] {subprocess.py:92} INFO - 25/09/01 08:22:31 INFO Executor: Fetching file:///home/***/.ivy2/jars/org.apache.commons_commons-pool2-2.11.1.jar with timestamp 1756714949927
[2025-09-01 08:22:31,973] {subprocess.py:92} INFO - 25/09/01 08:22:31 INFO Utils: /home/***/.ivy2/jars/org.apache.commons_commons-pool2-2.11.1.jar has been previously copied to /tmp/spark-1a9bafca-daae-4fa8-8ca3-4e15375423fb/userFiles-8b09c475-8a7d-415f-9a49-8c97d7dddb05/org.apache.commons_commons-pool2-2.11.1.jar
[2025-09-01 08:22:31,980] {subprocess.py:92} INFO - 25/09/01 08:22:31 INFO Executor: Fetching file:///home/***/.ivy2/jars/com.google.code.findbugs_jsr305-3.0.0.jar with timestamp 1756714949927
[2025-09-01 08:22:31,981] {subprocess.py:92} INFO - 25/09/01 08:22:31 INFO Utils: /home/***/.ivy2/jars/com.google.code.findbugs_jsr305-3.0.0.jar has been previously copied to /tmp/spark-1a9bafca-daae-4fa8-8ca3-4e15375423fb/userFiles-8b09c475-8a7d-415f-9a49-8c97d7dddb05/com.google.code.findbugs_jsr305-3.0.0.jar
[2025-09-01 08:22:31,988] {subprocess.py:92} INFO - 25/09/01 08:22:31 INFO Executor: Fetching file:///home/***/.ivy2/jars/org.apache.spark_spark-token-provider-kafka-0-10_2.12-3.3.1.jar with timestamp 1756714949927
[2025-09-01 08:22:31,989] {subprocess.py:92} INFO - 25/09/01 08:22:31 INFO Utils: /home/***/.ivy2/jars/org.apache.spark_spark-token-provider-kafka-0-10_2.12-3.3.1.jar has been previously copied to /tmp/spark-1a9bafca-daae-4fa8-8ca3-4e15375423fb/userFiles-8b09c475-8a7d-415f-9a49-8c97d7dddb05/org.apache.spark_spark-token-provider-kafka-0-10_2.12-3.3.1.jar
[2025-09-01 08:22:31,995] {subprocess.py:92} INFO - 25/09/01 08:22:31 INFO Executor: Fetching file:///home/***/.ivy2/jars/org.apache.kafka_kafka-clients-2.8.1.jar with timestamp 1756714949927
[2025-09-01 08:22:32,002] {subprocess.py:92} INFO - 25/09/01 08:22:32 INFO Utils: /home/***/.ivy2/jars/org.apache.kafka_kafka-clients-2.8.1.jar has been previously copied to /tmp/spark-1a9bafca-daae-4fa8-8ca3-4e15375423fb/userFiles-8b09c475-8a7d-415f-9a49-8c97d7dddb05/org.apache.kafka_kafka-clients-2.8.1.jar
[2025-09-01 08:22:32,008] {subprocess.py:92} INFO - 25/09/01 08:22:32 INFO Executor: Fetching file:///home/***/.ivy2/jars/org.xerial.snappy_snappy-java-1.1.8.4.jar with timestamp 1756714949927
[2025-09-01 08:22:32,011] {subprocess.py:92} INFO - 25/09/01 08:22:32 INFO Utils: /home/***/.ivy2/jars/org.xerial.snappy_snappy-java-1.1.8.4.jar has been previously copied to /tmp/spark-1a9bafca-daae-4fa8-8ca3-4e15375423fb/userFiles-8b09c475-8a7d-415f-9a49-8c97d7dddb05/org.xerial.snappy_snappy-java-1.1.8.4.jar
[2025-09-01 08:22:32,019] {subprocess.py:92} INFO - 25/09/01 08:22:32 INFO Executor: Fetching spark://e66737cfc193:33609/jars/commons-logging_commons-logging-1.1.3.jar with timestamp 1756714949927
[2025-09-01 08:22:32,071] {subprocess.py:92} INFO - 25/09/01 08:22:32 INFO TransportClientFactory: Successfully created connection to e66737cfc193/172.20.0.18:33609 after 38 ms (0 ms spent in bootstraps)
[2025-09-01 08:22:32,079] {subprocess.py:92} INFO - 25/09/01 08:22:32 INFO Utils: Fetching spark://e66737cfc193:33609/jars/commons-logging_commons-logging-1.1.3.jar to /tmp/spark-1a9bafca-daae-4fa8-8ca3-4e15375423fb/userFiles-8b09c475-8a7d-415f-9a49-8c97d7dddb05/fetchFileTemp17604380628784567124.tmp
[2025-09-01 08:22:32,155] {subprocess.py:92} INFO - 25/09/01 08:22:32 INFO Utils: /tmp/spark-1a9bafca-daae-4fa8-8ca3-4e15375423fb/userFiles-8b09c475-8a7d-415f-9a49-8c97d7dddb05/fetchFileTemp17604380628784567124.tmp has been previously copied to /tmp/spark-1a9bafca-daae-4fa8-8ca3-4e15375423fb/userFiles-8b09c475-8a7d-415f-9a49-8c97d7dddb05/commons-logging_commons-logging-1.1.3.jar
[2025-09-01 08:22:32,161] {subprocess.py:92} INFO - 25/09/01 08:22:32 INFO Executor: Adding file:/tmp/spark-1a9bafca-daae-4fa8-8ca3-4e15375423fb/userFiles-8b09c475-8a7d-415f-9a49-8c97d7dddb05/commons-logging_commons-logging-1.1.3.jar to class loader
[2025-09-01 08:22:32,161] {subprocess.py:92} INFO - 25/09/01 08:22:32 INFO Executor: Fetching spark://e66737cfc193:33609/jars/org.apache.spark_spark-token-provider-kafka-0-10_2.12-3.3.1.jar with timestamp 1756714949927
[2025-09-01 08:22:32,164] {subprocess.py:92} INFO - 25/09/01 08:22:32 INFO Utils: Fetching spark://e66737cfc193:33609/jars/org.apache.spark_spark-token-provider-kafka-0-10_2.12-3.3.1.jar to /tmp/spark-1a9bafca-daae-4fa8-8ca3-4e15375423fb/userFiles-8b09c475-8a7d-415f-9a49-8c97d7dddb05/fetchFileTemp13653836915820977406.tmp
[2025-09-01 08:22:32,166] {subprocess.py:92} INFO - 25/09/01 08:22:32 INFO Utils: /tmp/spark-1a9bafca-daae-4fa8-8ca3-4e15375423fb/userFiles-8b09c475-8a7d-415f-9a49-8c97d7dddb05/fetchFileTemp13653836915820977406.tmp has been previously copied to /tmp/spark-1a9bafca-daae-4fa8-8ca3-4e15375423fb/userFiles-8b09c475-8a7d-415f-9a49-8c97d7dddb05/org.apache.spark_spark-token-provider-kafka-0-10_2.12-3.3.1.jar
[2025-09-01 08:22:32,200] {subprocess.py:92} INFO - 25/09/01 08:22:32 INFO Executor: Adding file:/tmp/spark-1a9bafca-daae-4fa8-8ca3-4e15375423fb/userFiles-8b09c475-8a7d-415f-9a49-8c97d7dddb05/org.apache.spark_spark-token-provider-kafka-0-10_2.12-3.3.1.jar to class loader
[2025-09-01 08:22:32,201] {subprocess.py:92} INFO - 25/09/01 08:22:32 INFO Executor: Fetching spark://e66737cfc193:33609/jars/org.apache.hadoop_hadoop-client-runtime-3.3.2.jar with timestamp 1756714949927
[2025-09-01 08:22:32,202] {subprocess.py:92} INFO - 25/09/01 08:22:32 INFO Utils: Fetching spark://e66737cfc193:33609/jars/org.apache.hadoop_hadoop-client-runtime-3.3.2.jar to /tmp/spark-1a9bafca-daae-4fa8-8ca3-4e15375423fb/userFiles-8b09c475-8a7d-415f-9a49-8c97d7dddb05/fetchFileTemp3067563224082621341.tmp
[2025-09-01 08:22:32,494] {subprocess.py:92} INFO - 25/09/01 08:22:32 INFO Utils: /tmp/spark-1a9bafca-daae-4fa8-8ca3-4e15375423fb/userFiles-8b09c475-8a7d-415f-9a49-8c97d7dddb05/fetchFileTemp3067563224082621341.tmp has been previously copied to /tmp/spark-1a9bafca-daae-4fa8-8ca3-4e15375423fb/userFiles-8b09c475-8a7d-415f-9a49-8c97d7dddb05/org.apache.hadoop_hadoop-client-runtime-3.3.2.jar
[2025-09-01 08:22:32,511] {subprocess.py:92} INFO - 25/09/01 08:22:32 INFO Executor: Adding file:/tmp/spark-1a9bafca-daae-4fa8-8ca3-4e15375423fb/userFiles-8b09c475-8a7d-415f-9a49-8c97d7dddb05/org.apache.hadoop_hadoop-client-runtime-3.3.2.jar to class loader
[2025-09-01 08:22:32,512] {subprocess.py:92} INFO - 25/09/01 08:22:32 INFO Executor: Fetching spark://e66737cfc193:33609/jars/org.apache.spark_spark-sql-kafka-0-10_2.12-3.3.1.jar with timestamp 1756714949927
[2025-09-01 08:22:32,513] {subprocess.py:92} INFO - 25/09/01 08:22:32 INFO Utils: Fetching spark://e66737cfc193:33609/jars/org.apache.spark_spark-sql-kafka-0-10_2.12-3.3.1.jar to /tmp/spark-1a9bafca-daae-4fa8-8ca3-4e15375423fb/userFiles-8b09c475-8a7d-415f-9a49-8c97d7dddb05/fetchFileTemp12296775155574363218.tmp
[2025-09-01 08:22:32,522] {subprocess.py:92} INFO - 25/09/01 08:22:32 INFO Utils: /tmp/spark-1a9bafca-daae-4fa8-8ca3-4e15375423fb/userFiles-8b09c475-8a7d-415f-9a49-8c97d7dddb05/fetchFileTemp12296775155574363218.tmp has been previously copied to /tmp/spark-1a9bafca-daae-4fa8-8ca3-4e15375423fb/userFiles-8b09c475-8a7d-415f-9a49-8c97d7dddb05/org.apache.spark_spark-sql-kafka-0-10_2.12-3.3.1.jar
[2025-09-01 08:22:32,530] {subprocess.py:92} INFO - 25/09/01 08:22:32 INFO Executor: Adding file:/tmp/spark-1a9bafca-daae-4fa8-8ca3-4e15375423fb/userFiles-8b09c475-8a7d-415f-9a49-8c97d7dddb05/org.apache.spark_spark-sql-kafka-0-10_2.12-3.3.1.jar to class loader
[2025-09-01 08:22:32,530] {subprocess.py:92} INFO - 25/09/01 08:22:32 INFO Executor: Fetching spark://e66737cfc193:33609/jars/org.spark-project.spark_unused-1.0.0.jar with timestamp 1756714949927
[2025-09-01 08:22:32,532] {subprocess.py:92} INFO - 25/09/01 08:22:32 INFO Utils: Fetching spark://e66737cfc193:33609/jars/org.spark-project.spark_unused-1.0.0.jar to /tmp/spark-1a9bafca-daae-4fa8-8ca3-4e15375423fb/userFiles-8b09c475-8a7d-415f-9a49-8c97d7dddb05/fetchFileTemp8452805400608956083.tmp
[2025-09-01 08:22:32,537] {subprocess.py:92} INFO - 25/09/01 08:22:32 INFO Utils: /tmp/spark-1a9bafca-daae-4fa8-8ca3-4e15375423fb/userFiles-8b09c475-8a7d-415f-9a49-8c97d7dddb05/fetchFileTemp8452805400608956083.tmp has been previously copied to /tmp/spark-1a9bafca-daae-4fa8-8ca3-4e15375423fb/userFiles-8b09c475-8a7d-415f-9a49-8c97d7dddb05/org.spark-project.spark_unused-1.0.0.jar
[2025-09-01 08:22:32,548] {subprocess.py:92} INFO - 25/09/01 08:22:32 INFO Executor: Adding file:/tmp/spark-1a9bafca-daae-4fa8-8ca3-4e15375423fb/userFiles-8b09c475-8a7d-415f-9a49-8c97d7dddb05/org.spark-project.spark_unused-1.0.0.jar to class loader
[2025-09-01 08:22:32,549] {subprocess.py:92} INFO - 25/09/01 08:22:32 INFO Executor: Fetching spark://e66737cfc193:33609/jars/org.apache.commons_commons-pool2-2.11.1.jar with timestamp 1756714949927
[2025-09-01 08:22:32,551] {subprocess.py:92} INFO - 25/09/01 08:22:32 INFO Utils: Fetching spark://e66737cfc193:33609/jars/org.apache.commons_commons-pool2-2.11.1.jar to /tmp/spark-1a9bafca-daae-4fa8-8ca3-4e15375423fb/userFiles-8b09c475-8a7d-415f-9a49-8c97d7dddb05/fetchFileTemp18192259957956589773.tmp
[2025-09-01 08:22:32,557] {subprocess.py:92} INFO - 25/09/01 08:22:32 INFO Utils: /tmp/spark-1a9bafca-daae-4fa8-8ca3-4e15375423fb/userFiles-8b09c475-8a7d-415f-9a49-8c97d7dddb05/fetchFileTemp18192259957956589773.tmp has been previously copied to /tmp/spark-1a9bafca-daae-4fa8-8ca3-4e15375423fb/userFiles-8b09c475-8a7d-415f-9a49-8c97d7dddb05/org.apache.commons_commons-pool2-2.11.1.jar
[2025-09-01 08:22:32,567] {subprocess.py:92} INFO - 25/09/01 08:22:32 INFO Executor: Adding file:/tmp/spark-1a9bafca-daae-4fa8-8ca3-4e15375423fb/userFiles-8b09c475-8a7d-415f-9a49-8c97d7dddb05/org.apache.commons_commons-pool2-2.11.1.jar to class loader
[2025-09-01 08:22:32,567] {subprocess.py:92} INFO - 25/09/01 08:22:32 INFO Executor: Fetching spark://e66737cfc193:33609/jars/org.slf4j_slf4j-api-1.7.32.jar with timestamp 1756714949927
[2025-09-01 08:22:32,569] {subprocess.py:92} INFO - 25/09/01 08:22:32 INFO Utils: Fetching spark://e66737cfc193:33609/jars/org.slf4j_slf4j-api-1.7.32.jar to /tmp/spark-1a9bafca-daae-4fa8-8ca3-4e15375423fb/userFiles-8b09c475-8a7d-415f-9a49-8c97d7dddb05/fetchFileTemp3924670409397847139.tmp
[2025-09-01 08:22:32,575] {subprocess.py:92} INFO - 25/09/01 08:22:32 INFO Utils: /tmp/spark-1a9bafca-daae-4fa8-8ca3-4e15375423fb/userFiles-8b09c475-8a7d-415f-9a49-8c97d7dddb05/fetchFileTemp3924670409397847139.tmp has been previously copied to /tmp/spark-1a9bafca-daae-4fa8-8ca3-4e15375423fb/userFiles-8b09c475-8a7d-415f-9a49-8c97d7dddb05/org.slf4j_slf4j-api-1.7.32.jar
[2025-09-01 08:22:32,587] {subprocess.py:92} INFO - 25/09/01 08:22:32 INFO Executor: Adding file:/tmp/spark-1a9bafca-daae-4fa8-8ca3-4e15375423fb/userFiles-8b09c475-8a7d-415f-9a49-8c97d7dddb05/org.slf4j_slf4j-api-1.7.32.jar to class loader
[2025-09-01 08:22:32,588] {subprocess.py:92} INFO - 25/09/01 08:22:32 INFO Executor: Fetching spark://e66737cfc193:33609/jars/org.lz4_lz4-java-1.8.0.jar with timestamp 1756714949927
[2025-09-01 08:22:32,591] {subprocess.py:92} INFO - 25/09/01 08:22:32 INFO Utils: Fetching spark://e66737cfc193:33609/jars/org.lz4_lz4-java-1.8.0.jar to /tmp/spark-1a9bafca-daae-4fa8-8ca3-4e15375423fb/userFiles-8b09c475-8a7d-415f-9a49-8c97d7dddb05/fetchFileTemp17111487564795885264.tmp
[2025-09-01 08:22:32,604] {subprocess.py:92} INFO - 25/09/01 08:22:32 INFO Utils: /tmp/spark-1a9bafca-daae-4fa8-8ca3-4e15375423fb/userFiles-8b09c475-8a7d-415f-9a49-8c97d7dddb05/fetchFileTemp17111487564795885264.tmp has been previously copied to /tmp/spark-1a9bafca-daae-4fa8-8ca3-4e15375423fb/userFiles-8b09c475-8a7d-415f-9a49-8c97d7dddb05/org.lz4_lz4-java-1.8.0.jar
[2025-09-01 08:22:32,615] {subprocess.py:92} INFO - 25/09/01 08:22:32 INFO Executor: Adding file:/tmp/spark-1a9bafca-daae-4fa8-8ca3-4e15375423fb/userFiles-8b09c475-8a7d-415f-9a49-8c97d7dddb05/org.lz4_lz4-java-1.8.0.jar to class loader
[2025-09-01 08:22:32,615] {subprocess.py:92} INFO - 25/09/01 08:22:32 INFO Executor: Fetching spark://e66737cfc193:33609/jars/com.google.code.findbugs_jsr305-3.0.0.jar with timestamp 1756714949927
[2025-09-01 08:22:32,617] {subprocess.py:92} INFO - 25/09/01 08:22:32 INFO Utils: Fetching spark://e66737cfc193:33609/jars/com.google.code.findbugs_jsr305-3.0.0.jar to /tmp/spark-1a9bafca-daae-4fa8-8ca3-4e15375423fb/userFiles-8b09c475-8a7d-415f-9a49-8c97d7dddb05/fetchFileTemp5765019488419913432.tmp
[2025-09-01 08:22:32,623] {subprocess.py:92} INFO - 25/09/01 08:22:32 INFO Utils: /tmp/spark-1a9bafca-daae-4fa8-8ca3-4e15375423fb/userFiles-8b09c475-8a7d-415f-9a49-8c97d7dddb05/fetchFileTemp5765019488419913432.tmp has been previously copied to /tmp/spark-1a9bafca-daae-4fa8-8ca3-4e15375423fb/userFiles-8b09c475-8a7d-415f-9a49-8c97d7dddb05/com.google.code.findbugs_jsr305-3.0.0.jar
[2025-09-01 08:22:32,630] {subprocess.py:92} INFO - 25/09/01 08:22:32 INFO Executor: Adding file:/tmp/spark-1a9bafca-daae-4fa8-8ca3-4e15375423fb/userFiles-8b09c475-8a7d-415f-9a49-8c97d7dddb05/com.google.code.findbugs_jsr305-3.0.0.jar to class loader
[2025-09-01 08:22:32,630] {subprocess.py:92} INFO - 25/09/01 08:22:32 INFO Executor: Fetching spark://e66737cfc193:33609/jars/org.apache.hadoop_hadoop-client-api-3.3.2.jar with timestamp 1756714949927
[2025-09-01 08:22:32,631] {subprocess.py:92} INFO - 25/09/01 08:22:32 INFO Utils: Fetching spark://e66737cfc193:33609/jars/org.apache.hadoop_hadoop-client-api-3.3.2.jar to /tmp/spark-1a9bafca-daae-4fa8-8ca3-4e15375423fb/userFiles-8b09c475-8a7d-415f-9a49-8c97d7dddb05/fetchFileTemp1302682171949662177.tmp
[2025-09-01 08:22:32,769] {subprocess.py:92} INFO - 25/09/01 08:22:32 INFO Utils: /tmp/spark-1a9bafca-daae-4fa8-8ca3-4e15375423fb/userFiles-8b09c475-8a7d-415f-9a49-8c97d7dddb05/fetchFileTemp1302682171949662177.tmp has been previously copied to /tmp/spark-1a9bafca-daae-4fa8-8ca3-4e15375423fb/userFiles-8b09c475-8a7d-415f-9a49-8c97d7dddb05/org.apache.hadoop_hadoop-client-api-3.3.2.jar
[2025-09-01 08:22:32,779] {subprocess.py:92} INFO - 25/09/01 08:22:32 INFO Executor: Adding file:/tmp/spark-1a9bafca-daae-4fa8-8ca3-4e15375423fb/userFiles-8b09c475-8a7d-415f-9a49-8c97d7dddb05/org.apache.hadoop_hadoop-client-api-3.3.2.jar to class loader
[2025-09-01 08:22:32,779] {subprocess.py:92} INFO - 25/09/01 08:22:32 INFO Executor: Fetching spark://e66737cfc193:33609/jars/org.xerial.snappy_snappy-java-1.1.8.4.jar with timestamp 1756714949927
[2025-09-01 08:22:32,781] {subprocess.py:92} INFO - 25/09/01 08:22:32 INFO Utils: Fetching spark://e66737cfc193:33609/jars/org.xerial.snappy_snappy-java-1.1.8.4.jar to /tmp/spark-1a9bafca-daae-4fa8-8ca3-4e15375423fb/userFiles-8b09c475-8a7d-415f-9a49-8c97d7dddb05/fetchFileTemp15962469907960737010.tmp
[2025-09-01 08:22:32,798] {subprocess.py:92} INFO - 25/09/01 08:22:32 INFO Utils: /tmp/spark-1a9bafca-daae-4fa8-8ca3-4e15375423fb/userFiles-8b09c475-8a7d-415f-9a49-8c97d7dddb05/fetchFileTemp15962469907960737010.tmp has been previously copied to /tmp/spark-1a9bafca-daae-4fa8-8ca3-4e15375423fb/userFiles-8b09c475-8a7d-415f-9a49-8c97d7dddb05/org.xerial.snappy_snappy-java-1.1.8.4.jar
[2025-09-01 08:22:32,807] {subprocess.py:92} INFO - 25/09/01 08:22:32 INFO Executor: Adding file:/tmp/spark-1a9bafca-daae-4fa8-8ca3-4e15375423fb/userFiles-8b09c475-8a7d-415f-9a49-8c97d7dddb05/org.xerial.snappy_snappy-java-1.1.8.4.jar to class loader
[2025-09-01 08:22:32,807] {subprocess.py:92} INFO - 25/09/01 08:22:32 INFO Executor: Fetching spark://e66737cfc193:33609/jars/org.apache.kafka_kafka-clients-2.8.1.jar with timestamp 1756714949927
[2025-09-01 08:22:32,808] {subprocess.py:92} INFO - 25/09/01 08:22:32 INFO Utils: Fetching spark://e66737cfc193:33609/jars/org.apache.kafka_kafka-clients-2.8.1.jar to /tmp/spark-1a9bafca-daae-4fa8-8ca3-4e15375423fb/userFiles-8b09c475-8a7d-415f-9a49-8c97d7dddb05/fetchFileTemp17348028970074027597.tmp
[2025-09-01 08:22:32,835] {subprocess.py:92} INFO - 25/09/01 08:22:32 INFO Utils: /tmp/spark-1a9bafca-daae-4fa8-8ca3-4e15375423fb/userFiles-8b09c475-8a7d-415f-9a49-8c97d7dddb05/fetchFileTemp17348028970074027597.tmp has been previously copied to /tmp/spark-1a9bafca-daae-4fa8-8ca3-4e15375423fb/userFiles-8b09c475-8a7d-415f-9a49-8c97d7dddb05/org.apache.kafka_kafka-clients-2.8.1.jar
[2025-09-01 08:22:32,840] {subprocess.py:92} INFO - 25/09/01 08:22:32 INFO Executor: Adding file:/tmp/spark-1a9bafca-daae-4fa8-8ca3-4e15375423fb/userFiles-8b09c475-8a7d-415f-9a49-8c97d7dddb05/org.apache.kafka_kafka-clients-2.8.1.jar to class loader
[2025-09-01 08:22:32,858] {subprocess.py:92} INFO - 25/09/01 08:22:32 INFO Utils: Successfully started service 'org.apache.spark.network.netty.NettyBlockTransferService' on port 43599.
[2025-09-01 08:22:32,859] {subprocess.py:92} INFO - 25/09/01 08:22:32 INFO NettyBlockTransferService: Server created on e66737cfc193:43599
[2025-09-01 08:22:32,863] {subprocess.py:92} INFO - 25/09/01 08:22:32 INFO BlockManager: Using org.apache.spark.storage.RandomBlockReplicationPolicy for block replication policy
[2025-09-01 08:22:32,879] {subprocess.py:92} INFO - 25/09/01 08:22:32 INFO BlockManagerMaster: Registering BlockManager BlockManagerId(driver, e66737cfc193, 43599, None)
[2025-09-01 08:22:32,888] {subprocess.py:92} INFO - 25/09/01 08:22:32 INFO BlockManagerMasterEndpoint: Registering block manager e66737cfc193:43599 with 434.4 MiB RAM, BlockManagerId(driver, e66737cfc193, 43599, None)
[2025-09-01 08:22:32,894] {subprocess.py:92} INFO - 25/09/01 08:22:32 INFO BlockManagerMaster: Registered BlockManager BlockManagerId(driver, e66737cfc193, 43599, None)
[2025-09-01 08:22:32,897] {subprocess.py:92} INFO - 25/09/01 08:22:32 INFO BlockManager: Initialized BlockManager: BlockManagerId(driver, e66737cfc193, 43599, None)
[2025-09-01 08:22:33,716] {subprocess.py:92} INFO - Connexion à Kafka...
[2025-09-01 08:22:38,853] {subprocess.py:92} INFO - Connexion Kafka réussie (kafka:9092)
[2025-09-01 08:22:38,854] {subprocess.py:92} INFO - Transformation des données JSON...
[2025-09-01 08:22:39,522] {subprocess.py:92} INFO - Démarrage du streaming vers HDFS...
[2025-09-01 08:22:41,609] {subprocess.py:92} INFO - Streaming actif - Données météo sauvegardées dans HDFS:/data/weather
[2025-09-01 10:45:42,388] {local_task_job.py:221} WARNING - State of this instance has been externally set to up_for_retry. Terminating instance.
[2025-09-01 10:45:42,406] {process_utils.py:129} INFO - Sending Signals.SIGTERM to group 11290. PIDs of all processes in the group: [11295, 11354, 11290]
[2025-09-01 10:45:42,407] {process_utils.py:80} INFO - Sending the signal Signals.SIGTERM to group 11290
[2025-09-01 10:45:42,413] {taskinstance.py:1541} ERROR - Received SIGTERM. Terminating subprocesses.
[2025-09-01 10:45:42,415] {subprocess.py:103} INFO - Sending SIGTERM signal to process group
[2025-09-01 10:45:42,708] {taskinstance.py:1889} ERROR - Task failed with exception
Traceback (most recent call last):
  File "/home/airflow/.local/lib/python3.7/site-packages/airflow/operators/bash.py", line 189, in execute
    cwd=self.cwd,
  File "/home/airflow/.local/lib/python3.7/site-packages/airflow/hooks/subprocess.py", line 90, in run_command
    for raw_line in iter(self.sub_process.stdout.readline, b''):
  File "/home/airflow/.local/lib/python3.7/site-packages/airflow/models/taskinstance.py", line 1543, in signal_handler
    raise AirflowException("Task received SIGTERM signal")
airflow.exceptions.AirflowException: Task received SIGTERM signal
[2025-09-01 10:45:42,740] {taskinstance.py:1400} INFO - Marking task as FAILED. dag_id=send_weather_to_kafka, task_id=stream_hdfs, execution_date=20250901T074843, start_date=20250901T082223, end_date=20250901T104542
[2025-09-01 10:45:42,820] {standard_task_runner.py:97} ERROR - Failed to execute job 501 for task stream_hdfs (Task received SIGTERM signal; 11290)
[2025-09-01 10:45:42,834] {process_utils.py:75} INFO - Process psutil.Process(pid=11290, status='terminated', exitcode=1, started='08:22:22') (11290) terminated with exit code 1
[2025-09-01 10:45:42,836] {process_utils.py:75} INFO - Process psutil.Process(pid=11354, status='terminated', started='08:22:27') (11354) terminated with exit code None
[2025-09-01 10:45:42,888] {process_utils.py:75} INFO - Process psutil.Process(pid=11295, status='terminated', started='08:22:22') (11295) terminated with exit code None
