[2025-08-19 10:49:01,389] {taskinstance.py:1159} INFO - Dependencies all met for <TaskInstance: send_weather_to_kafka.stream_hdfs scheduled__2025-08-19T08:42:24.518363+00:00 [queued]>
[2025-08-19 10:49:01,403] {taskinstance.py:1159} INFO - Dependencies all met for <TaskInstance: send_weather_to_kafka.stream_hdfs scheduled__2025-08-19T08:42:24.518363+00:00 [queued]>
[2025-08-19 10:49:01,404] {taskinstance.py:1356} INFO - 
--------------------------------------------------------------------------------
[2025-08-19 10:49:01,404] {taskinstance.py:1357} INFO - Starting attempt 2 of 2
[2025-08-19 10:49:01,404] {taskinstance.py:1358} INFO - 
--------------------------------------------------------------------------------
[2025-08-19 10:49:01,421] {taskinstance.py:1377} INFO - Executing <Task(BashOperator): stream_hdfs> on 2025-08-19 08:42:24.518363+00:00
[2025-08-19 10:49:01,426] {standard_task_runner.py:52} INFO - Started process 16344 to run task
[2025-08-19 10:49:01,430] {standard_task_runner.py:79} INFO - Running: ['***', 'tasks', 'run', 'send_weather_to_kafka', 'stream_hdfs', 'scheduled__2025-08-19T08:42:24.518363+00:00', '--job-id', '348', '--raw', '--subdir', 'DAGS_FOLDER/dag_meteo.py', '--cfg-path', '/tmp/tmpd3c7jxdb', '--error-file', '/tmp/tmp31269243']
[2025-08-19 10:49:01,432] {standard_task_runner.py:80} INFO - Job 348: Subtask stream_hdfs
[2025-08-19 10:49:01,460] {logging_mixin.py:115} WARNING - /home/***/.local/lib/python3.7/site-packages/***/configuration.py:470 DeprecationWarning: The sql_alchemy_conn option in [core] has been moved to the sql_alchemy_conn option in [database] - the old setting has been used, but please update your config.
[2025-08-19 10:49:01,510] {task_command.py:369} INFO - Running <TaskInstance: send_weather_to_kafka.stream_hdfs scheduled__2025-08-19T08:42:24.518363+00:00 [running]> on host a4b544519f2b
[2025-08-19 10:49:01,610] {taskinstance.py:1571} INFO - Exporting the following env vars:
AIRFLOW_CTX_DAG_OWNER=***
AIRFLOW_CTX_DAG_ID=send_weather_to_kafka
AIRFLOW_CTX_TASK_ID=stream_hdfs
AIRFLOW_CTX_EXECUTION_DATE=2025-08-19T08:42:24.518363+00:00
AIRFLOW_CTX_TRY_NUMBER=2
AIRFLOW_CTX_DAG_RUN_ID=scheduled__2025-08-19T08:42:24.518363+00:00
[2025-08-19 10:49:01,611] {subprocess.py:62} INFO - Tmp dir root location: 
 /tmp
[2025-08-19 10:49:01,611] {subprocess.py:74} INFO - Running command: ['bash', '-c', '\n/home/***/.local/bin/spark-submit   --master local[*]   --conf spark.hadoop.fs.defaultFS=hdfs://namenode:9000   --conf spark.hadoop.dfs.client.use.datanode.hostname=true   --conf spark.sql.adaptive.enabled=false   --packages org.apache.spark:spark-sql-kafka-0-10_2.12:3.3.1   /opt/***/scripts/pyspark/streaming.py']
[2025-08-19 10:49:01,636] {subprocess.py:85} INFO - Output:
[2025-08-19 10:49:01,670] {subprocess.py:92} INFO - /opt/spark-3.3.1-bin-hadoop3/bin/load-spark-env.sh: line 68: ps: command not found
[2025-08-19 10:49:03,655] {subprocess.py:92} INFO - :: loading settings :: url = jar:file:/opt/spark-3.3.1-bin-hadoop3/jars/ivy-2.5.0.jar!/org/apache/ivy/core/settings/ivysettings.xml
[2025-08-19 10:49:03,785] {subprocess.py:92} INFO - Ivy Default Cache set to: /home/***/.ivy2/cache
[2025-08-19 10:49:03,785] {subprocess.py:92} INFO - The jars for the packages stored in: /home/***/.ivy2/jars
[2025-08-19 10:49:03,791] {subprocess.py:92} INFO - org.apache.spark#spark-sql-kafka-0-10_2.12 added as a dependency
[2025-08-19 10:49:03,792] {subprocess.py:92} INFO - :: resolving dependencies :: org.apache.spark#spark-submit-parent-afae5522-d2d5-4a34-855b-5923f846dc6a;1.0
[2025-08-19 10:49:03,792] {subprocess.py:92} INFO - 	confs: [default]
[2025-08-19 10:49:03,945] {subprocess.py:92} INFO - 	found org.apache.spark#spark-sql-kafka-0-10_2.12;3.3.1 in spark-list
[2025-08-19 10:49:03,998] {subprocess.py:92} INFO - 	found org.apache.spark#spark-token-provider-kafka-0-10_2.12;3.3.1 in central
[2025-08-19 10:49:04,025] {subprocess.py:92} INFO - 	found org.apache.kafka#kafka-clients;2.8.1 in central
[2025-08-19 10:49:04,051] {subprocess.py:92} INFO - 	found org.lz4#lz4-java;1.8.0 in spark-list
[2025-08-19 10:49:04,093] {subprocess.py:92} INFO - 	found org.xerial.snappy#snappy-java;1.1.8.4 in central
[2025-08-19 10:49:04,127] {subprocess.py:92} INFO - 	found org.slf4j#slf4j-api;1.7.32 in central
[2025-08-19 10:49:04,182] {subprocess.py:92} INFO - 	found org.apache.hadoop#hadoop-client-runtime;3.3.2 in central
[2025-08-19 10:49:04,195] {subprocess.py:92} INFO - 	found org.spark-project.spark#unused;1.0.0 in central
[2025-08-19 10:49:04,217] {subprocess.py:92} INFO - 	found org.apache.hadoop#hadoop-client-api;3.3.2 in central
[2025-08-19 10:49:04,237] {subprocess.py:92} INFO - 	found commons-logging#commons-logging;1.1.3 in central
[2025-08-19 10:49:04,254] {subprocess.py:92} INFO - 	found com.google.code.findbugs#jsr305;3.0.0 in central
[2025-08-19 10:49:04,266] {subprocess.py:92} INFO - 	found org.apache.commons#commons-pool2;2.11.1 in central
[2025-08-19 10:49:04,287] {subprocess.py:92} INFO - :: resolution report :: resolve 484ms :: artifacts dl 11ms
[2025-08-19 10:49:04,287] {subprocess.py:92} INFO - 	:: modules in use:
[2025-08-19 10:49:04,287] {subprocess.py:92} INFO - 	com.google.code.findbugs#jsr305;3.0.0 from central in [default]
[2025-08-19 10:49:04,287] {subprocess.py:92} INFO - 	commons-logging#commons-logging;1.1.3 from central in [default]
[2025-08-19 10:49:04,287] {subprocess.py:92} INFO - 	org.apache.commons#commons-pool2;2.11.1 from central in [default]
[2025-08-19 10:49:04,288] {subprocess.py:92} INFO - 	org.apache.hadoop#hadoop-client-api;3.3.2 from central in [default]
[2025-08-19 10:49:04,288] {subprocess.py:92} INFO - 	org.apache.hadoop#hadoop-client-runtime;3.3.2 from central in [default]
[2025-08-19 10:49:04,288] {subprocess.py:92} INFO - 	org.apache.kafka#kafka-clients;2.8.1 from central in [default]
[2025-08-19 10:49:04,288] {subprocess.py:92} INFO - 	org.apache.spark#spark-sql-kafka-0-10_2.12;3.3.1 from spark-list in [default]
[2025-08-19 10:49:04,288] {subprocess.py:92} INFO - 	org.apache.spark#spark-token-provider-kafka-0-10_2.12;3.3.1 from central in [default]
[2025-08-19 10:49:04,288] {subprocess.py:92} INFO - 	org.lz4#lz4-java;1.8.0 from spark-list in [default]
[2025-08-19 10:49:04,288] {subprocess.py:92} INFO - 	org.slf4j#slf4j-api;1.7.32 from central in [default]
[2025-08-19 10:49:04,288] {subprocess.py:92} INFO - 	org.spark-project.spark#unused;1.0.0 from central in [default]
[2025-08-19 10:49:04,288] {subprocess.py:92} INFO - 	org.xerial.snappy#snappy-java;1.1.8.4 from central in [default]
[2025-08-19 10:49:04,288] {subprocess.py:92} INFO - 	---------------------------------------------------------------------
[2025-08-19 10:49:04,288] {subprocess.py:92} INFO - 	|                  |            modules            ||   artifacts   |
[2025-08-19 10:49:04,288] {subprocess.py:92} INFO - 	|       conf       | number| search|dwnlded|evicted|| number|dwnlded|
[2025-08-19 10:49:04,288] {subprocess.py:92} INFO - 	---------------------------------------------------------------------
[2025-08-19 10:49:04,289] {subprocess.py:92} INFO - 	|      default     |   12  |   0   |   0   |   0   ||   12  |   0   |
[2025-08-19 10:49:04,289] {subprocess.py:92} INFO - 	---------------------------------------------------------------------
[2025-08-19 10:49:04,293] {subprocess.py:92} INFO - :: retrieving :: org.apache.spark#spark-submit-parent-afae5522-d2d5-4a34-855b-5923f846dc6a
[2025-08-19 10:49:04,294] {subprocess.py:92} INFO - 	confs: [default]
[2025-08-19 10:49:04,301] {subprocess.py:92} INFO - 	0 artifacts copied, 12 already retrieved (0kB/8ms)
[2025-08-19 10:49:04,530] {subprocess.py:92} INFO - 25/08/19 10:49:04 WARN NativeCodeLoader: Unable to load native-hadoop library for your platform... using builtin-java classes where applicable
[2025-08-19 10:49:06,007] {subprocess.py:92} INFO - 25/08/19 10:49:06 INFO SparkContext: Running Spark version 3.3.1
[2025-08-19 10:49:06,037] {subprocess.py:92} INFO - 25/08/19 10:49:06 INFO ResourceUtils: ==============================================================
[2025-08-19 10:49:06,037] {subprocess.py:92} INFO - 25/08/19 10:49:06 INFO ResourceUtils: No custom resources configured for spark.driver.
[2025-08-19 10:49:06,037] {subprocess.py:92} INFO - 25/08/19 10:49:06 INFO ResourceUtils: ==============================================================
[2025-08-19 10:49:06,038] {subprocess.py:92} INFO - 25/08/19 10:49:06 INFO SparkContext: Submitted application: KafkaToHDFSWeather
[2025-08-19 10:49:06,065] {subprocess.py:92} INFO - 25/08/19 10:49:06 INFO ResourceProfile: Default ResourceProfile created, executor resources: Map(cores -> name: cores, amount: 1, script: , vendor: , memory -> name: memory, amount: 1024, script: , vendor: , offHeap -> name: offHeap, amount: 0, script: , vendor: ), task resources: Map(cpus -> name: cpus, amount: 1.0)
[2025-08-19 10:49:06,077] {subprocess.py:92} INFO - 25/08/19 10:49:06 INFO ResourceProfile: Limiting resource is cpu
[2025-08-19 10:49:06,077] {subprocess.py:92} INFO - 25/08/19 10:49:06 INFO ResourceProfileManager: Added ResourceProfile id: 0
[2025-08-19 10:49:06,147] {subprocess.py:92} INFO - 25/08/19 10:49:06 INFO SecurityManager: Changing view acls to: ***
[2025-08-19 10:49:06,147] {subprocess.py:92} INFO - 25/08/19 10:49:06 INFO SecurityManager: Changing modify acls to: ***
[2025-08-19 10:49:06,148] {subprocess.py:92} INFO - 25/08/19 10:49:06 INFO SecurityManager: Changing view acls groups to:
[2025-08-19 10:49:06,149] {subprocess.py:92} INFO - 25/08/19 10:49:06 INFO SecurityManager: Changing modify acls groups to:
[2025-08-19 10:49:06,149] {subprocess.py:92} INFO - 25/08/19 10:49:06 INFO SecurityManager: SecurityManager: authentication disabled; ui acls disabled; users  with view permissions: Set(***); groups with view permissions: Set(); users  with modify permissions: Set(***); groups with modify permissions: Set()
[2025-08-19 10:49:06,462] {subprocess.py:92} INFO - 25/08/19 10:49:06 INFO Utils: Successfully started service 'sparkDriver' on port 43325.
[2025-08-19 10:49:06,565] {subprocess.py:92} INFO - 25/08/19 10:49:06 INFO SparkEnv: Registering MapOutputTracker
[2025-08-19 10:49:06,633] {subprocess.py:92} INFO - 25/08/19 10:49:06 INFO SparkEnv: Registering BlockManagerMaster
[2025-08-19 10:49:06,667] {subprocess.py:92} INFO - 25/08/19 10:49:06 INFO BlockManagerMasterEndpoint: Using org.apache.spark.storage.DefaultTopologyMapper for getting topology information
[2025-08-19 10:49:06,668] {subprocess.py:92} INFO - 25/08/19 10:49:06 INFO BlockManagerMasterEndpoint: BlockManagerMasterEndpoint up
[2025-08-19 10:49:06,676] {subprocess.py:92} INFO - 25/08/19 10:49:06 INFO SparkEnv: Registering BlockManagerMasterHeartbeat
[2025-08-19 10:49:06,707] {subprocess.py:92} INFO - 25/08/19 10:49:06 INFO DiskBlockManager: Created local directory at /tmp/blockmgr-7fa1a064-99ed-44c1-90cd-038def6ab576
[2025-08-19 10:49:06,728] {subprocess.py:92} INFO - 25/08/19 10:49:06 INFO MemoryStore: MemoryStore started with capacity 434.4 MiB
[2025-08-19 10:49:06,749] {subprocess.py:92} INFO - 25/08/19 10:49:06 INFO SparkEnv: Registering OutputCommitCoordinator
[2025-08-19 10:49:06,988] {subprocess.py:92} INFO - 25/08/19 10:49:06 WARN Utils: Service 'SparkUI' could not bind on port 4040. Attempting port 4041.
[2025-08-19 10:49:06,989] {subprocess.py:92} INFO - 25/08/19 10:49:06 WARN Utils: Service 'SparkUI' could not bind on port 4041. Attempting port 4042.
[2025-08-19 10:49:07,003] {subprocess.py:92} INFO - 25/08/19 10:49:07 INFO Utils: Successfully started service 'SparkUI' on port 4042.
[2025-08-19 10:49:07,043] {subprocess.py:92} INFO - 25/08/19 10:49:07 INFO SparkContext: Added JAR file:///home/***/.ivy2/jars/org.apache.spark_spark-sql-kafka-0-10_2.12-3.3.1.jar at spark://a4b544519f2b:43325/jars/org.apache.spark_spark-sql-kafka-0-10_2.12-3.3.1.jar with timestamp 1755600545995
[2025-08-19 10:49:07,043] {subprocess.py:92} INFO - 25/08/19 10:49:07 INFO SparkContext: Added JAR file:///home/***/.ivy2/jars/org.apache.spark_spark-token-provider-kafka-0-10_2.12-3.3.1.jar at spark://a4b544519f2b:43325/jars/org.apache.spark_spark-token-provider-kafka-0-10_2.12-3.3.1.jar with timestamp 1755600545995
[2025-08-19 10:49:07,043] {subprocess.py:92} INFO - 25/08/19 10:49:07 INFO SparkContext: Added JAR file:///home/***/.ivy2/jars/org.apache.kafka_kafka-clients-2.8.1.jar at spark://a4b544519f2b:43325/jars/org.apache.kafka_kafka-clients-2.8.1.jar with timestamp 1755600545995
[2025-08-19 10:49:07,044] {subprocess.py:92} INFO - 25/08/19 10:49:07 INFO SparkContext: Added JAR file:///home/***/.ivy2/jars/com.google.code.findbugs_jsr305-3.0.0.jar at spark://a4b544519f2b:43325/jars/com.google.code.findbugs_jsr305-3.0.0.jar with timestamp 1755600545995
[2025-08-19 10:49:07,044] {subprocess.py:92} INFO - 25/08/19 10:49:07 INFO SparkContext: Added JAR file:///home/***/.ivy2/jars/org.apache.commons_commons-pool2-2.11.1.jar at spark://a4b544519f2b:43325/jars/org.apache.commons_commons-pool2-2.11.1.jar with timestamp 1755600545995
[2025-08-19 10:49:07,044] {subprocess.py:92} INFO - 25/08/19 10:49:07 INFO SparkContext: Added JAR file:///home/***/.ivy2/jars/org.spark-project.spark_unused-1.0.0.jar at spark://a4b544519f2b:43325/jars/org.spark-project.spark_unused-1.0.0.jar with timestamp 1755600545995
[2025-08-19 10:49:07,044] {subprocess.py:92} INFO - 25/08/19 10:49:07 INFO SparkContext: Added JAR file:///home/***/.ivy2/jars/org.apache.hadoop_hadoop-client-runtime-3.3.2.jar at spark://a4b544519f2b:43325/jars/org.apache.hadoop_hadoop-client-runtime-3.3.2.jar with timestamp 1755600545995
[2025-08-19 10:49:07,045] {subprocess.py:92} INFO - 25/08/19 10:49:07 INFO SparkContext: Added JAR file:///home/***/.ivy2/jars/org.lz4_lz4-java-1.8.0.jar at spark://a4b544519f2b:43325/jars/org.lz4_lz4-java-1.8.0.jar with timestamp 1755600545995
[2025-08-19 10:49:07,045] {subprocess.py:92} INFO - 25/08/19 10:49:07 INFO SparkContext: Added JAR file:///home/***/.ivy2/jars/org.xerial.snappy_snappy-java-1.1.8.4.jar at spark://a4b544519f2b:43325/jars/org.xerial.snappy_snappy-java-1.1.8.4.jar with timestamp 1755600545995
[2025-08-19 10:49:07,045] {subprocess.py:92} INFO - 25/08/19 10:49:07 INFO SparkContext: Added JAR file:///home/***/.ivy2/jars/org.slf4j_slf4j-api-1.7.32.jar at spark://a4b544519f2b:43325/jars/org.slf4j_slf4j-api-1.7.32.jar with timestamp 1755600545995
[2025-08-19 10:49:07,045] {subprocess.py:92} INFO - 25/08/19 10:49:07 INFO SparkContext: Added JAR file:///home/***/.ivy2/jars/org.apache.hadoop_hadoop-client-api-3.3.2.jar at spark://a4b544519f2b:43325/jars/org.apache.hadoop_hadoop-client-api-3.3.2.jar with timestamp 1755600545995
[2025-08-19 10:49:07,045] {subprocess.py:92} INFO - 25/08/19 10:49:07 INFO SparkContext: Added JAR file:///home/***/.ivy2/jars/commons-logging_commons-logging-1.1.3.jar at spark://a4b544519f2b:43325/jars/commons-logging_commons-logging-1.1.3.jar with timestamp 1755600545995
[2025-08-19 10:49:07,049] {subprocess.py:92} INFO - 25/08/19 10:49:07 INFO SparkContext: Added file file:///home/***/.ivy2/jars/org.apache.spark_spark-sql-kafka-0-10_2.12-3.3.1.jar at file:///home/***/.ivy2/jars/org.apache.spark_spark-sql-kafka-0-10_2.12-3.3.1.jar with timestamp 1755600545995
[2025-08-19 10:49:07,051] {subprocess.py:92} INFO - 25/08/19 10:49:07 INFO Utils: Copying /home/***/.ivy2/jars/org.apache.spark_spark-sql-kafka-0-10_2.12-3.3.1.jar to /tmp/spark-150b2128-a20a-4090-8261-582937522dae/userFiles-d229ad8b-11fb-4634-b6f6-ac8edfa0e5aa/org.apache.spark_spark-sql-kafka-0-10_2.12-3.3.1.jar
[2025-08-19 10:49:07,067] {subprocess.py:92} INFO - 25/08/19 10:49:07 INFO SparkContext: Added file file:///home/***/.ivy2/jars/org.apache.spark_spark-token-provider-kafka-0-10_2.12-3.3.1.jar at file:///home/***/.ivy2/jars/org.apache.spark_spark-token-provider-kafka-0-10_2.12-3.3.1.jar with timestamp 1755600545995
[2025-08-19 10:49:07,068] {subprocess.py:92} INFO - 25/08/19 10:49:07 INFO Utils: Copying /home/***/.ivy2/jars/org.apache.spark_spark-token-provider-kafka-0-10_2.12-3.3.1.jar to /tmp/spark-150b2128-a20a-4090-8261-582937522dae/userFiles-d229ad8b-11fb-4634-b6f6-ac8edfa0e5aa/org.apache.spark_spark-token-provider-kafka-0-10_2.12-3.3.1.jar
[2025-08-19 10:49:07,075] {subprocess.py:92} INFO - 25/08/19 10:49:07 INFO SparkContext: Added file file:///home/***/.ivy2/jars/org.apache.kafka_kafka-clients-2.8.1.jar at file:///home/***/.ivy2/jars/org.apache.kafka_kafka-clients-2.8.1.jar with timestamp 1755600545995
[2025-08-19 10:49:07,075] {subprocess.py:92} INFO - 25/08/19 10:49:07 INFO Utils: Copying /home/***/.ivy2/jars/org.apache.kafka_kafka-clients-2.8.1.jar to /tmp/spark-150b2128-a20a-4090-8261-582937522dae/userFiles-d229ad8b-11fb-4634-b6f6-ac8edfa0e5aa/org.apache.kafka_kafka-clients-2.8.1.jar
[2025-08-19 10:49:07,090] {subprocess.py:92} INFO - 25/08/19 10:49:07 INFO SparkContext: Added file file:///home/***/.ivy2/jars/com.google.code.findbugs_jsr305-3.0.0.jar at file:///home/***/.ivy2/jars/com.google.code.findbugs_jsr305-3.0.0.jar with timestamp 1755600545995
[2025-08-19 10:49:07,091] {subprocess.py:92} INFO - 25/08/19 10:49:07 INFO Utils: Copying /home/***/.ivy2/jars/com.google.code.findbugs_jsr305-3.0.0.jar to /tmp/spark-150b2128-a20a-4090-8261-582937522dae/userFiles-d229ad8b-11fb-4634-b6f6-ac8edfa0e5aa/com.google.code.findbugs_jsr305-3.0.0.jar
[2025-08-19 10:49:07,098] {subprocess.py:92} INFO - 25/08/19 10:49:07 INFO SparkContext: Added file file:///home/***/.ivy2/jars/org.apache.commons_commons-pool2-2.11.1.jar at file:///home/***/.ivy2/jars/org.apache.commons_commons-pool2-2.11.1.jar with timestamp 1755600545995
[2025-08-19 10:49:07,098] {subprocess.py:92} INFO - 25/08/19 10:49:07 INFO Utils: Copying /home/***/.ivy2/jars/org.apache.commons_commons-pool2-2.11.1.jar to /tmp/spark-150b2128-a20a-4090-8261-582937522dae/userFiles-d229ad8b-11fb-4634-b6f6-ac8edfa0e5aa/org.apache.commons_commons-pool2-2.11.1.jar
[2025-08-19 10:49:07,105] {subprocess.py:92} INFO - 25/08/19 10:49:07 INFO SparkContext: Added file file:///home/***/.ivy2/jars/org.spark-project.spark_unused-1.0.0.jar at file:///home/***/.ivy2/jars/org.spark-project.spark_unused-1.0.0.jar with timestamp 1755600545995
[2025-08-19 10:49:07,106] {subprocess.py:92} INFO - 25/08/19 10:49:07 INFO Utils: Copying /home/***/.ivy2/jars/org.spark-project.spark_unused-1.0.0.jar to /tmp/spark-150b2128-a20a-4090-8261-582937522dae/userFiles-d229ad8b-11fb-4634-b6f6-ac8edfa0e5aa/org.spark-project.spark_unused-1.0.0.jar
[2025-08-19 10:49:07,112] {subprocess.py:92} INFO - 25/08/19 10:49:07 INFO SparkContext: Added file file:///home/***/.ivy2/jars/org.apache.hadoop_hadoop-client-runtime-3.3.2.jar at file:///home/***/.ivy2/jars/org.apache.hadoop_hadoop-client-runtime-3.3.2.jar with timestamp 1755600545995
[2025-08-19 10:49:07,113] {subprocess.py:92} INFO - 25/08/19 10:49:07 INFO Utils: Copying /home/***/.ivy2/jars/org.apache.hadoop_hadoop-client-runtime-3.3.2.jar to /tmp/spark-150b2128-a20a-4090-8261-582937522dae/userFiles-d229ad8b-11fb-4634-b6f6-ac8edfa0e5aa/org.apache.hadoop_hadoop-client-runtime-3.3.2.jar
[2025-08-19 10:49:07,167] {subprocess.py:92} INFO - 25/08/19 10:49:07 INFO SparkContext: Added file file:///home/***/.ivy2/jars/org.lz4_lz4-java-1.8.0.jar at file:///home/***/.ivy2/jars/org.lz4_lz4-java-1.8.0.jar with timestamp 1755600545995
[2025-08-19 10:49:07,167] {subprocess.py:92} INFO - 25/08/19 10:49:07 INFO Utils: Copying /home/***/.ivy2/jars/org.lz4_lz4-java-1.8.0.jar to /tmp/spark-150b2128-a20a-4090-8261-582937522dae/userFiles-d229ad8b-11fb-4634-b6f6-ac8edfa0e5aa/org.lz4_lz4-java-1.8.0.jar
[2025-08-19 10:49:07,177] {subprocess.py:92} INFO - 25/08/19 10:49:07 INFO SparkContext: Added file file:///home/***/.ivy2/jars/org.xerial.snappy_snappy-java-1.1.8.4.jar at file:///home/***/.ivy2/jars/org.xerial.snappy_snappy-java-1.1.8.4.jar with timestamp 1755600545995
[2025-08-19 10:49:07,177] {subprocess.py:92} INFO - 25/08/19 10:49:07 INFO Utils: Copying /home/***/.ivy2/jars/org.xerial.snappy_snappy-java-1.1.8.4.jar to /tmp/spark-150b2128-a20a-4090-8261-582937522dae/userFiles-d229ad8b-11fb-4634-b6f6-ac8edfa0e5aa/org.xerial.snappy_snappy-java-1.1.8.4.jar
[2025-08-19 10:49:07,193] {subprocess.py:92} INFO - 25/08/19 10:49:07 INFO SparkContext: Added file file:///home/***/.ivy2/jars/org.slf4j_slf4j-api-1.7.32.jar at file:///home/***/.ivy2/jars/org.slf4j_slf4j-api-1.7.32.jar with timestamp 1755600545995
[2025-08-19 10:49:07,193] {subprocess.py:92} INFO - 25/08/19 10:49:07 INFO Utils: Copying /home/***/.ivy2/jars/org.slf4j_slf4j-api-1.7.32.jar to /tmp/spark-150b2128-a20a-4090-8261-582937522dae/userFiles-d229ad8b-11fb-4634-b6f6-ac8edfa0e5aa/org.slf4j_slf4j-api-1.7.32.jar
[2025-08-19 10:49:07,201] {subprocess.py:92} INFO - 25/08/19 10:49:07 INFO SparkContext: Added file file:///home/***/.ivy2/jars/org.apache.hadoop_hadoop-client-api-3.3.2.jar at file:///home/***/.ivy2/jars/org.apache.hadoop_hadoop-client-api-3.3.2.jar with timestamp 1755600545995
[2025-08-19 10:49:07,201] {subprocess.py:92} INFO - 25/08/19 10:49:07 INFO Utils: Copying /home/***/.ivy2/jars/org.apache.hadoop_hadoop-client-api-3.3.2.jar to /tmp/spark-150b2128-a20a-4090-8261-582937522dae/userFiles-d229ad8b-11fb-4634-b6f6-ac8edfa0e5aa/org.apache.hadoop_hadoop-client-api-3.3.2.jar
[2025-08-19 10:49:07,240] {subprocess.py:92} INFO - 25/08/19 10:49:07 INFO SparkContext: Added file file:///home/***/.ivy2/jars/commons-logging_commons-logging-1.1.3.jar at file:///home/***/.ivy2/jars/commons-logging_commons-logging-1.1.3.jar with timestamp 1755600545995
[2025-08-19 10:49:07,240] {subprocess.py:92} INFO - 25/08/19 10:49:07 INFO Utils: Copying /home/***/.ivy2/jars/commons-logging_commons-logging-1.1.3.jar to /tmp/spark-150b2128-a20a-4090-8261-582937522dae/userFiles-d229ad8b-11fb-4634-b6f6-ac8edfa0e5aa/commons-logging_commons-logging-1.1.3.jar
[2025-08-19 10:49:07,348] {subprocess.py:92} INFO - 25/08/19 10:49:07 INFO Executor: Starting executor ID driver on host a4b544519f2b
[2025-08-19 10:49:07,356] {subprocess.py:92} INFO - 25/08/19 10:49:07 INFO Executor: Starting executor with user classpath (userClassPathFirst = false): ''
[2025-08-19 10:49:07,374] {subprocess.py:92} INFO - 25/08/19 10:49:07 INFO Executor: Fetching file:///home/***/.ivy2/jars/commons-logging_commons-logging-1.1.3.jar with timestamp 1755600545995
[2025-08-19 10:49:07,393] {subprocess.py:92} INFO - 25/08/19 10:49:07 INFO Utils: /home/***/.ivy2/jars/commons-logging_commons-logging-1.1.3.jar has been previously copied to /tmp/spark-150b2128-a20a-4090-8261-582937522dae/userFiles-d229ad8b-11fb-4634-b6f6-ac8edfa0e5aa/commons-logging_commons-logging-1.1.3.jar
[2025-08-19 10:49:07,403] {subprocess.py:92} INFO - 25/08/19 10:49:07 INFO Executor: Fetching file:///home/***/.ivy2/jars/org.spark-project.spark_unused-1.0.0.jar with timestamp 1755600545995
[2025-08-19 10:49:07,404] {subprocess.py:92} INFO - 25/08/19 10:49:07 INFO Utils: /home/***/.ivy2/jars/org.spark-project.spark_unused-1.0.0.jar has been previously copied to /tmp/spark-150b2128-a20a-4090-8261-582937522dae/userFiles-d229ad8b-11fb-4634-b6f6-ac8edfa0e5aa/org.spark-project.spark_unused-1.0.0.jar
[2025-08-19 10:49:07,408] {subprocess.py:92} INFO - 25/08/19 10:49:07 INFO Executor: Fetching file:///home/***/.ivy2/jars/org.apache.spark_spark-sql-kafka-0-10_2.12-3.3.1.jar with timestamp 1755600545995
[2025-08-19 10:49:07,415] {subprocess.py:92} INFO - 25/08/19 10:49:07 INFO Utils: /home/***/.ivy2/jars/org.apache.spark_spark-sql-kafka-0-10_2.12-3.3.1.jar has been previously copied to /tmp/spark-150b2128-a20a-4090-8261-582937522dae/userFiles-d229ad8b-11fb-4634-b6f6-ac8edfa0e5aa/org.apache.spark_spark-sql-kafka-0-10_2.12-3.3.1.jar
[2025-08-19 10:49:07,420] {subprocess.py:92} INFO - 25/08/19 10:49:07 INFO Executor: Fetching file:///home/***/.ivy2/jars/org.apache.hadoop_hadoop-client-api-3.3.2.jar with timestamp 1755600545995
[2025-08-19 10:49:07,447] {subprocess.py:92} INFO - 25/08/19 10:49:07 INFO Utils: /home/***/.ivy2/jars/org.apache.hadoop_hadoop-client-api-3.3.2.jar has been previously copied to /tmp/spark-150b2128-a20a-4090-8261-582937522dae/userFiles-d229ad8b-11fb-4634-b6f6-ac8edfa0e5aa/org.apache.hadoop_hadoop-client-api-3.3.2.jar
[2025-08-19 10:49:07,452] {subprocess.py:92} INFO - 25/08/19 10:49:07 INFO Executor: Fetching file:///home/***/.ivy2/jars/org.apache.hadoop_hadoop-client-runtime-3.3.2.jar with timestamp 1755600545995
[2025-08-19 10:49:07,517] {subprocess.py:92} INFO - 25/08/19 10:49:07 INFO Utils: /home/***/.ivy2/jars/org.apache.hadoop_hadoop-client-runtime-3.3.2.jar has been previously copied to /tmp/spark-150b2128-a20a-4090-8261-582937522dae/userFiles-d229ad8b-11fb-4634-b6f6-ac8edfa0e5aa/org.apache.hadoop_hadoop-client-runtime-3.3.2.jar
[2025-08-19 10:49:07,529] {subprocess.py:92} INFO - 25/08/19 10:49:07 INFO Executor: Fetching file:///home/***/.ivy2/jars/org.slf4j_slf4j-api-1.7.32.jar with timestamp 1755600545995
[2025-08-19 10:49:07,530] {subprocess.py:92} INFO - 25/08/19 10:49:07 INFO Utils: /home/***/.ivy2/jars/org.slf4j_slf4j-api-1.7.32.jar has been previously copied to /tmp/spark-150b2128-a20a-4090-8261-582937522dae/userFiles-d229ad8b-11fb-4634-b6f6-ac8edfa0e5aa/org.slf4j_slf4j-api-1.7.32.jar
[2025-08-19 10:49:07,540] {subprocess.py:92} INFO - 25/08/19 10:49:07 INFO Executor: Fetching file:///home/***/.ivy2/jars/org.lz4_lz4-java-1.8.0.jar with timestamp 1755600545995
[2025-08-19 10:49:07,544] {subprocess.py:92} INFO - 25/08/19 10:49:07 INFO Utils: /home/***/.ivy2/jars/org.lz4_lz4-java-1.8.0.jar has been previously copied to /tmp/spark-150b2128-a20a-4090-8261-582937522dae/userFiles-d229ad8b-11fb-4634-b6f6-ac8edfa0e5aa/org.lz4_lz4-java-1.8.0.jar
[2025-08-19 10:49:07,551] {subprocess.py:92} INFO - 25/08/19 10:49:07 INFO Executor: Fetching file:///home/***/.ivy2/jars/org.apache.commons_commons-pool2-2.11.1.jar with timestamp 1755600545995
[2025-08-19 10:49:07,552] {subprocess.py:92} INFO - 25/08/19 10:49:07 INFO Utils: /home/***/.ivy2/jars/org.apache.commons_commons-pool2-2.11.1.jar has been previously copied to /tmp/spark-150b2128-a20a-4090-8261-582937522dae/userFiles-d229ad8b-11fb-4634-b6f6-ac8edfa0e5aa/org.apache.commons_commons-pool2-2.11.1.jar
[2025-08-19 10:49:07,557] {subprocess.py:92} INFO - 25/08/19 10:49:07 INFO Executor: Fetching file:///home/***/.ivy2/jars/com.google.code.findbugs_jsr305-3.0.0.jar with timestamp 1755600545995
[2025-08-19 10:49:07,559] {subprocess.py:92} INFO - 25/08/19 10:49:07 INFO Utils: /home/***/.ivy2/jars/com.google.code.findbugs_jsr305-3.0.0.jar has been previously copied to /tmp/spark-150b2128-a20a-4090-8261-582937522dae/userFiles-d229ad8b-11fb-4634-b6f6-ac8edfa0e5aa/com.google.code.findbugs_jsr305-3.0.0.jar
[2025-08-19 10:49:07,564] {subprocess.py:92} INFO - 25/08/19 10:49:07 INFO Executor: Fetching file:///home/***/.ivy2/jars/org.apache.spark_spark-token-provider-kafka-0-10_2.12-3.3.1.jar with timestamp 1755600545995
[2025-08-19 10:49:07,565] {subprocess.py:92} INFO - 25/08/19 10:49:07 INFO Utils: /home/***/.ivy2/jars/org.apache.spark_spark-token-provider-kafka-0-10_2.12-3.3.1.jar has been previously copied to /tmp/spark-150b2128-a20a-4090-8261-582937522dae/userFiles-d229ad8b-11fb-4634-b6f6-ac8edfa0e5aa/org.apache.spark_spark-token-provider-kafka-0-10_2.12-3.3.1.jar
[2025-08-19 10:49:07,570] {subprocess.py:92} INFO - 25/08/19 10:49:07 INFO Executor: Fetching file:///home/***/.ivy2/jars/org.apache.kafka_kafka-clients-2.8.1.jar with timestamp 1755600545995
[2025-08-19 10:49:07,581] {subprocess.py:92} INFO - 25/08/19 10:49:07 INFO Utils: /home/***/.ivy2/jars/org.apache.kafka_kafka-clients-2.8.1.jar has been previously copied to /tmp/spark-150b2128-a20a-4090-8261-582937522dae/userFiles-d229ad8b-11fb-4634-b6f6-ac8edfa0e5aa/org.apache.kafka_kafka-clients-2.8.1.jar
[2025-08-19 10:49:07,586] {subprocess.py:92} INFO - 25/08/19 10:49:07 INFO Executor: Fetching file:///home/***/.ivy2/jars/org.xerial.snappy_snappy-java-1.1.8.4.jar with timestamp 1755600545995
[2025-08-19 10:49:07,592] {subprocess.py:92} INFO - 25/08/19 10:49:07 INFO Utils: /home/***/.ivy2/jars/org.xerial.snappy_snappy-java-1.1.8.4.jar has been previously copied to /tmp/spark-150b2128-a20a-4090-8261-582937522dae/userFiles-d229ad8b-11fb-4634-b6f6-ac8edfa0e5aa/org.xerial.snappy_snappy-java-1.1.8.4.jar
[2025-08-19 10:49:07,600] {subprocess.py:92} INFO - 25/08/19 10:49:07 INFO Executor: Fetching spark://a4b544519f2b:43325/jars/org.lz4_lz4-java-1.8.0.jar with timestamp 1755600545995
[2025-08-19 10:49:07,666] {subprocess.py:92} INFO - 25/08/19 10:49:07 INFO TransportClientFactory: Successfully created connection to a4b544519f2b/172.20.0.2:43325 after 47 ms (0 ms spent in bootstraps)
[2025-08-19 10:49:07,676] {subprocess.py:92} INFO - 25/08/19 10:49:07 INFO Utils: Fetching spark://a4b544519f2b:43325/jars/org.lz4_lz4-java-1.8.0.jar to /tmp/spark-150b2128-a20a-4090-8261-582937522dae/userFiles-d229ad8b-11fb-4634-b6f6-ac8edfa0e5aa/fetchFileTemp11208564584642441916.tmp
[2025-08-19 10:49:07,723] {subprocess.py:92} INFO - 25/08/19 10:49:07 INFO Utils: /tmp/spark-150b2128-a20a-4090-8261-582937522dae/userFiles-d229ad8b-11fb-4634-b6f6-ac8edfa0e5aa/fetchFileTemp11208564584642441916.tmp has been previously copied to /tmp/spark-150b2128-a20a-4090-8261-582937522dae/userFiles-d229ad8b-11fb-4634-b6f6-ac8edfa0e5aa/org.lz4_lz4-java-1.8.0.jar
[2025-08-19 10:49:07,731] {subprocess.py:92} INFO - 25/08/19 10:49:07 INFO Executor: Adding file:/tmp/spark-150b2128-a20a-4090-8261-582937522dae/userFiles-d229ad8b-11fb-4634-b6f6-ac8edfa0e5aa/org.lz4_lz4-java-1.8.0.jar to class loader
[2025-08-19 10:49:07,731] {subprocess.py:92} INFO - 25/08/19 10:49:07 INFO Executor: Fetching spark://a4b544519f2b:43325/jars/org.xerial.snappy_snappy-java-1.1.8.4.jar with timestamp 1755600545995
[2025-08-19 10:49:07,733] {subprocess.py:92} INFO - 25/08/19 10:49:07 INFO Utils: Fetching spark://a4b544519f2b:43325/jars/org.xerial.snappy_snappy-java-1.1.8.4.jar to /tmp/spark-150b2128-a20a-4090-8261-582937522dae/userFiles-d229ad8b-11fb-4634-b6f6-ac8edfa0e5aa/fetchFileTemp14097502835507346346.tmp
[2025-08-19 10:49:07,750] {subprocess.py:92} INFO - 25/08/19 10:49:07 INFO Utils: /tmp/spark-150b2128-a20a-4090-8261-582937522dae/userFiles-d229ad8b-11fb-4634-b6f6-ac8edfa0e5aa/fetchFileTemp14097502835507346346.tmp has been previously copied to /tmp/spark-150b2128-a20a-4090-8261-582937522dae/userFiles-d229ad8b-11fb-4634-b6f6-ac8edfa0e5aa/org.xerial.snappy_snappy-java-1.1.8.4.jar
[2025-08-19 10:49:07,756] {subprocess.py:92} INFO - 25/08/19 10:49:07 INFO Executor: Adding file:/tmp/spark-150b2128-a20a-4090-8261-582937522dae/userFiles-d229ad8b-11fb-4634-b6f6-ac8edfa0e5aa/org.xerial.snappy_snappy-java-1.1.8.4.jar to class loader
[2025-08-19 10:49:07,756] {subprocess.py:92} INFO - 25/08/19 10:49:07 INFO Executor: Fetching spark://a4b544519f2b:43325/jars/org.apache.spark_spark-sql-kafka-0-10_2.12-3.3.1.jar with timestamp 1755600545995
[2025-08-19 10:49:07,757] {subprocess.py:92} INFO - 25/08/19 10:49:07 INFO Utils: Fetching spark://a4b544519f2b:43325/jars/org.apache.spark_spark-sql-kafka-0-10_2.12-3.3.1.jar to /tmp/spark-150b2128-a20a-4090-8261-582937522dae/userFiles-d229ad8b-11fb-4634-b6f6-ac8edfa0e5aa/fetchFileTemp9068390666343721251.tmp
[2025-08-19 10:49:07,765] {subprocess.py:92} INFO - 25/08/19 10:49:07 INFO Utils: /tmp/spark-150b2128-a20a-4090-8261-582937522dae/userFiles-d229ad8b-11fb-4634-b6f6-ac8edfa0e5aa/fetchFileTemp9068390666343721251.tmp has been previously copied to /tmp/spark-150b2128-a20a-4090-8261-582937522dae/userFiles-d229ad8b-11fb-4634-b6f6-ac8edfa0e5aa/org.apache.spark_spark-sql-kafka-0-10_2.12-3.3.1.jar
[2025-08-19 10:49:07,772] {subprocess.py:92} INFO - 25/08/19 10:49:07 INFO Executor: Adding file:/tmp/spark-150b2128-a20a-4090-8261-582937522dae/userFiles-d229ad8b-11fb-4634-b6f6-ac8edfa0e5aa/org.apache.spark_spark-sql-kafka-0-10_2.12-3.3.1.jar to class loader
[2025-08-19 10:49:07,772] {subprocess.py:92} INFO - 25/08/19 10:49:07 INFO Executor: Fetching spark://a4b544519f2b:43325/jars/org.apache.kafka_kafka-clients-2.8.1.jar with timestamp 1755600545995
[2025-08-19 10:49:07,773] {subprocess.py:92} INFO - 25/08/19 10:49:07 INFO Utils: Fetching spark://a4b544519f2b:43325/jars/org.apache.kafka_kafka-clients-2.8.1.jar to /tmp/spark-150b2128-a20a-4090-8261-582937522dae/userFiles-d229ad8b-11fb-4634-b6f6-ac8edfa0e5aa/fetchFileTemp5513834831679757171.tmp
[2025-08-19 10:49:07,806] {subprocess.py:92} INFO - 25/08/19 10:49:07 INFO Utils: /tmp/spark-150b2128-a20a-4090-8261-582937522dae/userFiles-d229ad8b-11fb-4634-b6f6-ac8edfa0e5aa/fetchFileTemp5513834831679757171.tmp has been previously copied to /tmp/spark-150b2128-a20a-4090-8261-582937522dae/userFiles-d229ad8b-11fb-4634-b6f6-ac8edfa0e5aa/org.apache.kafka_kafka-clients-2.8.1.jar
[2025-08-19 10:49:07,813] {subprocess.py:92} INFO - 25/08/19 10:49:07 INFO Executor: Adding file:/tmp/spark-150b2128-a20a-4090-8261-582937522dae/userFiles-d229ad8b-11fb-4634-b6f6-ac8edfa0e5aa/org.apache.kafka_kafka-clients-2.8.1.jar to class loader
[2025-08-19 10:49:07,813] {subprocess.py:92} INFO - 25/08/19 10:49:07 INFO Executor: Fetching spark://a4b544519f2b:43325/jars/org.apache.hadoop_hadoop-client-api-3.3.2.jar with timestamp 1755600545995
[2025-08-19 10:49:07,814] {subprocess.py:92} INFO - 25/08/19 10:49:07 INFO Utils: Fetching spark://a4b544519f2b:43325/jars/org.apache.hadoop_hadoop-client-api-3.3.2.jar to /tmp/spark-150b2128-a20a-4090-8261-582937522dae/userFiles-d229ad8b-11fb-4634-b6f6-ac8edfa0e5aa/fetchFileTemp659369492370025438.tmp
[2025-08-19 10:49:08,104] {subprocess.py:92} INFO - 25/08/19 10:49:08 INFO Utils: /tmp/spark-150b2128-a20a-4090-8261-582937522dae/userFiles-d229ad8b-11fb-4634-b6f6-ac8edfa0e5aa/fetchFileTemp659369492370025438.tmp has been previously copied to /tmp/spark-150b2128-a20a-4090-8261-582937522dae/userFiles-d229ad8b-11fb-4634-b6f6-ac8edfa0e5aa/org.apache.hadoop_hadoop-client-api-3.3.2.jar
[2025-08-19 10:49:08,135] {subprocess.py:92} INFO - 25/08/19 10:49:08 INFO Executor: Adding file:/tmp/spark-150b2128-a20a-4090-8261-582937522dae/userFiles-d229ad8b-11fb-4634-b6f6-ac8edfa0e5aa/org.apache.hadoop_hadoop-client-api-3.3.2.jar to class loader
[2025-08-19 10:49:08,135] {subprocess.py:92} INFO - 25/08/19 10:49:08 INFO Executor: Fetching spark://a4b544519f2b:43325/jars/commons-logging_commons-logging-1.1.3.jar with timestamp 1755600545995
[2025-08-19 10:49:08,137] {subprocess.py:92} INFO - 25/08/19 10:49:08 INFO Utils: Fetching spark://a4b544519f2b:43325/jars/commons-logging_commons-logging-1.1.3.jar to /tmp/spark-150b2128-a20a-4090-8261-582937522dae/userFiles-d229ad8b-11fb-4634-b6f6-ac8edfa0e5aa/fetchFileTemp11572204182463559458.tmp
[2025-08-19 10:49:08,139] {subprocess.py:92} INFO - 25/08/19 10:49:08 INFO Utils: /tmp/spark-150b2128-a20a-4090-8261-582937522dae/userFiles-d229ad8b-11fb-4634-b6f6-ac8edfa0e5aa/fetchFileTemp11572204182463559458.tmp has been previously copied to /tmp/spark-150b2128-a20a-4090-8261-582937522dae/userFiles-d229ad8b-11fb-4634-b6f6-ac8edfa0e5aa/commons-logging_commons-logging-1.1.3.jar
[2025-08-19 10:49:08,146] {subprocess.py:92} INFO - 25/08/19 10:49:08 INFO Executor: Adding file:/tmp/spark-150b2128-a20a-4090-8261-582937522dae/userFiles-d229ad8b-11fb-4634-b6f6-ac8edfa0e5aa/commons-logging_commons-logging-1.1.3.jar to class loader
[2025-08-19 10:49:08,147] {subprocess.py:92} INFO - 25/08/19 10:49:08 INFO Executor: Fetching spark://a4b544519f2b:43325/jars/org.apache.commons_commons-pool2-2.11.1.jar with timestamp 1755600545995
[2025-08-19 10:49:08,149] {subprocess.py:92} INFO - 25/08/19 10:49:08 INFO Utils: Fetching spark://a4b544519f2b:43325/jars/org.apache.commons_commons-pool2-2.11.1.jar to /tmp/spark-150b2128-a20a-4090-8261-582937522dae/userFiles-d229ad8b-11fb-4634-b6f6-ac8edfa0e5aa/fetchFileTemp10581276636111409638.tmp
[2025-08-19 10:49:08,153] {subprocess.py:92} INFO - 25/08/19 10:49:08 INFO Utils: /tmp/spark-150b2128-a20a-4090-8261-582937522dae/userFiles-d229ad8b-11fb-4634-b6f6-ac8edfa0e5aa/fetchFileTemp10581276636111409638.tmp has been previously copied to /tmp/spark-150b2128-a20a-4090-8261-582937522dae/userFiles-d229ad8b-11fb-4634-b6f6-ac8edfa0e5aa/org.apache.commons_commons-pool2-2.11.1.jar
[2025-08-19 10:49:08,162] {subprocess.py:92} INFO - 25/08/19 10:49:08 INFO Executor: Adding file:/tmp/spark-150b2128-a20a-4090-8261-582937522dae/userFiles-d229ad8b-11fb-4634-b6f6-ac8edfa0e5aa/org.apache.commons_commons-pool2-2.11.1.jar to class loader
[2025-08-19 10:49:08,162] {subprocess.py:92} INFO - 25/08/19 10:49:08 INFO Executor: Fetching spark://a4b544519f2b:43325/jars/org.apache.hadoop_hadoop-client-runtime-3.3.2.jar with timestamp 1755600545995
[2025-08-19 10:49:08,164] {subprocess.py:92} INFO - 25/08/19 10:49:08 INFO Utils: Fetching spark://a4b544519f2b:43325/jars/org.apache.hadoop_hadoop-client-runtime-3.3.2.jar to /tmp/spark-150b2128-a20a-4090-8261-582937522dae/userFiles-d229ad8b-11fb-4634-b6f6-ac8edfa0e5aa/fetchFileTemp9510480592656201080.tmp
[2025-08-19 10:49:08,463] {subprocess.py:92} INFO - 25/08/19 10:49:08 INFO Utils: /tmp/spark-150b2128-a20a-4090-8261-582937522dae/userFiles-d229ad8b-11fb-4634-b6f6-ac8edfa0e5aa/fetchFileTemp9510480592656201080.tmp has been previously copied to /tmp/spark-150b2128-a20a-4090-8261-582937522dae/userFiles-d229ad8b-11fb-4634-b6f6-ac8edfa0e5aa/org.apache.hadoop_hadoop-client-runtime-3.3.2.jar
[2025-08-19 10:49:08,491] {subprocess.py:92} INFO - 25/08/19 10:49:08 INFO Executor: Adding file:/tmp/spark-150b2128-a20a-4090-8261-582937522dae/userFiles-d229ad8b-11fb-4634-b6f6-ac8edfa0e5aa/org.apache.hadoop_hadoop-client-runtime-3.3.2.jar to class loader
[2025-08-19 10:49:08,492] {subprocess.py:92} INFO - 25/08/19 10:49:08 INFO Executor: Fetching spark://a4b544519f2b:43325/jars/org.spark-project.spark_unused-1.0.0.jar with timestamp 1755600545995
[2025-08-19 10:49:08,493] {subprocess.py:92} INFO - 25/08/19 10:49:08 INFO Utils: Fetching spark://a4b544519f2b:43325/jars/org.spark-project.spark_unused-1.0.0.jar to /tmp/spark-150b2128-a20a-4090-8261-582937522dae/userFiles-d229ad8b-11fb-4634-b6f6-ac8edfa0e5aa/fetchFileTemp9813450899025821807.tmp
[2025-08-19 10:49:08,495] {subprocess.py:92} INFO - 25/08/19 10:49:08 INFO Utils: /tmp/spark-150b2128-a20a-4090-8261-582937522dae/userFiles-d229ad8b-11fb-4634-b6f6-ac8edfa0e5aa/fetchFileTemp9813450899025821807.tmp has been previously copied to /tmp/spark-150b2128-a20a-4090-8261-582937522dae/userFiles-d229ad8b-11fb-4634-b6f6-ac8edfa0e5aa/org.spark-project.spark_unused-1.0.0.jar
[2025-08-19 10:49:08,501] {subprocess.py:92} INFO - 25/08/19 10:49:08 INFO Executor: Adding file:/tmp/spark-150b2128-a20a-4090-8261-582937522dae/userFiles-d229ad8b-11fb-4634-b6f6-ac8edfa0e5aa/org.spark-project.spark_unused-1.0.0.jar to class loader
[2025-08-19 10:49:08,501] {subprocess.py:92} INFO - 25/08/19 10:49:08 INFO Executor: Fetching spark://a4b544519f2b:43325/jars/org.slf4j_slf4j-api-1.7.32.jar with timestamp 1755600545995
[2025-08-19 10:49:08,502] {subprocess.py:92} INFO - 25/08/19 10:49:08 INFO Utils: Fetching spark://a4b544519f2b:43325/jars/org.slf4j_slf4j-api-1.7.32.jar to /tmp/spark-150b2128-a20a-4090-8261-582937522dae/userFiles-d229ad8b-11fb-4634-b6f6-ac8edfa0e5aa/fetchFileTemp2873163371028968861.tmp
[2025-08-19 10:49:08,505] {subprocess.py:92} INFO - 25/08/19 10:49:08 INFO Utils: /tmp/spark-150b2128-a20a-4090-8261-582937522dae/userFiles-d229ad8b-11fb-4634-b6f6-ac8edfa0e5aa/fetchFileTemp2873163371028968861.tmp has been previously copied to /tmp/spark-150b2128-a20a-4090-8261-582937522dae/userFiles-d229ad8b-11fb-4634-b6f6-ac8edfa0e5aa/org.slf4j_slf4j-api-1.7.32.jar
[2025-08-19 10:49:08,511] {subprocess.py:92} INFO - 25/08/19 10:49:08 INFO Executor: Adding file:/tmp/spark-150b2128-a20a-4090-8261-582937522dae/userFiles-d229ad8b-11fb-4634-b6f6-ac8edfa0e5aa/org.slf4j_slf4j-api-1.7.32.jar to class loader
[2025-08-19 10:49:08,512] {subprocess.py:92} INFO - 25/08/19 10:49:08 INFO Executor: Fetching spark://a4b544519f2b:43325/jars/com.google.code.findbugs_jsr305-3.0.0.jar with timestamp 1755600545995
[2025-08-19 10:49:08,512] {subprocess.py:92} INFO - 25/08/19 10:49:08 INFO Utils: Fetching spark://a4b544519f2b:43325/jars/com.google.code.findbugs_jsr305-3.0.0.jar to /tmp/spark-150b2128-a20a-4090-8261-582937522dae/userFiles-d229ad8b-11fb-4634-b6f6-ac8edfa0e5aa/fetchFileTemp13164945135807664641.tmp
[2025-08-19 10:49:08,515] {subprocess.py:92} INFO - 25/08/19 10:49:08 INFO Utils: /tmp/spark-150b2128-a20a-4090-8261-582937522dae/userFiles-d229ad8b-11fb-4634-b6f6-ac8edfa0e5aa/fetchFileTemp13164945135807664641.tmp has been previously copied to /tmp/spark-150b2128-a20a-4090-8261-582937522dae/userFiles-d229ad8b-11fb-4634-b6f6-ac8edfa0e5aa/com.google.code.findbugs_jsr305-3.0.0.jar
[2025-08-19 10:49:08,521] {subprocess.py:92} INFO - 25/08/19 10:49:08 INFO Executor: Adding file:/tmp/spark-150b2128-a20a-4090-8261-582937522dae/userFiles-d229ad8b-11fb-4634-b6f6-ac8edfa0e5aa/com.google.code.findbugs_jsr305-3.0.0.jar to class loader
[2025-08-19 10:49:08,522] {subprocess.py:92} INFO - 25/08/19 10:49:08 INFO Executor: Fetching spark://a4b544519f2b:43325/jars/org.apache.spark_spark-token-provider-kafka-0-10_2.12-3.3.1.jar with timestamp 1755600545995
[2025-08-19 10:49:08,522] {subprocess.py:92} INFO - 25/08/19 10:49:08 INFO Utils: Fetching spark://a4b544519f2b:43325/jars/org.apache.spark_spark-token-provider-kafka-0-10_2.12-3.3.1.jar to /tmp/spark-150b2128-a20a-4090-8261-582937522dae/userFiles-d229ad8b-11fb-4634-b6f6-ac8edfa0e5aa/fetchFileTemp159300258445936115.tmp
[2025-08-19 10:49:08,526] {subprocess.py:92} INFO - 25/08/19 10:49:08 INFO Utils: /tmp/spark-150b2128-a20a-4090-8261-582937522dae/userFiles-d229ad8b-11fb-4634-b6f6-ac8edfa0e5aa/fetchFileTemp159300258445936115.tmp has been previously copied to /tmp/spark-150b2128-a20a-4090-8261-582937522dae/userFiles-d229ad8b-11fb-4634-b6f6-ac8edfa0e5aa/org.apache.spark_spark-token-provider-kafka-0-10_2.12-3.3.1.jar
[2025-08-19 10:49:08,533] {subprocess.py:92} INFO - 25/08/19 10:49:08 INFO Executor: Adding file:/tmp/spark-150b2128-a20a-4090-8261-582937522dae/userFiles-d229ad8b-11fb-4634-b6f6-ac8edfa0e5aa/org.apache.spark_spark-token-provider-kafka-0-10_2.12-3.3.1.jar to class loader
[2025-08-19 10:49:08,554] {subprocess.py:92} INFO - 25/08/19 10:49:08 INFO Utils: Successfully started service 'org.apache.spark.network.netty.NettyBlockTransferService' on port 35367.
[2025-08-19 10:49:08,555] {subprocess.py:92} INFO - 25/08/19 10:49:08 INFO NettyBlockTransferService: Server created on a4b544519f2b:35367
[2025-08-19 10:49:08,559] {subprocess.py:92} INFO - 25/08/19 10:49:08 INFO BlockManager: Using org.apache.spark.storage.RandomBlockReplicationPolicy for block replication policy
[2025-08-19 10:49:08,576] {subprocess.py:92} INFO - 25/08/19 10:49:08 INFO BlockManagerMaster: Registering BlockManager BlockManagerId(driver, a4b544519f2b, 35367, None)
[2025-08-19 10:49:08,584] {subprocess.py:92} INFO - 25/08/19 10:49:08 INFO BlockManagerMasterEndpoint: Registering block manager a4b544519f2b:35367 with 434.4 MiB RAM, BlockManagerId(driver, a4b544519f2b, 35367, None)
[2025-08-19 10:49:08,589] {subprocess.py:92} INFO - 25/08/19 10:49:08 INFO BlockManagerMaster: Registered BlockManager BlockManagerId(driver, a4b544519f2b, 35367, None)
[2025-08-19 10:49:08,592] {subprocess.py:92} INFO - 25/08/19 10:49:08 INFO BlockManager: Initialized BlockManager: BlockManagerId(driver, a4b544519f2b, 35367, None)
[2025-08-19 10:49:09,190] {subprocess.py:92} INFO - Connexion à Kafka...
[2025-08-19 10:49:11,851] {subprocess.py:92} INFO - Connexion Kafka réussie (kafka:9092)
[2025-08-19 10:49:11,851] {subprocess.py:92} INFO - Transformation des données JSON...
[2025-08-19 10:49:12,183] {subprocess.py:92} INFO - Démarrage du streaming vers HDFS...
[2025-08-19 10:49:13,872] {subprocess.py:92} INFO - Streaming actif - Données météo sauvegardées dans HDFS:/data/weather
[2025-08-19 10:51:38,816] {local_task_job.py:221} WARNING - State of this instance has been externally set to None. Terminating instance.
[2025-08-19 10:51:38,823] {process_utils.py:129} INFO - Sending Signals.SIGTERM to group 16344. PIDs of all processes in the group: [16345, 16393, 16344]
[2025-08-19 10:51:38,862] {process_utils.py:80} INFO - Sending the signal Signals.SIGTERM to group 16344
[2025-08-19 10:51:38,894] {taskinstance.py:1541} ERROR - Received SIGTERM. Terminating subprocesses.
[2025-08-19 10:51:38,895] {subprocess.py:103} INFO - Sending SIGTERM signal to process group
[2025-08-19 10:51:39,076] {taskinstance.py:1889} ERROR - Task failed with exception
Traceback (most recent call last):
  File "/home/airflow/.local/lib/python3.7/site-packages/airflow/operators/bash.py", line 189, in execute
    cwd=self.cwd,
  File "/home/airflow/.local/lib/python3.7/site-packages/airflow/hooks/subprocess.py", line 90, in run_command
    for raw_line in iter(self.sub_process.stdout.readline, b''):
  File "/home/airflow/.local/lib/python3.7/site-packages/airflow/models/taskinstance.py", line 1543, in signal_handler
    raise AirflowException("Task received SIGTERM signal")
airflow.exceptions.AirflowException: Task received SIGTERM signal
[2025-08-19 10:51:39,118] {taskinstance.py:1400} INFO - Marking task as FAILED. dag_id=send_weather_to_kafka, task_id=stream_hdfs, execution_date=20250819T084224, start_date=20250819T104901, end_date=20250819T105139
[2025-08-19 10:51:39,198] {standard_task_runner.py:97} ERROR - Failed to execute job 348 for task stream_hdfs (Task received SIGTERM signal; 16344)
[2025-08-19 10:51:39,554] {process_utils.py:75} INFO - Process psutil.Process(pid=16393, status='terminated', started='10:49:03') (16393) terminated with exit code None
[2025-08-19 10:51:39,729] {process_utils.py:75} INFO - Process psutil.Process(pid=16345, status='terminated', started='10:49:00') (16345) terminated with exit code None
[2025-08-19 10:51:39,730] {process_utils.py:75} INFO - Process psutil.Process(pid=16344, status='terminated', exitcode=1, started='10:49:00') (16344) terminated with exit code 1
