[2025-08-18 10:57:33,013] {taskinstance.py:1159} INFO - Dependencies all met for <TaskInstance: send_weather_to_kafka.stream_hdfs manual__2025-08-18T10:56:53.934835+00:00 [queued]>
[2025-08-18 10:57:33,029] {taskinstance.py:1159} INFO - Dependencies all met for <TaskInstance: send_weather_to_kafka.stream_hdfs manual__2025-08-18T10:56:53.934835+00:00 [queued]>
[2025-08-18 10:57:33,029] {taskinstance.py:1356} INFO - 
--------------------------------------------------------------------------------
[2025-08-18 10:57:33,029] {taskinstance.py:1357} INFO - Starting attempt 1 of 2
[2025-08-18 10:57:33,029] {taskinstance.py:1358} INFO - 
--------------------------------------------------------------------------------
[2025-08-18 10:57:33,049] {taskinstance.py:1377} INFO - Executing <Task(BashOperator): stream_hdfs> on 2025-08-18 10:56:53.934835+00:00
[2025-08-18 10:57:33,057] {standard_task_runner.py:52} INFO - Started process 2063 to run task
[2025-08-18 10:57:33,062] {standard_task_runner.py:79} INFO - Running: ['***', 'tasks', 'run', 'send_weather_to_kafka', 'stream_hdfs', 'manual__2025-08-18T10:56:53.934835+00:00', '--job-id', '276', '--raw', '--subdir', 'DAGS_FOLDER/dag_meteo.py', '--cfg-path', '/tmp/tmpzcqu994k', '--error-file', '/tmp/tmp1k6n75sm']
[2025-08-18 10:57:33,063] {standard_task_runner.py:80} INFO - Job 276: Subtask stream_hdfs
[2025-08-18 10:57:33,149] {task_command.py:369} INFO - Running <TaskInstance: send_weather_to_kafka.stream_hdfs manual__2025-08-18T10:56:53.934835+00:00 [running]> on host a4b544519f2b
[2025-08-18 10:57:33,277] {taskinstance.py:1571} INFO - Exporting the following env vars:
AIRFLOW_CTX_DAG_OWNER=***
AIRFLOW_CTX_DAG_ID=send_weather_to_kafka
AIRFLOW_CTX_TASK_ID=stream_hdfs
AIRFLOW_CTX_EXECUTION_DATE=2025-08-18T10:56:53.934835+00:00
AIRFLOW_CTX_TRY_NUMBER=1
AIRFLOW_CTX_DAG_RUN_ID=manual__2025-08-18T10:56:53.934835+00:00
[2025-08-18 10:57:33,278] {subprocess.py:62} INFO - Tmp dir root location: 
 /tmp
[2025-08-18 10:57:33,279] {subprocess.py:74} INFO - Running command: ['bash', '-c', '\n/home/***/.local/bin/spark-submit   --master local[*]   --conf spark.hadoop.fs.defaultFS=hdfs://namenode:9000   --conf spark.hadoop.dfs.client.use.datanode.hostname=true   --conf spark.sql.adaptive.enabled=false   --packages org.apache.spark:spark-sql-kafka-0-10_2.12:3.3.1   /opt/***/scripts/pyspark/streaming.py']
[2025-08-18 10:57:33,295] {subprocess.py:85} INFO - Output:
[2025-08-18 10:57:33,314] {subprocess.py:92} INFO - /opt/spark-3.3.1-bin-hadoop3/bin/load-spark-env.sh: line 68: ps: command not found
[2025-08-18 10:57:35,750] {subprocess.py:92} INFO - :: loading settings :: url = jar:file:/opt/spark-3.3.1-bin-hadoop3/jars/ivy-2.5.0.jar!/org/apache/ivy/core/settings/ivysettings.xml
[2025-08-18 10:57:35,875] {subprocess.py:92} INFO - Ivy Default Cache set to: /home/***/.ivy2/cache
[2025-08-18 10:57:35,875] {subprocess.py:92} INFO - The jars for the packages stored in: /home/***/.ivy2/jars
[2025-08-18 10:57:35,880] {subprocess.py:92} INFO - org.apache.spark#spark-sql-kafka-0-10_2.12 added as a dependency
[2025-08-18 10:57:35,882] {subprocess.py:92} INFO - :: resolving dependencies :: org.apache.spark#spark-submit-parent-bf9cd6ea-b3f1-40ff-9c82-95e0a190b2cb;1.0
[2025-08-18 10:57:35,882] {subprocess.py:92} INFO - 	confs: [default]
[2025-08-18 10:57:36,056] {subprocess.py:92} INFO - 	found org.apache.spark#spark-sql-kafka-0-10_2.12;3.3.1 in spark-list
[2025-08-18 10:57:36,128] {subprocess.py:92} INFO - 	found org.apache.spark#spark-token-provider-kafka-0-10_2.12;3.3.1 in central
[2025-08-18 10:57:36,162] {subprocess.py:92} INFO - 	found org.apache.kafka#kafka-clients;2.8.1 in central
[2025-08-18 10:57:36,213] {subprocess.py:92} INFO - 	found org.lz4#lz4-java;1.8.0 in spark-list
[2025-08-18 10:57:36,265] {subprocess.py:92} INFO - 	found org.xerial.snappy#snappy-java;1.1.8.4 in central
[2025-08-18 10:57:36,293] {subprocess.py:92} INFO - 	found org.slf4j#slf4j-api;1.7.32 in central
[2025-08-18 10:57:36,324] {subprocess.py:92} INFO - 	found org.apache.hadoop#hadoop-client-runtime;3.3.2 in central
[2025-08-18 10:57:36,340] {subprocess.py:92} INFO - 	found org.spark-project.spark#unused;1.0.0 in central
[2025-08-18 10:57:36,370] {subprocess.py:92} INFO - 	found org.apache.hadoop#hadoop-client-api;3.3.2 in central
[2025-08-18 10:57:36,392] {subprocess.py:92} INFO - 	found commons-logging#commons-logging;1.1.3 in central
[2025-08-18 10:57:36,408] {subprocess.py:92} INFO - 	found com.google.code.findbugs#jsr305;3.0.0 in central
[2025-08-18 10:57:36,422] {subprocess.py:92} INFO - 	found org.apache.commons#commons-pool2;2.11.1 in central
[2025-08-18 10:57:36,443] {subprocess.py:92} INFO - :: resolution report :: resolve 551ms :: artifacts dl 10ms
[2025-08-18 10:57:36,443] {subprocess.py:92} INFO - 	:: modules in use:
[2025-08-18 10:57:36,443] {subprocess.py:92} INFO - 	com.google.code.findbugs#jsr305;3.0.0 from central in [default]
[2025-08-18 10:57:36,443] {subprocess.py:92} INFO - 	commons-logging#commons-logging;1.1.3 from central in [default]
[2025-08-18 10:57:36,443] {subprocess.py:92} INFO - 	org.apache.commons#commons-pool2;2.11.1 from central in [default]
[2025-08-18 10:57:36,444] {subprocess.py:92} INFO - 	org.apache.hadoop#hadoop-client-api;3.3.2 from central in [default]
[2025-08-18 10:57:36,444] {subprocess.py:92} INFO - 	org.apache.hadoop#hadoop-client-runtime;3.3.2 from central in [default]
[2025-08-18 10:57:36,444] {subprocess.py:92} INFO - 	org.apache.kafka#kafka-clients;2.8.1 from central in [default]
[2025-08-18 10:57:36,444] {subprocess.py:92} INFO - 	org.apache.spark#spark-sql-kafka-0-10_2.12;3.3.1 from spark-list in [default]
[2025-08-18 10:57:36,444] {subprocess.py:92} INFO - 	org.apache.spark#spark-token-provider-kafka-0-10_2.12;3.3.1 from central in [default]
[2025-08-18 10:57:36,444] {subprocess.py:92} INFO - 	org.lz4#lz4-java;1.8.0 from spark-list in [default]
[2025-08-18 10:57:36,444] {subprocess.py:92} INFO - 	org.slf4j#slf4j-api;1.7.32 from central in [default]
[2025-08-18 10:57:36,444] {subprocess.py:92} INFO - 	org.spark-project.spark#unused;1.0.0 from central in [default]
[2025-08-18 10:57:36,444] {subprocess.py:92} INFO - 	org.xerial.snappy#snappy-java;1.1.8.4 from central in [default]
[2025-08-18 10:57:36,444] {subprocess.py:92} INFO - 	---------------------------------------------------------------------
[2025-08-18 10:57:36,444] {subprocess.py:92} INFO - 	|                  |            modules            ||   artifacts   |
[2025-08-18 10:57:36,444] {subprocess.py:92} INFO - 	|       conf       | number| search|dwnlded|evicted|| number|dwnlded|
[2025-08-18 10:57:36,445] {subprocess.py:92} INFO - 	---------------------------------------------------------------------
[2025-08-18 10:57:36,445] {subprocess.py:92} INFO - 	|      default     |   12  |   0   |   0   |   0   ||   12  |   0   |
[2025-08-18 10:57:36,445] {subprocess.py:92} INFO - 	---------------------------------------------------------------------
[2025-08-18 10:57:36,450] {subprocess.py:92} INFO - :: retrieving :: org.apache.spark#spark-submit-parent-bf9cd6ea-b3f1-40ff-9c82-95e0a190b2cb
[2025-08-18 10:57:36,451] {subprocess.py:92} INFO - 	confs: [default]
[2025-08-18 10:57:36,459] {subprocess.py:92} INFO - 	0 artifacts copied, 12 already retrieved (0kB/9ms)
[2025-08-18 10:57:36,705] {subprocess.py:92} INFO - 25/08/18 10:57:36 WARN NativeCodeLoader: Unable to load native-hadoop library for your platform... using builtin-java classes where applicable
[2025-08-18 10:57:38,203] {subprocess.py:92} INFO - 25/08/18 10:57:38 INFO SparkContext: Running Spark version 3.3.1
[2025-08-18 10:57:38,245] {subprocess.py:92} INFO - 25/08/18 10:57:38 INFO ResourceUtils: ==============================================================
[2025-08-18 10:57:38,245] {subprocess.py:92} INFO - 25/08/18 10:57:38 INFO ResourceUtils: No custom resources configured for spark.driver.
[2025-08-18 10:57:38,246] {subprocess.py:92} INFO - 25/08/18 10:57:38 INFO ResourceUtils: ==============================================================
[2025-08-18 10:57:38,246] {subprocess.py:92} INFO - 25/08/18 10:57:38 INFO SparkContext: Submitted application: KafkaToHDFSWeather
[2025-08-18 10:57:38,293] {subprocess.py:92} INFO - 25/08/18 10:57:38 INFO ResourceProfile: Default ResourceProfile created, executor resources: Map(cores -> name: cores, amount: 1, script: , vendor: , memory -> name: memory, amount: 1024, script: , vendor: , offHeap -> name: offHeap, amount: 0, script: , vendor: ), task resources: Map(cpus -> name: cpus, amount: 1.0)
[2025-08-18 10:57:38,326] {subprocess.py:92} INFO - 25/08/18 10:57:38 INFO ResourceProfile: Limiting resource is cpu
[2025-08-18 10:57:38,328] {subprocess.py:92} INFO - 25/08/18 10:57:38 INFO ResourceProfileManager: Added ResourceProfile id: 0
[2025-08-18 10:57:38,424] {subprocess.py:92} INFO - 25/08/18 10:57:38 INFO SecurityManager: Changing view acls to: ***
[2025-08-18 10:57:38,425] {subprocess.py:92} INFO - 25/08/18 10:57:38 INFO SecurityManager: Changing modify acls to: ***
[2025-08-18 10:57:38,426] {subprocess.py:92} INFO - 25/08/18 10:57:38 INFO SecurityManager: Changing view acls groups to:
[2025-08-18 10:57:38,427] {subprocess.py:92} INFO - 25/08/18 10:57:38 INFO SecurityManager: Changing modify acls groups to:
[2025-08-18 10:57:38,428] {subprocess.py:92} INFO - 25/08/18 10:57:38 INFO SecurityManager: SecurityManager: authentication disabled; ui acls disabled; users  with view permissions: Set(***); groups with view permissions: Set(); users  with modify permissions: Set(***); groups with modify permissions: Set()
[2025-08-18 10:57:38,943] {subprocess.py:92} INFO - 25/08/18 10:57:38 INFO Utils: Successfully started service 'sparkDriver' on port 41031.
[2025-08-18 10:57:39,014] {subprocess.py:92} INFO - 25/08/18 10:57:39 INFO SparkEnv: Registering MapOutputTracker
[2025-08-18 10:57:39,065] {subprocess.py:92} INFO - 25/08/18 10:57:39 INFO SparkEnv: Registering BlockManagerMaster
[2025-08-18 10:57:39,106] {subprocess.py:92} INFO - 25/08/18 10:57:39 INFO BlockManagerMasterEndpoint: Using org.apache.spark.storage.DefaultTopologyMapper for getting topology information
[2025-08-18 10:57:39,108] {subprocess.py:92} INFO - 25/08/18 10:57:39 INFO BlockManagerMasterEndpoint: BlockManagerMasterEndpoint up
[2025-08-18 10:57:39,118] {subprocess.py:92} INFO - 25/08/18 10:57:39 INFO SparkEnv: Registering BlockManagerMasterHeartbeat
[2025-08-18 10:57:39,167] {subprocess.py:92} INFO - 25/08/18 10:57:39 INFO DiskBlockManager: Created local directory at /tmp/blockmgr-a74c0c50-262e-475d-a081-0775c7ad0bdf
[2025-08-18 10:57:39,193] {subprocess.py:92} INFO - 25/08/18 10:57:39 INFO MemoryStore: MemoryStore started with capacity 434.4 MiB
[2025-08-18 10:57:39,225] {subprocess.py:92} INFO - 25/08/18 10:57:39 INFO SparkEnv: Registering OutputCommitCoordinator
[2025-08-18 10:57:39,690] {subprocess.py:92} INFO - 25/08/18 10:57:39 INFO Utils: Successfully started service 'SparkUI' on port 4040.
[2025-08-18 10:57:39,739] {subprocess.py:92} INFO - 25/08/18 10:57:39 INFO SparkContext: Added JAR file:///home/***/.ivy2/jars/org.apache.spark_spark-sql-kafka-0-10_2.12-3.3.1.jar at spark://a4b544519f2b:41031/jars/org.apache.spark_spark-sql-kafka-0-10_2.12-3.3.1.jar with timestamp 1755514658189
[2025-08-18 10:57:39,739] {subprocess.py:92} INFO - 25/08/18 10:57:39 INFO SparkContext: Added JAR file:///home/***/.ivy2/jars/org.apache.spark_spark-token-provider-kafka-0-10_2.12-3.3.1.jar at spark://a4b544519f2b:41031/jars/org.apache.spark_spark-token-provider-kafka-0-10_2.12-3.3.1.jar with timestamp 1755514658189
[2025-08-18 10:57:39,740] {subprocess.py:92} INFO - 25/08/18 10:57:39 INFO SparkContext: Added JAR file:///home/***/.ivy2/jars/org.apache.kafka_kafka-clients-2.8.1.jar at spark://a4b544519f2b:41031/jars/org.apache.kafka_kafka-clients-2.8.1.jar with timestamp 1755514658189
[2025-08-18 10:57:39,740] {subprocess.py:92} INFO - 25/08/18 10:57:39 INFO SparkContext: Added JAR file:///home/***/.ivy2/jars/com.google.code.findbugs_jsr305-3.0.0.jar at spark://a4b544519f2b:41031/jars/com.google.code.findbugs_jsr305-3.0.0.jar with timestamp 1755514658189
[2025-08-18 10:57:39,740] {subprocess.py:92} INFO - 25/08/18 10:57:39 INFO SparkContext: Added JAR file:///home/***/.ivy2/jars/org.apache.commons_commons-pool2-2.11.1.jar at spark://a4b544519f2b:41031/jars/org.apache.commons_commons-pool2-2.11.1.jar with timestamp 1755514658189
[2025-08-18 10:57:39,740] {subprocess.py:92} INFO - 25/08/18 10:57:39 INFO SparkContext: Added JAR file:///home/***/.ivy2/jars/org.spark-project.spark_unused-1.0.0.jar at spark://a4b544519f2b:41031/jars/org.spark-project.spark_unused-1.0.0.jar with timestamp 1755514658189
[2025-08-18 10:57:39,740] {subprocess.py:92} INFO - 25/08/18 10:57:39 INFO SparkContext: Added JAR file:///home/***/.ivy2/jars/org.apache.hadoop_hadoop-client-runtime-3.3.2.jar at spark://a4b544519f2b:41031/jars/org.apache.hadoop_hadoop-client-runtime-3.3.2.jar with timestamp 1755514658189
[2025-08-18 10:57:39,740] {subprocess.py:92} INFO - 25/08/18 10:57:39 INFO SparkContext: Added JAR file:///home/***/.ivy2/jars/org.lz4_lz4-java-1.8.0.jar at spark://a4b544519f2b:41031/jars/org.lz4_lz4-java-1.8.0.jar with timestamp 1755514658189
[2025-08-18 10:57:39,740] {subprocess.py:92} INFO - 25/08/18 10:57:39 INFO SparkContext: Added JAR file:///home/***/.ivy2/jars/org.xerial.snappy_snappy-java-1.1.8.4.jar at spark://a4b544519f2b:41031/jars/org.xerial.snappy_snappy-java-1.1.8.4.jar with timestamp 1755514658189
[2025-08-18 10:57:39,740] {subprocess.py:92} INFO - 25/08/18 10:57:39 INFO SparkContext: Added JAR file:///home/***/.ivy2/jars/org.slf4j_slf4j-api-1.7.32.jar at spark://a4b544519f2b:41031/jars/org.slf4j_slf4j-api-1.7.32.jar with timestamp 1755514658189
[2025-08-18 10:57:39,741] {subprocess.py:92} INFO - 25/08/18 10:57:39 INFO SparkContext: Added JAR file:///home/***/.ivy2/jars/org.apache.hadoop_hadoop-client-api-3.3.2.jar at spark://a4b544519f2b:41031/jars/org.apache.hadoop_hadoop-client-api-3.3.2.jar with timestamp 1755514658189
[2025-08-18 10:57:39,741] {subprocess.py:92} INFO - 25/08/18 10:57:39 INFO SparkContext: Added JAR file:///home/***/.ivy2/jars/commons-logging_commons-logging-1.1.3.jar at spark://a4b544519f2b:41031/jars/commons-logging_commons-logging-1.1.3.jar with timestamp 1755514658189
[2025-08-18 10:57:39,743] {subprocess.py:92} INFO - 25/08/18 10:57:39 INFO SparkContext: Added file file:///home/***/.ivy2/jars/org.apache.spark_spark-sql-kafka-0-10_2.12-3.3.1.jar at file:///home/***/.ivy2/jars/org.apache.spark_spark-sql-kafka-0-10_2.12-3.3.1.jar with timestamp 1755514658189
[2025-08-18 10:57:39,745] {subprocess.py:92} INFO - 25/08/18 10:57:39 INFO Utils: Copying /home/***/.ivy2/jars/org.apache.spark_spark-sql-kafka-0-10_2.12-3.3.1.jar to /tmp/spark-1e11301c-efbb-487f-8915-69cd552f8f2d/userFiles-2b2d45e2-27d7-457e-9342-1d3a3577181a/org.apache.spark_spark-sql-kafka-0-10_2.12-3.3.1.jar
[2025-08-18 10:57:39,765] {subprocess.py:92} INFO - 25/08/18 10:57:39 INFO SparkContext: Added file file:///home/***/.ivy2/jars/org.apache.spark_spark-token-provider-kafka-0-10_2.12-3.3.1.jar at file:///home/***/.ivy2/jars/org.apache.spark_spark-token-provider-kafka-0-10_2.12-3.3.1.jar with timestamp 1755514658189
[2025-08-18 10:57:39,766] {subprocess.py:92} INFO - 25/08/18 10:57:39 INFO Utils: Copying /home/***/.ivy2/jars/org.apache.spark_spark-token-provider-kafka-0-10_2.12-3.3.1.jar to /tmp/spark-1e11301c-efbb-487f-8915-69cd552f8f2d/userFiles-2b2d45e2-27d7-457e-9342-1d3a3577181a/org.apache.spark_spark-token-provider-kafka-0-10_2.12-3.3.1.jar
[2025-08-18 10:57:39,772] {subprocess.py:92} INFO - 25/08/18 10:57:39 INFO SparkContext: Added file file:///home/***/.ivy2/jars/org.apache.kafka_kafka-clients-2.8.1.jar at file:///home/***/.ivy2/jars/org.apache.kafka_kafka-clients-2.8.1.jar with timestamp 1755514658189
[2025-08-18 10:57:39,772] {subprocess.py:92} INFO - 25/08/18 10:57:39 INFO Utils: Copying /home/***/.ivy2/jars/org.apache.kafka_kafka-clients-2.8.1.jar to /tmp/spark-1e11301c-efbb-487f-8915-69cd552f8f2d/userFiles-2b2d45e2-27d7-457e-9342-1d3a3577181a/org.apache.kafka_kafka-clients-2.8.1.jar
[2025-08-18 10:57:39,788] {subprocess.py:92} INFO - 25/08/18 10:57:39 INFO SparkContext: Added file file:///home/***/.ivy2/jars/com.google.code.findbugs_jsr305-3.0.0.jar at file:///home/***/.ivy2/jars/com.google.code.findbugs_jsr305-3.0.0.jar with timestamp 1755514658189
[2025-08-18 10:57:39,789] {subprocess.py:92} INFO - 25/08/18 10:57:39 INFO Utils: Copying /home/***/.ivy2/jars/com.google.code.findbugs_jsr305-3.0.0.jar to /tmp/spark-1e11301c-efbb-487f-8915-69cd552f8f2d/userFiles-2b2d45e2-27d7-457e-9342-1d3a3577181a/com.google.code.findbugs_jsr305-3.0.0.jar
[2025-08-18 10:57:39,797] {subprocess.py:92} INFO - 25/08/18 10:57:39 INFO SparkContext: Added file file:///home/***/.ivy2/jars/org.apache.commons_commons-pool2-2.11.1.jar at file:///home/***/.ivy2/jars/org.apache.commons_commons-pool2-2.11.1.jar with timestamp 1755514658189
[2025-08-18 10:57:39,797] {subprocess.py:92} INFO - 25/08/18 10:57:39 INFO Utils: Copying /home/***/.ivy2/jars/org.apache.commons_commons-pool2-2.11.1.jar to /tmp/spark-1e11301c-efbb-487f-8915-69cd552f8f2d/userFiles-2b2d45e2-27d7-457e-9342-1d3a3577181a/org.apache.commons_commons-pool2-2.11.1.jar
[2025-08-18 10:57:39,804] {subprocess.py:92} INFO - 25/08/18 10:57:39 INFO SparkContext: Added file file:///home/***/.ivy2/jars/org.spark-project.spark_unused-1.0.0.jar at file:///home/***/.ivy2/jars/org.spark-project.spark_unused-1.0.0.jar with timestamp 1755514658189
[2025-08-18 10:57:39,805] {subprocess.py:92} INFO - 25/08/18 10:57:39 INFO Utils: Copying /home/***/.ivy2/jars/org.spark-project.spark_unused-1.0.0.jar to /tmp/spark-1e11301c-efbb-487f-8915-69cd552f8f2d/userFiles-2b2d45e2-27d7-457e-9342-1d3a3577181a/org.spark-project.spark_unused-1.0.0.jar
[2025-08-18 10:57:39,813] {subprocess.py:92} INFO - 25/08/18 10:57:39 INFO SparkContext: Added file file:///home/***/.ivy2/jars/org.apache.hadoop_hadoop-client-runtime-3.3.2.jar at file:///home/***/.ivy2/jars/org.apache.hadoop_hadoop-client-runtime-3.3.2.jar with timestamp 1755514658189
[2025-08-18 10:57:39,813] {subprocess.py:92} INFO - 25/08/18 10:57:39 INFO Utils: Copying /home/***/.ivy2/jars/org.apache.hadoop_hadoop-client-runtime-3.3.2.jar to /tmp/spark-1e11301c-efbb-487f-8915-69cd552f8f2d/userFiles-2b2d45e2-27d7-457e-9342-1d3a3577181a/org.apache.hadoop_hadoop-client-runtime-3.3.2.jar
[2025-08-18 10:57:39,850] {subprocess.py:92} INFO - 25/08/18 10:57:39 INFO SparkContext: Added file file:///home/***/.ivy2/jars/org.lz4_lz4-java-1.8.0.jar at file:///home/***/.ivy2/jars/org.lz4_lz4-java-1.8.0.jar with timestamp 1755514658189
[2025-08-18 10:57:39,851] {subprocess.py:92} INFO - 25/08/18 10:57:39 INFO Utils: Copying /home/***/.ivy2/jars/org.lz4_lz4-java-1.8.0.jar to /tmp/spark-1e11301c-efbb-487f-8915-69cd552f8f2d/userFiles-2b2d45e2-27d7-457e-9342-1d3a3577181a/org.lz4_lz4-java-1.8.0.jar
[2025-08-18 10:57:39,861] {subprocess.py:92} INFO - 25/08/18 10:57:39 INFO SparkContext: Added file file:///home/***/.ivy2/jars/org.xerial.snappy_snappy-java-1.1.8.4.jar at file:///home/***/.ivy2/jars/org.xerial.snappy_snappy-java-1.1.8.4.jar with timestamp 1755514658189
[2025-08-18 10:57:39,862] {subprocess.py:92} INFO - 25/08/18 10:57:39 INFO Utils: Copying /home/***/.ivy2/jars/org.xerial.snappy_snappy-java-1.1.8.4.jar to /tmp/spark-1e11301c-efbb-487f-8915-69cd552f8f2d/userFiles-2b2d45e2-27d7-457e-9342-1d3a3577181a/org.xerial.snappy_snappy-java-1.1.8.4.jar
[2025-08-18 10:57:39,877] {subprocess.py:92} INFO - 25/08/18 10:57:39 INFO SparkContext: Added file file:///home/***/.ivy2/jars/org.slf4j_slf4j-api-1.7.32.jar at file:///home/***/.ivy2/jars/org.slf4j_slf4j-api-1.7.32.jar with timestamp 1755514658189
[2025-08-18 10:57:39,877] {subprocess.py:92} INFO - 25/08/18 10:57:39 INFO Utils: Copying /home/***/.ivy2/jars/org.slf4j_slf4j-api-1.7.32.jar to /tmp/spark-1e11301c-efbb-487f-8915-69cd552f8f2d/userFiles-2b2d45e2-27d7-457e-9342-1d3a3577181a/org.slf4j_slf4j-api-1.7.32.jar
[2025-08-18 10:57:39,888] {subprocess.py:92} INFO - 25/08/18 10:57:39 INFO SparkContext: Added file file:///home/***/.ivy2/jars/org.apache.hadoop_hadoop-client-api-3.3.2.jar at file:///home/***/.ivy2/jars/org.apache.hadoop_hadoop-client-api-3.3.2.jar with timestamp 1755514658189
[2025-08-18 10:57:39,889] {subprocess.py:92} INFO - 25/08/18 10:57:39 INFO Utils: Copying /home/***/.ivy2/jars/org.apache.hadoop_hadoop-client-api-3.3.2.jar to /tmp/spark-1e11301c-efbb-487f-8915-69cd552f8f2d/userFiles-2b2d45e2-27d7-457e-9342-1d3a3577181a/org.apache.hadoop_hadoop-client-api-3.3.2.jar
[2025-08-18 10:57:39,943] {subprocess.py:92} INFO - 25/08/18 10:57:39 INFO SparkContext: Added file file:///home/***/.ivy2/jars/commons-logging_commons-logging-1.1.3.jar at file:///home/***/.ivy2/jars/commons-logging_commons-logging-1.1.3.jar with timestamp 1755514658189
[2025-08-18 10:57:39,943] {subprocess.py:92} INFO - 25/08/18 10:57:39 INFO Utils: Copying /home/***/.ivy2/jars/commons-logging_commons-logging-1.1.3.jar to /tmp/spark-1e11301c-efbb-487f-8915-69cd552f8f2d/userFiles-2b2d45e2-27d7-457e-9342-1d3a3577181a/commons-logging_commons-logging-1.1.3.jar
[2025-08-18 10:57:40,092] {subprocess.py:92} INFO - 25/08/18 10:57:40 INFO Executor: Starting executor ID driver on host a4b544519f2b
[2025-08-18 10:57:40,111] {subprocess.py:92} INFO - 25/08/18 10:57:40 INFO Executor: Starting executor with user classpath (userClassPathFirst = false): ''
[2025-08-18 10:57:40,134] {subprocess.py:92} INFO - 25/08/18 10:57:40 INFO Executor: Fetching file:///home/***/.ivy2/jars/commons-logging_commons-logging-1.1.3.jar with timestamp 1755514658189
[2025-08-18 10:57:40,169] {subprocess.py:92} INFO - 25/08/18 10:57:40 INFO Utils: /home/***/.ivy2/jars/commons-logging_commons-logging-1.1.3.jar has been previously copied to /tmp/spark-1e11301c-efbb-487f-8915-69cd552f8f2d/userFiles-2b2d45e2-27d7-457e-9342-1d3a3577181a/commons-logging_commons-logging-1.1.3.jar
[2025-08-18 10:57:40,178] {subprocess.py:92} INFO - 25/08/18 10:57:40 INFO Executor: Fetching file:///home/***/.ivy2/jars/org.spark-project.spark_unused-1.0.0.jar with timestamp 1755514658189
[2025-08-18 10:57:40,179] {subprocess.py:92} INFO - 25/08/18 10:57:40 INFO Utils: /home/***/.ivy2/jars/org.spark-project.spark_unused-1.0.0.jar has been previously copied to /tmp/spark-1e11301c-efbb-487f-8915-69cd552f8f2d/userFiles-2b2d45e2-27d7-457e-9342-1d3a3577181a/org.spark-project.spark_unused-1.0.0.jar
[2025-08-18 10:57:40,187] {subprocess.py:92} INFO - 25/08/18 10:57:40 INFO Executor: Fetching file:///home/***/.ivy2/jars/org.apache.spark_spark-sql-kafka-0-10_2.12-3.3.1.jar with timestamp 1755514658189
[2025-08-18 10:57:40,198] {subprocess.py:92} INFO - 25/08/18 10:57:40 INFO Utils: /home/***/.ivy2/jars/org.apache.spark_spark-sql-kafka-0-10_2.12-3.3.1.jar has been previously copied to /tmp/spark-1e11301c-efbb-487f-8915-69cd552f8f2d/userFiles-2b2d45e2-27d7-457e-9342-1d3a3577181a/org.apache.spark_spark-sql-kafka-0-10_2.12-3.3.1.jar
[2025-08-18 10:57:40,204] {subprocess.py:92} INFO - 25/08/18 10:57:40 INFO Executor: Fetching file:///home/***/.ivy2/jars/org.apache.hadoop_hadoop-client-api-3.3.2.jar with timestamp 1755514658189
[2025-08-18 10:57:40,246] {subprocess.py:92} INFO - 25/08/18 10:57:40 INFO Utils: /home/***/.ivy2/jars/org.apache.hadoop_hadoop-client-api-3.3.2.jar has been previously copied to /tmp/spark-1e11301c-efbb-487f-8915-69cd552f8f2d/userFiles-2b2d45e2-27d7-457e-9342-1d3a3577181a/org.apache.hadoop_hadoop-client-api-3.3.2.jar
[2025-08-18 10:57:40,254] {subprocess.py:92} INFO - 25/08/18 10:57:40 INFO Executor: Fetching file:///home/***/.ivy2/jars/org.apache.hadoop_hadoop-client-runtime-3.3.2.jar with timestamp 1755514658189
[2025-08-18 10:57:40,321] {subprocess.py:92} INFO - 25/08/18 10:57:40 INFO Utils: /home/***/.ivy2/jars/org.apache.hadoop_hadoop-client-runtime-3.3.2.jar has been previously copied to /tmp/spark-1e11301c-efbb-487f-8915-69cd552f8f2d/userFiles-2b2d45e2-27d7-457e-9342-1d3a3577181a/org.apache.hadoop_hadoop-client-runtime-3.3.2.jar
[2025-08-18 10:57:40,328] {subprocess.py:92} INFO - 25/08/18 10:57:40 INFO Executor: Fetching file:///home/***/.ivy2/jars/org.slf4j_slf4j-api-1.7.32.jar with timestamp 1755514658189
[2025-08-18 10:57:40,329] {subprocess.py:92} INFO - 25/08/18 10:57:40 INFO Utils: /home/***/.ivy2/jars/org.slf4j_slf4j-api-1.7.32.jar has been previously copied to /tmp/spark-1e11301c-efbb-487f-8915-69cd552f8f2d/userFiles-2b2d45e2-27d7-457e-9342-1d3a3577181a/org.slf4j_slf4j-api-1.7.32.jar
[2025-08-18 10:57:40,334] {subprocess.py:92} INFO - 25/08/18 10:57:40 INFO Executor: Fetching file:///home/***/.ivy2/jars/org.lz4_lz4-java-1.8.0.jar with timestamp 1755514658189
[2025-08-18 10:57:40,335] {subprocess.py:92} INFO - 25/08/18 10:57:40 INFO Utils: /home/***/.ivy2/jars/org.lz4_lz4-java-1.8.0.jar has been previously copied to /tmp/spark-1e11301c-efbb-487f-8915-69cd552f8f2d/userFiles-2b2d45e2-27d7-457e-9342-1d3a3577181a/org.lz4_lz4-java-1.8.0.jar
[2025-08-18 10:57:40,342] {subprocess.py:92} INFO - 25/08/18 10:57:40 INFO Executor: Fetching file:///home/***/.ivy2/jars/org.apache.commons_commons-pool2-2.11.1.jar with timestamp 1755514658189
[2025-08-18 10:57:40,344] {subprocess.py:92} INFO - 25/08/18 10:57:40 INFO Utils: /home/***/.ivy2/jars/org.apache.commons_commons-pool2-2.11.1.jar has been previously copied to /tmp/spark-1e11301c-efbb-487f-8915-69cd552f8f2d/userFiles-2b2d45e2-27d7-457e-9342-1d3a3577181a/org.apache.commons_commons-pool2-2.11.1.jar
[2025-08-18 10:57:40,349] {subprocess.py:92} INFO - 25/08/18 10:57:40 INFO Executor: Fetching file:///home/***/.ivy2/jars/com.google.code.findbugs_jsr305-3.0.0.jar with timestamp 1755514658189
[2025-08-18 10:57:40,350] {subprocess.py:92} INFO - 25/08/18 10:57:40 INFO Utils: /home/***/.ivy2/jars/com.google.code.findbugs_jsr305-3.0.0.jar has been previously copied to /tmp/spark-1e11301c-efbb-487f-8915-69cd552f8f2d/userFiles-2b2d45e2-27d7-457e-9342-1d3a3577181a/com.google.code.findbugs_jsr305-3.0.0.jar
[2025-08-18 10:57:40,356] {subprocess.py:92} INFO - 25/08/18 10:57:40 INFO Executor: Fetching file:///home/***/.ivy2/jars/org.apache.spark_spark-token-provider-kafka-0-10_2.12-3.3.1.jar with timestamp 1755514658189
[2025-08-18 10:57:40,357] {subprocess.py:92} INFO - 25/08/18 10:57:40 INFO Utils: /home/***/.ivy2/jars/org.apache.spark_spark-token-provider-kafka-0-10_2.12-3.3.1.jar has been previously copied to /tmp/spark-1e11301c-efbb-487f-8915-69cd552f8f2d/userFiles-2b2d45e2-27d7-457e-9342-1d3a3577181a/org.apache.spark_spark-token-provider-kafka-0-10_2.12-3.3.1.jar
[2025-08-18 10:57:40,361] {subprocess.py:92} INFO - 25/08/18 10:57:40 INFO Executor: Fetching file:///home/***/.ivy2/jars/org.apache.kafka_kafka-clients-2.8.1.jar with timestamp 1755514658189
[2025-08-18 10:57:40,366] {subprocess.py:92} INFO - 25/08/18 10:57:40 INFO Utils: /home/***/.ivy2/jars/org.apache.kafka_kafka-clients-2.8.1.jar has been previously copied to /tmp/spark-1e11301c-efbb-487f-8915-69cd552f8f2d/userFiles-2b2d45e2-27d7-457e-9342-1d3a3577181a/org.apache.kafka_kafka-clients-2.8.1.jar
[2025-08-18 10:57:40,373] {subprocess.py:92} INFO - 25/08/18 10:57:40 INFO Executor: Fetching file:///home/***/.ivy2/jars/org.xerial.snappy_snappy-java-1.1.8.4.jar with timestamp 1755514658189
[2025-08-18 10:57:40,375] {subprocess.py:92} INFO - 25/08/18 10:57:40 INFO Utils: /home/***/.ivy2/jars/org.xerial.snappy_snappy-java-1.1.8.4.jar has been previously copied to /tmp/spark-1e11301c-efbb-487f-8915-69cd552f8f2d/userFiles-2b2d45e2-27d7-457e-9342-1d3a3577181a/org.xerial.snappy_snappy-java-1.1.8.4.jar
[2025-08-18 10:57:40,384] {subprocess.py:92} INFO - 25/08/18 10:57:40 INFO Executor: Fetching spark://a4b544519f2b:41031/jars/org.apache.hadoop_hadoop-client-api-3.3.2.jar with timestamp 1755514658189
[2025-08-18 10:57:40,470] {subprocess.py:92} INFO - 25/08/18 10:57:40 INFO TransportClientFactory: Successfully created connection to a4b544519f2b/172.20.0.2:41031 after 68 ms (0 ms spent in bootstraps)
[2025-08-18 10:57:40,481] {subprocess.py:92} INFO - 25/08/18 10:57:40 INFO Utils: Fetching spark://a4b544519f2b:41031/jars/org.apache.hadoop_hadoop-client-api-3.3.2.jar to /tmp/spark-1e11301c-efbb-487f-8915-69cd552f8f2d/userFiles-2b2d45e2-27d7-457e-9342-1d3a3577181a/fetchFileTemp3060204721994834295.tmp
[2025-08-18 10:57:40,758] {subprocess.py:92} INFO - 25/08/18 10:57:40 INFO Utils: /tmp/spark-1e11301c-efbb-487f-8915-69cd552f8f2d/userFiles-2b2d45e2-27d7-457e-9342-1d3a3577181a/fetchFileTemp3060204721994834295.tmp has been previously copied to /tmp/spark-1e11301c-efbb-487f-8915-69cd552f8f2d/userFiles-2b2d45e2-27d7-457e-9342-1d3a3577181a/org.apache.hadoop_hadoop-client-api-3.3.2.jar
[2025-08-18 10:57:40,769] {subprocess.py:92} INFO - 25/08/18 10:57:40 INFO Executor: Adding file:/tmp/spark-1e11301c-efbb-487f-8915-69cd552f8f2d/userFiles-2b2d45e2-27d7-457e-9342-1d3a3577181a/org.apache.hadoop_hadoop-client-api-3.3.2.jar to class loader
[2025-08-18 10:57:40,769] {subprocess.py:92} INFO - 25/08/18 10:57:40 INFO Executor: Fetching spark://a4b544519f2b:41031/jars/com.google.code.findbugs_jsr305-3.0.0.jar with timestamp 1755514658189
[2025-08-18 10:57:40,771] {subprocess.py:92} INFO - 25/08/18 10:57:40 INFO Utils: Fetching spark://a4b544519f2b:41031/jars/com.google.code.findbugs_jsr305-3.0.0.jar to /tmp/spark-1e11301c-efbb-487f-8915-69cd552f8f2d/userFiles-2b2d45e2-27d7-457e-9342-1d3a3577181a/fetchFileTemp670911860150998744.tmp
[2025-08-18 10:57:40,774] {subprocess.py:92} INFO - 25/08/18 10:57:40 INFO Utils: /tmp/spark-1e11301c-efbb-487f-8915-69cd552f8f2d/userFiles-2b2d45e2-27d7-457e-9342-1d3a3577181a/fetchFileTemp670911860150998744.tmp has been previously copied to /tmp/spark-1e11301c-efbb-487f-8915-69cd552f8f2d/userFiles-2b2d45e2-27d7-457e-9342-1d3a3577181a/com.google.code.findbugs_jsr305-3.0.0.jar
[2025-08-18 10:57:40,782] {subprocess.py:92} INFO - 25/08/18 10:57:40 INFO Executor: Adding file:/tmp/spark-1e11301c-efbb-487f-8915-69cd552f8f2d/userFiles-2b2d45e2-27d7-457e-9342-1d3a3577181a/com.google.code.findbugs_jsr305-3.0.0.jar to class loader
[2025-08-18 10:57:40,782] {subprocess.py:92} INFO - 25/08/18 10:57:40 INFO Executor: Fetching spark://a4b544519f2b:41031/jars/org.slf4j_slf4j-api-1.7.32.jar with timestamp 1755514658189
[2025-08-18 10:57:40,784] {subprocess.py:92} INFO - 25/08/18 10:57:40 INFO Utils: Fetching spark://a4b544519f2b:41031/jars/org.slf4j_slf4j-api-1.7.32.jar to /tmp/spark-1e11301c-efbb-487f-8915-69cd552f8f2d/userFiles-2b2d45e2-27d7-457e-9342-1d3a3577181a/fetchFileTemp11121572796603871382.tmp
[2025-08-18 10:57:40,787] {subprocess.py:92} INFO - 25/08/18 10:57:40 INFO Utils: /tmp/spark-1e11301c-efbb-487f-8915-69cd552f8f2d/userFiles-2b2d45e2-27d7-457e-9342-1d3a3577181a/fetchFileTemp11121572796603871382.tmp has been previously copied to /tmp/spark-1e11301c-efbb-487f-8915-69cd552f8f2d/userFiles-2b2d45e2-27d7-457e-9342-1d3a3577181a/org.slf4j_slf4j-api-1.7.32.jar
[2025-08-18 10:57:40,794] {subprocess.py:92} INFO - 25/08/18 10:57:40 INFO Executor: Adding file:/tmp/spark-1e11301c-efbb-487f-8915-69cd552f8f2d/userFiles-2b2d45e2-27d7-457e-9342-1d3a3577181a/org.slf4j_slf4j-api-1.7.32.jar to class loader
[2025-08-18 10:57:40,795] {subprocess.py:92} INFO - 25/08/18 10:57:40 INFO Executor: Fetching spark://a4b544519f2b:41031/jars/org.lz4_lz4-java-1.8.0.jar with timestamp 1755514658189
[2025-08-18 10:57:40,796] {subprocess.py:92} INFO - 25/08/18 10:57:40 INFO Utils: Fetching spark://a4b544519f2b:41031/jars/org.lz4_lz4-java-1.8.0.jar to /tmp/spark-1e11301c-efbb-487f-8915-69cd552f8f2d/userFiles-2b2d45e2-27d7-457e-9342-1d3a3577181a/fetchFileTemp5760867070911861320.tmp
[2025-08-18 10:57:40,804] {subprocess.py:92} INFO - 25/08/18 10:57:40 INFO Utils: /tmp/spark-1e11301c-efbb-487f-8915-69cd552f8f2d/userFiles-2b2d45e2-27d7-457e-9342-1d3a3577181a/fetchFileTemp5760867070911861320.tmp has been previously copied to /tmp/spark-1e11301c-efbb-487f-8915-69cd552f8f2d/userFiles-2b2d45e2-27d7-457e-9342-1d3a3577181a/org.lz4_lz4-java-1.8.0.jar
[2025-08-18 10:57:40,810] {subprocess.py:92} INFO - 25/08/18 10:57:40 INFO Executor: Adding file:/tmp/spark-1e11301c-efbb-487f-8915-69cd552f8f2d/userFiles-2b2d45e2-27d7-457e-9342-1d3a3577181a/org.lz4_lz4-java-1.8.0.jar to class loader
[2025-08-18 10:57:40,810] {subprocess.py:92} INFO - 25/08/18 10:57:40 INFO Executor: Fetching spark://a4b544519f2b:41031/jars/org.apache.spark_spark-sql-kafka-0-10_2.12-3.3.1.jar with timestamp 1755514658189
[2025-08-18 10:57:40,811] {subprocess.py:92} INFO - 25/08/18 10:57:40 INFO Utils: Fetching spark://a4b544519f2b:41031/jars/org.apache.spark_spark-sql-kafka-0-10_2.12-3.3.1.jar to /tmp/spark-1e11301c-efbb-487f-8915-69cd552f8f2d/userFiles-2b2d45e2-27d7-457e-9342-1d3a3577181a/fetchFileTemp9153450616378948928.tmp
[2025-08-18 10:57:40,817] {subprocess.py:92} INFO - 25/08/18 10:57:40 INFO Utils: /tmp/spark-1e11301c-efbb-487f-8915-69cd552f8f2d/userFiles-2b2d45e2-27d7-457e-9342-1d3a3577181a/fetchFileTemp9153450616378948928.tmp has been previously copied to /tmp/spark-1e11301c-efbb-487f-8915-69cd552f8f2d/userFiles-2b2d45e2-27d7-457e-9342-1d3a3577181a/org.apache.spark_spark-sql-kafka-0-10_2.12-3.3.1.jar
[2025-08-18 10:57:40,822] {subprocess.py:92} INFO - 25/08/18 10:57:40 INFO Executor: Adding file:/tmp/spark-1e11301c-efbb-487f-8915-69cd552f8f2d/userFiles-2b2d45e2-27d7-457e-9342-1d3a3577181a/org.apache.spark_spark-sql-kafka-0-10_2.12-3.3.1.jar to class loader
[2025-08-18 10:57:40,822] {subprocess.py:92} INFO - 25/08/18 10:57:40 INFO Executor: Fetching spark://a4b544519f2b:41031/jars/org.apache.hadoop_hadoop-client-runtime-3.3.2.jar with timestamp 1755514658189
[2025-08-18 10:57:40,823] {subprocess.py:92} INFO - 25/08/18 10:57:40 INFO Utils: Fetching spark://a4b544519f2b:41031/jars/org.apache.hadoop_hadoop-client-runtime-3.3.2.jar to /tmp/spark-1e11301c-efbb-487f-8915-69cd552f8f2d/userFiles-2b2d45e2-27d7-457e-9342-1d3a3577181a/fetchFileTemp11810442319792060365.tmp
[2025-08-18 10:57:41,023] {subprocess.py:92} INFO - 25/08/18 10:57:41 INFO Utils: /tmp/spark-1e11301c-efbb-487f-8915-69cd552f8f2d/userFiles-2b2d45e2-27d7-457e-9342-1d3a3577181a/fetchFileTemp11810442319792060365.tmp has been previously copied to /tmp/spark-1e11301c-efbb-487f-8915-69cd552f8f2d/userFiles-2b2d45e2-27d7-457e-9342-1d3a3577181a/org.apache.hadoop_hadoop-client-runtime-3.3.2.jar
[2025-08-18 10:57:41,038] {subprocess.py:92} INFO - 25/08/18 10:57:41 INFO Executor: Adding file:/tmp/spark-1e11301c-efbb-487f-8915-69cd552f8f2d/userFiles-2b2d45e2-27d7-457e-9342-1d3a3577181a/org.apache.hadoop_hadoop-client-runtime-3.3.2.jar to class loader
[2025-08-18 10:57:41,038] {subprocess.py:92} INFO - 25/08/18 10:57:41 INFO Executor: Fetching spark://a4b544519f2b:41031/jars/org.apache.spark_spark-token-provider-kafka-0-10_2.12-3.3.1.jar with timestamp 1755514658189
[2025-08-18 10:57:41,039] {subprocess.py:92} INFO - 25/08/18 10:57:41 INFO Utils: Fetching spark://a4b544519f2b:41031/jars/org.apache.spark_spark-token-provider-kafka-0-10_2.12-3.3.1.jar to /tmp/spark-1e11301c-efbb-487f-8915-69cd552f8f2d/userFiles-2b2d45e2-27d7-457e-9342-1d3a3577181a/fetchFileTemp5804618589340847437.tmp
[2025-08-18 10:57:41,042] {subprocess.py:92} INFO - 25/08/18 10:57:41 INFO Utils: /tmp/spark-1e11301c-efbb-487f-8915-69cd552f8f2d/userFiles-2b2d45e2-27d7-457e-9342-1d3a3577181a/fetchFileTemp5804618589340847437.tmp has been previously copied to /tmp/spark-1e11301c-efbb-487f-8915-69cd552f8f2d/userFiles-2b2d45e2-27d7-457e-9342-1d3a3577181a/org.apache.spark_spark-token-provider-kafka-0-10_2.12-3.3.1.jar
[2025-08-18 10:57:41,047] {subprocess.py:92} INFO - 25/08/18 10:57:41 INFO Executor: Adding file:/tmp/spark-1e11301c-efbb-487f-8915-69cd552f8f2d/userFiles-2b2d45e2-27d7-457e-9342-1d3a3577181a/org.apache.spark_spark-token-provider-kafka-0-10_2.12-3.3.1.jar to class loader
[2025-08-18 10:57:41,047] {subprocess.py:92} INFO - 25/08/18 10:57:41 INFO Executor: Fetching spark://a4b544519f2b:41031/jars/org.apache.kafka_kafka-clients-2.8.1.jar with timestamp 1755514658189
[2025-08-18 10:57:41,048] {subprocess.py:92} INFO - 25/08/18 10:57:41 INFO Utils: Fetching spark://a4b544519f2b:41031/jars/org.apache.kafka_kafka-clients-2.8.1.jar to /tmp/spark-1e11301c-efbb-487f-8915-69cd552f8f2d/userFiles-2b2d45e2-27d7-457e-9342-1d3a3577181a/fetchFileTemp14424820977346257450.tmp
[2025-08-18 10:57:41,069] {subprocess.py:92} INFO - 25/08/18 10:57:41 INFO Utils: /tmp/spark-1e11301c-efbb-487f-8915-69cd552f8f2d/userFiles-2b2d45e2-27d7-457e-9342-1d3a3577181a/fetchFileTemp14424820977346257450.tmp has been previously copied to /tmp/spark-1e11301c-efbb-487f-8915-69cd552f8f2d/userFiles-2b2d45e2-27d7-457e-9342-1d3a3577181a/org.apache.kafka_kafka-clients-2.8.1.jar
[2025-08-18 10:57:41,074] {subprocess.py:92} INFO - 25/08/18 10:57:41 INFO Executor: Adding file:/tmp/spark-1e11301c-efbb-487f-8915-69cd552f8f2d/userFiles-2b2d45e2-27d7-457e-9342-1d3a3577181a/org.apache.kafka_kafka-clients-2.8.1.jar to class loader
[2025-08-18 10:57:41,074] {subprocess.py:92} INFO - 25/08/18 10:57:41 INFO Executor: Fetching spark://a4b544519f2b:41031/jars/org.xerial.snappy_snappy-java-1.1.8.4.jar with timestamp 1755514658189
[2025-08-18 10:57:41,075] {subprocess.py:92} INFO - 25/08/18 10:57:41 INFO Utils: Fetching spark://a4b544519f2b:41031/jars/org.xerial.snappy_snappy-java-1.1.8.4.jar to /tmp/spark-1e11301c-efbb-487f-8915-69cd552f8f2d/userFiles-2b2d45e2-27d7-457e-9342-1d3a3577181a/fetchFileTemp9162145983045733777.tmp
[2025-08-18 10:57:41,086] {subprocess.py:92} INFO - 25/08/18 10:57:41 INFO Utils: /tmp/spark-1e11301c-efbb-487f-8915-69cd552f8f2d/userFiles-2b2d45e2-27d7-457e-9342-1d3a3577181a/fetchFileTemp9162145983045733777.tmp has been previously copied to /tmp/spark-1e11301c-efbb-487f-8915-69cd552f8f2d/userFiles-2b2d45e2-27d7-457e-9342-1d3a3577181a/org.xerial.snappy_snappy-java-1.1.8.4.jar
[2025-08-18 10:57:41,091] {subprocess.py:92} INFO - 25/08/18 10:57:41 INFO Executor: Adding file:/tmp/spark-1e11301c-efbb-487f-8915-69cd552f8f2d/userFiles-2b2d45e2-27d7-457e-9342-1d3a3577181a/org.xerial.snappy_snappy-java-1.1.8.4.jar to class loader
[2025-08-18 10:57:41,091] {subprocess.py:92} INFO - 25/08/18 10:57:41 INFO Executor: Fetching spark://a4b544519f2b:41031/jars/org.apache.commons_commons-pool2-2.11.1.jar with timestamp 1755514658189
[2025-08-18 10:57:41,093] {subprocess.py:92} INFO - 25/08/18 10:57:41 INFO Utils: Fetching spark://a4b544519f2b:41031/jars/org.apache.commons_commons-pool2-2.11.1.jar to /tmp/spark-1e11301c-efbb-487f-8915-69cd552f8f2d/userFiles-2b2d45e2-27d7-457e-9342-1d3a3577181a/fetchFileTemp4595949459286039868.tmp
[2025-08-18 10:57:41,096] {subprocess.py:92} INFO - 25/08/18 10:57:41 INFO Utils: /tmp/spark-1e11301c-efbb-487f-8915-69cd552f8f2d/userFiles-2b2d45e2-27d7-457e-9342-1d3a3577181a/fetchFileTemp4595949459286039868.tmp has been previously copied to /tmp/spark-1e11301c-efbb-487f-8915-69cd552f8f2d/userFiles-2b2d45e2-27d7-457e-9342-1d3a3577181a/org.apache.commons_commons-pool2-2.11.1.jar
[2025-08-18 10:57:41,103] {subprocess.py:92} INFO - 25/08/18 10:57:41 INFO Executor: Adding file:/tmp/spark-1e11301c-efbb-487f-8915-69cd552f8f2d/userFiles-2b2d45e2-27d7-457e-9342-1d3a3577181a/org.apache.commons_commons-pool2-2.11.1.jar to class loader
[2025-08-18 10:57:41,103] {subprocess.py:92} INFO - 25/08/18 10:57:41 INFO Executor: Fetching spark://a4b544519f2b:41031/jars/commons-logging_commons-logging-1.1.3.jar with timestamp 1755514658189
[2025-08-18 10:57:41,104] {subprocess.py:92} INFO - 25/08/18 10:57:41 INFO Utils: Fetching spark://a4b544519f2b:41031/jars/commons-logging_commons-logging-1.1.3.jar to /tmp/spark-1e11301c-efbb-487f-8915-69cd552f8f2d/userFiles-2b2d45e2-27d7-457e-9342-1d3a3577181a/fetchFileTemp7273116780224724970.tmp
[2025-08-18 10:57:41,107] {subprocess.py:92} INFO - 25/08/18 10:57:41 INFO Utils: /tmp/spark-1e11301c-efbb-487f-8915-69cd552f8f2d/userFiles-2b2d45e2-27d7-457e-9342-1d3a3577181a/fetchFileTemp7273116780224724970.tmp has been previously copied to /tmp/spark-1e11301c-efbb-487f-8915-69cd552f8f2d/userFiles-2b2d45e2-27d7-457e-9342-1d3a3577181a/commons-logging_commons-logging-1.1.3.jar
[2025-08-18 10:57:41,114] {subprocess.py:92} INFO - 25/08/18 10:57:41 INFO Executor: Adding file:/tmp/spark-1e11301c-efbb-487f-8915-69cd552f8f2d/userFiles-2b2d45e2-27d7-457e-9342-1d3a3577181a/commons-logging_commons-logging-1.1.3.jar to class loader
[2025-08-18 10:57:41,114] {subprocess.py:92} INFO - 25/08/18 10:57:41 INFO Executor: Fetching spark://a4b544519f2b:41031/jars/org.spark-project.spark_unused-1.0.0.jar with timestamp 1755514658189
[2025-08-18 10:57:41,115] {subprocess.py:92} INFO - 25/08/18 10:57:41 INFO Utils: Fetching spark://a4b544519f2b:41031/jars/org.spark-project.spark_unused-1.0.0.jar to /tmp/spark-1e11301c-efbb-487f-8915-69cd552f8f2d/userFiles-2b2d45e2-27d7-457e-9342-1d3a3577181a/fetchFileTemp564572557560159347.tmp
[2025-08-18 10:57:41,117] {subprocess.py:92} INFO - 25/08/18 10:57:41 INFO Utils: /tmp/spark-1e11301c-efbb-487f-8915-69cd552f8f2d/userFiles-2b2d45e2-27d7-457e-9342-1d3a3577181a/fetchFileTemp564572557560159347.tmp has been previously copied to /tmp/spark-1e11301c-efbb-487f-8915-69cd552f8f2d/userFiles-2b2d45e2-27d7-457e-9342-1d3a3577181a/org.spark-project.spark_unused-1.0.0.jar
[2025-08-18 10:57:41,121] {subprocess.py:92} INFO - 25/08/18 10:57:41 INFO Executor: Adding file:/tmp/spark-1e11301c-efbb-487f-8915-69cd552f8f2d/userFiles-2b2d45e2-27d7-457e-9342-1d3a3577181a/org.spark-project.spark_unused-1.0.0.jar to class loader
[2025-08-18 10:57:41,130] {subprocess.py:92} INFO - 25/08/18 10:57:41 INFO Utils: Successfully started service 'org.apache.spark.network.netty.NettyBlockTransferService' on port 37041.
[2025-08-18 10:57:41,130] {subprocess.py:92} INFO - 25/08/18 10:57:41 INFO NettyBlockTransferService: Server created on a4b544519f2b:37041
[2025-08-18 10:57:41,132] {subprocess.py:92} INFO - 25/08/18 10:57:41 INFO BlockManager: Using org.apache.spark.storage.RandomBlockReplicationPolicy for block replication policy
[2025-08-18 10:57:41,140] {subprocess.py:92} INFO - 25/08/18 10:57:41 INFO BlockManagerMaster: Registering BlockManager BlockManagerId(driver, a4b544519f2b, 37041, None)
[2025-08-18 10:57:41,146] {subprocess.py:92} INFO - 25/08/18 10:57:41 INFO BlockManagerMasterEndpoint: Registering block manager a4b544519f2b:37041 with 434.4 MiB RAM, BlockManagerId(driver, a4b544519f2b, 37041, None)
[2025-08-18 10:57:41,152] {subprocess.py:92} INFO - 25/08/18 10:57:41 INFO BlockManagerMaster: Registered BlockManager BlockManagerId(driver, a4b544519f2b, 37041, None)
[2025-08-18 10:57:41,154] {subprocess.py:92} INFO - 25/08/18 10:57:41 INFO BlockManager: Initialized BlockManager: BlockManagerId(driver, a4b544519f2b, 37041, None)
[2025-08-18 10:57:41,905] {subprocess.py:92} INFO - Connexion à Kafka...
[2025-08-18 10:57:44,817] {subprocess.py:92} INFO - Connexion Kafka réussie (kafka:9092)
[2025-08-18 10:57:44,818] {subprocess.py:92} INFO - Transformation des données JSON...
[2025-08-18 10:57:45,139] {subprocess.py:92} INFO - Démarrage du streaming vers HDFS...
[2025-08-18 10:57:46,330] {subprocess.py:92} INFO - Streaming actif - Données météo sauvegardées dans HDFS:/data/weather
[2025-08-18 12:36:19,903] {base_job.py:229} ERROR - LocalTaskJob heartbeat got an exception
Traceback (most recent call last):
  File "/home/airflow/.local/lib/python3.7/site-packages/sqlalchemy/engine/base.py", line 3141, in _wrap_pool_connect
    return fn()
  File "/home/airflow/.local/lib/python3.7/site-packages/sqlalchemy/pool/base.py", line 301, in connect
    return _ConnectionFairy._checkout(self)
  File "/home/airflow/.local/lib/python3.7/site-packages/sqlalchemy/pool/base.py", line 755, in _checkout
    fairy = _ConnectionRecord.checkout(pool)
  File "/home/airflow/.local/lib/python3.7/site-packages/sqlalchemy/pool/base.py", line 419, in checkout
    rec = pool._do_get()
  File "/home/airflow/.local/lib/python3.7/site-packages/sqlalchemy/pool/impl.py", line 259, in _do_get
    return self._create_connection()
  File "/home/airflow/.local/lib/python3.7/site-packages/sqlalchemy/pool/base.py", line 247, in _create_connection
    return _ConnectionRecord(self)
  File "/home/airflow/.local/lib/python3.7/site-packages/sqlalchemy/pool/base.py", line 362, in __init__
    self.__connect(first_connect_check=True)
  File "/home/airflow/.local/lib/python3.7/site-packages/sqlalchemy/pool/base.py", line 605, in __connect
    pool.logger.debug("Error on connect(): %s", e)
  File "/home/airflow/.local/lib/python3.7/site-packages/sqlalchemy/util/langhelpers.py", line 72, in __exit__
    with_traceback=exc_tb,
  File "/home/airflow/.local/lib/python3.7/site-packages/sqlalchemy/util/compat.py", line 211, in raise_
    raise exception
  File "/home/airflow/.local/lib/python3.7/site-packages/sqlalchemy/pool/base.py", line 599, in __connect
    connection = pool._invoke_creator(self)
  File "/home/airflow/.local/lib/python3.7/site-packages/sqlalchemy/engine/create.py", line 578, in connect
    return dialect.connect(*cargs, **cparams)
  File "/home/airflow/.local/lib/python3.7/site-packages/sqlalchemy/engine/default.py", line 583, in connect
    return self.dbapi.connect(*cargs, **cparams)
  File "/home/airflow/.local/lib/python3.7/site-packages/psycopg2/__init__.py", line 122, in connect
    conn = _connect(dsn, connection_factory=connection_factory, **kwasync)
psycopg2.OperationalError: could not translate host name "postgres" to address: Temporary failure in name resolution


The above exception was the direct cause of the following exception:

Traceback (most recent call last):
  File "/home/airflow/.local/lib/python3.7/site-packages/airflow/jobs/base_job.py", line 225, in heartbeat
    self.heartbeat_callback(session=session)
  File "/home/airflow/.local/lib/python3.7/site-packages/airflow/utils/session.py", line 68, in wrapper
    return func(*args, **kwargs)
  File "/home/airflow/.local/lib/python3.7/site-packages/airflow/jobs/local_task_job.py", line 186, in heartbeat_callback
    self.task_instance.refresh_from_db()
  File "/home/airflow/.local/lib/python3.7/site-packages/airflow/utils/session.py", line 71, in wrapper
    return func(*args, session=session, **kwargs)
  File "/home/airflow/.local/lib/python3.7/site-packages/airflow/models/taskinstance.py", line 873, in refresh_from_db
    ti = qry.first()
  File "/home/airflow/.local/lib/python3.7/site-packages/sqlalchemy/orm/query.py", line 2734, in first
    return self.limit(1)._iter().first()
  File "/home/airflow/.local/lib/python3.7/site-packages/sqlalchemy/orm/query.py", line 2821, in _iter
    execution_options={"_sa_orm_load_options": self.load_options},
  File "/home/airflow/.local/lib/python3.7/site-packages/sqlalchemy/orm/session.py", line 1669, in execute
    conn = self._connection_for_bind(bind, close_with_result=True)
  File "/home/airflow/.local/lib/python3.7/site-packages/sqlalchemy/orm/session.py", line 1520, in _connection_for_bind
    engine, execution_options
  File "/home/airflow/.local/lib/python3.7/site-packages/sqlalchemy/orm/session.py", line 747, in _connection_for_bind
    conn = bind.connect()
  File "/home/airflow/.local/lib/python3.7/site-packages/sqlalchemy/engine/base.py", line 3095, in connect
    return self._connection_cls(self, close_with_result=close_with_result)
  File "/home/airflow/.local/lib/python3.7/site-packages/sqlalchemy/engine/base.py", line 91, in __init__
    else engine.raw_connection()
  File "/home/airflow/.local/lib/python3.7/site-packages/sqlalchemy/engine/base.py", line 3174, in raw_connection
    return self._wrap_pool_connect(self.pool.connect, _connection)
  File "/home/airflow/.local/lib/python3.7/site-packages/sqlalchemy/engine/base.py", line 3145, in _wrap_pool_connect
    e, dialect, self
  File "/home/airflow/.local/lib/python3.7/site-packages/sqlalchemy/engine/base.py", line 2004, in _handle_dbapi_exception_noconnection
    sqlalchemy_exception, with_traceback=exc_info[2], from_=e
  File "/home/airflow/.local/lib/python3.7/site-packages/sqlalchemy/util/compat.py", line 211, in raise_
    raise exception
  File "/home/airflow/.local/lib/python3.7/site-packages/sqlalchemy/engine/base.py", line 3141, in _wrap_pool_connect
    return fn()
  File "/home/airflow/.local/lib/python3.7/site-packages/sqlalchemy/pool/base.py", line 301, in connect
    return _ConnectionFairy._checkout(self)
  File "/home/airflow/.local/lib/python3.7/site-packages/sqlalchemy/pool/base.py", line 755, in _checkout
    fairy = _ConnectionRecord.checkout(pool)
  File "/home/airflow/.local/lib/python3.7/site-packages/sqlalchemy/pool/base.py", line 419, in checkout
    rec = pool._do_get()
  File "/home/airflow/.local/lib/python3.7/site-packages/sqlalchemy/pool/impl.py", line 259, in _do_get
    return self._create_connection()
  File "/home/airflow/.local/lib/python3.7/site-packages/sqlalchemy/pool/base.py", line 247, in _create_connection
    return _ConnectionRecord(self)
  File "/home/airflow/.local/lib/python3.7/site-packages/sqlalchemy/pool/base.py", line 362, in __init__
    self.__connect(first_connect_check=True)
  File "/home/airflow/.local/lib/python3.7/site-packages/sqlalchemy/pool/base.py", line 605, in __connect
    pool.logger.debug("Error on connect(): %s", e)
  File "/home/airflow/.local/lib/python3.7/site-packages/sqlalchemy/util/langhelpers.py", line 72, in __exit__
    with_traceback=exc_tb,
  File "/home/airflow/.local/lib/python3.7/site-packages/sqlalchemy/util/compat.py", line 211, in raise_
    raise exception
  File "/home/airflow/.local/lib/python3.7/site-packages/sqlalchemy/pool/base.py", line 599, in __connect
    connection = pool._invoke_creator(self)
  File "/home/airflow/.local/lib/python3.7/site-packages/sqlalchemy/engine/create.py", line 578, in connect
    return dialect.connect(*cargs, **cparams)
  File "/home/airflow/.local/lib/python3.7/site-packages/sqlalchemy/engine/default.py", line 583, in connect
    return self.dbapi.connect(*cargs, **cparams)
  File "/home/airflow/.local/lib/python3.7/site-packages/psycopg2/__init__.py", line 122, in connect
    conn = _connect(dsn, connection_factory=connection_factory, **kwasync)
sqlalchemy.exc.OperationalError: (psycopg2.OperationalError) could not translate host name "postgres" to address: Temporary failure in name resolution

(Background on this error at: http://sqlalche.me/e/14/e3q8)
[2025-08-18 13:22:45,160] {local_task_job.py:221} WARNING - State of this instance has been externally set to None. Terminating instance.
[2025-08-18 13:22:45,255] {process_utils.py:129} INFO - Sending Signals.SIGTERM to group 2063. PIDs of all processes in the group: [2064, 2113, 2063]
[2025-08-18 13:22:45,333] {process_utils.py:80} INFO - Sending the signal Signals.SIGTERM to group 2063
[2025-08-18 13:22:45,383] {taskinstance.py:1541} ERROR - Received SIGTERM. Terminating subprocesses.
[2025-08-18 13:22:45,449] {subprocess.py:103} INFO - Sending SIGTERM signal to process group
[2025-08-18 13:22:45,767] {process_utils.py:75} INFO - Process psutil.Process(pid=2113, status='terminated', started='10:57:36') (2113) terminated with exit code None
[2025-08-18 13:22:46,279] {taskinstance.py:1889} ERROR - Task failed with exception
Traceback (most recent call last):
  File "/home/airflow/.local/lib/python3.7/site-packages/airflow/operators/bash.py", line 189, in execute
    cwd=self.cwd,
  File "/home/airflow/.local/lib/python3.7/site-packages/airflow/hooks/subprocess.py", line 90, in run_command
    for raw_line in iter(self.sub_process.stdout.readline, b''):
  File "/home/airflow/.local/lib/python3.7/site-packages/airflow/models/taskinstance.py", line 1543, in signal_handler
    raise AirflowException("Task received SIGTERM signal")
airflow.exceptions.AirflowException: Task received SIGTERM signal
[2025-08-18 13:22:46,489] {taskinstance.py:1400} INFO - Marking task as FAILED. dag_id=send_weather_to_kafka, task_id=stream_hdfs, execution_date=20250818T105653, start_date=20250818T105733, end_date=20250818T132246
[2025-08-18 13:22:46,839] {standard_task_runner.py:97} ERROR - Failed to execute job 276 for task stream_hdfs (Task received SIGTERM signal; 2063)
[2025-08-18 13:22:47,280] {process_utils.py:75} INFO - Process psutil.Process(pid=2063, status='terminated', exitcode=1, started='10:57:32') (2063) terminated with exit code 1
[2025-08-18 13:22:48,286] {process_utils.py:75} INFO - Process psutil.Process(pid=2064, status='terminated', started='10:57:33') (2064) terminated with exit code None
