[2025-09-01 10:52:01,965] {taskinstance.py:1159} INFO - Dependencies all met for <TaskInstance: send_weather_to_kafka.stream_hdfs scheduled__2025-09-01T10:15:09.785280+00:00 [queued]>
[2025-09-01 10:52:01,976] {taskinstance.py:1159} INFO - Dependencies all met for <TaskInstance: send_weather_to_kafka.stream_hdfs scheduled__2025-09-01T10:15:09.785280+00:00 [queued]>
[2025-09-01 10:52:01,977] {taskinstance.py:1356} INFO - 
--------------------------------------------------------------------------------
[2025-09-01 10:52:01,977] {taskinstance.py:1357} INFO - Starting attempt 2 of 2
[2025-09-01 10:52:01,977] {taskinstance.py:1358} INFO - 
--------------------------------------------------------------------------------
[2025-09-01 10:52:01,995] {taskinstance.py:1377} INFO - Executing <Task(BashOperator): stream_hdfs> on 2025-09-01 10:15:09.785280+00:00
[2025-09-01 10:52:02,001] {standard_task_runner.py:52} INFO - Started process 15207 to run task
[2025-09-01 10:52:02,005] {standard_task_runner.py:79} INFO - Running: ['***', 'tasks', 'run', 'send_weather_to_kafka', 'stream_hdfs', 'scheduled__2025-09-01T10:15:09.785280+00:00', '--job-id', '528', '--raw', '--subdir', 'DAGS_FOLDER/dag_meteo.py', '--cfg-path', '/tmp/tmp8vp7whlc', '--error-file', '/tmp/tmpvl7qtr2s']
[2025-09-01 10:52:02,006] {standard_task_runner.py:80} INFO - Job 528: Subtask stream_hdfs
[2025-09-01 10:52:02,025] {logging_mixin.py:115} WARNING - /home/***/.local/lib/python3.7/site-packages/***/configuration.py:470 DeprecationWarning: The sql_alchemy_conn option in [core] has been moved to the sql_alchemy_conn option in [database] - the old setting has been used, but please update your config.
[2025-09-01 10:52:02,084] {task_command.py:369} INFO - Running <TaskInstance: send_weather_to_kafka.stream_hdfs scheduled__2025-09-01T10:15:09.785280+00:00 [running]> on host e66737cfc193
[2025-09-01 10:52:02,197] {taskinstance.py:1571} INFO - Exporting the following env vars:
AIRFLOW_CTX_DAG_OWNER=***
AIRFLOW_CTX_DAG_ID=send_weather_to_kafka
AIRFLOW_CTX_TASK_ID=stream_hdfs
AIRFLOW_CTX_EXECUTION_DATE=2025-09-01T10:15:09.785280+00:00
AIRFLOW_CTX_TRY_NUMBER=2
AIRFLOW_CTX_DAG_RUN_ID=scheduled__2025-09-01T10:15:09.785280+00:00
[2025-09-01 10:52:02,198] {subprocess.py:62} INFO - Tmp dir root location: 
 /tmp
[2025-09-01 10:52:02,199] {subprocess.py:74} INFO - Running command: ['bash', '-c', '\n/home/***/.local/bin/spark-submit   --master local[*]   --conf spark.hadoop.fs.defaultFS=hdfs://namenode:9000   --conf spark.hadoop.dfs.client.use.datanode.hostname=true   --conf spark.sql.adaptive.enabled=false   --packages org.apache.spark:spark-sql-kafka-0-10_2.12:3.3.1   /opt/***/scripts/pyspark/streaming.py']
[2025-09-01 10:52:02,212] {subprocess.py:85} INFO - Output:
[2025-09-01 10:52:02,226] {subprocess.py:92} INFO - /opt/spark-3.3.1-bin-hadoop3/bin/load-spark-env.sh: line 68: ps: command not found
[2025-09-01 10:52:04,413] {subprocess.py:92} INFO - :: loading settings :: url = jar:file:/opt/spark-3.3.1-bin-hadoop3/jars/ivy-2.5.0.jar!/org/apache/ivy/core/settings/ivysettings.xml
[2025-09-01 10:52:04,518] {subprocess.py:92} INFO - Ivy Default Cache set to: /home/***/.ivy2/cache
[2025-09-01 10:52:04,518] {subprocess.py:92} INFO - The jars for the packages stored in: /home/***/.ivy2/jars
[2025-09-01 10:52:04,523] {subprocess.py:92} INFO - org.apache.spark#spark-sql-kafka-0-10_2.12 added as a dependency
[2025-09-01 10:52:04,524] {subprocess.py:92} INFO - :: resolving dependencies :: org.apache.spark#spark-submit-parent-b7b9fb62-022a-47d6-b5c3-324befc08a9f;1.0
[2025-09-01 10:52:04,524] {subprocess.py:92} INFO - 	confs: [default]
[2025-09-01 10:52:04,674] {subprocess.py:92} INFO - 	found org.apache.spark#spark-sql-kafka-0-10_2.12;3.3.1 in spark-list
[2025-09-01 10:52:04,728] {subprocess.py:92} INFO - 	found org.apache.spark#spark-token-provider-kafka-0-10_2.12;3.3.1 in central
[2025-09-01 10:52:04,756] {subprocess.py:92} INFO - 	found org.apache.kafka#kafka-clients;2.8.1 in central
[2025-09-01 10:52:04,781] {subprocess.py:92} INFO - 	found org.lz4#lz4-java;1.8.0 in central
[2025-09-01 10:52:04,802] {subprocess.py:92} INFO - 	found org.xerial.snappy#snappy-java;1.1.8.4 in central
[2025-09-01 10:52:04,819] {subprocess.py:92} INFO - 	found org.slf4j#slf4j-api;1.7.32 in central
[2025-09-01 10:52:04,857] {subprocess.py:92} INFO - 	found org.apache.hadoop#hadoop-client-runtime;3.3.2 in central
[2025-09-01 10:52:04,883] {subprocess.py:92} INFO - 	found org.spark-project.spark#unused;1.0.0 in central
[2025-09-01 10:52:04,926] {subprocess.py:92} INFO - 	found org.apache.hadoop#hadoop-client-api;3.3.2 in central
[2025-09-01 10:52:04,943] {subprocess.py:92} INFO - 	found commons-logging#commons-logging;1.1.3 in central
[2025-09-01 10:52:04,955] {subprocess.py:92} INFO - 	found com.google.code.findbugs#jsr305;3.0.0 in central
[2025-09-01 10:52:04,965] {subprocess.py:92} INFO - 	found org.apache.commons#commons-pool2;2.11.1 in central
[2025-09-01 10:52:04,989] {subprocess.py:92} INFO - :: resolution report :: resolve 452ms :: artifacts dl 12ms
[2025-09-01 10:52:04,989] {subprocess.py:92} INFO - 	:: modules in use:
[2025-09-01 10:52:04,989] {subprocess.py:92} INFO - 	com.google.code.findbugs#jsr305;3.0.0 from central in [default]
[2025-09-01 10:52:04,989] {subprocess.py:92} INFO - 	commons-logging#commons-logging;1.1.3 from central in [default]
[2025-09-01 10:52:04,989] {subprocess.py:92} INFO - 	org.apache.commons#commons-pool2;2.11.1 from central in [default]
[2025-09-01 10:52:04,989] {subprocess.py:92} INFO - 	org.apache.hadoop#hadoop-client-api;3.3.2 from central in [default]
[2025-09-01 10:52:04,990] {subprocess.py:92} INFO - 	org.apache.hadoop#hadoop-client-runtime;3.3.2 from central in [default]
[2025-09-01 10:52:04,990] {subprocess.py:92} INFO - 	org.apache.kafka#kafka-clients;2.8.1 from central in [default]
[2025-09-01 10:52:04,990] {subprocess.py:92} INFO - 	org.apache.spark#spark-sql-kafka-0-10_2.12;3.3.1 from spark-list in [default]
[2025-09-01 10:52:04,990] {subprocess.py:92} INFO - 	org.apache.spark#spark-token-provider-kafka-0-10_2.12;3.3.1 from central in [default]
[2025-09-01 10:52:04,990] {subprocess.py:92} INFO - 	org.lz4#lz4-java;1.8.0 from central in [default]
[2025-09-01 10:52:04,990] {subprocess.py:92} INFO - 	org.slf4j#slf4j-api;1.7.32 from central in [default]
[2025-09-01 10:52:04,990] {subprocess.py:92} INFO - 	org.spark-project.spark#unused;1.0.0 from central in [default]
[2025-09-01 10:52:04,990] {subprocess.py:92} INFO - 	org.xerial.snappy#snappy-java;1.1.8.4 from central in [default]
[2025-09-01 10:52:04,990] {subprocess.py:92} INFO - 	---------------------------------------------------------------------
[2025-09-01 10:52:04,990] {subprocess.py:92} INFO - 	|                  |            modules            ||   artifacts   |
[2025-09-01 10:52:04,990] {subprocess.py:92} INFO - 	|       conf       | number| search|dwnlded|evicted|| number|dwnlded|
[2025-09-01 10:52:04,990] {subprocess.py:92} INFO - 	---------------------------------------------------------------------
[2025-09-01 10:52:04,990] {subprocess.py:92} INFO - 	|      default     |   12  |   0   |   0   |   0   ||   12  |   0   |
[2025-09-01 10:52:04,991] {subprocess.py:92} INFO - 	---------------------------------------------------------------------
[2025-09-01 10:52:05,000] {subprocess.py:92} INFO - :: retrieving :: org.apache.spark#spark-submit-parent-b7b9fb62-022a-47d6-b5c3-324befc08a9f
[2025-09-01 10:52:05,001] {subprocess.py:92} INFO - 	confs: [default]
[2025-09-01 10:52:05,008] {subprocess.py:92} INFO - 	0 artifacts copied, 12 already retrieved (0kB/8ms)
[2025-09-01 10:52:05,201] {subprocess.py:92} INFO - 25/09/01 10:52:05 WARN NativeCodeLoader: Unable to load native-hadoop library for your platform... using builtin-java classes where applicable
[2025-09-01 10:52:06,350] {subprocess.py:92} INFO - 25/09/01 10:52:06 INFO SparkContext: Running Spark version 3.3.1
[2025-09-01 10:52:06,375] {subprocess.py:92} INFO - 25/09/01 10:52:06 INFO ResourceUtils: ==============================================================
[2025-09-01 10:52:06,375] {subprocess.py:92} INFO - 25/09/01 10:52:06 INFO ResourceUtils: No custom resources configured for spark.driver.
[2025-09-01 10:52:06,375] {subprocess.py:92} INFO - 25/09/01 10:52:06 INFO ResourceUtils: ==============================================================
[2025-09-01 10:52:06,376] {subprocess.py:92} INFO - 25/09/01 10:52:06 INFO SparkContext: Submitted application: KafkaToHDFSWeather
[2025-09-01 10:52:06,397] {subprocess.py:92} INFO - 25/09/01 10:52:06 INFO ResourceProfile: Default ResourceProfile created, executor resources: Map(cores -> name: cores, amount: 1, script: , vendor: , memory -> name: memory, amount: 1024, script: , vendor: , offHeap -> name: offHeap, amount: 0, script: , vendor: ), task resources: Map(cpus -> name: cpus, amount: 1.0)
[2025-09-01 10:52:06,409] {subprocess.py:92} INFO - 25/09/01 10:52:06 INFO ResourceProfile: Limiting resource is cpu
[2025-09-01 10:52:06,409] {subprocess.py:92} INFO - 25/09/01 10:52:06 INFO ResourceProfileManager: Added ResourceProfile id: 0
[2025-09-01 10:52:06,472] {subprocess.py:92} INFO - 25/09/01 10:52:06 INFO SecurityManager: Changing view acls to: ***
[2025-09-01 10:52:06,472] {subprocess.py:92} INFO - 25/09/01 10:52:06 INFO SecurityManager: Changing modify acls to: ***
[2025-09-01 10:52:06,472] {subprocess.py:92} INFO - 25/09/01 10:52:06 INFO SecurityManager: Changing view acls groups to:
[2025-09-01 10:52:06,473] {subprocess.py:92} INFO - 25/09/01 10:52:06 INFO SecurityManager: Changing modify acls groups to:
[2025-09-01 10:52:06,473] {subprocess.py:92} INFO - 25/09/01 10:52:06 INFO SecurityManager: SecurityManager: authentication disabled; ui acls disabled; users  with view permissions: Set(***); groups with view permissions: Set(); users  with modify permissions: Set(***); groups with modify permissions: Set()
[2025-09-01 10:52:06,737] {subprocess.py:92} INFO - 25/09/01 10:52:06 INFO Utils: Successfully started service 'sparkDriver' on port 38675.
[2025-09-01 10:52:06,770] {subprocess.py:92} INFO - 25/09/01 10:52:06 INFO SparkEnv: Registering MapOutputTracker
[2025-09-01 10:52:06,806] {subprocess.py:92} INFO - 25/09/01 10:52:06 INFO SparkEnv: Registering BlockManagerMaster
[2025-09-01 10:52:06,823] {subprocess.py:92} INFO - 25/09/01 10:52:06 INFO BlockManagerMasterEndpoint: Using org.apache.spark.storage.DefaultTopologyMapper for getting topology information
[2025-09-01 10:52:06,824] {subprocess.py:92} INFO - 25/09/01 10:52:06 INFO BlockManagerMasterEndpoint: BlockManagerMasterEndpoint up
[2025-09-01 10:52:06,829] {subprocess.py:92} INFO - 25/09/01 10:52:06 INFO SparkEnv: Registering BlockManagerMasterHeartbeat
[2025-09-01 10:52:06,850] {subprocess.py:92} INFO - 25/09/01 10:52:06 INFO DiskBlockManager: Created local directory at /tmp/blockmgr-2c335ecb-b4f0-4d7c-95a2-ba008db7b26c
[2025-09-01 10:52:06,866] {subprocess.py:92} INFO - 25/09/01 10:52:06 INFO MemoryStore: MemoryStore started with capacity 434.4 MiB
[2025-09-01 10:52:06,886] {subprocess.py:92} INFO - 25/09/01 10:52:06 INFO SparkEnv: Registering OutputCommitCoordinator
[2025-09-01 10:52:07,136] {subprocess.py:92} INFO - 25/09/01 10:52:07 WARN Utils: Service 'SparkUI' could not bind on port 4040. Attempting port 4041.
[2025-09-01 10:52:07,137] {subprocess.py:92} INFO - 25/09/01 10:52:07 WARN Utils: Service 'SparkUI' could not bind on port 4041. Attempting port 4042.
[2025-09-01 10:52:07,138] {subprocess.py:92} INFO - 25/09/01 10:52:07 WARN Utils: Service 'SparkUI' could not bind on port 4042. Attempting port 4043.
[2025-09-01 10:52:07,139] {subprocess.py:92} INFO - 25/09/01 10:52:07 WARN Utils: Service 'SparkUI' could not bind on port 4043. Attempting port 4044.
[2025-09-01 10:52:07,159] {subprocess.py:92} INFO - 25/09/01 10:52:07 INFO Utils: Successfully started service 'SparkUI' on port 4044.
[2025-09-01 10:52:07,213] {subprocess.py:92} INFO - 25/09/01 10:52:07 INFO SparkContext: Added JAR file:///home/***/.ivy2/jars/org.apache.spark_spark-sql-kafka-0-10_2.12-3.3.1.jar at spark://e66737cfc193:38675/jars/org.apache.spark_spark-sql-kafka-0-10_2.12-3.3.1.jar with timestamp 1756723926339
[2025-09-01 10:52:07,213] {subprocess.py:92} INFO - 25/09/01 10:52:07 INFO SparkContext: Added JAR file:///home/***/.ivy2/jars/org.apache.spark_spark-token-provider-kafka-0-10_2.12-3.3.1.jar at spark://e66737cfc193:38675/jars/org.apache.spark_spark-token-provider-kafka-0-10_2.12-3.3.1.jar with timestamp 1756723926339
[2025-09-01 10:52:07,213] {subprocess.py:92} INFO - 25/09/01 10:52:07 INFO SparkContext: Added JAR file:///home/***/.ivy2/jars/org.apache.kafka_kafka-clients-2.8.1.jar at spark://e66737cfc193:38675/jars/org.apache.kafka_kafka-clients-2.8.1.jar with timestamp 1756723926339
[2025-09-01 10:52:07,213] {subprocess.py:92} INFO - 25/09/01 10:52:07 INFO SparkContext: Added JAR file:///home/***/.ivy2/jars/com.google.code.findbugs_jsr305-3.0.0.jar at spark://e66737cfc193:38675/jars/com.google.code.findbugs_jsr305-3.0.0.jar with timestamp 1756723926339
[2025-09-01 10:52:07,213] {subprocess.py:92} INFO - 25/09/01 10:52:07 INFO SparkContext: Added JAR file:///home/***/.ivy2/jars/org.apache.commons_commons-pool2-2.11.1.jar at spark://e66737cfc193:38675/jars/org.apache.commons_commons-pool2-2.11.1.jar with timestamp 1756723926339
[2025-09-01 10:52:07,214] {subprocess.py:92} INFO - 25/09/01 10:52:07 INFO SparkContext: Added JAR file:///home/***/.ivy2/jars/org.spark-project.spark_unused-1.0.0.jar at spark://e66737cfc193:38675/jars/org.spark-project.spark_unused-1.0.0.jar with timestamp 1756723926339
[2025-09-01 10:52:07,214] {subprocess.py:92} INFO - 25/09/01 10:52:07 INFO SparkContext: Added JAR file:///home/***/.ivy2/jars/org.apache.hadoop_hadoop-client-runtime-3.3.2.jar at spark://e66737cfc193:38675/jars/org.apache.hadoop_hadoop-client-runtime-3.3.2.jar with timestamp 1756723926339
[2025-09-01 10:52:07,214] {subprocess.py:92} INFO - 25/09/01 10:52:07 INFO SparkContext: Added JAR file:///home/***/.ivy2/jars/org.lz4_lz4-java-1.8.0.jar at spark://e66737cfc193:38675/jars/org.lz4_lz4-java-1.8.0.jar with timestamp 1756723926339
[2025-09-01 10:52:07,214] {subprocess.py:92} INFO - 25/09/01 10:52:07 INFO SparkContext: Added JAR file:///home/***/.ivy2/jars/org.xerial.snappy_snappy-java-1.1.8.4.jar at spark://e66737cfc193:38675/jars/org.xerial.snappy_snappy-java-1.1.8.4.jar with timestamp 1756723926339
[2025-09-01 10:52:07,214] {subprocess.py:92} INFO - 25/09/01 10:52:07 INFO SparkContext: Added JAR file:///home/***/.ivy2/jars/org.slf4j_slf4j-api-1.7.32.jar at spark://e66737cfc193:38675/jars/org.slf4j_slf4j-api-1.7.32.jar with timestamp 1756723926339
[2025-09-01 10:52:07,214] {subprocess.py:92} INFO - 25/09/01 10:52:07 INFO SparkContext: Added JAR file:///home/***/.ivy2/jars/org.apache.hadoop_hadoop-client-api-3.3.2.jar at spark://e66737cfc193:38675/jars/org.apache.hadoop_hadoop-client-api-3.3.2.jar with timestamp 1756723926339
[2025-09-01 10:52:07,214] {subprocess.py:92} INFO - 25/09/01 10:52:07 INFO SparkContext: Added JAR file:///home/***/.ivy2/jars/commons-logging_commons-logging-1.1.3.jar at spark://e66737cfc193:38675/jars/commons-logging_commons-logging-1.1.3.jar with timestamp 1756723926339
[2025-09-01 10:52:07,217] {subprocess.py:92} INFO - 25/09/01 10:52:07 INFO SparkContext: Added file file:///home/***/.ivy2/jars/org.apache.spark_spark-sql-kafka-0-10_2.12-3.3.1.jar at file:///home/***/.ivy2/jars/org.apache.spark_spark-sql-kafka-0-10_2.12-3.3.1.jar with timestamp 1756723926339
[2025-09-01 10:52:07,219] {subprocess.py:92} INFO - 25/09/01 10:52:07 INFO Utils: Copying /home/***/.ivy2/jars/org.apache.spark_spark-sql-kafka-0-10_2.12-3.3.1.jar to /tmp/spark-a6d2faf6-e80a-4d42-be1f-84473219b79b/userFiles-7ae22bd4-54f5-4400-a99e-779768e94375/org.apache.spark_spark-sql-kafka-0-10_2.12-3.3.1.jar
[2025-09-01 10:52:07,230] {subprocess.py:92} INFO - 25/09/01 10:52:07 INFO SparkContext: Added file file:///home/***/.ivy2/jars/org.apache.spark_spark-token-provider-kafka-0-10_2.12-3.3.1.jar at file:///home/***/.ivy2/jars/org.apache.spark_spark-token-provider-kafka-0-10_2.12-3.3.1.jar with timestamp 1756723926339
[2025-09-01 10:52:07,230] {subprocess.py:92} INFO - 25/09/01 10:52:07 INFO Utils: Copying /home/***/.ivy2/jars/org.apache.spark_spark-token-provider-kafka-0-10_2.12-3.3.1.jar to /tmp/spark-a6d2faf6-e80a-4d42-be1f-84473219b79b/userFiles-7ae22bd4-54f5-4400-a99e-779768e94375/org.apache.spark_spark-token-provider-kafka-0-10_2.12-3.3.1.jar
[2025-09-01 10:52:07,239] {subprocess.py:92} INFO - 25/09/01 10:52:07 INFO SparkContext: Added file file:///home/***/.ivy2/jars/org.apache.kafka_kafka-clients-2.8.1.jar at file:///home/***/.ivy2/jars/org.apache.kafka_kafka-clients-2.8.1.jar with timestamp 1756723926339
[2025-09-01 10:52:07,240] {subprocess.py:92} INFO - 25/09/01 10:52:07 INFO Utils: Copying /home/***/.ivy2/jars/org.apache.kafka_kafka-clients-2.8.1.jar to /tmp/spark-a6d2faf6-e80a-4d42-be1f-84473219b79b/userFiles-7ae22bd4-54f5-4400-a99e-779768e94375/org.apache.kafka_kafka-clients-2.8.1.jar
[2025-09-01 10:52:07,253] {subprocess.py:92} INFO - 25/09/01 10:52:07 INFO SparkContext: Added file file:///home/***/.ivy2/jars/com.google.code.findbugs_jsr305-3.0.0.jar at file:///home/***/.ivy2/jars/com.google.code.findbugs_jsr305-3.0.0.jar with timestamp 1756723926339
[2025-09-01 10:52:07,253] {subprocess.py:92} INFO - 25/09/01 10:52:07 INFO Utils: Copying /home/***/.ivy2/jars/com.google.code.findbugs_jsr305-3.0.0.jar to /tmp/spark-a6d2faf6-e80a-4d42-be1f-84473219b79b/userFiles-7ae22bd4-54f5-4400-a99e-779768e94375/com.google.code.findbugs_jsr305-3.0.0.jar
[2025-09-01 10:52:07,261] {subprocess.py:92} INFO - 25/09/01 10:52:07 INFO SparkContext: Added file file:///home/***/.ivy2/jars/org.apache.commons_commons-pool2-2.11.1.jar at file:///home/***/.ivy2/jars/org.apache.commons_commons-pool2-2.11.1.jar with timestamp 1756723926339
[2025-09-01 10:52:07,261] {subprocess.py:92} INFO - 25/09/01 10:52:07 INFO Utils: Copying /home/***/.ivy2/jars/org.apache.commons_commons-pool2-2.11.1.jar to /tmp/spark-a6d2faf6-e80a-4d42-be1f-84473219b79b/userFiles-7ae22bd4-54f5-4400-a99e-779768e94375/org.apache.commons_commons-pool2-2.11.1.jar
[2025-09-01 10:52:07,269] {subprocess.py:92} INFO - 25/09/01 10:52:07 INFO SparkContext: Added file file:///home/***/.ivy2/jars/org.spark-project.spark_unused-1.0.0.jar at file:///home/***/.ivy2/jars/org.spark-project.spark_unused-1.0.0.jar with timestamp 1756723926339
[2025-09-01 10:52:07,269] {subprocess.py:92} INFO - 25/09/01 10:52:07 INFO Utils: Copying /home/***/.ivy2/jars/org.spark-project.spark_unused-1.0.0.jar to /tmp/spark-a6d2faf6-e80a-4d42-be1f-84473219b79b/userFiles-7ae22bd4-54f5-4400-a99e-779768e94375/org.spark-project.spark_unused-1.0.0.jar
[2025-09-01 10:52:07,277] {subprocess.py:92} INFO - 25/09/01 10:52:07 INFO SparkContext: Added file file:///home/***/.ivy2/jars/org.apache.hadoop_hadoop-client-runtime-3.3.2.jar at file:///home/***/.ivy2/jars/org.apache.hadoop_hadoop-client-runtime-3.3.2.jar with timestamp 1756723926339
[2025-09-01 10:52:07,277] {subprocess.py:92} INFO - 25/09/01 10:52:07 INFO Utils: Copying /home/***/.ivy2/jars/org.apache.hadoop_hadoop-client-runtime-3.3.2.jar to /tmp/spark-a6d2faf6-e80a-4d42-be1f-84473219b79b/userFiles-7ae22bd4-54f5-4400-a99e-779768e94375/org.apache.hadoop_hadoop-client-runtime-3.3.2.jar
[2025-09-01 10:52:07,324] {subprocess.py:92} INFO - 25/09/01 10:52:07 INFO SparkContext: Added file file:///home/***/.ivy2/jars/org.lz4_lz4-java-1.8.0.jar at file:///home/***/.ivy2/jars/org.lz4_lz4-java-1.8.0.jar with timestamp 1756723926339
[2025-09-01 10:52:07,325] {subprocess.py:92} INFO - 25/09/01 10:52:07 INFO Utils: Copying /home/***/.ivy2/jars/org.lz4_lz4-java-1.8.0.jar to /tmp/spark-a6d2faf6-e80a-4d42-be1f-84473219b79b/userFiles-7ae22bd4-54f5-4400-a99e-779768e94375/org.lz4_lz4-java-1.8.0.jar
[2025-09-01 10:52:07,331] {subprocess.py:92} INFO - 25/09/01 10:52:07 INFO SparkContext: Added file file:///home/***/.ivy2/jars/org.xerial.snappy_snappy-java-1.1.8.4.jar at file:///home/***/.ivy2/jars/org.xerial.snappy_snappy-java-1.1.8.4.jar with timestamp 1756723926339
[2025-09-01 10:52:07,331] {subprocess.py:92} INFO - 25/09/01 10:52:07 INFO Utils: Copying /home/***/.ivy2/jars/org.xerial.snappy_snappy-java-1.1.8.4.jar to /tmp/spark-a6d2faf6-e80a-4d42-be1f-84473219b79b/userFiles-7ae22bd4-54f5-4400-a99e-779768e94375/org.xerial.snappy_snappy-java-1.1.8.4.jar
[2025-09-01 10:52:07,338] {subprocess.py:92} INFO - 25/09/01 10:52:07 INFO SparkContext: Added file file:///home/***/.ivy2/jars/org.slf4j_slf4j-api-1.7.32.jar at file:///home/***/.ivy2/jars/org.slf4j_slf4j-api-1.7.32.jar with timestamp 1756723926339
[2025-09-01 10:52:07,338] {subprocess.py:92} INFO - 25/09/01 10:52:07 INFO Utils: Copying /home/***/.ivy2/jars/org.slf4j_slf4j-api-1.7.32.jar to /tmp/spark-a6d2faf6-e80a-4d42-be1f-84473219b79b/userFiles-7ae22bd4-54f5-4400-a99e-779768e94375/org.slf4j_slf4j-api-1.7.32.jar
[2025-09-01 10:52:07,344] {subprocess.py:92} INFO - 25/09/01 10:52:07 INFO SparkContext: Added file file:///home/***/.ivy2/jars/org.apache.hadoop_hadoop-client-api-3.3.2.jar at file:///home/***/.ivy2/jars/org.apache.hadoop_hadoop-client-api-3.3.2.jar with timestamp 1756723926339
[2025-09-01 10:52:07,344] {subprocess.py:92} INFO - 25/09/01 10:52:07 INFO Utils: Copying /home/***/.ivy2/jars/org.apache.hadoop_hadoop-client-api-3.3.2.jar to /tmp/spark-a6d2faf6-e80a-4d42-be1f-84473219b79b/userFiles-7ae22bd4-54f5-4400-a99e-779768e94375/org.apache.hadoop_hadoop-client-api-3.3.2.jar
[2025-09-01 10:52:07,367] {subprocess.py:92} INFO - 25/09/01 10:52:07 INFO SparkContext: Added file file:///home/***/.ivy2/jars/commons-logging_commons-logging-1.1.3.jar at file:///home/***/.ivy2/jars/commons-logging_commons-logging-1.1.3.jar with timestamp 1756723926339
[2025-09-01 10:52:07,367] {subprocess.py:92} INFO - 25/09/01 10:52:07 INFO Utils: Copying /home/***/.ivy2/jars/commons-logging_commons-logging-1.1.3.jar to /tmp/spark-a6d2faf6-e80a-4d42-be1f-84473219b79b/userFiles-7ae22bd4-54f5-4400-a99e-779768e94375/commons-logging_commons-logging-1.1.3.jar
[2025-09-01 10:52:07,462] {subprocess.py:92} INFO - 25/09/01 10:52:07 INFO Executor: Starting executor ID driver on host e66737cfc193
[2025-09-01 10:52:07,472] {subprocess.py:92} INFO - 25/09/01 10:52:07 INFO Executor: Starting executor with user classpath (userClassPathFirst = false): ''
[2025-09-01 10:52:07,488] {subprocess.py:92} INFO - 25/09/01 10:52:07 INFO Executor: Fetching file:///home/***/.ivy2/jars/commons-logging_commons-logging-1.1.3.jar with timestamp 1756723926339
[2025-09-01 10:52:07,524] {subprocess.py:92} INFO - 25/09/01 10:52:07 INFO Utils: /home/***/.ivy2/jars/commons-logging_commons-logging-1.1.3.jar has been previously copied to /tmp/spark-a6d2faf6-e80a-4d42-be1f-84473219b79b/userFiles-7ae22bd4-54f5-4400-a99e-779768e94375/commons-logging_commons-logging-1.1.3.jar
[2025-09-01 10:52:07,530] {subprocess.py:92} INFO - 25/09/01 10:52:07 INFO Executor: Fetching file:///home/***/.ivy2/jars/org.spark-project.spark_unused-1.0.0.jar with timestamp 1756723926339
[2025-09-01 10:52:07,531] {subprocess.py:92} INFO - 25/09/01 10:52:07 INFO Utils: /home/***/.ivy2/jars/org.spark-project.spark_unused-1.0.0.jar has been previously copied to /tmp/spark-a6d2faf6-e80a-4d42-be1f-84473219b79b/userFiles-7ae22bd4-54f5-4400-a99e-779768e94375/org.spark-project.spark_unused-1.0.0.jar
[2025-09-01 10:52:07,537] {subprocess.py:92} INFO - 25/09/01 10:52:07 INFO Executor: Fetching file:///home/***/.ivy2/jars/org.apache.spark_spark-sql-kafka-0-10_2.12-3.3.1.jar with timestamp 1756723926339
[2025-09-01 10:52:07,542] {subprocess.py:92} INFO - 25/09/01 10:52:07 INFO Utils: /home/***/.ivy2/jars/org.apache.spark_spark-sql-kafka-0-10_2.12-3.3.1.jar has been previously copied to /tmp/spark-a6d2faf6-e80a-4d42-be1f-84473219b79b/userFiles-7ae22bd4-54f5-4400-a99e-779768e94375/org.apache.spark_spark-sql-kafka-0-10_2.12-3.3.1.jar
[2025-09-01 10:52:07,549] {subprocess.py:92} INFO - 25/09/01 10:52:07 INFO Executor: Fetching file:///home/***/.ivy2/jars/org.apache.hadoop_hadoop-client-api-3.3.2.jar with timestamp 1756723926339
[2025-09-01 10:52:07,566] {subprocess.py:92} INFO - 25/09/01 10:52:07 INFO Utils: /home/***/.ivy2/jars/org.apache.hadoop_hadoop-client-api-3.3.2.jar has been previously copied to /tmp/spark-a6d2faf6-e80a-4d42-be1f-84473219b79b/userFiles-7ae22bd4-54f5-4400-a99e-779768e94375/org.apache.hadoop_hadoop-client-api-3.3.2.jar
[2025-09-01 10:52:07,572] {subprocess.py:92} INFO - 25/09/01 10:52:07 INFO Executor: Fetching file:///home/***/.ivy2/jars/org.apache.hadoop_hadoop-client-runtime-3.3.2.jar with timestamp 1756723926339
[2025-09-01 10:52:07,599] {subprocess.py:92} INFO - 25/09/01 10:52:07 INFO Utils: /home/***/.ivy2/jars/org.apache.hadoop_hadoop-client-runtime-3.3.2.jar has been previously copied to /tmp/spark-a6d2faf6-e80a-4d42-be1f-84473219b79b/userFiles-7ae22bd4-54f5-4400-a99e-779768e94375/org.apache.hadoop_hadoop-client-runtime-3.3.2.jar
[2025-09-01 10:52:07,605] {subprocess.py:92} INFO - 25/09/01 10:52:07 INFO Executor: Fetching file:///home/***/.ivy2/jars/org.slf4j_slf4j-api-1.7.32.jar with timestamp 1756723926339
[2025-09-01 10:52:07,606] {subprocess.py:92} INFO - 25/09/01 10:52:07 INFO Utils: /home/***/.ivy2/jars/org.slf4j_slf4j-api-1.7.32.jar has been previously copied to /tmp/spark-a6d2faf6-e80a-4d42-be1f-84473219b79b/userFiles-7ae22bd4-54f5-4400-a99e-779768e94375/org.slf4j_slf4j-api-1.7.32.jar
[2025-09-01 10:52:07,612] {subprocess.py:92} INFO - 25/09/01 10:52:07 INFO Executor: Fetching file:///home/***/.ivy2/jars/org.lz4_lz4-java-1.8.0.jar with timestamp 1756723926339
[2025-09-01 10:52:07,613] {subprocess.py:92} INFO - 25/09/01 10:52:07 INFO Utils: /home/***/.ivy2/jars/org.lz4_lz4-java-1.8.0.jar has been previously copied to /tmp/spark-a6d2faf6-e80a-4d42-be1f-84473219b79b/userFiles-7ae22bd4-54f5-4400-a99e-779768e94375/org.lz4_lz4-java-1.8.0.jar
[2025-09-01 10:52:07,621] {subprocess.py:92} INFO - 25/09/01 10:52:07 INFO Executor: Fetching file:///home/***/.ivy2/jars/org.apache.commons_commons-pool2-2.11.1.jar with timestamp 1756723926339
[2025-09-01 10:52:07,621] {subprocess.py:92} INFO - 25/09/01 10:52:07 INFO Utils: /home/***/.ivy2/jars/org.apache.commons_commons-pool2-2.11.1.jar has been previously copied to /tmp/spark-a6d2faf6-e80a-4d42-be1f-84473219b79b/userFiles-7ae22bd4-54f5-4400-a99e-779768e94375/org.apache.commons_commons-pool2-2.11.1.jar
[2025-09-01 10:52:07,627] {subprocess.py:92} INFO - 25/09/01 10:52:07 INFO Executor: Fetching file:///home/***/.ivy2/jars/com.google.code.findbugs_jsr305-3.0.0.jar with timestamp 1756723926339
[2025-09-01 10:52:07,628] {subprocess.py:92} INFO - 25/09/01 10:52:07 INFO Utils: /home/***/.ivy2/jars/com.google.code.findbugs_jsr305-3.0.0.jar has been previously copied to /tmp/spark-a6d2faf6-e80a-4d42-be1f-84473219b79b/userFiles-7ae22bd4-54f5-4400-a99e-779768e94375/com.google.code.findbugs_jsr305-3.0.0.jar
[2025-09-01 10:52:07,633] {subprocess.py:92} INFO - 25/09/01 10:52:07 INFO Executor: Fetching file:///home/***/.ivy2/jars/org.apache.spark_spark-token-provider-kafka-0-10_2.12-3.3.1.jar with timestamp 1756723926339
[2025-09-01 10:52:07,634] {subprocess.py:92} INFO - 25/09/01 10:52:07 INFO Utils: /home/***/.ivy2/jars/org.apache.spark_spark-token-provider-kafka-0-10_2.12-3.3.1.jar has been previously copied to /tmp/spark-a6d2faf6-e80a-4d42-be1f-84473219b79b/userFiles-7ae22bd4-54f5-4400-a99e-779768e94375/org.apache.spark_spark-token-provider-kafka-0-10_2.12-3.3.1.jar
[2025-09-01 10:52:07,639] {subprocess.py:92} INFO - 25/09/01 10:52:07 INFO Executor: Fetching file:///home/***/.ivy2/jars/org.apache.kafka_kafka-clients-2.8.1.jar with timestamp 1756723926339
[2025-09-01 10:52:07,643] {subprocess.py:92} INFO - 25/09/01 10:52:07 INFO Utils: /home/***/.ivy2/jars/org.apache.kafka_kafka-clients-2.8.1.jar has been previously copied to /tmp/spark-a6d2faf6-e80a-4d42-be1f-84473219b79b/userFiles-7ae22bd4-54f5-4400-a99e-779768e94375/org.apache.kafka_kafka-clients-2.8.1.jar
[2025-09-01 10:52:07,649] {subprocess.py:92} INFO - 25/09/01 10:52:07 INFO Executor: Fetching file:///home/***/.ivy2/jars/org.xerial.snappy_snappy-java-1.1.8.4.jar with timestamp 1756723926339
[2025-09-01 10:52:07,651] {subprocess.py:92} INFO - 25/09/01 10:52:07 INFO Utils: /home/***/.ivy2/jars/org.xerial.snappy_snappy-java-1.1.8.4.jar has been previously copied to /tmp/spark-a6d2faf6-e80a-4d42-be1f-84473219b79b/userFiles-7ae22bd4-54f5-4400-a99e-779768e94375/org.xerial.snappy_snappy-java-1.1.8.4.jar
[2025-09-01 10:52:07,659] {subprocess.py:92} INFO - 25/09/01 10:52:07 INFO Executor: Fetching spark://e66737cfc193:38675/jars/commons-logging_commons-logging-1.1.3.jar with timestamp 1756723926339
[2025-09-01 10:52:07,708] {subprocess.py:92} INFO - 25/09/01 10:52:07 INFO TransportClientFactory: Successfully created connection to e66737cfc193/172.20.0.18:38675 after 38 ms (0 ms spent in bootstraps)
[2025-09-01 10:52:07,714] {subprocess.py:92} INFO - 25/09/01 10:52:07 INFO Utils: Fetching spark://e66737cfc193:38675/jars/commons-logging_commons-logging-1.1.3.jar to /tmp/spark-a6d2faf6-e80a-4d42-be1f-84473219b79b/userFiles-7ae22bd4-54f5-4400-a99e-779768e94375/fetchFileTemp6831870891366226096.tmp
[2025-09-01 10:52:07,771] {subprocess.py:92} INFO - 25/09/01 10:52:07 INFO Utils: /tmp/spark-a6d2faf6-e80a-4d42-be1f-84473219b79b/userFiles-7ae22bd4-54f5-4400-a99e-779768e94375/fetchFileTemp6831870891366226096.tmp has been previously copied to /tmp/spark-a6d2faf6-e80a-4d42-be1f-84473219b79b/userFiles-7ae22bd4-54f5-4400-a99e-779768e94375/commons-logging_commons-logging-1.1.3.jar
[2025-09-01 10:52:07,779] {subprocess.py:92} INFO - 25/09/01 10:52:07 INFO Executor: Adding file:/tmp/spark-a6d2faf6-e80a-4d42-be1f-84473219b79b/userFiles-7ae22bd4-54f5-4400-a99e-779768e94375/commons-logging_commons-logging-1.1.3.jar to class loader
[2025-09-01 10:52:07,779] {subprocess.py:92} INFO - 25/09/01 10:52:07 INFO Executor: Fetching spark://e66737cfc193:38675/jars/org.slf4j_slf4j-api-1.7.32.jar with timestamp 1756723926339
[2025-09-01 10:52:07,781] {subprocess.py:92} INFO - 25/09/01 10:52:07 INFO Utils: Fetching spark://e66737cfc193:38675/jars/org.slf4j_slf4j-api-1.7.32.jar to /tmp/spark-a6d2faf6-e80a-4d42-be1f-84473219b79b/userFiles-7ae22bd4-54f5-4400-a99e-779768e94375/fetchFileTemp2980862255111589992.tmp
[2025-09-01 10:52:07,784] {subprocess.py:92} INFO - 25/09/01 10:52:07 INFO Utils: /tmp/spark-a6d2faf6-e80a-4d42-be1f-84473219b79b/userFiles-7ae22bd4-54f5-4400-a99e-779768e94375/fetchFileTemp2980862255111589992.tmp has been previously copied to /tmp/spark-a6d2faf6-e80a-4d42-be1f-84473219b79b/userFiles-7ae22bd4-54f5-4400-a99e-779768e94375/org.slf4j_slf4j-api-1.7.32.jar
[2025-09-01 10:52:07,790] {subprocess.py:92} INFO - 25/09/01 10:52:07 INFO Executor: Adding file:/tmp/spark-a6d2faf6-e80a-4d42-be1f-84473219b79b/userFiles-7ae22bd4-54f5-4400-a99e-779768e94375/org.slf4j_slf4j-api-1.7.32.jar to class loader
[2025-09-01 10:52:07,791] {subprocess.py:92} INFO - 25/09/01 10:52:07 INFO Executor: Fetching spark://e66737cfc193:38675/jars/org.apache.spark_spark-token-provider-kafka-0-10_2.12-3.3.1.jar with timestamp 1756723926339
[2025-09-01 10:52:07,791] {subprocess.py:92} INFO - 25/09/01 10:52:07 INFO Utils: Fetching spark://e66737cfc193:38675/jars/org.apache.spark_spark-token-provider-kafka-0-10_2.12-3.3.1.jar to /tmp/spark-a6d2faf6-e80a-4d42-be1f-84473219b79b/userFiles-7ae22bd4-54f5-4400-a99e-779768e94375/fetchFileTemp4495361727197123513.tmp
[2025-09-01 10:52:07,795] {subprocess.py:92} INFO - 25/09/01 10:52:07 INFO Utils: /tmp/spark-a6d2faf6-e80a-4d42-be1f-84473219b79b/userFiles-7ae22bd4-54f5-4400-a99e-779768e94375/fetchFileTemp4495361727197123513.tmp has been previously copied to /tmp/spark-a6d2faf6-e80a-4d42-be1f-84473219b79b/userFiles-7ae22bd4-54f5-4400-a99e-779768e94375/org.apache.spark_spark-token-provider-kafka-0-10_2.12-3.3.1.jar
[2025-09-01 10:52:07,801] {subprocess.py:92} INFO - 25/09/01 10:52:07 INFO Executor: Adding file:/tmp/spark-a6d2faf6-e80a-4d42-be1f-84473219b79b/userFiles-7ae22bd4-54f5-4400-a99e-779768e94375/org.apache.spark_spark-token-provider-kafka-0-10_2.12-3.3.1.jar to class loader
[2025-09-01 10:52:07,801] {subprocess.py:92} INFO - 25/09/01 10:52:07 INFO Executor: Fetching spark://e66737cfc193:38675/jars/org.apache.hadoop_hadoop-client-runtime-3.3.2.jar with timestamp 1756723926339
[2025-09-01 10:52:07,801] {subprocess.py:92} INFO - 25/09/01 10:52:07 INFO Utils: Fetching spark://e66737cfc193:38675/jars/org.apache.hadoop_hadoop-client-runtime-3.3.2.jar to /tmp/spark-a6d2faf6-e80a-4d42-be1f-84473219b79b/userFiles-7ae22bd4-54f5-4400-a99e-779768e94375/fetchFileTemp18069298130142565281.tmp
[2025-09-01 10:52:07,922] {subprocess.py:92} INFO - 25/09/01 10:52:07 INFO Utils: /tmp/spark-a6d2faf6-e80a-4d42-be1f-84473219b79b/userFiles-7ae22bd4-54f5-4400-a99e-779768e94375/fetchFileTemp18069298130142565281.tmp has been previously copied to /tmp/spark-a6d2faf6-e80a-4d42-be1f-84473219b79b/userFiles-7ae22bd4-54f5-4400-a99e-779768e94375/org.apache.hadoop_hadoop-client-runtime-3.3.2.jar
[2025-09-01 10:52:07,935] {subprocess.py:92} INFO - 25/09/01 10:52:07 INFO Executor: Adding file:/tmp/spark-a6d2faf6-e80a-4d42-be1f-84473219b79b/userFiles-7ae22bd4-54f5-4400-a99e-779768e94375/org.apache.hadoop_hadoop-client-runtime-3.3.2.jar to class loader
[2025-09-01 10:52:07,935] {subprocess.py:92} INFO - 25/09/01 10:52:07 INFO Executor: Fetching spark://e66737cfc193:38675/jars/org.apache.spark_spark-sql-kafka-0-10_2.12-3.3.1.jar with timestamp 1756723926339
[2025-09-01 10:52:07,936] {subprocess.py:92} INFO - 25/09/01 10:52:07 INFO Utils: Fetching spark://e66737cfc193:38675/jars/org.apache.spark_spark-sql-kafka-0-10_2.12-3.3.1.jar to /tmp/spark-a6d2faf6-e80a-4d42-be1f-84473219b79b/userFiles-7ae22bd4-54f5-4400-a99e-779768e94375/fetchFileTemp10384775800495488364.tmp
[2025-09-01 10:52:07,942] {subprocess.py:92} INFO - 25/09/01 10:52:07 INFO Utils: /tmp/spark-a6d2faf6-e80a-4d42-be1f-84473219b79b/userFiles-7ae22bd4-54f5-4400-a99e-779768e94375/fetchFileTemp10384775800495488364.tmp has been previously copied to /tmp/spark-a6d2faf6-e80a-4d42-be1f-84473219b79b/userFiles-7ae22bd4-54f5-4400-a99e-779768e94375/org.apache.spark_spark-sql-kafka-0-10_2.12-3.3.1.jar
[2025-09-01 10:52:07,949] {subprocess.py:92} INFO - 25/09/01 10:52:07 INFO Executor: Adding file:/tmp/spark-a6d2faf6-e80a-4d42-be1f-84473219b79b/userFiles-7ae22bd4-54f5-4400-a99e-779768e94375/org.apache.spark_spark-sql-kafka-0-10_2.12-3.3.1.jar to class loader
[2025-09-01 10:52:07,949] {subprocess.py:92} INFO - 25/09/01 10:52:07 INFO Executor: Fetching spark://e66737cfc193:38675/jars/org.spark-project.spark_unused-1.0.0.jar with timestamp 1756723926339
[2025-09-01 10:52:07,950] {subprocess.py:92} INFO - 25/09/01 10:52:07 INFO Utils: Fetching spark://e66737cfc193:38675/jars/org.spark-project.spark_unused-1.0.0.jar to /tmp/spark-a6d2faf6-e80a-4d42-be1f-84473219b79b/userFiles-7ae22bd4-54f5-4400-a99e-779768e94375/fetchFileTemp18137372630553579070.tmp
[2025-09-01 10:52:07,953] {subprocess.py:92} INFO - 25/09/01 10:52:07 INFO Utils: /tmp/spark-a6d2faf6-e80a-4d42-be1f-84473219b79b/userFiles-7ae22bd4-54f5-4400-a99e-779768e94375/fetchFileTemp18137372630553579070.tmp has been previously copied to /tmp/spark-a6d2faf6-e80a-4d42-be1f-84473219b79b/userFiles-7ae22bd4-54f5-4400-a99e-779768e94375/org.spark-project.spark_unused-1.0.0.jar
[2025-09-01 10:52:07,958] {subprocess.py:92} INFO - 25/09/01 10:52:07 INFO Executor: Adding file:/tmp/spark-a6d2faf6-e80a-4d42-be1f-84473219b79b/userFiles-7ae22bd4-54f5-4400-a99e-779768e94375/org.spark-project.spark_unused-1.0.0.jar to class loader
[2025-09-01 10:52:07,959] {subprocess.py:92} INFO - 25/09/01 10:52:07 INFO Executor: Fetching spark://e66737cfc193:38675/jars/org.apache.hadoop_hadoop-client-api-3.3.2.jar with timestamp 1756723926339
[2025-09-01 10:52:07,960] {subprocess.py:92} INFO - 25/09/01 10:52:07 INFO Utils: Fetching spark://e66737cfc193:38675/jars/org.apache.hadoop_hadoop-client-api-3.3.2.jar to /tmp/spark-a6d2faf6-e80a-4d42-be1f-84473219b79b/userFiles-7ae22bd4-54f5-4400-a99e-779768e94375/fetchFileTemp10932622203200874360.tmp
[2025-09-01 10:52:08,050] {subprocess.py:92} INFO - 25/09/01 10:52:08 INFO Utils: /tmp/spark-a6d2faf6-e80a-4d42-be1f-84473219b79b/userFiles-7ae22bd4-54f5-4400-a99e-779768e94375/fetchFileTemp10932622203200874360.tmp has been previously copied to /tmp/spark-a6d2faf6-e80a-4d42-be1f-84473219b79b/userFiles-7ae22bd4-54f5-4400-a99e-779768e94375/org.apache.hadoop_hadoop-client-api-3.3.2.jar
[2025-09-01 10:52:08,058] {subprocess.py:92} INFO - 25/09/01 10:52:08 INFO Executor: Adding file:/tmp/spark-a6d2faf6-e80a-4d42-be1f-84473219b79b/userFiles-7ae22bd4-54f5-4400-a99e-779768e94375/org.apache.hadoop_hadoop-client-api-3.3.2.jar to class loader
[2025-09-01 10:52:08,058] {subprocess.py:92} INFO - 25/09/01 10:52:08 INFO Executor: Fetching spark://e66737cfc193:38675/jars/com.google.code.findbugs_jsr305-3.0.0.jar with timestamp 1756723926339
[2025-09-01 10:52:08,059] {subprocess.py:92} INFO - 25/09/01 10:52:08 INFO Utils: Fetching spark://e66737cfc193:38675/jars/com.google.code.findbugs_jsr305-3.0.0.jar to /tmp/spark-a6d2faf6-e80a-4d42-be1f-84473219b79b/userFiles-7ae22bd4-54f5-4400-a99e-779768e94375/fetchFileTemp15230017564520617200.tmp
[2025-09-01 10:52:08,061] {subprocess.py:92} INFO - 25/09/01 10:52:08 INFO Utils: /tmp/spark-a6d2faf6-e80a-4d42-be1f-84473219b79b/userFiles-7ae22bd4-54f5-4400-a99e-779768e94375/fetchFileTemp15230017564520617200.tmp has been previously copied to /tmp/spark-a6d2faf6-e80a-4d42-be1f-84473219b79b/userFiles-7ae22bd4-54f5-4400-a99e-779768e94375/com.google.code.findbugs_jsr305-3.0.0.jar
[2025-09-01 10:52:08,066] {subprocess.py:92} INFO - 25/09/01 10:52:08 INFO Executor: Adding file:/tmp/spark-a6d2faf6-e80a-4d42-be1f-84473219b79b/userFiles-7ae22bd4-54f5-4400-a99e-779768e94375/com.google.code.findbugs_jsr305-3.0.0.jar to class loader
[2025-09-01 10:52:08,066] {subprocess.py:92} INFO - 25/09/01 10:52:08 INFO Executor: Fetching spark://e66737cfc193:38675/jars/org.lz4_lz4-java-1.8.0.jar with timestamp 1756723926339
[2025-09-01 10:52:08,067] {subprocess.py:92} INFO - 25/09/01 10:52:08 INFO Utils: Fetching spark://e66737cfc193:38675/jars/org.lz4_lz4-java-1.8.0.jar to /tmp/spark-a6d2faf6-e80a-4d42-be1f-84473219b79b/userFiles-7ae22bd4-54f5-4400-a99e-779768e94375/fetchFileTemp17225271908964587123.tmp
[2025-09-01 10:52:08,071] {subprocess.py:92} INFO - 25/09/01 10:52:08 INFO Utils: /tmp/spark-a6d2faf6-e80a-4d42-be1f-84473219b79b/userFiles-7ae22bd4-54f5-4400-a99e-779768e94375/fetchFileTemp17225271908964587123.tmp has been previously copied to /tmp/spark-a6d2faf6-e80a-4d42-be1f-84473219b79b/userFiles-7ae22bd4-54f5-4400-a99e-779768e94375/org.lz4_lz4-java-1.8.0.jar
[2025-09-01 10:52:08,076] {subprocess.py:92} INFO - 25/09/01 10:52:08 INFO Executor: Adding file:/tmp/spark-a6d2faf6-e80a-4d42-be1f-84473219b79b/userFiles-7ae22bd4-54f5-4400-a99e-779768e94375/org.lz4_lz4-java-1.8.0.jar to class loader
[2025-09-01 10:52:08,077] {subprocess.py:92} INFO - 25/09/01 10:52:08 INFO Executor: Fetching spark://e66737cfc193:38675/jars/org.apache.commons_commons-pool2-2.11.1.jar with timestamp 1756723926339
[2025-09-01 10:52:08,078] {subprocess.py:92} INFO - 25/09/01 10:52:08 INFO Utils: Fetching spark://e66737cfc193:38675/jars/org.apache.commons_commons-pool2-2.11.1.jar to /tmp/spark-a6d2faf6-e80a-4d42-be1f-84473219b79b/userFiles-7ae22bd4-54f5-4400-a99e-779768e94375/fetchFileTemp6354516457481929398.tmp
[2025-09-01 10:52:08,080] {subprocess.py:92} INFO - 25/09/01 10:52:08 INFO Utils: /tmp/spark-a6d2faf6-e80a-4d42-be1f-84473219b79b/userFiles-7ae22bd4-54f5-4400-a99e-779768e94375/fetchFileTemp6354516457481929398.tmp has been previously copied to /tmp/spark-a6d2faf6-e80a-4d42-be1f-84473219b79b/userFiles-7ae22bd4-54f5-4400-a99e-779768e94375/org.apache.commons_commons-pool2-2.11.1.jar
[2025-09-01 10:52:08,085] {subprocess.py:92} INFO - 25/09/01 10:52:08 INFO Executor: Adding file:/tmp/spark-a6d2faf6-e80a-4d42-be1f-84473219b79b/userFiles-7ae22bd4-54f5-4400-a99e-779768e94375/org.apache.commons_commons-pool2-2.11.1.jar to class loader
[2025-09-01 10:52:08,085] {subprocess.py:92} INFO - 25/09/01 10:52:08 INFO Executor: Fetching spark://e66737cfc193:38675/jars/org.apache.kafka_kafka-clients-2.8.1.jar with timestamp 1756723926339
[2025-09-01 10:52:08,086] {subprocess.py:92} INFO - 25/09/01 10:52:08 INFO Utils: Fetching spark://e66737cfc193:38675/jars/org.apache.kafka_kafka-clients-2.8.1.jar to /tmp/spark-a6d2faf6-e80a-4d42-be1f-84473219b79b/userFiles-7ae22bd4-54f5-4400-a99e-779768e94375/fetchFileTemp10486112656971652276.tmp
[2025-09-01 10:52:08,108] {subprocess.py:92} INFO - 25/09/01 10:52:08 INFO Utils: /tmp/spark-a6d2faf6-e80a-4d42-be1f-84473219b79b/userFiles-7ae22bd4-54f5-4400-a99e-779768e94375/fetchFileTemp10486112656971652276.tmp has been previously copied to /tmp/spark-a6d2faf6-e80a-4d42-be1f-84473219b79b/userFiles-7ae22bd4-54f5-4400-a99e-779768e94375/org.apache.kafka_kafka-clients-2.8.1.jar
[2025-09-01 10:52:08,114] {subprocess.py:92} INFO - 25/09/01 10:52:08 INFO Executor: Adding file:/tmp/spark-a6d2faf6-e80a-4d42-be1f-84473219b79b/userFiles-7ae22bd4-54f5-4400-a99e-779768e94375/org.apache.kafka_kafka-clients-2.8.1.jar to class loader
[2025-09-01 10:52:08,115] {subprocess.py:92} INFO - 25/09/01 10:52:08 INFO Executor: Fetching spark://e66737cfc193:38675/jars/org.xerial.snappy_snappy-java-1.1.8.4.jar with timestamp 1756723926339
[2025-09-01 10:52:08,116] {subprocess.py:92} INFO - 25/09/01 10:52:08 INFO Utils: Fetching spark://e66737cfc193:38675/jars/org.xerial.snappy_snappy-java-1.1.8.4.jar to /tmp/spark-a6d2faf6-e80a-4d42-be1f-84473219b79b/userFiles-7ae22bd4-54f5-4400-a99e-779768e94375/fetchFileTemp6892668009511035339.tmp
[2025-09-01 10:52:08,123] {subprocess.py:92} INFO - 25/09/01 10:52:08 INFO Utils: /tmp/spark-a6d2faf6-e80a-4d42-be1f-84473219b79b/userFiles-7ae22bd4-54f5-4400-a99e-779768e94375/fetchFileTemp6892668009511035339.tmp has been previously copied to /tmp/spark-a6d2faf6-e80a-4d42-be1f-84473219b79b/userFiles-7ae22bd4-54f5-4400-a99e-779768e94375/org.xerial.snappy_snappy-java-1.1.8.4.jar
[2025-09-01 10:52:08,128] {subprocess.py:92} INFO - 25/09/01 10:52:08 INFO Executor: Adding file:/tmp/spark-a6d2faf6-e80a-4d42-be1f-84473219b79b/userFiles-7ae22bd4-54f5-4400-a99e-779768e94375/org.xerial.snappy_snappy-java-1.1.8.4.jar to class loader
[2025-09-01 10:52:08,138] {subprocess.py:92} INFO - 25/09/01 10:52:08 INFO Utils: Successfully started service 'org.apache.spark.network.netty.NettyBlockTransferService' on port 42983.
[2025-09-01 10:52:08,138] {subprocess.py:92} INFO - 25/09/01 10:52:08 INFO NettyBlockTransferService: Server created on e66737cfc193:42983
[2025-09-01 10:52:08,141] {subprocess.py:92} INFO - 25/09/01 10:52:08 INFO BlockManager: Using org.apache.spark.storage.RandomBlockReplicationPolicy for block replication policy
[2025-09-01 10:52:08,151] {subprocess.py:92} INFO - 25/09/01 10:52:08 INFO BlockManagerMaster: Registering BlockManager BlockManagerId(driver, e66737cfc193, 42983, None)
[2025-09-01 10:52:08,156] {subprocess.py:92} INFO - 25/09/01 10:52:08 INFO BlockManagerMasterEndpoint: Registering block manager e66737cfc193:42983 with 434.4 MiB RAM, BlockManagerId(driver, e66737cfc193, 42983, None)
[2025-09-01 10:52:08,160] {subprocess.py:92} INFO - 25/09/01 10:52:08 INFO BlockManagerMaster: Registered BlockManager BlockManagerId(driver, e66737cfc193, 42983, None)
[2025-09-01 10:52:08,162] {subprocess.py:92} INFO - 25/09/01 10:52:08 INFO BlockManager: Initialized BlockManager: BlockManagerId(driver, e66737cfc193, 42983, None)
[2025-09-01 10:52:08,608] {subprocess.py:92} INFO - Connexion à Kafka...
[2025-09-01 10:52:10,882] {subprocess.py:92} INFO - Connexion Kafka réussie (kafka:9092)
[2025-09-01 10:52:10,882] {subprocess.py:92} INFO - Transformation des données JSON...
[2025-09-01 10:52:11,186] {subprocess.py:92} INFO - Démarrage du streaming vers HDFS...
[2025-09-01 10:52:11,978] {subprocess.py:92} INFO - Streaming actif - Données météo sauvegardées dans HDFS:/data/weather
[2025-09-01 12:36:00,193] {subprocess.py:92} INFO - 25/09/01 12:36:00 WARN CheckpointFileManager: Failed to rename temp file hdfs://namenode:9000/checkpoints/weather/offsets/.62.04c55478-51b6-4c85-a1bc-e99b2a3725d3.tmp to hdfs://namenode:9000/checkpoints/weather/offsets/62 because file exists
[2025-09-01 12:36:00,193] {subprocess.py:92} INFO - org.apache.hadoop.fs.FileAlreadyExistsException: rename destination /checkpoints/weather/offsets/62 already exists
[2025-09-01 12:36:00,193] {subprocess.py:92} INFO - 	at org.apache.hadoop.hdfs.server.namenode.FSDirRenameOp.validateOverwrite(FSDirRenameOp.java:565)
[2025-09-01 12:36:00,193] {subprocess.py:92} INFO - 	at org.apache.hadoop.hdfs.server.namenode.FSDirRenameOp.unprotectedRenameTo(FSDirRenameOp.java:399)
[2025-09-01 12:36:00,194] {subprocess.py:92} INFO - 	at org.apache.hadoop.hdfs.server.namenode.FSDirRenameOp.renameTo(FSDirRenameOp.java:311)
[2025-09-01 12:36:00,194] {subprocess.py:92} INFO - 	at org.apache.hadoop.hdfs.server.namenode.FSDirRenameOp.renameToInt(FSDirRenameOp.java:256)
[2025-09-01 12:36:00,194] {subprocess.py:92} INFO - 	at org.apache.hadoop.hdfs.server.namenode.FSNamesystem.renameTo(FSNamesystem.java:3257)
[2025-09-01 12:36:00,194] {subprocess.py:92} INFO - 	at org.apache.hadoop.hdfs.server.namenode.NameNodeRpcServer.rename2(NameNodeRpcServer.java:1096)
[2025-09-01 12:36:00,194] {subprocess.py:92} INFO - 	at org.apache.hadoop.hdfs.protocolPB.ClientNamenodeProtocolServerSideTranslatorPB.rename2(ClientNamenodeProtocolServerSideTranslatorPB.java:703)
[2025-09-01 12:36:00,194] {subprocess.py:92} INFO - 	at org.apache.hadoop.hdfs.protocol.proto.ClientNamenodeProtocolProtos$ClientNamenodeProtocol$2.callBlockingMethod(ClientNamenodeProtocolProtos.java)
[2025-09-01 12:36:00,194] {subprocess.py:92} INFO - 	at org.apache.hadoop.ipc.ProtobufRpcEngine2$Server$ProtoBufRpcInvoker.call(ProtobufRpcEngine2.java:621)
[2025-09-01 12:36:00,194] {subprocess.py:92} INFO - 	at org.apache.hadoop.ipc.ProtobufRpcEngine2$Server$ProtoBufRpcInvoker.call(ProtobufRpcEngine2.java:589)
[2025-09-01 12:36:00,194] {subprocess.py:92} INFO - 	at org.apache.hadoop.ipc.ProtobufRpcEngine2$Server$ProtoBufRpcInvoker.call(ProtobufRpcEngine2.java:573)
[2025-09-01 12:36:00,194] {subprocess.py:92} INFO - 	at org.apache.hadoop.ipc.RPC$Server.call(RPC.java:1227)
[2025-09-01 12:36:00,194] {subprocess.py:92} INFO - 	at org.apache.hadoop.ipc.Server$RpcCall.run(Server.java:1094)
[2025-09-01 12:36:00,194] {subprocess.py:92} INFO - 	at org.apache.hadoop.ipc.Server$RpcCall.run(Server.java:1017)
[2025-09-01 12:36:00,194] {subprocess.py:92} INFO - 	at java.security.AccessController.doPrivileged(Native Method)
[2025-09-01 12:36:00,194] {subprocess.py:92} INFO - 	at javax.security.auth.Subject.doAs(Subject.java:422)
[2025-09-01 12:36:00,194] {subprocess.py:92} INFO - 	at org.apache.hadoop.security.UserGroupInformation.doAs(UserGroupInformation.java:1899)
[2025-09-01 12:36:00,194] {subprocess.py:92} INFO - 	at org.apache.hadoop.ipc.Server$Handler.run(Server.java:3048)
[2025-09-01 12:36:00,194] {subprocess.py:92} INFO - 
[2025-09-01 12:36:00,194] {subprocess.py:92} INFO - 	at java.base/jdk.internal.reflect.NativeConstructorAccessorImpl.newInstance0(Native Method)
[2025-09-01 12:36:00,194] {subprocess.py:92} INFO - 	at java.base/jdk.internal.reflect.NativeConstructorAccessorImpl.newInstance(NativeConstructorAccessorImpl.java:62)
[2025-09-01 12:36:00,194] {subprocess.py:92} INFO - 	at java.base/jdk.internal.reflect.DelegatingConstructorAccessorImpl.newInstance(DelegatingConstructorAccessorImpl.java:45)
[2025-09-01 12:36:00,194] {subprocess.py:92} INFO - 	at java.base/java.lang.reflect.Constructor.newInstance(Constructor.java:490)
[2025-09-01 12:36:00,194] {subprocess.py:92} INFO - 	at org.apache.hadoop.ipc.RemoteException.instantiateException(RemoteException.java:121)
[2025-09-01 12:36:00,194] {subprocess.py:92} INFO - 	at org.apache.hadoop.ipc.RemoteException.unwrapRemoteException(RemoteException.java:88)
[2025-09-01 12:36:00,194] {subprocess.py:92} INFO - 	at org.apache.hadoop.hdfs.DFSClient.rename(DFSClient.java:1611)
[2025-09-01 12:36:00,195] {subprocess.py:92} INFO - 	at org.apache.hadoop.fs.Hdfs.renameInternal(Hdfs.java:393)
[2025-09-01 12:36:00,195] {subprocess.py:92} INFO - 	at org.apache.hadoop.fs.AbstractFileSystem.rename(AbstractFileSystem.java:720)
[2025-09-01 12:36:00,195] {subprocess.py:92} INFO - 	at org.apache.hadoop.fs.FileContext.rename(FileContext.java:1036)
[2025-09-01 12:36:00,195] {subprocess.py:92} INFO - 	at org.apache.spark.sql.execution.streaming.FileContextBasedCheckpointFileManager.renameTempFile(CheckpointFileManager.scala:346)
[2025-09-01 12:36:00,195] {subprocess.py:92} INFO - 	at org.apache.spark.sql.execution.streaming.CheckpointFileManager$RenameBasedFSDataOutputStream.close(CheckpointFileManager.scala:154)
[2025-09-01 12:36:00,195] {subprocess.py:92} INFO - 	at org.apache.spark.sql.execution.streaming.HDFSMetadataLog.$anonfun$addNewBatchByStream$2(HDFSMetadataLog.scala:176)
[2025-09-01 12:36:00,195] {subprocess.py:92} INFO - 	at scala.runtime.java8.JFunction0$mcZ$sp.apply(JFunction0$mcZ$sp.java:23)
[2025-09-01 12:36:00,195] {subprocess.py:92} INFO - 	at scala.Option.getOrElse(Option.scala:189)
[2025-09-01 12:36:00,195] {subprocess.py:92} INFO - 	at org.apache.spark.sql.execution.streaming.HDFSMetadataLog.addNewBatchByStream(HDFSMetadataLog.scala:171)
[2025-09-01 12:36:00,195] {subprocess.py:92} INFO - 	at org.apache.spark.sql.execution.streaming.HDFSMetadataLog.add(HDFSMetadataLog.scala:116)
[2025-09-01 12:36:00,195] {subprocess.py:92} INFO - 	at org.apache.spark.sql.execution.streaming.OffsetSeqLog.add(OffsetSeqLog.scala:53)
[2025-09-01 12:36:00,195] {subprocess.py:92} INFO - 	at org.apache.spark.sql.execution.streaming.MicroBatchExecution.$anonfun$constructNextBatch$13(MicroBatchExecution.scala:495)
[2025-09-01 12:36:00,195] {subprocess.py:92} INFO - 	at scala.runtime.java8.JFunction0$mcV$sp.apply(JFunction0$mcV$sp.java:23)
[2025-09-01 12:36:00,195] {subprocess.py:92} INFO - 	at org.apache.spark.sql.execution.streaming.ProgressReporter.reportTimeTaken(ProgressReporter.scala:375)
[2025-09-01 12:36:00,195] {subprocess.py:92} INFO - 	at org.apache.spark.sql.execution.streaming.ProgressReporter.reportTimeTaken$(ProgressReporter.scala:373)
[2025-09-01 12:36:00,195] {subprocess.py:92} INFO - 	at org.apache.spark.sql.execution.streaming.StreamExecution.reportTimeTaken(StreamExecution.scala:68)
[2025-09-01 12:36:00,195] {subprocess.py:92} INFO - 	at org.apache.spark.sql.execution.streaming.MicroBatchExecution.$anonfun$constructNextBatch$1(MicroBatchExecution.scala:493)
[2025-09-01 12:36:00,195] {subprocess.py:92} INFO - 	at scala.runtime.java8.JFunction0$mcZ$sp.apply(JFunction0$mcZ$sp.java:23)
[2025-09-01 12:36:00,195] {subprocess.py:92} INFO - 	at org.apache.spark.sql.execution.streaming.MicroBatchExecution.withProgressLocked(MicroBatchExecution.scala:693)
[2025-09-01 12:36:00,195] {subprocess.py:92} INFO - 	at org.apache.spark.sql.execution.streaming.MicroBatchExecution.constructNextBatch(MicroBatchExecution.scala:433)
[2025-09-01 12:36:00,195] {subprocess.py:92} INFO - 	at org.apache.spark.sql.execution.streaming.MicroBatchExecution.$anonfun$runActivatedStream$2(MicroBatchExecution.scala:238)
[2025-09-01 12:36:00,195] {subprocess.py:92} INFO - 	at scala.runtime.java8.JFunction0$mcV$sp.apply(JFunction0$mcV$sp.java:23)
[2025-09-01 12:36:00,195] {subprocess.py:92} INFO - 	at org.apache.spark.sql.execution.streaming.ProgressReporter.reportTimeTaken(ProgressReporter.scala:375)
[2025-09-01 12:36:00,195] {subprocess.py:92} INFO - 	at org.apache.spark.sql.execution.streaming.ProgressReporter.reportTimeTaken$(ProgressReporter.scala:373)
[2025-09-01 12:36:00,195] {subprocess.py:92} INFO - 	at org.apache.spark.sql.execution.streaming.StreamExecution.reportTimeTaken(StreamExecution.scala:68)
[2025-09-01 12:36:00,195] {subprocess.py:92} INFO - 	at org.apache.spark.sql.execution.streaming.MicroBatchExecution.$anonfun$runActivatedStream$1(MicroBatchExecution.scala:219)
[2025-09-01 12:36:00,195] {subprocess.py:92} INFO - 	at org.apache.spark.sql.execution.streaming.ProcessingTimeExecutor.execute(TriggerExecutor.scala:67)
[2025-09-01 12:36:00,195] {subprocess.py:92} INFO - 	at org.apache.spark.sql.execution.streaming.MicroBatchExecution.runActivatedStream(MicroBatchExecution.scala:213)
[2025-09-01 12:36:00,195] {subprocess.py:92} INFO - 	at org.apache.spark.sql.execution.streaming.StreamExecution.$anonfun$runStream$1(StreamExecution.scala:307)
[2025-09-01 12:36:00,195] {subprocess.py:92} INFO - 	at scala.runtime.java8.JFunction0$mcV$sp.apply(JFunction0$mcV$sp.java:23)
[2025-09-01 12:36:00,195] {subprocess.py:92} INFO - 	at org.apache.spark.sql.SparkSession.withActive(SparkSession.scala:779)
[2025-09-01 12:36:00,195] {subprocess.py:92} INFO - 	at org.apache.spark.sql.execution.streaming.StreamExecution.org$apache$spark$sql$execution$streaming$StreamExecution$$runStream(StreamExecution.scala:285)
[2025-09-01 12:36:00,195] {subprocess.py:92} INFO - 	at org.apache.spark.sql.execution.streaming.StreamExecution$$anon$1.run(StreamExecution.scala:208)
[2025-09-01 12:36:00,196] {subprocess.py:92} INFO - Caused by: org.apache.hadoop.ipc.RemoteException(org.apache.hadoop.fs.FileAlreadyExistsException): rename destination /checkpoints/weather/offsets/62 already exists
[2025-09-01 12:36:00,196] {subprocess.py:92} INFO - 	at org.apache.hadoop.hdfs.server.namenode.FSDirRenameOp.validateOverwrite(FSDirRenameOp.java:565)
[2025-09-01 12:36:00,196] {subprocess.py:92} INFO - 	at org.apache.hadoop.hdfs.server.namenode.FSDirRenameOp.unprotectedRenameTo(FSDirRenameOp.java:399)
[2025-09-01 12:36:00,196] {subprocess.py:92} INFO - 	at org.apache.hadoop.hdfs.server.namenode.FSDirRenameOp.renameTo(FSDirRenameOp.java:311)
[2025-09-01 12:36:00,196] {subprocess.py:92} INFO - 	at org.apache.hadoop.hdfs.server.namenode.FSDirRenameOp.renameToInt(FSDirRenameOp.java:256)
[2025-09-01 12:36:00,196] {subprocess.py:92} INFO - 	at org.apache.hadoop.hdfs.server.namenode.FSNamesystem.renameTo(FSNamesystem.java:3257)
[2025-09-01 12:36:00,196] {subprocess.py:92} INFO - 	at org.apache.hadoop.hdfs.server.namenode.NameNodeRpcServer.rename2(NameNodeRpcServer.java:1096)
[2025-09-01 12:36:00,196] {subprocess.py:92} INFO - 	at org.apache.hadoop.hdfs.protocolPB.ClientNamenodeProtocolServerSideTranslatorPB.rename2(ClientNamenodeProtocolServerSideTranslatorPB.java:703)
[2025-09-01 12:36:00,196] {subprocess.py:92} INFO - 	at org.apache.hadoop.hdfs.protocol.proto.ClientNamenodeProtocolProtos$ClientNamenodeProtocol$2.callBlockingMethod(ClientNamenodeProtocolProtos.java)
[2025-09-01 12:36:00,196] {subprocess.py:92} INFO - 	at org.apache.hadoop.ipc.ProtobufRpcEngine2$Server$ProtoBufRpcInvoker.call(ProtobufRpcEngine2.java:621)
[2025-09-01 12:36:00,196] {subprocess.py:92} INFO - 	at org.apache.hadoop.ipc.ProtobufRpcEngine2$Server$ProtoBufRpcInvoker.call(ProtobufRpcEngine2.java:589)
[2025-09-01 12:36:00,196] {subprocess.py:92} INFO - 	at org.apache.hadoop.ipc.ProtobufRpcEngine2$Server$ProtoBufRpcInvoker.call(ProtobufRpcEngine2.java:573)
[2025-09-01 12:36:00,196] {subprocess.py:92} INFO - 	at org.apache.hadoop.ipc.RPC$Server.call(RPC.java:1227)
[2025-09-01 12:36:00,196] {subprocess.py:92} INFO - 	at org.apache.hadoop.ipc.Server$RpcCall.run(Server.java:1094)
[2025-09-01 12:36:00,196] {subprocess.py:92} INFO - 	at org.apache.hadoop.ipc.Server$RpcCall.run(Server.java:1017)
[2025-09-01 12:36:00,196] {subprocess.py:92} INFO - 	at java.security.AccessController.doPrivileged(Native Method)
[2025-09-01 12:36:00,196] {subprocess.py:92} INFO - 	at javax.security.auth.Subject.doAs(Subject.java:422)
[2025-09-01 12:36:00,196] {subprocess.py:92} INFO - 	at org.apache.hadoop.security.UserGroupInformation.doAs(UserGroupInformation.java:1899)
[2025-09-01 12:36:00,196] {subprocess.py:92} INFO - 	at org.apache.hadoop.ipc.Server$Handler.run(Server.java:3048)
[2025-09-01 12:36:00,196] {subprocess.py:92} INFO - 
[2025-09-01 12:36:00,196] {subprocess.py:92} INFO - 	at org.apache.hadoop.ipc.Client.getRpcResponse(Client.java:1612)
[2025-09-01 12:36:00,197] {subprocess.py:92} INFO - 	at org.apache.hadoop.ipc.Client.call(Client.java:1558)
[2025-09-01 12:36:00,197] {subprocess.py:92} INFO - 	at org.apache.hadoop.ipc.Client.call(Client.java:1455)
[2025-09-01 12:36:00,197] {subprocess.py:92} INFO - 	at org.apache.hadoop.ipc.ProtobufRpcEngine2$Invoker.invoke(ProtobufRpcEngine2.java:242)
[2025-09-01 12:36:00,197] {subprocess.py:92} INFO - 	at org.apache.hadoop.ipc.ProtobufRpcEngine2$Invoker.invoke(ProtobufRpcEngine2.java:129)
[2025-09-01 12:36:00,197] {subprocess.py:92} INFO - 	at com.sun.proxy.$Proxy35.rename2(Unknown Source)
[2025-09-01 12:36:00,199] {subprocess.py:92} INFO - 	at org.apache.hadoop.hdfs.protocolPB.ClientNamenodeProtocolTranslatorPB.rename2(ClientNamenodeProtocolTranslatorPB.java:629)
[2025-09-01 12:36:00,199] {subprocess.py:92} INFO - 	at java.base/jdk.internal.reflect.NativeMethodAccessorImpl.invoke0(Native Method)
[2025-09-01 12:36:00,199] {subprocess.py:92} INFO - 	at java.base/jdk.internal.reflect.NativeMethodAccessorImpl.invoke(NativeMethodAccessorImpl.java:62)
[2025-09-01 12:36:00,199] {subprocess.py:92} INFO - 	at java.base/jdk.internal.reflect.DelegatingMethodAccessorImpl.invoke(DelegatingMethodAccessorImpl.java:43)
[2025-09-01 12:36:00,199] {subprocess.py:92} INFO - 	at java.base/java.lang.reflect.Method.invoke(Method.java:566)
[2025-09-01 12:36:00,199] {subprocess.py:92} INFO - 	at org.apache.hadoop.io.retry.RetryInvocationHandler.invokeMethod(RetryInvocationHandler.java:422)
[2025-09-01 12:36:00,199] {subprocess.py:92} INFO - 	at org.apache.hadoop.io.retry.RetryInvocationHandler$Call.invokeMethod(RetryInvocationHandler.java:165)
[2025-09-01 12:36:00,199] {subprocess.py:92} INFO - 	at org.apache.hadoop.io.retry.RetryInvocationHandler$Call.invoke(RetryInvocationHandler.java:157)
[2025-09-01 12:36:00,199] {subprocess.py:92} INFO - 	at org.apache.hadoop.io.retry.RetryInvocationHandler$Call.invokeOnce(RetryInvocationHandler.java:95)
[2025-09-01 12:36:00,199] {subprocess.py:92} INFO - 	at org.apache.hadoop.io.retry.RetryInvocationHandler.invoke(RetryInvocationHandler.java:359)
[2025-09-01 12:36:00,199] {subprocess.py:92} INFO - 	at com.sun.proxy.$Proxy36.rename2(Unknown Source)
[2025-09-01 12:36:00,200] {subprocess.py:92} INFO - 	at org.apache.hadoop.hdfs.DFSClient.rename(DFSClient.java:1609)
[2025-09-01 12:36:00,200] {subprocess.py:92} INFO - 	... 33 more
[2025-09-01 12:36:00,216] {subprocess.py:92} INFO - 25/09/01 12:36:00 ERROR MicroBatchExecution: Query [id = 8bb46a74-6ffa-4764-a9c6-2e4a331d8211, runId = 9b9e0915-b2cb-4047-9070-f93474cc78a8] terminated with error
[2025-09-01 12:36:00,216] {subprocess.py:92} INFO - java.util.ConcurrentModificationException: Multiple streaming queries are concurrently using hdfs://namenode:9000/checkpoints/weather/offsets
[2025-09-01 12:36:00,216] {subprocess.py:92} INFO - 	at org.apache.spark.sql.errors.QueryExecutionErrors$.multiStreamingQueriesUsingPathConcurrentlyError(QueryExecutionErrors.scala:1603)
[2025-09-01 12:36:00,216] {subprocess.py:92} INFO - 	at org.apache.spark.sql.execution.streaming.HDFSMetadataLog.$anonfun$addNewBatchByStream$2(HDFSMetadataLog.scala:182)
[2025-09-01 12:36:00,216] {subprocess.py:92} INFO - 	at scala.runtime.java8.JFunction0$mcZ$sp.apply(JFunction0$mcZ$sp.java:23)
[2025-09-01 12:36:00,216] {subprocess.py:92} INFO - 	at scala.Option.getOrElse(Option.scala:189)
[2025-09-01 12:36:00,216] {subprocess.py:92} INFO - 	at org.apache.spark.sql.execution.streaming.HDFSMetadataLog.addNewBatchByStream(HDFSMetadataLog.scala:171)
[2025-09-01 12:36:00,216] {subprocess.py:92} INFO - 	at org.apache.spark.sql.execution.streaming.HDFSMetadataLog.add(HDFSMetadataLog.scala:116)
[2025-09-01 12:36:00,216] {subprocess.py:92} INFO - 	at org.apache.spark.sql.execution.streaming.OffsetSeqLog.add(OffsetSeqLog.scala:53)
[2025-09-01 12:36:00,216] {subprocess.py:92} INFO - 	at org.apache.spark.sql.execution.streaming.MicroBatchExecution.$anonfun$constructNextBatch$13(MicroBatchExecution.scala:495)
[2025-09-01 12:36:00,216] {subprocess.py:92} INFO - 	at scala.runtime.java8.JFunction0$mcV$sp.apply(JFunction0$mcV$sp.java:23)
[2025-09-01 12:36:00,216] {subprocess.py:92} INFO - 	at org.apache.spark.sql.execution.streaming.ProgressReporter.reportTimeTaken(ProgressReporter.scala:375)
[2025-09-01 12:36:00,216] {subprocess.py:92} INFO - 	at org.apache.spark.sql.execution.streaming.ProgressReporter.reportTimeTaken$(ProgressReporter.scala:373)
[2025-09-01 12:36:00,216] {subprocess.py:92} INFO - 	at org.apache.spark.sql.execution.streaming.StreamExecution.reportTimeTaken(StreamExecution.scala:68)
[2025-09-01 12:36:00,216] {subprocess.py:92} INFO - 	at org.apache.spark.sql.execution.streaming.MicroBatchExecution.$anonfun$constructNextBatch$1(MicroBatchExecution.scala:493)
[2025-09-01 12:36:00,216] {subprocess.py:92} INFO - 	at scala.runtime.java8.JFunction0$mcZ$sp.apply(JFunction0$mcZ$sp.java:23)
[2025-09-01 12:36:00,216] {subprocess.py:92} INFO - 	at org.apache.spark.sql.execution.streaming.MicroBatchExecution.withProgressLocked(MicroBatchExecution.scala:693)
[2025-09-01 12:36:00,216] {subprocess.py:92} INFO - 	at org.apache.spark.sql.execution.streaming.MicroBatchExecution.constructNextBatch(MicroBatchExecution.scala:433)
[2025-09-01 12:36:00,216] {subprocess.py:92} INFO - 	at org.apache.spark.sql.execution.streaming.MicroBatchExecution.$anonfun$runActivatedStream$2(MicroBatchExecution.scala:238)
[2025-09-01 12:36:00,216] {subprocess.py:92} INFO - 	at scala.runtime.java8.JFunction0$mcV$sp.apply(JFunction0$mcV$sp.java:23)
[2025-09-01 12:36:00,217] {subprocess.py:92} INFO - 	at org.apache.spark.sql.execution.streaming.ProgressReporter.reportTimeTaken(ProgressReporter.scala:375)
[2025-09-01 12:36:00,217] {subprocess.py:92} INFO - 	at org.apache.spark.sql.execution.streaming.ProgressReporter.reportTimeTaken$(ProgressReporter.scala:373)
[2025-09-01 12:36:00,217] {subprocess.py:92} INFO - 	at org.apache.spark.sql.execution.streaming.StreamExecution.reportTimeTaken(StreamExecution.scala:68)
[2025-09-01 12:36:00,217] {subprocess.py:92} INFO - 	at org.apache.spark.sql.execution.streaming.MicroBatchExecution.$anonfun$runActivatedStream$1(MicroBatchExecution.scala:219)
[2025-09-01 12:36:00,217] {subprocess.py:92} INFO - 	at org.apache.spark.sql.execution.streaming.ProcessingTimeExecutor.execute(TriggerExecutor.scala:67)
[2025-09-01 12:36:00,217] {subprocess.py:92} INFO - 	at org.apache.spark.sql.execution.streaming.MicroBatchExecution.runActivatedStream(MicroBatchExecution.scala:213)
[2025-09-01 12:36:00,217] {subprocess.py:92} INFO - 	at org.apache.spark.sql.execution.streaming.StreamExecution.$anonfun$runStream$1(StreamExecution.scala:307)
[2025-09-01 12:36:00,217] {subprocess.py:92} INFO - 	at scala.runtime.java8.JFunction0$mcV$sp.apply(JFunction0$mcV$sp.java:23)
[2025-09-01 12:36:00,217] {subprocess.py:92} INFO - 	at org.apache.spark.sql.SparkSession.withActive(SparkSession.scala:779)
[2025-09-01 12:36:00,217] {subprocess.py:92} INFO - 	at org.apache.spark.sql.execution.streaming.StreamExecution.org$apache$spark$sql$execution$streaming$StreamExecution$$runStream(StreamExecution.scala:285)
[2025-09-01 12:36:00,217] {subprocess.py:92} INFO - 	at org.apache.spark.sql.execution.streaming.StreamExecution$$anon$1.run(StreamExecution.scala:208)
[2025-09-01 12:36:00,217] {subprocess.py:92} INFO - Caused by: org.apache.hadoop.fs.FileAlreadyExistsException: rename destination /checkpoints/weather/offsets/62 already exists
[2025-09-01 12:36:00,218] {subprocess.py:92} INFO - 	at org.apache.hadoop.hdfs.server.namenode.FSDirRenameOp.validateOverwrite(FSDirRenameOp.java:565)
[2025-09-01 12:36:00,218] {subprocess.py:92} INFO - 	at org.apache.hadoop.hdfs.server.namenode.FSDirRenameOp.unprotectedRenameTo(FSDirRenameOp.java:399)
[2025-09-01 12:36:00,218] {subprocess.py:92} INFO - 	at org.apache.hadoop.hdfs.server.namenode.FSDirRenameOp.renameTo(FSDirRenameOp.java:311)
[2025-09-01 12:36:00,218] {subprocess.py:92} INFO - 	at org.apache.hadoop.hdfs.server.namenode.FSDirRenameOp.renameToInt(FSDirRenameOp.java:256)
[2025-09-01 12:36:00,218] {subprocess.py:92} INFO - 	at org.apache.hadoop.hdfs.server.namenode.FSNamesystem.renameTo(FSNamesystem.java:3257)
[2025-09-01 12:36:00,218] {subprocess.py:92} INFO - 	at org.apache.hadoop.hdfs.server.namenode.NameNodeRpcServer.rename2(NameNodeRpcServer.java:1096)
[2025-09-01 12:36:00,218] {subprocess.py:92} INFO - 	at org.apache.hadoop.hdfs.protocolPB.ClientNamenodeProtocolServerSideTranslatorPB.rename2(ClientNamenodeProtocolServerSideTranslatorPB.java:703)
[2025-09-01 12:36:00,218] {subprocess.py:92} INFO - 	at org.apache.hadoop.hdfs.protocol.proto.ClientNamenodeProtocolProtos$ClientNamenodeProtocol$2.callBlockingMethod(ClientNamenodeProtocolProtos.java)
[2025-09-01 12:36:00,218] {subprocess.py:92} INFO - 	at org.apache.hadoop.ipc.ProtobufRpcEngine2$Server$ProtoBufRpcInvoker.call(ProtobufRpcEngine2.java:621)
[2025-09-01 12:36:00,218] {subprocess.py:92} INFO - 	at org.apache.hadoop.ipc.ProtobufRpcEngine2$Server$ProtoBufRpcInvoker.call(ProtobufRpcEngine2.java:589)
[2025-09-01 12:36:00,218] {subprocess.py:92} INFO - 	at org.apache.hadoop.ipc.ProtobufRpcEngine2$Server$ProtoBufRpcInvoker.call(ProtobufRpcEngine2.java:573)
[2025-09-01 12:36:00,218] {subprocess.py:92} INFO - 	at org.apache.hadoop.ipc.RPC$Server.call(RPC.java:1227)
[2025-09-01 12:36:00,218] {subprocess.py:92} INFO - 	at org.apache.hadoop.ipc.Server$RpcCall.run(Server.java:1094)
[2025-09-01 12:36:00,218] {subprocess.py:92} INFO - 	at org.apache.hadoop.ipc.Server$RpcCall.run(Server.java:1017)
[2025-09-01 12:36:00,219] {subprocess.py:92} INFO - 	at java.security.AccessController.doPrivileged(Native Method)
[2025-09-01 12:36:00,219] {subprocess.py:92} INFO - 	at javax.security.auth.Subject.doAs(Subject.java:422)
[2025-09-01 12:36:00,219] {subprocess.py:92} INFO - 	at org.apache.hadoop.security.UserGroupInformation.doAs(UserGroupInformation.java:1899)
[2025-09-01 12:36:00,219] {subprocess.py:92} INFO - 	at org.apache.hadoop.ipc.Server$Handler.run(Server.java:3048)
[2025-09-01 12:36:00,219] {subprocess.py:92} INFO - 
[2025-09-01 12:36:00,219] {subprocess.py:92} INFO - 	at java.base/jdk.internal.reflect.NativeConstructorAccessorImpl.newInstance0(Native Method)
[2025-09-01 12:36:00,219] {subprocess.py:92} INFO - 	at java.base/jdk.internal.reflect.NativeConstructorAccessorImpl.newInstance(NativeConstructorAccessorImpl.java:62)
[2025-09-01 12:36:00,219] {subprocess.py:92} INFO - 	at java.base/jdk.internal.reflect.DelegatingConstructorAccessorImpl.newInstance(DelegatingConstructorAccessorImpl.java:45)
[2025-09-01 12:36:00,219] {subprocess.py:92} INFO - 	at java.base/java.lang.reflect.Constructor.newInstance(Constructor.java:490)
[2025-09-01 12:36:00,219] {subprocess.py:92} INFO - 	at org.apache.hadoop.ipc.RemoteException.instantiateException(RemoteException.java:121)
[2025-09-01 12:36:00,219] {subprocess.py:92} INFO - 	at org.apache.hadoop.ipc.RemoteException.unwrapRemoteException(RemoteException.java:88)
[2025-09-01 12:36:00,219] {subprocess.py:92} INFO - 	at org.apache.hadoop.hdfs.DFSClient.rename(DFSClient.java:1611)
[2025-09-01 12:36:00,219] {subprocess.py:92} INFO - 	at org.apache.hadoop.fs.Hdfs.renameInternal(Hdfs.java:393)
[2025-09-01 12:36:00,219] {subprocess.py:92} INFO - 	at org.apache.hadoop.fs.AbstractFileSystem.rename(AbstractFileSystem.java:720)
[2025-09-01 12:36:00,220] {subprocess.py:92} INFO - 	at org.apache.hadoop.fs.FileContext.rename(FileContext.java:1036)
[2025-09-01 12:36:00,220] {subprocess.py:92} INFO - 	at org.apache.spark.sql.execution.streaming.FileContextBasedCheckpointFileManager.renameTempFile(CheckpointFileManager.scala:346)
[2025-09-01 12:36:00,220] {subprocess.py:92} INFO - 	at org.apache.spark.sql.execution.streaming.CheckpointFileManager$RenameBasedFSDataOutputStream.close(CheckpointFileManager.scala:154)
[2025-09-01 12:36:00,220] {subprocess.py:92} INFO - 	at org.apache.spark.sql.execution.streaming.HDFSMetadataLog.$anonfun$addNewBatchByStream$2(HDFSMetadataLog.scala:176)
[2025-09-01 12:36:00,220] {subprocess.py:92} INFO - 	... 27 more
[2025-09-01 12:36:00,220] {subprocess.py:92} INFO - Caused by: org.apache.hadoop.ipc.RemoteException(org.apache.hadoop.fs.FileAlreadyExistsException): rename destination /checkpoints/weather/offsets/62 already exists
[2025-09-01 12:36:00,220] {subprocess.py:92} INFO - 	at org.apache.hadoop.hdfs.server.namenode.FSDirRenameOp.validateOverwrite(FSDirRenameOp.java:565)
[2025-09-01 12:36:00,220] {subprocess.py:92} INFO - 	at org.apache.hadoop.hdfs.server.namenode.FSDirRenameOp.unprotectedRenameTo(FSDirRenameOp.java:399)
[2025-09-01 12:36:00,220] {subprocess.py:92} INFO - 	at org.apache.hadoop.hdfs.server.namenode.FSDirRenameOp.renameTo(FSDirRenameOp.java:311)
[2025-09-01 12:36:00,220] {subprocess.py:92} INFO - 	at org.apache.hadoop.hdfs.server.namenode.FSDirRenameOp.renameToInt(FSDirRenameOp.java:256)
[2025-09-01 12:36:00,220] {subprocess.py:92} INFO - 	at org.apache.hadoop.hdfs.server.namenode.FSNamesystem.renameTo(FSNamesystem.java:3257)
[2025-09-01 12:36:00,220] {subprocess.py:92} INFO - 	at org.apache.hadoop.hdfs.server.namenode.NameNodeRpcServer.rename2(NameNodeRpcServer.java:1096)
[2025-09-01 12:36:00,220] {subprocess.py:92} INFO - 	at org.apache.hadoop.hdfs.protocolPB.ClientNamenodeProtocolServerSideTranslatorPB.rename2(ClientNamenodeProtocolServerSideTranslatorPB.java:703)
[2025-09-01 12:36:00,220] {subprocess.py:92} INFO - 	at org.apache.hadoop.hdfs.protocol.proto.ClientNamenodeProtocolProtos$ClientNamenodeProtocol$2.callBlockingMethod(ClientNamenodeProtocolProtos.java)
[2025-09-01 12:36:00,220] {subprocess.py:92} INFO - 	at org.apache.hadoop.ipc.ProtobufRpcEngine2$Server$ProtoBufRpcInvoker.call(ProtobufRpcEngine2.java:621)
[2025-09-01 12:36:00,220] {subprocess.py:92} INFO - 	at org.apache.hadoop.ipc.ProtobufRpcEngine2$Server$ProtoBufRpcInvoker.call(ProtobufRpcEngine2.java:589)
[2025-09-01 12:36:00,220] {subprocess.py:92} INFO - 	at org.apache.hadoop.ipc.ProtobufRpcEngine2$Server$ProtoBufRpcInvoker.call(ProtobufRpcEngine2.java:573)
[2025-09-01 12:36:00,221] {subprocess.py:92} INFO - 	at org.apache.hadoop.ipc.RPC$Server.call(RPC.java:1227)
[2025-09-01 12:36:00,221] {subprocess.py:92} INFO - 	at org.apache.hadoop.ipc.Server$RpcCall.run(Server.java:1094)
[2025-09-01 12:36:00,221] {subprocess.py:92} INFO - 	at org.apache.hadoop.ipc.Server$RpcCall.run(Server.java:1017)
[2025-09-01 12:36:00,221] {subprocess.py:92} INFO - 	at java.security.AccessController.doPrivileged(Native Method)
[2025-09-01 12:36:00,221] {subprocess.py:92} INFO - 	at javax.security.auth.Subject.doAs(Subject.java:422)
[2025-09-01 12:36:00,221] {subprocess.py:92} INFO - 	at org.apache.hadoop.security.UserGroupInformation.doAs(UserGroupInformation.java:1899)
[2025-09-01 12:36:00,221] {subprocess.py:92} INFO - 	at org.apache.hadoop.ipc.Server$Handler.run(Server.java:3048)
[2025-09-01 12:36:00,221] {subprocess.py:92} INFO - 
[2025-09-01 12:36:00,221] {subprocess.py:92} INFO - 	at org.apache.hadoop.ipc.Client.getRpcResponse(Client.java:1612)
[2025-09-01 12:36:00,221] {subprocess.py:92} INFO - 	at org.apache.hadoop.ipc.Client.call(Client.java:1558)
[2025-09-01 12:36:00,221] {subprocess.py:92} INFO - 	at org.apache.hadoop.ipc.Client.call(Client.java:1455)
[2025-09-01 12:36:00,221] {subprocess.py:92} INFO - 	at org.apache.hadoop.ipc.ProtobufRpcEngine2$Invoker.invoke(ProtobufRpcEngine2.java:242)
[2025-09-01 12:36:00,221] {subprocess.py:92} INFO - 	at org.apache.hadoop.ipc.ProtobufRpcEngine2$Invoker.invoke(ProtobufRpcEngine2.java:129)
[2025-09-01 12:36:00,221] {subprocess.py:92} INFO - 	at com.sun.proxy.$Proxy35.rename2(Unknown Source)
[2025-09-01 12:36:00,221] {subprocess.py:92} INFO - 	at org.apache.hadoop.hdfs.protocolPB.ClientNamenodeProtocolTranslatorPB.rename2(ClientNamenodeProtocolTranslatorPB.java:629)
[2025-09-01 12:36:00,221] {subprocess.py:92} INFO - 	at java.base/jdk.internal.reflect.NativeMethodAccessorImpl.invoke0(Native Method)
[2025-09-01 12:36:00,222] {subprocess.py:92} INFO - 	at java.base/jdk.internal.reflect.NativeMethodAccessorImpl.invoke(NativeMethodAccessorImpl.java:62)
[2025-09-01 12:36:00,222] {subprocess.py:92} INFO - 	at java.base/jdk.internal.reflect.DelegatingMethodAccessorImpl.invoke(DelegatingMethodAccessorImpl.java:43)
[2025-09-01 12:36:00,222] {subprocess.py:92} INFO - 	at java.base/java.lang.reflect.Method.invoke(Method.java:566)
[2025-09-01 12:36:00,222] {subprocess.py:92} INFO - 	at org.apache.hadoop.io.retry.RetryInvocationHandler.invokeMethod(RetryInvocationHandler.java:422)
[2025-09-01 12:36:00,222] {subprocess.py:92} INFO - 	at org.apache.hadoop.io.retry.RetryInvocationHandler$Call.invokeMethod(RetryInvocationHandler.java:165)
[2025-09-01 12:36:00,222] {subprocess.py:92} INFO - 	at org.apache.hadoop.io.retry.RetryInvocationHandler$Call.invoke(RetryInvocationHandler.java:157)
[2025-09-01 12:36:00,222] {subprocess.py:92} INFO - 	at org.apache.hadoop.io.retry.RetryInvocationHandler$Call.invokeOnce(RetryInvocationHandler.java:95)
[2025-09-01 12:36:00,222] {subprocess.py:92} INFO - 	at org.apache.hadoop.io.retry.RetryInvocationHandler.invoke(RetryInvocationHandler.java:359)
[2025-09-01 12:36:00,222] {subprocess.py:92} INFO - 	at com.sun.proxy.$Proxy36.rename2(Unknown Source)
[2025-09-01 12:36:00,222] {subprocess.py:92} INFO - 	at org.apache.hadoop.hdfs.DFSClient.rename(DFSClient.java:1609)
[2025-09-01 12:36:00,222] {subprocess.py:92} INFO - 	... 33 more
[2025-09-01 12:36:00,458] {subprocess.py:92} INFO - Traceback (most recent call last):
[2025-09-01 12:36:00,459] {subprocess.py:92} INFO -   File "/opt/***/scripts/pyspark/streaming.py", line 60, in <module>
[2025-09-01 12:36:00,459] {subprocess.py:92} INFO -     query.awaitTermination()
[2025-09-01 12:36:00,459] {subprocess.py:92} INFO -   File "/opt/spark-3.3.1-bin-hadoop3/python/lib/pyspark.zip/pyspark/sql/streaming.py", line 107, in awaitTermination
[2025-09-01 12:36:00,461] {subprocess.py:92} INFO -   File "/opt/spark-3.3.1-bin-hadoop3/python/lib/py4j-0.10.9.5-src.zip/py4j/java_gateway.py", line 1322, in __call__
[2025-09-01 12:36:00,461] {subprocess.py:92} INFO -   File "/opt/spark-3.3.1-bin-hadoop3/python/lib/pyspark.zip/pyspark/sql/utils.py", line 196, in deco
[2025-09-01 12:36:00,470] {subprocess.py:92} INFO - pyspark.sql.utils.StreamingQueryException: Query [id = 8bb46a74-6ffa-4764-a9c6-2e4a331d8211, runId = 9b9e0915-b2cb-4047-9070-f93474cc78a8] terminated with exception: Multiple streaming queries are concurrently using hdfs://namenode:9000/checkpoints/weather/offsets
[2025-09-01 12:36:00,670] {subprocess.py:96} INFO - Command exited with return code 1
[2025-09-01 12:36:00,687] {taskinstance.py:1889} ERROR - Task failed with exception
Traceback (most recent call last):
  File "/home/airflow/.local/lib/python3.7/site-packages/airflow/operators/bash.py", line 195, in execute
    f'Bash command failed. The command returned a non-zero exit code {result.exit_code}.'
airflow.exceptions.AirflowException: Bash command failed. The command returned a non-zero exit code 1.
[2025-09-01 12:36:00,690] {taskinstance.py:1400} INFO - Marking task as FAILED. dag_id=send_weather_to_kafka, task_id=stream_hdfs, execution_date=20250901T101509, start_date=20250901T105201, end_date=20250901T123600
[2025-09-01 12:36:00,704] {standard_task_runner.py:97} ERROR - Failed to execute job 528 for task stream_hdfs (Bash command failed. The command returned a non-zero exit code 1.; 15207)
[2025-09-01 12:36:00,722] {local_task_job.py:156} INFO - Task exited with return code 1
[2025-09-01 12:36:00,759] {local_task_job.py:273} INFO - 0 downstream tasks scheduled from follow-on schedule check
