[2025-09-01 10:48:50,674] {taskinstance.py:1159} INFO - Dependencies all met for <TaskInstance: send_weather_to_kafka.stream_hdfs scheduled__2025-09-01T10:15:09.785280+00:00 [queued]>
[2025-09-01 10:48:50,686] {taskinstance.py:1159} INFO - Dependencies all met for <TaskInstance: send_weather_to_kafka.stream_hdfs scheduled__2025-09-01T10:15:09.785280+00:00 [queued]>
[2025-09-01 10:48:50,686] {taskinstance.py:1356} INFO - 
--------------------------------------------------------------------------------
[2025-09-01 10:48:50,686] {taskinstance.py:1357} INFO - Starting attempt 1 of 2
[2025-09-01 10:48:50,686] {taskinstance.py:1358} INFO - 
--------------------------------------------------------------------------------
[2025-09-01 10:48:50,701] {taskinstance.py:1377} INFO - Executing <Task(BashOperator): stream_hdfs> on 2025-09-01 10:15:09.785280+00:00
[2025-09-01 10:48:50,706] {standard_task_runner.py:52} INFO - Started process 14274 to run task
[2025-09-01 10:48:50,710] {standard_task_runner.py:79} INFO - Running: ['***', 'tasks', 'run', 'send_weather_to_kafka', 'stream_hdfs', 'scheduled__2025-09-01T10:15:09.785280+00:00', '--job-id', '524', '--raw', '--subdir', 'DAGS_FOLDER/dag_meteo.py', '--cfg-path', '/tmp/tmp33keigr4', '--error-file', '/tmp/tmpcfn7uoww']
[2025-09-01 10:48:50,711] {standard_task_runner.py:80} INFO - Job 524: Subtask stream_hdfs
[2025-09-01 10:48:50,732] {logging_mixin.py:115} WARNING - /home/***/.local/lib/python3.7/site-packages/***/configuration.py:470 DeprecationWarning: The sql_alchemy_conn option in [core] has been moved to the sql_alchemy_conn option in [database] - the old setting has been used, but please update your config.
[2025-09-01 10:48:50,781] {task_command.py:369} INFO - Running <TaskInstance: send_weather_to_kafka.stream_hdfs scheduled__2025-09-01T10:15:09.785280+00:00 [running]> on host e66737cfc193
[2025-09-01 10:48:50,889] {taskinstance.py:1571} INFO - Exporting the following env vars:
AIRFLOW_CTX_DAG_OWNER=***
AIRFLOW_CTX_DAG_ID=send_weather_to_kafka
AIRFLOW_CTX_TASK_ID=stream_hdfs
AIRFLOW_CTX_EXECUTION_DATE=2025-09-01T10:15:09.785280+00:00
AIRFLOW_CTX_TRY_NUMBER=1
AIRFLOW_CTX_DAG_RUN_ID=scheduled__2025-09-01T10:15:09.785280+00:00
[2025-09-01 10:48:50,890] {subprocess.py:62} INFO - Tmp dir root location: 
 /tmp
[2025-09-01 10:48:50,891] {subprocess.py:74} INFO - Running command: ['bash', '-c', '\n/home/***/.local/bin/spark-submit   --master local[*]   --conf spark.hadoop.fs.defaultFS=hdfs://namenode:9000   --conf spark.hadoop.dfs.client.use.datanode.hostname=true   --conf spark.sql.adaptive.enabled=false   --packages org.apache.spark:spark-sql-kafka-0-10_2.12:3.3.1   /opt/***/scripts/pyspark/streaming.py']
[2025-09-01 10:48:50,905] {subprocess.py:85} INFO - Output:
[2025-09-01 10:48:50,919] {subprocess.py:92} INFO - /opt/spark-3.3.1-bin-hadoop3/bin/load-spark-env.sh: line 68: ps: command not found
[2025-09-01 10:48:52,556] {subprocess.py:92} INFO - :: loading settings :: url = jar:file:/opt/spark-3.3.1-bin-hadoop3/jars/ivy-2.5.0.jar!/org/apache/ivy/core/settings/ivysettings.xml
[2025-09-01 10:48:52,701] {subprocess.py:92} INFO - Ivy Default Cache set to: /home/***/.ivy2/cache
[2025-09-01 10:48:52,701] {subprocess.py:92} INFO - The jars for the packages stored in: /home/***/.ivy2/jars
[2025-09-01 10:48:52,709] {subprocess.py:92} INFO - org.apache.spark#spark-sql-kafka-0-10_2.12 added as a dependency
[2025-09-01 10:48:52,710] {subprocess.py:92} INFO - :: resolving dependencies :: org.apache.spark#spark-submit-parent-f5691f1f-195c-44a8-9418-accc3f810c6d;1.0
[2025-09-01 10:48:52,711] {subprocess.py:92} INFO - 	confs: [default]
[2025-09-01 10:48:52,904] {subprocess.py:92} INFO - 	found org.apache.spark#spark-sql-kafka-0-10_2.12;3.3.1 in spark-list
[2025-09-01 10:48:52,967] {subprocess.py:92} INFO - 	found org.apache.spark#spark-token-provider-kafka-0-10_2.12;3.3.1 in central
[2025-09-01 10:48:52,996] {subprocess.py:92} INFO - 	found org.apache.kafka#kafka-clients;2.8.1 in central
[2025-09-01 10:48:53,027] {subprocess.py:92} INFO - 	found org.lz4#lz4-java;1.8.0 in central
[2025-09-01 10:48:53,054] {subprocess.py:92} INFO - 	found org.xerial.snappy#snappy-java;1.1.8.4 in central
[2025-09-01 10:48:53,077] {subprocess.py:92} INFO - 	found org.slf4j#slf4j-api;1.7.32 in central
[2025-09-01 10:48:53,105] {subprocess.py:92} INFO - 	found org.apache.hadoop#hadoop-client-runtime;3.3.2 in central
[2025-09-01 10:48:53,120] {subprocess.py:92} INFO - 	found org.spark-project.spark#unused;1.0.0 in central
[2025-09-01 10:48:53,146] {subprocess.py:92} INFO - 	found org.apache.hadoop#hadoop-client-api;3.3.2 in central
[2025-09-01 10:48:53,169] {subprocess.py:92} INFO - 	found commons-logging#commons-logging;1.1.3 in central
[2025-09-01 10:48:53,185] {subprocess.py:92} INFO - 	found com.google.code.findbugs#jsr305;3.0.0 in central
[2025-09-01 10:48:53,198] {subprocess.py:92} INFO - 	found org.apache.commons#commons-pool2;2.11.1 in central
[2025-09-01 10:48:53,226] {subprocess.py:92} INFO - :: resolution report :: resolve 501ms :: artifacts dl 15ms
[2025-09-01 10:48:53,227] {subprocess.py:92} INFO - 	:: modules in use:
[2025-09-01 10:48:53,227] {subprocess.py:92} INFO - 	com.google.code.findbugs#jsr305;3.0.0 from central in [default]
[2025-09-01 10:48:53,227] {subprocess.py:92} INFO - 	commons-logging#commons-logging;1.1.3 from central in [default]
[2025-09-01 10:48:53,227] {subprocess.py:92} INFO - 	org.apache.commons#commons-pool2;2.11.1 from central in [default]
[2025-09-01 10:48:53,227] {subprocess.py:92} INFO - 	org.apache.hadoop#hadoop-client-api;3.3.2 from central in [default]
[2025-09-01 10:48:53,227] {subprocess.py:92} INFO - 	org.apache.hadoop#hadoop-client-runtime;3.3.2 from central in [default]
[2025-09-01 10:48:53,227] {subprocess.py:92} INFO - 	org.apache.kafka#kafka-clients;2.8.1 from central in [default]
[2025-09-01 10:48:53,227] {subprocess.py:92} INFO - 	org.apache.spark#spark-sql-kafka-0-10_2.12;3.3.1 from spark-list in [default]
[2025-09-01 10:48:53,227] {subprocess.py:92} INFO - 	org.apache.spark#spark-token-provider-kafka-0-10_2.12;3.3.1 from central in [default]
[2025-09-01 10:48:53,228] {subprocess.py:92} INFO - 	org.lz4#lz4-java;1.8.0 from central in [default]
[2025-09-01 10:48:53,228] {subprocess.py:92} INFO - 	org.slf4j#slf4j-api;1.7.32 from central in [default]
[2025-09-01 10:48:53,228] {subprocess.py:92} INFO - 	org.spark-project.spark#unused;1.0.0 from central in [default]
[2025-09-01 10:48:53,228] {subprocess.py:92} INFO - 	org.xerial.snappy#snappy-java;1.1.8.4 from central in [default]
[2025-09-01 10:48:53,228] {subprocess.py:92} INFO - 	---------------------------------------------------------------------
[2025-09-01 10:48:53,228] {subprocess.py:92} INFO - 	|                  |            modules            ||   artifacts   |
[2025-09-01 10:48:53,228] {subprocess.py:92} INFO - 	|       conf       | number| search|dwnlded|evicted|| number|dwnlded|
[2025-09-01 10:48:53,228] {subprocess.py:92} INFO - 	---------------------------------------------------------------------
[2025-09-01 10:48:53,228] {subprocess.py:92} INFO - 	|      default     |   12  |   0   |   0   |   0   ||   12  |   0   |
[2025-09-01 10:48:53,228] {subprocess.py:92} INFO - 	---------------------------------------------------------------------
[2025-09-01 10:48:53,235] {subprocess.py:92} INFO - :: retrieving :: org.apache.spark#spark-submit-parent-f5691f1f-195c-44a8-9418-accc3f810c6d
[2025-09-01 10:48:53,236] {subprocess.py:92} INFO - 	confs: [default]
[2025-09-01 10:48:53,244] {subprocess.py:92} INFO - 	0 artifacts copied, 12 already retrieved (0kB/8ms)
[2025-09-01 10:48:53,471] {subprocess.py:92} INFO - 25/09/01 10:48:53 WARN NativeCodeLoader: Unable to load native-hadoop library for your platform... using builtin-java classes where applicable
[2025-09-01 10:48:54,643] {subprocess.py:92} INFO - 25/09/01 10:48:54 INFO SparkContext: Running Spark version 3.3.1
[2025-09-01 10:48:54,668] {subprocess.py:92} INFO - 25/09/01 10:48:54 INFO ResourceUtils: ==============================================================
[2025-09-01 10:48:54,668] {subprocess.py:92} INFO - 25/09/01 10:48:54 INFO ResourceUtils: No custom resources configured for spark.driver.
[2025-09-01 10:48:54,668] {subprocess.py:92} INFO - 25/09/01 10:48:54 INFO ResourceUtils: ==============================================================
[2025-09-01 10:48:54,668] {subprocess.py:92} INFO - 25/09/01 10:48:54 INFO SparkContext: Submitted application: KafkaToHDFSWeather
[2025-09-01 10:48:54,695] {subprocess.py:92} INFO - 25/09/01 10:48:54 INFO ResourceProfile: Default ResourceProfile created, executor resources: Map(cores -> name: cores, amount: 1, script: , vendor: , memory -> name: memory, amount: 1024, script: , vendor: , offHeap -> name: offHeap, amount: 0, script: , vendor: ), task resources: Map(cpus -> name: cpus, amount: 1.0)
[2025-09-01 10:48:54,707] {subprocess.py:92} INFO - 25/09/01 10:48:54 INFO ResourceProfile: Limiting resource is cpu
[2025-09-01 10:48:54,708] {subprocess.py:92} INFO - 25/09/01 10:48:54 INFO ResourceProfileManager: Added ResourceProfile id: 0
[2025-09-01 10:48:54,767] {subprocess.py:92} INFO - 25/09/01 10:48:54 INFO SecurityManager: Changing view acls to: ***
[2025-09-01 10:48:54,768] {subprocess.py:92} INFO - 25/09/01 10:48:54 INFO SecurityManager: Changing modify acls to: ***
[2025-09-01 10:48:54,768] {subprocess.py:92} INFO - 25/09/01 10:48:54 INFO SecurityManager: Changing view acls groups to:
[2025-09-01 10:48:54,769] {subprocess.py:92} INFO - 25/09/01 10:48:54 INFO SecurityManager: Changing modify acls groups to:
[2025-09-01 10:48:54,769] {subprocess.py:92} INFO - 25/09/01 10:48:54 INFO SecurityManager: SecurityManager: authentication disabled; ui acls disabled; users  with view permissions: Set(***); groups with view permissions: Set(); users  with modify permissions: Set(***); groups with modify permissions: Set()
[2025-09-01 10:48:55,074] {subprocess.py:92} INFO - 25/09/01 10:48:55 INFO Utils: Successfully started service 'sparkDriver' on port 42569.
[2025-09-01 10:48:55,109] {subprocess.py:92} INFO - 25/09/01 10:48:55 INFO SparkEnv: Registering MapOutputTracker
[2025-09-01 10:48:55,146] {subprocess.py:92} INFO - 25/09/01 10:48:55 INFO SparkEnv: Registering BlockManagerMaster
[2025-09-01 10:48:55,163] {subprocess.py:92} INFO - 25/09/01 10:48:55 INFO BlockManagerMasterEndpoint: Using org.apache.spark.storage.DefaultTopologyMapper for getting topology information
[2025-09-01 10:48:55,163] {subprocess.py:92} INFO - 25/09/01 10:48:55 INFO BlockManagerMasterEndpoint: BlockManagerMasterEndpoint up
[2025-09-01 10:48:55,168] {subprocess.py:92} INFO - 25/09/01 10:48:55 INFO SparkEnv: Registering BlockManagerMasterHeartbeat
[2025-09-01 10:48:55,193] {subprocess.py:92} INFO - 25/09/01 10:48:55 INFO DiskBlockManager: Created local directory at /tmp/blockmgr-c30a9b0e-0e57-440e-be67-992e900b5ae6
[2025-09-01 10:48:55,213] {subprocess.py:92} INFO - 25/09/01 10:48:55 INFO MemoryStore: MemoryStore started with capacity 434.4 MiB
[2025-09-01 10:48:55,234] {subprocess.py:92} INFO - 25/09/01 10:48:55 INFO SparkEnv: Registering OutputCommitCoordinator
[2025-09-01 10:48:55,448] {subprocess.py:92} INFO - 25/09/01 10:48:55 INFO Utils: Successfully started service 'SparkUI' on port 4040.
[2025-09-01 10:48:55,508] {subprocess.py:92} INFO - 25/09/01 10:48:55 INFO SparkContext: Added JAR file:///home/***/.ivy2/jars/org.apache.spark_spark-sql-kafka-0-10_2.12-3.3.1.jar at spark://e66737cfc193:42569/jars/org.apache.spark_spark-sql-kafka-0-10_2.12-3.3.1.jar with timestamp 1756723734631
[2025-09-01 10:48:55,509] {subprocess.py:92} INFO - 25/09/01 10:48:55 INFO SparkContext: Added JAR file:///home/***/.ivy2/jars/org.apache.spark_spark-token-provider-kafka-0-10_2.12-3.3.1.jar at spark://e66737cfc193:42569/jars/org.apache.spark_spark-token-provider-kafka-0-10_2.12-3.3.1.jar with timestamp 1756723734631
[2025-09-01 10:48:55,509] {subprocess.py:92} INFO - 25/09/01 10:48:55 INFO SparkContext: Added JAR file:///home/***/.ivy2/jars/org.apache.kafka_kafka-clients-2.8.1.jar at spark://e66737cfc193:42569/jars/org.apache.kafka_kafka-clients-2.8.1.jar with timestamp 1756723734631
[2025-09-01 10:48:55,509] {subprocess.py:92} INFO - 25/09/01 10:48:55 INFO SparkContext: Added JAR file:///home/***/.ivy2/jars/com.google.code.findbugs_jsr305-3.0.0.jar at spark://e66737cfc193:42569/jars/com.google.code.findbugs_jsr305-3.0.0.jar with timestamp 1756723734631
[2025-09-01 10:48:55,510] {subprocess.py:92} INFO - 25/09/01 10:48:55 INFO SparkContext: Added JAR file:///home/***/.ivy2/jars/org.apache.commons_commons-pool2-2.11.1.jar at spark://e66737cfc193:42569/jars/org.apache.commons_commons-pool2-2.11.1.jar with timestamp 1756723734631
[2025-09-01 10:48:55,510] {subprocess.py:92} INFO - 25/09/01 10:48:55 INFO SparkContext: Added JAR file:///home/***/.ivy2/jars/org.spark-project.spark_unused-1.0.0.jar at spark://e66737cfc193:42569/jars/org.spark-project.spark_unused-1.0.0.jar with timestamp 1756723734631
[2025-09-01 10:48:55,510] {subprocess.py:92} INFO - 25/09/01 10:48:55 INFO SparkContext: Added JAR file:///home/***/.ivy2/jars/org.apache.hadoop_hadoop-client-runtime-3.3.2.jar at spark://e66737cfc193:42569/jars/org.apache.hadoop_hadoop-client-runtime-3.3.2.jar with timestamp 1756723734631
[2025-09-01 10:48:55,511] {subprocess.py:92} INFO - 25/09/01 10:48:55 INFO SparkContext: Added JAR file:///home/***/.ivy2/jars/org.lz4_lz4-java-1.8.0.jar at spark://e66737cfc193:42569/jars/org.lz4_lz4-java-1.8.0.jar with timestamp 1756723734631
[2025-09-01 10:48:55,511] {subprocess.py:92} INFO - 25/09/01 10:48:55 INFO SparkContext: Added JAR file:///home/***/.ivy2/jars/org.xerial.snappy_snappy-java-1.1.8.4.jar at spark://e66737cfc193:42569/jars/org.xerial.snappy_snappy-java-1.1.8.4.jar with timestamp 1756723734631
[2025-09-01 10:48:55,511] {subprocess.py:92} INFO - 25/09/01 10:48:55 INFO SparkContext: Added JAR file:///home/***/.ivy2/jars/org.slf4j_slf4j-api-1.7.32.jar at spark://e66737cfc193:42569/jars/org.slf4j_slf4j-api-1.7.32.jar with timestamp 1756723734631
[2025-09-01 10:48:55,512] {subprocess.py:92} INFO - 25/09/01 10:48:55 INFO SparkContext: Added JAR file:///home/***/.ivy2/jars/org.apache.hadoop_hadoop-client-api-3.3.2.jar at spark://e66737cfc193:42569/jars/org.apache.hadoop_hadoop-client-api-3.3.2.jar with timestamp 1756723734631
[2025-09-01 10:48:55,512] {subprocess.py:92} INFO - 25/09/01 10:48:55 INFO SparkContext: Added JAR file:///home/***/.ivy2/jars/commons-logging_commons-logging-1.1.3.jar at spark://e66737cfc193:42569/jars/commons-logging_commons-logging-1.1.3.jar with timestamp 1756723734631
[2025-09-01 10:48:55,517] {subprocess.py:92} INFO - 25/09/01 10:48:55 INFO SparkContext: Added file file:///home/***/.ivy2/jars/org.apache.spark_spark-sql-kafka-0-10_2.12-3.3.1.jar at file:///home/***/.ivy2/jars/org.apache.spark_spark-sql-kafka-0-10_2.12-3.3.1.jar with timestamp 1756723734631
[2025-09-01 10:48:55,520] {subprocess.py:92} INFO - 25/09/01 10:48:55 INFO Utils: Copying /home/***/.ivy2/jars/org.apache.spark_spark-sql-kafka-0-10_2.12-3.3.1.jar to /tmp/spark-92a8ae67-4669-42f9-9829-6f5991276591/userFiles-89cbb6ef-7112-40c3-9796-9d2a647c53f1/org.apache.spark_spark-sql-kafka-0-10_2.12-3.3.1.jar
[2025-09-01 10:48:55,533] {subprocess.py:92} INFO - 25/09/01 10:48:55 INFO SparkContext: Added file file:///home/***/.ivy2/jars/org.apache.spark_spark-token-provider-kafka-0-10_2.12-3.3.1.jar at file:///home/***/.ivy2/jars/org.apache.spark_spark-token-provider-kafka-0-10_2.12-3.3.1.jar with timestamp 1756723734631
[2025-09-01 10:48:55,533] {subprocess.py:92} INFO - 25/09/01 10:48:55 INFO Utils: Copying /home/***/.ivy2/jars/org.apache.spark_spark-token-provider-kafka-0-10_2.12-3.3.1.jar to /tmp/spark-92a8ae67-4669-42f9-9829-6f5991276591/userFiles-89cbb6ef-7112-40c3-9796-9d2a647c53f1/org.apache.spark_spark-token-provider-kafka-0-10_2.12-3.3.1.jar
[2025-09-01 10:48:55,540] {subprocess.py:92} INFO - 25/09/01 10:48:55 INFO SparkContext: Added file file:///home/***/.ivy2/jars/org.apache.kafka_kafka-clients-2.8.1.jar at file:///home/***/.ivy2/jars/org.apache.kafka_kafka-clients-2.8.1.jar with timestamp 1756723734631
[2025-09-01 10:48:55,541] {subprocess.py:92} INFO - 25/09/01 10:48:55 INFO Utils: Copying /home/***/.ivy2/jars/org.apache.kafka_kafka-clients-2.8.1.jar to /tmp/spark-92a8ae67-4669-42f9-9829-6f5991276591/userFiles-89cbb6ef-7112-40c3-9796-9d2a647c53f1/org.apache.kafka_kafka-clients-2.8.1.jar
[2025-09-01 10:48:55,554] {subprocess.py:92} INFO - 25/09/01 10:48:55 INFO SparkContext: Added file file:///home/***/.ivy2/jars/com.google.code.findbugs_jsr305-3.0.0.jar at file:///home/***/.ivy2/jars/com.google.code.findbugs_jsr305-3.0.0.jar with timestamp 1756723734631
[2025-09-01 10:48:55,554] {subprocess.py:92} INFO - 25/09/01 10:48:55 INFO Utils: Copying /home/***/.ivy2/jars/com.google.code.findbugs_jsr305-3.0.0.jar to /tmp/spark-92a8ae67-4669-42f9-9829-6f5991276591/userFiles-89cbb6ef-7112-40c3-9796-9d2a647c53f1/com.google.code.findbugs_jsr305-3.0.0.jar
[2025-09-01 10:48:55,560] {subprocess.py:92} INFO - 25/09/01 10:48:55 INFO SparkContext: Added file file:///home/***/.ivy2/jars/org.apache.commons_commons-pool2-2.11.1.jar at file:///home/***/.ivy2/jars/org.apache.commons_commons-pool2-2.11.1.jar with timestamp 1756723734631
[2025-09-01 10:48:55,560] {subprocess.py:92} INFO - 25/09/01 10:48:55 INFO Utils: Copying /home/***/.ivy2/jars/org.apache.commons_commons-pool2-2.11.1.jar to /tmp/spark-92a8ae67-4669-42f9-9829-6f5991276591/userFiles-89cbb6ef-7112-40c3-9796-9d2a647c53f1/org.apache.commons_commons-pool2-2.11.1.jar
[2025-09-01 10:48:55,565] {subprocess.py:92} INFO - 25/09/01 10:48:55 INFO SparkContext: Added file file:///home/***/.ivy2/jars/org.spark-project.spark_unused-1.0.0.jar at file:///home/***/.ivy2/jars/org.spark-project.spark_unused-1.0.0.jar with timestamp 1756723734631
[2025-09-01 10:48:55,566] {subprocess.py:92} INFO - 25/09/01 10:48:55 INFO Utils: Copying /home/***/.ivy2/jars/org.spark-project.spark_unused-1.0.0.jar to /tmp/spark-92a8ae67-4669-42f9-9829-6f5991276591/userFiles-89cbb6ef-7112-40c3-9796-9d2a647c53f1/org.spark-project.spark_unused-1.0.0.jar
[2025-09-01 10:48:55,572] {subprocess.py:92} INFO - 25/09/01 10:48:55 INFO SparkContext: Added file file:///home/***/.ivy2/jars/org.apache.hadoop_hadoop-client-runtime-3.3.2.jar at file:///home/***/.ivy2/jars/org.apache.hadoop_hadoop-client-runtime-3.3.2.jar with timestamp 1756723734631
[2025-09-01 10:48:55,572] {subprocess.py:92} INFO - 25/09/01 10:48:55 INFO Utils: Copying /home/***/.ivy2/jars/org.apache.hadoop_hadoop-client-runtime-3.3.2.jar to /tmp/spark-92a8ae67-4669-42f9-9829-6f5991276591/userFiles-89cbb6ef-7112-40c3-9796-9d2a647c53f1/org.apache.hadoop_hadoop-client-runtime-3.3.2.jar
[2025-09-01 10:48:55,605] {subprocess.py:92} INFO - 25/09/01 10:48:55 INFO SparkContext: Added file file:///home/***/.ivy2/jars/org.lz4_lz4-java-1.8.0.jar at file:///home/***/.ivy2/jars/org.lz4_lz4-java-1.8.0.jar with timestamp 1756723734631
[2025-09-01 10:48:55,605] {subprocess.py:92} INFO - 25/09/01 10:48:55 INFO Utils: Copying /home/***/.ivy2/jars/org.lz4_lz4-java-1.8.0.jar to /tmp/spark-92a8ae67-4669-42f9-9829-6f5991276591/userFiles-89cbb6ef-7112-40c3-9796-9d2a647c53f1/org.lz4_lz4-java-1.8.0.jar
[2025-09-01 10:48:55,612] {subprocess.py:92} INFO - 25/09/01 10:48:55 INFO SparkContext: Added file file:///home/***/.ivy2/jars/org.xerial.snappy_snappy-java-1.1.8.4.jar at file:///home/***/.ivy2/jars/org.xerial.snappy_snappy-java-1.1.8.4.jar with timestamp 1756723734631
[2025-09-01 10:48:55,612] {subprocess.py:92} INFO - 25/09/01 10:48:55 INFO Utils: Copying /home/***/.ivy2/jars/org.xerial.snappy_snappy-java-1.1.8.4.jar to /tmp/spark-92a8ae67-4669-42f9-9829-6f5991276591/userFiles-89cbb6ef-7112-40c3-9796-9d2a647c53f1/org.xerial.snappy_snappy-java-1.1.8.4.jar
[2025-09-01 10:48:55,620] {subprocess.py:92} INFO - 25/09/01 10:48:55 INFO SparkContext: Added file file:///home/***/.ivy2/jars/org.slf4j_slf4j-api-1.7.32.jar at file:///home/***/.ivy2/jars/org.slf4j_slf4j-api-1.7.32.jar with timestamp 1756723734631
[2025-09-01 10:48:55,620] {subprocess.py:92} INFO - 25/09/01 10:48:55 INFO Utils: Copying /home/***/.ivy2/jars/org.slf4j_slf4j-api-1.7.32.jar to /tmp/spark-92a8ae67-4669-42f9-9829-6f5991276591/userFiles-89cbb6ef-7112-40c3-9796-9d2a647c53f1/org.slf4j_slf4j-api-1.7.32.jar
[2025-09-01 10:48:55,626] {subprocess.py:92} INFO - 25/09/01 10:48:55 INFO SparkContext: Added file file:///home/***/.ivy2/jars/org.apache.hadoop_hadoop-client-api-3.3.2.jar at file:///home/***/.ivy2/jars/org.apache.hadoop_hadoop-client-api-3.3.2.jar with timestamp 1756723734631
[2025-09-01 10:48:55,626] {subprocess.py:92} INFO - 25/09/01 10:48:55 INFO Utils: Copying /home/***/.ivy2/jars/org.apache.hadoop_hadoop-client-api-3.3.2.jar to /tmp/spark-92a8ae67-4669-42f9-9829-6f5991276591/userFiles-89cbb6ef-7112-40c3-9796-9d2a647c53f1/org.apache.hadoop_hadoop-client-api-3.3.2.jar
[2025-09-01 10:48:55,649] {subprocess.py:92} INFO - 25/09/01 10:48:55 INFO SparkContext: Added file file:///home/***/.ivy2/jars/commons-logging_commons-logging-1.1.3.jar at file:///home/***/.ivy2/jars/commons-logging_commons-logging-1.1.3.jar with timestamp 1756723734631
[2025-09-01 10:48:55,649] {subprocess.py:92} INFO - 25/09/01 10:48:55 INFO Utils: Copying /home/***/.ivy2/jars/commons-logging_commons-logging-1.1.3.jar to /tmp/spark-92a8ae67-4669-42f9-9829-6f5991276591/userFiles-89cbb6ef-7112-40c3-9796-9d2a647c53f1/commons-logging_commons-logging-1.1.3.jar
[2025-09-01 10:48:55,722] {subprocess.py:92} INFO - 25/09/01 10:48:55 INFO Executor: Starting executor ID driver on host e66737cfc193
[2025-09-01 10:48:55,728] {subprocess.py:92} INFO - 25/09/01 10:48:55 INFO Executor: Starting executor with user classpath (userClassPathFirst = false): ''
[2025-09-01 10:48:55,738] {subprocess.py:92} INFO - 25/09/01 10:48:55 INFO Executor: Fetching file:///home/***/.ivy2/jars/commons-logging_commons-logging-1.1.3.jar with timestamp 1756723734631
[2025-09-01 10:48:55,756] {subprocess.py:92} INFO - 25/09/01 10:48:55 INFO Utils: /home/***/.ivy2/jars/commons-logging_commons-logging-1.1.3.jar has been previously copied to /tmp/spark-92a8ae67-4669-42f9-9829-6f5991276591/userFiles-89cbb6ef-7112-40c3-9796-9d2a647c53f1/commons-logging_commons-logging-1.1.3.jar
[2025-09-01 10:48:55,761] {subprocess.py:92} INFO - 25/09/01 10:48:55 INFO Executor: Fetching file:///home/***/.ivy2/jars/org.spark-project.spark_unused-1.0.0.jar with timestamp 1756723734631
[2025-09-01 10:48:55,762] {subprocess.py:92} INFO - 25/09/01 10:48:55 INFO Utils: /home/***/.ivy2/jars/org.spark-project.spark_unused-1.0.0.jar has been previously copied to /tmp/spark-92a8ae67-4669-42f9-9829-6f5991276591/userFiles-89cbb6ef-7112-40c3-9796-9d2a647c53f1/org.spark-project.spark_unused-1.0.0.jar
[2025-09-01 10:48:55,767] {subprocess.py:92} INFO - 25/09/01 10:48:55 INFO Executor: Fetching file:///home/***/.ivy2/jars/org.apache.spark_spark-sql-kafka-0-10_2.12-3.3.1.jar with timestamp 1756723734631
[2025-09-01 10:48:55,773] {subprocess.py:92} INFO - 25/09/01 10:48:55 INFO Utils: /home/***/.ivy2/jars/org.apache.spark_spark-sql-kafka-0-10_2.12-3.3.1.jar has been previously copied to /tmp/spark-92a8ae67-4669-42f9-9829-6f5991276591/userFiles-89cbb6ef-7112-40c3-9796-9d2a647c53f1/org.apache.spark_spark-sql-kafka-0-10_2.12-3.3.1.jar
[2025-09-01 10:48:55,779] {subprocess.py:92} INFO - 25/09/01 10:48:55 INFO Executor: Fetching file:///home/***/.ivy2/jars/org.apache.hadoop_hadoop-client-api-3.3.2.jar with timestamp 1756723734631
[2025-09-01 10:48:55,803] {subprocess.py:92} INFO - 25/09/01 10:48:55 INFO Utils: /home/***/.ivy2/jars/org.apache.hadoop_hadoop-client-api-3.3.2.jar has been previously copied to /tmp/spark-92a8ae67-4669-42f9-9829-6f5991276591/userFiles-89cbb6ef-7112-40c3-9796-9d2a647c53f1/org.apache.hadoop_hadoop-client-api-3.3.2.jar
[2025-09-01 10:48:55,808] {subprocess.py:92} INFO - 25/09/01 10:48:55 INFO Executor: Fetching file:///home/***/.ivy2/jars/org.apache.hadoop_hadoop-client-runtime-3.3.2.jar with timestamp 1756723734631
[2025-09-01 10:48:55,835] {subprocess.py:92} INFO - 25/09/01 10:48:55 INFO Utils: /home/***/.ivy2/jars/org.apache.hadoop_hadoop-client-runtime-3.3.2.jar has been previously copied to /tmp/spark-92a8ae67-4669-42f9-9829-6f5991276591/userFiles-89cbb6ef-7112-40c3-9796-9d2a647c53f1/org.apache.hadoop_hadoop-client-runtime-3.3.2.jar
[2025-09-01 10:48:55,840] {subprocess.py:92} INFO - 25/09/01 10:48:55 INFO Executor: Fetching file:///home/***/.ivy2/jars/org.slf4j_slf4j-api-1.7.32.jar with timestamp 1756723734631
[2025-09-01 10:48:55,841] {subprocess.py:92} INFO - 25/09/01 10:48:55 INFO Utils: /home/***/.ivy2/jars/org.slf4j_slf4j-api-1.7.32.jar has been previously copied to /tmp/spark-92a8ae67-4669-42f9-9829-6f5991276591/userFiles-89cbb6ef-7112-40c3-9796-9d2a647c53f1/org.slf4j_slf4j-api-1.7.32.jar
[2025-09-01 10:48:55,846] {subprocess.py:92} INFO - 25/09/01 10:48:55 INFO Executor: Fetching file:///home/***/.ivy2/jars/org.lz4_lz4-java-1.8.0.jar with timestamp 1756723734631
[2025-09-01 10:48:55,847] {subprocess.py:92} INFO - 25/09/01 10:48:55 INFO Utils: /home/***/.ivy2/jars/org.lz4_lz4-java-1.8.0.jar has been previously copied to /tmp/spark-92a8ae67-4669-42f9-9829-6f5991276591/userFiles-89cbb6ef-7112-40c3-9796-9d2a647c53f1/org.lz4_lz4-java-1.8.0.jar
[2025-09-01 10:48:55,853] {subprocess.py:92} INFO - 25/09/01 10:48:55 INFO Executor: Fetching file:///home/***/.ivy2/jars/org.apache.commons_commons-pool2-2.11.1.jar with timestamp 1756723734631
[2025-09-01 10:48:55,854] {subprocess.py:92} INFO - 25/09/01 10:48:55 INFO Utils: /home/***/.ivy2/jars/org.apache.commons_commons-pool2-2.11.1.jar has been previously copied to /tmp/spark-92a8ae67-4669-42f9-9829-6f5991276591/userFiles-89cbb6ef-7112-40c3-9796-9d2a647c53f1/org.apache.commons_commons-pool2-2.11.1.jar
[2025-09-01 10:48:55,859] {subprocess.py:92} INFO - 25/09/01 10:48:55 INFO Executor: Fetching file:///home/***/.ivy2/jars/com.google.code.findbugs_jsr305-3.0.0.jar with timestamp 1756723734631
[2025-09-01 10:48:55,860] {subprocess.py:92} INFO - 25/09/01 10:48:55 INFO Utils: /home/***/.ivy2/jars/com.google.code.findbugs_jsr305-3.0.0.jar has been previously copied to /tmp/spark-92a8ae67-4669-42f9-9829-6f5991276591/userFiles-89cbb6ef-7112-40c3-9796-9d2a647c53f1/com.google.code.findbugs_jsr305-3.0.0.jar
[2025-09-01 10:48:55,865] {subprocess.py:92} INFO - 25/09/01 10:48:55 INFO Executor: Fetching file:///home/***/.ivy2/jars/org.apache.spark_spark-token-provider-kafka-0-10_2.12-3.3.1.jar with timestamp 1756723734631
[2025-09-01 10:48:55,865] {subprocess.py:92} INFO - 25/09/01 10:48:55 INFO Utils: /home/***/.ivy2/jars/org.apache.spark_spark-token-provider-kafka-0-10_2.12-3.3.1.jar has been previously copied to /tmp/spark-92a8ae67-4669-42f9-9829-6f5991276591/userFiles-89cbb6ef-7112-40c3-9796-9d2a647c53f1/org.apache.spark_spark-token-provider-kafka-0-10_2.12-3.3.1.jar
[2025-09-01 10:48:55,871] {subprocess.py:92} INFO - 25/09/01 10:48:55 INFO Executor: Fetching file:///home/***/.ivy2/jars/org.apache.kafka_kafka-clients-2.8.1.jar with timestamp 1756723734631
[2025-09-01 10:48:55,877] {subprocess.py:92} INFO - 25/09/01 10:48:55 INFO Utils: /home/***/.ivy2/jars/org.apache.kafka_kafka-clients-2.8.1.jar has been previously copied to /tmp/spark-92a8ae67-4669-42f9-9829-6f5991276591/userFiles-89cbb6ef-7112-40c3-9796-9d2a647c53f1/org.apache.kafka_kafka-clients-2.8.1.jar
[2025-09-01 10:48:55,882] {subprocess.py:92} INFO - 25/09/01 10:48:55 INFO Executor: Fetching file:///home/***/.ivy2/jars/org.xerial.snappy_snappy-java-1.1.8.4.jar with timestamp 1756723734631
[2025-09-01 10:48:55,885] {subprocess.py:92} INFO - 25/09/01 10:48:55 INFO Utils: /home/***/.ivy2/jars/org.xerial.snappy_snappy-java-1.1.8.4.jar has been previously copied to /tmp/spark-92a8ae67-4669-42f9-9829-6f5991276591/userFiles-89cbb6ef-7112-40c3-9796-9d2a647c53f1/org.xerial.snappy_snappy-java-1.1.8.4.jar
[2025-09-01 10:48:55,892] {subprocess.py:92} INFO - 25/09/01 10:48:55 INFO Executor: Fetching spark://e66737cfc193:42569/jars/org.apache.hadoop_hadoop-client-api-3.3.2.jar with timestamp 1756723734631
[2025-09-01 10:48:55,941] {subprocess.py:92} INFO - 25/09/01 10:48:55 INFO TransportClientFactory: Successfully created connection to e66737cfc193/172.20.0.18:42569 after 34 ms (0 ms spent in bootstraps)
[2025-09-01 10:48:55,950] {subprocess.py:92} INFO - 25/09/01 10:48:55 INFO Utils: Fetching spark://e66737cfc193:42569/jars/org.apache.hadoop_hadoop-client-api-3.3.2.jar to /tmp/spark-92a8ae67-4669-42f9-9829-6f5991276591/userFiles-89cbb6ef-7112-40c3-9796-9d2a647c53f1/fetchFileTemp14912277703170233679.tmp
[2025-09-01 10:48:56,064] {subprocess.py:92} INFO - 25/09/01 10:48:56 INFO Utils: /tmp/spark-92a8ae67-4669-42f9-9829-6f5991276591/userFiles-89cbb6ef-7112-40c3-9796-9d2a647c53f1/fetchFileTemp14912277703170233679.tmp has been previously copied to /tmp/spark-92a8ae67-4669-42f9-9829-6f5991276591/userFiles-89cbb6ef-7112-40c3-9796-9d2a647c53f1/org.apache.hadoop_hadoop-client-api-3.3.2.jar
[2025-09-01 10:48:56,073] {subprocess.py:92} INFO - 25/09/01 10:48:56 INFO Executor: Adding file:/tmp/spark-92a8ae67-4669-42f9-9829-6f5991276591/userFiles-89cbb6ef-7112-40c3-9796-9d2a647c53f1/org.apache.hadoop_hadoop-client-api-3.3.2.jar to class loader
[2025-09-01 10:48:56,073] {subprocess.py:92} INFO - 25/09/01 10:48:56 INFO Executor: Fetching spark://e66737cfc193:42569/jars/org.apache.spark_spark-token-provider-kafka-0-10_2.12-3.3.1.jar with timestamp 1756723734631
[2025-09-01 10:48:56,074] {subprocess.py:92} INFO - 25/09/01 10:48:56 INFO Utils: Fetching spark://e66737cfc193:42569/jars/org.apache.spark_spark-token-provider-kafka-0-10_2.12-3.3.1.jar to /tmp/spark-92a8ae67-4669-42f9-9829-6f5991276591/userFiles-89cbb6ef-7112-40c3-9796-9d2a647c53f1/fetchFileTemp15739053390370551986.tmp
[2025-09-01 10:48:56,076] {subprocess.py:92} INFO - 25/09/01 10:48:56 INFO Utils: /tmp/spark-92a8ae67-4669-42f9-9829-6f5991276591/userFiles-89cbb6ef-7112-40c3-9796-9d2a647c53f1/fetchFileTemp15739053390370551986.tmp has been previously copied to /tmp/spark-92a8ae67-4669-42f9-9829-6f5991276591/userFiles-89cbb6ef-7112-40c3-9796-9d2a647c53f1/org.apache.spark_spark-token-provider-kafka-0-10_2.12-3.3.1.jar
[2025-09-01 10:48:56,082] {subprocess.py:92} INFO - 25/09/01 10:48:56 INFO Executor: Adding file:/tmp/spark-92a8ae67-4669-42f9-9829-6f5991276591/userFiles-89cbb6ef-7112-40c3-9796-9d2a647c53f1/org.apache.spark_spark-token-provider-kafka-0-10_2.12-3.3.1.jar to class loader
[2025-09-01 10:48:56,082] {subprocess.py:92} INFO - 25/09/01 10:48:56 INFO Executor: Fetching spark://e66737cfc193:42569/jars/org.slf4j_slf4j-api-1.7.32.jar with timestamp 1756723734631
[2025-09-01 10:48:56,083] {subprocess.py:92} INFO - 25/09/01 10:48:56 INFO Utils: Fetching spark://e66737cfc193:42569/jars/org.slf4j_slf4j-api-1.7.32.jar to /tmp/spark-92a8ae67-4669-42f9-9829-6f5991276591/userFiles-89cbb6ef-7112-40c3-9796-9d2a647c53f1/fetchFileTemp10763120700034805746.tmp
[2025-09-01 10:48:56,085] {subprocess.py:92} INFO - 25/09/01 10:48:56 INFO Utils: /tmp/spark-92a8ae67-4669-42f9-9829-6f5991276591/userFiles-89cbb6ef-7112-40c3-9796-9d2a647c53f1/fetchFileTemp10763120700034805746.tmp has been previously copied to /tmp/spark-92a8ae67-4669-42f9-9829-6f5991276591/userFiles-89cbb6ef-7112-40c3-9796-9d2a647c53f1/org.slf4j_slf4j-api-1.7.32.jar
[2025-09-01 10:48:56,090] {subprocess.py:92} INFO - 25/09/01 10:48:56 INFO Executor: Adding file:/tmp/spark-92a8ae67-4669-42f9-9829-6f5991276591/userFiles-89cbb6ef-7112-40c3-9796-9d2a647c53f1/org.slf4j_slf4j-api-1.7.32.jar to class loader
[2025-09-01 10:48:56,091] {subprocess.py:92} INFO - 25/09/01 10:48:56 INFO Executor: Fetching spark://e66737cfc193:42569/jars/com.google.code.findbugs_jsr305-3.0.0.jar with timestamp 1756723734631
[2025-09-01 10:48:56,091] {subprocess.py:92} INFO - 25/09/01 10:48:56 INFO Utils: Fetching spark://e66737cfc193:42569/jars/com.google.code.findbugs_jsr305-3.0.0.jar to /tmp/spark-92a8ae67-4669-42f9-9829-6f5991276591/userFiles-89cbb6ef-7112-40c3-9796-9d2a647c53f1/fetchFileTemp10111417447098124016.tmp
[2025-09-01 10:48:56,093] {subprocess.py:92} INFO - 25/09/01 10:48:56 INFO Utils: /tmp/spark-92a8ae67-4669-42f9-9829-6f5991276591/userFiles-89cbb6ef-7112-40c3-9796-9d2a647c53f1/fetchFileTemp10111417447098124016.tmp has been previously copied to /tmp/spark-92a8ae67-4669-42f9-9829-6f5991276591/userFiles-89cbb6ef-7112-40c3-9796-9d2a647c53f1/com.google.code.findbugs_jsr305-3.0.0.jar
[2025-09-01 10:48:56,098] {subprocess.py:92} INFO - 25/09/01 10:48:56 INFO Executor: Adding file:/tmp/spark-92a8ae67-4669-42f9-9829-6f5991276591/userFiles-89cbb6ef-7112-40c3-9796-9d2a647c53f1/com.google.code.findbugs_jsr305-3.0.0.jar to class loader
[2025-09-01 10:48:56,099] {subprocess.py:92} INFO - 25/09/01 10:48:56 INFO Executor: Fetching spark://e66737cfc193:42569/jars/org.apache.hadoop_hadoop-client-runtime-3.3.2.jar with timestamp 1756723734631
[2025-09-01 10:48:56,099] {subprocess.py:92} INFO - 25/09/01 10:48:56 INFO Utils: Fetching spark://e66737cfc193:42569/jars/org.apache.hadoop_hadoop-client-runtime-3.3.2.jar to /tmp/spark-92a8ae67-4669-42f9-9829-6f5991276591/userFiles-89cbb6ef-7112-40c3-9796-9d2a647c53f1/fetchFileTemp14906330265567327223.tmp
[2025-09-01 10:48:56,207] {subprocess.py:92} INFO - 25/09/01 10:48:56 INFO Utils: /tmp/spark-92a8ae67-4669-42f9-9829-6f5991276591/userFiles-89cbb6ef-7112-40c3-9796-9d2a647c53f1/fetchFileTemp14906330265567327223.tmp has been previously copied to /tmp/spark-92a8ae67-4669-42f9-9829-6f5991276591/userFiles-89cbb6ef-7112-40c3-9796-9d2a647c53f1/org.apache.hadoop_hadoop-client-runtime-3.3.2.jar
[2025-09-01 10:48:56,218] {subprocess.py:92} INFO - 25/09/01 10:48:56 INFO Executor: Adding file:/tmp/spark-92a8ae67-4669-42f9-9829-6f5991276591/userFiles-89cbb6ef-7112-40c3-9796-9d2a647c53f1/org.apache.hadoop_hadoop-client-runtime-3.3.2.jar to class loader
[2025-09-01 10:48:56,218] {subprocess.py:92} INFO - 25/09/01 10:48:56 INFO Executor: Fetching spark://e66737cfc193:42569/jars/org.apache.kafka_kafka-clients-2.8.1.jar with timestamp 1756723734631
[2025-09-01 10:48:56,219] {subprocess.py:92} INFO - 25/09/01 10:48:56 INFO Utils: Fetching spark://e66737cfc193:42569/jars/org.apache.kafka_kafka-clients-2.8.1.jar to /tmp/spark-92a8ae67-4669-42f9-9829-6f5991276591/userFiles-89cbb6ef-7112-40c3-9796-9d2a647c53f1/fetchFileTemp557516420298339566.tmp
[2025-09-01 10:48:56,240] {subprocess.py:92} INFO - 25/09/01 10:48:56 INFO Utils: /tmp/spark-92a8ae67-4669-42f9-9829-6f5991276591/userFiles-89cbb6ef-7112-40c3-9796-9d2a647c53f1/fetchFileTemp557516420298339566.tmp has been previously copied to /tmp/spark-92a8ae67-4669-42f9-9829-6f5991276591/userFiles-89cbb6ef-7112-40c3-9796-9d2a647c53f1/org.apache.kafka_kafka-clients-2.8.1.jar
[2025-09-01 10:48:56,246] {subprocess.py:92} INFO - 25/09/01 10:48:56 INFO Executor: Adding file:/tmp/spark-92a8ae67-4669-42f9-9829-6f5991276591/userFiles-89cbb6ef-7112-40c3-9796-9d2a647c53f1/org.apache.kafka_kafka-clients-2.8.1.jar to class loader
[2025-09-01 10:48:56,246] {subprocess.py:92} INFO - 25/09/01 10:48:56 INFO Executor: Fetching spark://e66737cfc193:42569/jars/org.xerial.snappy_snappy-java-1.1.8.4.jar with timestamp 1756723734631
[2025-09-01 10:48:56,247] {subprocess.py:92} INFO - 25/09/01 10:48:56 INFO Utils: Fetching spark://e66737cfc193:42569/jars/org.xerial.snappy_snappy-java-1.1.8.4.jar to /tmp/spark-92a8ae67-4669-42f9-9829-6f5991276591/userFiles-89cbb6ef-7112-40c3-9796-9d2a647c53f1/fetchFileTemp8169314096984141830.tmp
[2025-09-01 10:48:56,256] {subprocess.py:92} INFO - 25/09/01 10:48:56 INFO Utils: /tmp/spark-92a8ae67-4669-42f9-9829-6f5991276591/userFiles-89cbb6ef-7112-40c3-9796-9d2a647c53f1/fetchFileTemp8169314096984141830.tmp has been previously copied to /tmp/spark-92a8ae67-4669-42f9-9829-6f5991276591/userFiles-89cbb6ef-7112-40c3-9796-9d2a647c53f1/org.xerial.snappy_snappy-java-1.1.8.4.jar
[2025-09-01 10:48:56,261] {subprocess.py:92} INFO - 25/09/01 10:48:56 INFO Executor: Adding file:/tmp/spark-92a8ae67-4669-42f9-9829-6f5991276591/userFiles-89cbb6ef-7112-40c3-9796-9d2a647c53f1/org.xerial.snappy_snappy-java-1.1.8.4.jar to class loader
[2025-09-01 10:48:56,262] {subprocess.py:92} INFO - 25/09/01 10:48:56 INFO Executor: Fetching spark://e66737cfc193:42569/jars/commons-logging_commons-logging-1.1.3.jar with timestamp 1756723734631
[2025-09-01 10:48:56,262] {subprocess.py:92} INFO - 25/09/01 10:48:56 INFO Utils: Fetching spark://e66737cfc193:42569/jars/commons-logging_commons-logging-1.1.3.jar to /tmp/spark-92a8ae67-4669-42f9-9829-6f5991276591/userFiles-89cbb6ef-7112-40c3-9796-9d2a647c53f1/fetchFileTemp3225465284411424884.tmp
[2025-09-01 10:48:56,265] {subprocess.py:92} INFO - 25/09/01 10:48:56 INFO Utils: /tmp/spark-92a8ae67-4669-42f9-9829-6f5991276591/userFiles-89cbb6ef-7112-40c3-9796-9d2a647c53f1/fetchFileTemp3225465284411424884.tmp has been previously copied to /tmp/spark-92a8ae67-4669-42f9-9829-6f5991276591/userFiles-89cbb6ef-7112-40c3-9796-9d2a647c53f1/commons-logging_commons-logging-1.1.3.jar
[2025-09-01 10:48:56,270] {subprocess.py:92} INFO - 25/09/01 10:48:56 INFO Executor: Adding file:/tmp/spark-92a8ae67-4669-42f9-9829-6f5991276591/userFiles-89cbb6ef-7112-40c3-9796-9d2a647c53f1/commons-logging_commons-logging-1.1.3.jar to class loader
[2025-09-01 10:48:56,270] {subprocess.py:92} INFO - 25/09/01 10:48:56 INFO Executor: Fetching spark://e66737cfc193:42569/jars/org.spark-project.spark_unused-1.0.0.jar with timestamp 1756723734631
[2025-09-01 10:48:56,272] {subprocess.py:92} INFO - 25/09/01 10:48:56 INFO Utils: Fetching spark://e66737cfc193:42569/jars/org.spark-project.spark_unused-1.0.0.jar to /tmp/spark-92a8ae67-4669-42f9-9829-6f5991276591/userFiles-89cbb6ef-7112-40c3-9796-9d2a647c53f1/fetchFileTemp12102814834819631867.tmp
[2025-09-01 10:48:56,273] {subprocess.py:92} INFO - 25/09/01 10:48:56 INFO Utils: /tmp/spark-92a8ae67-4669-42f9-9829-6f5991276591/userFiles-89cbb6ef-7112-40c3-9796-9d2a647c53f1/fetchFileTemp12102814834819631867.tmp has been previously copied to /tmp/spark-92a8ae67-4669-42f9-9829-6f5991276591/userFiles-89cbb6ef-7112-40c3-9796-9d2a647c53f1/org.spark-project.spark_unused-1.0.0.jar
[2025-09-01 10:48:56,279] {subprocess.py:92} INFO - 25/09/01 10:48:56 INFO Executor: Adding file:/tmp/spark-92a8ae67-4669-42f9-9829-6f5991276591/userFiles-89cbb6ef-7112-40c3-9796-9d2a647c53f1/org.spark-project.spark_unused-1.0.0.jar to class loader
[2025-09-01 10:48:56,279] {subprocess.py:92} INFO - 25/09/01 10:48:56 INFO Executor: Fetching spark://e66737cfc193:42569/jars/org.lz4_lz4-java-1.8.0.jar with timestamp 1756723734631
[2025-09-01 10:48:56,280] {subprocess.py:92} INFO - 25/09/01 10:48:56 INFO Utils: Fetching spark://e66737cfc193:42569/jars/org.lz4_lz4-java-1.8.0.jar to /tmp/spark-92a8ae67-4669-42f9-9829-6f5991276591/userFiles-89cbb6ef-7112-40c3-9796-9d2a647c53f1/fetchFileTemp14677857010102901254.tmp
[2025-09-01 10:48:56,285] {subprocess.py:92} INFO - 25/09/01 10:48:56 INFO Utils: /tmp/spark-92a8ae67-4669-42f9-9829-6f5991276591/userFiles-89cbb6ef-7112-40c3-9796-9d2a647c53f1/fetchFileTemp14677857010102901254.tmp has been previously copied to /tmp/spark-92a8ae67-4669-42f9-9829-6f5991276591/userFiles-89cbb6ef-7112-40c3-9796-9d2a647c53f1/org.lz4_lz4-java-1.8.0.jar
[2025-09-01 10:48:56,291] {subprocess.py:92} INFO - 25/09/01 10:48:56 INFO Executor: Adding file:/tmp/spark-92a8ae67-4669-42f9-9829-6f5991276591/userFiles-89cbb6ef-7112-40c3-9796-9d2a647c53f1/org.lz4_lz4-java-1.8.0.jar to class loader
[2025-09-01 10:48:56,291] {subprocess.py:92} INFO - 25/09/01 10:48:56 INFO Executor: Fetching spark://e66737cfc193:42569/jars/org.apache.commons_commons-pool2-2.11.1.jar with timestamp 1756723734631
[2025-09-01 10:48:56,292] {subprocess.py:92} INFO - 25/09/01 10:48:56 INFO Utils: Fetching spark://e66737cfc193:42569/jars/org.apache.commons_commons-pool2-2.11.1.jar to /tmp/spark-92a8ae67-4669-42f9-9829-6f5991276591/userFiles-89cbb6ef-7112-40c3-9796-9d2a647c53f1/fetchFileTemp1914155499786225346.tmp
[2025-09-01 10:48:56,295] {subprocess.py:92} INFO - 25/09/01 10:48:56 INFO Utils: /tmp/spark-92a8ae67-4669-42f9-9829-6f5991276591/userFiles-89cbb6ef-7112-40c3-9796-9d2a647c53f1/fetchFileTemp1914155499786225346.tmp has been previously copied to /tmp/spark-92a8ae67-4669-42f9-9829-6f5991276591/userFiles-89cbb6ef-7112-40c3-9796-9d2a647c53f1/org.apache.commons_commons-pool2-2.11.1.jar
[2025-09-01 10:48:56,301] {subprocess.py:92} INFO - 25/09/01 10:48:56 INFO Executor: Adding file:/tmp/spark-92a8ae67-4669-42f9-9829-6f5991276591/userFiles-89cbb6ef-7112-40c3-9796-9d2a647c53f1/org.apache.commons_commons-pool2-2.11.1.jar to class loader
[2025-09-01 10:48:56,301] {subprocess.py:92} INFO - 25/09/01 10:48:56 INFO Executor: Fetching spark://e66737cfc193:42569/jars/org.apache.spark_spark-sql-kafka-0-10_2.12-3.3.1.jar with timestamp 1756723734631
[2025-09-01 10:48:56,302] {subprocess.py:92} INFO - 25/09/01 10:48:56 INFO Utils: Fetching spark://e66737cfc193:42569/jars/org.apache.spark_spark-sql-kafka-0-10_2.12-3.3.1.jar to /tmp/spark-92a8ae67-4669-42f9-9829-6f5991276591/userFiles-89cbb6ef-7112-40c3-9796-9d2a647c53f1/fetchFileTemp5216488719547389129.tmp
[2025-09-01 10:48:56,306] {subprocess.py:92} INFO - 25/09/01 10:48:56 INFO Utils: /tmp/spark-92a8ae67-4669-42f9-9829-6f5991276591/userFiles-89cbb6ef-7112-40c3-9796-9d2a647c53f1/fetchFileTemp5216488719547389129.tmp has been previously copied to /tmp/spark-92a8ae67-4669-42f9-9829-6f5991276591/userFiles-89cbb6ef-7112-40c3-9796-9d2a647c53f1/org.apache.spark_spark-sql-kafka-0-10_2.12-3.3.1.jar
[2025-09-01 10:48:56,312] {subprocess.py:92} INFO - 25/09/01 10:48:56 INFO Executor: Adding file:/tmp/spark-92a8ae67-4669-42f9-9829-6f5991276591/userFiles-89cbb6ef-7112-40c3-9796-9d2a647c53f1/org.apache.spark_spark-sql-kafka-0-10_2.12-3.3.1.jar to class loader
[2025-09-01 10:48:56,321] {subprocess.py:92} INFO - 25/09/01 10:48:56 INFO Utils: Successfully started service 'org.apache.spark.network.netty.NettyBlockTransferService' on port 38777.
[2025-09-01 10:48:56,322] {subprocess.py:92} INFO - 25/09/01 10:48:56 INFO NettyBlockTransferService: Server created on e66737cfc193:38777
[2025-09-01 10:48:56,323] {subprocess.py:92} INFO - 25/09/01 10:48:56 INFO BlockManager: Using org.apache.spark.storage.RandomBlockReplicationPolicy for block replication policy
[2025-09-01 10:48:56,330] {subprocess.py:92} INFO - 25/09/01 10:48:56 INFO BlockManagerMaster: Registering BlockManager BlockManagerId(driver, e66737cfc193, 38777, None)
[2025-09-01 10:48:56,334] {subprocess.py:92} INFO - 25/09/01 10:48:56 INFO BlockManagerMasterEndpoint: Registering block manager e66737cfc193:38777 with 434.4 MiB RAM, BlockManagerId(driver, e66737cfc193, 38777, None)
[2025-09-01 10:48:56,338] {subprocess.py:92} INFO - 25/09/01 10:48:56 INFO BlockManagerMaster: Registered BlockManager BlockManagerId(driver, e66737cfc193, 38777, None)
[2025-09-01 10:48:56,339] {subprocess.py:92} INFO - 25/09/01 10:48:56 INFO BlockManager: Initialized BlockManager: BlockManagerId(driver, e66737cfc193, 38777, None)
[2025-09-01 10:48:56,741] {subprocess.py:92} INFO - Connexion à Kafka...
[2025-09-01 10:48:58,986] {subprocess.py:92} INFO - Connexion Kafka réussie (kafka:9092)
[2025-09-01 10:48:58,986] {subprocess.py:92} INFO - Transformation des données JSON...
[2025-09-01 10:48:59,310] {subprocess.py:92} INFO - Démarrage du streaming vers HDFS...
[2025-09-01 10:49:00,332] {subprocess.py:92} INFO - Streaming actif - Données météo sauvegardées dans HDFS:/data/weather
[2025-09-01 10:49:01,310] {subprocess.py:92} INFO - 25/09/01 10:49:01 ERROR MicroBatchExecution: Query [id = 8bb46a74-6ffa-4764-a9c6-2e4a331d8211, runId = edad005d-ecd2-46a3-988b-b4b05ebd6016] terminated with error
[2025-09-01 10:49:01,311] {subprocess.py:92} INFO - org.apache.spark.SparkException: Execution of the stream null failed. Please, fill a bug report in, and provide the full stack trace.
[2025-09-01 10:49:01,311] {subprocess.py:92} INFO - 	at org.apache.spark.sql.execution.QueryExecution$.toInternalError(QueryExecution.scala:500)
[2025-09-01 10:49:01,311] {subprocess.py:92} INFO - 	at org.apache.spark.sql.execution.streaming.StreamExecution.org$apache$spark$sql$execution$streaming$StreamExecution$$runStream(StreamExecution.scala:324)
[2025-09-01 10:49:01,311] {subprocess.py:92} INFO - 	at org.apache.spark.sql.execution.streaming.StreamExecution$$anon$1.run(StreamExecution.scala:208)
[2025-09-01 10:49:01,311] {subprocess.py:92} INFO - Caused by: java.lang.AssertionError: assertion failed: Concurrent update to the commit log. Multiple streaming jobs detected for 61
[2025-09-01 10:49:01,311] {subprocess.py:92} INFO - 	at scala.Predef$.assert(Predef.scala:223)
[2025-09-01 10:49:01,311] {subprocess.py:92} INFO - 	at org.apache.spark.sql.execution.streaming.MicroBatchExecution.$anonfun$runBatch$18(MicroBatchExecution.scala:682)
[2025-09-01 10:49:01,311] {subprocess.py:92} INFO - 	at scala.runtime.java8.JFunction0$mcV$sp.apply(JFunction0$mcV$sp.java:23)
[2025-09-01 10:49:01,311] {subprocess.py:92} INFO - 	at org.apache.spark.sql.execution.streaming.MicroBatchExecution.withProgressLocked(MicroBatchExecution.scala:693)
[2025-09-01 10:49:01,311] {subprocess.py:92} INFO - 	at org.apache.spark.sql.execution.streaming.MicroBatchExecution.runBatch(MicroBatchExecution.scala:678)
[2025-09-01 10:49:01,311] {subprocess.py:92} INFO - 	at org.apache.spark.sql.execution.streaming.MicroBatchExecution.$anonfun$runActivatedStream$2(MicroBatchExecution.scala:256)
[2025-09-01 10:49:01,312] {subprocess.py:92} INFO - 	at scala.runtime.java8.JFunction0$mcV$sp.apply(JFunction0$mcV$sp.java:23)
[2025-09-01 10:49:01,312] {subprocess.py:92} INFO - 	at org.apache.spark.sql.execution.streaming.ProgressReporter.reportTimeTaken(ProgressReporter.scala:375)
[2025-09-01 10:49:01,312] {subprocess.py:92} INFO - 	at org.apache.spark.sql.execution.streaming.ProgressReporter.reportTimeTaken$(ProgressReporter.scala:373)
[2025-09-01 10:49:01,312] {subprocess.py:92} INFO - 	at org.apache.spark.sql.execution.streaming.StreamExecution.reportTimeTaken(StreamExecution.scala:68)
[2025-09-01 10:49:01,312] {subprocess.py:92} INFO - 	at org.apache.spark.sql.execution.streaming.MicroBatchExecution.$anonfun$runActivatedStream$1(MicroBatchExecution.scala:219)
[2025-09-01 10:49:01,312] {subprocess.py:92} INFO - 	at org.apache.spark.sql.execution.streaming.ProcessingTimeExecutor.execute(TriggerExecutor.scala:67)
[2025-09-01 10:49:01,312] {subprocess.py:92} INFO - 	at org.apache.spark.sql.execution.streaming.MicroBatchExecution.runActivatedStream(MicroBatchExecution.scala:213)
[2025-09-01 10:49:01,312] {subprocess.py:92} INFO - 	at org.apache.spark.sql.execution.streaming.StreamExecution.$anonfun$runStream$1(StreamExecution.scala:307)
[2025-09-01 10:49:01,312] {subprocess.py:92} INFO - 	at scala.runtime.java8.JFunction0$mcV$sp.apply(JFunction0$mcV$sp.java:23)
[2025-09-01 10:49:01,312] {subprocess.py:92} INFO - 	at org.apache.spark.sql.SparkSession.withActive(SparkSession.scala:779)
[2025-09-01 10:49:01,312] {subprocess.py:92} INFO - 	at org.apache.spark.sql.execution.streaming.StreamExecution.org$apache$spark$sql$execution$streaming$StreamExecution$$runStream(StreamExecution.scala:285)
[2025-09-01 10:49:01,312] {subprocess.py:92} INFO - 	... 1 more
[2025-09-01 10:49:01,388] {subprocess.py:92} INFO - Traceback (most recent call last):
[2025-09-01 10:49:01,388] {subprocess.py:92} INFO -   File "/opt/***/scripts/pyspark/streaming.py", line 60, in <module>
[2025-09-01 10:49:01,388] {subprocess.py:92} INFO -     query.awaitTermination()
[2025-09-01 10:49:01,388] {subprocess.py:92} INFO -   File "/opt/spark-3.3.1-bin-hadoop3/python/lib/pyspark.zip/pyspark/sql/streaming.py", line 107, in awaitTermination
[2025-09-01 10:49:01,388] {subprocess.py:92} INFO -   File "/opt/spark-3.3.1-bin-hadoop3/python/lib/py4j-0.10.9.5-src.zip/py4j/java_gateway.py", line 1322, in __call__
[2025-09-01 10:49:01,388] {subprocess.py:92} INFO -   File "/opt/spark-3.3.1-bin-hadoop3/python/lib/pyspark.zip/pyspark/sql/utils.py", line 196, in deco
[2025-09-01 10:49:01,395] {subprocess.py:92} INFO - pyspark.sql.utils.StreamingQueryException: Query [id = 8bb46a74-6ffa-4764-a9c6-2e4a331d8211, runId = edad005d-ecd2-46a3-988b-b4b05ebd6016] terminated with exception: Execution of the stream null failed. Please, fill a bug report in, and provide the full stack trace.
[2025-09-01 10:49:01,579] {subprocess.py:96} INFO - Command exited with return code 1
[2025-09-01 10:49:01,603] {taskinstance.py:1889} ERROR - Task failed with exception
Traceback (most recent call last):
  File "/home/airflow/.local/lib/python3.7/site-packages/airflow/operators/bash.py", line 195, in execute
    f'Bash command failed. The command returned a non-zero exit code {result.exit_code}.'
airflow.exceptions.AirflowException: Bash command failed. The command returned a non-zero exit code 1.
[2025-09-01 10:49:01,607] {taskinstance.py:1400} INFO - Marking task as UP_FOR_RETRY. dag_id=send_weather_to_kafka, task_id=stream_hdfs, execution_date=20250901T101509, start_date=20250901T104850, end_date=20250901T104901
[2025-09-01 10:49:01,622] {standard_task_runner.py:97} ERROR - Failed to execute job 524 for task stream_hdfs (Bash command failed. The command returned a non-zero exit code 1.; 14274)
[2025-09-01 10:49:01,651] {local_task_job.py:156} INFO - Task exited with return code 1
[2025-09-01 10:49:01,688] {local_task_job.py:273} INFO - 0 downstream tasks scheduled from follow-on schedule check
