[2025-08-18 13:19:02,524] {taskinstance.py:1159} INFO - Dependencies all met for <TaskInstance: send_weather_to_kafka.stream_hdfs scheduled__2025-08-18T09:15:37.816351+00:00 [queued]>
[2025-08-18 13:19:02,574] {taskinstance.py:1159} INFO - Dependencies all met for <TaskInstance: send_weather_to_kafka.stream_hdfs scheduled__2025-08-18T09:15:37.816351+00:00 [queued]>
[2025-08-18 13:19:02,574] {taskinstance.py:1356} INFO - 
--------------------------------------------------------------------------------
[2025-08-18 13:19:02,574] {taskinstance.py:1357} INFO - Starting attempt 2 of 2
[2025-08-18 13:19:02,575] {taskinstance.py:1358} INFO - 
--------------------------------------------------------------------------------
[2025-08-18 13:19:02,626] {taskinstance.py:1377} INFO - Executing <Task(BashOperator): stream_hdfs> on 2025-08-18 09:15:37.816351+00:00
[2025-08-18 13:19:02,640] {standard_task_runner.py:52} INFO - Started process 4170 to run task
[2025-08-18 13:19:02,652] {standard_task_runner.py:79} INFO - Running: ['***', 'tasks', 'run', 'send_weather_to_kafka', 'stream_hdfs', 'scheduled__2025-08-18T09:15:37.816351+00:00', '--job-id', '283', '--raw', '--subdir', 'DAGS_FOLDER/dag_meteo.py', '--cfg-path', '/tmp/tmpz4ay05re', '--error-file', '/tmp/tmpnjp2x40k']
[2025-08-18 13:19:02,655] {standard_task_runner.py:80} INFO - Job 283: Subtask stream_hdfs
[2025-08-18 13:19:02,720] {logging_mixin.py:115} WARNING - /home/***/.local/lib/python3.7/site-packages/***/configuration.py:470 DeprecationWarning: The sql_alchemy_conn option in [core] has been moved to the sql_alchemy_conn option in [database] - the old setting has been used, but please update your config.
[2025-08-18 13:19:02,830] {task_command.py:369} INFO - Running <TaskInstance: send_weather_to_kafka.stream_hdfs scheduled__2025-08-18T09:15:37.816351+00:00 [running]> on host a4b544519f2b
[2025-08-18 13:19:03,060] {taskinstance.py:1571} INFO - Exporting the following env vars:
AIRFLOW_CTX_DAG_OWNER=***
AIRFLOW_CTX_DAG_ID=send_weather_to_kafka
AIRFLOW_CTX_TASK_ID=stream_hdfs
AIRFLOW_CTX_EXECUTION_DATE=2025-08-18T09:15:37.816351+00:00
AIRFLOW_CTX_TRY_NUMBER=2
AIRFLOW_CTX_DAG_RUN_ID=scheduled__2025-08-18T09:15:37.816351+00:00
[2025-08-18 13:19:03,061] {subprocess.py:62} INFO - Tmp dir root location: 
 /tmp
[2025-08-18 13:19:03,067] {subprocess.py:74} INFO - Running command: ['bash', '-c', '\n/home/***/.local/bin/spark-submit   --master local[*]   --conf spark.hadoop.fs.defaultFS=hdfs://namenode:9000   --conf spark.hadoop.dfs.client.use.datanode.hostname=true   --conf spark.sql.adaptive.enabled=false   --packages org.apache.spark:spark-sql-kafka-0-10_2.12:3.3.1   /opt/***/scripts/pyspark/streaming.py']
[2025-08-18 13:19:03,109] {subprocess.py:85} INFO - Output:
[2025-08-18 13:19:03,175] {subprocess.py:92} INFO - /opt/spark-3.3.1-bin-hadoop3/bin/load-spark-env.sh: line 68: ps: command not found
[2025-08-18 13:19:06,370] {subprocess.py:92} INFO - :: loading settings :: url = jar:file:/opt/spark-3.3.1-bin-hadoop3/jars/ivy-2.5.0.jar!/org/apache/ivy/core/settings/ivysettings.xml
[2025-08-18 13:19:06,586] {subprocess.py:92} INFO - Ivy Default Cache set to: /home/***/.ivy2/cache
[2025-08-18 13:19:06,586] {subprocess.py:92} INFO - The jars for the packages stored in: /home/***/.ivy2/jars
[2025-08-18 13:19:06,591] {subprocess.py:92} INFO - org.apache.spark#spark-sql-kafka-0-10_2.12 added as a dependency
[2025-08-18 13:19:06,592] {subprocess.py:92} INFO - :: resolving dependencies :: org.apache.spark#spark-submit-parent-16207b48-7333-432c-a309-7f5d0a337241;1.0
[2025-08-18 13:19:06,592] {subprocess.py:92} INFO - 	confs: [default]
[2025-08-18 13:19:06,835] {subprocess.py:92} INFO - 	found org.apache.spark#spark-sql-kafka-0-10_2.12;3.3.1 in spark-list
[2025-08-18 13:19:06,905] {subprocess.py:92} INFO - 	found org.apache.spark#spark-token-provider-kafka-0-10_2.12;3.3.1 in central
[2025-08-18 13:19:06,948] {subprocess.py:92} INFO - 	found org.apache.kafka#kafka-clients;2.8.1 in central
[2025-08-18 13:19:07,025] {subprocess.py:92} INFO - 	found org.lz4#lz4-java;1.8.0 in spark-list
[2025-08-18 13:19:07,091] {subprocess.py:92} INFO - 	found org.xerial.snappy#snappy-java;1.1.8.4 in central
[2025-08-18 13:19:07,134] {subprocess.py:92} INFO - 	found org.slf4j#slf4j-api;1.7.32 in central
[2025-08-18 13:19:07,191] {subprocess.py:92} INFO - 	found org.apache.hadoop#hadoop-client-runtime;3.3.2 in central
[2025-08-18 13:19:07,216] {subprocess.py:92} INFO - 	found org.spark-project.spark#unused;1.0.0 in central
[2025-08-18 13:19:07,272] {subprocess.py:92} INFO - 	found org.apache.hadoop#hadoop-client-api;3.3.2 in central
[2025-08-18 13:19:07,311] {subprocess.py:92} INFO - 	found commons-logging#commons-logging;1.1.3 in central
[2025-08-18 13:19:07,334] {subprocess.py:92} INFO - 	found com.google.code.findbugs#jsr305;3.0.0 in central
[2025-08-18 13:19:07,359] {subprocess.py:92} INFO - 	found org.apache.commons#commons-pool2;2.11.1 in central
[2025-08-18 13:19:07,394] {subprocess.py:92} INFO - :: resolution report :: resolve 790ms :: artifacts dl 12ms
[2025-08-18 13:19:07,395] {subprocess.py:92} INFO - 	:: modules in use:
[2025-08-18 13:19:07,395] {subprocess.py:92} INFO - 	com.google.code.findbugs#jsr305;3.0.0 from central in [default]
[2025-08-18 13:19:07,395] {subprocess.py:92} INFO - 	commons-logging#commons-logging;1.1.3 from central in [default]
[2025-08-18 13:19:07,395] {subprocess.py:92} INFO - 	org.apache.commons#commons-pool2;2.11.1 from central in [default]
[2025-08-18 13:19:07,395] {subprocess.py:92} INFO - 	org.apache.hadoop#hadoop-client-api;3.3.2 from central in [default]
[2025-08-18 13:19:07,395] {subprocess.py:92} INFO - 	org.apache.hadoop#hadoop-client-runtime;3.3.2 from central in [default]
[2025-08-18 13:19:07,395] {subprocess.py:92} INFO - 	org.apache.kafka#kafka-clients;2.8.1 from central in [default]
[2025-08-18 13:19:07,395] {subprocess.py:92} INFO - 	org.apache.spark#spark-sql-kafka-0-10_2.12;3.3.1 from spark-list in [default]
[2025-08-18 13:19:07,395] {subprocess.py:92} INFO - 	org.apache.spark#spark-token-provider-kafka-0-10_2.12;3.3.1 from central in [default]
[2025-08-18 13:19:07,395] {subprocess.py:92} INFO - 	org.lz4#lz4-java;1.8.0 from spark-list in [default]
[2025-08-18 13:19:07,395] {subprocess.py:92} INFO - 	org.slf4j#slf4j-api;1.7.32 from central in [default]
[2025-08-18 13:19:07,396] {subprocess.py:92} INFO - 	org.spark-project.spark#unused;1.0.0 from central in [default]
[2025-08-18 13:19:07,396] {subprocess.py:92} INFO - 	org.xerial.snappy#snappy-java;1.1.8.4 from central in [default]
[2025-08-18 13:19:07,396] {subprocess.py:92} INFO - 	---------------------------------------------------------------------
[2025-08-18 13:19:07,396] {subprocess.py:92} INFO - 	|                  |            modules            ||   artifacts   |
[2025-08-18 13:19:07,396] {subprocess.py:92} INFO - 	|       conf       | number| search|dwnlded|evicted|| number|dwnlded|
[2025-08-18 13:19:07,396] {subprocess.py:92} INFO - 	---------------------------------------------------------------------
[2025-08-18 13:19:07,396] {subprocess.py:92} INFO - 	|      default     |   12  |   0   |   0   |   0   ||   12  |   0   |
[2025-08-18 13:19:07,396] {subprocess.py:92} INFO - 	---------------------------------------------------------------------
[2025-08-18 13:19:07,401] {subprocess.py:92} INFO - :: retrieving :: org.apache.spark#spark-submit-parent-16207b48-7333-432c-a309-7f5d0a337241
[2025-08-18 13:19:07,401] {subprocess.py:92} INFO - 	confs: [default]
[2025-08-18 13:19:07,408] {subprocess.py:92} INFO - 	0 artifacts copied, 12 already retrieved (0kB/7ms)
[2025-08-18 13:19:07,753] {subprocess.py:92} INFO - 25/08/18 13:19:07 WARN NativeCodeLoader: Unable to load native-hadoop library for your platform... using builtin-java classes where applicable
[2025-08-18 13:19:09,515] {subprocess.py:92} INFO - 25/08/18 13:19:09 INFO SparkContext: Running Spark version 3.3.1
[2025-08-18 13:19:09,545] {subprocess.py:92} INFO - 25/08/18 13:19:09 INFO ResourceUtils: ==============================================================
[2025-08-18 13:19:09,545] {subprocess.py:92} INFO - 25/08/18 13:19:09 INFO ResourceUtils: No custom resources configured for spark.driver.
[2025-08-18 13:19:09,545] {subprocess.py:92} INFO - 25/08/18 13:19:09 INFO ResourceUtils: ==============================================================
[2025-08-18 13:19:09,546] {subprocess.py:92} INFO - 25/08/18 13:19:09 INFO SparkContext: Submitted application: KafkaToHDFSWeather
[2025-08-18 13:19:09,578] {subprocess.py:92} INFO - 25/08/18 13:19:09 INFO ResourceProfile: Default ResourceProfile created, executor resources: Map(cores -> name: cores, amount: 1, script: , vendor: , memory -> name: memory, amount: 1024, script: , vendor: , offHeap -> name: offHeap, amount: 0, script: , vendor: ), task resources: Map(cpus -> name: cpus, amount: 1.0)
[2025-08-18 13:19:09,603] {subprocess.py:92} INFO - 25/08/18 13:19:09 INFO ResourceProfile: Limiting resource is cpu
[2025-08-18 13:19:09,604] {subprocess.py:92} INFO - 25/08/18 13:19:09 INFO ResourceProfileManager: Added ResourceProfile id: 0
[2025-08-18 13:19:09,692] {subprocess.py:92} INFO - 25/08/18 13:19:09 INFO SecurityManager: Changing view acls to: ***
[2025-08-18 13:19:09,692] {subprocess.py:92} INFO - 25/08/18 13:19:09 INFO SecurityManager: Changing modify acls to: ***
[2025-08-18 13:19:09,692] {subprocess.py:92} INFO - 25/08/18 13:19:09 INFO SecurityManager: Changing view acls groups to:
[2025-08-18 13:19:09,693] {subprocess.py:92} INFO - 25/08/18 13:19:09 INFO SecurityManager: Changing modify acls groups to:
[2025-08-18 13:19:09,693] {subprocess.py:92} INFO - 25/08/18 13:19:09 INFO SecurityManager: SecurityManager: authentication disabled; ui acls disabled; users  with view permissions: Set(***); groups with view permissions: Set(); users  with modify permissions: Set(***); groups with modify permissions: Set()
[2025-08-18 13:19:10,156] {subprocess.py:92} INFO - 25/08/18 13:19:10 INFO Utils: Successfully started service 'sparkDriver' on port 39811.
[2025-08-18 13:19:10,284] {subprocess.py:92} INFO - 25/08/18 13:19:10 INFO SparkEnv: Registering MapOutputTracker
[2025-08-18 13:19:10,410] {subprocess.py:92} INFO - 25/08/18 13:19:10 INFO SparkEnv: Registering BlockManagerMaster
[2025-08-18 13:19:10,461] {subprocess.py:92} INFO - 25/08/18 13:19:10 INFO BlockManagerMasterEndpoint: Using org.apache.spark.storage.DefaultTopologyMapper for getting topology information
[2025-08-18 13:19:10,463] {subprocess.py:92} INFO - 25/08/18 13:19:10 INFO BlockManagerMasterEndpoint: BlockManagerMasterEndpoint up
[2025-08-18 13:19:10,473] {subprocess.py:92} INFO - 25/08/18 13:19:10 INFO SparkEnv: Registering BlockManagerMasterHeartbeat
[2025-08-18 13:19:10,553] {subprocess.py:92} INFO - 25/08/18 13:19:10 INFO DiskBlockManager: Created local directory at /tmp/blockmgr-bf064f5a-55eb-4a6a-bca6-e3b6754836c6
[2025-08-18 13:19:10,613] {subprocess.py:92} INFO - 25/08/18 13:19:10 INFO MemoryStore: MemoryStore started with capacity 434.4 MiB
[2025-08-18 13:19:10,665] {subprocess.py:92} INFO - 25/08/18 13:19:10 INFO SparkEnv: Registering OutputCommitCoordinator
[2025-08-18 13:19:11,163] {subprocess.py:92} INFO - 25/08/18 13:19:11 WARN Utils: Service 'SparkUI' could not bind on port 4040. Attempting port 4041.
[2025-08-18 13:19:11,163] {subprocess.py:92} INFO - 25/08/18 13:19:11 WARN Utils: Service 'SparkUI' could not bind on port 4041. Attempting port 4042.
[2025-08-18 13:19:11,176] {subprocess.py:92} INFO - 25/08/18 13:19:11 INFO Utils: Successfully started service 'SparkUI' on port 4042.
[2025-08-18 13:19:11,256] {subprocess.py:92} INFO - 25/08/18 13:19:11 INFO SparkContext: Added JAR file:///home/***/.ivy2/jars/org.apache.spark_spark-sql-kafka-0-10_2.12-3.3.1.jar at spark://a4b544519f2b:39811/jars/org.apache.spark_spark-sql-kafka-0-10_2.12-3.3.1.jar with timestamp 1755523149503
[2025-08-18 13:19:11,257] {subprocess.py:92} INFO - 25/08/18 13:19:11 INFO SparkContext: Added JAR file:///home/***/.ivy2/jars/org.apache.spark_spark-token-provider-kafka-0-10_2.12-3.3.1.jar at spark://a4b544519f2b:39811/jars/org.apache.spark_spark-token-provider-kafka-0-10_2.12-3.3.1.jar with timestamp 1755523149503
[2025-08-18 13:19:11,257] {subprocess.py:92} INFO - 25/08/18 13:19:11 INFO SparkContext: Added JAR file:///home/***/.ivy2/jars/org.apache.kafka_kafka-clients-2.8.1.jar at spark://a4b544519f2b:39811/jars/org.apache.kafka_kafka-clients-2.8.1.jar with timestamp 1755523149503
[2025-08-18 13:19:11,258] {subprocess.py:92} INFO - 25/08/18 13:19:11 INFO SparkContext: Added JAR file:///home/***/.ivy2/jars/com.google.code.findbugs_jsr305-3.0.0.jar at spark://a4b544519f2b:39811/jars/com.google.code.findbugs_jsr305-3.0.0.jar with timestamp 1755523149503
[2025-08-18 13:19:11,258] {subprocess.py:92} INFO - 25/08/18 13:19:11 INFO SparkContext: Added JAR file:///home/***/.ivy2/jars/org.apache.commons_commons-pool2-2.11.1.jar at spark://a4b544519f2b:39811/jars/org.apache.commons_commons-pool2-2.11.1.jar with timestamp 1755523149503
[2025-08-18 13:19:11,259] {subprocess.py:92} INFO - 25/08/18 13:19:11 INFO SparkContext: Added JAR file:///home/***/.ivy2/jars/org.spark-project.spark_unused-1.0.0.jar at spark://a4b544519f2b:39811/jars/org.spark-project.spark_unused-1.0.0.jar with timestamp 1755523149503
[2025-08-18 13:19:11,259] {subprocess.py:92} INFO - 25/08/18 13:19:11 INFO SparkContext: Added JAR file:///home/***/.ivy2/jars/org.apache.hadoop_hadoop-client-runtime-3.3.2.jar at spark://a4b544519f2b:39811/jars/org.apache.hadoop_hadoop-client-runtime-3.3.2.jar with timestamp 1755523149503
[2025-08-18 13:19:11,260] {subprocess.py:92} INFO - 25/08/18 13:19:11 INFO SparkContext: Added JAR file:///home/***/.ivy2/jars/org.lz4_lz4-java-1.8.0.jar at spark://a4b544519f2b:39811/jars/org.lz4_lz4-java-1.8.0.jar with timestamp 1755523149503
[2025-08-18 13:19:11,260] {subprocess.py:92} INFO - 25/08/18 13:19:11 INFO SparkContext: Added JAR file:///home/***/.ivy2/jars/org.xerial.snappy_snappy-java-1.1.8.4.jar at spark://a4b544519f2b:39811/jars/org.xerial.snappy_snappy-java-1.1.8.4.jar with timestamp 1755523149503
[2025-08-18 13:19:11,260] {subprocess.py:92} INFO - 25/08/18 13:19:11 INFO SparkContext: Added JAR file:///home/***/.ivy2/jars/org.slf4j_slf4j-api-1.7.32.jar at spark://a4b544519f2b:39811/jars/org.slf4j_slf4j-api-1.7.32.jar with timestamp 1755523149503
[2025-08-18 13:19:11,261] {subprocess.py:92} INFO - 25/08/18 13:19:11 INFO SparkContext: Added JAR file:///home/***/.ivy2/jars/org.apache.hadoop_hadoop-client-api-3.3.2.jar at spark://a4b544519f2b:39811/jars/org.apache.hadoop_hadoop-client-api-3.3.2.jar with timestamp 1755523149503
[2025-08-18 13:19:11,261] {subprocess.py:92} INFO - 25/08/18 13:19:11 INFO SparkContext: Added JAR file:///home/***/.ivy2/jars/commons-logging_commons-logging-1.1.3.jar at spark://a4b544519f2b:39811/jars/commons-logging_commons-logging-1.1.3.jar with timestamp 1755523149503
[2025-08-18 13:19:11,268] {subprocess.py:92} INFO - 25/08/18 13:19:11 INFO SparkContext: Added file file:///home/***/.ivy2/jars/org.apache.spark_spark-sql-kafka-0-10_2.12-3.3.1.jar at file:///home/***/.ivy2/jars/org.apache.spark_spark-sql-kafka-0-10_2.12-3.3.1.jar with timestamp 1755523149503
[2025-08-18 13:19:11,272] {subprocess.py:92} INFO - 25/08/18 13:19:11 INFO Utils: Copying /home/***/.ivy2/jars/org.apache.spark_spark-sql-kafka-0-10_2.12-3.3.1.jar to /tmp/spark-3587ebdb-6eda-4d1b-af01-c26b8f44cb21/userFiles-2f29b2dc-4f15-49a6-a2ec-07058b8ac195/org.apache.spark_spark-sql-kafka-0-10_2.12-3.3.1.jar
[2025-08-18 13:19:11,321] {subprocess.py:92} INFO - 25/08/18 13:19:11 INFO SparkContext: Added file file:///home/***/.ivy2/jars/org.apache.spark_spark-token-provider-kafka-0-10_2.12-3.3.1.jar at file:///home/***/.ivy2/jars/org.apache.spark_spark-token-provider-kafka-0-10_2.12-3.3.1.jar with timestamp 1755523149503
[2025-08-18 13:19:11,322] {subprocess.py:92} INFO - 25/08/18 13:19:11 INFO Utils: Copying /home/***/.ivy2/jars/org.apache.spark_spark-token-provider-kafka-0-10_2.12-3.3.1.jar to /tmp/spark-3587ebdb-6eda-4d1b-af01-c26b8f44cb21/userFiles-2f29b2dc-4f15-49a6-a2ec-07058b8ac195/org.apache.spark_spark-token-provider-kafka-0-10_2.12-3.3.1.jar
[2025-08-18 13:19:11,338] {subprocess.py:92} INFO - 25/08/18 13:19:11 INFO SparkContext: Added file file:///home/***/.ivy2/jars/org.apache.kafka_kafka-clients-2.8.1.jar at file:///home/***/.ivy2/jars/org.apache.kafka_kafka-clients-2.8.1.jar with timestamp 1755523149503
[2025-08-18 13:19:11,338] {subprocess.py:92} INFO - 25/08/18 13:19:11 INFO Utils: Copying /home/***/.ivy2/jars/org.apache.kafka_kafka-clients-2.8.1.jar to /tmp/spark-3587ebdb-6eda-4d1b-af01-c26b8f44cb21/userFiles-2f29b2dc-4f15-49a6-a2ec-07058b8ac195/org.apache.kafka_kafka-clients-2.8.1.jar
[2025-08-18 13:19:11,362] {subprocess.py:92} INFO - 25/08/18 13:19:11 INFO SparkContext: Added file file:///home/***/.ivy2/jars/com.google.code.findbugs_jsr305-3.0.0.jar at file:///home/***/.ivy2/jars/com.google.code.findbugs_jsr305-3.0.0.jar with timestamp 1755523149503
[2025-08-18 13:19:11,363] {subprocess.py:92} INFO - 25/08/18 13:19:11 INFO Utils: Copying /home/***/.ivy2/jars/com.google.code.findbugs_jsr305-3.0.0.jar to /tmp/spark-3587ebdb-6eda-4d1b-af01-c26b8f44cb21/userFiles-2f29b2dc-4f15-49a6-a2ec-07058b8ac195/com.google.code.findbugs_jsr305-3.0.0.jar
[2025-08-18 13:19:11,374] {subprocess.py:92} INFO - 25/08/18 13:19:11 INFO SparkContext: Added file file:///home/***/.ivy2/jars/org.apache.commons_commons-pool2-2.11.1.jar at file:///home/***/.ivy2/jars/org.apache.commons_commons-pool2-2.11.1.jar with timestamp 1755523149503
[2025-08-18 13:19:11,374] {subprocess.py:92} INFO - 25/08/18 13:19:11 INFO Utils: Copying /home/***/.ivy2/jars/org.apache.commons_commons-pool2-2.11.1.jar to /tmp/spark-3587ebdb-6eda-4d1b-af01-c26b8f44cb21/userFiles-2f29b2dc-4f15-49a6-a2ec-07058b8ac195/org.apache.commons_commons-pool2-2.11.1.jar
[2025-08-18 13:19:11,387] {subprocess.py:92} INFO - 25/08/18 13:19:11 INFO SparkContext: Added file file:///home/***/.ivy2/jars/org.spark-project.spark_unused-1.0.0.jar at file:///home/***/.ivy2/jars/org.spark-project.spark_unused-1.0.0.jar with timestamp 1755523149503
[2025-08-18 13:19:11,388] {subprocess.py:92} INFO - 25/08/18 13:19:11 INFO Utils: Copying /home/***/.ivy2/jars/org.spark-project.spark_unused-1.0.0.jar to /tmp/spark-3587ebdb-6eda-4d1b-af01-c26b8f44cb21/userFiles-2f29b2dc-4f15-49a6-a2ec-07058b8ac195/org.spark-project.spark_unused-1.0.0.jar
[2025-08-18 13:19:11,399] {subprocess.py:92} INFO - 25/08/18 13:19:11 INFO SparkContext: Added file file:///home/***/.ivy2/jars/org.apache.hadoop_hadoop-client-runtime-3.3.2.jar at file:///home/***/.ivy2/jars/org.apache.hadoop_hadoop-client-runtime-3.3.2.jar with timestamp 1755523149503
[2025-08-18 13:19:11,400] {subprocess.py:92} INFO - 25/08/18 13:19:11 INFO Utils: Copying /home/***/.ivy2/jars/org.apache.hadoop_hadoop-client-runtime-3.3.2.jar to /tmp/spark-3587ebdb-6eda-4d1b-af01-c26b8f44cb21/userFiles-2f29b2dc-4f15-49a6-a2ec-07058b8ac195/org.apache.hadoop_hadoop-client-runtime-3.3.2.jar
[2025-08-18 13:19:11,485] {subprocess.py:92} INFO - 25/08/18 13:19:11 INFO SparkContext: Added file file:///home/***/.ivy2/jars/org.lz4_lz4-java-1.8.0.jar at file:///home/***/.ivy2/jars/org.lz4_lz4-java-1.8.0.jar with timestamp 1755523149503
[2025-08-18 13:19:11,486] {subprocess.py:92} INFO - 25/08/18 13:19:11 INFO Utils: Copying /home/***/.ivy2/jars/org.lz4_lz4-java-1.8.0.jar to /tmp/spark-3587ebdb-6eda-4d1b-af01-c26b8f44cb21/userFiles-2f29b2dc-4f15-49a6-a2ec-07058b8ac195/org.lz4_lz4-java-1.8.0.jar
[2025-08-18 13:19:11,499] {subprocess.py:92} INFO - 25/08/18 13:19:11 INFO SparkContext: Added file file:///home/***/.ivy2/jars/org.xerial.snappy_snappy-java-1.1.8.4.jar at file:///home/***/.ivy2/jars/org.xerial.snappy_snappy-java-1.1.8.4.jar with timestamp 1755523149503
[2025-08-18 13:19:11,499] {subprocess.py:92} INFO - 25/08/18 13:19:11 INFO Utils: Copying /home/***/.ivy2/jars/org.xerial.snappy_snappy-java-1.1.8.4.jar to /tmp/spark-3587ebdb-6eda-4d1b-af01-c26b8f44cb21/userFiles-2f29b2dc-4f15-49a6-a2ec-07058b8ac195/org.xerial.snappy_snappy-java-1.1.8.4.jar
[2025-08-18 13:19:11,518] {subprocess.py:92} INFO - 25/08/18 13:19:11 INFO SparkContext: Added file file:///home/***/.ivy2/jars/org.slf4j_slf4j-api-1.7.32.jar at file:///home/***/.ivy2/jars/org.slf4j_slf4j-api-1.7.32.jar with timestamp 1755523149503
[2025-08-18 13:19:11,518] {subprocess.py:92} INFO - 25/08/18 13:19:11 INFO Utils: Copying /home/***/.ivy2/jars/org.slf4j_slf4j-api-1.7.32.jar to /tmp/spark-3587ebdb-6eda-4d1b-af01-c26b8f44cb21/userFiles-2f29b2dc-4f15-49a6-a2ec-07058b8ac195/org.slf4j_slf4j-api-1.7.32.jar
[2025-08-18 13:19:11,530] {subprocess.py:92} INFO - 25/08/18 13:19:11 INFO SparkContext: Added file file:///home/***/.ivy2/jars/org.apache.hadoop_hadoop-client-api-3.3.2.jar at file:///home/***/.ivy2/jars/org.apache.hadoop_hadoop-client-api-3.3.2.jar with timestamp 1755523149503
[2025-08-18 13:19:11,530] {subprocess.py:92} INFO - 25/08/18 13:19:11 INFO Utils: Copying /home/***/.ivy2/jars/org.apache.hadoop_hadoop-client-api-3.3.2.jar to /tmp/spark-3587ebdb-6eda-4d1b-af01-c26b8f44cb21/userFiles-2f29b2dc-4f15-49a6-a2ec-07058b8ac195/org.apache.hadoop_hadoop-client-api-3.3.2.jar
[2025-08-18 13:19:11,592] {subprocess.py:92} INFO - 25/08/18 13:19:11 INFO SparkContext: Added file file:///home/***/.ivy2/jars/commons-logging_commons-logging-1.1.3.jar at file:///home/***/.ivy2/jars/commons-logging_commons-logging-1.1.3.jar with timestamp 1755523149503
[2025-08-18 13:19:11,593] {subprocess.py:92} INFO - 25/08/18 13:19:11 INFO Utils: Copying /home/***/.ivy2/jars/commons-logging_commons-logging-1.1.3.jar to /tmp/spark-3587ebdb-6eda-4d1b-af01-c26b8f44cb21/userFiles-2f29b2dc-4f15-49a6-a2ec-07058b8ac195/commons-logging_commons-logging-1.1.3.jar
[2025-08-18 13:19:11,761] {subprocess.py:92} INFO - 25/08/18 13:19:11 INFO Executor: Starting executor ID driver on host a4b544519f2b
[2025-08-18 13:19:11,780] {subprocess.py:92} INFO - 25/08/18 13:19:11 INFO Executor: Starting executor with user classpath (userClassPathFirst = false): ''
[2025-08-18 13:19:11,829] {subprocess.py:92} INFO - 25/08/18 13:19:11 INFO Executor: Fetching file:///home/***/.ivy2/jars/commons-logging_commons-logging-1.1.3.jar with timestamp 1755523149503
[2025-08-18 13:19:11,906] {subprocess.py:92} INFO - 25/08/18 13:19:11 INFO Utils: /home/***/.ivy2/jars/commons-logging_commons-logging-1.1.3.jar has been previously copied to /tmp/spark-3587ebdb-6eda-4d1b-af01-c26b8f44cb21/userFiles-2f29b2dc-4f15-49a6-a2ec-07058b8ac195/commons-logging_commons-logging-1.1.3.jar
[2025-08-18 13:19:11,915] {subprocess.py:92} INFO - 25/08/18 13:19:11 INFO Executor: Fetching file:///home/***/.ivy2/jars/org.spark-project.spark_unused-1.0.0.jar with timestamp 1755523149503
[2025-08-18 13:19:11,916] {subprocess.py:92} INFO - 25/08/18 13:19:11 INFO Utils: /home/***/.ivy2/jars/org.spark-project.spark_unused-1.0.0.jar has been previously copied to /tmp/spark-3587ebdb-6eda-4d1b-af01-c26b8f44cb21/userFiles-2f29b2dc-4f15-49a6-a2ec-07058b8ac195/org.spark-project.spark_unused-1.0.0.jar
[2025-08-18 13:19:11,922] {subprocess.py:92} INFO - 25/08/18 13:19:11 INFO Executor: Fetching file:///home/***/.ivy2/jars/org.apache.spark_spark-sql-kafka-0-10_2.12-3.3.1.jar with timestamp 1755523149503
[2025-08-18 13:19:11,933] {subprocess.py:92} INFO - 25/08/18 13:19:11 INFO Utils: /home/***/.ivy2/jars/org.apache.spark_spark-sql-kafka-0-10_2.12-3.3.1.jar has been previously copied to /tmp/spark-3587ebdb-6eda-4d1b-af01-c26b8f44cb21/userFiles-2f29b2dc-4f15-49a6-a2ec-07058b8ac195/org.apache.spark_spark-sql-kafka-0-10_2.12-3.3.1.jar
[2025-08-18 13:19:11,939] {subprocess.py:92} INFO - 25/08/18 13:19:11 INFO Executor: Fetching file:///home/***/.ivy2/jars/org.apache.hadoop_hadoop-client-api-3.3.2.jar with timestamp 1755523149503
[2025-08-18 13:19:11,959] {subprocess.py:92} INFO - 25/08/18 13:19:11 INFO Utils: /home/***/.ivy2/jars/org.apache.hadoop_hadoop-client-api-3.3.2.jar has been previously copied to /tmp/spark-3587ebdb-6eda-4d1b-af01-c26b8f44cb21/userFiles-2f29b2dc-4f15-49a6-a2ec-07058b8ac195/org.apache.hadoop_hadoop-client-api-3.3.2.jar
[2025-08-18 13:19:11,964] {subprocess.py:92} INFO - 25/08/18 13:19:11 INFO Executor: Fetching file:///home/***/.ivy2/jars/org.apache.hadoop_hadoop-client-runtime-3.3.2.jar with timestamp 1755523149503
[2025-08-18 13:19:11,994] {subprocess.py:92} INFO - 25/08/18 13:19:11 INFO Utils: /home/***/.ivy2/jars/org.apache.hadoop_hadoop-client-runtime-3.3.2.jar has been previously copied to /tmp/spark-3587ebdb-6eda-4d1b-af01-c26b8f44cb21/userFiles-2f29b2dc-4f15-49a6-a2ec-07058b8ac195/org.apache.hadoop_hadoop-client-runtime-3.3.2.jar
[2025-08-18 13:19:12,000] {subprocess.py:92} INFO - 25/08/18 13:19:12 INFO Executor: Fetching file:///home/***/.ivy2/jars/org.slf4j_slf4j-api-1.7.32.jar with timestamp 1755523149503
[2025-08-18 13:19:12,001] {subprocess.py:92} INFO - 25/08/18 13:19:12 INFO Utils: /home/***/.ivy2/jars/org.slf4j_slf4j-api-1.7.32.jar has been previously copied to /tmp/spark-3587ebdb-6eda-4d1b-af01-c26b8f44cb21/userFiles-2f29b2dc-4f15-49a6-a2ec-07058b8ac195/org.slf4j_slf4j-api-1.7.32.jar
[2025-08-18 13:19:12,006] {subprocess.py:92} INFO - 25/08/18 13:19:12 INFO Executor: Fetching file:///home/***/.ivy2/jars/org.lz4_lz4-java-1.8.0.jar with timestamp 1755523149503
[2025-08-18 13:19:12,008] {subprocess.py:92} INFO - 25/08/18 13:19:12 INFO Utils: /home/***/.ivy2/jars/org.lz4_lz4-java-1.8.0.jar has been previously copied to /tmp/spark-3587ebdb-6eda-4d1b-af01-c26b8f44cb21/userFiles-2f29b2dc-4f15-49a6-a2ec-07058b8ac195/org.lz4_lz4-java-1.8.0.jar
[2025-08-18 13:19:12,016] {subprocess.py:92} INFO - 25/08/18 13:19:12 INFO Executor: Fetching file:///home/***/.ivy2/jars/org.apache.commons_commons-pool2-2.11.1.jar with timestamp 1755523149503
[2025-08-18 13:19:12,017] {subprocess.py:92} INFO - 25/08/18 13:19:12 INFO Utils: /home/***/.ivy2/jars/org.apache.commons_commons-pool2-2.11.1.jar has been previously copied to /tmp/spark-3587ebdb-6eda-4d1b-af01-c26b8f44cb21/userFiles-2f29b2dc-4f15-49a6-a2ec-07058b8ac195/org.apache.commons_commons-pool2-2.11.1.jar
[2025-08-18 13:19:12,024] {subprocess.py:92} INFO - 25/08/18 13:19:12 INFO Executor: Fetching file:///home/***/.ivy2/jars/com.google.code.findbugs_jsr305-3.0.0.jar with timestamp 1755523149503
[2025-08-18 13:19:12,025] {subprocess.py:92} INFO - 25/08/18 13:19:12 INFO Utils: /home/***/.ivy2/jars/com.google.code.findbugs_jsr305-3.0.0.jar has been previously copied to /tmp/spark-3587ebdb-6eda-4d1b-af01-c26b8f44cb21/userFiles-2f29b2dc-4f15-49a6-a2ec-07058b8ac195/com.google.code.findbugs_jsr305-3.0.0.jar
[2025-08-18 13:19:12,031] {subprocess.py:92} INFO - 25/08/18 13:19:12 INFO Executor: Fetching file:///home/***/.ivy2/jars/org.apache.spark_spark-token-provider-kafka-0-10_2.12-3.3.1.jar with timestamp 1755523149503
[2025-08-18 13:19:12,033] {subprocess.py:92} INFO - 25/08/18 13:19:12 INFO Utils: /home/***/.ivy2/jars/org.apache.spark_spark-token-provider-kafka-0-10_2.12-3.3.1.jar has been previously copied to /tmp/spark-3587ebdb-6eda-4d1b-af01-c26b8f44cb21/userFiles-2f29b2dc-4f15-49a6-a2ec-07058b8ac195/org.apache.spark_spark-token-provider-kafka-0-10_2.12-3.3.1.jar
[2025-08-18 13:19:12,040] {subprocess.py:92} INFO - 25/08/18 13:19:12 INFO Executor: Fetching file:///home/***/.ivy2/jars/org.apache.kafka_kafka-clients-2.8.1.jar with timestamp 1755523149503
[2025-08-18 13:19:12,057] {subprocess.py:92} INFO - 25/08/18 13:19:12 INFO Utils: /home/***/.ivy2/jars/org.apache.kafka_kafka-clients-2.8.1.jar has been previously copied to /tmp/spark-3587ebdb-6eda-4d1b-af01-c26b8f44cb21/userFiles-2f29b2dc-4f15-49a6-a2ec-07058b8ac195/org.apache.kafka_kafka-clients-2.8.1.jar
[2025-08-18 13:19:12,064] {subprocess.py:92} INFO - 25/08/18 13:19:12 INFO Executor: Fetching file:///home/***/.ivy2/jars/org.xerial.snappy_snappy-java-1.1.8.4.jar with timestamp 1755523149503
[2025-08-18 13:19:12,068] {subprocess.py:92} INFO - 25/08/18 13:19:12 INFO Utils: /home/***/.ivy2/jars/org.xerial.snappy_snappy-java-1.1.8.4.jar has been previously copied to /tmp/spark-3587ebdb-6eda-4d1b-af01-c26b8f44cb21/userFiles-2f29b2dc-4f15-49a6-a2ec-07058b8ac195/org.xerial.snappy_snappy-java-1.1.8.4.jar
[2025-08-18 13:19:12,079] {subprocess.py:92} INFO - 25/08/18 13:19:12 INFO Executor: Fetching spark://a4b544519f2b:39811/jars/org.apache.kafka_kafka-clients-2.8.1.jar with timestamp 1755523149503
[2025-08-18 13:19:12,154] {subprocess.py:92} INFO - 25/08/18 13:19:12 INFO TransportClientFactory: Successfully created connection to a4b544519f2b/172.20.0.2:39811 after 54 ms (0 ms spent in bootstraps)
[2025-08-18 13:19:12,165] {subprocess.py:92} INFO - 25/08/18 13:19:12 INFO Utils: Fetching spark://a4b544519f2b:39811/jars/org.apache.kafka_kafka-clients-2.8.1.jar to /tmp/spark-3587ebdb-6eda-4d1b-af01-c26b8f44cb21/userFiles-2f29b2dc-4f15-49a6-a2ec-07058b8ac195/fetchFileTemp3848014367007294143.tmp
[2025-08-18 13:19:12,265] {subprocess.py:92} INFO - 25/08/18 13:19:12 INFO Utils: /tmp/spark-3587ebdb-6eda-4d1b-af01-c26b8f44cb21/userFiles-2f29b2dc-4f15-49a6-a2ec-07058b8ac195/fetchFileTemp3848014367007294143.tmp has been previously copied to /tmp/spark-3587ebdb-6eda-4d1b-af01-c26b8f44cb21/userFiles-2f29b2dc-4f15-49a6-a2ec-07058b8ac195/org.apache.kafka_kafka-clients-2.8.1.jar
[2025-08-18 13:19:12,277] {subprocess.py:92} INFO - 25/08/18 13:19:12 INFO Executor: Adding file:/tmp/spark-3587ebdb-6eda-4d1b-af01-c26b8f44cb21/userFiles-2f29b2dc-4f15-49a6-a2ec-07058b8ac195/org.apache.kafka_kafka-clients-2.8.1.jar to class loader
[2025-08-18 13:19:12,277] {subprocess.py:92} INFO - 25/08/18 13:19:12 INFO Executor: Fetching spark://a4b544519f2b:39811/jars/org.lz4_lz4-java-1.8.0.jar with timestamp 1755523149503
[2025-08-18 13:19:12,278] {subprocess.py:92} INFO - 25/08/18 13:19:12 INFO Utils: Fetching spark://a4b544519f2b:39811/jars/org.lz4_lz4-java-1.8.0.jar to /tmp/spark-3587ebdb-6eda-4d1b-af01-c26b8f44cb21/userFiles-2f29b2dc-4f15-49a6-a2ec-07058b8ac195/fetchFileTemp3148027174661335867.tmp
[2025-08-18 13:19:12,286] {subprocess.py:92} INFO - 25/08/18 13:19:12 INFO Utils: /tmp/spark-3587ebdb-6eda-4d1b-af01-c26b8f44cb21/userFiles-2f29b2dc-4f15-49a6-a2ec-07058b8ac195/fetchFileTemp3148027174661335867.tmp has been previously copied to /tmp/spark-3587ebdb-6eda-4d1b-af01-c26b8f44cb21/userFiles-2f29b2dc-4f15-49a6-a2ec-07058b8ac195/org.lz4_lz4-java-1.8.0.jar
[2025-08-18 13:19:12,292] {subprocess.py:92} INFO - 25/08/18 13:19:12 INFO Executor: Adding file:/tmp/spark-3587ebdb-6eda-4d1b-af01-c26b8f44cb21/userFiles-2f29b2dc-4f15-49a6-a2ec-07058b8ac195/org.lz4_lz4-java-1.8.0.jar to class loader
[2025-08-18 13:19:12,292] {subprocess.py:92} INFO - 25/08/18 13:19:12 INFO Executor: Fetching spark://a4b544519f2b:39811/jars/org.apache.hadoop_hadoop-client-runtime-3.3.2.jar with timestamp 1755523149503
[2025-08-18 13:19:12,293] {subprocess.py:92} INFO - 25/08/18 13:19:12 INFO Utils: Fetching spark://a4b544519f2b:39811/jars/org.apache.hadoop_hadoop-client-runtime-3.3.2.jar to /tmp/spark-3587ebdb-6eda-4d1b-af01-c26b8f44cb21/userFiles-2f29b2dc-4f15-49a6-a2ec-07058b8ac195/fetchFileTemp17630240890059934868.tmp
[2025-08-18 13:19:12,442] {subprocess.py:92} INFO - 25/08/18 13:19:12 INFO Utils: /tmp/spark-3587ebdb-6eda-4d1b-af01-c26b8f44cb21/userFiles-2f29b2dc-4f15-49a6-a2ec-07058b8ac195/fetchFileTemp17630240890059934868.tmp has been previously copied to /tmp/spark-3587ebdb-6eda-4d1b-af01-c26b8f44cb21/userFiles-2f29b2dc-4f15-49a6-a2ec-07058b8ac195/org.apache.hadoop_hadoop-client-runtime-3.3.2.jar
[2025-08-18 13:19:12,452] {subprocess.py:92} INFO - 25/08/18 13:19:12 INFO Executor: Adding file:/tmp/spark-3587ebdb-6eda-4d1b-af01-c26b8f44cb21/userFiles-2f29b2dc-4f15-49a6-a2ec-07058b8ac195/org.apache.hadoop_hadoop-client-runtime-3.3.2.jar to class loader
[2025-08-18 13:19:12,452] {subprocess.py:92} INFO - 25/08/18 13:19:12 INFO Executor: Fetching spark://a4b544519f2b:39811/jars/org.slf4j_slf4j-api-1.7.32.jar with timestamp 1755523149503
[2025-08-18 13:19:12,453] {subprocess.py:92} INFO - 25/08/18 13:19:12 INFO Utils: Fetching spark://a4b544519f2b:39811/jars/org.slf4j_slf4j-api-1.7.32.jar to /tmp/spark-3587ebdb-6eda-4d1b-af01-c26b8f44cb21/userFiles-2f29b2dc-4f15-49a6-a2ec-07058b8ac195/fetchFileTemp13800247213802894776.tmp
[2025-08-18 13:19:12,456] {subprocess.py:92} INFO - 25/08/18 13:19:12 INFO Utils: /tmp/spark-3587ebdb-6eda-4d1b-af01-c26b8f44cb21/userFiles-2f29b2dc-4f15-49a6-a2ec-07058b8ac195/fetchFileTemp13800247213802894776.tmp has been previously copied to /tmp/spark-3587ebdb-6eda-4d1b-af01-c26b8f44cb21/userFiles-2f29b2dc-4f15-49a6-a2ec-07058b8ac195/org.slf4j_slf4j-api-1.7.32.jar
[2025-08-18 13:19:12,462] {subprocess.py:92} INFO - 25/08/18 13:19:12 INFO Executor: Adding file:/tmp/spark-3587ebdb-6eda-4d1b-af01-c26b8f44cb21/userFiles-2f29b2dc-4f15-49a6-a2ec-07058b8ac195/org.slf4j_slf4j-api-1.7.32.jar to class loader
[2025-08-18 13:19:12,462] {subprocess.py:92} INFO - 25/08/18 13:19:12 INFO Executor: Fetching spark://a4b544519f2b:39811/jars/com.google.code.findbugs_jsr305-3.0.0.jar with timestamp 1755523149503
[2025-08-18 13:19:12,463] {subprocess.py:92} INFO - 25/08/18 13:19:12 INFO Utils: Fetching spark://a4b544519f2b:39811/jars/com.google.code.findbugs_jsr305-3.0.0.jar to /tmp/spark-3587ebdb-6eda-4d1b-af01-c26b8f44cb21/userFiles-2f29b2dc-4f15-49a6-a2ec-07058b8ac195/fetchFileTemp8408835260725701009.tmp
[2025-08-18 13:19:12,466] {subprocess.py:92} INFO - 25/08/18 13:19:12 INFO Utils: /tmp/spark-3587ebdb-6eda-4d1b-af01-c26b8f44cb21/userFiles-2f29b2dc-4f15-49a6-a2ec-07058b8ac195/fetchFileTemp8408835260725701009.tmp has been previously copied to /tmp/spark-3587ebdb-6eda-4d1b-af01-c26b8f44cb21/userFiles-2f29b2dc-4f15-49a6-a2ec-07058b8ac195/com.google.code.findbugs_jsr305-3.0.0.jar
[2025-08-18 13:19:12,472] {subprocess.py:92} INFO - 25/08/18 13:19:12 INFO Executor: Adding file:/tmp/spark-3587ebdb-6eda-4d1b-af01-c26b8f44cb21/userFiles-2f29b2dc-4f15-49a6-a2ec-07058b8ac195/com.google.code.findbugs_jsr305-3.0.0.jar to class loader
[2025-08-18 13:19:12,472] {subprocess.py:92} INFO - 25/08/18 13:19:12 INFO Executor: Fetching spark://a4b544519f2b:39811/jars/org.spark-project.spark_unused-1.0.0.jar with timestamp 1755523149503
[2025-08-18 13:19:12,473] {subprocess.py:92} INFO - 25/08/18 13:19:12 INFO Utils: Fetching spark://a4b544519f2b:39811/jars/org.spark-project.spark_unused-1.0.0.jar to /tmp/spark-3587ebdb-6eda-4d1b-af01-c26b8f44cb21/userFiles-2f29b2dc-4f15-49a6-a2ec-07058b8ac195/fetchFileTemp15640878597708146473.tmp
[2025-08-18 13:19:12,476] {subprocess.py:92} INFO - 25/08/18 13:19:12 INFO Utils: /tmp/spark-3587ebdb-6eda-4d1b-af01-c26b8f44cb21/userFiles-2f29b2dc-4f15-49a6-a2ec-07058b8ac195/fetchFileTemp15640878597708146473.tmp has been previously copied to /tmp/spark-3587ebdb-6eda-4d1b-af01-c26b8f44cb21/userFiles-2f29b2dc-4f15-49a6-a2ec-07058b8ac195/org.spark-project.spark_unused-1.0.0.jar
[2025-08-18 13:19:12,482] {subprocess.py:92} INFO - 25/08/18 13:19:12 INFO Executor: Adding file:/tmp/spark-3587ebdb-6eda-4d1b-af01-c26b8f44cb21/userFiles-2f29b2dc-4f15-49a6-a2ec-07058b8ac195/org.spark-project.spark_unused-1.0.0.jar to class loader
[2025-08-18 13:19:12,482] {subprocess.py:92} INFO - 25/08/18 13:19:12 INFO Executor: Fetching spark://a4b544519f2b:39811/jars/org.apache.hadoop_hadoop-client-api-3.3.2.jar with timestamp 1755523149503
[2025-08-18 13:19:12,483] {subprocess.py:92} INFO - 25/08/18 13:19:12 INFO Utils: Fetching spark://a4b544519f2b:39811/jars/org.apache.hadoop_hadoop-client-api-3.3.2.jar to /tmp/spark-3587ebdb-6eda-4d1b-af01-c26b8f44cb21/userFiles-2f29b2dc-4f15-49a6-a2ec-07058b8ac195/fetchFileTemp8062839985561549178.tmp
[2025-08-18 13:19:12,596] {subprocess.py:92} INFO - 25/08/18 13:19:12 INFO Utils: /tmp/spark-3587ebdb-6eda-4d1b-af01-c26b8f44cb21/userFiles-2f29b2dc-4f15-49a6-a2ec-07058b8ac195/fetchFileTemp8062839985561549178.tmp has been previously copied to /tmp/spark-3587ebdb-6eda-4d1b-af01-c26b8f44cb21/userFiles-2f29b2dc-4f15-49a6-a2ec-07058b8ac195/org.apache.hadoop_hadoop-client-api-3.3.2.jar
[2025-08-18 13:19:12,604] {subprocess.py:92} INFO - 25/08/18 13:19:12 INFO Executor: Adding file:/tmp/spark-3587ebdb-6eda-4d1b-af01-c26b8f44cb21/userFiles-2f29b2dc-4f15-49a6-a2ec-07058b8ac195/org.apache.hadoop_hadoop-client-api-3.3.2.jar to class loader
[2025-08-18 13:19:12,604] {subprocess.py:92} INFO - 25/08/18 13:19:12 INFO Executor: Fetching spark://a4b544519f2b:39811/jars/org.apache.commons_commons-pool2-2.11.1.jar with timestamp 1755523149503
[2025-08-18 13:19:12,605] {subprocess.py:92} INFO - 25/08/18 13:19:12 INFO Utils: Fetching spark://a4b544519f2b:39811/jars/org.apache.commons_commons-pool2-2.11.1.jar to /tmp/spark-3587ebdb-6eda-4d1b-af01-c26b8f44cb21/userFiles-2f29b2dc-4f15-49a6-a2ec-07058b8ac195/fetchFileTemp9978693400374348734.tmp
[2025-08-18 13:19:12,608] {subprocess.py:92} INFO - 25/08/18 13:19:12 INFO Utils: /tmp/spark-3587ebdb-6eda-4d1b-af01-c26b8f44cb21/userFiles-2f29b2dc-4f15-49a6-a2ec-07058b8ac195/fetchFileTemp9978693400374348734.tmp has been previously copied to /tmp/spark-3587ebdb-6eda-4d1b-af01-c26b8f44cb21/userFiles-2f29b2dc-4f15-49a6-a2ec-07058b8ac195/org.apache.commons_commons-pool2-2.11.1.jar
[2025-08-18 13:19:12,613] {subprocess.py:92} INFO - 25/08/18 13:19:12 INFO Executor: Adding file:/tmp/spark-3587ebdb-6eda-4d1b-af01-c26b8f44cb21/userFiles-2f29b2dc-4f15-49a6-a2ec-07058b8ac195/org.apache.commons_commons-pool2-2.11.1.jar to class loader
[2025-08-18 13:19:12,613] {subprocess.py:92} INFO - 25/08/18 13:19:12 INFO Executor: Fetching spark://a4b544519f2b:39811/jars/org.xerial.snappy_snappy-java-1.1.8.4.jar with timestamp 1755523149503
[2025-08-18 13:19:12,614] {subprocess.py:92} INFO - 25/08/18 13:19:12 INFO Utils: Fetching spark://a4b544519f2b:39811/jars/org.xerial.snappy_snappy-java-1.1.8.4.jar to /tmp/spark-3587ebdb-6eda-4d1b-af01-c26b8f44cb21/userFiles-2f29b2dc-4f15-49a6-a2ec-07058b8ac195/fetchFileTemp1647497756107177625.tmp
[2025-08-18 13:19:12,627] {subprocess.py:92} INFO - 25/08/18 13:19:12 INFO Utils: /tmp/spark-3587ebdb-6eda-4d1b-af01-c26b8f44cb21/userFiles-2f29b2dc-4f15-49a6-a2ec-07058b8ac195/fetchFileTemp1647497756107177625.tmp has been previously copied to /tmp/spark-3587ebdb-6eda-4d1b-af01-c26b8f44cb21/userFiles-2f29b2dc-4f15-49a6-a2ec-07058b8ac195/org.xerial.snappy_snappy-java-1.1.8.4.jar
[2025-08-18 13:19:12,633] {subprocess.py:92} INFO - 25/08/18 13:19:12 INFO Executor: Adding file:/tmp/spark-3587ebdb-6eda-4d1b-af01-c26b8f44cb21/userFiles-2f29b2dc-4f15-49a6-a2ec-07058b8ac195/org.xerial.snappy_snappy-java-1.1.8.4.jar to class loader
[2025-08-18 13:19:12,634] {subprocess.py:92} INFO - 25/08/18 13:19:12 INFO Executor: Fetching spark://a4b544519f2b:39811/jars/org.apache.spark_spark-token-provider-kafka-0-10_2.12-3.3.1.jar with timestamp 1755523149503
[2025-08-18 13:19:12,635] {subprocess.py:92} INFO - 25/08/18 13:19:12 INFO Utils: Fetching spark://a4b544519f2b:39811/jars/org.apache.spark_spark-token-provider-kafka-0-10_2.12-3.3.1.jar to /tmp/spark-3587ebdb-6eda-4d1b-af01-c26b8f44cb21/userFiles-2f29b2dc-4f15-49a6-a2ec-07058b8ac195/fetchFileTemp17916248262552421007.tmp
[2025-08-18 13:19:12,638] {subprocess.py:92} INFO - 25/08/18 13:19:12 INFO Utils: /tmp/spark-3587ebdb-6eda-4d1b-af01-c26b8f44cb21/userFiles-2f29b2dc-4f15-49a6-a2ec-07058b8ac195/fetchFileTemp17916248262552421007.tmp has been previously copied to /tmp/spark-3587ebdb-6eda-4d1b-af01-c26b8f44cb21/userFiles-2f29b2dc-4f15-49a6-a2ec-07058b8ac195/org.apache.spark_spark-token-provider-kafka-0-10_2.12-3.3.1.jar
[2025-08-18 13:19:12,642] {subprocess.py:92} INFO - 25/08/18 13:19:12 INFO Executor: Adding file:/tmp/spark-3587ebdb-6eda-4d1b-af01-c26b8f44cb21/userFiles-2f29b2dc-4f15-49a6-a2ec-07058b8ac195/org.apache.spark_spark-token-provider-kafka-0-10_2.12-3.3.1.jar to class loader
[2025-08-18 13:19:12,642] {subprocess.py:92} INFO - 25/08/18 13:19:12 INFO Executor: Fetching spark://a4b544519f2b:39811/jars/org.apache.spark_spark-sql-kafka-0-10_2.12-3.3.1.jar with timestamp 1755523149503
[2025-08-18 13:19:12,643] {subprocess.py:92} INFO - 25/08/18 13:19:12 INFO Utils: Fetching spark://a4b544519f2b:39811/jars/org.apache.spark_spark-sql-kafka-0-10_2.12-3.3.1.jar to /tmp/spark-3587ebdb-6eda-4d1b-af01-c26b8f44cb21/userFiles-2f29b2dc-4f15-49a6-a2ec-07058b8ac195/fetchFileTemp14076689654233102550.tmp
[2025-08-18 13:19:12,648] {subprocess.py:92} INFO - 25/08/18 13:19:12 INFO Utils: /tmp/spark-3587ebdb-6eda-4d1b-af01-c26b8f44cb21/userFiles-2f29b2dc-4f15-49a6-a2ec-07058b8ac195/fetchFileTemp14076689654233102550.tmp has been previously copied to /tmp/spark-3587ebdb-6eda-4d1b-af01-c26b8f44cb21/userFiles-2f29b2dc-4f15-49a6-a2ec-07058b8ac195/org.apache.spark_spark-sql-kafka-0-10_2.12-3.3.1.jar
[2025-08-18 13:19:12,655] {subprocess.py:92} INFO - 25/08/18 13:19:12 INFO Executor: Adding file:/tmp/spark-3587ebdb-6eda-4d1b-af01-c26b8f44cb21/userFiles-2f29b2dc-4f15-49a6-a2ec-07058b8ac195/org.apache.spark_spark-sql-kafka-0-10_2.12-3.3.1.jar to class loader
[2025-08-18 13:19:12,655] {subprocess.py:92} INFO - 25/08/18 13:19:12 INFO Executor: Fetching spark://a4b544519f2b:39811/jars/commons-logging_commons-logging-1.1.3.jar with timestamp 1755523149503
[2025-08-18 13:19:12,656] {subprocess.py:92} INFO - 25/08/18 13:19:12 INFO Utils: Fetching spark://a4b544519f2b:39811/jars/commons-logging_commons-logging-1.1.3.jar to /tmp/spark-3587ebdb-6eda-4d1b-af01-c26b8f44cb21/userFiles-2f29b2dc-4f15-49a6-a2ec-07058b8ac195/fetchFileTemp5974126650584764517.tmp
[2025-08-18 13:19:12,659] {subprocess.py:92} INFO - 25/08/18 13:19:12 INFO Utils: /tmp/spark-3587ebdb-6eda-4d1b-af01-c26b8f44cb21/userFiles-2f29b2dc-4f15-49a6-a2ec-07058b8ac195/fetchFileTemp5974126650584764517.tmp has been previously copied to /tmp/spark-3587ebdb-6eda-4d1b-af01-c26b8f44cb21/userFiles-2f29b2dc-4f15-49a6-a2ec-07058b8ac195/commons-logging_commons-logging-1.1.3.jar
[2025-08-18 13:19:12,666] {subprocess.py:92} INFO - 25/08/18 13:19:12 INFO Executor: Adding file:/tmp/spark-3587ebdb-6eda-4d1b-af01-c26b8f44cb21/userFiles-2f29b2dc-4f15-49a6-a2ec-07058b8ac195/commons-logging_commons-logging-1.1.3.jar to class loader
[2025-08-18 13:19:12,681] {subprocess.py:92} INFO - 25/08/18 13:19:12 INFO Utils: Successfully started service 'org.apache.spark.network.netty.NettyBlockTransferService' on port 43939.
[2025-08-18 13:19:12,682] {subprocess.py:92} INFO - 25/08/18 13:19:12 INFO NettyBlockTransferService: Server created on a4b544519f2b:43939
[2025-08-18 13:19:12,685] {subprocess.py:92} INFO - 25/08/18 13:19:12 INFO BlockManager: Using org.apache.spark.storage.RandomBlockReplicationPolicy for block replication policy
[2025-08-18 13:19:12,699] {subprocess.py:92} INFO - 25/08/18 13:19:12 INFO BlockManagerMaster: Registering BlockManager BlockManagerId(driver, a4b544519f2b, 43939, None)
[2025-08-18 13:19:12,706] {subprocess.py:92} INFO - 25/08/18 13:19:12 INFO BlockManagerMasterEndpoint: Registering block manager a4b544519f2b:43939 with 434.4 MiB RAM, BlockManagerId(driver, a4b544519f2b, 43939, None)
[2025-08-18 13:19:12,711] {subprocess.py:92} INFO - 25/08/18 13:19:12 INFO BlockManagerMaster: Registered BlockManager BlockManagerId(driver, a4b544519f2b, 43939, None)
[2025-08-18 13:19:12,713] {subprocess.py:92} INFO - 25/08/18 13:19:12 INFO BlockManager: Initialized BlockManager: BlockManagerId(driver, a4b544519f2b, 43939, None)
[2025-08-18 13:19:13,397] {subprocess.py:92} INFO - Connexion à Kafka...
[2025-08-18 13:19:16,683] {subprocess.py:92} INFO - Connexion Kafka réussie (kafka:9092)
[2025-08-18 13:19:16,684] {subprocess.py:92} INFO - Transformation des données JSON...
[2025-08-18 13:19:17,245] {subprocess.py:92} INFO - Démarrage du streaming vers HDFS...
[2025-08-18 13:19:19,116] {subprocess.py:92} INFO - Streaming actif - Données météo sauvegardées dans HDFS:/data/weather
[2025-08-18 13:22:38,444] {local_task_job.py:221} WARNING - State of this instance has been externally set to None. Terminating instance.
[2025-08-18 13:22:40,214] {process_utils.py:129} INFO - Sending Signals.SIGTERM to group 4170. PIDs of all processes in the group: [4171, 4220, 4170]
[2025-08-18 13:22:40,263] {process_utils.py:80} INFO - Sending the signal Signals.SIGTERM to group 4170
[2025-08-18 13:22:40,339] {taskinstance.py:1541} ERROR - Received SIGTERM. Terminating subprocesses.
[2025-08-18 13:22:40,353] {subprocess.py:103} INFO - Sending SIGTERM signal to process group
[2025-08-18 13:22:40,959] {process_utils.py:75} INFO - Process psutil.Process(pid=4220, status='terminated', started='13:19:08') (4220) terminated with exit code None
[2025-08-18 13:22:42,683] {taskinstance.py:1889} ERROR - Task failed with exception
Traceback (most recent call last):
  File "/home/airflow/.local/lib/python3.7/site-packages/airflow/operators/bash.py", line 189, in execute
    cwd=self.cwd,
  File "/home/airflow/.local/lib/python3.7/site-packages/airflow/hooks/subprocess.py", line 90, in run_command
    for raw_line in iter(self.sub_process.stdout.readline, b''):
  File "/home/airflow/.local/lib/python3.7/site-packages/airflow/models/taskinstance.py", line 1543, in signal_handler
    raise AirflowException("Task received SIGTERM signal")
airflow.exceptions.AirflowException: Task received SIGTERM signal
[2025-08-18 13:22:43,680] {taskinstance.py:1400} INFO - Marking task as FAILED. dag_id=send_weather_to_kafka, task_id=stream_hdfs, execution_date=20250818T091537, start_date=20250818T131902, end_date=20250818T132243
[2025-08-18 13:22:44,474] {standard_task_runner.py:97} ERROR - Failed to execute job 283 for task stream_hdfs (Task received SIGTERM signal; 4170)
[2025-08-18 13:22:44,891] {process_utils.py:75} INFO - Process psutil.Process(pid=4170, status='terminated', exitcode=1, started='13:19:02') (4170) terminated with exit code 1
[2025-08-18 13:22:48,083] {process_utils.py:75} INFO - Process psutil.Process(pid=4171, status='terminated', started='13:19:02') (4171) terminated with exit code None
