[2025-09-01 00:52:47,575] {taskinstance.py:1159} INFO - Dependencies all met for <TaskInstance: send_weather_to_kafka.verify_pipeline manual__2025-09-01T00:52:44.050145+00:00 [queued]>
[2025-09-01 00:52:47,593] {taskinstance.py:1159} INFO - Dependencies all met for <TaskInstance: send_weather_to_kafka.verify_pipeline manual__2025-09-01T00:52:44.050145+00:00 [queued]>
[2025-09-01 00:52:47,593] {taskinstance.py:1356} INFO - 
--------------------------------------------------------------------------------
[2025-09-01 00:52:47,593] {taskinstance.py:1357} INFO - Starting attempt 1 of 2
[2025-09-01 00:52:47,593] {taskinstance.py:1358} INFO - 
--------------------------------------------------------------------------------
[2025-09-01 00:52:47,620] {taskinstance.py:1377} INFO - Executing <Task(BashOperator): verify_pipeline> on 2025-09-01 00:52:44.050145+00:00
[2025-09-01 00:52:47,625] {standard_task_runner.py:52} INFO - Started process 464 to run task
[2025-09-01 00:52:47,631] {standard_task_runner.py:79} INFO - Running: ['***', 'tasks', 'run', 'send_weather_to_kafka', 'verify_pipeline', 'manual__2025-09-01T00:52:44.050145+00:00', '--job-id', '406', '--raw', '--subdir', 'DAGS_FOLDER/dag_meteo.py', '--cfg-path', '/tmp/tmp_r2pes9s', '--error-file', '/tmp/tmp0p9iu0s1']
[2025-09-01 00:52:47,633] {standard_task_runner.py:80} INFO - Job 406: Subtask verify_pipeline
[2025-09-01 00:52:47,720] {task_command.py:369} INFO - Running <TaskInstance: send_weather_to_kafka.verify_pipeline manual__2025-09-01T00:52:44.050145+00:00 [running]> on host e66737cfc193
[2025-09-01 00:52:47,851] {taskinstance.py:1571} INFO - Exporting the following env vars:
AIRFLOW_CTX_DAG_OWNER=***
AIRFLOW_CTX_DAG_ID=send_weather_to_kafka
AIRFLOW_CTX_TASK_ID=verify_pipeline
AIRFLOW_CTX_EXECUTION_DATE=2025-09-01T00:52:44.050145+00:00
AIRFLOW_CTX_TRY_NUMBER=1
AIRFLOW_CTX_DAG_RUN_ID=manual__2025-09-01T00:52:44.050145+00:00
[2025-09-01 00:52:47,852] {subprocess.py:62} INFO - Tmp dir root location: 
 /tmp
[2025-09-01 00:52:47,853] {subprocess.py:74} INFO - Running command: ['bash', '-c', '\n            echo " Attente traitement Logstash..." && sleep 30 &&\n            curl -s "http://elasticsearch:9200/_cat/indices/weather*" || echo "Pas encore d\'index weather"\n        ']
[2025-09-01 00:52:47,868] {subprocess.py:85} INFO - Output:
[2025-09-01 00:52:47,872] {subprocess.py:92} INFO -  Attente traitement Logstash...
[2025-09-01 00:53:17,950] {subprocess.py:92} INFO - yellow open weather_data BQjbDtS5TvO1Q2HrAJGyvA 1 1 98 0 59.9kb 59.9kb
[2025-09-01 00:53:17,954] {subprocess.py:96} INFO - Command exited with return code 0
[2025-09-01 00:53:18,006] {taskinstance.py:1400} INFO - Marking task as SUCCESS. dag_id=send_weather_to_kafka, task_id=verify_pipeline, execution_date=20250901T005244, start_date=20250901T005247, end_date=20250901T005318
[2025-09-01 00:53:18,042] {local_task_job.py:156} INFO - Task exited with return code 0
[2025-09-01 00:53:18,085] {local_task_job.py:273} INFO - 1 downstream tasks scheduled from follow-on schedule check
