[2025-09-01 12:36:39,222] {taskinstance.py:1159} INFO - Dependencies all met for <TaskInstance: send_weather_to_kafka.stream_hdfs scheduled__2025-09-01T12:06:01.340206+00:00 [queued]>
[2025-09-01 12:36:39,232] {taskinstance.py:1159} INFO - Dependencies all met for <TaskInstance: send_weather_to_kafka.stream_hdfs scheduled__2025-09-01T12:06:01.340206+00:00 [queued]>
[2025-09-01 12:36:39,232] {taskinstance.py:1356} INFO - 
--------------------------------------------------------------------------------
[2025-09-01 12:36:39,232] {taskinstance.py:1357} INFO - Starting attempt 1 of 2
[2025-09-01 12:36:39,232] {taskinstance.py:1358} INFO - 
--------------------------------------------------------------------------------
[2025-09-01 12:36:39,242] {taskinstance.py:1377} INFO - Executing <Task(BashOperator): stream_hdfs> on 2025-09-01 12:06:01.340206+00:00
[2025-09-01 12:36:39,245] {standard_task_runner.py:52} INFO - Started process 16073 to run task
[2025-09-01 12:36:39,248] {standard_task_runner.py:79} INFO - Running: ['***', 'tasks', 'run', 'send_weather_to_kafka', 'stream_hdfs', 'scheduled__2025-09-01T12:06:01.340206+00:00', '--job-id', '539', '--raw', '--subdir', 'DAGS_FOLDER/dag_meteo.py', '--cfg-path', '/tmp/tmpbdm4nlq3', '--error-file', '/tmp/tmpf5h6zlyv']
[2025-09-01 12:36:39,249] {standard_task_runner.py:80} INFO - Job 539: Subtask stream_hdfs
[2025-09-01 12:36:39,259] {logging_mixin.py:115} WARNING - /home/***/.local/lib/python3.7/site-packages/***/configuration.py:470 DeprecationWarning: The sql_alchemy_conn option in [core] has been moved to the sql_alchemy_conn option in [database] - the old setting has been used, but please update your config.
[2025-09-01 12:36:39,308] {task_command.py:369} INFO - Running <TaskInstance: send_weather_to_kafka.stream_hdfs scheduled__2025-09-01T12:06:01.340206+00:00 [running]> on host e66737cfc193
[2025-09-01 12:36:39,416] {taskinstance.py:1571} INFO - Exporting the following env vars:
AIRFLOW_CTX_DAG_OWNER=***
AIRFLOW_CTX_DAG_ID=send_weather_to_kafka
AIRFLOW_CTX_TASK_ID=stream_hdfs
AIRFLOW_CTX_EXECUTION_DATE=2025-09-01T12:06:01.340206+00:00
AIRFLOW_CTX_TRY_NUMBER=1
AIRFLOW_CTX_DAG_RUN_ID=scheduled__2025-09-01T12:06:01.340206+00:00
[2025-09-01 12:36:39,417] {subprocess.py:62} INFO - Tmp dir root location: 
 /tmp
[2025-09-01 12:36:39,417] {subprocess.py:74} INFO - Running command: ['bash', '-c', '\n/home/***/.local/bin/spark-submit   --master local[*]   --conf spark.hadoop.fs.defaultFS=hdfs://namenode:9000   --conf spark.hadoop.dfs.client.use.datanode.hostname=true   --conf spark.sql.adaptive.enabled=false   --packages org.apache.spark:spark-sql-kafka-0-10_2.12:3.3.1   /opt/***/scripts/pyspark/streaming.py']
[2025-09-01 12:36:39,431] {subprocess.py:85} INFO - Output:
[2025-09-01 12:36:39,447] {subprocess.py:92} INFO - /opt/spark-3.3.1-bin-hadoop3/bin/load-spark-env.sh: line 68: ps: command not found
[2025-09-01 12:36:40,435] {subprocess.py:92} INFO - :: loading settings :: url = jar:file:/opt/spark-3.3.1-bin-hadoop3/jars/ivy-2.5.0.jar!/org/apache/ivy/core/settings/ivysettings.xml
[2025-09-01 12:36:40,528] {subprocess.py:92} INFO - Ivy Default Cache set to: /home/***/.ivy2/cache
[2025-09-01 12:36:40,529] {subprocess.py:92} INFO - The jars for the packages stored in: /home/***/.ivy2/jars
[2025-09-01 12:36:40,534] {subprocess.py:92} INFO - org.apache.spark#spark-sql-kafka-0-10_2.12 added as a dependency
[2025-09-01 12:36:40,535] {subprocess.py:92} INFO - :: resolving dependencies :: org.apache.spark#spark-submit-parent-0aee509b-4edd-46d2-81f9-67bbd18efad2;1.0
[2025-09-01 12:36:40,535] {subprocess.py:92} INFO - 	confs: [default]
[2025-09-01 12:36:40,624] {subprocess.py:92} INFO - 	found org.apache.spark#spark-sql-kafka-0-10_2.12;3.3.1 in spark-list
[2025-09-01 12:36:40,664] {subprocess.py:92} INFO - 	found org.apache.spark#spark-token-provider-kafka-0-10_2.12;3.3.1 in central
[2025-09-01 12:36:40,686] {subprocess.py:92} INFO - 	found org.apache.kafka#kafka-clients;2.8.1 in central
[2025-09-01 12:36:40,703] {subprocess.py:92} INFO - 	found org.lz4#lz4-java;1.8.0 in central
[2025-09-01 12:36:40,718] {subprocess.py:92} INFO - 	found org.xerial.snappy#snappy-java;1.1.8.4 in central
[2025-09-01 12:36:40,732] {subprocess.py:92} INFO - 	found org.slf4j#slf4j-api;1.7.32 in central
[2025-09-01 12:36:40,749] {subprocess.py:92} INFO - 	found org.apache.hadoop#hadoop-client-runtime;3.3.2 in central
[2025-09-01 12:36:40,759] {subprocess.py:92} INFO - 	found org.spark-project.spark#unused;1.0.0 in central
[2025-09-01 12:36:40,775] {subprocess.py:92} INFO - 	found org.apache.hadoop#hadoop-client-api;3.3.2 in central
[2025-09-01 12:36:40,788] {subprocess.py:92} INFO - 	found commons-logging#commons-logging;1.1.3 in central
[2025-09-01 12:36:40,797] {subprocess.py:92} INFO - 	found com.google.code.findbugs#jsr305;3.0.0 in central
[2025-09-01 12:36:40,806] {subprocess.py:92} INFO - 	found org.apache.commons#commons-pool2;2.11.1 in central
[2025-09-01 12:36:40,840] {subprocess.py:92} INFO - :: resolution report :: resolve 288ms :: artifacts dl 16ms
[2025-09-01 12:36:40,840] {subprocess.py:92} INFO - 	:: modules in use:
[2025-09-01 12:36:40,840] {subprocess.py:92} INFO - 	com.google.code.findbugs#jsr305;3.0.0 from central in [default]
[2025-09-01 12:36:40,840] {subprocess.py:92} INFO - 	commons-logging#commons-logging;1.1.3 from central in [default]
[2025-09-01 12:36:40,840] {subprocess.py:92} INFO - 	org.apache.commons#commons-pool2;2.11.1 from central in [default]
[2025-09-01 12:36:40,840] {subprocess.py:92} INFO - 	org.apache.hadoop#hadoop-client-api;3.3.2 from central in [default]
[2025-09-01 12:36:40,840] {subprocess.py:92} INFO - 	org.apache.hadoop#hadoop-client-runtime;3.3.2 from central in [default]
[2025-09-01 12:36:40,840] {subprocess.py:92} INFO - 	org.apache.kafka#kafka-clients;2.8.1 from central in [default]
[2025-09-01 12:36:40,840] {subprocess.py:92} INFO - 	org.apache.spark#spark-sql-kafka-0-10_2.12;3.3.1 from spark-list in [default]
[2025-09-01 12:36:40,840] {subprocess.py:92} INFO - 	org.apache.spark#spark-token-provider-kafka-0-10_2.12;3.3.1 from central in [default]
[2025-09-01 12:36:40,840] {subprocess.py:92} INFO - 	org.lz4#lz4-java;1.8.0 from central in [default]
[2025-09-01 12:36:40,840] {subprocess.py:92} INFO - 	org.slf4j#slf4j-api;1.7.32 from central in [default]
[2025-09-01 12:36:40,840] {subprocess.py:92} INFO - 	org.spark-project.spark#unused;1.0.0 from central in [default]
[2025-09-01 12:36:40,840] {subprocess.py:92} INFO - 	org.xerial.snappy#snappy-java;1.1.8.4 from central in [default]
[2025-09-01 12:36:40,841] {subprocess.py:92} INFO - 	---------------------------------------------------------------------
[2025-09-01 12:36:40,841] {subprocess.py:92} INFO - 	|                  |            modules            ||   artifacts   |
[2025-09-01 12:36:40,841] {subprocess.py:92} INFO - 	|       conf       | number| search|dwnlded|evicted|| number|dwnlded|
[2025-09-01 12:36:40,841] {subprocess.py:92} INFO - 	---------------------------------------------------------------------
[2025-09-01 12:36:40,841] {subprocess.py:92} INFO - 	|      default     |   12  |   0   |   0   |   0   ||   12  |   0   |
[2025-09-01 12:36:40,841] {subprocess.py:92} INFO - 	---------------------------------------------------------------------
[2025-09-01 12:36:40,848] {subprocess.py:92} INFO - :: retrieving :: org.apache.spark#spark-submit-parent-0aee509b-4edd-46d2-81f9-67bbd18efad2
[2025-09-01 12:36:40,849] {subprocess.py:92} INFO - 	confs: [default]
[2025-09-01 12:36:40,859] {subprocess.py:92} INFO - 	0 artifacts copied, 12 already retrieved (0kB/11ms)
[2025-09-01 12:36:41,065] {subprocess.py:92} INFO - 25/09/01 12:36:41 WARN NativeCodeLoader: Unable to load native-hadoop library for your platform... using builtin-java classes where applicable
[2025-09-01 12:36:41,842] {subprocess.py:92} INFO - 25/09/01 12:36:41 INFO SparkContext: Running Spark version 3.3.1
[2025-09-01 12:36:41,855] {subprocess.py:92} INFO - 25/09/01 12:36:41 INFO ResourceUtils: ==============================================================
[2025-09-01 12:36:41,855] {subprocess.py:92} INFO - 25/09/01 12:36:41 INFO ResourceUtils: No custom resources configured for spark.driver.
[2025-09-01 12:36:41,855] {subprocess.py:92} INFO - 25/09/01 12:36:41 INFO ResourceUtils: ==============================================================
[2025-09-01 12:36:41,855] {subprocess.py:92} INFO - 25/09/01 12:36:41 INFO SparkContext: Submitted application: KafkaToHDFSWeather
[2025-09-01 12:36:41,869] {subprocess.py:92} INFO - 25/09/01 12:36:41 INFO ResourceProfile: Default ResourceProfile created, executor resources: Map(cores -> name: cores, amount: 1, script: , vendor: , memory -> name: memory, amount: 1024, script: , vendor: , offHeap -> name: offHeap, amount: 0, script: , vendor: ), task resources: Map(cpus -> name: cpus, amount: 1.0)
[2025-09-01 12:36:41,877] {subprocess.py:92} INFO - 25/09/01 12:36:41 INFO ResourceProfile: Limiting resource is cpu
[2025-09-01 12:36:41,877] {subprocess.py:92} INFO - 25/09/01 12:36:41 INFO ResourceProfileManager: Added ResourceProfile id: 0
[2025-09-01 12:36:41,911] {subprocess.py:92} INFO - 25/09/01 12:36:41 INFO SecurityManager: Changing view acls to: ***
[2025-09-01 12:36:41,911] {subprocess.py:92} INFO - 25/09/01 12:36:41 INFO SecurityManager: Changing modify acls to: ***
[2025-09-01 12:36:41,911] {subprocess.py:92} INFO - 25/09/01 12:36:41 INFO SecurityManager: Changing view acls groups to:
[2025-09-01 12:36:41,912] {subprocess.py:92} INFO - 25/09/01 12:36:41 INFO SecurityManager: Changing modify acls groups to:
[2025-09-01 12:36:41,912] {subprocess.py:92} INFO - 25/09/01 12:36:41 INFO SecurityManager: SecurityManager: authentication disabled; ui acls disabled; users  with view permissions: Set(***); groups with view permissions: Set(); users  with modify permissions: Set(***); groups with modify permissions: Set()
[2025-09-01 12:36:42,067] {subprocess.py:92} INFO - 25/09/01 12:36:42 INFO Utils: Successfully started service 'sparkDriver' on port 41697.
[2025-09-01 12:36:42,089] {subprocess.py:92} INFO - 25/09/01 12:36:42 INFO SparkEnv: Registering MapOutputTracker
[2025-09-01 12:36:42,115] {subprocess.py:92} INFO - 25/09/01 12:36:42 INFO SparkEnv: Registering BlockManagerMaster
[2025-09-01 12:36:42,127] {subprocess.py:92} INFO - 25/09/01 12:36:42 INFO BlockManagerMasterEndpoint: Using org.apache.spark.storage.DefaultTopologyMapper for getting topology information
[2025-09-01 12:36:42,128] {subprocess.py:92} INFO - 25/09/01 12:36:42 INFO BlockManagerMasterEndpoint: BlockManagerMasterEndpoint up
[2025-09-01 12:36:42,131] {subprocess.py:92} INFO - 25/09/01 12:36:42 INFO SparkEnv: Registering BlockManagerMasterHeartbeat
[2025-09-01 12:36:42,147] {subprocess.py:92} INFO - 25/09/01 12:36:42 INFO DiskBlockManager: Created local directory at /tmp/blockmgr-32160a53-9901-4eef-bb86-bf3d6f623504
[2025-09-01 12:36:42,160] {subprocess.py:92} INFO - 25/09/01 12:36:42 INFO MemoryStore: MemoryStore started with capacity 434.4 MiB
[2025-09-01 12:36:42,170] {subprocess.py:92} INFO - 25/09/01 12:36:42 INFO SparkEnv: Registering OutputCommitCoordinator
[2025-09-01 12:36:42,314] {subprocess.py:92} INFO - 25/09/01 12:36:42 WARN Utils: Service 'SparkUI' could not bind on port 4040. Attempting port 4041.
[2025-09-01 12:36:42,321] {subprocess.py:92} INFO - 25/09/01 12:36:42 INFO Utils: Successfully started service 'SparkUI' on port 4041.
[2025-09-01 12:36:42,346] {subprocess.py:92} INFO - 25/09/01 12:36:42 INFO SparkContext: Added JAR file:///home/***/.ivy2/jars/org.apache.spark_spark-sql-kafka-0-10_2.12-3.3.1.jar at spark://e66737cfc193:41697/jars/org.apache.spark_spark-sql-kafka-0-10_2.12-3.3.1.jar with timestamp 1756730201836
[2025-09-01 12:36:42,346] {subprocess.py:92} INFO - 25/09/01 12:36:42 INFO SparkContext: Added JAR file:///home/***/.ivy2/jars/org.apache.spark_spark-token-provider-kafka-0-10_2.12-3.3.1.jar at spark://e66737cfc193:41697/jars/org.apache.spark_spark-token-provider-kafka-0-10_2.12-3.3.1.jar with timestamp 1756730201836
[2025-09-01 12:36:42,346] {subprocess.py:92} INFO - 25/09/01 12:36:42 INFO SparkContext: Added JAR file:///home/***/.ivy2/jars/org.apache.kafka_kafka-clients-2.8.1.jar at spark://e66737cfc193:41697/jars/org.apache.kafka_kafka-clients-2.8.1.jar with timestamp 1756730201836
[2025-09-01 12:36:42,346] {subprocess.py:92} INFO - 25/09/01 12:36:42 INFO SparkContext: Added JAR file:///home/***/.ivy2/jars/com.google.code.findbugs_jsr305-3.0.0.jar at spark://e66737cfc193:41697/jars/com.google.code.findbugs_jsr305-3.0.0.jar with timestamp 1756730201836
[2025-09-01 12:36:42,346] {subprocess.py:92} INFO - 25/09/01 12:36:42 INFO SparkContext: Added JAR file:///home/***/.ivy2/jars/org.apache.commons_commons-pool2-2.11.1.jar at spark://e66737cfc193:41697/jars/org.apache.commons_commons-pool2-2.11.1.jar with timestamp 1756730201836
[2025-09-01 12:36:42,346] {subprocess.py:92} INFO - 25/09/01 12:36:42 INFO SparkContext: Added JAR file:///home/***/.ivy2/jars/org.spark-project.spark_unused-1.0.0.jar at spark://e66737cfc193:41697/jars/org.spark-project.spark_unused-1.0.0.jar with timestamp 1756730201836
[2025-09-01 12:36:42,346] {subprocess.py:92} INFO - 25/09/01 12:36:42 INFO SparkContext: Added JAR file:///home/***/.ivy2/jars/org.apache.hadoop_hadoop-client-runtime-3.3.2.jar at spark://e66737cfc193:41697/jars/org.apache.hadoop_hadoop-client-runtime-3.3.2.jar with timestamp 1756730201836
[2025-09-01 12:36:42,346] {subprocess.py:92} INFO - 25/09/01 12:36:42 INFO SparkContext: Added JAR file:///home/***/.ivy2/jars/org.lz4_lz4-java-1.8.0.jar at spark://e66737cfc193:41697/jars/org.lz4_lz4-java-1.8.0.jar with timestamp 1756730201836
[2025-09-01 12:36:42,347] {subprocess.py:92} INFO - 25/09/01 12:36:42 INFO SparkContext: Added JAR file:///home/***/.ivy2/jars/org.xerial.snappy_snappy-java-1.1.8.4.jar at spark://e66737cfc193:41697/jars/org.xerial.snappy_snappy-java-1.1.8.4.jar with timestamp 1756730201836
[2025-09-01 12:36:42,347] {subprocess.py:92} INFO - 25/09/01 12:36:42 INFO SparkContext: Added JAR file:///home/***/.ivy2/jars/org.slf4j_slf4j-api-1.7.32.jar at spark://e66737cfc193:41697/jars/org.slf4j_slf4j-api-1.7.32.jar with timestamp 1756730201836
[2025-09-01 12:36:42,347] {subprocess.py:92} INFO - 25/09/01 12:36:42 INFO SparkContext: Added JAR file:///home/***/.ivy2/jars/org.apache.hadoop_hadoop-client-api-3.3.2.jar at spark://e66737cfc193:41697/jars/org.apache.hadoop_hadoop-client-api-3.3.2.jar with timestamp 1756730201836
[2025-09-01 12:36:42,347] {subprocess.py:92} INFO - 25/09/01 12:36:42 INFO SparkContext: Added JAR file:///home/***/.ivy2/jars/commons-logging_commons-logging-1.1.3.jar at spark://e66737cfc193:41697/jars/commons-logging_commons-logging-1.1.3.jar with timestamp 1756730201836
[2025-09-01 12:36:42,348] {subprocess.py:92} INFO - 25/09/01 12:36:42 INFO SparkContext: Added file file:///home/***/.ivy2/jars/org.apache.spark_spark-sql-kafka-0-10_2.12-3.3.1.jar at file:///home/***/.ivy2/jars/org.apache.spark_spark-sql-kafka-0-10_2.12-3.3.1.jar with timestamp 1756730201836
[2025-09-01 12:36:42,349] {subprocess.py:92} INFO - 25/09/01 12:36:42 INFO Utils: Copying /home/***/.ivy2/jars/org.apache.spark_spark-sql-kafka-0-10_2.12-3.3.1.jar to /tmp/spark-e65223a4-c0df-4709-92ca-76da1ff599a4/userFiles-dc233123-e584-4371-bdfc-76edcf7c78a8/org.apache.spark_spark-sql-kafka-0-10_2.12-3.3.1.jar
[2025-09-01 12:36:42,357] {subprocess.py:92} INFO - 25/09/01 12:36:42 INFO SparkContext: Added file file:///home/***/.ivy2/jars/org.apache.spark_spark-token-provider-kafka-0-10_2.12-3.3.1.jar at file:///home/***/.ivy2/jars/org.apache.spark_spark-token-provider-kafka-0-10_2.12-3.3.1.jar with timestamp 1756730201836
[2025-09-01 12:36:42,357] {subprocess.py:92} INFO - 25/09/01 12:36:42 INFO Utils: Copying /home/***/.ivy2/jars/org.apache.spark_spark-token-provider-kafka-0-10_2.12-3.3.1.jar to /tmp/spark-e65223a4-c0df-4709-92ca-76da1ff599a4/userFiles-dc233123-e584-4371-bdfc-76edcf7c78a8/org.apache.spark_spark-token-provider-kafka-0-10_2.12-3.3.1.jar
[2025-09-01 12:36:42,361] {subprocess.py:92} INFO - 25/09/01 12:36:42 INFO SparkContext: Added file file:///home/***/.ivy2/jars/org.apache.kafka_kafka-clients-2.8.1.jar at file:///home/***/.ivy2/jars/org.apache.kafka_kafka-clients-2.8.1.jar with timestamp 1756730201836
[2025-09-01 12:36:42,361] {subprocess.py:92} INFO - 25/09/01 12:36:42 INFO Utils: Copying /home/***/.ivy2/jars/org.apache.kafka_kafka-clients-2.8.1.jar to /tmp/spark-e65223a4-c0df-4709-92ca-76da1ff599a4/userFiles-dc233123-e584-4371-bdfc-76edcf7c78a8/org.apache.kafka_kafka-clients-2.8.1.jar
[2025-09-01 12:36:42,367] {subprocess.py:92} INFO - 25/09/01 12:36:42 INFO SparkContext: Added file file:///home/***/.ivy2/jars/com.google.code.findbugs_jsr305-3.0.0.jar at file:///home/***/.ivy2/jars/com.google.code.findbugs_jsr305-3.0.0.jar with timestamp 1756730201836
[2025-09-01 12:36:42,367] {subprocess.py:92} INFO - 25/09/01 12:36:42 INFO Utils: Copying /home/***/.ivy2/jars/com.google.code.findbugs_jsr305-3.0.0.jar to /tmp/spark-e65223a4-c0df-4709-92ca-76da1ff599a4/userFiles-dc233123-e584-4371-bdfc-76edcf7c78a8/com.google.code.findbugs_jsr305-3.0.0.jar
[2025-09-01 12:36:42,371] {subprocess.py:92} INFO - 25/09/01 12:36:42 INFO SparkContext: Added file file:///home/***/.ivy2/jars/org.apache.commons_commons-pool2-2.11.1.jar at file:///home/***/.ivy2/jars/org.apache.commons_commons-pool2-2.11.1.jar with timestamp 1756730201836
[2025-09-01 12:36:42,371] {subprocess.py:92} INFO - 25/09/01 12:36:42 INFO Utils: Copying /home/***/.ivy2/jars/org.apache.commons_commons-pool2-2.11.1.jar to /tmp/spark-e65223a4-c0df-4709-92ca-76da1ff599a4/userFiles-dc233123-e584-4371-bdfc-76edcf7c78a8/org.apache.commons_commons-pool2-2.11.1.jar
[2025-09-01 12:36:42,375] {subprocess.py:92} INFO - 25/09/01 12:36:42 INFO SparkContext: Added file file:///home/***/.ivy2/jars/org.spark-project.spark_unused-1.0.0.jar at file:///home/***/.ivy2/jars/org.spark-project.spark_unused-1.0.0.jar with timestamp 1756730201836
[2025-09-01 12:36:42,375] {subprocess.py:92} INFO - 25/09/01 12:36:42 INFO Utils: Copying /home/***/.ivy2/jars/org.spark-project.spark_unused-1.0.0.jar to /tmp/spark-e65223a4-c0df-4709-92ca-76da1ff599a4/userFiles-dc233123-e584-4371-bdfc-76edcf7c78a8/org.spark-project.spark_unused-1.0.0.jar
[2025-09-01 12:36:42,379] {subprocess.py:92} INFO - 25/09/01 12:36:42 INFO SparkContext: Added file file:///home/***/.ivy2/jars/org.apache.hadoop_hadoop-client-runtime-3.3.2.jar at file:///home/***/.ivy2/jars/org.apache.hadoop_hadoop-client-runtime-3.3.2.jar with timestamp 1756730201836
[2025-09-01 12:36:42,379] {subprocess.py:92} INFO - 25/09/01 12:36:42 INFO Utils: Copying /home/***/.ivy2/jars/org.apache.hadoop_hadoop-client-runtime-3.3.2.jar to /tmp/spark-e65223a4-c0df-4709-92ca-76da1ff599a4/userFiles-dc233123-e584-4371-bdfc-76edcf7c78a8/org.apache.hadoop_hadoop-client-runtime-3.3.2.jar
[2025-09-01 12:36:42,398] {subprocess.py:92} INFO - 25/09/01 12:36:42 INFO SparkContext: Added file file:///home/***/.ivy2/jars/org.lz4_lz4-java-1.8.0.jar at file:///home/***/.ivy2/jars/org.lz4_lz4-java-1.8.0.jar with timestamp 1756730201836
[2025-09-01 12:36:42,398] {subprocess.py:92} INFO - 25/09/01 12:36:42 INFO Utils: Copying /home/***/.ivy2/jars/org.lz4_lz4-java-1.8.0.jar to /tmp/spark-e65223a4-c0df-4709-92ca-76da1ff599a4/userFiles-dc233123-e584-4371-bdfc-76edcf7c78a8/org.lz4_lz4-java-1.8.0.jar
[2025-09-01 12:36:42,402] {subprocess.py:92} INFO - 25/09/01 12:36:42 INFO SparkContext: Added file file:///home/***/.ivy2/jars/org.xerial.snappy_snappy-java-1.1.8.4.jar at file:///home/***/.ivy2/jars/org.xerial.snappy_snappy-java-1.1.8.4.jar with timestamp 1756730201836
[2025-09-01 12:36:42,402] {subprocess.py:92} INFO - 25/09/01 12:36:42 INFO Utils: Copying /home/***/.ivy2/jars/org.xerial.snappy_snappy-java-1.1.8.4.jar to /tmp/spark-e65223a4-c0df-4709-92ca-76da1ff599a4/userFiles-dc233123-e584-4371-bdfc-76edcf7c78a8/org.xerial.snappy_snappy-java-1.1.8.4.jar
[2025-09-01 12:36:42,408] {subprocess.py:92} INFO - 25/09/01 12:36:42 INFO SparkContext: Added file file:///home/***/.ivy2/jars/org.slf4j_slf4j-api-1.7.32.jar at file:///home/***/.ivy2/jars/org.slf4j_slf4j-api-1.7.32.jar with timestamp 1756730201836
[2025-09-01 12:36:42,408] {subprocess.py:92} INFO - 25/09/01 12:36:42 INFO Utils: Copying /home/***/.ivy2/jars/org.slf4j_slf4j-api-1.7.32.jar to /tmp/spark-e65223a4-c0df-4709-92ca-76da1ff599a4/userFiles-dc233123-e584-4371-bdfc-76edcf7c78a8/org.slf4j_slf4j-api-1.7.32.jar
[2025-09-01 12:36:42,412] {subprocess.py:92} INFO - 25/09/01 12:36:42 INFO SparkContext: Added file file:///home/***/.ivy2/jars/org.apache.hadoop_hadoop-client-api-3.3.2.jar at file:///home/***/.ivy2/jars/org.apache.hadoop_hadoop-client-api-3.3.2.jar with timestamp 1756730201836
[2025-09-01 12:36:42,413] {subprocess.py:92} INFO - 25/09/01 12:36:42 INFO Utils: Copying /home/***/.ivy2/jars/org.apache.hadoop_hadoop-client-api-3.3.2.jar to /tmp/spark-e65223a4-c0df-4709-92ca-76da1ff599a4/userFiles-dc233123-e584-4371-bdfc-76edcf7c78a8/org.apache.hadoop_hadoop-client-api-3.3.2.jar
[2025-09-01 12:36:42,426] {subprocess.py:92} INFO - 25/09/01 12:36:42 INFO SparkContext: Added file file:///home/***/.ivy2/jars/commons-logging_commons-logging-1.1.3.jar at file:///home/***/.ivy2/jars/commons-logging_commons-logging-1.1.3.jar with timestamp 1756730201836
[2025-09-01 12:36:42,427] {subprocess.py:92} INFO - 25/09/01 12:36:42 INFO Utils: Copying /home/***/.ivy2/jars/commons-logging_commons-logging-1.1.3.jar to /tmp/spark-e65223a4-c0df-4709-92ca-76da1ff599a4/userFiles-dc233123-e584-4371-bdfc-76edcf7c78a8/commons-logging_commons-logging-1.1.3.jar
[2025-09-01 12:36:42,474] {subprocess.py:92} INFO - 25/09/01 12:36:42 INFO Executor: Starting executor ID driver on host e66737cfc193
[2025-09-01 12:36:42,479] {subprocess.py:92} INFO - 25/09/01 12:36:42 INFO Executor: Starting executor with user classpath (userClassPathFirst = false): ''
[2025-09-01 12:36:42,488] {subprocess.py:92} INFO - 25/09/01 12:36:42 INFO Executor: Fetching file:///home/***/.ivy2/jars/commons-logging_commons-logging-1.1.3.jar with timestamp 1756730201836
[2025-09-01 12:36:42,508] {subprocess.py:92} INFO - 25/09/01 12:36:42 INFO Utils: /home/***/.ivy2/jars/commons-logging_commons-logging-1.1.3.jar has been previously copied to /tmp/spark-e65223a4-c0df-4709-92ca-76da1ff599a4/userFiles-dc233123-e584-4371-bdfc-76edcf7c78a8/commons-logging_commons-logging-1.1.3.jar
[2025-09-01 12:36:42,512] {subprocess.py:92} INFO - 25/09/01 12:36:42 INFO Executor: Fetching file:///home/***/.ivy2/jars/org.spark-project.spark_unused-1.0.0.jar with timestamp 1756730201836
[2025-09-01 12:36:42,512] {subprocess.py:92} INFO - 25/09/01 12:36:42 INFO Utils: /home/***/.ivy2/jars/org.spark-project.spark_unused-1.0.0.jar has been previously copied to /tmp/spark-e65223a4-c0df-4709-92ca-76da1ff599a4/userFiles-dc233123-e584-4371-bdfc-76edcf7c78a8/org.spark-project.spark_unused-1.0.0.jar
[2025-09-01 12:36:42,516] {subprocess.py:92} INFO - 25/09/01 12:36:42 INFO Executor: Fetching file:///home/***/.ivy2/jars/org.apache.spark_spark-sql-kafka-0-10_2.12-3.3.1.jar with timestamp 1756730201836
[2025-09-01 12:36:42,523] {subprocess.py:92} INFO - 25/09/01 12:36:42 INFO Utils: /home/***/.ivy2/jars/org.apache.spark_spark-sql-kafka-0-10_2.12-3.3.1.jar has been previously copied to /tmp/spark-e65223a4-c0df-4709-92ca-76da1ff599a4/userFiles-dc233123-e584-4371-bdfc-76edcf7c78a8/org.apache.spark_spark-sql-kafka-0-10_2.12-3.3.1.jar
[2025-09-01 12:36:42,526] {subprocess.py:92} INFO - 25/09/01 12:36:42 INFO Executor: Fetching file:///home/***/.ivy2/jars/org.apache.hadoop_hadoop-client-api-3.3.2.jar with timestamp 1756730201836
[2025-09-01 12:36:42,545] {subprocess.py:92} INFO - 25/09/01 12:36:42 INFO Utils: /home/***/.ivy2/jars/org.apache.hadoop_hadoop-client-api-3.3.2.jar has been previously copied to /tmp/spark-e65223a4-c0df-4709-92ca-76da1ff599a4/userFiles-dc233123-e584-4371-bdfc-76edcf7c78a8/org.apache.hadoop_hadoop-client-api-3.3.2.jar
[2025-09-01 12:36:42,548] {subprocess.py:92} INFO - 25/09/01 12:36:42 INFO Executor: Fetching file:///home/***/.ivy2/jars/org.apache.hadoop_hadoop-client-runtime-3.3.2.jar with timestamp 1756730201836
[2025-09-01 12:36:42,566] {subprocess.py:92} INFO - 25/09/01 12:36:42 INFO Utils: /home/***/.ivy2/jars/org.apache.hadoop_hadoop-client-runtime-3.3.2.jar has been previously copied to /tmp/spark-e65223a4-c0df-4709-92ca-76da1ff599a4/userFiles-dc233123-e584-4371-bdfc-76edcf7c78a8/org.apache.hadoop_hadoop-client-runtime-3.3.2.jar
[2025-09-01 12:36:42,570] {subprocess.py:92} INFO - 25/09/01 12:36:42 INFO Executor: Fetching file:///home/***/.ivy2/jars/org.slf4j_slf4j-api-1.7.32.jar with timestamp 1756730201836
[2025-09-01 12:36:42,571] {subprocess.py:92} INFO - 25/09/01 12:36:42 INFO Utils: /home/***/.ivy2/jars/org.slf4j_slf4j-api-1.7.32.jar has been previously copied to /tmp/spark-e65223a4-c0df-4709-92ca-76da1ff599a4/userFiles-dc233123-e584-4371-bdfc-76edcf7c78a8/org.slf4j_slf4j-api-1.7.32.jar
[2025-09-01 12:36:42,574] {subprocess.py:92} INFO - 25/09/01 12:36:42 INFO Executor: Fetching file:///home/***/.ivy2/jars/org.lz4_lz4-java-1.8.0.jar with timestamp 1756730201836
[2025-09-01 12:36:42,575] {subprocess.py:92} INFO - 25/09/01 12:36:42 INFO Utils: /home/***/.ivy2/jars/org.lz4_lz4-java-1.8.0.jar has been previously copied to /tmp/spark-e65223a4-c0df-4709-92ca-76da1ff599a4/userFiles-dc233123-e584-4371-bdfc-76edcf7c78a8/org.lz4_lz4-java-1.8.0.jar
[2025-09-01 12:36:42,579] {subprocess.py:92} INFO - 25/09/01 12:36:42 INFO Executor: Fetching file:///home/***/.ivy2/jars/org.apache.commons_commons-pool2-2.11.1.jar with timestamp 1756730201836
[2025-09-01 12:36:42,580] {subprocess.py:92} INFO - 25/09/01 12:36:42 INFO Utils: /home/***/.ivy2/jars/org.apache.commons_commons-pool2-2.11.1.jar has been previously copied to /tmp/spark-e65223a4-c0df-4709-92ca-76da1ff599a4/userFiles-dc233123-e584-4371-bdfc-76edcf7c78a8/org.apache.commons_commons-pool2-2.11.1.jar
[2025-09-01 12:36:42,583] {subprocess.py:92} INFO - 25/09/01 12:36:42 INFO Executor: Fetching file:///home/***/.ivy2/jars/com.google.code.findbugs_jsr305-3.0.0.jar with timestamp 1756730201836
[2025-09-01 12:36:42,584] {subprocess.py:92} INFO - 25/09/01 12:36:42 INFO Utils: /home/***/.ivy2/jars/com.google.code.findbugs_jsr305-3.0.0.jar has been previously copied to /tmp/spark-e65223a4-c0df-4709-92ca-76da1ff599a4/userFiles-dc233123-e584-4371-bdfc-76edcf7c78a8/com.google.code.findbugs_jsr305-3.0.0.jar
[2025-09-01 12:36:42,588] {subprocess.py:92} INFO - 25/09/01 12:36:42 INFO Executor: Fetching file:///home/***/.ivy2/jars/org.apache.spark_spark-token-provider-kafka-0-10_2.12-3.3.1.jar with timestamp 1756730201836
[2025-09-01 12:36:42,589] {subprocess.py:92} INFO - 25/09/01 12:36:42 INFO Utils: /home/***/.ivy2/jars/org.apache.spark_spark-token-provider-kafka-0-10_2.12-3.3.1.jar has been previously copied to /tmp/spark-e65223a4-c0df-4709-92ca-76da1ff599a4/userFiles-dc233123-e584-4371-bdfc-76edcf7c78a8/org.apache.spark_spark-token-provider-kafka-0-10_2.12-3.3.1.jar
[2025-09-01 12:36:42,593] {subprocess.py:92} INFO - 25/09/01 12:36:42 INFO Executor: Fetching file:///home/***/.ivy2/jars/org.apache.kafka_kafka-clients-2.8.1.jar with timestamp 1756730201836
[2025-09-01 12:36:42,598] {subprocess.py:92} INFO - 25/09/01 12:36:42 INFO Utils: /home/***/.ivy2/jars/org.apache.kafka_kafka-clients-2.8.1.jar has been previously copied to /tmp/spark-e65223a4-c0df-4709-92ca-76da1ff599a4/userFiles-dc233123-e584-4371-bdfc-76edcf7c78a8/org.apache.kafka_kafka-clients-2.8.1.jar
[2025-09-01 12:36:42,603] {subprocess.py:92} INFO - 25/09/01 12:36:42 INFO Executor: Fetching file:///home/***/.ivy2/jars/org.xerial.snappy_snappy-java-1.1.8.4.jar with timestamp 1756730201836
[2025-09-01 12:36:42,605] {subprocess.py:92} INFO - 25/09/01 12:36:42 INFO Utils: /home/***/.ivy2/jars/org.xerial.snappy_snappy-java-1.1.8.4.jar has been previously copied to /tmp/spark-e65223a4-c0df-4709-92ca-76da1ff599a4/userFiles-dc233123-e584-4371-bdfc-76edcf7c78a8/org.xerial.snappy_snappy-java-1.1.8.4.jar
[2025-09-01 12:36:42,612] {subprocess.py:92} INFO - 25/09/01 12:36:42 INFO Executor: Fetching spark://e66737cfc193:41697/jars/org.apache.kafka_kafka-clients-2.8.1.jar with timestamp 1756730201836
[2025-09-01 12:36:42,642] {subprocess.py:92} INFO - 25/09/01 12:36:42 INFO TransportClientFactory: Successfully created connection to e66737cfc193/172.20.0.18:41697 after 18 ms (0 ms spent in bootstraps)
[2025-09-01 12:36:42,647] {subprocess.py:92} INFO - 25/09/01 12:36:42 INFO Utils: Fetching spark://e66737cfc193:41697/jars/org.apache.kafka_kafka-clients-2.8.1.jar to /tmp/spark-e65223a4-c0df-4709-92ca-76da1ff599a4/userFiles-dc233123-e584-4371-bdfc-76edcf7c78a8/fetchFileTemp10648161996713625210.tmp
[2025-09-01 12:36:42,700] {subprocess.py:92} INFO - 25/09/01 12:36:42 INFO Utils: /tmp/spark-e65223a4-c0df-4709-92ca-76da1ff599a4/userFiles-dc233123-e584-4371-bdfc-76edcf7c78a8/fetchFileTemp10648161996713625210.tmp has been previously copied to /tmp/spark-e65223a4-c0df-4709-92ca-76da1ff599a4/userFiles-dc233123-e584-4371-bdfc-76edcf7c78a8/org.apache.kafka_kafka-clients-2.8.1.jar
[2025-09-01 12:36:42,704] {subprocess.py:92} INFO - 25/09/01 12:36:42 INFO Executor: Adding file:/tmp/spark-e65223a4-c0df-4709-92ca-76da1ff599a4/userFiles-dc233123-e584-4371-bdfc-76edcf7c78a8/org.apache.kafka_kafka-clients-2.8.1.jar to class loader
[2025-09-01 12:36:42,704] {subprocess.py:92} INFO - 25/09/01 12:36:42 INFO Executor: Fetching spark://e66737cfc193:41697/jars/com.google.code.findbugs_jsr305-3.0.0.jar with timestamp 1756730201836
[2025-09-01 12:36:42,705] {subprocess.py:92} INFO - 25/09/01 12:36:42 INFO Utils: Fetching spark://e66737cfc193:41697/jars/com.google.code.findbugs_jsr305-3.0.0.jar to /tmp/spark-e65223a4-c0df-4709-92ca-76da1ff599a4/userFiles-dc233123-e584-4371-bdfc-76edcf7c78a8/fetchFileTemp8122937620431522216.tmp
[2025-09-01 12:36:42,707] {subprocess.py:92} INFO - 25/09/01 12:36:42 INFO Utils: /tmp/spark-e65223a4-c0df-4709-92ca-76da1ff599a4/userFiles-dc233123-e584-4371-bdfc-76edcf7c78a8/fetchFileTemp8122937620431522216.tmp has been previously copied to /tmp/spark-e65223a4-c0df-4709-92ca-76da1ff599a4/userFiles-dc233123-e584-4371-bdfc-76edcf7c78a8/com.google.code.findbugs_jsr305-3.0.0.jar
[2025-09-01 12:36:42,711] {subprocess.py:92} INFO - 25/09/01 12:36:42 INFO Executor: Adding file:/tmp/spark-e65223a4-c0df-4709-92ca-76da1ff599a4/userFiles-dc233123-e584-4371-bdfc-76edcf7c78a8/com.google.code.findbugs_jsr305-3.0.0.jar to class loader
[2025-09-01 12:36:42,711] {subprocess.py:92} INFO - 25/09/01 12:36:42 INFO Executor: Fetching spark://e66737cfc193:41697/jars/org.apache.hadoop_hadoop-client-runtime-3.3.2.jar with timestamp 1756730201836
[2025-09-01 12:36:42,711] {subprocess.py:92} INFO - 25/09/01 12:36:42 INFO Utils: Fetching spark://e66737cfc193:41697/jars/org.apache.hadoop_hadoop-client-runtime-3.3.2.jar to /tmp/spark-e65223a4-c0df-4709-92ca-76da1ff599a4/userFiles-dc233123-e584-4371-bdfc-76edcf7c78a8/fetchFileTemp10501315109401635795.tmp
[2025-09-01 12:36:42,798] {subprocess.py:92} INFO - 25/09/01 12:36:42 INFO Utils: /tmp/spark-e65223a4-c0df-4709-92ca-76da1ff599a4/userFiles-dc233123-e584-4371-bdfc-76edcf7c78a8/fetchFileTemp10501315109401635795.tmp has been previously copied to /tmp/spark-e65223a4-c0df-4709-92ca-76da1ff599a4/userFiles-dc233123-e584-4371-bdfc-76edcf7c78a8/org.apache.hadoop_hadoop-client-runtime-3.3.2.jar
[2025-09-01 12:36:42,813] {subprocess.py:92} INFO - 25/09/01 12:36:42 INFO Executor: Adding file:/tmp/spark-e65223a4-c0df-4709-92ca-76da1ff599a4/userFiles-dc233123-e584-4371-bdfc-76edcf7c78a8/org.apache.hadoop_hadoop-client-runtime-3.3.2.jar to class loader
[2025-09-01 12:36:42,813] {subprocess.py:92} INFO - 25/09/01 12:36:42 INFO Executor: Fetching spark://e66737cfc193:41697/jars/org.slf4j_slf4j-api-1.7.32.jar with timestamp 1756730201836
[2025-09-01 12:36:42,814] {subprocess.py:92} INFO - 25/09/01 12:36:42 INFO Utils: Fetching spark://e66737cfc193:41697/jars/org.slf4j_slf4j-api-1.7.32.jar to /tmp/spark-e65223a4-c0df-4709-92ca-76da1ff599a4/userFiles-dc233123-e584-4371-bdfc-76edcf7c78a8/fetchFileTemp6365979414360484775.tmp
[2025-09-01 12:36:42,816] {subprocess.py:92} INFO - 25/09/01 12:36:42 INFO Utils: /tmp/spark-e65223a4-c0df-4709-92ca-76da1ff599a4/userFiles-dc233123-e584-4371-bdfc-76edcf7c78a8/fetchFileTemp6365979414360484775.tmp has been previously copied to /tmp/spark-e65223a4-c0df-4709-92ca-76da1ff599a4/userFiles-dc233123-e584-4371-bdfc-76edcf7c78a8/org.slf4j_slf4j-api-1.7.32.jar
[2025-09-01 12:36:42,820] {subprocess.py:92} INFO - 25/09/01 12:36:42 INFO Executor: Adding file:/tmp/spark-e65223a4-c0df-4709-92ca-76da1ff599a4/userFiles-dc233123-e584-4371-bdfc-76edcf7c78a8/org.slf4j_slf4j-api-1.7.32.jar to class loader
[2025-09-01 12:36:42,821] {subprocess.py:92} INFO - 25/09/01 12:36:42 INFO Executor: Fetching spark://e66737cfc193:41697/jars/org.lz4_lz4-java-1.8.0.jar with timestamp 1756730201836
[2025-09-01 12:36:42,822] {subprocess.py:92} INFO - 25/09/01 12:36:42 INFO Utils: Fetching spark://e66737cfc193:41697/jars/org.lz4_lz4-java-1.8.0.jar to /tmp/spark-e65223a4-c0df-4709-92ca-76da1ff599a4/userFiles-dc233123-e584-4371-bdfc-76edcf7c78a8/fetchFileTemp4448318806643621076.tmp
[2025-09-01 12:36:42,827] {subprocess.py:92} INFO - 25/09/01 12:36:42 INFO Utils: /tmp/spark-e65223a4-c0df-4709-92ca-76da1ff599a4/userFiles-dc233123-e584-4371-bdfc-76edcf7c78a8/fetchFileTemp4448318806643621076.tmp has been previously copied to /tmp/spark-e65223a4-c0df-4709-92ca-76da1ff599a4/userFiles-dc233123-e584-4371-bdfc-76edcf7c78a8/org.lz4_lz4-java-1.8.0.jar
[2025-09-01 12:36:42,832] {subprocess.py:92} INFO - 25/09/01 12:36:42 INFO Executor: Adding file:/tmp/spark-e65223a4-c0df-4709-92ca-76da1ff599a4/userFiles-dc233123-e584-4371-bdfc-76edcf7c78a8/org.lz4_lz4-java-1.8.0.jar to class loader
[2025-09-01 12:36:42,832] {subprocess.py:92} INFO - 25/09/01 12:36:42 INFO Executor: Fetching spark://e66737cfc193:41697/jars/org.apache.commons_commons-pool2-2.11.1.jar with timestamp 1756730201836
[2025-09-01 12:36:42,832] {subprocess.py:92} INFO - 25/09/01 12:36:42 INFO Utils: Fetching spark://e66737cfc193:41697/jars/org.apache.commons_commons-pool2-2.11.1.jar to /tmp/spark-e65223a4-c0df-4709-92ca-76da1ff599a4/userFiles-dc233123-e584-4371-bdfc-76edcf7c78a8/fetchFileTemp1144289194832068072.tmp
[2025-09-01 12:36:42,835] {subprocess.py:92} INFO - 25/09/01 12:36:42 INFO Utils: /tmp/spark-e65223a4-c0df-4709-92ca-76da1ff599a4/userFiles-dc233123-e584-4371-bdfc-76edcf7c78a8/fetchFileTemp1144289194832068072.tmp has been previously copied to /tmp/spark-e65223a4-c0df-4709-92ca-76da1ff599a4/userFiles-dc233123-e584-4371-bdfc-76edcf7c78a8/org.apache.commons_commons-pool2-2.11.1.jar
[2025-09-01 12:36:42,840] {subprocess.py:92} INFO - 25/09/01 12:36:42 INFO Executor: Adding file:/tmp/spark-e65223a4-c0df-4709-92ca-76da1ff599a4/userFiles-dc233123-e584-4371-bdfc-76edcf7c78a8/org.apache.commons_commons-pool2-2.11.1.jar to class loader
[2025-09-01 12:36:42,840] {subprocess.py:92} INFO - 25/09/01 12:36:42 INFO Executor: Fetching spark://e66737cfc193:41697/jars/org.xerial.snappy_snappy-java-1.1.8.4.jar with timestamp 1756730201836
[2025-09-01 12:36:42,841] {subprocess.py:92} INFO - 25/09/01 12:36:42 INFO Utils: Fetching spark://e66737cfc193:41697/jars/org.xerial.snappy_snappy-java-1.1.8.4.jar to /tmp/spark-e65223a4-c0df-4709-92ca-76da1ff599a4/userFiles-dc233123-e584-4371-bdfc-76edcf7c78a8/fetchFileTemp7918202843277775815.tmp
[2025-09-01 12:36:42,850] {subprocess.py:92} INFO - 25/09/01 12:36:42 INFO Utils: /tmp/spark-e65223a4-c0df-4709-92ca-76da1ff599a4/userFiles-dc233123-e584-4371-bdfc-76edcf7c78a8/fetchFileTemp7918202843277775815.tmp has been previously copied to /tmp/spark-e65223a4-c0df-4709-92ca-76da1ff599a4/userFiles-dc233123-e584-4371-bdfc-76edcf7c78a8/org.xerial.snappy_snappy-java-1.1.8.4.jar
[2025-09-01 12:36:42,855] {subprocess.py:92} INFO - 25/09/01 12:36:42 INFO Executor: Adding file:/tmp/spark-e65223a4-c0df-4709-92ca-76da1ff599a4/userFiles-dc233123-e584-4371-bdfc-76edcf7c78a8/org.xerial.snappy_snappy-java-1.1.8.4.jar to class loader
[2025-09-01 12:36:42,855] {subprocess.py:92} INFO - 25/09/01 12:36:42 INFO Executor: Fetching spark://e66737cfc193:41697/jars/org.spark-project.spark_unused-1.0.0.jar with timestamp 1756730201836
[2025-09-01 12:36:42,856] {subprocess.py:92} INFO - 25/09/01 12:36:42 INFO Utils: Fetching spark://e66737cfc193:41697/jars/org.spark-project.spark_unused-1.0.0.jar to /tmp/spark-e65223a4-c0df-4709-92ca-76da1ff599a4/userFiles-dc233123-e584-4371-bdfc-76edcf7c78a8/fetchFileTemp2253230211313747493.tmp
[2025-09-01 12:36:42,858] {subprocess.py:92} INFO - 25/09/01 12:36:42 INFO Utils: /tmp/spark-e65223a4-c0df-4709-92ca-76da1ff599a4/userFiles-dc233123-e584-4371-bdfc-76edcf7c78a8/fetchFileTemp2253230211313747493.tmp has been previously copied to /tmp/spark-e65223a4-c0df-4709-92ca-76da1ff599a4/userFiles-dc233123-e584-4371-bdfc-76edcf7c78a8/org.spark-project.spark_unused-1.0.0.jar
[2025-09-01 12:36:42,864] {subprocess.py:92} INFO - 25/09/01 12:36:42 INFO Executor: Adding file:/tmp/spark-e65223a4-c0df-4709-92ca-76da1ff599a4/userFiles-dc233123-e584-4371-bdfc-76edcf7c78a8/org.spark-project.spark_unused-1.0.0.jar to class loader
[2025-09-01 12:36:42,864] {subprocess.py:92} INFO - 25/09/01 12:36:42 INFO Executor: Fetching spark://e66737cfc193:41697/jars/org.apache.hadoop_hadoop-client-api-3.3.2.jar with timestamp 1756730201836
[2025-09-01 12:36:42,865] {subprocess.py:92} INFO - 25/09/01 12:36:42 INFO Utils: Fetching spark://e66737cfc193:41697/jars/org.apache.hadoop_hadoop-client-api-3.3.2.jar to /tmp/spark-e65223a4-c0df-4709-92ca-76da1ff599a4/userFiles-dc233123-e584-4371-bdfc-76edcf7c78a8/fetchFileTemp6637607598571019831.tmp
[2025-09-01 12:36:42,943] {subprocess.py:92} INFO - 25/09/01 12:36:42 INFO Utils: /tmp/spark-e65223a4-c0df-4709-92ca-76da1ff599a4/userFiles-dc233123-e584-4371-bdfc-76edcf7c78a8/fetchFileTemp6637607598571019831.tmp has been previously copied to /tmp/spark-e65223a4-c0df-4709-92ca-76da1ff599a4/userFiles-dc233123-e584-4371-bdfc-76edcf7c78a8/org.apache.hadoop_hadoop-client-api-3.3.2.jar
[2025-09-01 12:36:42,949] {subprocess.py:92} INFO - 25/09/01 12:36:42 INFO Executor: Adding file:/tmp/spark-e65223a4-c0df-4709-92ca-76da1ff599a4/userFiles-dc233123-e584-4371-bdfc-76edcf7c78a8/org.apache.hadoop_hadoop-client-api-3.3.2.jar to class loader
[2025-09-01 12:36:42,949] {subprocess.py:92} INFO - 25/09/01 12:36:42 INFO Executor: Fetching spark://e66737cfc193:41697/jars/commons-logging_commons-logging-1.1.3.jar with timestamp 1756730201836
[2025-09-01 12:36:42,950] {subprocess.py:92} INFO - 25/09/01 12:36:42 INFO Utils: Fetching spark://e66737cfc193:41697/jars/commons-logging_commons-logging-1.1.3.jar to /tmp/spark-e65223a4-c0df-4709-92ca-76da1ff599a4/userFiles-dc233123-e584-4371-bdfc-76edcf7c78a8/fetchFileTemp18108334271579892774.tmp
[2025-09-01 12:36:42,952] {subprocess.py:92} INFO - 25/09/01 12:36:42 INFO Utils: /tmp/spark-e65223a4-c0df-4709-92ca-76da1ff599a4/userFiles-dc233123-e584-4371-bdfc-76edcf7c78a8/fetchFileTemp18108334271579892774.tmp has been previously copied to /tmp/spark-e65223a4-c0df-4709-92ca-76da1ff599a4/userFiles-dc233123-e584-4371-bdfc-76edcf7c78a8/commons-logging_commons-logging-1.1.3.jar
[2025-09-01 12:36:42,956] {subprocess.py:92} INFO - 25/09/01 12:36:42 INFO Executor: Adding file:/tmp/spark-e65223a4-c0df-4709-92ca-76da1ff599a4/userFiles-dc233123-e584-4371-bdfc-76edcf7c78a8/commons-logging_commons-logging-1.1.3.jar to class loader
[2025-09-01 12:36:42,956] {subprocess.py:92} INFO - 25/09/01 12:36:42 INFO Executor: Fetching spark://e66737cfc193:41697/jars/org.apache.spark_spark-token-provider-kafka-0-10_2.12-3.3.1.jar with timestamp 1756730201836
[2025-09-01 12:36:42,957] {subprocess.py:92} INFO - 25/09/01 12:36:42 INFO Utils: Fetching spark://e66737cfc193:41697/jars/org.apache.spark_spark-token-provider-kafka-0-10_2.12-3.3.1.jar to /tmp/spark-e65223a4-c0df-4709-92ca-76da1ff599a4/userFiles-dc233123-e584-4371-bdfc-76edcf7c78a8/fetchFileTemp17358283870115799248.tmp
[2025-09-01 12:36:42,958] {subprocess.py:92} INFO - 25/09/01 12:36:42 INFO Utils: /tmp/spark-e65223a4-c0df-4709-92ca-76da1ff599a4/userFiles-dc233123-e584-4371-bdfc-76edcf7c78a8/fetchFileTemp17358283870115799248.tmp has been previously copied to /tmp/spark-e65223a4-c0df-4709-92ca-76da1ff599a4/userFiles-dc233123-e584-4371-bdfc-76edcf7c78a8/org.apache.spark_spark-token-provider-kafka-0-10_2.12-3.3.1.jar
[2025-09-01 12:36:42,962] {subprocess.py:92} INFO - 25/09/01 12:36:42 INFO Executor: Adding file:/tmp/spark-e65223a4-c0df-4709-92ca-76da1ff599a4/userFiles-dc233123-e584-4371-bdfc-76edcf7c78a8/org.apache.spark_spark-token-provider-kafka-0-10_2.12-3.3.1.jar to class loader
[2025-09-01 12:36:42,962] {subprocess.py:92} INFO - 25/09/01 12:36:42 INFO Executor: Fetching spark://e66737cfc193:41697/jars/org.apache.spark_spark-sql-kafka-0-10_2.12-3.3.1.jar with timestamp 1756730201836
[2025-09-01 12:36:42,962] {subprocess.py:92} INFO - 25/09/01 12:36:42 INFO Utils: Fetching spark://e66737cfc193:41697/jars/org.apache.spark_spark-sql-kafka-0-10_2.12-3.3.1.jar to /tmp/spark-e65223a4-c0df-4709-92ca-76da1ff599a4/userFiles-dc233123-e584-4371-bdfc-76edcf7c78a8/fetchFileTemp14558340209617029433.tmp
[2025-09-01 12:36:42,964] {subprocess.py:92} INFO - 25/09/01 12:36:42 INFO Utils: /tmp/spark-e65223a4-c0df-4709-92ca-76da1ff599a4/userFiles-dc233123-e584-4371-bdfc-76edcf7c78a8/fetchFileTemp14558340209617029433.tmp has been previously copied to /tmp/spark-e65223a4-c0df-4709-92ca-76da1ff599a4/userFiles-dc233123-e584-4371-bdfc-76edcf7c78a8/org.apache.spark_spark-sql-kafka-0-10_2.12-3.3.1.jar
[2025-09-01 12:36:42,967] {subprocess.py:92} INFO - 25/09/01 12:36:42 INFO Executor: Adding file:/tmp/spark-e65223a4-c0df-4709-92ca-76da1ff599a4/userFiles-dc233123-e584-4371-bdfc-76edcf7c78a8/org.apache.spark_spark-sql-kafka-0-10_2.12-3.3.1.jar to class loader
[2025-09-01 12:36:42,973] {subprocess.py:92} INFO - 25/09/01 12:36:42 INFO Utils: Successfully started service 'org.apache.spark.network.netty.NettyBlockTransferService' on port 37559.
[2025-09-01 12:36:42,973] {subprocess.py:92} INFO - 25/09/01 12:36:42 INFO NettyBlockTransferService: Server created on e66737cfc193:37559
[2025-09-01 12:36:42,974] {subprocess.py:92} INFO - 25/09/01 12:36:42 INFO BlockManager: Using org.apache.spark.storage.RandomBlockReplicationPolicy for block replication policy
[2025-09-01 12:36:42,978] {subprocess.py:92} INFO - 25/09/01 12:36:42 INFO BlockManagerMaster: Registering BlockManager BlockManagerId(driver, e66737cfc193, 37559, None)
[2025-09-01 12:36:42,980] {subprocess.py:92} INFO - 25/09/01 12:36:42 INFO BlockManagerMasterEndpoint: Registering block manager e66737cfc193:37559 with 434.4 MiB RAM, BlockManagerId(driver, e66737cfc193, 37559, None)
[2025-09-01 12:36:42,982] {subprocess.py:92} INFO - 25/09/01 12:36:42 INFO BlockManagerMaster: Registered BlockManager BlockManagerId(driver, e66737cfc193, 37559, None)
[2025-09-01 12:36:42,983] {subprocess.py:92} INFO - 25/09/01 12:36:42 INFO BlockManager: Initialized BlockManager: BlockManagerId(driver, e66737cfc193, 37559, None)
[2025-09-01 12:36:43,291] {subprocess.py:92} INFO - Connexion à Kafka...
[2025-09-01 12:36:45,075] {subprocess.py:92} INFO - Connexion Kafka réussie (kafka:9092)
[2025-09-01 12:36:45,075] {subprocess.py:92} INFO - Transformation des données JSON...
[2025-09-01 12:36:45,335] {subprocess.py:92} INFO - Démarrage du streaming vers HDFS...
[2025-09-01 12:36:46,126] {subprocess.py:92} INFO - Streaming actif - Données météo sauvegardées dans HDFS:/data/weather
[2025-09-01 12:39:00,139] {subprocess.py:92} INFO - 25/09/01 12:39:00 WARN CheckpointFileManager: Failed to rename temp file hdfs://namenode:9000/checkpoints/weather/offsets/.64.48f0fc45-bd3b-4680-a660-09c2789d5fd4.tmp to hdfs://namenode:9000/checkpoints/weather/offsets/64 because file exists
[2025-09-01 12:39:00,139] {subprocess.py:92} INFO - org.apache.hadoop.fs.FileAlreadyExistsException: rename destination /checkpoints/weather/offsets/64 already exists
[2025-09-01 12:39:00,139] {subprocess.py:92} INFO - 	at org.apache.hadoop.hdfs.server.namenode.FSDirRenameOp.validateOverwrite(FSDirRenameOp.java:565)
[2025-09-01 12:39:00,140] {subprocess.py:92} INFO - 	at org.apache.hadoop.hdfs.server.namenode.FSDirRenameOp.unprotectedRenameTo(FSDirRenameOp.java:399)
[2025-09-01 12:39:00,140] {subprocess.py:92} INFO - 	at org.apache.hadoop.hdfs.server.namenode.FSDirRenameOp.renameTo(FSDirRenameOp.java:311)
[2025-09-01 12:39:00,140] {subprocess.py:92} INFO - 	at org.apache.hadoop.hdfs.server.namenode.FSDirRenameOp.renameToInt(FSDirRenameOp.java:256)
[2025-09-01 12:39:00,140] {subprocess.py:92} INFO - 	at org.apache.hadoop.hdfs.server.namenode.FSNamesystem.renameTo(FSNamesystem.java:3257)
[2025-09-01 12:39:00,140] {subprocess.py:92} INFO - 	at org.apache.hadoop.hdfs.server.namenode.NameNodeRpcServer.rename2(NameNodeRpcServer.java:1096)
[2025-09-01 12:39:00,140] {subprocess.py:92} INFO - 	at org.apache.hadoop.hdfs.protocolPB.ClientNamenodeProtocolServerSideTranslatorPB.rename2(ClientNamenodeProtocolServerSideTranslatorPB.java:703)
[2025-09-01 12:39:00,140] {subprocess.py:92} INFO - 	at org.apache.hadoop.hdfs.protocol.proto.ClientNamenodeProtocolProtos$ClientNamenodeProtocol$2.callBlockingMethod(ClientNamenodeProtocolProtos.java)
[2025-09-01 12:39:00,140] {subprocess.py:92} INFO - 	at org.apache.hadoop.ipc.ProtobufRpcEngine2$Server$ProtoBufRpcInvoker.call(ProtobufRpcEngine2.java:621)
[2025-09-01 12:39:00,140] {subprocess.py:92} INFO - 	at org.apache.hadoop.ipc.ProtobufRpcEngine2$Server$ProtoBufRpcInvoker.call(ProtobufRpcEngine2.java:589)
[2025-09-01 12:39:00,140] {subprocess.py:92} INFO - 	at org.apache.hadoop.ipc.ProtobufRpcEngine2$Server$ProtoBufRpcInvoker.call(ProtobufRpcEngine2.java:573)
[2025-09-01 12:39:00,141] {subprocess.py:92} INFO - 	at org.apache.hadoop.ipc.RPC$Server.call(RPC.java:1227)
[2025-09-01 12:39:00,141] {subprocess.py:92} INFO - 	at org.apache.hadoop.ipc.Server$RpcCall.run(Server.java:1094)
[2025-09-01 12:39:00,141] {subprocess.py:92} INFO - 	at org.apache.hadoop.ipc.Server$RpcCall.run(Server.java:1017)
[2025-09-01 12:39:00,141] {subprocess.py:92} INFO - 	at java.security.AccessController.doPrivileged(Native Method)
[2025-09-01 12:39:00,141] {subprocess.py:92} INFO - 	at javax.security.auth.Subject.doAs(Subject.java:422)
[2025-09-01 12:39:00,141] {subprocess.py:92} INFO - 	at org.apache.hadoop.security.UserGroupInformation.doAs(UserGroupInformation.java:1899)
[2025-09-01 12:39:00,141] {subprocess.py:92} INFO - 	at org.apache.hadoop.ipc.Server$Handler.run(Server.java:3048)
[2025-09-01 12:39:00,141] {subprocess.py:92} INFO - 
[2025-09-01 12:39:00,141] {subprocess.py:92} INFO - 	at java.base/jdk.internal.reflect.NativeConstructorAccessorImpl.newInstance0(Native Method)
[2025-09-01 12:39:00,141] {subprocess.py:92} INFO - 	at java.base/jdk.internal.reflect.NativeConstructorAccessorImpl.newInstance(NativeConstructorAccessorImpl.java:62)
[2025-09-01 12:39:00,142] {subprocess.py:92} INFO - 	at java.base/jdk.internal.reflect.DelegatingConstructorAccessorImpl.newInstance(DelegatingConstructorAccessorImpl.java:45)
[2025-09-01 12:39:00,142] {subprocess.py:92} INFO - 	at java.base/java.lang.reflect.Constructor.newInstance(Constructor.java:490)
[2025-09-01 12:39:00,142] {subprocess.py:92} INFO - 	at org.apache.hadoop.ipc.RemoteException.instantiateException(RemoteException.java:121)
[2025-09-01 12:39:00,142] {subprocess.py:92} INFO - 	at org.apache.hadoop.ipc.RemoteException.unwrapRemoteException(RemoteException.java:88)
[2025-09-01 12:39:00,142] {subprocess.py:92} INFO - 	at org.apache.hadoop.hdfs.DFSClient.rename(DFSClient.java:1611)
[2025-09-01 12:39:00,142] {subprocess.py:92} INFO - 	at org.apache.hadoop.fs.Hdfs.renameInternal(Hdfs.java:393)
[2025-09-01 12:39:00,142] {subprocess.py:92} INFO - 	at org.apache.hadoop.fs.AbstractFileSystem.rename(AbstractFileSystem.java:720)
[2025-09-01 12:39:00,142] {subprocess.py:92} INFO - 	at org.apache.hadoop.fs.FileContext.rename(FileContext.java:1036)
[2025-09-01 12:39:00,142] {subprocess.py:92} INFO - 	at org.apache.spark.sql.execution.streaming.FileContextBasedCheckpointFileManager.renameTempFile(CheckpointFileManager.scala:346)
[2025-09-01 12:39:00,143] {subprocess.py:92} INFO - 	at org.apache.spark.sql.execution.streaming.CheckpointFileManager$RenameBasedFSDataOutputStream.close(CheckpointFileManager.scala:154)
[2025-09-01 12:39:00,143] {subprocess.py:92} INFO - 	at org.apache.spark.sql.execution.streaming.HDFSMetadataLog.$anonfun$addNewBatchByStream$2(HDFSMetadataLog.scala:176)
[2025-09-01 12:39:00,143] {subprocess.py:92} INFO - 	at scala.runtime.java8.JFunction0$mcZ$sp.apply(JFunction0$mcZ$sp.java:23)
[2025-09-01 12:39:00,143] {subprocess.py:92} INFO - 	at scala.Option.getOrElse(Option.scala:189)
[2025-09-01 12:39:00,143] {subprocess.py:92} INFO - 	at org.apache.spark.sql.execution.streaming.HDFSMetadataLog.addNewBatchByStream(HDFSMetadataLog.scala:171)
[2025-09-01 12:39:00,143] {subprocess.py:92} INFO - 	at org.apache.spark.sql.execution.streaming.HDFSMetadataLog.add(HDFSMetadataLog.scala:116)
[2025-09-01 12:39:00,143] {subprocess.py:92} INFO - 	at org.apache.spark.sql.execution.streaming.OffsetSeqLog.add(OffsetSeqLog.scala:53)
[2025-09-01 12:39:00,143] {subprocess.py:92} INFO - 	at org.apache.spark.sql.execution.streaming.MicroBatchExecution.$anonfun$constructNextBatch$13(MicroBatchExecution.scala:495)
[2025-09-01 12:39:00,143] {subprocess.py:92} INFO - 	at scala.runtime.java8.JFunction0$mcV$sp.apply(JFunction0$mcV$sp.java:23)
[2025-09-01 12:39:00,143] {subprocess.py:92} INFO - 	at org.apache.spark.sql.execution.streaming.ProgressReporter.reportTimeTaken(ProgressReporter.scala:375)
[2025-09-01 12:39:00,144] {subprocess.py:92} INFO - 	at org.apache.spark.sql.execution.streaming.ProgressReporter.reportTimeTaken$(ProgressReporter.scala:373)
[2025-09-01 12:39:00,144] {subprocess.py:92} INFO - 	at org.apache.spark.sql.execution.streaming.StreamExecution.reportTimeTaken(StreamExecution.scala:68)
[2025-09-01 12:39:00,144] {subprocess.py:92} INFO - 	at org.apache.spark.sql.execution.streaming.MicroBatchExecution.$anonfun$constructNextBatch$1(MicroBatchExecution.scala:493)
[2025-09-01 12:39:00,144] {subprocess.py:92} INFO - 	at scala.runtime.java8.JFunction0$mcZ$sp.apply(JFunction0$mcZ$sp.java:23)
[2025-09-01 12:39:00,144] {subprocess.py:92} INFO - 	at org.apache.spark.sql.execution.streaming.MicroBatchExecution.withProgressLocked(MicroBatchExecution.scala:693)
[2025-09-01 12:39:00,144] {subprocess.py:92} INFO - 	at org.apache.spark.sql.execution.streaming.MicroBatchExecution.constructNextBatch(MicroBatchExecution.scala:433)
[2025-09-01 12:39:00,144] {subprocess.py:92} INFO - 	at org.apache.spark.sql.execution.streaming.MicroBatchExecution.$anonfun$runActivatedStream$2(MicroBatchExecution.scala:238)
[2025-09-01 12:39:00,144] {subprocess.py:92} INFO - 	at scala.runtime.java8.JFunction0$mcV$sp.apply(JFunction0$mcV$sp.java:23)
[2025-09-01 12:39:00,144] {subprocess.py:92} INFO - 	at org.apache.spark.sql.execution.streaming.ProgressReporter.reportTimeTaken(ProgressReporter.scala:375)
[2025-09-01 12:39:00,144] {subprocess.py:92} INFO - 	at org.apache.spark.sql.execution.streaming.ProgressReporter.reportTimeTaken$(ProgressReporter.scala:373)
[2025-09-01 12:39:00,145] {subprocess.py:92} INFO - 	at org.apache.spark.sql.execution.streaming.StreamExecution.reportTimeTaken(StreamExecution.scala:68)
[2025-09-01 12:39:00,145] {subprocess.py:92} INFO - 	at org.apache.spark.sql.execution.streaming.MicroBatchExecution.$anonfun$runActivatedStream$1(MicroBatchExecution.scala:219)
[2025-09-01 12:39:00,145] {subprocess.py:92} INFO - 	at org.apache.spark.sql.execution.streaming.ProcessingTimeExecutor.execute(TriggerExecutor.scala:67)
[2025-09-01 12:39:00,145] {subprocess.py:92} INFO - 	at org.apache.spark.sql.execution.streaming.MicroBatchExecution.runActivatedStream(MicroBatchExecution.scala:213)
[2025-09-01 12:39:00,145] {subprocess.py:92} INFO - 	at org.apache.spark.sql.execution.streaming.StreamExecution.$anonfun$runStream$1(StreamExecution.scala:307)
[2025-09-01 12:39:00,145] {subprocess.py:92} INFO - 	at scala.runtime.java8.JFunction0$mcV$sp.apply(JFunction0$mcV$sp.java:23)
[2025-09-01 12:39:00,145] {subprocess.py:92} INFO - 	at org.apache.spark.sql.SparkSession.withActive(SparkSession.scala:779)
[2025-09-01 12:39:00,145] {subprocess.py:92} INFO - 	at org.apache.spark.sql.execution.streaming.StreamExecution.org$apache$spark$sql$execution$streaming$StreamExecution$$runStream(StreamExecution.scala:285)
[2025-09-01 12:39:00,145] {subprocess.py:92} INFO - 	at org.apache.spark.sql.execution.streaming.StreamExecution$$anon$1.run(StreamExecution.scala:208)
[2025-09-01 12:39:00,145] {subprocess.py:92} INFO - Caused by: org.apache.hadoop.ipc.RemoteException(org.apache.hadoop.fs.FileAlreadyExistsException): rename destination /checkpoints/weather/offsets/64 already exists
[2025-09-01 12:39:00,146] {subprocess.py:92} INFO - 	at org.apache.hadoop.hdfs.server.namenode.FSDirRenameOp.validateOverwrite(FSDirRenameOp.java:565)
[2025-09-01 12:39:00,146] {subprocess.py:92} INFO - 	at org.apache.hadoop.hdfs.server.namenode.FSDirRenameOp.unprotectedRenameTo(FSDirRenameOp.java:399)
[2025-09-01 12:39:00,146] {subprocess.py:92} INFO - 	at org.apache.hadoop.hdfs.server.namenode.FSDirRenameOp.renameTo(FSDirRenameOp.java:311)
[2025-09-01 12:39:00,146] {subprocess.py:92} INFO - 	at org.apache.hadoop.hdfs.server.namenode.FSDirRenameOp.renameToInt(FSDirRenameOp.java:256)
[2025-09-01 12:39:00,146] {subprocess.py:92} INFO - 	at org.apache.hadoop.hdfs.server.namenode.FSNamesystem.renameTo(FSNamesystem.java:3257)
[2025-09-01 12:39:00,146] {subprocess.py:92} INFO - 	at org.apache.hadoop.hdfs.server.namenode.NameNodeRpcServer.rename2(NameNodeRpcServer.java:1096)
[2025-09-01 12:39:00,146] {subprocess.py:92} INFO - 	at org.apache.hadoop.hdfs.protocolPB.ClientNamenodeProtocolServerSideTranslatorPB.rename2(ClientNamenodeProtocolServerSideTranslatorPB.java:703)
[2025-09-01 12:39:00,146] {subprocess.py:92} INFO - 	at org.apache.hadoop.hdfs.protocol.proto.ClientNamenodeProtocolProtos$ClientNamenodeProtocol$2.callBlockingMethod(ClientNamenodeProtocolProtos.java)
[2025-09-01 12:39:00,146] {subprocess.py:92} INFO - 	at org.apache.hadoop.ipc.ProtobufRpcEngine2$Server$ProtoBufRpcInvoker.call(ProtobufRpcEngine2.java:621)
[2025-09-01 12:39:00,147] {subprocess.py:92} INFO - 	at org.apache.hadoop.ipc.ProtobufRpcEngine2$Server$ProtoBufRpcInvoker.call(ProtobufRpcEngine2.java:589)
[2025-09-01 12:39:00,147] {subprocess.py:92} INFO - 	at org.apache.hadoop.ipc.ProtobufRpcEngine2$Server$ProtoBufRpcInvoker.call(ProtobufRpcEngine2.java:573)
[2025-09-01 12:39:00,147] {subprocess.py:92} INFO - 	at org.apache.hadoop.ipc.RPC$Server.call(RPC.java:1227)
[2025-09-01 12:39:00,147] {subprocess.py:92} INFO - 	at org.apache.hadoop.ipc.Server$RpcCall.run(Server.java:1094)
[2025-09-01 12:39:00,147] {subprocess.py:92} INFO - 	at org.apache.hadoop.ipc.Server$RpcCall.run(Server.java:1017)
[2025-09-01 12:39:00,147] {subprocess.py:92} INFO - 	at java.security.AccessController.doPrivileged(Native Method)
[2025-09-01 12:39:00,147] {subprocess.py:92} INFO - 	at javax.security.auth.Subject.doAs(Subject.java:422)
[2025-09-01 12:39:00,147] {subprocess.py:92} INFO - 	at org.apache.hadoop.security.UserGroupInformation.doAs(UserGroupInformation.java:1899)
[2025-09-01 12:39:00,147] {subprocess.py:92} INFO - 	at org.apache.hadoop.ipc.Server$Handler.run(Server.java:3048)
[2025-09-01 12:39:00,147] {subprocess.py:92} INFO - 
[2025-09-01 12:39:00,148] {subprocess.py:92} INFO - 	at org.apache.hadoop.ipc.Client.getRpcResponse(Client.java:1612)
[2025-09-01 12:39:00,148] {subprocess.py:92} INFO - 	at org.apache.hadoop.ipc.Client.call(Client.java:1558)
[2025-09-01 12:39:00,148] {subprocess.py:92} INFO - 	at org.apache.hadoop.ipc.Client.call(Client.java:1455)
[2025-09-01 12:39:00,148] {subprocess.py:92} INFO - 	at org.apache.hadoop.ipc.ProtobufRpcEngine2$Invoker.invoke(ProtobufRpcEngine2.java:242)
[2025-09-01 12:39:00,148] {subprocess.py:92} INFO - 	at org.apache.hadoop.ipc.ProtobufRpcEngine2$Invoker.invoke(ProtobufRpcEngine2.java:129)
[2025-09-01 12:39:00,148] {subprocess.py:92} INFO - 	at com.sun.proxy.$Proxy35.rename2(Unknown Source)
[2025-09-01 12:39:00,148] {subprocess.py:92} INFO - 	at org.apache.hadoop.hdfs.protocolPB.ClientNamenodeProtocolTranslatorPB.rename2(ClientNamenodeProtocolTranslatorPB.java:629)
[2025-09-01 12:39:00,148] {subprocess.py:92} INFO - 	at java.base/jdk.internal.reflect.NativeMethodAccessorImpl.invoke0(Native Method)
[2025-09-01 12:39:00,149] {subprocess.py:92} INFO - 	at java.base/jdk.internal.reflect.NativeMethodAccessorImpl.invoke(NativeMethodAccessorImpl.java:62)
[2025-09-01 12:39:00,149] {subprocess.py:92} INFO - 	at java.base/jdk.internal.reflect.DelegatingMethodAccessorImpl.invoke(DelegatingMethodAccessorImpl.java:43)
[2025-09-01 12:39:00,149] {subprocess.py:92} INFO - 	at java.base/java.lang.reflect.Method.invoke(Method.java:566)
[2025-09-01 12:39:00,149] {subprocess.py:92} INFO - 	at org.apache.hadoop.io.retry.RetryInvocationHandler.invokeMethod(RetryInvocationHandler.java:422)
[2025-09-01 12:39:00,149] {subprocess.py:92} INFO - 	at org.apache.hadoop.io.retry.RetryInvocationHandler$Call.invokeMethod(RetryInvocationHandler.java:165)
[2025-09-01 12:39:00,149] {subprocess.py:92} INFO - 	at org.apache.hadoop.io.retry.RetryInvocationHandler$Call.invoke(RetryInvocationHandler.java:157)
[2025-09-01 12:39:00,149] {subprocess.py:92} INFO - 	at org.apache.hadoop.io.retry.RetryInvocationHandler$Call.invokeOnce(RetryInvocationHandler.java:95)
[2025-09-01 12:39:00,149] {subprocess.py:92} INFO - 	at org.apache.hadoop.io.retry.RetryInvocationHandler.invoke(RetryInvocationHandler.java:359)
[2025-09-01 12:39:00,149] {subprocess.py:92} INFO - 	at com.sun.proxy.$Proxy36.rename2(Unknown Source)
[2025-09-01 12:39:00,149] {subprocess.py:92} INFO - 	at org.apache.hadoop.hdfs.DFSClient.rename(DFSClient.java:1609)
[2025-09-01 12:39:00,150] {subprocess.py:92} INFO - 	... 33 more
[2025-09-01 12:39:00,156] {subprocess.py:92} INFO - 25/09/01 12:39:00 ERROR MicroBatchExecution: Query [id = 8bb46a74-6ffa-4764-a9c6-2e4a331d8211, runId = 613e9162-63b9-42c7-bef7-2e580a73ba63] terminated with error
[2025-09-01 12:39:00,156] {subprocess.py:92} INFO - java.util.ConcurrentModificationException: Multiple streaming queries are concurrently using hdfs://namenode:9000/checkpoints/weather/offsets
[2025-09-01 12:39:00,156] {subprocess.py:92} INFO - 	at org.apache.spark.sql.errors.QueryExecutionErrors$.multiStreamingQueriesUsingPathConcurrentlyError(QueryExecutionErrors.scala:1603)
[2025-09-01 12:39:00,156] {subprocess.py:92} INFO - 	at org.apache.spark.sql.execution.streaming.HDFSMetadataLog.$anonfun$addNewBatchByStream$2(HDFSMetadataLog.scala:182)
[2025-09-01 12:39:00,156] {subprocess.py:92} INFO - 	at scala.runtime.java8.JFunction0$mcZ$sp.apply(JFunction0$mcZ$sp.java:23)
[2025-09-01 12:39:00,156] {subprocess.py:92} INFO - 	at scala.Option.getOrElse(Option.scala:189)
[2025-09-01 12:39:00,156] {subprocess.py:92} INFO - 	at org.apache.spark.sql.execution.streaming.HDFSMetadataLog.addNewBatchByStream(HDFSMetadataLog.scala:171)
[2025-09-01 12:39:00,157] {subprocess.py:92} INFO - 	at org.apache.spark.sql.execution.streaming.HDFSMetadataLog.add(HDFSMetadataLog.scala:116)
[2025-09-01 12:39:00,157] {subprocess.py:92} INFO - 	at org.apache.spark.sql.execution.streaming.OffsetSeqLog.add(OffsetSeqLog.scala:53)
[2025-09-01 12:39:00,157] {subprocess.py:92} INFO - 	at org.apache.spark.sql.execution.streaming.MicroBatchExecution.$anonfun$constructNextBatch$13(MicroBatchExecution.scala:495)
[2025-09-01 12:39:00,157] {subprocess.py:92} INFO - 	at scala.runtime.java8.JFunction0$mcV$sp.apply(JFunction0$mcV$sp.java:23)
[2025-09-01 12:39:00,157] {subprocess.py:92} INFO - 	at org.apache.spark.sql.execution.streaming.ProgressReporter.reportTimeTaken(ProgressReporter.scala:375)
[2025-09-01 12:39:00,157] {subprocess.py:92} INFO - 	at org.apache.spark.sql.execution.streaming.ProgressReporter.reportTimeTaken$(ProgressReporter.scala:373)
[2025-09-01 12:39:00,157] {subprocess.py:92} INFO - 	at org.apache.spark.sql.execution.streaming.StreamExecution.reportTimeTaken(StreamExecution.scala:68)
[2025-09-01 12:39:00,157] {subprocess.py:92} INFO - 	at org.apache.spark.sql.execution.streaming.MicroBatchExecution.$anonfun$constructNextBatch$1(MicroBatchExecution.scala:493)
[2025-09-01 12:39:00,157] {subprocess.py:92} INFO - 	at scala.runtime.java8.JFunction0$mcZ$sp.apply(JFunction0$mcZ$sp.java:23)
[2025-09-01 12:39:00,157] {subprocess.py:92} INFO - 	at org.apache.spark.sql.execution.streaming.MicroBatchExecution.withProgressLocked(MicroBatchExecution.scala:693)
[2025-09-01 12:39:00,157] {subprocess.py:92} INFO - 	at org.apache.spark.sql.execution.streaming.MicroBatchExecution.constructNextBatch(MicroBatchExecution.scala:433)
[2025-09-01 12:39:00,158] {subprocess.py:92} INFO - 	at org.apache.spark.sql.execution.streaming.MicroBatchExecution.$anonfun$runActivatedStream$2(MicroBatchExecution.scala:238)
[2025-09-01 12:39:00,158] {subprocess.py:92} INFO - 	at scala.runtime.java8.JFunction0$mcV$sp.apply(JFunction0$mcV$sp.java:23)
[2025-09-01 12:39:00,158] {subprocess.py:92} INFO - 	at org.apache.spark.sql.execution.streaming.ProgressReporter.reportTimeTaken(ProgressReporter.scala:375)
[2025-09-01 12:39:00,158] {subprocess.py:92} INFO - 	at org.apache.spark.sql.execution.streaming.ProgressReporter.reportTimeTaken$(ProgressReporter.scala:373)
[2025-09-01 12:39:00,158] {subprocess.py:92} INFO - 	at org.apache.spark.sql.execution.streaming.StreamExecution.reportTimeTaken(StreamExecution.scala:68)
[2025-09-01 12:39:00,158] {subprocess.py:92} INFO - 	at org.apache.spark.sql.execution.streaming.MicroBatchExecution.$anonfun$runActivatedStream$1(MicroBatchExecution.scala:219)
[2025-09-01 12:39:00,158] {subprocess.py:92} INFO - 	at org.apache.spark.sql.execution.streaming.ProcessingTimeExecutor.execute(TriggerExecutor.scala:67)
[2025-09-01 12:39:00,158] {subprocess.py:92} INFO - 	at org.apache.spark.sql.execution.streaming.MicroBatchExecution.runActivatedStream(MicroBatchExecution.scala:213)
[2025-09-01 12:39:00,158] {subprocess.py:92} INFO - 	at org.apache.spark.sql.execution.streaming.StreamExecution.$anonfun$runStream$1(StreamExecution.scala:307)
[2025-09-01 12:39:00,158] {subprocess.py:92} INFO - 	at scala.runtime.java8.JFunction0$mcV$sp.apply(JFunction0$mcV$sp.java:23)
[2025-09-01 12:39:00,158] {subprocess.py:92} INFO - 	at org.apache.spark.sql.SparkSession.withActive(SparkSession.scala:779)
[2025-09-01 12:39:00,159] {subprocess.py:92} INFO - 	at org.apache.spark.sql.execution.streaming.StreamExecution.org$apache$spark$sql$execution$streaming$StreamExecution$$runStream(StreamExecution.scala:285)
[2025-09-01 12:39:00,159] {subprocess.py:92} INFO - 	at org.apache.spark.sql.execution.streaming.StreamExecution$$anon$1.run(StreamExecution.scala:208)
[2025-09-01 12:39:00,159] {subprocess.py:92} INFO - Caused by: org.apache.hadoop.fs.FileAlreadyExistsException: rename destination /checkpoints/weather/offsets/64 already exists
[2025-09-01 12:39:00,159] {subprocess.py:92} INFO - 	at org.apache.hadoop.hdfs.server.namenode.FSDirRenameOp.validateOverwrite(FSDirRenameOp.java:565)
[2025-09-01 12:39:00,159] {subprocess.py:92} INFO - 	at org.apache.hadoop.hdfs.server.namenode.FSDirRenameOp.unprotectedRenameTo(FSDirRenameOp.java:399)
[2025-09-01 12:39:00,159] {subprocess.py:92} INFO - 	at org.apache.hadoop.hdfs.server.namenode.FSDirRenameOp.renameTo(FSDirRenameOp.java:311)
[2025-09-01 12:39:00,159] {subprocess.py:92} INFO - 	at org.apache.hadoop.hdfs.server.namenode.FSDirRenameOp.renameToInt(FSDirRenameOp.java:256)
[2025-09-01 12:39:00,159] {subprocess.py:92} INFO - 	at org.apache.hadoop.hdfs.server.namenode.FSNamesystem.renameTo(FSNamesystem.java:3257)
[2025-09-01 12:39:00,159] {subprocess.py:92} INFO - 	at org.apache.hadoop.hdfs.server.namenode.NameNodeRpcServer.rename2(NameNodeRpcServer.java:1096)
[2025-09-01 12:39:00,159] {subprocess.py:92} INFO - 	at org.apache.hadoop.hdfs.protocolPB.ClientNamenodeProtocolServerSideTranslatorPB.rename2(ClientNamenodeProtocolServerSideTranslatorPB.java:703)
[2025-09-01 12:39:00,159] {subprocess.py:92} INFO - 	at org.apache.hadoop.hdfs.protocol.proto.ClientNamenodeProtocolProtos$ClientNamenodeProtocol$2.callBlockingMethod(ClientNamenodeProtocolProtos.java)
[2025-09-01 12:39:00,159] {subprocess.py:92} INFO - 	at org.apache.hadoop.ipc.ProtobufRpcEngine2$Server$ProtoBufRpcInvoker.call(ProtobufRpcEngine2.java:621)
[2025-09-01 12:39:00,159] {subprocess.py:92} INFO - 	at org.apache.hadoop.ipc.ProtobufRpcEngine2$Server$ProtoBufRpcInvoker.call(ProtobufRpcEngine2.java:589)
[2025-09-01 12:39:00,160] {subprocess.py:92} INFO - 	at org.apache.hadoop.ipc.ProtobufRpcEngine2$Server$ProtoBufRpcInvoker.call(ProtobufRpcEngine2.java:573)
[2025-09-01 12:39:00,160] {subprocess.py:92} INFO - 	at org.apache.hadoop.ipc.RPC$Server.call(RPC.java:1227)
[2025-09-01 12:39:00,160] {subprocess.py:92} INFO - 	at org.apache.hadoop.ipc.Server$RpcCall.run(Server.java:1094)
[2025-09-01 12:39:00,160] {subprocess.py:92} INFO - 	at org.apache.hadoop.ipc.Server$RpcCall.run(Server.java:1017)
[2025-09-01 12:39:00,160] {subprocess.py:92} INFO - 	at java.security.AccessController.doPrivileged(Native Method)
[2025-09-01 12:39:00,160] {subprocess.py:92} INFO - 	at javax.security.auth.Subject.doAs(Subject.java:422)
[2025-09-01 12:39:00,160] {subprocess.py:92} INFO - 	at org.apache.hadoop.security.UserGroupInformation.doAs(UserGroupInformation.java:1899)
[2025-09-01 12:39:00,160] {subprocess.py:92} INFO - 	at org.apache.hadoop.ipc.Server$Handler.run(Server.java:3048)
[2025-09-01 12:39:00,160] {subprocess.py:92} INFO - 
[2025-09-01 12:39:00,160] {subprocess.py:92} INFO - 	at java.base/jdk.internal.reflect.NativeConstructorAccessorImpl.newInstance0(Native Method)
[2025-09-01 12:39:00,160] {subprocess.py:92} INFO - 	at java.base/jdk.internal.reflect.NativeConstructorAccessorImpl.newInstance(NativeConstructorAccessorImpl.java:62)
[2025-09-01 12:39:00,160] {subprocess.py:92} INFO - 	at java.base/jdk.internal.reflect.DelegatingConstructorAccessorImpl.newInstance(DelegatingConstructorAccessorImpl.java:45)
[2025-09-01 12:39:00,160] {subprocess.py:92} INFO - 	at java.base/java.lang.reflect.Constructor.newInstance(Constructor.java:490)
[2025-09-01 12:39:00,161] {subprocess.py:92} INFO - 	at org.apache.hadoop.ipc.RemoteException.instantiateException(RemoteException.java:121)
[2025-09-01 12:39:00,161] {subprocess.py:92} INFO - 	at org.apache.hadoop.ipc.RemoteException.unwrapRemoteException(RemoteException.java:88)
[2025-09-01 12:39:00,161] {subprocess.py:92} INFO - 	at org.apache.hadoop.hdfs.DFSClient.rename(DFSClient.java:1611)
[2025-09-01 12:39:00,161] {subprocess.py:92} INFO - 	at org.apache.hadoop.fs.Hdfs.renameInternal(Hdfs.java:393)
[2025-09-01 12:39:00,161] {subprocess.py:92} INFO - 	at org.apache.hadoop.fs.AbstractFileSystem.rename(AbstractFileSystem.java:720)
[2025-09-01 12:39:00,161] {subprocess.py:92} INFO - 	at org.apache.hadoop.fs.FileContext.rename(FileContext.java:1036)
[2025-09-01 12:39:00,161] {subprocess.py:92} INFO - 	at org.apache.spark.sql.execution.streaming.FileContextBasedCheckpointFileManager.renameTempFile(CheckpointFileManager.scala:346)
[2025-09-01 12:39:00,161] {subprocess.py:92} INFO - 	at org.apache.spark.sql.execution.streaming.CheckpointFileManager$RenameBasedFSDataOutputStream.close(CheckpointFileManager.scala:154)
[2025-09-01 12:39:00,161] {subprocess.py:92} INFO - 	at org.apache.spark.sql.execution.streaming.HDFSMetadataLog.$anonfun$addNewBatchByStream$2(HDFSMetadataLog.scala:176)
[2025-09-01 12:39:00,161] {subprocess.py:92} INFO - 	... 27 more
[2025-09-01 12:39:00,161] {subprocess.py:92} INFO - Caused by: org.apache.hadoop.ipc.RemoteException(org.apache.hadoop.fs.FileAlreadyExistsException): rename destination /checkpoints/weather/offsets/64 already exists
[2025-09-01 12:39:00,161] {subprocess.py:92} INFO - 	at org.apache.hadoop.hdfs.server.namenode.FSDirRenameOp.validateOverwrite(FSDirRenameOp.java:565)
[2025-09-01 12:39:00,162] {subprocess.py:92} INFO - 	at org.apache.hadoop.hdfs.server.namenode.FSDirRenameOp.unprotectedRenameTo(FSDirRenameOp.java:399)
[2025-09-01 12:39:00,162] {subprocess.py:92} INFO - 	at org.apache.hadoop.hdfs.server.namenode.FSDirRenameOp.renameTo(FSDirRenameOp.java:311)
[2025-09-01 12:39:00,162] {subprocess.py:92} INFO - 	at org.apache.hadoop.hdfs.server.namenode.FSDirRenameOp.renameToInt(FSDirRenameOp.java:256)
[2025-09-01 12:39:00,162] {subprocess.py:92} INFO - 	at org.apache.hadoop.hdfs.server.namenode.FSNamesystem.renameTo(FSNamesystem.java:3257)
[2025-09-01 12:39:00,162] {subprocess.py:92} INFO - 	at org.apache.hadoop.hdfs.server.namenode.NameNodeRpcServer.rename2(NameNodeRpcServer.java:1096)
[2025-09-01 12:39:00,162] {subprocess.py:92} INFO - 	at org.apache.hadoop.hdfs.protocolPB.ClientNamenodeProtocolServerSideTranslatorPB.rename2(ClientNamenodeProtocolServerSideTranslatorPB.java:703)
[2025-09-01 12:39:00,162] {subprocess.py:92} INFO - 	at org.apache.hadoop.hdfs.protocol.proto.ClientNamenodeProtocolProtos$ClientNamenodeProtocol$2.callBlockingMethod(ClientNamenodeProtocolProtos.java)
[2025-09-01 12:39:00,162] {subprocess.py:92} INFO - 	at org.apache.hadoop.ipc.ProtobufRpcEngine2$Server$ProtoBufRpcInvoker.call(ProtobufRpcEngine2.java:621)
[2025-09-01 12:39:00,162] {subprocess.py:92} INFO - 	at org.apache.hadoop.ipc.ProtobufRpcEngine2$Server$ProtoBufRpcInvoker.call(ProtobufRpcEngine2.java:589)
[2025-09-01 12:39:00,162] {subprocess.py:92} INFO - 	at org.apache.hadoop.ipc.ProtobufRpcEngine2$Server$ProtoBufRpcInvoker.call(ProtobufRpcEngine2.java:573)
[2025-09-01 12:39:00,162] {subprocess.py:92} INFO - 	at org.apache.hadoop.ipc.RPC$Server.call(RPC.java:1227)
[2025-09-01 12:39:00,162] {subprocess.py:92} INFO - 	at org.apache.hadoop.ipc.Server$RpcCall.run(Server.java:1094)
[2025-09-01 12:39:00,162] {subprocess.py:92} INFO - 	at org.apache.hadoop.ipc.Server$RpcCall.run(Server.java:1017)
[2025-09-01 12:39:00,162] {subprocess.py:92} INFO - 	at java.security.AccessController.doPrivileged(Native Method)
[2025-09-01 12:39:00,163] {subprocess.py:92} INFO - 	at javax.security.auth.Subject.doAs(Subject.java:422)
[2025-09-01 12:39:00,163] {subprocess.py:92} INFO - 	at org.apache.hadoop.security.UserGroupInformation.doAs(UserGroupInformation.java:1899)
[2025-09-01 12:39:00,163] {subprocess.py:92} INFO - 	at org.apache.hadoop.ipc.Server$Handler.run(Server.java:3048)
[2025-09-01 12:39:00,163] {subprocess.py:92} INFO - 
[2025-09-01 12:39:00,163] {subprocess.py:92} INFO - 	at org.apache.hadoop.ipc.Client.getRpcResponse(Client.java:1612)
[2025-09-01 12:39:00,163] {subprocess.py:92} INFO - 	at org.apache.hadoop.ipc.Client.call(Client.java:1558)
[2025-09-01 12:39:00,163] {subprocess.py:92} INFO - 	at org.apache.hadoop.ipc.Client.call(Client.java:1455)
[2025-09-01 12:39:00,163] {subprocess.py:92} INFO - 	at org.apache.hadoop.ipc.ProtobufRpcEngine2$Invoker.invoke(ProtobufRpcEngine2.java:242)
[2025-09-01 12:39:00,163] {subprocess.py:92} INFO - 	at org.apache.hadoop.ipc.ProtobufRpcEngine2$Invoker.invoke(ProtobufRpcEngine2.java:129)
[2025-09-01 12:39:00,163] {subprocess.py:92} INFO - 	at com.sun.proxy.$Proxy35.rename2(Unknown Source)
[2025-09-01 12:39:00,163] {subprocess.py:92} INFO - 	at org.apache.hadoop.hdfs.protocolPB.ClientNamenodeProtocolTranslatorPB.rename2(ClientNamenodeProtocolTranslatorPB.java:629)
[2025-09-01 12:39:00,163] {subprocess.py:92} INFO - 	at java.base/jdk.internal.reflect.NativeMethodAccessorImpl.invoke0(Native Method)
[2025-09-01 12:39:00,163] {subprocess.py:92} INFO - 	at java.base/jdk.internal.reflect.NativeMethodAccessorImpl.invoke(NativeMethodAccessorImpl.java:62)
[2025-09-01 12:39:00,163] {subprocess.py:92} INFO - 	at java.base/jdk.internal.reflect.DelegatingMethodAccessorImpl.invoke(DelegatingMethodAccessorImpl.java:43)
[2025-09-01 12:39:00,164] {subprocess.py:92} INFO - 	at java.base/java.lang.reflect.Method.invoke(Method.java:566)
[2025-09-01 12:39:00,164] {subprocess.py:92} INFO - 	at org.apache.hadoop.io.retry.RetryInvocationHandler.invokeMethod(RetryInvocationHandler.java:422)
[2025-09-01 12:39:00,164] {subprocess.py:92} INFO - 	at org.apache.hadoop.io.retry.RetryInvocationHandler$Call.invokeMethod(RetryInvocationHandler.java:165)
[2025-09-01 12:39:00,164] {subprocess.py:92} INFO - 	at org.apache.hadoop.io.retry.RetryInvocationHandler$Call.invoke(RetryInvocationHandler.java:157)
[2025-09-01 12:39:00,164] {subprocess.py:92} INFO - 	at org.apache.hadoop.io.retry.RetryInvocationHandler$Call.invokeOnce(RetryInvocationHandler.java:95)
[2025-09-01 12:39:00,164] {subprocess.py:92} INFO - 	at org.apache.hadoop.io.retry.RetryInvocationHandler.invoke(RetryInvocationHandler.java:359)
[2025-09-01 12:39:00,164] {subprocess.py:92} INFO - 	at com.sun.proxy.$Proxy36.rename2(Unknown Source)
[2025-09-01 12:39:00,164] {subprocess.py:92} INFO - 	at org.apache.hadoop.hdfs.DFSClient.rename(DFSClient.java:1609)
[2025-09-01 12:39:00,164] {subprocess.py:92} INFO - 	... 33 more
[2025-09-01 12:39:00,348] {subprocess.py:92} INFO - Traceback (most recent call last):
[2025-09-01 12:39:00,348] {subprocess.py:92} INFO -   File "/opt/***/scripts/pyspark/streaming.py", line 60, in <module>
[2025-09-01 12:39:00,349] {subprocess.py:92} INFO -     query.awaitTermination()
[2025-09-01 12:39:00,349] {subprocess.py:92} INFO -   File "/opt/spark-3.3.1-bin-hadoop3/python/lib/pyspark.zip/pyspark/sql/streaming.py", line 107, in awaitTermination
[2025-09-01 12:39:00,349] {subprocess.py:92} INFO -   File "/opt/spark-3.3.1-bin-hadoop3/python/lib/py4j-0.10.9.5-src.zip/py4j/java_gateway.py", line 1322, in __call__
[2025-09-01 12:39:00,349] {subprocess.py:92} INFO -   File "/opt/spark-3.3.1-bin-hadoop3/python/lib/pyspark.zip/pyspark/sql/utils.py", line 196, in deco
[2025-09-01 12:39:00,355] {subprocess.py:92} INFO - pyspark.sql.utils.StreamingQueryException: Query [id = 8bb46a74-6ffa-4764-a9c6-2e4a331d8211, runId = 613e9162-63b9-42c7-bef7-2e580a73ba63] terminated with exception: Multiple streaming queries are concurrently using hdfs://namenode:9000/checkpoints/weather/offsets
[2025-09-01 12:39:00,488] {subprocess.py:96} INFO - Command exited with return code 1
[2025-09-01 12:39:00,504] {taskinstance.py:1889} ERROR - Task failed with exception
Traceback (most recent call last):
  File "/home/airflow/.local/lib/python3.7/site-packages/airflow/operators/bash.py", line 195, in execute
    f'Bash command failed. The command returned a non-zero exit code {result.exit_code}.'
airflow.exceptions.AirflowException: Bash command failed. The command returned a non-zero exit code 1.
[2025-09-01 12:39:00,509] {taskinstance.py:1400} INFO - Marking task as UP_FOR_RETRY. dag_id=send_weather_to_kafka, task_id=stream_hdfs, execution_date=20250901T120601, start_date=20250901T123639, end_date=20250901T123900
[2025-09-01 12:39:00,519] {standard_task_runner.py:97} ERROR - Failed to execute job 539 for task stream_hdfs (Bash command failed. The command returned a non-zero exit code 1.; 16073)
[2025-09-01 12:39:00,549] {local_task_job.py:156} INFO - Task exited with return code 1
[2025-09-01 12:39:00,581] {local_task_job.py:273} INFO - 0 downstream tasks scheduled from follow-on schedule check
