[2025-09-01 08:22:19,469] {taskinstance.py:1159} INFO - Dependencies all met for <TaskInstance: send_weather_to_kafka.fetch_and_send_weather scheduled__2025-09-01T07:49:17.398213+00:00 [queued]>
[2025-09-01 08:22:19,493] {taskinstance.py:1159} INFO - Dependencies all met for <TaskInstance: send_weather_to_kafka.fetch_and_send_weather scheduled__2025-09-01T07:49:17.398213+00:00 [queued]>
[2025-09-01 08:22:19,494] {taskinstance.py:1356} INFO - 
--------------------------------------------------------------------------------
[2025-09-01 08:22:19,494] {taskinstance.py:1357} INFO - Starting attempt 2 of 2
[2025-09-01 08:22:19,494] {taskinstance.py:1358} INFO - 
--------------------------------------------------------------------------------
[2025-09-01 08:22:19,525] {taskinstance.py:1377} INFO - Executing <Task(BashOperator): fetch_and_send_weather> on 2025-09-01 07:49:17.398213+00:00
[2025-09-01 08:22:19,536] {standard_task_runner.py:52} INFO - Started process 11271 to run task
[2025-09-01 08:22:19,543] {standard_task_runner.py:79} INFO - Running: ['***', 'tasks', 'run', 'send_weather_to_kafka', 'fetch_and_send_weather', 'scheduled__2025-09-01T07:49:17.398213+00:00', '--job-id', '496', '--raw', '--subdir', 'DAGS_FOLDER/dag_meteo.py', '--cfg-path', '/tmp/tmpgld5m135', '--error-file', '/tmp/tmp0fskwd9e']
[2025-09-01 08:22:19,545] {standard_task_runner.py:80} INFO - Job 496: Subtask fetch_and_send_weather
[2025-09-01 08:22:19,584] {logging_mixin.py:115} WARNING - /home/***/.local/lib/python3.7/site-packages/***/configuration.py:470 DeprecationWarning: The sql_alchemy_conn option in [core] has been moved to the sql_alchemy_conn option in [database] - the old setting has been used, but please update your config.
[2025-09-01 08:22:19,669] {task_command.py:369} INFO - Running <TaskInstance: send_weather_to_kafka.fetch_and_send_weather scheduled__2025-09-01T07:49:17.398213+00:00 [running]> on host e66737cfc193
[2025-09-01 08:22:19,845] {taskinstance.py:1571} INFO - Exporting the following env vars:
AIRFLOW_CTX_DAG_OWNER=***
AIRFLOW_CTX_DAG_ID=send_weather_to_kafka
AIRFLOW_CTX_TASK_ID=fetch_and_send_weather
AIRFLOW_CTX_EXECUTION_DATE=2025-09-01T07:49:17.398213+00:00
AIRFLOW_CTX_TRY_NUMBER=2
AIRFLOW_CTX_DAG_RUN_ID=scheduled__2025-09-01T07:49:17.398213+00:00
[2025-09-01 08:22:19,848] {subprocess.py:62} INFO - Tmp dir root location: 
 /tmp
[2025-09-01 08:22:19,850] {subprocess.py:74} INFO - Running command: ['bash', '-c', 'cd /opt/***/scripts && python3 kafka/producer.py']
[2025-09-01 08:22:19,882] {subprocess.py:85} INFO - Output:
[2025-09-01 08:22:22,442] {subprocess.py:92} INFO - Envoi vers Kafka : {'temperature': 27.3, 'humidity': 90, 'windSpeed': 5.1, 'cloudCover': 100, 'rainIntensity': 0, 'timestamp': '2025-09-01T08:22:00Z'}
[2025-09-01 08:22:22,656] {subprocess.py:96} INFO - Command exited with return code 0
[2025-09-01 08:22:22,796] {taskinstance.py:1400} INFO - Marking task as SUCCESS. dag_id=send_weather_to_kafka, task_id=fetch_and_send_weather, execution_date=20250901T074917, start_date=20250901T082219, end_date=20250901T082222
[2025-09-01 08:22:22,851] {local_task_job.py:156} INFO - Task exited with return code 0
[2025-09-01 08:22:22,969] {local_task_job.py:273} INFO - 1 downstream tasks scheduled from follow-on schedule check
