[2025-09-01 13:06:09,825] {taskinstance.py:1159} INFO - Dependencies all met for <TaskInstance: send_weather_to_kafka.fetch_and_send_weather scheduled__2025-09-01T12:36:08.820052+00:00 [queued]>
[2025-09-01 13:06:09,843] {taskinstance.py:1159} INFO - Dependencies all met for <TaskInstance: send_weather_to_kafka.fetch_and_send_weather scheduled__2025-09-01T12:36:08.820052+00:00 [queued]>
[2025-09-01 13:06:09,844] {taskinstance.py:1356} INFO - 
--------------------------------------------------------------------------------
[2025-09-01 13:06:09,844] {taskinstance.py:1357} INFO - Starting attempt 1 of 2
[2025-09-01 13:06:09,844] {taskinstance.py:1358} INFO - 
--------------------------------------------------------------------------------
[2025-09-01 13:06:09,874] {taskinstance.py:1377} INFO - Executing <Task(BashOperator): fetch_and_send_weather> on 2025-09-01 12:36:08.820052+00:00
[2025-09-01 13:06:09,880] {standard_task_runner.py:52} INFO - Started process 17966 to run task
[2025-09-01 13:06:09,884] {standard_task_runner.py:79} INFO - Running: ['***', 'tasks', 'run', 'send_weather_to_kafka', 'fetch_and_send_weather', 'scheduled__2025-09-01T12:36:08.820052+00:00', '--job-id', '552', '--raw', '--subdir', 'DAGS_FOLDER/dag_meteo.py', '--cfg-path', '/tmp/tmpgjch01h9', '--error-file', '/tmp/tmporx7wwno']
[2025-09-01 13:06:09,886] {standard_task_runner.py:80} INFO - Job 552: Subtask fetch_and_send_weather
[2025-09-01 13:06:09,906] {logging_mixin.py:115} WARNING - /home/***/.local/lib/python3.7/site-packages/***/configuration.py:470 DeprecationWarning: The sql_alchemy_conn option in [core] has been moved to the sql_alchemy_conn option in [database] - the old setting has been used, but please update your config.
[2025-09-01 13:06:09,961] {task_command.py:369} INFO - Running <TaskInstance: send_weather_to_kafka.fetch_and_send_weather scheduled__2025-09-01T12:36:08.820052+00:00 [running]> on host e66737cfc193
[2025-09-01 13:06:10,085] {taskinstance.py:1571} INFO - Exporting the following env vars:
AIRFLOW_CTX_DAG_OWNER=***
AIRFLOW_CTX_DAG_ID=send_weather_to_kafka
AIRFLOW_CTX_TASK_ID=fetch_and_send_weather
AIRFLOW_CTX_EXECUTION_DATE=2025-09-01T12:36:08.820052+00:00
AIRFLOW_CTX_TRY_NUMBER=1
AIRFLOW_CTX_DAG_RUN_ID=scheduled__2025-09-01T12:36:08.820052+00:00
[2025-09-01 13:06:10,086] {subprocess.py:62} INFO - Tmp dir root location: 
 /tmp
[2025-09-01 13:06:10,087] {subprocess.py:74} INFO - Running command: ['bash', '-c', 'cd /opt/***/scripts && python3 kafka/producer.py']
[2025-09-01 13:06:10,116] {subprocess.py:85} INFO - Output:
[2025-09-01 13:06:14,691] {subprocess.py:92} INFO - Envoi vers Kafka : {'temperature': 28.8, 'humidity': 78, 'windSpeed': 3.9, 'cloudCover': 100, 'rainIntensity': 0, 'timestamp': '2025-09-01T13:06:00Z'}
[2025-09-01 13:06:14,763] {subprocess.py:96} INFO - Command exited with return code 0
[2025-09-01 13:06:14,807] {taskinstance.py:1400} INFO - Marking task as SUCCESS. dag_id=send_weather_to_kafka, task_id=fetch_and_send_weather, execution_date=20250901T123608, start_date=20250901T130609, end_date=20250901T130614
[2025-09-01 13:06:14,839] {local_task_job.py:156} INFO - Task exited with return code 0
[2025-09-01 13:06:14,898] {local_task_job.py:273} INFO - 1 downstream tasks scheduled from follow-on schedule check
