[2025-08-18 15:23:27,109] {taskinstance.py:1159} INFO - Dependencies all met for <TaskInstance: send_weather_to_kafka.stream_hdfs scheduled__2025-08-18T13:22:48.013844+00:00 [queued]>
[2025-08-18 15:23:27,123] {taskinstance.py:1159} INFO - Dependencies all met for <TaskInstance: send_weather_to_kafka.stream_hdfs scheduled__2025-08-18T13:22:48.013844+00:00 [queued]>
[2025-08-18 15:23:27,123] {taskinstance.py:1356} INFO - 
--------------------------------------------------------------------------------
[2025-08-18 15:23:27,124] {taskinstance.py:1357} INFO - Starting attempt 1 of 2
[2025-08-18 15:23:27,124] {taskinstance.py:1358} INFO - 
--------------------------------------------------------------------------------
[2025-08-18 15:23:27,145] {taskinstance.py:1377} INFO - Executing <Task(BashOperator): stream_hdfs> on 2025-08-18 13:22:48.013844+00:00
[2025-08-18 15:23:27,152] {standard_task_runner.py:52} INFO - Started process 6359 to run task
[2025-08-18 15:23:27,156] {standard_task_runner.py:79} INFO - Running: ['***', 'tasks', 'run', 'send_weather_to_kafka', 'stream_hdfs', 'scheduled__2025-08-18T13:22:48.013844+00:00', '--job-id', '294', '--raw', '--subdir', 'DAGS_FOLDER/dag_meteo.py', '--cfg-path', '/tmp/tmps81spcpu', '--error-file', '/tmp/tmpe24ztztr']
[2025-08-18 15:23:27,158] {standard_task_runner.py:80} INFO - Job 294: Subtask stream_hdfs
[2025-08-18 15:23:27,188] {logging_mixin.py:115} WARNING - /home/***/.local/lib/python3.7/site-packages/***/configuration.py:470 DeprecationWarning: The sql_alchemy_conn option in [core] has been moved to the sql_alchemy_conn option in [database] - the old setting has been used, but please update your config.
[2025-08-18 15:23:27,250] {task_command.py:369} INFO - Running <TaskInstance: send_weather_to_kafka.stream_hdfs scheduled__2025-08-18T13:22:48.013844+00:00 [running]> on host a4b544519f2b
[2025-08-18 15:23:27,373] {taskinstance.py:1571} INFO - Exporting the following env vars:
AIRFLOW_CTX_DAG_OWNER=***
AIRFLOW_CTX_DAG_ID=send_weather_to_kafka
AIRFLOW_CTX_TASK_ID=stream_hdfs
AIRFLOW_CTX_EXECUTION_DATE=2025-08-18T13:22:48.013844+00:00
AIRFLOW_CTX_TRY_NUMBER=1
AIRFLOW_CTX_DAG_RUN_ID=scheduled__2025-08-18T13:22:48.013844+00:00
[2025-08-18 15:23:27,374] {subprocess.py:62} INFO - Tmp dir root location: 
 /tmp
[2025-08-18 15:23:27,375] {subprocess.py:74} INFO - Running command: ['bash', '-c', '\n/home/***/.local/bin/spark-submit   --master local[*]   --conf spark.hadoop.fs.defaultFS=hdfs://namenode:9000   --conf spark.hadoop.dfs.client.use.datanode.hostname=true   --conf spark.sql.adaptive.enabled=false   --packages org.apache.spark:spark-sql-kafka-0-10_2.12:3.3.1   /opt/***/scripts/pyspark/streaming.py']
[2025-08-18 15:23:27,391] {subprocess.py:85} INFO - Output:
[2025-08-18 15:23:27,417] {subprocess.py:92} INFO - /opt/spark-3.3.1-bin-hadoop3/bin/load-spark-env.sh: line 68: ps: command not found
[2025-08-18 15:23:29,743] {subprocess.py:92} INFO - :: loading settings :: url = jar:file:/opt/spark-3.3.1-bin-hadoop3/jars/ivy-2.5.0.jar!/org/apache/ivy/core/settings/ivysettings.xml
[2025-08-18 15:23:29,893] {subprocess.py:92} INFO - Ivy Default Cache set to: /home/***/.ivy2/cache
[2025-08-18 15:23:29,894] {subprocess.py:92} INFO - The jars for the packages stored in: /home/***/.ivy2/jars
[2025-08-18 15:23:29,905] {subprocess.py:92} INFO - org.apache.spark#spark-sql-kafka-0-10_2.12 added as a dependency
[2025-08-18 15:23:29,908] {subprocess.py:92} INFO - :: resolving dependencies :: org.apache.spark#spark-submit-parent-9a95f1f5-cb28-45be-a400-6575efbca9ac;1.0
[2025-08-18 15:23:29,908] {subprocess.py:92} INFO - 	confs: [default]
[2025-08-18 15:23:30,120] {subprocess.py:92} INFO - 	found org.apache.spark#spark-sql-kafka-0-10_2.12;3.3.1 in spark-list
[2025-08-18 15:23:30,190] {subprocess.py:92} INFO - 	found org.apache.spark#spark-token-provider-kafka-0-10_2.12;3.3.1 in central
[2025-08-18 15:23:30,225] {subprocess.py:92} INFO - 	found org.apache.kafka#kafka-clients;2.8.1 in central
[2025-08-18 15:23:30,256] {subprocess.py:92} INFO - 	found org.lz4#lz4-java;1.8.0 in spark-list
[2025-08-18 15:23:30,283] {subprocess.py:92} INFO - 	found org.xerial.snappy#snappy-java;1.1.8.4 in central
[2025-08-18 15:23:30,306] {subprocess.py:92} INFO - 	found org.slf4j#slf4j-api;1.7.32 in central
[2025-08-18 15:23:30,338] {subprocess.py:92} INFO - 	found org.apache.hadoop#hadoop-client-runtime;3.3.2 in central
[2025-08-18 15:23:30,366] {subprocess.py:92} INFO - 	found org.spark-project.spark#unused;1.0.0 in central
[2025-08-18 15:23:30,429] {subprocess.py:92} INFO - 	found org.apache.hadoop#hadoop-client-api;3.3.2 in central
[2025-08-18 15:23:30,468] {subprocess.py:92} INFO - 	found commons-logging#commons-logging;1.1.3 in central
[2025-08-18 15:23:30,489] {subprocess.py:92} INFO - 	found com.google.code.findbugs#jsr305;3.0.0 in central
[2025-08-18 15:23:30,507] {subprocess.py:92} INFO - 	found org.apache.commons#commons-pool2;2.11.1 in central
[2025-08-18 15:23:30,529] {subprocess.py:92} INFO - :: resolution report :: resolve 611ms :: artifacts dl 11ms
[2025-08-18 15:23:30,529] {subprocess.py:92} INFO - 	:: modules in use:
[2025-08-18 15:23:30,529] {subprocess.py:92} INFO - 	com.google.code.findbugs#jsr305;3.0.0 from central in [default]
[2025-08-18 15:23:30,529] {subprocess.py:92} INFO - 	commons-logging#commons-logging;1.1.3 from central in [default]
[2025-08-18 15:23:30,530] {subprocess.py:92} INFO - 	org.apache.commons#commons-pool2;2.11.1 from central in [default]
[2025-08-18 15:23:30,530] {subprocess.py:92} INFO - 	org.apache.hadoop#hadoop-client-api;3.3.2 from central in [default]
[2025-08-18 15:23:30,530] {subprocess.py:92} INFO - 	org.apache.hadoop#hadoop-client-runtime;3.3.2 from central in [default]
[2025-08-18 15:23:30,530] {subprocess.py:92} INFO - 	org.apache.kafka#kafka-clients;2.8.1 from central in [default]
[2025-08-18 15:23:30,530] {subprocess.py:92} INFO - 	org.apache.spark#spark-sql-kafka-0-10_2.12;3.3.1 from spark-list in [default]
[2025-08-18 15:23:30,530] {subprocess.py:92} INFO - 	org.apache.spark#spark-token-provider-kafka-0-10_2.12;3.3.1 from central in [default]
[2025-08-18 15:23:30,530] {subprocess.py:92} INFO - 	org.lz4#lz4-java;1.8.0 from spark-list in [default]
[2025-08-18 15:23:30,530] {subprocess.py:92} INFO - 	org.slf4j#slf4j-api;1.7.32 from central in [default]
[2025-08-18 15:23:30,530] {subprocess.py:92} INFO - 	org.spark-project.spark#unused;1.0.0 from central in [default]
[2025-08-18 15:23:30,530] {subprocess.py:92} INFO - 	org.xerial.snappy#snappy-java;1.1.8.4 from central in [default]
[2025-08-18 15:23:30,531] {subprocess.py:92} INFO - 	---------------------------------------------------------------------
[2025-08-18 15:23:30,531] {subprocess.py:92} INFO - 	|                  |            modules            ||   artifacts   |
[2025-08-18 15:23:30,531] {subprocess.py:92} INFO - 	|       conf       | number| search|dwnlded|evicted|| number|dwnlded|
[2025-08-18 15:23:30,531] {subprocess.py:92} INFO - 	---------------------------------------------------------------------
[2025-08-18 15:23:30,531] {subprocess.py:92} INFO - 	|      default     |   12  |   0   |   0   |   0   ||   12  |   0   |
[2025-08-18 15:23:30,531] {subprocess.py:92} INFO - 	---------------------------------------------------------------------
[2025-08-18 15:23:30,536] {subprocess.py:92} INFO - :: retrieving :: org.apache.spark#spark-submit-parent-9a95f1f5-cb28-45be-a400-6575efbca9ac
[2025-08-18 15:23:30,536] {subprocess.py:92} INFO - 	confs: [default]
[2025-08-18 15:23:30,545] {subprocess.py:92} INFO - 	0 artifacts copied, 12 already retrieved (0kB/9ms)
[2025-08-18 15:23:30,819] {subprocess.py:92} INFO - 25/08/18 15:23:30 WARN NativeCodeLoader: Unable to load native-hadoop library for your platform... using builtin-java classes where applicable
[2025-08-18 15:23:32,376] {subprocess.py:92} INFO - 25/08/18 15:23:32 INFO SparkContext: Running Spark version 3.3.1
[2025-08-18 15:23:32,431] {subprocess.py:92} INFO - 25/08/18 15:23:32 INFO ResourceUtils: ==============================================================
[2025-08-18 15:23:32,432] {subprocess.py:92} INFO - 25/08/18 15:23:32 INFO ResourceUtils: No custom resources configured for spark.driver.
[2025-08-18 15:23:32,433] {subprocess.py:92} INFO - 25/08/18 15:23:32 INFO ResourceUtils: ==============================================================
[2025-08-18 15:23:32,434] {subprocess.py:92} INFO - 25/08/18 15:23:32 INFO SparkContext: Submitted application: KafkaToHDFSWeather
[2025-08-18 15:23:32,479] {subprocess.py:92} INFO - 25/08/18 15:23:32 INFO ResourceProfile: Default ResourceProfile created, executor resources: Map(cores -> name: cores, amount: 1, script: , vendor: , memory -> name: memory, amount: 1024, script: , vendor: , offHeap -> name: offHeap, amount: 0, script: , vendor: ), task resources: Map(cpus -> name: cpus, amount: 1.0)
[2025-08-18 15:23:32,503] {subprocess.py:92} INFO - 25/08/18 15:23:32 INFO ResourceProfile: Limiting resource is cpu
[2025-08-18 15:23:32,505] {subprocess.py:92} INFO - 25/08/18 15:23:32 INFO ResourceProfileManager: Added ResourceProfile id: 0
[2025-08-18 15:23:32,604] {subprocess.py:92} INFO - 25/08/18 15:23:32 INFO SecurityManager: Changing view acls to: ***
[2025-08-18 15:23:32,605] {subprocess.py:92} INFO - 25/08/18 15:23:32 INFO SecurityManager: Changing modify acls to: ***
[2025-08-18 15:23:32,606] {subprocess.py:92} INFO - 25/08/18 15:23:32 INFO SecurityManager: Changing view acls groups to:
[2025-08-18 15:23:32,607] {subprocess.py:92} INFO - 25/08/18 15:23:32 INFO SecurityManager: Changing modify acls groups to:
[2025-08-18 15:23:32,608] {subprocess.py:92} INFO - 25/08/18 15:23:32 INFO SecurityManager: SecurityManager: authentication disabled; ui acls disabled; users  with view permissions: Set(***); groups with view permissions: Set(); users  with modify permissions: Set(***); groups with modify permissions: Set()
[2025-08-18 15:23:33,108] {subprocess.py:92} INFO - 25/08/18 15:23:33 INFO Utils: Successfully started service 'sparkDriver' on port 32955.
[2025-08-18 15:23:33,184] {subprocess.py:92} INFO - 25/08/18 15:23:33 INFO SparkEnv: Registering MapOutputTracker
[2025-08-18 15:23:33,278] {subprocess.py:92} INFO - 25/08/18 15:23:33 INFO SparkEnv: Registering BlockManagerMaster
[2025-08-18 15:23:33,320] {subprocess.py:92} INFO - 25/08/18 15:23:33 INFO BlockManagerMasterEndpoint: Using org.apache.spark.storage.DefaultTopologyMapper for getting topology information
[2025-08-18 15:23:33,322] {subprocess.py:92} INFO - 25/08/18 15:23:33 INFO BlockManagerMasterEndpoint: BlockManagerMasterEndpoint up
[2025-08-18 15:23:33,332] {subprocess.py:92} INFO - 25/08/18 15:23:33 INFO SparkEnv: Registering BlockManagerMasterHeartbeat
[2025-08-18 15:23:33,385] {subprocess.py:92} INFO - 25/08/18 15:23:33 INFO DiskBlockManager: Created local directory at /tmp/blockmgr-843c2ba6-710a-4100-962b-f047d1e002f5
[2025-08-18 15:23:33,424] {subprocess.py:92} INFO - 25/08/18 15:23:33 INFO MemoryStore: MemoryStore started with capacity 434.4 MiB
[2025-08-18 15:23:33,464] {subprocess.py:92} INFO - 25/08/18 15:23:33 INFO SparkEnv: Registering OutputCommitCoordinator
[2025-08-18 15:23:33,816] {subprocess.py:92} INFO - 25/08/18 15:23:33 INFO Utils: Successfully started service 'SparkUI' on port 4040.
[2025-08-18 15:23:33,880] {subprocess.py:92} INFO - 25/08/18 15:23:33 INFO SparkContext: Added JAR file:///home/***/.ivy2/jars/org.apache.spark_spark-sql-kafka-0-10_2.12-3.3.1.jar at spark://a4b544519f2b:32955/jars/org.apache.spark_spark-sql-kafka-0-10_2.12-3.3.1.jar with timestamp 1755530612354
[2025-08-18 15:23:33,880] {subprocess.py:92} INFO - 25/08/18 15:23:33 INFO SparkContext: Added JAR file:///home/***/.ivy2/jars/org.apache.spark_spark-token-provider-kafka-0-10_2.12-3.3.1.jar at spark://a4b544519f2b:32955/jars/org.apache.spark_spark-token-provider-kafka-0-10_2.12-3.3.1.jar with timestamp 1755530612354
[2025-08-18 15:23:33,881] {subprocess.py:92} INFO - 25/08/18 15:23:33 INFO SparkContext: Added JAR file:///home/***/.ivy2/jars/org.apache.kafka_kafka-clients-2.8.1.jar at spark://a4b544519f2b:32955/jars/org.apache.kafka_kafka-clients-2.8.1.jar with timestamp 1755530612354
[2025-08-18 15:23:33,881] {subprocess.py:92} INFO - 25/08/18 15:23:33 INFO SparkContext: Added JAR file:///home/***/.ivy2/jars/com.google.code.findbugs_jsr305-3.0.0.jar at spark://a4b544519f2b:32955/jars/com.google.code.findbugs_jsr305-3.0.0.jar with timestamp 1755530612354
[2025-08-18 15:23:33,881] {subprocess.py:92} INFO - 25/08/18 15:23:33 INFO SparkContext: Added JAR file:///home/***/.ivy2/jars/org.apache.commons_commons-pool2-2.11.1.jar at spark://a4b544519f2b:32955/jars/org.apache.commons_commons-pool2-2.11.1.jar with timestamp 1755530612354
[2025-08-18 15:23:33,882] {subprocess.py:92} INFO - 25/08/18 15:23:33 INFO SparkContext: Added JAR file:///home/***/.ivy2/jars/org.spark-project.spark_unused-1.0.0.jar at spark://a4b544519f2b:32955/jars/org.spark-project.spark_unused-1.0.0.jar with timestamp 1755530612354
[2025-08-18 15:23:33,882] {subprocess.py:92} INFO - 25/08/18 15:23:33 INFO SparkContext: Added JAR file:///home/***/.ivy2/jars/org.apache.hadoop_hadoop-client-runtime-3.3.2.jar at spark://a4b544519f2b:32955/jars/org.apache.hadoop_hadoop-client-runtime-3.3.2.jar with timestamp 1755530612354
[2025-08-18 15:23:33,882] {subprocess.py:92} INFO - 25/08/18 15:23:33 INFO SparkContext: Added JAR file:///home/***/.ivy2/jars/org.lz4_lz4-java-1.8.0.jar at spark://a4b544519f2b:32955/jars/org.lz4_lz4-java-1.8.0.jar with timestamp 1755530612354
[2025-08-18 15:23:33,883] {subprocess.py:92} INFO - 25/08/18 15:23:33 INFO SparkContext: Added JAR file:///home/***/.ivy2/jars/org.xerial.snappy_snappy-java-1.1.8.4.jar at spark://a4b544519f2b:32955/jars/org.xerial.snappy_snappy-java-1.1.8.4.jar with timestamp 1755530612354
[2025-08-18 15:23:33,883] {subprocess.py:92} INFO - 25/08/18 15:23:33 INFO SparkContext: Added JAR file:///home/***/.ivy2/jars/org.slf4j_slf4j-api-1.7.32.jar at spark://a4b544519f2b:32955/jars/org.slf4j_slf4j-api-1.7.32.jar with timestamp 1755530612354
[2025-08-18 15:23:33,883] {subprocess.py:92} INFO - 25/08/18 15:23:33 INFO SparkContext: Added JAR file:///home/***/.ivy2/jars/org.apache.hadoop_hadoop-client-api-3.3.2.jar at spark://a4b544519f2b:32955/jars/org.apache.hadoop_hadoop-client-api-3.3.2.jar with timestamp 1755530612354
[2025-08-18 15:23:33,884] {subprocess.py:92} INFO - 25/08/18 15:23:33 INFO SparkContext: Added JAR file:///home/***/.ivy2/jars/commons-logging_commons-logging-1.1.3.jar at spark://a4b544519f2b:32955/jars/commons-logging_commons-logging-1.1.3.jar with timestamp 1755530612354
[2025-08-18 15:23:33,887] {subprocess.py:92} INFO - 25/08/18 15:23:33 INFO SparkContext: Added file file:///home/***/.ivy2/jars/org.apache.spark_spark-sql-kafka-0-10_2.12-3.3.1.jar at file:///home/***/.ivy2/jars/org.apache.spark_spark-sql-kafka-0-10_2.12-3.3.1.jar with timestamp 1755530612354
[2025-08-18 15:23:33,890] {subprocess.py:92} INFO - 25/08/18 15:23:33 INFO Utils: Copying /home/***/.ivy2/jars/org.apache.spark_spark-sql-kafka-0-10_2.12-3.3.1.jar to /tmp/spark-f1cd4aad-bcdb-4bca-8452-2ff3f2c888a7/userFiles-dec18967-964e-4035-8593-adaf32306163/org.apache.spark_spark-sql-kafka-0-10_2.12-3.3.1.jar
[2025-08-18 15:23:33,912] {subprocess.py:92} INFO - 25/08/18 15:23:33 INFO SparkContext: Added file file:///home/***/.ivy2/jars/org.apache.spark_spark-token-provider-kafka-0-10_2.12-3.3.1.jar at file:///home/***/.ivy2/jars/org.apache.spark_spark-token-provider-kafka-0-10_2.12-3.3.1.jar with timestamp 1755530612354
[2025-08-18 15:23:33,912] {subprocess.py:92} INFO - 25/08/18 15:23:33 INFO Utils: Copying /home/***/.ivy2/jars/org.apache.spark_spark-token-provider-kafka-0-10_2.12-3.3.1.jar to /tmp/spark-f1cd4aad-bcdb-4bca-8452-2ff3f2c888a7/userFiles-dec18967-964e-4035-8593-adaf32306163/org.apache.spark_spark-token-provider-kafka-0-10_2.12-3.3.1.jar
[2025-08-18 15:23:33,919] {subprocess.py:92} INFO - 25/08/18 15:23:33 INFO SparkContext: Added file file:///home/***/.ivy2/jars/org.apache.kafka_kafka-clients-2.8.1.jar at file:///home/***/.ivy2/jars/org.apache.kafka_kafka-clients-2.8.1.jar with timestamp 1755530612354
[2025-08-18 15:23:33,919] {subprocess.py:92} INFO - 25/08/18 15:23:33 INFO Utils: Copying /home/***/.ivy2/jars/org.apache.kafka_kafka-clients-2.8.1.jar to /tmp/spark-f1cd4aad-bcdb-4bca-8452-2ff3f2c888a7/userFiles-dec18967-964e-4035-8593-adaf32306163/org.apache.kafka_kafka-clients-2.8.1.jar
[2025-08-18 15:23:33,937] {subprocess.py:92} INFO - 25/08/18 15:23:33 INFO SparkContext: Added file file:///home/***/.ivy2/jars/com.google.code.findbugs_jsr305-3.0.0.jar at file:///home/***/.ivy2/jars/com.google.code.findbugs_jsr305-3.0.0.jar with timestamp 1755530612354
[2025-08-18 15:23:33,937] {subprocess.py:92} INFO - 25/08/18 15:23:33 INFO Utils: Copying /home/***/.ivy2/jars/com.google.code.findbugs_jsr305-3.0.0.jar to /tmp/spark-f1cd4aad-bcdb-4bca-8452-2ff3f2c888a7/userFiles-dec18967-964e-4035-8593-adaf32306163/com.google.code.findbugs_jsr305-3.0.0.jar
[2025-08-18 15:23:33,944] {subprocess.py:92} INFO - 25/08/18 15:23:33 INFO SparkContext: Added file file:///home/***/.ivy2/jars/org.apache.commons_commons-pool2-2.11.1.jar at file:///home/***/.ivy2/jars/org.apache.commons_commons-pool2-2.11.1.jar with timestamp 1755530612354
[2025-08-18 15:23:33,945] {subprocess.py:92} INFO - 25/08/18 15:23:33 INFO Utils: Copying /home/***/.ivy2/jars/org.apache.commons_commons-pool2-2.11.1.jar to /tmp/spark-f1cd4aad-bcdb-4bca-8452-2ff3f2c888a7/userFiles-dec18967-964e-4035-8593-adaf32306163/org.apache.commons_commons-pool2-2.11.1.jar
[2025-08-18 15:23:33,953] {subprocess.py:92} INFO - 25/08/18 15:23:33 INFO SparkContext: Added file file:///home/***/.ivy2/jars/org.spark-project.spark_unused-1.0.0.jar at file:///home/***/.ivy2/jars/org.spark-project.spark_unused-1.0.0.jar with timestamp 1755530612354
[2025-08-18 15:23:33,953] {subprocess.py:92} INFO - 25/08/18 15:23:33 INFO Utils: Copying /home/***/.ivy2/jars/org.spark-project.spark_unused-1.0.0.jar to /tmp/spark-f1cd4aad-bcdb-4bca-8452-2ff3f2c888a7/userFiles-dec18967-964e-4035-8593-adaf32306163/org.spark-project.spark_unused-1.0.0.jar
[2025-08-18 15:23:33,961] {subprocess.py:92} INFO - 25/08/18 15:23:33 INFO SparkContext: Added file file:///home/***/.ivy2/jars/org.apache.hadoop_hadoop-client-runtime-3.3.2.jar at file:///home/***/.ivy2/jars/org.apache.hadoop_hadoop-client-runtime-3.3.2.jar with timestamp 1755530612354
[2025-08-18 15:23:33,961] {subprocess.py:92} INFO - 25/08/18 15:23:33 INFO Utils: Copying /home/***/.ivy2/jars/org.apache.hadoop_hadoop-client-runtime-3.3.2.jar to /tmp/spark-f1cd4aad-bcdb-4bca-8452-2ff3f2c888a7/userFiles-dec18967-964e-4035-8593-adaf32306163/org.apache.hadoop_hadoop-client-runtime-3.3.2.jar
[2025-08-18 15:23:34,075] {subprocess.py:92} INFO - 25/08/18 15:23:34 INFO SparkContext: Added file file:///home/***/.ivy2/jars/org.lz4_lz4-java-1.8.0.jar at file:///home/***/.ivy2/jars/org.lz4_lz4-java-1.8.0.jar with timestamp 1755530612354
[2025-08-18 15:23:34,075] {subprocess.py:92} INFO - 25/08/18 15:23:34 INFO Utils: Copying /home/***/.ivy2/jars/org.lz4_lz4-java-1.8.0.jar to /tmp/spark-f1cd4aad-bcdb-4bca-8452-2ff3f2c888a7/userFiles-dec18967-964e-4035-8593-adaf32306163/org.lz4_lz4-java-1.8.0.jar
[2025-08-18 15:23:34,084] {subprocess.py:92} INFO - 25/08/18 15:23:34 INFO SparkContext: Added file file:///home/***/.ivy2/jars/org.xerial.snappy_snappy-java-1.1.8.4.jar at file:///home/***/.ivy2/jars/org.xerial.snappy_snappy-java-1.1.8.4.jar with timestamp 1755530612354
[2025-08-18 15:23:34,085] {subprocess.py:92} INFO - 25/08/18 15:23:34 INFO Utils: Copying /home/***/.ivy2/jars/org.xerial.snappy_snappy-java-1.1.8.4.jar to /tmp/spark-f1cd4aad-bcdb-4bca-8452-2ff3f2c888a7/userFiles-dec18967-964e-4035-8593-adaf32306163/org.xerial.snappy_snappy-java-1.1.8.4.jar
[2025-08-18 15:23:34,097] {subprocess.py:92} INFO - 25/08/18 15:23:34 INFO SparkContext: Added file file:///home/***/.ivy2/jars/org.slf4j_slf4j-api-1.7.32.jar at file:///home/***/.ivy2/jars/org.slf4j_slf4j-api-1.7.32.jar with timestamp 1755530612354
[2025-08-18 15:23:34,098] {subprocess.py:92} INFO - 25/08/18 15:23:34 INFO Utils: Copying /home/***/.ivy2/jars/org.slf4j_slf4j-api-1.7.32.jar to /tmp/spark-f1cd4aad-bcdb-4bca-8452-2ff3f2c888a7/userFiles-dec18967-964e-4035-8593-adaf32306163/org.slf4j_slf4j-api-1.7.32.jar
[2025-08-18 15:23:34,105] {subprocess.py:92} INFO - 25/08/18 15:23:34 INFO SparkContext: Added file file:///home/***/.ivy2/jars/org.apache.hadoop_hadoop-client-api-3.3.2.jar at file:///home/***/.ivy2/jars/org.apache.hadoop_hadoop-client-api-3.3.2.jar with timestamp 1755530612354
[2025-08-18 15:23:34,106] {subprocess.py:92} INFO - 25/08/18 15:23:34 INFO Utils: Copying /home/***/.ivy2/jars/org.apache.hadoop_hadoop-client-api-3.3.2.jar to /tmp/spark-f1cd4aad-bcdb-4bca-8452-2ff3f2c888a7/userFiles-dec18967-964e-4035-8593-adaf32306163/org.apache.hadoop_hadoop-client-api-3.3.2.jar
[2025-08-18 15:23:34,159] {subprocess.py:92} INFO - 25/08/18 15:23:34 INFO SparkContext: Added file file:///home/***/.ivy2/jars/commons-logging_commons-logging-1.1.3.jar at file:///home/***/.ivy2/jars/commons-logging_commons-logging-1.1.3.jar with timestamp 1755530612354
[2025-08-18 15:23:34,160] {subprocess.py:92} INFO - 25/08/18 15:23:34 INFO Utils: Copying /home/***/.ivy2/jars/commons-logging_commons-logging-1.1.3.jar to /tmp/spark-f1cd4aad-bcdb-4bca-8452-2ff3f2c888a7/userFiles-dec18967-964e-4035-8593-adaf32306163/commons-logging_commons-logging-1.1.3.jar
[2025-08-18 15:23:34,291] {subprocess.py:92} INFO - 25/08/18 15:23:34 INFO Executor: Starting executor ID driver on host a4b544519f2b
[2025-08-18 15:23:34,299] {subprocess.py:92} INFO - 25/08/18 15:23:34 INFO Executor: Starting executor with user classpath (userClassPathFirst = false): ''
[2025-08-18 15:23:34,315] {subprocess.py:92} INFO - 25/08/18 15:23:34 INFO Executor: Fetching file:///home/***/.ivy2/jars/commons-logging_commons-logging-1.1.3.jar with timestamp 1755530612354
[2025-08-18 15:23:34,337] {subprocess.py:92} INFO - 25/08/18 15:23:34 INFO Utils: /home/***/.ivy2/jars/commons-logging_commons-logging-1.1.3.jar has been previously copied to /tmp/spark-f1cd4aad-bcdb-4bca-8452-2ff3f2c888a7/userFiles-dec18967-964e-4035-8593-adaf32306163/commons-logging_commons-logging-1.1.3.jar
[2025-08-18 15:23:34,342] {subprocess.py:92} INFO - 25/08/18 15:23:34 INFO Executor: Fetching file:///home/***/.ivy2/jars/org.spark-project.spark_unused-1.0.0.jar with timestamp 1755530612354
[2025-08-18 15:23:34,343] {subprocess.py:92} INFO - 25/08/18 15:23:34 INFO Utils: /home/***/.ivy2/jars/org.spark-project.spark_unused-1.0.0.jar has been previously copied to /tmp/spark-f1cd4aad-bcdb-4bca-8452-2ff3f2c888a7/userFiles-dec18967-964e-4035-8593-adaf32306163/org.spark-project.spark_unused-1.0.0.jar
[2025-08-18 15:23:34,350] {subprocess.py:92} INFO - 25/08/18 15:23:34 INFO Executor: Fetching file:///home/***/.ivy2/jars/org.apache.spark_spark-sql-kafka-0-10_2.12-3.3.1.jar with timestamp 1755530612354
[2025-08-18 15:23:34,355] {subprocess.py:92} INFO - 25/08/18 15:23:34 INFO Utils: /home/***/.ivy2/jars/org.apache.spark_spark-sql-kafka-0-10_2.12-3.3.1.jar has been previously copied to /tmp/spark-f1cd4aad-bcdb-4bca-8452-2ff3f2c888a7/userFiles-dec18967-964e-4035-8593-adaf32306163/org.apache.spark_spark-sql-kafka-0-10_2.12-3.3.1.jar
[2025-08-18 15:23:34,361] {subprocess.py:92} INFO - 25/08/18 15:23:34 INFO Executor: Fetching file:///home/***/.ivy2/jars/org.apache.hadoop_hadoop-client-api-3.3.2.jar with timestamp 1755530612354
[2025-08-18 15:23:34,389] {subprocess.py:92} INFO - 25/08/18 15:23:34 INFO Utils: /home/***/.ivy2/jars/org.apache.hadoop_hadoop-client-api-3.3.2.jar has been previously copied to /tmp/spark-f1cd4aad-bcdb-4bca-8452-2ff3f2c888a7/userFiles-dec18967-964e-4035-8593-adaf32306163/org.apache.hadoop_hadoop-client-api-3.3.2.jar
[2025-08-18 15:23:34,395] {subprocess.py:92} INFO - 25/08/18 15:23:34 INFO Executor: Fetching file:///home/***/.ivy2/jars/org.apache.hadoop_hadoop-client-runtime-3.3.2.jar with timestamp 1755530612354
[2025-08-18 15:23:34,443] {subprocess.py:92} INFO - 25/08/18 15:23:34 INFO Utils: /home/***/.ivy2/jars/org.apache.hadoop_hadoop-client-runtime-3.3.2.jar has been previously copied to /tmp/spark-f1cd4aad-bcdb-4bca-8452-2ff3f2c888a7/userFiles-dec18967-964e-4035-8593-adaf32306163/org.apache.hadoop_hadoop-client-runtime-3.3.2.jar
[2025-08-18 15:23:34,449] {subprocess.py:92} INFO - 25/08/18 15:23:34 INFO Executor: Fetching file:///home/***/.ivy2/jars/org.slf4j_slf4j-api-1.7.32.jar with timestamp 1755530612354
[2025-08-18 15:23:34,450] {subprocess.py:92} INFO - 25/08/18 15:23:34 INFO Utils: /home/***/.ivy2/jars/org.slf4j_slf4j-api-1.7.32.jar has been previously copied to /tmp/spark-f1cd4aad-bcdb-4bca-8452-2ff3f2c888a7/userFiles-dec18967-964e-4035-8593-adaf32306163/org.slf4j_slf4j-api-1.7.32.jar
[2025-08-18 15:23:34,456] {subprocess.py:92} INFO - 25/08/18 15:23:34 INFO Executor: Fetching file:///home/***/.ivy2/jars/org.lz4_lz4-java-1.8.0.jar with timestamp 1755530612354
[2025-08-18 15:23:34,458] {subprocess.py:92} INFO - 25/08/18 15:23:34 INFO Utils: /home/***/.ivy2/jars/org.lz4_lz4-java-1.8.0.jar has been previously copied to /tmp/spark-f1cd4aad-bcdb-4bca-8452-2ff3f2c888a7/userFiles-dec18967-964e-4035-8593-adaf32306163/org.lz4_lz4-java-1.8.0.jar
[2025-08-18 15:23:34,465] {subprocess.py:92} INFO - 25/08/18 15:23:34 INFO Executor: Fetching file:///home/***/.ivy2/jars/org.apache.commons_commons-pool2-2.11.1.jar with timestamp 1755530612354
[2025-08-18 15:23:34,466] {subprocess.py:92} INFO - 25/08/18 15:23:34 INFO Utils: /home/***/.ivy2/jars/org.apache.commons_commons-pool2-2.11.1.jar has been previously copied to /tmp/spark-f1cd4aad-bcdb-4bca-8452-2ff3f2c888a7/userFiles-dec18967-964e-4035-8593-adaf32306163/org.apache.commons_commons-pool2-2.11.1.jar
[2025-08-18 15:23:34,472] {subprocess.py:92} INFO - 25/08/18 15:23:34 INFO Executor: Fetching file:///home/***/.ivy2/jars/com.google.code.findbugs_jsr305-3.0.0.jar with timestamp 1755530612354
[2025-08-18 15:23:34,473] {subprocess.py:92} INFO - 25/08/18 15:23:34 INFO Utils: /home/***/.ivy2/jars/com.google.code.findbugs_jsr305-3.0.0.jar has been previously copied to /tmp/spark-f1cd4aad-bcdb-4bca-8452-2ff3f2c888a7/userFiles-dec18967-964e-4035-8593-adaf32306163/com.google.code.findbugs_jsr305-3.0.0.jar
[2025-08-18 15:23:34,483] {subprocess.py:92} INFO - 25/08/18 15:23:34 INFO Executor: Fetching file:///home/***/.ivy2/jars/org.apache.spark_spark-token-provider-kafka-0-10_2.12-3.3.1.jar with timestamp 1755530612354
[2025-08-18 15:23:34,485] {subprocess.py:92} INFO - 25/08/18 15:23:34 INFO Utils: /home/***/.ivy2/jars/org.apache.spark_spark-token-provider-kafka-0-10_2.12-3.3.1.jar has been previously copied to /tmp/spark-f1cd4aad-bcdb-4bca-8452-2ff3f2c888a7/userFiles-dec18967-964e-4035-8593-adaf32306163/org.apache.spark_spark-token-provider-kafka-0-10_2.12-3.3.1.jar
[2025-08-18 15:23:34,492] {subprocess.py:92} INFO - 25/08/18 15:23:34 INFO Executor: Fetching file:///home/***/.ivy2/jars/org.apache.kafka_kafka-clients-2.8.1.jar with timestamp 1755530612354
[2025-08-18 15:23:34,504] {subprocess.py:92} INFO - 25/08/18 15:23:34 INFO Utils: /home/***/.ivy2/jars/org.apache.kafka_kafka-clients-2.8.1.jar has been previously copied to /tmp/spark-f1cd4aad-bcdb-4bca-8452-2ff3f2c888a7/userFiles-dec18967-964e-4035-8593-adaf32306163/org.apache.kafka_kafka-clients-2.8.1.jar
[2025-08-18 15:23:34,509] {subprocess.py:92} INFO - 25/08/18 15:23:34 INFO Executor: Fetching file:///home/***/.ivy2/jars/org.xerial.snappy_snappy-java-1.1.8.4.jar with timestamp 1755530612354
[2025-08-18 15:23:34,515] {subprocess.py:92} INFO - 25/08/18 15:23:34 INFO Utils: /home/***/.ivy2/jars/org.xerial.snappy_snappy-java-1.1.8.4.jar has been previously copied to /tmp/spark-f1cd4aad-bcdb-4bca-8452-2ff3f2c888a7/userFiles-dec18967-964e-4035-8593-adaf32306163/org.xerial.snappy_snappy-java-1.1.8.4.jar
[2025-08-18 15:23:34,524] {subprocess.py:92} INFO - 25/08/18 15:23:34 INFO Executor: Fetching spark://a4b544519f2b:32955/jars/commons-logging_commons-logging-1.1.3.jar with timestamp 1755530612354
[2025-08-18 15:23:34,590] {subprocess.py:92} INFO - 25/08/18 15:23:34 INFO TransportClientFactory: Successfully created connection to a4b544519f2b/172.20.0.2:32955 after 46 ms (0 ms spent in bootstraps)
[2025-08-18 15:23:34,598] {subprocess.py:92} INFO - 25/08/18 15:23:34 INFO Utils: Fetching spark://a4b544519f2b:32955/jars/commons-logging_commons-logging-1.1.3.jar to /tmp/spark-f1cd4aad-bcdb-4bca-8452-2ff3f2c888a7/userFiles-dec18967-964e-4035-8593-adaf32306163/fetchFileTemp55171065192481963.tmp
[2025-08-18 15:23:34,665] {subprocess.py:92} INFO - 25/08/18 15:23:34 INFO Utils: /tmp/spark-f1cd4aad-bcdb-4bca-8452-2ff3f2c888a7/userFiles-dec18967-964e-4035-8593-adaf32306163/fetchFileTemp55171065192481963.tmp has been previously copied to /tmp/spark-f1cd4aad-bcdb-4bca-8452-2ff3f2c888a7/userFiles-dec18967-964e-4035-8593-adaf32306163/commons-logging_commons-logging-1.1.3.jar
[2025-08-18 15:23:34,672] {subprocess.py:92} INFO - 25/08/18 15:23:34 INFO Executor: Adding file:/tmp/spark-f1cd4aad-bcdb-4bca-8452-2ff3f2c888a7/userFiles-dec18967-964e-4035-8593-adaf32306163/commons-logging_commons-logging-1.1.3.jar to class loader
[2025-08-18 15:23:34,673] {subprocess.py:92} INFO - 25/08/18 15:23:34 INFO Executor: Fetching spark://a4b544519f2b:32955/jars/org.apache.hadoop_hadoop-client-api-3.3.2.jar with timestamp 1755530612354
[2025-08-18 15:23:34,675] {subprocess.py:92} INFO - 25/08/18 15:23:34 INFO Utils: Fetching spark://a4b544519f2b:32955/jars/org.apache.hadoop_hadoop-client-api-3.3.2.jar to /tmp/spark-f1cd4aad-bcdb-4bca-8452-2ff3f2c888a7/userFiles-dec18967-964e-4035-8593-adaf32306163/fetchFileTemp3801229448653409936.tmp
[2025-08-18 15:23:34,846] {subprocess.py:92} INFO - 25/08/18 15:23:34 INFO Utils: /tmp/spark-f1cd4aad-bcdb-4bca-8452-2ff3f2c888a7/userFiles-dec18967-964e-4035-8593-adaf32306163/fetchFileTemp3801229448653409936.tmp has been previously copied to /tmp/spark-f1cd4aad-bcdb-4bca-8452-2ff3f2c888a7/userFiles-dec18967-964e-4035-8593-adaf32306163/org.apache.hadoop_hadoop-client-api-3.3.2.jar
[2025-08-18 15:23:34,859] {subprocess.py:92} INFO - 25/08/18 15:23:34 INFO Executor: Adding file:/tmp/spark-f1cd4aad-bcdb-4bca-8452-2ff3f2c888a7/userFiles-dec18967-964e-4035-8593-adaf32306163/org.apache.hadoop_hadoop-client-api-3.3.2.jar to class loader
[2025-08-18 15:23:34,860] {subprocess.py:92} INFO - 25/08/18 15:23:34 INFO Executor: Fetching spark://a4b544519f2b:32955/jars/org.slf4j_slf4j-api-1.7.32.jar with timestamp 1755530612354
[2025-08-18 15:23:34,860] {subprocess.py:92} INFO - 25/08/18 15:23:34 INFO Utils: Fetching spark://a4b544519f2b:32955/jars/org.slf4j_slf4j-api-1.7.32.jar to /tmp/spark-f1cd4aad-bcdb-4bca-8452-2ff3f2c888a7/userFiles-dec18967-964e-4035-8593-adaf32306163/fetchFileTemp14901774223963385463.tmp
[2025-08-18 15:23:34,863] {subprocess.py:92} INFO - 25/08/18 15:23:34 INFO Utils: /tmp/spark-f1cd4aad-bcdb-4bca-8452-2ff3f2c888a7/userFiles-dec18967-964e-4035-8593-adaf32306163/fetchFileTemp14901774223963385463.tmp has been previously copied to /tmp/spark-f1cd4aad-bcdb-4bca-8452-2ff3f2c888a7/userFiles-dec18967-964e-4035-8593-adaf32306163/org.slf4j_slf4j-api-1.7.32.jar
[2025-08-18 15:23:34,870] {subprocess.py:92} INFO - 25/08/18 15:23:34 INFO Executor: Adding file:/tmp/spark-f1cd4aad-bcdb-4bca-8452-2ff3f2c888a7/userFiles-dec18967-964e-4035-8593-adaf32306163/org.slf4j_slf4j-api-1.7.32.jar to class loader
[2025-08-18 15:23:34,871] {subprocess.py:92} INFO - 25/08/18 15:23:34 INFO Executor: Fetching spark://a4b544519f2b:32955/jars/org.apache.spark_spark-sql-kafka-0-10_2.12-3.3.1.jar with timestamp 1755530612354
[2025-08-18 15:23:34,872] {subprocess.py:92} INFO - 25/08/18 15:23:34 INFO Utils: Fetching spark://a4b544519f2b:32955/jars/org.apache.spark_spark-sql-kafka-0-10_2.12-3.3.1.jar to /tmp/spark-f1cd4aad-bcdb-4bca-8452-2ff3f2c888a7/userFiles-dec18967-964e-4035-8593-adaf32306163/fetchFileTemp15872463672209808990.tmp
[2025-08-18 15:23:34,878] {subprocess.py:92} INFO - 25/08/18 15:23:34 INFO Utils: /tmp/spark-f1cd4aad-bcdb-4bca-8452-2ff3f2c888a7/userFiles-dec18967-964e-4035-8593-adaf32306163/fetchFileTemp15872463672209808990.tmp has been previously copied to /tmp/spark-f1cd4aad-bcdb-4bca-8452-2ff3f2c888a7/userFiles-dec18967-964e-4035-8593-adaf32306163/org.apache.spark_spark-sql-kafka-0-10_2.12-3.3.1.jar
[2025-08-18 15:23:34,885] {subprocess.py:92} INFO - 25/08/18 15:23:34 INFO Executor: Adding file:/tmp/spark-f1cd4aad-bcdb-4bca-8452-2ff3f2c888a7/userFiles-dec18967-964e-4035-8593-adaf32306163/org.apache.spark_spark-sql-kafka-0-10_2.12-3.3.1.jar to class loader
[2025-08-18 15:23:34,885] {subprocess.py:92} INFO - 25/08/18 15:23:34 INFO Executor: Fetching spark://a4b544519f2b:32955/jars/org.apache.kafka_kafka-clients-2.8.1.jar with timestamp 1755530612354
[2025-08-18 15:23:34,886] {subprocess.py:92} INFO - 25/08/18 15:23:34 INFO Utils: Fetching spark://a4b544519f2b:32955/jars/org.apache.kafka_kafka-clients-2.8.1.jar to /tmp/spark-f1cd4aad-bcdb-4bca-8452-2ff3f2c888a7/userFiles-dec18967-964e-4035-8593-adaf32306163/fetchFileTemp8981607078721779145.tmp
[2025-08-18 15:23:34,917] {subprocess.py:92} INFO - 25/08/18 15:23:34 INFO Utils: /tmp/spark-f1cd4aad-bcdb-4bca-8452-2ff3f2c888a7/userFiles-dec18967-964e-4035-8593-adaf32306163/fetchFileTemp8981607078721779145.tmp has been previously copied to /tmp/spark-f1cd4aad-bcdb-4bca-8452-2ff3f2c888a7/userFiles-dec18967-964e-4035-8593-adaf32306163/org.apache.kafka_kafka-clients-2.8.1.jar
[2025-08-18 15:23:34,923] {subprocess.py:92} INFO - 25/08/18 15:23:34 INFO Executor: Adding file:/tmp/spark-f1cd4aad-bcdb-4bca-8452-2ff3f2c888a7/userFiles-dec18967-964e-4035-8593-adaf32306163/org.apache.kafka_kafka-clients-2.8.1.jar to class loader
[2025-08-18 15:23:34,923] {subprocess.py:92} INFO - 25/08/18 15:23:34 INFO Executor: Fetching spark://a4b544519f2b:32955/jars/org.apache.hadoop_hadoop-client-runtime-3.3.2.jar with timestamp 1755530612354
[2025-08-18 15:23:34,924] {subprocess.py:92} INFO - 25/08/18 15:23:34 INFO Utils: Fetching spark://a4b544519f2b:32955/jars/org.apache.hadoop_hadoop-client-runtime-3.3.2.jar to /tmp/spark-f1cd4aad-bcdb-4bca-8452-2ff3f2c888a7/userFiles-dec18967-964e-4035-8593-adaf32306163/fetchFileTemp3958115659172481944.tmp
[2025-08-18 15:23:35,063] {subprocess.py:92} INFO - 25/08/18 15:23:35 INFO Utils: /tmp/spark-f1cd4aad-bcdb-4bca-8452-2ff3f2c888a7/userFiles-dec18967-964e-4035-8593-adaf32306163/fetchFileTemp3958115659172481944.tmp has been previously copied to /tmp/spark-f1cd4aad-bcdb-4bca-8452-2ff3f2c888a7/userFiles-dec18967-964e-4035-8593-adaf32306163/org.apache.hadoop_hadoop-client-runtime-3.3.2.jar
[2025-08-18 15:23:35,074] {subprocess.py:92} INFO - 25/08/18 15:23:35 INFO Executor: Adding file:/tmp/spark-f1cd4aad-bcdb-4bca-8452-2ff3f2c888a7/userFiles-dec18967-964e-4035-8593-adaf32306163/org.apache.hadoop_hadoop-client-runtime-3.3.2.jar to class loader
[2025-08-18 15:23:35,074] {subprocess.py:92} INFO - 25/08/18 15:23:35 INFO Executor: Fetching spark://a4b544519f2b:32955/jars/com.google.code.findbugs_jsr305-3.0.0.jar with timestamp 1755530612354
[2025-08-18 15:23:35,075] {subprocess.py:92} INFO - 25/08/18 15:23:35 INFO Utils: Fetching spark://a4b544519f2b:32955/jars/com.google.code.findbugs_jsr305-3.0.0.jar to /tmp/spark-f1cd4aad-bcdb-4bca-8452-2ff3f2c888a7/userFiles-dec18967-964e-4035-8593-adaf32306163/fetchFileTemp12956271736857992019.tmp
[2025-08-18 15:23:35,078] {subprocess.py:92} INFO - 25/08/18 15:23:35 INFO Utils: /tmp/spark-f1cd4aad-bcdb-4bca-8452-2ff3f2c888a7/userFiles-dec18967-964e-4035-8593-adaf32306163/fetchFileTemp12956271736857992019.tmp has been previously copied to /tmp/spark-f1cd4aad-bcdb-4bca-8452-2ff3f2c888a7/userFiles-dec18967-964e-4035-8593-adaf32306163/com.google.code.findbugs_jsr305-3.0.0.jar
[2025-08-18 15:23:35,083] {subprocess.py:92} INFO - 25/08/18 15:23:35 INFO Executor: Adding file:/tmp/spark-f1cd4aad-bcdb-4bca-8452-2ff3f2c888a7/userFiles-dec18967-964e-4035-8593-adaf32306163/com.google.code.findbugs_jsr305-3.0.0.jar to class loader
[2025-08-18 15:23:35,083] {subprocess.py:92} INFO - 25/08/18 15:23:35 INFO Executor: Fetching spark://a4b544519f2b:32955/jars/org.apache.spark_spark-token-provider-kafka-0-10_2.12-3.3.1.jar with timestamp 1755530612354
[2025-08-18 15:23:35,085] {subprocess.py:92} INFO - 25/08/18 15:23:35 INFO Utils: Fetching spark://a4b544519f2b:32955/jars/org.apache.spark_spark-token-provider-kafka-0-10_2.12-3.3.1.jar to /tmp/spark-f1cd4aad-bcdb-4bca-8452-2ff3f2c888a7/userFiles-dec18967-964e-4035-8593-adaf32306163/fetchFileTemp12598583342396792718.tmp
[2025-08-18 15:23:35,087] {subprocess.py:92} INFO - 25/08/18 15:23:35 INFO Utils: /tmp/spark-f1cd4aad-bcdb-4bca-8452-2ff3f2c888a7/userFiles-dec18967-964e-4035-8593-adaf32306163/fetchFileTemp12598583342396792718.tmp has been previously copied to /tmp/spark-f1cd4aad-bcdb-4bca-8452-2ff3f2c888a7/userFiles-dec18967-964e-4035-8593-adaf32306163/org.apache.spark_spark-token-provider-kafka-0-10_2.12-3.3.1.jar
[2025-08-18 15:23:35,094] {subprocess.py:92} INFO - 25/08/18 15:23:35 INFO Executor: Adding file:/tmp/spark-f1cd4aad-bcdb-4bca-8452-2ff3f2c888a7/userFiles-dec18967-964e-4035-8593-adaf32306163/org.apache.spark_spark-token-provider-kafka-0-10_2.12-3.3.1.jar to class loader
[2025-08-18 15:23:35,094] {subprocess.py:92} INFO - 25/08/18 15:23:35 INFO Executor: Fetching spark://a4b544519f2b:32955/jars/org.apache.commons_commons-pool2-2.11.1.jar with timestamp 1755530612354
[2025-08-18 15:23:35,096] {subprocess.py:92} INFO - 25/08/18 15:23:35 INFO Utils: Fetching spark://a4b544519f2b:32955/jars/org.apache.commons_commons-pool2-2.11.1.jar to /tmp/spark-f1cd4aad-bcdb-4bca-8452-2ff3f2c888a7/userFiles-dec18967-964e-4035-8593-adaf32306163/fetchFileTemp8656353603493019218.tmp
[2025-08-18 15:23:35,099] {subprocess.py:92} INFO - 25/08/18 15:23:35 INFO Utils: /tmp/spark-f1cd4aad-bcdb-4bca-8452-2ff3f2c888a7/userFiles-dec18967-964e-4035-8593-adaf32306163/fetchFileTemp8656353603493019218.tmp has been previously copied to /tmp/spark-f1cd4aad-bcdb-4bca-8452-2ff3f2c888a7/userFiles-dec18967-964e-4035-8593-adaf32306163/org.apache.commons_commons-pool2-2.11.1.jar
[2025-08-18 15:23:35,104] {subprocess.py:92} INFO - 25/08/18 15:23:35 INFO Executor: Adding file:/tmp/spark-f1cd4aad-bcdb-4bca-8452-2ff3f2c888a7/userFiles-dec18967-964e-4035-8593-adaf32306163/org.apache.commons_commons-pool2-2.11.1.jar to class loader
[2025-08-18 15:23:35,104] {subprocess.py:92} INFO - 25/08/18 15:23:35 INFO Executor: Fetching spark://a4b544519f2b:32955/jars/org.lz4_lz4-java-1.8.0.jar with timestamp 1755530612354
[2025-08-18 15:23:35,105] {subprocess.py:92} INFO - 25/08/18 15:23:35 INFO Utils: Fetching spark://a4b544519f2b:32955/jars/org.lz4_lz4-java-1.8.0.jar to /tmp/spark-f1cd4aad-bcdb-4bca-8452-2ff3f2c888a7/userFiles-dec18967-964e-4035-8593-adaf32306163/fetchFileTemp4855452516006078836.tmp
[2025-08-18 15:23:35,112] {subprocess.py:92} INFO - 25/08/18 15:23:35 INFO Utils: /tmp/spark-f1cd4aad-bcdb-4bca-8452-2ff3f2c888a7/userFiles-dec18967-964e-4035-8593-adaf32306163/fetchFileTemp4855452516006078836.tmp has been previously copied to /tmp/spark-f1cd4aad-bcdb-4bca-8452-2ff3f2c888a7/userFiles-dec18967-964e-4035-8593-adaf32306163/org.lz4_lz4-java-1.8.0.jar
[2025-08-18 15:23:35,119] {subprocess.py:92} INFO - 25/08/18 15:23:35 INFO Executor: Adding file:/tmp/spark-f1cd4aad-bcdb-4bca-8452-2ff3f2c888a7/userFiles-dec18967-964e-4035-8593-adaf32306163/org.lz4_lz4-java-1.8.0.jar to class loader
[2025-08-18 15:23:35,119] {subprocess.py:92} INFO - 25/08/18 15:23:35 INFO Executor: Fetching spark://a4b544519f2b:32955/jars/org.xerial.snappy_snappy-java-1.1.8.4.jar with timestamp 1755530612354
[2025-08-18 15:23:35,120] {subprocess.py:92} INFO - 25/08/18 15:23:35 INFO Utils: Fetching spark://a4b544519f2b:32955/jars/org.xerial.snappy_snappy-java-1.1.8.4.jar to /tmp/spark-f1cd4aad-bcdb-4bca-8452-2ff3f2c888a7/userFiles-dec18967-964e-4035-8593-adaf32306163/fetchFileTemp15736177564494172537.tmp
[2025-08-18 15:23:35,130] {subprocess.py:92} INFO - 25/08/18 15:23:35 INFO Utils: /tmp/spark-f1cd4aad-bcdb-4bca-8452-2ff3f2c888a7/userFiles-dec18967-964e-4035-8593-adaf32306163/fetchFileTemp15736177564494172537.tmp has been previously copied to /tmp/spark-f1cd4aad-bcdb-4bca-8452-2ff3f2c888a7/userFiles-dec18967-964e-4035-8593-adaf32306163/org.xerial.snappy_snappy-java-1.1.8.4.jar
[2025-08-18 15:23:35,135] {subprocess.py:92} INFO - 25/08/18 15:23:35 INFO Executor: Adding file:/tmp/spark-f1cd4aad-bcdb-4bca-8452-2ff3f2c888a7/userFiles-dec18967-964e-4035-8593-adaf32306163/org.xerial.snappy_snappy-java-1.1.8.4.jar to class loader
[2025-08-18 15:23:35,135] {subprocess.py:92} INFO - 25/08/18 15:23:35 INFO Executor: Fetching spark://a4b544519f2b:32955/jars/org.spark-project.spark_unused-1.0.0.jar with timestamp 1755530612354
[2025-08-18 15:23:35,136] {subprocess.py:92} INFO - 25/08/18 15:23:35 INFO Utils: Fetching spark://a4b544519f2b:32955/jars/org.spark-project.spark_unused-1.0.0.jar to /tmp/spark-f1cd4aad-bcdb-4bca-8452-2ff3f2c888a7/userFiles-dec18967-964e-4035-8593-adaf32306163/fetchFileTemp1368415597047919885.tmp
[2025-08-18 15:23:35,138] {subprocess.py:92} INFO - 25/08/18 15:23:35 INFO Utils: /tmp/spark-f1cd4aad-bcdb-4bca-8452-2ff3f2c888a7/userFiles-dec18967-964e-4035-8593-adaf32306163/fetchFileTemp1368415597047919885.tmp has been previously copied to /tmp/spark-f1cd4aad-bcdb-4bca-8452-2ff3f2c888a7/userFiles-dec18967-964e-4035-8593-adaf32306163/org.spark-project.spark_unused-1.0.0.jar
[2025-08-18 15:23:35,144] {subprocess.py:92} INFO - 25/08/18 15:23:35 INFO Executor: Adding file:/tmp/spark-f1cd4aad-bcdb-4bca-8452-2ff3f2c888a7/userFiles-dec18967-964e-4035-8593-adaf32306163/org.spark-project.spark_unused-1.0.0.jar to class loader
[2025-08-18 15:23:35,155] {subprocess.py:92} INFO - 25/08/18 15:23:35 INFO Utils: Successfully started service 'org.apache.spark.network.netty.NettyBlockTransferService' on port 45921.
[2025-08-18 15:23:35,156] {subprocess.py:92} INFO - 25/08/18 15:23:35 INFO NettyBlockTransferService: Server created on a4b544519f2b:45921
[2025-08-18 15:23:35,158] {subprocess.py:92} INFO - 25/08/18 15:23:35 INFO BlockManager: Using org.apache.spark.storage.RandomBlockReplicationPolicy for block replication policy
[2025-08-18 15:23:35,165] {subprocess.py:92} INFO - 25/08/18 15:23:35 INFO BlockManagerMaster: Registering BlockManager BlockManagerId(driver, a4b544519f2b, 45921, None)
[2025-08-18 15:23:35,172] {subprocess.py:92} INFO - 25/08/18 15:23:35 INFO BlockManagerMasterEndpoint: Registering block manager a4b544519f2b:45921 with 434.4 MiB RAM, BlockManagerId(driver, a4b544519f2b, 45921, None)
[2025-08-18 15:23:35,177] {subprocess.py:92} INFO - 25/08/18 15:23:35 INFO BlockManagerMaster: Registered BlockManager BlockManagerId(driver, a4b544519f2b, 45921, None)
[2025-08-18 15:23:35,179] {subprocess.py:92} INFO - 25/08/18 15:23:35 INFO BlockManager: Initialized BlockManager: BlockManagerId(driver, a4b544519f2b, 45921, None)
[2025-08-18 15:23:35,875] {subprocess.py:92} INFO - Connexion à Kafka...
[2025-08-18 15:23:38,424] {subprocess.py:92} INFO - Connexion Kafka réussie (kafka:9092)
[2025-08-18 15:23:38,425] {subprocess.py:92} INFO - Transformation des données JSON...
[2025-08-18 15:23:38,807] {subprocess.py:92} INFO - Démarrage du streaming vers HDFS...
[2025-08-18 15:23:40,016] {subprocess.py:92} INFO - Streaming actif - Données météo sauvegardées dans HDFS:/data/weather
[2025-08-18 15:29:00,071] {base_job.py:229} ERROR - LocalTaskJob heartbeat got an exception
Traceback (most recent call last):
  File "/home/airflow/.local/lib/python3.7/site-packages/sqlalchemy/engine/base.py", line 3141, in _wrap_pool_connect
    return fn()
  File "/home/airflow/.local/lib/python3.7/site-packages/sqlalchemy/pool/base.py", line 301, in connect
    return _ConnectionFairy._checkout(self)
  File "/home/airflow/.local/lib/python3.7/site-packages/sqlalchemy/pool/base.py", line 755, in _checkout
    fairy = _ConnectionRecord.checkout(pool)
  File "/home/airflow/.local/lib/python3.7/site-packages/sqlalchemy/pool/base.py", line 419, in checkout
    rec = pool._do_get()
  File "/home/airflow/.local/lib/python3.7/site-packages/sqlalchemy/pool/impl.py", line 259, in _do_get
    return self._create_connection()
  File "/home/airflow/.local/lib/python3.7/site-packages/sqlalchemy/pool/base.py", line 247, in _create_connection
    return _ConnectionRecord(self)
  File "/home/airflow/.local/lib/python3.7/site-packages/sqlalchemy/pool/base.py", line 362, in __init__
    self.__connect(first_connect_check=True)
  File "/home/airflow/.local/lib/python3.7/site-packages/sqlalchemy/pool/base.py", line 605, in __connect
    pool.logger.debug("Error on connect(): %s", e)
  File "/home/airflow/.local/lib/python3.7/site-packages/sqlalchemy/util/langhelpers.py", line 72, in __exit__
    with_traceback=exc_tb,
  File "/home/airflow/.local/lib/python3.7/site-packages/sqlalchemy/util/compat.py", line 211, in raise_
    raise exception
  File "/home/airflow/.local/lib/python3.7/site-packages/sqlalchemy/pool/base.py", line 599, in __connect
    connection = pool._invoke_creator(self)
  File "/home/airflow/.local/lib/python3.7/site-packages/sqlalchemy/engine/create.py", line 578, in connect
    return dialect.connect(*cargs, **cparams)
  File "/home/airflow/.local/lib/python3.7/site-packages/sqlalchemy/engine/default.py", line 583, in connect
    return self.dbapi.connect(*cargs, **cparams)
  File "/home/airflow/.local/lib/python3.7/site-packages/psycopg2/__init__.py", line 122, in connect
    conn = _connect(dsn, connection_factory=connection_factory, **kwasync)
psycopg2.OperationalError: could not translate host name "postgres" to address: Temporary failure in name resolution


The above exception was the direct cause of the following exception:

Traceback (most recent call last):
  File "/home/airflow/.local/lib/python3.7/site-packages/airflow/jobs/base_job.py", line 225, in heartbeat
    self.heartbeat_callback(session=session)
  File "/home/airflow/.local/lib/python3.7/site-packages/airflow/utils/session.py", line 68, in wrapper
    return func(*args, **kwargs)
  File "/home/airflow/.local/lib/python3.7/site-packages/airflow/jobs/local_task_job.py", line 186, in heartbeat_callback
    self.task_instance.refresh_from_db()
  File "/home/airflow/.local/lib/python3.7/site-packages/airflow/utils/session.py", line 71, in wrapper
    return func(*args, session=session, **kwargs)
  File "/home/airflow/.local/lib/python3.7/site-packages/airflow/models/taskinstance.py", line 873, in refresh_from_db
    ti = qry.first()
  File "/home/airflow/.local/lib/python3.7/site-packages/sqlalchemy/orm/query.py", line 2734, in first
    return self.limit(1)._iter().first()
  File "/home/airflow/.local/lib/python3.7/site-packages/sqlalchemy/orm/query.py", line 2821, in _iter
    execution_options={"_sa_orm_load_options": self.load_options},
  File "/home/airflow/.local/lib/python3.7/site-packages/sqlalchemy/orm/session.py", line 1669, in execute
    conn = self._connection_for_bind(bind, close_with_result=True)
  File "/home/airflow/.local/lib/python3.7/site-packages/sqlalchemy/orm/session.py", line 1520, in _connection_for_bind
    engine, execution_options
  File "/home/airflow/.local/lib/python3.7/site-packages/sqlalchemy/orm/session.py", line 747, in _connection_for_bind
    conn = bind.connect()
  File "/home/airflow/.local/lib/python3.7/site-packages/sqlalchemy/engine/base.py", line 3095, in connect
    return self._connection_cls(self, close_with_result=close_with_result)
  File "/home/airflow/.local/lib/python3.7/site-packages/sqlalchemy/engine/base.py", line 91, in __init__
    else engine.raw_connection()
  File "/home/airflow/.local/lib/python3.7/site-packages/sqlalchemy/engine/base.py", line 3174, in raw_connection
    return self._wrap_pool_connect(self.pool.connect, _connection)
  File "/home/airflow/.local/lib/python3.7/site-packages/sqlalchemy/engine/base.py", line 3145, in _wrap_pool_connect
    e, dialect, self
  File "/home/airflow/.local/lib/python3.7/site-packages/sqlalchemy/engine/base.py", line 2004, in _handle_dbapi_exception_noconnection
    sqlalchemy_exception, with_traceback=exc_info[2], from_=e
  File "/home/airflow/.local/lib/python3.7/site-packages/sqlalchemy/util/compat.py", line 211, in raise_
    raise exception
  File "/home/airflow/.local/lib/python3.7/site-packages/sqlalchemy/engine/base.py", line 3141, in _wrap_pool_connect
    return fn()
  File "/home/airflow/.local/lib/python3.7/site-packages/sqlalchemy/pool/base.py", line 301, in connect
    return _ConnectionFairy._checkout(self)
  File "/home/airflow/.local/lib/python3.7/site-packages/sqlalchemy/pool/base.py", line 755, in _checkout
    fairy = _ConnectionRecord.checkout(pool)
  File "/home/airflow/.local/lib/python3.7/site-packages/sqlalchemy/pool/base.py", line 419, in checkout
    rec = pool._do_get()
  File "/home/airflow/.local/lib/python3.7/site-packages/sqlalchemy/pool/impl.py", line 259, in _do_get
    return self._create_connection()
  File "/home/airflow/.local/lib/python3.7/site-packages/sqlalchemy/pool/base.py", line 247, in _create_connection
    return _ConnectionRecord(self)
  File "/home/airflow/.local/lib/python3.7/site-packages/sqlalchemy/pool/base.py", line 362, in __init__
    self.__connect(first_connect_check=True)
  File "/home/airflow/.local/lib/python3.7/site-packages/sqlalchemy/pool/base.py", line 605, in __connect
    pool.logger.debug("Error on connect(): %s", e)
  File "/home/airflow/.local/lib/python3.7/site-packages/sqlalchemy/util/langhelpers.py", line 72, in __exit__
    with_traceback=exc_tb,
  File "/home/airflow/.local/lib/python3.7/site-packages/sqlalchemy/util/compat.py", line 211, in raise_
    raise exception
  File "/home/airflow/.local/lib/python3.7/site-packages/sqlalchemy/pool/base.py", line 599, in __connect
    connection = pool._invoke_creator(self)
  File "/home/airflow/.local/lib/python3.7/site-packages/sqlalchemy/engine/create.py", line 578, in connect
    return dialect.connect(*cargs, **cparams)
  File "/home/airflow/.local/lib/python3.7/site-packages/sqlalchemy/engine/default.py", line 583, in connect
    return self.dbapi.connect(*cargs, **cparams)
  File "/home/airflow/.local/lib/python3.7/site-packages/psycopg2/__init__.py", line 122, in connect
    conn = _connect(dsn, connection_factory=connection_factory, **kwasync)
sqlalchemy.exc.OperationalError: (psycopg2.OperationalError) could not translate host name "postgres" to address: Temporary failure in name resolution

(Background on this error at: http://sqlalche.me/e/14/e3q8)
[2025-08-18 15:30:18,510] {local_task_job.py:221} WARNING - State of this instance has been externally set to queued. Terminating instance.
[2025-08-18 15:30:18,674] {process_utils.py:129} INFO - Sending Signals.SIGTERM to group 6359. PIDs of all processes in the group: [6360, 6408, 6359]
[2025-08-18 15:30:18,707] {process_utils.py:80} INFO - Sending the signal Signals.SIGTERM to group 6359
[2025-08-18 15:30:18,711] {taskinstance.py:1541} ERROR - Received SIGTERM. Terminating subprocesses.
[2025-08-18 15:30:18,712] {subprocess.py:103} INFO - Sending SIGTERM signal to process group
[2025-08-18 15:30:19,654] {process_utils.py:75} INFO - Process psutil.Process(pid=6408, status='terminated', started='15:23:30') (6408) terminated with exit code None
[2025-08-18 15:30:19,628] {taskinstance.py:1889} ERROR - Task failed with exception
Traceback (most recent call last):
  File "/home/airflow/.local/lib/python3.7/site-packages/airflow/operators/bash.py", line 189, in execute
    cwd=self.cwd,
  File "/home/airflow/.local/lib/python3.7/site-packages/airflow/hooks/subprocess.py", line 90, in run_command
    for raw_line in iter(self.sub_process.stdout.readline, b''):
  File "/home/airflow/.local/lib/python3.7/site-packages/airflow/models/taskinstance.py", line 1543, in signal_handler
    raise AirflowException("Task received SIGTERM signal")
airflow.exceptions.AirflowException: Task received SIGTERM signal
[2025-08-18 15:30:19,706] {taskinstance.py:1400} INFO - Marking task as FAILED. dag_id=send_weather_to_kafka, task_id=stream_hdfs, execution_date=20250818T132248, start_date=20250818T152327, end_date=20250818T153019
[2025-08-18 15:30:20,119] {standard_task_runner.py:97} ERROR - Failed to execute job 294 for task stream_hdfs (Task received SIGTERM signal; 6359)
[2025-08-18 15:30:20,343] {process_utils.py:75} INFO - Process psutil.Process(pid=6359, status='terminated', exitcode=1, started='15:23:26') (6359) terminated with exit code 1
[2025-08-18 15:30:28,998] {process_utils.py:75} INFO - Process psutil.Process(pid=6360, status='terminated', started='15:23:26') (6360) terminated with exit code None
