[2025-08-29 19:18:29,811] {taskinstance.py:1159} INFO - Dependencies all met for <TaskInstance: send_weather_to_kafka.fetch_and_send_weather scheduled__2025-08-29T17:18:28.703256+00:00 [queued]>
[2025-08-29 19:18:29,837] {taskinstance.py:1159} INFO - Dependencies all met for <TaskInstance: send_weather_to_kafka.fetch_and_send_weather scheduled__2025-08-29T17:18:28.703256+00:00 [queued]>
[2025-08-29 19:18:29,837] {taskinstance.py:1356} INFO - 
--------------------------------------------------------------------------------
[2025-08-29 19:18:29,838] {taskinstance.py:1357} INFO - Starting attempt 1 of 2
[2025-08-29 19:18:29,838] {taskinstance.py:1358} INFO - 
--------------------------------------------------------------------------------
[2025-08-29 19:18:29,882] {taskinstance.py:1377} INFO - Executing <Task(BashOperator): fetch_and_send_weather> on 2025-08-29 17:18:28.703256+00:00
[2025-08-29 19:18:29,905] {standard_task_runner.py:52} INFO - Started process 192 to run task
[2025-08-29 19:18:29,918] {standard_task_runner.py:79} INFO - Running: ['***', 'tasks', 'run', 'send_weather_to_kafka', 'fetch_and_send_weather', 'scheduled__2025-08-29T17:18:28.703256+00:00', '--job-id', '353', '--raw', '--subdir', 'DAGS_FOLDER/dag_meteo.py', '--cfg-path', '/tmp/tmpxtll_ae1', '--error-file', '/tmp/tmpqmtdar1t']
[2025-08-29 19:18:29,920] {standard_task_runner.py:80} INFO - Job 353: Subtask fetch_and_send_weather
[2025-08-29 19:18:29,972] {logging_mixin.py:115} WARNING - /home/***/.local/lib/python3.7/site-packages/***/configuration.py:470 DeprecationWarning: The sql_alchemy_conn option in [core] has been moved to the sql_alchemy_conn option in [database] - the old setting has been used, but please update your config.
[2025-08-29 19:18:30,162] {task_command.py:369} INFO - Running <TaskInstance: send_weather_to_kafka.fetch_and_send_weather scheduled__2025-08-29T17:18:28.703256+00:00 [running]> on host a4b544519f2b
[2025-08-29 19:18:30,408] {taskinstance.py:1571} INFO - Exporting the following env vars:
AIRFLOW_CTX_DAG_OWNER=***
AIRFLOW_CTX_DAG_ID=send_weather_to_kafka
AIRFLOW_CTX_TASK_ID=fetch_and_send_weather
AIRFLOW_CTX_EXECUTION_DATE=2025-08-29T17:18:28.703256+00:00
AIRFLOW_CTX_TRY_NUMBER=1
AIRFLOW_CTX_DAG_RUN_ID=scheduled__2025-08-29T17:18:28.703256+00:00
[2025-08-29 19:18:30,410] {subprocess.py:62} INFO - Tmp dir root location: 
 /tmp
[2025-08-29 19:18:30,410] {subprocess.py:74} INFO - Running command: ['bash', '-c', 'cd /opt/***/scripts && python3 kafka/producer.py']
[2025-08-29 19:18:30,429] {subprocess.py:85} INFO - Output:
[2025-08-29 19:18:34,720] {subprocess.py:92} INFO - Traceback (most recent call last):
[2025-08-29 19:18:34,721] {subprocess.py:92} INFO -   File "kafka/producer.py", line 14, in <module>
[2025-08-29 19:18:34,721] {subprocess.py:92} INFO -     value_serializer=lambda v: json.dumps(v).encode('utf-8')
[2025-08-29 19:18:34,721] {subprocess.py:92} INFO -   File "/home/***/.local/lib/python3.7/site-packages/kafka/producer/kafka.py", line 485, in __init__
[2025-08-29 19:18:34,721] {subprocess.py:92} INFO -     **self.config)
[2025-08-29 19:18:34,721] {subprocess.py:92} INFO -   File "/home/***/.local/lib/python3.7/site-packages/kafka/client_async.py", line 262, in __init__
[2025-08-29 19:18:34,721] {subprocess.py:92} INFO -     self.config['api_version'] = self.check_version()
[2025-08-29 19:18:34,721] {subprocess.py:92} INFO -   File "/home/***/.local/lib/python3.7/site-packages/kafka/client_async.py", line 1078, in check_version
[2025-08-29 19:18:34,721] {subprocess.py:92} INFO -     raise Errors.NoBrokersAvailable()
[2025-08-29 19:18:34,721] {subprocess.py:92} INFO - kafka.errors.NoBrokersAvailable: NoBrokersAvailable
[2025-08-29 19:18:34,985] {subprocess.py:96} INFO - Command exited with return code 1
[2025-08-29 19:18:35,103] {taskinstance.py:1889} ERROR - Task failed with exception
Traceback (most recent call last):
  File "/home/airflow/.local/lib/python3.7/site-packages/airflow/operators/bash.py", line 195, in execute
    f'Bash command failed. The command returned a non-zero exit code {result.exit_code}.'
airflow.exceptions.AirflowException: Bash command failed. The command returned a non-zero exit code 1.
[2025-08-29 19:18:35,118] {taskinstance.py:1400} INFO - Marking task as UP_FOR_RETRY. dag_id=send_weather_to_kafka, task_id=fetch_and_send_weather, execution_date=20250829T171828, start_date=20250829T191829, end_date=20250829T191835
[2025-08-29 19:18:35,165] {standard_task_runner.py:97} ERROR - Failed to execute job 353 for task fetch_and_send_weather (Bash command failed. The command returned a non-zero exit code 1.; 192)
[2025-08-29 19:18:35,206] {local_task_job.py:156} INFO - Task exited with return code 1
[2025-08-29 19:18:35,328] {local_task_job.py:273} INFO - 0 downstream tasks scheduled from follow-on schedule check
