[2025-08-17 02:57:07,445] {taskinstance.py:1159} INFO - Dependencies all met for <TaskInstance: send_weather_to_kafka.stream_hdfs scheduled__2025-08-16T23:33:07.429820+00:00 [queued]>
[2025-08-17 02:57:07,462] {taskinstance.py:1159} INFO - Dependencies all met for <TaskInstance: send_weather_to_kafka.stream_hdfs scheduled__2025-08-16T23:33:07.429820+00:00 [queued]>
[2025-08-17 02:57:07,462] {taskinstance.py:1356} INFO - 
--------------------------------------------------------------------------------
[2025-08-17 02:57:07,462] {taskinstance.py:1357} INFO - Starting attempt 3 of 2
[2025-08-17 02:57:07,462] {taskinstance.py:1358} INFO - 
--------------------------------------------------------------------------------
[2025-08-17 02:57:07,488] {taskinstance.py:1377} INFO - Executing <Task(BashOperator): stream_hdfs> on 2025-08-16 23:33:07.429820+00:00
[2025-08-17 02:57:07,496] {standard_task_runner.py:52} INFO - Started process 20531 to run task
[2025-08-17 02:57:07,500] {standard_task_runner.py:79} INFO - Running: ['***', 'tasks', 'run', 'send_weather_to_kafka', 'stream_hdfs', 'scheduled__2025-08-16T23:33:07.429820+00:00', '--job-id', '243', '--raw', '--subdir', 'DAGS_FOLDER/dag_meteo.py', '--cfg-path', '/tmp/tmpa83rvfe4', '--error-file', '/tmp/tmpy7fial2p']
[2025-08-17 02:57:07,501] {standard_task_runner.py:80} INFO - Job 243: Subtask stream_hdfs
[2025-08-17 02:57:07,525] {logging_mixin.py:115} WARNING - /home/***/.local/lib/python3.7/site-packages/***/configuration.py:470 DeprecationWarning: The sql_alchemy_conn option in [core] has been moved to the sql_alchemy_conn option in [database] - the old setting has been used, but please update your config.
[2025-08-17 02:57:07,586] {task_command.py:369} INFO - Running <TaskInstance: send_weather_to_kafka.stream_hdfs scheduled__2025-08-16T23:33:07.429820+00:00 [running]> on host a4b544519f2b
[2025-08-17 02:57:07,685] {taskinstance.py:1571} INFO - Exporting the following env vars:
AIRFLOW_CTX_DAG_OWNER=***
AIRFLOW_CTX_DAG_ID=send_weather_to_kafka
AIRFLOW_CTX_TASK_ID=stream_hdfs
AIRFLOW_CTX_EXECUTION_DATE=2025-08-16T23:33:07.429820+00:00
AIRFLOW_CTX_TRY_NUMBER=3
AIRFLOW_CTX_DAG_RUN_ID=scheduled__2025-08-16T23:33:07.429820+00:00
[2025-08-17 02:57:07,686] {subprocess.py:62} INFO - Tmp dir root location: 
 /tmp
[2025-08-17 02:57:07,686] {subprocess.py:74} INFO - Running command: ['bash', '-c', '\n/home/***/.local/bin/spark-submit   --master local[*]   --conf spark.hadoop.fs.defaultFS=hdfs://namenode:9000   --conf spark.hadoop.dfs.client.use.datanode.hostname=true   --conf spark.sql.adaptive.enabled=false   --packages org.apache.spark:spark-sql-kafka-0-10_2.12:3.3.1   /opt/***/scripts/pyspark/streaming.py']
[2025-08-17 02:57:07,701] {subprocess.py:85} INFO - Output:
[2025-08-17 02:57:07,720] {subprocess.py:92} INFO - /opt/spark-3.3.1-bin-hadoop3/bin/load-spark-env.sh: line 68: ps: command not found
[2025-08-17 02:57:09,589] {subprocess.py:92} INFO - :: loading settings :: url = jar:file:/opt/spark-3.3.1-bin-hadoop3/jars/ivy-2.5.0.jar!/org/apache/ivy/core/settings/ivysettings.xml
[2025-08-17 02:57:09,652] {subprocess.py:92} INFO - Ivy Default Cache set to: /home/***/.ivy2/cache
[2025-08-17 02:57:09,652] {subprocess.py:92} INFO - The jars for the packages stored in: /home/***/.ivy2/jars
[2025-08-17 02:57:09,655] {subprocess.py:92} INFO - org.apache.spark#spark-sql-kafka-0-10_2.12 added as a dependency
[2025-08-17 02:57:09,656] {subprocess.py:92} INFO - :: resolving dependencies :: org.apache.spark#spark-submit-parent-c8cf2e7a-4d9d-4fda-abfe-d6d63cf22a07;1.0
[2025-08-17 02:57:09,656] {subprocess.py:92} INFO - 	confs: [default]
[2025-08-17 02:57:09,792] {subprocess.py:92} INFO - 	found org.apache.spark#spark-sql-kafka-0-10_2.12;3.3.1 in spark-list
[2025-08-17 02:57:09,845] {subprocess.py:92} INFO - 	found org.apache.spark#spark-token-provider-kafka-0-10_2.12;3.3.1 in central
[2025-08-17 02:57:09,872] {subprocess.py:92} INFO - 	found org.apache.kafka#kafka-clients;2.8.1 in central
[2025-08-17 02:57:09,897] {subprocess.py:92} INFO - 	found org.lz4#lz4-java;1.8.0 in spark-list
[2025-08-17 02:57:09,919] {subprocess.py:92} INFO - 	found org.xerial.snappy#snappy-java;1.1.8.4 in central
[2025-08-17 02:57:09,940] {subprocess.py:92} INFO - 	found org.slf4j#slf4j-api;1.7.32 in central
[2025-08-17 02:57:09,966] {subprocess.py:92} INFO - 	found org.apache.hadoop#hadoop-client-runtime;3.3.2 in central
[2025-08-17 02:57:09,980] {subprocess.py:92} INFO - 	found org.spark-project.spark#unused;1.0.0 in central
[2025-08-17 02:57:10,007] {subprocess.py:92} INFO - 	found org.apache.hadoop#hadoop-client-api;3.3.2 in central
[2025-08-17 02:57:10,028] {subprocess.py:92} INFO - 	found commons-logging#commons-logging;1.1.3 in central
[2025-08-17 02:57:10,042] {subprocess.py:92} INFO - 	found com.google.code.findbugs#jsr305;3.0.0 in central
[2025-08-17 02:57:10,056] {subprocess.py:92} INFO - 	found org.apache.commons#commons-pool2;2.11.1 in central
[2025-08-17 02:57:10,082] {subprocess.py:92} INFO - :: resolution report :: resolve 412ms :: artifacts dl 14ms
[2025-08-17 02:57:10,082] {subprocess.py:92} INFO - 	:: modules in use:
[2025-08-17 02:57:10,082] {subprocess.py:92} INFO - 	com.google.code.findbugs#jsr305;3.0.0 from central in [default]
[2025-08-17 02:57:10,082] {subprocess.py:92} INFO - 	commons-logging#commons-logging;1.1.3 from central in [default]
[2025-08-17 02:57:10,082] {subprocess.py:92} INFO - 	org.apache.commons#commons-pool2;2.11.1 from central in [default]
[2025-08-17 02:57:10,083] {subprocess.py:92} INFO - 	org.apache.hadoop#hadoop-client-api;3.3.2 from central in [default]
[2025-08-17 02:57:10,083] {subprocess.py:92} INFO - 	org.apache.hadoop#hadoop-client-runtime;3.3.2 from central in [default]
[2025-08-17 02:57:10,083] {subprocess.py:92} INFO - 	org.apache.kafka#kafka-clients;2.8.1 from central in [default]
[2025-08-17 02:57:10,083] {subprocess.py:92} INFO - 	org.apache.spark#spark-sql-kafka-0-10_2.12;3.3.1 from spark-list in [default]
[2025-08-17 02:57:10,083] {subprocess.py:92} INFO - 	org.apache.spark#spark-token-provider-kafka-0-10_2.12;3.3.1 from central in [default]
[2025-08-17 02:57:10,083] {subprocess.py:92} INFO - 	org.lz4#lz4-java;1.8.0 from spark-list in [default]
[2025-08-17 02:57:10,083] {subprocess.py:92} INFO - 	org.slf4j#slf4j-api;1.7.32 from central in [default]
[2025-08-17 02:57:10,083] {subprocess.py:92} INFO - 	org.spark-project.spark#unused;1.0.0 from central in [default]
[2025-08-17 02:57:10,083] {subprocess.py:92} INFO - 	org.xerial.snappy#snappy-java;1.1.8.4 from central in [default]
[2025-08-17 02:57:10,083] {subprocess.py:92} INFO - 	---------------------------------------------------------------------
[2025-08-17 02:57:10,083] {subprocess.py:92} INFO - 	|                  |            modules            ||   artifacts   |
[2025-08-17 02:57:10,083] {subprocess.py:92} INFO - 	|       conf       | number| search|dwnlded|evicted|| number|dwnlded|
[2025-08-17 02:57:10,083] {subprocess.py:92} INFO - 	---------------------------------------------------------------------
[2025-08-17 02:57:10,083] {subprocess.py:92} INFO - 	|      default     |   12  |   0   |   0   |   0   ||   12  |   0   |
[2025-08-17 02:57:10,083] {subprocess.py:92} INFO - 	---------------------------------------------------------------------
[2025-08-17 02:57:10,090] {subprocess.py:92} INFO - :: retrieving :: org.apache.spark#spark-submit-parent-c8cf2e7a-4d9d-4fda-abfe-d6d63cf22a07
[2025-08-17 02:57:10,090] {subprocess.py:92} INFO - 	confs: [default]
[2025-08-17 02:57:10,098] {subprocess.py:92} INFO - 	0 artifacts copied, 12 already retrieved (0kB/8ms)
[2025-08-17 02:57:10,275] {subprocess.py:92} INFO - 25/08/17 02:57:10 WARN NativeCodeLoader: Unable to load native-hadoop library for your platform... using builtin-java classes where applicable
[2025-08-17 02:57:11,135] {subprocess.py:92} INFO - 25/08/17 02:57:11 INFO SparkContext: Running Spark version 3.3.1
[2025-08-17 02:57:11,149] {subprocess.py:92} INFO - 25/08/17 02:57:11 INFO ResourceUtils: ==============================================================
[2025-08-17 02:57:11,149] {subprocess.py:92} INFO - 25/08/17 02:57:11 INFO ResourceUtils: No custom resources configured for spark.driver.
[2025-08-17 02:57:11,149] {subprocess.py:92} INFO - 25/08/17 02:57:11 INFO ResourceUtils: ==============================================================
[2025-08-17 02:57:11,149] {subprocess.py:92} INFO - 25/08/17 02:57:11 INFO SparkContext: Submitted application: KafkaToHDFSWeather
[2025-08-17 02:57:11,165] {subprocess.py:92} INFO - 25/08/17 02:57:11 INFO ResourceProfile: Default ResourceProfile created, executor resources: Map(cores -> name: cores, amount: 1, script: , vendor: , memory -> name: memory, amount: 1024, script: , vendor: , offHeap -> name: offHeap, amount: 0, script: , vendor: ), task resources: Map(cpus -> name: cpus, amount: 1.0)
[2025-08-17 02:57:11,172] {subprocess.py:92} INFO - 25/08/17 02:57:11 INFO ResourceProfile: Limiting resource is cpu
[2025-08-17 02:57:11,173] {subprocess.py:92} INFO - 25/08/17 02:57:11 INFO ResourceProfileManager: Added ResourceProfile id: 0
[2025-08-17 02:57:11,231] {subprocess.py:92} INFO - 25/08/17 02:57:11 INFO SecurityManager: Changing view acls to: ***
[2025-08-17 02:57:11,232] {subprocess.py:92} INFO - 25/08/17 02:57:11 INFO SecurityManager: Changing modify acls to: ***
[2025-08-17 02:57:11,232] {subprocess.py:92} INFO - 25/08/17 02:57:11 INFO SecurityManager: Changing view acls groups to:
[2025-08-17 02:57:11,233] {subprocess.py:92} INFO - 25/08/17 02:57:11 INFO SecurityManager: Changing modify acls groups to:
[2025-08-17 02:57:11,233] {subprocess.py:92} INFO - 25/08/17 02:57:11 INFO SecurityManager: SecurityManager: authentication disabled; ui acls disabled; users  with view permissions: Set(***); groups with view permissions: Set(); users  with modify permissions: Set(***); groups with modify permissions: Set()
[2025-08-17 02:57:11,453] {subprocess.py:92} INFO - 25/08/17 02:57:11 INFO Utils: Successfully started service 'sparkDriver' on port 37305.
[2025-08-17 02:57:11,479] {subprocess.py:92} INFO - 25/08/17 02:57:11 INFO SparkEnv: Registering MapOutputTracker
[2025-08-17 02:57:11,501] {subprocess.py:92} INFO - 25/08/17 02:57:11 INFO SparkEnv: Registering BlockManagerMaster
[2025-08-17 02:57:11,513] {subprocess.py:92} INFO - 25/08/17 02:57:11 INFO BlockManagerMasterEndpoint: Using org.apache.spark.storage.DefaultTopologyMapper for getting topology information
[2025-08-17 02:57:11,513] {subprocess.py:92} INFO - 25/08/17 02:57:11 INFO BlockManagerMasterEndpoint: BlockManagerMasterEndpoint up
[2025-08-17 02:57:11,516] {subprocess.py:92} INFO - 25/08/17 02:57:11 INFO SparkEnv: Registering BlockManagerMasterHeartbeat
[2025-08-17 02:57:11,531] {subprocess.py:92} INFO - 25/08/17 02:57:11 INFO DiskBlockManager: Created local directory at /tmp/blockmgr-35276bd4-ffba-4bff-8b9a-5b080f37a4c8
[2025-08-17 02:57:11,541] {subprocess.py:92} INFO - 25/08/17 02:57:11 INFO MemoryStore: MemoryStore started with capacity 434.4 MiB
[2025-08-17 02:57:11,551] {subprocess.py:92} INFO - 25/08/17 02:57:11 INFO SparkEnv: Registering OutputCommitCoordinator
[2025-08-17 02:57:11,700] {subprocess.py:92} INFO - 25/08/17 02:57:11 INFO Utils: Successfully started service 'SparkUI' on port 4040.
[2025-08-17 02:57:11,733] {subprocess.py:92} INFO - 25/08/17 02:57:11 INFO SparkContext: Added JAR file:///home/***/.ivy2/jars/org.apache.spark_spark-sql-kafka-0-10_2.12-3.3.1.jar at spark://a4b544519f2b:37305/jars/org.apache.spark_spark-sql-kafka-0-10_2.12-3.3.1.jar with timestamp 1755399431129
[2025-08-17 02:57:11,733] {subprocess.py:92} INFO - 25/08/17 02:57:11 INFO SparkContext: Added JAR file:///home/***/.ivy2/jars/org.apache.spark_spark-token-provider-kafka-0-10_2.12-3.3.1.jar at spark://a4b544519f2b:37305/jars/org.apache.spark_spark-token-provider-kafka-0-10_2.12-3.3.1.jar with timestamp 1755399431129
[2025-08-17 02:57:11,733] {subprocess.py:92} INFO - 25/08/17 02:57:11 INFO SparkContext: Added JAR file:///home/***/.ivy2/jars/org.apache.kafka_kafka-clients-2.8.1.jar at spark://a4b544519f2b:37305/jars/org.apache.kafka_kafka-clients-2.8.1.jar with timestamp 1755399431129
[2025-08-17 02:57:11,733] {subprocess.py:92} INFO - 25/08/17 02:57:11 INFO SparkContext: Added JAR file:///home/***/.ivy2/jars/com.google.code.findbugs_jsr305-3.0.0.jar at spark://a4b544519f2b:37305/jars/com.google.code.findbugs_jsr305-3.0.0.jar with timestamp 1755399431129
[2025-08-17 02:57:11,734] {subprocess.py:92} INFO - 25/08/17 02:57:11 INFO SparkContext: Added JAR file:///home/***/.ivy2/jars/org.apache.commons_commons-pool2-2.11.1.jar at spark://a4b544519f2b:37305/jars/org.apache.commons_commons-pool2-2.11.1.jar with timestamp 1755399431129
[2025-08-17 02:57:11,734] {subprocess.py:92} INFO - 25/08/17 02:57:11 INFO SparkContext: Added JAR file:///home/***/.ivy2/jars/org.spark-project.spark_unused-1.0.0.jar at spark://a4b544519f2b:37305/jars/org.spark-project.spark_unused-1.0.0.jar with timestamp 1755399431129
[2025-08-17 02:57:11,734] {subprocess.py:92} INFO - 25/08/17 02:57:11 INFO SparkContext: Added JAR file:///home/***/.ivy2/jars/org.apache.hadoop_hadoop-client-runtime-3.3.2.jar at spark://a4b544519f2b:37305/jars/org.apache.hadoop_hadoop-client-runtime-3.3.2.jar with timestamp 1755399431129
[2025-08-17 02:57:11,734] {subprocess.py:92} INFO - 25/08/17 02:57:11 INFO SparkContext: Added JAR file:///home/***/.ivy2/jars/org.lz4_lz4-java-1.8.0.jar at spark://a4b544519f2b:37305/jars/org.lz4_lz4-java-1.8.0.jar with timestamp 1755399431129
[2025-08-17 02:57:11,734] {subprocess.py:92} INFO - 25/08/17 02:57:11 INFO SparkContext: Added JAR file:///home/***/.ivy2/jars/org.xerial.snappy_snappy-java-1.1.8.4.jar at spark://a4b544519f2b:37305/jars/org.xerial.snappy_snappy-java-1.1.8.4.jar with timestamp 1755399431129
[2025-08-17 02:57:11,734] {subprocess.py:92} INFO - 25/08/17 02:57:11 INFO SparkContext: Added JAR file:///home/***/.ivy2/jars/org.slf4j_slf4j-api-1.7.32.jar at spark://a4b544519f2b:37305/jars/org.slf4j_slf4j-api-1.7.32.jar with timestamp 1755399431129
[2025-08-17 02:57:11,735] {subprocess.py:92} INFO - 25/08/17 02:57:11 INFO SparkContext: Added JAR file:///home/***/.ivy2/jars/org.apache.hadoop_hadoop-client-api-3.3.2.jar at spark://a4b544519f2b:37305/jars/org.apache.hadoop_hadoop-client-api-3.3.2.jar with timestamp 1755399431129
[2025-08-17 02:57:11,735] {subprocess.py:92} INFO - 25/08/17 02:57:11 INFO SparkContext: Added JAR file:///home/***/.ivy2/jars/commons-logging_commons-logging-1.1.3.jar at spark://a4b544519f2b:37305/jars/commons-logging_commons-logging-1.1.3.jar with timestamp 1755399431129
[2025-08-17 02:57:11,737] {subprocess.py:92} INFO - 25/08/17 02:57:11 INFO SparkContext: Added file file:///home/***/.ivy2/jars/org.apache.spark_spark-sql-kafka-0-10_2.12-3.3.1.jar at file:///home/***/.ivy2/jars/org.apache.spark_spark-sql-kafka-0-10_2.12-3.3.1.jar with timestamp 1755399431129
[2025-08-17 02:57:11,738] {subprocess.py:92} INFO - 25/08/17 02:57:11 INFO Utils: Copying /home/***/.ivy2/jars/org.apache.spark_spark-sql-kafka-0-10_2.12-3.3.1.jar to /tmp/spark-6b247ebc-994b-40e1-a8a2-aec879b4788c/userFiles-e6b5b20c-d7e2-4964-901b-888130175381/org.apache.spark_spark-sql-kafka-0-10_2.12-3.3.1.jar
[2025-08-17 02:57:11,749] {subprocess.py:92} INFO - 25/08/17 02:57:11 INFO SparkContext: Added file file:///home/***/.ivy2/jars/org.apache.spark_spark-token-provider-kafka-0-10_2.12-3.3.1.jar at file:///home/***/.ivy2/jars/org.apache.spark_spark-token-provider-kafka-0-10_2.12-3.3.1.jar with timestamp 1755399431129
[2025-08-17 02:57:11,750] {subprocess.py:92} INFO - 25/08/17 02:57:11 INFO Utils: Copying /home/***/.ivy2/jars/org.apache.spark_spark-token-provider-kafka-0-10_2.12-3.3.1.jar to /tmp/spark-6b247ebc-994b-40e1-a8a2-aec879b4788c/userFiles-e6b5b20c-d7e2-4964-901b-888130175381/org.apache.spark_spark-token-provider-kafka-0-10_2.12-3.3.1.jar
[2025-08-17 02:57:11,754] {subprocess.py:92} INFO - 25/08/17 02:57:11 INFO SparkContext: Added file file:///home/***/.ivy2/jars/org.apache.kafka_kafka-clients-2.8.1.jar at file:///home/***/.ivy2/jars/org.apache.kafka_kafka-clients-2.8.1.jar with timestamp 1755399431129
[2025-08-17 02:57:11,754] {subprocess.py:92} INFO - 25/08/17 02:57:11 INFO Utils: Copying /home/***/.ivy2/jars/org.apache.kafka_kafka-clients-2.8.1.jar to /tmp/spark-6b247ebc-994b-40e1-a8a2-aec879b4788c/userFiles-e6b5b20c-d7e2-4964-901b-888130175381/org.apache.kafka_kafka-clients-2.8.1.jar
[2025-08-17 02:57:11,765] {subprocess.py:92} INFO - 25/08/17 02:57:11 INFO SparkContext: Added file file:///home/***/.ivy2/jars/com.google.code.findbugs_jsr305-3.0.0.jar at file:///home/***/.ivy2/jars/com.google.code.findbugs_jsr305-3.0.0.jar with timestamp 1755399431129
[2025-08-17 02:57:11,765] {subprocess.py:92} INFO - 25/08/17 02:57:11 INFO Utils: Copying /home/***/.ivy2/jars/com.google.code.findbugs_jsr305-3.0.0.jar to /tmp/spark-6b247ebc-994b-40e1-a8a2-aec879b4788c/userFiles-e6b5b20c-d7e2-4964-901b-888130175381/com.google.code.findbugs_jsr305-3.0.0.jar
[2025-08-17 02:57:11,769] {subprocess.py:92} INFO - 25/08/17 02:57:11 INFO SparkContext: Added file file:///home/***/.ivy2/jars/org.apache.commons_commons-pool2-2.11.1.jar at file:///home/***/.ivy2/jars/org.apache.commons_commons-pool2-2.11.1.jar with timestamp 1755399431129
[2025-08-17 02:57:11,769] {subprocess.py:92} INFO - 25/08/17 02:57:11 INFO Utils: Copying /home/***/.ivy2/jars/org.apache.commons_commons-pool2-2.11.1.jar to /tmp/spark-6b247ebc-994b-40e1-a8a2-aec879b4788c/userFiles-e6b5b20c-d7e2-4964-901b-888130175381/org.apache.commons_commons-pool2-2.11.1.jar
[2025-08-17 02:57:11,773] {subprocess.py:92} INFO - 25/08/17 02:57:11 INFO SparkContext: Added file file:///home/***/.ivy2/jars/org.spark-project.spark_unused-1.0.0.jar at file:///home/***/.ivy2/jars/org.spark-project.spark_unused-1.0.0.jar with timestamp 1755399431129
[2025-08-17 02:57:11,773] {subprocess.py:92} INFO - 25/08/17 02:57:11 INFO Utils: Copying /home/***/.ivy2/jars/org.spark-project.spark_unused-1.0.0.jar to /tmp/spark-6b247ebc-994b-40e1-a8a2-aec879b4788c/userFiles-e6b5b20c-d7e2-4964-901b-888130175381/org.spark-project.spark_unused-1.0.0.jar
[2025-08-17 02:57:11,777] {subprocess.py:92} INFO - 25/08/17 02:57:11 INFO SparkContext: Added file file:///home/***/.ivy2/jars/org.apache.hadoop_hadoop-client-runtime-3.3.2.jar at file:///home/***/.ivy2/jars/org.apache.hadoop_hadoop-client-runtime-3.3.2.jar with timestamp 1755399431129
[2025-08-17 02:57:11,777] {subprocess.py:92} INFO - 25/08/17 02:57:11 INFO Utils: Copying /home/***/.ivy2/jars/org.apache.hadoop_hadoop-client-runtime-3.3.2.jar to /tmp/spark-6b247ebc-994b-40e1-a8a2-aec879b4788c/userFiles-e6b5b20c-d7e2-4964-901b-888130175381/org.apache.hadoop_hadoop-client-runtime-3.3.2.jar
[2025-08-17 02:57:11,812] {subprocess.py:92} INFO - 25/08/17 02:57:11 INFO SparkContext: Added file file:///home/***/.ivy2/jars/org.lz4_lz4-java-1.8.0.jar at file:///home/***/.ivy2/jars/org.lz4_lz4-java-1.8.0.jar with timestamp 1755399431129
[2025-08-17 02:57:11,813] {subprocess.py:92} INFO - 25/08/17 02:57:11 INFO Utils: Copying /home/***/.ivy2/jars/org.lz4_lz4-java-1.8.0.jar to /tmp/spark-6b247ebc-994b-40e1-a8a2-aec879b4788c/userFiles-e6b5b20c-d7e2-4964-901b-888130175381/org.lz4_lz4-java-1.8.0.jar
[2025-08-17 02:57:11,817] {subprocess.py:92} INFO - 25/08/17 02:57:11 INFO SparkContext: Added file file:///home/***/.ivy2/jars/org.xerial.snappy_snappy-java-1.1.8.4.jar at file:///home/***/.ivy2/jars/org.xerial.snappy_snappy-java-1.1.8.4.jar with timestamp 1755399431129
[2025-08-17 02:57:11,817] {subprocess.py:92} INFO - 25/08/17 02:57:11 INFO Utils: Copying /home/***/.ivy2/jars/org.xerial.snappy_snappy-java-1.1.8.4.jar to /tmp/spark-6b247ebc-994b-40e1-a8a2-aec879b4788c/userFiles-e6b5b20c-d7e2-4964-901b-888130175381/org.xerial.snappy_snappy-java-1.1.8.4.jar
[2025-08-17 02:57:11,823] {subprocess.py:92} INFO - 25/08/17 02:57:11 INFO SparkContext: Added file file:///home/***/.ivy2/jars/org.slf4j_slf4j-api-1.7.32.jar at file:///home/***/.ivy2/jars/org.slf4j_slf4j-api-1.7.32.jar with timestamp 1755399431129
[2025-08-17 02:57:11,823] {subprocess.py:92} INFO - 25/08/17 02:57:11 INFO Utils: Copying /home/***/.ivy2/jars/org.slf4j_slf4j-api-1.7.32.jar to /tmp/spark-6b247ebc-994b-40e1-a8a2-aec879b4788c/userFiles-e6b5b20c-d7e2-4964-901b-888130175381/org.slf4j_slf4j-api-1.7.32.jar
[2025-08-17 02:57:11,826] {subprocess.py:92} INFO - 25/08/17 02:57:11 INFO SparkContext: Added file file:///home/***/.ivy2/jars/org.apache.hadoop_hadoop-client-api-3.3.2.jar at file:///home/***/.ivy2/jars/org.apache.hadoop_hadoop-client-api-3.3.2.jar with timestamp 1755399431129
[2025-08-17 02:57:11,826] {subprocess.py:92} INFO - 25/08/17 02:57:11 INFO Utils: Copying /home/***/.ivy2/jars/org.apache.hadoop_hadoop-client-api-3.3.2.jar to /tmp/spark-6b247ebc-994b-40e1-a8a2-aec879b4788c/userFiles-e6b5b20c-d7e2-4964-901b-888130175381/org.apache.hadoop_hadoop-client-api-3.3.2.jar
[2025-08-17 02:57:11,849] {subprocess.py:92} INFO - 25/08/17 02:57:11 INFO SparkContext: Added file file:///home/***/.ivy2/jars/commons-logging_commons-logging-1.1.3.jar at file:///home/***/.ivy2/jars/commons-logging_commons-logging-1.1.3.jar with timestamp 1755399431129
[2025-08-17 02:57:11,849] {subprocess.py:92} INFO - 25/08/17 02:57:11 INFO Utils: Copying /home/***/.ivy2/jars/commons-logging_commons-logging-1.1.3.jar to /tmp/spark-6b247ebc-994b-40e1-a8a2-aec879b4788c/userFiles-e6b5b20c-d7e2-4964-901b-888130175381/commons-logging_commons-logging-1.1.3.jar
[2025-08-17 02:57:11,893] {subprocess.py:92} INFO - 25/08/17 02:57:11 INFO Executor: Starting executor ID driver on host a4b544519f2b
[2025-08-17 02:57:11,896] {subprocess.py:92} INFO - 25/08/17 02:57:11 INFO Executor: Starting executor with user classpath (userClassPathFirst = false): ''
[2025-08-17 02:57:11,904] {subprocess.py:92} INFO - 25/08/17 02:57:11 INFO Executor: Fetching file:///home/***/.ivy2/jars/commons-logging_commons-logging-1.1.3.jar with timestamp 1755399431129
[2025-08-17 02:57:11,915] {subprocess.py:92} INFO - 25/08/17 02:57:11 INFO Utils: /home/***/.ivy2/jars/commons-logging_commons-logging-1.1.3.jar has been previously copied to /tmp/spark-6b247ebc-994b-40e1-a8a2-aec879b4788c/userFiles-e6b5b20c-d7e2-4964-901b-888130175381/commons-logging_commons-logging-1.1.3.jar
[2025-08-17 02:57:11,919] {subprocess.py:92} INFO - 25/08/17 02:57:11 INFO Executor: Fetching file:///home/***/.ivy2/jars/org.spark-project.spark_unused-1.0.0.jar with timestamp 1755399431129
[2025-08-17 02:57:11,919] {subprocess.py:92} INFO - 25/08/17 02:57:11 INFO Utils: /home/***/.ivy2/jars/org.spark-project.spark_unused-1.0.0.jar has been previously copied to /tmp/spark-6b247ebc-994b-40e1-a8a2-aec879b4788c/userFiles-e6b5b20c-d7e2-4964-901b-888130175381/org.spark-project.spark_unused-1.0.0.jar
[2025-08-17 02:57:11,922] {subprocess.py:92} INFO - 25/08/17 02:57:11 INFO Executor: Fetching file:///home/***/.ivy2/jars/org.apache.spark_spark-sql-kafka-0-10_2.12-3.3.1.jar with timestamp 1755399431129
[2025-08-17 02:57:11,925] {subprocess.py:92} INFO - 25/08/17 02:57:11 INFO Utils: /home/***/.ivy2/jars/org.apache.spark_spark-sql-kafka-0-10_2.12-3.3.1.jar has been previously copied to /tmp/spark-6b247ebc-994b-40e1-a8a2-aec879b4788c/userFiles-e6b5b20c-d7e2-4964-901b-888130175381/org.apache.spark_spark-sql-kafka-0-10_2.12-3.3.1.jar
[2025-08-17 02:57:11,928] {subprocess.py:92} INFO - 25/08/17 02:57:11 INFO Executor: Fetching file:///home/***/.ivy2/jars/org.apache.hadoop_hadoop-client-api-3.3.2.jar with timestamp 1755399431129
[2025-08-17 02:57:11,937] {subprocess.py:92} INFO - 25/08/17 02:57:11 INFO Utils: /home/***/.ivy2/jars/org.apache.hadoop_hadoop-client-api-3.3.2.jar has been previously copied to /tmp/spark-6b247ebc-994b-40e1-a8a2-aec879b4788c/userFiles-e6b5b20c-d7e2-4964-901b-888130175381/org.apache.hadoop_hadoop-client-api-3.3.2.jar
[2025-08-17 02:57:11,940] {subprocess.py:92} INFO - 25/08/17 02:57:11 INFO Executor: Fetching file:///home/***/.ivy2/jars/org.apache.hadoop_hadoop-client-runtime-3.3.2.jar with timestamp 1755399431129
[2025-08-17 02:57:11,954] {subprocess.py:92} INFO - 25/08/17 02:57:11 INFO Utils: /home/***/.ivy2/jars/org.apache.hadoop_hadoop-client-runtime-3.3.2.jar has been previously copied to /tmp/spark-6b247ebc-994b-40e1-a8a2-aec879b4788c/userFiles-e6b5b20c-d7e2-4964-901b-888130175381/org.apache.hadoop_hadoop-client-runtime-3.3.2.jar
[2025-08-17 02:57:11,957] {subprocess.py:92} INFO - 25/08/17 02:57:11 INFO Executor: Fetching file:///home/***/.ivy2/jars/org.slf4j_slf4j-api-1.7.32.jar with timestamp 1755399431129
[2025-08-17 02:57:11,957] {subprocess.py:92} INFO - 25/08/17 02:57:11 INFO Utils: /home/***/.ivy2/jars/org.slf4j_slf4j-api-1.7.32.jar has been previously copied to /tmp/spark-6b247ebc-994b-40e1-a8a2-aec879b4788c/userFiles-e6b5b20c-d7e2-4964-901b-888130175381/org.slf4j_slf4j-api-1.7.32.jar
[2025-08-17 02:57:11,961] {subprocess.py:92} INFO - 25/08/17 02:57:11 INFO Executor: Fetching file:///home/***/.ivy2/jars/org.lz4_lz4-java-1.8.0.jar with timestamp 1755399431129
[2025-08-17 02:57:11,961] {subprocess.py:92} INFO - 25/08/17 02:57:11 INFO Utils: /home/***/.ivy2/jars/org.lz4_lz4-java-1.8.0.jar has been previously copied to /tmp/spark-6b247ebc-994b-40e1-a8a2-aec879b4788c/userFiles-e6b5b20c-d7e2-4964-901b-888130175381/org.lz4_lz4-java-1.8.0.jar
[2025-08-17 02:57:11,965] {subprocess.py:92} INFO - 25/08/17 02:57:11 INFO Executor: Fetching file:///home/***/.ivy2/jars/org.apache.commons_commons-pool2-2.11.1.jar with timestamp 1755399431129
[2025-08-17 02:57:11,966] {subprocess.py:92} INFO - 25/08/17 02:57:11 INFO Utils: /home/***/.ivy2/jars/org.apache.commons_commons-pool2-2.11.1.jar has been previously copied to /tmp/spark-6b247ebc-994b-40e1-a8a2-aec879b4788c/userFiles-e6b5b20c-d7e2-4964-901b-888130175381/org.apache.commons_commons-pool2-2.11.1.jar
[2025-08-17 02:57:11,969] {subprocess.py:92} INFO - 25/08/17 02:57:11 INFO Executor: Fetching file:///home/***/.ivy2/jars/com.google.code.findbugs_jsr305-3.0.0.jar with timestamp 1755399431129
[2025-08-17 02:57:11,969] {subprocess.py:92} INFO - 25/08/17 02:57:11 INFO Utils: /home/***/.ivy2/jars/com.google.code.findbugs_jsr305-3.0.0.jar has been previously copied to /tmp/spark-6b247ebc-994b-40e1-a8a2-aec879b4788c/userFiles-e6b5b20c-d7e2-4964-901b-888130175381/com.google.code.findbugs_jsr305-3.0.0.jar
[2025-08-17 02:57:11,972] {subprocess.py:92} INFO - 25/08/17 02:57:11 INFO Executor: Fetching file:///home/***/.ivy2/jars/org.apache.spark_spark-token-provider-kafka-0-10_2.12-3.3.1.jar with timestamp 1755399431129
[2025-08-17 02:57:11,972] {subprocess.py:92} INFO - 25/08/17 02:57:11 INFO Utils: /home/***/.ivy2/jars/org.apache.spark_spark-token-provider-kafka-0-10_2.12-3.3.1.jar has been previously copied to /tmp/spark-6b247ebc-994b-40e1-a8a2-aec879b4788c/userFiles-e6b5b20c-d7e2-4964-901b-888130175381/org.apache.spark_spark-token-provider-kafka-0-10_2.12-3.3.1.jar
[2025-08-17 02:57:11,977] {subprocess.py:92} INFO - 25/08/17 02:57:11 INFO Executor: Fetching file:///home/***/.ivy2/jars/org.apache.kafka_kafka-clients-2.8.1.jar with timestamp 1755399431129
[2025-08-17 02:57:11,980] {subprocess.py:92} INFO - 25/08/17 02:57:11 INFO Utils: /home/***/.ivy2/jars/org.apache.kafka_kafka-clients-2.8.1.jar has been previously copied to /tmp/spark-6b247ebc-994b-40e1-a8a2-aec879b4788c/userFiles-e6b5b20c-d7e2-4964-901b-888130175381/org.apache.kafka_kafka-clients-2.8.1.jar
[2025-08-17 02:57:11,984] {subprocess.py:92} INFO - 25/08/17 02:57:11 INFO Executor: Fetching file:///home/***/.ivy2/jars/org.xerial.snappy_snappy-java-1.1.8.4.jar with timestamp 1755399431129
[2025-08-17 02:57:11,986] {subprocess.py:92} INFO - 25/08/17 02:57:11 INFO Utils: /home/***/.ivy2/jars/org.xerial.snappy_snappy-java-1.1.8.4.jar has been previously copied to /tmp/spark-6b247ebc-994b-40e1-a8a2-aec879b4788c/userFiles-e6b5b20c-d7e2-4964-901b-888130175381/org.xerial.snappy_snappy-java-1.1.8.4.jar
[2025-08-17 02:57:11,993] {subprocess.py:92} INFO - 25/08/17 02:57:11 INFO Executor: Fetching spark://a4b544519f2b:37305/jars/org.lz4_lz4-java-1.8.0.jar with timestamp 1755399431129
[2025-08-17 02:57:12,031] {subprocess.py:92} INFO - 25/08/17 02:57:12 INFO TransportClientFactory: Successfully created connection to a4b544519f2b/172.20.0.3:37305 after 26 ms (0 ms spent in bootstraps)
[2025-08-17 02:57:12,034] {subprocess.py:92} INFO - 25/08/17 02:57:12 INFO Utils: Fetching spark://a4b544519f2b:37305/jars/org.lz4_lz4-java-1.8.0.jar to /tmp/spark-6b247ebc-994b-40e1-a8a2-aec879b4788c/userFiles-e6b5b20c-d7e2-4964-901b-888130175381/fetchFileTemp8049513649765521737.tmp
[2025-08-17 02:57:12,057] {subprocess.py:92} INFO - 25/08/17 02:57:12 INFO Utils: /tmp/spark-6b247ebc-994b-40e1-a8a2-aec879b4788c/userFiles-e6b5b20c-d7e2-4964-901b-888130175381/fetchFileTemp8049513649765521737.tmp has been previously copied to /tmp/spark-6b247ebc-994b-40e1-a8a2-aec879b4788c/userFiles-e6b5b20c-d7e2-4964-901b-888130175381/org.lz4_lz4-java-1.8.0.jar
[2025-08-17 02:57:12,062] {subprocess.py:92} INFO - 25/08/17 02:57:12 INFO Executor: Adding file:/tmp/spark-6b247ebc-994b-40e1-a8a2-aec879b4788c/userFiles-e6b5b20c-d7e2-4964-901b-888130175381/org.lz4_lz4-java-1.8.0.jar to class loader
[2025-08-17 02:57:12,062] {subprocess.py:92} INFO - 25/08/17 02:57:12 INFO Executor: Fetching spark://a4b544519f2b:37305/jars/org.spark-project.spark_unused-1.0.0.jar with timestamp 1755399431129
[2025-08-17 02:57:12,062] {subprocess.py:92} INFO - 25/08/17 02:57:12 INFO Utils: Fetching spark://a4b544519f2b:37305/jars/org.spark-project.spark_unused-1.0.0.jar to /tmp/spark-6b247ebc-994b-40e1-a8a2-aec879b4788c/userFiles-e6b5b20c-d7e2-4964-901b-888130175381/fetchFileTemp1956540241291143920.tmp
[2025-08-17 02:57:12,064] {subprocess.py:92} INFO - 25/08/17 02:57:12 INFO Utils: /tmp/spark-6b247ebc-994b-40e1-a8a2-aec879b4788c/userFiles-e6b5b20c-d7e2-4964-901b-888130175381/fetchFileTemp1956540241291143920.tmp has been previously copied to /tmp/spark-6b247ebc-994b-40e1-a8a2-aec879b4788c/userFiles-e6b5b20c-d7e2-4964-901b-888130175381/org.spark-project.spark_unused-1.0.0.jar
[2025-08-17 02:57:12,068] {subprocess.py:92} INFO - 25/08/17 02:57:12 INFO Executor: Adding file:/tmp/spark-6b247ebc-994b-40e1-a8a2-aec879b4788c/userFiles-e6b5b20c-d7e2-4964-901b-888130175381/org.spark-project.spark_unused-1.0.0.jar to class loader
[2025-08-17 02:57:12,068] {subprocess.py:92} INFO - 25/08/17 02:57:12 INFO Executor: Fetching spark://a4b544519f2b:37305/jars/org.slf4j_slf4j-api-1.7.32.jar with timestamp 1755399431129
[2025-08-17 02:57:12,068] {subprocess.py:92} INFO - 25/08/17 02:57:12 INFO Utils: Fetching spark://a4b544519f2b:37305/jars/org.slf4j_slf4j-api-1.7.32.jar to /tmp/spark-6b247ebc-994b-40e1-a8a2-aec879b4788c/userFiles-e6b5b20c-d7e2-4964-901b-888130175381/fetchFileTemp12659706935366647911.tmp
[2025-08-17 02:57:12,070] {subprocess.py:92} INFO - 25/08/17 02:57:12 INFO Utils: /tmp/spark-6b247ebc-994b-40e1-a8a2-aec879b4788c/userFiles-e6b5b20c-d7e2-4964-901b-888130175381/fetchFileTemp12659706935366647911.tmp has been previously copied to /tmp/spark-6b247ebc-994b-40e1-a8a2-aec879b4788c/userFiles-e6b5b20c-d7e2-4964-901b-888130175381/org.slf4j_slf4j-api-1.7.32.jar
[2025-08-17 02:57:12,073] {subprocess.py:92} INFO - 25/08/17 02:57:12 INFO Executor: Adding file:/tmp/spark-6b247ebc-994b-40e1-a8a2-aec879b4788c/userFiles-e6b5b20c-d7e2-4964-901b-888130175381/org.slf4j_slf4j-api-1.7.32.jar to class loader
[2025-08-17 02:57:12,073] {subprocess.py:92} INFO - 25/08/17 02:57:12 INFO Executor: Fetching spark://a4b544519f2b:37305/jars/org.apache.hadoop_hadoop-client-api-3.3.2.jar with timestamp 1755399431129
[2025-08-17 02:57:12,074] {subprocess.py:92} INFO - 25/08/17 02:57:12 INFO Utils: Fetching spark://a4b544519f2b:37305/jars/org.apache.hadoop_hadoop-client-api-3.3.2.jar to /tmp/spark-6b247ebc-994b-40e1-a8a2-aec879b4788c/userFiles-e6b5b20c-d7e2-4964-901b-888130175381/fetchFileTemp17285631227645672967.tmp
[2025-08-17 02:57:12,127] {subprocess.py:92} INFO - 25/08/17 02:57:12 INFO Utils: /tmp/spark-6b247ebc-994b-40e1-a8a2-aec879b4788c/userFiles-e6b5b20c-d7e2-4964-901b-888130175381/fetchFileTemp17285631227645672967.tmp has been previously copied to /tmp/spark-6b247ebc-994b-40e1-a8a2-aec879b4788c/userFiles-e6b5b20c-d7e2-4964-901b-888130175381/org.apache.hadoop_hadoop-client-api-3.3.2.jar
[2025-08-17 02:57:12,169] {subprocess.py:92} INFO - 25/08/17 02:57:12 INFO Executor: Adding file:/tmp/spark-6b247ebc-994b-40e1-a8a2-aec879b4788c/userFiles-e6b5b20c-d7e2-4964-901b-888130175381/org.apache.hadoop_hadoop-client-api-3.3.2.jar to class loader
[2025-08-17 02:57:12,169] {subprocess.py:92} INFO - 25/08/17 02:57:12 INFO Executor: Fetching spark://a4b544519f2b:37305/jars/com.google.code.findbugs_jsr305-3.0.0.jar with timestamp 1755399431129
[2025-08-17 02:57:12,170] {subprocess.py:92} INFO - 25/08/17 02:57:12 INFO Utils: Fetching spark://a4b544519f2b:37305/jars/com.google.code.findbugs_jsr305-3.0.0.jar to /tmp/spark-6b247ebc-994b-40e1-a8a2-aec879b4788c/userFiles-e6b5b20c-d7e2-4964-901b-888130175381/fetchFileTemp1182118053779267130.tmp
[2025-08-17 02:57:12,173] {subprocess.py:92} INFO - 25/08/17 02:57:12 INFO Utils: /tmp/spark-6b247ebc-994b-40e1-a8a2-aec879b4788c/userFiles-e6b5b20c-d7e2-4964-901b-888130175381/fetchFileTemp1182118053779267130.tmp has been previously copied to /tmp/spark-6b247ebc-994b-40e1-a8a2-aec879b4788c/userFiles-e6b5b20c-d7e2-4964-901b-888130175381/com.google.code.findbugs_jsr305-3.0.0.jar
[2025-08-17 02:57:12,177] {subprocess.py:92} INFO - 25/08/17 02:57:12 INFO Executor: Adding file:/tmp/spark-6b247ebc-994b-40e1-a8a2-aec879b4788c/userFiles-e6b5b20c-d7e2-4964-901b-888130175381/com.google.code.findbugs_jsr305-3.0.0.jar to class loader
[2025-08-17 02:57:12,177] {subprocess.py:92} INFO - 25/08/17 02:57:12 INFO Executor: Fetching spark://a4b544519f2b:37305/jars/org.apache.spark_spark-token-provider-kafka-0-10_2.12-3.3.1.jar with timestamp 1755399431129
[2025-08-17 02:57:12,178] {subprocess.py:92} INFO - 25/08/17 02:57:12 INFO Utils: Fetching spark://a4b544519f2b:37305/jars/org.apache.spark_spark-token-provider-kafka-0-10_2.12-3.3.1.jar to /tmp/spark-6b247ebc-994b-40e1-a8a2-aec879b4788c/userFiles-e6b5b20c-d7e2-4964-901b-888130175381/fetchFileTemp15549861802351116840.tmp
[2025-08-17 02:57:12,180] {subprocess.py:92} INFO - 25/08/17 02:57:12 INFO Utils: /tmp/spark-6b247ebc-994b-40e1-a8a2-aec879b4788c/userFiles-e6b5b20c-d7e2-4964-901b-888130175381/fetchFileTemp15549861802351116840.tmp has been previously copied to /tmp/spark-6b247ebc-994b-40e1-a8a2-aec879b4788c/userFiles-e6b5b20c-d7e2-4964-901b-888130175381/org.apache.spark_spark-token-provider-kafka-0-10_2.12-3.3.1.jar
[2025-08-17 02:57:12,185] {subprocess.py:92} INFO - 25/08/17 02:57:12 INFO Executor: Adding file:/tmp/spark-6b247ebc-994b-40e1-a8a2-aec879b4788c/userFiles-e6b5b20c-d7e2-4964-901b-888130175381/org.apache.spark_spark-token-provider-kafka-0-10_2.12-3.3.1.jar to class loader
[2025-08-17 02:57:12,185] {subprocess.py:92} INFO - 25/08/17 02:57:12 INFO Executor: Fetching spark://a4b544519f2b:37305/jars/org.apache.kafka_kafka-clients-2.8.1.jar with timestamp 1755399431129
[2025-08-17 02:57:12,186] {subprocess.py:92} INFO - 25/08/17 02:57:12 INFO Utils: Fetching spark://a4b544519f2b:37305/jars/org.apache.kafka_kafka-clients-2.8.1.jar to /tmp/spark-6b247ebc-994b-40e1-a8a2-aec879b4788c/userFiles-e6b5b20c-d7e2-4964-901b-888130175381/fetchFileTemp523505789535371499.tmp
[2025-08-17 02:57:12,214] {subprocess.py:92} INFO - 25/08/17 02:57:12 INFO Utils: /tmp/spark-6b247ebc-994b-40e1-a8a2-aec879b4788c/userFiles-e6b5b20c-d7e2-4964-901b-888130175381/fetchFileTemp523505789535371499.tmp has been previously copied to /tmp/spark-6b247ebc-994b-40e1-a8a2-aec879b4788c/userFiles-e6b5b20c-d7e2-4964-901b-888130175381/org.apache.kafka_kafka-clients-2.8.1.jar
[2025-08-17 02:57:12,219] {subprocess.py:92} INFO - 25/08/17 02:57:12 INFO Executor: Adding file:/tmp/spark-6b247ebc-994b-40e1-a8a2-aec879b4788c/userFiles-e6b5b20c-d7e2-4964-901b-888130175381/org.apache.kafka_kafka-clients-2.8.1.jar to class loader
[2025-08-17 02:57:12,220] {subprocess.py:92} INFO - 25/08/17 02:57:12 INFO Executor: Fetching spark://a4b544519f2b:37305/jars/org.apache.spark_spark-sql-kafka-0-10_2.12-3.3.1.jar with timestamp 1755399431129
[2025-08-17 02:57:12,220] {subprocess.py:92} INFO - 25/08/17 02:57:12 INFO Utils: Fetching spark://a4b544519f2b:37305/jars/org.apache.spark_spark-sql-kafka-0-10_2.12-3.3.1.jar to /tmp/spark-6b247ebc-994b-40e1-a8a2-aec879b4788c/userFiles-e6b5b20c-d7e2-4964-901b-888130175381/fetchFileTemp3676522629157339535.tmp
[2025-08-17 02:57:12,223] {subprocess.py:92} INFO - 25/08/17 02:57:12 INFO Utils: /tmp/spark-6b247ebc-994b-40e1-a8a2-aec879b4788c/userFiles-e6b5b20c-d7e2-4964-901b-888130175381/fetchFileTemp3676522629157339535.tmp has been previously copied to /tmp/spark-6b247ebc-994b-40e1-a8a2-aec879b4788c/userFiles-e6b5b20c-d7e2-4964-901b-888130175381/org.apache.spark_spark-sql-kafka-0-10_2.12-3.3.1.jar
[2025-08-17 02:57:12,228] {subprocess.py:92} INFO - 25/08/17 02:57:12 INFO Executor: Adding file:/tmp/spark-6b247ebc-994b-40e1-a8a2-aec879b4788c/userFiles-e6b5b20c-d7e2-4964-901b-888130175381/org.apache.spark_spark-sql-kafka-0-10_2.12-3.3.1.jar to class loader
[2025-08-17 02:57:12,228] {subprocess.py:92} INFO - 25/08/17 02:57:12 INFO Executor: Fetching spark://a4b544519f2b:37305/jars/org.apache.hadoop_hadoop-client-runtime-3.3.2.jar with timestamp 1755399431129
[2025-08-17 02:57:12,229] {subprocess.py:92} INFO - 25/08/17 02:57:12 INFO Utils: Fetching spark://a4b544519f2b:37305/jars/org.apache.hadoop_hadoop-client-runtime-3.3.2.jar to /tmp/spark-6b247ebc-994b-40e1-a8a2-aec879b4788c/userFiles-e6b5b20c-d7e2-4964-901b-888130175381/fetchFileTemp7899786280631464092.tmp
[2025-08-17 02:57:12,306] {subprocess.py:92} INFO - 25/08/17 02:57:12 INFO Utils: /tmp/spark-6b247ebc-994b-40e1-a8a2-aec879b4788c/userFiles-e6b5b20c-d7e2-4964-901b-888130175381/fetchFileTemp7899786280631464092.tmp has been previously copied to /tmp/spark-6b247ebc-994b-40e1-a8a2-aec879b4788c/userFiles-e6b5b20c-d7e2-4964-901b-888130175381/org.apache.hadoop_hadoop-client-runtime-3.3.2.jar
[2025-08-17 02:57:12,312] {subprocess.py:92} INFO - 25/08/17 02:57:12 INFO Executor: Adding file:/tmp/spark-6b247ebc-994b-40e1-a8a2-aec879b4788c/userFiles-e6b5b20c-d7e2-4964-901b-888130175381/org.apache.hadoop_hadoop-client-runtime-3.3.2.jar to class loader
[2025-08-17 02:57:12,312] {subprocess.py:92} INFO - 25/08/17 02:57:12 INFO Executor: Fetching spark://a4b544519f2b:37305/jars/org.apache.commons_commons-pool2-2.11.1.jar with timestamp 1755399431129
[2025-08-17 02:57:12,312] {subprocess.py:92} INFO - 25/08/17 02:57:12 INFO Utils: Fetching spark://a4b544519f2b:37305/jars/org.apache.commons_commons-pool2-2.11.1.jar to /tmp/spark-6b247ebc-994b-40e1-a8a2-aec879b4788c/userFiles-e6b5b20c-d7e2-4964-901b-888130175381/fetchFileTemp4043752418535201316.tmp
[2025-08-17 02:57:12,313] {subprocess.py:92} INFO - 25/08/17 02:57:12 INFO Utils: /tmp/spark-6b247ebc-994b-40e1-a8a2-aec879b4788c/userFiles-e6b5b20c-d7e2-4964-901b-888130175381/fetchFileTemp4043752418535201316.tmp has been previously copied to /tmp/spark-6b247ebc-994b-40e1-a8a2-aec879b4788c/userFiles-e6b5b20c-d7e2-4964-901b-888130175381/org.apache.commons_commons-pool2-2.11.1.jar
[2025-08-17 02:57:12,317] {subprocess.py:92} INFO - 25/08/17 02:57:12 INFO Executor: Adding file:/tmp/spark-6b247ebc-994b-40e1-a8a2-aec879b4788c/userFiles-e6b5b20c-d7e2-4964-901b-888130175381/org.apache.commons_commons-pool2-2.11.1.jar to class loader
[2025-08-17 02:57:12,317] {subprocess.py:92} INFO - 25/08/17 02:57:12 INFO Executor: Fetching spark://a4b544519f2b:37305/jars/org.xerial.snappy_snappy-java-1.1.8.4.jar with timestamp 1755399431129
[2025-08-17 02:57:12,317] {subprocess.py:92} INFO - 25/08/17 02:57:12 INFO Utils: Fetching spark://a4b544519f2b:37305/jars/org.xerial.snappy_snappy-java-1.1.8.4.jar to /tmp/spark-6b247ebc-994b-40e1-a8a2-aec879b4788c/userFiles-e6b5b20c-d7e2-4964-901b-888130175381/fetchFileTemp11459436545012009625.tmp
[2025-08-17 02:57:12,325] {subprocess.py:92} INFO - 25/08/17 02:57:12 INFO Utils: /tmp/spark-6b247ebc-994b-40e1-a8a2-aec879b4788c/userFiles-e6b5b20c-d7e2-4964-901b-888130175381/fetchFileTemp11459436545012009625.tmp has been previously copied to /tmp/spark-6b247ebc-994b-40e1-a8a2-aec879b4788c/userFiles-e6b5b20c-d7e2-4964-901b-888130175381/org.xerial.snappy_snappy-java-1.1.8.4.jar
[2025-08-17 02:57:12,329] {subprocess.py:92} INFO - 25/08/17 02:57:12 INFO Executor: Adding file:/tmp/spark-6b247ebc-994b-40e1-a8a2-aec879b4788c/userFiles-e6b5b20c-d7e2-4964-901b-888130175381/org.xerial.snappy_snappy-java-1.1.8.4.jar to class loader
[2025-08-17 02:57:12,330] {subprocess.py:92} INFO - 25/08/17 02:57:12 INFO Executor: Fetching spark://a4b544519f2b:37305/jars/commons-logging_commons-logging-1.1.3.jar with timestamp 1755399431129
[2025-08-17 02:57:12,330] {subprocess.py:92} INFO - 25/08/17 02:57:12 INFO Utils: Fetching spark://a4b544519f2b:37305/jars/commons-logging_commons-logging-1.1.3.jar to /tmp/spark-6b247ebc-994b-40e1-a8a2-aec879b4788c/userFiles-e6b5b20c-d7e2-4964-901b-888130175381/fetchFileTemp10692241859931470999.tmp
[2025-08-17 02:57:12,332] {subprocess.py:92} INFO - 25/08/17 02:57:12 INFO Utils: /tmp/spark-6b247ebc-994b-40e1-a8a2-aec879b4788c/userFiles-e6b5b20c-d7e2-4964-901b-888130175381/fetchFileTemp10692241859931470999.tmp has been previously copied to /tmp/spark-6b247ebc-994b-40e1-a8a2-aec879b4788c/userFiles-e6b5b20c-d7e2-4964-901b-888130175381/commons-logging_commons-logging-1.1.3.jar
[2025-08-17 02:57:12,337] {subprocess.py:92} INFO - 25/08/17 02:57:12 INFO Executor: Adding file:/tmp/spark-6b247ebc-994b-40e1-a8a2-aec879b4788c/userFiles-e6b5b20c-d7e2-4964-901b-888130175381/commons-logging_commons-logging-1.1.3.jar to class loader
[2025-08-17 02:57:12,347] {subprocess.py:92} INFO - 25/08/17 02:57:12 INFO Utils: Successfully started service 'org.apache.spark.network.netty.NettyBlockTransferService' on port 35571.
[2025-08-17 02:57:12,348] {subprocess.py:92} INFO - 25/08/17 02:57:12 INFO NettyBlockTransferService: Server created on a4b544519f2b:35571
[2025-08-17 02:57:12,350] {subprocess.py:92} INFO - 25/08/17 02:57:12 INFO BlockManager: Using org.apache.spark.storage.RandomBlockReplicationPolicy for block replication policy
[2025-08-17 02:57:12,360] {subprocess.py:92} INFO - 25/08/17 02:57:12 INFO BlockManagerMaster: Registering BlockManager BlockManagerId(driver, a4b544519f2b, 35571, None)
[2025-08-17 02:57:12,364] {subprocess.py:92} INFO - 25/08/17 02:57:12 INFO BlockManagerMasterEndpoint: Registering block manager a4b544519f2b:35571 with 434.4 MiB RAM, BlockManagerId(driver, a4b544519f2b, 35571, None)
[2025-08-17 02:57:12,368] {subprocess.py:92} INFO - 25/08/17 02:57:12 INFO BlockManagerMaster: Registered BlockManager BlockManagerId(driver, a4b544519f2b, 35571, None)
[2025-08-17 02:57:12,370] {subprocess.py:92} INFO - 25/08/17 02:57:12 INFO BlockManager: Initialized BlockManager: BlockManagerId(driver, a4b544519f2b, 35571, None)
[2025-08-17 02:57:12,566] {local_task_job.py:221} WARNING - State of this instance has been externally set to failed. Terminating instance.
[2025-08-17 02:57:12,568] {process_utils.py:129} INFO - Sending Signals.SIGTERM to group 20531. PIDs of all processes in the group: [20532, 20631, 20531]
[2025-08-17 02:57:12,568] {process_utils.py:80} INFO - Sending the signal Signals.SIGTERM to group 20531
[2025-08-17 02:57:12,569] {taskinstance.py:1541} ERROR - Received SIGTERM. Terminating subprocesses.
[2025-08-17 02:57:12,569] {subprocess.py:103} INFO - Sending SIGTERM signal to process group
[2025-08-17 02:57:12,742] {process_utils.py:75} INFO - Process psutil.Process(pid=20532, status='terminated', started='02:57:06') (20532) terminated with exit code None
[2025-08-17 02:57:12,743] {process_utils.py:75} INFO - Process psutil.Process(pid=20531, status='terminated', exitcode=0, started='02:57:06') (20531) terminated with exit code 0
[2025-08-17 02:57:12,743] {process_utils.py:75} INFO - Process psutil.Process(pid=20631, status='terminated', started='02:57:09') (20631) terminated with exit code None
