[2025-08-17 13:19:46,465] {taskinstance.py:1159} INFO - Dependencies all met for <TaskInstance: send_weather_to_kafka.stream_hdfs scheduled__2025-08-17T11:19:09.015354+00:00 [queued]>
[2025-08-17 13:19:46,480] {taskinstance.py:1159} INFO - Dependencies all met for <TaskInstance: send_weather_to_kafka.stream_hdfs scheduled__2025-08-17T11:19:09.015354+00:00 [queued]>
[2025-08-17 13:19:46,480] {taskinstance.py:1356} INFO - 
--------------------------------------------------------------------------------
[2025-08-17 13:19:46,480] {taskinstance.py:1357} INFO - Starting attempt 1 of 2
[2025-08-17 13:19:46,481] {taskinstance.py:1358} INFO - 
--------------------------------------------------------------------------------
[2025-08-17 13:19:46,500] {taskinstance.py:1377} INFO - Executing <Task(BashOperator): stream_hdfs> on 2025-08-17 11:19:09.015354+00:00
[2025-08-17 13:19:46,508] {standard_task_runner.py:52} INFO - Started process 22422 to run task
[2025-08-17 13:19:46,513] {standard_task_runner.py:79} INFO - Running: ['***', 'tasks', 'run', 'send_weather_to_kafka', 'stream_hdfs', 'scheduled__2025-08-17T11:19:09.015354+00:00', '--job-id', '262', '--raw', '--subdir', 'DAGS_FOLDER/dag_meteo.py', '--cfg-path', '/tmp/tmpvy2fyi64', '--error-file', '/tmp/tmpf_2rn43p']
[2025-08-17 13:19:46,515] {standard_task_runner.py:80} INFO - Job 262: Subtask stream_hdfs
[2025-08-17 13:19:46,546] {logging_mixin.py:115} WARNING - /home/***/.local/lib/python3.7/site-packages/***/configuration.py:470 DeprecationWarning: The sql_alchemy_conn option in [core] has been moved to the sql_alchemy_conn option in [database] - the old setting has been used, but please update your config.
[2025-08-17 13:19:46,601] {task_command.py:369} INFO - Running <TaskInstance: send_weather_to_kafka.stream_hdfs scheduled__2025-08-17T11:19:09.015354+00:00 [running]> on host a4b544519f2b
[2025-08-17 13:19:46,713] {taskinstance.py:1571} INFO - Exporting the following env vars:
AIRFLOW_CTX_DAG_OWNER=***
AIRFLOW_CTX_DAG_ID=send_weather_to_kafka
AIRFLOW_CTX_TASK_ID=stream_hdfs
AIRFLOW_CTX_EXECUTION_DATE=2025-08-17T11:19:09.015354+00:00
AIRFLOW_CTX_TRY_NUMBER=1
AIRFLOW_CTX_DAG_RUN_ID=scheduled__2025-08-17T11:19:09.015354+00:00
[2025-08-17 13:19:46,714] {subprocess.py:62} INFO - Tmp dir root location: 
 /tmp
[2025-08-17 13:19:46,715] {subprocess.py:74} INFO - Running command: ['bash', '-c', '\n/home/***/.local/bin/spark-submit   --master local[*]   --conf spark.hadoop.fs.defaultFS=hdfs://namenode:9000   --conf spark.hadoop.dfs.client.use.datanode.hostname=true   --conf spark.sql.adaptive.enabled=false   --packages org.apache.spark:spark-sql-kafka-0-10_2.12:3.3.1   /opt/***/scripts/pyspark/streaming.py']
[2025-08-17 13:19:46,731] {subprocess.py:85} INFO - Output:
[2025-08-17 13:19:46,755] {subprocess.py:92} INFO - /opt/spark-3.3.1-bin-hadoop3/bin/load-spark-env.sh: line 68: ps: command not found
[2025-08-17 13:19:49,522] {subprocess.py:92} INFO - :: loading settings :: url = jar:file:/opt/spark-3.3.1-bin-hadoop3/jars/ivy-2.5.0.jar!/org/apache/ivy/core/settings/ivysettings.xml
[2025-08-17 13:19:49,711] {subprocess.py:92} INFO - Ivy Default Cache set to: /home/***/.ivy2/cache
[2025-08-17 13:19:49,712] {subprocess.py:92} INFO - The jars for the packages stored in: /home/***/.ivy2/jars
[2025-08-17 13:19:49,720] {subprocess.py:92} INFO - org.apache.spark#spark-sql-kafka-0-10_2.12 added as a dependency
[2025-08-17 13:19:49,721] {subprocess.py:92} INFO - :: resolving dependencies :: org.apache.spark#spark-submit-parent-6f73d0ab-5d8f-4c2b-9df5-df4d2225606e;1.0
[2025-08-17 13:19:49,722] {subprocess.py:92} INFO - 	confs: [default]
[2025-08-17 13:19:49,984] {subprocess.py:92} INFO - 	found org.apache.spark#spark-sql-kafka-0-10_2.12;3.3.1 in spark-list
[2025-08-17 13:19:50,123] {subprocess.py:92} INFO - 	found org.apache.spark#spark-token-provider-kafka-0-10_2.12;3.3.1 in central
[2025-08-17 13:19:50,185] {subprocess.py:92} INFO - 	found org.apache.kafka#kafka-clients;2.8.1 in central
[2025-08-17 13:19:50,238] {subprocess.py:92} INFO - 	found org.lz4#lz4-java;1.8.0 in spark-list
[2025-08-17 13:19:50,284] {subprocess.py:92} INFO - 	found org.xerial.snappy#snappy-java;1.1.8.4 in central
[2025-08-17 13:19:50,326] {subprocess.py:92} INFO - 	found org.slf4j#slf4j-api;1.7.32 in central
[2025-08-17 13:19:50,375] {subprocess.py:92} INFO - 	found org.apache.hadoop#hadoop-client-runtime;3.3.2 in central
[2025-08-17 13:19:50,403] {subprocess.py:92} INFO - 	found org.spark-project.spark#unused;1.0.0 in central
[2025-08-17 13:19:50,454] {subprocess.py:92} INFO - 	found org.apache.hadoop#hadoop-client-api;3.3.2 in central
[2025-08-17 13:19:50,496] {subprocess.py:92} INFO - 	found commons-logging#commons-logging;1.1.3 in central
[2025-08-17 13:19:50,526] {subprocess.py:92} INFO - 	found com.google.code.findbugs#jsr305;3.0.0 in central
[2025-08-17 13:19:50,560] {subprocess.py:92} INFO - 	found org.apache.commons#commons-pool2;2.11.1 in central
[2025-08-17 13:19:50,609] {subprocess.py:92} INFO - :: resolution report :: resolve 867ms :: artifacts dl 20ms
[2025-08-17 13:19:50,609] {subprocess.py:92} INFO - 	:: modules in use:
[2025-08-17 13:19:50,609] {subprocess.py:92} INFO - 	com.google.code.findbugs#jsr305;3.0.0 from central in [default]
[2025-08-17 13:19:50,609] {subprocess.py:92} INFO - 	commons-logging#commons-logging;1.1.3 from central in [default]
[2025-08-17 13:19:50,609] {subprocess.py:92} INFO - 	org.apache.commons#commons-pool2;2.11.1 from central in [default]
[2025-08-17 13:19:50,609] {subprocess.py:92} INFO - 	org.apache.hadoop#hadoop-client-api;3.3.2 from central in [default]
[2025-08-17 13:19:50,609] {subprocess.py:92} INFO - 	org.apache.hadoop#hadoop-client-runtime;3.3.2 from central in [default]
[2025-08-17 13:19:50,609] {subprocess.py:92} INFO - 	org.apache.kafka#kafka-clients;2.8.1 from central in [default]
[2025-08-17 13:19:50,609] {subprocess.py:92} INFO - 	org.apache.spark#spark-sql-kafka-0-10_2.12;3.3.1 from spark-list in [default]
[2025-08-17 13:19:50,609] {subprocess.py:92} INFO - 	org.apache.spark#spark-token-provider-kafka-0-10_2.12;3.3.1 from central in [default]
[2025-08-17 13:19:50,609] {subprocess.py:92} INFO - 	org.lz4#lz4-java;1.8.0 from spark-list in [default]
[2025-08-17 13:19:50,609] {subprocess.py:92} INFO - 	org.slf4j#slf4j-api;1.7.32 from central in [default]
[2025-08-17 13:19:50,610] {subprocess.py:92} INFO - 	org.spark-project.spark#unused;1.0.0 from central in [default]
[2025-08-17 13:19:50,610] {subprocess.py:92} INFO - 	org.xerial.snappy#snappy-java;1.1.8.4 from central in [default]
[2025-08-17 13:19:50,610] {subprocess.py:92} INFO - 	---------------------------------------------------------------------
[2025-08-17 13:19:50,610] {subprocess.py:92} INFO - 	|                  |            modules            ||   artifacts   |
[2025-08-17 13:19:50,610] {subprocess.py:92} INFO - 	|       conf       | number| search|dwnlded|evicted|| number|dwnlded|
[2025-08-17 13:19:50,610] {subprocess.py:92} INFO - 	---------------------------------------------------------------------
[2025-08-17 13:19:50,610] {subprocess.py:92} INFO - 	|      default     |   12  |   0   |   0   |   0   ||   12  |   0   |
[2025-08-17 13:19:50,610] {subprocess.py:92} INFO - 	---------------------------------------------------------------------
[2025-08-17 13:19:50,617] {subprocess.py:92} INFO - :: retrieving :: org.apache.spark#spark-submit-parent-6f73d0ab-5d8f-4c2b-9df5-df4d2225606e
[2025-08-17 13:19:50,617] {subprocess.py:92} INFO - 	confs: [default]
[2025-08-17 13:19:50,625] {subprocess.py:92} INFO - 	0 artifacts copied, 12 already retrieved (0kB/9ms)
[2025-08-17 13:19:51,075] {subprocess.py:92} INFO - 25/08/17 13:19:51 WARN NativeCodeLoader: Unable to load native-hadoop library for your platform... using builtin-java classes where applicable
[2025-08-17 13:19:52,842] {subprocess.py:92} INFO - 25/08/17 13:19:52 INFO SparkContext: Running Spark version 3.3.1
[2025-08-17 13:19:52,890] {subprocess.py:92} INFO - 25/08/17 13:19:52 INFO ResourceUtils: ==============================================================
[2025-08-17 13:19:52,891] {subprocess.py:92} INFO - 25/08/17 13:19:52 INFO ResourceUtils: No custom resources configured for spark.driver.
[2025-08-17 13:19:52,892] {subprocess.py:92} INFO - 25/08/17 13:19:52 INFO ResourceUtils: ==============================================================
[2025-08-17 13:19:52,893] {subprocess.py:92} INFO - 25/08/17 13:19:52 INFO SparkContext: Submitted application: KafkaToHDFSWeather
[2025-08-17 13:19:52,934] {subprocess.py:92} INFO - 25/08/17 13:19:52 INFO ResourceProfile: Default ResourceProfile created, executor resources: Map(cores -> name: cores, amount: 1, script: , vendor: , memory -> name: memory, amount: 1024, script: , vendor: , offHeap -> name: offHeap, amount: 0, script: , vendor: ), task resources: Map(cpus -> name: cpus, amount: 1.0)
[2025-08-17 13:19:52,956] {subprocess.py:92} INFO - 25/08/17 13:19:52 INFO ResourceProfile: Limiting resource is cpu
[2025-08-17 13:19:52,956] {subprocess.py:92} INFO - 25/08/17 13:19:52 INFO ResourceProfileManager: Added ResourceProfile id: 0
[2025-08-17 13:19:53,029] {subprocess.py:92} INFO - 25/08/17 13:19:53 INFO SecurityManager: Changing view acls to: ***
[2025-08-17 13:19:53,030] {subprocess.py:92} INFO - 25/08/17 13:19:53 INFO SecurityManager: Changing modify acls to: ***
[2025-08-17 13:19:53,030] {subprocess.py:92} INFO - 25/08/17 13:19:53 INFO SecurityManager: Changing view acls groups to:
[2025-08-17 13:19:53,031] {subprocess.py:92} INFO - 25/08/17 13:19:53 INFO SecurityManager: Changing modify acls groups to:
[2025-08-17 13:19:53,031] {subprocess.py:92} INFO - 25/08/17 13:19:53 INFO SecurityManager: SecurityManager: authentication disabled; ui acls disabled; users  with view permissions: Set(***); groups with view permissions: Set(); users  with modify permissions: Set(***); groups with modify permissions: Set()
[2025-08-17 13:19:53,435] {subprocess.py:92} INFO - 25/08/17 13:19:53 INFO Utils: Successfully started service 'sparkDriver' on port 40077.
[2025-08-17 13:19:53,492] {subprocess.py:92} INFO - 25/08/17 13:19:53 INFO SparkEnv: Registering MapOutputTracker
[2025-08-17 13:19:53,548] {subprocess.py:92} INFO - 25/08/17 13:19:53 INFO SparkEnv: Registering BlockManagerMaster
[2025-08-17 13:19:53,570] {subprocess.py:92} INFO - 25/08/17 13:19:53 INFO BlockManagerMasterEndpoint: Using org.apache.spark.storage.DefaultTopologyMapper for getting topology information
[2025-08-17 13:19:53,570] {subprocess.py:92} INFO - 25/08/17 13:19:53 INFO BlockManagerMasterEndpoint: BlockManagerMasterEndpoint up
[2025-08-17 13:19:53,575] {subprocess.py:92} INFO - 25/08/17 13:19:53 INFO SparkEnv: Registering BlockManagerMasterHeartbeat
[2025-08-17 13:19:53,612] {subprocess.py:92} INFO - 25/08/17 13:19:53 INFO DiskBlockManager: Created local directory at /tmp/blockmgr-143a9d1e-35af-4410-b01a-0da09f52ba2e
[2025-08-17 13:19:53,631] {subprocess.py:92} INFO - 25/08/17 13:19:53 INFO MemoryStore: MemoryStore started with capacity 434.4 MiB
[2025-08-17 13:19:53,648] {subprocess.py:92} INFO - 25/08/17 13:19:53 INFO SparkEnv: Registering OutputCommitCoordinator
[2025-08-17 13:19:53,969] {subprocess.py:92} INFO - 25/08/17 13:19:53 INFO Utils: Successfully started service 'SparkUI' on port 4040.
[2025-08-17 13:19:54,015] {subprocess.py:92} INFO - 25/08/17 13:19:54 INFO SparkContext: Added JAR file:///home/***/.ivy2/jars/org.apache.spark_spark-sql-kafka-0-10_2.12-3.3.1.jar at spark://a4b544519f2b:40077/jars/org.apache.spark_spark-sql-kafka-0-10_2.12-3.3.1.jar with timestamp 1755436792824
[2025-08-17 13:19:54,016] {subprocess.py:92} INFO - 25/08/17 13:19:54 INFO SparkContext: Added JAR file:///home/***/.ivy2/jars/org.apache.spark_spark-token-provider-kafka-0-10_2.12-3.3.1.jar at spark://a4b544519f2b:40077/jars/org.apache.spark_spark-token-provider-kafka-0-10_2.12-3.3.1.jar with timestamp 1755436792824
[2025-08-17 13:19:54,016] {subprocess.py:92} INFO - 25/08/17 13:19:54 INFO SparkContext: Added JAR file:///home/***/.ivy2/jars/org.apache.kafka_kafka-clients-2.8.1.jar at spark://a4b544519f2b:40077/jars/org.apache.kafka_kafka-clients-2.8.1.jar with timestamp 1755436792824
[2025-08-17 13:19:54,016] {subprocess.py:92} INFO - 25/08/17 13:19:54 INFO SparkContext: Added JAR file:///home/***/.ivy2/jars/com.google.code.findbugs_jsr305-3.0.0.jar at spark://a4b544519f2b:40077/jars/com.google.code.findbugs_jsr305-3.0.0.jar with timestamp 1755436792824
[2025-08-17 13:19:54,016] {subprocess.py:92} INFO - 25/08/17 13:19:54 INFO SparkContext: Added JAR file:///home/***/.ivy2/jars/org.apache.commons_commons-pool2-2.11.1.jar at spark://a4b544519f2b:40077/jars/org.apache.commons_commons-pool2-2.11.1.jar with timestamp 1755436792824
[2025-08-17 13:19:54,016] {subprocess.py:92} INFO - 25/08/17 13:19:54 INFO SparkContext: Added JAR file:///home/***/.ivy2/jars/org.spark-project.spark_unused-1.0.0.jar at spark://a4b544519f2b:40077/jars/org.spark-project.spark_unused-1.0.0.jar with timestamp 1755436792824
[2025-08-17 13:19:54,016] {subprocess.py:92} INFO - 25/08/17 13:19:54 INFO SparkContext: Added JAR file:///home/***/.ivy2/jars/org.apache.hadoop_hadoop-client-runtime-3.3.2.jar at spark://a4b544519f2b:40077/jars/org.apache.hadoop_hadoop-client-runtime-3.3.2.jar with timestamp 1755436792824
[2025-08-17 13:19:54,016] {subprocess.py:92} INFO - 25/08/17 13:19:54 INFO SparkContext: Added JAR file:///home/***/.ivy2/jars/org.lz4_lz4-java-1.8.0.jar at spark://a4b544519f2b:40077/jars/org.lz4_lz4-java-1.8.0.jar with timestamp 1755436792824
[2025-08-17 13:19:54,016] {subprocess.py:92} INFO - 25/08/17 13:19:54 INFO SparkContext: Added JAR file:///home/***/.ivy2/jars/org.xerial.snappy_snappy-java-1.1.8.4.jar at spark://a4b544519f2b:40077/jars/org.xerial.snappy_snappy-java-1.1.8.4.jar with timestamp 1755436792824
[2025-08-17 13:19:54,017] {subprocess.py:92} INFO - 25/08/17 13:19:54 INFO SparkContext: Added JAR file:///home/***/.ivy2/jars/org.slf4j_slf4j-api-1.7.32.jar at spark://a4b544519f2b:40077/jars/org.slf4j_slf4j-api-1.7.32.jar with timestamp 1755436792824
[2025-08-17 13:19:54,017] {subprocess.py:92} INFO - 25/08/17 13:19:54 INFO SparkContext: Added JAR file:///home/***/.ivy2/jars/org.apache.hadoop_hadoop-client-api-3.3.2.jar at spark://a4b544519f2b:40077/jars/org.apache.hadoop_hadoop-client-api-3.3.2.jar with timestamp 1755436792824
[2025-08-17 13:19:54,017] {subprocess.py:92} INFO - 25/08/17 13:19:54 INFO SparkContext: Added JAR file:///home/***/.ivy2/jars/commons-logging_commons-logging-1.1.3.jar at spark://a4b544519f2b:40077/jars/commons-logging_commons-logging-1.1.3.jar with timestamp 1755436792824
[2025-08-17 13:19:54,019] {subprocess.py:92} INFO - 25/08/17 13:19:54 INFO SparkContext: Added file file:///home/***/.ivy2/jars/org.apache.spark_spark-sql-kafka-0-10_2.12-3.3.1.jar at file:///home/***/.ivy2/jars/org.apache.spark_spark-sql-kafka-0-10_2.12-3.3.1.jar with timestamp 1755436792824
[2025-08-17 13:19:54,021] {subprocess.py:92} INFO - 25/08/17 13:19:54 INFO Utils: Copying /home/***/.ivy2/jars/org.apache.spark_spark-sql-kafka-0-10_2.12-3.3.1.jar to /tmp/spark-0d7de3e1-d2fb-411a-bee3-72ec8b6f6a6c/userFiles-f8a3211c-8e6a-49f9-b0a7-0ca24c8e8861/org.apache.spark_spark-sql-kafka-0-10_2.12-3.3.1.jar
[2025-08-17 13:19:54,034] {subprocess.py:92} INFO - 25/08/17 13:19:54 INFO SparkContext: Added file file:///home/***/.ivy2/jars/org.apache.spark_spark-token-provider-kafka-0-10_2.12-3.3.1.jar at file:///home/***/.ivy2/jars/org.apache.spark_spark-token-provider-kafka-0-10_2.12-3.3.1.jar with timestamp 1755436792824
[2025-08-17 13:19:54,034] {subprocess.py:92} INFO - 25/08/17 13:19:54 INFO Utils: Copying /home/***/.ivy2/jars/org.apache.spark_spark-token-provider-kafka-0-10_2.12-3.3.1.jar to /tmp/spark-0d7de3e1-d2fb-411a-bee3-72ec8b6f6a6c/userFiles-f8a3211c-8e6a-49f9-b0a7-0ca24c8e8861/org.apache.spark_spark-token-provider-kafka-0-10_2.12-3.3.1.jar
[2025-08-17 13:19:54,041] {subprocess.py:92} INFO - 25/08/17 13:19:54 INFO SparkContext: Added file file:///home/***/.ivy2/jars/org.apache.kafka_kafka-clients-2.8.1.jar at file:///home/***/.ivy2/jars/org.apache.kafka_kafka-clients-2.8.1.jar with timestamp 1755436792824
[2025-08-17 13:19:54,042] {subprocess.py:92} INFO - 25/08/17 13:19:54 INFO Utils: Copying /home/***/.ivy2/jars/org.apache.kafka_kafka-clients-2.8.1.jar to /tmp/spark-0d7de3e1-d2fb-411a-bee3-72ec8b6f6a6c/userFiles-f8a3211c-8e6a-49f9-b0a7-0ca24c8e8861/org.apache.kafka_kafka-clients-2.8.1.jar
[2025-08-17 13:19:54,055] {subprocess.py:92} INFO - 25/08/17 13:19:54 INFO SparkContext: Added file file:///home/***/.ivy2/jars/com.google.code.findbugs_jsr305-3.0.0.jar at file:///home/***/.ivy2/jars/com.google.code.findbugs_jsr305-3.0.0.jar with timestamp 1755436792824
[2025-08-17 13:19:54,055] {subprocess.py:92} INFO - 25/08/17 13:19:54 INFO Utils: Copying /home/***/.ivy2/jars/com.google.code.findbugs_jsr305-3.0.0.jar to /tmp/spark-0d7de3e1-d2fb-411a-bee3-72ec8b6f6a6c/userFiles-f8a3211c-8e6a-49f9-b0a7-0ca24c8e8861/com.google.code.findbugs_jsr305-3.0.0.jar
[2025-08-17 13:19:54,060] {subprocess.py:92} INFO - 25/08/17 13:19:54 INFO SparkContext: Added file file:///home/***/.ivy2/jars/org.apache.commons_commons-pool2-2.11.1.jar at file:///home/***/.ivy2/jars/org.apache.commons_commons-pool2-2.11.1.jar with timestamp 1755436792824
[2025-08-17 13:19:54,061] {subprocess.py:92} INFO - 25/08/17 13:19:54 INFO Utils: Copying /home/***/.ivy2/jars/org.apache.commons_commons-pool2-2.11.1.jar to /tmp/spark-0d7de3e1-d2fb-411a-bee3-72ec8b6f6a6c/userFiles-f8a3211c-8e6a-49f9-b0a7-0ca24c8e8861/org.apache.commons_commons-pool2-2.11.1.jar
[2025-08-17 13:19:54,067] {subprocess.py:92} INFO - 25/08/17 13:19:54 INFO SparkContext: Added file file:///home/***/.ivy2/jars/org.spark-project.spark_unused-1.0.0.jar at file:///home/***/.ivy2/jars/org.spark-project.spark_unused-1.0.0.jar with timestamp 1755436792824
[2025-08-17 13:19:54,067] {subprocess.py:92} INFO - 25/08/17 13:19:54 INFO Utils: Copying /home/***/.ivy2/jars/org.spark-project.spark_unused-1.0.0.jar to /tmp/spark-0d7de3e1-d2fb-411a-bee3-72ec8b6f6a6c/userFiles-f8a3211c-8e6a-49f9-b0a7-0ca24c8e8861/org.spark-project.spark_unused-1.0.0.jar
[2025-08-17 13:19:54,072] {subprocess.py:92} INFO - 25/08/17 13:19:54 INFO SparkContext: Added file file:///home/***/.ivy2/jars/org.apache.hadoop_hadoop-client-runtime-3.3.2.jar at file:///home/***/.ivy2/jars/org.apache.hadoop_hadoop-client-runtime-3.3.2.jar with timestamp 1755436792824
[2025-08-17 13:19:54,072] {subprocess.py:92} INFO - 25/08/17 13:19:54 INFO Utils: Copying /home/***/.ivy2/jars/org.apache.hadoop_hadoop-client-runtime-3.3.2.jar to /tmp/spark-0d7de3e1-d2fb-411a-bee3-72ec8b6f6a6c/userFiles-f8a3211c-8e6a-49f9-b0a7-0ca24c8e8861/org.apache.hadoop_hadoop-client-runtime-3.3.2.jar
[2025-08-17 13:19:54,108] {subprocess.py:92} INFO - 25/08/17 13:19:54 INFO SparkContext: Added file file:///home/***/.ivy2/jars/org.lz4_lz4-java-1.8.0.jar at file:///home/***/.ivy2/jars/org.lz4_lz4-java-1.8.0.jar with timestamp 1755436792824
[2025-08-17 13:19:54,108] {subprocess.py:92} INFO - 25/08/17 13:19:54 INFO Utils: Copying /home/***/.ivy2/jars/org.lz4_lz4-java-1.8.0.jar to /tmp/spark-0d7de3e1-d2fb-411a-bee3-72ec8b6f6a6c/userFiles-f8a3211c-8e6a-49f9-b0a7-0ca24c8e8861/org.lz4_lz4-java-1.8.0.jar
[2025-08-17 13:19:54,115] {subprocess.py:92} INFO - 25/08/17 13:19:54 INFO SparkContext: Added file file:///home/***/.ivy2/jars/org.xerial.snappy_snappy-java-1.1.8.4.jar at file:///home/***/.ivy2/jars/org.xerial.snappy_snappy-java-1.1.8.4.jar with timestamp 1755436792824
[2025-08-17 13:19:54,115] {subprocess.py:92} INFO - 25/08/17 13:19:54 INFO Utils: Copying /home/***/.ivy2/jars/org.xerial.snappy_snappy-java-1.1.8.4.jar to /tmp/spark-0d7de3e1-d2fb-411a-bee3-72ec8b6f6a6c/userFiles-f8a3211c-8e6a-49f9-b0a7-0ca24c8e8861/org.xerial.snappy_snappy-java-1.1.8.4.jar
[2025-08-17 13:19:54,122] {subprocess.py:92} INFO - 25/08/17 13:19:54 INFO SparkContext: Added file file:///home/***/.ivy2/jars/org.slf4j_slf4j-api-1.7.32.jar at file:///home/***/.ivy2/jars/org.slf4j_slf4j-api-1.7.32.jar with timestamp 1755436792824
[2025-08-17 13:19:54,122] {subprocess.py:92} INFO - 25/08/17 13:19:54 INFO Utils: Copying /home/***/.ivy2/jars/org.slf4j_slf4j-api-1.7.32.jar to /tmp/spark-0d7de3e1-d2fb-411a-bee3-72ec8b6f6a6c/userFiles-f8a3211c-8e6a-49f9-b0a7-0ca24c8e8861/org.slf4j_slf4j-api-1.7.32.jar
[2025-08-17 13:19:54,128] {subprocess.py:92} INFO - 25/08/17 13:19:54 INFO SparkContext: Added file file:///home/***/.ivy2/jars/org.apache.hadoop_hadoop-client-api-3.3.2.jar at file:///home/***/.ivy2/jars/org.apache.hadoop_hadoop-client-api-3.3.2.jar with timestamp 1755436792824
[2025-08-17 13:19:54,128] {subprocess.py:92} INFO - 25/08/17 13:19:54 INFO Utils: Copying /home/***/.ivy2/jars/org.apache.hadoop_hadoop-client-api-3.3.2.jar to /tmp/spark-0d7de3e1-d2fb-411a-bee3-72ec8b6f6a6c/userFiles-f8a3211c-8e6a-49f9-b0a7-0ca24c8e8861/org.apache.hadoop_hadoop-client-api-3.3.2.jar
[2025-08-17 13:19:54,159] {subprocess.py:92} INFO - 25/08/17 13:19:54 INFO SparkContext: Added file file:///home/***/.ivy2/jars/commons-logging_commons-logging-1.1.3.jar at file:///home/***/.ivy2/jars/commons-logging_commons-logging-1.1.3.jar with timestamp 1755436792824
[2025-08-17 13:19:54,159] {subprocess.py:92} INFO - 25/08/17 13:19:54 INFO Utils: Copying /home/***/.ivy2/jars/commons-logging_commons-logging-1.1.3.jar to /tmp/spark-0d7de3e1-d2fb-411a-bee3-72ec8b6f6a6c/userFiles-f8a3211c-8e6a-49f9-b0a7-0ca24c8e8861/commons-logging_commons-logging-1.1.3.jar
[2025-08-17 13:19:54,267] {subprocess.py:92} INFO - 25/08/17 13:19:54 INFO Executor: Starting executor ID driver on host a4b544519f2b
[2025-08-17 13:19:54,280] {subprocess.py:92} INFO - 25/08/17 13:19:54 INFO Executor: Starting executor with user classpath (userClassPathFirst = false): ''
[2025-08-17 13:19:54,303] {subprocess.py:92} INFO - 25/08/17 13:19:54 INFO Executor: Fetching file:///home/***/.ivy2/jars/commons-logging_commons-logging-1.1.3.jar with timestamp 1755436792824
[2025-08-17 13:19:54,342] {subprocess.py:92} INFO - 25/08/17 13:19:54 INFO Utils: /home/***/.ivy2/jars/commons-logging_commons-logging-1.1.3.jar has been previously copied to /tmp/spark-0d7de3e1-d2fb-411a-bee3-72ec8b6f6a6c/userFiles-f8a3211c-8e6a-49f9-b0a7-0ca24c8e8861/commons-logging_commons-logging-1.1.3.jar
[2025-08-17 13:19:54,349] {subprocess.py:92} INFO - 25/08/17 13:19:54 INFO Executor: Fetching file:///home/***/.ivy2/jars/org.spark-project.spark_unused-1.0.0.jar with timestamp 1755436792824
[2025-08-17 13:19:54,350] {subprocess.py:92} INFO - 25/08/17 13:19:54 INFO Utils: /home/***/.ivy2/jars/org.spark-project.spark_unused-1.0.0.jar has been previously copied to /tmp/spark-0d7de3e1-d2fb-411a-bee3-72ec8b6f6a6c/userFiles-f8a3211c-8e6a-49f9-b0a7-0ca24c8e8861/org.spark-project.spark_unused-1.0.0.jar
[2025-08-17 13:19:54,357] {subprocess.py:92} INFO - 25/08/17 13:19:54 INFO Executor: Fetching file:///home/***/.ivy2/jars/org.apache.spark_spark-sql-kafka-0-10_2.12-3.3.1.jar with timestamp 1755436792824
[2025-08-17 13:19:54,368] {subprocess.py:92} INFO - 25/08/17 13:19:54 INFO Utils: /home/***/.ivy2/jars/org.apache.spark_spark-sql-kafka-0-10_2.12-3.3.1.jar has been previously copied to /tmp/spark-0d7de3e1-d2fb-411a-bee3-72ec8b6f6a6c/userFiles-f8a3211c-8e6a-49f9-b0a7-0ca24c8e8861/org.apache.spark_spark-sql-kafka-0-10_2.12-3.3.1.jar
[2025-08-17 13:19:54,374] {subprocess.py:92} INFO - 25/08/17 13:19:54 INFO Executor: Fetching file:///home/***/.ivy2/jars/org.apache.hadoop_hadoop-client-api-3.3.2.jar with timestamp 1755436792824
[2025-08-17 13:19:54,409] {subprocess.py:92} INFO - 25/08/17 13:19:54 INFO Utils: /home/***/.ivy2/jars/org.apache.hadoop_hadoop-client-api-3.3.2.jar has been previously copied to /tmp/spark-0d7de3e1-d2fb-411a-bee3-72ec8b6f6a6c/userFiles-f8a3211c-8e6a-49f9-b0a7-0ca24c8e8861/org.apache.hadoop_hadoop-client-api-3.3.2.jar
[2025-08-17 13:19:54,417] {subprocess.py:92} INFO - 25/08/17 13:19:54 INFO Executor: Fetching file:///home/***/.ivy2/jars/org.apache.hadoop_hadoop-client-runtime-3.3.2.jar with timestamp 1755436792824
[2025-08-17 13:19:54,474] {subprocess.py:92} INFO - 25/08/17 13:19:54 INFO Utils: /home/***/.ivy2/jars/org.apache.hadoop_hadoop-client-runtime-3.3.2.jar has been previously copied to /tmp/spark-0d7de3e1-d2fb-411a-bee3-72ec8b6f6a6c/userFiles-f8a3211c-8e6a-49f9-b0a7-0ca24c8e8861/org.apache.hadoop_hadoop-client-runtime-3.3.2.jar
[2025-08-17 13:19:54,479] {subprocess.py:92} INFO - 25/08/17 13:19:54 INFO Executor: Fetching file:///home/***/.ivy2/jars/org.slf4j_slf4j-api-1.7.32.jar with timestamp 1755436792824
[2025-08-17 13:19:54,480] {subprocess.py:92} INFO - 25/08/17 13:19:54 INFO Utils: /home/***/.ivy2/jars/org.slf4j_slf4j-api-1.7.32.jar has been previously copied to /tmp/spark-0d7de3e1-d2fb-411a-bee3-72ec8b6f6a6c/userFiles-f8a3211c-8e6a-49f9-b0a7-0ca24c8e8861/org.slf4j_slf4j-api-1.7.32.jar
[2025-08-17 13:19:54,486] {subprocess.py:92} INFO - 25/08/17 13:19:54 INFO Executor: Fetching file:///home/***/.ivy2/jars/org.lz4_lz4-java-1.8.0.jar with timestamp 1755436792824
[2025-08-17 13:19:54,488] {subprocess.py:92} INFO - 25/08/17 13:19:54 INFO Utils: /home/***/.ivy2/jars/org.lz4_lz4-java-1.8.0.jar has been previously copied to /tmp/spark-0d7de3e1-d2fb-411a-bee3-72ec8b6f6a6c/userFiles-f8a3211c-8e6a-49f9-b0a7-0ca24c8e8861/org.lz4_lz4-java-1.8.0.jar
[2025-08-17 13:19:54,495] {subprocess.py:92} INFO - 25/08/17 13:19:54 INFO Executor: Fetching file:///home/***/.ivy2/jars/org.apache.commons_commons-pool2-2.11.1.jar with timestamp 1755436792824
[2025-08-17 13:19:54,496] {subprocess.py:92} INFO - 25/08/17 13:19:54 INFO Utils: /home/***/.ivy2/jars/org.apache.commons_commons-pool2-2.11.1.jar has been previously copied to /tmp/spark-0d7de3e1-d2fb-411a-bee3-72ec8b6f6a6c/userFiles-f8a3211c-8e6a-49f9-b0a7-0ca24c8e8861/org.apache.commons_commons-pool2-2.11.1.jar
[2025-08-17 13:19:54,503] {subprocess.py:92} INFO - 25/08/17 13:19:54 INFO Executor: Fetching file:///home/***/.ivy2/jars/com.google.code.findbugs_jsr305-3.0.0.jar with timestamp 1755436792824
[2025-08-17 13:19:54,503] {subprocess.py:92} INFO - 25/08/17 13:19:54 INFO Utils: /home/***/.ivy2/jars/com.google.code.findbugs_jsr305-3.0.0.jar has been previously copied to /tmp/spark-0d7de3e1-d2fb-411a-bee3-72ec8b6f6a6c/userFiles-f8a3211c-8e6a-49f9-b0a7-0ca24c8e8861/com.google.code.findbugs_jsr305-3.0.0.jar
[2025-08-17 13:19:54,509] {subprocess.py:92} INFO - 25/08/17 13:19:54 INFO Executor: Fetching file:///home/***/.ivy2/jars/org.apache.spark_spark-token-provider-kafka-0-10_2.12-3.3.1.jar with timestamp 1755436792824
[2025-08-17 13:19:54,510] {subprocess.py:92} INFO - 25/08/17 13:19:54 INFO Utils: /home/***/.ivy2/jars/org.apache.spark_spark-token-provider-kafka-0-10_2.12-3.3.1.jar has been previously copied to /tmp/spark-0d7de3e1-d2fb-411a-bee3-72ec8b6f6a6c/userFiles-f8a3211c-8e6a-49f9-b0a7-0ca24c8e8861/org.apache.spark_spark-token-provider-kafka-0-10_2.12-3.3.1.jar
[2025-08-17 13:19:54,516] {subprocess.py:92} INFO - 25/08/17 13:19:54 INFO Executor: Fetching file:///home/***/.ivy2/jars/org.apache.kafka_kafka-clients-2.8.1.jar with timestamp 1755436792824
[2025-08-17 13:19:54,526] {subprocess.py:92} INFO - 25/08/17 13:19:54 INFO Utils: /home/***/.ivy2/jars/org.apache.kafka_kafka-clients-2.8.1.jar has been previously copied to /tmp/spark-0d7de3e1-d2fb-411a-bee3-72ec8b6f6a6c/userFiles-f8a3211c-8e6a-49f9-b0a7-0ca24c8e8861/org.apache.kafka_kafka-clients-2.8.1.jar
[2025-08-17 13:19:54,532] {subprocess.py:92} INFO - 25/08/17 13:19:54 INFO Executor: Fetching file:///home/***/.ivy2/jars/org.xerial.snappy_snappy-java-1.1.8.4.jar with timestamp 1755436792824
[2025-08-17 13:19:54,534] {subprocess.py:92} INFO - 25/08/17 13:19:54 INFO Utils: /home/***/.ivy2/jars/org.xerial.snappy_snappy-java-1.1.8.4.jar has been previously copied to /tmp/spark-0d7de3e1-d2fb-411a-bee3-72ec8b6f6a6c/userFiles-f8a3211c-8e6a-49f9-b0a7-0ca24c8e8861/org.xerial.snappy_snappy-java-1.1.8.4.jar
[2025-08-17 13:19:54,543] {subprocess.py:92} INFO - 25/08/17 13:19:54 INFO Executor: Fetching spark://a4b544519f2b:40077/jars/org.apache.kafka_kafka-clients-2.8.1.jar with timestamp 1755436792824
[2025-08-17 13:19:54,599] {subprocess.py:92} INFO - 25/08/17 13:19:54 INFO TransportClientFactory: Successfully created connection to a4b544519f2b/172.20.0.3:40077 after 37 ms (0 ms spent in bootstraps)
[2025-08-17 13:19:54,607] {subprocess.py:92} INFO - 25/08/17 13:19:54 INFO Utils: Fetching spark://a4b544519f2b:40077/jars/org.apache.kafka_kafka-clients-2.8.1.jar to /tmp/spark-0d7de3e1-d2fb-411a-bee3-72ec8b6f6a6c/userFiles-f8a3211c-8e6a-49f9-b0a7-0ca24c8e8861/fetchFileTemp5943691397200784528.tmp
[2025-08-17 13:19:54,710] {subprocess.py:92} INFO - 25/08/17 13:19:54 INFO Utils: /tmp/spark-0d7de3e1-d2fb-411a-bee3-72ec8b6f6a6c/userFiles-f8a3211c-8e6a-49f9-b0a7-0ca24c8e8861/fetchFileTemp5943691397200784528.tmp has been previously copied to /tmp/spark-0d7de3e1-d2fb-411a-bee3-72ec8b6f6a6c/userFiles-f8a3211c-8e6a-49f9-b0a7-0ca24c8e8861/org.apache.kafka_kafka-clients-2.8.1.jar
[2025-08-17 13:19:54,718] {subprocess.py:92} INFO - 25/08/17 13:19:54 INFO Executor: Adding file:/tmp/spark-0d7de3e1-d2fb-411a-bee3-72ec8b6f6a6c/userFiles-f8a3211c-8e6a-49f9-b0a7-0ca24c8e8861/org.apache.kafka_kafka-clients-2.8.1.jar to class loader
[2025-08-17 13:19:54,718] {subprocess.py:92} INFO - 25/08/17 13:19:54 INFO Executor: Fetching spark://a4b544519f2b:40077/jars/org.apache.commons_commons-pool2-2.11.1.jar with timestamp 1755436792824
[2025-08-17 13:19:54,720] {subprocess.py:92} INFO - 25/08/17 13:19:54 INFO Utils: Fetching spark://a4b544519f2b:40077/jars/org.apache.commons_commons-pool2-2.11.1.jar to /tmp/spark-0d7de3e1-d2fb-411a-bee3-72ec8b6f6a6c/userFiles-f8a3211c-8e6a-49f9-b0a7-0ca24c8e8861/fetchFileTemp1461854098130976660.tmp
[2025-08-17 13:19:54,723] {subprocess.py:92} INFO - 25/08/17 13:19:54 INFO Utils: /tmp/spark-0d7de3e1-d2fb-411a-bee3-72ec8b6f6a6c/userFiles-f8a3211c-8e6a-49f9-b0a7-0ca24c8e8861/fetchFileTemp1461854098130976660.tmp has been previously copied to /tmp/spark-0d7de3e1-d2fb-411a-bee3-72ec8b6f6a6c/userFiles-f8a3211c-8e6a-49f9-b0a7-0ca24c8e8861/org.apache.commons_commons-pool2-2.11.1.jar
[2025-08-17 13:19:54,729] {subprocess.py:92} INFO - 25/08/17 13:19:54 INFO Executor: Adding file:/tmp/spark-0d7de3e1-d2fb-411a-bee3-72ec8b6f6a6c/userFiles-f8a3211c-8e6a-49f9-b0a7-0ca24c8e8861/org.apache.commons_commons-pool2-2.11.1.jar to class loader
[2025-08-17 13:19:54,729] {subprocess.py:92} INFO - 25/08/17 13:19:54 INFO Executor: Fetching spark://a4b544519f2b:40077/jars/org.xerial.snappy_snappy-java-1.1.8.4.jar with timestamp 1755436792824
[2025-08-17 13:19:54,730] {subprocess.py:92} INFO - 25/08/17 13:19:54 INFO Utils: Fetching spark://a4b544519f2b:40077/jars/org.xerial.snappy_snappy-java-1.1.8.4.jar to /tmp/spark-0d7de3e1-d2fb-411a-bee3-72ec8b6f6a6c/userFiles-f8a3211c-8e6a-49f9-b0a7-0ca24c8e8861/fetchFileTemp15856163809113848524.tmp
[2025-08-17 13:19:54,744] {subprocess.py:92} INFO - 25/08/17 13:19:54 INFO Utils: /tmp/spark-0d7de3e1-d2fb-411a-bee3-72ec8b6f6a6c/userFiles-f8a3211c-8e6a-49f9-b0a7-0ca24c8e8861/fetchFileTemp15856163809113848524.tmp has been previously copied to /tmp/spark-0d7de3e1-d2fb-411a-bee3-72ec8b6f6a6c/userFiles-f8a3211c-8e6a-49f9-b0a7-0ca24c8e8861/org.xerial.snappy_snappy-java-1.1.8.4.jar
[2025-08-17 13:19:54,749] {subprocess.py:92} INFO - 25/08/17 13:19:54 INFO Executor: Adding file:/tmp/spark-0d7de3e1-d2fb-411a-bee3-72ec8b6f6a6c/userFiles-f8a3211c-8e6a-49f9-b0a7-0ca24c8e8861/org.xerial.snappy_snappy-java-1.1.8.4.jar to class loader
[2025-08-17 13:19:54,749] {subprocess.py:92} INFO - 25/08/17 13:19:54 INFO Executor: Fetching spark://a4b544519f2b:40077/jars/org.apache.hadoop_hadoop-client-api-3.3.2.jar with timestamp 1755436792824
[2025-08-17 13:19:54,750] {subprocess.py:92} INFO - 25/08/17 13:19:54 INFO Utils: Fetching spark://a4b544519f2b:40077/jars/org.apache.hadoop_hadoop-client-api-3.3.2.jar to /tmp/spark-0d7de3e1-d2fb-411a-bee3-72ec8b6f6a6c/userFiles-f8a3211c-8e6a-49f9-b0a7-0ca24c8e8861/fetchFileTemp5589988740924106287.tmp
[2025-08-17 13:19:54,837] {subprocess.py:92} INFO - 25/08/17 13:19:54 INFO Utils: /tmp/spark-0d7de3e1-d2fb-411a-bee3-72ec8b6f6a6c/userFiles-f8a3211c-8e6a-49f9-b0a7-0ca24c8e8861/fetchFileTemp5589988740924106287.tmp has been previously copied to /tmp/spark-0d7de3e1-d2fb-411a-bee3-72ec8b6f6a6c/userFiles-f8a3211c-8e6a-49f9-b0a7-0ca24c8e8861/org.apache.hadoop_hadoop-client-api-3.3.2.jar
[2025-08-17 13:19:54,855] {subprocess.py:92} INFO - 25/08/17 13:19:54 INFO Executor: Adding file:/tmp/spark-0d7de3e1-d2fb-411a-bee3-72ec8b6f6a6c/userFiles-f8a3211c-8e6a-49f9-b0a7-0ca24c8e8861/org.apache.hadoop_hadoop-client-api-3.3.2.jar to class loader
[2025-08-17 13:19:54,855] {subprocess.py:92} INFO - 25/08/17 13:19:54 INFO Executor: Fetching spark://a4b544519f2b:40077/jars/org.lz4_lz4-java-1.8.0.jar with timestamp 1755436792824
[2025-08-17 13:19:54,856] {subprocess.py:92} INFO - 25/08/17 13:19:54 INFO Utils: Fetching spark://a4b544519f2b:40077/jars/org.lz4_lz4-java-1.8.0.jar to /tmp/spark-0d7de3e1-d2fb-411a-bee3-72ec8b6f6a6c/userFiles-f8a3211c-8e6a-49f9-b0a7-0ca24c8e8861/fetchFileTemp5077914808547261641.tmp
[2025-08-17 13:19:54,861] {subprocess.py:92} INFO - 25/08/17 13:19:54 INFO Utils: /tmp/spark-0d7de3e1-d2fb-411a-bee3-72ec8b6f6a6c/userFiles-f8a3211c-8e6a-49f9-b0a7-0ca24c8e8861/fetchFileTemp5077914808547261641.tmp has been previously copied to /tmp/spark-0d7de3e1-d2fb-411a-bee3-72ec8b6f6a6c/userFiles-f8a3211c-8e6a-49f9-b0a7-0ca24c8e8861/org.lz4_lz4-java-1.8.0.jar
[2025-08-17 13:19:54,867] {subprocess.py:92} INFO - 25/08/17 13:19:54 INFO Executor: Adding file:/tmp/spark-0d7de3e1-d2fb-411a-bee3-72ec8b6f6a6c/userFiles-f8a3211c-8e6a-49f9-b0a7-0ca24c8e8861/org.lz4_lz4-java-1.8.0.jar to class loader
[2025-08-17 13:19:54,868] {subprocess.py:92} INFO - 25/08/17 13:19:54 INFO Executor: Fetching spark://a4b544519f2b:40077/jars/org.apache.spark_spark-sql-kafka-0-10_2.12-3.3.1.jar with timestamp 1755436792824
[2025-08-17 13:19:54,869] {subprocess.py:92} INFO - 25/08/17 13:19:54 INFO Utils: Fetching spark://a4b544519f2b:40077/jars/org.apache.spark_spark-sql-kafka-0-10_2.12-3.3.1.jar to /tmp/spark-0d7de3e1-d2fb-411a-bee3-72ec8b6f6a6c/userFiles-f8a3211c-8e6a-49f9-b0a7-0ca24c8e8861/fetchFileTemp7383612891861142778.tmp
[2025-08-17 13:19:54,873] {subprocess.py:92} INFO - 25/08/17 13:19:54 INFO Utils: /tmp/spark-0d7de3e1-d2fb-411a-bee3-72ec8b6f6a6c/userFiles-f8a3211c-8e6a-49f9-b0a7-0ca24c8e8861/fetchFileTemp7383612891861142778.tmp has been previously copied to /tmp/spark-0d7de3e1-d2fb-411a-bee3-72ec8b6f6a6c/userFiles-f8a3211c-8e6a-49f9-b0a7-0ca24c8e8861/org.apache.spark_spark-sql-kafka-0-10_2.12-3.3.1.jar
[2025-08-17 13:19:54,879] {subprocess.py:92} INFO - 25/08/17 13:19:54 INFO Executor: Adding file:/tmp/spark-0d7de3e1-d2fb-411a-bee3-72ec8b6f6a6c/userFiles-f8a3211c-8e6a-49f9-b0a7-0ca24c8e8861/org.apache.spark_spark-sql-kafka-0-10_2.12-3.3.1.jar to class loader
[2025-08-17 13:19:54,880] {subprocess.py:92} INFO - 25/08/17 13:19:54 INFO Executor: Fetching spark://a4b544519f2b:40077/jars/commons-logging_commons-logging-1.1.3.jar with timestamp 1755436792824
[2025-08-17 13:19:54,881] {subprocess.py:92} INFO - 25/08/17 13:19:54 INFO Utils: Fetching spark://a4b544519f2b:40077/jars/commons-logging_commons-logging-1.1.3.jar to /tmp/spark-0d7de3e1-d2fb-411a-bee3-72ec8b6f6a6c/userFiles-f8a3211c-8e6a-49f9-b0a7-0ca24c8e8861/fetchFileTemp488144114710058343.tmp
[2025-08-17 13:19:54,884] {subprocess.py:92} INFO - 25/08/17 13:19:54 INFO Utils: /tmp/spark-0d7de3e1-d2fb-411a-bee3-72ec8b6f6a6c/userFiles-f8a3211c-8e6a-49f9-b0a7-0ca24c8e8861/fetchFileTemp488144114710058343.tmp has been previously copied to /tmp/spark-0d7de3e1-d2fb-411a-bee3-72ec8b6f6a6c/userFiles-f8a3211c-8e6a-49f9-b0a7-0ca24c8e8861/commons-logging_commons-logging-1.1.3.jar
[2025-08-17 13:19:54,890] {subprocess.py:92} INFO - 25/08/17 13:19:54 INFO Executor: Adding file:/tmp/spark-0d7de3e1-d2fb-411a-bee3-72ec8b6f6a6c/userFiles-f8a3211c-8e6a-49f9-b0a7-0ca24c8e8861/commons-logging_commons-logging-1.1.3.jar to class loader
[2025-08-17 13:19:54,891] {subprocess.py:92} INFO - 25/08/17 13:19:54 INFO Executor: Fetching spark://a4b544519f2b:40077/jars/org.spark-project.spark_unused-1.0.0.jar with timestamp 1755436792824
[2025-08-17 13:19:54,892] {subprocess.py:92} INFO - 25/08/17 13:19:54 INFO Utils: Fetching spark://a4b544519f2b:40077/jars/org.spark-project.spark_unused-1.0.0.jar to /tmp/spark-0d7de3e1-d2fb-411a-bee3-72ec8b6f6a6c/userFiles-f8a3211c-8e6a-49f9-b0a7-0ca24c8e8861/fetchFileTemp12517362853717068601.tmp
[2025-08-17 13:19:54,894] {subprocess.py:92} INFO - 25/08/17 13:19:54 INFO Utils: /tmp/spark-0d7de3e1-d2fb-411a-bee3-72ec8b6f6a6c/userFiles-f8a3211c-8e6a-49f9-b0a7-0ca24c8e8861/fetchFileTemp12517362853717068601.tmp has been previously copied to /tmp/spark-0d7de3e1-d2fb-411a-bee3-72ec8b6f6a6c/userFiles-f8a3211c-8e6a-49f9-b0a7-0ca24c8e8861/org.spark-project.spark_unused-1.0.0.jar
[2025-08-17 13:19:54,901] {subprocess.py:92} INFO - 25/08/17 13:19:54 INFO Executor: Adding file:/tmp/spark-0d7de3e1-d2fb-411a-bee3-72ec8b6f6a6c/userFiles-f8a3211c-8e6a-49f9-b0a7-0ca24c8e8861/org.spark-project.spark_unused-1.0.0.jar to class loader
[2025-08-17 13:19:54,902] {subprocess.py:92} INFO - 25/08/17 13:19:54 INFO Executor: Fetching spark://a4b544519f2b:40077/jars/org.slf4j_slf4j-api-1.7.32.jar with timestamp 1755436792824
[2025-08-17 13:19:54,903] {subprocess.py:92} INFO - 25/08/17 13:19:54 INFO Utils: Fetching spark://a4b544519f2b:40077/jars/org.slf4j_slf4j-api-1.7.32.jar to /tmp/spark-0d7de3e1-d2fb-411a-bee3-72ec8b6f6a6c/userFiles-f8a3211c-8e6a-49f9-b0a7-0ca24c8e8861/fetchFileTemp11730502814991384252.tmp
[2025-08-17 13:19:54,906] {subprocess.py:92} INFO - 25/08/17 13:19:54 INFO Utils: /tmp/spark-0d7de3e1-d2fb-411a-bee3-72ec8b6f6a6c/userFiles-f8a3211c-8e6a-49f9-b0a7-0ca24c8e8861/fetchFileTemp11730502814991384252.tmp has been previously copied to /tmp/spark-0d7de3e1-d2fb-411a-bee3-72ec8b6f6a6c/userFiles-f8a3211c-8e6a-49f9-b0a7-0ca24c8e8861/org.slf4j_slf4j-api-1.7.32.jar
[2025-08-17 13:19:54,912] {subprocess.py:92} INFO - 25/08/17 13:19:54 INFO Executor: Adding file:/tmp/spark-0d7de3e1-d2fb-411a-bee3-72ec8b6f6a6c/userFiles-f8a3211c-8e6a-49f9-b0a7-0ca24c8e8861/org.slf4j_slf4j-api-1.7.32.jar to class loader
[2025-08-17 13:19:54,912] {subprocess.py:92} INFO - 25/08/17 13:19:54 INFO Executor: Fetching spark://a4b544519f2b:40077/jars/org.apache.spark_spark-token-provider-kafka-0-10_2.12-3.3.1.jar with timestamp 1755436792824
[2025-08-17 13:19:54,912] {subprocess.py:92} INFO - 25/08/17 13:19:54 INFO Utils: Fetching spark://a4b544519f2b:40077/jars/org.apache.spark_spark-token-provider-kafka-0-10_2.12-3.3.1.jar to /tmp/spark-0d7de3e1-d2fb-411a-bee3-72ec8b6f6a6c/userFiles-f8a3211c-8e6a-49f9-b0a7-0ca24c8e8861/fetchFileTemp13735291604679615810.tmp
[2025-08-17 13:19:54,916] {subprocess.py:92} INFO - 25/08/17 13:19:54 INFO Utils: /tmp/spark-0d7de3e1-d2fb-411a-bee3-72ec8b6f6a6c/userFiles-f8a3211c-8e6a-49f9-b0a7-0ca24c8e8861/fetchFileTemp13735291604679615810.tmp has been previously copied to /tmp/spark-0d7de3e1-d2fb-411a-bee3-72ec8b6f6a6c/userFiles-f8a3211c-8e6a-49f9-b0a7-0ca24c8e8861/org.apache.spark_spark-token-provider-kafka-0-10_2.12-3.3.1.jar
[2025-08-17 13:19:54,923] {subprocess.py:92} INFO - 25/08/17 13:19:54 INFO Executor: Adding file:/tmp/spark-0d7de3e1-d2fb-411a-bee3-72ec8b6f6a6c/userFiles-f8a3211c-8e6a-49f9-b0a7-0ca24c8e8861/org.apache.spark_spark-token-provider-kafka-0-10_2.12-3.3.1.jar to class loader
[2025-08-17 13:19:54,923] {subprocess.py:92} INFO - 25/08/17 13:19:54 INFO Executor: Fetching spark://a4b544519f2b:40077/jars/org.apache.hadoop_hadoop-client-runtime-3.3.2.jar with timestamp 1755436792824
[2025-08-17 13:19:54,925] {subprocess.py:92} INFO - 25/08/17 13:19:54 INFO Utils: Fetching spark://a4b544519f2b:40077/jars/org.apache.hadoop_hadoop-client-runtime-3.3.2.jar to /tmp/spark-0d7de3e1-d2fb-411a-bee3-72ec8b6f6a6c/userFiles-f8a3211c-8e6a-49f9-b0a7-0ca24c8e8861/fetchFileTemp3468152646234621.tmp
[2025-08-17 13:19:55,086] {subprocess.py:92} INFO - 25/08/17 13:19:55 INFO Utils: /tmp/spark-0d7de3e1-d2fb-411a-bee3-72ec8b6f6a6c/userFiles-f8a3211c-8e6a-49f9-b0a7-0ca24c8e8861/fetchFileTemp3468152646234621.tmp has been previously copied to /tmp/spark-0d7de3e1-d2fb-411a-bee3-72ec8b6f6a6c/userFiles-f8a3211c-8e6a-49f9-b0a7-0ca24c8e8861/org.apache.hadoop_hadoop-client-runtime-3.3.2.jar
[2025-08-17 13:19:55,099] {subprocess.py:92} INFO - 25/08/17 13:19:55 INFO Executor: Adding file:/tmp/spark-0d7de3e1-d2fb-411a-bee3-72ec8b6f6a6c/userFiles-f8a3211c-8e6a-49f9-b0a7-0ca24c8e8861/org.apache.hadoop_hadoop-client-runtime-3.3.2.jar to class loader
[2025-08-17 13:19:55,099] {subprocess.py:92} INFO - 25/08/17 13:19:55 INFO Executor: Fetching spark://a4b544519f2b:40077/jars/com.google.code.findbugs_jsr305-3.0.0.jar with timestamp 1755436792824
[2025-08-17 13:19:55,100] {subprocess.py:92} INFO - 25/08/17 13:19:55 INFO Utils: Fetching spark://a4b544519f2b:40077/jars/com.google.code.findbugs_jsr305-3.0.0.jar to /tmp/spark-0d7de3e1-d2fb-411a-bee3-72ec8b6f6a6c/userFiles-f8a3211c-8e6a-49f9-b0a7-0ca24c8e8861/fetchFileTemp2098013269345712721.tmp
[2025-08-17 13:19:55,103] {subprocess.py:92} INFO - 25/08/17 13:19:55 INFO Utils: /tmp/spark-0d7de3e1-d2fb-411a-bee3-72ec8b6f6a6c/userFiles-f8a3211c-8e6a-49f9-b0a7-0ca24c8e8861/fetchFileTemp2098013269345712721.tmp has been previously copied to /tmp/spark-0d7de3e1-d2fb-411a-bee3-72ec8b6f6a6c/userFiles-f8a3211c-8e6a-49f9-b0a7-0ca24c8e8861/com.google.code.findbugs_jsr305-3.0.0.jar
[2025-08-17 13:19:55,108] {subprocess.py:92} INFO - 25/08/17 13:19:55 INFO Executor: Adding file:/tmp/spark-0d7de3e1-d2fb-411a-bee3-72ec8b6f6a6c/userFiles-f8a3211c-8e6a-49f9-b0a7-0ca24c8e8861/com.google.code.findbugs_jsr305-3.0.0.jar to class loader
[2025-08-17 13:19:55,121] {subprocess.py:92} INFO - 25/08/17 13:19:55 INFO Utils: Successfully started service 'org.apache.spark.network.netty.NettyBlockTransferService' on port 40231.
[2025-08-17 13:19:55,122] {subprocess.py:92} INFO - 25/08/17 13:19:55 INFO NettyBlockTransferService: Server created on a4b544519f2b:40231
[2025-08-17 13:19:55,125] {subprocess.py:92} INFO - 25/08/17 13:19:55 INFO BlockManager: Using org.apache.spark.storage.RandomBlockReplicationPolicy for block replication policy
[2025-08-17 13:19:55,133] {subprocess.py:92} INFO - 25/08/17 13:19:55 INFO BlockManagerMaster: Registering BlockManager BlockManagerId(driver, a4b544519f2b, 40231, None)
[2025-08-17 13:19:55,138] {subprocess.py:92} INFO - 25/08/17 13:19:55 INFO BlockManagerMasterEndpoint: Registering block manager a4b544519f2b:40231 with 434.4 MiB RAM, BlockManagerId(driver, a4b544519f2b, 40231, None)
[2025-08-17 13:19:55,142] {subprocess.py:92} INFO - 25/08/17 13:19:55 INFO BlockManagerMaster: Registered BlockManager BlockManagerId(driver, a4b544519f2b, 40231, None)
[2025-08-17 13:19:55,144] {subprocess.py:92} INFO - 25/08/17 13:19:55 INFO BlockManager: Initialized BlockManager: BlockManagerId(driver, a4b544519f2b, 40231, None)
[2025-08-17 13:19:55,834] {subprocess.py:92} INFO - Connexion à Kafka...
[2025-08-17 13:19:58,745] {subprocess.py:92} INFO - Connexion Kafka réussie (kafka:9092)
[2025-08-17 13:19:58,746] {subprocess.py:92} INFO - Transformation des données JSON...
[2025-08-17 13:19:59,096] {subprocess.py:92} INFO - Démarrage du streaming vers HDFS...
[2025-08-17 13:20:00,326] {subprocess.py:92} INFO - Streaming actif - Données météo sauvegardées dans HDFS:/data/weather
[2025-08-17 13:47:16,585] {local_task_job.py:221} WARNING - State of this instance has been externally set to up_for_retry. Terminating instance.
[2025-08-17 13:47:16,590] {process_utils.py:129} INFO - Sending Signals.SIGTERM to group 22422. PIDs of all processes in the group: [22423, 22522, 22422]
[2025-08-17 13:47:16,590] {process_utils.py:80} INFO - Sending the signal Signals.SIGTERM to group 22422
[2025-08-17 13:47:16,590] {taskinstance.py:1541} ERROR - Received SIGTERM. Terminating subprocesses.
[2025-08-17 13:47:16,591] {subprocess.py:103} INFO - Sending SIGTERM signal to process group
[2025-08-17 13:47:16,622] {taskinstance.py:1889} ERROR - Task failed with exception
Traceback (most recent call last):
  File "/home/airflow/.local/lib/python3.7/site-packages/airflow/operators/bash.py", line 189, in execute
    cwd=self.cwd,
  File "/home/airflow/.local/lib/python3.7/site-packages/airflow/hooks/subprocess.py", line 90, in run_command
    for raw_line in iter(self.sub_process.stdout.readline, b''):
  File "/home/airflow/.local/lib/python3.7/site-packages/airflow/models/taskinstance.py", line 1543, in signal_handler
    raise AirflowException("Task received SIGTERM signal")
airflow.exceptions.AirflowException: Task received SIGTERM signal
[2025-08-17 13:47:16,632] {taskinstance.py:1400} INFO - Marking task as FAILED. dag_id=send_weather_to_kafka, task_id=stream_hdfs, execution_date=20250817T111909, start_date=20250817T131946, end_date=20250817T134716
[2025-08-17 13:47:16,657] {standard_task_runner.py:97} ERROR - Failed to execute job 262 for task stream_hdfs (Task received SIGTERM signal; 22422)
[2025-08-17 13:47:16,682] {process_utils.py:75} INFO - Process psutil.Process(pid=22422, status='terminated', exitcode=1, started='13:19:45') (22422) terminated with exit code 1
[2025-08-17 13:47:16,683] {process_utils.py:75} INFO - Process psutil.Process(pid=22522, status='terminated', started='13:19:50') (22522) terminated with exit code None
[2025-08-17 13:47:16,816] {process_utils.py:75} INFO - Process psutil.Process(pid=22423, status='terminated', started='13:19:46') (22423) terminated with exit code None
