[2025-08-18 13:16:16,971] {taskinstance.py:1159} INFO - Dependencies all met for <TaskInstance: send_weather_to_kafka.stream_hdfs scheduled__2025-08-18T11:15:37.816351+00:00 [queued]>
[2025-08-18 13:16:16,985] {taskinstance.py:1159} INFO - Dependencies all met for <TaskInstance: send_weather_to_kafka.stream_hdfs scheduled__2025-08-18T11:15:37.816351+00:00 [queued]>
[2025-08-18 13:16:16,986] {taskinstance.py:1356} INFO - 
--------------------------------------------------------------------------------
[2025-08-18 13:16:16,986] {taskinstance.py:1357} INFO - Starting attempt 1 of 2
[2025-08-18 13:16:16,986] {taskinstance.py:1358} INFO - 
--------------------------------------------------------------------------------
[2025-08-18 13:16:17,005] {taskinstance.py:1377} INFO - Executing <Task(BashOperator): stream_hdfs> on 2025-08-18 11:15:37.816351+00:00
[2025-08-18 13:16:17,012] {standard_task_runner.py:52} INFO - Started process 3942 to run task
[2025-08-18 13:16:17,016] {standard_task_runner.py:79} INFO - Running: ['***', 'tasks', 'run', 'send_weather_to_kafka', 'stream_hdfs', 'scheduled__2025-08-18T11:15:37.816351+00:00', '--job-id', '282', '--raw', '--subdir', 'DAGS_FOLDER/dag_meteo.py', '--cfg-path', '/tmp/tmpq55qh6ge', '--error-file', '/tmp/tmpgxcley77']
[2025-08-18 13:16:17,017] {standard_task_runner.py:80} INFO - Job 282: Subtask stream_hdfs
[2025-08-18 13:16:17,042] {logging_mixin.py:115} WARNING - /home/***/.local/lib/python3.7/site-packages/***/configuration.py:470 DeprecationWarning: The sql_alchemy_conn option in [core] has been moved to the sql_alchemy_conn option in [database] - the old setting has been used, but please update your config.
[2025-08-18 13:16:17,094] {task_command.py:369} INFO - Running <TaskInstance: send_weather_to_kafka.stream_hdfs scheduled__2025-08-18T11:15:37.816351+00:00 [running]> on host a4b544519f2b
[2025-08-18 13:16:17,199] {taskinstance.py:1571} INFO - Exporting the following env vars:
AIRFLOW_CTX_DAG_OWNER=***
AIRFLOW_CTX_DAG_ID=send_weather_to_kafka
AIRFLOW_CTX_TASK_ID=stream_hdfs
AIRFLOW_CTX_EXECUTION_DATE=2025-08-18T11:15:37.816351+00:00
AIRFLOW_CTX_TRY_NUMBER=1
AIRFLOW_CTX_DAG_RUN_ID=scheduled__2025-08-18T11:15:37.816351+00:00
[2025-08-18 13:16:17,200] {subprocess.py:62} INFO - Tmp dir root location: 
 /tmp
[2025-08-18 13:16:17,200] {subprocess.py:74} INFO - Running command: ['bash', '-c', '\n/home/***/.local/bin/spark-submit   --master local[*]   --conf spark.hadoop.fs.defaultFS=hdfs://namenode:9000   --conf spark.hadoop.dfs.client.use.datanode.hostname=true   --conf spark.sql.adaptive.enabled=false   --packages org.apache.spark:spark-sql-kafka-0-10_2.12:3.3.1   /opt/***/scripts/pyspark/streaming.py']
[2025-08-18 13:16:17,213] {subprocess.py:85} INFO - Output:
[2025-08-18 13:16:17,232] {subprocess.py:92} INFO - /opt/spark-3.3.1-bin-hadoop3/bin/load-spark-env.sh: line 68: ps: command not found
[2025-08-18 13:16:19,258] {subprocess.py:92} INFO - :: loading settings :: url = jar:file:/opt/spark-3.3.1-bin-hadoop3/jars/ivy-2.5.0.jar!/org/apache/ivy/core/settings/ivysettings.xml
[2025-08-18 13:16:19,358] {subprocess.py:92} INFO - Ivy Default Cache set to: /home/***/.ivy2/cache
[2025-08-18 13:16:19,359] {subprocess.py:92} INFO - The jars for the packages stored in: /home/***/.ivy2/jars
[2025-08-18 13:16:19,364] {subprocess.py:92} INFO - org.apache.spark#spark-sql-kafka-0-10_2.12 added as a dependency
[2025-08-18 13:16:19,365] {subprocess.py:92} INFO - :: resolving dependencies :: org.apache.spark#spark-submit-parent-75cf5862-31ef-4036-9891-977fea31ac8e;1.0
[2025-08-18 13:16:19,365] {subprocess.py:92} INFO - 	confs: [default]
[2025-08-18 13:16:19,521] {subprocess.py:92} INFO - 	found org.apache.spark#spark-sql-kafka-0-10_2.12;3.3.1 in spark-list
[2025-08-18 13:16:19,578] {subprocess.py:92} INFO - 	found org.apache.spark#spark-token-provider-kafka-0-10_2.12;3.3.1 in central
[2025-08-18 13:16:19,609] {subprocess.py:92} INFO - 	found org.apache.kafka#kafka-clients;2.8.1 in central
[2025-08-18 13:16:19,636] {subprocess.py:92} INFO - 	found org.lz4#lz4-java;1.8.0 in spark-list
[2025-08-18 13:16:19,657] {subprocess.py:92} INFO - 	found org.xerial.snappy#snappy-java;1.1.8.4 in central
[2025-08-18 13:16:19,676] {subprocess.py:92} INFO - 	found org.slf4j#slf4j-api;1.7.32 in central
[2025-08-18 13:16:19,700] {subprocess.py:92} INFO - 	found org.apache.hadoop#hadoop-client-runtime;3.3.2 in central
[2025-08-18 13:16:19,713] {subprocess.py:92} INFO - 	found org.spark-project.spark#unused;1.0.0 in central
[2025-08-18 13:16:19,735] {subprocess.py:92} INFO - 	found org.apache.hadoop#hadoop-client-api;3.3.2 in central
[2025-08-18 13:16:19,756] {subprocess.py:92} INFO - 	found commons-logging#commons-logging;1.1.3 in central
[2025-08-18 13:16:19,772] {subprocess.py:92} INFO - 	found com.google.code.findbugs#jsr305;3.0.0 in central
[2025-08-18 13:16:19,786] {subprocess.py:92} INFO - 	found org.apache.commons#commons-pool2;2.11.1 in central
[2025-08-18 13:16:19,810] {subprocess.py:92} INFO - :: resolution report :: resolve 434ms :: artifacts dl 12ms
[2025-08-18 13:16:19,810] {subprocess.py:92} INFO - 	:: modules in use:
[2025-08-18 13:16:19,810] {subprocess.py:92} INFO - 	com.google.code.findbugs#jsr305;3.0.0 from central in [default]
[2025-08-18 13:16:19,811] {subprocess.py:92} INFO - 	commons-logging#commons-logging;1.1.3 from central in [default]
[2025-08-18 13:16:19,811] {subprocess.py:92} INFO - 	org.apache.commons#commons-pool2;2.11.1 from central in [default]
[2025-08-18 13:16:19,811] {subprocess.py:92} INFO - 	org.apache.hadoop#hadoop-client-api;3.3.2 from central in [default]
[2025-08-18 13:16:19,811] {subprocess.py:92} INFO - 	org.apache.hadoop#hadoop-client-runtime;3.3.2 from central in [default]
[2025-08-18 13:16:19,811] {subprocess.py:92} INFO - 	org.apache.kafka#kafka-clients;2.8.1 from central in [default]
[2025-08-18 13:16:19,811] {subprocess.py:92} INFO - 	org.apache.spark#spark-sql-kafka-0-10_2.12;3.3.1 from spark-list in [default]
[2025-08-18 13:16:19,811] {subprocess.py:92} INFO - 	org.apache.spark#spark-token-provider-kafka-0-10_2.12;3.3.1 from central in [default]
[2025-08-18 13:16:19,811] {subprocess.py:92} INFO - 	org.lz4#lz4-java;1.8.0 from spark-list in [default]
[2025-08-18 13:16:19,811] {subprocess.py:92} INFO - 	org.slf4j#slf4j-api;1.7.32 from central in [default]
[2025-08-18 13:16:19,811] {subprocess.py:92} INFO - 	org.spark-project.spark#unused;1.0.0 from central in [default]
[2025-08-18 13:16:19,811] {subprocess.py:92} INFO - 	org.xerial.snappy#snappy-java;1.1.8.4 from central in [default]
[2025-08-18 13:16:19,811] {subprocess.py:92} INFO - 	---------------------------------------------------------------------
[2025-08-18 13:16:19,812] {subprocess.py:92} INFO - 	|                  |            modules            ||   artifacts   |
[2025-08-18 13:16:19,812] {subprocess.py:92} INFO - 	|       conf       | number| search|dwnlded|evicted|| number|dwnlded|
[2025-08-18 13:16:19,812] {subprocess.py:92} INFO - 	---------------------------------------------------------------------
[2025-08-18 13:16:19,812] {subprocess.py:92} INFO - 	|      default     |   12  |   0   |   0   |   0   ||   12  |   0   |
[2025-08-18 13:16:19,812] {subprocess.py:92} INFO - 	---------------------------------------------------------------------
[2025-08-18 13:16:19,817] {subprocess.py:92} INFO - :: retrieving :: org.apache.spark#spark-submit-parent-75cf5862-31ef-4036-9891-977fea31ac8e
[2025-08-18 13:16:19,818] {subprocess.py:92} INFO - 	confs: [default]
[2025-08-18 13:16:19,826] {subprocess.py:92} INFO - 	0 artifacts copied, 12 already retrieved (0kB/8ms)
[2025-08-18 13:16:20,065] {subprocess.py:92} INFO - 25/08/18 13:16:20 WARN NativeCodeLoader: Unable to load native-hadoop library for your platform... using builtin-java classes where applicable
[2025-08-18 13:16:21,577] {subprocess.py:92} INFO - 25/08/18 13:16:21 INFO SparkContext: Running Spark version 3.3.1
[2025-08-18 13:16:21,613] {subprocess.py:92} INFO - 25/08/18 13:16:21 INFO ResourceUtils: ==============================================================
[2025-08-18 13:16:21,613] {subprocess.py:92} INFO - 25/08/18 13:16:21 INFO ResourceUtils: No custom resources configured for spark.driver.
[2025-08-18 13:16:21,614] {subprocess.py:92} INFO - 25/08/18 13:16:21 INFO ResourceUtils: ==============================================================
[2025-08-18 13:16:21,614] {subprocess.py:92} INFO - 25/08/18 13:16:21 INFO SparkContext: Submitted application: KafkaToHDFSWeather
[2025-08-18 13:16:21,652] {subprocess.py:92} INFO - 25/08/18 13:16:21 INFO ResourceProfile: Default ResourceProfile created, executor resources: Map(cores -> name: cores, amount: 1, script: , vendor: , memory -> name: memory, amount: 1024, script: , vendor: , offHeap -> name: offHeap, amount: 0, script: , vendor: ), task resources: Map(cpus -> name: cpus, amount: 1.0)
[2025-08-18 13:16:21,664] {subprocess.py:92} INFO - 25/08/18 13:16:21 INFO ResourceProfile: Limiting resource is cpu
[2025-08-18 13:16:21,665] {subprocess.py:92} INFO - 25/08/18 13:16:21 INFO ResourceProfileManager: Added ResourceProfile id: 0
[2025-08-18 13:16:21,732] {subprocess.py:92} INFO - 25/08/18 13:16:21 INFO SecurityManager: Changing view acls to: ***
[2025-08-18 13:16:21,733] {subprocess.py:92} INFO - 25/08/18 13:16:21 INFO SecurityManager: Changing modify acls to: ***
[2025-08-18 13:16:21,734] {subprocess.py:92} INFO - 25/08/18 13:16:21 INFO SecurityManager: Changing view acls groups to:
[2025-08-18 13:16:21,734] {subprocess.py:92} INFO - 25/08/18 13:16:21 INFO SecurityManager: Changing modify acls groups to:
[2025-08-18 13:16:21,735] {subprocess.py:92} INFO - 25/08/18 13:16:21 INFO SecurityManager: SecurityManager: authentication disabled; ui acls disabled; users  with view permissions: Set(***); groups with view permissions: Set(); users  with modify permissions: Set(***); groups with modify permissions: Set()
[2025-08-18 13:16:22,085] {subprocess.py:92} INFO - 25/08/18 13:16:22 INFO Utils: Successfully started service 'sparkDriver' on port 38221.
[2025-08-18 13:16:22,142] {subprocess.py:92} INFO - 25/08/18 13:16:22 INFO SparkEnv: Registering MapOutputTracker
[2025-08-18 13:16:22,183] {subprocess.py:92} INFO - 25/08/18 13:16:22 INFO SparkEnv: Registering BlockManagerMaster
[2025-08-18 13:16:22,213] {subprocess.py:92} INFO - 25/08/18 13:16:22 INFO BlockManagerMasterEndpoint: Using org.apache.spark.storage.DefaultTopologyMapper for getting topology information
[2025-08-18 13:16:22,214] {subprocess.py:92} INFO - 25/08/18 13:16:22 INFO BlockManagerMasterEndpoint: BlockManagerMasterEndpoint up
[2025-08-18 13:16:22,221] {subprocess.py:92} INFO - 25/08/18 13:16:22 INFO SparkEnv: Registering BlockManagerMasterHeartbeat
[2025-08-18 13:16:22,257] {subprocess.py:92} INFO - 25/08/18 13:16:22 INFO DiskBlockManager: Created local directory at /tmp/blockmgr-68548c8a-b0b5-43ef-92b3-042334024023
[2025-08-18 13:16:22,288] {subprocess.py:92} INFO - 25/08/18 13:16:22 INFO MemoryStore: MemoryStore started with capacity 434.4 MiB
[2025-08-18 13:16:22,315] {subprocess.py:92} INFO - 25/08/18 13:16:22 INFO SparkEnv: Registering OutputCommitCoordinator
[2025-08-18 13:16:22,649] {subprocess.py:92} INFO - 25/08/18 13:16:22 WARN Utils: Service 'SparkUI' could not bind on port 4040. Attempting port 4041.
[2025-08-18 13:16:22,668] {subprocess.py:92} INFO - 25/08/18 13:16:22 INFO Utils: Successfully started service 'SparkUI' on port 4041.
[2025-08-18 13:16:22,744] {subprocess.py:92} INFO - 25/08/18 13:16:22 INFO SparkContext: Added JAR file:///home/***/.ivy2/jars/org.apache.spark_spark-sql-kafka-0-10_2.12-3.3.1.jar at spark://a4b544519f2b:38221/jars/org.apache.spark_spark-sql-kafka-0-10_2.12-3.3.1.jar with timestamp 1755522981563
[2025-08-18 13:16:22,744] {subprocess.py:92} INFO - 25/08/18 13:16:22 INFO SparkContext: Added JAR file:///home/***/.ivy2/jars/org.apache.spark_spark-token-provider-kafka-0-10_2.12-3.3.1.jar at spark://a4b544519f2b:38221/jars/org.apache.spark_spark-token-provider-kafka-0-10_2.12-3.3.1.jar with timestamp 1755522981563
[2025-08-18 13:16:22,745] {subprocess.py:92} INFO - 25/08/18 13:16:22 INFO SparkContext: Added JAR file:///home/***/.ivy2/jars/org.apache.kafka_kafka-clients-2.8.1.jar at spark://a4b544519f2b:38221/jars/org.apache.kafka_kafka-clients-2.8.1.jar with timestamp 1755522981563
[2025-08-18 13:16:22,745] {subprocess.py:92} INFO - 25/08/18 13:16:22 INFO SparkContext: Added JAR file:///home/***/.ivy2/jars/com.google.code.findbugs_jsr305-3.0.0.jar at spark://a4b544519f2b:38221/jars/com.google.code.findbugs_jsr305-3.0.0.jar with timestamp 1755522981563
[2025-08-18 13:16:22,745] {subprocess.py:92} INFO - 25/08/18 13:16:22 INFO SparkContext: Added JAR file:///home/***/.ivy2/jars/org.apache.commons_commons-pool2-2.11.1.jar at spark://a4b544519f2b:38221/jars/org.apache.commons_commons-pool2-2.11.1.jar with timestamp 1755522981563
[2025-08-18 13:16:22,745] {subprocess.py:92} INFO - 25/08/18 13:16:22 INFO SparkContext: Added JAR file:///home/***/.ivy2/jars/org.spark-project.spark_unused-1.0.0.jar at spark://a4b544519f2b:38221/jars/org.spark-project.spark_unused-1.0.0.jar with timestamp 1755522981563
[2025-08-18 13:16:22,746] {subprocess.py:92} INFO - 25/08/18 13:16:22 INFO SparkContext: Added JAR file:///home/***/.ivy2/jars/org.apache.hadoop_hadoop-client-runtime-3.3.2.jar at spark://a4b544519f2b:38221/jars/org.apache.hadoop_hadoop-client-runtime-3.3.2.jar with timestamp 1755522981563
[2025-08-18 13:16:22,746] {subprocess.py:92} INFO - 25/08/18 13:16:22 INFO SparkContext: Added JAR file:///home/***/.ivy2/jars/org.lz4_lz4-java-1.8.0.jar at spark://a4b544519f2b:38221/jars/org.lz4_lz4-java-1.8.0.jar with timestamp 1755522981563
[2025-08-18 13:16:22,746] {subprocess.py:92} INFO - 25/08/18 13:16:22 INFO SparkContext: Added JAR file:///home/***/.ivy2/jars/org.xerial.snappy_snappy-java-1.1.8.4.jar at spark://a4b544519f2b:38221/jars/org.xerial.snappy_snappy-java-1.1.8.4.jar with timestamp 1755522981563
[2025-08-18 13:16:22,747] {subprocess.py:92} INFO - 25/08/18 13:16:22 INFO SparkContext: Added JAR file:///home/***/.ivy2/jars/org.slf4j_slf4j-api-1.7.32.jar at spark://a4b544519f2b:38221/jars/org.slf4j_slf4j-api-1.7.32.jar with timestamp 1755522981563
[2025-08-18 13:16:22,747] {subprocess.py:92} INFO - 25/08/18 13:16:22 INFO SparkContext: Added JAR file:///home/***/.ivy2/jars/org.apache.hadoop_hadoop-client-api-3.3.2.jar at spark://a4b544519f2b:38221/jars/org.apache.hadoop_hadoop-client-api-3.3.2.jar with timestamp 1755522981563
[2025-08-18 13:16:22,747] {subprocess.py:92} INFO - 25/08/18 13:16:22 INFO SparkContext: Added JAR file:///home/***/.ivy2/jars/commons-logging_commons-logging-1.1.3.jar at spark://a4b544519f2b:38221/jars/commons-logging_commons-logging-1.1.3.jar with timestamp 1755522981563
[2025-08-18 13:16:22,752] {subprocess.py:92} INFO - 25/08/18 13:16:22 INFO SparkContext: Added file file:///home/***/.ivy2/jars/org.apache.spark_spark-sql-kafka-0-10_2.12-3.3.1.jar at file:///home/***/.ivy2/jars/org.apache.spark_spark-sql-kafka-0-10_2.12-3.3.1.jar with timestamp 1755522981563
[2025-08-18 13:16:22,754] {subprocess.py:92} INFO - 25/08/18 13:16:22 INFO Utils: Copying /home/***/.ivy2/jars/org.apache.spark_spark-sql-kafka-0-10_2.12-3.3.1.jar to /tmp/spark-fbbb5139-e5f6-4b05-961a-9135466978bd/userFiles-c39267c4-e59b-4f75-aa88-f5371a88fd5c/org.apache.spark_spark-sql-kafka-0-10_2.12-3.3.1.jar
[2025-08-18 13:16:22,775] {subprocess.py:92} INFO - 25/08/18 13:16:22 INFO SparkContext: Added file file:///home/***/.ivy2/jars/org.apache.spark_spark-token-provider-kafka-0-10_2.12-3.3.1.jar at file:///home/***/.ivy2/jars/org.apache.spark_spark-token-provider-kafka-0-10_2.12-3.3.1.jar with timestamp 1755522981563
[2025-08-18 13:16:22,775] {subprocess.py:92} INFO - 25/08/18 13:16:22 INFO Utils: Copying /home/***/.ivy2/jars/org.apache.spark_spark-token-provider-kafka-0-10_2.12-3.3.1.jar to /tmp/spark-fbbb5139-e5f6-4b05-961a-9135466978bd/userFiles-c39267c4-e59b-4f75-aa88-f5371a88fd5c/org.apache.spark_spark-token-provider-kafka-0-10_2.12-3.3.1.jar
[2025-08-18 13:16:22,783] {subprocess.py:92} INFO - 25/08/18 13:16:22 INFO SparkContext: Added file file:///home/***/.ivy2/jars/org.apache.kafka_kafka-clients-2.8.1.jar at file:///home/***/.ivy2/jars/org.apache.kafka_kafka-clients-2.8.1.jar with timestamp 1755522981563
[2025-08-18 13:16:22,783] {subprocess.py:92} INFO - 25/08/18 13:16:22 INFO Utils: Copying /home/***/.ivy2/jars/org.apache.kafka_kafka-clients-2.8.1.jar to /tmp/spark-fbbb5139-e5f6-4b05-961a-9135466978bd/userFiles-c39267c4-e59b-4f75-aa88-f5371a88fd5c/org.apache.kafka_kafka-clients-2.8.1.jar
[2025-08-18 13:16:22,801] {subprocess.py:92} INFO - 25/08/18 13:16:22 INFO SparkContext: Added file file:///home/***/.ivy2/jars/com.google.code.findbugs_jsr305-3.0.0.jar at file:///home/***/.ivy2/jars/com.google.code.findbugs_jsr305-3.0.0.jar with timestamp 1755522981563
[2025-08-18 13:16:22,801] {subprocess.py:92} INFO - 25/08/18 13:16:22 INFO Utils: Copying /home/***/.ivy2/jars/com.google.code.findbugs_jsr305-3.0.0.jar to /tmp/spark-fbbb5139-e5f6-4b05-961a-9135466978bd/userFiles-c39267c4-e59b-4f75-aa88-f5371a88fd5c/com.google.code.findbugs_jsr305-3.0.0.jar
[2025-08-18 13:16:22,809] {subprocess.py:92} INFO - 25/08/18 13:16:22 INFO SparkContext: Added file file:///home/***/.ivy2/jars/org.apache.commons_commons-pool2-2.11.1.jar at file:///home/***/.ivy2/jars/org.apache.commons_commons-pool2-2.11.1.jar with timestamp 1755522981563
[2025-08-18 13:16:22,809] {subprocess.py:92} INFO - 25/08/18 13:16:22 INFO Utils: Copying /home/***/.ivy2/jars/org.apache.commons_commons-pool2-2.11.1.jar to /tmp/spark-fbbb5139-e5f6-4b05-961a-9135466978bd/userFiles-c39267c4-e59b-4f75-aa88-f5371a88fd5c/org.apache.commons_commons-pool2-2.11.1.jar
[2025-08-18 13:16:22,817] {subprocess.py:92} INFO - 25/08/18 13:16:22 INFO SparkContext: Added file file:///home/***/.ivy2/jars/org.spark-project.spark_unused-1.0.0.jar at file:///home/***/.ivy2/jars/org.spark-project.spark_unused-1.0.0.jar with timestamp 1755522981563
[2025-08-18 13:16:22,818] {subprocess.py:92} INFO - 25/08/18 13:16:22 INFO Utils: Copying /home/***/.ivy2/jars/org.spark-project.spark_unused-1.0.0.jar to /tmp/spark-fbbb5139-e5f6-4b05-961a-9135466978bd/userFiles-c39267c4-e59b-4f75-aa88-f5371a88fd5c/org.spark-project.spark_unused-1.0.0.jar
[2025-08-18 13:16:22,825] {subprocess.py:92} INFO - 25/08/18 13:16:22 INFO SparkContext: Added file file:///home/***/.ivy2/jars/org.apache.hadoop_hadoop-client-runtime-3.3.2.jar at file:///home/***/.ivy2/jars/org.apache.hadoop_hadoop-client-runtime-3.3.2.jar with timestamp 1755522981563
[2025-08-18 13:16:22,826] {subprocess.py:92} INFO - 25/08/18 13:16:22 INFO Utils: Copying /home/***/.ivy2/jars/org.apache.hadoop_hadoop-client-runtime-3.3.2.jar to /tmp/spark-fbbb5139-e5f6-4b05-961a-9135466978bd/userFiles-c39267c4-e59b-4f75-aa88-f5371a88fd5c/org.apache.hadoop_hadoop-client-runtime-3.3.2.jar
[2025-08-18 13:16:22,899] {subprocess.py:92} INFO - 25/08/18 13:16:22 INFO SparkContext: Added file file:///home/***/.ivy2/jars/org.lz4_lz4-java-1.8.0.jar at file:///home/***/.ivy2/jars/org.lz4_lz4-java-1.8.0.jar with timestamp 1755522981563
[2025-08-18 13:16:22,899] {subprocess.py:92} INFO - 25/08/18 13:16:22 INFO Utils: Copying /home/***/.ivy2/jars/org.lz4_lz4-java-1.8.0.jar to /tmp/spark-fbbb5139-e5f6-4b05-961a-9135466978bd/userFiles-c39267c4-e59b-4f75-aa88-f5371a88fd5c/org.lz4_lz4-java-1.8.0.jar
[2025-08-18 13:16:22,908] {subprocess.py:92} INFO - 25/08/18 13:16:22 INFO SparkContext: Added file file:///home/***/.ivy2/jars/org.xerial.snappy_snappy-java-1.1.8.4.jar at file:///home/***/.ivy2/jars/org.xerial.snappy_snappy-java-1.1.8.4.jar with timestamp 1755522981563
[2025-08-18 13:16:22,908] {subprocess.py:92} INFO - 25/08/18 13:16:22 INFO Utils: Copying /home/***/.ivy2/jars/org.xerial.snappy_snappy-java-1.1.8.4.jar to /tmp/spark-fbbb5139-e5f6-4b05-961a-9135466978bd/userFiles-c39267c4-e59b-4f75-aa88-f5371a88fd5c/org.xerial.snappy_snappy-java-1.1.8.4.jar
[2025-08-18 13:16:22,920] {subprocess.py:92} INFO - 25/08/18 13:16:22 INFO SparkContext: Added file file:///home/***/.ivy2/jars/org.slf4j_slf4j-api-1.7.32.jar at file:///home/***/.ivy2/jars/org.slf4j_slf4j-api-1.7.32.jar with timestamp 1755522981563
[2025-08-18 13:16:22,920] {subprocess.py:92} INFO - 25/08/18 13:16:22 INFO Utils: Copying /home/***/.ivy2/jars/org.slf4j_slf4j-api-1.7.32.jar to /tmp/spark-fbbb5139-e5f6-4b05-961a-9135466978bd/userFiles-c39267c4-e59b-4f75-aa88-f5371a88fd5c/org.slf4j_slf4j-api-1.7.32.jar
[2025-08-18 13:16:22,928] {subprocess.py:92} INFO - 25/08/18 13:16:22 INFO SparkContext: Added file file:///home/***/.ivy2/jars/org.apache.hadoop_hadoop-client-api-3.3.2.jar at file:///home/***/.ivy2/jars/org.apache.hadoop_hadoop-client-api-3.3.2.jar with timestamp 1755522981563
[2025-08-18 13:16:22,928] {subprocess.py:92} INFO - 25/08/18 13:16:22 INFO Utils: Copying /home/***/.ivy2/jars/org.apache.hadoop_hadoop-client-api-3.3.2.jar to /tmp/spark-fbbb5139-e5f6-4b05-961a-9135466978bd/userFiles-c39267c4-e59b-4f75-aa88-f5371a88fd5c/org.apache.hadoop_hadoop-client-api-3.3.2.jar
[2025-08-18 13:16:22,966] {subprocess.py:92} INFO - 25/08/18 13:16:22 INFO SparkContext: Added file file:///home/***/.ivy2/jars/commons-logging_commons-logging-1.1.3.jar at file:///home/***/.ivy2/jars/commons-logging_commons-logging-1.1.3.jar with timestamp 1755522981563
[2025-08-18 13:16:22,966] {subprocess.py:92} INFO - 25/08/18 13:16:22 INFO Utils: Copying /home/***/.ivy2/jars/commons-logging_commons-logging-1.1.3.jar to /tmp/spark-fbbb5139-e5f6-4b05-961a-9135466978bd/userFiles-c39267c4-e59b-4f75-aa88-f5371a88fd5c/commons-logging_commons-logging-1.1.3.jar
[2025-08-18 13:16:23,082] {subprocess.py:92} INFO - 25/08/18 13:16:23 INFO Executor: Starting executor ID driver on host a4b544519f2b
[2025-08-18 13:16:23,093] {subprocess.py:92} INFO - 25/08/18 13:16:23 INFO Executor: Starting executor with user classpath (userClassPathFirst = false): ''
[2025-08-18 13:16:23,112] {subprocess.py:92} INFO - 25/08/18 13:16:23 INFO Executor: Fetching file:///home/***/.ivy2/jars/commons-logging_commons-logging-1.1.3.jar with timestamp 1755522981563
[2025-08-18 13:16:23,149] {subprocess.py:92} INFO - 25/08/18 13:16:23 INFO Utils: /home/***/.ivy2/jars/commons-logging_commons-logging-1.1.3.jar has been previously copied to /tmp/spark-fbbb5139-e5f6-4b05-961a-9135466978bd/userFiles-c39267c4-e59b-4f75-aa88-f5371a88fd5c/commons-logging_commons-logging-1.1.3.jar
[2025-08-18 13:16:23,155] {subprocess.py:92} INFO - 25/08/18 13:16:23 INFO Executor: Fetching file:///home/***/.ivy2/jars/org.spark-project.spark_unused-1.0.0.jar with timestamp 1755522981563
[2025-08-18 13:16:23,156] {subprocess.py:92} INFO - 25/08/18 13:16:23 INFO Utils: /home/***/.ivy2/jars/org.spark-project.spark_unused-1.0.0.jar has been previously copied to /tmp/spark-fbbb5139-e5f6-4b05-961a-9135466978bd/userFiles-c39267c4-e59b-4f75-aa88-f5371a88fd5c/org.spark-project.spark_unused-1.0.0.jar
[2025-08-18 13:16:23,162] {subprocess.py:92} INFO - 25/08/18 13:16:23 INFO Executor: Fetching file:///home/***/.ivy2/jars/org.apache.spark_spark-sql-kafka-0-10_2.12-3.3.1.jar with timestamp 1755522981563
[2025-08-18 13:16:23,172] {subprocess.py:92} INFO - 25/08/18 13:16:23 INFO Utils: /home/***/.ivy2/jars/org.apache.spark_spark-sql-kafka-0-10_2.12-3.3.1.jar has been previously copied to /tmp/spark-fbbb5139-e5f6-4b05-961a-9135466978bd/userFiles-c39267c4-e59b-4f75-aa88-f5371a88fd5c/org.apache.spark_spark-sql-kafka-0-10_2.12-3.3.1.jar
[2025-08-18 13:16:23,178] {subprocess.py:92} INFO - 25/08/18 13:16:23 INFO Executor: Fetching file:///home/***/.ivy2/jars/org.apache.hadoop_hadoop-client-api-3.3.2.jar with timestamp 1755522981563
[2025-08-18 13:16:23,212] {subprocess.py:92} INFO - 25/08/18 13:16:23 INFO Utils: /home/***/.ivy2/jars/org.apache.hadoop_hadoop-client-api-3.3.2.jar has been previously copied to /tmp/spark-fbbb5139-e5f6-4b05-961a-9135466978bd/userFiles-c39267c4-e59b-4f75-aa88-f5371a88fd5c/org.apache.hadoop_hadoop-client-api-3.3.2.jar
[2025-08-18 13:16:23,218] {subprocess.py:92} INFO - 25/08/18 13:16:23 INFO Executor: Fetching file:///home/***/.ivy2/jars/org.apache.hadoop_hadoop-client-runtime-3.3.2.jar with timestamp 1755522981563
[2025-08-18 13:16:23,245] {subprocess.py:92} INFO - 25/08/18 13:16:23 INFO Utils: /home/***/.ivy2/jars/org.apache.hadoop_hadoop-client-runtime-3.3.2.jar has been previously copied to /tmp/spark-fbbb5139-e5f6-4b05-961a-9135466978bd/userFiles-c39267c4-e59b-4f75-aa88-f5371a88fd5c/org.apache.hadoop_hadoop-client-runtime-3.3.2.jar
[2025-08-18 13:16:23,250] {subprocess.py:92} INFO - 25/08/18 13:16:23 INFO Executor: Fetching file:///home/***/.ivy2/jars/org.slf4j_slf4j-api-1.7.32.jar with timestamp 1755522981563
[2025-08-18 13:16:23,251] {subprocess.py:92} INFO - 25/08/18 13:16:23 INFO Utils: /home/***/.ivy2/jars/org.slf4j_slf4j-api-1.7.32.jar has been previously copied to /tmp/spark-fbbb5139-e5f6-4b05-961a-9135466978bd/userFiles-c39267c4-e59b-4f75-aa88-f5371a88fd5c/org.slf4j_slf4j-api-1.7.32.jar
[2025-08-18 13:16:23,257] {subprocess.py:92} INFO - 25/08/18 13:16:23 INFO Executor: Fetching file:///home/***/.ivy2/jars/org.lz4_lz4-java-1.8.0.jar with timestamp 1755522981563
[2025-08-18 13:16:23,259] {subprocess.py:92} INFO - 25/08/18 13:16:23 INFO Utils: /home/***/.ivy2/jars/org.lz4_lz4-java-1.8.0.jar has been previously copied to /tmp/spark-fbbb5139-e5f6-4b05-961a-9135466978bd/userFiles-c39267c4-e59b-4f75-aa88-f5371a88fd5c/org.lz4_lz4-java-1.8.0.jar
[2025-08-18 13:16:23,267] {subprocess.py:92} INFO - 25/08/18 13:16:23 INFO Executor: Fetching file:///home/***/.ivy2/jars/org.apache.commons_commons-pool2-2.11.1.jar with timestamp 1755522981563
[2025-08-18 13:16:23,268] {subprocess.py:92} INFO - 25/08/18 13:16:23 INFO Utils: /home/***/.ivy2/jars/org.apache.commons_commons-pool2-2.11.1.jar has been previously copied to /tmp/spark-fbbb5139-e5f6-4b05-961a-9135466978bd/userFiles-c39267c4-e59b-4f75-aa88-f5371a88fd5c/org.apache.commons_commons-pool2-2.11.1.jar
[2025-08-18 13:16:23,275] {subprocess.py:92} INFO - 25/08/18 13:16:23 INFO Executor: Fetching file:///home/***/.ivy2/jars/com.google.code.findbugs_jsr305-3.0.0.jar with timestamp 1755522981563
[2025-08-18 13:16:23,276] {subprocess.py:92} INFO - 25/08/18 13:16:23 INFO Utils: /home/***/.ivy2/jars/com.google.code.findbugs_jsr305-3.0.0.jar has been previously copied to /tmp/spark-fbbb5139-e5f6-4b05-961a-9135466978bd/userFiles-c39267c4-e59b-4f75-aa88-f5371a88fd5c/com.google.code.findbugs_jsr305-3.0.0.jar
[2025-08-18 13:16:23,282] {subprocess.py:92} INFO - 25/08/18 13:16:23 INFO Executor: Fetching file:///home/***/.ivy2/jars/org.apache.spark_spark-token-provider-kafka-0-10_2.12-3.3.1.jar with timestamp 1755522981563
[2025-08-18 13:16:23,283] {subprocess.py:92} INFO - 25/08/18 13:16:23 INFO Utils: /home/***/.ivy2/jars/org.apache.spark_spark-token-provider-kafka-0-10_2.12-3.3.1.jar has been previously copied to /tmp/spark-fbbb5139-e5f6-4b05-961a-9135466978bd/userFiles-c39267c4-e59b-4f75-aa88-f5371a88fd5c/org.apache.spark_spark-token-provider-kafka-0-10_2.12-3.3.1.jar
[2025-08-18 13:16:23,288] {subprocess.py:92} INFO - 25/08/18 13:16:23 INFO Executor: Fetching file:///home/***/.ivy2/jars/org.apache.kafka_kafka-clients-2.8.1.jar with timestamp 1755522981563
[2025-08-18 13:16:23,301] {subprocess.py:92} INFO - 25/08/18 13:16:23 INFO Utils: /home/***/.ivy2/jars/org.apache.kafka_kafka-clients-2.8.1.jar has been previously copied to /tmp/spark-fbbb5139-e5f6-4b05-961a-9135466978bd/userFiles-c39267c4-e59b-4f75-aa88-f5371a88fd5c/org.apache.kafka_kafka-clients-2.8.1.jar
[2025-08-18 13:16:23,307] {subprocess.py:92} INFO - 25/08/18 13:16:23 INFO Executor: Fetching file:///home/***/.ivy2/jars/org.xerial.snappy_snappy-java-1.1.8.4.jar with timestamp 1755522981563
[2025-08-18 13:16:23,312] {subprocess.py:92} INFO - 25/08/18 13:16:23 INFO Utils: /home/***/.ivy2/jars/org.xerial.snappy_snappy-java-1.1.8.4.jar has been previously copied to /tmp/spark-fbbb5139-e5f6-4b05-961a-9135466978bd/userFiles-c39267c4-e59b-4f75-aa88-f5371a88fd5c/org.xerial.snappy_snappy-java-1.1.8.4.jar
[2025-08-18 13:16:23,319] {subprocess.py:92} INFO - 25/08/18 13:16:23 INFO Executor: Fetching spark://a4b544519f2b:38221/jars/com.google.code.findbugs_jsr305-3.0.0.jar with timestamp 1755522981563
[2025-08-18 13:16:23,385] {subprocess.py:92} INFO - 25/08/18 13:16:23 INFO TransportClientFactory: Successfully created connection to a4b544519f2b/172.20.0.2:38221 after 44 ms (0 ms spent in bootstraps)
[2025-08-18 13:16:23,395] {subprocess.py:92} INFO - 25/08/18 13:16:23 INFO Utils: Fetching spark://a4b544519f2b:38221/jars/com.google.code.findbugs_jsr305-3.0.0.jar to /tmp/spark-fbbb5139-e5f6-4b05-961a-9135466978bd/userFiles-c39267c4-e59b-4f75-aa88-f5371a88fd5c/fetchFileTemp4215707616873035458.tmp
[2025-08-18 13:16:23,453] {subprocess.py:92} INFO - 25/08/18 13:16:23 INFO Utils: /tmp/spark-fbbb5139-e5f6-4b05-961a-9135466978bd/userFiles-c39267c4-e59b-4f75-aa88-f5371a88fd5c/fetchFileTemp4215707616873035458.tmp has been previously copied to /tmp/spark-fbbb5139-e5f6-4b05-961a-9135466978bd/userFiles-c39267c4-e59b-4f75-aa88-f5371a88fd5c/com.google.code.findbugs_jsr305-3.0.0.jar
[2025-08-18 13:16:23,460] {subprocess.py:92} INFO - 25/08/18 13:16:23 INFO Executor: Adding file:/tmp/spark-fbbb5139-e5f6-4b05-961a-9135466978bd/userFiles-c39267c4-e59b-4f75-aa88-f5371a88fd5c/com.google.code.findbugs_jsr305-3.0.0.jar to class loader
[2025-08-18 13:16:23,461] {subprocess.py:92} INFO - 25/08/18 13:16:23 INFO Executor: Fetching spark://a4b544519f2b:38221/jars/org.apache.hadoop_hadoop-client-runtime-3.3.2.jar with timestamp 1755522981563
[2025-08-18 13:16:23,462] {subprocess.py:92} INFO - 25/08/18 13:16:23 INFO Utils: Fetching spark://a4b544519f2b:38221/jars/org.apache.hadoop_hadoop-client-runtime-3.3.2.jar to /tmp/spark-fbbb5139-e5f6-4b05-961a-9135466978bd/userFiles-c39267c4-e59b-4f75-aa88-f5371a88fd5c/fetchFileTemp3435376284990463251.tmp
[2025-08-18 13:16:23,669] {subprocess.py:92} INFO - 25/08/18 13:16:23 INFO Utils: /tmp/spark-fbbb5139-e5f6-4b05-961a-9135466978bd/userFiles-c39267c4-e59b-4f75-aa88-f5371a88fd5c/fetchFileTemp3435376284990463251.tmp has been previously copied to /tmp/spark-fbbb5139-e5f6-4b05-961a-9135466978bd/userFiles-c39267c4-e59b-4f75-aa88-f5371a88fd5c/org.apache.hadoop_hadoop-client-runtime-3.3.2.jar
[2025-08-18 13:16:23,680] {subprocess.py:92} INFO - 25/08/18 13:16:23 INFO Executor: Adding file:/tmp/spark-fbbb5139-e5f6-4b05-961a-9135466978bd/userFiles-c39267c4-e59b-4f75-aa88-f5371a88fd5c/org.apache.hadoop_hadoop-client-runtime-3.3.2.jar to class loader
[2025-08-18 13:16:23,680] {subprocess.py:92} INFO - 25/08/18 13:16:23 INFO Executor: Fetching spark://a4b544519f2b:38221/jars/org.apache.commons_commons-pool2-2.11.1.jar with timestamp 1755522981563
[2025-08-18 13:16:23,681] {subprocess.py:92} INFO - 25/08/18 13:16:23 INFO Utils: Fetching spark://a4b544519f2b:38221/jars/org.apache.commons_commons-pool2-2.11.1.jar to /tmp/spark-fbbb5139-e5f6-4b05-961a-9135466978bd/userFiles-c39267c4-e59b-4f75-aa88-f5371a88fd5c/fetchFileTemp16763983942844444700.tmp
[2025-08-18 13:16:23,685] {subprocess.py:92} INFO - 25/08/18 13:16:23 INFO Utils: /tmp/spark-fbbb5139-e5f6-4b05-961a-9135466978bd/userFiles-c39267c4-e59b-4f75-aa88-f5371a88fd5c/fetchFileTemp16763983942844444700.tmp has been previously copied to /tmp/spark-fbbb5139-e5f6-4b05-961a-9135466978bd/userFiles-c39267c4-e59b-4f75-aa88-f5371a88fd5c/org.apache.commons_commons-pool2-2.11.1.jar
[2025-08-18 13:16:23,692] {subprocess.py:92} INFO - 25/08/18 13:16:23 INFO Executor: Adding file:/tmp/spark-fbbb5139-e5f6-4b05-961a-9135466978bd/userFiles-c39267c4-e59b-4f75-aa88-f5371a88fd5c/org.apache.commons_commons-pool2-2.11.1.jar to class loader
[2025-08-18 13:16:23,692] {subprocess.py:92} INFO - 25/08/18 13:16:23 INFO Executor: Fetching spark://a4b544519f2b:38221/jars/org.apache.spark_spark-token-provider-kafka-0-10_2.12-3.3.1.jar with timestamp 1755522981563
[2025-08-18 13:16:23,693] {subprocess.py:92} INFO - 25/08/18 13:16:23 INFO Utils: Fetching spark://a4b544519f2b:38221/jars/org.apache.spark_spark-token-provider-kafka-0-10_2.12-3.3.1.jar to /tmp/spark-fbbb5139-e5f6-4b05-961a-9135466978bd/userFiles-c39267c4-e59b-4f75-aa88-f5371a88fd5c/fetchFileTemp4622809317625648639.tmp
[2025-08-18 13:16:23,696] {subprocess.py:92} INFO - 25/08/18 13:16:23 INFO Utils: /tmp/spark-fbbb5139-e5f6-4b05-961a-9135466978bd/userFiles-c39267c4-e59b-4f75-aa88-f5371a88fd5c/fetchFileTemp4622809317625648639.tmp has been previously copied to /tmp/spark-fbbb5139-e5f6-4b05-961a-9135466978bd/userFiles-c39267c4-e59b-4f75-aa88-f5371a88fd5c/org.apache.spark_spark-token-provider-kafka-0-10_2.12-3.3.1.jar
[2025-08-18 13:16:23,704] {subprocess.py:92} INFO - 25/08/18 13:16:23 INFO Executor: Adding file:/tmp/spark-fbbb5139-e5f6-4b05-961a-9135466978bd/userFiles-c39267c4-e59b-4f75-aa88-f5371a88fd5c/org.apache.spark_spark-token-provider-kafka-0-10_2.12-3.3.1.jar to class loader
[2025-08-18 13:16:23,704] {subprocess.py:92} INFO - 25/08/18 13:16:23 INFO Executor: Fetching spark://a4b544519f2b:38221/jars/org.lz4_lz4-java-1.8.0.jar with timestamp 1755522981563
[2025-08-18 13:16:23,705] {subprocess.py:92} INFO - 25/08/18 13:16:23 INFO Utils: Fetching spark://a4b544519f2b:38221/jars/org.lz4_lz4-java-1.8.0.jar to /tmp/spark-fbbb5139-e5f6-4b05-961a-9135466978bd/userFiles-c39267c4-e59b-4f75-aa88-f5371a88fd5c/fetchFileTemp12953671379838453928.tmp
[2025-08-18 13:16:23,713] {subprocess.py:92} INFO - 25/08/18 13:16:23 INFO Utils: /tmp/spark-fbbb5139-e5f6-4b05-961a-9135466978bd/userFiles-c39267c4-e59b-4f75-aa88-f5371a88fd5c/fetchFileTemp12953671379838453928.tmp has been previously copied to /tmp/spark-fbbb5139-e5f6-4b05-961a-9135466978bd/userFiles-c39267c4-e59b-4f75-aa88-f5371a88fd5c/org.lz4_lz4-java-1.8.0.jar
[2025-08-18 13:16:23,720] {subprocess.py:92} INFO - 25/08/18 13:16:23 INFO Executor: Adding file:/tmp/spark-fbbb5139-e5f6-4b05-961a-9135466978bd/userFiles-c39267c4-e59b-4f75-aa88-f5371a88fd5c/org.lz4_lz4-java-1.8.0.jar to class loader
[2025-08-18 13:16:23,720] {subprocess.py:92} INFO - 25/08/18 13:16:23 INFO Executor: Fetching spark://a4b544519f2b:38221/jars/org.xerial.snappy_snappy-java-1.1.8.4.jar with timestamp 1755522981563
[2025-08-18 13:16:23,721] {subprocess.py:92} INFO - 25/08/18 13:16:23 INFO Utils: Fetching spark://a4b544519f2b:38221/jars/org.xerial.snappy_snappy-java-1.1.8.4.jar to /tmp/spark-fbbb5139-e5f6-4b05-961a-9135466978bd/userFiles-c39267c4-e59b-4f75-aa88-f5371a88fd5c/fetchFileTemp15015067561069535931.tmp
[2025-08-18 13:16:23,736] {subprocess.py:92} INFO - 25/08/18 13:16:23 INFO Utils: /tmp/spark-fbbb5139-e5f6-4b05-961a-9135466978bd/userFiles-c39267c4-e59b-4f75-aa88-f5371a88fd5c/fetchFileTemp15015067561069535931.tmp has been previously copied to /tmp/spark-fbbb5139-e5f6-4b05-961a-9135466978bd/userFiles-c39267c4-e59b-4f75-aa88-f5371a88fd5c/org.xerial.snappy_snappy-java-1.1.8.4.jar
[2025-08-18 13:16:23,743] {subprocess.py:92} INFO - 25/08/18 13:16:23 INFO Executor: Adding file:/tmp/spark-fbbb5139-e5f6-4b05-961a-9135466978bd/userFiles-c39267c4-e59b-4f75-aa88-f5371a88fd5c/org.xerial.snappy_snappy-java-1.1.8.4.jar to class loader
[2025-08-18 13:16:23,743] {subprocess.py:92} INFO - 25/08/18 13:16:23 INFO Executor: Fetching spark://a4b544519f2b:38221/jars/org.apache.kafka_kafka-clients-2.8.1.jar with timestamp 1755522981563
[2025-08-18 13:16:23,744] {subprocess.py:92} INFO - 25/08/18 13:16:23 INFO Utils: Fetching spark://a4b544519f2b:38221/jars/org.apache.kafka_kafka-clients-2.8.1.jar to /tmp/spark-fbbb5139-e5f6-4b05-961a-9135466978bd/userFiles-c39267c4-e59b-4f75-aa88-f5371a88fd5c/fetchFileTemp15817367351981141568.tmp
[2025-08-18 13:16:23,773] {subprocess.py:92} INFO - 25/08/18 13:16:23 INFO Utils: /tmp/spark-fbbb5139-e5f6-4b05-961a-9135466978bd/userFiles-c39267c4-e59b-4f75-aa88-f5371a88fd5c/fetchFileTemp15817367351981141568.tmp has been previously copied to /tmp/spark-fbbb5139-e5f6-4b05-961a-9135466978bd/userFiles-c39267c4-e59b-4f75-aa88-f5371a88fd5c/org.apache.kafka_kafka-clients-2.8.1.jar
[2025-08-18 13:16:23,781] {subprocess.py:92} INFO - 25/08/18 13:16:23 INFO Executor: Adding file:/tmp/spark-fbbb5139-e5f6-4b05-961a-9135466978bd/userFiles-c39267c4-e59b-4f75-aa88-f5371a88fd5c/org.apache.kafka_kafka-clients-2.8.1.jar to class loader
[2025-08-18 13:16:23,781] {subprocess.py:92} INFO - 25/08/18 13:16:23 INFO Executor: Fetching spark://a4b544519f2b:38221/jars/org.apache.hadoop_hadoop-client-api-3.3.2.jar with timestamp 1755522981563
[2025-08-18 13:16:23,782] {subprocess.py:92} INFO - 25/08/18 13:16:23 INFO Utils: Fetching spark://a4b544519f2b:38221/jars/org.apache.hadoop_hadoop-client-api-3.3.2.jar to /tmp/spark-fbbb5139-e5f6-4b05-961a-9135466978bd/userFiles-c39267c4-e59b-4f75-aa88-f5371a88fd5c/fetchFileTemp6899285271059302956.tmp
[2025-08-18 13:16:23,924] {subprocess.py:92} INFO - 25/08/18 13:16:23 INFO Utils: /tmp/spark-fbbb5139-e5f6-4b05-961a-9135466978bd/userFiles-c39267c4-e59b-4f75-aa88-f5371a88fd5c/fetchFileTemp6899285271059302956.tmp has been previously copied to /tmp/spark-fbbb5139-e5f6-4b05-961a-9135466978bd/userFiles-c39267c4-e59b-4f75-aa88-f5371a88fd5c/org.apache.hadoop_hadoop-client-api-3.3.2.jar
[2025-08-18 13:16:23,935] {subprocess.py:92} INFO - 25/08/18 13:16:23 INFO Executor: Adding file:/tmp/spark-fbbb5139-e5f6-4b05-961a-9135466978bd/userFiles-c39267c4-e59b-4f75-aa88-f5371a88fd5c/org.apache.hadoop_hadoop-client-api-3.3.2.jar to class loader
[2025-08-18 13:16:23,935] {subprocess.py:92} INFO - 25/08/18 13:16:23 INFO Executor: Fetching spark://a4b544519f2b:38221/jars/commons-logging_commons-logging-1.1.3.jar with timestamp 1755522981563
[2025-08-18 13:16:23,937] {subprocess.py:92} INFO - 25/08/18 13:16:23 INFO Utils: Fetching spark://a4b544519f2b:38221/jars/commons-logging_commons-logging-1.1.3.jar to /tmp/spark-fbbb5139-e5f6-4b05-961a-9135466978bd/userFiles-c39267c4-e59b-4f75-aa88-f5371a88fd5c/fetchFileTemp7946186505462982800.tmp
[2025-08-18 13:16:23,939] {subprocess.py:92} INFO - 25/08/18 13:16:23 INFO Utils: /tmp/spark-fbbb5139-e5f6-4b05-961a-9135466978bd/userFiles-c39267c4-e59b-4f75-aa88-f5371a88fd5c/fetchFileTemp7946186505462982800.tmp has been previously copied to /tmp/spark-fbbb5139-e5f6-4b05-961a-9135466978bd/userFiles-c39267c4-e59b-4f75-aa88-f5371a88fd5c/commons-logging_commons-logging-1.1.3.jar
[2025-08-18 13:16:23,945] {subprocess.py:92} INFO - 25/08/18 13:16:23 INFO Executor: Adding file:/tmp/spark-fbbb5139-e5f6-4b05-961a-9135466978bd/userFiles-c39267c4-e59b-4f75-aa88-f5371a88fd5c/commons-logging_commons-logging-1.1.3.jar to class loader
[2025-08-18 13:16:23,946] {subprocess.py:92} INFO - 25/08/18 13:16:23 INFO Executor: Fetching spark://a4b544519f2b:38221/jars/org.spark-project.spark_unused-1.0.0.jar with timestamp 1755522981563
[2025-08-18 13:16:23,946] {subprocess.py:92} INFO - 25/08/18 13:16:23 INFO Utils: Fetching spark://a4b544519f2b:38221/jars/org.spark-project.spark_unused-1.0.0.jar to /tmp/spark-fbbb5139-e5f6-4b05-961a-9135466978bd/userFiles-c39267c4-e59b-4f75-aa88-f5371a88fd5c/fetchFileTemp422152547078607128.tmp
[2025-08-18 13:16:23,948] {subprocess.py:92} INFO - 25/08/18 13:16:23 INFO Utils: /tmp/spark-fbbb5139-e5f6-4b05-961a-9135466978bd/userFiles-c39267c4-e59b-4f75-aa88-f5371a88fd5c/fetchFileTemp422152547078607128.tmp has been previously copied to /tmp/spark-fbbb5139-e5f6-4b05-961a-9135466978bd/userFiles-c39267c4-e59b-4f75-aa88-f5371a88fd5c/org.spark-project.spark_unused-1.0.0.jar
[2025-08-18 13:16:23,955] {subprocess.py:92} INFO - 25/08/18 13:16:23 INFO Executor: Adding file:/tmp/spark-fbbb5139-e5f6-4b05-961a-9135466978bd/userFiles-c39267c4-e59b-4f75-aa88-f5371a88fd5c/org.spark-project.spark_unused-1.0.0.jar to class loader
[2025-08-18 13:16:23,955] {subprocess.py:92} INFO - 25/08/18 13:16:23 INFO Executor: Fetching spark://a4b544519f2b:38221/jars/org.slf4j_slf4j-api-1.7.32.jar with timestamp 1755522981563
[2025-08-18 13:16:23,956] {subprocess.py:92} INFO - 25/08/18 13:16:23 INFO Utils: Fetching spark://a4b544519f2b:38221/jars/org.slf4j_slf4j-api-1.7.32.jar to /tmp/spark-fbbb5139-e5f6-4b05-961a-9135466978bd/userFiles-c39267c4-e59b-4f75-aa88-f5371a88fd5c/fetchFileTemp11269558199428176674.tmp
[2025-08-18 13:16:23,958] {subprocess.py:92} INFO - 25/08/18 13:16:23 INFO Utils: /tmp/spark-fbbb5139-e5f6-4b05-961a-9135466978bd/userFiles-c39267c4-e59b-4f75-aa88-f5371a88fd5c/fetchFileTemp11269558199428176674.tmp has been previously copied to /tmp/spark-fbbb5139-e5f6-4b05-961a-9135466978bd/userFiles-c39267c4-e59b-4f75-aa88-f5371a88fd5c/org.slf4j_slf4j-api-1.7.32.jar
[2025-08-18 13:16:23,964] {subprocess.py:92} INFO - 25/08/18 13:16:23 INFO Executor: Adding file:/tmp/spark-fbbb5139-e5f6-4b05-961a-9135466978bd/userFiles-c39267c4-e59b-4f75-aa88-f5371a88fd5c/org.slf4j_slf4j-api-1.7.32.jar to class loader
[2025-08-18 13:16:23,965] {subprocess.py:92} INFO - 25/08/18 13:16:23 INFO Executor: Fetching spark://a4b544519f2b:38221/jars/org.apache.spark_spark-sql-kafka-0-10_2.12-3.3.1.jar with timestamp 1755522981563
[2025-08-18 13:16:23,966] {subprocess.py:92} INFO - 25/08/18 13:16:23 INFO Utils: Fetching spark://a4b544519f2b:38221/jars/org.apache.spark_spark-sql-kafka-0-10_2.12-3.3.1.jar to /tmp/spark-fbbb5139-e5f6-4b05-961a-9135466978bd/userFiles-c39267c4-e59b-4f75-aa88-f5371a88fd5c/fetchFileTemp14407707881259534895.tmp
[2025-08-18 13:16:23,969] {subprocess.py:92} INFO - 25/08/18 13:16:23 INFO Utils: /tmp/spark-fbbb5139-e5f6-4b05-961a-9135466978bd/userFiles-c39267c4-e59b-4f75-aa88-f5371a88fd5c/fetchFileTemp14407707881259534895.tmp has been previously copied to /tmp/spark-fbbb5139-e5f6-4b05-961a-9135466978bd/userFiles-c39267c4-e59b-4f75-aa88-f5371a88fd5c/org.apache.spark_spark-sql-kafka-0-10_2.12-3.3.1.jar
[2025-08-18 13:16:23,975] {subprocess.py:92} INFO - 25/08/18 13:16:23 INFO Executor: Adding file:/tmp/spark-fbbb5139-e5f6-4b05-961a-9135466978bd/userFiles-c39267c4-e59b-4f75-aa88-f5371a88fd5c/org.apache.spark_spark-sql-kafka-0-10_2.12-3.3.1.jar to class loader
[2025-08-18 13:16:23,990] {subprocess.py:92} INFO - 25/08/18 13:16:23 INFO Utils: Successfully started service 'org.apache.spark.network.netty.NettyBlockTransferService' on port 33181.
[2025-08-18 13:16:23,990] {subprocess.py:92} INFO - 25/08/18 13:16:23 INFO NettyBlockTransferService: Server created on a4b544519f2b:33181
[2025-08-18 13:16:23,993] {subprocess.py:92} INFO - 25/08/18 13:16:23 INFO BlockManager: Using org.apache.spark.storage.RandomBlockReplicationPolicy for block replication policy
[2025-08-18 13:16:24,006] {subprocess.py:92} INFO - 25/08/18 13:16:24 INFO BlockManagerMaster: Registering BlockManager BlockManagerId(driver, a4b544519f2b, 33181, None)
[2025-08-18 13:16:24,011] {subprocess.py:92} INFO - 25/08/18 13:16:24 INFO BlockManagerMasterEndpoint: Registering block manager a4b544519f2b:33181 with 434.4 MiB RAM, BlockManagerId(driver, a4b544519f2b, 33181, None)
[2025-08-18 13:16:24,016] {subprocess.py:92} INFO - 25/08/18 13:16:24 INFO BlockManagerMaster: Registered BlockManager BlockManagerId(driver, a4b544519f2b, 33181, None)
[2025-08-18 13:16:24,018] {subprocess.py:92} INFO - 25/08/18 13:16:24 INFO BlockManager: Initialized BlockManager: BlockManagerId(driver, a4b544519f2b, 33181, None)
[2025-08-18 13:16:24,605] {subprocess.py:92} INFO - Connexion à Kafka...
[2025-08-18 13:16:27,267] {subprocess.py:92} INFO - Connexion Kafka réussie (kafka:9092)
[2025-08-18 13:16:27,267] {subprocess.py:92} INFO - Transformation des données JSON...
[2025-08-18 13:16:27,561] {subprocess.py:92} INFO - Démarrage du streaming vers HDFS...
[2025-08-18 13:16:28,610] {subprocess.py:92} INFO - Streaming actif - Données météo sauvegardées dans HDFS:/data/weather
[2025-08-18 13:22:40,001] {local_task_job.py:221} WARNING - State of this instance has been externally set to None. Terminating instance.
[2025-08-18 13:22:40,063] {process_utils.py:129} INFO - Sending Signals.SIGTERM to group 3942. PIDs of all processes in the group: [3943, 3991, 3942]
[2025-08-18 13:22:40,070] {process_utils.py:80} INFO - Sending the signal Signals.SIGTERM to group 3942
[2025-08-18 13:22:40,074] {taskinstance.py:1541} ERROR - Received SIGTERM. Terminating subprocesses.
[2025-08-18 13:22:40,074] {subprocess.py:103} INFO - Sending SIGTERM signal to process group
[2025-08-18 13:22:41,310] {process_utils.py:75} INFO - Process psutil.Process(pid=3991, status='terminated', started='13:16:20') (3991) terminated with exit code None
[2025-08-18 13:22:42,077] {taskinstance.py:1889} ERROR - Task failed with exception
Traceback (most recent call last):
  File "/home/airflow/.local/lib/python3.7/site-packages/airflow/operators/bash.py", line 189, in execute
    cwd=self.cwd,
  File "/home/airflow/.local/lib/python3.7/site-packages/airflow/hooks/subprocess.py", line 90, in run_command
    for raw_line in iter(self.sub_process.stdout.readline, b''):
  File "/home/airflow/.local/lib/python3.7/site-packages/airflow/models/taskinstance.py", line 1543, in signal_handler
    raise AirflowException("Task received SIGTERM signal")
airflow.exceptions.AirflowException: Task received SIGTERM signal
[2025-08-18 13:22:43,706] {taskinstance.py:1400} INFO - Marking task as FAILED. dag_id=send_weather_to_kafka, task_id=stream_hdfs, execution_date=20250818T111537, start_date=20250818T131616, end_date=20250818T132243
[2025-08-18 13:22:44,474] {standard_task_runner.py:97} ERROR - Failed to execute job 282 for task stream_hdfs (Task received SIGTERM signal; 3942)
[2025-08-18 13:22:44,874] {process_utils.py:75} INFO - Process psutil.Process(pid=3942, status='terminated', exitcode=1, started='13:16:16') (3942) terminated with exit code 1
[2025-08-18 13:22:48,028] {process_utils.py:75} INFO - Process psutil.Process(pid=3943, status='terminated', started='13:16:17') (3943) terminated with exit code None
