[2025-08-29 21:43:06,000] {taskinstance.py:1159} INFO - Dependencies all met for <TaskInstance: send_weather_to_kafka.stream_hdfs scheduled__2025-08-29T19:42:32.013199+00:00 [queued]>
[2025-08-29 21:43:06,010] {taskinstance.py:1159} INFO - Dependencies all met for <TaskInstance: send_weather_to_kafka.stream_hdfs scheduled__2025-08-29T19:42:32.013199+00:00 [queued]>
[2025-08-29 21:43:06,010] {taskinstance.py:1356} INFO - 
--------------------------------------------------------------------------------
[2025-08-29 21:43:06,010] {taskinstance.py:1357} INFO - Starting attempt 1 of 2
[2025-08-29 21:43:06,010] {taskinstance.py:1358} INFO - 
--------------------------------------------------------------------------------
[2025-08-29 21:43:06,024] {taskinstance.py:1377} INFO - Executing <Task(BashOperator): stream_hdfs> on 2025-08-29 19:42:32.013199+00:00
[2025-08-29 21:43:06,029] {standard_task_runner.py:52} INFO - Started process 1617 to run task
[2025-08-29 21:43:06,032] {standard_task_runner.py:79} INFO - Running: ['***', 'tasks', 'run', 'send_weather_to_kafka', 'stream_hdfs', 'scheduled__2025-08-29T19:42:32.013199+00:00', '--job-id', '371', '--raw', '--subdir', 'DAGS_FOLDER/dag_meteo.py', '--cfg-path', '/tmp/tmp7xvr73cv', '--error-file', '/tmp/tmp4_2dkwgu']
[2025-08-29 21:43:06,033] {standard_task_runner.py:80} INFO - Job 371: Subtask stream_hdfs
[2025-08-29 21:43:06,050] {logging_mixin.py:115} WARNING - /home/***/.local/lib/python3.7/site-packages/***/configuration.py:470 DeprecationWarning: The sql_alchemy_conn option in [core] has been moved to the sql_alchemy_conn option in [database] - the old setting has been used, but please update your config.
[2025-08-29 21:43:06,090] {task_command.py:369} INFO - Running <TaskInstance: send_weather_to_kafka.stream_hdfs scheduled__2025-08-29T19:42:32.013199+00:00 [running]> on host a4b544519f2b
[2025-08-29 21:43:06,165] {taskinstance.py:1571} INFO - Exporting the following env vars:
AIRFLOW_CTX_DAG_OWNER=***
AIRFLOW_CTX_DAG_ID=send_weather_to_kafka
AIRFLOW_CTX_TASK_ID=stream_hdfs
AIRFLOW_CTX_EXECUTION_DATE=2025-08-29T19:42:32.013199+00:00
AIRFLOW_CTX_TRY_NUMBER=1
AIRFLOW_CTX_DAG_RUN_ID=scheduled__2025-08-29T19:42:32.013199+00:00
[2025-08-29 21:43:06,165] {subprocess.py:62} INFO - Tmp dir root location: 
 /tmp
[2025-08-29 21:43:06,166] {subprocess.py:74} INFO - Running command: ['bash', '-c', '\n/home/***/.local/bin/spark-submit   --master local[*]   --conf spark.hadoop.fs.defaultFS=hdfs://namenode:9000   --conf spark.hadoop.dfs.client.use.datanode.hostname=true   --conf spark.sql.adaptive.enabled=false   --packages org.apache.spark:spark-sql-kafka-0-10_2.12:3.3.1   /opt/***/scripts/pyspark/streaming.py']
[2025-08-29 21:43:06,174] {subprocess.py:85} INFO - Output:
[2025-08-29 21:43:06,184] {subprocess.py:92} INFO - /opt/spark-3.3.1-bin-hadoop3/bin/load-spark-env.sh: line 68: ps: command not found
[2025-08-29 21:43:07,538] {subprocess.py:92} INFO - :: loading settings :: url = jar:file:/opt/spark-3.3.1-bin-hadoop3/jars/ivy-2.5.0.jar!/org/apache/ivy/core/settings/ivysettings.xml
[2025-08-29 21:43:07,636] {subprocess.py:92} INFO - Ivy Default Cache set to: /home/***/.ivy2/cache
[2025-08-29 21:43:07,636] {subprocess.py:92} INFO - The jars for the packages stored in: /home/***/.ivy2/jars
[2025-08-29 21:43:07,643] {subprocess.py:92} INFO - org.apache.spark#spark-sql-kafka-0-10_2.12 added as a dependency
[2025-08-29 21:43:07,645] {subprocess.py:92} INFO - :: resolving dependencies :: org.apache.spark#spark-submit-parent-97f2d728-6ec6-4eb2-9f6b-6fff96b751da;1.0
[2025-08-29 21:43:07,645] {subprocess.py:92} INFO - 	confs: [default]
[2025-08-29 21:43:07,835] {subprocess.py:92} INFO - 	found org.apache.spark#spark-sql-kafka-0-10_2.12;3.3.1 in spark-list
[2025-08-29 21:43:07,930] {subprocess.py:92} INFO - 	found org.apache.spark#spark-token-provider-kafka-0-10_2.12;3.3.1 in central
[2025-08-29 21:43:07,972] {subprocess.py:92} INFO - 	found org.apache.kafka#kafka-clients;2.8.1 in central
[2025-08-29 21:43:08,010] {subprocess.py:92} INFO - 	found org.lz4#lz4-java;1.8.0 in spark-list
[2025-08-29 21:43:08,040] {subprocess.py:92} INFO - 	found org.xerial.snappy#snappy-java;1.1.8.4 in central
[2025-08-29 21:43:08,062] {subprocess.py:92} INFO - 	found org.slf4j#slf4j-api;1.7.32 in central
[2025-08-29 21:43:08,093] {subprocess.py:92} INFO - 	found org.apache.hadoop#hadoop-client-runtime;3.3.2 in central
[2025-08-29 21:43:08,111] {subprocess.py:92} INFO - 	found org.spark-project.spark#unused;1.0.0 in central
[2025-08-29 21:43:08,144] {subprocess.py:92} INFO - 	found org.apache.hadoop#hadoop-client-api;3.3.2 in central
[2025-08-29 21:43:08,171] {subprocess.py:92} INFO - 	found commons-logging#commons-logging;1.1.3 in central
[2025-08-29 21:43:08,190] {subprocess.py:92} INFO - 	found com.google.code.findbugs#jsr305;3.0.0 in central
[2025-08-29 21:43:08,208] {subprocess.py:92} INFO - 	found org.apache.commons#commons-pool2;2.11.1 in central
[2025-08-29 21:43:08,243] {subprocess.py:92} INFO - :: resolution report :: resolve 580ms :: artifacts dl 18ms
[2025-08-29 21:43:08,243] {subprocess.py:92} INFO - 	:: modules in use:
[2025-08-29 21:43:08,243] {subprocess.py:92} INFO - 	com.google.code.findbugs#jsr305;3.0.0 from central in [default]
[2025-08-29 21:43:08,243] {subprocess.py:92} INFO - 	commons-logging#commons-logging;1.1.3 from central in [default]
[2025-08-29 21:43:08,243] {subprocess.py:92} INFO - 	org.apache.commons#commons-pool2;2.11.1 from central in [default]
[2025-08-29 21:43:08,244] {subprocess.py:92} INFO - 	org.apache.hadoop#hadoop-client-api;3.3.2 from central in [default]
[2025-08-29 21:43:08,244] {subprocess.py:92} INFO - 	org.apache.hadoop#hadoop-client-runtime;3.3.2 from central in [default]
[2025-08-29 21:43:08,244] {subprocess.py:92} INFO - 	org.apache.kafka#kafka-clients;2.8.1 from central in [default]
[2025-08-29 21:43:08,244] {subprocess.py:92} INFO - 	org.apache.spark#spark-sql-kafka-0-10_2.12;3.3.1 from spark-list in [default]
[2025-08-29 21:43:08,244] {subprocess.py:92} INFO - 	org.apache.spark#spark-token-provider-kafka-0-10_2.12;3.3.1 from central in [default]
[2025-08-29 21:43:08,244] {subprocess.py:92} INFO - 	org.lz4#lz4-java;1.8.0 from spark-list in [default]
[2025-08-29 21:43:08,244] {subprocess.py:92} INFO - 	org.slf4j#slf4j-api;1.7.32 from central in [default]
[2025-08-29 21:43:08,244] {subprocess.py:92} INFO - 	org.spark-project.spark#unused;1.0.0 from central in [default]
[2025-08-29 21:43:08,244] {subprocess.py:92} INFO - 	org.xerial.snappy#snappy-java;1.1.8.4 from central in [default]
[2025-08-29 21:43:08,244] {subprocess.py:92} INFO - 	---------------------------------------------------------------------
[2025-08-29 21:43:08,244] {subprocess.py:92} INFO - 	|                  |            modules            ||   artifacts   |
[2025-08-29 21:43:08,244] {subprocess.py:92} INFO - 	|       conf       | number| search|dwnlded|evicted|| number|dwnlded|
[2025-08-29 21:43:08,244] {subprocess.py:92} INFO - 	---------------------------------------------------------------------
[2025-08-29 21:43:08,244] {subprocess.py:92} INFO - 	|      default     |   12  |   0   |   0   |   0   ||   12  |   0   |
[2025-08-29 21:43:08,244] {subprocess.py:92} INFO - 	---------------------------------------------------------------------
[2025-08-29 21:43:08,253] {subprocess.py:92} INFO - :: retrieving :: org.apache.spark#spark-submit-parent-97f2d728-6ec6-4eb2-9f6b-6fff96b751da
[2025-08-29 21:43:08,254] {subprocess.py:92} INFO - 	confs: [default]
[2025-08-29 21:43:08,265] {subprocess.py:92} INFO - 	0 artifacts copied, 12 already retrieved (0kB/12ms)
[2025-08-29 21:43:08,467] {subprocess.py:92} INFO - 25/08/29 21:43:08 WARN NativeCodeLoader: Unable to load native-hadoop library for your platform... using builtin-java classes where applicable
[2025-08-29 21:43:09,353] {subprocess.py:92} INFO - 25/08/29 21:43:09 INFO SparkContext: Running Spark version 3.3.1
[2025-08-29 21:43:09,368] {subprocess.py:92} INFO - 25/08/29 21:43:09 INFO ResourceUtils: ==============================================================
[2025-08-29 21:43:09,368] {subprocess.py:92} INFO - 25/08/29 21:43:09 INFO ResourceUtils: No custom resources configured for spark.driver.
[2025-08-29 21:43:09,369] {subprocess.py:92} INFO - 25/08/29 21:43:09 INFO ResourceUtils: ==============================================================
[2025-08-29 21:43:09,369] {subprocess.py:92} INFO - 25/08/29 21:43:09 INFO SparkContext: Submitted application: KafkaToHDFSWeather
[2025-08-29 21:43:09,384] {subprocess.py:92} INFO - 25/08/29 21:43:09 INFO ResourceProfile: Default ResourceProfile created, executor resources: Map(cores -> name: cores, amount: 1, script: , vendor: , memory -> name: memory, amount: 1024, script: , vendor: , offHeap -> name: offHeap, amount: 0, script: , vendor: ), task resources: Map(cpus -> name: cpus, amount: 1.0)
[2025-08-29 21:43:09,392] {subprocess.py:92} INFO - 25/08/29 21:43:09 INFO ResourceProfile: Limiting resource is cpu
[2025-08-29 21:43:09,392] {subprocess.py:92} INFO - 25/08/29 21:43:09 INFO ResourceProfileManager: Added ResourceProfile id: 0
[2025-08-29 21:43:09,429] {subprocess.py:92} INFO - 25/08/29 21:43:09 INFO SecurityManager: Changing view acls to: ***
[2025-08-29 21:43:09,429] {subprocess.py:92} INFO - 25/08/29 21:43:09 INFO SecurityManager: Changing modify acls to: ***
[2025-08-29 21:43:09,429] {subprocess.py:92} INFO - 25/08/29 21:43:09 INFO SecurityManager: Changing view acls groups to:
[2025-08-29 21:43:09,430] {subprocess.py:92} INFO - 25/08/29 21:43:09 INFO SecurityManager: Changing modify acls groups to:
[2025-08-29 21:43:09,430] {subprocess.py:92} INFO - 25/08/29 21:43:09 INFO SecurityManager: SecurityManager: authentication disabled; ui acls disabled; users  with view permissions: Set(***); groups with view permissions: Set(); users  with modify permissions: Set(***); groups with modify permissions: Set()
[2025-08-29 21:43:09,689] {subprocess.py:92} INFO - 25/08/29 21:43:09 INFO Utils: Successfully started service 'sparkDriver' on port 38637.
[2025-08-29 21:43:09,718] {subprocess.py:92} INFO - 25/08/29 21:43:09 INFO SparkEnv: Registering MapOutputTracker
[2025-08-29 21:43:09,760] {subprocess.py:92} INFO - 25/08/29 21:43:09 INFO SparkEnv: Registering BlockManagerMaster
[2025-08-29 21:43:09,781] {subprocess.py:92} INFO - 25/08/29 21:43:09 INFO BlockManagerMasterEndpoint: Using org.apache.spark.storage.DefaultTopologyMapper for getting topology information
[2025-08-29 21:43:09,782] {subprocess.py:92} INFO - 25/08/29 21:43:09 INFO BlockManagerMasterEndpoint: BlockManagerMasterEndpoint up
[2025-08-29 21:43:09,787] {subprocess.py:92} INFO - 25/08/29 21:43:09 INFO SparkEnv: Registering BlockManagerMasterHeartbeat
[2025-08-29 21:43:09,817] {subprocess.py:92} INFO - 25/08/29 21:43:09 INFO DiskBlockManager: Created local directory at /tmp/blockmgr-b68f34c4-1d53-4919-9219-06efef8a7e81
[2025-08-29 21:43:09,837] {subprocess.py:92} INFO - 25/08/29 21:43:09 INFO MemoryStore: MemoryStore started with capacity 434.4 MiB
[2025-08-29 21:43:09,852] {subprocess.py:92} INFO - 25/08/29 21:43:09 INFO SparkEnv: Registering OutputCommitCoordinator
[2025-08-29 21:43:10,029] {subprocess.py:92} INFO - 25/08/29 21:43:10 WARN Utils: Service 'SparkUI' could not bind on port 4040. Attempting port 4041.
[2025-08-29 21:43:10,030] {subprocess.py:92} INFO - 25/08/29 21:43:10 WARN Utils: Service 'SparkUI' could not bind on port 4041. Attempting port 4042.
[2025-08-29 21:43:10,043] {subprocess.py:92} INFO - 25/08/29 21:43:10 INFO Utils: Successfully started service 'SparkUI' on port 4042.
[2025-08-29 21:43:10,092] {subprocess.py:92} INFO - 25/08/29 21:43:10 INFO SparkContext: Added JAR file:///home/***/.ivy2/jars/org.apache.spark_spark-sql-kafka-0-10_2.12-3.3.1.jar at spark://a4b544519f2b:38637/jars/org.apache.spark_spark-sql-kafka-0-10_2.12-3.3.1.jar with timestamp 1756503789344
[2025-08-29 21:43:10,093] {subprocess.py:92} INFO - 25/08/29 21:43:10 INFO SparkContext: Added JAR file:///home/***/.ivy2/jars/org.apache.spark_spark-token-provider-kafka-0-10_2.12-3.3.1.jar at spark://a4b544519f2b:38637/jars/org.apache.spark_spark-token-provider-kafka-0-10_2.12-3.3.1.jar with timestamp 1756503789344
[2025-08-29 21:43:10,093] {subprocess.py:92} INFO - 25/08/29 21:43:10 INFO SparkContext: Added JAR file:///home/***/.ivy2/jars/org.apache.kafka_kafka-clients-2.8.1.jar at spark://a4b544519f2b:38637/jars/org.apache.kafka_kafka-clients-2.8.1.jar with timestamp 1756503789344
[2025-08-29 21:43:10,093] {subprocess.py:92} INFO - 25/08/29 21:43:10 INFO SparkContext: Added JAR file:///home/***/.ivy2/jars/com.google.code.findbugs_jsr305-3.0.0.jar at spark://a4b544519f2b:38637/jars/com.google.code.findbugs_jsr305-3.0.0.jar with timestamp 1756503789344
[2025-08-29 21:43:10,093] {subprocess.py:92} INFO - 25/08/29 21:43:10 INFO SparkContext: Added JAR file:///home/***/.ivy2/jars/org.apache.commons_commons-pool2-2.11.1.jar at spark://a4b544519f2b:38637/jars/org.apache.commons_commons-pool2-2.11.1.jar with timestamp 1756503789344
[2025-08-29 21:43:10,093] {subprocess.py:92} INFO - 25/08/29 21:43:10 INFO SparkContext: Added JAR file:///home/***/.ivy2/jars/org.spark-project.spark_unused-1.0.0.jar at spark://a4b544519f2b:38637/jars/org.spark-project.spark_unused-1.0.0.jar with timestamp 1756503789344
[2025-08-29 21:43:10,094] {subprocess.py:92} INFO - 25/08/29 21:43:10 INFO SparkContext: Added JAR file:///home/***/.ivy2/jars/org.apache.hadoop_hadoop-client-runtime-3.3.2.jar at spark://a4b544519f2b:38637/jars/org.apache.hadoop_hadoop-client-runtime-3.3.2.jar with timestamp 1756503789344
[2025-08-29 21:43:10,094] {subprocess.py:92} INFO - 25/08/29 21:43:10 INFO SparkContext: Added JAR file:///home/***/.ivy2/jars/org.lz4_lz4-java-1.8.0.jar at spark://a4b544519f2b:38637/jars/org.lz4_lz4-java-1.8.0.jar with timestamp 1756503789344
[2025-08-29 21:43:10,094] {subprocess.py:92} INFO - 25/08/29 21:43:10 INFO SparkContext: Added JAR file:///home/***/.ivy2/jars/org.xerial.snappy_snappy-java-1.1.8.4.jar at spark://a4b544519f2b:38637/jars/org.xerial.snappy_snappy-java-1.1.8.4.jar with timestamp 1756503789344
[2025-08-29 21:43:10,094] {subprocess.py:92} INFO - 25/08/29 21:43:10 INFO SparkContext: Added JAR file:///home/***/.ivy2/jars/org.slf4j_slf4j-api-1.7.32.jar at spark://a4b544519f2b:38637/jars/org.slf4j_slf4j-api-1.7.32.jar with timestamp 1756503789344
[2025-08-29 21:43:10,094] {subprocess.py:92} INFO - 25/08/29 21:43:10 INFO SparkContext: Added JAR file:///home/***/.ivy2/jars/org.apache.hadoop_hadoop-client-api-3.3.2.jar at spark://a4b544519f2b:38637/jars/org.apache.hadoop_hadoop-client-api-3.3.2.jar with timestamp 1756503789344
[2025-08-29 21:43:10,094] {subprocess.py:92} INFO - 25/08/29 21:43:10 INFO SparkContext: Added JAR file:///home/***/.ivy2/jars/commons-logging_commons-logging-1.1.3.jar at spark://a4b544519f2b:38637/jars/commons-logging_commons-logging-1.1.3.jar with timestamp 1756503789344
[2025-08-29 21:43:10,098] {subprocess.py:92} INFO - 25/08/29 21:43:10 INFO SparkContext: Added file file:///home/***/.ivy2/jars/org.apache.spark_spark-sql-kafka-0-10_2.12-3.3.1.jar at file:///home/***/.ivy2/jars/org.apache.spark_spark-sql-kafka-0-10_2.12-3.3.1.jar with timestamp 1756503789344
[2025-08-29 21:43:10,099] {subprocess.py:92} INFO - 25/08/29 21:43:10 INFO Utils: Copying /home/***/.ivy2/jars/org.apache.spark_spark-sql-kafka-0-10_2.12-3.3.1.jar to /tmp/spark-6431c386-ac72-42d8-b71c-d794597cf97c/userFiles-077a1149-715a-49a3-a165-47896d530576/org.apache.spark_spark-sql-kafka-0-10_2.12-3.3.1.jar
[2025-08-29 21:43:10,109] {subprocess.py:92} INFO - 25/08/29 21:43:10 INFO SparkContext: Added file file:///home/***/.ivy2/jars/org.apache.spark_spark-token-provider-kafka-0-10_2.12-3.3.1.jar at file:///home/***/.ivy2/jars/org.apache.spark_spark-token-provider-kafka-0-10_2.12-3.3.1.jar with timestamp 1756503789344
[2025-08-29 21:43:10,110] {subprocess.py:92} INFO - 25/08/29 21:43:10 INFO Utils: Copying /home/***/.ivy2/jars/org.apache.spark_spark-token-provider-kafka-0-10_2.12-3.3.1.jar to /tmp/spark-6431c386-ac72-42d8-b71c-d794597cf97c/userFiles-077a1149-715a-49a3-a165-47896d530576/org.apache.spark_spark-token-provider-kafka-0-10_2.12-3.3.1.jar
[2025-08-29 21:43:10,113] {subprocess.py:92} INFO - 25/08/29 21:43:10 INFO SparkContext: Added file file:///home/***/.ivy2/jars/org.apache.kafka_kafka-clients-2.8.1.jar at file:///home/***/.ivy2/jars/org.apache.kafka_kafka-clients-2.8.1.jar with timestamp 1756503789344
[2025-08-29 21:43:10,114] {subprocess.py:92} INFO - 25/08/29 21:43:10 INFO Utils: Copying /home/***/.ivy2/jars/org.apache.kafka_kafka-clients-2.8.1.jar to /tmp/spark-6431c386-ac72-42d8-b71c-d794597cf97c/userFiles-077a1149-715a-49a3-a165-47896d530576/org.apache.kafka_kafka-clients-2.8.1.jar
[2025-08-29 21:43:10,125] {subprocess.py:92} INFO - 25/08/29 21:43:10 INFO SparkContext: Added file file:///home/***/.ivy2/jars/com.google.code.findbugs_jsr305-3.0.0.jar at file:///home/***/.ivy2/jars/com.google.code.findbugs_jsr305-3.0.0.jar with timestamp 1756503789344
[2025-08-29 21:43:10,125] {subprocess.py:92} INFO - 25/08/29 21:43:10 INFO Utils: Copying /home/***/.ivy2/jars/com.google.code.findbugs_jsr305-3.0.0.jar to /tmp/spark-6431c386-ac72-42d8-b71c-d794597cf97c/userFiles-077a1149-715a-49a3-a165-47896d530576/com.google.code.findbugs_jsr305-3.0.0.jar
[2025-08-29 21:43:10,129] {subprocess.py:92} INFO - 25/08/29 21:43:10 INFO SparkContext: Added file file:///home/***/.ivy2/jars/org.apache.commons_commons-pool2-2.11.1.jar at file:///home/***/.ivy2/jars/org.apache.commons_commons-pool2-2.11.1.jar with timestamp 1756503789344
[2025-08-29 21:43:10,129] {subprocess.py:92} INFO - 25/08/29 21:43:10 INFO Utils: Copying /home/***/.ivy2/jars/org.apache.commons_commons-pool2-2.11.1.jar to /tmp/spark-6431c386-ac72-42d8-b71c-d794597cf97c/userFiles-077a1149-715a-49a3-a165-47896d530576/org.apache.commons_commons-pool2-2.11.1.jar
[2025-08-29 21:43:10,133] {subprocess.py:92} INFO - 25/08/29 21:43:10 INFO SparkContext: Added file file:///home/***/.ivy2/jars/org.spark-project.spark_unused-1.0.0.jar at file:///home/***/.ivy2/jars/org.spark-project.spark_unused-1.0.0.jar with timestamp 1756503789344
[2025-08-29 21:43:10,133] {subprocess.py:92} INFO - 25/08/29 21:43:10 INFO Utils: Copying /home/***/.ivy2/jars/org.spark-project.spark_unused-1.0.0.jar to /tmp/spark-6431c386-ac72-42d8-b71c-d794597cf97c/userFiles-077a1149-715a-49a3-a165-47896d530576/org.spark-project.spark_unused-1.0.0.jar
[2025-08-29 21:43:10,137] {subprocess.py:92} INFO - 25/08/29 21:43:10 INFO SparkContext: Added file file:///home/***/.ivy2/jars/org.apache.hadoop_hadoop-client-runtime-3.3.2.jar at file:///home/***/.ivy2/jars/org.apache.hadoop_hadoop-client-runtime-3.3.2.jar with timestamp 1756503789344
[2025-08-29 21:43:10,137] {subprocess.py:92} INFO - 25/08/29 21:43:10 INFO Utils: Copying /home/***/.ivy2/jars/org.apache.hadoop_hadoop-client-runtime-3.3.2.jar to /tmp/spark-6431c386-ac72-42d8-b71c-d794597cf97c/userFiles-077a1149-715a-49a3-a165-47896d530576/org.apache.hadoop_hadoop-client-runtime-3.3.2.jar
[2025-08-29 21:43:10,183] {subprocess.py:92} INFO - 25/08/29 21:43:10 INFO SparkContext: Added file file:///home/***/.ivy2/jars/org.lz4_lz4-java-1.8.0.jar at file:///home/***/.ivy2/jars/org.lz4_lz4-java-1.8.0.jar with timestamp 1756503789344
[2025-08-29 21:43:10,183] {subprocess.py:92} INFO - 25/08/29 21:43:10 INFO Utils: Copying /home/***/.ivy2/jars/org.lz4_lz4-java-1.8.0.jar to /tmp/spark-6431c386-ac72-42d8-b71c-d794597cf97c/userFiles-077a1149-715a-49a3-a165-47896d530576/org.lz4_lz4-java-1.8.0.jar
[2025-08-29 21:43:10,189] {subprocess.py:92} INFO - 25/08/29 21:43:10 INFO SparkContext: Added file file:///home/***/.ivy2/jars/org.xerial.snappy_snappy-java-1.1.8.4.jar at file:///home/***/.ivy2/jars/org.xerial.snappy_snappy-java-1.1.8.4.jar with timestamp 1756503789344
[2025-08-29 21:43:10,190] {subprocess.py:92} INFO - 25/08/29 21:43:10 INFO Utils: Copying /home/***/.ivy2/jars/org.xerial.snappy_snappy-java-1.1.8.4.jar to /tmp/spark-6431c386-ac72-42d8-b71c-d794597cf97c/userFiles-077a1149-715a-49a3-a165-47896d530576/org.xerial.snappy_snappy-java-1.1.8.4.jar
[2025-08-29 21:43:10,198] {subprocess.py:92} INFO - 25/08/29 21:43:10 INFO SparkContext: Added file file:///home/***/.ivy2/jars/org.slf4j_slf4j-api-1.7.32.jar at file:///home/***/.ivy2/jars/org.slf4j_slf4j-api-1.7.32.jar with timestamp 1756503789344
[2025-08-29 21:43:10,198] {subprocess.py:92} INFO - 25/08/29 21:43:10 INFO Utils: Copying /home/***/.ivy2/jars/org.slf4j_slf4j-api-1.7.32.jar to /tmp/spark-6431c386-ac72-42d8-b71c-d794597cf97c/userFiles-077a1149-715a-49a3-a165-47896d530576/org.slf4j_slf4j-api-1.7.32.jar
[2025-08-29 21:43:10,203] {subprocess.py:92} INFO - 25/08/29 21:43:10 INFO SparkContext: Added file file:///home/***/.ivy2/jars/org.apache.hadoop_hadoop-client-api-3.3.2.jar at file:///home/***/.ivy2/jars/org.apache.hadoop_hadoop-client-api-3.3.2.jar with timestamp 1756503789344
[2025-08-29 21:43:10,204] {subprocess.py:92} INFO - 25/08/29 21:43:10 INFO Utils: Copying /home/***/.ivy2/jars/org.apache.hadoop_hadoop-client-api-3.3.2.jar to /tmp/spark-6431c386-ac72-42d8-b71c-d794597cf97c/userFiles-077a1149-715a-49a3-a165-47896d530576/org.apache.hadoop_hadoop-client-api-3.3.2.jar
[2025-08-29 21:43:10,227] {subprocess.py:92} INFO - 25/08/29 21:43:10 INFO SparkContext: Added file file:///home/***/.ivy2/jars/commons-logging_commons-logging-1.1.3.jar at file:///home/***/.ivy2/jars/commons-logging_commons-logging-1.1.3.jar with timestamp 1756503789344
[2025-08-29 21:43:10,227] {subprocess.py:92} INFO - 25/08/29 21:43:10 INFO Utils: Copying /home/***/.ivy2/jars/commons-logging_commons-logging-1.1.3.jar to /tmp/spark-6431c386-ac72-42d8-b71c-d794597cf97c/userFiles-077a1149-715a-49a3-a165-47896d530576/commons-logging_commons-logging-1.1.3.jar
[2025-08-29 21:43:10,292] {subprocess.py:92} INFO - 25/08/29 21:43:10 INFO Executor: Starting executor ID driver on host a4b544519f2b
[2025-08-29 21:43:10,296] {subprocess.py:92} INFO - 25/08/29 21:43:10 INFO Executor: Starting executor with user classpath (userClassPathFirst = false): ''
[2025-08-29 21:43:10,304] {subprocess.py:92} INFO - 25/08/29 21:43:10 INFO Executor: Fetching file:///home/***/.ivy2/jars/commons-logging_commons-logging-1.1.3.jar with timestamp 1756503789344
[2025-08-29 21:43:10,317] {subprocess.py:92} INFO - 25/08/29 21:43:10 INFO Utils: /home/***/.ivy2/jars/commons-logging_commons-logging-1.1.3.jar has been previously copied to /tmp/spark-6431c386-ac72-42d8-b71c-d794597cf97c/userFiles-077a1149-715a-49a3-a165-47896d530576/commons-logging_commons-logging-1.1.3.jar
[2025-08-29 21:43:10,321] {subprocess.py:92} INFO - 25/08/29 21:43:10 INFO Executor: Fetching file:///home/***/.ivy2/jars/org.spark-project.spark_unused-1.0.0.jar with timestamp 1756503789344
[2025-08-29 21:43:10,322] {subprocess.py:92} INFO - 25/08/29 21:43:10 INFO Utils: /home/***/.ivy2/jars/org.spark-project.spark_unused-1.0.0.jar has been previously copied to /tmp/spark-6431c386-ac72-42d8-b71c-d794597cf97c/userFiles-077a1149-715a-49a3-a165-47896d530576/org.spark-project.spark_unused-1.0.0.jar
[2025-08-29 21:43:10,325] {subprocess.py:92} INFO - 25/08/29 21:43:10 INFO Executor: Fetching file:///home/***/.ivy2/jars/org.apache.spark_spark-sql-kafka-0-10_2.12-3.3.1.jar with timestamp 1756503789344
[2025-08-29 21:43:10,329] {subprocess.py:92} INFO - 25/08/29 21:43:10 INFO Utils: /home/***/.ivy2/jars/org.apache.spark_spark-sql-kafka-0-10_2.12-3.3.1.jar has been previously copied to /tmp/spark-6431c386-ac72-42d8-b71c-d794597cf97c/userFiles-077a1149-715a-49a3-a165-47896d530576/org.apache.spark_spark-sql-kafka-0-10_2.12-3.3.1.jar
[2025-08-29 21:43:10,333] {subprocess.py:92} INFO - 25/08/29 21:43:10 INFO Executor: Fetching file:///home/***/.ivy2/jars/org.apache.hadoop_hadoop-client-api-3.3.2.jar with timestamp 1756503789344
[2025-08-29 21:43:10,345] {subprocess.py:92} INFO - 25/08/29 21:43:10 INFO Utils: /home/***/.ivy2/jars/org.apache.hadoop_hadoop-client-api-3.3.2.jar has been previously copied to /tmp/spark-6431c386-ac72-42d8-b71c-d794597cf97c/userFiles-077a1149-715a-49a3-a165-47896d530576/org.apache.hadoop_hadoop-client-api-3.3.2.jar
[2025-08-29 21:43:10,348] {subprocess.py:92} INFO - 25/08/29 21:43:10 INFO Executor: Fetching file:///home/***/.ivy2/jars/org.apache.hadoop_hadoop-client-runtime-3.3.2.jar with timestamp 1756503789344
[2025-08-29 21:43:10,365] {subprocess.py:92} INFO - 25/08/29 21:43:10 INFO Utils: /home/***/.ivy2/jars/org.apache.hadoop_hadoop-client-runtime-3.3.2.jar has been previously copied to /tmp/spark-6431c386-ac72-42d8-b71c-d794597cf97c/userFiles-077a1149-715a-49a3-a165-47896d530576/org.apache.hadoop_hadoop-client-runtime-3.3.2.jar
[2025-08-29 21:43:10,370] {subprocess.py:92} INFO - 25/08/29 21:43:10 INFO Executor: Fetching file:///home/***/.ivy2/jars/org.slf4j_slf4j-api-1.7.32.jar with timestamp 1756503789344
[2025-08-29 21:43:10,370] {subprocess.py:92} INFO - 25/08/29 21:43:10 INFO Utils: /home/***/.ivy2/jars/org.slf4j_slf4j-api-1.7.32.jar has been previously copied to /tmp/spark-6431c386-ac72-42d8-b71c-d794597cf97c/userFiles-077a1149-715a-49a3-a165-47896d530576/org.slf4j_slf4j-api-1.7.32.jar
[2025-08-29 21:43:10,374] {subprocess.py:92} INFO - 25/08/29 21:43:10 INFO Executor: Fetching file:///home/***/.ivy2/jars/org.lz4_lz4-java-1.8.0.jar with timestamp 1756503789344
[2025-08-29 21:43:10,374] {subprocess.py:92} INFO - 25/08/29 21:43:10 INFO Utils: /home/***/.ivy2/jars/org.lz4_lz4-java-1.8.0.jar has been previously copied to /tmp/spark-6431c386-ac72-42d8-b71c-d794597cf97c/userFiles-077a1149-715a-49a3-a165-47896d530576/org.lz4_lz4-java-1.8.0.jar
[2025-08-29 21:43:10,378] {subprocess.py:92} INFO - 25/08/29 21:43:10 INFO Executor: Fetching file:///home/***/.ivy2/jars/org.apache.commons_commons-pool2-2.11.1.jar with timestamp 1756503789344
[2025-08-29 21:43:10,378] {subprocess.py:92} INFO - 25/08/29 21:43:10 INFO Utils: /home/***/.ivy2/jars/org.apache.commons_commons-pool2-2.11.1.jar has been previously copied to /tmp/spark-6431c386-ac72-42d8-b71c-d794597cf97c/userFiles-077a1149-715a-49a3-a165-47896d530576/org.apache.commons_commons-pool2-2.11.1.jar
[2025-08-29 21:43:10,381] {subprocess.py:92} INFO - 25/08/29 21:43:10 INFO Executor: Fetching file:///home/***/.ivy2/jars/com.google.code.findbugs_jsr305-3.0.0.jar with timestamp 1756503789344
[2025-08-29 21:43:10,382] {subprocess.py:92} INFO - 25/08/29 21:43:10 INFO Utils: /home/***/.ivy2/jars/com.google.code.findbugs_jsr305-3.0.0.jar has been previously copied to /tmp/spark-6431c386-ac72-42d8-b71c-d794597cf97c/userFiles-077a1149-715a-49a3-a165-47896d530576/com.google.code.findbugs_jsr305-3.0.0.jar
[2025-08-29 21:43:10,385] {subprocess.py:92} INFO - 25/08/29 21:43:10 INFO Executor: Fetching file:///home/***/.ivy2/jars/org.apache.spark_spark-token-provider-kafka-0-10_2.12-3.3.1.jar with timestamp 1756503789344
[2025-08-29 21:43:10,385] {subprocess.py:92} INFO - 25/08/29 21:43:10 INFO Utils: /home/***/.ivy2/jars/org.apache.spark_spark-token-provider-kafka-0-10_2.12-3.3.1.jar has been previously copied to /tmp/spark-6431c386-ac72-42d8-b71c-d794597cf97c/userFiles-077a1149-715a-49a3-a165-47896d530576/org.apache.spark_spark-token-provider-kafka-0-10_2.12-3.3.1.jar
[2025-08-29 21:43:10,389] {subprocess.py:92} INFO - 25/08/29 21:43:10 INFO Executor: Fetching file:///home/***/.ivy2/jars/org.apache.kafka_kafka-clients-2.8.1.jar with timestamp 1756503789344
[2025-08-29 21:43:10,392] {subprocess.py:92} INFO - 25/08/29 21:43:10 INFO Utils: /home/***/.ivy2/jars/org.apache.kafka_kafka-clients-2.8.1.jar has been previously copied to /tmp/spark-6431c386-ac72-42d8-b71c-d794597cf97c/userFiles-077a1149-715a-49a3-a165-47896d530576/org.apache.kafka_kafka-clients-2.8.1.jar
[2025-08-29 21:43:10,396] {subprocess.py:92} INFO - 25/08/29 21:43:10 INFO Executor: Fetching file:///home/***/.ivy2/jars/org.xerial.snappy_snappy-java-1.1.8.4.jar with timestamp 1756503789344
[2025-08-29 21:43:10,398] {subprocess.py:92} INFO - 25/08/29 21:43:10 INFO Utils: /home/***/.ivy2/jars/org.xerial.snappy_snappy-java-1.1.8.4.jar has been previously copied to /tmp/spark-6431c386-ac72-42d8-b71c-d794597cf97c/userFiles-077a1149-715a-49a3-a165-47896d530576/org.xerial.snappy_snappy-java-1.1.8.4.jar
[2025-08-29 21:43:10,401] {subprocess.py:92} INFO - 25/08/29 21:43:10 INFO Executor: Fetching spark://a4b544519f2b:38637/jars/org.apache.kafka_kafka-clients-2.8.1.jar with timestamp 1756503789344
[2025-08-29 21:43:10,432] {subprocess.py:92} INFO - 25/08/29 21:43:10 INFO TransportClientFactory: Successfully created connection to a4b544519f2b/172.20.0.3:38637 after 23 ms (0 ms spent in bootstraps)
[2025-08-29 21:43:10,436] {subprocess.py:92} INFO - 25/08/29 21:43:10 INFO Utils: Fetching spark://a4b544519f2b:38637/jars/org.apache.kafka_kafka-clients-2.8.1.jar to /tmp/spark-6431c386-ac72-42d8-b71c-d794597cf97c/userFiles-077a1149-715a-49a3-a165-47896d530576/fetchFileTemp9828320734807877184.tmp
[2025-08-29 21:43:10,475] {subprocess.py:92} INFO - 25/08/29 21:43:10 INFO Utils: /tmp/spark-6431c386-ac72-42d8-b71c-d794597cf97c/userFiles-077a1149-715a-49a3-a165-47896d530576/fetchFileTemp9828320734807877184.tmp has been previously copied to /tmp/spark-6431c386-ac72-42d8-b71c-d794597cf97c/userFiles-077a1149-715a-49a3-a165-47896d530576/org.apache.kafka_kafka-clients-2.8.1.jar
[2025-08-29 21:43:10,480] {subprocess.py:92} INFO - 25/08/29 21:43:10 INFO Executor: Adding file:/tmp/spark-6431c386-ac72-42d8-b71c-d794597cf97c/userFiles-077a1149-715a-49a3-a165-47896d530576/org.apache.kafka_kafka-clients-2.8.1.jar to class loader
[2025-08-29 21:43:10,481] {subprocess.py:92} INFO - 25/08/29 21:43:10 INFO Executor: Fetching spark://a4b544519f2b:38637/jars/commons-logging_commons-logging-1.1.3.jar with timestamp 1756503789344
[2025-08-29 21:43:10,481] {subprocess.py:92} INFO - 25/08/29 21:43:10 INFO Utils: Fetching spark://a4b544519f2b:38637/jars/commons-logging_commons-logging-1.1.3.jar to /tmp/spark-6431c386-ac72-42d8-b71c-d794597cf97c/userFiles-077a1149-715a-49a3-a165-47896d530576/fetchFileTemp3348270787433128855.tmp
[2025-08-29 21:43:10,485] {subprocess.py:92} INFO - 25/08/29 21:43:10 INFO Utils: /tmp/spark-6431c386-ac72-42d8-b71c-d794597cf97c/userFiles-077a1149-715a-49a3-a165-47896d530576/fetchFileTemp3348270787433128855.tmp has been previously copied to /tmp/spark-6431c386-ac72-42d8-b71c-d794597cf97c/userFiles-077a1149-715a-49a3-a165-47896d530576/commons-logging_commons-logging-1.1.3.jar
[2025-08-29 21:43:10,489] {subprocess.py:92} INFO - 25/08/29 21:43:10 INFO Executor: Adding file:/tmp/spark-6431c386-ac72-42d8-b71c-d794597cf97c/userFiles-077a1149-715a-49a3-a165-47896d530576/commons-logging_commons-logging-1.1.3.jar to class loader
[2025-08-29 21:43:10,489] {subprocess.py:92} INFO - 25/08/29 21:43:10 INFO Executor: Fetching spark://a4b544519f2b:38637/jars/org.lz4_lz4-java-1.8.0.jar with timestamp 1756503789344
[2025-08-29 21:43:10,490] {subprocess.py:92} INFO - 25/08/29 21:43:10 INFO Utils: Fetching spark://a4b544519f2b:38637/jars/org.lz4_lz4-java-1.8.0.jar to /tmp/spark-6431c386-ac72-42d8-b71c-d794597cf97c/userFiles-077a1149-715a-49a3-a165-47896d530576/fetchFileTemp459110328709474002.tmp
[2025-08-29 21:43:10,495] {subprocess.py:92} INFO - 25/08/29 21:43:10 INFO Utils: /tmp/spark-6431c386-ac72-42d8-b71c-d794597cf97c/userFiles-077a1149-715a-49a3-a165-47896d530576/fetchFileTemp459110328709474002.tmp has been previously copied to /tmp/spark-6431c386-ac72-42d8-b71c-d794597cf97c/userFiles-077a1149-715a-49a3-a165-47896d530576/org.lz4_lz4-java-1.8.0.jar
[2025-08-29 21:43:10,499] {subprocess.py:92} INFO - 25/08/29 21:43:10 INFO Executor: Adding file:/tmp/spark-6431c386-ac72-42d8-b71c-d794597cf97c/userFiles-077a1149-715a-49a3-a165-47896d530576/org.lz4_lz4-java-1.8.0.jar to class loader
[2025-08-29 21:43:10,500] {subprocess.py:92} INFO - 25/08/29 21:43:10 INFO Executor: Fetching spark://a4b544519f2b:38637/jars/org.apache.spark_spark-sql-kafka-0-10_2.12-3.3.1.jar with timestamp 1756503789344
[2025-08-29 21:43:10,501] {subprocess.py:92} INFO - 25/08/29 21:43:10 INFO Utils: Fetching spark://a4b544519f2b:38637/jars/org.apache.spark_spark-sql-kafka-0-10_2.12-3.3.1.jar to /tmp/spark-6431c386-ac72-42d8-b71c-d794597cf97c/userFiles-077a1149-715a-49a3-a165-47896d530576/fetchFileTemp10168047613523439638.tmp
[2025-08-29 21:43:10,504] {subprocess.py:92} INFO - 25/08/29 21:43:10 INFO Utils: /tmp/spark-6431c386-ac72-42d8-b71c-d794597cf97c/userFiles-077a1149-715a-49a3-a165-47896d530576/fetchFileTemp10168047613523439638.tmp has been previously copied to /tmp/spark-6431c386-ac72-42d8-b71c-d794597cf97c/userFiles-077a1149-715a-49a3-a165-47896d530576/org.apache.spark_spark-sql-kafka-0-10_2.12-3.3.1.jar
[2025-08-29 21:43:10,507] {subprocess.py:92} INFO - 25/08/29 21:43:10 INFO Executor: Adding file:/tmp/spark-6431c386-ac72-42d8-b71c-d794597cf97c/userFiles-077a1149-715a-49a3-a165-47896d530576/org.apache.spark_spark-sql-kafka-0-10_2.12-3.3.1.jar to class loader
[2025-08-29 21:43:10,508] {subprocess.py:92} INFO - 25/08/29 21:43:10 INFO Executor: Fetching spark://a4b544519f2b:38637/jars/org.slf4j_slf4j-api-1.7.32.jar with timestamp 1756503789344
[2025-08-29 21:43:10,508] {subprocess.py:92} INFO - 25/08/29 21:43:10 INFO Utils: Fetching spark://a4b544519f2b:38637/jars/org.slf4j_slf4j-api-1.7.32.jar to /tmp/spark-6431c386-ac72-42d8-b71c-d794597cf97c/userFiles-077a1149-715a-49a3-a165-47896d530576/fetchFileTemp8904994957512256725.tmp
[2025-08-29 21:43:10,510] {subprocess.py:92} INFO - 25/08/29 21:43:10 INFO Utils: /tmp/spark-6431c386-ac72-42d8-b71c-d794597cf97c/userFiles-077a1149-715a-49a3-a165-47896d530576/fetchFileTemp8904994957512256725.tmp has been previously copied to /tmp/spark-6431c386-ac72-42d8-b71c-d794597cf97c/userFiles-077a1149-715a-49a3-a165-47896d530576/org.slf4j_slf4j-api-1.7.32.jar
[2025-08-29 21:43:10,514] {subprocess.py:92} INFO - 25/08/29 21:43:10 INFO Executor: Adding file:/tmp/spark-6431c386-ac72-42d8-b71c-d794597cf97c/userFiles-077a1149-715a-49a3-a165-47896d530576/org.slf4j_slf4j-api-1.7.32.jar to class loader
[2025-08-29 21:43:10,514] {subprocess.py:92} INFO - 25/08/29 21:43:10 INFO Executor: Fetching spark://a4b544519f2b:38637/jars/org.apache.commons_commons-pool2-2.11.1.jar with timestamp 1756503789344
[2025-08-29 21:43:10,514] {subprocess.py:92} INFO - 25/08/29 21:43:10 INFO Utils: Fetching spark://a4b544519f2b:38637/jars/org.apache.commons_commons-pool2-2.11.1.jar to /tmp/spark-6431c386-ac72-42d8-b71c-d794597cf97c/userFiles-077a1149-715a-49a3-a165-47896d530576/fetchFileTemp733191586333667378.tmp
[2025-08-29 21:43:10,516] {subprocess.py:92} INFO - 25/08/29 21:43:10 INFO Utils: /tmp/spark-6431c386-ac72-42d8-b71c-d794597cf97c/userFiles-077a1149-715a-49a3-a165-47896d530576/fetchFileTemp733191586333667378.tmp has been previously copied to /tmp/spark-6431c386-ac72-42d8-b71c-d794597cf97c/userFiles-077a1149-715a-49a3-a165-47896d530576/org.apache.commons_commons-pool2-2.11.1.jar
[2025-08-29 21:43:10,520] {subprocess.py:92} INFO - 25/08/29 21:43:10 INFO Executor: Adding file:/tmp/spark-6431c386-ac72-42d8-b71c-d794597cf97c/userFiles-077a1149-715a-49a3-a165-47896d530576/org.apache.commons_commons-pool2-2.11.1.jar to class loader
[2025-08-29 21:43:10,520] {subprocess.py:92} INFO - 25/08/29 21:43:10 INFO Executor: Fetching spark://a4b544519f2b:38637/jars/org.spark-project.spark_unused-1.0.0.jar with timestamp 1756503789344
[2025-08-29 21:43:10,521] {subprocess.py:92} INFO - 25/08/29 21:43:10 INFO Utils: Fetching spark://a4b544519f2b:38637/jars/org.spark-project.spark_unused-1.0.0.jar to /tmp/spark-6431c386-ac72-42d8-b71c-d794597cf97c/userFiles-077a1149-715a-49a3-a165-47896d530576/fetchFileTemp3098259082944955003.tmp
[2025-08-29 21:43:10,522] {subprocess.py:92} INFO - 25/08/29 21:43:10 INFO Utils: /tmp/spark-6431c386-ac72-42d8-b71c-d794597cf97c/userFiles-077a1149-715a-49a3-a165-47896d530576/fetchFileTemp3098259082944955003.tmp has been previously copied to /tmp/spark-6431c386-ac72-42d8-b71c-d794597cf97c/userFiles-077a1149-715a-49a3-a165-47896d530576/org.spark-project.spark_unused-1.0.0.jar
[2025-08-29 21:43:10,525] {subprocess.py:92} INFO - 25/08/29 21:43:10 INFO Executor: Adding file:/tmp/spark-6431c386-ac72-42d8-b71c-d794597cf97c/userFiles-077a1149-715a-49a3-a165-47896d530576/org.spark-project.spark_unused-1.0.0.jar to class loader
[2025-08-29 21:43:10,525] {subprocess.py:92} INFO - 25/08/29 21:43:10 INFO Executor: Fetching spark://a4b544519f2b:38637/jars/org.apache.hadoop_hadoop-client-api-3.3.2.jar with timestamp 1756503789344
[2025-08-29 21:43:10,526] {subprocess.py:92} INFO - 25/08/29 21:43:10 INFO Utils: Fetching spark://a4b544519f2b:38637/jars/org.apache.hadoop_hadoop-client-api-3.3.2.jar to /tmp/spark-6431c386-ac72-42d8-b71c-d794597cf97c/userFiles-077a1149-715a-49a3-a165-47896d530576/fetchFileTemp3655816118168930935.tmp
[2025-08-29 21:43:10,591] {subprocess.py:92} INFO - 25/08/29 21:43:10 INFO Utils: /tmp/spark-6431c386-ac72-42d8-b71c-d794597cf97c/userFiles-077a1149-715a-49a3-a165-47896d530576/fetchFileTemp3655816118168930935.tmp has been previously copied to /tmp/spark-6431c386-ac72-42d8-b71c-d794597cf97c/userFiles-077a1149-715a-49a3-a165-47896d530576/org.apache.hadoop_hadoop-client-api-3.3.2.jar
[2025-08-29 21:43:10,597] {subprocess.py:92} INFO - 25/08/29 21:43:10 INFO Executor: Adding file:/tmp/spark-6431c386-ac72-42d8-b71c-d794597cf97c/userFiles-077a1149-715a-49a3-a165-47896d530576/org.apache.hadoop_hadoop-client-api-3.3.2.jar to class loader
[2025-08-29 21:43:10,597] {subprocess.py:92} INFO - 25/08/29 21:43:10 INFO Executor: Fetching spark://a4b544519f2b:38637/jars/com.google.code.findbugs_jsr305-3.0.0.jar with timestamp 1756503789344
[2025-08-29 21:43:10,597] {subprocess.py:92} INFO - 25/08/29 21:43:10 INFO Utils: Fetching spark://a4b544519f2b:38637/jars/com.google.code.findbugs_jsr305-3.0.0.jar to /tmp/spark-6431c386-ac72-42d8-b71c-d794597cf97c/userFiles-077a1149-715a-49a3-a165-47896d530576/fetchFileTemp5434439917740846701.tmp
[2025-08-29 21:43:10,599] {subprocess.py:92} INFO - 25/08/29 21:43:10 INFO Utils: /tmp/spark-6431c386-ac72-42d8-b71c-d794597cf97c/userFiles-077a1149-715a-49a3-a165-47896d530576/fetchFileTemp5434439917740846701.tmp has been previously copied to /tmp/spark-6431c386-ac72-42d8-b71c-d794597cf97c/userFiles-077a1149-715a-49a3-a165-47896d530576/com.google.code.findbugs_jsr305-3.0.0.jar
[2025-08-29 21:43:10,602] {subprocess.py:92} INFO - 25/08/29 21:43:10 INFO Executor: Adding file:/tmp/spark-6431c386-ac72-42d8-b71c-d794597cf97c/userFiles-077a1149-715a-49a3-a165-47896d530576/com.google.code.findbugs_jsr305-3.0.0.jar to class loader
[2025-08-29 21:43:10,602] {subprocess.py:92} INFO - 25/08/29 21:43:10 INFO Executor: Fetching spark://a4b544519f2b:38637/jars/org.apache.hadoop_hadoop-client-runtime-3.3.2.jar with timestamp 1756503789344
[2025-08-29 21:43:10,603] {subprocess.py:92} INFO - 25/08/29 21:43:10 INFO Utils: Fetching spark://a4b544519f2b:38637/jars/org.apache.hadoop_hadoop-client-runtime-3.3.2.jar to /tmp/spark-6431c386-ac72-42d8-b71c-d794597cf97c/userFiles-077a1149-715a-49a3-a165-47896d530576/fetchFileTemp6245938640742885607.tmp
[2025-08-29 21:43:10,683] {subprocess.py:92} INFO - 25/08/29 21:43:10 INFO Utils: /tmp/spark-6431c386-ac72-42d8-b71c-d794597cf97c/userFiles-077a1149-715a-49a3-a165-47896d530576/fetchFileTemp6245938640742885607.tmp has been previously copied to /tmp/spark-6431c386-ac72-42d8-b71c-d794597cf97c/userFiles-077a1149-715a-49a3-a165-47896d530576/org.apache.hadoop_hadoop-client-runtime-3.3.2.jar
[2025-08-29 21:43:10,690] {subprocess.py:92} INFO - 25/08/29 21:43:10 INFO Executor: Adding file:/tmp/spark-6431c386-ac72-42d8-b71c-d794597cf97c/userFiles-077a1149-715a-49a3-a165-47896d530576/org.apache.hadoop_hadoop-client-runtime-3.3.2.jar to class loader
[2025-08-29 21:43:10,690] {subprocess.py:92} INFO - 25/08/29 21:43:10 INFO Executor: Fetching spark://a4b544519f2b:38637/jars/org.apache.spark_spark-token-provider-kafka-0-10_2.12-3.3.1.jar with timestamp 1756503789344
[2025-08-29 21:43:10,690] {subprocess.py:92} INFO - 25/08/29 21:43:10 INFO Utils: Fetching spark://a4b544519f2b:38637/jars/org.apache.spark_spark-token-provider-kafka-0-10_2.12-3.3.1.jar to /tmp/spark-6431c386-ac72-42d8-b71c-d794597cf97c/userFiles-077a1149-715a-49a3-a165-47896d530576/fetchFileTemp2589971880557605880.tmp
[2025-08-29 21:43:10,691] {subprocess.py:92} INFO - 25/08/29 21:43:10 INFO Utils: /tmp/spark-6431c386-ac72-42d8-b71c-d794597cf97c/userFiles-077a1149-715a-49a3-a165-47896d530576/fetchFileTemp2589971880557605880.tmp has been previously copied to /tmp/spark-6431c386-ac72-42d8-b71c-d794597cf97c/userFiles-077a1149-715a-49a3-a165-47896d530576/org.apache.spark_spark-token-provider-kafka-0-10_2.12-3.3.1.jar
[2025-08-29 21:43:10,695] {subprocess.py:92} INFO - 25/08/29 21:43:10 INFO Executor: Adding file:/tmp/spark-6431c386-ac72-42d8-b71c-d794597cf97c/userFiles-077a1149-715a-49a3-a165-47896d530576/org.apache.spark_spark-token-provider-kafka-0-10_2.12-3.3.1.jar to class loader
[2025-08-29 21:43:10,695] {subprocess.py:92} INFO - 25/08/29 21:43:10 INFO Executor: Fetching spark://a4b544519f2b:38637/jars/org.xerial.snappy_snappy-java-1.1.8.4.jar with timestamp 1756503789344
[2025-08-29 21:43:10,695] {subprocess.py:92} INFO - 25/08/29 21:43:10 INFO Utils: Fetching spark://a4b544519f2b:38637/jars/org.xerial.snappy_snappy-java-1.1.8.4.jar to /tmp/spark-6431c386-ac72-42d8-b71c-d794597cf97c/userFiles-077a1149-715a-49a3-a165-47896d530576/fetchFileTemp5803962678931570635.tmp
[2025-08-29 21:43:10,702] {subprocess.py:92} INFO - 25/08/29 21:43:10 INFO Utils: /tmp/spark-6431c386-ac72-42d8-b71c-d794597cf97c/userFiles-077a1149-715a-49a3-a165-47896d530576/fetchFileTemp5803962678931570635.tmp has been previously copied to /tmp/spark-6431c386-ac72-42d8-b71c-d794597cf97c/userFiles-077a1149-715a-49a3-a165-47896d530576/org.xerial.snappy_snappy-java-1.1.8.4.jar
[2025-08-29 21:43:10,705] {subprocess.py:92} INFO - 25/08/29 21:43:10 INFO Executor: Adding file:/tmp/spark-6431c386-ac72-42d8-b71c-d794597cf97c/userFiles-077a1149-715a-49a3-a165-47896d530576/org.xerial.snappy_snappy-java-1.1.8.4.jar to class loader
[2025-08-29 21:43:10,713] {subprocess.py:92} INFO - 25/08/29 21:43:10 INFO Utils: Successfully started service 'org.apache.spark.network.netty.NettyBlockTransferService' on port 43959.
[2025-08-29 21:43:10,713] {subprocess.py:92} INFO - 25/08/29 21:43:10 INFO NettyBlockTransferService: Server created on a4b544519f2b:43959
[2025-08-29 21:43:10,715] {subprocess.py:92} INFO - 25/08/29 21:43:10 INFO BlockManager: Using org.apache.spark.storage.RandomBlockReplicationPolicy for block replication policy
[2025-08-29 21:43:10,720] {subprocess.py:92} INFO - 25/08/29 21:43:10 INFO BlockManagerMaster: Registering BlockManager BlockManagerId(driver, a4b544519f2b, 43959, None)
[2025-08-29 21:43:10,724] {subprocess.py:92} INFO - 25/08/29 21:43:10 INFO BlockManagerMasterEndpoint: Registering block manager a4b544519f2b:43959 with 434.4 MiB RAM, BlockManagerId(driver, a4b544519f2b, 43959, None)
[2025-08-29 21:43:10,727] {subprocess.py:92} INFO - 25/08/29 21:43:10 INFO BlockManagerMaster: Registered BlockManager BlockManagerId(driver, a4b544519f2b, 43959, None)
[2025-08-29 21:43:10,729] {subprocess.py:92} INFO - 25/08/29 21:43:10 INFO BlockManager: Initialized BlockManager: BlockManagerId(driver, a4b544519f2b, 43959, None)
[2025-08-29 21:43:11,074] {subprocess.py:92} INFO - Connexion à Kafka...
[2025-08-29 21:43:12,777] {subprocess.py:92} INFO - Connexion Kafka réussie (kafka:9092)
[2025-08-29 21:43:12,778] {subprocess.py:92} INFO - Transformation des données JSON...
[2025-08-29 21:43:13,094] {subprocess.py:92} INFO - Démarrage du streaming vers HDFS...
[2025-08-29 21:43:13,765] {subprocess.py:92} INFO - Streaming actif - Données météo sauvegardées dans HDFS:/data/weather
[2025-08-29 21:45:00,141] {subprocess.py:92} INFO - 25/08/29 21:45:00 WARN CheckpointFileManager: Failed to rename temp file hdfs://namenode:9000/checkpoints/weather/offsets/.45.9f8da30f-f4ba-4d3a-a158-00d2097db736.tmp to hdfs://namenode:9000/checkpoints/weather/offsets/45 because file exists
[2025-08-29 21:45:00,142] {subprocess.py:92} INFO - org.apache.hadoop.fs.FileAlreadyExistsException: rename destination /checkpoints/weather/offsets/45 already exists
[2025-08-29 21:45:00,142] {subprocess.py:92} INFO - 	at org.apache.hadoop.hdfs.server.namenode.FSDirRenameOp.validateOverwrite(FSDirRenameOp.java:565)
[2025-08-29 21:45:00,142] {subprocess.py:92} INFO - 	at org.apache.hadoop.hdfs.server.namenode.FSDirRenameOp.unprotectedRenameTo(FSDirRenameOp.java:399)
[2025-08-29 21:45:00,142] {subprocess.py:92} INFO - 	at org.apache.hadoop.hdfs.server.namenode.FSDirRenameOp.renameTo(FSDirRenameOp.java:311)
[2025-08-29 21:45:00,142] {subprocess.py:92} INFO - 	at org.apache.hadoop.hdfs.server.namenode.FSDirRenameOp.renameToInt(FSDirRenameOp.java:256)
[2025-08-29 21:45:00,142] {subprocess.py:92} INFO - 	at org.apache.hadoop.hdfs.server.namenode.FSNamesystem.renameTo(FSNamesystem.java:3257)
[2025-08-29 21:45:00,142] {subprocess.py:92} INFO - 	at org.apache.hadoop.hdfs.server.namenode.NameNodeRpcServer.rename2(NameNodeRpcServer.java:1096)
[2025-08-29 21:45:00,142] {subprocess.py:92} INFO - 	at org.apache.hadoop.hdfs.protocolPB.ClientNamenodeProtocolServerSideTranslatorPB.rename2(ClientNamenodeProtocolServerSideTranslatorPB.java:703)
[2025-08-29 21:45:00,142] {subprocess.py:92} INFO - 	at org.apache.hadoop.hdfs.protocol.proto.ClientNamenodeProtocolProtos$ClientNamenodeProtocol$2.callBlockingMethod(ClientNamenodeProtocolProtos.java)
[2025-08-29 21:45:00,143] {subprocess.py:92} INFO - 	at org.apache.hadoop.ipc.ProtobufRpcEngine2$Server$ProtoBufRpcInvoker.call(ProtobufRpcEngine2.java:621)
[2025-08-29 21:45:00,143] {subprocess.py:92} INFO - 	at org.apache.hadoop.ipc.ProtobufRpcEngine2$Server$ProtoBufRpcInvoker.call(ProtobufRpcEngine2.java:589)
[2025-08-29 21:45:00,143] {subprocess.py:92} INFO - 	at org.apache.hadoop.ipc.ProtobufRpcEngine2$Server$ProtoBufRpcInvoker.call(ProtobufRpcEngine2.java:573)
[2025-08-29 21:45:00,143] {subprocess.py:92} INFO - 	at org.apache.hadoop.ipc.RPC$Server.call(RPC.java:1227)
[2025-08-29 21:45:00,143] {subprocess.py:92} INFO - 	at org.apache.hadoop.ipc.Server$RpcCall.run(Server.java:1094)
[2025-08-29 21:45:00,143] {subprocess.py:92} INFO - 	at org.apache.hadoop.ipc.Server$RpcCall.run(Server.java:1017)
[2025-08-29 21:45:00,143] {subprocess.py:92} INFO - 	at java.security.AccessController.doPrivileged(Native Method)
[2025-08-29 21:45:00,143] {subprocess.py:92} INFO - 	at javax.security.auth.Subject.doAs(Subject.java:422)
[2025-08-29 21:45:00,143] {subprocess.py:92} INFO - 	at org.apache.hadoop.security.UserGroupInformation.doAs(UserGroupInformation.java:1899)
[2025-08-29 21:45:00,143] {subprocess.py:92} INFO - 	at org.apache.hadoop.ipc.Server$Handler.run(Server.java:3048)
[2025-08-29 21:45:00,143] {subprocess.py:92} INFO - 
[2025-08-29 21:45:00,143] {subprocess.py:92} INFO - 	at java.base/jdk.internal.reflect.NativeConstructorAccessorImpl.newInstance0(Native Method)
[2025-08-29 21:45:00,143] {subprocess.py:92} INFO - 	at java.base/jdk.internal.reflect.NativeConstructorAccessorImpl.newInstance(NativeConstructorAccessorImpl.java:62)
[2025-08-29 21:45:00,144] {subprocess.py:92} INFO - 	at java.base/jdk.internal.reflect.DelegatingConstructorAccessorImpl.newInstance(DelegatingConstructorAccessorImpl.java:45)
[2025-08-29 21:45:00,144] {subprocess.py:92} INFO - 	at java.base/java.lang.reflect.Constructor.newInstance(Constructor.java:490)
[2025-08-29 21:45:00,144] {subprocess.py:92} INFO - 	at org.apache.hadoop.ipc.RemoteException.instantiateException(RemoteException.java:121)
[2025-08-29 21:45:00,144] {subprocess.py:92} INFO - 	at org.apache.hadoop.ipc.RemoteException.unwrapRemoteException(RemoteException.java:88)
[2025-08-29 21:45:00,144] {subprocess.py:92} INFO - 	at org.apache.hadoop.hdfs.DFSClient.rename(DFSClient.java:1611)
[2025-08-29 21:45:00,144] {subprocess.py:92} INFO - 	at org.apache.hadoop.fs.Hdfs.renameInternal(Hdfs.java:393)
[2025-08-29 21:45:00,144] {subprocess.py:92} INFO - 	at org.apache.hadoop.fs.AbstractFileSystem.rename(AbstractFileSystem.java:720)
[2025-08-29 21:45:00,144] {subprocess.py:92} INFO - 	at org.apache.hadoop.fs.FileContext.rename(FileContext.java:1036)
[2025-08-29 21:45:00,144] {subprocess.py:92} INFO - 	at org.apache.spark.sql.execution.streaming.FileContextBasedCheckpointFileManager.renameTempFile(CheckpointFileManager.scala:346)
[2025-08-29 21:45:00,144] {subprocess.py:92} INFO - 	at org.apache.spark.sql.execution.streaming.CheckpointFileManager$RenameBasedFSDataOutputStream.close(CheckpointFileManager.scala:154)
[2025-08-29 21:45:00,144] {subprocess.py:92} INFO - 	at org.apache.spark.sql.execution.streaming.HDFSMetadataLog.$anonfun$addNewBatchByStream$2(HDFSMetadataLog.scala:176)
[2025-08-29 21:45:00,144] {subprocess.py:92} INFO - 	at scala.runtime.java8.JFunction0$mcZ$sp.apply(JFunction0$mcZ$sp.java:23)
[2025-08-29 21:45:00,145] {subprocess.py:92} INFO - 	at scala.Option.getOrElse(Option.scala:189)
[2025-08-29 21:45:00,145] {subprocess.py:92} INFO - 	at org.apache.spark.sql.execution.streaming.HDFSMetadataLog.addNewBatchByStream(HDFSMetadataLog.scala:171)
[2025-08-29 21:45:00,145] {subprocess.py:92} INFO - 	at org.apache.spark.sql.execution.streaming.HDFSMetadataLog.add(HDFSMetadataLog.scala:116)
[2025-08-29 21:45:00,145] {subprocess.py:92} INFO - 	at org.apache.spark.sql.execution.streaming.OffsetSeqLog.add(OffsetSeqLog.scala:53)
[2025-08-29 21:45:00,145] {subprocess.py:92} INFO - 	at org.apache.spark.sql.execution.streaming.MicroBatchExecution.$anonfun$constructNextBatch$13(MicroBatchExecution.scala:495)
[2025-08-29 21:45:00,145] {subprocess.py:92} INFO - 	at scala.runtime.java8.JFunction0$mcV$sp.apply(JFunction0$mcV$sp.java:23)
[2025-08-29 21:45:00,145] {subprocess.py:92} INFO - 	at org.apache.spark.sql.execution.streaming.ProgressReporter.reportTimeTaken(ProgressReporter.scala:375)
[2025-08-29 21:45:00,145] {subprocess.py:92} INFO - 	at org.apache.spark.sql.execution.streaming.ProgressReporter.reportTimeTaken$(ProgressReporter.scala:373)
[2025-08-29 21:45:00,145] {subprocess.py:92} INFO - 	at org.apache.spark.sql.execution.streaming.StreamExecution.reportTimeTaken(StreamExecution.scala:68)
[2025-08-29 21:45:00,145] {subprocess.py:92} INFO - 	at org.apache.spark.sql.execution.streaming.MicroBatchExecution.$anonfun$constructNextBatch$1(MicroBatchExecution.scala:493)
[2025-08-29 21:45:00,145] {subprocess.py:92} INFO - 	at scala.runtime.java8.JFunction0$mcZ$sp.apply(JFunction0$mcZ$sp.java:23)
[2025-08-29 21:45:00,146] {subprocess.py:92} INFO - 	at org.apache.spark.sql.execution.streaming.MicroBatchExecution.withProgressLocked(MicroBatchExecution.scala:693)
[2025-08-29 21:45:00,146] {subprocess.py:92} INFO - 	at org.apache.spark.sql.execution.streaming.MicroBatchExecution.constructNextBatch(MicroBatchExecution.scala:433)
[2025-08-29 21:45:00,146] {subprocess.py:92} INFO - 	at org.apache.spark.sql.execution.streaming.MicroBatchExecution.$anonfun$runActivatedStream$2(MicroBatchExecution.scala:238)
[2025-08-29 21:45:00,146] {subprocess.py:92} INFO - 	at scala.runtime.java8.JFunction0$mcV$sp.apply(JFunction0$mcV$sp.java:23)
[2025-08-29 21:45:00,146] {subprocess.py:92} INFO - 	at org.apache.spark.sql.execution.streaming.ProgressReporter.reportTimeTaken(ProgressReporter.scala:375)
[2025-08-29 21:45:00,146] {subprocess.py:92} INFO - 	at org.apache.spark.sql.execution.streaming.ProgressReporter.reportTimeTaken$(ProgressReporter.scala:373)
[2025-08-29 21:45:00,146] {subprocess.py:92} INFO - 	at org.apache.spark.sql.execution.streaming.StreamExecution.reportTimeTaken(StreamExecution.scala:68)
[2025-08-29 21:45:00,146] {subprocess.py:92} INFO - 	at org.apache.spark.sql.execution.streaming.MicroBatchExecution.$anonfun$runActivatedStream$1(MicroBatchExecution.scala:219)
[2025-08-29 21:45:00,146] {subprocess.py:92} INFO - 	at org.apache.spark.sql.execution.streaming.ProcessingTimeExecutor.execute(TriggerExecutor.scala:67)
[2025-08-29 21:45:00,146] {subprocess.py:92} INFO - 	at org.apache.spark.sql.execution.streaming.MicroBatchExecution.runActivatedStream(MicroBatchExecution.scala:213)
[2025-08-29 21:45:00,146] {subprocess.py:92} INFO - 	at org.apache.spark.sql.execution.streaming.StreamExecution.$anonfun$runStream$1(StreamExecution.scala:307)
[2025-08-29 21:45:00,147] {subprocess.py:92} INFO - 	at scala.runtime.java8.JFunction0$mcV$sp.apply(JFunction0$mcV$sp.java:23)
[2025-08-29 21:45:00,147] {subprocess.py:92} INFO - 	at org.apache.spark.sql.SparkSession.withActive(SparkSession.scala:779)
[2025-08-29 21:45:00,147] {subprocess.py:92} INFO - 	at org.apache.spark.sql.execution.streaming.StreamExecution.org$apache$spark$sql$execution$streaming$StreamExecution$$runStream(StreamExecution.scala:285)
[2025-08-29 21:45:00,147] {subprocess.py:92} INFO - 	at org.apache.spark.sql.execution.streaming.StreamExecution$$anon$1.run(StreamExecution.scala:208)
[2025-08-29 21:45:00,147] {subprocess.py:92} INFO - Caused by: org.apache.hadoop.ipc.RemoteException(org.apache.hadoop.fs.FileAlreadyExistsException): rename destination /checkpoints/weather/offsets/45 already exists
[2025-08-29 21:45:00,147] {subprocess.py:92} INFO - 	at org.apache.hadoop.hdfs.server.namenode.FSDirRenameOp.validateOverwrite(FSDirRenameOp.java:565)
[2025-08-29 21:45:00,147] {subprocess.py:92} INFO - 	at org.apache.hadoop.hdfs.server.namenode.FSDirRenameOp.unprotectedRenameTo(FSDirRenameOp.java:399)
[2025-08-29 21:45:00,147] {subprocess.py:92} INFO - 	at org.apache.hadoop.hdfs.server.namenode.FSDirRenameOp.renameTo(FSDirRenameOp.java:311)
[2025-08-29 21:45:00,147] {subprocess.py:92} INFO - 	at org.apache.hadoop.hdfs.server.namenode.FSDirRenameOp.renameToInt(FSDirRenameOp.java:256)
[2025-08-29 21:45:00,147] {subprocess.py:92} INFO - 	at org.apache.hadoop.hdfs.server.namenode.FSNamesystem.renameTo(FSNamesystem.java:3257)
[2025-08-29 21:45:00,147] {subprocess.py:92} INFO - 	at org.apache.hadoop.hdfs.server.namenode.NameNodeRpcServer.rename2(NameNodeRpcServer.java:1096)
[2025-08-29 21:45:00,148] {subprocess.py:92} INFO - 	at org.apache.hadoop.hdfs.protocolPB.ClientNamenodeProtocolServerSideTranslatorPB.rename2(ClientNamenodeProtocolServerSideTranslatorPB.java:703)
[2025-08-29 21:45:00,148] {subprocess.py:92} INFO - 	at org.apache.hadoop.hdfs.protocol.proto.ClientNamenodeProtocolProtos$ClientNamenodeProtocol$2.callBlockingMethod(ClientNamenodeProtocolProtos.java)
[2025-08-29 21:45:00,148] {subprocess.py:92} INFO - 	at org.apache.hadoop.ipc.ProtobufRpcEngine2$Server$ProtoBufRpcInvoker.call(ProtobufRpcEngine2.java:621)
[2025-08-29 21:45:00,148] {subprocess.py:92} INFO - 	at org.apache.hadoop.ipc.ProtobufRpcEngine2$Server$ProtoBufRpcInvoker.call(ProtobufRpcEngine2.java:589)
[2025-08-29 21:45:00,148] {subprocess.py:92} INFO - 	at org.apache.hadoop.ipc.ProtobufRpcEngine2$Server$ProtoBufRpcInvoker.call(ProtobufRpcEngine2.java:573)
[2025-08-29 21:45:00,148] {subprocess.py:92} INFO - 	at org.apache.hadoop.ipc.RPC$Server.call(RPC.java:1227)
[2025-08-29 21:45:00,148] {subprocess.py:92} INFO - 	at org.apache.hadoop.ipc.Server$RpcCall.run(Server.java:1094)
[2025-08-29 21:45:00,148] {subprocess.py:92} INFO - 	at org.apache.hadoop.ipc.Server$RpcCall.run(Server.java:1017)
[2025-08-29 21:45:00,148] {subprocess.py:92} INFO - 	at java.security.AccessController.doPrivileged(Native Method)
[2025-08-29 21:45:00,148] {subprocess.py:92} INFO - 	at javax.security.auth.Subject.doAs(Subject.java:422)
[2025-08-29 21:45:00,148] {subprocess.py:92} INFO - 	at org.apache.hadoop.security.UserGroupInformation.doAs(UserGroupInformation.java:1899)
[2025-08-29 21:45:00,148] {subprocess.py:92} INFO - 	at org.apache.hadoop.ipc.Server$Handler.run(Server.java:3048)
[2025-08-29 21:45:00,149] {subprocess.py:92} INFO - 
[2025-08-29 21:45:00,149] {subprocess.py:92} INFO - 	at org.apache.hadoop.ipc.Client.getRpcResponse(Client.java:1612)
[2025-08-29 21:45:00,149] {subprocess.py:92} INFO - 	at org.apache.hadoop.ipc.Client.call(Client.java:1558)
[2025-08-29 21:45:00,149] {subprocess.py:92} INFO - 	at org.apache.hadoop.ipc.Client.call(Client.java:1455)
[2025-08-29 21:45:00,149] {subprocess.py:92} INFO - 	at org.apache.hadoop.ipc.ProtobufRpcEngine2$Invoker.invoke(ProtobufRpcEngine2.java:242)
[2025-08-29 21:45:00,149] {subprocess.py:92} INFO - 	at org.apache.hadoop.ipc.ProtobufRpcEngine2$Invoker.invoke(ProtobufRpcEngine2.java:129)
[2025-08-29 21:45:00,149] {subprocess.py:92} INFO - 	at com.sun.proxy.$Proxy35.rename2(Unknown Source)
[2025-08-29 21:45:00,149] {subprocess.py:92} INFO - 	at org.apache.hadoop.hdfs.protocolPB.ClientNamenodeProtocolTranslatorPB.rename2(ClientNamenodeProtocolTranslatorPB.java:629)
[2025-08-29 21:45:00,149] {subprocess.py:92} INFO - 	at java.base/jdk.internal.reflect.NativeMethodAccessorImpl.invoke0(Native Method)
[2025-08-29 21:45:00,149] {subprocess.py:92} INFO - 	at java.base/jdk.internal.reflect.NativeMethodAccessorImpl.invoke(NativeMethodAccessorImpl.java:62)
[2025-08-29 21:45:00,150] {subprocess.py:92} INFO - 	at java.base/jdk.internal.reflect.DelegatingMethodAccessorImpl.invoke(DelegatingMethodAccessorImpl.java:43)
[2025-08-29 21:45:00,150] {subprocess.py:92} INFO - 	at java.base/java.lang.reflect.Method.invoke(Method.java:566)
[2025-08-29 21:45:00,150] {subprocess.py:92} INFO - 	at org.apache.hadoop.io.retry.RetryInvocationHandler.invokeMethod(RetryInvocationHandler.java:422)
[2025-08-29 21:45:00,150] {subprocess.py:92} INFO - 	at org.apache.hadoop.io.retry.RetryInvocationHandler$Call.invokeMethod(RetryInvocationHandler.java:165)
[2025-08-29 21:45:00,150] {subprocess.py:92} INFO - 	at org.apache.hadoop.io.retry.RetryInvocationHandler$Call.invoke(RetryInvocationHandler.java:157)
[2025-08-29 21:45:00,150] {subprocess.py:92} INFO - 	at org.apache.hadoop.io.retry.RetryInvocationHandler$Call.invokeOnce(RetryInvocationHandler.java:95)
[2025-08-29 21:45:00,150] {subprocess.py:92} INFO - 	at org.apache.hadoop.io.retry.RetryInvocationHandler.invoke(RetryInvocationHandler.java:359)
[2025-08-29 21:45:00,150] {subprocess.py:92} INFO - 	at com.sun.proxy.$Proxy36.rename2(Unknown Source)
[2025-08-29 21:45:00,150] {subprocess.py:92} INFO - 	at org.apache.hadoop.hdfs.DFSClient.rename(DFSClient.java:1609)
[2025-08-29 21:45:00,150] {subprocess.py:92} INFO - 	... 33 more
[2025-08-29 21:45:00,165] {subprocess.py:92} INFO - 25/08/29 21:45:00 ERROR MicroBatchExecution: Query [id = 8bb46a74-6ffa-4764-a9c6-2e4a331d8211, runId = 23fbad1c-97b2-4aa2-b040-effc8c5a6c78] terminated with error
[2025-08-29 21:45:00,166] {subprocess.py:92} INFO - java.util.ConcurrentModificationException: Multiple streaming queries are concurrently using hdfs://namenode:9000/checkpoints/weather/offsets
[2025-08-29 21:45:00,166] {subprocess.py:92} INFO - 	at org.apache.spark.sql.errors.QueryExecutionErrors$.multiStreamingQueriesUsingPathConcurrentlyError(QueryExecutionErrors.scala:1603)
[2025-08-29 21:45:00,166] {subprocess.py:92} INFO - 	at org.apache.spark.sql.execution.streaming.HDFSMetadataLog.$anonfun$addNewBatchByStream$2(HDFSMetadataLog.scala:182)
[2025-08-29 21:45:00,166] {subprocess.py:92} INFO - 	at scala.runtime.java8.JFunction0$mcZ$sp.apply(JFunction0$mcZ$sp.java:23)
[2025-08-29 21:45:00,166] {subprocess.py:92} INFO - 	at scala.Option.getOrElse(Option.scala:189)
[2025-08-29 21:45:00,166] {subprocess.py:92} INFO - 	at org.apache.spark.sql.execution.streaming.HDFSMetadataLog.addNewBatchByStream(HDFSMetadataLog.scala:171)
[2025-08-29 21:45:00,166] {subprocess.py:92} INFO - 	at org.apache.spark.sql.execution.streaming.HDFSMetadataLog.add(HDFSMetadataLog.scala:116)
[2025-08-29 21:45:00,166] {subprocess.py:92} INFO - 	at org.apache.spark.sql.execution.streaming.OffsetSeqLog.add(OffsetSeqLog.scala:53)
[2025-08-29 21:45:00,166] {subprocess.py:92} INFO - 	at org.apache.spark.sql.execution.streaming.MicroBatchExecution.$anonfun$constructNextBatch$13(MicroBatchExecution.scala:495)
[2025-08-29 21:45:00,166] {subprocess.py:92} INFO - 	at scala.runtime.java8.JFunction0$mcV$sp.apply(JFunction0$mcV$sp.java:23)
[2025-08-29 21:45:00,166] {subprocess.py:92} INFO - 	at org.apache.spark.sql.execution.streaming.ProgressReporter.reportTimeTaken(ProgressReporter.scala:375)
[2025-08-29 21:45:00,166] {subprocess.py:92} INFO - 	at org.apache.spark.sql.execution.streaming.ProgressReporter.reportTimeTaken$(ProgressReporter.scala:373)
[2025-08-29 21:45:00,166] {subprocess.py:92} INFO - 	at org.apache.spark.sql.execution.streaming.StreamExecution.reportTimeTaken(StreamExecution.scala:68)
[2025-08-29 21:45:00,166] {subprocess.py:92} INFO - 	at org.apache.spark.sql.execution.streaming.MicroBatchExecution.$anonfun$constructNextBatch$1(MicroBatchExecution.scala:493)
[2025-08-29 21:45:00,167] {subprocess.py:92} INFO - 	at scala.runtime.java8.JFunction0$mcZ$sp.apply(JFunction0$mcZ$sp.java:23)
[2025-08-29 21:45:00,167] {subprocess.py:92} INFO - 	at org.apache.spark.sql.execution.streaming.MicroBatchExecution.withProgressLocked(MicroBatchExecution.scala:693)
[2025-08-29 21:45:00,167] {subprocess.py:92} INFO - 	at org.apache.spark.sql.execution.streaming.MicroBatchExecution.constructNextBatch(MicroBatchExecution.scala:433)
[2025-08-29 21:45:00,167] {subprocess.py:92} INFO - 	at org.apache.spark.sql.execution.streaming.MicroBatchExecution.$anonfun$runActivatedStream$2(MicroBatchExecution.scala:238)
[2025-08-29 21:45:00,167] {subprocess.py:92} INFO - 	at scala.runtime.java8.JFunction0$mcV$sp.apply(JFunction0$mcV$sp.java:23)
[2025-08-29 21:45:00,167] {subprocess.py:92} INFO - 	at org.apache.spark.sql.execution.streaming.ProgressReporter.reportTimeTaken(ProgressReporter.scala:375)
[2025-08-29 21:45:00,167] {subprocess.py:92} INFO - 	at org.apache.spark.sql.execution.streaming.ProgressReporter.reportTimeTaken$(ProgressReporter.scala:373)
[2025-08-29 21:45:00,167] {subprocess.py:92} INFO - 	at org.apache.spark.sql.execution.streaming.StreamExecution.reportTimeTaken(StreamExecution.scala:68)
[2025-08-29 21:45:00,167] {subprocess.py:92} INFO - 	at org.apache.spark.sql.execution.streaming.MicroBatchExecution.$anonfun$runActivatedStream$1(MicroBatchExecution.scala:219)
[2025-08-29 21:45:00,167] {subprocess.py:92} INFO - 	at org.apache.spark.sql.execution.streaming.ProcessingTimeExecutor.execute(TriggerExecutor.scala:67)
[2025-08-29 21:45:00,167] {subprocess.py:92} INFO - 	at org.apache.spark.sql.execution.streaming.MicroBatchExecution.runActivatedStream(MicroBatchExecution.scala:213)
[2025-08-29 21:45:00,167] {subprocess.py:92} INFO - 	at org.apache.spark.sql.execution.streaming.StreamExecution.$anonfun$runStream$1(StreamExecution.scala:307)
[2025-08-29 21:45:00,167] {subprocess.py:92} INFO - 	at scala.runtime.java8.JFunction0$mcV$sp.apply(JFunction0$mcV$sp.java:23)
[2025-08-29 21:45:00,167] {subprocess.py:92} INFO - 	at org.apache.spark.sql.SparkSession.withActive(SparkSession.scala:779)
[2025-08-29 21:45:00,168] {subprocess.py:92} INFO - 	at org.apache.spark.sql.execution.streaming.StreamExecution.org$apache$spark$sql$execution$streaming$StreamExecution$$runStream(StreamExecution.scala:285)
[2025-08-29 21:45:00,168] {subprocess.py:92} INFO - 	at org.apache.spark.sql.execution.streaming.StreamExecution$$anon$1.run(StreamExecution.scala:208)
[2025-08-29 21:45:00,168] {subprocess.py:92} INFO - Caused by: org.apache.hadoop.fs.FileAlreadyExistsException: rename destination /checkpoints/weather/offsets/45 already exists
[2025-08-29 21:45:00,168] {subprocess.py:92} INFO - 	at org.apache.hadoop.hdfs.server.namenode.FSDirRenameOp.validateOverwrite(FSDirRenameOp.java:565)
[2025-08-29 21:45:00,168] {subprocess.py:92} INFO - 	at org.apache.hadoop.hdfs.server.namenode.FSDirRenameOp.unprotectedRenameTo(FSDirRenameOp.java:399)
[2025-08-29 21:45:00,168] {subprocess.py:92} INFO - 	at org.apache.hadoop.hdfs.server.namenode.FSDirRenameOp.renameTo(FSDirRenameOp.java:311)
[2025-08-29 21:45:00,168] {subprocess.py:92} INFO - 	at org.apache.hadoop.hdfs.server.namenode.FSDirRenameOp.renameToInt(FSDirRenameOp.java:256)
[2025-08-29 21:45:00,168] {subprocess.py:92} INFO - 	at org.apache.hadoop.hdfs.server.namenode.FSNamesystem.renameTo(FSNamesystem.java:3257)
[2025-08-29 21:45:00,168] {subprocess.py:92} INFO - 	at org.apache.hadoop.hdfs.server.namenode.NameNodeRpcServer.rename2(NameNodeRpcServer.java:1096)
[2025-08-29 21:45:00,168] {subprocess.py:92} INFO - 	at org.apache.hadoop.hdfs.protocolPB.ClientNamenodeProtocolServerSideTranslatorPB.rename2(ClientNamenodeProtocolServerSideTranslatorPB.java:703)
[2025-08-29 21:45:00,168] {subprocess.py:92} INFO - 	at org.apache.hadoop.hdfs.protocol.proto.ClientNamenodeProtocolProtos$ClientNamenodeProtocol$2.callBlockingMethod(ClientNamenodeProtocolProtos.java)
[2025-08-29 21:45:00,168] {subprocess.py:92} INFO - 	at org.apache.hadoop.ipc.ProtobufRpcEngine2$Server$ProtoBufRpcInvoker.call(ProtobufRpcEngine2.java:621)
[2025-08-29 21:45:00,168] {subprocess.py:92} INFO - 	at org.apache.hadoop.ipc.ProtobufRpcEngine2$Server$ProtoBufRpcInvoker.call(ProtobufRpcEngine2.java:589)
[2025-08-29 21:45:00,168] {subprocess.py:92} INFO - 	at org.apache.hadoop.ipc.ProtobufRpcEngine2$Server$ProtoBufRpcInvoker.call(ProtobufRpcEngine2.java:573)
[2025-08-29 21:45:00,168] {subprocess.py:92} INFO - 	at org.apache.hadoop.ipc.RPC$Server.call(RPC.java:1227)
[2025-08-29 21:45:00,168] {subprocess.py:92} INFO - 	at org.apache.hadoop.ipc.Server$RpcCall.run(Server.java:1094)
[2025-08-29 21:45:00,168] {subprocess.py:92} INFO - 	at org.apache.hadoop.ipc.Server$RpcCall.run(Server.java:1017)
[2025-08-29 21:45:00,169] {subprocess.py:92} INFO - 	at java.security.AccessController.doPrivileged(Native Method)
[2025-08-29 21:45:00,169] {subprocess.py:92} INFO - 	at javax.security.auth.Subject.doAs(Subject.java:422)
[2025-08-29 21:45:00,169] {subprocess.py:92} INFO - 	at org.apache.hadoop.security.UserGroupInformation.doAs(UserGroupInformation.java:1899)
[2025-08-29 21:45:00,169] {subprocess.py:92} INFO - 	at org.apache.hadoop.ipc.Server$Handler.run(Server.java:3048)
[2025-08-29 21:45:00,169] {subprocess.py:92} INFO - 
[2025-08-29 21:45:00,169] {subprocess.py:92} INFO - 	at java.base/jdk.internal.reflect.NativeConstructorAccessorImpl.newInstance0(Native Method)
[2025-08-29 21:45:00,169] {subprocess.py:92} INFO - 	at java.base/jdk.internal.reflect.NativeConstructorAccessorImpl.newInstance(NativeConstructorAccessorImpl.java:62)
[2025-08-29 21:45:00,169] {subprocess.py:92} INFO - 	at java.base/jdk.internal.reflect.DelegatingConstructorAccessorImpl.newInstance(DelegatingConstructorAccessorImpl.java:45)
[2025-08-29 21:45:00,169] {subprocess.py:92} INFO - 	at java.base/java.lang.reflect.Constructor.newInstance(Constructor.java:490)
[2025-08-29 21:45:00,169] {subprocess.py:92} INFO - 	at org.apache.hadoop.ipc.RemoteException.instantiateException(RemoteException.java:121)
[2025-08-29 21:45:00,169] {subprocess.py:92} INFO - 	at org.apache.hadoop.ipc.RemoteException.unwrapRemoteException(RemoteException.java:88)
[2025-08-29 21:45:00,169] {subprocess.py:92} INFO - 	at org.apache.hadoop.hdfs.DFSClient.rename(DFSClient.java:1611)
[2025-08-29 21:45:00,169] {subprocess.py:92} INFO - 	at org.apache.hadoop.fs.Hdfs.renameInternal(Hdfs.java:393)
[2025-08-29 21:45:00,169] {subprocess.py:92} INFO - 	at org.apache.hadoop.fs.AbstractFileSystem.rename(AbstractFileSystem.java:720)
[2025-08-29 21:45:00,169] {subprocess.py:92} INFO - 	at org.apache.hadoop.fs.FileContext.rename(FileContext.java:1036)
[2025-08-29 21:45:00,169] {subprocess.py:92} INFO - 	at org.apache.spark.sql.execution.streaming.FileContextBasedCheckpointFileManager.renameTempFile(CheckpointFileManager.scala:346)
[2025-08-29 21:45:00,169] {subprocess.py:92} INFO - 	at org.apache.spark.sql.execution.streaming.CheckpointFileManager$RenameBasedFSDataOutputStream.close(CheckpointFileManager.scala:154)
[2025-08-29 21:45:00,169] {subprocess.py:92} INFO - 	at org.apache.spark.sql.execution.streaming.HDFSMetadataLog.$anonfun$addNewBatchByStream$2(HDFSMetadataLog.scala:176)
[2025-08-29 21:45:00,170] {subprocess.py:92} INFO - 	... 27 more
[2025-08-29 21:45:00,170] {subprocess.py:92} INFO - Caused by: org.apache.hadoop.ipc.RemoteException(org.apache.hadoop.fs.FileAlreadyExistsException): rename destination /checkpoints/weather/offsets/45 already exists
[2025-08-29 21:45:00,170] {subprocess.py:92} INFO - 	at org.apache.hadoop.hdfs.server.namenode.FSDirRenameOp.validateOverwrite(FSDirRenameOp.java:565)
[2025-08-29 21:45:00,170] {subprocess.py:92} INFO - 	at org.apache.hadoop.hdfs.server.namenode.FSDirRenameOp.unprotectedRenameTo(FSDirRenameOp.java:399)
[2025-08-29 21:45:00,170] {subprocess.py:92} INFO - 	at org.apache.hadoop.hdfs.server.namenode.FSDirRenameOp.renameTo(FSDirRenameOp.java:311)
[2025-08-29 21:45:00,170] {subprocess.py:92} INFO - 	at org.apache.hadoop.hdfs.server.namenode.FSDirRenameOp.renameToInt(FSDirRenameOp.java:256)
[2025-08-29 21:45:00,170] {subprocess.py:92} INFO - 	at org.apache.hadoop.hdfs.server.namenode.FSNamesystem.renameTo(FSNamesystem.java:3257)
[2025-08-29 21:45:00,170] {subprocess.py:92} INFO - 	at org.apache.hadoop.hdfs.server.namenode.NameNodeRpcServer.rename2(NameNodeRpcServer.java:1096)
[2025-08-29 21:45:00,170] {subprocess.py:92} INFO - 	at org.apache.hadoop.hdfs.protocolPB.ClientNamenodeProtocolServerSideTranslatorPB.rename2(ClientNamenodeProtocolServerSideTranslatorPB.java:703)
[2025-08-29 21:45:00,170] {subprocess.py:92} INFO - 	at org.apache.hadoop.hdfs.protocol.proto.ClientNamenodeProtocolProtos$ClientNamenodeProtocol$2.callBlockingMethod(ClientNamenodeProtocolProtos.java)
[2025-08-29 21:45:00,170] {subprocess.py:92} INFO - 	at org.apache.hadoop.ipc.ProtobufRpcEngine2$Server$ProtoBufRpcInvoker.call(ProtobufRpcEngine2.java:621)
[2025-08-29 21:45:00,170] {subprocess.py:92} INFO - 	at org.apache.hadoop.ipc.ProtobufRpcEngine2$Server$ProtoBufRpcInvoker.call(ProtobufRpcEngine2.java:589)
[2025-08-29 21:45:00,170] {subprocess.py:92} INFO - 	at org.apache.hadoop.ipc.ProtobufRpcEngine2$Server$ProtoBufRpcInvoker.call(ProtobufRpcEngine2.java:573)
[2025-08-29 21:45:00,170] {subprocess.py:92} INFO - 	at org.apache.hadoop.ipc.RPC$Server.call(RPC.java:1227)
[2025-08-29 21:45:00,170] {subprocess.py:92} INFO - 	at org.apache.hadoop.ipc.Server$RpcCall.run(Server.java:1094)
[2025-08-29 21:45:00,170] {subprocess.py:92} INFO - 	at org.apache.hadoop.ipc.Server$RpcCall.run(Server.java:1017)
[2025-08-29 21:45:00,170] {subprocess.py:92} INFO - 	at java.security.AccessController.doPrivileged(Native Method)
[2025-08-29 21:45:00,170] {subprocess.py:92} INFO - 	at javax.security.auth.Subject.doAs(Subject.java:422)
[2025-08-29 21:45:00,171] {subprocess.py:92} INFO - 	at org.apache.hadoop.security.UserGroupInformation.doAs(UserGroupInformation.java:1899)
[2025-08-29 21:45:00,171] {subprocess.py:92} INFO - 	at org.apache.hadoop.ipc.Server$Handler.run(Server.java:3048)
[2025-08-29 21:45:00,171] {subprocess.py:92} INFO - 
[2025-08-29 21:45:00,171] {subprocess.py:92} INFO - 	at org.apache.hadoop.ipc.Client.getRpcResponse(Client.java:1612)
[2025-08-29 21:45:00,171] {subprocess.py:92} INFO - 	at org.apache.hadoop.ipc.Client.call(Client.java:1558)
[2025-08-29 21:45:00,171] {subprocess.py:92} INFO - 	at org.apache.hadoop.ipc.Client.call(Client.java:1455)
[2025-08-29 21:45:00,171] {subprocess.py:92} INFO - 	at org.apache.hadoop.ipc.ProtobufRpcEngine2$Invoker.invoke(ProtobufRpcEngine2.java:242)
[2025-08-29 21:45:00,171] {subprocess.py:92} INFO - 	at org.apache.hadoop.ipc.ProtobufRpcEngine2$Invoker.invoke(ProtobufRpcEngine2.java:129)
[2025-08-29 21:45:00,171] {subprocess.py:92} INFO - 	at com.sun.proxy.$Proxy35.rename2(Unknown Source)
[2025-08-29 21:45:00,171] {subprocess.py:92} INFO - 	at org.apache.hadoop.hdfs.protocolPB.ClientNamenodeProtocolTranslatorPB.rename2(ClientNamenodeProtocolTranslatorPB.java:629)
[2025-08-29 21:45:00,171] {subprocess.py:92} INFO - 	at java.base/jdk.internal.reflect.NativeMethodAccessorImpl.invoke0(Native Method)
[2025-08-29 21:45:00,171] {subprocess.py:92} INFO - 	at java.base/jdk.internal.reflect.NativeMethodAccessorImpl.invoke(NativeMethodAccessorImpl.java:62)
[2025-08-29 21:45:00,171] {subprocess.py:92} INFO - 	at java.base/jdk.internal.reflect.DelegatingMethodAccessorImpl.invoke(DelegatingMethodAccessorImpl.java:43)
[2025-08-29 21:45:00,171] {subprocess.py:92} INFO - 	at java.base/java.lang.reflect.Method.invoke(Method.java:566)
[2025-08-29 21:45:00,171] {subprocess.py:92} INFO - 	at org.apache.hadoop.io.retry.RetryInvocationHandler.invokeMethod(RetryInvocationHandler.java:422)
[2025-08-29 21:45:00,171] {subprocess.py:92} INFO - 	at org.apache.hadoop.io.retry.RetryInvocationHandler$Call.invokeMethod(RetryInvocationHandler.java:165)
[2025-08-29 21:45:00,171] {subprocess.py:92} INFO - 	at org.apache.hadoop.io.retry.RetryInvocationHandler$Call.invoke(RetryInvocationHandler.java:157)
[2025-08-29 21:45:00,172] {subprocess.py:92} INFO - 	at org.apache.hadoop.io.retry.RetryInvocationHandler$Call.invokeOnce(RetryInvocationHandler.java:95)
[2025-08-29 21:45:00,172] {subprocess.py:92} INFO - 	at org.apache.hadoop.io.retry.RetryInvocationHandler.invoke(RetryInvocationHandler.java:359)
[2025-08-29 21:45:00,172] {subprocess.py:92} INFO - 	at com.sun.proxy.$Proxy36.rename2(Unknown Source)
[2025-08-29 21:45:00,172] {subprocess.py:92} INFO - 	at org.apache.hadoop.hdfs.DFSClient.rename(DFSClient.java:1609)
[2025-08-29 21:45:00,172] {subprocess.py:92} INFO - 	... 33 more
[2025-08-29 21:45:00,385] {subprocess.py:92} INFO - Traceback (most recent call last):
[2025-08-29 21:45:00,385] {subprocess.py:92} INFO -   File "/opt/***/scripts/pyspark/streaming.py", line 60, in <module>
[2025-08-29 21:45:00,385] {subprocess.py:92} INFO -     query.awaitTermination()
[2025-08-29 21:45:00,386] {subprocess.py:92} INFO -   File "/opt/spark-3.3.1-bin-hadoop3/python/lib/pyspark.zip/pyspark/sql/streaming.py", line 107, in awaitTermination
[2025-08-29 21:45:00,386] {subprocess.py:92} INFO -   File "/opt/spark-3.3.1-bin-hadoop3/python/lib/py4j-0.10.9.5-src.zip/py4j/java_gateway.py", line 1322, in __call__
[2025-08-29 21:45:00,386] {subprocess.py:92} INFO -   File "/opt/spark-3.3.1-bin-hadoop3/python/lib/pyspark.zip/pyspark/sql/utils.py", line 196, in deco
[2025-08-29 21:45:00,389] {subprocess.py:92} INFO - pyspark.sql.utils.StreamingQueryException: Query [id = 8bb46a74-6ffa-4764-a9c6-2e4a331d8211, runId = 23fbad1c-97b2-4aa2-b040-effc8c5a6c78] terminated with exception: Multiple streaming queries are concurrently using hdfs://namenode:9000/checkpoints/weather/offsets
[2025-08-29 21:45:00,552] {subprocess.py:96} INFO - Command exited with return code 1
[2025-08-29 21:45:00,569] {taskinstance.py:1889} ERROR - Task failed with exception
Traceback (most recent call last):
  File "/home/airflow/.local/lib/python3.7/site-packages/airflow/operators/bash.py", line 195, in execute
    f'Bash command failed. The command returned a non-zero exit code {result.exit_code}.'
airflow.exceptions.AirflowException: Bash command failed. The command returned a non-zero exit code 1.
[2025-08-29 21:45:00,573] {taskinstance.py:1400} INFO - Marking task as UP_FOR_RETRY. dag_id=send_weather_to_kafka, task_id=stream_hdfs, execution_date=20250829T194232, start_date=20250829T214306, end_date=20250829T214500
[2025-08-29 21:45:00,588] {standard_task_runner.py:97} ERROR - Failed to execute job 371 for task stream_hdfs (Bash command failed. The command returned a non-zero exit code 1.; 1617)
[2025-08-29 21:45:00,616] {local_task_job.py:156} INFO - Task exited with return code 1
[2025-08-29 21:45:00,654] {local_task_job.py:273} INFO - 0 downstream tasks scheduled from follow-on schedule check
