[2025-08-29 21:48:01,135] {taskinstance.py:1159} INFO - Dependencies all met for <TaskInstance: send_weather_to_kafka.stream_hdfs scheduled__2025-08-29T19:42:32.013199+00:00 [queued]>
[2025-08-29 21:48:01,145] {taskinstance.py:1159} INFO - Dependencies all met for <TaskInstance: send_weather_to_kafka.stream_hdfs scheduled__2025-08-29T19:42:32.013199+00:00 [queued]>
[2025-08-29 21:48:01,146] {taskinstance.py:1356} INFO - 
--------------------------------------------------------------------------------
[2025-08-29 21:48:01,146] {taskinstance.py:1357} INFO - Starting attempt 2 of 2
[2025-08-29 21:48:01,146] {taskinstance.py:1358} INFO - 
--------------------------------------------------------------------------------
[2025-08-29 21:48:01,159] {taskinstance.py:1377} INFO - Executing <Task(BashOperator): stream_hdfs> on 2025-08-29 19:42:32.013199+00:00
[2025-08-29 21:48:01,163] {standard_task_runner.py:52} INFO - Started process 2349 to run task
[2025-08-29 21:48:01,166] {standard_task_runner.py:79} INFO - Running: ['***', 'tasks', 'run', 'send_weather_to_kafka', 'stream_hdfs', 'scheduled__2025-08-29T19:42:32.013199+00:00', '--job-id', '375', '--raw', '--subdir', 'DAGS_FOLDER/dag_meteo.py', '--cfg-path', '/tmp/tmpsiwdn0pw', '--error-file', '/tmp/tmpqf18gnku']
[2025-08-29 21:48:01,167] {standard_task_runner.py:80} INFO - Job 375: Subtask stream_hdfs
[2025-08-29 21:48:01,186] {logging_mixin.py:115} WARNING - /home/***/.local/lib/python3.7/site-packages/***/configuration.py:470 DeprecationWarning: The sql_alchemy_conn option in [core] has been moved to the sql_alchemy_conn option in [database] - the old setting has been used, but please update your config.
[2025-08-29 21:48:01,227] {task_command.py:369} INFO - Running <TaskInstance: send_weather_to_kafka.stream_hdfs scheduled__2025-08-29T19:42:32.013199+00:00 [running]> on host a4b544519f2b
[2025-08-29 21:48:01,315] {taskinstance.py:1571} INFO - Exporting the following env vars:
AIRFLOW_CTX_DAG_OWNER=***
AIRFLOW_CTX_DAG_ID=send_weather_to_kafka
AIRFLOW_CTX_TASK_ID=stream_hdfs
AIRFLOW_CTX_EXECUTION_DATE=2025-08-29T19:42:32.013199+00:00
AIRFLOW_CTX_TRY_NUMBER=2
AIRFLOW_CTX_DAG_RUN_ID=scheduled__2025-08-29T19:42:32.013199+00:00
[2025-08-29 21:48:01,315] {subprocess.py:62} INFO - Tmp dir root location: 
 /tmp
[2025-08-29 21:48:01,316] {subprocess.py:74} INFO - Running command: ['bash', '-c', '\n/home/***/.local/bin/spark-submit   --master local[*]   --conf spark.hadoop.fs.defaultFS=hdfs://namenode:9000   --conf spark.hadoop.dfs.client.use.datanode.hostname=true   --conf spark.sql.adaptive.enabled=false   --packages org.apache.spark:spark-sql-kafka-0-10_2.12:3.3.1   /opt/***/scripts/pyspark/streaming.py']
[2025-08-29 21:48:01,325] {subprocess.py:85} INFO - Output:
[2025-08-29 21:48:01,335] {subprocess.py:92} INFO - /opt/spark-3.3.1-bin-hadoop3/bin/load-spark-env.sh: line 68: ps: command not found
[2025-08-29 21:48:02,575] {subprocess.py:92} INFO - :: loading settings :: url = jar:file:/opt/spark-3.3.1-bin-hadoop3/jars/ivy-2.5.0.jar!/org/apache/ivy/core/settings/ivysettings.xml
[2025-08-29 21:48:02,650] {subprocess.py:92} INFO - Ivy Default Cache set to: /home/***/.ivy2/cache
[2025-08-29 21:48:02,650] {subprocess.py:92} INFO - The jars for the packages stored in: /home/***/.ivy2/jars
[2025-08-29 21:48:02,654] {subprocess.py:92} INFO - org.apache.spark#spark-sql-kafka-0-10_2.12 added as a dependency
[2025-08-29 21:48:02,655] {subprocess.py:92} INFO - :: resolving dependencies :: org.apache.spark#spark-submit-parent-b1e3a4ac-8bed-40a3-87eb-9757d1a3dde6;1.0
[2025-08-29 21:48:02,655] {subprocess.py:92} INFO - 	confs: [default]
[2025-08-29 21:48:02,765] {subprocess.py:92} INFO - 	found org.apache.spark#spark-sql-kafka-0-10_2.12;3.3.1 in spark-list
[2025-08-29 21:48:02,806] {subprocess.py:92} INFO - 	found org.apache.spark#spark-token-provider-kafka-0-10_2.12;3.3.1 in central
[2025-08-29 21:48:02,829] {subprocess.py:92} INFO - 	found org.apache.kafka#kafka-clients;2.8.1 in central
[2025-08-29 21:48:02,849] {subprocess.py:92} INFO - 	found org.lz4#lz4-java;1.8.0 in spark-list
[2025-08-29 21:48:02,867] {subprocess.py:92} INFO - 	found org.xerial.snappy#snappy-java;1.1.8.4 in central
[2025-08-29 21:48:02,882] {subprocess.py:92} INFO - 	found org.slf4j#slf4j-api;1.7.32 in central
[2025-08-29 21:48:02,902] {subprocess.py:92} INFO - 	found org.apache.hadoop#hadoop-client-runtime;3.3.2 in central
[2025-08-29 21:48:02,913] {subprocess.py:92} INFO - 	found org.spark-project.spark#unused;1.0.0 in central
[2025-08-29 21:48:02,932] {subprocess.py:92} INFO - 	found org.apache.hadoop#hadoop-client-api;3.3.2 in central
[2025-08-29 21:48:02,947] {subprocess.py:92} INFO - 	found commons-logging#commons-logging;1.1.3 in central
[2025-08-29 21:48:02,956] {subprocess.py:92} INFO - 	found com.google.code.findbugs#jsr305;3.0.0 in central
[2025-08-29 21:48:02,966] {subprocess.py:92} INFO - 	found org.apache.commons#commons-pool2;2.11.1 in central
[2025-08-29 21:48:02,983] {subprocess.py:92} INFO - :: resolution report :: resolve 319ms :: artifacts dl 8ms
[2025-08-29 21:48:02,983] {subprocess.py:92} INFO - 	:: modules in use:
[2025-08-29 21:48:02,983] {subprocess.py:92} INFO - 	com.google.code.findbugs#jsr305;3.0.0 from central in [default]
[2025-08-29 21:48:02,983] {subprocess.py:92} INFO - 	commons-logging#commons-logging;1.1.3 from central in [default]
[2025-08-29 21:48:02,983] {subprocess.py:92} INFO - 	org.apache.commons#commons-pool2;2.11.1 from central in [default]
[2025-08-29 21:48:02,983] {subprocess.py:92} INFO - 	org.apache.hadoop#hadoop-client-api;3.3.2 from central in [default]
[2025-08-29 21:48:02,983] {subprocess.py:92} INFO - 	org.apache.hadoop#hadoop-client-runtime;3.3.2 from central in [default]
[2025-08-29 21:48:02,983] {subprocess.py:92} INFO - 	org.apache.kafka#kafka-clients;2.8.1 from central in [default]
[2025-08-29 21:48:02,983] {subprocess.py:92} INFO - 	org.apache.spark#spark-sql-kafka-0-10_2.12;3.3.1 from spark-list in [default]
[2025-08-29 21:48:02,983] {subprocess.py:92} INFO - 	org.apache.spark#spark-token-provider-kafka-0-10_2.12;3.3.1 from central in [default]
[2025-08-29 21:48:02,983] {subprocess.py:92} INFO - 	org.lz4#lz4-java;1.8.0 from spark-list in [default]
[2025-08-29 21:48:02,983] {subprocess.py:92} INFO - 	org.slf4j#slf4j-api;1.7.32 from central in [default]
[2025-08-29 21:48:02,983] {subprocess.py:92} INFO - 	org.spark-project.spark#unused;1.0.0 from central in [default]
[2025-08-29 21:48:02,984] {subprocess.py:92} INFO - 	org.xerial.snappy#snappy-java;1.1.8.4 from central in [default]
[2025-08-29 21:48:02,984] {subprocess.py:92} INFO - 	---------------------------------------------------------------------
[2025-08-29 21:48:02,984] {subprocess.py:92} INFO - 	|                  |            modules            ||   artifacts   |
[2025-08-29 21:48:02,984] {subprocess.py:92} INFO - 	|       conf       | number| search|dwnlded|evicted|| number|dwnlded|
[2025-08-29 21:48:02,984] {subprocess.py:92} INFO - 	---------------------------------------------------------------------
[2025-08-29 21:48:02,984] {subprocess.py:92} INFO - 	|      default     |   12  |   0   |   0   |   0   ||   12  |   0   |
[2025-08-29 21:48:02,984] {subprocess.py:92} INFO - 	---------------------------------------------------------------------
[2025-08-29 21:48:02,988] {subprocess.py:92} INFO - :: retrieving :: org.apache.spark#spark-submit-parent-b1e3a4ac-8bed-40a3-87eb-9757d1a3dde6
[2025-08-29 21:48:02,988] {subprocess.py:92} INFO - 	confs: [default]
[2025-08-29 21:48:02,993] {subprocess.py:92} INFO - 	0 artifacts copied, 12 already retrieved (0kB/5ms)
[2025-08-29 21:48:03,137] {subprocess.py:92} INFO - 25/08/29 21:48:03 WARN NativeCodeLoader: Unable to load native-hadoop library for your platform... using builtin-java classes where applicable
[2025-08-29 21:48:04,089] {subprocess.py:92} INFO - 25/08/29 21:48:04 INFO SparkContext: Running Spark version 3.3.1
[2025-08-29 21:48:04,111] {subprocess.py:92} INFO - 25/08/29 21:48:04 INFO ResourceUtils: ==============================================================
[2025-08-29 21:48:04,112] {subprocess.py:92} INFO - 25/08/29 21:48:04 INFO ResourceUtils: No custom resources configured for spark.driver.
[2025-08-29 21:48:04,112] {subprocess.py:92} INFO - 25/08/29 21:48:04 INFO ResourceUtils: ==============================================================
[2025-08-29 21:48:04,112] {subprocess.py:92} INFO - 25/08/29 21:48:04 INFO SparkContext: Submitted application: KafkaToHDFSWeather
[2025-08-29 21:48:04,135] {subprocess.py:92} INFO - 25/08/29 21:48:04 INFO ResourceProfile: Default ResourceProfile created, executor resources: Map(cores -> name: cores, amount: 1, script: , vendor: , memory -> name: memory, amount: 1024, script: , vendor: , offHeap -> name: offHeap, amount: 0, script: , vendor: ), task resources: Map(cpus -> name: cpus, amount: 1.0)
[2025-08-29 21:48:04,147] {subprocess.py:92} INFO - 25/08/29 21:48:04 INFO ResourceProfile: Limiting resource is cpu
[2025-08-29 21:48:04,148] {subprocess.py:92} INFO - 25/08/29 21:48:04 INFO ResourceProfileManager: Added ResourceProfile id: 0
[2025-08-29 21:48:04,195] {subprocess.py:92} INFO - 25/08/29 21:48:04 INFO SecurityManager: Changing view acls to: ***
[2025-08-29 21:48:04,195] {subprocess.py:92} INFO - 25/08/29 21:48:04 INFO SecurityManager: Changing modify acls to: ***
[2025-08-29 21:48:04,195] {subprocess.py:92} INFO - 25/08/29 21:48:04 INFO SecurityManager: Changing view acls groups to:
[2025-08-29 21:48:04,195] {subprocess.py:92} INFO - 25/08/29 21:48:04 INFO SecurityManager: Changing modify acls groups to:
[2025-08-29 21:48:04,196] {subprocess.py:92} INFO - 25/08/29 21:48:04 INFO SecurityManager: SecurityManager: authentication disabled; ui acls disabled; users  with view permissions: Set(***); groups with view permissions: Set(); users  with modify permissions: Set(***); groups with modify permissions: Set()
[2025-08-29 21:48:04,423] {subprocess.py:92} INFO - 25/08/29 21:48:04 INFO Utils: Successfully started service 'sparkDriver' on port 38259.
[2025-08-29 21:48:04,452] {subprocess.py:92} INFO - 25/08/29 21:48:04 INFO SparkEnv: Registering MapOutputTracker
[2025-08-29 21:48:04,487] {subprocess.py:92} INFO - 25/08/29 21:48:04 INFO SparkEnv: Registering BlockManagerMaster
[2025-08-29 21:48:04,498] {subprocess.py:92} INFO - 25/08/29 21:48:04 INFO BlockManagerMasterEndpoint: Using org.apache.spark.storage.DefaultTopologyMapper for getting topology information
[2025-08-29 21:48:04,499] {subprocess.py:92} INFO - 25/08/29 21:48:04 INFO BlockManagerMasterEndpoint: BlockManagerMasterEndpoint up
[2025-08-29 21:48:04,501] {subprocess.py:92} INFO - 25/08/29 21:48:04 INFO SparkEnv: Registering BlockManagerMasterHeartbeat
[2025-08-29 21:48:04,515] {subprocess.py:92} INFO - 25/08/29 21:48:04 INFO DiskBlockManager: Created local directory at /tmp/blockmgr-ce0264be-01a5-4984-a57c-2db2bbd4dcea
[2025-08-29 21:48:04,526] {subprocess.py:92} INFO - 25/08/29 21:48:04 INFO MemoryStore: MemoryStore started with capacity 434.4 MiB
[2025-08-29 21:48:04,537] {subprocess.py:92} INFO - 25/08/29 21:48:04 INFO SparkEnv: Registering OutputCommitCoordinator
[2025-08-29 21:48:04,722] {subprocess.py:92} INFO - 25/08/29 21:48:04 WARN Utils: Service 'SparkUI' could not bind on port 4040. Attempting port 4041.
[2025-08-29 21:48:04,722] {subprocess.py:92} INFO - 25/08/29 21:48:04 WARN Utils: Service 'SparkUI' could not bind on port 4041. Attempting port 4042.
[2025-08-29 21:48:04,733] {subprocess.py:92} INFO - 25/08/29 21:48:04 INFO Utils: Successfully started service 'SparkUI' on port 4042.
[2025-08-29 21:48:04,772] {subprocess.py:92} INFO - 25/08/29 21:48:04 INFO SparkContext: Added JAR file:///home/***/.ivy2/jars/org.apache.spark_spark-sql-kafka-0-10_2.12-3.3.1.jar at spark://a4b544519f2b:38259/jars/org.apache.spark_spark-sql-kafka-0-10_2.12-3.3.1.jar with timestamp 1756504084083
[2025-08-29 21:48:04,772] {subprocess.py:92} INFO - 25/08/29 21:48:04 INFO SparkContext: Added JAR file:///home/***/.ivy2/jars/org.apache.spark_spark-token-provider-kafka-0-10_2.12-3.3.1.jar at spark://a4b544519f2b:38259/jars/org.apache.spark_spark-token-provider-kafka-0-10_2.12-3.3.1.jar with timestamp 1756504084083
[2025-08-29 21:48:04,773] {subprocess.py:92} INFO - 25/08/29 21:48:04 INFO SparkContext: Added JAR file:///home/***/.ivy2/jars/org.apache.kafka_kafka-clients-2.8.1.jar at spark://a4b544519f2b:38259/jars/org.apache.kafka_kafka-clients-2.8.1.jar with timestamp 1756504084083
[2025-08-29 21:48:04,773] {subprocess.py:92} INFO - 25/08/29 21:48:04 INFO SparkContext: Added JAR file:///home/***/.ivy2/jars/com.google.code.findbugs_jsr305-3.0.0.jar at spark://a4b544519f2b:38259/jars/com.google.code.findbugs_jsr305-3.0.0.jar with timestamp 1756504084083
[2025-08-29 21:48:04,773] {subprocess.py:92} INFO - 25/08/29 21:48:04 INFO SparkContext: Added JAR file:///home/***/.ivy2/jars/org.apache.commons_commons-pool2-2.11.1.jar at spark://a4b544519f2b:38259/jars/org.apache.commons_commons-pool2-2.11.1.jar with timestamp 1756504084083
[2025-08-29 21:48:04,773] {subprocess.py:92} INFO - 25/08/29 21:48:04 INFO SparkContext: Added JAR file:///home/***/.ivy2/jars/org.spark-project.spark_unused-1.0.0.jar at spark://a4b544519f2b:38259/jars/org.spark-project.spark_unused-1.0.0.jar with timestamp 1756504084083
[2025-08-29 21:48:04,773] {subprocess.py:92} INFO - 25/08/29 21:48:04 INFO SparkContext: Added JAR file:///home/***/.ivy2/jars/org.apache.hadoop_hadoop-client-runtime-3.3.2.jar at spark://a4b544519f2b:38259/jars/org.apache.hadoop_hadoop-client-runtime-3.3.2.jar with timestamp 1756504084083
[2025-08-29 21:48:04,774] {subprocess.py:92} INFO - 25/08/29 21:48:04 INFO SparkContext: Added JAR file:///home/***/.ivy2/jars/org.lz4_lz4-java-1.8.0.jar at spark://a4b544519f2b:38259/jars/org.lz4_lz4-java-1.8.0.jar with timestamp 1756504084083
[2025-08-29 21:48:04,774] {subprocess.py:92} INFO - 25/08/29 21:48:04 INFO SparkContext: Added JAR file:///home/***/.ivy2/jars/org.xerial.snappy_snappy-java-1.1.8.4.jar at spark://a4b544519f2b:38259/jars/org.xerial.snappy_snappy-java-1.1.8.4.jar with timestamp 1756504084083
[2025-08-29 21:48:04,774] {subprocess.py:92} INFO - 25/08/29 21:48:04 INFO SparkContext: Added JAR file:///home/***/.ivy2/jars/org.slf4j_slf4j-api-1.7.32.jar at spark://a4b544519f2b:38259/jars/org.slf4j_slf4j-api-1.7.32.jar with timestamp 1756504084083
[2025-08-29 21:48:04,774] {subprocess.py:92} INFO - 25/08/29 21:48:04 INFO SparkContext: Added JAR file:///home/***/.ivy2/jars/org.apache.hadoop_hadoop-client-api-3.3.2.jar at spark://a4b544519f2b:38259/jars/org.apache.hadoop_hadoop-client-api-3.3.2.jar with timestamp 1756504084083
[2025-08-29 21:48:04,774] {subprocess.py:92} INFO - 25/08/29 21:48:04 INFO SparkContext: Added JAR file:///home/***/.ivy2/jars/commons-logging_commons-logging-1.1.3.jar at spark://a4b544519f2b:38259/jars/commons-logging_commons-logging-1.1.3.jar with timestamp 1756504084083
[2025-08-29 21:48:04,777] {subprocess.py:92} INFO - 25/08/29 21:48:04 INFO SparkContext: Added file file:///home/***/.ivy2/jars/org.apache.spark_spark-sql-kafka-0-10_2.12-3.3.1.jar at file:///home/***/.ivy2/jars/org.apache.spark_spark-sql-kafka-0-10_2.12-3.3.1.jar with timestamp 1756504084083
[2025-08-29 21:48:04,778] {subprocess.py:92} INFO - 25/08/29 21:48:04 INFO Utils: Copying /home/***/.ivy2/jars/org.apache.spark_spark-sql-kafka-0-10_2.12-3.3.1.jar to /tmp/spark-360fd18f-13aa-4ab3-a073-08574b3627d4/userFiles-90860862-916f-4389-aec8-03d2b4818d10/org.apache.spark_spark-sql-kafka-0-10_2.12-3.3.1.jar
[2025-08-29 21:48:04,788] {subprocess.py:92} INFO - 25/08/29 21:48:04 INFO SparkContext: Added file file:///home/***/.ivy2/jars/org.apache.spark_spark-token-provider-kafka-0-10_2.12-3.3.1.jar at file:///home/***/.ivy2/jars/org.apache.spark_spark-token-provider-kafka-0-10_2.12-3.3.1.jar with timestamp 1756504084083
[2025-08-29 21:48:04,789] {subprocess.py:92} INFO - 25/08/29 21:48:04 INFO Utils: Copying /home/***/.ivy2/jars/org.apache.spark_spark-token-provider-kafka-0-10_2.12-3.3.1.jar to /tmp/spark-360fd18f-13aa-4ab3-a073-08574b3627d4/userFiles-90860862-916f-4389-aec8-03d2b4818d10/org.apache.spark_spark-token-provider-kafka-0-10_2.12-3.3.1.jar
[2025-08-29 21:48:04,793] {subprocess.py:92} INFO - 25/08/29 21:48:04 INFO SparkContext: Added file file:///home/***/.ivy2/jars/org.apache.kafka_kafka-clients-2.8.1.jar at file:///home/***/.ivy2/jars/org.apache.kafka_kafka-clients-2.8.1.jar with timestamp 1756504084083
[2025-08-29 21:48:04,793] {subprocess.py:92} INFO - 25/08/29 21:48:04 INFO Utils: Copying /home/***/.ivy2/jars/org.apache.kafka_kafka-clients-2.8.1.jar to /tmp/spark-360fd18f-13aa-4ab3-a073-08574b3627d4/userFiles-90860862-916f-4389-aec8-03d2b4818d10/org.apache.kafka_kafka-clients-2.8.1.jar
[2025-08-29 21:48:04,804] {subprocess.py:92} INFO - 25/08/29 21:48:04 INFO SparkContext: Added file file:///home/***/.ivy2/jars/com.google.code.findbugs_jsr305-3.0.0.jar at file:///home/***/.ivy2/jars/com.google.code.findbugs_jsr305-3.0.0.jar with timestamp 1756504084083
[2025-08-29 21:48:04,804] {subprocess.py:92} INFO - 25/08/29 21:48:04 INFO Utils: Copying /home/***/.ivy2/jars/com.google.code.findbugs_jsr305-3.0.0.jar to /tmp/spark-360fd18f-13aa-4ab3-a073-08574b3627d4/userFiles-90860862-916f-4389-aec8-03d2b4818d10/com.google.code.findbugs_jsr305-3.0.0.jar
[2025-08-29 21:48:04,808] {subprocess.py:92} INFO - 25/08/29 21:48:04 INFO SparkContext: Added file file:///home/***/.ivy2/jars/org.apache.commons_commons-pool2-2.11.1.jar at file:///home/***/.ivy2/jars/org.apache.commons_commons-pool2-2.11.1.jar with timestamp 1756504084083
[2025-08-29 21:48:04,808] {subprocess.py:92} INFO - 25/08/29 21:48:04 INFO Utils: Copying /home/***/.ivy2/jars/org.apache.commons_commons-pool2-2.11.1.jar to /tmp/spark-360fd18f-13aa-4ab3-a073-08574b3627d4/userFiles-90860862-916f-4389-aec8-03d2b4818d10/org.apache.commons_commons-pool2-2.11.1.jar
[2025-08-29 21:48:04,813] {subprocess.py:92} INFO - 25/08/29 21:48:04 INFO SparkContext: Added file file:///home/***/.ivy2/jars/org.spark-project.spark_unused-1.0.0.jar at file:///home/***/.ivy2/jars/org.spark-project.spark_unused-1.0.0.jar with timestamp 1756504084083
[2025-08-29 21:48:04,813] {subprocess.py:92} INFO - 25/08/29 21:48:04 INFO Utils: Copying /home/***/.ivy2/jars/org.spark-project.spark_unused-1.0.0.jar to /tmp/spark-360fd18f-13aa-4ab3-a073-08574b3627d4/userFiles-90860862-916f-4389-aec8-03d2b4818d10/org.spark-project.spark_unused-1.0.0.jar
[2025-08-29 21:48:04,817] {subprocess.py:92} INFO - 25/08/29 21:48:04 INFO SparkContext: Added file file:///home/***/.ivy2/jars/org.apache.hadoop_hadoop-client-runtime-3.3.2.jar at file:///home/***/.ivy2/jars/org.apache.hadoop_hadoop-client-runtime-3.3.2.jar with timestamp 1756504084083
[2025-08-29 21:48:04,817] {subprocess.py:92} INFO - 25/08/29 21:48:04 INFO Utils: Copying /home/***/.ivy2/jars/org.apache.hadoop_hadoop-client-runtime-3.3.2.jar to /tmp/spark-360fd18f-13aa-4ab3-a073-08574b3627d4/userFiles-90860862-916f-4389-aec8-03d2b4818d10/org.apache.hadoop_hadoop-client-runtime-3.3.2.jar
[2025-08-29 21:48:04,860] {subprocess.py:92} INFO - 25/08/29 21:48:04 INFO SparkContext: Added file file:///home/***/.ivy2/jars/org.lz4_lz4-java-1.8.0.jar at file:///home/***/.ivy2/jars/org.lz4_lz4-java-1.8.0.jar with timestamp 1756504084083
[2025-08-29 21:48:04,860] {subprocess.py:92} INFO - 25/08/29 21:48:04 INFO Utils: Copying /home/***/.ivy2/jars/org.lz4_lz4-java-1.8.0.jar to /tmp/spark-360fd18f-13aa-4ab3-a073-08574b3627d4/userFiles-90860862-916f-4389-aec8-03d2b4818d10/org.lz4_lz4-java-1.8.0.jar
[2025-08-29 21:48:04,865] {subprocess.py:92} INFO - 25/08/29 21:48:04 INFO SparkContext: Added file file:///home/***/.ivy2/jars/org.xerial.snappy_snappy-java-1.1.8.4.jar at file:///home/***/.ivy2/jars/org.xerial.snappy_snappy-java-1.1.8.4.jar with timestamp 1756504084083
[2025-08-29 21:48:04,865] {subprocess.py:92} INFO - 25/08/29 21:48:04 INFO Utils: Copying /home/***/.ivy2/jars/org.xerial.snappy_snappy-java-1.1.8.4.jar to /tmp/spark-360fd18f-13aa-4ab3-a073-08574b3627d4/userFiles-90860862-916f-4389-aec8-03d2b4818d10/org.xerial.snappy_snappy-java-1.1.8.4.jar
[2025-08-29 21:48:04,872] {subprocess.py:92} INFO - 25/08/29 21:48:04 INFO SparkContext: Added file file:///home/***/.ivy2/jars/org.slf4j_slf4j-api-1.7.32.jar at file:///home/***/.ivy2/jars/org.slf4j_slf4j-api-1.7.32.jar with timestamp 1756504084083
[2025-08-29 21:48:04,872] {subprocess.py:92} INFO - 25/08/29 21:48:04 INFO Utils: Copying /home/***/.ivy2/jars/org.slf4j_slf4j-api-1.7.32.jar to /tmp/spark-360fd18f-13aa-4ab3-a073-08574b3627d4/userFiles-90860862-916f-4389-aec8-03d2b4818d10/org.slf4j_slf4j-api-1.7.32.jar
[2025-08-29 21:48:04,875] {subprocess.py:92} INFO - 25/08/29 21:48:04 INFO SparkContext: Added file file:///home/***/.ivy2/jars/org.apache.hadoop_hadoop-client-api-3.3.2.jar at file:///home/***/.ivy2/jars/org.apache.hadoop_hadoop-client-api-3.3.2.jar with timestamp 1756504084083
[2025-08-29 21:48:04,876] {subprocess.py:92} INFO - 25/08/29 21:48:04 INFO Utils: Copying /home/***/.ivy2/jars/org.apache.hadoop_hadoop-client-api-3.3.2.jar to /tmp/spark-360fd18f-13aa-4ab3-a073-08574b3627d4/userFiles-90860862-916f-4389-aec8-03d2b4818d10/org.apache.hadoop_hadoop-client-api-3.3.2.jar
[2025-08-29 21:48:04,896] {subprocess.py:92} INFO - 25/08/29 21:48:04 INFO SparkContext: Added file file:///home/***/.ivy2/jars/commons-logging_commons-logging-1.1.3.jar at file:///home/***/.ivy2/jars/commons-logging_commons-logging-1.1.3.jar with timestamp 1756504084083
[2025-08-29 21:48:04,896] {subprocess.py:92} INFO - 25/08/29 21:48:04 INFO Utils: Copying /home/***/.ivy2/jars/commons-logging_commons-logging-1.1.3.jar to /tmp/spark-360fd18f-13aa-4ab3-a073-08574b3627d4/userFiles-90860862-916f-4389-aec8-03d2b4818d10/commons-logging_commons-logging-1.1.3.jar
[2025-08-29 21:48:04,951] {subprocess.py:92} INFO - 25/08/29 21:48:04 INFO Executor: Starting executor ID driver on host a4b544519f2b
[2025-08-29 21:48:04,955] {subprocess.py:92} INFO - 25/08/29 21:48:04 INFO Executor: Starting executor with user classpath (userClassPathFirst = false): ''
[2025-08-29 21:48:04,962] {subprocess.py:92} INFO - 25/08/29 21:48:04 INFO Executor: Fetching file:///home/***/.ivy2/jars/commons-logging_commons-logging-1.1.3.jar with timestamp 1756504084083
[2025-08-29 21:48:04,980] {subprocess.py:92} INFO - 25/08/29 21:48:04 INFO Utils: /home/***/.ivy2/jars/commons-logging_commons-logging-1.1.3.jar has been previously copied to /tmp/spark-360fd18f-13aa-4ab3-a073-08574b3627d4/userFiles-90860862-916f-4389-aec8-03d2b4818d10/commons-logging_commons-logging-1.1.3.jar
[2025-08-29 21:48:04,984] {subprocess.py:92} INFO - 25/08/29 21:48:04 INFO Executor: Fetching file:///home/***/.ivy2/jars/org.spark-project.spark_unused-1.0.0.jar with timestamp 1756504084083
[2025-08-29 21:48:04,984] {subprocess.py:92} INFO - 25/08/29 21:48:04 INFO Utils: /home/***/.ivy2/jars/org.spark-project.spark_unused-1.0.0.jar has been previously copied to /tmp/spark-360fd18f-13aa-4ab3-a073-08574b3627d4/userFiles-90860862-916f-4389-aec8-03d2b4818d10/org.spark-project.spark_unused-1.0.0.jar
[2025-08-29 21:48:04,988] {subprocess.py:92} INFO - 25/08/29 21:48:04 INFO Executor: Fetching file:///home/***/.ivy2/jars/org.apache.spark_spark-sql-kafka-0-10_2.12-3.3.1.jar with timestamp 1756504084083
[2025-08-29 21:48:04,994] {subprocess.py:92} INFO - 25/08/29 21:48:04 INFO Utils: /home/***/.ivy2/jars/org.apache.spark_spark-sql-kafka-0-10_2.12-3.3.1.jar has been previously copied to /tmp/spark-360fd18f-13aa-4ab3-a073-08574b3627d4/userFiles-90860862-916f-4389-aec8-03d2b4818d10/org.apache.spark_spark-sql-kafka-0-10_2.12-3.3.1.jar
[2025-08-29 21:48:04,998] {subprocess.py:92} INFO - 25/08/29 21:48:04 INFO Executor: Fetching file:///home/***/.ivy2/jars/org.apache.hadoop_hadoop-client-api-3.3.2.jar with timestamp 1756504084083
[2025-08-29 21:48:05,009] {subprocess.py:92} INFO - 25/08/29 21:48:05 INFO Utils: /home/***/.ivy2/jars/org.apache.hadoop_hadoop-client-api-3.3.2.jar has been previously copied to /tmp/spark-360fd18f-13aa-4ab3-a073-08574b3627d4/userFiles-90860862-916f-4389-aec8-03d2b4818d10/org.apache.hadoop_hadoop-client-api-3.3.2.jar
[2025-08-29 21:48:05,013] {subprocess.py:92} INFO - 25/08/29 21:48:05 INFO Executor: Fetching file:///home/***/.ivy2/jars/org.apache.hadoop_hadoop-client-runtime-3.3.2.jar with timestamp 1756504084083
[2025-08-29 21:48:05,029] {subprocess.py:92} INFO - 25/08/29 21:48:05 INFO Utils: /home/***/.ivy2/jars/org.apache.hadoop_hadoop-client-runtime-3.3.2.jar has been previously copied to /tmp/spark-360fd18f-13aa-4ab3-a073-08574b3627d4/userFiles-90860862-916f-4389-aec8-03d2b4818d10/org.apache.hadoop_hadoop-client-runtime-3.3.2.jar
[2025-08-29 21:48:05,032] {subprocess.py:92} INFO - 25/08/29 21:48:05 INFO Executor: Fetching file:///home/***/.ivy2/jars/org.slf4j_slf4j-api-1.7.32.jar with timestamp 1756504084083
[2025-08-29 21:48:05,033] {subprocess.py:92} INFO - 25/08/29 21:48:05 INFO Utils: /home/***/.ivy2/jars/org.slf4j_slf4j-api-1.7.32.jar has been previously copied to /tmp/spark-360fd18f-13aa-4ab3-a073-08574b3627d4/userFiles-90860862-916f-4389-aec8-03d2b4818d10/org.slf4j_slf4j-api-1.7.32.jar
[2025-08-29 21:48:05,036] {subprocess.py:92} INFO - 25/08/29 21:48:05 INFO Executor: Fetching file:///home/***/.ivy2/jars/org.lz4_lz4-java-1.8.0.jar with timestamp 1756504084083
[2025-08-29 21:48:05,037] {subprocess.py:92} INFO - 25/08/29 21:48:05 INFO Utils: /home/***/.ivy2/jars/org.lz4_lz4-java-1.8.0.jar has been previously copied to /tmp/spark-360fd18f-13aa-4ab3-a073-08574b3627d4/userFiles-90860862-916f-4389-aec8-03d2b4818d10/org.lz4_lz4-java-1.8.0.jar
[2025-08-29 21:48:05,040] {subprocess.py:92} INFO - 25/08/29 21:48:05 INFO Executor: Fetching file:///home/***/.ivy2/jars/org.apache.commons_commons-pool2-2.11.1.jar with timestamp 1756504084083
[2025-08-29 21:48:05,041] {subprocess.py:92} INFO - 25/08/29 21:48:05 INFO Utils: /home/***/.ivy2/jars/org.apache.commons_commons-pool2-2.11.1.jar has been previously copied to /tmp/spark-360fd18f-13aa-4ab3-a073-08574b3627d4/userFiles-90860862-916f-4389-aec8-03d2b4818d10/org.apache.commons_commons-pool2-2.11.1.jar
[2025-08-29 21:48:05,044] {subprocess.py:92} INFO - 25/08/29 21:48:05 INFO Executor: Fetching file:///home/***/.ivy2/jars/com.google.code.findbugs_jsr305-3.0.0.jar with timestamp 1756504084083
[2025-08-29 21:48:05,044] {subprocess.py:92} INFO - 25/08/29 21:48:05 INFO Utils: /home/***/.ivy2/jars/com.google.code.findbugs_jsr305-3.0.0.jar has been previously copied to /tmp/spark-360fd18f-13aa-4ab3-a073-08574b3627d4/userFiles-90860862-916f-4389-aec8-03d2b4818d10/com.google.code.findbugs_jsr305-3.0.0.jar
[2025-08-29 21:48:05,047] {subprocess.py:92} INFO - 25/08/29 21:48:05 INFO Executor: Fetching file:///home/***/.ivy2/jars/org.apache.spark_spark-token-provider-kafka-0-10_2.12-3.3.1.jar with timestamp 1756504084083
[2025-08-29 21:48:05,048] {subprocess.py:92} INFO - 25/08/29 21:48:05 INFO Utils: /home/***/.ivy2/jars/org.apache.spark_spark-token-provider-kafka-0-10_2.12-3.3.1.jar has been previously copied to /tmp/spark-360fd18f-13aa-4ab3-a073-08574b3627d4/userFiles-90860862-916f-4389-aec8-03d2b4818d10/org.apache.spark_spark-token-provider-kafka-0-10_2.12-3.3.1.jar
[2025-08-29 21:48:05,051] {subprocess.py:92} INFO - 25/08/29 21:48:05 INFO Executor: Fetching file:///home/***/.ivy2/jars/org.apache.kafka_kafka-clients-2.8.1.jar with timestamp 1756504084083
[2025-08-29 21:48:05,054] {subprocess.py:92} INFO - 25/08/29 21:48:05 INFO Utils: /home/***/.ivy2/jars/org.apache.kafka_kafka-clients-2.8.1.jar has been previously copied to /tmp/spark-360fd18f-13aa-4ab3-a073-08574b3627d4/userFiles-90860862-916f-4389-aec8-03d2b4818d10/org.apache.kafka_kafka-clients-2.8.1.jar
[2025-08-29 21:48:05,057] {subprocess.py:92} INFO - 25/08/29 21:48:05 INFO Executor: Fetching file:///home/***/.ivy2/jars/org.xerial.snappy_snappy-java-1.1.8.4.jar with timestamp 1756504084083
[2025-08-29 21:48:05,058] {subprocess.py:92} INFO - 25/08/29 21:48:05 INFO Utils: /home/***/.ivy2/jars/org.xerial.snappy_snappy-java-1.1.8.4.jar has been previously copied to /tmp/spark-360fd18f-13aa-4ab3-a073-08574b3627d4/userFiles-90860862-916f-4389-aec8-03d2b4818d10/org.xerial.snappy_snappy-java-1.1.8.4.jar
[2025-08-29 21:48:05,063] {subprocess.py:92} INFO - 25/08/29 21:48:05 INFO Executor: Fetching spark://a4b544519f2b:38259/jars/org.apache.hadoop_hadoop-client-api-3.3.2.jar with timestamp 1756504084083
[2025-08-29 21:48:05,096] {subprocess.py:92} INFO - 25/08/29 21:48:05 INFO TransportClientFactory: Successfully created connection to a4b544519f2b/172.20.0.3:38259 after 24 ms (0 ms spent in bootstraps)
[2025-08-29 21:48:05,101] {subprocess.py:92} INFO - 25/08/29 21:48:05 INFO Utils: Fetching spark://a4b544519f2b:38259/jars/org.apache.hadoop_hadoop-client-api-3.3.2.jar to /tmp/spark-360fd18f-13aa-4ab3-a073-08574b3627d4/userFiles-90860862-916f-4389-aec8-03d2b4818d10/fetchFileTemp13864421862018104939.tmp
[2025-08-29 21:48:05,215] {subprocess.py:92} INFO - 25/08/29 21:48:05 INFO Utils: /tmp/spark-360fd18f-13aa-4ab3-a073-08574b3627d4/userFiles-90860862-916f-4389-aec8-03d2b4818d10/fetchFileTemp13864421862018104939.tmp has been previously copied to /tmp/spark-360fd18f-13aa-4ab3-a073-08574b3627d4/userFiles-90860862-916f-4389-aec8-03d2b4818d10/org.apache.hadoop_hadoop-client-api-3.3.2.jar
[2025-08-29 21:48:05,222] {subprocess.py:92} INFO - 25/08/29 21:48:05 INFO Executor: Adding file:/tmp/spark-360fd18f-13aa-4ab3-a073-08574b3627d4/userFiles-90860862-916f-4389-aec8-03d2b4818d10/org.apache.hadoop_hadoop-client-api-3.3.2.jar to class loader
[2025-08-29 21:48:05,222] {subprocess.py:92} INFO - 25/08/29 21:48:05 INFO Executor: Fetching spark://a4b544519f2b:38259/jars/org.lz4_lz4-java-1.8.0.jar with timestamp 1756504084083
[2025-08-29 21:48:05,223] {subprocess.py:92} INFO - 25/08/29 21:48:05 INFO Utils: Fetching spark://a4b544519f2b:38259/jars/org.lz4_lz4-java-1.8.0.jar to /tmp/spark-360fd18f-13aa-4ab3-a073-08574b3627d4/userFiles-90860862-916f-4389-aec8-03d2b4818d10/fetchFileTemp14743804168379079780.tmp
[2025-08-29 21:48:05,227] {subprocess.py:92} INFO - 25/08/29 21:48:05 INFO Utils: /tmp/spark-360fd18f-13aa-4ab3-a073-08574b3627d4/userFiles-90860862-916f-4389-aec8-03d2b4818d10/fetchFileTemp14743804168379079780.tmp has been previously copied to /tmp/spark-360fd18f-13aa-4ab3-a073-08574b3627d4/userFiles-90860862-916f-4389-aec8-03d2b4818d10/org.lz4_lz4-java-1.8.0.jar
[2025-08-29 21:48:05,231] {subprocess.py:92} INFO - 25/08/29 21:48:05 INFO Executor: Adding file:/tmp/spark-360fd18f-13aa-4ab3-a073-08574b3627d4/userFiles-90860862-916f-4389-aec8-03d2b4818d10/org.lz4_lz4-java-1.8.0.jar to class loader
[2025-08-29 21:48:05,231] {subprocess.py:92} INFO - 25/08/29 21:48:05 INFO Executor: Fetching spark://a4b544519f2b:38259/jars/org.apache.spark_spark-token-provider-kafka-0-10_2.12-3.3.1.jar with timestamp 1756504084083
[2025-08-29 21:48:05,232] {subprocess.py:92} INFO - 25/08/29 21:48:05 INFO Utils: Fetching spark://a4b544519f2b:38259/jars/org.apache.spark_spark-token-provider-kafka-0-10_2.12-3.3.1.jar to /tmp/spark-360fd18f-13aa-4ab3-a073-08574b3627d4/userFiles-90860862-916f-4389-aec8-03d2b4818d10/fetchFileTemp14180437884674225595.tmp
[2025-08-29 21:48:05,233] {subprocess.py:92} INFO - 25/08/29 21:48:05 INFO Utils: /tmp/spark-360fd18f-13aa-4ab3-a073-08574b3627d4/userFiles-90860862-916f-4389-aec8-03d2b4818d10/fetchFileTemp14180437884674225595.tmp has been previously copied to /tmp/spark-360fd18f-13aa-4ab3-a073-08574b3627d4/userFiles-90860862-916f-4389-aec8-03d2b4818d10/org.apache.spark_spark-token-provider-kafka-0-10_2.12-3.3.1.jar
[2025-08-29 21:48:05,237] {subprocess.py:92} INFO - 25/08/29 21:48:05 INFO Executor: Adding file:/tmp/spark-360fd18f-13aa-4ab3-a073-08574b3627d4/userFiles-90860862-916f-4389-aec8-03d2b4818d10/org.apache.spark_spark-token-provider-kafka-0-10_2.12-3.3.1.jar to class loader
[2025-08-29 21:48:05,237] {subprocess.py:92} INFO - 25/08/29 21:48:05 INFO Executor: Fetching spark://a4b544519f2b:38259/jars/com.google.code.findbugs_jsr305-3.0.0.jar with timestamp 1756504084083
[2025-08-29 21:48:05,238] {subprocess.py:92} INFO - 25/08/29 21:48:05 INFO Utils: Fetching spark://a4b544519f2b:38259/jars/com.google.code.findbugs_jsr305-3.0.0.jar to /tmp/spark-360fd18f-13aa-4ab3-a073-08574b3627d4/userFiles-90860862-916f-4389-aec8-03d2b4818d10/fetchFileTemp10982073187135645204.tmp
[2025-08-29 21:48:05,239] {subprocess.py:92} INFO - 25/08/29 21:48:05 INFO Utils: /tmp/spark-360fd18f-13aa-4ab3-a073-08574b3627d4/userFiles-90860862-916f-4389-aec8-03d2b4818d10/fetchFileTemp10982073187135645204.tmp has been previously copied to /tmp/spark-360fd18f-13aa-4ab3-a073-08574b3627d4/userFiles-90860862-916f-4389-aec8-03d2b4818d10/com.google.code.findbugs_jsr305-3.0.0.jar
[2025-08-29 21:48:05,242] {subprocess.py:92} INFO - 25/08/29 21:48:05 INFO Executor: Adding file:/tmp/spark-360fd18f-13aa-4ab3-a073-08574b3627d4/userFiles-90860862-916f-4389-aec8-03d2b4818d10/com.google.code.findbugs_jsr305-3.0.0.jar to class loader
[2025-08-29 21:48:05,242] {subprocess.py:92} INFO - 25/08/29 21:48:05 INFO Executor: Fetching spark://a4b544519f2b:38259/jars/org.xerial.snappy_snappy-java-1.1.8.4.jar with timestamp 1756504084083
[2025-08-29 21:48:05,243] {subprocess.py:92} INFO - 25/08/29 21:48:05 INFO Utils: Fetching spark://a4b544519f2b:38259/jars/org.xerial.snappy_snappy-java-1.1.8.4.jar to /tmp/spark-360fd18f-13aa-4ab3-a073-08574b3627d4/userFiles-90860862-916f-4389-aec8-03d2b4818d10/fetchFileTemp11547528235313315639.tmp
[2025-08-29 21:48:05,250] {subprocess.py:92} INFO - 25/08/29 21:48:05 INFO Utils: /tmp/spark-360fd18f-13aa-4ab3-a073-08574b3627d4/userFiles-90860862-916f-4389-aec8-03d2b4818d10/fetchFileTemp11547528235313315639.tmp has been previously copied to /tmp/spark-360fd18f-13aa-4ab3-a073-08574b3627d4/userFiles-90860862-916f-4389-aec8-03d2b4818d10/org.xerial.snappy_snappy-java-1.1.8.4.jar
[2025-08-29 21:48:05,254] {subprocess.py:92} INFO - 25/08/29 21:48:05 INFO Executor: Adding file:/tmp/spark-360fd18f-13aa-4ab3-a073-08574b3627d4/userFiles-90860862-916f-4389-aec8-03d2b4818d10/org.xerial.snappy_snappy-java-1.1.8.4.jar to class loader
[2025-08-29 21:48:05,254] {subprocess.py:92} INFO - 25/08/29 21:48:05 INFO Executor: Fetching spark://a4b544519f2b:38259/jars/org.apache.commons_commons-pool2-2.11.1.jar with timestamp 1756504084083
[2025-08-29 21:48:05,255] {subprocess.py:92} INFO - 25/08/29 21:48:05 INFO Utils: Fetching spark://a4b544519f2b:38259/jars/org.apache.commons_commons-pool2-2.11.1.jar to /tmp/spark-360fd18f-13aa-4ab3-a073-08574b3627d4/userFiles-90860862-916f-4389-aec8-03d2b4818d10/fetchFileTemp8903225706937094470.tmp
[2025-08-29 21:48:05,257] {subprocess.py:92} INFO - 25/08/29 21:48:05 INFO Utils: /tmp/spark-360fd18f-13aa-4ab3-a073-08574b3627d4/userFiles-90860862-916f-4389-aec8-03d2b4818d10/fetchFileTemp8903225706937094470.tmp has been previously copied to /tmp/spark-360fd18f-13aa-4ab3-a073-08574b3627d4/userFiles-90860862-916f-4389-aec8-03d2b4818d10/org.apache.commons_commons-pool2-2.11.1.jar
[2025-08-29 21:48:05,260] {subprocess.py:92} INFO - 25/08/29 21:48:05 INFO Executor: Adding file:/tmp/spark-360fd18f-13aa-4ab3-a073-08574b3627d4/userFiles-90860862-916f-4389-aec8-03d2b4818d10/org.apache.commons_commons-pool2-2.11.1.jar to class loader
[2025-08-29 21:48:05,261] {subprocess.py:92} INFO - 25/08/29 21:48:05 INFO Executor: Fetching spark://a4b544519f2b:38259/jars/org.apache.kafka_kafka-clients-2.8.1.jar with timestamp 1756504084083
[2025-08-29 21:48:05,261] {subprocess.py:92} INFO - 25/08/29 21:48:05 INFO Utils: Fetching spark://a4b544519f2b:38259/jars/org.apache.kafka_kafka-clients-2.8.1.jar to /tmp/spark-360fd18f-13aa-4ab3-a073-08574b3627d4/userFiles-90860862-916f-4389-aec8-03d2b4818d10/fetchFileTemp15417823018751463720.tmp
[2025-08-29 21:48:05,276] {subprocess.py:92} INFO - 25/08/29 21:48:05 INFO Utils: /tmp/spark-360fd18f-13aa-4ab3-a073-08574b3627d4/userFiles-90860862-916f-4389-aec8-03d2b4818d10/fetchFileTemp15417823018751463720.tmp has been previously copied to /tmp/spark-360fd18f-13aa-4ab3-a073-08574b3627d4/userFiles-90860862-916f-4389-aec8-03d2b4818d10/org.apache.kafka_kafka-clients-2.8.1.jar
[2025-08-29 21:48:05,281] {subprocess.py:92} INFO - 25/08/29 21:48:05 INFO Executor: Adding file:/tmp/spark-360fd18f-13aa-4ab3-a073-08574b3627d4/userFiles-90860862-916f-4389-aec8-03d2b4818d10/org.apache.kafka_kafka-clients-2.8.1.jar to class loader
[2025-08-29 21:48:05,281] {subprocess.py:92} INFO - 25/08/29 21:48:05 INFO Executor: Fetching spark://a4b544519f2b:38259/jars/org.apache.spark_spark-sql-kafka-0-10_2.12-3.3.1.jar with timestamp 1756504084083
[2025-08-29 21:48:05,281] {subprocess.py:92} INFO - 25/08/29 21:48:05 INFO Utils: Fetching spark://a4b544519f2b:38259/jars/org.apache.spark_spark-sql-kafka-0-10_2.12-3.3.1.jar to /tmp/spark-360fd18f-13aa-4ab3-a073-08574b3627d4/userFiles-90860862-916f-4389-aec8-03d2b4818d10/fetchFileTemp12113290219649032056.tmp
[2025-08-29 21:48:05,285] {subprocess.py:92} INFO - 25/08/29 21:48:05 INFO Utils: /tmp/spark-360fd18f-13aa-4ab3-a073-08574b3627d4/userFiles-90860862-916f-4389-aec8-03d2b4818d10/fetchFileTemp12113290219649032056.tmp has been previously copied to /tmp/spark-360fd18f-13aa-4ab3-a073-08574b3627d4/userFiles-90860862-916f-4389-aec8-03d2b4818d10/org.apache.spark_spark-sql-kafka-0-10_2.12-3.3.1.jar
[2025-08-29 21:48:05,288] {subprocess.py:92} INFO - 25/08/29 21:48:05 INFO Executor: Adding file:/tmp/spark-360fd18f-13aa-4ab3-a073-08574b3627d4/userFiles-90860862-916f-4389-aec8-03d2b4818d10/org.apache.spark_spark-sql-kafka-0-10_2.12-3.3.1.jar to class loader
[2025-08-29 21:48:05,288] {subprocess.py:92} INFO - 25/08/29 21:48:05 INFO Executor: Fetching spark://a4b544519f2b:38259/jars/org.slf4j_slf4j-api-1.7.32.jar with timestamp 1756504084083
[2025-08-29 21:48:05,289] {subprocess.py:92} INFO - 25/08/29 21:48:05 INFO Utils: Fetching spark://a4b544519f2b:38259/jars/org.slf4j_slf4j-api-1.7.32.jar to /tmp/spark-360fd18f-13aa-4ab3-a073-08574b3627d4/userFiles-90860862-916f-4389-aec8-03d2b4818d10/fetchFileTemp307037591677780525.tmp
[2025-08-29 21:48:05,290] {subprocess.py:92} INFO - 25/08/29 21:48:05 INFO Utils: /tmp/spark-360fd18f-13aa-4ab3-a073-08574b3627d4/userFiles-90860862-916f-4389-aec8-03d2b4818d10/fetchFileTemp307037591677780525.tmp has been previously copied to /tmp/spark-360fd18f-13aa-4ab3-a073-08574b3627d4/userFiles-90860862-916f-4389-aec8-03d2b4818d10/org.slf4j_slf4j-api-1.7.32.jar
[2025-08-29 21:48:05,294] {subprocess.py:92} INFO - 25/08/29 21:48:05 INFO Executor: Adding file:/tmp/spark-360fd18f-13aa-4ab3-a073-08574b3627d4/userFiles-90860862-916f-4389-aec8-03d2b4818d10/org.slf4j_slf4j-api-1.7.32.jar to class loader
[2025-08-29 21:48:05,294] {subprocess.py:92} INFO - 25/08/29 21:48:05 INFO Executor: Fetching spark://a4b544519f2b:38259/jars/commons-logging_commons-logging-1.1.3.jar with timestamp 1756504084083
[2025-08-29 21:48:05,294] {subprocess.py:92} INFO - 25/08/29 21:48:05 INFO Utils: Fetching spark://a4b544519f2b:38259/jars/commons-logging_commons-logging-1.1.3.jar to /tmp/spark-360fd18f-13aa-4ab3-a073-08574b3627d4/userFiles-90860862-916f-4389-aec8-03d2b4818d10/fetchFileTemp10661363909358793966.tmp
[2025-08-29 21:48:05,296] {subprocess.py:92} INFO - 25/08/29 21:48:05 INFO Utils: /tmp/spark-360fd18f-13aa-4ab3-a073-08574b3627d4/userFiles-90860862-916f-4389-aec8-03d2b4818d10/fetchFileTemp10661363909358793966.tmp has been previously copied to /tmp/spark-360fd18f-13aa-4ab3-a073-08574b3627d4/userFiles-90860862-916f-4389-aec8-03d2b4818d10/commons-logging_commons-logging-1.1.3.jar
[2025-08-29 21:48:05,299] {subprocess.py:92} INFO - 25/08/29 21:48:05 INFO Executor: Adding file:/tmp/spark-360fd18f-13aa-4ab3-a073-08574b3627d4/userFiles-90860862-916f-4389-aec8-03d2b4818d10/commons-logging_commons-logging-1.1.3.jar to class loader
[2025-08-29 21:48:05,300] {subprocess.py:92} INFO - 25/08/29 21:48:05 INFO Executor: Fetching spark://a4b544519f2b:38259/jars/org.apache.hadoop_hadoop-client-runtime-3.3.2.jar with timestamp 1756504084083
[2025-08-29 21:48:05,300] {subprocess.py:92} INFO - 25/08/29 21:48:05 INFO Utils: Fetching spark://a4b544519f2b:38259/jars/org.apache.hadoop_hadoop-client-runtime-3.3.2.jar to /tmp/spark-360fd18f-13aa-4ab3-a073-08574b3627d4/userFiles-90860862-916f-4389-aec8-03d2b4818d10/fetchFileTemp15468882174175205207.tmp
[2025-08-29 21:48:05,398] {subprocess.py:92} INFO - 25/08/29 21:48:05 INFO Utils: /tmp/spark-360fd18f-13aa-4ab3-a073-08574b3627d4/userFiles-90860862-916f-4389-aec8-03d2b4818d10/fetchFileTemp15468882174175205207.tmp has been previously copied to /tmp/spark-360fd18f-13aa-4ab3-a073-08574b3627d4/userFiles-90860862-916f-4389-aec8-03d2b4818d10/org.apache.hadoop_hadoop-client-runtime-3.3.2.jar
[2025-08-29 21:48:05,404] {subprocess.py:92} INFO - 25/08/29 21:48:05 INFO Executor: Adding file:/tmp/spark-360fd18f-13aa-4ab3-a073-08574b3627d4/userFiles-90860862-916f-4389-aec8-03d2b4818d10/org.apache.hadoop_hadoop-client-runtime-3.3.2.jar to class loader
[2025-08-29 21:48:05,405] {subprocess.py:92} INFO - 25/08/29 21:48:05 INFO Executor: Fetching spark://a4b544519f2b:38259/jars/org.spark-project.spark_unused-1.0.0.jar with timestamp 1756504084083
[2025-08-29 21:48:05,405] {subprocess.py:92} INFO - 25/08/29 21:48:05 INFO Utils: Fetching spark://a4b544519f2b:38259/jars/org.spark-project.spark_unused-1.0.0.jar to /tmp/spark-360fd18f-13aa-4ab3-a073-08574b3627d4/userFiles-90860862-916f-4389-aec8-03d2b4818d10/fetchFileTemp8923057532598294175.tmp
[2025-08-29 21:48:05,407] {subprocess.py:92} INFO - 25/08/29 21:48:05 INFO Utils: /tmp/spark-360fd18f-13aa-4ab3-a073-08574b3627d4/userFiles-90860862-916f-4389-aec8-03d2b4818d10/fetchFileTemp8923057532598294175.tmp has been previously copied to /tmp/spark-360fd18f-13aa-4ab3-a073-08574b3627d4/userFiles-90860862-916f-4389-aec8-03d2b4818d10/org.spark-project.spark_unused-1.0.0.jar
[2025-08-29 21:48:05,410] {subprocess.py:92} INFO - 25/08/29 21:48:05 INFO Executor: Adding file:/tmp/spark-360fd18f-13aa-4ab3-a073-08574b3627d4/userFiles-90860862-916f-4389-aec8-03d2b4818d10/org.spark-project.spark_unused-1.0.0.jar to class loader
[2025-08-29 21:48:05,417] {subprocess.py:92} INFO - 25/08/29 21:48:05 INFO Utils: Successfully started service 'org.apache.spark.network.netty.NettyBlockTransferService' on port 34847.
[2025-08-29 21:48:05,417] {subprocess.py:92} INFO - 25/08/29 21:48:05 INFO NettyBlockTransferService: Server created on a4b544519f2b:34847
[2025-08-29 21:48:05,419] {subprocess.py:92} INFO - 25/08/29 21:48:05 INFO BlockManager: Using org.apache.spark.storage.RandomBlockReplicationPolicy for block replication policy
[2025-08-29 21:48:05,424] {subprocess.py:92} INFO - 25/08/29 21:48:05 INFO BlockManagerMaster: Registering BlockManager BlockManagerId(driver, a4b544519f2b, 34847, None)
[2025-08-29 21:48:05,427] {subprocess.py:92} INFO - 25/08/29 21:48:05 INFO BlockManagerMasterEndpoint: Registering block manager a4b544519f2b:34847 with 434.4 MiB RAM, BlockManagerId(driver, a4b544519f2b, 34847, None)
[2025-08-29 21:48:05,429] {subprocess.py:92} INFO - 25/08/29 21:48:05 INFO BlockManagerMaster: Registered BlockManager BlockManagerId(driver, a4b544519f2b, 34847, None)
[2025-08-29 21:48:05,431] {subprocess.py:92} INFO - 25/08/29 21:48:05 INFO BlockManager: Initialized BlockManager: BlockManagerId(driver, a4b544519f2b, 34847, None)
[2025-08-29 21:48:05,872] {subprocess.py:92} INFO - Connexion à Kafka...
[2025-08-29 21:48:08,102] {subprocess.py:92} INFO - Connexion Kafka réussie (kafka:9092)
[2025-08-29 21:48:08,102] {subprocess.py:92} INFO - Transformation des données JSON...
[2025-08-29 21:48:08,342] {subprocess.py:92} INFO - Démarrage du streaming vers HDFS...
[2025-08-29 21:48:09,171] {subprocess.py:92} INFO - Streaming actif - Données météo sauvegardées dans HDFS:/data/weather
[2025-08-29 23:06:19,905] {local_task_job.py:84} ERROR - Received SIGTERM. Terminating subprocesses
[2025-08-29 23:06:19,928] {process_utils.py:129} INFO - Sending Signals.SIGTERM to group 2349. PIDs of all processes in the group: [2351, 2444, 2349]
[2025-08-29 23:06:19,930] {process_utils.py:80} INFO - Sending the signal Signals.SIGTERM to group 2349
[2025-08-29 23:06:19,937] {taskinstance.py:1541} ERROR - Received SIGTERM. Terminating subprocesses.
[2025-08-29 23:06:19,938] {subprocess.py:103} INFO - Sending SIGTERM signal to process group
[2025-08-29 23:06:20,032] {process_utils.py:75} INFO - Process psutil.Process(pid=2444, status='terminated', started='21:48:02') (2444) terminated with exit code None
[2025-08-29 23:06:20,073] {taskinstance.py:1889} ERROR - Task failed with exception
Traceback (most recent call last):
  File "/home/airflow/.local/lib/python3.7/site-packages/airflow/operators/bash.py", line 189, in execute
    cwd=self.cwd,
  File "/home/airflow/.local/lib/python3.7/site-packages/airflow/hooks/subprocess.py", line 90, in run_command
    for raw_line in iter(self.sub_process.stdout.readline, b''):
  File "/home/airflow/.local/lib/python3.7/site-packages/airflow/models/taskinstance.py", line 1543, in signal_handler
    raise AirflowException("Task received SIGTERM signal")
airflow.exceptions.AirflowException: Task received SIGTERM signal
[2025-08-29 23:06:20,081] {taskinstance.py:1400} INFO - Marking task as FAILED. dag_id=send_weather_to_kafka, task_id=stream_hdfs, execution_date=20250829T194232, start_date=20250829T214801, end_date=20250829T230620
[2025-08-29 23:06:20,116] {standard_task_runner.py:97} ERROR - Failed to execute job 375 for task stream_hdfs (Task received SIGTERM signal; 2349)
[2025-08-29 23:06:20,386] {process_utils.py:75} INFO - Process psutil.Process(pid=2349, status='terminated', exitcode=1, started='21:48:00') (2349) terminated with exit code 1
[2025-08-29 23:06:20,567] {process_utils.py:75} INFO - Process psutil.Process(pid=2351, status='terminated', started='21:48:00') (2351) terminated with exit code None
[2025-08-29 23:06:20,567] {local_task_job.py:156} INFO - Task exited with return code 143
[2025-08-29 23:06:20,622] {local_task_job.py:273} INFO - 0 downstream tasks scheduled from follow-on schedule check
