[2025-08-19 03:13:01,933] {taskinstance.py:1159} INFO - Dependencies all met for <TaskInstance: send_weather_to_kafka.stream_hdfs scheduled__2025-08-19T00:06:22.703055+00:00 [queued]>
[2025-08-19 03:13:01,950] {taskinstance.py:1159} INFO - Dependencies all met for <TaskInstance: send_weather_to_kafka.stream_hdfs scheduled__2025-08-19T00:06:22.703055+00:00 [queued]>
[2025-08-19 03:13:01,950] {taskinstance.py:1356} INFO - 
--------------------------------------------------------------------------------
[2025-08-19 03:13:01,950] {taskinstance.py:1357} INFO - Starting attempt 2 of 2
[2025-08-19 03:13:01,950] {taskinstance.py:1358} INFO - 
--------------------------------------------------------------------------------
[2025-08-19 03:13:01,971] {taskinstance.py:1377} INFO - Executing <Task(BashOperator): stream_hdfs> on 2025-08-19 00:06:22.703055+00:00
[2025-08-19 03:13:01,979] {standard_task_runner.py:52} INFO - Started process 11823 to run task
[2025-08-19 03:13:01,984] {standard_task_runner.py:79} INFO - Running: ['***', 'tasks', 'run', 'send_weather_to_kafka', 'stream_hdfs', 'scheduled__2025-08-19T00:06:22.703055+00:00', '--job-id', '322', '--raw', '--subdir', 'DAGS_FOLDER/dag_meteo.py', '--cfg-path', '/tmp/tmpxmbm4zng', '--error-file', '/tmp/tmpk09fg05j']
[2025-08-19 03:13:01,986] {standard_task_runner.py:80} INFO - Job 322: Subtask stream_hdfs
[2025-08-19 03:13:02,020] {logging_mixin.py:115} WARNING - /home/***/.local/lib/python3.7/site-packages/***/configuration.py:470 DeprecationWarning: The sql_alchemy_conn option in [core] has been moved to the sql_alchemy_conn option in [database] - the old setting has been used, but please update your config.
[2025-08-19 03:13:02,078] {task_command.py:369} INFO - Running <TaskInstance: send_weather_to_kafka.stream_hdfs scheduled__2025-08-19T00:06:22.703055+00:00 [running]> on host a4b544519f2b
[2025-08-19 03:13:02,178] {taskinstance.py:1571} INFO - Exporting the following env vars:
AIRFLOW_CTX_DAG_OWNER=***
AIRFLOW_CTX_DAG_ID=send_weather_to_kafka
AIRFLOW_CTX_TASK_ID=stream_hdfs
AIRFLOW_CTX_EXECUTION_DATE=2025-08-19T00:06:22.703055+00:00
AIRFLOW_CTX_TRY_NUMBER=2
AIRFLOW_CTX_DAG_RUN_ID=scheduled__2025-08-19T00:06:22.703055+00:00
[2025-08-19 03:13:02,179] {subprocess.py:62} INFO - Tmp dir root location: 
 /tmp
[2025-08-19 03:13:02,180] {subprocess.py:74} INFO - Running command: ['bash', '-c', '\n/home/***/.local/bin/spark-submit   --master local[*]   --conf spark.hadoop.fs.defaultFS=hdfs://namenode:9000   --conf spark.hadoop.dfs.client.use.datanode.hostname=true   --conf spark.sql.adaptive.enabled=false   --packages org.apache.spark:spark-sql-kafka-0-10_2.12:3.3.1   /opt/***/scripts/pyspark/streaming.py']
[2025-08-19 03:13:02,192] {subprocess.py:85} INFO - Output:
[2025-08-19 03:13:02,207] {subprocess.py:92} INFO - /opt/spark-3.3.1-bin-hadoop3/bin/load-spark-env.sh: line 68: ps: command not found
[2025-08-19 03:13:03,805] {subprocess.py:92} INFO - :: loading settings :: url = jar:file:/opt/spark-3.3.1-bin-hadoop3/jars/ivy-2.5.0.jar!/org/apache/ivy/core/settings/ivysettings.xml
[2025-08-19 03:13:03,919] {subprocess.py:92} INFO - Ivy Default Cache set to: /home/***/.ivy2/cache
[2025-08-19 03:13:03,919] {subprocess.py:92} INFO - The jars for the packages stored in: /home/***/.ivy2/jars
[2025-08-19 03:13:03,927] {subprocess.py:92} INFO - org.apache.spark#spark-sql-kafka-0-10_2.12 added as a dependency
[2025-08-19 03:13:03,929] {subprocess.py:92} INFO - :: resolving dependencies :: org.apache.spark#spark-submit-parent-08ac1297-89bd-4a70-9ff7-a1a1e5fa5fb8;1.0
[2025-08-19 03:13:03,929] {subprocess.py:92} INFO - 	confs: [default]
[2025-08-19 03:13:04,098] {subprocess.py:92} INFO - 	found org.apache.spark#spark-sql-kafka-0-10_2.12;3.3.1 in spark-list
[2025-08-19 03:13:04,156] {subprocess.py:92} INFO - 	found org.apache.spark#spark-token-provider-kafka-0-10_2.12;3.3.1 in central
[2025-08-19 03:13:04,186] {subprocess.py:92} INFO - 	found org.apache.kafka#kafka-clients;2.8.1 in central
[2025-08-19 03:13:04,215] {subprocess.py:92} INFO - 	found org.lz4#lz4-java;1.8.0 in spark-list
[2025-08-19 03:13:04,242] {subprocess.py:92} INFO - 	found org.xerial.snappy#snappy-java;1.1.8.4 in central
[2025-08-19 03:13:04,264] {subprocess.py:92} INFO - 	found org.slf4j#slf4j-api;1.7.32 in central
[2025-08-19 03:13:04,290] {subprocess.py:92} INFO - 	found org.apache.hadoop#hadoop-client-runtime;3.3.2 in central
[2025-08-19 03:13:04,305] {subprocess.py:92} INFO - 	found org.spark-project.spark#unused;1.0.0 in central
[2025-08-19 03:13:04,328] {subprocess.py:92} INFO - 	found org.apache.hadoop#hadoop-client-api;3.3.2 in central
[2025-08-19 03:13:04,349] {subprocess.py:92} INFO - 	found commons-logging#commons-logging;1.1.3 in central
[2025-08-19 03:13:04,365] {subprocess.py:92} INFO - 	found com.google.code.findbugs#jsr305;3.0.0 in central
[2025-08-19 03:13:04,378] {subprocess.py:92} INFO - 	found org.apache.commons#commons-pool2;2.11.1 in central
[2025-08-19 03:13:04,405] {subprocess.py:92} INFO - :: resolution report :: resolve 463ms :: artifacts dl 13ms
[2025-08-19 03:13:04,406] {subprocess.py:92} INFO - 	:: modules in use:
[2025-08-19 03:13:04,406] {subprocess.py:92} INFO - 	com.google.code.findbugs#jsr305;3.0.0 from central in [default]
[2025-08-19 03:13:04,406] {subprocess.py:92} INFO - 	commons-logging#commons-logging;1.1.3 from central in [default]
[2025-08-19 03:13:04,406] {subprocess.py:92} INFO - 	org.apache.commons#commons-pool2;2.11.1 from central in [default]
[2025-08-19 03:13:04,406] {subprocess.py:92} INFO - 	org.apache.hadoop#hadoop-client-api;3.3.2 from central in [default]
[2025-08-19 03:13:04,406] {subprocess.py:92} INFO - 	org.apache.hadoop#hadoop-client-runtime;3.3.2 from central in [default]
[2025-08-19 03:13:04,406] {subprocess.py:92} INFO - 	org.apache.kafka#kafka-clients;2.8.1 from central in [default]
[2025-08-19 03:13:04,406] {subprocess.py:92} INFO - 	org.apache.spark#spark-sql-kafka-0-10_2.12;3.3.1 from spark-list in [default]
[2025-08-19 03:13:04,406] {subprocess.py:92} INFO - 	org.apache.spark#spark-token-provider-kafka-0-10_2.12;3.3.1 from central in [default]
[2025-08-19 03:13:04,406] {subprocess.py:92} INFO - 	org.lz4#lz4-java;1.8.0 from spark-list in [default]
[2025-08-19 03:13:04,406] {subprocess.py:92} INFO - 	org.slf4j#slf4j-api;1.7.32 from central in [default]
[2025-08-19 03:13:04,407] {subprocess.py:92} INFO - 	org.spark-project.spark#unused;1.0.0 from central in [default]
[2025-08-19 03:13:04,407] {subprocess.py:92} INFO - 	org.xerial.snappy#snappy-java;1.1.8.4 from central in [default]
[2025-08-19 03:13:04,407] {subprocess.py:92} INFO - 	---------------------------------------------------------------------
[2025-08-19 03:13:04,407] {subprocess.py:92} INFO - 	|                  |            modules            ||   artifacts   |
[2025-08-19 03:13:04,407] {subprocess.py:92} INFO - 	|       conf       | number| search|dwnlded|evicted|| number|dwnlded|
[2025-08-19 03:13:04,407] {subprocess.py:92} INFO - 	---------------------------------------------------------------------
[2025-08-19 03:13:04,407] {subprocess.py:92} INFO - 	|      default     |   12  |   0   |   0   |   0   ||   12  |   0   |
[2025-08-19 03:13:04,407] {subprocess.py:92} INFO - 	---------------------------------------------------------------------
[2025-08-19 03:13:04,413] {subprocess.py:92} INFO - :: retrieving :: org.apache.spark#spark-submit-parent-08ac1297-89bd-4a70-9ff7-a1a1e5fa5fb8
[2025-08-19 03:13:04,413] {subprocess.py:92} INFO - 	confs: [default]
[2025-08-19 03:13:04,420] {subprocess.py:92} INFO - 	0 artifacts copied, 12 already retrieved (0kB/7ms)
[2025-08-19 03:13:04,617] {subprocess.py:92} INFO - 25/08/19 03:13:04 WARN NativeCodeLoader: Unable to load native-hadoop library for your platform... using builtin-java classes where applicable
[2025-08-19 03:13:06,003] {subprocess.py:92} INFO - 25/08/19 03:13:06 INFO SparkContext: Running Spark version 3.3.1
[2025-08-19 03:13:06,027] {subprocess.py:92} INFO - 25/08/19 03:13:06 INFO ResourceUtils: ==============================================================
[2025-08-19 03:13:06,027] {subprocess.py:92} INFO - 25/08/19 03:13:06 INFO ResourceUtils: No custom resources configured for spark.driver.
[2025-08-19 03:13:06,028] {subprocess.py:92} INFO - 25/08/19 03:13:06 INFO ResourceUtils: ==============================================================
[2025-08-19 03:13:06,028] {subprocess.py:92} INFO - 25/08/19 03:13:06 INFO SparkContext: Submitted application: KafkaToHDFSWeather
[2025-08-19 03:13:06,052] {subprocess.py:92} INFO - 25/08/19 03:13:06 INFO ResourceProfile: Default ResourceProfile created, executor resources: Map(cores -> name: cores, amount: 1, script: , vendor: , memory -> name: memory, amount: 1024, script: , vendor: , offHeap -> name: offHeap, amount: 0, script: , vendor: ), task resources: Map(cpus -> name: cpus, amount: 1.0)
[2025-08-19 03:13:06,063] {subprocess.py:92} INFO - 25/08/19 03:13:06 INFO ResourceProfile: Limiting resource is cpu
[2025-08-19 03:13:06,064] {subprocess.py:92} INFO - 25/08/19 03:13:06 INFO ResourceProfileManager: Added ResourceProfile id: 0
[2025-08-19 03:13:06,123] {subprocess.py:92} INFO - 25/08/19 03:13:06 INFO SecurityManager: Changing view acls to: ***
[2025-08-19 03:13:06,124] {subprocess.py:92} INFO - 25/08/19 03:13:06 INFO SecurityManager: Changing modify acls to: ***
[2025-08-19 03:13:06,124] {subprocess.py:92} INFO - 25/08/19 03:13:06 INFO SecurityManager: Changing view acls groups to:
[2025-08-19 03:13:06,125] {subprocess.py:92} INFO - 25/08/19 03:13:06 INFO SecurityManager: Changing modify acls groups to:
[2025-08-19 03:13:06,126] {subprocess.py:92} INFO - 25/08/19 03:13:06 INFO SecurityManager: SecurityManager: authentication disabled; ui acls disabled; users  with view permissions: Set(***); groups with view permissions: Set(); users  with modify permissions: Set(***); groups with modify permissions: Set()
[2025-08-19 03:13:06,392] {subprocess.py:92} INFO - 25/08/19 03:13:06 INFO Utils: Successfully started service 'sparkDriver' on port 39387.
[2025-08-19 03:13:06,431] {subprocess.py:92} INFO - 25/08/19 03:13:06 INFO SparkEnv: Registering MapOutputTracker
[2025-08-19 03:13:06,469] {subprocess.py:92} INFO - 25/08/19 03:13:06 INFO SparkEnv: Registering BlockManagerMaster
[2025-08-19 03:13:06,488] {subprocess.py:92} INFO - 25/08/19 03:13:06 INFO BlockManagerMasterEndpoint: Using org.apache.spark.storage.DefaultTopologyMapper for getting topology information
[2025-08-19 03:13:06,488] {subprocess.py:92} INFO - 25/08/19 03:13:06 INFO BlockManagerMasterEndpoint: BlockManagerMasterEndpoint up
[2025-08-19 03:13:06,494] {subprocess.py:92} INFO - 25/08/19 03:13:06 INFO SparkEnv: Registering BlockManagerMasterHeartbeat
[2025-08-19 03:13:06,533] {subprocess.py:92} INFO - 25/08/19 03:13:06 INFO DiskBlockManager: Created local directory at /tmp/blockmgr-8a387b8a-87be-429f-96ea-1d94d17e1631
[2025-08-19 03:13:06,555] {subprocess.py:92} INFO - 25/08/19 03:13:06 INFO MemoryStore: MemoryStore started with capacity 434.4 MiB
[2025-08-19 03:13:06,572] {subprocess.py:92} INFO - 25/08/19 03:13:06 INFO SparkEnv: Registering OutputCommitCoordinator
[2025-08-19 03:13:06,768] {subprocess.py:92} INFO - 25/08/19 03:13:06 WARN Utils: Service 'SparkUI' could not bind on port 4040. Attempting port 4041.
[2025-08-19 03:13:06,768] {subprocess.py:92} INFO - 25/08/19 03:13:06 WARN Utils: Service 'SparkUI' could not bind on port 4041. Attempting port 4042.
[2025-08-19 03:13:06,778] {subprocess.py:92} INFO - 25/08/19 03:13:06 INFO Utils: Successfully started service 'SparkUI' on port 4042.
[2025-08-19 03:13:06,813] {subprocess.py:92} INFO - 25/08/19 03:13:06 INFO SparkContext: Added JAR file:///home/***/.ivy2/jars/org.apache.spark_spark-sql-kafka-0-10_2.12-3.3.1.jar at spark://a4b544519f2b:39387/jars/org.apache.spark_spark-sql-kafka-0-10_2.12-3.3.1.jar with timestamp 1755573185990
[2025-08-19 03:13:06,813] {subprocess.py:92} INFO - 25/08/19 03:13:06 INFO SparkContext: Added JAR file:///home/***/.ivy2/jars/org.apache.spark_spark-token-provider-kafka-0-10_2.12-3.3.1.jar at spark://a4b544519f2b:39387/jars/org.apache.spark_spark-token-provider-kafka-0-10_2.12-3.3.1.jar with timestamp 1755573185990
[2025-08-19 03:13:06,813] {subprocess.py:92} INFO - 25/08/19 03:13:06 INFO SparkContext: Added JAR file:///home/***/.ivy2/jars/org.apache.kafka_kafka-clients-2.8.1.jar at spark://a4b544519f2b:39387/jars/org.apache.kafka_kafka-clients-2.8.1.jar with timestamp 1755573185990
[2025-08-19 03:13:06,813] {subprocess.py:92} INFO - 25/08/19 03:13:06 INFO SparkContext: Added JAR file:///home/***/.ivy2/jars/com.google.code.findbugs_jsr305-3.0.0.jar at spark://a4b544519f2b:39387/jars/com.google.code.findbugs_jsr305-3.0.0.jar with timestamp 1755573185990
[2025-08-19 03:13:06,813] {subprocess.py:92} INFO - 25/08/19 03:13:06 INFO SparkContext: Added JAR file:///home/***/.ivy2/jars/org.apache.commons_commons-pool2-2.11.1.jar at spark://a4b544519f2b:39387/jars/org.apache.commons_commons-pool2-2.11.1.jar with timestamp 1755573185990
[2025-08-19 03:13:06,813] {subprocess.py:92} INFO - 25/08/19 03:13:06 INFO SparkContext: Added JAR file:///home/***/.ivy2/jars/org.spark-project.spark_unused-1.0.0.jar at spark://a4b544519f2b:39387/jars/org.spark-project.spark_unused-1.0.0.jar with timestamp 1755573185990
[2025-08-19 03:13:06,814] {subprocess.py:92} INFO - 25/08/19 03:13:06 INFO SparkContext: Added JAR file:///home/***/.ivy2/jars/org.apache.hadoop_hadoop-client-runtime-3.3.2.jar at spark://a4b544519f2b:39387/jars/org.apache.hadoop_hadoop-client-runtime-3.3.2.jar with timestamp 1755573185990
[2025-08-19 03:13:06,814] {subprocess.py:92} INFO - 25/08/19 03:13:06 INFO SparkContext: Added JAR file:///home/***/.ivy2/jars/org.lz4_lz4-java-1.8.0.jar at spark://a4b544519f2b:39387/jars/org.lz4_lz4-java-1.8.0.jar with timestamp 1755573185990
[2025-08-19 03:13:06,814] {subprocess.py:92} INFO - 25/08/19 03:13:06 INFO SparkContext: Added JAR file:///home/***/.ivy2/jars/org.xerial.snappy_snappy-java-1.1.8.4.jar at spark://a4b544519f2b:39387/jars/org.xerial.snappy_snappy-java-1.1.8.4.jar with timestamp 1755573185990
[2025-08-19 03:13:06,814] {subprocess.py:92} INFO - 25/08/19 03:13:06 INFO SparkContext: Added JAR file:///home/***/.ivy2/jars/org.slf4j_slf4j-api-1.7.32.jar at spark://a4b544519f2b:39387/jars/org.slf4j_slf4j-api-1.7.32.jar with timestamp 1755573185990
[2025-08-19 03:13:06,814] {subprocess.py:92} INFO - 25/08/19 03:13:06 INFO SparkContext: Added JAR file:///home/***/.ivy2/jars/org.apache.hadoop_hadoop-client-api-3.3.2.jar at spark://a4b544519f2b:39387/jars/org.apache.hadoop_hadoop-client-api-3.3.2.jar with timestamp 1755573185990
[2025-08-19 03:13:06,814] {subprocess.py:92} INFO - 25/08/19 03:13:06 INFO SparkContext: Added JAR file:///home/***/.ivy2/jars/commons-logging_commons-logging-1.1.3.jar at spark://a4b544519f2b:39387/jars/commons-logging_commons-logging-1.1.3.jar with timestamp 1755573185990
[2025-08-19 03:13:06,816] {subprocess.py:92} INFO - 25/08/19 03:13:06 INFO SparkContext: Added file file:///home/***/.ivy2/jars/org.apache.spark_spark-sql-kafka-0-10_2.12-3.3.1.jar at file:///home/***/.ivy2/jars/org.apache.spark_spark-sql-kafka-0-10_2.12-3.3.1.jar with timestamp 1755573185990
[2025-08-19 03:13:06,818] {subprocess.py:92} INFO - 25/08/19 03:13:06 INFO Utils: Copying /home/***/.ivy2/jars/org.apache.spark_spark-sql-kafka-0-10_2.12-3.3.1.jar to /tmp/spark-1deeaa25-2b52-4373-ae02-73cbe52328db/userFiles-e878d01a-0bec-4110-a656-20555fb2c2e8/org.apache.spark_spark-sql-kafka-0-10_2.12-3.3.1.jar
[2025-08-19 03:13:06,828] {subprocess.py:92} INFO - 25/08/19 03:13:06 INFO SparkContext: Added file file:///home/***/.ivy2/jars/org.apache.spark_spark-token-provider-kafka-0-10_2.12-3.3.1.jar at file:///home/***/.ivy2/jars/org.apache.spark_spark-token-provider-kafka-0-10_2.12-3.3.1.jar with timestamp 1755573185990
[2025-08-19 03:13:06,829] {subprocess.py:92} INFO - 25/08/19 03:13:06 INFO Utils: Copying /home/***/.ivy2/jars/org.apache.spark_spark-token-provider-kafka-0-10_2.12-3.3.1.jar to /tmp/spark-1deeaa25-2b52-4373-ae02-73cbe52328db/userFiles-e878d01a-0bec-4110-a656-20555fb2c2e8/org.apache.spark_spark-token-provider-kafka-0-10_2.12-3.3.1.jar
[2025-08-19 03:13:06,834] {subprocess.py:92} INFO - 25/08/19 03:13:06 INFO SparkContext: Added file file:///home/***/.ivy2/jars/org.apache.kafka_kafka-clients-2.8.1.jar at file:///home/***/.ivy2/jars/org.apache.kafka_kafka-clients-2.8.1.jar with timestamp 1755573185990
[2025-08-19 03:13:06,834] {subprocess.py:92} INFO - 25/08/19 03:13:06 INFO Utils: Copying /home/***/.ivy2/jars/org.apache.kafka_kafka-clients-2.8.1.jar to /tmp/spark-1deeaa25-2b52-4373-ae02-73cbe52328db/userFiles-e878d01a-0bec-4110-a656-20555fb2c2e8/org.apache.kafka_kafka-clients-2.8.1.jar
[2025-08-19 03:13:06,843] {subprocess.py:92} INFO - 25/08/19 03:13:06 INFO SparkContext: Added file file:///home/***/.ivy2/jars/com.google.code.findbugs_jsr305-3.0.0.jar at file:///home/***/.ivy2/jars/com.google.code.findbugs_jsr305-3.0.0.jar with timestamp 1755573185990
[2025-08-19 03:13:06,843] {subprocess.py:92} INFO - 25/08/19 03:13:06 INFO Utils: Copying /home/***/.ivy2/jars/com.google.code.findbugs_jsr305-3.0.0.jar to /tmp/spark-1deeaa25-2b52-4373-ae02-73cbe52328db/userFiles-e878d01a-0bec-4110-a656-20555fb2c2e8/com.google.code.findbugs_jsr305-3.0.0.jar
[2025-08-19 03:13:06,848] {subprocess.py:92} INFO - 25/08/19 03:13:06 INFO SparkContext: Added file file:///home/***/.ivy2/jars/org.apache.commons_commons-pool2-2.11.1.jar at file:///home/***/.ivy2/jars/org.apache.commons_commons-pool2-2.11.1.jar with timestamp 1755573185990
[2025-08-19 03:13:06,848] {subprocess.py:92} INFO - 25/08/19 03:13:06 INFO Utils: Copying /home/***/.ivy2/jars/org.apache.commons_commons-pool2-2.11.1.jar to /tmp/spark-1deeaa25-2b52-4373-ae02-73cbe52328db/userFiles-e878d01a-0bec-4110-a656-20555fb2c2e8/org.apache.commons_commons-pool2-2.11.1.jar
[2025-08-19 03:13:06,854] {subprocess.py:92} INFO - 25/08/19 03:13:06 INFO SparkContext: Added file file:///home/***/.ivy2/jars/org.spark-project.spark_unused-1.0.0.jar at file:///home/***/.ivy2/jars/org.spark-project.spark_unused-1.0.0.jar with timestamp 1755573185990
[2025-08-19 03:13:06,855] {subprocess.py:92} INFO - 25/08/19 03:13:06 INFO Utils: Copying /home/***/.ivy2/jars/org.spark-project.spark_unused-1.0.0.jar to /tmp/spark-1deeaa25-2b52-4373-ae02-73cbe52328db/userFiles-e878d01a-0bec-4110-a656-20555fb2c2e8/org.spark-project.spark_unused-1.0.0.jar
[2025-08-19 03:13:06,860] {subprocess.py:92} INFO - 25/08/19 03:13:06 INFO SparkContext: Added file file:///home/***/.ivy2/jars/org.apache.hadoop_hadoop-client-runtime-3.3.2.jar at file:///home/***/.ivy2/jars/org.apache.hadoop_hadoop-client-runtime-3.3.2.jar with timestamp 1755573185990
[2025-08-19 03:13:06,861] {subprocess.py:92} INFO - 25/08/19 03:13:06 INFO Utils: Copying /home/***/.ivy2/jars/org.apache.hadoop_hadoop-client-runtime-3.3.2.jar to /tmp/spark-1deeaa25-2b52-4373-ae02-73cbe52328db/userFiles-e878d01a-0bec-4110-a656-20555fb2c2e8/org.apache.hadoop_hadoop-client-runtime-3.3.2.jar
[2025-08-19 03:13:06,888] {subprocess.py:92} INFO - 25/08/19 03:13:06 INFO SparkContext: Added file file:///home/***/.ivy2/jars/org.lz4_lz4-java-1.8.0.jar at file:///home/***/.ivy2/jars/org.lz4_lz4-java-1.8.0.jar with timestamp 1755573185990
[2025-08-19 03:13:06,888] {subprocess.py:92} INFO - 25/08/19 03:13:06 INFO Utils: Copying /home/***/.ivy2/jars/org.lz4_lz4-java-1.8.0.jar to /tmp/spark-1deeaa25-2b52-4373-ae02-73cbe52328db/userFiles-e878d01a-0bec-4110-a656-20555fb2c2e8/org.lz4_lz4-java-1.8.0.jar
[2025-08-19 03:13:06,894] {subprocess.py:92} INFO - 25/08/19 03:13:06 INFO SparkContext: Added file file:///home/***/.ivy2/jars/org.xerial.snappy_snappy-java-1.1.8.4.jar at file:///home/***/.ivy2/jars/org.xerial.snappy_snappy-java-1.1.8.4.jar with timestamp 1755573185990
[2025-08-19 03:13:06,894] {subprocess.py:92} INFO - 25/08/19 03:13:06 INFO Utils: Copying /home/***/.ivy2/jars/org.xerial.snappy_snappy-java-1.1.8.4.jar to /tmp/spark-1deeaa25-2b52-4373-ae02-73cbe52328db/userFiles-e878d01a-0bec-4110-a656-20555fb2c2e8/org.xerial.snappy_snappy-java-1.1.8.4.jar
[2025-08-19 03:13:06,902] {subprocess.py:92} INFO - 25/08/19 03:13:06 INFO SparkContext: Added file file:///home/***/.ivy2/jars/org.slf4j_slf4j-api-1.7.32.jar at file:///home/***/.ivy2/jars/org.slf4j_slf4j-api-1.7.32.jar with timestamp 1755573185990
[2025-08-19 03:13:06,902] {subprocess.py:92} INFO - 25/08/19 03:13:06 INFO Utils: Copying /home/***/.ivy2/jars/org.slf4j_slf4j-api-1.7.32.jar to /tmp/spark-1deeaa25-2b52-4373-ae02-73cbe52328db/userFiles-e878d01a-0bec-4110-a656-20555fb2c2e8/org.slf4j_slf4j-api-1.7.32.jar
[2025-08-19 03:13:06,909] {subprocess.py:92} INFO - 25/08/19 03:13:06 INFO SparkContext: Added file file:///home/***/.ivy2/jars/org.apache.hadoop_hadoop-client-api-3.3.2.jar at file:///home/***/.ivy2/jars/org.apache.hadoop_hadoop-client-api-3.3.2.jar with timestamp 1755573185990
[2025-08-19 03:13:06,909] {subprocess.py:92} INFO - 25/08/19 03:13:06 INFO Utils: Copying /home/***/.ivy2/jars/org.apache.hadoop_hadoop-client-api-3.3.2.jar to /tmp/spark-1deeaa25-2b52-4373-ae02-73cbe52328db/userFiles-e878d01a-0bec-4110-a656-20555fb2c2e8/org.apache.hadoop_hadoop-client-api-3.3.2.jar
[2025-08-19 03:13:06,932] {subprocess.py:92} INFO - 25/08/19 03:13:06 INFO SparkContext: Added file file:///home/***/.ivy2/jars/commons-logging_commons-logging-1.1.3.jar at file:///home/***/.ivy2/jars/commons-logging_commons-logging-1.1.3.jar with timestamp 1755573185990
[2025-08-19 03:13:06,932] {subprocess.py:92} INFO - 25/08/19 03:13:06 INFO Utils: Copying /home/***/.ivy2/jars/commons-logging_commons-logging-1.1.3.jar to /tmp/spark-1deeaa25-2b52-4373-ae02-73cbe52328db/userFiles-e878d01a-0bec-4110-a656-20555fb2c2e8/commons-logging_commons-logging-1.1.3.jar
[2025-08-19 03:13:07,017] {subprocess.py:92} INFO - 25/08/19 03:13:07 INFO Executor: Starting executor ID driver on host a4b544519f2b
[2025-08-19 03:13:07,028] {subprocess.py:92} INFO - 25/08/19 03:13:07 INFO Executor: Starting executor with user classpath (userClassPathFirst = false): ''
[2025-08-19 03:13:07,044] {subprocess.py:92} INFO - 25/08/19 03:13:07 INFO Executor: Fetching file:///home/***/.ivy2/jars/commons-logging_commons-logging-1.1.3.jar with timestamp 1755573185990
[2025-08-19 03:13:07,069] {subprocess.py:92} INFO - 25/08/19 03:13:07 INFO Utils: /home/***/.ivy2/jars/commons-logging_commons-logging-1.1.3.jar has been previously copied to /tmp/spark-1deeaa25-2b52-4373-ae02-73cbe52328db/userFiles-e878d01a-0bec-4110-a656-20555fb2c2e8/commons-logging_commons-logging-1.1.3.jar
[2025-08-19 03:13:07,077] {subprocess.py:92} INFO - 25/08/19 03:13:07 INFO Executor: Fetching file:///home/***/.ivy2/jars/org.spark-project.spark_unused-1.0.0.jar with timestamp 1755573185990
[2025-08-19 03:13:07,078] {subprocess.py:92} INFO - 25/08/19 03:13:07 INFO Utils: /home/***/.ivy2/jars/org.spark-project.spark_unused-1.0.0.jar has been previously copied to /tmp/spark-1deeaa25-2b52-4373-ae02-73cbe52328db/userFiles-e878d01a-0bec-4110-a656-20555fb2c2e8/org.spark-project.spark_unused-1.0.0.jar
[2025-08-19 03:13:07,084] {subprocess.py:92} INFO - 25/08/19 03:13:07 INFO Executor: Fetching file:///home/***/.ivy2/jars/org.apache.spark_spark-sql-kafka-0-10_2.12-3.3.1.jar with timestamp 1755573185990
[2025-08-19 03:13:07,093] {subprocess.py:92} INFO - 25/08/19 03:13:07 INFO Utils: /home/***/.ivy2/jars/org.apache.spark_spark-sql-kafka-0-10_2.12-3.3.1.jar has been previously copied to /tmp/spark-1deeaa25-2b52-4373-ae02-73cbe52328db/userFiles-e878d01a-0bec-4110-a656-20555fb2c2e8/org.apache.spark_spark-sql-kafka-0-10_2.12-3.3.1.jar
[2025-08-19 03:13:07,099] {subprocess.py:92} INFO - 25/08/19 03:13:07 INFO Executor: Fetching file:///home/***/.ivy2/jars/org.apache.hadoop_hadoop-client-api-3.3.2.jar with timestamp 1755573185990
[2025-08-19 03:13:07,135] {subprocess.py:92} INFO - 25/08/19 03:13:07 INFO Utils: /home/***/.ivy2/jars/org.apache.hadoop_hadoop-client-api-3.3.2.jar has been previously copied to /tmp/spark-1deeaa25-2b52-4373-ae02-73cbe52328db/userFiles-e878d01a-0bec-4110-a656-20555fb2c2e8/org.apache.hadoop_hadoop-client-api-3.3.2.jar
[2025-08-19 03:13:07,141] {subprocess.py:92} INFO - 25/08/19 03:13:07 INFO Executor: Fetching file:///home/***/.ivy2/jars/org.apache.hadoop_hadoop-client-runtime-3.3.2.jar with timestamp 1755573185990
[2025-08-19 03:13:07,168] {subprocess.py:92} INFO - 25/08/19 03:13:07 INFO Utils: /home/***/.ivy2/jars/org.apache.hadoop_hadoop-client-runtime-3.3.2.jar has been previously copied to /tmp/spark-1deeaa25-2b52-4373-ae02-73cbe52328db/userFiles-e878d01a-0bec-4110-a656-20555fb2c2e8/org.apache.hadoop_hadoop-client-runtime-3.3.2.jar
[2025-08-19 03:13:07,173] {subprocess.py:92} INFO - 25/08/19 03:13:07 INFO Executor: Fetching file:///home/***/.ivy2/jars/org.slf4j_slf4j-api-1.7.32.jar with timestamp 1755573185990
[2025-08-19 03:13:07,174] {subprocess.py:92} INFO - 25/08/19 03:13:07 INFO Utils: /home/***/.ivy2/jars/org.slf4j_slf4j-api-1.7.32.jar has been previously copied to /tmp/spark-1deeaa25-2b52-4373-ae02-73cbe52328db/userFiles-e878d01a-0bec-4110-a656-20555fb2c2e8/org.slf4j_slf4j-api-1.7.32.jar
[2025-08-19 03:13:07,179] {subprocess.py:92} INFO - 25/08/19 03:13:07 INFO Executor: Fetching file:///home/***/.ivy2/jars/org.lz4_lz4-java-1.8.0.jar with timestamp 1755573185990
[2025-08-19 03:13:07,180] {subprocess.py:92} INFO - 25/08/19 03:13:07 INFO Utils: /home/***/.ivy2/jars/org.lz4_lz4-java-1.8.0.jar has been previously copied to /tmp/spark-1deeaa25-2b52-4373-ae02-73cbe52328db/userFiles-e878d01a-0bec-4110-a656-20555fb2c2e8/org.lz4_lz4-java-1.8.0.jar
[2025-08-19 03:13:07,186] {subprocess.py:92} INFO - 25/08/19 03:13:07 INFO Executor: Fetching file:///home/***/.ivy2/jars/org.apache.commons_commons-pool2-2.11.1.jar with timestamp 1755573185990
[2025-08-19 03:13:07,187] {subprocess.py:92} INFO - 25/08/19 03:13:07 INFO Utils: /home/***/.ivy2/jars/org.apache.commons_commons-pool2-2.11.1.jar has been previously copied to /tmp/spark-1deeaa25-2b52-4373-ae02-73cbe52328db/userFiles-e878d01a-0bec-4110-a656-20555fb2c2e8/org.apache.commons_commons-pool2-2.11.1.jar
[2025-08-19 03:13:07,192] {subprocess.py:92} INFO - 25/08/19 03:13:07 INFO Executor: Fetching file:///home/***/.ivy2/jars/com.google.code.findbugs_jsr305-3.0.0.jar with timestamp 1755573185990
[2025-08-19 03:13:07,193] {subprocess.py:92} INFO - 25/08/19 03:13:07 INFO Utils: /home/***/.ivy2/jars/com.google.code.findbugs_jsr305-3.0.0.jar has been previously copied to /tmp/spark-1deeaa25-2b52-4373-ae02-73cbe52328db/userFiles-e878d01a-0bec-4110-a656-20555fb2c2e8/com.google.code.findbugs_jsr305-3.0.0.jar
[2025-08-19 03:13:07,198] {subprocess.py:92} INFO - 25/08/19 03:13:07 INFO Executor: Fetching file:///home/***/.ivy2/jars/org.apache.spark_spark-token-provider-kafka-0-10_2.12-3.3.1.jar with timestamp 1755573185990
[2025-08-19 03:13:07,199] {subprocess.py:92} INFO - 25/08/19 03:13:07 INFO Utils: /home/***/.ivy2/jars/org.apache.spark_spark-token-provider-kafka-0-10_2.12-3.3.1.jar has been previously copied to /tmp/spark-1deeaa25-2b52-4373-ae02-73cbe52328db/userFiles-e878d01a-0bec-4110-a656-20555fb2c2e8/org.apache.spark_spark-token-provider-kafka-0-10_2.12-3.3.1.jar
[2025-08-19 03:13:07,204] {subprocess.py:92} INFO - 25/08/19 03:13:07 INFO Executor: Fetching file:///home/***/.ivy2/jars/org.apache.kafka_kafka-clients-2.8.1.jar with timestamp 1755573185990
[2025-08-19 03:13:07,212] {subprocess.py:92} INFO - 25/08/19 03:13:07 INFO Utils: /home/***/.ivy2/jars/org.apache.kafka_kafka-clients-2.8.1.jar has been previously copied to /tmp/spark-1deeaa25-2b52-4373-ae02-73cbe52328db/userFiles-e878d01a-0bec-4110-a656-20555fb2c2e8/org.apache.kafka_kafka-clients-2.8.1.jar
[2025-08-19 03:13:07,218] {subprocess.py:92} INFO - 25/08/19 03:13:07 INFO Executor: Fetching file:///home/***/.ivy2/jars/org.xerial.snappy_snappy-java-1.1.8.4.jar with timestamp 1755573185990
[2025-08-19 03:13:07,222] {subprocess.py:92} INFO - 25/08/19 03:13:07 INFO Utils: /home/***/.ivy2/jars/org.xerial.snappy_snappy-java-1.1.8.4.jar has been previously copied to /tmp/spark-1deeaa25-2b52-4373-ae02-73cbe52328db/userFiles-e878d01a-0bec-4110-a656-20555fb2c2e8/org.xerial.snappy_snappy-java-1.1.8.4.jar
[2025-08-19 03:13:07,230] {subprocess.py:92} INFO - 25/08/19 03:13:07 INFO Executor: Fetching spark://a4b544519f2b:39387/jars/org.apache.hadoop_hadoop-client-runtime-3.3.2.jar with timestamp 1755573185990
[2025-08-19 03:13:07,287] {subprocess.py:92} INFO - 25/08/19 03:13:07 INFO TransportClientFactory: Successfully created connection to a4b544519f2b/172.20.0.2:39387 after 39 ms (0 ms spent in bootstraps)
[2025-08-19 03:13:07,297] {subprocess.py:92} INFO - 25/08/19 03:13:07 INFO Utils: Fetching spark://a4b544519f2b:39387/jars/org.apache.hadoop_hadoop-client-runtime-3.3.2.jar to /tmp/spark-1deeaa25-2b52-4373-ae02-73cbe52328db/userFiles-e878d01a-0bec-4110-a656-20555fb2c2e8/fetchFileTemp7061941012650620607.tmp
[2025-08-19 03:13:07,505] {subprocess.py:92} INFO - 25/08/19 03:13:07 INFO Utils: /tmp/spark-1deeaa25-2b52-4373-ae02-73cbe52328db/userFiles-e878d01a-0bec-4110-a656-20555fb2c2e8/fetchFileTemp7061941012650620607.tmp has been previously copied to /tmp/spark-1deeaa25-2b52-4373-ae02-73cbe52328db/userFiles-e878d01a-0bec-4110-a656-20555fb2c2e8/org.apache.hadoop_hadoop-client-runtime-3.3.2.jar
[2025-08-19 03:13:07,515] {subprocess.py:92} INFO - 25/08/19 03:13:07 INFO Executor: Adding file:/tmp/spark-1deeaa25-2b52-4373-ae02-73cbe52328db/userFiles-e878d01a-0bec-4110-a656-20555fb2c2e8/org.apache.hadoop_hadoop-client-runtime-3.3.2.jar to class loader
[2025-08-19 03:13:07,515] {subprocess.py:92} INFO - 25/08/19 03:13:07 INFO Executor: Fetching spark://a4b544519f2b:39387/jars/org.apache.spark_spark-sql-kafka-0-10_2.12-3.3.1.jar with timestamp 1755573185990
[2025-08-19 03:13:07,516] {subprocess.py:92} INFO - 25/08/19 03:13:07 INFO Utils: Fetching spark://a4b544519f2b:39387/jars/org.apache.spark_spark-sql-kafka-0-10_2.12-3.3.1.jar to /tmp/spark-1deeaa25-2b52-4373-ae02-73cbe52328db/userFiles-e878d01a-0bec-4110-a656-20555fb2c2e8/fetchFileTemp8327613699176351486.tmp
[2025-08-19 03:13:07,521] {subprocess.py:92} INFO - 25/08/19 03:13:07 INFO Utils: /tmp/spark-1deeaa25-2b52-4373-ae02-73cbe52328db/userFiles-e878d01a-0bec-4110-a656-20555fb2c2e8/fetchFileTemp8327613699176351486.tmp has been previously copied to /tmp/spark-1deeaa25-2b52-4373-ae02-73cbe52328db/userFiles-e878d01a-0bec-4110-a656-20555fb2c2e8/org.apache.spark_spark-sql-kafka-0-10_2.12-3.3.1.jar
[2025-08-19 03:13:07,526] {subprocess.py:92} INFO - 25/08/19 03:13:07 INFO Executor: Adding file:/tmp/spark-1deeaa25-2b52-4373-ae02-73cbe52328db/userFiles-e878d01a-0bec-4110-a656-20555fb2c2e8/org.apache.spark_spark-sql-kafka-0-10_2.12-3.3.1.jar to class loader
[2025-08-19 03:13:07,526] {subprocess.py:92} INFO - 25/08/19 03:13:07 INFO Executor: Fetching spark://a4b544519f2b:39387/jars/org.slf4j_slf4j-api-1.7.32.jar with timestamp 1755573185990
[2025-08-19 03:13:07,527] {subprocess.py:92} INFO - 25/08/19 03:13:07 INFO Utils: Fetching spark://a4b544519f2b:39387/jars/org.slf4j_slf4j-api-1.7.32.jar to /tmp/spark-1deeaa25-2b52-4373-ae02-73cbe52328db/userFiles-e878d01a-0bec-4110-a656-20555fb2c2e8/fetchFileTemp17345604967219746753.tmp
[2025-08-19 03:13:07,530] {subprocess.py:92} INFO - 25/08/19 03:13:07 INFO Utils: /tmp/spark-1deeaa25-2b52-4373-ae02-73cbe52328db/userFiles-e878d01a-0bec-4110-a656-20555fb2c2e8/fetchFileTemp17345604967219746753.tmp has been previously copied to /tmp/spark-1deeaa25-2b52-4373-ae02-73cbe52328db/userFiles-e878d01a-0bec-4110-a656-20555fb2c2e8/org.slf4j_slf4j-api-1.7.32.jar
[2025-08-19 03:13:07,535] {subprocess.py:92} INFO - 25/08/19 03:13:07 INFO Executor: Adding file:/tmp/spark-1deeaa25-2b52-4373-ae02-73cbe52328db/userFiles-e878d01a-0bec-4110-a656-20555fb2c2e8/org.slf4j_slf4j-api-1.7.32.jar to class loader
[2025-08-19 03:13:07,535] {subprocess.py:92} INFO - 25/08/19 03:13:07 INFO Executor: Fetching spark://a4b544519f2b:39387/jars/com.google.code.findbugs_jsr305-3.0.0.jar with timestamp 1755573185990
[2025-08-19 03:13:07,536] {subprocess.py:92} INFO - 25/08/19 03:13:07 INFO Utils: Fetching spark://a4b544519f2b:39387/jars/com.google.code.findbugs_jsr305-3.0.0.jar to /tmp/spark-1deeaa25-2b52-4373-ae02-73cbe52328db/userFiles-e878d01a-0bec-4110-a656-20555fb2c2e8/fetchFileTemp14460099032223228344.tmp
[2025-08-19 03:13:07,538] {subprocess.py:92} INFO - 25/08/19 03:13:07 INFO Utils: /tmp/spark-1deeaa25-2b52-4373-ae02-73cbe52328db/userFiles-e878d01a-0bec-4110-a656-20555fb2c2e8/fetchFileTemp14460099032223228344.tmp has been previously copied to /tmp/spark-1deeaa25-2b52-4373-ae02-73cbe52328db/userFiles-e878d01a-0bec-4110-a656-20555fb2c2e8/com.google.code.findbugs_jsr305-3.0.0.jar
[2025-08-19 03:13:07,544] {subprocess.py:92} INFO - 25/08/19 03:13:07 INFO Executor: Adding file:/tmp/spark-1deeaa25-2b52-4373-ae02-73cbe52328db/userFiles-e878d01a-0bec-4110-a656-20555fb2c2e8/com.google.code.findbugs_jsr305-3.0.0.jar to class loader
[2025-08-19 03:13:07,544] {subprocess.py:92} INFO - 25/08/19 03:13:07 INFO Executor: Fetching spark://a4b544519f2b:39387/jars/org.apache.commons_commons-pool2-2.11.1.jar with timestamp 1755573185990
[2025-08-19 03:13:07,545] {subprocess.py:92} INFO - 25/08/19 03:13:07 INFO Utils: Fetching spark://a4b544519f2b:39387/jars/org.apache.commons_commons-pool2-2.11.1.jar to /tmp/spark-1deeaa25-2b52-4373-ae02-73cbe52328db/userFiles-e878d01a-0bec-4110-a656-20555fb2c2e8/fetchFileTemp17439637279297263365.tmp
[2025-08-19 03:13:07,548] {subprocess.py:92} INFO - 25/08/19 03:13:07 INFO Utils: /tmp/spark-1deeaa25-2b52-4373-ae02-73cbe52328db/userFiles-e878d01a-0bec-4110-a656-20555fb2c2e8/fetchFileTemp17439637279297263365.tmp has been previously copied to /tmp/spark-1deeaa25-2b52-4373-ae02-73cbe52328db/userFiles-e878d01a-0bec-4110-a656-20555fb2c2e8/org.apache.commons_commons-pool2-2.11.1.jar
[2025-08-19 03:13:07,553] {subprocess.py:92} INFO - 25/08/19 03:13:07 INFO Executor: Adding file:/tmp/spark-1deeaa25-2b52-4373-ae02-73cbe52328db/userFiles-e878d01a-0bec-4110-a656-20555fb2c2e8/org.apache.commons_commons-pool2-2.11.1.jar to class loader
[2025-08-19 03:13:07,553] {subprocess.py:92} INFO - 25/08/19 03:13:07 INFO Executor: Fetching spark://a4b544519f2b:39387/jars/org.apache.kafka_kafka-clients-2.8.1.jar with timestamp 1755573185990
[2025-08-19 03:13:07,554] {subprocess.py:92} INFO - 25/08/19 03:13:07 INFO Utils: Fetching spark://a4b544519f2b:39387/jars/org.apache.kafka_kafka-clients-2.8.1.jar to /tmp/spark-1deeaa25-2b52-4373-ae02-73cbe52328db/userFiles-e878d01a-0bec-4110-a656-20555fb2c2e8/fetchFileTemp8665200789528606775.tmp
[2025-08-19 03:13:07,581] {subprocess.py:92} INFO - 25/08/19 03:13:07 INFO Utils: /tmp/spark-1deeaa25-2b52-4373-ae02-73cbe52328db/userFiles-e878d01a-0bec-4110-a656-20555fb2c2e8/fetchFileTemp8665200789528606775.tmp has been previously copied to /tmp/spark-1deeaa25-2b52-4373-ae02-73cbe52328db/userFiles-e878d01a-0bec-4110-a656-20555fb2c2e8/org.apache.kafka_kafka-clients-2.8.1.jar
[2025-08-19 03:13:07,587] {subprocess.py:92} INFO - 25/08/19 03:13:07 INFO Executor: Adding file:/tmp/spark-1deeaa25-2b52-4373-ae02-73cbe52328db/userFiles-e878d01a-0bec-4110-a656-20555fb2c2e8/org.apache.kafka_kafka-clients-2.8.1.jar to class loader
[2025-08-19 03:13:07,587] {subprocess.py:92} INFO - 25/08/19 03:13:07 INFO Executor: Fetching spark://a4b544519f2b:39387/jars/org.xerial.snappy_snappy-java-1.1.8.4.jar with timestamp 1755573185990
[2025-08-19 03:13:07,588] {subprocess.py:92} INFO - 25/08/19 03:13:07 INFO Utils: Fetching spark://a4b544519f2b:39387/jars/org.xerial.snappy_snappy-java-1.1.8.4.jar to /tmp/spark-1deeaa25-2b52-4373-ae02-73cbe52328db/userFiles-e878d01a-0bec-4110-a656-20555fb2c2e8/fetchFileTemp8614681131640008053.tmp
[2025-08-19 03:13:07,600] {subprocess.py:92} INFO - 25/08/19 03:13:07 INFO Utils: /tmp/spark-1deeaa25-2b52-4373-ae02-73cbe52328db/userFiles-e878d01a-0bec-4110-a656-20555fb2c2e8/fetchFileTemp8614681131640008053.tmp has been previously copied to /tmp/spark-1deeaa25-2b52-4373-ae02-73cbe52328db/userFiles-e878d01a-0bec-4110-a656-20555fb2c2e8/org.xerial.snappy_snappy-java-1.1.8.4.jar
[2025-08-19 03:13:07,605] {subprocess.py:92} INFO - 25/08/19 03:13:07 INFO Executor: Adding file:/tmp/spark-1deeaa25-2b52-4373-ae02-73cbe52328db/userFiles-e878d01a-0bec-4110-a656-20555fb2c2e8/org.xerial.snappy_snappy-java-1.1.8.4.jar to class loader
[2025-08-19 03:13:07,606] {subprocess.py:92} INFO - 25/08/19 03:13:07 INFO Executor: Fetching spark://a4b544519f2b:39387/jars/org.apache.spark_spark-token-provider-kafka-0-10_2.12-3.3.1.jar with timestamp 1755573185990
[2025-08-19 03:13:07,607] {subprocess.py:92} INFO - 25/08/19 03:13:07 INFO Utils: Fetching spark://a4b544519f2b:39387/jars/org.apache.spark_spark-token-provider-kafka-0-10_2.12-3.3.1.jar to /tmp/spark-1deeaa25-2b52-4373-ae02-73cbe52328db/userFiles-e878d01a-0bec-4110-a656-20555fb2c2e8/fetchFileTemp6212830016860605721.tmp
[2025-08-19 03:13:07,609] {subprocess.py:92} INFO - 25/08/19 03:13:07 INFO Utils: /tmp/spark-1deeaa25-2b52-4373-ae02-73cbe52328db/userFiles-e878d01a-0bec-4110-a656-20555fb2c2e8/fetchFileTemp6212830016860605721.tmp has been previously copied to /tmp/spark-1deeaa25-2b52-4373-ae02-73cbe52328db/userFiles-e878d01a-0bec-4110-a656-20555fb2c2e8/org.apache.spark_spark-token-provider-kafka-0-10_2.12-3.3.1.jar
[2025-08-19 03:13:07,614] {subprocess.py:92} INFO - 25/08/19 03:13:07 INFO Executor: Adding file:/tmp/spark-1deeaa25-2b52-4373-ae02-73cbe52328db/userFiles-e878d01a-0bec-4110-a656-20555fb2c2e8/org.apache.spark_spark-token-provider-kafka-0-10_2.12-3.3.1.jar to class loader
[2025-08-19 03:13:07,614] {subprocess.py:92} INFO - 25/08/19 03:13:07 INFO Executor: Fetching spark://a4b544519f2b:39387/jars/org.lz4_lz4-java-1.8.0.jar with timestamp 1755573185990
[2025-08-19 03:13:07,615] {subprocess.py:92} INFO - 25/08/19 03:13:07 INFO Utils: Fetching spark://a4b544519f2b:39387/jars/org.lz4_lz4-java-1.8.0.jar to /tmp/spark-1deeaa25-2b52-4373-ae02-73cbe52328db/userFiles-e878d01a-0bec-4110-a656-20555fb2c2e8/fetchFileTemp12832151905358819861.tmp
[2025-08-19 03:13:07,621] {subprocess.py:92} INFO - 25/08/19 03:13:07 INFO Utils: /tmp/spark-1deeaa25-2b52-4373-ae02-73cbe52328db/userFiles-e878d01a-0bec-4110-a656-20555fb2c2e8/fetchFileTemp12832151905358819861.tmp has been previously copied to /tmp/spark-1deeaa25-2b52-4373-ae02-73cbe52328db/userFiles-e878d01a-0bec-4110-a656-20555fb2c2e8/org.lz4_lz4-java-1.8.0.jar
[2025-08-19 03:13:07,626] {subprocess.py:92} INFO - 25/08/19 03:13:07 INFO Executor: Adding file:/tmp/spark-1deeaa25-2b52-4373-ae02-73cbe52328db/userFiles-e878d01a-0bec-4110-a656-20555fb2c2e8/org.lz4_lz4-java-1.8.0.jar to class loader
[2025-08-19 03:13:07,626] {subprocess.py:92} INFO - 25/08/19 03:13:07 INFO Executor: Fetching spark://a4b544519f2b:39387/jars/org.apache.hadoop_hadoop-client-api-3.3.2.jar with timestamp 1755573185990
[2025-08-19 03:13:07,627] {subprocess.py:92} INFO - 25/08/19 03:13:07 INFO Utils: Fetching spark://a4b544519f2b:39387/jars/org.apache.hadoop_hadoop-client-api-3.3.2.jar to /tmp/spark-1deeaa25-2b52-4373-ae02-73cbe52328db/userFiles-e878d01a-0bec-4110-a656-20555fb2c2e8/fetchFileTemp11231350706035469850.tmp
[2025-08-19 03:13:07,707] {subprocess.py:92} INFO - 25/08/19 03:13:07 INFO Utils: /tmp/spark-1deeaa25-2b52-4373-ae02-73cbe52328db/userFiles-e878d01a-0bec-4110-a656-20555fb2c2e8/fetchFileTemp11231350706035469850.tmp has been previously copied to /tmp/spark-1deeaa25-2b52-4373-ae02-73cbe52328db/userFiles-e878d01a-0bec-4110-a656-20555fb2c2e8/org.apache.hadoop_hadoop-client-api-3.3.2.jar
[2025-08-19 03:13:07,714] {subprocess.py:92} INFO - 25/08/19 03:13:07 INFO Executor: Adding file:/tmp/spark-1deeaa25-2b52-4373-ae02-73cbe52328db/userFiles-e878d01a-0bec-4110-a656-20555fb2c2e8/org.apache.hadoop_hadoop-client-api-3.3.2.jar to class loader
[2025-08-19 03:13:07,714] {subprocess.py:92} INFO - 25/08/19 03:13:07 INFO Executor: Fetching spark://a4b544519f2b:39387/jars/commons-logging_commons-logging-1.1.3.jar with timestamp 1755573185990
[2025-08-19 03:13:07,714] {subprocess.py:92} INFO - 25/08/19 03:13:07 INFO Utils: Fetching spark://a4b544519f2b:39387/jars/commons-logging_commons-logging-1.1.3.jar to /tmp/spark-1deeaa25-2b52-4373-ae02-73cbe52328db/userFiles-e878d01a-0bec-4110-a656-20555fb2c2e8/fetchFileTemp3584016572266142468.tmp
[2025-08-19 03:13:07,717] {subprocess.py:92} INFO - 25/08/19 03:13:07 INFO Utils: /tmp/spark-1deeaa25-2b52-4373-ae02-73cbe52328db/userFiles-e878d01a-0bec-4110-a656-20555fb2c2e8/fetchFileTemp3584016572266142468.tmp has been previously copied to /tmp/spark-1deeaa25-2b52-4373-ae02-73cbe52328db/userFiles-e878d01a-0bec-4110-a656-20555fb2c2e8/commons-logging_commons-logging-1.1.3.jar
[2025-08-19 03:13:07,722] {subprocess.py:92} INFO - 25/08/19 03:13:07 INFO Executor: Adding file:/tmp/spark-1deeaa25-2b52-4373-ae02-73cbe52328db/userFiles-e878d01a-0bec-4110-a656-20555fb2c2e8/commons-logging_commons-logging-1.1.3.jar to class loader
[2025-08-19 03:13:07,722] {subprocess.py:92} INFO - 25/08/19 03:13:07 INFO Executor: Fetching spark://a4b544519f2b:39387/jars/org.spark-project.spark_unused-1.0.0.jar with timestamp 1755573185990
[2025-08-19 03:13:07,723] {subprocess.py:92} INFO - 25/08/19 03:13:07 INFO Utils: Fetching spark://a4b544519f2b:39387/jars/org.spark-project.spark_unused-1.0.0.jar to /tmp/spark-1deeaa25-2b52-4373-ae02-73cbe52328db/userFiles-e878d01a-0bec-4110-a656-20555fb2c2e8/fetchFileTemp4661998637933829519.tmp
[2025-08-19 03:13:07,724] {subprocess.py:92} INFO - 25/08/19 03:13:07 INFO Utils: /tmp/spark-1deeaa25-2b52-4373-ae02-73cbe52328db/userFiles-e878d01a-0bec-4110-a656-20555fb2c2e8/fetchFileTemp4661998637933829519.tmp has been previously copied to /tmp/spark-1deeaa25-2b52-4373-ae02-73cbe52328db/userFiles-e878d01a-0bec-4110-a656-20555fb2c2e8/org.spark-project.spark_unused-1.0.0.jar
[2025-08-19 03:13:07,730] {subprocess.py:92} INFO - 25/08/19 03:13:07 INFO Executor: Adding file:/tmp/spark-1deeaa25-2b52-4373-ae02-73cbe52328db/userFiles-e878d01a-0bec-4110-a656-20555fb2c2e8/org.spark-project.spark_unused-1.0.0.jar to class loader
[2025-08-19 03:13:07,742] {subprocess.py:92} INFO - 25/08/19 03:13:07 INFO Utils: Successfully started service 'org.apache.spark.network.netty.NettyBlockTransferService' on port 33313.
[2025-08-19 03:13:07,742] {subprocess.py:92} INFO - 25/08/19 03:13:07 INFO NettyBlockTransferService: Server created on a4b544519f2b:33313
[2025-08-19 03:13:07,745] {subprocess.py:92} INFO - 25/08/19 03:13:07 INFO BlockManager: Using org.apache.spark.storage.RandomBlockReplicationPolicy for block replication policy
[2025-08-19 03:13:07,754] {subprocess.py:92} INFO - 25/08/19 03:13:07 INFO BlockManagerMaster: Registering BlockManager BlockManagerId(driver, a4b544519f2b, 33313, None)
[2025-08-19 03:13:07,760] {subprocess.py:92} INFO - 25/08/19 03:13:07 INFO BlockManagerMasterEndpoint: Registering block manager a4b544519f2b:33313 with 434.4 MiB RAM, BlockManagerId(driver, a4b544519f2b, 33313, None)
[2025-08-19 03:13:07,764] {subprocess.py:92} INFO - 25/08/19 03:13:07 INFO BlockManagerMaster: Registered BlockManager BlockManagerId(driver, a4b544519f2b, 33313, None)
[2025-08-19 03:13:07,767] {subprocess.py:92} INFO - 25/08/19 03:13:07 INFO BlockManager: Initialized BlockManager: BlockManagerId(driver, a4b544519f2b, 33313, None)
[2025-08-19 03:13:08,357] {subprocess.py:92} INFO - Connexion à Kafka...
[2025-08-19 03:13:11,868] {subprocess.py:92} INFO - Connexion Kafka réussie (kafka:9092)
[2025-08-19 03:13:11,869] {subprocess.py:92} INFO - Transformation des données JSON...
[2025-08-19 03:13:12,189] {subprocess.py:92} INFO - Démarrage du streaming vers HDFS...
[2025-08-19 03:13:13,286] {subprocess.py:92} INFO - Streaming actif - Données météo sauvegardées dans HDFS:/data/weather
[2025-08-19 04:09:41,273] {subprocess.py:92} INFO - 25/08/19 04:09:39 WARN NettyRpcEnv: Ignored failure: java.util.concurrent.TimeoutException: Cannot receive any reply from a4b544519f2b:39387 in 10000 milliseconds
[2025-08-19 04:13:26,923] {subprocess.py:92} INFO - 25/08/19 04:13:26 WARN DataStreamer: Exception in createBlockOutputStream blk_1073742000_1176
[2025-08-19 04:13:27,108] {subprocess.py:92} INFO - java.io.EOFException: Unexpected EOF while trying to read response from server
[2025-08-19 04:13:27,114] {subprocess.py:92} INFO - 	at org.apache.hadoop.hdfs.protocolPB.PBHelperClient.vintPrefixed(PBHelperClient.java:521)
[2025-08-19 04:13:27,114] {subprocess.py:92} INFO - 	at org.apache.hadoop.hdfs.DataStreamer.createBlockOutputStream(DataStreamer.java:1811)
[2025-08-19 04:13:27,114] {subprocess.py:92} INFO - 	at org.apache.hadoop.hdfs.DataStreamer.nextBlockOutputStream(DataStreamer.java:1728)
[2025-08-19 04:13:27,115] {subprocess.py:92} INFO - 	at org.apache.hadoop.hdfs.DataStreamer.run(DataStreamer.java:713)
[2025-08-19 04:13:27,115] {subprocess.py:92} INFO - 25/08/19 04:13:26 WARN DataStreamer: Abandoning BP-752762127-172.20.0.2-1754955767716:blk_1073742000_1176
[2025-08-19 04:13:31,539] {subprocess.py:92} INFO - 25/08/19 04:13:31 WARN DataStreamer: Excluding datanode DatanodeInfoWithStorage[172.20.0.10:9866,DS-1f4eb619-0bd4-4f0a-824d-d411c3865070,DISK]
[2025-08-19 04:13:36,299] {local_task_job.py:221} WARNING - State of this instance has been externally set to scheduled. Terminating instance.
[2025-08-19 04:13:36,533] {process_utils.py:129} INFO - Sending Signals.SIGTERM to group 11823. PIDs of all processes in the group: [11824, 11872, 11823]
[2025-08-19 04:13:36,536] {process_utils.py:80} INFO - Sending the signal Signals.SIGTERM to group 11823
[2025-08-19 04:13:36,536] {taskinstance.py:1541} ERROR - Received SIGTERM. Terminating subprocesses.
[2025-08-19 04:13:36,537] {subprocess.py:103} INFO - Sending SIGTERM signal to process group
[2025-08-19 04:13:37,249] {process_utils.py:75} INFO - Process psutil.Process(pid=11872, status='terminated', started='03:13:03') (11872) terminated with exit code None
[2025-08-19 04:13:37,863] {taskinstance.py:1889} ERROR - Task failed with exception
Traceback (most recent call last):
  File "/home/airflow/.local/lib/python3.7/site-packages/airflow/operators/bash.py", line 189, in execute
    cwd=self.cwd,
  File "/home/airflow/.local/lib/python3.7/site-packages/airflow/hooks/subprocess.py", line 90, in run_command
    for raw_line in iter(self.sub_process.stdout.readline, b''):
  File "/home/airflow/.local/lib/python3.7/site-packages/airflow/models/taskinstance.py", line 1543, in signal_handler
    raise AirflowException("Task received SIGTERM signal")
airflow.exceptions.AirflowException: Task received SIGTERM signal
[2025-08-19 04:13:37,972] {taskinstance.py:1400} INFO - Marking task as FAILED. dag_id=send_weather_to_kafka, task_id=stream_hdfs, execution_date=20250819T000622, start_date=20250819T031301, end_date=20250819T041337
[2025-08-19 04:13:38,387] {standard_task_runner.py:97} ERROR - Failed to execute job 322 for task stream_hdfs (Task received SIGTERM signal; 11823)
[2025-08-19 04:13:38,472] {process_utils.py:75} INFO - Process psutil.Process(pid=11823, status='terminated', exitcode=1, started='03:13:00') (11823) terminated with exit code 1
[2025-08-19 04:13:39,945] {process_utils.py:75} INFO - Process psutil.Process(pid=11824, status='terminated', started='03:13:01') (11824) terminated with exit code None
