[2025-08-18 09:16:15,434] {taskinstance.py:1159} INFO - Dependencies all met for <TaskInstance: send_weather_to_kafka.stream_hdfs scheduled__2025-08-18T07:15:37.816351+00:00 [queued]>
[2025-08-18 09:16:15,446] {taskinstance.py:1159} INFO - Dependencies all met for <TaskInstance: send_weather_to_kafka.stream_hdfs scheduled__2025-08-18T07:15:37.816351+00:00 [queued]>
[2025-08-18 09:16:15,446] {taskinstance.py:1356} INFO - 
--------------------------------------------------------------------------------
[2025-08-18 09:16:15,446] {taskinstance.py:1357} INFO - Starting attempt 1 of 2
[2025-08-18 09:16:15,446] {taskinstance.py:1358} INFO - 
--------------------------------------------------------------------------------
[2025-08-18 09:16:15,460] {taskinstance.py:1377} INFO - Executing <Task(BashOperator): stream_hdfs> on 2025-08-18 07:15:37.816351+00:00
[2025-08-18 09:16:15,466] {standard_task_runner.py:52} INFO - Started process 519 to run task
[2025-08-18 09:16:15,470] {standard_task_runner.py:79} INFO - Running: ['***', 'tasks', 'run', 'send_weather_to_kafka', 'stream_hdfs', 'scheduled__2025-08-18T07:15:37.816351+00:00', '--job-id', '271', '--raw', '--subdir', 'DAGS_FOLDER/dag_meteo.py', '--cfg-path', '/tmp/tmp1c_bog_3', '--error-file', '/tmp/tmp67oq21mw']
[2025-08-18 09:16:15,472] {standard_task_runner.py:80} INFO - Job 271: Subtask stream_hdfs
[2025-08-18 09:16:15,495] {logging_mixin.py:115} WARNING - /home/***/.local/lib/python3.7/site-packages/***/configuration.py:470 DeprecationWarning: The sql_alchemy_conn option in [core] has been moved to the sql_alchemy_conn option in [database] - the old setting has been used, but please update your config.
[2025-08-18 09:16:15,545] {task_command.py:369} INFO - Running <TaskInstance: send_weather_to_kafka.stream_hdfs scheduled__2025-08-18T07:15:37.816351+00:00 [running]> on host a4b544519f2b
[2025-08-18 09:16:15,636] {taskinstance.py:1571} INFO - Exporting the following env vars:
AIRFLOW_CTX_DAG_OWNER=***
AIRFLOW_CTX_DAG_ID=send_weather_to_kafka
AIRFLOW_CTX_TASK_ID=stream_hdfs
AIRFLOW_CTX_EXECUTION_DATE=2025-08-18T07:15:37.816351+00:00
AIRFLOW_CTX_TRY_NUMBER=1
AIRFLOW_CTX_DAG_RUN_ID=scheduled__2025-08-18T07:15:37.816351+00:00
[2025-08-18 09:16:15,637] {subprocess.py:62} INFO - Tmp dir root location: 
 /tmp
[2025-08-18 09:16:15,637] {subprocess.py:74} INFO - Running command: ['bash', '-c', '\n/home/***/.local/bin/spark-submit   --master local[*]   --conf spark.hadoop.fs.defaultFS=hdfs://namenode:9000   --conf spark.hadoop.dfs.client.use.datanode.hostname=true   --conf spark.sql.adaptive.enabled=false   --packages org.apache.spark:spark-sql-kafka-0-10_2.12:3.3.1   /opt/***/scripts/pyspark/streaming.py']
[2025-08-18 09:16:15,649] {subprocess.py:85} INFO - Output:
[2025-08-18 09:16:15,674] {subprocess.py:92} INFO - /opt/spark-3.3.1-bin-hadoop3/bin/load-spark-env.sh: line 68: ps: command not found
[2025-08-18 09:16:17,156] {subprocess.py:92} INFO - :: loading settings :: url = jar:file:/opt/spark-3.3.1-bin-hadoop3/jars/ivy-2.5.0.jar!/org/apache/ivy/core/settings/ivysettings.xml
[2025-08-18 09:16:17,244] {subprocess.py:92} INFO - Ivy Default Cache set to: /home/***/.ivy2/cache
[2025-08-18 09:16:17,244] {subprocess.py:92} INFO - The jars for the packages stored in: /home/***/.ivy2/jars
[2025-08-18 09:16:17,248] {subprocess.py:92} INFO - org.apache.spark#spark-sql-kafka-0-10_2.12 added as a dependency
[2025-08-18 09:16:17,249] {subprocess.py:92} INFO - :: resolving dependencies :: org.apache.spark#spark-submit-parent-8eee2780-1a0d-4ba9-a441-84f9d4bbb467;1.0
[2025-08-18 09:16:17,249] {subprocess.py:92} INFO - 	confs: [default]
[2025-08-18 09:16:17,358] {subprocess.py:92} INFO - 	found org.apache.spark#spark-sql-kafka-0-10_2.12;3.3.1 in spark-list
[2025-08-18 09:16:17,405] {subprocess.py:92} INFO - 	found org.apache.spark#spark-token-provider-kafka-0-10_2.12;3.3.1 in central
[2025-08-18 09:16:17,434] {subprocess.py:92} INFO - 	found org.apache.kafka#kafka-clients;2.8.1 in central
[2025-08-18 09:16:17,460] {subprocess.py:92} INFO - 	found org.lz4#lz4-java;1.8.0 in spark-list
[2025-08-18 09:16:17,481] {subprocess.py:92} INFO - 	found org.xerial.snappy#snappy-java;1.1.8.4 in central
[2025-08-18 09:16:17,501] {subprocess.py:92} INFO - 	found org.slf4j#slf4j-api;1.7.32 in central
[2025-08-18 09:16:17,532] {subprocess.py:92} INFO - 	found org.apache.hadoop#hadoop-client-runtime;3.3.2 in central
[2025-08-18 09:16:17,541] {subprocess.py:92} INFO - 	found org.spark-project.spark#unused;1.0.0 in central
[2025-08-18 09:16:17,553] {subprocess.py:92} INFO - 	found org.apache.hadoop#hadoop-client-api;3.3.2 in central
[2025-08-18 09:16:17,563] {subprocess.py:92} INFO - 	found commons-logging#commons-logging;1.1.3 in central
[2025-08-18 09:16:17,570] {subprocess.py:92} INFO - 	found com.google.code.findbugs#jsr305;3.0.0 in central
[2025-08-18 09:16:17,584] {subprocess.py:92} INFO - 	found org.apache.commons#commons-pool2;2.11.1 in central
[2025-08-18 09:16:17,611] {subprocess.py:92} INFO - :: resolution report :: resolve 347ms :: artifacts dl 15ms
[2025-08-18 09:16:17,611] {subprocess.py:92} INFO - 	:: modules in use:
[2025-08-18 09:16:17,611] {subprocess.py:92} INFO - 	com.google.code.findbugs#jsr305;3.0.0 from central in [default]
[2025-08-18 09:16:17,611] {subprocess.py:92} INFO - 	commons-logging#commons-logging;1.1.3 from central in [default]
[2025-08-18 09:16:17,611] {subprocess.py:92} INFO - 	org.apache.commons#commons-pool2;2.11.1 from central in [default]
[2025-08-18 09:16:17,611] {subprocess.py:92} INFO - 	org.apache.hadoop#hadoop-client-api;3.3.2 from central in [default]
[2025-08-18 09:16:17,611] {subprocess.py:92} INFO - 	org.apache.hadoop#hadoop-client-runtime;3.3.2 from central in [default]
[2025-08-18 09:16:17,611] {subprocess.py:92} INFO - 	org.apache.kafka#kafka-clients;2.8.1 from central in [default]
[2025-08-18 09:16:17,611] {subprocess.py:92} INFO - 	org.apache.spark#spark-sql-kafka-0-10_2.12;3.3.1 from spark-list in [default]
[2025-08-18 09:16:17,612] {subprocess.py:92} INFO - 	org.apache.spark#spark-token-provider-kafka-0-10_2.12;3.3.1 from central in [default]
[2025-08-18 09:16:17,612] {subprocess.py:92} INFO - 	org.lz4#lz4-java;1.8.0 from spark-list in [default]
[2025-08-18 09:16:17,612] {subprocess.py:92} INFO - 	org.slf4j#slf4j-api;1.7.32 from central in [default]
[2025-08-18 09:16:17,612] {subprocess.py:92} INFO - 	org.spark-project.spark#unused;1.0.0 from central in [default]
[2025-08-18 09:16:17,612] {subprocess.py:92} INFO - 	org.xerial.snappy#snappy-java;1.1.8.4 from central in [default]
[2025-08-18 09:16:17,612] {subprocess.py:92} INFO - 	---------------------------------------------------------------------
[2025-08-18 09:16:17,612] {subprocess.py:92} INFO - 	|                  |            modules            ||   artifacts   |
[2025-08-18 09:16:17,612] {subprocess.py:92} INFO - 	|       conf       | number| search|dwnlded|evicted|| number|dwnlded|
[2025-08-18 09:16:17,612] {subprocess.py:92} INFO - 	---------------------------------------------------------------------
[2025-08-18 09:16:17,612] {subprocess.py:92} INFO - 	|      default     |   12  |   0   |   0   |   0   ||   12  |   0   |
[2025-08-18 09:16:17,612] {subprocess.py:92} INFO - 	---------------------------------------------------------------------
[2025-08-18 09:16:17,618] {subprocess.py:92} INFO - :: retrieving :: org.apache.spark#spark-submit-parent-8eee2780-1a0d-4ba9-a441-84f9d4bbb467
[2025-08-18 09:16:17,619] {subprocess.py:92} INFO - 	confs: [default]
[2025-08-18 09:16:17,627] {subprocess.py:92} INFO - 	0 artifacts copied, 12 already retrieved (0kB/9ms)
[2025-08-18 09:16:17,809] {subprocess.py:92} INFO - 25/08/18 09:16:17 WARN NativeCodeLoader: Unable to load native-hadoop library for your platform... using builtin-java classes where applicable
[2025-08-18 09:16:18,620] {subprocess.py:92} INFO - 25/08/18 09:16:18 INFO SparkContext: Running Spark version 3.3.1
[2025-08-18 09:16:18,633] {subprocess.py:92} INFO - 25/08/18 09:16:18 INFO ResourceUtils: ==============================================================
[2025-08-18 09:16:18,634] {subprocess.py:92} INFO - 25/08/18 09:16:18 INFO ResourceUtils: No custom resources configured for spark.driver.
[2025-08-18 09:16:18,634] {subprocess.py:92} INFO - 25/08/18 09:16:18 INFO ResourceUtils: ==============================================================
[2025-08-18 09:16:18,634] {subprocess.py:92} INFO - 25/08/18 09:16:18 INFO SparkContext: Submitted application: KafkaToHDFSWeather
[2025-08-18 09:16:18,654] {subprocess.py:92} INFO - 25/08/18 09:16:18 INFO ResourceProfile: Default ResourceProfile created, executor resources: Map(cores -> name: cores, amount: 1, script: , vendor: , memory -> name: memory, amount: 1024, script: , vendor: , offHeap -> name: offHeap, amount: 0, script: , vendor: ), task resources: Map(cpus -> name: cpus, amount: 1.0)
[2025-08-18 09:16:18,662] {subprocess.py:92} INFO - 25/08/18 09:16:18 INFO ResourceProfile: Limiting resource is cpu
[2025-08-18 09:16:18,662] {subprocess.py:92} INFO - 25/08/18 09:16:18 INFO ResourceProfileManager: Added ResourceProfile id: 0
[2025-08-18 09:16:18,704] {subprocess.py:92} INFO - 25/08/18 09:16:18 INFO SecurityManager: Changing view acls to: ***
[2025-08-18 09:16:18,704] {subprocess.py:92} INFO - 25/08/18 09:16:18 INFO SecurityManager: Changing modify acls to: ***
[2025-08-18 09:16:18,705] {subprocess.py:92} INFO - 25/08/18 09:16:18 INFO SecurityManager: Changing view acls groups to:
[2025-08-18 09:16:18,705] {subprocess.py:92} INFO - 25/08/18 09:16:18 INFO SecurityManager: Changing modify acls groups to:
[2025-08-18 09:16:18,705] {subprocess.py:92} INFO - 25/08/18 09:16:18 INFO SecurityManager: SecurityManager: authentication disabled; ui acls disabled; users  with view permissions: Set(***); groups with view permissions: Set(); users  with modify permissions: Set(***); groups with modify permissions: Set()
[2025-08-18 09:16:18,981] {subprocess.py:92} INFO - 25/08/18 09:16:18 INFO Utils: Successfully started service 'sparkDriver' on port 46589.
[2025-08-18 09:16:19,012] {subprocess.py:92} INFO - 25/08/18 09:16:19 INFO SparkEnv: Registering MapOutputTracker
[2025-08-18 09:16:19,037] {subprocess.py:92} INFO - 25/08/18 09:16:19 INFO SparkEnv: Registering BlockManagerMaster
[2025-08-18 09:16:19,049] {subprocess.py:92} INFO - 25/08/18 09:16:19 INFO BlockManagerMasterEndpoint: Using org.apache.spark.storage.DefaultTopologyMapper for getting topology information
[2025-08-18 09:16:19,049] {subprocess.py:92} INFO - 25/08/18 09:16:19 INFO BlockManagerMasterEndpoint: BlockManagerMasterEndpoint up
[2025-08-18 09:16:19,052] {subprocess.py:92} INFO - 25/08/18 09:16:19 INFO SparkEnv: Registering BlockManagerMasterHeartbeat
[2025-08-18 09:16:19,072] {subprocess.py:92} INFO - 25/08/18 09:16:19 INFO DiskBlockManager: Created local directory at /tmp/blockmgr-70e0b467-f7d3-4241-abd2-4ec89d844c8f
[2025-08-18 09:16:19,090] {subprocess.py:92} INFO - 25/08/18 09:16:19 INFO MemoryStore: MemoryStore started with capacity 434.4 MiB
[2025-08-18 09:16:19,104] {subprocess.py:92} INFO - 25/08/18 09:16:19 INFO SparkEnv: Registering OutputCommitCoordinator
[2025-08-18 09:16:19,268] {subprocess.py:92} INFO - 25/08/18 09:16:19 INFO Utils: Successfully started service 'SparkUI' on port 4040.
[2025-08-18 09:16:19,291] {subprocess.py:92} INFO - 25/08/18 09:16:19 INFO SparkContext: Added JAR file:///home/***/.ivy2/jars/org.apache.spark_spark-sql-kafka-0-10_2.12-3.3.1.jar at spark://a4b544519f2b:46589/jars/org.apache.spark_spark-sql-kafka-0-10_2.12-3.3.1.jar with timestamp 1755508578614
[2025-08-18 09:16:19,291] {subprocess.py:92} INFO - 25/08/18 09:16:19 INFO SparkContext: Added JAR file:///home/***/.ivy2/jars/org.apache.spark_spark-token-provider-kafka-0-10_2.12-3.3.1.jar at spark://a4b544519f2b:46589/jars/org.apache.spark_spark-token-provider-kafka-0-10_2.12-3.3.1.jar with timestamp 1755508578614
[2025-08-18 09:16:19,292] {subprocess.py:92} INFO - 25/08/18 09:16:19 INFO SparkContext: Added JAR file:///home/***/.ivy2/jars/org.apache.kafka_kafka-clients-2.8.1.jar at spark://a4b544519f2b:46589/jars/org.apache.kafka_kafka-clients-2.8.1.jar with timestamp 1755508578614
[2025-08-18 09:16:19,292] {subprocess.py:92} INFO - 25/08/18 09:16:19 INFO SparkContext: Added JAR file:///home/***/.ivy2/jars/com.google.code.findbugs_jsr305-3.0.0.jar at spark://a4b544519f2b:46589/jars/com.google.code.findbugs_jsr305-3.0.0.jar with timestamp 1755508578614
[2025-08-18 09:16:19,292] {subprocess.py:92} INFO - 25/08/18 09:16:19 INFO SparkContext: Added JAR file:///home/***/.ivy2/jars/org.apache.commons_commons-pool2-2.11.1.jar at spark://a4b544519f2b:46589/jars/org.apache.commons_commons-pool2-2.11.1.jar with timestamp 1755508578614
[2025-08-18 09:16:19,292] {subprocess.py:92} INFO - 25/08/18 09:16:19 INFO SparkContext: Added JAR file:///home/***/.ivy2/jars/org.spark-project.spark_unused-1.0.0.jar at spark://a4b544519f2b:46589/jars/org.spark-project.spark_unused-1.0.0.jar with timestamp 1755508578614
[2025-08-18 09:16:19,292] {subprocess.py:92} INFO - 25/08/18 09:16:19 INFO SparkContext: Added JAR file:///home/***/.ivy2/jars/org.apache.hadoop_hadoop-client-runtime-3.3.2.jar at spark://a4b544519f2b:46589/jars/org.apache.hadoop_hadoop-client-runtime-3.3.2.jar with timestamp 1755508578614
[2025-08-18 09:16:19,292] {subprocess.py:92} INFO - 25/08/18 09:16:19 INFO SparkContext: Added JAR file:///home/***/.ivy2/jars/org.lz4_lz4-java-1.8.0.jar at spark://a4b544519f2b:46589/jars/org.lz4_lz4-java-1.8.0.jar with timestamp 1755508578614
[2025-08-18 09:16:19,292] {subprocess.py:92} INFO - 25/08/18 09:16:19 INFO SparkContext: Added JAR file:///home/***/.ivy2/jars/org.xerial.snappy_snappy-java-1.1.8.4.jar at spark://a4b544519f2b:46589/jars/org.xerial.snappy_snappy-java-1.1.8.4.jar with timestamp 1755508578614
[2025-08-18 09:16:19,292] {subprocess.py:92} INFO - 25/08/18 09:16:19 INFO SparkContext: Added JAR file:///home/***/.ivy2/jars/org.slf4j_slf4j-api-1.7.32.jar at spark://a4b544519f2b:46589/jars/org.slf4j_slf4j-api-1.7.32.jar with timestamp 1755508578614
[2025-08-18 09:16:19,292] {subprocess.py:92} INFO - 25/08/18 09:16:19 INFO SparkContext: Added JAR file:///home/***/.ivy2/jars/org.apache.hadoop_hadoop-client-api-3.3.2.jar at spark://a4b544519f2b:46589/jars/org.apache.hadoop_hadoop-client-api-3.3.2.jar with timestamp 1755508578614
[2025-08-18 09:16:19,292] {subprocess.py:92} INFO - 25/08/18 09:16:19 INFO SparkContext: Added JAR file:///home/***/.ivy2/jars/commons-logging_commons-logging-1.1.3.jar at spark://a4b544519f2b:46589/jars/commons-logging_commons-logging-1.1.3.jar with timestamp 1755508578614
[2025-08-18 09:16:19,293] {subprocess.py:92} INFO - 25/08/18 09:16:19 INFO SparkContext: Added file file:///home/***/.ivy2/jars/org.apache.spark_spark-sql-kafka-0-10_2.12-3.3.1.jar at file:///home/***/.ivy2/jars/org.apache.spark_spark-sql-kafka-0-10_2.12-3.3.1.jar with timestamp 1755508578614
[2025-08-18 09:16:19,294] {subprocess.py:92} INFO - 25/08/18 09:16:19 INFO Utils: Copying /home/***/.ivy2/jars/org.apache.spark_spark-sql-kafka-0-10_2.12-3.3.1.jar to /tmp/spark-a8efcbce-3ca7-4bc9-8cae-7763fda3b98e/userFiles-5ed7ed10-908e-43bd-94c9-e30ec3100fb1/org.apache.spark_spark-sql-kafka-0-10_2.12-3.3.1.jar
[2025-08-18 09:16:19,304] {subprocess.py:92} INFO - 25/08/18 09:16:19 INFO SparkContext: Added file file:///home/***/.ivy2/jars/org.apache.spark_spark-token-provider-kafka-0-10_2.12-3.3.1.jar at file:///home/***/.ivy2/jars/org.apache.spark_spark-token-provider-kafka-0-10_2.12-3.3.1.jar with timestamp 1755508578614
[2025-08-18 09:16:19,304] {subprocess.py:92} INFO - 25/08/18 09:16:19 INFO Utils: Copying /home/***/.ivy2/jars/org.apache.spark_spark-token-provider-kafka-0-10_2.12-3.3.1.jar to /tmp/spark-a8efcbce-3ca7-4bc9-8cae-7763fda3b98e/userFiles-5ed7ed10-908e-43bd-94c9-e30ec3100fb1/org.apache.spark_spark-token-provider-kafka-0-10_2.12-3.3.1.jar
[2025-08-18 09:16:19,308] {subprocess.py:92} INFO - 25/08/18 09:16:19 INFO SparkContext: Added file file:///home/***/.ivy2/jars/org.apache.kafka_kafka-clients-2.8.1.jar at file:///home/***/.ivy2/jars/org.apache.kafka_kafka-clients-2.8.1.jar with timestamp 1755508578614
[2025-08-18 09:16:19,308] {subprocess.py:92} INFO - 25/08/18 09:16:19 INFO Utils: Copying /home/***/.ivy2/jars/org.apache.kafka_kafka-clients-2.8.1.jar to /tmp/spark-a8efcbce-3ca7-4bc9-8cae-7763fda3b98e/userFiles-5ed7ed10-908e-43bd-94c9-e30ec3100fb1/org.apache.kafka_kafka-clients-2.8.1.jar
[2025-08-18 09:16:19,316] {subprocess.py:92} INFO - 25/08/18 09:16:19 INFO SparkContext: Added file file:///home/***/.ivy2/jars/com.google.code.findbugs_jsr305-3.0.0.jar at file:///home/***/.ivy2/jars/com.google.code.findbugs_jsr305-3.0.0.jar with timestamp 1755508578614
[2025-08-18 09:16:19,317] {subprocess.py:92} INFO - 25/08/18 09:16:19 INFO Utils: Copying /home/***/.ivy2/jars/com.google.code.findbugs_jsr305-3.0.0.jar to /tmp/spark-a8efcbce-3ca7-4bc9-8cae-7763fda3b98e/userFiles-5ed7ed10-908e-43bd-94c9-e30ec3100fb1/com.google.code.findbugs_jsr305-3.0.0.jar
[2025-08-18 09:16:19,320] {subprocess.py:92} INFO - 25/08/18 09:16:19 INFO SparkContext: Added file file:///home/***/.ivy2/jars/org.apache.commons_commons-pool2-2.11.1.jar at file:///home/***/.ivy2/jars/org.apache.commons_commons-pool2-2.11.1.jar with timestamp 1755508578614
[2025-08-18 09:16:19,320] {subprocess.py:92} INFO - 25/08/18 09:16:19 INFO Utils: Copying /home/***/.ivy2/jars/org.apache.commons_commons-pool2-2.11.1.jar to /tmp/spark-a8efcbce-3ca7-4bc9-8cae-7763fda3b98e/userFiles-5ed7ed10-908e-43bd-94c9-e30ec3100fb1/org.apache.commons_commons-pool2-2.11.1.jar
[2025-08-18 09:16:19,324] {subprocess.py:92} INFO - 25/08/18 09:16:19 INFO SparkContext: Added file file:///home/***/.ivy2/jars/org.spark-project.spark_unused-1.0.0.jar at file:///home/***/.ivy2/jars/org.spark-project.spark_unused-1.0.0.jar with timestamp 1755508578614
[2025-08-18 09:16:19,324] {subprocess.py:92} INFO - 25/08/18 09:16:19 INFO Utils: Copying /home/***/.ivy2/jars/org.spark-project.spark_unused-1.0.0.jar to /tmp/spark-a8efcbce-3ca7-4bc9-8cae-7763fda3b98e/userFiles-5ed7ed10-908e-43bd-94c9-e30ec3100fb1/org.spark-project.spark_unused-1.0.0.jar
[2025-08-18 09:16:19,328] {subprocess.py:92} INFO - 25/08/18 09:16:19 INFO SparkContext: Added file file:///home/***/.ivy2/jars/org.apache.hadoop_hadoop-client-runtime-3.3.2.jar at file:///home/***/.ivy2/jars/org.apache.hadoop_hadoop-client-runtime-3.3.2.jar with timestamp 1755508578614
[2025-08-18 09:16:19,328] {subprocess.py:92} INFO - 25/08/18 09:16:19 INFO Utils: Copying /home/***/.ivy2/jars/org.apache.hadoop_hadoop-client-runtime-3.3.2.jar to /tmp/spark-a8efcbce-3ca7-4bc9-8cae-7763fda3b98e/userFiles-5ed7ed10-908e-43bd-94c9-e30ec3100fb1/org.apache.hadoop_hadoop-client-runtime-3.3.2.jar
[2025-08-18 09:16:19,364] {subprocess.py:92} INFO - 25/08/18 09:16:19 INFO SparkContext: Added file file:///home/***/.ivy2/jars/org.lz4_lz4-java-1.8.0.jar at file:///home/***/.ivy2/jars/org.lz4_lz4-java-1.8.0.jar with timestamp 1755508578614
[2025-08-18 09:16:19,364] {subprocess.py:92} INFO - 25/08/18 09:16:19 INFO Utils: Copying /home/***/.ivy2/jars/org.lz4_lz4-java-1.8.0.jar to /tmp/spark-a8efcbce-3ca7-4bc9-8cae-7763fda3b98e/userFiles-5ed7ed10-908e-43bd-94c9-e30ec3100fb1/org.lz4_lz4-java-1.8.0.jar
[2025-08-18 09:16:19,369] {subprocess.py:92} INFO - 25/08/18 09:16:19 INFO SparkContext: Added file file:///home/***/.ivy2/jars/org.xerial.snappy_snappy-java-1.1.8.4.jar at file:///home/***/.ivy2/jars/org.xerial.snappy_snappy-java-1.1.8.4.jar with timestamp 1755508578614
[2025-08-18 09:16:19,369] {subprocess.py:92} INFO - 25/08/18 09:16:19 INFO Utils: Copying /home/***/.ivy2/jars/org.xerial.snappy_snappy-java-1.1.8.4.jar to /tmp/spark-a8efcbce-3ca7-4bc9-8cae-7763fda3b98e/userFiles-5ed7ed10-908e-43bd-94c9-e30ec3100fb1/org.xerial.snappy_snappy-java-1.1.8.4.jar
[2025-08-18 09:16:19,375] {subprocess.py:92} INFO - 25/08/18 09:16:19 INFO SparkContext: Added file file:///home/***/.ivy2/jars/org.slf4j_slf4j-api-1.7.32.jar at file:///home/***/.ivy2/jars/org.slf4j_slf4j-api-1.7.32.jar with timestamp 1755508578614
[2025-08-18 09:16:19,375] {subprocess.py:92} INFO - 25/08/18 09:16:19 INFO Utils: Copying /home/***/.ivy2/jars/org.slf4j_slf4j-api-1.7.32.jar to /tmp/spark-a8efcbce-3ca7-4bc9-8cae-7763fda3b98e/userFiles-5ed7ed10-908e-43bd-94c9-e30ec3100fb1/org.slf4j_slf4j-api-1.7.32.jar
[2025-08-18 09:16:19,380] {subprocess.py:92} INFO - 25/08/18 09:16:19 INFO SparkContext: Added file file:///home/***/.ivy2/jars/org.apache.hadoop_hadoop-client-api-3.3.2.jar at file:///home/***/.ivy2/jars/org.apache.hadoop_hadoop-client-api-3.3.2.jar with timestamp 1755508578614
[2025-08-18 09:16:19,380] {subprocess.py:92} INFO - 25/08/18 09:16:19 INFO Utils: Copying /home/***/.ivy2/jars/org.apache.hadoop_hadoop-client-api-3.3.2.jar to /tmp/spark-a8efcbce-3ca7-4bc9-8cae-7763fda3b98e/userFiles-5ed7ed10-908e-43bd-94c9-e30ec3100fb1/org.apache.hadoop_hadoop-client-api-3.3.2.jar
[2025-08-18 09:16:19,595] {subprocess.py:92} INFO - 25/08/18 09:16:19 INFO SparkContext: Added file file:///home/***/.ivy2/jars/commons-logging_commons-logging-1.1.3.jar at file:///home/***/.ivy2/jars/commons-logging_commons-logging-1.1.3.jar with timestamp 1755508578614
[2025-08-18 09:16:19,595] {subprocess.py:92} INFO - 25/08/18 09:16:19 INFO Utils: Copying /home/***/.ivy2/jars/commons-logging_commons-logging-1.1.3.jar to /tmp/spark-a8efcbce-3ca7-4bc9-8cae-7763fda3b98e/userFiles-5ed7ed10-908e-43bd-94c9-e30ec3100fb1/commons-logging_commons-logging-1.1.3.jar
[2025-08-18 09:16:19,653] {subprocess.py:92} INFO - 25/08/18 09:16:19 INFO Executor: Starting executor ID driver on host a4b544519f2b
[2025-08-18 09:16:19,661] {subprocess.py:92} INFO - 25/08/18 09:16:19 INFO Executor: Starting executor with user classpath (userClassPathFirst = false): ''
[2025-08-18 09:16:19,672] {subprocess.py:92} INFO - 25/08/18 09:16:19 INFO Executor: Fetching file:///home/***/.ivy2/jars/commons-logging_commons-logging-1.1.3.jar with timestamp 1755508578614
[2025-08-18 09:16:19,684] {subprocess.py:92} INFO - 25/08/18 09:16:19 INFO Utils: /home/***/.ivy2/jars/commons-logging_commons-logging-1.1.3.jar has been previously copied to /tmp/spark-a8efcbce-3ca7-4bc9-8cae-7763fda3b98e/userFiles-5ed7ed10-908e-43bd-94c9-e30ec3100fb1/commons-logging_commons-logging-1.1.3.jar
[2025-08-18 09:16:19,687] {subprocess.py:92} INFO - 25/08/18 09:16:19 INFO Executor: Fetching file:///home/***/.ivy2/jars/org.spark-project.spark_unused-1.0.0.jar with timestamp 1755508578614
[2025-08-18 09:16:19,688] {subprocess.py:92} INFO - 25/08/18 09:16:19 INFO Utils: /home/***/.ivy2/jars/org.spark-project.spark_unused-1.0.0.jar has been previously copied to /tmp/spark-a8efcbce-3ca7-4bc9-8cae-7763fda3b98e/userFiles-5ed7ed10-908e-43bd-94c9-e30ec3100fb1/org.spark-project.spark_unused-1.0.0.jar
[2025-08-18 09:16:19,691] {subprocess.py:92} INFO - 25/08/18 09:16:19 INFO Executor: Fetching file:///home/***/.ivy2/jars/org.apache.spark_spark-sql-kafka-0-10_2.12-3.3.1.jar with timestamp 1755508578614
[2025-08-18 09:16:19,698] {subprocess.py:92} INFO - 25/08/18 09:16:19 INFO Utils: /home/***/.ivy2/jars/org.apache.spark_spark-sql-kafka-0-10_2.12-3.3.1.jar has been previously copied to /tmp/spark-a8efcbce-3ca7-4bc9-8cae-7763fda3b98e/userFiles-5ed7ed10-908e-43bd-94c9-e30ec3100fb1/org.apache.spark_spark-sql-kafka-0-10_2.12-3.3.1.jar
[2025-08-18 09:16:19,701] {subprocess.py:92} INFO - 25/08/18 09:16:19 INFO Executor: Fetching file:///home/***/.ivy2/jars/org.apache.hadoop_hadoop-client-api-3.3.2.jar with timestamp 1755508578614
[2025-08-18 09:16:19,713] {subprocess.py:92} INFO - 25/08/18 09:16:19 INFO Utils: /home/***/.ivy2/jars/org.apache.hadoop_hadoop-client-api-3.3.2.jar has been previously copied to /tmp/spark-a8efcbce-3ca7-4bc9-8cae-7763fda3b98e/userFiles-5ed7ed10-908e-43bd-94c9-e30ec3100fb1/org.apache.hadoop_hadoop-client-api-3.3.2.jar
[2025-08-18 09:16:19,717] {subprocess.py:92} INFO - 25/08/18 09:16:19 INFO Executor: Fetching file:///home/***/.ivy2/jars/org.apache.hadoop_hadoop-client-runtime-3.3.2.jar with timestamp 1755508578614
[2025-08-18 09:16:19,732] {subprocess.py:92} INFO - 25/08/18 09:16:19 INFO Utils: /home/***/.ivy2/jars/org.apache.hadoop_hadoop-client-runtime-3.3.2.jar has been previously copied to /tmp/spark-a8efcbce-3ca7-4bc9-8cae-7763fda3b98e/userFiles-5ed7ed10-908e-43bd-94c9-e30ec3100fb1/org.apache.hadoop_hadoop-client-runtime-3.3.2.jar
[2025-08-18 09:16:19,735] {subprocess.py:92} INFO - 25/08/18 09:16:19 INFO Executor: Fetching file:///home/***/.ivy2/jars/org.slf4j_slf4j-api-1.7.32.jar with timestamp 1755508578614
[2025-08-18 09:16:19,736] {subprocess.py:92} INFO - 25/08/18 09:16:19 INFO Utils: /home/***/.ivy2/jars/org.slf4j_slf4j-api-1.7.32.jar has been previously copied to /tmp/spark-a8efcbce-3ca7-4bc9-8cae-7763fda3b98e/userFiles-5ed7ed10-908e-43bd-94c9-e30ec3100fb1/org.slf4j_slf4j-api-1.7.32.jar
[2025-08-18 09:16:19,739] {subprocess.py:92} INFO - 25/08/18 09:16:19 INFO Executor: Fetching file:///home/***/.ivy2/jars/org.lz4_lz4-java-1.8.0.jar with timestamp 1755508578614
[2025-08-18 09:16:19,739] {subprocess.py:92} INFO - 25/08/18 09:16:19 INFO Utils: /home/***/.ivy2/jars/org.lz4_lz4-java-1.8.0.jar has been previously copied to /tmp/spark-a8efcbce-3ca7-4bc9-8cae-7763fda3b98e/userFiles-5ed7ed10-908e-43bd-94c9-e30ec3100fb1/org.lz4_lz4-java-1.8.0.jar
[2025-08-18 09:16:19,742] {subprocess.py:92} INFO - 25/08/18 09:16:19 INFO Executor: Fetching file:///home/***/.ivy2/jars/org.apache.commons_commons-pool2-2.11.1.jar with timestamp 1755508578614
[2025-08-18 09:16:19,743] {subprocess.py:92} INFO - 25/08/18 09:16:19 INFO Utils: /home/***/.ivy2/jars/org.apache.commons_commons-pool2-2.11.1.jar has been previously copied to /tmp/spark-a8efcbce-3ca7-4bc9-8cae-7763fda3b98e/userFiles-5ed7ed10-908e-43bd-94c9-e30ec3100fb1/org.apache.commons_commons-pool2-2.11.1.jar
[2025-08-18 09:16:19,745] {subprocess.py:92} INFO - 25/08/18 09:16:19 INFO Executor: Fetching file:///home/***/.ivy2/jars/com.google.code.findbugs_jsr305-3.0.0.jar with timestamp 1755508578614
[2025-08-18 09:16:19,745] {subprocess.py:92} INFO - 25/08/18 09:16:19 INFO Utils: /home/***/.ivy2/jars/com.google.code.findbugs_jsr305-3.0.0.jar has been previously copied to /tmp/spark-a8efcbce-3ca7-4bc9-8cae-7763fda3b98e/userFiles-5ed7ed10-908e-43bd-94c9-e30ec3100fb1/com.google.code.findbugs_jsr305-3.0.0.jar
[2025-08-18 09:16:19,748] {subprocess.py:92} INFO - 25/08/18 09:16:19 INFO Executor: Fetching file:///home/***/.ivy2/jars/org.apache.spark_spark-token-provider-kafka-0-10_2.12-3.3.1.jar with timestamp 1755508578614
[2025-08-18 09:16:19,749] {subprocess.py:92} INFO - 25/08/18 09:16:19 INFO Utils: /home/***/.ivy2/jars/org.apache.spark_spark-token-provider-kafka-0-10_2.12-3.3.1.jar has been previously copied to /tmp/spark-a8efcbce-3ca7-4bc9-8cae-7763fda3b98e/userFiles-5ed7ed10-908e-43bd-94c9-e30ec3100fb1/org.apache.spark_spark-token-provider-kafka-0-10_2.12-3.3.1.jar
[2025-08-18 09:16:19,751] {subprocess.py:92} INFO - 25/08/18 09:16:19 INFO Executor: Fetching file:///home/***/.ivy2/jars/org.apache.kafka_kafka-clients-2.8.1.jar with timestamp 1755508578614
[2025-08-18 09:16:19,754] {subprocess.py:92} INFO - 25/08/18 09:16:19 INFO Utils: /home/***/.ivy2/jars/org.apache.kafka_kafka-clients-2.8.1.jar has been previously copied to /tmp/spark-a8efcbce-3ca7-4bc9-8cae-7763fda3b98e/userFiles-5ed7ed10-908e-43bd-94c9-e30ec3100fb1/org.apache.kafka_kafka-clients-2.8.1.jar
[2025-08-18 09:16:19,757] {subprocess.py:92} INFO - 25/08/18 09:16:19 INFO Executor: Fetching file:///home/***/.ivy2/jars/org.xerial.snappy_snappy-java-1.1.8.4.jar with timestamp 1755508578614
[2025-08-18 09:16:19,758] {subprocess.py:92} INFO - 25/08/18 09:16:19 INFO Utils: /home/***/.ivy2/jars/org.xerial.snappy_snappy-java-1.1.8.4.jar has been previously copied to /tmp/spark-a8efcbce-3ca7-4bc9-8cae-7763fda3b98e/userFiles-5ed7ed10-908e-43bd-94c9-e30ec3100fb1/org.xerial.snappy_snappy-java-1.1.8.4.jar
[2025-08-18 09:16:19,763] {subprocess.py:92} INFO - 25/08/18 09:16:19 INFO Executor: Fetching spark://a4b544519f2b:46589/jars/commons-logging_commons-logging-1.1.3.jar with timestamp 1755508578614
[2025-08-18 09:16:19,788] {subprocess.py:92} INFO - 25/08/18 09:16:19 INFO TransportClientFactory: Successfully created connection to a4b544519f2b/172.20.0.2:46589 after 15 ms (0 ms spent in bootstraps)
[2025-08-18 09:16:19,794] {subprocess.py:92} INFO - 25/08/18 09:16:19 INFO Utils: Fetching spark://a4b544519f2b:46589/jars/commons-logging_commons-logging-1.1.3.jar to /tmp/spark-a8efcbce-3ca7-4bc9-8cae-7763fda3b98e/userFiles-5ed7ed10-908e-43bd-94c9-e30ec3100fb1/fetchFileTemp11404558433274836237.tmp
[2025-08-18 09:16:19,818] {subprocess.py:92} INFO - 25/08/18 09:16:19 INFO Utils: /tmp/spark-a8efcbce-3ca7-4bc9-8cae-7763fda3b98e/userFiles-5ed7ed10-908e-43bd-94c9-e30ec3100fb1/fetchFileTemp11404558433274836237.tmp has been previously copied to /tmp/spark-a8efcbce-3ca7-4bc9-8cae-7763fda3b98e/userFiles-5ed7ed10-908e-43bd-94c9-e30ec3100fb1/commons-logging_commons-logging-1.1.3.jar
[2025-08-18 09:16:19,822] {subprocess.py:92} INFO - 25/08/18 09:16:19 INFO Executor: Adding file:/tmp/spark-a8efcbce-3ca7-4bc9-8cae-7763fda3b98e/userFiles-5ed7ed10-908e-43bd-94c9-e30ec3100fb1/commons-logging_commons-logging-1.1.3.jar to class loader
[2025-08-18 09:16:19,822] {subprocess.py:92} INFO - 25/08/18 09:16:19 INFO Executor: Fetching spark://a4b544519f2b:46589/jars/org.spark-project.spark_unused-1.0.0.jar with timestamp 1755508578614
[2025-08-18 09:16:19,823] {subprocess.py:92} INFO - 25/08/18 09:16:19 INFO Utils: Fetching spark://a4b544519f2b:46589/jars/org.spark-project.spark_unused-1.0.0.jar to /tmp/spark-a8efcbce-3ca7-4bc9-8cae-7763fda3b98e/userFiles-5ed7ed10-908e-43bd-94c9-e30ec3100fb1/fetchFileTemp8635737990878723622.tmp
[2025-08-18 09:16:19,824] {subprocess.py:92} INFO - 25/08/18 09:16:19 INFO Utils: /tmp/spark-a8efcbce-3ca7-4bc9-8cae-7763fda3b98e/userFiles-5ed7ed10-908e-43bd-94c9-e30ec3100fb1/fetchFileTemp8635737990878723622.tmp has been previously copied to /tmp/spark-a8efcbce-3ca7-4bc9-8cae-7763fda3b98e/userFiles-5ed7ed10-908e-43bd-94c9-e30ec3100fb1/org.spark-project.spark_unused-1.0.0.jar
[2025-08-18 09:16:19,828] {subprocess.py:92} INFO - 25/08/18 09:16:19 INFO Executor: Adding file:/tmp/spark-a8efcbce-3ca7-4bc9-8cae-7763fda3b98e/userFiles-5ed7ed10-908e-43bd-94c9-e30ec3100fb1/org.spark-project.spark_unused-1.0.0.jar to class loader
[2025-08-18 09:16:19,828] {subprocess.py:92} INFO - 25/08/18 09:16:19 INFO Executor: Fetching spark://a4b544519f2b:46589/jars/org.apache.hadoop_hadoop-client-runtime-3.3.2.jar with timestamp 1755508578614
[2025-08-18 09:16:19,828] {subprocess.py:92} INFO - 25/08/18 09:16:19 INFO Utils: Fetching spark://a4b544519f2b:46589/jars/org.apache.hadoop_hadoop-client-runtime-3.3.2.jar to /tmp/spark-a8efcbce-3ca7-4bc9-8cae-7763fda3b98e/userFiles-5ed7ed10-908e-43bd-94c9-e30ec3100fb1/fetchFileTemp12453098990283439582.tmp
[2025-08-18 09:16:19,926] {subprocess.py:92} INFO - 25/08/18 09:16:19 INFO Utils: /tmp/spark-a8efcbce-3ca7-4bc9-8cae-7763fda3b98e/userFiles-5ed7ed10-908e-43bd-94c9-e30ec3100fb1/fetchFileTemp12453098990283439582.tmp has been previously copied to /tmp/spark-a8efcbce-3ca7-4bc9-8cae-7763fda3b98e/userFiles-5ed7ed10-908e-43bd-94c9-e30ec3100fb1/org.apache.hadoop_hadoop-client-runtime-3.3.2.jar
[2025-08-18 09:16:19,932] {subprocess.py:92} INFO - 25/08/18 09:16:19 INFO Executor: Adding file:/tmp/spark-a8efcbce-3ca7-4bc9-8cae-7763fda3b98e/userFiles-5ed7ed10-908e-43bd-94c9-e30ec3100fb1/org.apache.hadoop_hadoop-client-runtime-3.3.2.jar to class loader
[2025-08-18 09:16:19,932] {subprocess.py:92} INFO - 25/08/18 09:16:19 INFO Executor: Fetching spark://a4b544519f2b:46589/jars/org.apache.commons_commons-pool2-2.11.1.jar with timestamp 1755508578614
[2025-08-18 09:16:19,932] {subprocess.py:92} INFO - 25/08/18 09:16:19 INFO Utils: Fetching spark://a4b544519f2b:46589/jars/org.apache.commons_commons-pool2-2.11.1.jar to /tmp/spark-a8efcbce-3ca7-4bc9-8cae-7763fda3b98e/userFiles-5ed7ed10-908e-43bd-94c9-e30ec3100fb1/fetchFileTemp8193578758602961394.tmp
[2025-08-18 09:16:19,933] {subprocess.py:92} INFO - 25/08/18 09:16:19 INFO Utils: /tmp/spark-a8efcbce-3ca7-4bc9-8cae-7763fda3b98e/userFiles-5ed7ed10-908e-43bd-94c9-e30ec3100fb1/fetchFileTemp8193578758602961394.tmp has been previously copied to /tmp/spark-a8efcbce-3ca7-4bc9-8cae-7763fda3b98e/userFiles-5ed7ed10-908e-43bd-94c9-e30ec3100fb1/org.apache.commons_commons-pool2-2.11.1.jar
[2025-08-18 09:16:19,937] {subprocess.py:92} INFO - 25/08/18 09:16:19 INFO Executor: Adding file:/tmp/spark-a8efcbce-3ca7-4bc9-8cae-7763fda3b98e/userFiles-5ed7ed10-908e-43bd-94c9-e30ec3100fb1/org.apache.commons_commons-pool2-2.11.1.jar to class loader
[2025-08-18 09:16:19,937] {subprocess.py:92} INFO - 25/08/18 09:16:19 INFO Executor: Fetching spark://a4b544519f2b:46589/jars/org.slf4j_slf4j-api-1.7.32.jar with timestamp 1755508578614
[2025-08-18 09:16:19,937] {subprocess.py:92} INFO - 25/08/18 09:16:19 INFO Utils: Fetching spark://a4b544519f2b:46589/jars/org.slf4j_slf4j-api-1.7.32.jar to /tmp/spark-a8efcbce-3ca7-4bc9-8cae-7763fda3b98e/userFiles-5ed7ed10-908e-43bd-94c9-e30ec3100fb1/fetchFileTemp6238724807673484416.tmp
[2025-08-18 09:16:19,938] {subprocess.py:92} INFO - 25/08/18 09:16:19 INFO Utils: /tmp/spark-a8efcbce-3ca7-4bc9-8cae-7763fda3b98e/userFiles-5ed7ed10-908e-43bd-94c9-e30ec3100fb1/fetchFileTemp6238724807673484416.tmp has been previously copied to /tmp/spark-a8efcbce-3ca7-4bc9-8cae-7763fda3b98e/userFiles-5ed7ed10-908e-43bd-94c9-e30ec3100fb1/org.slf4j_slf4j-api-1.7.32.jar
[2025-08-18 09:16:19,940] {subprocess.py:92} INFO - 25/08/18 09:16:19 INFO Executor: Adding file:/tmp/spark-a8efcbce-3ca7-4bc9-8cae-7763fda3b98e/userFiles-5ed7ed10-908e-43bd-94c9-e30ec3100fb1/org.slf4j_slf4j-api-1.7.32.jar to class loader
[2025-08-18 09:16:19,941] {subprocess.py:92} INFO - 25/08/18 09:16:19 INFO Executor: Fetching spark://a4b544519f2b:46589/jars/org.lz4_lz4-java-1.8.0.jar with timestamp 1755508578614
[2025-08-18 09:16:19,941] {subprocess.py:92} INFO - 25/08/18 09:16:19 INFO Utils: Fetching spark://a4b544519f2b:46589/jars/org.lz4_lz4-java-1.8.0.jar to /tmp/spark-a8efcbce-3ca7-4bc9-8cae-7763fda3b98e/userFiles-5ed7ed10-908e-43bd-94c9-e30ec3100fb1/fetchFileTemp18365558439386784557.tmp
[2025-08-18 09:16:19,945] {subprocess.py:92} INFO - 25/08/18 09:16:19 INFO Utils: /tmp/spark-a8efcbce-3ca7-4bc9-8cae-7763fda3b98e/userFiles-5ed7ed10-908e-43bd-94c9-e30ec3100fb1/fetchFileTemp18365558439386784557.tmp has been previously copied to /tmp/spark-a8efcbce-3ca7-4bc9-8cae-7763fda3b98e/userFiles-5ed7ed10-908e-43bd-94c9-e30ec3100fb1/org.lz4_lz4-java-1.8.0.jar
[2025-08-18 09:16:19,950] {subprocess.py:92} INFO - 25/08/18 09:16:19 INFO Executor: Adding file:/tmp/spark-a8efcbce-3ca7-4bc9-8cae-7763fda3b98e/userFiles-5ed7ed10-908e-43bd-94c9-e30ec3100fb1/org.lz4_lz4-java-1.8.0.jar to class loader
[2025-08-18 09:16:19,950] {subprocess.py:92} INFO - 25/08/18 09:16:19 INFO Executor: Fetching spark://a4b544519f2b:46589/jars/com.google.code.findbugs_jsr305-3.0.0.jar with timestamp 1755508578614
[2025-08-18 09:16:19,951] {subprocess.py:92} INFO - 25/08/18 09:16:19 INFO Utils: Fetching spark://a4b544519f2b:46589/jars/com.google.code.findbugs_jsr305-3.0.0.jar to /tmp/spark-a8efcbce-3ca7-4bc9-8cae-7763fda3b98e/userFiles-5ed7ed10-908e-43bd-94c9-e30ec3100fb1/fetchFileTemp1301489765844704771.tmp
[2025-08-18 09:16:19,953] {subprocess.py:92} INFO - 25/08/18 09:16:19 INFO Utils: /tmp/spark-a8efcbce-3ca7-4bc9-8cae-7763fda3b98e/userFiles-5ed7ed10-908e-43bd-94c9-e30ec3100fb1/fetchFileTemp1301489765844704771.tmp has been previously copied to /tmp/spark-a8efcbce-3ca7-4bc9-8cae-7763fda3b98e/userFiles-5ed7ed10-908e-43bd-94c9-e30ec3100fb1/com.google.code.findbugs_jsr305-3.0.0.jar
[2025-08-18 09:16:19,958] {subprocess.py:92} INFO - 25/08/18 09:16:19 INFO Executor: Adding file:/tmp/spark-a8efcbce-3ca7-4bc9-8cae-7763fda3b98e/userFiles-5ed7ed10-908e-43bd-94c9-e30ec3100fb1/com.google.code.findbugs_jsr305-3.0.0.jar to class loader
[2025-08-18 09:16:19,959] {subprocess.py:92} INFO - 25/08/18 09:16:19 INFO Executor: Fetching spark://a4b544519f2b:46589/jars/org.apache.hadoop_hadoop-client-api-3.3.2.jar with timestamp 1755508578614
[2025-08-18 09:16:19,959] {subprocess.py:92} INFO - 25/08/18 09:16:19 INFO Utils: Fetching spark://a4b544519f2b:46589/jars/org.apache.hadoop_hadoop-client-api-3.3.2.jar to /tmp/spark-a8efcbce-3ca7-4bc9-8cae-7763fda3b98e/userFiles-5ed7ed10-908e-43bd-94c9-e30ec3100fb1/fetchFileTemp5495802083337231368.tmp
[2025-08-18 09:16:20,022] {subprocess.py:92} INFO - 25/08/18 09:16:20 INFO Utils: /tmp/spark-a8efcbce-3ca7-4bc9-8cae-7763fda3b98e/userFiles-5ed7ed10-908e-43bd-94c9-e30ec3100fb1/fetchFileTemp5495802083337231368.tmp has been previously copied to /tmp/spark-a8efcbce-3ca7-4bc9-8cae-7763fda3b98e/userFiles-5ed7ed10-908e-43bd-94c9-e30ec3100fb1/org.apache.hadoop_hadoop-client-api-3.3.2.jar
[2025-08-18 09:16:20,027] {subprocess.py:92} INFO - 25/08/18 09:16:20 INFO Executor: Adding file:/tmp/spark-a8efcbce-3ca7-4bc9-8cae-7763fda3b98e/userFiles-5ed7ed10-908e-43bd-94c9-e30ec3100fb1/org.apache.hadoop_hadoop-client-api-3.3.2.jar to class loader
[2025-08-18 09:16:20,028] {subprocess.py:92} INFO - 25/08/18 09:16:20 INFO Executor: Fetching spark://a4b544519f2b:46589/jars/org.apache.kafka_kafka-clients-2.8.1.jar with timestamp 1755508578614
[2025-08-18 09:16:20,028] {subprocess.py:92} INFO - 25/08/18 09:16:20 INFO Utils: Fetching spark://a4b544519f2b:46589/jars/org.apache.kafka_kafka-clients-2.8.1.jar to /tmp/spark-a8efcbce-3ca7-4bc9-8cae-7763fda3b98e/userFiles-5ed7ed10-908e-43bd-94c9-e30ec3100fb1/fetchFileTemp17662745512611219967.tmp
[2025-08-18 09:16:20,042] {subprocess.py:92} INFO - 25/08/18 09:16:20 INFO Utils: /tmp/spark-a8efcbce-3ca7-4bc9-8cae-7763fda3b98e/userFiles-5ed7ed10-908e-43bd-94c9-e30ec3100fb1/fetchFileTemp17662745512611219967.tmp has been previously copied to /tmp/spark-a8efcbce-3ca7-4bc9-8cae-7763fda3b98e/userFiles-5ed7ed10-908e-43bd-94c9-e30ec3100fb1/org.apache.kafka_kafka-clients-2.8.1.jar
[2025-08-18 09:16:20,047] {subprocess.py:92} INFO - 25/08/18 09:16:20 INFO Executor: Adding file:/tmp/spark-a8efcbce-3ca7-4bc9-8cae-7763fda3b98e/userFiles-5ed7ed10-908e-43bd-94c9-e30ec3100fb1/org.apache.kafka_kafka-clients-2.8.1.jar to class loader
[2025-08-18 09:16:20,047] {subprocess.py:92} INFO - 25/08/18 09:16:20 INFO Executor: Fetching spark://a4b544519f2b:46589/jars/org.xerial.snappy_snappy-java-1.1.8.4.jar with timestamp 1755508578614
[2025-08-18 09:16:20,048] {subprocess.py:92} INFO - 25/08/18 09:16:20 INFO Utils: Fetching spark://a4b544519f2b:46589/jars/org.xerial.snappy_snappy-java-1.1.8.4.jar to /tmp/spark-a8efcbce-3ca7-4bc9-8cae-7763fda3b98e/userFiles-5ed7ed10-908e-43bd-94c9-e30ec3100fb1/fetchFileTemp2321110517928400684.tmp
[2025-08-18 09:16:20,052] {subprocess.py:92} INFO - 25/08/18 09:16:20 INFO Utils: /tmp/spark-a8efcbce-3ca7-4bc9-8cae-7763fda3b98e/userFiles-5ed7ed10-908e-43bd-94c9-e30ec3100fb1/fetchFileTemp2321110517928400684.tmp has been previously copied to /tmp/spark-a8efcbce-3ca7-4bc9-8cae-7763fda3b98e/userFiles-5ed7ed10-908e-43bd-94c9-e30ec3100fb1/org.xerial.snappy_snappy-java-1.1.8.4.jar
[2025-08-18 09:16:20,056] {subprocess.py:92} INFO - 25/08/18 09:16:20 INFO Executor: Adding file:/tmp/spark-a8efcbce-3ca7-4bc9-8cae-7763fda3b98e/userFiles-5ed7ed10-908e-43bd-94c9-e30ec3100fb1/org.xerial.snappy_snappy-java-1.1.8.4.jar to class loader
[2025-08-18 09:16:20,056] {subprocess.py:92} INFO - 25/08/18 09:16:20 INFO Executor: Fetching spark://a4b544519f2b:46589/jars/org.apache.spark_spark-sql-kafka-0-10_2.12-3.3.1.jar with timestamp 1755508578614
[2025-08-18 09:16:20,057] {subprocess.py:92} INFO - 25/08/18 09:16:20 INFO Utils: Fetching spark://a4b544519f2b:46589/jars/org.apache.spark_spark-sql-kafka-0-10_2.12-3.3.1.jar to /tmp/spark-a8efcbce-3ca7-4bc9-8cae-7763fda3b98e/userFiles-5ed7ed10-908e-43bd-94c9-e30ec3100fb1/fetchFileTemp15670910621739296279.tmp
[2025-08-18 09:16:20,059] {subprocess.py:92} INFO - 25/08/18 09:16:20 INFO Utils: /tmp/spark-a8efcbce-3ca7-4bc9-8cae-7763fda3b98e/userFiles-5ed7ed10-908e-43bd-94c9-e30ec3100fb1/fetchFileTemp15670910621739296279.tmp has been previously copied to /tmp/spark-a8efcbce-3ca7-4bc9-8cae-7763fda3b98e/userFiles-5ed7ed10-908e-43bd-94c9-e30ec3100fb1/org.apache.spark_spark-sql-kafka-0-10_2.12-3.3.1.jar
[2025-08-18 09:16:20,063] {subprocess.py:92} INFO - 25/08/18 09:16:20 INFO Executor: Adding file:/tmp/spark-a8efcbce-3ca7-4bc9-8cae-7763fda3b98e/userFiles-5ed7ed10-908e-43bd-94c9-e30ec3100fb1/org.apache.spark_spark-sql-kafka-0-10_2.12-3.3.1.jar to class loader
[2025-08-18 09:16:20,063] {subprocess.py:92} INFO - 25/08/18 09:16:20 INFO Executor: Fetching spark://a4b544519f2b:46589/jars/org.apache.spark_spark-token-provider-kafka-0-10_2.12-3.3.1.jar with timestamp 1755508578614
[2025-08-18 09:16:20,064] {subprocess.py:92} INFO - 25/08/18 09:16:20 INFO Utils: Fetching spark://a4b544519f2b:46589/jars/org.apache.spark_spark-token-provider-kafka-0-10_2.12-3.3.1.jar to /tmp/spark-a8efcbce-3ca7-4bc9-8cae-7763fda3b98e/userFiles-5ed7ed10-908e-43bd-94c9-e30ec3100fb1/fetchFileTemp17121634470668623156.tmp
[2025-08-18 09:16:20,065] {subprocess.py:92} INFO - 25/08/18 09:16:20 INFO Utils: /tmp/spark-a8efcbce-3ca7-4bc9-8cae-7763fda3b98e/userFiles-5ed7ed10-908e-43bd-94c9-e30ec3100fb1/fetchFileTemp17121634470668623156.tmp has been previously copied to /tmp/spark-a8efcbce-3ca7-4bc9-8cae-7763fda3b98e/userFiles-5ed7ed10-908e-43bd-94c9-e30ec3100fb1/org.apache.spark_spark-token-provider-kafka-0-10_2.12-3.3.1.jar
[2025-08-18 09:16:20,068] {subprocess.py:92} INFO - 25/08/18 09:16:20 INFO Executor: Adding file:/tmp/spark-a8efcbce-3ca7-4bc9-8cae-7763fda3b98e/userFiles-5ed7ed10-908e-43bd-94c9-e30ec3100fb1/org.apache.spark_spark-token-provider-kafka-0-10_2.12-3.3.1.jar to class loader
[2025-08-18 09:16:20,076] {subprocess.py:92} INFO - 25/08/18 09:16:20 INFO Utils: Successfully started service 'org.apache.spark.network.netty.NettyBlockTransferService' on port 36341.
[2025-08-18 09:16:20,076] {subprocess.py:92} INFO - 25/08/18 09:16:20 INFO NettyBlockTransferService: Server created on a4b544519f2b:36341
[2025-08-18 09:16:20,078] {subprocess.py:92} INFO - 25/08/18 09:16:20 INFO BlockManager: Using org.apache.spark.storage.RandomBlockReplicationPolicy for block replication policy
[2025-08-18 09:16:20,083] {subprocess.py:92} INFO - 25/08/18 09:16:20 INFO BlockManagerMaster: Registering BlockManager BlockManagerId(driver, a4b544519f2b, 36341, None)
[2025-08-18 09:16:20,087] {subprocess.py:92} INFO - 25/08/18 09:16:20 INFO BlockManagerMasterEndpoint: Registering block manager a4b544519f2b:36341 with 434.4 MiB RAM, BlockManagerId(driver, a4b544519f2b, 36341, None)
[2025-08-18 09:16:20,090] {subprocess.py:92} INFO - 25/08/18 09:16:20 INFO BlockManagerMaster: Registered BlockManager BlockManagerId(driver, a4b544519f2b, 36341, None)
[2025-08-18 09:16:20,090] {subprocess.py:92} INFO - 25/08/18 09:16:20 INFO BlockManager: Initialized BlockManager: BlockManagerId(driver, a4b544519f2b, 36341, None)
[2025-08-18 09:16:20,450] {subprocess.py:92} INFO - Connexion à Kafka...
[2025-08-18 09:16:22,255] {subprocess.py:92} INFO - Connexion Kafka réussie (kafka:9092)
[2025-08-18 09:16:22,255] {subprocess.py:92} INFO - Transformation des données JSON...
[2025-08-18 09:16:22,526] {subprocess.py:92} INFO - Démarrage du streaming vers HDFS...
[2025-08-18 09:16:23,593] {subprocess.py:92} INFO - Streaming actif - Données météo sauvegardées dans HDFS:/data/weather
[2025-08-18 10:41:57,780] {local_task_job.py:221} WARNING - State of this instance has been externally set to up_for_retry. Terminating instance.
[2025-08-18 10:41:57,797] {process_utils.py:129} INFO - Sending Signals.SIGTERM to group 519. PIDs of all processes in the group: [520, 568, 519]
[2025-08-18 10:41:57,798] {process_utils.py:80} INFO - Sending the signal Signals.SIGTERM to group 519
[2025-08-18 10:41:57,811] {taskinstance.py:1541} ERROR - Received SIGTERM. Terminating subprocesses.
[2025-08-18 10:41:57,824] {subprocess.py:103} INFO - Sending SIGTERM signal to process group
[2025-08-18 10:41:57,853] {process_utils.py:75} INFO - Process psutil.Process(pid=568, status='terminated', started='09:16:17') (568) terminated with exit code None
[2025-08-18 10:41:57,984] {taskinstance.py:1889} ERROR - Task failed with exception
Traceback (most recent call last):
  File "/home/airflow/.local/lib/python3.7/site-packages/airflow/operators/bash.py", line 189, in execute
    cwd=self.cwd,
  File "/home/airflow/.local/lib/python3.7/site-packages/airflow/hooks/subprocess.py", line 90, in run_command
    for raw_line in iter(self.sub_process.stdout.readline, b''):
  File "/home/airflow/.local/lib/python3.7/site-packages/airflow/models/taskinstance.py", line 1543, in signal_handler
    raise AirflowException("Task received SIGTERM signal")
airflow.exceptions.AirflowException: Task received SIGTERM signal
[2025-08-18 10:41:58,006] {taskinstance.py:1400} INFO - Marking task as FAILED. dag_id=send_weather_to_kafka, task_id=stream_hdfs, execution_date=20250818T071537, start_date=20250818T091615, end_date=20250818T104157
[2025-08-18 10:41:58,056] {standard_task_runner.py:97} ERROR - Failed to execute job 271 for task stream_hdfs (Task received SIGTERM signal; 519)
[2025-08-18 10:41:58,067] {process_utils.py:75} INFO - Process psutil.Process(pid=519, status='terminated', exitcode=1, started='09:16:15') (519) terminated with exit code 1
[2025-08-18 10:41:58,068] {process_utils.py:75} INFO - Process psutil.Process(pid=520, status='terminated', started='09:16:15') (520) terminated with exit code None
