[2025-09-01 13:07:39,794] {taskinstance.py:1159} INFO - Dependencies all met for <TaskInstance: send_weather_to_kafka.stream_hdfs scheduled__2025-09-01T12:37:01.644836+00:00 [queued]>
[2025-09-01 13:07:39,805] {taskinstance.py:1159} INFO - Dependencies all met for <TaskInstance: send_weather_to_kafka.stream_hdfs scheduled__2025-09-01T12:37:01.644836+00:00 [queued]>
[2025-09-01 13:07:39,805] {taskinstance.py:1356} INFO - 
--------------------------------------------------------------------------------
[2025-09-01 13:07:39,805] {taskinstance.py:1357} INFO - Starting attempt 1 of 2
[2025-09-01 13:07:39,805] {taskinstance.py:1358} INFO - 
--------------------------------------------------------------------------------
[2025-09-01 13:07:39,821] {taskinstance.py:1377} INFO - Executing <Task(BashOperator): stream_hdfs> on 2025-09-01 12:37:01.644836+00:00
[2025-09-01 13:07:39,826] {standard_task_runner.py:52} INFO - Started process 18491 to run task
[2025-09-01 13:07:39,830] {standard_task_runner.py:79} INFO - Running: ['***', 'tasks', 'run', 'send_weather_to_kafka', 'stream_hdfs', 'scheduled__2025-09-01T12:37:01.644836+00:00', '--job-id', '557', '--raw', '--subdir', 'DAGS_FOLDER/dag_meteo.py', '--cfg-path', '/tmp/tmpww1bf3lh', '--error-file', '/tmp/tmph_j6otsh']
[2025-09-01 13:07:39,832] {standard_task_runner.py:80} INFO - Job 557: Subtask stream_hdfs
[2025-09-01 13:07:39,850] {logging_mixin.py:115} WARNING - /home/***/.local/lib/python3.7/site-packages/***/configuration.py:470 DeprecationWarning: The sql_alchemy_conn option in [core] has been moved to the sql_alchemy_conn option in [database] - the old setting has been used, but please update your config.
[2025-09-01 13:07:39,902] {task_command.py:369} INFO - Running <TaskInstance: send_weather_to_kafka.stream_hdfs scheduled__2025-09-01T12:37:01.644836+00:00 [running]> on host e66737cfc193
[2025-09-01 13:07:40,002] {taskinstance.py:1571} INFO - Exporting the following env vars:
AIRFLOW_CTX_DAG_OWNER=***
AIRFLOW_CTX_DAG_ID=send_weather_to_kafka
AIRFLOW_CTX_TASK_ID=stream_hdfs
AIRFLOW_CTX_EXECUTION_DATE=2025-09-01T12:37:01.644836+00:00
AIRFLOW_CTX_TRY_NUMBER=1
AIRFLOW_CTX_DAG_RUN_ID=scheduled__2025-09-01T12:37:01.644836+00:00
[2025-09-01 13:07:40,003] {subprocess.py:62} INFO - Tmp dir root location: 
 /tmp
[2025-09-01 13:07:40,004] {subprocess.py:74} INFO - Running command: ['bash', '-c', '\n/home/***/.local/bin/spark-submit   --master local[*]   --conf spark.hadoop.fs.defaultFS=hdfs://namenode:9000   --conf spark.hadoop.dfs.client.use.datanode.hostname=true   --conf spark.sql.adaptive.enabled=false   --packages org.apache.spark:spark-sql-kafka-0-10_2.12:3.3.1   /opt/***/scripts/pyspark/streaming.py']
[2025-09-01 13:07:40,017] {subprocess.py:85} INFO - Output:
[2025-09-01 13:07:40,032] {subprocess.py:92} INFO - /opt/spark-3.3.1-bin-hadoop3/bin/load-spark-env.sh: line 68: ps: command not found
[2025-09-01 13:07:42,048] {subprocess.py:92} INFO - :: loading settings :: url = jar:file:/opt/spark-3.3.1-bin-hadoop3/jars/ivy-2.5.0.jar!/org/apache/ivy/core/settings/ivysettings.xml
[2025-09-01 13:07:42,178] {subprocess.py:92} INFO - Ivy Default Cache set to: /home/***/.ivy2/cache
[2025-09-01 13:07:42,179] {subprocess.py:92} INFO - The jars for the packages stored in: /home/***/.ivy2/jars
[2025-09-01 13:07:42,184] {subprocess.py:92} INFO - org.apache.spark#spark-sql-kafka-0-10_2.12 added as a dependency
[2025-09-01 13:07:42,186] {subprocess.py:92} INFO - :: resolving dependencies :: org.apache.spark#spark-submit-parent-6ee4f3e7-31c6-438a-a2d7-47c0f1d2750d;1.0
[2025-09-01 13:07:42,186] {subprocess.py:92} INFO - 	confs: [default]
[2025-09-01 13:07:42,342] {subprocess.py:92} INFO - 	found org.apache.spark#spark-sql-kafka-0-10_2.12;3.3.1 in spark-list
[2025-09-01 13:07:42,395] {subprocess.py:92} INFO - 	found org.apache.spark#spark-token-provider-kafka-0-10_2.12;3.3.1 in central
[2025-09-01 13:07:42,423] {subprocess.py:92} INFO - 	found org.apache.kafka#kafka-clients;2.8.1 in central
[2025-09-01 13:07:42,451] {subprocess.py:92} INFO - 	found org.lz4#lz4-java;1.8.0 in central
[2025-09-01 13:07:42,475] {subprocess.py:92} INFO - 	found org.xerial.snappy#snappy-java;1.1.8.4 in central
[2025-09-01 13:07:42,498] {subprocess.py:92} INFO - 	found org.slf4j#slf4j-api;1.7.32 in central
[2025-09-01 13:07:42,526] {subprocess.py:92} INFO - 	found org.apache.hadoop#hadoop-client-runtime;3.3.2 in central
[2025-09-01 13:07:42,544] {subprocess.py:92} INFO - 	found org.spark-project.spark#unused;1.0.0 in central
[2025-09-01 13:07:42,574] {subprocess.py:92} INFO - 	found org.apache.hadoop#hadoop-client-api;3.3.2 in central
[2025-09-01 13:07:42,595] {subprocess.py:92} INFO - 	found commons-logging#commons-logging;1.1.3 in central
[2025-09-01 13:07:42,609] {subprocess.py:92} INFO - 	found com.google.code.findbugs#jsr305;3.0.0 in central
[2025-09-01 13:07:42,622] {subprocess.py:92} INFO - 	found org.apache.commons#commons-pool2;2.11.1 in central
[2025-09-01 13:07:42,675] {subprocess.py:92} INFO - :: resolution report :: resolve 462ms :: artifacts dl 28ms
[2025-09-01 13:07:42,676] {subprocess.py:92} INFO - 	:: modules in use:
[2025-09-01 13:07:42,676] {subprocess.py:92} INFO - 	com.google.code.findbugs#jsr305;3.0.0 from central in [default]
[2025-09-01 13:07:42,676] {subprocess.py:92} INFO - 	commons-logging#commons-logging;1.1.3 from central in [default]
[2025-09-01 13:07:42,676] {subprocess.py:92} INFO - 	org.apache.commons#commons-pool2;2.11.1 from central in [default]
[2025-09-01 13:07:42,676] {subprocess.py:92} INFO - 	org.apache.hadoop#hadoop-client-api;3.3.2 from central in [default]
[2025-09-01 13:07:42,676] {subprocess.py:92} INFO - 	org.apache.hadoop#hadoop-client-runtime;3.3.2 from central in [default]
[2025-09-01 13:07:42,676] {subprocess.py:92} INFO - 	org.apache.kafka#kafka-clients;2.8.1 from central in [default]
[2025-09-01 13:07:42,676] {subprocess.py:92} INFO - 	org.apache.spark#spark-sql-kafka-0-10_2.12;3.3.1 from spark-list in [default]
[2025-09-01 13:07:42,677] {subprocess.py:92} INFO - 	org.apache.spark#spark-token-provider-kafka-0-10_2.12;3.3.1 from central in [default]
[2025-09-01 13:07:42,677] {subprocess.py:92} INFO - 	org.lz4#lz4-java;1.8.0 from central in [default]
[2025-09-01 13:07:42,677] {subprocess.py:92} INFO - 	org.slf4j#slf4j-api;1.7.32 from central in [default]
[2025-09-01 13:07:42,677] {subprocess.py:92} INFO - 	org.spark-project.spark#unused;1.0.0 from central in [default]
[2025-09-01 13:07:42,677] {subprocess.py:92} INFO - 	org.xerial.snappy#snappy-java;1.1.8.4 from central in [default]
[2025-09-01 13:07:42,677] {subprocess.py:92} INFO - 	---------------------------------------------------------------------
[2025-09-01 13:07:42,677] {subprocess.py:92} INFO - 	|                  |            modules            ||   artifacts   |
[2025-09-01 13:07:42,677] {subprocess.py:92} INFO - 	|       conf       | number| search|dwnlded|evicted|| number|dwnlded|
[2025-09-01 13:07:42,677] {subprocess.py:92} INFO - 	---------------------------------------------------------------------
[2025-09-01 13:07:42,677] {subprocess.py:92} INFO - 	|      default     |   12  |   0   |   0   |   0   ||   12  |   0   |
[2025-09-01 13:07:42,678] {subprocess.py:92} INFO - 	---------------------------------------------------------------------
[2025-09-01 13:07:42,690] {subprocess.py:92} INFO - :: retrieving :: org.apache.spark#spark-submit-parent-6ee4f3e7-31c6-438a-a2d7-47c0f1d2750d
[2025-09-01 13:07:42,690] {subprocess.py:92} INFO - 	confs: [default]
[2025-09-01 13:07:42,706] {subprocess.py:92} INFO - 	0 artifacts copied, 12 already retrieved (0kB/17ms)
[2025-09-01 13:07:42,966] {subprocess.py:92} INFO - 25/09/01 13:07:42 WARN NativeCodeLoader: Unable to load native-hadoop library for your platform... using builtin-java classes where applicable
[2025-09-01 13:07:44,195] {subprocess.py:92} INFO - 25/09/01 13:07:44 INFO SparkContext: Running Spark version 3.3.1
[2025-09-01 13:07:44,220] {subprocess.py:92} INFO - 25/09/01 13:07:44 INFO ResourceUtils: ==============================================================
[2025-09-01 13:07:44,221] {subprocess.py:92} INFO - 25/09/01 13:07:44 INFO ResourceUtils: No custom resources configured for spark.driver.
[2025-09-01 13:07:44,221] {subprocess.py:92} INFO - 25/09/01 13:07:44 INFO ResourceUtils: ==============================================================
[2025-09-01 13:07:44,221] {subprocess.py:92} INFO - 25/09/01 13:07:44 INFO SparkContext: Submitted application: KafkaToHDFSWeather
[2025-09-01 13:07:44,245] {subprocess.py:92} INFO - 25/09/01 13:07:44 INFO ResourceProfile: Default ResourceProfile created, executor resources: Map(cores -> name: cores, amount: 1, script: , vendor: , memory -> name: memory, amount: 1024, script: , vendor: , offHeap -> name: offHeap, amount: 0, script: , vendor: ), task resources: Map(cpus -> name: cpus, amount: 1.0)
[2025-09-01 13:07:44,257] {subprocess.py:92} INFO - 25/09/01 13:07:44 INFO ResourceProfile: Limiting resource is cpu
[2025-09-01 13:07:44,257] {subprocess.py:92} INFO - 25/09/01 13:07:44 INFO ResourceProfileManager: Added ResourceProfile id: 0
[2025-09-01 13:07:44,319] {subprocess.py:92} INFO - 25/09/01 13:07:44 INFO SecurityManager: Changing view acls to: ***
[2025-09-01 13:07:44,319] {subprocess.py:92} INFO - 25/09/01 13:07:44 INFO SecurityManager: Changing modify acls to: ***
[2025-09-01 13:07:44,319] {subprocess.py:92} INFO - 25/09/01 13:07:44 INFO SecurityManager: Changing view acls groups to:
[2025-09-01 13:07:44,320] {subprocess.py:92} INFO - 25/09/01 13:07:44 INFO SecurityManager: Changing modify acls groups to:
[2025-09-01 13:07:44,320] {subprocess.py:92} INFO - 25/09/01 13:07:44 INFO SecurityManager: SecurityManager: authentication disabled; ui acls disabled; users  with view permissions: Set(***); groups with view permissions: Set(); users  with modify permissions: Set(***); groups with modify permissions: Set()
[2025-09-01 13:07:44,661] {subprocess.py:92} INFO - 25/09/01 13:07:44 INFO Utils: Successfully started service 'sparkDriver' on port 41555.
[2025-09-01 13:07:44,701] {subprocess.py:92} INFO - 25/09/01 13:07:44 INFO SparkEnv: Registering MapOutputTracker
[2025-09-01 13:07:44,740] {subprocess.py:92} INFO - 25/09/01 13:07:44 INFO SparkEnv: Registering BlockManagerMaster
[2025-09-01 13:07:44,760] {subprocess.py:92} INFO - 25/09/01 13:07:44 INFO BlockManagerMasterEndpoint: Using org.apache.spark.storage.DefaultTopologyMapper for getting topology information
[2025-09-01 13:07:44,760] {subprocess.py:92} INFO - 25/09/01 13:07:44 INFO BlockManagerMasterEndpoint: BlockManagerMasterEndpoint up
[2025-09-01 13:07:44,765] {subprocess.py:92} INFO - 25/09/01 13:07:44 INFO SparkEnv: Registering BlockManagerMasterHeartbeat
[2025-09-01 13:07:44,789] {subprocess.py:92} INFO - 25/09/01 13:07:44 INFO DiskBlockManager: Created local directory at /tmp/blockmgr-12d3503c-370c-4034-ae52-0ae957fd5223
[2025-09-01 13:07:44,807] {subprocess.py:92} INFO - 25/09/01 13:07:44 INFO MemoryStore: MemoryStore started with capacity 434.4 MiB
[2025-09-01 13:07:44,824] {subprocess.py:92} INFO - 25/09/01 13:07:44 INFO SparkEnv: Registering OutputCommitCoordinator
[2025-09-01 13:07:45,061] {subprocess.py:92} INFO - 25/09/01 13:07:45 WARN Utils: Service 'SparkUI' could not bind on port 4040. Attempting port 4041.
[2025-09-01 13:07:45,076] {subprocess.py:92} INFO - 25/09/01 13:07:45 INFO Utils: Successfully started service 'SparkUI' on port 4041.
[2025-09-01 13:07:45,157] {subprocess.py:92} INFO - 25/09/01 13:07:45 INFO SparkContext: Added JAR file:///home/***/.ivy2/jars/org.apache.spark_spark-sql-kafka-0-10_2.12-3.3.1.jar at spark://e66737cfc193:41555/jars/org.apache.spark_spark-sql-kafka-0-10_2.12-3.3.1.jar with timestamp 1756732064184
[2025-09-01 13:07:45,158] {subprocess.py:92} INFO - 25/09/01 13:07:45 INFO SparkContext: Added JAR file:///home/***/.ivy2/jars/org.apache.spark_spark-token-provider-kafka-0-10_2.12-3.3.1.jar at spark://e66737cfc193:41555/jars/org.apache.spark_spark-token-provider-kafka-0-10_2.12-3.3.1.jar with timestamp 1756732064184
[2025-09-01 13:07:45,158] {subprocess.py:92} INFO - 25/09/01 13:07:45 INFO SparkContext: Added JAR file:///home/***/.ivy2/jars/org.apache.kafka_kafka-clients-2.8.1.jar at spark://e66737cfc193:41555/jars/org.apache.kafka_kafka-clients-2.8.1.jar with timestamp 1756732064184
[2025-09-01 13:07:45,158] {subprocess.py:92} INFO - 25/09/01 13:07:45 INFO SparkContext: Added JAR file:///home/***/.ivy2/jars/com.google.code.findbugs_jsr305-3.0.0.jar at spark://e66737cfc193:41555/jars/com.google.code.findbugs_jsr305-3.0.0.jar with timestamp 1756732064184
[2025-09-01 13:07:45,159] {subprocess.py:92} INFO - 25/09/01 13:07:45 INFO SparkContext: Added JAR file:///home/***/.ivy2/jars/org.apache.commons_commons-pool2-2.11.1.jar at spark://e66737cfc193:41555/jars/org.apache.commons_commons-pool2-2.11.1.jar with timestamp 1756732064184
[2025-09-01 13:07:45,159] {subprocess.py:92} INFO - 25/09/01 13:07:45 INFO SparkContext: Added JAR file:///home/***/.ivy2/jars/org.spark-project.spark_unused-1.0.0.jar at spark://e66737cfc193:41555/jars/org.spark-project.spark_unused-1.0.0.jar with timestamp 1756732064184
[2025-09-01 13:07:45,159] {subprocess.py:92} INFO - 25/09/01 13:07:45 INFO SparkContext: Added JAR file:///home/***/.ivy2/jars/org.apache.hadoop_hadoop-client-runtime-3.3.2.jar at spark://e66737cfc193:41555/jars/org.apache.hadoop_hadoop-client-runtime-3.3.2.jar with timestamp 1756732064184
[2025-09-01 13:07:45,160] {subprocess.py:92} INFO - 25/09/01 13:07:45 INFO SparkContext: Added JAR file:///home/***/.ivy2/jars/org.lz4_lz4-java-1.8.0.jar at spark://e66737cfc193:41555/jars/org.lz4_lz4-java-1.8.0.jar with timestamp 1756732064184
[2025-09-01 13:07:45,160] {subprocess.py:92} INFO - 25/09/01 13:07:45 INFO SparkContext: Added JAR file:///home/***/.ivy2/jars/org.xerial.snappy_snappy-java-1.1.8.4.jar at spark://e66737cfc193:41555/jars/org.xerial.snappy_snappy-java-1.1.8.4.jar with timestamp 1756732064184
[2025-09-01 13:07:45,160] {subprocess.py:92} INFO - 25/09/01 13:07:45 INFO SparkContext: Added JAR file:///home/***/.ivy2/jars/org.slf4j_slf4j-api-1.7.32.jar at spark://e66737cfc193:41555/jars/org.slf4j_slf4j-api-1.7.32.jar with timestamp 1756732064184
[2025-09-01 13:07:45,161] {subprocess.py:92} INFO - 25/09/01 13:07:45 INFO SparkContext: Added JAR file:///home/***/.ivy2/jars/org.apache.hadoop_hadoop-client-api-3.3.2.jar at spark://e66737cfc193:41555/jars/org.apache.hadoop_hadoop-client-api-3.3.2.jar with timestamp 1756732064184
[2025-09-01 13:07:45,161] {subprocess.py:92} INFO - 25/09/01 13:07:45 INFO SparkContext: Added JAR file:///home/***/.ivy2/jars/commons-logging_commons-logging-1.1.3.jar at spark://e66737cfc193:41555/jars/commons-logging_commons-logging-1.1.3.jar with timestamp 1756732064184
[2025-09-01 13:07:45,166] {subprocess.py:92} INFO - 25/09/01 13:07:45 INFO SparkContext: Added file file:///home/***/.ivy2/jars/org.apache.spark_spark-sql-kafka-0-10_2.12-3.3.1.jar at file:///home/***/.ivy2/jars/org.apache.spark_spark-sql-kafka-0-10_2.12-3.3.1.jar with timestamp 1756732064184
[2025-09-01 13:07:45,167] {subprocess.py:92} INFO - 25/09/01 13:07:45 INFO Utils: Copying /home/***/.ivy2/jars/org.apache.spark_spark-sql-kafka-0-10_2.12-3.3.1.jar to /tmp/spark-090764c0-42c9-45fb-aeaa-460d89896040/userFiles-e47c3d2d-8a6e-4fa9-bfbf-72626fbf13c5/org.apache.spark_spark-sql-kafka-0-10_2.12-3.3.1.jar
[2025-09-01 13:07:45,183] {subprocess.py:92} INFO - 25/09/01 13:07:45 INFO SparkContext: Added file file:///home/***/.ivy2/jars/org.apache.spark_spark-token-provider-kafka-0-10_2.12-3.3.1.jar at file:///home/***/.ivy2/jars/org.apache.spark_spark-token-provider-kafka-0-10_2.12-3.3.1.jar with timestamp 1756732064184
[2025-09-01 13:07:45,183] {subprocess.py:92} INFO - 25/09/01 13:07:45 INFO Utils: Copying /home/***/.ivy2/jars/org.apache.spark_spark-token-provider-kafka-0-10_2.12-3.3.1.jar to /tmp/spark-090764c0-42c9-45fb-aeaa-460d89896040/userFiles-e47c3d2d-8a6e-4fa9-bfbf-72626fbf13c5/org.apache.spark_spark-token-provider-kafka-0-10_2.12-3.3.1.jar
[2025-09-01 13:07:45,190] {subprocess.py:92} INFO - 25/09/01 13:07:45 INFO SparkContext: Added file file:///home/***/.ivy2/jars/org.apache.kafka_kafka-clients-2.8.1.jar at file:///home/***/.ivy2/jars/org.apache.kafka_kafka-clients-2.8.1.jar with timestamp 1756732064184
[2025-09-01 13:07:45,190] {subprocess.py:92} INFO - 25/09/01 13:07:45 INFO Utils: Copying /home/***/.ivy2/jars/org.apache.kafka_kafka-clients-2.8.1.jar to /tmp/spark-090764c0-42c9-45fb-aeaa-460d89896040/userFiles-e47c3d2d-8a6e-4fa9-bfbf-72626fbf13c5/org.apache.kafka_kafka-clients-2.8.1.jar
[2025-09-01 13:07:45,206] {subprocess.py:92} INFO - 25/09/01 13:07:45 INFO SparkContext: Added file file:///home/***/.ivy2/jars/com.google.code.findbugs_jsr305-3.0.0.jar at file:///home/***/.ivy2/jars/com.google.code.findbugs_jsr305-3.0.0.jar with timestamp 1756732064184
[2025-09-01 13:07:45,206] {subprocess.py:92} INFO - 25/09/01 13:07:45 INFO Utils: Copying /home/***/.ivy2/jars/com.google.code.findbugs_jsr305-3.0.0.jar to /tmp/spark-090764c0-42c9-45fb-aeaa-460d89896040/userFiles-e47c3d2d-8a6e-4fa9-bfbf-72626fbf13c5/com.google.code.findbugs_jsr305-3.0.0.jar
[2025-09-01 13:07:45,213] {subprocess.py:92} INFO - 25/09/01 13:07:45 INFO SparkContext: Added file file:///home/***/.ivy2/jars/org.apache.commons_commons-pool2-2.11.1.jar at file:///home/***/.ivy2/jars/org.apache.commons_commons-pool2-2.11.1.jar with timestamp 1756732064184
[2025-09-01 13:07:45,214] {subprocess.py:92} INFO - 25/09/01 13:07:45 INFO Utils: Copying /home/***/.ivy2/jars/org.apache.commons_commons-pool2-2.11.1.jar to /tmp/spark-090764c0-42c9-45fb-aeaa-460d89896040/userFiles-e47c3d2d-8a6e-4fa9-bfbf-72626fbf13c5/org.apache.commons_commons-pool2-2.11.1.jar
[2025-09-01 13:07:45,219] {subprocess.py:92} INFO - 25/09/01 13:07:45 INFO SparkContext: Added file file:///home/***/.ivy2/jars/org.spark-project.spark_unused-1.0.0.jar at file:///home/***/.ivy2/jars/org.spark-project.spark_unused-1.0.0.jar with timestamp 1756732064184
[2025-09-01 13:07:45,219] {subprocess.py:92} INFO - 25/09/01 13:07:45 INFO Utils: Copying /home/***/.ivy2/jars/org.spark-project.spark_unused-1.0.0.jar to /tmp/spark-090764c0-42c9-45fb-aeaa-460d89896040/userFiles-e47c3d2d-8a6e-4fa9-bfbf-72626fbf13c5/org.spark-project.spark_unused-1.0.0.jar
[2025-09-01 13:07:45,224] {subprocess.py:92} INFO - 25/09/01 13:07:45 INFO SparkContext: Added file file:///home/***/.ivy2/jars/org.apache.hadoop_hadoop-client-runtime-3.3.2.jar at file:///home/***/.ivy2/jars/org.apache.hadoop_hadoop-client-runtime-3.3.2.jar with timestamp 1756732064184
[2025-09-01 13:07:45,224] {subprocess.py:92} INFO - 25/09/01 13:07:45 INFO Utils: Copying /home/***/.ivy2/jars/org.apache.hadoop_hadoop-client-runtime-3.3.2.jar to /tmp/spark-090764c0-42c9-45fb-aeaa-460d89896040/userFiles-e47c3d2d-8a6e-4fa9-bfbf-72626fbf13c5/org.apache.hadoop_hadoop-client-runtime-3.3.2.jar
[2025-09-01 13:07:45,258] {subprocess.py:92} INFO - 25/09/01 13:07:45 INFO SparkContext: Added file file:///home/***/.ivy2/jars/org.lz4_lz4-java-1.8.0.jar at file:///home/***/.ivy2/jars/org.lz4_lz4-java-1.8.0.jar with timestamp 1756732064184
[2025-09-01 13:07:45,258] {subprocess.py:92} INFO - 25/09/01 13:07:45 INFO Utils: Copying /home/***/.ivy2/jars/org.lz4_lz4-java-1.8.0.jar to /tmp/spark-090764c0-42c9-45fb-aeaa-460d89896040/userFiles-e47c3d2d-8a6e-4fa9-bfbf-72626fbf13c5/org.lz4_lz4-java-1.8.0.jar
[2025-09-01 13:07:45,264] {subprocess.py:92} INFO - 25/09/01 13:07:45 INFO SparkContext: Added file file:///home/***/.ivy2/jars/org.xerial.snappy_snappy-java-1.1.8.4.jar at file:///home/***/.ivy2/jars/org.xerial.snappy_snappy-java-1.1.8.4.jar with timestamp 1756732064184
[2025-09-01 13:07:45,264] {subprocess.py:92} INFO - 25/09/01 13:07:45 INFO Utils: Copying /home/***/.ivy2/jars/org.xerial.snappy_snappy-java-1.1.8.4.jar to /tmp/spark-090764c0-42c9-45fb-aeaa-460d89896040/userFiles-e47c3d2d-8a6e-4fa9-bfbf-72626fbf13c5/org.xerial.snappy_snappy-java-1.1.8.4.jar
[2025-09-01 13:07:45,273] {subprocess.py:92} INFO - 25/09/01 13:07:45 INFO SparkContext: Added file file:///home/***/.ivy2/jars/org.slf4j_slf4j-api-1.7.32.jar at file:///home/***/.ivy2/jars/org.slf4j_slf4j-api-1.7.32.jar with timestamp 1756732064184
[2025-09-01 13:07:45,274] {subprocess.py:92} INFO - 25/09/01 13:07:45 INFO Utils: Copying /home/***/.ivy2/jars/org.slf4j_slf4j-api-1.7.32.jar to /tmp/spark-090764c0-42c9-45fb-aeaa-460d89896040/userFiles-e47c3d2d-8a6e-4fa9-bfbf-72626fbf13c5/org.slf4j_slf4j-api-1.7.32.jar
[2025-09-01 13:07:45,280] {subprocess.py:92} INFO - 25/09/01 13:07:45 INFO SparkContext: Added file file:///home/***/.ivy2/jars/org.apache.hadoop_hadoop-client-api-3.3.2.jar at file:///home/***/.ivy2/jars/org.apache.hadoop_hadoop-client-api-3.3.2.jar with timestamp 1756732064184
[2025-09-01 13:07:45,280] {subprocess.py:92} INFO - 25/09/01 13:07:45 INFO Utils: Copying /home/***/.ivy2/jars/org.apache.hadoop_hadoop-client-api-3.3.2.jar to /tmp/spark-090764c0-42c9-45fb-aeaa-460d89896040/userFiles-e47c3d2d-8a6e-4fa9-bfbf-72626fbf13c5/org.apache.hadoop_hadoop-client-api-3.3.2.jar
[2025-09-01 13:07:45,302] {subprocess.py:92} INFO - 25/09/01 13:07:45 INFO SparkContext: Added file file:///home/***/.ivy2/jars/commons-logging_commons-logging-1.1.3.jar at file:///home/***/.ivy2/jars/commons-logging_commons-logging-1.1.3.jar with timestamp 1756732064184
[2025-09-01 13:07:45,303] {subprocess.py:92} INFO - 25/09/01 13:07:45 INFO Utils: Copying /home/***/.ivy2/jars/commons-logging_commons-logging-1.1.3.jar to /tmp/spark-090764c0-42c9-45fb-aeaa-460d89896040/userFiles-e47c3d2d-8a6e-4fa9-bfbf-72626fbf13c5/commons-logging_commons-logging-1.1.3.jar
[2025-09-01 13:07:45,384] {subprocess.py:92} INFO - 25/09/01 13:07:45 INFO Executor: Starting executor ID driver on host e66737cfc193
[2025-09-01 13:07:45,391] {subprocess.py:92} INFO - 25/09/01 13:07:45 INFO Executor: Starting executor with user classpath (userClassPathFirst = false): ''
[2025-09-01 13:07:45,407] {subprocess.py:92} INFO - 25/09/01 13:07:45 INFO Executor: Fetching file:///home/***/.ivy2/jars/commons-logging_commons-logging-1.1.3.jar with timestamp 1756732064184
[2025-09-01 13:07:45,437] {subprocess.py:92} INFO - 25/09/01 13:07:45 INFO Utils: /home/***/.ivy2/jars/commons-logging_commons-logging-1.1.3.jar has been previously copied to /tmp/spark-090764c0-42c9-45fb-aeaa-460d89896040/userFiles-e47c3d2d-8a6e-4fa9-bfbf-72626fbf13c5/commons-logging_commons-logging-1.1.3.jar
[2025-09-01 13:07:45,443] {subprocess.py:92} INFO - 25/09/01 13:07:45 INFO Executor: Fetching file:///home/***/.ivy2/jars/org.spark-project.spark_unused-1.0.0.jar with timestamp 1756732064184
[2025-09-01 13:07:45,444] {subprocess.py:92} INFO - 25/09/01 13:07:45 INFO Utils: /home/***/.ivy2/jars/org.spark-project.spark_unused-1.0.0.jar has been previously copied to /tmp/spark-090764c0-42c9-45fb-aeaa-460d89896040/userFiles-e47c3d2d-8a6e-4fa9-bfbf-72626fbf13c5/org.spark-project.spark_unused-1.0.0.jar
[2025-09-01 13:07:45,448] {subprocess.py:92} INFO - 25/09/01 13:07:45 INFO Executor: Fetching file:///home/***/.ivy2/jars/org.apache.spark_spark-sql-kafka-0-10_2.12-3.3.1.jar with timestamp 1756732064184
[2025-09-01 13:07:45,454] {subprocess.py:92} INFO - 25/09/01 13:07:45 INFO Utils: /home/***/.ivy2/jars/org.apache.spark_spark-sql-kafka-0-10_2.12-3.3.1.jar has been previously copied to /tmp/spark-090764c0-42c9-45fb-aeaa-460d89896040/userFiles-e47c3d2d-8a6e-4fa9-bfbf-72626fbf13c5/org.apache.spark_spark-sql-kafka-0-10_2.12-3.3.1.jar
[2025-09-01 13:07:45,457] {subprocess.py:92} INFO - 25/09/01 13:07:45 INFO Executor: Fetching file:///home/***/.ivy2/jars/org.apache.hadoop_hadoop-client-api-3.3.2.jar with timestamp 1756732064184
[2025-09-01 13:07:45,474] {subprocess.py:92} INFO - 25/09/01 13:07:45 INFO Utils: /home/***/.ivy2/jars/org.apache.hadoop_hadoop-client-api-3.3.2.jar has been previously copied to /tmp/spark-090764c0-42c9-45fb-aeaa-460d89896040/userFiles-e47c3d2d-8a6e-4fa9-bfbf-72626fbf13c5/org.apache.hadoop_hadoop-client-api-3.3.2.jar
[2025-09-01 13:07:45,477] {subprocess.py:92} INFO - 25/09/01 13:07:45 INFO Executor: Fetching file:///home/***/.ivy2/jars/org.apache.hadoop_hadoop-client-runtime-3.3.2.jar with timestamp 1756732064184
[2025-09-01 13:07:45,503] {subprocess.py:92} INFO - 25/09/01 13:07:45 INFO Utils: /home/***/.ivy2/jars/org.apache.hadoop_hadoop-client-runtime-3.3.2.jar has been previously copied to /tmp/spark-090764c0-42c9-45fb-aeaa-460d89896040/userFiles-e47c3d2d-8a6e-4fa9-bfbf-72626fbf13c5/org.apache.hadoop_hadoop-client-runtime-3.3.2.jar
[2025-09-01 13:07:45,508] {subprocess.py:92} INFO - 25/09/01 13:07:45 INFO Executor: Fetching file:///home/***/.ivy2/jars/org.slf4j_slf4j-api-1.7.32.jar with timestamp 1756732064184
[2025-09-01 13:07:45,509] {subprocess.py:92} INFO - 25/09/01 13:07:45 INFO Utils: /home/***/.ivy2/jars/org.slf4j_slf4j-api-1.7.32.jar has been previously copied to /tmp/spark-090764c0-42c9-45fb-aeaa-460d89896040/userFiles-e47c3d2d-8a6e-4fa9-bfbf-72626fbf13c5/org.slf4j_slf4j-api-1.7.32.jar
[2025-09-01 13:07:45,514] {subprocess.py:92} INFO - 25/09/01 13:07:45 INFO Executor: Fetching file:///home/***/.ivy2/jars/org.lz4_lz4-java-1.8.0.jar with timestamp 1756732064184
[2025-09-01 13:07:45,515] {subprocess.py:92} INFO - 25/09/01 13:07:45 INFO Utils: /home/***/.ivy2/jars/org.lz4_lz4-java-1.8.0.jar has been previously copied to /tmp/spark-090764c0-42c9-45fb-aeaa-460d89896040/userFiles-e47c3d2d-8a6e-4fa9-bfbf-72626fbf13c5/org.lz4_lz4-java-1.8.0.jar
[2025-09-01 13:07:45,522] {subprocess.py:92} INFO - 25/09/01 13:07:45 INFO Executor: Fetching file:///home/***/.ivy2/jars/org.apache.commons_commons-pool2-2.11.1.jar with timestamp 1756732064184
[2025-09-01 13:07:45,523] {subprocess.py:92} INFO - 25/09/01 13:07:45 INFO Utils: /home/***/.ivy2/jars/org.apache.commons_commons-pool2-2.11.1.jar has been previously copied to /tmp/spark-090764c0-42c9-45fb-aeaa-460d89896040/userFiles-e47c3d2d-8a6e-4fa9-bfbf-72626fbf13c5/org.apache.commons_commons-pool2-2.11.1.jar
[2025-09-01 13:07:45,528] {subprocess.py:92} INFO - 25/09/01 13:07:45 INFO Executor: Fetching file:///home/***/.ivy2/jars/com.google.code.findbugs_jsr305-3.0.0.jar with timestamp 1756732064184
[2025-09-01 13:07:45,529] {subprocess.py:92} INFO - 25/09/01 13:07:45 INFO Utils: /home/***/.ivy2/jars/com.google.code.findbugs_jsr305-3.0.0.jar has been previously copied to /tmp/spark-090764c0-42c9-45fb-aeaa-460d89896040/userFiles-e47c3d2d-8a6e-4fa9-bfbf-72626fbf13c5/com.google.code.findbugs_jsr305-3.0.0.jar
[2025-09-01 13:07:45,534] {subprocess.py:92} INFO - 25/09/01 13:07:45 INFO Executor: Fetching file:///home/***/.ivy2/jars/org.apache.spark_spark-token-provider-kafka-0-10_2.12-3.3.1.jar with timestamp 1756732064184
[2025-09-01 13:07:45,535] {subprocess.py:92} INFO - 25/09/01 13:07:45 INFO Utils: /home/***/.ivy2/jars/org.apache.spark_spark-token-provider-kafka-0-10_2.12-3.3.1.jar has been previously copied to /tmp/spark-090764c0-42c9-45fb-aeaa-460d89896040/userFiles-e47c3d2d-8a6e-4fa9-bfbf-72626fbf13c5/org.apache.spark_spark-token-provider-kafka-0-10_2.12-3.3.1.jar
[2025-09-01 13:07:45,539] {subprocess.py:92} INFO - 25/09/01 13:07:45 INFO Executor: Fetching file:///home/***/.ivy2/jars/org.apache.kafka_kafka-clients-2.8.1.jar with timestamp 1756732064184
[2025-09-01 13:07:45,543] {subprocess.py:92} INFO - 25/09/01 13:07:45 INFO Utils: /home/***/.ivy2/jars/org.apache.kafka_kafka-clients-2.8.1.jar has been previously copied to /tmp/spark-090764c0-42c9-45fb-aeaa-460d89896040/userFiles-e47c3d2d-8a6e-4fa9-bfbf-72626fbf13c5/org.apache.kafka_kafka-clients-2.8.1.jar
[2025-09-01 13:07:45,549] {subprocess.py:92} INFO - 25/09/01 13:07:45 INFO Executor: Fetching file:///home/***/.ivy2/jars/org.xerial.snappy_snappy-java-1.1.8.4.jar with timestamp 1756732064184
[2025-09-01 13:07:45,551] {subprocess.py:92} INFO - 25/09/01 13:07:45 INFO Utils: /home/***/.ivy2/jars/org.xerial.snappy_snappy-java-1.1.8.4.jar has been previously copied to /tmp/spark-090764c0-42c9-45fb-aeaa-460d89896040/userFiles-e47c3d2d-8a6e-4fa9-bfbf-72626fbf13c5/org.xerial.snappy_snappy-java-1.1.8.4.jar
[2025-09-01 13:07:45,560] {subprocess.py:92} INFO - 25/09/01 13:07:45 INFO Executor: Fetching spark://e66737cfc193:41555/jars/org.apache.hadoop_hadoop-client-runtime-3.3.2.jar with timestamp 1756732064184
[2025-09-01 13:07:45,620] {subprocess.py:92} INFO - 25/09/01 13:07:45 INFO TransportClientFactory: Successfully created connection to e66737cfc193/172.20.0.18:41555 after 46 ms (0 ms spent in bootstraps)
[2025-09-01 13:07:45,626] {subprocess.py:92} INFO - 25/09/01 13:07:45 INFO Utils: Fetching spark://e66737cfc193:41555/jars/org.apache.hadoop_hadoop-client-runtime-3.3.2.jar to /tmp/spark-090764c0-42c9-45fb-aeaa-460d89896040/userFiles-e47c3d2d-8a6e-4fa9-bfbf-72626fbf13c5/fetchFileTemp2401223908488129540.tmp
[2025-09-01 13:07:45,853] {subprocess.py:92} INFO - 25/09/01 13:07:45 INFO Utils: /tmp/spark-090764c0-42c9-45fb-aeaa-460d89896040/userFiles-e47c3d2d-8a6e-4fa9-bfbf-72626fbf13c5/fetchFileTemp2401223908488129540.tmp has been previously copied to /tmp/spark-090764c0-42c9-45fb-aeaa-460d89896040/userFiles-e47c3d2d-8a6e-4fa9-bfbf-72626fbf13c5/org.apache.hadoop_hadoop-client-runtime-3.3.2.jar
[2025-09-01 13:07:45,869] {subprocess.py:92} INFO - 25/09/01 13:07:45 INFO Executor: Adding file:/tmp/spark-090764c0-42c9-45fb-aeaa-460d89896040/userFiles-e47c3d2d-8a6e-4fa9-bfbf-72626fbf13c5/org.apache.hadoop_hadoop-client-runtime-3.3.2.jar to class loader
[2025-09-01 13:07:45,869] {subprocess.py:92} INFO - 25/09/01 13:07:45 INFO Executor: Fetching spark://e66737cfc193:41555/jars/org.spark-project.spark_unused-1.0.0.jar with timestamp 1756732064184
[2025-09-01 13:07:45,871] {subprocess.py:92} INFO - 25/09/01 13:07:45 INFO Utils: Fetching spark://e66737cfc193:41555/jars/org.spark-project.spark_unused-1.0.0.jar to /tmp/spark-090764c0-42c9-45fb-aeaa-460d89896040/userFiles-e47c3d2d-8a6e-4fa9-bfbf-72626fbf13c5/fetchFileTemp15586803838778560949.tmp
[2025-09-01 13:07:45,873] {subprocess.py:92} INFO - 25/09/01 13:07:45 INFO Utils: /tmp/spark-090764c0-42c9-45fb-aeaa-460d89896040/userFiles-e47c3d2d-8a6e-4fa9-bfbf-72626fbf13c5/fetchFileTemp15586803838778560949.tmp has been previously copied to /tmp/spark-090764c0-42c9-45fb-aeaa-460d89896040/userFiles-e47c3d2d-8a6e-4fa9-bfbf-72626fbf13c5/org.spark-project.spark_unused-1.0.0.jar
[2025-09-01 13:07:45,880] {subprocess.py:92} INFO - 25/09/01 13:07:45 INFO Executor: Adding file:/tmp/spark-090764c0-42c9-45fb-aeaa-460d89896040/userFiles-e47c3d2d-8a6e-4fa9-bfbf-72626fbf13c5/org.spark-project.spark_unused-1.0.0.jar to class loader
[2025-09-01 13:07:45,881] {subprocess.py:92} INFO - 25/09/01 13:07:45 INFO Executor: Fetching spark://e66737cfc193:41555/jars/org.lz4_lz4-java-1.8.0.jar with timestamp 1756732064184
[2025-09-01 13:07:45,881] {subprocess.py:92} INFO - 25/09/01 13:07:45 INFO Utils: Fetching spark://e66737cfc193:41555/jars/org.lz4_lz4-java-1.8.0.jar to /tmp/spark-090764c0-42c9-45fb-aeaa-460d89896040/userFiles-e47c3d2d-8a6e-4fa9-bfbf-72626fbf13c5/fetchFileTemp12823881291284313281.tmp
[2025-09-01 13:07:45,888] {subprocess.py:92} INFO - 25/09/01 13:07:45 INFO Utils: /tmp/spark-090764c0-42c9-45fb-aeaa-460d89896040/userFiles-e47c3d2d-8a6e-4fa9-bfbf-72626fbf13c5/fetchFileTemp12823881291284313281.tmp has been previously copied to /tmp/spark-090764c0-42c9-45fb-aeaa-460d89896040/userFiles-e47c3d2d-8a6e-4fa9-bfbf-72626fbf13c5/org.lz4_lz4-java-1.8.0.jar
[2025-09-01 13:07:45,894] {subprocess.py:92} INFO - 25/09/01 13:07:45 INFO Executor: Adding file:/tmp/spark-090764c0-42c9-45fb-aeaa-460d89896040/userFiles-e47c3d2d-8a6e-4fa9-bfbf-72626fbf13c5/org.lz4_lz4-java-1.8.0.jar to class loader
[2025-09-01 13:07:45,894] {subprocess.py:92} INFO - 25/09/01 13:07:45 INFO Executor: Fetching spark://e66737cfc193:41555/jars/org.xerial.snappy_snappy-java-1.1.8.4.jar with timestamp 1756732064184
[2025-09-01 13:07:45,895] {subprocess.py:92} INFO - 25/09/01 13:07:45 INFO Utils: Fetching spark://e66737cfc193:41555/jars/org.xerial.snappy_snappy-java-1.1.8.4.jar to /tmp/spark-090764c0-42c9-45fb-aeaa-460d89896040/userFiles-e47c3d2d-8a6e-4fa9-bfbf-72626fbf13c5/fetchFileTemp15237123056236679663.tmp
[2025-09-01 13:07:45,911] {subprocess.py:92} INFO - 25/09/01 13:07:45 INFO Utils: /tmp/spark-090764c0-42c9-45fb-aeaa-460d89896040/userFiles-e47c3d2d-8a6e-4fa9-bfbf-72626fbf13c5/fetchFileTemp15237123056236679663.tmp has been previously copied to /tmp/spark-090764c0-42c9-45fb-aeaa-460d89896040/userFiles-e47c3d2d-8a6e-4fa9-bfbf-72626fbf13c5/org.xerial.snappy_snappy-java-1.1.8.4.jar
[2025-09-01 13:07:45,918] {subprocess.py:92} INFO - 25/09/01 13:07:45 INFO Executor: Adding file:/tmp/spark-090764c0-42c9-45fb-aeaa-460d89896040/userFiles-e47c3d2d-8a6e-4fa9-bfbf-72626fbf13c5/org.xerial.snappy_snappy-java-1.1.8.4.jar to class loader
[2025-09-01 13:07:45,918] {subprocess.py:92} INFO - 25/09/01 13:07:45 INFO Executor: Fetching spark://e66737cfc193:41555/jars/org.apache.hadoop_hadoop-client-api-3.3.2.jar with timestamp 1756732064184
[2025-09-01 13:07:45,920] {subprocess.py:92} INFO - 25/09/01 13:07:45 INFO Utils: Fetching spark://e66737cfc193:41555/jars/org.apache.hadoop_hadoop-client-api-3.3.2.jar to /tmp/spark-090764c0-42c9-45fb-aeaa-460d89896040/userFiles-e47c3d2d-8a6e-4fa9-bfbf-72626fbf13c5/fetchFileTemp5910635969076473083.tmp
[2025-09-01 13:07:46,031] {subprocess.py:92} INFO - 25/09/01 13:07:46 INFO Utils: /tmp/spark-090764c0-42c9-45fb-aeaa-460d89896040/userFiles-e47c3d2d-8a6e-4fa9-bfbf-72626fbf13c5/fetchFileTemp5910635969076473083.tmp has been previously copied to /tmp/spark-090764c0-42c9-45fb-aeaa-460d89896040/userFiles-e47c3d2d-8a6e-4fa9-bfbf-72626fbf13c5/org.apache.hadoop_hadoop-client-api-3.3.2.jar
[2025-09-01 13:07:46,042] {subprocess.py:92} INFO - 25/09/01 13:07:46 INFO Executor: Adding file:/tmp/spark-090764c0-42c9-45fb-aeaa-460d89896040/userFiles-e47c3d2d-8a6e-4fa9-bfbf-72626fbf13c5/org.apache.hadoop_hadoop-client-api-3.3.2.jar to class loader
[2025-09-01 13:07:46,042] {subprocess.py:92} INFO - 25/09/01 13:07:46 INFO Executor: Fetching spark://e66737cfc193:41555/jars/commons-logging_commons-logging-1.1.3.jar with timestamp 1756732064184
[2025-09-01 13:07:46,043] {subprocess.py:92} INFO - 25/09/01 13:07:46 INFO Utils: Fetching spark://e66737cfc193:41555/jars/commons-logging_commons-logging-1.1.3.jar to /tmp/spark-090764c0-42c9-45fb-aeaa-460d89896040/userFiles-e47c3d2d-8a6e-4fa9-bfbf-72626fbf13c5/fetchFileTemp14891298671088242720.tmp
[2025-09-01 13:07:46,046] {subprocess.py:92} INFO - 25/09/01 13:07:46 INFO Utils: /tmp/spark-090764c0-42c9-45fb-aeaa-460d89896040/userFiles-e47c3d2d-8a6e-4fa9-bfbf-72626fbf13c5/fetchFileTemp14891298671088242720.tmp has been previously copied to /tmp/spark-090764c0-42c9-45fb-aeaa-460d89896040/userFiles-e47c3d2d-8a6e-4fa9-bfbf-72626fbf13c5/commons-logging_commons-logging-1.1.3.jar
[2025-09-01 13:07:46,052] {subprocess.py:92} INFO - 25/09/01 13:07:46 INFO Executor: Adding file:/tmp/spark-090764c0-42c9-45fb-aeaa-460d89896040/userFiles-e47c3d2d-8a6e-4fa9-bfbf-72626fbf13c5/commons-logging_commons-logging-1.1.3.jar to class loader
[2025-09-01 13:07:46,052] {subprocess.py:92} INFO - 25/09/01 13:07:46 INFO Executor: Fetching spark://e66737cfc193:41555/jars/org.apache.spark_spark-token-provider-kafka-0-10_2.12-3.3.1.jar with timestamp 1756732064184
[2025-09-01 13:07:46,054] {subprocess.py:92} INFO - 25/09/01 13:07:46 INFO Utils: Fetching spark://e66737cfc193:41555/jars/org.apache.spark_spark-token-provider-kafka-0-10_2.12-3.3.1.jar to /tmp/spark-090764c0-42c9-45fb-aeaa-460d89896040/userFiles-e47c3d2d-8a6e-4fa9-bfbf-72626fbf13c5/fetchFileTemp5500046049777966370.tmp
[2025-09-01 13:07:46,056] {subprocess.py:92} INFO - 25/09/01 13:07:46 INFO Utils: /tmp/spark-090764c0-42c9-45fb-aeaa-460d89896040/userFiles-e47c3d2d-8a6e-4fa9-bfbf-72626fbf13c5/fetchFileTemp5500046049777966370.tmp has been previously copied to /tmp/spark-090764c0-42c9-45fb-aeaa-460d89896040/userFiles-e47c3d2d-8a6e-4fa9-bfbf-72626fbf13c5/org.apache.spark_spark-token-provider-kafka-0-10_2.12-3.3.1.jar
[2025-09-01 13:07:46,063] {subprocess.py:92} INFO - 25/09/01 13:07:46 INFO Executor: Adding file:/tmp/spark-090764c0-42c9-45fb-aeaa-460d89896040/userFiles-e47c3d2d-8a6e-4fa9-bfbf-72626fbf13c5/org.apache.spark_spark-token-provider-kafka-0-10_2.12-3.3.1.jar to class loader
[2025-09-01 13:07:46,063] {subprocess.py:92} INFO - 25/09/01 13:07:46 INFO Executor: Fetching spark://e66737cfc193:41555/jars/org.apache.kafka_kafka-clients-2.8.1.jar with timestamp 1756732064184
[2025-09-01 13:07:46,064] {subprocess.py:92} INFO - 25/09/01 13:07:46 INFO Utils: Fetching spark://e66737cfc193:41555/jars/org.apache.kafka_kafka-clients-2.8.1.jar to /tmp/spark-090764c0-42c9-45fb-aeaa-460d89896040/userFiles-e47c3d2d-8a6e-4fa9-bfbf-72626fbf13c5/fetchFileTemp1546828974647376431.tmp
[2025-09-01 13:07:46,085] {subprocess.py:92} INFO - 25/09/01 13:07:46 INFO Utils: /tmp/spark-090764c0-42c9-45fb-aeaa-460d89896040/userFiles-e47c3d2d-8a6e-4fa9-bfbf-72626fbf13c5/fetchFileTemp1546828974647376431.tmp has been previously copied to /tmp/spark-090764c0-42c9-45fb-aeaa-460d89896040/userFiles-e47c3d2d-8a6e-4fa9-bfbf-72626fbf13c5/org.apache.kafka_kafka-clients-2.8.1.jar
[2025-09-01 13:07:46,092] {subprocess.py:92} INFO - 25/09/01 13:07:46 INFO Executor: Adding file:/tmp/spark-090764c0-42c9-45fb-aeaa-460d89896040/userFiles-e47c3d2d-8a6e-4fa9-bfbf-72626fbf13c5/org.apache.kafka_kafka-clients-2.8.1.jar to class loader
[2025-09-01 13:07:46,092] {subprocess.py:92} INFO - 25/09/01 13:07:46 INFO Executor: Fetching spark://e66737cfc193:41555/jars/org.apache.spark_spark-sql-kafka-0-10_2.12-3.3.1.jar with timestamp 1756732064184
[2025-09-01 13:07:46,093] {subprocess.py:92} INFO - 25/09/01 13:07:46 INFO Utils: Fetching spark://e66737cfc193:41555/jars/org.apache.spark_spark-sql-kafka-0-10_2.12-3.3.1.jar to /tmp/spark-090764c0-42c9-45fb-aeaa-460d89896040/userFiles-e47c3d2d-8a6e-4fa9-bfbf-72626fbf13c5/fetchFileTemp13269655573533477902.tmp
[2025-09-01 13:07:46,097] {subprocess.py:92} INFO - 25/09/01 13:07:46 INFO Utils: /tmp/spark-090764c0-42c9-45fb-aeaa-460d89896040/userFiles-e47c3d2d-8a6e-4fa9-bfbf-72626fbf13c5/fetchFileTemp13269655573533477902.tmp has been previously copied to /tmp/spark-090764c0-42c9-45fb-aeaa-460d89896040/userFiles-e47c3d2d-8a6e-4fa9-bfbf-72626fbf13c5/org.apache.spark_spark-sql-kafka-0-10_2.12-3.3.1.jar
[2025-09-01 13:07:46,104] {subprocess.py:92} INFO - 25/09/01 13:07:46 INFO Executor: Adding file:/tmp/spark-090764c0-42c9-45fb-aeaa-460d89896040/userFiles-e47c3d2d-8a6e-4fa9-bfbf-72626fbf13c5/org.apache.spark_spark-sql-kafka-0-10_2.12-3.3.1.jar to class loader
[2025-09-01 13:07:46,105] {subprocess.py:92} INFO - 25/09/01 13:07:46 INFO Executor: Fetching spark://e66737cfc193:41555/jars/com.google.code.findbugs_jsr305-3.0.0.jar with timestamp 1756732064184
[2025-09-01 13:07:46,106] {subprocess.py:92} INFO - 25/09/01 13:07:46 INFO Utils: Fetching spark://e66737cfc193:41555/jars/com.google.code.findbugs_jsr305-3.0.0.jar to /tmp/spark-090764c0-42c9-45fb-aeaa-460d89896040/userFiles-e47c3d2d-8a6e-4fa9-bfbf-72626fbf13c5/fetchFileTemp16059546034949241782.tmp
[2025-09-01 13:07:46,108] {subprocess.py:92} INFO - 25/09/01 13:07:46 INFO Utils: /tmp/spark-090764c0-42c9-45fb-aeaa-460d89896040/userFiles-e47c3d2d-8a6e-4fa9-bfbf-72626fbf13c5/fetchFileTemp16059546034949241782.tmp has been previously copied to /tmp/spark-090764c0-42c9-45fb-aeaa-460d89896040/userFiles-e47c3d2d-8a6e-4fa9-bfbf-72626fbf13c5/com.google.code.findbugs_jsr305-3.0.0.jar
[2025-09-01 13:07:46,115] {subprocess.py:92} INFO - 25/09/01 13:07:46 INFO Executor: Adding file:/tmp/spark-090764c0-42c9-45fb-aeaa-460d89896040/userFiles-e47c3d2d-8a6e-4fa9-bfbf-72626fbf13c5/com.google.code.findbugs_jsr305-3.0.0.jar to class loader
[2025-09-01 13:07:46,116] {subprocess.py:92} INFO - 25/09/01 13:07:46 INFO Executor: Fetching spark://e66737cfc193:41555/jars/org.apache.commons_commons-pool2-2.11.1.jar with timestamp 1756732064184
[2025-09-01 13:07:46,117] {subprocess.py:92} INFO - 25/09/01 13:07:46 INFO Utils: Fetching spark://e66737cfc193:41555/jars/org.apache.commons_commons-pool2-2.11.1.jar to /tmp/spark-090764c0-42c9-45fb-aeaa-460d89896040/userFiles-e47c3d2d-8a6e-4fa9-bfbf-72626fbf13c5/fetchFileTemp9061865362138238817.tmp
[2025-09-01 13:07:46,120] {subprocess.py:92} INFO - 25/09/01 13:07:46 INFO Utils: /tmp/spark-090764c0-42c9-45fb-aeaa-460d89896040/userFiles-e47c3d2d-8a6e-4fa9-bfbf-72626fbf13c5/fetchFileTemp9061865362138238817.tmp has been previously copied to /tmp/spark-090764c0-42c9-45fb-aeaa-460d89896040/userFiles-e47c3d2d-8a6e-4fa9-bfbf-72626fbf13c5/org.apache.commons_commons-pool2-2.11.1.jar
[2025-09-01 13:07:46,127] {subprocess.py:92} INFO - 25/09/01 13:07:46 INFO Executor: Adding file:/tmp/spark-090764c0-42c9-45fb-aeaa-460d89896040/userFiles-e47c3d2d-8a6e-4fa9-bfbf-72626fbf13c5/org.apache.commons_commons-pool2-2.11.1.jar to class loader
[2025-09-01 13:07:46,127] {subprocess.py:92} INFO - 25/09/01 13:07:46 INFO Executor: Fetching spark://e66737cfc193:41555/jars/org.slf4j_slf4j-api-1.7.32.jar with timestamp 1756732064184
[2025-09-01 13:07:46,128] {subprocess.py:92} INFO - 25/09/01 13:07:46 INFO Utils: Fetching spark://e66737cfc193:41555/jars/org.slf4j_slf4j-api-1.7.32.jar to /tmp/spark-090764c0-42c9-45fb-aeaa-460d89896040/userFiles-e47c3d2d-8a6e-4fa9-bfbf-72626fbf13c5/fetchFileTemp10050500240574446626.tmp
[2025-09-01 13:07:46,131] {subprocess.py:92} INFO - 25/09/01 13:07:46 INFO Utils: /tmp/spark-090764c0-42c9-45fb-aeaa-460d89896040/userFiles-e47c3d2d-8a6e-4fa9-bfbf-72626fbf13c5/fetchFileTemp10050500240574446626.tmp has been previously copied to /tmp/spark-090764c0-42c9-45fb-aeaa-460d89896040/userFiles-e47c3d2d-8a6e-4fa9-bfbf-72626fbf13c5/org.slf4j_slf4j-api-1.7.32.jar
[2025-09-01 13:07:46,137] {subprocess.py:92} INFO - 25/09/01 13:07:46 INFO Executor: Adding file:/tmp/spark-090764c0-42c9-45fb-aeaa-460d89896040/userFiles-e47c3d2d-8a6e-4fa9-bfbf-72626fbf13c5/org.slf4j_slf4j-api-1.7.32.jar to class loader
[2025-09-01 13:07:46,145] {subprocess.py:92} INFO - 25/09/01 13:07:46 INFO Utils: Successfully started service 'org.apache.spark.network.netty.NettyBlockTransferService' on port 40449.
[2025-09-01 13:07:46,146] {subprocess.py:92} INFO - 25/09/01 13:07:46 INFO NettyBlockTransferService: Server created on e66737cfc193:40449
[2025-09-01 13:07:46,149] {subprocess.py:92} INFO - 25/09/01 13:07:46 INFO BlockManager: Using org.apache.spark.storage.RandomBlockReplicationPolicy for block replication policy
[2025-09-01 13:07:46,159] {subprocess.py:92} INFO - 25/09/01 13:07:46 INFO BlockManagerMaster: Registering BlockManager BlockManagerId(driver, e66737cfc193, 40449, None)
[2025-09-01 13:07:46,165] {subprocess.py:92} INFO - 25/09/01 13:07:46 INFO BlockManagerMasterEndpoint: Registering block manager e66737cfc193:40449 with 434.4 MiB RAM, BlockManagerId(driver, e66737cfc193, 40449, None)
[2025-09-01 13:07:46,170] {subprocess.py:92} INFO - 25/09/01 13:07:46 INFO BlockManagerMaster: Registered BlockManager BlockManagerId(driver, e66737cfc193, 40449, None)
[2025-09-01 13:07:46,172] {subprocess.py:92} INFO - 25/09/01 13:07:46 INFO BlockManager: Initialized BlockManager: BlockManagerId(driver, e66737cfc193, 40449, None)
[2025-09-01 13:07:46,753] {subprocess.py:92} INFO - Connexion à Kafka...
[2025-09-01 13:07:49,067] {subprocess.py:92} INFO - Connexion Kafka réussie (kafka:9092)
[2025-09-01 13:07:49,067] {subprocess.py:92} INFO - Transformation des données JSON...
[2025-09-01 13:07:49,358] {subprocess.py:92} INFO - Démarrage du streaming vers HDFS...
[2025-09-01 13:07:50,209] {subprocess.py:92} INFO - Streaming actif - Données météo sauvegardées dans HDFS:/data/weather
[2025-09-01 13:39:00,110] {subprocess.py:92} INFO - 25/09/01 13:39:00 ERROR MicroBatchExecution: Query [id = 8bb46a74-6ffa-4764-a9c6-2e4a331d8211, runId = b60975e8-58e6-4736-a51e-79a997c46b46] terminated with error
[2025-09-01 13:39:00,112] {subprocess.py:92} INFO - org.apache.spark.SparkException: Execution of the stream null failed. Please, fill a bug report in, and provide the full stack trace.
[2025-09-01 13:39:00,112] {subprocess.py:92} INFO - 	at org.apache.spark.sql.execution.QueryExecution$.toInternalError(QueryExecution.scala:500)
[2025-09-01 13:39:00,112] {subprocess.py:92} INFO - 	at org.apache.spark.sql.execution.streaming.StreamExecution.org$apache$spark$sql$execution$streaming$StreamExecution$$runStream(StreamExecution.scala:324)
[2025-09-01 13:39:00,112] {subprocess.py:92} INFO - 	at org.apache.spark.sql.execution.streaming.StreamExecution$$anon$1.run(StreamExecution.scala:208)
[2025-09-01 13:39:00,112] {subprocess.py:92} INFO - Caused by: java.lang.AssertionError: assertion failed: Concurrent update to the log. Multiple streaming jobs detected for 68
[2025-09-01 13:39:00,113] {subprocess.py:92} INFO - 	at scala.Predef$.assert(Predef.scala:223)
[2025-09-01 13:39:00,113] {subprocess.py:92} INFO - 	at org.apache.spark.sql.execution.streaming.MicroBatchExecution.$anonfun$constructNextBatch$13(MicroBatchExecution.scala:496)
[2025-09-01 13:39:00,113] {subprocess.py:92} INFO - 	at scala.runtime.java8.JFunction0$mcV$sp.apply(JFunction0$mcV$sp.java:23)
[2025-09-01 13:39:00,113] {subprocess.py:92} INFO - 	at org.apache.spark.sql.execution.streaming.ProgressReporter.reportTimeTaken(ProgressReporter.scala:375)
[2025-09-01 13:39:00,113] {subprocess.py:92} INFO - 	at org.apache.spark.sql.execution.streaming.ProgressReporter.reportTimeTaken$(ProgressReporter.scala:373)
[2025-09-01 13:39:00,113] {subprocess.py:92} INFO - 	at org.apache.spark.sql.execution.streaming.StreamExecution.reportTimeTaken(StreamExecution.scala:68)
[2025-09-01 13:39:00,113] {subprocess.py:92} INFO - 	at org.apache.spark.sql.execution.streaming.MicroBatchExecution.$anonfun$constructNextBatch$1(MicroBatchExecution.scala:493)
[2025-09-01 13:39:00,113] {subprocess.py:92} INFO - 	at scala.runtime.java8.JFunction0$mcZ$sp.apply(JFunction0$mcZ$sp.java:23)
[2025-09-01 13:39:00,113] {subprocess.py:92} INFO - 	at org.apache.spark.sql.execution.streaming.MicroBatchExecution.withProgressLocked(MicroBatchExecution.scala:693)
[2025-09-01 13:39:00,113] {subprocess.py:92} INFO - 	at org.apache.spark.sql.execution.streaming.MicroBatchExecution.constructNextBatch(MicroBatchExecution.scala:433)
[2025-09-01 13:39:00,113] {subprocess.py:92} INFO - 	at org.apache.spark.sql.execution.streaming.MicroBatchExecution.$anonfun$runActivatedStream$2(MicroBatchExecution.scala:238)
[2025-09-01 13:39:00,113] {subprocess.py:92} INFO - 	at scala.runtime.java8.JFunction0$mcV$sp.apply(JFunction0$mcV$sp.java:23)
[2025-09-01 13:39:00,114] {subprocess.py:92} INFO - 	at org.apache.spark.sql.execution.streaming.ProgressReporter.reportTimeTaken(ProgressReporter.scala:375)
[2025-09-01 13:39:00,114] {subprocess.py:92} INFO - 	at org.apache.spark.sql.execution.streaming.ProgressReporter.reportTimeTaken$(ProgressReporter.scala:373)
[2025-09-01 13:39:00,114] {subprocess.py:92} INFO - 	at org.apache.spark.sql.execution.streaming.StreamExecution.reportTimeTaken(StreamExecution.scala:68)
[2025-09-01 13:39:00,114] {subprocess.py:92} INFO - 	at org.apache.spark.sql.execution.streaming.MicroBatchExecution.$anonfun$runActivatedStream$1(MicroBatchExecution.scala:219)
[2025-09-01 13:39:00,114] {subprocess.py:92} INFO - 	at org.apache.spark.sql.execution.streaming.ProcessingTimeExecutor.execute(TriggerExecutor.scala:67)
[2025-09-01 13:39:00,114] {subprocess.py:92} INFO - 	at org.apache.spark.sql.execution.streaming.MicroBatchExecution.runActivatedStream(MicroBatchExecution.scala:213)
[2025-09-01 13:39:00,114] {subprocess.py:92} INFO - 	at org.apache.spark.sql.execution.streaming.StreamExecution.$anonfun$runStream$1(StreamExecution.scala:307)
[2025-09-01 13:39:00,114] {subprocess.py:92} INFO - 	at scala.runtime.java8.JFunction0$mcV$sp.apply(JFunction0$mcV$sp.java:23)
[2025-09-01 13:39:00,114] {subprocess.py:92} INFO - 	at org.apache.spark.sql.SparkSession.withActive(SparkSession.scala:779)
[2025-09-01 13:39:00,114] {subprocess.py:92} INFO - 	at org.apache.spark.sql.execution.streaming.StreamExecution.org$apache$spark$sql$execution$streaming$StreamExecution$$runStream(StreamExecution.scala:285)
[2025-09-01 13:39:00,114] {subprocess.py:92} INFO - 	... 1 more
[2025-09-01 13:39:00,193] {subprocess.py:92} INFO - Traceback (most recent call last):
[2025-09-01 13:39:00,194] {subprocess.py:92} INFO -   File "/opt/***/scripts/pyspark/streaming.py", line 60, in <module>
[2025-09-01 13:39:00,194] {subprocess.py:92} INFO -     query.awaitTermination()
[2025-09-01 13:39:00,194] {subprocess.py:92} INFO -   File "/opt/spark-3.3.1-bin-hadoop3/python/lib/pyspark.zip/pyspark/sql/streaming.py", line 107, in awaitTermination
[2025-09-01 13:39:00,194] {subprocess.py:92} INFO -   File "/opt/spark-3.3.1-bin-hadoop3/python/lib/py4j-0.10.9.5-src.zip/py4j/java_gateway.py", line 1322, in __call__
[2025-09-01 13:39:00,194] {subprocess.py:92} INFO -   File "/opt/spark-3.3.1-bin-hadoop3/python/lib/pyspark.zip/pyspark/sql/utils.py", line 196, in deco
[2025-09-01 13:39:00,199] {subprocess.py:92} INFO - pyspark.sql.utils.StreamingQueryException: Query [id = 8bb46a74-6ffa-4764-a9c6-2e4a331d8211, runId = b60975e8-58e6-4736-a51e-79a997c46b46] terminated with exception: Execution of the stream null failed. Please, fill a bug report in, and provide the full stack trace.
[2025-09-01 13:39:00,415] {subprocess.py:96} INFO - Command exited with return code 1
[2025-09-01 13:39:00,453] {taskinstance.py:1889} ERROR - Task failed with exception
Traceback (most recent call last):
  File "/home/airflow/.local/lib/python3.7/site-packages/airflow/operators/bash.py", line 195, in execute
    f'Bash command failed. The command returned a non-zero exit code {result.exit_code}.'
airflow.exceptions.AirflowException: Bash command failed. The command returned a non-zero exit code 1.
[2025-09-01 13:39:00,460] {taskinstance.py:1400} INFO - Marking task as UP_FOR_RETRY. dag_id=send_weather_to_kafka, task_id=stream_hdfs, execution_date=20250901T123701, start_date=20250901T130739, end_date=20250901T133900
[2025-09-01 13:39:00,480] {standard_task_runner.py:97} ERROR - Failed to execute job 557 for task stream_hdfs (Bash command failed. The command returned a non-zero exit code 1.; 18491)
[2025-09-01 13:39:00,521] {local_task_job.py:156} INFO - Task exited with return code 1
[2025-09-01 13:39:00,567] {local_task_job.py:273} INFO - 0 downstream tasks scheduled from follow-on schedule check
