[2025-08-31 23:32:37,620] {taskinstance.py:1159} INFO - Dependencies all met for <TaskInstance: send_weather_to_kafka.stream_hdfs scheduled__2025-08-29T19:41:54.507489+00:00 [queued]>
[2025-08-31 23:32:37,639] {taskinstance.py:1159} INFO - Dependencies all met for <TaskInstance: send_weather_to_kafka.stream_hdfs scheduled__2025-08-29T19:41:54.507489+00:00 [queued]>
[2025-08-31 23:32:37,640] {taskinstance.py:1356} INFO - 
--------------------------------------------------------------------------------
[2025-08-31 23:32:37,640] {taskinstance.py:1357} INFO - Starting attempt 2 of 2
[2025-08-31 23:32:37,640] {taskinstance.py:1358} INFO - 
--------------------------------------------------------------------------------
[2025-08-31 23:32:37,672] {taskinstance.py:1377} INFO - Executing <Task(BashOperator): stream_hdfs> on 2025-08-29 19:41:54.507489+00:00
[2025-08-31 23:32:37,680] {standard_task_runner.py:52} INFO - Started process 186 to run task
[2025-08-31 23:32:37,687] {standard_task_runner.py:79} INFO - Running: ['***', 'tasks', 'run', 'send_weather_to_kafka', 'stream_hdfs', 'scheduled__2025-08-29T19:41:54.507489+00:00', '--job-id', '378', '--raw', '--subdir', 'DAGS_FOLDER/dag_meteo.py', '--cfg-path', '/tmp/tmpf_0nuqnh', '--error-file', '/tmp/tmp9itzfqzs']
[2025-08-31 23:32:37,689] {standard_task_runner.py:80} INFO - Job 378: Subtask stream_hdfs
[2025-08-31 23:32:37,724] {logging_mixin.py:115} WARNING - /home/***/.local/lib/python3.7/site-packages/***/configuration.py:470 DeprecationWarning: The sql_alchemy_conn option in [core] has been moved to the sql_alchemy_conn option in [database] - the old setting has been used, but please update your config.
[2025-08-31 23:32:37,848] {task_command.py:369} INFO - Running <TaskInstance: send_weather_to_kafka.stream_hdfs scheduled__2025-08-29T19:41:54.507489+00:00 [running]> on host 5d7670b258c3
[2025-08-31 23:32:38,052] {taskinstance.py:1571} INFO - Exporting the following env vars:
AIRFLOW_CTX_DAG_OWNER=***
AIRFLOW_CTX_DAG_ID=send_weather_to_kafka
AIRFLOW_CTX_TASK_ID=stream_hdfs
AIRFLOW_CTX_EXECUTION_DATE=2025-08-29T19:41:54.507489+00:00
AIRFLOW_CTX_TRY_NUMBER=2
AIRFLOW_CTX_DAG_RUN_ID=scheduled__2025-08-29T19:41:54.507489+00:00
[2025-08-31 23:32:38,054] {subprocess.py:62} INFO - Tmp dir root location: 
 /tmp
[2025-08-31 23:32:38,055] {subprocess.py:74} INFO - Running command: ['bash', '-c', '\n/home/***/.local/bin/spark-submit   --master local[*]   --conf spark.hadoop.fs.defaultFS=hdfs://namenode:9000   --conf spark.hadoop.dfs.client.use.datanode.hostname=true   --conf spark.sql.adaptive.enabled=false   --packages org.apache.spark:spark-sql-kafka-0-10_2.12:3.3.1   /opt/***/scripts/pyspark/streaming.py']
[2025-08-31 23:32:38,069] {subprocess.py:85} INFO - Output:
[2025-08-31 23:32:38,097] {subprocess.py:92} INFO - /opt/spark-3.3.1-bin-hadoop3/bin/load-spark-env.sh: line 68: ps: command not found
[2025-08-31 23:32:41,793] {subprocess.py:92} INFO - :: loading settings :: url = jar:file:/opt/spark-3.3.1-bin-hadoop3/jars/ivy-2.5.0.jar!/org/apache/ivy/core/settings/ivysettings.xml
[2025-08-31 23:32:42,024] {subprocess.py:92} INFO - Ivy Default Cache set to: /home/***/.ivy2/cache
[2025-08-31 23:32:42,024] {subprocess.py:92} INFO - The jars for the packages stored in: /home/***/.ivy2/jars
[2025-08-31 23:32:42,031] {subprocess.py:92} INFO - org.apache.spark#spark-sql-kafka-0-10_2.12 added as a dependency
[2025-08-31 23:32:42,032] {subprocess.py:92} INFO - :: resolving dependencies :: org.apache.spark#spark-submit-parent-0b38d85d-a8b4-4513-9786-becfb32f25db;1.0
[2025-08-31 23:32:42,033] {subprocess.py:92} INFO - 	confs: [default]
[2025-08-31 23:32:46,489] {subprocess.py:92} INFO - 	found org.apache.spark#spark-sql-kafka-0-10_2.12;3.3.1 in central
[2025-08-31 23:32:46,965] {subprocess.py:92} INFO - 	found org.apache.spark#spark-token-provider-kafka-0-10_2.12;3.3.1 in central
[2025-08-31 23:32:47,189] {subprocess.py:92} INFO - 	found org.apache.kafka#kafka-clients;2.8.1 in central
[2025-08-31 23:32:47,445] {subprocess.py:92} INFO - 	found org.lz4#lz4-java;1.8.0 in central
[2025-08-31 23:32:47,611] {subprocess.py:92} INFO - 	found org.xerial.snappy#snappy-java;1.1.8.4 in central
[2025-08-31 23:32:49,108] {subprocess.py:92} INFO - 	found org.slf4j#slf4j-api;1.7.32 in central
[2025-08-31 23:32:51,788] {subprocess.py:92} INFO - 	found org.apache.hadoop#hadoop-client-runtime;3.3.2 in central
[2025-08-31 23:32:52,647] {subprocess.py:92} INFO - 	found org.spark-project.spark#unused;1.0.0 in central
[2025-08-31 23:32:52,867] {subprocess.py:92} INFO - 	found org.apache.hadoop#hadoop-client-api;3.3.2 in central
[2025-08-31 23:32:55,207] {subprocess.py:92} INFO - 	found commons-logging#commons-logging;1.1.3 in central
[2025-08-31 23:32:55,620] {subprocess.py:92} INFO - 	found com.google.code.findbugs#jsr305;3.0.0 in central
[2025-08-31 23:32:58,684] {subprocess.py:92} INFO - 	found org.apache.commons#commons-pool2;2.11.1 in central
[2025-08-31 23:32:58,882] {subprocess.py:92} INFO - downloading https://repo1.maven.org/maven2/org/apache/spark/spark-sql-kafka-0-10_2.12/3.3.1/spark-sql-kafka-0-10_2.12-3.3.1.jar ...
[2025-08-31 23:32:59,088] {subprocess.py:92} INFO - 	[SUCCESSFUL ] org.apache.spark#spark-sql-kafka-0-10_2.12;3.3.1!spark-sql-kafka-0-10_2.12.jar (387ms)
[2025-08-31 23:32:59,256] {subprocess.py:92} INFO - downloading https://repo1.maven.org/maven2/org/apache/spark/spark-token-provider-kafka-0-10_2.12/3.3.1/spark-token-provider-kafka-0-10_2.12-3.3.1.jar ...
[2025-08-31 23:32:59,312] {subprocess.py:92} INFO - 	[SUCCESSFUL ] org.apache.spark#spark-token-provider-kafka-0-10_2.12;3.3.1!spark-token-provider-kafka-0-10_2.12.jar (221ms)
[2025-08-31 23:32:59,599] {subprocess.py:92} INFO - downloading https://repo1.maven.org/maven2/org/apache/kafka/kafka-clients/2.8.1/kafka-clients-2.8.1.jar ...
[2025-08-31 23:33:00,108] {subprocess.py:92} INFO - 	[SUCCESSFUL ] org.apache.kafka#kafka-clients;2.8.1!kafka-clients.jar (794ms)
[2025-08-31 23:33:00,213] {subprocess.py:92} INFO - downloading https://repo1.maven.org/maven2/com/google/code/findbugs/jsr305/3.0.0/jsr305-3.0.0.jar ...
[2025-08-31 23:33:00,289] {subprocess.py:92} INFO - 	[SUCCESSFUL ] com.google.code.findbugs#jsr305;3.0.0!jsr305.jar (180ms)
[2025-08-31 23:33:00,369] {subprocess.py:92} INFO - downloading https://repo1.maven.org/maven2/org/apache/commons/commons-pool2/2.11.1/commons-pool2-2.11.1.jar ...
[2025-08-31 23:33:00,429] {subprocess.py:92} INFO - 	[SUCCESSFUL ] org.apache.commons#commons-pool2;2.11.1!commons-pool2.jar (138ms)
[2025-08-31 23:33:00,521] {subprocess.py:92} INFO - downloading https://repo1.maven.org/maven2/org/spark-project/spark/unused/1.0.0/unused-1.0.0.jar ...
[2025-08-31 23:33:00,577] {subprocess.py:92} INFO - 	[SUCCESSFUL ] org.spark-project.spark#unused;1.0.0!unused.jar (146ms)
[2025-08-31 23:33:00,656] {subprocess.py:92} INFO - downloading https://repo1.maven.org/maven2/org/apache/hadoop/hadoop-client-runtime/3.3.2/hadoop-client-runtime-3.3.2.jar ...
[2025-08-31 23:33:05,511] {subprocess.py:92} INFO - 	[SUCCESSFUL ] org.apache.hadoop#hadoop-client-runtime;3.3.2!hadoop-client-runtime.jar (4932ms)
[2025-08-31 23:33:05,580] {subprocess.py:92} INFO - downloading https://repo1.maven.org/maven2/org/lz4/lz4-java/1.8.0/lz4-java-1.8.0.jar ...
[2025-08-31 23:33:05,758] {subprocess.py:92} INFO - 	[SUCCESSFUL ] org.lz4#lz4-java;1.8.0!lz4-java.jar (243ms)
[2025-08-31 23:33:05,845] {subprocess.py:92} INFO - downloading https://repo1.maven.org/maven2/org/xerial/snappy/snappy-java/1.1.8.4/snappy-java-1.1.8.4.jar ...
[2025-08-31 23:33:06,256] {subprocess.py:92} INFO - 	[SUCCESSFUL ] org.xerial.snappy#snappy-java;1.1.8.4!snappy-java.jar(bundle) (497ms)
[2025-08-31 23:33:06,314] {subprocess.py:92} INFO - downloading https://repo1.maven.org/maven2/org/slf4j/slf4j-api/1.7.32/slf4j-api-1.7.32.jar ...
[2025-08-31 23:33:06,441] {subprocess.py:92} INFO - 	[SUCCESSFUL ] org.slf4j#slf4j-api;1.7.32!slf4j-api.jar (183ms)
[2025-08-31 23:33:06,951] {subprocess.py:92} INFO - downloading https://repo1.maven.org/maven2/org/apache/hadoop/hadoop-client-api/3.3.2/hadoop-client-api-3.3.2.jar ...
[2025-08-31 23:33:09,988] {subprocess.py:92} INFO - 	[SUCCESSFUL ] org.apache.hadoop#hadoop-client-api;3.3.2!hadoop-client-api.jar (3545ms)
[2025-08-31 23:33:10,044] {subprocess.py:92} INFO - downloading https://repo1.maven.org/maven2/commons-logging/commons-logging/1.1.3/commons-logging-1.1.3.jar ...
[2025-08-31 23:33:10,108] {subprocess.py:92} INFO - 	[SUCCESSFUL ] commons-logging#commons-logging;1.1.3!commons-logging.jar (118ms)
[2025-08-31 23:33:10,108] {subprocess.py:92} INFO - :: resolution report :: resolve 16668ms :: artifacts dl 11408ms
[2025-08-31 23:33:10,109] {subprocess.py:92} INFO - 	:: modules in use:
[2025-08-31 23:33:10,109] {subprocess.py:92} INFO - 	com.google.code.findbugs#jsr305;3.0.0 from central in [default]
[2025-08-31 23:33:10,109] {subprocess.py:92} INFO - 	commons-logging#commons-logging;1.1.3 from central in [default]
[2025-08-31 23:33:10,109] {subprocess.py:92} INFO - 	org.apache.commons#commons-pool2;2.11.1 from central in [default]
[2025-08-31 23:33:10,109] {subprocess.py:92} INFO - 	org.apache.hadoop#hadoop-client-api;3.3.2 from central in [default]
[2025-08-31 23:33:10,109] {subprocess.py:92} INFO - 	org.apache.hadoop#hadoop-client-runtime;3.3.2 from central in [default]
[2025-08-31 23:33:10,110] {subprocess.py:92} INFO - 	org.apache.kafka#kafka-clients;2.8.1 from central in [default]
[2025-08-31 23:33:10,110] {subprocess.py:92} INFO - 	org.apache.spark#spark-sql-kafka-0-10_2.12;3.3.1 from central in [default]
[2025-08-31 23:33:10,110] {subprocess.py:92} INFO - 	org.apache.spark#spark-token-provider-kafka-0-10_2.12;3.3.1 from central in [default]
[2025-08-31 23:33:10,110] {subprocess.py:92} INFO - 	org.lz4#lz4-java;1.8.0 from central in [default]
[2025-08-31 23:33:10,110] {subprocess.py:92} INFO - 	org.slf4j#slf4j-api;1.7.32 from central in [default]
[2025-08-31 23:33:10,110] {subprocess.py:92} INFO - 	org.spark-project.spark#unused;1.0.0 from central in [default]
[2025-08-31 23:33:10,110] {subprocess.py:92} INFO - 	org.xerial.snappy#snappy-java;1.1.8.4 from central in [default]
[2025-08-31 23:33:10,110] {subprocess.py:92} INFO - 	---------------------------------------------------------------------
[2025-08-31 23:33:10,110] {subprocess.py:92} INFO - 	|                  |            modules            ||   artifacts   |
[2025-08-31 23:33:10,110] {subprocess.py:92} INFO - 	|       conf       | number| search|dwnlded|evicted|| number|dwnlded|
[2025-08-31 23:33:10,111] {subprocess.py:92} INFO - 	---------------------------------------------------------------------
[2025-08-31 23:33:10,111] {subprocess.py:92} INFO - 	|      default     |   12  |   12  |   12  |   0   ||   12  |   12  |
[2025-08-31 23:33:10,111] {subprocess.py:92} INFO - 	---------------------------------------------------------------------
[2025-08-31 23:33:10,120] {subprocess.py:92} INFO - :: retrieving :: org.apache.spark#spark-submit-parent-0b38d85d-a8b4-4513-9786-becfb32f25db
[2025-08-31 23:33:10,120] {subprocess.py:92} INFO - 	confs: [default]
[2025-08-31 23:33:10,208] {subprocess.py:92} INFO - 	12 artifacts copied, 0 already retrieved (56631kB/88ms)
[2025-08-31 23:33:10,563] {subprocess.py:92} INFO - 25/08/31 23:33:10 WARN NativeCodeLoader: Unable to load native-hadoop library for your platform... using builtin-java classes where applicable
[2025-08-31 23:33:12,052] {subprocess.py:92} INFO - 25/08/31 23:33:12 INFO SparkContext: Running Spark version 3.3.1
[2025-08-31 23:33:12,118] {subprocess.py:92} INFO - 25/08/31 23:33:12 INFO ResourceUtils: ==============================================================
[2025-08-31 23:33:12,119] {subprocess.py:92} INFO - 25/08/31 23:33:12 INFO ResourceUtils: No custom resources configured for spark.driver.
[2025-08-31 23:33:12,120] {subprocess.py:92} INFO - 25/08/31 23:33:12 INFO ResourceUtils: ==============================================================
[2025-08-31 23:33:12,122] {subprocess.py:92} INFO - 25/08/31 23:33:12 INFO SparkContext: Submitted application: KafkaToHDFSWeather
[2025-08-31 23:33:12,191] {subprocess.py:92} INFO - 25/08/31 23:33:12 INFO ResourceProfile: Default ResourceProfile created, executor resources: Map(cores -> name: cores, amount: 1, script: , vendor: , memory -> name: memory, amount: 1024, script: , vendor: , offHeap -> name: offHeap, amount: 0, script: , vendor: ), task resources: Map(cpus -> name: cpus, amount: 1.0)
[2025-08-31 23:33:12,222] {subprocess.py:92} INFO - 25/08/31 23:33:12 INFO ResourceProfile: Limiting resource is cpu
[2025-08-31 23:33:12,224] {subprocess.py:92} INFO - 25/08/31 23:33:12 INFO ResourceProfileManager: Added ResourceProfile id: 0
[2025-08-31 23:33:12,341] {subprocess.py:92} INFO - 25/08/31 23:33:12 INFO SecurityManager: Changing view acls to: ***
[2025-08-31 23:33:12,341] {subprocess.py:92} INFO - 25/08/31 23:33:12 INFO SecurityManager: Changing modify acls to: ***
[2025-08-31 23:33:12,342] {subprocess.py:92} INFO - 25/08/31 23:33:12 INFO SecurityManager: Changing view acls groups to:
[2025-08-31 23:33:12,342] {subprocess.py:92} INFO - 25/08/31 23:33:12 INFO SecurityManager: Changing modify acls groups to:
[2025-08-31 23:33:12,343] {subprocess.py:92} INFO - 25/08/31 23:33:12 INFO SecurityManager: SecurityManager: authentication disabled; ui acls disabled; users  with view permissions: Set(***); groups with view permissions: Set(); users  with modify permissions: Set(***); groups with modify permissions: Set()
[2025-08-31 23:33:12,848] {subprocess.py:92} INFO - 25/08/31 23:33:12 INFO Utils: Successfully started service 'sparkDriver' on port 42445.
[2025-08-31 23:33:12,911] {subprocess.py:92} INFO - 25/08/31 23:33:12 INFO SparkEnv: Registering MapOutputTracker
[2025-08-31 23:33:12,991] {subprocess.py:92} INFO - 25/08/31 23:33:12 INFO SparkEnv: Registering BlockManagerMaster
[2025-08-31 23:33:13,015] {subprocess.py:92} INFO - 25/08/31 23:33:13 INFO BlockManagerMasterEndpoint: Using org.apache.spark.storage.DefaultTopologyMapper for getting topology information
[2025-08-31 23:33:13,016] {subprocess.py:92} INFO - 25/08/31 23:33:13 INFO BlockManagerMasterEndpoint: BlockManagerMasterEndpoint up
[2025-08-31 23:33:13,023] {subprocess.py:92} INFO - 25/08/31 23:33:13 INFO SparkEnv: Registering BlockManagerMasterHeartbeat
[2025-08-31 23:33:13,065] {subprocess.py:92} INFO - 25/08/31 23:33:13 INFO DiskBlockManager: Created local directory at /tmp/blockmgr-dff57787-556c-4d2e-a6ae-ef264c8df60d
[2025-08-31 23:33:13,108] {subprocess.py:92} INFO - 25/08/31 23:33:13 INFO MemoryStore: MemoryStore started with capacity 434.4 MiB
[2025-08-31 23:33:13,151] {subprocess.py:92} INFO - 25/08/31 23:33:13 INFO SparkEnv: Registering OutputCommitCoordinator
[2025-08-31 23:33:13,681] {subprocess.py:92} INFO - 25/08/31 23:33:13 INFO Utils: Successfully started service 'SparkUI' on port 4040.
[2025-08-31 23:33:13,781] {subprocess.py:92} INFO - 25/08/31 23:33:13 INFO SparkContext: Added JAR file:///home/***/.ivy2/jars/org.apache.spark_spark-sql-kafka-0-10_2.12-3.3.1.jar at spark://5d7670b258c3:42445/jars/org.apache.spark_spark-sql-kafka-0-10_2.12-3.3.1.jar with timestamp 1756683192033
[2025-08-31 23:33:13,781] {subprocess.py:92} INFO - 25/08/31 23:33:13 INFO SparkContext: Added JAR file:///home/***/.ivy2/jars/org.apache.spark_spark-token-provider-kafka-0-10_2.12-3.3.1.jar at spark://5d7670b258c3:42445/jars/org.apache.spark_spark-token-provider-kafka-0-10_2.12-3.3.1.jar with timestamp 1756683192033
[2025-08-31 23:33:13,782] {subprocess.py:92} INFO - 25/08/31 23:33:13 INFO SparkContext: Added JAR file:///home/***/.ivy2/jars/org.apache.kafka_kafka-clients-2.8.1.jar at spark://5d7670b258c3:42445/jars/org.apache.kafka_kafka-clients-2.8.1.jar with timestamp 1756683192033
[2025-08-31 23:33:13,782] {subprocess.py:92} INFO - 25/08/31 23:33:13 INFO SparkContext: Added JAR file:///home/***/.ivy2/jars/com.google.code.findbugs_jsr305-3.0.0.jar at spark://5d7670b258c3:42445/jars/com.google.code.findbugs_jsr305-3.0.0.jar with timestamp 1756683192033
[2025-08-31 23:33:13,783] {subprocess.py:92} INFO - 25/08/31 23:33:13 INFO SparkContext: Added JAR file:///home/***/.ivy2/jars/org.apache.commons_commons-pool2-2.11.1.jar at spark://5d7670b258c3:42445/jars/org.apache.commons_commons-pool2-2.11.1.jar with timestamp 1756683192033
[2025-08-31 23:33:13,783] {subprocess.py:92} INFO - 25/08/31 23:33:13 INFO SparkContext: Added JAR file:///home/***/.ivy2/jars/org.spark-project.spark_unused-1.0.0.jar at spark://5d7670b258c3:42445/jars/org.spark-project.spark_unused-1.0.0.jar with timestamp 1756683192033
[2025-08-31 23:33:13,783] {subprocess.py:92} INFO - 25/08/31 23:33:13 INFO SparkContext: Added JAR file:///home/***/.ivy2/jars/org.apache.hadoop_hadoop-client-runtime-3.3.2.jar at spark://5d7670b258c3:42445/jars/org.apache.hadoop_hadoop-client-runtime-3.3.2.jar with timestamp 1756683192033
[2025-08-31 23:33:13,783] {subprocess.py:92} INFO - 25/08/31 23:33:13 INFO SparkContext: Added JAR file:///home/***/.ivy2/jars/org.lz4_lz4-java-1.8.0.jar at spark://5d7670b258c3:42445/jars/org.lz4_lz4-java-1.8.0.jar with timestamp 1756683192033
[2025-08-31 23:33:13,784] {subprocess.py:92} INFO - 25/08/31 23:33:13 INFO SparkContext: Added JAR file:///home/***/.ivy2/jars/org.xerial.snappy_snappy-java-1.1.8.4.jar at spark://5d7670b258c3:42445/jars/org.xerial.snappy_snappy-java-1.1.8.4.jar with timestamp 1756683192033
[2025-08-31 23:33:13,785] {subprocess.py:92} INFO - 25/08/31 23:33:13 INFO SparkContext: Added JAR file:///home/***/.ivy2/jars/org.slf4j_slf4j-api-1.7.32.jar at spark://5d7670b258c3:42445/jars/org.slf4j_slf4j-api-1.7.32.jar with timestamp 1756683192033
[2025-08-31 23:33:13,786] {subprocess.py:92} INFO - 25/08/31 23:33:13 INFO SparkContext: Added JAR file:///home/***/.ivy2/jars/org.apache.hadoop_hadoop-client-api-3.3.2.jar at spark://5d7670b258c3:42445/jars/org.apache.hadoop_hadoop-client-api-3.3.2.jar with timestamp 1756683192033
[2025-08-31 23:33:13,786] {subprocess.py:92} INFO - 25/08/31 23:33:13 INFO SparkContext: Added JAR file:///home/***/.ivy2/jars/commons-logging_commons-logging-1.1.3.jar at spark://5d7670b258c3:42445/jars/commons-logging_commons-logging-1.1.3.jar with timestamp 1756683192033
[2025-08-31 23:33:13,794] {subprocess.py:92} INFO - 25/08/31 23:33:13 INFO SparkContext: Added file file:///home/***/.ivy2/jars/org.apache.spark_spark-sql-kafka-0-10_2.12-3.3.1.jar at file:///home/***/.ivy2/jars/org.apache.spark_spark-sql-kafka-0-10_2.12-3.3.1.jar with timestamp 1756683192033
[2025-08-31 23:33:13,797] {subprocess.py:92} INFO - 25/08/31 23:33:13 INFO Utils: Copying /home/***/.ivy2/jars/org.apache.spark_spark-sql-kafka-0-10_2.12-3.3.1.jar to /tmp/spark-485960f4-b521-471f-8b76-cf76ff626aa3/userFiles-e925b377-1fa1-4371-ab80-2e079951e07a/org.apache.spark_spark-sql-kafka-0-10_2.12-3.3.1.jar
[2025-08-31 23:33:13,819] {subprocess.py:92} INFO - 25/08/31 23:33:13 INFO SparkContext: Added file file:///home/***/.ivy2/jars/org.apache.spark_spark-token-provider-kafka-0-10_2.12-3.3.1.jar at file:///home/***/.ivy2/jars/org.apache.spark_spark-token-provider-kafka-0-10_2.12-3.3.1.jar with timestamp 1756683192033
[2025-08-31 23:33:13,820] {subprocess.py:92} INFO - 25/08/31 23:33:13 INFO Utils: Copying /home/***/.ivy2/jars/org.apache.spark_spark-token-provider-kafka-0-10_2.12-3.3.1.jar to /tmp/spark-485960f4-b521-471f-8b76-cf76ff626aa3/userFiles-e925b377-1fa1-4371-ab80-2e079951e07a/org.apache.spark_spark-token-provider-kafka-0-10_2.12-3.3.1.jar
[2025-08-31 23:33:13,831] {subprocess.py:92} INFO - 25/08/31 23:33:13 INFO SparkContext: Added file file:///home/***/.ivy2/jars/org.apache.kafka_kafka-clients-2.8.1.jar at file:///home/***/.ivy2/jars/org.apache.kafka_kafka-clients-2.8.1.jar with timestamp 1756683192033
[2025-08-31 23:33:13,832] {subprocess.py:92} INFO - 25/08/31 23:33:13 INFO Utils: Copying /home/***/.ivy2/jars/org.apache.kafka_kafka-clients-2.8.1.jar to /tmp/spark-485960f4-b521-471f-8b76-cf76ff626aa3/userFiles-e925b377-1fa1-4371-ab80-2e079951e07a/org.apache.kafka_kafka-clients-2.8.1.jar
[2025-08-31 23:33:13,845] {subprocess.py:92} INFO - 25/08/31 23:33:13 INFO SparkContext: Added file file:///home/***/.ivy2/jars/com.google.code.findbugs_jsr305-3.0.0.jar at file:///home/***/.ivy2/jars/com.google.code.findbugs_jsr305-3.0.0.jar with timestamp 1756683192033
[2025-08-31 23:33:13,845] {subprocess.py:92} INFO - 25/08/31 23:33:13 INFO Utils: Copying /home/***/.ivy2/jars/com.google.code.findbugs_jsr305-3.0.0.jar to /tmp/spark-485960f4-b521-471f-8b76-cf76ff626aa3/userFiles-e925b377-1fa1-4371-ab80-2e079951e07a/com.google.code.findbugs_jsr305-3.0.0.jar
[2025-08-31 23:33:13,850] {subprocess.py:92} INFO - 25/08/31 23:33:13 INFO SparkContext: Added file file:///home/***/.ivy2/jars/org.apache.commons_commons-pool2-2.11.1.jar at file:///home/***/.ivy2/jars/org.apache.commons_commons-pool2-2.11.1.jar with timestamp 1756683192033
[2025-08-31 23:33:13,851] {subprocess.py:92} INFO - 25/08/31 23:33:13 INFO Utils: Copying /home/***/.ivy2/jars/org.apache.commons_commons-pool2-2.11.1.jar to /tmp/spark-485960f4-b521-471f-8b76-cf76ff626aa3/userFiles-e925b377-1fa1-4371-ab80-2e079951e07a/org.apache.commons_commons-pool2-2.11.1.jar
[2025-08-31 23:33:13,859] {subprocess.py:92} INFO - 25/08/31 23:33:13 INFO SparkContext: Added file file:///home/***/.ivy2/jars/org.spark-project.spark_unused-1.0.0.jar at file:///home/***/.ivy2/jars/org.spark-project.spark_unused-1.0.0.jar with timestamp 1756683192033
[2025-08-31 23:33:13,860] {subprocess.py:92} INFO - 25/08/31 23:33:13 INFO Utils: Copying /home/***/.ivy2/jars/org.spark-project.spark_unused-1.0.0.jar to /tmp/spark-485960f4-b521-471f-8b76-cf76ff626aa3/userFiles-e925b377-1fa1-4371-ab80-2e079951e07a/org.spark-project.spark_unused-1.0.0.jar
[2025-08-31 23:33:13,867] {subprocess.py:92} INFO - 25/08/31 23:33:13 INFO SparkContext: Added file file:///home/***/.ivy2/jars/org.apache.hadoop_hadoop-client-runtime-3.3.2.jar at file:///home/***/.ivy2/jars/org.apache.hadoop_hadoop-client-runtime-3.3.2.jar with timestamp 1756683192033
[2025-08-31 23:33:13,868] {subprocess.py:92} INFO - 25/08/31 23:33:13 INFO Utils: Copying /home/***/.ivy2/jars/org.apache.hadoop_hadoop-client-runtime-3.3.2.jar to /tmp/spark-485960f4-b521-471f-8b76-cf76ff626aa3/userFiles-e925b377-1fa1-4371-ab80-2e079951e07a/org.apache.hadoop_hadoop-client-runtime-3.3.2.jar
[2025-08-31 23:33:13,903] {subprocess.py:92} INFO - 25/08/31 23:33:13 INFO SparkContext: Added file file:///home/***/.ivy2/jars/org.lz4_lz4-java-1.8.0.jar at file:///home/***/.ivy2/jars/org.lz4_lz4-java-1.8.0.jar with timestamp 1756683192033
[2025-08-31 23:33:13,904] {subprocess.py:92} INFO - 25/08/31 23:33:13 INFO Utils: Copying /home/***/.ivy2/jars/org.lz4_lz4-java-1.8.0.jar to /tmp/spark-485960f4-b521-471f-8b76-cf76ff626aa3/userFiles-e925b377-1fa1-4371-ab80-2e079951e07a/org.lz4_lz4-java-1.8.0.jar
[2025-08-31 23:33:13,911] {subprocess.py:92} INFO - 25/08/31 23:33:13 INFO SparkContext: Added file file:///home/***/.ivy2/jars/org.xerial.snappy_snappy-java-1.1.8.4.jar at file:///home/***/.ivy2/jars/org.xerial.snappy_snappy-java-1.1.8.4.jar with timestamp 1756683192033
[2025-08-31 23:33:13,912] {subprocess.py:92} INFO - 25/08/31 23:33:13 INFO Utils: Copying /home/***/.ivy2/jars/org.xerial.snappy_snappy-java-1.1.8.4.jar to /tmp/spark-485960f4-b521-471f-8b76-cf76ff626aa3/userFiles-e925b377-1fa1-4371-ab80-2e079951e07a/org.xerial.snappy_snappy-java-1.1.8.4.jar
[2025-08-31 23:33:13,921] {subprocess.py:92} INFO - 25/08/31 23:33:13 INFO SparkContext: Added file file:///home/***/.ivy2/jars/org.slf4j_slf4j-api-1.7.32.jar at file:///home/***/.ivy2/jars/org.slf4j_slf4j-api-1.7.32.jar with timestamp 1756683192033
[2025-08-31 23:33:13,922] {subprocess.py:92} INFO - 25/08/31 23:33:13 INFO Utils: Copying /home/***/.ivy2/jars/org.slf4j_slf4j-api-1.7.32.jar to /tmp/spark-485960f4-b521-471f-8b76-cf76ff626aa3/userFiles-e925b377-1fa1-4371-ab80-2e079951e07a/org.slf4j_slf4j-api-1.7.32.jar
[2025-08-31 23:33:13,928] {subprocess.py:92} INFO - 25/08/31 23:33:13 INFO SparkContext: Added file file:///home/***/.ivy2/jars/org.apache.hadoop_hadoop-client-api-3.3.2.jar at file:///home/***/.ivy2/jars/org.apache.hadoop_hadoop-client-api-3.3.2.jar with timestamp 1756683192033
[2025-08-31 23:33:13,929] {subprocess.py:92} INFO - 25/08/31 23:33:13 INFO Utils: Copying /home/***/.ivy2/jars/org.apache.hadoop_hadoop-client-api-3.3.2.jar to /tmp/spark-485960f4-b521-471f-8b76-cf76ff626aa3/userFiles-e925b377-1fa1-4371-ab80-2e079951e07a/org.apache.hadoop_hadoop-client-api-3.3.2.jar
[2025-08-31 23:33:13,956] {subprocess.py:92} INFO - 25/08/31 23:33:13 INFO SparkContext: Added file file:///home/***/.ivy2/jars/commons-logging_commons-logging-1.1.3.jar at file:///home/***/.ivy2/jars/commons-logging_commons-logging-1.1.3.jar with timestamp 1756683192033
[2025-08-31 23:33:13,956] {subprocess.py:92} INFO - 25/08/31 23:33:13 INFO Utils: Copying /home/***/.ivy2/jars/commons-logging_commons-logging-1.1.3.jar to /tmp/spark-485960f4-b521-471f-8b76-cf76ff626aa3/userFiles-e925b377-1fa1-4371-ab80-2e079951e07a/commons-logging_commons-logging-1.1.3.jar
[2025-08-31 23:33:14,074] {subprocess.py:92} INFO - 25/08/31 23:33:14 INFO Executor: Starting executor ID driver on host 5d7670b258c3
[2025-08-31 23:33:14,092] {subprocess.py:92} INFO - 25/08/31 23:33:14 INFO Executor: Starting executor with user classpath (userClassPathFirst = false): ''
[2025-08-31 23:33:14,118] {subprocess.py:92} INFO - 25/08/31 23:33:14 INFO Executor: Fetching file:///home/***/.ivy2/jars/commons-logging_commons-logging-1.1.3.jar with timestamp 1756683192033
[2025-08-31 23:33:14,162] {subprocess.py:92} INFO - 25/08/31 23:33:14 INFO Utils: /home/***/.ivy2/jars/commons-logging_commons-logging-1.1.3.jar has been previously copied to /tmp/spark-485960f4-b521-471f-8b76-cf76ff626aa3/userFiles-e925b377-1fa1-4371-ab80-2e079951e07a/commons-logging_commons-logging-1.1.3.jar
[2025-08-31 23:33:14,167] {subprocess.py:92} INFO - 25/08/31 23:33:14 INFO Executor: Fetching file:///home/***/.ivy2/jars/org.spark-project.spark_unused-1.0.0.jar with timestamp 1756683192033
[2025-08-31 23:33:14,168] {subprocess.py:92} INFO - 25/08/31 23:33:14 INFO Utils: /home/***/.ivy2/jars/org.spark-project.spark_unused-1.0.0.jar has been previously copied to /tmp/spark-485960f4-b521-471f-8b76-cf76ff626aa3/userFiles-e925b377-1fa1-4371-ab80-2e079951e07a/org.spark-project.spark_unused-1.0.0.jar
[2025-08-31 23:33:14,173] {subprocess.py:92} INFO - 25/08/31 23:33:14 INFO Executor: Fetching file:///home/***/.ivy2/jars/org.apache.spark_spark-sql-kafka-0-10_2.12-3.3.1.jar with timestamp 1756683192033
[2025-08-31 23:33:14,175] {subprocess.py:92} INFO - 25/08/31 23:33:14 INFO Utils: /home/***/.ivy2/jars/org.apache.spark_spark-sql-kafka-0-10_2.12-3.3.1.jar has been previously copied to /tmp/spark-485960f4-b521-471f-8b76-cf76ff626aa3/userFiles-e925b377-1fa1-4371-ab80-2e079951e07a/org.apache.spark_spark-sql-kafka-0-10_2.12-3.3.1.jar
[2025-08-31 23:33:14,182] {subprocess.py:92} INFO - 25/08/31 23:33:14 INFO Executor: Fetching file:///home/***/.ivy2/jars/org.apache.hadoop_hadoop-client-api-3.3.2.jar with timestamp 1756683192033
[2025-08-31 23:33:14,200] {subprocess.py:92} INFO - 25/08/31 23:33:14 INFO Utils: /home/***/.ivy2/jars/org.apache.hadoop_hadoop-client-api-3.3.2.jar has been previously copied to /tmp/spark-485960f4-b521-471f-8b76-cf76ff626aa3/userFiles-e925b377-1fa1-4371-ab80-2e079951e07a/org.apache.hadoop_hadoop-client-api-3.3.2.jar
[2025-08-31 23:33:14,207] {subprocess.py:92} INFO - 25/08/31 23:33:14 INFO Executor: Fetching file:///home/***/.ivy2/jars/org.apache.hadoop_hadoop-client-runtime-3.3.2.jar with timestamp 1756683192033
[2025-08-31 23:33:14,233] {subprocess.py:92} INFO - 25/08/31 23:33:14 INFO Utils: /home/***/.ivy2/jars/org.apache.hadoop_hadoop-client-runtime-3.3.2.jar has been previously copied to /tmp/spark-485960f4-b521-471f-8b76-cf76ff626aa3/userFiles-e925b377-1fa1-4371-ab80-2e079951e07a/org.apache.hadoop_hadoop-client-runtime-3.3.2.jar
[2025-08-31 23:33:14,241] {subprocess.py:92} INFO - 25/08/31 23:33:14 INFO Executor: Fetching file:///home/***/.ivy2/jars/org.slf4j_slf4j-api-1.7.32.jar with timestamp 1756683192033
[2025-08-31 23:33:14,242] {subprocess.py:92} INFO - 25/08/31 23:33:14 INFO Utils: /home/***/.ivy2/jars/org.slf4j_slf4j-api-1.7.32.jar has been previously copied to /tmp/spark-485960f4-b521-471f-8b76-cf76ff626aa3/userFiles-e925b377-1fa1-4371-ab80-2e079951e07a/org.slf4j_slf4j-api-1.7.32.jar
[2025-08-31 23:33:14,261] {subprocess.py:92} INFO - 25/08/31 23:33:14 INFO Executor: Fetching file:///home/***/.ivy2/jars/org.lz4_lz4-java-1.8.0.jar with timestamp 1756683192033
[2025-08-31 23:33:14,264] {subprocess.py:92} INFO - 25/08/31 23:33:14 INFO Utils: /home/***/.ivy2/jars/org.lz4_lz4-java-1.8.0.jar has been previously copied to /tmp/spark-485960f4-b521-471f-8b76-cf76ff626aa3/userFiles-e925b377-1fa1-4371-ab80-2e079951e07a/org.lz4_lz4-java-1.8.0.jar
[2025-08-31 23:33:14,272] {subprocess.py:92} INFO - 25/08/31 23:33:14 INFO Executor: Fetching file:///home/***/.ivy2/jars/org.apache.commons_commons-pool2-2.11.1.jar with timestamp 1756683192033
[2025-08-31 23:33:14,272] {subprocess.py:92} INFO - 25/08/31 23:33:14 INFO Utils: /home/***/.ivy2/jars/org.apache.commons_commons-pool2-2.11.1.jar has been previously copied to /tmp/spark-485960f4-b521-471f-8b76-cf76ff626aa3/userFiles-e925b377-1fa1-4371-ab80-2e079951e07a/org.apache.commons_commons-pool2-2.11.1.jar
[2025-08-31 23:33:14,278] {subprocess.py:92} INFO - 25/08/31 23:33:14 INFO Executor: Fetching file:///home/***/.ivy2/jars/com.google.code.findbugs_jsr305-3.0.0.jar with timestamp 1756683192033
[2025-08-31 23:33:14,279] {subprocess.py:92} INFO - 25/08/31 23:33:14 INFO Utils: /home/***/.ivy2/jars/com.google.code.findbugs_jsr305-3.0.0.jar has been previously copied to /tmp/spark-485960f4-b521-471f-8b76-cf76ff626aa3/userFiles-e925b377-1fa1-4371-ab80-2e079951e07a/com.google.code.findbugs_jsr305-3.0.0.jar
[2025-08-31 23:33:14,283] {subprocess.py:92} INFO - 25/08/31 23:33:14 INFO Executor: Fetching file:///home/***/.ivy2/jars/org.apache.spark_spark-token-provider-kafka-0-10_2.12-3.3.1.jar with timestamp 1756683192033
[2025-08-31 23:33:14,284] {subprocess.py:92} INFO - 25/08/31 23:33:14 INFO Utils: /home/***/.ivy2/jars/org.apache.spark_spark-token-provider-kafka-0-10_2.12-3.3.1.jar has been previously copied to /tmp/spark-485960f4-b521-471f-8b76-cf76ff626aa3/userFiles-e925b377-1fa1-4371-ab80-2e079951e07a/org.apache.spark_spark-token-provider-kafka-0-10_2.12-3.3.1.jar
[2025-08-31 23:33:14,289] {subprocess.py:92} INFO - 25/08/31 23:33:14 INFO Executor: Fetching file:///home/***/.ivy2/jars/org.apache.kafka_kafka-clients-2.8.1.jar with timestamp 1756683192033
[2025-08-31 23:33:14,295] {subprocess.py:92} INFO - 25/08/31 23:33:14 INFO Utils: /home/***/.ivy2/jars/org.apache.kafka_kafka-clients-2.8.1.jar has been previously copied to /tmp/spark-485960f4-b521-471f-8b76-cf76ff626aa3/userFiles-e925b377-1fa1-4371-ab80-2e079951e07a/org.apache.kafka_kafka-clients-2.8.1.jar
[2025-08-31 23:33:14,302] {subprocess.py:92} INFO - 25/08/31 23:33:14 INFO Executor: Fetching file:///home/***/.ivy2/jars/org.xerial.snappy_snappy-java-1.1.8.4.jar with timestamp 1756683192033
[2025-08-31 23:33:14,307] {subprocess.py:92} INFO - 25/08/31 23:33:14 INFO Utils: /home/***/.ivy2/jars/org.xerial.snappy_snappy-java-1.1.8.4.jar has been previously copied to /tmp/spark-485960f4-b521-471f-8b76-cf76ff626aa3/userFiles-e925b377-1fa1-4371-ab80-2e079951e07a/org.xerial.snappy_snappy-java-1.1.8.4.jar
[2025-08-31 23:33:14,316] {subprocess.py:92} INFO - 25/08/31 23:33:14 INFO Executor: Fetching spark://5d7670b258c3:42445/jars/org.apache.hadoop_hadoop-client-runtime-3.3.2.jar with timestamp 1756683192033
[2025-08-31 23:33:14,405] {subprocess.py:92} INFO - 25/08/31 23:33:14 INFO TransportClientFactory: Successfully created connection to 5d7670b258c3/172.20.0.18:42445 after 58 ms (0 ms spent in bootstraps)
[2025-08-31 23:33:14,418] {subprocess.py:92} INFO - 25/08/31 23:33:14 INFO Utils: Fetching spark://5d7670b258c3:42445/jars/org.apache.hadoop_hadoop-client-runtime-3.3.2.jar to /tmp/spark-485960f4-b521-471f-8b76-cf76ff626aa3/userFiles-e925b377-1fa1-4371-ab80-2e079951e07a/fetchFileTemp2341832189579851093.tmp
[2025-08-31 23:33:14,658] {subprocess.py:92} INFO - 25/08/31 23:33:14 INFO Utils: /tmp/spark-485960f4-b521-471f-8b76-cf76ff626aa3/userFiles-e925b377-1fa1-4371-ab80-2e079951e07a/fetchFileTemp2341832189579851093.tmp has been previously copied to /tmp/spark-485960f4-b521-471f-8b76-cf76ff626aa3/userFiles-e925b377-1fa1-4371-ab80-2e079951e07a/org.apache.hadoop_hadoop-client-runtime-3.3.2.jar
[2025-08-31 23:33:14,671] {subprocess.py:92} INFO - 25/08/31 23:33:14 INFO Executor: Adding file:/tmp/spark-485960f4-b521-471f-8b76-cf76ff626aa3/userFiles-e925b377-1fa1-4371-ab80-2e079951e07a/org.apache.hadoop_hadoop-client-runtime-3.3.2.jar to class loader
[2025-08-31 23:33:14,671] {subprocess.py:92} INFO - 25/08/31 23:33:14 INFO Executor: Fetching spark://5d7670b258c3:42445/jars/org.xerial.snappy_snappy-java-1.1.8.4.jar with timestamp 1756683192033
[2025-08-31 23:33:14,672] {subprocess.py:92} INFO - 25/08/31 23:33:14 INFO Utils: Fetching spark://5d7670b258c3:42445/jars/org.xerial.snappy_snappy-java-1.1.8.4.jar to /tmp/spark-485960f4-b521-471f-8b76-cf76ff626aa3/userFiles-e925b377-1fa1-4371-ab80-2e079951e07a/fetchFileTemp12323851122091477869.tmp
[2025-08-31 23:33:14,689] {subprocess.py:92} INFO - 25/08/31 23:33:14 INFO Utils: /tmp/spark-485960f4-b521-471f-8b76-cf76ff626aa3/userFiles-e925b377-1fa1-4371-ab80-2e079951e07a/fetchFileTemp12323851122091477869.tmp has been previously copied to /tmp/spark-485960f4-b521-471f-8b76-cf76ff626aa3/userFiles-e925b377-1fa1-4371-ab80-2e079951e07a/org.xerial.snappy_snappy-java-1.1.8.4.jar
[2025-08-31 23:33:14,696] {subprocess.py:92} INFO - 25/08/31 23:33:14 INFO Executor: Adding file:/tmp/spark-485960f4-b521-471f-8b76-cf76ff626aa3/userFiles-e925b377-1fa1-4371-ab80-2e079951e07a/org.xerial.snappy_snappy-java-1.1.8.4.jar to class loader
[2025-08-31 23:33:14,696] {subprocess.py:92} INFO - 25/08/31 23:33:14 INFO Executor: Fetching spark://5d7670b258c3:42445/jars/org.slf4j_slf4j-api-1.7.32.jar with timestamp 1756683192033
[2025-08-31 23:33:14,697] {subprocess.py:92} INFO - 25/08/31 23:33:14 INFO Utils: Fetching spark://5d7670b258c3:42445/jars/org.slf4j_slf4j-api-1.7.32.jar to /tmp/spark-485960f4-b521-471f-8b76-cf76ff626aa3/userFiles-e925b377-1fa1-4371-ab80-2e079951e07a/fetchFileTemp14764016528508689091.tmp
[2025-08-31 23:33:14,699] {subprocess.py:92} INFO - 25/08/31 23:33:14 INFO Utils: /tmp/spark-485960f4-b521-471f-8b76-cf76ff626aa3/userFiles-e925b377-1fa1-4371-ab80-2e079951e07a/fetchFileTemp14764016528508689091.tmp has been previously copied to /tmp/spark-485960f4-b521-471f-8b76-cf76ff626aa3/userFiles-e925b377-1fa1-4371-ab80-2e079951e07a/org.slf4j_slf4j-api-1.7.32.jar
[2025-08-31 23:33:14,705] {subprocess.py:92} INFO - 25/08/31 23:33:14 INFO Executor: Adding file:/tmp/spark-485960f4-b521-471f-8b76-cf76ff626aa3/userFiles-e925b377-1fa1-4371-ab80-2e079951e07a/org.slf4j_slf4j-api-1.7.32.jar to class loader
[2025-08-31 23:33:14,705] {subprocess.py:92} INFO - 25/08/31 23:33:14 INFO Executor: Fetching spark://5d7670b258c3:42445/jars/org.lz4_lz4-java-1.8.0.jar with timestamp 1756683192033
[2025-08-31 23:33:14,707] {subprocess.py:92} INFO - 25/08/31 23:33:14 INFO Utils: Fetching spark://5d7670b258c3:42445/jars/org.lz4_lz4-java-1.8.0.jar to /tmp/spark-485960f4-b521-471f-8b76-cf76ff626aa3/userFiles-e925b377-1fa1-4371-ab80-2e079951e07a/fetchFileTemp1981334885090305644.tmp
[2025-08-31 23:33:14,714] {subprocess.py:92} INFO - 25/08/31 23:33:14 INFO Utils: /tmp/spark-485960f4-b521-471f-8b76-cf76ff626aa3/userFiles-e925b377-1fa1-4371-ab80-2e079951e07a/fetchFileTemp1981334885090305644.tmp has been previously copied to /tmp/spark-485960f4-b521-471f-8b76-cf76ff626aa3/userFiles-e925b377-1fa1-4371-ab80-2e079951e07a/org.lz4_lz4-java-1.8.0.jar
[2025-08-31 23:33:14,719] {subprocess.py:92} INFO - 25/08/31 23:33:14 INFO Executor: Adding file:/tmp/spark-485960f4-b521-471f-8b76-cf76ff626aa3/userFiles-e925b377-1fa1-4371-ab80-2e079951e07a/org.lz4_lz4-java-1.8.0.jar to class loader
[2025-08-31 23:33:14,720] {subprocess.py:92} INFO - 25/08/31 23:33:14 INFO Executor: Fetching spark://5d7670b258c3:42445/jars/commons-logging_commons-logging-1.1.3.jar with timestamp 1756683192033
[2025-08-31 23:33:14,720] {subprocess.py:92} INFO - 25/08/31 23:33:14 INFO Utils: Fetching spark://5d7670b258c3:42445/jars/commons-logging_commons-logging-1.1.3.jar to /tmp/spark-485960f4-b521-471f-8b76-cf76ff626aa3/userFiles-e925b377-1fa1-4371-ab80-2e079951e07a/fetchFileTemp1614174888844972168.tmp
[2025-08-31 23:33:14,725] {subprocess.py:92} INFO - 25/08/31 23:33:14 INFO Utils: /tmp/spark-485960f4-b521-471f-8b76-cf76ff626aa3/userFiles-e925b377-1fa1-4371-ab80-2e079951e07a/fetchFileTemp1614174888844972168.tmp has been previously copied to /tmp/spark-485960f4-b521-471f-8b76-cf76ff626aa3/userFiles-e925b377-1fa1-4371-ab80-2e079951e07a/commons-logging_commons-logging-1.1.3.jar
[2025-08-31 23:33:14,733] {subprocess.py:92} INFO - 25/08/31 23:33:14 INFO Executor: Adding file:/tmp/spark-485960f4-b521-471f-8b76-cf76ff626aa3/userFiles-e925b377-1fa1-4371-ab80-2e079951e07a/commons-logging_commons-logging-1.1.3.jar to class loader
[2025-08-31 23:33:14,733] {subprocess.py:92} INFO - 25/08/31 23:33:14 INFO Executor: Fetching spark://5d7670b258c3:42445/jars/org.apache.hadoop_hadoop-client-api-3.3.2.jar with timestamp 1756683192033
[2025-08-31 23:33:14,734] {subprocess.py:92} INFO - 25/08/31 23:33:14 INFO Utils: Fetching spark://5d7670b258c3:42445/jars/org.apache.hadoop_hadoop-client-api-3.3.2.jar to /tmp/spark-485960f4-b521-471f-8b76-cf76ff626aa3/userFiles-e925b377-1fa1-4371-ab80-2e079951e07a/fetchFileTemp13269490864764129712.tmp
[2025-08-31 23:33:14,858] {subprocess.py:92} INFO - 25/08/31 23:33:14 INFO Utils: /tmp/spark-485960f4-b521-471f-8b76-cf76ff626aa3/userFiles-e925b377-1fa1-4371-ab80-2e079951e07a/fetchFileTemp13269490864764129712.tmp has been previously copied to /tmp/spark-485960f4-b521-471f-8b76-cf76ff626aa3/userFiles-e925b377-1fa1-4371-ab80-2e079951e07a/org.apache.hadoop_hadoop-client-api-3.3.2.jar
[2025-08-31 23:33:14,872] {subprocess.py:92} INFO - 25/08/31 23:33:14 INFO Executor: Adding file:/tmp/spark-485960f4-b521-471f-8b76-cf76ff626aa3/userFiles-e925b377-1fa1-4371-ab80-2e079951e07a/org.apache.hadoop_hadoop-client-api-3.3.2.jar to class loader
[2025-08-31 23:33:14,872] {subprocess.py:92} INFO - 25/08/31 23:33:14 INFO Executor: Fetching spark://5d7670b258c3:42445/jars/org.spark-project.spark_unused-1.0.0.jar with timestamp 1756683192033
[2025-08-31 23:33:14,873] {subprocess.py:92} INFO - 25/08/31 23:33:14 INFO Utils: Fetching spark://5d7670b258c3:42445/jars/org.spark-project.spark_unused-1.0.0.jar to /tmp/spark-485960f4-b521-471f-8b76-cf76ff626aa3/userFiles-e925b377-1fa1-4371-ab80-2e079951e07a/fetchFileTemp598704127083983008.tmp
[2025-08-31 23:33:14,876] {subprocess.py:92} INFO - 25/08/31 23:33:14 INFO Utils: /tmp/spark-485960f4-b521-471f-8b76-cf76ff626aa3/userFiles-e925b377-1fa1-4371-ab80-2e079951e07a/fetchFileTemp598704127083983008.tmp has been previously copied to /tmp/spark-485960f4-b521-471f-8b76-cf76ff626aa3/userFiles-e925b377-1fa1-4371-ab80-2e079951e07a/org.spark-project.spark_unused-1.0.0.jar
[2025-08-31 23:33:14,881] {subprocess.py:92} INFO - 25/08/31 23:33:14 INFO Executor: Adding file:/tmp/spark-485960f4-b521-471f-8b76-cf76ff626aa3/userFiles-e925b377-1fa1-4371-ab80-2e079951e07a/org.spark-project.spark_unused-1.0.0.jar to class loader
[2025-08-31 23:33:14,882] {subprocess.py:92} INFO - 25/08/31 23:33:14 INFO Executor: Fetching spark://5d7670b258c3:42445/jars/org.apache.spark_spark-sql-kafka-0-10_2.12-3.3.1.jar with timestamp 1756683192033
[2025-08-31 23:33:14,882] {subprocess.py:92} INFO - 25/08/31 23:33:14 INFO Utils: Fetching spark://5d7670b258c3:42445/jars/org.apache.spark_spark-sql-kafka-0-10_2.12-3.3.1.jar to /tmp/spark-485960f4-b521-471f-8b76-cf76ff626aa3/userFiles-e925b377-1fa1-4371-ab80-2e079951e07a/fetchFileTemp1875537592572675575.tmp
[2025-08-31 23:33:14,887] {subprocess.py:92} INFO - 25/08/31 23:33:14 INFO Utils: /tmp/spark-485960f4-b521-471f-8b76-cf76ff626aa3/userFiles-e925b377-1fa1-4371-ab80-2e079951e07a/fetchFileTemp1875537592572675575.tmp has been previously copied to /tmp/spark-485960f4-b521-471f-8b76-cf76ff626aa3/userFiles-e925b377-1fa1-4371-ab80-2e079951e07a/org.apache.spark_spark-sql-kafka-0-10_2.12-3.3.1.jar
[2025-08-31 23:33:14,894] {subprocess.py:92} INFO - 25/08/31 23:33:14 INFO Executor: Adding file:/tmp/spark-485960f4-b521-471f-8b76-cf76ff626aa3/userFiles-e925b377-1fa1-4371-ab80-2e079951e07a/org.apache.spark_spark-sql-kafka-0-10_2.12-3.3.1.jar to class loader
[2025-08-31 23:33:14,895] {subprocess.py:92} INFO - 25/08/31 23:33:14 INFO Executor: Fetching spark://5d7670b258c3:42445/jars/org.apache.spark_spark-token-provider-kafka-0-10_2.12-3.3.1.jar with timestamp 1756683192033
[2025-08-31 23:33:14,896] {subprocess.py:92} INFO - 25/08/31 23:33:14 INFO Utils: Fetching spark://5d7670b258c3:42445/jars/org.apache.spark_spark-token-provider-kafka-0-10_2.12-3.3.1.jar to /tmp/spark-485960f4-b521-471f-8b76-cf76ff626aa3/userFiles-e925b377-1fa1-4371-ab80-2e079951e07a/fetchFileTemp5305839054917653278.tmp
[2025-08-31 23:33:14,899] {subprocess.py:92} INFO - 25/08/31 23:33:14 INFO Utils: /tmp/spark-485960f4-b521-471f-8b76-cf76ff626aa3/userFiles-e925b377-1fa1-4371-ab80-2e079951e07a/fetchFileTemp5305839054917653278.tmp has been previously copied to /tmp/spark-485960f4-b521-471f-8b76-cf76ff626aa3/userFiles-e925b377-1fa1-4371-ab80-2e079951e07a/org.apache.spark_spark-token-provider-kafka-0-10_2.12-3.3.1.jar
[2025-08-31 23:33:14,906] {subprocess.py:92} INFO - 25/08/31 23:33:14 INFO Executor: Adding file:/tmp/spark-485960f4-b521-471f-8b76-cf76ff626aa3/userFiles-e925b377-1fa1-4371-ab80-2e079951e07a/org.apache.spark_spark-token-provider-kafka-0-10_2.12-3.3.1.jar to class loader
[2025-08-31 23:33:14,907] {subprocess.py:92} INFO - 25/08/31 23:33:14 INFO Executor: Fetching spark://5d7670b258c3:42445/jars/com.google.code.findbugs_jsr305-3.0.0.jar with timestamp 1756683192033
[2025-08-31 23:33:14,908] {subprocess.py:92} INFO - 25/08/31 23:33:14 INFO Utils: Fetching spark://5d7670b258c3:42445/jars/com.google.code.findbugs_jsr305-3.0.0.jar to /tmp/spark-485960f4-b521-471f-8b76-cf76ff626aa3/userFiles-e925b377-1fa1-4371-ab80-2e079951e07a/fetchFileTemp11609375147154484454.tmp
[2025-08-31 23:33:14,911] {subprocess.py:92} INFO - 25/08/31 23:33:14 INFO Utils: /tmp/spark-485960f4-b521-471f-8b76-cf76ff626aa3/userFiles-e925b377-1fa1-4371-ab80-2e079951e07a/fetchFileTemp11609375147154484454.tmp has been previously copied to /tmp/spark-485960f4-b521-471f-8b76-cf76ff626aa3/userFiles-e925b377-1fa1-4371-ab80-2e079951e07a/com.google.code.findbugs_jsr305-3.0.0.jar
[2025-08-31 23:33:14,915] {subprocess.py:92} INFO - 25/08/31 23:33:14 INFO Executor: Adding file:/tmp/spark-485960f4-b521-471f-8b76-cf76ff626aa3/userFiles-e925b377-1fa1-4371-ab80-2e079951e07a/com.google.code.findbugs_jsr305-3.0.0.jar to class loader
[2025-08-31 23:33:14,915] {subprocess.py:92} INFO - 25/08/31 23:33:14 INFO Executor: Fetching spark://5d7670b258c3:42445/jars/org.apache.commons_commons-pool2-2.11.1.jar with timestamp 1756683192033
[2025-08-31 23:33:14,916] {subprocess.py:92} INFO - 25/08/31 23:33:14 INFO Utils: Fetching spark://5d7670b258c3:42445/jars/org.apache.commons_commons-pool2-2.11.1.jar to /tmp/spark-485960f4-b521-471f-8b76-cf76ff626aa3/userFiles-e925b377-1fa1-4371-ab80-2e079951e07a/fetchFileTemp16944197989632307224.tmp
[2025-08-31 23:33:14,919] {subprocess.py:92} INFO - 25/08/31 23:33:14 INFO Utils: /tmp/spark-485960f4-b521-471f-8b76-cf76ff626aa3/userFiles-e925b377-1fa1-4371-ab80-2e079951e07a/fetchFileTemp16944197989632307224.tmp has been previously copied to /tmp/spark-485960f4-b521-471f-8b76-cf76ff626aa3/userFiles-e925b377-1fa1-4371-ab80-2e079951e07a/org.apache.commons_commons-pool2-2.11.1.jar
[2025-08-31 23:33:14,925] {subprocess.py:92} INFO - 25/08/31 23:33:14 INFO Executor: Adding file:/tmp/spark-485960f4-b521-471f-8b76-cf76ff626aa3/userFiles-e925b377-1fa1-4371-ab80-2e079951e07a/org.apache.commons_commons-pool2-2.11.1.jar to class loader
[2025-08-31 23:33:14,925] {subprocess.py:92} INFO - 25/08/31 23:33:14 INFO Executor: Fetching spark://5d7670b258c3:42445/jars/org.apache.kafka_kafka-clients-2.8.1.jar with timestamp 1756683192033
[2025-08-31 23:33:14,926] {subprocess.py:92} INFO - 25/08/31 23:33:14 INFO Utils: Fetching spark://5d7670b258c3:42445/jars/org.apache.kafka_kafka-clients-2.8.1.jar to /tmp/spark-485960f4-b521-471f-8b76-cf76ff626aa3/userFiles-e925b377-1fa1-4371-ab80-2e079951e07a/fetchFileTemp11639241965508552951.tmp
[2025-08-31 23:33:14,956] {subprocess.py:92} INFO - 25/08/31 23:33:14 INFO Utils: /tmp/spark-485960f4-b521-471f-8b76-cf76ff626aa3/userFiles-e925b377-1fa1-4371-ab80-2e079951e07a/fetchFileTemp11639241965508552951.tmp has been previously copied to /tmp/spark-485960f4-b521-471f-8b76-cf76ff626aa3/userFiles-e925b377-1fa1-4371-ab80-2e079951e07a/org.apache.kafka_kafka-clients-2.8.1.jar
[2025-08-31 23:33:14,961] {subprocess.py:92} INFO - 25/08/31 23:33:14 INFO Executor: Adding file:/tmp/spark-485960f4-b521-471f-8b76-cf76ff626aa3/userFiles-e925b377-1fa1-4371-ab80-2e079951e07a/org.apache.kafka_kafka-clients-2.8.1.jar to class loader
[2025-08-31 23:33:14,977] {subprocess.py:92} INFO - 25/08/31 23:33:14 INFO Utils: Successfully started service 'org.apache.spark.network.netty.NettyBlockTransferService' on port 46683.
[2025-08-31 23:33:14,977] {subprocess.py:92} INFO - 25/08/31 23:33:14 INFO NettyBlockTransferService: Server created on 5d7670b258c3:46683
[2025-08-31 23:33:14,981] {subprocess.py:92} INFO - 25/08/31 23:33:14 INFO BlockManager: Using org.apache.spark.storage.RandomBlockReplicationPolicy for block replication policy
[2025-08-31 23:33:14,997] {subprocess.py:92} INFO - 25/08/31 23:33:14 INFO BlockManagerMaster: Registering BlockManager BlockManagerId(driver, 5d7670b258c3, 46683, None)
[2025-08-31 23:33:15,005] {subprocess.py:92} INFO - 25/08/31 23:33:15 INFO BlockManagerMasterEndpoint: Registering block manager 5d7670b258c3:46683 with 434.4 MiB RAM, BlockManagerId(driver, 5d7670b258c3, 46683, None)
[2025-08-31 23:33:15,010] {subprocess.py:92} INFO - 25/08/31 23:33:15 INFO BlockManagerMaster: Registered BlockManager BlockManagerId(driver, 5d7670b258c3, 46683, None)
[2025-08-31 23:33:15,013] {subprocess.py:92} INFO - 25/08/31 23:33:15 INFO BlockManager: Initialized BlockManager: BlockManagerId(driver, 5d7670b258c3, 46683, None)
[2025-08-31 23:33:15,845] {subprocess.py:92} INFO - Connexion à Kafka...
[2025-08-31 23:33:20,852] {subprocess.py:92} INFO - Connexion Kafka réussie (kafka:9092)
[2025-08-31 23:33:20,854] {subprocess.py:92} INFO - Transformation des données JSON...
[2025-08-31 23:33:21,806] {subprocess.py:92} INFO - Démarrage du streaming vers HDFS...
[2025-08-31 23:33:24,548] {subprocess.py:92} INFO - Streaming actif - Données météo sauvegardées dans HDFS:/data/weather
[2025-08-31 23:33:29,127] {subprocess.py:92} INFO - 25/08/31 23:33:29 WARN KafkaOffsetReaderConsumer: Found incorrect offsets in some partitions (partition, previous offset, fetched offset): ArrayBuffer((weather_dakar-0,51,3))
[2025-08-31 23:33:29,128] {subprocess.py:92} INFO - 25/08/31 23:33:29 WARN KafkaOffsetReaderConsumer: Retrying to fetch latest offsets because of incorrect offsets
[2025-08-31 23:33:30,135] {subprocess.py:92} INFO - 25/08/31 23:33:30 WARN KafkaOffsetReaderConsumer: Found incorrect offsets in some partitions (partition, previous offset, fetched offset): ArrayBuffer((weather_dakar-0,51,3))
[2025-08-31 23:33:30,135] {subprocess.py:92} INFO - 25/08/31 23:33:30 WARN KafkaOffsetReaderConsumer: Retrying to fetch latest offsets because of incorrect offsets
[2025-08-31 23:33:31,156] {subprocess.py:92} INFO - 25/08/31 23:33:31 WARN KafkaOffsetReaderConsumer: Found incorrect offsets in some partitions (partition, previous offset, fetched offset): ArrayBuffer((weather_dakar-0,51,3))
[2025-08-31 23:33:33,694] {subprocess.py:92} INFO - 25/08/31 23:33:33 WARN KafkaMicroBatchStream: Partition weather_dakar-0's offset was changed from 51 to 3, some data may have been missed.
[2025-08-31 23:33:33,695] {subprocess.py:92} INFO - Some data may have been lost because they are not available in Kafka any more; either the
[2025-08-31 23:33:33,695] {subprocess.py:92} INFO -  data was aged out by Kafka or the topic may have been deleted before all the data in the
[2025-08-31 23:33:33,695] {subprocess.py:92} INFO -  topic was processed. If you want your streaming query to fail on such cases, set the source
[2025-08-31 23:33:33,695] {subprocess.py:92} INFO -  option "failOnDataLoss" to "true".
[2025-08-31 23:33:33,696] {subprocess.py:92} INFO - 
[2025-08-31 23:33:33,796] {subprocess.py:92} INFO - 25/08/31 23:33:33 WARN KafkaMicroBatchStream: Partition weather_dakar-0's offset was changed from 51 to 3, some data may have been missed.
[2025-08-31 23:33:33,798] {subprocess.py:92} INFO - Some data may have been lost because they are not available in Kafka any more; either the
[2025-08-31 23:33:33,801] {subprocess.py:92} INFO -  data was aged out by Kafka or the topic may have been deleted before all the data in the
[2025-08-31 23:33:33,802] {subprocess.py:92} INFO -  topic was processed. If you want your streaming query to fail on such cases, set the source
[2025-08-31 23:33:33,802] {subprocess.py:92} INFO -  option "failOnDataLoss" to "true".
[2025-08-31 23:33:33,803] {subprocess.py:92} INFO - 
[2025-08-31 23:33:33,975] {subprocess.py:92} INFO - 25/08/31 23:33:33 WARN KafkaMicroBatchStream: Partition weather_dakar-0's offset was changed from 51 to 3, some data may have been missed.
[2025-08-31 23:33:33,976] {subprocess.py:92} INFO - Some data may have been lost because they are not available in Kafka any more; either the
[2025-08-31 23:33:33,977] {subprocess.py:92} INFO -  data was aged out by Kafka or the topic may have been deleted before all the data in the
[2025-08-31 23:33:33,977] {subprocess.py:92} INFO -  topic was processed. If you want your streaming query to fail on such cases, set the source
[2025-08-31 23:33:33,977] {subprocess.py:92} INFO -  option "failOnDataLoss" to "true".
[2025-08-31 23:33:33,977] {subprocess.py:92} INFO - 
[2025-08-31 23:33:33,979] {subprocess.py:92} INFO - 25/08/31 23:33:33 WARN KafkaMicroBatchStream: Partition weather_dakar-0's offset was changed from 51 to 3, some data may have been missed.
[2025-08-31 23:33:33,980] {subprocess.py:92} INFO - Some data may have been lost because they are not available in Kafka any more; either the
[2025-08-31 23:33:33,980] {subprocess.py:92} INFO -  data was aged out by Kafka or the topic may have been deleted before all the data in the
[2025-08-31 23:33:33,980] {subprocess.py:92} INFO -  topic was processed. If you want your streaming query to fail on such cases, set the source
[2025-08-31 23:33:33,980] {subprocess.py:92} INFO -  option "failOnDataLoss" to "true".
[2025-08-31 23:33:33,980] {subprocess.py:92} INFO - 
[2025-08-31 23:42:57,190] {local_task_job.py:221} WARNING - State of this instance has been externally set to None. Terminating instance.
[2025-08-31 23:42:57,194] {process_utils.py:129} INFO - Sending Signals.SIGTERM to group 186. PIDs of all processes in the group: [190, 321, 186]
[2025-08-31 23:42:57,195] {process_utils.py:80} INFO - Sending the signal Signals.SIGTERM to group 186
[2025-08-31 23:42:57,195] {taskinstance.py:1541} ERROR - Received SIGTERM. Terminating subprocesses.
[2025-08-31 23:42:57,195] {subprocess.py:103} INFO - Sending SIGTERM signal to process group
[2025-08-31 23:42:57,209] {process_utils.py:75} INFO - Process psutil.Process(pid=321, status='terminated', started='23:33:09') (321) terminated with exit code None
[2025-08-31 23:42:57,238] {taskinstance.py:1889} ERROR - Task failed with exception
Traceback (most recent call last):
  File "/home/airflow/.local/lib/python3.7/site-packages/airflow/operators/bash.py", line 189, in execute
    cwd=self.cwd,
  File "/home/airflow/.local/lib/python3.7/site-packages/airflow/hooks/subprocess.py", line 90, in run_command
    for raw_line in iter(self.sub_process.stdout.readline, b''):
  File "/home/airflow/.local/lib/python3.7/site-packages/airflow/models/taskinstance.py", line 1543, in signal_handler
    raise AirflowException("Task received SIGTERM signal")
airflow.exceptions.AirflowException: Task received SIGTERM signal
[2025-08-31 23:42:57,250] {taskinstance.py:1400} INFO - Marking task as FAILED. dag_id=send_weather_to_kafka, task_id=stream_hdfs, execution_date=20250829T194154, start_date=20250831T233237, end_date=20250831T234257
[2025-08-31 23:42:57,289] {standard_task_runner.py:97} ERROR - Failed to execute job 378 for task stream_hdfs ((psycopg2.errors.ForeignKeyViolation) insert or update on table "task_fail" violates foreign key constraint "task_fail_ti_fkey"
DETAIL:  Key (dag_id, task_id, run_id, map_index)=(send_weather_to_kafka, stream_hdfs, scheduled__2025-08-29T19:41:54.507489+00:00, -1) is not present in table "task_instance".

[SQL: INSERT INTO task_fail (task_id, dag_id, run_id, map_index, start_date, end_date, duration) VALUES (%(task_id)s, %(dag_id)s, %(run_id)s, %(map_index)s, %(start_date)s, %(end_date)s, %(duration)s) RETURNING task_fail.id]
[parameters: {'task_id': 'stream_hdfs', 'dag_id': 'send_weather_to_kafka', 'run_id': 'scheduled__2025-08-29T19:41:54.507489+00:00', 'map_index': -1, 'start_date': datetime.datetime(2025, 8, 31, 23, 32, 37, 621527, tzinfo=Timezone('UTC')), 'end_date': datetime.datetime(2025, 8, 31, 23, 42, 57, 249206, tzinfo=Timezone('UTC')), 'duration': 619}]
(Background on this error at: http://sqlalche.me/e/14/gkpj); 186)
[2025-08-31 23:42:57,343] {process_utils.py:75} INFO - Process psutil.Process(pid=186, status='terminated', exitcode=1, started='23:32:36') (186) terminated with exit code 1
[2025-08-31 23:42:57,518] {process_utils.py:75} INFO - Process psutil.Process(pid=190, status='terminated', started='23:32:37') (190) terminated with exit code None
