[2025-09-01 01:37:35,829] {taskinstance.py:1159} INFO - Dependencies all met for <TaskInstance: send_weather_to_kafka.stream_hdfs scheduled__2025-09-01T01:07:01.189019+00:00 [queued]>
[2025-09-01 01:37:35,847] {taskinstance.py:1159} INFO - Dependencies all met for <TaskInstance: send_weather_to_kafka.stream_hdfs scheduled__2025-09-01T01:07:01.189019+00:00 [queued]>
[2025-09-01 01:37:35,847] {taskinstance.py:1356} INFO - 
--------------------------------------------------------------------------------
[2025-09-01 01:37:35,847] {taskinstance.py:1357} INFO - Starting attempt 1 of 2
[2025-09-01 01:37:35,848] {taskinstance.py:1358} INFO - 
--------------------------------------------------------------------------------
[2025-09-01 01:37:35,872] {taskinstance.py:1377} INFO - Executing <Task(BashOperator): stream_hdfs> on 2025-09-01 01:07:01.189019+00:00
[2025-09-01 01:37:35,880] {standard_task_runner.py:52} INFO - Started process 1996 to run task
[2025-09-01 01:37:35,885] {standard_task_runner.py:79} INFO - Running: ['***', 'tasks', 'run', 'send_weather_to_kafka', 'stream_hdfs', 'scheduled__2025-09-01T01:07:01.189019+00:00', '--job-id', '417', '--raw', '--subdir', 'DAGS_FOLDER/dag_meteo.py', '--cfg-path', '/tmp/tmpb79v5sid', '--error-file', '/tmp/tmpxi04r7r0']
[2025-09-01 01:37:35,886] {standard_task_runner.py:80} INFO - Job 417: Subtask stream_hdfs
[2025-09-01 01:37:35,912] {logging_mixin.py:115} WARNING - /home/***/.local/lib/python3.7/site-packages/***/configuration.py:470 DeprecationWarning: The sql_alchemy_conn option in [core] has been moved to the sql_alchemy_conn option in [database] - the old setting has been used, but please update your config.
[2025-09-01 01:37:35,967] {task_command.py:369} INFO - Running <TaskInstance: send_weather_to_kafka.stream_hdfs scheduled__2025-09-01T01:07:01.189019+00:00 [running]> on host e66737cfc193
[2025-09-01 01:37:36,103] {taskinstance.py:1571} INFO - Exporting the following env vars:
AIRFLOW_CTX_DAG_OWNER=***
AIRFLOW_CTX_DAG_ID=send_weather_to_kafka
AIRFLOW_CTX_TASK_ID=stream_hdfs
AIRFLOW_CTX_EXECUTION_DATE=2025-09-01T01:07:01.189019+00:00
AIRFLOW_CTX_TRY_NUMBER=1
AIRFLOW_CTX_DAG_RUN_ID=scheduled__2025-09-01T01:07:01.189019+00:00
[2025-09-01 01:37:36,104] {subprocess.py:62} INFO - Tmp dir root location: 
 /tmp
[2025-09-01 01:37:36,105] {subprocess.py:74} INFO - Running command: ['bash', '-c', '\n/home/***/.local/bin/spark-submit   --master local[*]   --conf spark.hadoop.fs.defaultFS=hdfs://namenode:9000   --conf spark.hadoop.dfs.client.use.datanode.hostname=true   --conf spark.sql.adaptive.enabled=false   --packages org.apache.spark:spark-sql-kafka-0-10_2.12:3.3.1   /opt/***/scripts/pyspark/streaming.py']
[2025-09-01 01:37:36,121] {subprocess.py:85} INFO - Output:
[2025-09-01 01:37:36,139] {subprocess.py:92} INFO - /opt/spark-3.3.1-bin-hadoop3/bin/load-spark-env.sh: line 68: ps: command not found
[2025-09-01 01:37:38,032] {subprocess.py:92} INFO - :: loading settings :: url = jar:file:/opt/spark-3.3.1-bin-hadoop3/jars/ivy-2.5.0.jar!/org/apache/ivy/core/settings/ivysettings.xml
[2025-09-01 01:37:38,210] {subprocess.py:92} INFO - Ivy Default Cache set to: /home/***/.ivy2/cache
[2025-09-01 01:37:38,211] {subprocess.py:92} INFO - The jars for the packages stored in: /home/***/.ivy2/jars
[2025-09-01 01:37:38,224] {subprocess.py:92} INFO - org.apache.spark#spark-sql-kafka-0-10_2.12 added as a dependency
[2025-09-01 01:37:38,227] {subprocess.py:92} INFO - :: resolving dependencies :: org.apache.spark#spark-submit-parent-2b2c1c51-a91f-4218-b704-5278c94f1f57;1.0
[2025-09-01 01:37:38,227] {subprocess.py:92} INFO - 	confs: [default]
[2025-09-01 01:37:38,435] {subprocess.py:92} INFO - 	found org.apache.spark#spark-sql-kafka-0-10_2.12;3.3.1 in central
[2025-09-01 01:37:38,617] {subprocess.py:92} INFO - 	found org.apache.spark#spark-token-provider-kafka-0-10_2.12;3.3.1 in central
[2025-09-01 01:37:38,691] {subprocess.py:92} INFO - 	found org.apache.kafka#kafka-clients;2.8.1 in central
[2025-09-01 01:37:38,766] {subprocess.py:92} INFO - 	found org.lz4#lz4-java;1.8.0 in central
[2025-09-01 01:37:38,826] {subprocess.py:92} INFO - 	found org.xerial.snappy#snappy-java;1.1.8.4 in central
[2025-09-01 01:37:38,871] {subprocess.py:92} INFO - 	found org.slf4j#slf4j-api;1.7.32 in central
[2025-09-01 01:37:38,937] {subprocess.py:92} INFO - 	found org.apache.hadoop#hadoop-client-runtime;3.3.2 in central
[2025-09-01 01:37:38,969] {subprocess.py:92} INFO - 	found org.spark-project.spark#unused;1.0.0 in central
[2025-09-01 01:37:39,025] {subprocess.py:92} INFO - 	found org.apache.hadoop#hadoop-client-api;3.3.2 in central
[2025-09-01 01:37:39,071] {subprocess.py:92} INFO - 	found commons-logging#commons-logging;1.1.3 in central
[2025-09-01 01:37:39,103] {subprocess.py:92} INFO - 	found com.google.code.findbugs#jsr305;3.0.0 in central
[2025-09-01 01:37:39,133] {subprocess.py:92} INFO - 	found org.apache.commons#commons-pool2;2.11.1 in central
[2025-09-01 01:37:39,190] {subprocess.py:92} INFO - :: resolution report :: resolve 937ms :: artifacts dl 27ms
[2025-09-01 01:37:39,191] {subprocess.py:92} INFO - 	:: modules in use:
[2025-09-01 01:37:39,191] {subprocess.py:92} INFO - 	com.google.code.findbugs#jsr305;3.0.0 from central in [default]
[2025-09-01 01:37:39,191] {subprocess.py:92} INFO - 	commons-logging#commons-logging;1.1.3 from central in [default]
[2025-09-01 01:37:39,191] {subprocess.py:92} INFO - 	org.apache.commons#commons-pool2;2.11.1 from central in [default]
[2025-09-01 01:37:39,191] {subprocess.py:92} INFO - 	org.apache.hadoop#hadoop-client-api;3.3.2 from central in [default]
[2025-09-01 01:37:39,191] {subprocess.py:92} INFO - 	org.apache.hadoop#hadoop-client-runtime;3.3.2 from central in [default]
[2025-09-01 01:37:39,192] {subprocess.py:92} INFO - 	org.apache.kafka#kafka-clients;2.8.1 from central in [default]
[2025-09-01 01:37:39,192] {subprocess.py:92} INFO - 	org.apache.spark#spark-sql-kafka-0-10_2.12;3.3.1 from central in [default]
[2025-09-01 01:37:39,192] {subprocess.py:92} INFO - 	org.apache.spark#spark-token-provider-kafka-0-10_2.12;3.3.1 from central in [default]
[2025-09-01 01:37:39,192] {subprocess.py:92} INFO - 	org.lz4#lz4-java;1.8.0 from central in [default]
[2025-09-01 01:37:39,192] {subprocess.py:92} INFO - 	org.slf4j#slf4j-api;1.7.32 from central in [default]
[2025-09-01 01:37:39,192] {subprocess.py:92} INFO - 	org.spark-project.spark#unused;1.0.0 from central in [default]
[2025-09-01 01:37:39,192] {subprocess.py:92} INFO - 	org.xerial.snappy#snappy-java;1.1.8.4 from central in [default]
[2025-09-01 01:37:39,192] {subprocess.py:92} INFO - 	---------------------------------------------------------------------
[2025-09-01 01:37:39,193] {subprocess.py:92} INFO - 	|                  |            modules            ||   artifacts   |
[2025-09-01 01:37:39,193] {subprocess.py:92} INFO - 	|       conf       | number| search|dwnlded|evicted|| number|dwnlded|
[2025-09-01 01:37:39,193] {subprocess.py:92} INFO - 	---------------------------------------------------------------------
[2025-09-01 01:37:39,193] {subprocess.py:92} INFO - 	|      default     |   12  |   0   |   0   |   0   ||   12  |   0   |
[2025-09-01 01:37:39,193] {subprocess.py:92} INFO - 	---------------------------------------------------------------------
[2025-09-01 01:37:39,200] {subprocess.py:92} INFO - :: retrieving :: org.apache.spark#spark-submit-parent-2b2c1c51-a91f-4218-b704-5278c94f1f57
[2025-09-01 01:37:39,200] {subprocess.py:92} INFO - 	confs: [default]
[2025-09-01 01:37:39,210] {subprocess.py:92} INFO - 	0 artifacts copied, 12 already retrieved (0kB/10ms)
[2025-09-01 01:37:39,525] {subprocess.py:92} INFO - 25/09/01 01:37:39 WARN NativeCodeLoader: Unable to load native-hadoop library for your platform... using builtin-java classes where applicable
[2025-09-01 01:37:40,949] {subprocess.py:92} INFO - 25/09/01 01:37:40 INFO SparkContext: Running Spark version 3.3.1
[2025-09-01 01:37:40,985] {subprocess.py:92} INFO - 25/09/01 01:37:40 INFO ResourceUtils: ==============================================================
[2025-09-01 01:37:40,986] {subprocess.py:92} INFO - 25/09/01 01:37:40 INFO ResourceUtils: No custom resources configured for spark.driver.
[2025-09-01 01:37:40,986] {subprocess.py:92} INFO - 25/09/01 01:37:40 INFO ResourceUtils: ==============================================================
[2025-09-01 01:37:40,987] {subprocess.py:92} INFO - 25/09/01 01:37:40 INFO SparkContext: Submitted application: KafkaToHDFSWeather
[2025-09-01 01:37:41,020] {subprocess.py:92} INFO - 25/09/01 01:37:41 INFO ResourceProfile: Default ResourceProfile created, executor resources: Map(cores -> name: cores, amount: 1, script: , vendor: , memory -> name: memory, amount: 1024, script: , vendor: , offHeap -> name: offHeap, amount: 0, script: , vendor: ), task resources: Map(cpus -> name: cpus, amount: 1.0)
[2025-09-01 01:37:41,033] {subprocess.py:92} INFO - 25/09/01 01:37:41 INFO ResourceProfile: Limiting resource is cpu
[2025-09-01 01:37:41,033] {subprocess.py:92} INFO - 25/09/01 01:37:41 INFO ResourceProfileManager: Added ResourceProfile id: 0
[2025-09-01 01:37:41,089] {subprocess.py:92} INFO - 25/09/01 01:37:41 INFO SecurityManager: Changing view acls to: ***
[2025-09-01 01:37:41,089] {subprocess.py:92} INFO - 25/09/01 01:37:41 INFO SecurityManager: Changing modify acls to: ***
[2025-09-01 01:37:41,089] {subprocess.py:92} INFO - 25/09/01 01:37:41 INFO SecurityManager: Changing view acls groups to:
[2025-09-01 01:37:41,090] {subprocess.py:92} INFO - 25/09/01 01:37:41 INFO SecurityManager: Changing modify acls groups to:
[2025-09-01 01:37:41,090] {subprocess.py:92} INFO - 25/09/01 01:37:41 INFO SecurityManager: SecurityManager: authentication disabled; ui acls disabled; users  with view permissions: Set(***); groups with view permissions: Set(); users  with modify permissions: Set(***); groups with modify permissions: Set()
[2025-09-01 01:37:41,480] {subprocess.py:92} INFO - 25/09/01 01:37:41 INFO Utils: Successfully started service 'sparkDriver' on port 39487.
[2025-09-01 01:37:41,519] {subprocess.py:92} INFO - 25/09/01 01:37:41 INFO SparkEnv: Registering MapOutputTracker
[2025-09-01 01:37:41,575] {subprocess.py:92} INFO - 25/09/01 01:37:41 INFO SparkEnv: Registering BlockManagerMaster
[2025-09-01 01:37:41,597] {subprocess.py:92} INFO - 25/09/01 01:37:41 INFO BlockManagerMasterEndpoint: Using org.apache.spark.storage.DefaultTopologyMapper for getting topology information
[2025-09-01 01:37:41,598] {subprocess.py:92} INFO - 25/09/01 01:37:41 INFO BlockManagerMasterEndpoint: BlockManagerMasterEndpoint up
[2025-09-01 01:37:41,604] {subprocess.py:92} INFO - 25/09/01 01:37:41 INFO SparkEnv: Registering BlockManagerMasterHeartbeat
[2025-09-01 01:37:41,632] {subprocess.py:92} INFO - 25/09/01 01:37:41 INFO DiskBlockManager: Created local directory at /tmp/blockmgr-ad1110d8-7a36-4896-b11c-83dbd92da4ff
[2025-09-01 01:37:41,652] {subprocess.py:92} INFO - 25/09/01 01:37:41 INFO MemoryStore: MemoryStore started with capacity 434.4 MiB
[2025-09-01 01:37:41,669] {subprocess.py:92} INFO - 25/09/01 01:37:41 INFO SparkEnv: Registering OutputCommitCoordinator
[2025-09-01 01:37:41,922] {subprocess.py:92} INFO - 25/09/01 01:37:41 WARN Utils: Service 'SparkUI' could not bind on port 4040. Attempting port 4041.
[2025-09-01 01:37:41,922] {subprocess.py:92} INFO - 25/09/01 01:37:41 WARN Utils: Service 'SparkUI' could not bind on port 4041. Attempting port 4042.
[2025-09-01 01:37:41,934] {subprocess.py:92} INFO - 25/09/01 01:37:41 INFO Utils: Successfully started service 'SparkUI' on port 4042.
[2025-09-01 01:37:41,981] {subprocess.py:92} INFO - 25/09/01 01:37:41 INFO SparkContext: Added JAR file:///home/***/.ivy2/jars/org.apache.spark_spark-sql-kafka-0-10_2.12-3.3.1.jar at spark://e66737cfc193:39487/jars/org.apache.spark_spark-sql-kafka-0-10_2.12-3.3.1.jar with timestamp 1756690660935
[2025-09-01 01:37:41,981] {subprocess.py:92} INFO - 25/09/01 01:37:41 INFO SparkContext: Added JAR file:///home/***/.ivy2/jars/org.apache.spark_spark-token-provider-kafka-0-10_2.12-3.3.1.jar at spark://e66737cfc193:39487/jars/org.apache.spark_spark-token-provider-kafka-0-10_2.12-3.3.1.jar with timestamp 1756690660935
[2025-09-01 01:37:41,981] {subprocess.py:92} INFO - 25/09/01 01:37:41 INFO SparkContext: Added JAR file:///home/***/.ivy2/jars/org.apache.kafka_kafka-clients-2.8.1.jar at spark://e66737cfc193:39487/jars/org.apache.kafka_kafka-clients-2.8.1.jar with timestamp 1756690660935
[2025-09-01 01:37:41,982] {subprocess.py:92} INFO - 25/09/01 01:37:41 INFO SparkContext: Added JAR file:///home/***/.ivy2/jars/com.google.code.findbugs_jsr305-3.0.0.jar at spark://e66737cfc193:39487/jars/com.google.code.findbugs_jsr305-3.0.0.jar with timestamp 1756690660935
[2025-09-01 01:37:41,982] {subprocess.py:92} INFO - 25/09/01 01:37:41 INFO SparkContext: Added JAR file:///home/***/.ivy2/jars/org.apache.commons_commons-pool2-2.11.1.jar at spark://e66737cfc193:39487/jars/org.apache.commons_commons-pool2-2.11.1.jar with timestamp 1756690660935
[2025-09-01 01:37:41,982] {subprocess.py:92} INFO - 25/09/01 01:37:41 INFO SparkContext: Added JAR file:///home/***/.ivy2/jars/org.spark-project.spark_unused-1.0.0.jar at spark://e66737cfc193:39487/jars/org.spark-project.spark_unused-1.0.0.jar with timestamp 1756690660935
[2025-09-01 01:37:41,982] {subprocess.py:92} INFO - 25/09/01 01:37:41 INFO SparkContext: Added JAR file:///home/***/.ivy2/jars/org.apache.hadoop_hadoop-client-runtime-3.3.2.jar at spark://e66737cfc193:39487/jars/org.apache.hadoop_hadoop-client-runtime-3.3.2.jar with timestamp 1756690660935
[2025-09-01 01:37:41,983] {subprocess.py:92} INFO - 25/09/01 01:37:41 INFO SparkContext: Added JAR file:///home/***/.ivy2/jars/org.lz4_lz4-java-1.8.0.jar at spark://e66737cfc193:39487/jars/org.lz4_lz4-java-1.8.0.jar with timestamp 1756690660935
[2025-09-01 01:37:41,983] {subprocess.py:92} INFO - 25/09/01 01:37:41 INFO SparkContext: Added JAR file:///home/***/.ivy2/jars/org.xerial.snappy_snappy-java-1.1.8.4.jar at spark://e66737cfc193:39487/jars/org.xerial.snappy_snappy-java-1.1.8.4.jar with timestamp 1756690660935
[2025-09-01 01:37:41,983] {subprocess.py:92} INFO - 25/09/01 01:37:41 INFO SparkContext: Added JAR file:///home/***/.ivy2/jars/org.slf4j_slf4j-api-1.7.32.jar at spark://e66737cfc193:39487/jars/org.slf4j_slf4j-api-1.7.32.jar with timestamp 1756690660935
[2025-09-01 01:37:41,983] {subprocess.py:92} INFO - 25/09/01 01:37:41 INFO SparkContext: Added JAR file:///home/***/.ivy2/jars/org.apache.hadoop_hadoop-client-api-3.3.2.jar at spark://e66737cfc193:39487/jars/org.apache.hadoop_hadoop-client-api-3.3.2.jar with timestamp 1756690660935
[2025-09-01 01:37:41,983] {subprocess.py:92} INFO - 25/09/01 01:37:41 INFO SparkContext: Added JAR file:///home/***/.ivy2/jars/commons-logging_commons-logging-1.1.3.jar at spark://e66737cfc193:39487/jars/commons-logging_commons-logging-1.1.3.jar with timestamp 1756690660935
[2025-09-01 01:37:41,987] {subprocess.py:92} INFO - 25/09/01 01:37:41 INFO SparkContext: Added file file:///home/***/.ivy2/jars/org.apache.spark_spark-sql-kafka-0-10_2.12-3.3.1.jar at file:///home/***/.ivy2/jars/org.apache.spark_spark-sql-kafka-0-10_2.12-3.3.1.jar with timestamp 1756690660935
[2025-09-01 01:37:41,988] {subprocess.py:92} INFO - 25/09/01 01:37:41 INFO Utils: Copying /home/***/.ivy2/jars/org.apache.spark_spark-sql-kafka-0-10_2.12-3.3.1.jar to /tmp/spark-85daf7d4-dad2-4b60-b972-b0bc58027528/userFiles-8acde84a-8786-49ac-a1cb-daa145c76481/org.apache.spark_spark-sql-kafka-0-10_2.12-3.3.1.jar
[2025-09-01 01:37:42,008] {subprocess.py:92} INFO - 25/09/01 01:37:42 INFO SparkContext: Added file file:///home/***/.ivy2/jars/org.apache.spark_spark-token-provider-kafka-0-10_2.12-3.3.1.jar at file:///home/***/.ivy2/jars/org.apache.spark_spark-token-provider-kafka-0-10_2.12-3.3.1.jar with timestamp 1756690660935
[2025-09-01 01:37:42,008] {subprocess.py:92} INFO - 25/09/01 01:37:42 INFO Utils: Copying /home/***/.ivy2/jars/org.apache.spark_spark-token-provider-kafka-0-10_2.12-3.3.1.jar to /tmp/spark-85daf7d4-dad2-4b60-b972-b0bc58027528/userFiles-8acde84a-8786-49ac-a1cb-daa145c76481/org.apache.spark_spark-token-provider-kafka-0-10_2.12-3.3.1.jar
[2025-09-01 01:37:42,016] {subprocess.py:92} INFO - 25/09/01 01:37:42 INFO SparkContext: Added file file:///home/***/.ivy2/jars/org.apache.kafka_kafka-clients-2.8.1.jar at file:///home/***/.ivy2/jars/org.apache.kafka_kafka-clients-2.8.1.jar with timestamp 1756690660935
[2025-09-01 01:37:42,017] {subprocess.py:92} INFO - 25/09/01 01:37:42 INFO Utils: Copying /home/***/.ivy2/jars/org.apache.kafka_kafka-clients-2.8.1.jar to /tmp/spark-85daf7d4-dad2-4b60-b972-b0bc58027528/userFiles-8acde84a-8786-49ac-a1cb-daa145c76481/org.apache.kafka_kafka-clients-2.8.1.jar
[2025-09-01 01:37:42,034] {subprocess.py:92} INFO - 25/09/01 01:37:42 INFO SparkContext: Added file file:///home/***/.ivy2/jars/com.google.code.findbugs_jsr305-3.0.0.jar at file:///home/***/.ivy2/jars/com.google.code.findbugs_jsr305-3.0.0.jar with timestamp 1756690660935
[2025-09-01 01:37:42,034] {subprocess.py:92} INFO - 25/09/01 01:37:42 INFO Utils: Copying /home/***/.ivy2/jars/com.google.code.findbugs_jsr305-3.0.0.jar to /tmp/spark-85daf7d4-dad2-4b60-b972-b0bc58027528/userFiles-8acde84a-8786-49ac-a1cb-daa145c76481/com.google.code.findbugs_jsr305-3.0.0.jar
[2025-09-01 01:37:42,039] {subprocess.py:92} INFO - 25/09/01 01:37:42 INFO SparkContext: Added file file:///home/***/.ivy2/jars/org.apache.commons_commons-pool2-2.11.1.jar at file:///home/***/.ivy2/jars/org.apache.commons_commons-pool2-2.11.1.jar with timestamp 1756690660935
[2025-09-01 01:37:42,040] {subprocess.py:92} INFO - 25/09/01 01:37:42 INFO Utils: Copying /home/***/.ivy2/jars/org.apache.commons_commons-pool2-2.11.1.jar to /tmp/spark-85daf7d4-dad2-4b60-b972-b0bc58027528/userFiles-8acde84a-8786-49ac-a1cb-daa145c76481/org.apache.commons_commons-pool2-2.11.1.jar
[2025-09-01 01:37:42,045] {subprocess.py:92} INFO - 25/09/01 01:37:42 INFO SparkContext: Added file file:///home/***/.ivy2/jars/org.spark-project.spark_unused-1.0.0.jar at file:///home/***/.ivy2/jars/org.spark-project.spark_unused-1.0.0.jar with timestamp 1756690660935
[2025-09-01 01:37:42,045] {subprocess.py:92} INFO - 25/09/01 01:37:42 INFO Utils: Copying /home/***/.ivy2/jars/org.spark-project.spark_unused-1.0.0.jar to /tmp/spark-85daf7d4-dad2-4b60-b972-b0bc58027528/userFiles-8acde84a-8786-49ac-a1cb-daa145c76481/org.spark-project.spark_unused-1.0.0.jar
[2025-09-01 01:37:42,053] {subprocess.py:92} INFO - 25/09/01 01:37:42 INFO SparkContext: Added file file:///home/***/.ivy2/jars/org.apache.hadoop_hadoop-client-runtime-3.3.2.jar at file:///home/***/.ivy2/jars/org.apache.hadoop_hadoop-client-runtime-3.3.2.jar with timestamp 1756690660935
[2025-09-01 01:37:42,053] {subprocess.py:92} INFO - 25/09/01 01:37:42 INFO Utils: Copying /home/***/.ivy2/jars/org.apache.hadoop_hadoop-client-runtime-3.3.2.jar to /tmp/spark-85daf7d4-dad2-4b60-b972-b0bc58027528/userFiles-8acde84a-8786-49ac-a1cb-daa145c76481/org.apache.hadoop_hadoop-client-runtime-3.3.2.jar
[2025-09-01 01:37:42,085] {subprocess.py:92} INFO - 25/09/01 01:37:42 INFO SparkContext: Added file file:///home/***/.ivy2/jars/org.lz4_lz4-java-1.8.0.jar at file:///home/***/.ivy2/jars/org.lz4_lz4-java-1.8.0.jar with timestamp 1756690660935
[2025-09-01 01:37:42,086] {subprocess.py:92} INFO - 25/09/01 01:37:42 INFO Utils: Copying /home/***/.ivy2/jars/org.lz4_lz4-java-1.8.0.jar to /tmp/spark-85daf7d4-dad2-4b60-b972-b0bc58027528/userFiles-8acde84a-8786-49ac-a1cb-daa145c76481/org.lz4_lz4-java-1.8.0.jar
[2025-09-01 01:37:42,091] {subprocess.py:92} INFO - 25/09/01 01:37:42 INFO SparkContext: Added file file:///home/***/.ivy2/jars/org.xerial.snappy_snappy-java-1.1.8.4.jar at file:///home/***/.ivy2/jars/org.xerial.snappy_snappy-java-1.1.8.4.jar with timestamp 1756690660935
[2025-09-01 01:37:42,092] {subprocess.py:92} INFO - 25/09/01 01:37:42 INFO Utils: Copying /home/***/.ivy2/jars/org.xerial.snappy_snappy-java-1.1.8.4.jar to /tmp/spark-85daf7d4-dad2-4b60-b972-b0bc58027528/userFiles-8acde84a-8786-49ac-a1cb-daa145c76481/org.xerial.snappy_snappy-java-1.1.8.4.jar
[2025-09-01 01:37:42,099] {subprocess.py:92} INFO - 25/09/01 01:37:42 INFO SparkContext: Added file file:///home/***/.ivy2/jars/org.slf4j_slf4j-api-1.7.32.jar at file:///home/***/.ivy2/jars/org.slf4j_slf4j-api-1.7.32.jar with timestamp 1756690660935
[2025-09-01 01:37:42,099] {subprocess.py:92} INFO - 25/09/01 01:37:42 INFO Utils: Copying /home/***/.ivy2/jars/org.slf4j_slf4j-api-1.7.32.jar to /tmp/spark-85daf7d4-dad2-4b60-b972-b0bc58027528/userFiles-8acde84a-8786-49ac-a1cb-daa145c76481/org.slf4j_slf4j-api-1.7.32.jar
[2025-09-01 01:37:42,106] {subprocess.py:92} INFO - 25/09/01 01:37:42 INFO SparkContext: Added file file:///home/***/.ivy2/jars/org.apache.hadoop_hadoop-client-api-3.3.2.jar at file:///home/***/.ivy2/jars/org.apache.hadoop_hadoop-client-api-3.3.2.jar with timestamp 1756690660935
[2025-09-01 01:37:42,106] {subprocess.py:92} INFO - 25/09/01 01:37:42 INFO Utils: Copying /home/***/.ivy2/jars/org.apache.hadoop_hadoop-client-api-3.3.2.jar to /tmp/spark-85daf7d4-dad2-4b60-b972-b0bc58027528/userFiles-8acde84a-8786-49ac-a1cb-daa145c76481/org.apache.hadoop_hadoop-client-api-3.3.2.jar
[2025-09-01 01:37:42,134] {subprocess.py:92} INFO - 25/09/01 01:37:42 INFO SparkContext: Added file file:///home/***/.ivy2/jars/commons-logging_commons-logging-1.1.3.jar at file:///home/***/.ivy2/jars/commons-logging_commons-logging-1.1.3.jar with timestamp 1756690660935
[2025-09-01 01:37:42,134] {subprocess.py:92} INFO - 25/09/01 01:37:42 INFO Utils: Copying /home/***/.ivy2/jars/commons-logging_commons-logging-1.1.3.jar to /tmp/spark-85daf7d4-dad2-4b60-b972-b0bc58027528/userFiles-8acde84a-8786-49ac-a1cb-daa145c76481/commons-logging_commons-logging-1.1.3.jar
[2025-09-01 01:37:42,218] {subprocess.py:92} INFO - 25/09/01 01:37:42 INFO Executor: Starting executor ID driver on host e66737cfc193
[2025-09-01 01:37:42,225] {subprocess.py:92} INFO - 25/09/01 01:37:42 INFO Executor: Starting executor with user classpath (userClassPathFirst = false): ''
[2025-09-01 01:37:42,238] {subprocess.py:92} INFO - 25/09/01 01:37:42 INFO Executor: Fetching file:///home/***/.ivy2/jars/commons-logging_commons-logging-1.1.3.jar with timestamp 1756690660935
[2025-09-01 01:37:42,258] {subprocess.py:92} INFO - 25/09/01 01:37:42 INFO Utils: /home/***/.ivy2/jars/commons-logging_commons-logging-1.1.3.jar has been previously copied to /tmp/spark-85daf7d4-dad2-4b60-b972-b0bc58027528/userFiles-8acde84a-8786-49ac-a1cb-daa145c76481/commons-logging_commons-logging-1.1.3.jar
[2025-09-01 01:37:42,264] {subprocess.py:92} INFO - 25/09/01 01:37:42 INFO Executor: Fetching file:///home/***/.ivy2/jars/org.spark-project.spark_unused-1.0.0.jar with timestamp 1756690660935
[2025-09-01 01:37:42,264] {subprocess.py:92} INFO - 25/09/01 01:37:42 INFO Utils: /home/***/.ivy2/jars/org.spark-project.spark_unused-1.0.0.jar has been previously copied to /tmp/spark-85daf7d4-dad2-4b60-b972-b0bc58027528/userFiles-8acde84a-8786-49ac-a1cb-daa145c76481/org.spark-project.spark_unused-1.0.0.jar
[2025-09-01 01:37:42,270] {subprocess.py:92} INFO - 25/09/01 01:37:42 INFO Executor: Fetching file:///home/***/.ivy2/jars/org.apache.spark_spark-sql-kafka-0-10_2.12-3.3.1.jar with timestamp 1756690660935
[2025-09-01 01:37:42,276] {subprocess.py:92} INFO - 25/09/01 01:37:42 INFO Utils: /home/***/.ivy2/jars/org.apache.spark_spark-sql-kafka-0-10_2.12-3.3.1.jar has been previously copied to /tmp/spark-85daf7d4-dad2-4b60-b972-b0bc58027528/userFiles-8acde84a-8786-49ac-a1cb-daa145c76481/org.apache.spark_spark-sql-kafka-0-10_2.12-3.3.1.jar
[2025-09-01 01:37:42,281] {subprocess.py:92} INFO - 25/09/01 01:37:42 INFO Executor: Fetching file:///home/***/.ivy2/jars/org.apache.hadoop_hadoop-client-api-3.3.2.jar with timestamp 1756690660935
[2025-09-01 01:37:42,300] {subprocess.py:92} INFO - 25/09/01 01:37:42 INFO Utils: /home/***/.ivy2/jars/org.apache.hadoop_hadoop-client-api-3.3.2.jar has been previously copied to /tmp/spark-85daf7d4-dad2-4b60-b972-b0bc58027528/userFiles-8acde84a-8786-49ac-a1cb-daa145c76481/org.apache.hadoop_hadoop-client-api-3.3.2.jar
[2025-09-01 01:37:42,305] {subprocess.py:92} INFO - 25/09/01 01:37:42 INFO Executor: Fetching file:///home/***/.ivy2/jars/org.apache.hadoop_hadoop-client-runtime-3.3.2.jar with timestamp 1756690660935
[2025-09-01 01:37:42,333] {subprocess.py:92} INFO - 25/09/01 01:37:42 INFO Utils: /home/***/.ivy2/jars/org.apache.hadoop_hadoop-client-runtime-3.3.2.jar has been previously copied to /tmp/spark-85daf7d4-dad2-4b60-b972-b0bc58027528/userFiles-8acde84a-8786-49ac-a1cb-daa145c76481/org.apache.hadoop_hadoop-client-runtime-3.3.2.jar
[2025-09-01 01:37:42,338] {subprocess.py:92} INFO - 25/09/01 01:37:42 INFO Executor: Fetching file:///home/***/.ivy2/jars/org.slf4j_slf4j-api-1.7.32.jar with timestamp 1756690660935
[2025-09-01 01:37:42,339] {subprocess.py:92} INFO - 25/09/01 01:37:42 INFO Utils: /home/***/.ivy2/jars/org.slf4j_slf4j-api-1.7.32.jar has been previously copied to /tmp/spark-85daf7d4-dad2-4b60-b972-b0bc58027528/userFiles-8acde84a-8786-49ac-a1cb-daa145c76481/org.slf4j_slf4j-api-1.7.32.jar
[2025-09-01 01:37:42,343] {subprocess.py:92} INFO - 25/09/01 01:37:42 INFO Executor: Fetching file:///home/***/.ivy2/jars/org.lz4_lz4-java-1.8.0.jar with timestamp 1756690660935
[2025-09-01 01:37:42,344] {subprocess.py:92} INFO - 25/09/01 01:37:42 INFO Utils: /home/***/.ivy2/jars/org.lz4_lz4-java-1.8.0.jar has been previously copied to /tmp/spark-85daf7d4-dad2-4b60-b972-b0bc58027528/userFiles-8acde84a-8786-49ac-a1cb-daa145c76481/org.lz4_lz4-java-1.8.0.jar
[2025-09-01 01:37:42,349] {subprocess.py:92} INFO - 25/09/01 01:37:42 INFO Executor: Fetching file:///home/***/.ivy2/jars/org.apache.commons_commons-pool2-2.11.1.jar with timestamp 1756690660935
[2025-09-01 01:37:42,350] {subprocess.py:92} INFO - 25/09/01 01:37:42 INFO Utils: /home/***/.ivy2/jars/org.apache.commons_commons-pool2-2.11.1.jar has been previously copied to /tmp/spark-85daf7d4-dad2-4b60-b972-b0bc58027528/userFiles-8acde84a-8786-49ac-a1cb-daa145c76481/org.apache.commons_commons-pool2-2.11.1.jar
[2025-09-01 01:37:42,355] {subprocess.py:92} INFO - 25/09/01 01:37:42 INFO Executor: Fetching file:///home/***/.ivy2/jars/com.google.code.findbugs_jsr305-3.0.0.jar with timestamp 1756690660935
[2025-09-01 01:37:42,355] {subprocess.py:92} INFO - 25/09/01 01:37:42 INFO Utils: /home/***/.ivy2/jars/com.google.code.findbugs_jsr305-3.0.0.jar has been previously copied to /tmp/spark-85daf7d4-dad2-4b60-b972-b0bc58027528/userFiles-8acde84a-8786-49ac-a1cb-daa145c76481/com.google.code.findbugs_jsr305-3.0.0.jar
[2025-09-01 01:37:42,360] {subprocess.py:92} INFO - 25/09/01 01:37:42 INFO Executor: Fetching file:///home/***/.ivy2/jars/org.apache.spark_spark-token-provider-kafka-0-10_2.12-3.3.1.jar with timestamp 1756690660935
[2025-09-01 01:37:42,361] {subprocess.py:92} INFO - 25/09/01 01:37:42 INFO Utils: /home/***/.ivy2/jars/org.apache.spark_spark-token-provider-kafka-0-10_2.12-3.3.1.jar has been previously copied to /tmp/spark-85daf7d4-dad2-4b60-b972-b0bc58027528/userFiles-8acde84a-8786-49ac-a1cb-daa145c76481/org.apache.spark_spark-token-provider-kafka-0-10_2.12-3.3.1.jar
[2025-09-01 01:37:42,366] {subprocess.py:92} INFO - 25/09/01 01:37:42 INFO Executor: Fetching file:///home/***/.ivy2/jars/org.apache.kafka_kafka-clients-2.8.1.jar with timestamp 1756690660935
[2025-09-01 01:37:42,371] {subprocess.py:92} INFO - 25/09/01 01:37:42 INFO Utils: /home/***/.ivy2/jars/org.apache.kafka_kafka-clients-2.8.1.jar has been previously copied to /tmp/spark-85daf7d4-dad2-4b60-b972-b0bc58027528/userFiles-8acde84a-8786-49ac-a1cb-daa145c76481/org.apache.kafka_kafka-clients-2.8.1.jar
[2025-09-01 01:37:42,377] {subprocess.py:92} INFO - 25/09/01 01:37:42 INFO Executor: Fetching file:///home/***/.ivy2/jars/org.xerial.snappy_snappy-java-1.1.8.4.jar with timestamp 1756690660935
[2025-09-01 01:37:42,380] {subprocess.py:92} INFO - 25/09/01 01:37:42 INFO Utils: /home/***/.ivy2/jars/org.xerial.snappy_snappy-java-1.1.8.4.jar has been previously copied to /tmp/spark-85daf7d4-dad2-4b60-b972-b0bc58027528/userFiles-8acde84a-8786-49ac-a1cb-daa145c76481/org.xerial.snappy_snappy-java-1.1.8.4.jar
[2025-09-01 01:37:42,391] {subprocess.py:92} INFO - 25/09/01 01:37:42 INFO Executor: Fetching spark://e66737cfc193:39487/jars/org.apache.hadoop_hadoop-client-api-3.3.2.jar with timestamp 1756690660935
[2025-09-01 01:37:42,457] {subprocess.py:92} INFO - 25/09/01 01:37:42 INFO TransportClientFactory: Successfully created connection to e66737cfc193/172.20.0.18:39487 after 44 ms (0 ms spent in bootstraps)
[2025-09-01 01:37:42,468] {subprocess.py:92} INFO - 25/09/01 01:37:42 INFO Utils: Fetching spark://e66737cfc193:39487/jars/org.apache.hadoop_hadoop-client-api-3.3.2.jar to /tmp/spark-85daf7d4-dad2-4b60-b972-b0bc58027528/userFiles-8acde84a-8786-49ac-a1cb-daa145c76481/fetchFileTemp15690681107521152354.tmp
[2025-09-01 01:37:42,614] {subprocess.py:92} INFO - 25/09/01 01:37:42 INFO Utils: /tmp/spark-85daf7d4-dad2-4b60-b972-b0bc58027528/userFiles-8acde84a-8786-49ac-a1cb-daa145c76481/fetchFileTemp15690681107521152354.tmp has been previously copied to /tmp/spark-85daf7d4-dad2-4b60-b972-b0bc58027528/userFiles-8acde84a-8786-49ac-a1cb-daa145c76481/org.apache.hadoop_hadoop-client-api-3.3.2.jar
[2025-09-01 01:37:42,623] {subprocess.py:92} INFO - 25/09/01 01:37:42 INFO Executor: Adding file:/tmp/spark-85daf7d4-dad2-4b60-b972-b0bc58027528/userFiles-8acde84a-8786-49ac-a1cb-daa145c76481/org.apache.hadoop_hadoop-client-api-3.3.2.jar to class loader
[2025-09-01 01:37:42,623] {subprocess.py:92} INFO - 25/09/01 01:37:42 INFO Executor: Fetching spark://e66737cfc193:39487/jars/org.apache.spark_spark-token-provider-kafka-0-10_2.12-3.3.1.jar with timestamp 1756690660935
[2025-09-01 01:37:42,624] {subprocess.py:92} INFO - 25/09/01 01:37:42 INFO Utils: Fetching spark://e66737cfc193:39487/jars/org.apache.spark_spark-token-provider-kafka-0-10_2.12-3.3.1.jar to /tmp/spark-85daf7d4-dad2-4b60-b972-b0bc58027528/userFiles-8acde84a-8786-49ac-a1cb-daa145c76481/fetchFileTemp1631872830168668537.tmp
[2025-09-01 01:37:42,626] {subprocess.py:92} INFO - 25/09/01 01:37:42 INFO Utils: /tmp/spark-85daf7d4-dad2-4b60-b972-b0bc58027528/userFiles-8acde84a-8786-49ac-a1cb-daa145c76481/fetchFileTemp1631872830168668537.tmp has been previously copied to /tmp/spark-85daf7d4-dad2-4b60-b972-b0bc58027528/userFiles-8acde84a-8786-49ac-a1cb-daa145c76481/org.apache.spark_spark-token-provider-kafka-0-10_2.12-3.3.1.jar
[2025-09-01 01:37:42,632] {subprocess.py:92} INFO - 25/09/01 01:37:42 INFO Executor: Adding file:/tmp/spark-85daf7d4-dad2-4b60-b972-b0bc58027528/userFiles-8acde84a-8786-49ac-a1cb-daa145c76481/org.apache.spark_spark-token-provider-kafka-0-10_2.12-3.3.1.jar to class loader
[2025-09-01 01:37:42,632] {subprocess.py:92} INFO - 25/09/01 01:37:42 INFO Executor: Fetching spark://e66737cfc193:39487/jars/org.apache.commons_commons-pool2-2.11.1.jar with timestamp 1756690660935
[2025-09-01 01:37:42,633] {subprocess.py:92} INFO - 25/09/01 01:37:42 INFO Utils: Fetching spark://e66737cfc193:39487/jars/org.apache.commons_commons-pool2-2.11.1.jar to /tmp/spark-85daf7d4-dad2-4b60-b972-b0bc58027528/userFiles-8acde84a-8786-49ac-a1cb-daa145c76481/fetchFileTemp10520320321381363264.tmp
[2025-09-01 01:37:42,636] {subprocess.py:92} INFO - 25/09/01 01:37:42 INFO Utils: /tmp/spark-85daf7d4-dad2-4b60-b972-b0bc58027528/userFiles-8acde84a-8786-49ac-a1cb-daa145c76481/fetchFileTemp10520320321381363264.tmp has been previously copied to /tmp/spark-85daf7d4-dad2-4b60-b972-b0bc58027528/userFiles-8acde84a-8786-49ac-a1cb-daa145c76481/org.apache.commons_commons-pool2-2.11.1.jar
[2025-09-01 01:37:42,642] {subprocess.py:92} INFO - 25/09/01 01:37:42 INFO Executor: Adding file:/tmp/spark-85daf7d4-dad2-4b60-b972-b0bc58027528/userFiles-8acde84a-8786-49ac-a1cb-daa145c76481/org.apache.commons_commons-pool2-2.11.1.jar to class loader
[2025-09-01 01:37:42,642] {subprocess.py:92} INFO - 25/09/01 01:37:42 INFO Executor: Fetching spark://e66737cfc193:39487/jars/com.google.code.findbugs_jsr305-3.0.0.jar with timestamp 1756690660935
[2025-09-01 01:37:42,643] {subprocess.py:92} INFO - 25/09/01 01:37:42 INFO Utils: Fetching spark://e66737cfc193:39487/jars/com.google.code.findbugs_jsr305-3.0.0.jar to /tmp/spark-85daf7d4-dad2-4b60-b972-b0bc58027528/userFiles-8acde84a-8786-49ac-a1cb-daa145c76481/fetchFileTemp14941739976262652286.tmp
[2025-09-01 01:37:42,645] {subprocess.py:92} INFO - 25/09/01 01:37:42 INFO Utils: /tmp/spark-85daf7d4-dad2-4b60-b972-b0bc58027528/userFiles-8acde84a-8786-49ac-a1cb-daa145c76481/fetchFileTemp14941739976262652286.tmp has been previously copied to /tmp/spark-85daf7d4-dad2-4b60-b972-b0bc58027528/userFiles-8acde84a-8786-49ac-a1cb-daa145c76481/com.google.code.findbugs_jsr305-3.0.0.jar
[2025-09-01 01:37:42,651] {subprocess.py:92} INFO - 25/09/01 01:37:42 INFO Executor: Adding file:/tmp/spark-85daf7d4-dad2-4b60-b972-b0bc58027528/userFiles-8acde84a-8786-49ac-a1cb-daa145c76481/com.google.code.findbugs_jsr305-3.0.0.jar to class loader
[2025-09-01 01:37:42,652] {subprocess.py:92} INFO - 25/09/01 01:37:42 INFO Executor: Fetching spark://e66737cfc193:39487/jars/org.apache.hadoop_hadoop-client-runtime-3.3.2.jar with timestamp 1756690660935
[2025-09-01 01:37:42,652] {subprocess.py:92} INFO - 25/09/01 01:37:42 INFO Utils: Fetching spark://e66737cfc193:39487/jars/org.apache.hadoop_hadoop-client-runtime-3.3.2.jar to /tmp/spark-85daf7d4-dad2-4b60-b972-b0bc58027528/userFiles-8acde84a-8786-49ac-a1cb-daa145c76481/fetchFileTemp6201188965515271255.tmp
[2025-09-01 01:37:42,777] {subprocess.py:92} INFO - 25/09/01 01:37:42 INFO Utils: /tmp/spark-85daf7d4-dad2-4b60-b972-b0bc58027528/userFiles-8acde84a-8786-49ac-a1cb-daa145c76481/fetchFileTemp6201188965515271255.tmp has been previously copied to /tmp/spark-85daf7d4-dad2-4b60-b972-b0bc58027528/userFiles-8acde84a-8786-49ac-a1cb-daa145c76481/org.apache.hadoop_hadoop-client-runtime-3.3.2.jar
[2025-09-01 01:37:42,786] {subprocess.py:92} INFO - 25/09/01 01:37:42 INFO Executor: Adding file:/tmp/spark-85daf7d4-dad2-4b60-b972-b0bc58027528/userFiles-8acde84a-8786-49ac-a1cb-daa145c76481/org.apache.hadoop_hadoop-client-runtime-3.3.2.jar to class loader
[2025-09-01 01:37:42,786] {subprocess.py:92} INFO - 25/09/01 01:37:42 INFO Executor: Fetching spark://e66737cfc193:39487/jars/org.xerial.snappy_snappy-java-1.1.8.4.jar with timestamp 1756690660935
[2025-09-01 01:37:42,787] {subprocess.py:92} INFO - 25/09/01 01:37:42 INFO Utils: Fetching spark://e66737cfc193:39487/jars/org.xerial.snappy_snappy-java-1.1.8.4.jar to /tmp/spark-85daf7d4-dad2-4b60-b972-b0bc58027528/userFiles-8acde84a-8786-49ac-a1cb-daa145c76481/fetchFileTemp14382449647465556159.tmp
[2025-09-01 01:37:42,798] {subprocess.py:92} INFO - 25/09/01 01:37:42 INFO Utils: /tmp/spark-85daf7d4-dad2-4b60-b972-b0bc58027528/userFiles-8acde84a-8786-49ac-a1cb-daa145c76481/fetchFileTemp14382449647465556159.tmp has been previously copied to /tmp/spark-85daf7d4-dad2-4b60-b972-b0bc58027528/userFiles-8acde84a-8786-49ac-a1cb-daa145c76481/org.xerial.snappy_snappy-java-1.1.8.4.jar
[2025-09-01 01:37:42,805] {subprocess.py:92} INFO - 25/09/01 01:37:42 INFO Executor: Adding file:/tmp/spark-85daf7d4-dad2-4b60-b972-b0bc58027528/userFiles-8acde84a-8786-49ac-a1cb-daa145c76481/org.xerial.snappy_snappy-java-1.1.8.4.jar to class loader
[2025-09-01 01:37:42,805] {subprocess.py:92} INFO - 25/09/01 01:37:42 INFO Executor: Fetching spark://e66737cfc193:39487/jars/org.apache.kafka_kafka-clients-2.8.1.jar with timestamp 1756690660935
[2025-09-01 01:37:42,806] {subprocess.py:92} INFO - 25/09/01 01:37:42 INFO Utils: Fetching spark://e66737cfc193:39487/jars/org.apache.kafka_kafka-clients-2.8.1.jar to /tmp/spark-85daf7d4-dad2-4b60-b972-b0bc58027528/userFiles-8acde84a-8786-49ac-a1cb-daa145c76481/fetchFileTemp13286666711854076054.tmp
[2025-09-01 01:37:42,827] {subprocess.py:92} INFO - 25/09/01 01:37:42 INFO Utils: /tmp/spark-85daf7d4-dad2-4b60-b972-b0bc58027528/userFiles-8acde84a-8786-49ac-a1cb-daa145c76481/fetchFileTemp13286666711854076054.tmp has been previously copied to /tmp/spark-85daf7d4-dad2-4b60-b972-b0bc58027528/userFiles-8acde84a-8786-49ac-a1cb-daa145c76481/org.apache.kafka_kafka-clients-2.8.1.jar
[2025-09-01 01:37:42,834] {subprocess.py:92} INFO - 25/09/01 01:37:42 INFO Executor: Adding file:/tmp/spark-85daf7d4-dad2-4b60-b972-b0bc58027528/userFiles-8acde84a-8786-49ac-a1cb-daa145c76481/org.apache.kafka_kafka-clients-2.8.1.jar to class loader
[2025-09-01 01:37:42,835] {subprocess.py:92} INFO - 25/09/01 01:37:42 INFO Executor: Fetching spark://e66737cfc193:39487/jars/org.apache.spark_spark-sql-kafka-0-10_2.12-3.3.1.jar with timestamp 1756690660935
[2025-09-01 01:37:42,835] {subprocess.py:92} INFO - 25/09/01 01:37:42 INFO Utils: Fetching spark://e66737cfc193:39487/jars/org.apache.spark_spark-sql-kafka-0-10_2.12-3.3.1.jar to /tmp/spark-85daf7d4-dad2-4b60-b972-b0bc58027528/userFiles-8acde84a-8786-49ac-a1cb-daa145c76481/fetchFileTemp10859816702659680752.tmp
[2025-09-01 01:37:42,839] {subprocess.py:92} INFO - 25/09/01 01:37:42 INFO Utils: /tmp/spark-85daf7d4-dad2-4b60-b972-b0bc58027528/userFiles-8acde84a-8786-49ac-a1cb-daa145c76481/fetchFileTemp10859816702659680752.tmp has been previously copied to /tmp/spark-85daf7d4-dad2-4b60-b972-b0bc58027528/userFiles-8acde84a-8786-49ac-a1cb-daa145c76481/org.apache.spark_spark-sql-kafka-0-10_2.12-3.3.1.jar
[2025-09-01 01:37:42,847] {subprocess.py:92} INFO - 25/09/01 01:37:42 INFO Executor: Adding file:/tmp/spark-85daf7d4-dad2-4b60-b972-b0bc58027528/userFiles-8acde84a-8786-49ac-a1cb-daa145c76481/org.apache.spark_spark-sql-kafka-0-10_2.12-3.3.1.jar to class loader
[2025-09-01 01:37:42,847] {subprocess.py:92} INFO - 25/09/01 01:37:42 INFO Executor: Fetching spark://e66737cfc193:39487/jars/commons-logging_commons-logging-1.1.3.jar with timestamp 1756690660935
[2025-09-01 01:37:42,848] {subprocess.py:92} INFO - 25/09/01 01:37:42 INFO Utils: Fetching spark://e66737cfc193:39487/jars/commons-logging_commons-logging-1.1.3.jar to /tmp/spark-85daf7d4-dad2-4b60-b972-b0bc58027528/userFiles-8acde84a-8786-49ac-a1cb-daa145c76481/fetchFileTemp7298963119243159879.tmp
[2025-09-01 01:37:42,851] {subprocess.py:92} INFO - 25/09/01 01:37:42 INFO Utils: /tmp/spark-85daf7d4-dad2-4b60-b972-b0bc58027528/userFiles-8acde84a-8786-49ac-a1cb-daa145c76481/fetchFileTemp7298963119243159879.tmp has been previously copied to /tmp/spark-85daf7d4-dad2-4b60-b972-b0bc58027528/userFiles-8acde84a-8786-49ac-a1cb-daa145c76481/commons-logging_commons-logging-1.1.3.jar
[2025-09-01 01:37:42,856] {subprocess.py:92} INFO - 25/09/01 01:37:42 INFO Executor: Adding file:/tmp/spark-85daf7d4-dad2-4b60-b972-b0bc58027528/userFiles-8acde84a-8786-49ac-a1cb-daa145c76481/commons-logging_commons-logging-1.1.3.jar to class loader
[2025-09-01 01:37:42,857] {subprocess.py:92} INFO - 25/09/01 01:37:42 INFO Executor: Fetching spark://e66737cfc193:39487/jars/org.lz4_lz4-java-1.8.0.jar with timestamp 1756690660935
[2025-09-01 01:37:42,858] {subprocess.py:92} INFO - 25/09/01 01:37:42 INFO Utils: Fetching spark://e66737cfc193:39487/jars/org.lz4_lz4-java-1.8.0.jar to /tmp/spark-85daf7d4-dad2-4b60-b972-b0bc58027528/userFiles-8acde84a-8786-49ac-a1cb-daa145c76481/fetchFileTemp8409527396692306467.tmp
[2025-09-01 01:37:42,864] {subprocess.py:92} INFO - 25/09/01 01:37:42 INFO Utils: /tmp/spark-85daf7d4-dad2-4b60-b972-b0bc58027528/userFiles-8acde84a-8786-49ac-a1cb-daa145c76481/fetchFileTemp8409527396692306467.tmp has been previously copied to /tmp/spark-85daf7d4-dad2-4b60-b972-b0bc58027528/userFiles-8acde84a-8786-49ac-a1cb-daa145c76481/org.lz4_lz4-java-1.8.0.jar
[2025-09-01 01:37:42,871] {subprocess.py:92} INFO - 25/09/01 01:37:42 INFO Executor: Adding file:/tmp/spark-85daf7d4-dad2-4b60-b972-b0bc58027528/userFiles-8acde84a-8786-49ac-a1cb-daa145c76481/org.lz4_lz4-java-1.8.0.jar to class loader
[2025-09-01 01:37:42,872] {subprocess.py:92} INFO - 25/09/01 01:37:42 INFO Executor: Fetching spark://e66737cfc193:39487/jars/org.spark-project.spark_unused-1.0.0.jar with timestamp 1756690660935
[2025-09-01 01:37:42,872] {subprocess.py:92} INFO - 25/09/01 01:37:42 INFO Utils: Fetching spark://e66737cfc193:39487/jars/org.spark-project.spark_unused-1.0.0.jar to /tmp/spark-85daf7d4-dad2-4b60-b972-b0bc58027528/userFiles-8acde84a-8786-49ac-a1cb-daa145c76481/fetchFileTemp14930302188323611211.tmp
[2025-09-01 01:37:42,876] {subprocess.py:92} INFO - 25/09/01 01:37:42 INFO Utils: /tmp/spark-85daf7d4-dad2-4b60-b972-b0bc58027528/userFiles-8acde84a-8786-49ac-a1cb-daa145c76481/fetchFileTemp14930302188323611211.tmp has been previously copied to /tmp/spark-85daf7d4-dad2-4b60-b972-b0bc58027528/userFiles-8acde84a-8786-49ac-a1cb-daa145c76481/org.spark-project.spark_unused-1.0.0.jar
[2025-09-01 01:37:42,882] {subprocess.py:92} INFO - 25/09/01 01:37:42 INFO Executor: Adding file:/tmp/spark-85daf7d4-dad2-4b60-b972-b0bc58027528/userFiles-8acde84a-8786-49ac-a1cb-daa145c76481/org.spark-project.spark_unused-1.0.0.jar to class loader
[2025-09-01 01:37:42,883] {subprocess.py:92} INFO - 25/09/01 01:37:42 INFO Executor: Fetching spark://e66737cfc193:39487/jars/org.slf4j_slf4j-api-1.7.32.jar with timestamp 1756690660935
[2025-09-01 01:37:42,884] {subprocess.py:92} INFO - 25/09/01 01:37:42 INFO Utils: Fetching spark://e66737cfc193:39487/jars/org.slf4j_slf4j-api-1.7.32.jar to /tmp/spark-85daf7d4-dad2-4b60-b972-b0bc58027528/userFiles-8acde84a-8786-49ac-a1cb-daa145c76481/fetchFileTemp15407438399638243732.tmp
[2025-09-01 01:37:42,886] {subprocess.py:92} INFO - 25/09/01 01:37:42 INFO Utils: /tmp/spark-85daf7d4-dad2-4b60-b972-b0bc58027528/userFiles-8acde84a-8786-49ac-a1cb-daa145c76481/fetchFileTemp15407438399638243732.tmp has been previously copied to /tmp/spark-85daf7d4-dad2-4b60-b972-b0bc58027528/userFiles-8acde84a-8786-49ac-a1cb-daa145c76481/org.slf4j_slf4j-api-1.7.32.jar
[2025-09-01 01:37:42,892] {subprocess.py:92} INFO - 25/09/01 01:37:42 INFO Executor: Adding file:/tmp/spark-85daf7d4-dad2-4b60-b972-b0bc58027528/userFiles-8acde84a-8786-49ac-a1cb-daa145c76481/org.slf4j_slf4j-api-1.7.32.jar to class loader
[2025-09-01 01:37:42,906] {subprocess.py:92} INFO - 25/09/01 01:37:42 INFO Utils: Successfully started service 'org.apache.spark.network.netty.NettyBlockTransferService' on port 46697.
[2025-09-01 01:37:42,907] {subprocess.py:92} INFO - 25/09/01 01:37:42 INFO NettyBlockTransferService: Server created on e66737cfc193:46697
[2025-09-01 01:37:42,909] {subprocess.py:92} INFO - 25/09/01 01:37:42 INFO BlockManager: Using org.apache.spark.storage.RandomBlockReplicationPolicy for block replication policy
[2025-09-01 01:37:42,921] {subprocess.py:92} INFO - 25/09/01 01:37:42 INFO BlockManagerMaster: Registering BlockManager BlockManagerId(driver, e66737cfc193, 46697, None)
[2025-09-01 01:37:42,927] {subprocess.py:92} INFO - 25/09/01 01:37:42 INFO BlockManagerMasterEndpoint: Registering block manager e66737cfc193:46697 with 434.4 MiB RAM, BlockManagerId(driver, e66737cfc193, 46697, None)
[2025-09-01 01:37:42,933] {subprocess.py:92} INFO - 25/09/01 01:37:42 INFO BlockManagerMaster: Registered BlockManager BlockManagerId(driver, e66737cfc193, 46697, None)
[2025-09-01 01:37:42,936] {subprocess.py:92} INFO - 25/09/01 01:37:42 INFO BlockManager: Initialized BlockManager: BlockManagerId(driver, e66737cfc193, 46697, None)
[2025-09-01 01:37:43,544] {subprocess.py:92} INFO - Connexion à Kafka...
[2025-09-01 01:37:46,106] {subprocess.py:92} INFO - Connexion Kafka réussie (kafka:9092)
[2025-09-01 01:37:46,106] {subprocess.py:92} INFO - Transformation des données JSON...
[2025-09-01 01:37:46,565] {subprocess.py:92} INFO - Démarrage du streaming vers HDFS...
[2025-09-01 01:37:47,596] {subprocess.py:92} INFO - Streaming actif - Données météo sauvegardées dans HDFS:/data/weather
[2025-09-01 01:39:00,673] {subprocess.py:92} INFO - 25/09/01 01:39:00 ERROR MicroBatchExecution: Query [id = 8bb46a74-6ffa-4764-a9c6-2e4a331d8211, runId = 8db7fd75-ae22-4397-87ae-13d7b1b22c9b] terminated with error
[2025-09-01 01:39:00,673] {subprocess.py:92} INFO - org.apache.spark.SparkException: Execution of the stream null failed. Please, fill a bug report in, and provide the full stack trace.
[2025-09-01 01:39:00,673] {subprocess.py:92} INFO - 	at org.apache.spark.sql.execution.QueryExecution$.toInternalError(QueryExecution.scala:500)
[2025-09-01 01:39:00,674] {subprocess.py:92} INFO - 	at org.apache.spark.sql.execution.streaming.StreamExecution.org$apache$spark$sql$execution$streaming$StreamExecution$$runStream(StreamExecution.scala:324)
[2025-09-01 01:39:00,674] {subprocess.py:92} INFO - 	at org.apache.spark.sql.execution.streaming.StreamExecution$$anon$1.run(StreamExecution.scala:208)
[2025-09-01 01:39:00,674] {subprocess.py:92} INFO - Caused by: java.lang.AssertionError: assertion failed: Concurrent update to the log. Multiple streaming jobs detected for 55
[2025-09-01 01:39:00,674] {subprocess.py:92} INFO - 	at scala.Predef$.assert(Predef.scala:223)
[2025-09-01 01:39:00,675] {subprocess.py:92} INFO - 	at org.apache.spark.sql.execution.streaming.MicroBatchExecution.$anonfun$constructNextBatch$13(MicroBatchExecution.scala:496)
[2025-09-01 01:39:00,675] {subprocess.py:92} INFO - 	at scala.runtime.java8.JFunction0$mcV$sp.apply(JFunction0$mcV$sp.java:23)
[2025-09-01 01:39:00,675] {subprocess.py:92} INFO - 	at org.apache.spark.sql.execution.streaming.ProgressReporter.reportTimeTaken(ProgressReporter.scala:375)
[2025-09-01 01:39:00,675] {subprocess.py:92} INFO - 	at org.apache.spark.sql.execution.streaming.ProgressReporter.reportTimeTaken$(ProgressReporter.scala:373)
[2025-09-01 01:39:00,675] {subprocess.py:92} INFO - 	at org.apache.spark.sql.execution.streaming.StreamExecution.reportTimeTaken(StreamExecution.scala:68)
[2025-09-01 01:39:00,675] {subprocess.py:92} INFO - 	at org.apache.spark.sql.execution.streaming.MicroBatchExecution.$anonfun$constructNextBatch$1(MicroBatchExecution.scala:493)
[2025-09-01 01:39:00,675] {subprocess.py:92} INFO - 	at scala.runtime.java8.JFunction0$mcZ$sp.apply(JFunction0$mcZ$sp.java:23)
[2025-09-01 01:39:00,675] {subprocess.py:92} INFO - 	at org.apache.spark.sql.execution.streaming.MicroBatchExecution.withProgressLocked(MicroBatchExecution.scala:693)
[2025-09-01 01:39:00,675] {subprocess.py:92} INFO - 	at org.apache.spark.sql.execution.streaming.MicroBatchExecution.constructNextBatch(MicroBatchExecution.scala:433)
[2025-09-01 01:39:00,675] {subprocess.py:92} INFO - 	at org.apache.spark.sql.execution.streaming.MicroBatchExecution.$anonfun$runActivatedStream$2(MicroBatchExecution.scala:238)
[2025-09-01 01:39:00,675] {subprocess.py:92} INFO - 	at scala.runtime.java8.JFunction0$mcV$sp.apply(JFunction0$mcV$sp.java:23)
[2025-09-01 01:39:00,676] {subprocess.py:92} INFO - 	at org.apache.spark.sql.execution.streaming.ProgressReporter.reportTimeTaken(ProgressReporter.scala:375)
[2025-09-01 01:39:00,676] {subprocess.py:92} INFO - 	at org.apache.spark.sql.execution.streaming.ProgressReporter.reportTimeTaken$(ProgressReporter.scala:373)
[2025-09-01 01:39:00,676] {subprocess.py:92} INFO - 	at org.apache.spark.sql.execution.streaming.StreamExecution.reportTimeTaken(StreamExecution.scala:68)
[2025-09-01 01:39:00,676] {subprocess.py:92} INFO - 	at org.apache.spark.sql.execution.streaming.MicroBatchExecution.$anonfun$runActivatedStream$1(MicroBatchExecution.scala:219)
[2025-09-01 01:39:00,676] {subprocess.py:92} INFO - 	at org.apache.spark.sql.execution.streaming.ProcessingTimeExecutor.execute(TriggerExecutor.scala:67)
[2025-09-01 01:39:00,676] {subprocess.py:92} INFO - 	at org.apache.spark.sql.execution.streaming.MicroBatchExecution.runActivatedStream(MicroBatchExecution.scala:213)
[2025-09-01 01:39:00,676] {subprocess.py:92} INFO - 	at org.apache.spark.sql.execution.streaming.StreamExecution.$anonfun$runStream$1(StreamExecution.scala:307)
[2025-09-01 01:39:00,676] {subprocess.py:92} INFO - 	at scala.runtime.java8.JFunction0$mcV$sp.apply(JFunction0$mcV$sp.java:23)
[2025-09-01 01:39:00,676] {subprocess.py:92} INFO - 	at org.apache.spark.sql.SparkSession.withActive(SparkSession.scala:779)
[2025-09-01 01:39:00,676] {subprocess.py:92} INFO - 	at org.apache.spark.sql.execution.streaming.StreamExecution.org$apache$spark$sql$execution$streaming$StreamExecution$$runStream(StreamExecution.scala:285)
[2025-09-01 01:39:00,677] {subprocess.py:92} INFO - 	... 1 more
[2025-09-01 01:39:00,788] {subprocess.py:92} INFO - Traceback (most recent call last):
[2025-09-01 01:39:00,788] {subprocess.py:92} INFO -   File "/opt/***/scripts/pyspark/streaming.py", line 60, in <module>
[2025-09-01 01:39:00,788] {subprocess.py:92} INFO -     query.awaitTermination()
[2025-09-01 01:39:00,788] {subprocess.py:92} INFO -   File "/opt/spark-3.3.1-bin-hadoop3/python/lib/pyspark.zip/pyspark/sql/streaming.py", line 107, in awaitTermination
[2025-09-01 01:39:00,789] {subprocess.py:92} INFO -   File "/opt/spark-3.3.1-bin-hadoop3/python/lib/py4j-0.10.9.5-src.zip/py4j/java_gateway.py", line 1322, in __call__
[2025-09-01 01:39:00,789] {subprocess.py:92} INFO -   File "/opt/spark-3.3.1-bin-hadoop3/python/lib/pyspark.zip/pyspark/sql/utils.py", line 196, in deco
[2025-09-01 01:39:00,800] {subprocess.py:92} INFO - pyspark.sql.utils.StreamingQueryException: Query [id = 8bb46a74-6ffa-4764-a9c6-2e4a331d8211, runId = 8db7fd75-ae22-4397-87ae-13d7b1b22c9b] terminated with exception: Execution of the stream null failed. Please, fill a bug report in, and provide the full stack trace.
[2025-09-01 01:39:01,082] {subprocess.py:96} INFO - Command exited with return code 1
[2025-09-01 01:39:01,108] {taskinstance.py:1889} ERROR - Task failed with exception
Traceback (most recent call last):
  File "/home/airflow/.local/lib/python3.7/site-packages/airflow/operators/bash.py", line 195, in execute
    f'Bash command failed. The command returned a non-zero exit code {result.exit_code}.'
airflow.exceptions.AirflowException: Bash command failed. The command returned a non-zero exit code 1.
[2025-09-01 01:39:01,114] {taskinstance.py:1400} INFO - Marking task as UP_FOR_RETRY. dag_id=send_weather_to_kafka, task_id=stream_hdfs, execution_date=20250901T010701, start_date=20250901T013735, end_date=20250901T013901
[2025-09-01 01:39:01,134] {standard_task_runner.py:97} ERROR - Failed to execute job 417 for task stream_hdfs (Bash command failed. The command returned a non-zero exit code 1.; 1996)
[2025-09-01 01:39:01,155] {local_task_job.py:156} INFO - Task exited with return code 1
[2025-09-01 01:39:01,200] {local_task_job.py:273} INFO - 0 downstream tasks scheduled from follow-on schedule check
