[2025-08-19 06:07:02,963] {taskinstance.py:1159} INFO - Dependencies all met for <TaskInstance: send_weather_to_kafka.fetch_and_send_weather scheduled__2025-08-19T04:07:01.870913+00:00 [queued]>
[2025-08-19 06:07:02,973] {taskinstance.py:1159} INFO - Dependencies all met for <TaskInstance: send_weather_to_kafka.fetch_and_send_weather scheduled__2025-08-19T04:07:01.870913+00:00 [queued]>
[2025-08-19 06:07:02,973] {taskinstance.py:1356} INFO - 
--------------------------------------------------------------------------------
[2025-08-19 06:07:02,973] {taskinstance.py:1357} INFO - Starting attempt 1 of 2
[2025-08-19 06:07:02,973] {taskinstance.py:1358} INFO - 
--------------------------------------------------------------------------------
[2025-08-19 06:07:02,982] {taskinstance.py:1377} INFO - Executing <Task(BashOperator): fetch_and_send_weather> on 2025-08-19 04:07:01.870913+00:00
[2025-08-19 06:07:02,984] {standard_task_runner.py:52} INFO - Started process 14126 to run task
[2025-08-19 06:07:02,987] {standard_task_runner.py:79} INFO - Running: ['***', 'tasks', 'run', 'send_weather_to_kafka', 'fetch_and_send_weather', 'scheduled__2025-08-19T04:07:01.870913+00:00', '--job-id', '330', '--raw', '--subdir', 'DAGS_FOLDER/dag_meteo.py', '--cfg-path', '/tmp/tmpk5iew_kb', '--error-file', '/tmp/tmp17krg9so']
[2025-08-19 06:07:02,988] {standard_task_runner.py:80} INFO - Job 330: Subtask fetch_and_send_weather
[2025-08-19 06:07:03,002] {logging_mixin.py:115} WARNING - /home/***/.local/lib/python3.7/site-packages/***/configuration.py:470 DeprecationWarning: The sql_alchemy_conn option in [core] has been moved to the sql_alchemy_conn option in [database] - the old setting has been used, but please update your config.
[2025-08-19 06:07:03,035] {task_command.py:369} INFO - Running <TaskInstance: send_weather_to_kafka.fetch_and_send_weather scheduled__2025-08-19T04:07:01.870913+00:00 [running]> on host a4b544519f2b
[2025-08-19 06:07:03,159] {taskinstance.py:1571} INFO - Exporting the following env vars:
AIRFLOW_CTX_DAG_OWNER=***
AIRFLOW_CTX_DAG_ID=send_weather_to_kafka
AIRFLOW_CTX_TASK_ID=fetch_and_send_weather
AIRFLOW_CTX_EXECUTION_DATE=2025-08-19T04:07:01.870913+00:00
AIRFLOW_CTX_TRY_NUMBER=1
AIRFLOW_CTX_DAG_RUN_ID=scheduled__2025-08-19T04:07:01.870913+00:00
[2025-08-19 06:07:03,160] {subprocess.py:62} INFO - Tmp dir root location: 
 /tmp
[2025-08-19 06:07:03,161] {subprocess.py:74} INFO - Running command: ['bash', '-c', 'cd /opt/***/scripts && python3 kafka/producer.py']
[2025-08-19 06:07:03,179] {subprocess.py:85} INFO - Output:
[2025-08-19 06:07:04,348] {subprocess.py:92} INFO - Envoi vers Kafka : {'temperature': 28.2, 'humidity': 83, 'windSpeed': 1.2, 'cloudCover': 59, 'rainIntensity': 0, 'timestamp': '2025-08-19T06:07:00Z'}
[2025-08-19 06:07:04,392] {subprocess.py:96} INFO - Command exited with return code 0
[2025-08-19 06:07:04,436] {taskinstance.py:1400} INFO - Marking task as SUCCESS. dag_id=send_weather_to_kafka, task_id=fetch_and_send_weather, execution_date=20250819T040701, start_date=20250819T060702, end_date=20250819T060704
[2025-08-19 06:07:04,486] {local_task_job.py:156} INFO - Task exited with return code 0
[2025-08-19 06:07:04,543] {local_task_job.py:273} INFO - 0 downstream tasks scheduled from follow-on schedule check
