[2025-09-01 15:07:09,948] {taskinstance.py:1159} INFO - Dependencies all met for <TaskInstance: send_weather_to_kafka.stream_hdfs scheduled__2025-09-01T14:36:30.845471+00:00 [queued]>
[2025-09-01 15:07:09,961] {taskinstance.py:1159} INFO - Dependencies all met for <TaskInstance: send_weather_to_kafka.stream_hdfs scheduled__2025-09-01T14:36:30.845471+00:00 [queued]>
[2025-09-01 15:07:09,961] {taskinstance.py:1356} INFO - 
--------------------------------------------------------------------------------
[2025-09-01 15:07:09,961] {taskinstance.py:1357} INFO - Starting attempt 1 of 2
[2025-09-01 15:07:09,961] {taskinstance.py:1358} INFO - 
--------------------------------------------------------------------------------
[2025-09-01 15:07:09,979] {taskinstance.py:1377} INFO - Executing <Task(BashOperator): stream_hdfs> on 2025-09-01 14:36:30.845471+00:00
[2025-09-01 15:07:09,985] {standard_task_runner.py:52} INFO - Started process 24315 to run task
[2025-09-01 15:07:09,989] {standard_task_runner.py:79} INFO - Running: ['***', 'tasks', 'run', 'send_weather_to_kafka', 'stream_hdfs', 'scheduled__2025-09-01T14:36:30.845471+00:00', '--job-id', '591', '--raw', '--subdir', 'DAGS_FOLDER/dag_meteo.py', '--cfg-path', '/tmp/tmpr6_1e61p', '--error-file', '/tmp/tmpz_jilabi']
[2025-09-01 15:07:09,990] {standard_task_runner.py:80} INFO - Job 591: Subtask stream_hdfs
[2025-09-01 15:07:10,013] {logging_mixin.py:115} WARNING - /home/***/.local/lib/python3.7/site-packages/***/configuration.py:470 DeprecationWarning: The sql_alchemy_conn option in [core] has been moved to the sql_alchemy_conn option in [database] - the old setting has been used, but please update your config.
[2025-09-01 15:07:10,072] {task_command.py:369} INFO - Running <TaskInstance: send_weather_to_kafka.stream_hdfs scheduled__2025-09-01T14:36:30.845471+00:00 [running]> on host e66737cfc193
[2025-09-01 15:07:10,198] {taskinstance.py:1571} INFO - Exporting the following env vars:
AIRFLOW_CTX_DAG_OWNER=***
AIRFLOW_CTX_DAG_ID=send_weather_to_kafka
AIRFLOW_CTX_TASK_ID=stream_hdfs
AIRFLOW_CTX_EXECUTION_DATE=2025-09-01T14:36:30.845471+00:00
AIRFLOW_CTX_TRY_NUMBER=1
AIRFLOW_CTX_DAG_RUN_ID=scheduled__2025-09-01T14:36:30.845471+00:00
[2025-09-01 15:07:10,199] {subprocess.py:62} INFO - Tmp dir root location: 
 /tmp
[2025-09-01 15:07:10,199] {subprocess.py:74} INFO - Running command: ['bash', '-c', '\n/home/***/.local/bin/spark-submit   --master local[*]   --conf spark.hadoop.fs.defaultFS=hdfs://namenode:9000   --conf spark.hadoop.dfs.client.use.datanode.hostname=true   --conf spark.sql.adaptive.enabled=false   --packages org.apache.spark:spark-sql-kafka-0-10_2.12:3.3.1   /opt/***/scripts/pyspark/streaming.py']
[2025-09-01 15:07:10,214] {subprocess.py:85} INFO - Output:
[2025-09-01 15:07:10,230] {subprocess.py:92} INFO - /opt/spark-3.3.1-bin-hadoop3/bin/load-spark-env.sh: line 68: ps: command not found
[2025-09-01 15:07:12,363] {subprocess.py:92} INFO - :: loading settings :: url = jar:file:/opt/spark-3.3.1-bin-hadoop3/jars/ivy-2.5.0.jar!/org/apache/ivy/core/settings/ivysettings.xml
[2025-09-01 15:07:12,533] {subprocess.py:92} INFO - Ivy Default Cache set to: /home/***/.ivy2/cache
[2025-09-01 15:07:12,534] {subprocess.py:92} INFO - The jars for the packages stored in: /home/***/.ivy2/jars
[2025-09-01 15:07:12,545] {subprocess.py:92} INFO - org.apache.spark#spark-sql-kafka-0-10_2.12 added as a dependency
[2025-09-01 15:07:12,547] {subprocess.py:92} INFO - :: resolving dependencies :: org.apache.spark#spark-submit-parent-d56e8e51-b649-4236-9097-c9b19d87171d;1.0
[2025-09-01 15:07:12,548] {subprocess.py:92} INFO - 	confs: [default]
[2025-09-01 15:07:12,844] {subprocess.py:92} INFO - 	found org.apache.spark#spark-sql-kafka-0-10_2.12;3.3.1 in spark-list
[2025-09-01 15:07:12,917] {subprocess.py:92} INFO - 	found org.apache.spark#spark-token-provider-kafka-0-10_2.12;3.3.1 in central
[2025-09-01 15:07:12,941] {subprocess.py:92} INFO - 	found org.apache.kafka#kafka-clients;2.8.1 in central
[2025-09-01 15:07:12,964] {subprocess.py:92} INFO - 	found org.lz4#lz4-java;1.8.0 in central
[2025-09-01 15:07:12,984] {subprocess.py:92} INFO - 	found org.xerial.snappy#snappy-java;1.1.8.4 in central
[2025-09-01 15:07:13,002] {subprocess.py:92} INFO - 	found org.slf4j#slf4j-api;1.7.32 in central
[2025-09-01 15:07:13,039] {subprocess.py:92} INFO - 	found org.apache.hadoop#hadoop-client-runtime;3.3.2 in central
[2025-09-01 15:07:13,075] {subprocess.py:92} INFO - 	found org.spark-project.spark#unused;1.0.0 in central
[2025-09-01 15:07:13,141] {subprocess.py:92} INFO - 	found org.apache.hadoop#hadoop-client-api;3.3.2 in central
[2025-09-01 15:07:13,184] {subprocess.py:92} INFO - 	found commons-logging#commons-logging;1.1.3 in central
[2025-09-01 15:07:13,209] {subprocess.py:92} INFO - 	found com.google.code.findbugs#jsr305;3.0.0 in central
[2025-09-01 15:07:13,233] {subprocess.py:92} INFO - 	found org.apache.commons#commons-pool2;2.11.1 in central
[2025-09-01 15:07:13,283] {subprocess.py:92} INFO - :: resolution report :: resolve 709ms :: artifacts dl 26ms
[2025-09-01 15:07:13,283] {subprocess.py:92} INFO - 	:: modules in use:
[2025-09-01 15:07:13,283] {subprocess.py:92} INFO - 	com.google.code.findbugs#jsr305;3.0.0 from central in [default]
[2025-09-01 15:07:13,283] {subprocess.py:92} INFO - 	commons-logging#commons-logging;1.1.3 from central in [default]
[2025-09-01 15:07:13,283] {subprocess.py:92} INFO - 	org.apache.commons#commons-pool2;2.11.1 from central in [default]
[2025-09-01 15:07:13,284] {subprocess.py:92} INFO - 	org.apache.hadoop#hadoop-client-api;3.3.2 from central in [default]
[2025-09-01 15:07:13,284] {subprocess.py:92} INFO - 	org.apache.hadoop#hadoop-client-runtime;3.3.2 from central in [default]
[2025-09-01 15:07:13,284] {subprocess.py:92} INFO - 	org.apache.kafka#kafka-clients;2.8.1 from central in [default]
[2025-09-01 15:07:13,284] {subprocess.py:92} INFO - 	org.apache.spark#spark-sql-kafka-0-10_2.12;3.3.1 from spark-list in [default]
[2025-09-01 15:07:13,284] {subprocess.py:92} INFO - 	org.apache.spark#spark-token-provider-kafka-0-10_2.12;3.3.1 from central in [default]
[2025-09-01 15:07:13,284] {subprocess.py:92} INFO - 	org.lz4#lz4-java;1.8.0 from central in [default]
[2025-09-01 15:07:13,284] {subprocess.py:92} INFO - 	org.slf4j#slf4j-api;1.7.32 from central in [default]
[2025-09-01 15:07:13,284] {subprocess.py:92} INFO - 	org.spark-project.spark#unused;1.0.0 from central in [default]
[2025-09-01 15:07:13,284] {subprocess.py:92} INFO - 	org.xerial.snappy#snappy-java;1.1.8.4 from central in [default]
[2025-09-01 15:07:13,285] {subprocess.py:92} INFO - 	---------------------------------------------------------------------
[2025-09-01 15:07:13,285] {subprocess.py:92} INFO - 	|                  |            modules            ||   artifacts   |
[2025-09-01 15:07:13,285] {subprocess.py:92} INFO - 	|       conf       | number| search|dwnlded|evicted|| number|dwnlded|
[2025-09-01 15:07:13,285] {subprocess.py:92} INFO - 	---------------------------------------------------------------------
[2025-09-01 15:07:13,285] {subprocess.py:92} INFO - 	|      default     |   12  |   0   |   0   |   0   ||   12  |   0   |
[2025-09-01 15:07:13,285] {subprocess.py:92} INFO - 	---------------------------------------------------------------------
[2025-09-01 15:07:13,297] {subprocess.py:92} INFO - :: retrieving :: org.apache.spark#spark-submit-parent-d56e8e51-b649-4236-9097-c9b19d87171d
[2025-09-01 15:07:13,298] {subprocess.py:92} INFO - 	confs: [default]
[2025-09-01 15:07:13,315] {subprocess.py:92} INFO - 	0 artifacts copied, 12 already retrieved (0kB/18ms)
[2025-09-01 15:07:13,671] {subprocess.py:92} INFO - 25/09/01 15:07:13 WARN NativeCodeLoader: Unable to load native-hadoop library for your platform... using builtin-java classes where applicable
[2025-09-01 15:07:15,122] {subprocess.py:92} INFO - 25/09/01 15:07:15 INFO SparkContext: Running Spark version 3.3.1
[2025-09-01 15:07:15,159] {subprocess.py:92} INFO - 25/09/01 15:07:15 INFO ResourceUtils: ==============================================================
[2025-09-01 15:07:15,160] {subprocess.py:92} INFO - 25/09/01 15:07:15 INFO ResourceUtils: No custom resources configured for spark.driver.
[2025-09-01 15:07:15,160] {subprocess.py:92} INFO - 25/09/01 15:07:15 INFO ResourceUtils: ==============================================================
[2025-09-01 15:07:15,161] {subprocess.py:92} INFO - 25/09/01 15:07:15 INFO SparkContext: Submitted application: KafkaToHDFSWeather
[2025-09-01 15:07:15,198] {subprocess.py:92} INFO - 25/09/01 15:07:15 INFO ResourceProfile: Default ResourceProfile created, executor resources: Map(cores -> name: cores, amount: 1, script: , vendor: , memory -> name: memory, amount: 1024, script: , vendor: , offHeap -> name: offHeap, amount: 0, script: , vendor: ), task resources: Map(cpus -> name: cpus, amount: 1.0)
[2025-09-01 15:07:15,212] {subprocess.py:92} INFO - 25/09/01 15:07:15 INFO ResourceProfile: Limiting resource is cpu
[2025-09-01 15:07:15,212] {subprocess.py:92} INFO - 25/09/01 15:07:15 INFO ResourceProfileManager: Added ResourceProfile id: 0
[2025-09-01 15:07:15,294] {subprocess.py:92} INFO - 25/09/01 15:07:15 INFO SecurityManager: Changing view acls to: ***
[2025-09-01 15:07:15,295] {subprocess.py:92} INFO - 25/09/01 15:07:15 INFO SecurityManager: Changing modify acls to: ***
[2025-09-01 15:07:15,296] {subprocess.py:92} INFO - 25/09/01 15:07:15 INFO SecurityManager: Changing view acls groups to:
[2025-09-01 15:07:15,297] {subprocess.py:92} INFO - 25/09/01 15:07:15 INFO SecurityManager: Changing modify acls groups to:
[2025-09-01 15:07:15,298] {subprocess.py:92} INFO - 25/09/01 15:07:15 INFO SecurityManager: SecurityManager: authentication disabled; ui acls disabled; users  with view permissions: Set(***); groups with view permissions: Set(); users  with modify permissions: Set(***); groups with modify permissions: Set()
[2025-09-01 15:07:15,715] {subprocess.py:92} INFO - 25/09/01 15:07:15 INFO Utils: Successfully started service 'sparkDriver' on port 44293.
[2025-09-01 15:07:15,755] {subprocess.py:92} INFO - 25/09/01 15:07:15 INFO SparkEnv: Registering MapOutputTracker
[2025-09-01 15:07:15,793] {subprocess.py:92} INFO - 25/09/01 15:07:15 INFO SparkEnv: Registering BlockManagerMaster
[2025-09-01 15:07:15,810] {subprocess.py:92} INFO - 25/09/01 15:07:15 INFO BlockManagerMasterEndpoint: Using org.apache.spark.storage.DefaultTopologyMapper for getting topology information
[2025-09-01 15:07:15,811] {subprocess.py:92} INFO - 25/09/01 15:07:15 INFO BlockManagerMasterEndpoint: BlockManagerMasterEndpoint up
[2025-09-01 15:07:15,819] {subprocess.py:92} INFO - 25/09/01 15:07:15 INFO SparkEnv: Registering BlockManagerMasterHeartbeat
[2025-09-01 15:07:15,862] {subprocess.py:92} INFO - 25/09/01 15:07:15 INFO DiskBlockManager: Created local directory at /tmp/blockmgr-78e544fc-280c-4f7d-85f6-3ac762596344
[2025-09-01 15:07:15,897] {subprocess.py:92} INFO - 25/09/01 15:07:15 INFO MemoryStore: MemoryStore started with capacity 434.4 MiB
[2025-09-01 15:07:15,928] {subprocess.py:92} INFO - 25/09/01 15:07:15 INFO SparkEnv: Registering OutputCommitCoordinator
[2025-09-01 15:07:16,151] {subprocess.py:92} INFO - 25/09/01 15:07:16 WARN Utils: Service 'SparkUI' could not bind on port 4040. Attempting port 4041.
[2025-09-01 15:07:16,162] {subprocess.py:92} INFO - 25/09/01 15:07:16 INFO Utils: Successfully started service 'SparkUI' on port 4041.
[2025-09-01 15:07:16,212] {subprocess.py:92} INFO - 25/09/01 15:07:16 INFO SparkContext: Added JAR file:///home/***/.ivy2/jars/org.apache.spark_spark-sql-kafka-0-10_2.12-3.3.1.jar at spark://e66737cfc193:44293/jars/org.apache.spark_spark-sql-kafka-0-10_2.12-3.3.1.jar with timestamp 1756739235109
[2025-09-01 15:07:16,213] {subprocess.py:92} INFO - 25/09/01 15:07:16 INFO SparkContext: Added JAR file:///home/***/.ivy2/jars/org.apache.spark_spark-token-provider-kafka-0-10_2.12-3.3.1.jar at spark://e66737cfc193:44293/jars/org.apache.spark_spark-token-provider-kafka-0-10_2.12-3.3.1.jar with timestamp 1756739235109
[2025-09-01 15:07:16,213] {subprocess.py:92} INFO - 25/09/01 15:07:16 INFO SparkContext: Added JAR file:///home/***/.ivy2/jars/org.apache.kafka_kafka-clients-2.8.1.jar at spark://e66737cfc193:44293/jars/org.apache.kafka_kafka-clients-2.8.1.jar with timestamp 1756739235109
[2025-09-01 15:07:16,213] {subprocess.py:92} INFO - 25/09/01 15:07:16 INFO SparkContext: Added JAR file:///home/***/.ivy2/jars/com.google.code.findbugs_jsr305-3.0.0.jar at spark://e66737cfc193:44293/jars/com.google.code.findbugs_jsr305-3.0.0.jar with timestamp 1756739235109
[2025-09-01 15:07:16,213] {subprocess.py:92} INFO - 25/09/01 15:07:16 INFO SparkContext: Added JAR file:///home/***/.ivy2/jars/org.apache.commons_commons-pool2-2.11.1.jar at spark://e66737cfc193:44293/jars/org.apache.commons_commons-pool2-2.11.1.jar with timestamp 1756739235109
[2025-09-01 15:07:16,213] {subprocess.py:92} INFO - 25/09/01 15:07:16 INFO SparkContext: Added JAR file:///home/***/.ivy2/jars/org.spark-project.spark_unused-1.0.0.jar at spark://e66737cfc193:44293/jars/org.spark-project.spark_unused-1.0.0.jar with timestamp 1756739235109
[2025-09-01 15:07:16,214] {subprocess.py:92} INFO - 25/09/01 15:07:16 INFO SparkContext: Added JAR file:///home/***/.ivy2/jars/org.apache.hadoop_hadoop-client-runtime-3.3.2.jar at spark://e66737cfc193:44293/jars/org.apache.hadoop_hadoop-client-runtime-3.3.2.jar with timestamp 1756739235109
[2025-09-01 15:07:16,214] {subprocess.py:92} INFO - 25/09/01 15:07:16 INFO SparkContext: Added JAR file:///home/***/.ivy2/jars/org.lz4_lz4-java-1.8.0.jar at spark://e66737cfc193:44293/jars/org.lz4_lz4-java-1.8.0.jar with timestamp 1756739235109
[2025-09-01 15:07:16,214] {subprocess.py:92} INFO - 25/09/01 15:07:16 INFO SparkContext: Added JAR file:///home/***/.ivy2/jars/org.xerial.snappy_snappy-java-1.1.8.4.jar at spark://e66737cfc193:44293/jars/org.xerial.snappy_snappy-java-1.1.8.4.jar with timestamp 1756739235109
[2025-09-01 15:07:16,214] {subprocess.py:92} INFO - 25/09/01 15:07:16 INFO SparkContext: Added JAR file:///home/***/.ivy2/jars/org.slf4j_slf4j-api-1.7.32.jar at spark://e66737cfc193:44293/jars/org.slf4j_slf4j-api-1.7.32.jar with timestamp 1756739235109
[2025-09-01 15:07:16,214] {subprocess.py:92} INFO - 25/09/01 15:07:16 INFO SparkContext: Added JAR file:///home/***/.ivy2/jars/org.apache.hadoop_hadoop-client-api-3.3.2.jar at spark://e66737cfc193:44293/jars/org.apache.hadoop_hadoop-client-api-3.3.2.jar with timestamp 1756739235109
[2025-09-01 15:07:16,214] {subprocess.py:92} INFO - 25/09/01 15:07:16 INFO SparkContext: Added JAR file:///home/***/.ivy2/jars/commons-logging_commons-logging-1.1.3.jar at spark://e66737cfc193:44293/jars/commons-logging_commons-logging-1.1.3.jar with timestamp 1756739235109
[2025-09-01 15:07:16,218] {subprocess.py:92} INFO - 25/09/01 15:07:16 INFO SparkContext: Added file file:///home/***/.ivy2/jars/org.apache.spark_spark-sql-kafka-0-10_2.12-3.3.1.jar at file:///home/***/.ivy2/jars/org.apache.spark_spark-sql-kafka-0-10_2.12-3.3.1.jar with timestamp 1756739235109
[2025-09-01 15:07:16,220] {subprocess.py:92} INFO - 25/09/01 15:07:16 INFO Utils: Copying /home/***/.ivy2/jars/org.apache.spark_spark-sql-kafka-0-10_2.12-3.3.1.jar to /tmp/spark-e34ee4fb-c837-4f28-89d3-6872b6c21dfb/userFiles-e8d02d44-b937-4f9a-a352-5e6e2fc3b675/org.apache.spark_spark-sql-kafka-0-10_2.12-3.3.1.jar
[2025-09-01 15:07:16,234] {subprocess.py:92} INFO - 25/09/01 15:07:16 INFO SparkContext: Added file file:///home/***/.ivy2/jars/org.apache.spark_spark-token-provider-kafka-0-10_2.12-3.3.1.jar at file:///home/***/.ivy2/jars/org.apache.spark_spark-token-provider-kafka-0-10_2.12-3.3.1.jar with timestamp 1756739235109
[2025-09-01 15:07:16,235] {subprocess.py:92} INFO - 25/09/01 15:07:16 INFO Utils: Copying /home/***/.ivy2/jars/org.apache.spark_spark-token-provider-kafka-0-10_2.12-3.3.1.jar to /tmp/spark-e34ee4fb-c837-4f28-89d3-6872b6c21dfb/userFiles-e8d02d44-b937-4f9a-a352-5e6e2fc3b675/org.apache.spark_spark-token-provider-kafka-0-10_2.12-3.3.1.jar
[2025-09-01 15:07:16,243] {subprocess.py:92} INFO - 25/09/01 15:07:16 INFO SparkContext: Added file file:///home/***/.ivy2/jars/org.apache.kafka_kafka-clients-2.8.1.jar at file:///home/***/.ivy2/jars/org.apache.kafka_kafka-clients-2.8.1.jar with timestamp 1756739235109
[2025-09-01 15:07:16,243] {subprocess.py:92} INFO - 25/09/01 15:07:16 INFO Utils: Copying /home/***/.ivy2/jars/org.apache.kafka_kafka-clients-2.8.1.jar to /tmp/spark-e34ee4fb-c837-4f28-89d3-6872b6c21dfb/userFiles-e8d02d44-b937-4f9a-a352-5e6e2fc3b675/org.apache.kafka_kafka-clients-2.8.1.jar
[2025-09-01 15:07:16,255] {subprocess.py:92} INFO - 25/09/01 15:07:16 INFO SparkContext: Added file file:///home/***/.ivy2/jars/com.google.code.findbugs_jsr305-3.0.0.jar at file:///home/***/.ivy2/jars/com.google.code.findbugs_jsr305-3.0.0.jar with timestamp 1756739235109
[2025-09-01 15:07:16,255] {subprocess.py:92} INFO - 25/09/01 15:07:16 INFO Utils: Copying /home/***/.ivy2/jars/com.google.code.findbugs_jsr305-3.0.0.jar to /tmp/spark-e34ee4fb-c837-4f28-89d3-6872b6c21dfb/userFiles-e8d02d44-b937-4f9a-a352-5e6e2fc3b675/com.google.code.findbugs_jsr305-3.0.0.jar
[2025-09-01 15:07:16,263] {subprocess.py:92} INFO - 25/09/01 15:07:16 INFO SparkContext: Added file file:///home/***/.ivy2/jars/org.apache.commons_commons-pool2-2.11.1.jar at file:///home/***/.ivy2/jars/org.apache.commons_commons-pool2-2.11.1.jar with timestamp 1756739235109
[2025-09-01 15:07:16,263] {subprocess.py:92} INFO - 25/09/01 15:07:16 INFO Utils: Copying /home/***/.ivy2/jars/org.apache.commons_commons-pool2-2.11.1.jar to /tmp/spark-e34ee4fb-c837-4f28-89d3-6872b6c21dfb/userFiles-e8d02d44-b937-4f9a-a352-5e6e2fc3b675/org.apache.commons_commons-pool2-2.11.1.jar
[2025-09-01 15:07:16,270] {subprocess.py:92} INFO - 25/09/01 15:07:16 INFO SparkContext: Added file file:///home/***/.ivy2/jars/org.spark-project.spark_unused-1.0.0.jar at file:///home/***/.ivy2/jars/org.spark-project.spark_unused-1.0.0.jar with timestamp 1756739235109
[2025-09-01 15:07:16,271] {subprocess.py:92} INFO - 25/09/01 15:07:16 INFO Utils: Copying /home/***/.ivy2/jars/org.spark-project.spark_unused-1.0.0.jar to /tmp/spark-e34ee4fb-c837-4f28-89d3-6872b6c21dfb/userFiles-e8d02d44-b937-4f9a-a352-5e6e2fc3b675/org.spark-project.spark_unused-1.0.0.jar
[2025-09-01 15:07:16,278] {subprocess.py:92} INFO - 25/09/01 15:07:16 INFO SparkContext: Added file file:///home/***/.ivy2/jars/org.apache.hadoop_hadoop-client-runtime-3.3.2.jar at file:///home/***/.ivy2/jars/org.apache.hadoop_hadoop-client-runtime-3.3.2.jar with timestamp 1756739235109
[2025-09-01 15:07:16,278] {subprocess.py:92} INFO - 25/09/01 15:07:16 INFO Utils: Copying /home/***/.ivy2/jars/org.apache.hadoop_hadoop-client-runtime-3.3.2.jar to /tmp/spark-e34ee4fb-c837-4f28-89d3-6872b6c21dfb/userFiles-e8d02d44-b937-4f9a-a352-5e6e2fc3b675/org.apache.hadoop_hadoop-client-runtime-3.3.2.jar
[2025-09-01 15:07:16,315] {subprocess.py:92} INFO - 25/09/01 15:07:16 INFO SparkContext: Added file file:///home/***/.ivy2/jars/org.lz4_lz4-java-1.8.0.jar at file:///home/***/.ivy2/jars/org.lz4_lz4-java-1.8.0.jar with timestamp 1756739235109
[2025-09-01 15:07:16,315] {subprocess.py:92} INFO - 25/09/01 15:07:16 INFO Utils: Copying /home/***/.ivy2/jars/org.lz4_lz4-java-1.8.0.jar to /tmp/spark-e34ee4fb-c837-4f28-89d3-6872b6c21dfb/userFiles-e8d02d44-b937-4f9a-a352-5e6e2fc3b675/org.lz4_lz4-java-1.8.0.jar
[2025-09-01 15:07:16,321] {subprocess.py:92} INFO - 25/09/01 15:07:16 INFO SparkContext: Added file file:///home/***/.ivy2/jars/org.xerial.snappy_snappy-java-1.1.8.4.jar at file:///home/***/.ivy2/jars/org.xerial.snappy_snappy-java-1.1.8.4.jar with timestamp 1756739235109
[2025-09-01 15:07:16,322] {subprocess.py:92} INFO - 25/09/01 15:07:16 INFO Utils: Copying /home/***/.ivy2/jars/org.xerial.snappy_snappy-java-1.1.8.4.jar to /tmp/spark-e34ee4fb-c837-4f28-89d3-6872b6c21dfb/userFiles-e8d02d44-b937-4f9a-a352-5e6e2fc3b675/org.xerial.snappy_snappy-java-1.1.8.4.jar
[2025-09-01 15:07:16,329] {subprocess.py:92} INFO - 25/09/01 15:07:16 INFO SparkContext: Added file file:///home/***/.ivy2/jars/org.slf4j_slf4j-api-1.7.32.jar at file:///home/***/.ivy2/jars/org.slf4j_slf4j-api-1.7.32.jar with timestamp 1756739235109
[2025-09-01 15:07:16,330] {subprocess.py:92} INFO - 25/09/01 15:07:16 INFO Utils: Copying /home/***/.ivy2/jars/org.slf4j_slf4j-api-1.7.32.jar to /tmp/spark-e34ee4fb-c837-4f28-89d3-6872b6c21dfb/userFiles-e8d02d44-b937-4f9a-a352-5e6e2fc3b675/org.slf4j_slf4j-api-1.7.32.jar
[2025-09-01 15:07:16,337] {subprocess.py:92} INFO - 25/09/01 15:07:16 INFO SparkContext: Added file file:///home/***/.ivy2/jars/org.apache.hadoop_hadoop-client-api-3.3.2.jar at file:///home/***/.ivy2/jars/org.apache.hadoop_hadoop-client-api-3.3.2.jar with timestamp 1756739235109
[2025-09-01 15:07:16,337] {subprocess.py:92} INFO - 25/09/01 15:07:16 INFO Utils: Copying /home/***/.ivy2/jars/org.apache.hadoop_hadoop-client-api-3.3.2.jar to /tmp/spark-e34ee4fb-c837-4f28-89d3-6872b6c21dfb/userFiles-e8d02d44-b937-4f9a-a352-5e6e2fc3b675/org.apache.hadoop_hadoop-client-api-3.3.2.jar
[2025-09-01 15:07:16,358] {subprocess.py:92} INFO - 25/09/01 15:07:16 INFO SparkContext: Added file file:///home/***/.ivy2/jars/commons-logging_commons-logging-1.1.3.jar at file:///home/***/.ivy2/jars/commons-logging_commons-logging-1.1.3.jar with timestamp 1756739235109
[2025-09-01 15:07:16,358] {subprocess.py:92} INFO - 25/09/01 15:07:16 INFO Utils: Copying /home/***/.ivy2/jars/commons-logging_commons-logging-1.1.3.jar to /tmp/spark-e34ee4fb-c837-4f28-89d3-6872b6c21dfb/userFiles-e8d02d44-b937-4f9a-a352-5e6e2fc3b675/commons-logging_commons-logging-1.1.3.jar
[2025-09-01 15:07:16,474] {subprocess.py:92} INFO - 25/09/01 15:07:16 INFO Executor: Starting executor ID driver on host e66737cfc193
[2025-09-01 15:07:16,486] {subprocess.py:92} INFO - 25/09/01 15:07:16 INFO Executor: Starting executor with user classpath (userClassPathFirst = false): ''
[2025-09-01 15:07:16,506] {subprocess.py:92} INFO - 25/09/01 15:07:16 INFO Executor: Fetching file:///home/***/.ivy2/jars/commons-logging_commons-logging-1.1.3.jar with timestamp 1756739235109
[2025-09-01 15:07:16,544] {subprocess.py:92} INFO - 25/09/01 15:07:16 INFO Utils: /home/***/.ivy2/jars/commons-logging_commons-logging-1.1.3.jar has been previously copied to /tmp/spark-e34ee4fb-c837-4f28-89d3-6872b6c21dfb/userFiles-e8d02d44-b937-4f9a-a352-5e6e2fc3b675/commons-logging_commons-logging-1.1.3.jar
[2025-09-01 15:07:16,551] {subprocess.py:92} INFO - 25/09/01 15:07:16 INFO Executor: Fetching file:///home/***/.ivy2/jars/org.spark-project.spark_unused-1.0.0.jar with timestamp 1756739235109
[2025-09-01 15:07:16,552] {subprocess.py:92} INFO - 25/09/01 15:07:16 INFO Utils: /home/***/.ivy2/jars/org.spark-project.spark_unused-1.0.0.jar has been previously copied to /tmp/spark-e34ee4fb-c837-4f28-89d3-6872b6c21dfb/userFiles-e8d02d44-b937-4f9a-a352-5e6e2fc3b675/org.spark-project.spark_unused-1.0.0.jar
[2025-09-01 15:07:16,559] {subprocess.py:92} INFO - 25/09/01 15:07:16 INFO Executor: Fetching file:///home/***/.ivy2/jars/org.apache.spark_spark-sql-kafka-0-10_2.12-3.3.1.jar with timestamp 1756739235109
[2025-09-01 15:07:16,570] {subprocess.py:92} INFO - 25/09/01 15:07:16 INFO Utils: /home/***/.ivy2/jars/org.apache.spark_spark-sql-kafka-0-10_2.12-3.3.1.jar has been previously copied to /tmp/spark-e34ee4fb-c837-4f28-89d3-6872b6c21dfb/userFiles-e8d02d44-b937-4f9a-a352-5e6e2fc3b675/org.apache.spark_spark-sql-kafka-0-10_2.12-3.3.1.jar
[2025-09-01 15:07:16,576] {subprocess.py:92} INFO - 25/09/01 15:07:16 INFO Executor: Fetching file:///home/***/.ivy2/jars/org.apache.hadoop_hadoop-client-api-3.3.2.jar with timestamp 1756739235109
[2025-09-01 15:07:16,616] {subprocess.py:92} INFO - 25/09/01 15:07:16 INFO Utils: /home/***/.ivy2/jars/org.apache.hadoop_hadoop-client-api-3.3.2.jar has been previously copied to /tmp/spark-e34ee4fb-c837-4f28-89d3-6872b6c21dfb/userFiles-e8d02d44-b937-4f9a-a352-5e6e2fc3b675/org.apache.hadoop_hadoop-client-api-3.3.2.jar
[2025-09-01 15:07:16,623] {subprocess.py:92} INFO - 25/09/01 15:07:16 INFO Executor: Fetching file:///home/***/.ivy2/jars/org.apache.hadoop_hadoop-client-runtime-3.3.2.jar with timestamp 1756739235109
[2025-09-01 15:07:16,658] {subprocess.py:92} INFO - 25/09/01 15:07:16 INFO Utils: /home/***/.ivy2/jars/org.apache.hadoop_hadoop-client-runtime-3.3.2.jar has been previously copied to /tmp/spark-e34ee4fb-c837-4f28-89d3-6872b6c21dfb/userFiles-e8d02d44-b937-4f9a-a352-5e6e2fc3b675/org.apache.hadoop_hadoop-client-runtime-3.3.2.jar
[2025-09-01 15:07:16,664] {subprocess.py:92} INFO - 25/09/01 15:07:16 INFO Executor: Fetching file:///home/***/.ivy2/jars/org.slf4j_slf4j-api-1.7.32.jar with timestamp 1756739235109
[2025-09-01 15:07:16,665] {subprocess.py:92} INFO - 25/09/01 15:07:16 INFO Utils: /home/***/.ivy2/jars/org.slf4j_slf4j-api-1.7.32.jar has been previously copied to /tmp/spark-e34ee4fb-c837-4f28-89d3-6872b6c21dfb/userFiles-e8d02d44-b937-4f9a-a352-5e6e2fc3b675/org.slf4j_slf4j-api-1.7.32.jar
[2025-09-01 15:07:16,671] {subprocess.py:92} INFO - 25/09/01 15:07:16 INFO Executor: Fetching file:///home/***/.ivy2/jars/org.lz4_lz4-java-1.8.0.jar with timestamp 1756739235109
[2025-09-01 15:07:16,673] {subprocess.py:92} INFO - 25/09/01 15:07:16 INFO Utils: /home/***/.ivy2/jars/org.lz4_lz4-java-1.8.0.jar has been previously copied to /tmp/spark-e34ee4fb-c837-4f28-89d3-6872b6c21dfb/userFiles-e8d02d44-b937-4f9a-a352-5e6e2fc3b675/org.lz4_lz4-java-1.8.0.jar
[2025-09-01 15:07:16,679] {subprocess.py:92} INFO - 25/09/01 15:07:16 INFO Executor: Fetching file:///home/***/.ivy2/jars/org.apache.commons_commons-pool2-2.11.1.jar with timestamp 1756739235109
[2025-09-01 15:07:16,680] {subprocess.py:92} INFO - 25/09/01 15:07:16 INFO Utils: /home/***/.ivy2/jars/org.apache.commons_commons-pool2-2.11.1.jar has been previously copied to /tmp/spark-e34ee4fb-c837-4f28-89d3-6872b6c21dfb/userFiles-e8d02d44-b937-4f9a-a352-5e6e2fc3b675/org.apache.commons_commons-pool2-2.11.1.jar
[2025-09-01 15:07:16,687] {subprocess.py:92} INFO - 25/09/01 15:07:16 INFO Executor: Fetching file:///home/***/.ivy2/jars/com.google.code.findbugs_jsr305-3.0.0.jar with timestamp 1756739235109
[2025-09-01 15:07:16,688] {subprocess.py:92} INFO - 25/09/01 15:07:16 INFO Utils: /home/***/.ivy2/jars/com.google.code.findbugs_jsr305-3.0.0.jar has been previously copied to /tmp/spark-e34ee4fb-c837-4f28-89d3-6872b6c21dfb/userFiles-e8d02d44-b937-4f9a-a352-5e6e2fc3b675/com.google.code.findbugs_jsr305-3.0.0.jar
[2025-09-01 15:07:16,694] {subprocess.py:92} INFO - 25/09/01 15:07:16 INFO Executor: Fetching file:///home/***/.ivy2/jars/org.apache.spark_spark-token-provider-kafka-0-10_2.12-3.3.1.jar with timestamp 1756739235109
[2025-09-01 15:07:16,694] {subprocess.py:92} INFO - 25/09/01 15:07:16 INFO Utils: /home/***/.ivy2/jars/org.apache.spark_spark-token-provider-kafka-0-10_2.12-3.3.1.jar has been previously copied to /tmp/spark-e34ee4fb-c837-4f28-89d3-6872b6c21dfb/userFiles-e8d02d44-b937-4f9a-a352-5e6e2fc3b675/org.apache.spark_spark-token-provider-kafka-0-10_2.12-3.3.1.jar
[2025-09-01 15:07:16,701] {subprocess.py:92} INFO - 25/09/01 15:07:16 INFO Executor: Fetching file:///home/***/.ivy2/jars/org.apache.kafka_kafka-clients-2.8.1.jar with timestamp 1756739235109
[2025-09-01 15:07:16,710] {subprocess.py:92} INFO - 25/09/01 15:07:16 INFO Utils: /home/***/.ivy2/jars/org.apache.kafka_kafka-clients-2.8.1.jar has been previously copied to /tmp/spark-e34ee4fb-c837-4f28-89d3-6872b6c21dfb/userFiles-e8d02d44-b937-4f9a-a352-5e6e2fc3b675/org.apache.kafka_kafka-clients-2.8.1.jar
[2025-09-01 15:07:16,715] {subprocess.py:92} INFO - 25/09/01 15:07:16 INFO Executor: Fetching file:///home/***/.ivy2/jars/org.xerial.snappy_snappy-java-1.1.8.4.jar with timestamp 1756739235109
[2025-09-01 15:07:16,718] {subprocess.py:92} INFO - 25/09/01 15:07:16 INFO Utils: /home/***/.ivy2/jars/org.xerial.snappy_snappy-java-1.1.8.4.jar has been previously copied to /tmp/spark-e34ee4fb-c837-4f28-89d3-6872b6c21dfb/userFiles-e8d02d44-b937-4f9a-a352-5e6e2fc3b675/org.xerial.snappy_snappy-java-1.1.8.4.jar
[2025-09-01 15:07:16,725] {subprocess.py:92} INFO - 25/09/01 15:07:16 INFO Executor: Fetching spark://e66737cfc193:44293/jars/com.google.code.findbugs_jsr305-3.0.0.jar with timestamp 1756739235109
[2025-09-01 15:07:16,776] {subprocess.py:92} INFO - 25/09/01 15:07:16 INFO TransportClientFactory: Successfully created connection to e66737cfc193/172.20.0.18:44293 after 35 ms (0 ms spent in bootstraps)
[2025-09-01 15:07:16,785] {subprocess.py:92} INFO - 25/09/01 15:07:16 INFO Utils: Fetching spark://e66737cfc193:44293/jars/com.google.code.findbugs_jsr305-3.0.0.jar to /tmp/spark-e34ee4fb-c837-4f28-89d3-6872b6c21dfb/userFiles-e8d02d44-b937-4f9a-a352-5e6e2fc3b675/fetchFileTemp3738288727028838749.tmp
[2025-09-01 15:07:16,841] {subprocess.py:92} INFO - 25/09/01 15:07:16 INFO Utils: /tmp/spark-e34ee4fb-c837-4f28-89d3-6872b6c21dfb/userFiles-e8d02d44-b937-4f9a-a352-5e6e2fc3b675/fetchFileTemp3738288727028838749.tmp has been previously copied to /tmp/spark-e34ee4fb-c837-4f28-89d3-6872b6c21dfb/userFiles-e8d02d44-b937-4f9a-a352-5e6e2fc3b675/com.google.code.findbugs_jsr305-3.0.0.jar
[2025-09-01 15:07:16,848] {subprocess.py:92} INFO - 25/09/01 15:07:16 INFO Executor: Adding file:/tmp/spark-e34ee4fb-c837-4f28-89d3-6872b6c21dfb/userFiles-e8d02d44-b937-4f9a-a352-5e6e2fc3b675/com.google.code.findbugs_jsr305-3.0.0.jar to class loader
[2025-09-01 15:07:16,848] {subprocess.py:92} INFO - 25/09/01 15:07:16 INFO Executor: Fetching spark://e66737cfc193:44293/jars/org.lz4_lz4-java-1.8.0.jar with timestamp 1756739235109
[2025-09-01 15:07:16,850] {subprocess.py:92} INFO - 25/09/01 15:07:16 INFO Utils: Fetching spark://e66737cfc193:44293/jars/org.lz4_lz4-java-1.8.0.jar to /tmp/spark-e34ee4fb-c837-4f28-89d3-6872b6c21dfb/userFiles-e8d02d44-b937-4f9a-a352-5e6e2fc3b675/fetchFileTemp710826912235566917.tmp
[2025-09-01 15:07:16,859] {subprocess.py:92} INFO - 25/09/01 15:07:16 INFO Utils: /tmp/spark-e34ee4fb-c837-4f28-89d3-6872b6c21dfb/userFiles-e8d02d44-b937-4f9a-a352-5e6e2fc3b675/fetchFileTemp710826912235566917.tmp has been previously copied to /tmp/spark-e34ee4fb-c837-4f28-89d3-6872b6c21dfb/userFiles-e8d02d44-b937-4f9a-a352-5e6e2fc3b675/org.lz4_lz4-java-1.8.0.jar
[2025-09-01 15:07:16,865] {subprocess.py:92} INFO - 25/09/01 15:07:16 INFO Executor: Adding file:/tmp/spark-e34ee4fb-c837-4f28-89d3-6872b6c21dfb/userFiles-e8d02d44-b937-4f9a-a352-5e6e2fc3b675/org.lz4_lz4-java-1.8.0.jar to class loader
[2025-09-01 15:07:16,865] {subprocess.py:92} INFO - 25/09/01 15:07:16 INFO Executor: Fetching spark://e66737cfc193:44293/jars/org.apache.kafka_kafka-clients-2.8.1.jar with timestamp 1756739235109
[2025-09-01 15:07:16,866] {subprocess.py:92} INFO - 25/09/01 15:07:16 INFO Utils: Fetching spark://e66737cfc193:44293/jars/org.apache.kafka_kafka-clients-2.8.1.jar to /tmp/spark-e34ee4fb-c837-4f28-89d3-6872b6c21dfb/userFiles-e8d02d44-b937-4f9a-a352-5e6e2fc3b675/fetchFileTemp7077616956356879393.tmp
[2025-09-01 15:07:16,905] {subprocess.py:92} INFO - 25/09/01 15:07:16 INFO Utils: /tmp/spark-e34ee4fb-c837-4f28-89d3-6872b6c21dfb/userFiles-e8d02d44-b937-4f9a-a352-5e6e2fc3b675/fetchFileTemp7077616956356879393.tmp has been previously copied to /tmp/spark-e34ee4fb-c837-4f28-89d3-6872b6c21dfb/userFiles-e8d02d44-b937-4f9a-a352-5e6e2fc3b675/org.apache.kafka_kafka-clients-2.8.1.jar
[2025-09-01 15:07:16,912] {subprocess.py:92} INFO - 25/09/01 15:07:16 INFO Executor: Adding file:/tmp/spark-e34ee4fb-c837-4f28-89d3-6872b6c21dfb/userFiles-e8d02d44-b937-4f9a-a352-5e6e2fc3b675/org.apache.kafka_kafka-clients-2.8.1.jar to class loader
[2025-09-01 15:07:16,912] {subprocess.py:92} INFO - 25/09/01 15:07:16 INFO Executor: Fetching spark://e66737cfc193:44293/jars/org.xerial.snappy_snappy-java-1.1.8.4.jar with timestamp 1756739235109
[2025-09-01 15:07:16,913] {subprocess.py:92} INFO - 25/09/01 15:07:16 INFO Utils: Fetching spark://e66737cfc193:44293/jars/org.xerial.snappy_snappy-java-1.1.8.4.jar to /tmp/spark-e34ee4fb-c837-4f28-89d3-6872b6c21dfb/userFiles-e8d02d44-b937-4f9a-a352-5e6e2fc3b675/fetchFileTemp2280656763241370253.tmp
[2025-09-01 15:07:16,927] {subprocess.py:92} INFO - 25/09/01 15:07:16 INFO Utils: /tmp/spark-e34ee4fb-c837-4f28-89d3-6872b6c21dfb/userFiles-e8d02d44-b937-4f9a-a352-5e6e2fc3b675/fetchFileTemp2280656763241370253.tmp has been previously copied to /tmp/spark-e34ee4fb-c837-4f28-89d3-6872b6c21dfb/userFiles-e8d02d44-b937-4f9a-a352-5e6e2fc3b675/org.xerial.snappy_snappy-java-1.1.8.4.jar
[2025-09-01 15:07:16,932] {subprocess.py:92} INFO - 25/09/01 15:07:16 INFO Executor: Adding file:/tmp/spark-e34ee4fb-c837-4f28-89d3-6872b6c21dfb/userFiles-e8d02d44-b937-4f9a-a352-5e6e2fc3b675/org.xerial.snappy_snappy-java-1.1.8.4.jar to class loader
[2025-09-01 15:07:16,932] {subprocess.py:92} INFO - 25/09/01 15:07:16 INFO Executor: Fetching spark://e66737cfc193:44293/jars/org.apache.hadoop_hadoop-client-runtime-3.3.2.jar with timestamp 1756739235109
[2025-09-01 15:07:16,933] {subprocess.py:92} INFO - 25/09/01 15:07:16 INFO Utils: Fetching spark://e66737cfc193:44293/jars/org.apache.hadoop_hadoop-client-runtime-3.3.2.jar to /tmp/spark-e34ee4fb-c837-4f28-89d3-6872b6c21dfb/userFiles-e8d02d44-b937-4f9a-a352-5e6e2fc3b675/fetchFileTemp14969437457594337264.tmp
[2025-09-01 15:07:17,045] {subprocess.py:92} INFO - 25/09/01 15:07:17 INFO Utils: /tmp/spark-e34ee4fb-c837-4f28-89d3-6872b6c21dfb/userFiles-e8d02d44-b937-4f9a-a352-5e6e2fc3b675/fetchFileTemp14969437457594337264.tmp has been previously copied to /tmp/spark-e34ee4fb-c837-4f28-89d3-6872b6c21dfb/userFiles-e8d02d44-b937-4f9a-a352-5e6e2fc3b675/org.apache.hadoop_hadoop-client-runtime-3.3.2.jar
[2025-09-01 15:07:17,055] {subprocess.py:92} INFO - 25/09/01 15:07:17 INFO Executor: Adding file:/tmp/spark-e34ee4fb-c837-4f28-89d3-6872b6c21dfb/userFiles-e8d02d44-b937-4f9a-a352-5e6e2fc3b675/org.apache.hadoop_hadoop-client-runtime-3.3.2.jar to class loader
[2025-09-01 15:07:17,055] {subprocess.py:92} INFO - 25/09/01 15:07:17 INFO Executor: Fetching spark://e66737cfc193:44293/jars/commons-logging_commons-logging-1.1.3.jar with timestamp 1756739235109
[2025-09-01 15:07:17,055] {subprocess.py:92} INFO - 25/09/01 15:07:17 INFO Utils: Fetching spark://e66737cfc193:44293/jars/commons-logging_commons-logging-1.1.3.jar to /tmp/spark-e34ee4fb-c837-4f28-89d3-6872b6c21dfb/userFiles-e8d02d44-b937-4f9a-a352-5e6e2fc3b675/fetchFileTemp1314916810122168889.tmp
[2025-09-01 15:07:17,058] {subprocess.py:92} INFO - 25/09/01 15:07:17 INFO Utils: /tmp/spark-e34ee4fb-c837-4f28-89d3-6872b6c21dfb/userFiles-e8d02d44-b937-4f9a-a352-5e6e2fc3b675/fetchFileTemp1314916810122168889.tmp has been previously copied to /tmp/spark-e34ee4fb-c837-4f28-89d3-6872b6c21dfb/userFiles-e8d02d44-b937-4f9a-a352-5e6e2fc3b675/commons-logging_commons-logging-1.1.3.jar
[2025-09-01 15:07:17,063] {subprocess.py:92} INFO - 25/09/01 15:07:17 INFO Executor: Adding file:/tmp/spark-e34ee4fb-c837-4f28-89d3-6872b6c21dfb/userFiles-e8d02d44-b937-4f9a-a352-5e6e2fc3b675/commons-logging_commons-logging-1.1.3.jar to class loader
[2025-09-01 15:07:17,063] {subprocess.py:92} INFO - 25/09/01 15:07:17 INFO Executor: Fetching spark://e66737cfc193:44293/jars/org.apache.hadoop_hadoop-client-api-3.3.2.jar with timestamp 1756739235109
[2025-09-01 15:07:17,064] {subprocess.py:92} INFO - 25/09/01 15:07:17 INFO Utils: Fetching spark://e66737cfc193:44293/jars/org.apache.hadoop_hadoop-client-api-3.3.2.jar to /tmp/spark-e34ee4fb-c837-4f28-89d3-6872b6c21dfb/userFiles-e8d02d44-b937-4f9a-a352-5e6e2fc3b675/fetchFileTemp11491709138490541292.tmp
[2025-09-01 15:07:17,167] {subprocess.py:92} INFO - 25/09/01 15:07:17 INFO Utils: /tmp/spark-e34ee4fb-c837-4f28-89d3-6872b6c21dfb/userFiles-e8d02d44-b937-4f9a-a352-5e6e2fc3b675/fetchFileTemp11491709138490541292.tmp has been previously copied to /tmp/spark-e34ee4fb-c837-4f28-89d3-6872b6c21dfb/userFiles-e8d02d44-b937-4f9a-a352-5e6e2fc3b675/org.apache.hadoop_hadoop-client-api-3.3.2.jar
[2025-09-01 15:07:17,175] {subprocess.py:92} INFO - 25/09/01 15:07:17 INFO Executor: Adding file:/tmp/spark-e34ee4fb-c837-4f28-89d3-6872b6c21dfb/userFiles-e8d02d44-b937-4f9a-a352-5e6e2fc3b675/org.apache.hadoop_hadoop-client-api-3.3.2.jar to class loader
[2025-09-01 15:07:17,176] {subprocess.py:92} INFO - 25/09/01 15:07:17 INFO Executor: Fetching spark://e66737cfc193:44293/jars/org.apache.commons_commons-pool2-2.11.1.jar with timestamp 1756739235109
[2025-09-01 15:07:17,177] {subprocess.py:92} INFO - 25/09/01 15:07:17 INFO Utils: Fetching spark://e66737cfc193:44293/jars/org.apache.commons_commons-pool2-2.11.1.jar to /tmp/spark-e34ee4fb-c837-4f28-89d3-6872b6c21dfb/userFiles-e8d02d44-b937-4f9a-a352-5e6e2fc3b675/fetchFileTemp12715273692932222862.tmp
[2025-09-01 15:07:17,180] {subprocess.py:92} INFO - 25/09/01 15:07:17 INFO Utils: /tmp/spark-e34ee4fb-c837-4f28-89d3-6872b6c21dfb/userFiles-e8d02d44-b937-4f9a-a352-5e6e2fc3b675/fetchFileTemp12715273692932222862.tmp has been previously copied to /tmp/spark-e34ee4fb-c837-4f28-89d3-6872b6c21dfb/userFiles-e8d02d44-b937-4f9a-a352-5e6e2fc3b675/org.apache.commons_commons-pool2-2.11.1.jar
[2025-09-01 15:07:17,187] {subprocess.py:92} INFO - 25/09/01 15:07:17 INFO Executor: Adding file:/tmp/spark-e34ee4fb-c837-4f28-89d3-6872b6c21dfb/userFiles-e8d02d44-b937-4f9a-a352-5e6e2fc3b675/org.apache.commons_commons-pool2-2.11.1.jar to class loader
[2025-09-01 15:07:17,187] {subprocess.py:92} INFO - 25/09/01 15:07:17 INFO Executor: Fetching spark://e66737cfc193:44293/jars/org.apache.spark_spark-token-provider-kafka-0-10_2.12-3.3.1.jar with timestamp 1756739235109
[2025-09-01 15:07:17,189] {subprocess.py:92} INFO - 25/09/01 15:07:17 INFO Utils: Fetching spark://e66737cfc193:44293/jars/org.apache.spark_spark-token-provider-kafka-0-10_2.12-3.3.1.jar to /tmp/spark-e34ee4fb-c837-4f28-89d3-6872b6c21dfb/userFiles-e8d02d44-b937-4f9a-a352-5e6e2fc3b675/fetchFileTemp17645943849351600551.tmp
[2025-09-01 15:07:17,191] {subprocess.py:92} INFO - 25/09/01 15:07:17 INFO Utils: /tmp/spark-e34ee4fb-c837-4f28-89d3-6872b6c21dfb/userFiles-e8d02d44-b937-4f9a-a352-5e6e2fc3b675/fetchFileTemp17645943849351600551.tmp has been previously copied to /tmp/spark-e34ee4fb-c837-4f28-89d3-6872b6c21dfb/userFiles-e8d02d44-b937-4f9a-a352-5e6e2fc3b675/org.apache.spark_spark-token-provider-kafka-0-10_2.12-3.3.1.jar
[2025-09-01 15:07:17,198] {subprocess.py:92} INFO - 25/09/01 15:07:17 INFO Executor: Adding file:/tmp/spark-e34ee4fb-c837-4f28-89d3-6872b6c21dfb/userFiles-e8d02d44-b937-4f9a-a352-5e6e2fc3b675/org.apache.spark_spark-token-provider-kafka-0-10_2.12-3.3.1.jar to class loader
[2025-09-01 15:07:17,198] {subprocess.py:92} INFO - 25/09/01 15:07:17 INFO Executor: Fetching spark://e66737cfc193:44293/jars/org.slf4j_slf4j-api-1.7.32.jar with timestamp 1756739235109
[2025-09-01 15:07:17,199] {subprocess.py:92} INFO - 25/09/01 15:07:17 INFO Utils: Fetching spark://e66737cfc193:44293/jars/org.slf4j_slf4j-api-1.7.32.jar to /tmp/spark-e34ee4fb-c837-4f28-89d3-6872b6c21dfb/userFiles-e8d02d44-b937-4f9a-a352-5e6e2fc3b675/fetchFileTemp17537492774990801918.tmp
[2025-09-01 15:07:17,202] {subprocess.py:92} INFO - 25/09/01 15:07:17 INFO Utils: /tmp/spark-e34ee4fb-c837-4f28-89d3-6872b6c21dfb/userFiles-e8d02d44-b937-4f9a-a352-5e6e2fc3b675/fetchFileTemp17537492774990801918.tmp has been previously copied to /tmp/spark-e34ee4fb-c837-4f28-89d3-6872b6c21dfb/userFiles-e8d02d44-b937-4f9a-a352-5e6e2fc3b675/org.slf4j_slf4j-api-1.7.32.jar
[2025-09-01 15:07:17,209] {subprocess.py:92} INFO - 25/09/01 15:07:17 INFO Executor: Adding file:/tmp/spark-e34ee4fb-c837-4f28-89d3-6872b6c21dfb/userFiles-e8d02d44-b937-4f9a-a352-5e6e2fc3b675/org.slf4j_slf4j-api-1.7.32.jar to class loader
[2025-09-01 15:07:17,210] {subprocess.py:92} INFO - 25/09/01 15:07:17 INFO Executor: Fetching spark://e66737cfc193:44293/jars/org.apache.spark_spark-sql-kafka-0-10_2.12-3.3.1.jar with timestamp 1756739235109
[2025-09-01 15:07:17,211] {subprocess.py:92} INFO - 25/09/01 15:07:17 INFO Utils: Fetching spark://e66737cfc193:44293/jars/org.apache.spark_spark-sql-kafka-0-10_2.12-3.3.1.jar to /tmp/spark-e34ee4fb-c837-4f28-89d3-6872b6c21dfb/userFiles-e8d02d44-b937-4f9a-a352-5e6e2fc3b675/fetchFileTemp4430120601822312646.tmp
[2025-09-01 15:07:17,216] {subprocess.py:92} INFO - 25/09/01 15:07:17 INFO Utils: /tmp/spark-e34ee4fb-c837-4f28-89d3-6872b6c21dfb/userFiles-e8d02d44-b937-4f9a-a352-5e6e2fc3b675/fetchFileTemp4430120601822312646.tmp has been previously copied to /tmp/spark-e34ee4fb-c837-4f28-89d3-6872b6c21dfb/userFiles-e8d02d44-b937-4f9a-a352-5e6e2fc3b675/org.apache.spark_spark-sql-kafka-0-10_2.12-3.3.1.jar
[2025-09-01 15:07:17,226] {subprocess.py:92} INFO - 25/09/01 15:07:17 INFO Executor: Adding file:/tmp/spark-e34ee4fb-c837-4f28-89d3-6872b6c21dfb/userFiles-e8d02d44-b937-4f9a-a352-5e6e2fc3b675/org.apache.spark_spark-sql-kafka-0-10_2.12-3.3.1.jar to class loader
[2025-09-01 15:07:17,226] {subprocess.py:92} INFO - 25/09/01 15:07:17 INFO Executor: Fetching spark://e66737cfc193:44293/jars/org.spark-project.spark_unused-1.0.0.jar with timestamp 1756739235109
[2025-09-01 15:07:17,228] {subprocess.py:92} INFO - 25/09/01 15:07:17 INFO Utils: Fetching spark://e66737cfc193:44293/jars/org.spark-project.spark_unused-1.0.0.jar to /tmp/spark-e34ee4fb-c837-4f28-89d3-6872b6c21dfb/userFiles-e8d02d44-b937-4f9a-a352-5e6e2fc3b675/fetchFileTemp2841410280382578312.tmp
[2025-09-01 15:07:17,230] {subprocess.py:92} INFO - 25/09/01 15:07:17 INFO Utils: /tmp/spark-e34ee4fb-c837-4f28-89d3-6872b6c21dfb/userFiles-e8d02d44-b937-4f9a-a352-5e6e2fc3b675/fetchFileTemp2841410280382578312.tmp has been previously copied to /tmp/spark-e34ee4fb-c837-4f28-89d3-6872b6c21dfb/userFiles-e8d02d44-b937-4f9a-a352-5e6e2fc3b675/org.spark-project.spark_unused-1.0.0.jar
[2025-09-01 15:07:17,237] {subprocess.py:92} INFO - 25/09/01 15:07:17 INFO Executor: Adding file:/tmp/spark-e34ee4fb-c837-4f28-89d3-6872b6c21dfb/userFiles-e8d02d44-b937-4f9a-a352-5e6e2fc3b675/org.spark-project.spark_unused-1.0.0.jar to class loader
[2025-09-01 15:07:17,249] {subprocess.py:92} INFO - 25/09/01 15:07:17 INFO Utils: Successfully started service 'org.apache.spark.network.netty.NettyBlockTransferService' on port 37289.
[2025-09-01 15:07:17,249] {subprocess.py:92} INFO - 25/09/01 15:07:17 INFO NettyBlockTransferService: Server created on e66737cfc193:37289
[2025-09-01 15:07:17,252] {subprocess.py:92} INFO - 25/09/01 15:07:17 INFO BlockManager: Using org.apache.spark.storage.RandomBlockReplicationPolicy for block replication policy
[2025-09-01 15:07:17,262] {subprocess.py:92} INFO - 25/09/01 15:07:17 INFO BlockManagerMaster: Registering BlockManager BlockManagerId(driver, e66737cfc193, 37289, None)
[2025-09-01 15:07:17,267] {subprocess.py:92} INFO - 25/09/01 15:07:17 INFO BlockManagerMasterEndpoint: Registering block manager e66737cfc193:37289 with 434.4 MiB RAM, BlockManagerId(driver, e66737cfc193, 37289, None)
[2025-09-01 15:07:17,271] {subprocess.py:92} INFO - 25/09/01 15:07:17 INFO BlockManagerMaster: Registered BlockManager BlockManagerId(driver, e66737cfc193, 37289, None)
[2025-09-01 15:07:17,272] {subprocess.py:92} INFO - 25/09/01 15:07:17 INFO BlockManager: Initialized BlockManager: BlockManagerId(driver, e66737cfc193, 37289, None)
[2025-09-01 15:07:17,885] {subprocess.py:92} INFO - Connexion à Kafka...
[2025-09-01 15:07:21,879] {subprocess.py:92} INFO - Connexion Kafka réussie (kafka:9092)
[2025-09-01 15:07:21,879] {subprocess.py:92} INFO - Transformation des données JSON...
[2025-09-01 15:07:22,252] {subprocess.py:92} INFO - Démarrage du streaming vers HDFS...
[2025-09-01 15:07:23,310] {subprocess.py:92} INFO - Streaming actif - Données météo sauvegardées dans HDFS:/data/weather
[2025-09-01 15:07:27,562] {subprocess.py:92} INFO - 25/09/01 15:07:27 ERROR MicroBatchExecution: Query [id = 8bb46a74-6ffa-4764-a9c6-2e4a331d8211, runId = 79101298-a239-4d5a-96cf-d7f8c3e6be9b] terminated with error
[2025-09-01 15:07:27,562] {subprocess.py:92} INFO - org.apache.spark.SparkException: Execution of the stream null failed. Please, fill a bug report in, and provide the full stack trace.
[2025-09-01 15:07:27,563] {subprocess.py:92} INFO - 	at org.apache.spark.sql.execution.QueryExecution$.toInternalError(QueryExecution.scala:500)
[2025-09-01 15:07:27,563] {subprocess.py:92} INFO - 	at org.apache.spark.sql.execution.streaming.StreamExecution.org$apache$spark$sql$execution$streaming$StreamExecution$$runStream(StreamExecution.scala:324)
[2025-09-01 15:07:27,563] {subprocess.py:92} INFO - 	at org.apache.spark.sql.execution.streaming.StreamExecution$$anon$1.run(StreamExecution.scala:208)
[2025-09-01 15:07:27,563] {subprocess.py:92} INFO - Caused by: java.lang.AssertionError: assertion failed: Concurrent update to the log. Multiple streaming jobs detected for 73
[2025-09-01 15:07:27,563] {subprocess.py:92} INFO - 	at scala.Predef$.assert(Predef.scala:223)
[2025-09-01 15:07:27,563] {subprocess.py:92} INFO - 	at org.apache.spark.sql.execution.streaming.MicroBatchExecution.$anonfun$constructNextBatch$13(MicroBatchExecution.scala:496)
[2025-09-01 15:07:27,563] {subprocess.py:92} INFO - 	at scala.runtime.java8.JFunction0$mcV$sp.apply(JFunction0$mcV$sp.java:23)
[2025-09-01 15:07:27,563] {subprocess.py:92} INFO - 	at org.apache.spark.sql.execution.streaming.ProgressReporter.reportTimeTaken(ProgressReporter.scala:375)
[2025-09-01 15:07:27,564] {subprocess.py:92} INFO - 	at org.apache.spark.sql.execution.streaming.ProgressReporter.reportTimeTaken$(ProgressReporter.scala:373)
[2025-09-01 15:07:27,564] {subprocess.py:92} INFO - 	at org.apache.spark.sql.execution.streaming.StreamExecution.reportTimeTaken(StreamExecution.scala:68)
[2025-09-01 15:07:27,564] {subprocess.py:92} INFO - 	at org.apache.spark.sql.execution.streaming.MicroBatchExecution.$anonfun$constructNextBatch$1(MicroBatchExecution.scala:493)
[2025-09-01 15:07:27,564] {subprocess.py:92} INFO - 	at scala.runtime.java8.JFunction0$mcZ$sp.apply(JFunction0$mcZ$sp.java:23)
[2025-09-01 15:07:27,565] {subprocess.py:92} INFO - 	at org.apache.spark.sql.execution.streaming.MicroBatchExecution.withProgressLocked(MicroBatchExecution.scala:693)
[2025-09-01 15:07:27,565] {subprocess.py:92} INFO - 	at org.apache.spark.sql.execution.streaming.MicroBatchExecution.constructNextBatch(MicroBatchExecution.scala:433)
[2025-09-01 15:07:27,565] {subprocess.py:92} INFO - 	at org.apache.spark.sql.execution.streaming.MicroBatchExecution.$anonfun$runActivatedStream$2(MicroBatchExecution.scala:238)
[2025-09-01 15:07:27,565] {subprocess.py:92} INFO - 	at scala.runtime.java8.JFunction0$mcV$sp.apply(JFunction0$mcV$sp.java:23)
[2025-09-01 15:07:27,565] {subprocess.py:92} INFO - 	at org.apache.spark.sql.execution.streaming.ProgressReporter.reportTimeTaken(ProgressReporter.scala:375)
[2025-09-01 15:07:27,565] {subprocess.py:92} INFO - 	at org.apache.spark.sql.execution.streaming.ProgressReporter.reportTimeTaken$(ProgressReporter.scala:373)
[2025-09-01 15:07:27,565] {subprocess.py:92} INFO - 	at org.apache.spark.sql.execution.streaming.StreamExecution.reportTimeTaken(StreamExecution.scala:68)
[2025-09-01 15:07:27,565] {subprocess.py:92} INFO - 	at org.apache.spark.sql.execution.streaming.MicroBatchExecution.$anonfun$runActivatedStream$1(MicroBatchExecution.scala:219)
[2025-09-01 15:07:27,565] {subprocess.py:92} INFO - 	at org.apache.spark.sql.execution.streaming.ProcessingTimeExecutor.execute(TriggerExecutor.scala:67)
[2025-09-01 15:07:27,566] {subprocess.py:92} INFO - 	at org.apache.spark.sql.execution.streaming.MicroBatchExecution.runActivatedStream(MicroBatchExecution.scala:213)
[2025-09-01 15:07:27,566] {subprocess.py:92} INFO - 	at org.apache.spark.sql.execution.streaming.StreamExecution.$anonfun$runStream$1(StreamExecution.scala:307)
[2025-09-01 15:07:27,566] {subprocess.py:92} INFO - 	at scala.runtime.java8.JFunction0$mcV$sp.apply(JFunction0$mcV$sp.java:23)
[2025-09-01 15:07:27,566] {subprocess.py:92} INFO - 	at org.apache.spark.sql.SparkSession.withActive(SparkSession.scala:779)
[2025-09-01 15:07:27,566] {subprocess.py:92} INFO - 	at org.apache.spark.sql.execution.streaming.StreamExecution.org$apache$spark$sql$execution$streaming$StreamExecution$$runStream(StreamExecution.scala:285)
[2025-09-01 15:07:27,566] {subprocess.py:92} INFO - 	... 1 more
[2025-09-01 15:07:27,698] {subprocess.py:92} INFO - Traceback (most recent call last):
[2025-09-01 15:07:27,699] {subprocess.py:92} INFO -   File "/opt/***/scripts/pyspark/streaming.py", line 60, in <module>
[2025-09-01 15:07:27,699] {subprocess.py:92} INFO -     query.awaitTermination()
[2025-09-01 15:07:27,699] {subprocess.py:92} INFO -   File "/opt/spark-3.3.1-bin-hadoop3/python/lib/pyspark.zip/pyspark/sql/streaming.py", line 107, in awaitTermination
[2025-09-01 15:07:27,699] {subprocess.py:92} INFO -   File "/opt/spark-3.3.1-bin-hadoop3/python/lib/py4j-0.10.9.5-src.zip/py4j/java_gateway.py", line 1322, in __call__
[2025-09-01 15:07:27,699] {subprocess.py:92} INFO -   File "/opt/spark-3.3.1-bin-hadoop3/python/lib/pyspark.zip/pyspark/sql/utils.py", line 196, in deco
[2025-09-01 15:07:27,709] {subprocess.py:92} INFO - pyspark.sql.utils.StreamingQueryException: Query [id = 8bb46a74-6ffa-4764-a9c6-2e4a331d8211, runId = 79101298-a239-4d5a-96cf-d7f8c3e6be9b] terminated with exception: Execution of the stream null failed. Please, fill a bug report in, and provide the full stack trace.
[2025-09-01 15:07:27,958] {subprocess.py:96} INFO - Command exited with return code 1
[2025-09-01 15:07:27,985] {taskinstance.py:1889} ERROR - Task failed with exception
Traceback (most recent call last):
  File "/home/airflow/.local/lib/python3.7/site-packages/airflow/operators/bash.py", line 195, in execute
    f'Bash command failed. The command returned a non-zero exit code {result.exit_code}.'
airflow.exceptions.AirflowException: Bash command failed. The command returned a non-zero exit code 1.
[2025-09-01 15:07:27,993] {taskinstance.py:1400} INFO - Marking task as UP_FOR_RETRY. dag_id=send_weather_to_kafka, task_id=stream_hdfs, execution_date=20250901T143630, start_date=20250901T150709, end_date=20250901T150727
[2025-09-01 15:07:28,018] {standard_task_runner.py:97} ERROR - Failed to execute job 591 for task stream_hdfs (Bash command failed. The command returned a non-zero exit code 1.; 24315)
[2025-09-01 15:07:28,040] {local_task_job.py:156} INFO - Task exited with return code 1
[2025-09-01 15:07:28,100] {local_task_job.py:273} INFO - 0 downstream tasks scheduled from follow-on schedule check
