[2025-09-01 14:13:01,190] {taskinstance.py:1159} INFO - Dependencies all met for <TaskInstance: send_weather_to_kafka.stream_hdfs scheduled__2025-09-01T13:38:04.229359+00:00 [queued]>
[2025-09-01 14:13:01,202] {taskinstance.py:1159} INFO - Dependencies all met for <TaskInstance: send_weather_to_kafka.stream_hdfs scheduled__2025-09-01T13:38:04.229359+00:00 [queued]>
[2025-09-01 14:13:01,202] {taskinstance.py:1356} INFO - 
--------------------------------------------------------------------------------
[2025-09-01 14:13:01,202] {taskinstance.py:1357} INFO - Starting attempt 2 of 2
[2025-09-01 14:13:01,202] {taskinstance.py:1358} INFO - 
--------------------------------------------------------------------------------
[2025-09-01 14:13:01,220] {taskinstance.py:1377} INFO - Executing <Task(BashOperator): stream_hdfs> on 2025-09-01 13:38:04.229359+00:00
[2025-09-01 14:13:01,225] {standard_task_runner.py:52} INFO - Started process 22513 to run task
[2025-09-01 14:13:01,229] {standard_task_runner.py:79} INFO - Running: ['***', 'tasks', 'run', 'send_weather_to_kafka', 'stream_hdfs', 'scheduled__2025-09-01T13:38:04.229359+00:00', '--job-id', '578', '--raw', '--subdir', 'DAGS_FOLDER/dag_meteo.py', '--cfg-path', '/tmp/tmp38b4impk', '--error-file', '/tmp/tmpzo9vq2ua']
[2025-09-01 14:13:01,231] {standard_task_runner.py:80} INFO - Job 578: Subtask stream_hdfs
[2025-09-01 14:13:01,250] {logging_mixin.py:115} WARNING - /home/***/.local/lib/python3.7/site-packages/***/configuration.py:470 DeprecationWarning: The sql_alchemy_conn option in [core] has been moved to the sql_alchemy_conn option in [database] - the old setting has been used, but please update your config.
[2025-09-01 14:13:01,300] {task_command.py:369} INFO - Running <TaskInstance: send_weather_to_kafka.stream_hdfs scheduled__2025-09-01T13:38:04.229359+00:00 [running]> on host e66737cfc193
[2025-09-01 14:13:01,399] {taskinstance.py:1571} INFO - Exporting the following env vars:
AIRFLOW_CTX_DAG_OWNER=***
AIRFLOW_CTX_DAG_ID=send_weather_to_kafka
AIRFLOW_CTX_TASK_ID=stream_hdfs
AIRFLOW_CTX_EXECUTION_DATE=2025-09-01T13:38:04.229359+00:00
AIRFLOW_CTX_TRY_NUMBER=2
AIRFLOW_CTX_DAG_RUN_ID=scheduled__2025-09-01T13:38:04.229359+00:00
[2025-09-01 14:13:01,400] {subprocess.py:62} INFO - Tmp dir root location: 
 /tmp
[2025-09-01 14:13:01,401] {subprocess.py:74} INFO - Running command: ['bash', '-c', '\n/home/***/.local/bin/spark-submit   --master local[*]   --conf spark.hadoop.fs.defaultFS=hdfs://namenode:9000   --conf spark.hadoop.dfs.client.use.datanode.hostname=true   --conf spark.sql.adaptive.enabled=false   --packages org.apache.spark:spark-sql-kafka-0-10_2.12:3.3.1   /opt/***/scripts/pyspark/streaming.py']
[2025-09-01 14:13:01,414] {subprocess.py:85} INFO - Output:
[2025-09-01 14:13:01,427] {subprocess.py:92} INFO - /opt/spark-3.3.1-bin-hadoop3/bin/load-spark-env.sh: line 68: ps: command not found
[2025-09-01 14:13:02,973] {subprocess.py:92} INFO - :: loading settings :: url = jar:file:/opt/spark-3.3.1-bin-hadoop3/jars/ivy-2.5.0.jar!/org/apache/ivy/core/settings/ivysettings.xml
[2025-09-01 14:13:03,072] {subprocess.py:92} INFO - Ivy Default Cache set to: /home/***/.ivy2/cache
[2025-09-01 14:13:03,072] {subprocess.py:92} INFO - The jars for the packages stored in: /home/***/.ivy2/jars
[2025-09-01 14:13:03,077] {subprocess.py:92} INFO - org.apache.spark#spark-sql-kafka-0-10_2.12 added as a dependency
[2025-09-01 14:13:03,078] {subprocess.py:92} INFO - :: resolving dependencies :: org.apache.spark#spark-submit-parent-eaff9d9c-c6e9-45f6-b134-e6fa47200394;1.0
[2025-09-01 14:13:03,078] {subprocess.py:92} INFO - 	confs: [default]
[2025-09-01 14:13:03,236] {subprocess.py:92} INFO - 	found org.apache.spark#spark-sql-kafka-0-10_2.12;3.3.1 in spark-list
[2025-09-01 14:13:03,297] {subprocess.py:92} INFO - 	found org.apache.spark#spark-token-provider-kafka-0-10_2.12;3.3.1 in central
[2025-09-01 14:13:03,328] {subprocess.py:92} INFO - 	found org.apache.kafka#kafka-clients;2.8.1 in central
[2025-09-01 14:13:03,357] {subprocess.py:92} INFO - 	found org.lz4#lz4-java;1.8.0 in central
[2025-09-01 14:13:03,381] {subprocess.py:92} INFO - 	found org.xerial.snappy#snappy-java;1.1.8.4 in central
[2025-09-01 14:13:03,401] {subprocess.py:92} INFO - 	found org.slf4j#slf4j-api;1.7.32 in central
[2025-09-01 14:13:03,427] {subprocess.py:92} INFO - 	found org.apache.hadoop#hadoop-client-runtime;3.3.2 in central
[2025-09-01 14:13:03,445] {subprocess.py:92} INFO - 	found org.spark-project.spark#unused;1.0.0 in central
[2025-09-01 14:13:03,499] {subprocess.py:92} INFO - 	found org.apache.hadoop#hadoop-client-api;3.3.2 in central
[2025-09-01 14:13:03,518] {subprocess.py:92} INFO - 	found commons-logging#commons-logging;1.1.3 in central
[2025-09-01 14:13:03,529] {subprocess.py:92} INFO - 	found com.google.code.findbugs#jsr305;3.0.0 in central
[2025-09-01 14:13:03,541] {subprocess.py:92} INFO - 	found org.apache.commons#commons-pool2;2.11.1 in central
[2025-09-01 14:13:03,562] {subprocess.py:92} INFO - :: resolution report :: resolve 474ms :: artifacts dl 10ms
[2025-09-01 14:13:03,563] {subprocess.py:92} INFO - 	:: modules in use:
[2025-09-01 14:13:03,563] {subprocess.py:92} INFO - 	com.google.code.findbugs#jsr305;3.0.0 from central in [default]
[2025-09-01 14:13:03,563] {subprocess.py:92} INFO - 	commons-logging#commons-logging;1.1.3 from central in [default]
[2025-09-01 14:13:03,563] {subprocess.py:92} INFO - 	org.apache.commons#commons-pool2;2.11.1 from central in [default]
[2025-09-01 14:13:03,563] {subprocess.py:92} INFO - 	org.apache.hadoop#hadoop-client-api;3.3.2 from central in [default]
[2025-09-01 14:13:03,563] {subprocess.py:92} INFO - 	org.apache.hadoop#hadoop-client-runtime;3.3.2 from central in [default]
[2025-09-01 14:13:03,563] {subprocess.py:92} INFO - 	org.apache.kafka#kafka-clients;2.8.1 from central in [default]
[2025-09-01 14:13:03,563] {subprocess.py:92} INFO - 	org.apache.spark#spark-sql-kafka-0-10_2.12;3.3.1 from spark-list in [default]
[2025-09-01 14:13:03,563] {subprocess.py:92} INFO - 	org.apache.spark#spark-token-provider-kafka-0-10_2.12;3.3.1 from central in [default]
[2025-09-01 14:13:03,563] {subprocess.py:92} INFO - 	org.lz4#lz4-java;1.8.0 from central in [default]
[2025-09-01 14:13:03,563] {subprocess.py:92} INFO - 	org.slf4j#slf4j-api;1.7.32 from central in [default]
[2025-09-01 14:13:03,563] {subprocess.py:92} INFO - 	org.spark-project.spark#unused;1.0.0 from central in [default]
[2025-09-01 14:13:03,564] {subprocess.py:92} INFO - 	org.xerial.snappy#snappy-java;1.1.8.4 from central in [default]
[2025-09-01 14:13:03,564] {subprocess.py:92} INFO - 	---------------------------------------------------------------------
[2025-09-01 14:13:03,564] {subprocess.py:92} INFO - 	|                  |            modules            ||   artifacts   |
[2025-09-01 14:13:03,564] {subprocess.py:92} INFO - 	|       conf       | number| search|dwnlded|evicted|| number|dwnlded|
[2025-09-01 14:13:03,564] {subprocess.py:92} INFO - 	---------------------------------------------------------------------
[2025-09-01 14:13:03,564] {subprocess.py:92} INFO - 	|      default     |   12  |   0   |   0   |   0   ||   12  |   0   |
[2025-09-01 14:13:03,564] {subprocess.py:92} INFO - 	---------------------------------------------------------------------
[2025-09-01 14:13:03,569] {subprocess.py:92} INFO - :: retrieving :: org.apache.spark#spark-submit-parent-eaff9d9c-c6e9-45f6-b134-e6fa47200394
[2025-09-01 14:13:03,569] {subprocess.py:92} INFO - 	confs: [default]
[2025-09-01 14:13:03,577] {subprocess.py:92} INFO - 	0 artifacts copied, 12 already retrieved (0kB/8ms)
[2025-09-01 14:13:03,813] {subprocess.py:92} INFO - 25/09/01 14:13:03 WARN NativeCodeLoader: Unable to load native-hadoop library for your platform... using builtin-java classes where applicable
[2025-09-01 14:13:05,071] {subprocess.py:92} INFO - 25/09/01 14:13:05 INFO SparkContext: Running Spark version 3.3.1
[2025-09-01 14:13:05,101] {subprocess.py:92} INFO - 25/09/01 14:13:05 INFO ResourceUtils: ==============================================================
[2025-09-01 14:13:05,102] {subprocess.py:92} INFO - 25/09/01 14:13:05 INFO ResourceUtils: No custom resources configured for spark.driver.
[2025-09-01 14:13:05,102] {subprocess.py:92} INFO - 25/09/01 14:13:05 INFO ResourceUtils: ==============================================================
[2025-09-01 14:13:05,103] {subprocess.py:92} INFO - 25/09/01 14:13:05 INFO SparkContext: Submitted application: KafkaToHDFSWeather
[2025-09-01 14:13:05,131] {subprocess.py:92} INFO - 25/09/01 14:13:05 INFO ResourceProfile: Default ResourceProfile created, executor resources: Map(cores -> name: cores, amount: 1, script: , vendor: , memory -> name: memory, amount: 1024, script: , vendor: , offHeap -> name: offHeap, amount: 0, script: , vendor: ), task resources: Map(cpus -> name: cpus, amount: 1.0)
[2025-09-01 14:13:05,142] {subprocess.py:92} INFO - 25/09/01 14:13:05 INFO ResourceProfile: Limiting resource is cpu
[2025-09-01 14:13:05,143] {subprocess.py:92} INFO - 25/09/01 14:13:05 INFO ResourceProfileManager: Added ResourceProfile id: 0
[2025-09-01 14:13:05,206] {subprocess.py:92} INFO - 25/09/01 14:13:05 INFO SecurityManager: Changing view acls to: ***
[2025-09-01 14:13:05,206] {subprocess.py:92} INFO - 25/09/01 14:13:05 INFO SecurityManager: Changing modify acls to: ***
[2025-09-01 14:13:05,206] {subprocess.py:92} INFO - 25/09/01 14:13:05 INFO SecurityManager: Changing view acls groups to:
[2025-09-01 14:13:05,207] {subprocess.py:92} INFO - 25/09/01 14:13:05 INFO SecurityManager: Changing modify acls groups to:
[2025-09-01 14:13:05,208] {subprocess.py:92} INFO - 25/09/01 14:13:05 INFO SecurityManager: SecurityManager: authentication disabled; ui acls disabled; users  with view permissions: Set(***); groups with view permissions: Set(); users  with modify permissions: Set(***); groups with modify permissions: Set()
[2025-09-01 14:13:05,513] {subprocess.py:92} INFO - 25/09/01 14:13:05 INFO Utils: Successfully started service 'sparkDriver' on port 43957.
[2025-09-01 14:13:05,555] {subprocess.py:92} INFO - 25/09/01 14:13:05 INFO SparkEnv: Registering MapOutputTracker
[2025-09-01 14:13:05,596] {subprocess.py:92} INFO - 25/09/01 14:13:05 INFO SparkEnv: Registering BlockManagerMaster
[2025-09-01 14:13:05,614] {subprocess.py:92} INFO - 25/09/01 14:13:05 INFO BlockManagerMasterEndpoint: Using org.apache.spark.storage.DefaultTopologyMapper for getting topology information
[2025-09-01 14:13:05,614] {subprocess.py:92} INFO - 25/09/01 14:13:05 INFO BlockManagerMasterEndpoint: BlockManagerMasterEndpoint up
[2025-09-01 14:13:05,618] {subprocess.py:92} INFO - 25/09/01 14:13:05 INFO SparkEnv: Registering BlockManagerMasterHeartbeat
[2025-09-01 14:13:05,641] {subprocess.py:92} INFO - 25/09/01 14:13:05 INFO DiskBlockManager: Created local directory at /tmp/blockmgr-ebfd2954-922f-430c-8941-cdb2544fefcc
[2025-09-01 14:13:05,658] {subprocess.py:92} INFO - 25/09/01 14:13:05 INFO MemoryStore: MemoryStore started with capacity 434.4 MiB
[2025-09-01 14:13:05,676] {subprocess.py:92} INFO - 25/09/01 14:13:05 INFO SparkEnv: Registering OutputCommitCoordinator
[2025-09-01 14:13:05,883] {subprocess.py:92} INFO - 25/09/01 14:13:05 WARN Utils: Service 'SparkUI' could not bind on port 4040. Attempting port 4041.
[2025-09-01 14:13:05,884] {subprocess.py:92} INFO - 25/09/01 14:13:05 WARN Utils: Service 'SparkUI' could not bind on port 4041. Attempting port 4042.
[2025-09-01 14:13:05,885] {subprocess.py:92} INFO - 25/09/01 14:13:05 WARN Utils: Service 'SparkUI' could not bind on port 4042. Attempting port 4043.
[2025-09-01 14:13:05,896] {subprocess.py:92} INFO - 25/09/01 14:13:05 INFO Utils: Successfully started service 'SparkUI' on port 4043.
[2025-09-01 14:13:05,937] {subprocess.py:92} INFO - 25/09/01 14:13:05 INFO SparkContext: Added JAR file:///home/***/.ivy2/jars/org.apache.spark_spark-sql-kafka-0-10_2.12-3.3.1.jar at spark://e66737cfc193:43957/jars/org.apache.spark_spark-sql-kafka-0-10_2.12-3.3.1.jar with timestamp 1756735985059
[2025-09-01 14:13:05,938] {subprocess.py:92} INFO - 25/09/01 14:13:05 INFO SparkContext: Added JAR file:///home/***/.ivy2/jars/org.apache.spark_spark-token-provider-kafka-0-10_2.12-3.3.1.jar at spark://e66737cfc193:43957/jars/org.apache.spark_spark-token-provider-kafka-0-10_2.12-3.3.1.jar with timestamp 1756735985059
[2025-09-01 14:13:05,938] {subprocess.py:92} INFO - 25/09/01 14:13:05 INFO SparkContext: Added JAR file:///home/***/.ivy2/jars/org.apache.kafka_kafka-clients-2.8.1.jar at spark://e66737cfc193:43957/jars/org.apache.kafka_kafka-clients-2.8.1.jar with timestamp 1756735985059
[2025-09-01 14:13:05,938] {subprocess.py:92} INFO - 25/09/01 14:13:05 INFO SparkContext: Added JAR file:///home/***/.ivy2/jars/com.google.code.findbugs_jsr305-3.0.0.jar at spark://e66737cfc193:43957/jars/com.google.code.findbugs_jsr305-3.0.0.jar with timestamp 1756735985059
[2025-09-01 14:13:05,938] {subprocess.py:92} INFO - 25/09/01 14:13:05 INFO SparkContext: Added JAR file:///home/***/.ivy2/jars/org.apache.commons_commons-pool2-2.11.1.jar at spark://e66737cfc193:43957/jars/org.apache.commons_commons-pool2-2.11.1.jar with timestamp 1756735985059
[2025-09-01 14:13:05,939] {subprocess.py:92} INFO - 25/09/01 14:13:05 INFO SparkContext: Added JAR file:///home/***/.ivy2/jars/org.spark-project.spark_unused-1.0.0.jar at spark://e66737cfc193:43957/jars/org.spark-project.spark_unused-1.0.0.jar with timestamp 1756735985059
[2025-09-01 14:13:05,939] {subprocess.py:92} INFO - 25/09/01 14:13:05 INFO SparkContext: Added JAR file:///home/***/.ivy2/jars/org.apache.hadoop_hadoop-client-runtime-3.3.2.jar at spark://e66737cfc193:43957/jars/org.apache.hadoop_hadoop-client-runtime-3.3.2.jar with timestamp 1756735985059
[2025-09-01 14:13:05,939] {subprocess.py:92} INFO - 25/09/01 14:13:05 INFO SparkContext: Added JAR file:///home/***/.ivy2/jars/org.lz4_lz4-java-1.8.0.jar at spark://e66737cfc193:43957/jars/org.lz4_lz4-java-1.8.0.jar with timestamp 1756735985059
[2025-09-01 14:13:05,939] {subprocess.py:92} INFO - 25/09/01 14:13:05 INFO SparkContext: Added JAR file:///home/***/.ivy2/jars/org.xerial.snappy_snappy-java-1.1.8.4.jar at spark://e66737cfc193:43957/jars/org.xerial.snappy_snappy-java-1.1.8.4.jar with timestamp 1756735985059
[2025-09-01 14:13:05,939] {subprocess.py:92} INFO - 25/09/01 14:13:05 INFO SparkContext: Added JAR file:///home/***/.ivy2/jars/org.slf4j_slf4j-api-1.7.32.jar at spark://e66737cfc193:43957/jars/org.slf4j_slf4j-api-1.7.32.jar with timestamp 1756735985059
[2025-09-01 14:13:05,940] {subprocess.py:92} INFO - 25/09/01 14:13:05 INFO SparkContext: Added JAR file:///home/***/.ivy2/jars/org.apache.hadoop_hadoop-client-api-3.3.2.jar at spark://e66737cfc193:43957/jars/org.apache.hadoop_hadoop-client-api-3.3.2.jar with timestamp 1756735985059
[2025-09-01 14:13:05,940] {subprocess.py:92} INFO - 25/09/01 14:13:05 INFO SparkContext: Added JAR file:///home/***/.ivy2/jars/commons-logging_commons-logging-1.1.3.jar at spark://e66737cfc193:43957/jars/commons-logging_commons-logging-1.1.3.jar with timestamp 1756735985059
[2025-09-01 14:13:05,943] {subprocess.py:92} INFO - 25/09/01 14:13:05 INFO SparkContext: Added file file:///home/***/.ivy2/jars/org.apache.spark_spark-sql-kafka-0-10_2.12-3.3.1.jar at file:///home/***/.ivy2/jars/org.apache.spark_spark-sql-kafka-0-10_2.12-3.3.1.jar with timestamp 1756735985059
[2025-09-01 14:13:05,945] {subprocess.py:92} INFO - 25/09/01 14:13:05 INFO Utils: Copying /home/***/.ivy2/jars/org.apache.spark_spark-sql-kafka-0-10_2.12-3.3.1.jar to /tmp/spark-37455b59-233a-4816-82fc-f616eb1e4726/userFiles-0916afa6-f60f-4302-bf21-9b911a490856/org.apache.spark_spark-sql-kafka-0-10_2.12-3.3.1.jar
[2025-09-01 14:13:05,958] {subprocess.py:92} INFO - 25/09/01 14:13:05 INFO SparkContext: Added file file:///home/***/.ivy2/jars/org.apache.spark_spark-token-provider-kafka-0-10_2.12-3.3.1.jar at file:///home/***/.ivy2/jars/org.apache.spark_spark-token-provider-kafka-0-10_2.12-3.3.1.jar with timestamp 1756735985059
[2025-09-01 14:13:05,958] {subprocess.py:92} INFO - 25/09/01 14:13:05 INFO Utils: Copying /home/***/.ivy2/jars/org.apache.spark_spark-token-provider-kafka-0-10_2.12-3.3.1.jar to /tmp/spark-37455b59-233a-4816-82fc-f616eb1e4726/userFiles-0916afa6-f60f-4302-bf21-9b911a490856/org.apache.spark_spark-token-provider-kafka-0-10_2.12-3.3.1.jar
[2025-09-01 14:13:05,964] {subprocess.py:92} INFO - 25/09/01 14:13:05 INFO SparkContext: Added file file:///home/***/.ivy2/jars/org.apache.kafka_kafka-clients-2.8.1.jar at file:///home/***/.ivy2/jars/org.apache.kafka_kafka-clients-2.8.1.jar with timestamp 1756735985059
[2025-09-01 14:13:05,965] {subprocess.py:92} INFO - 25/09/01 14:13:05 INFO Utils: Copying /home/***/.ivy2/jars/org.apache.kafka_kafka-clients-2.8.1.jar to /tmp/spark-37455b59-233a-4816-82fc-f616eb1e4726/userFiles-0916afa6-f60f-4302-bf21-9b911a490856/org.apache.kafka_kafka-clients-2.8.1.jar
[2025-09-01 14:13:05,973] {subprocess.py:92} INFO - 25/09/01 14:13:05 INFO SparkContext: Added file file:///home/***/.ivy2/jars/com.google.code.findbugs_jsr305-3.0.0.jar at file:///home/***/.ivy2/jars/com.google.code.findbugs_jsr305-3.0.0.jar with timestamp 1756735985059
[2025-09-01 14:13:05,973] {subprocess.py:92} INFO - 25/09/01 14:13:05 INFO Utils: Copying /home/***/.ivy2/jars/com.google.code.findbugs_jsr305-3.0.0.jar to /tmp/spark-37455b59-233a-4816-82fc-f616eb1e4726/userFiles-0916afa6-f60f-4302-bf21-9b911a490856/com.google.code.findbugs_jsr305-3.0.0.jar
[2025-09-01 14:13:05,979] {subprocess.py:92} INFO - 25/09/01 14:13:05 INFO SparkContext: Added file file:///home/***/.ivy2/jars/org.apache.commons_commons-pool2-2.11.1.jar at file:///home/***/.ivy2/jars/org.apache.commons_commons-pool2-2.11.1.jar with timestamp 1756735985059
[2025-09-01 14:13:05,979] {subprocess.py:92} INFO - 25/09/01 14:13:05 INFO Utils: Copying /home/***/.ivy2/jars/org.apache.commons_commons-pool2-2.11.1.jar to /tmp/spark-37455b59-233a-4816-82fc-f616eb1e4726/userFiles-0916afa6-f60f-4302-bf21-9b911a490856/org.apache.commons_commons-pool2-2.11.1.jar
[2025-09-01 14:13:05,986] {subprocess.py:92} INFO - 25/09/01 14:13:05 INFO SparkContext: Added file file:///home/***/.ivy2/jars/org.spark-project.spark_unused-1.0.0.jar at file:///home/***/.ivy2/jars/org.spark-project.spark_unused-1.0.0.jar with timestamp 1756735985059
[2025-09-01 14:13:05,987] {subprocess.py:92} INFO - 25/09/01 14:13:05 INFO Utils: Copying /home/***/.ivy2/jars/org.spark-project.spark_unused-1.0.0.jar to /tmp/spark-37455b59-233a-4816-82fc-f616eb1e4726/userFiles-0916afa6-f60f-4302-bf21-9b911a490856/org.spark-project.spark_unused-1.0.0.jar
[2025-09-01 14:13:05,993] {subprocess.py:92} INFO - 25/09/01 14:13:05 INFO SparkContext: Added file file:///home/***/.ivy2/jars/org.apache.hadoop_hadoop-client-runtime-3.3.2.jar at file:///home/***/.ivy2/jars/org.apache.hadoop_hadoop-client-runtime-3.3.2.jar with timestamp 1756735985059
[2025-09-01 14:13:05,993] {subprocess.py:92} INFO - 25/09/01 14:13:05 INFO Utils: Copying /home/***/.ivy2/jars/org.apache.hadoop_hadoop-client-runtime-3.3.2.jar to /tmp/spark-37455b59-233a-4816-82fc-f616eb1e4726/userFiles-0916afa6-f60f-4302-bf21-9b911a490856/org.apache.hadoop_hadoop-client-runtime-3.3.2.jar
[2025-09-01 14:13:06,040] {subprocess.py:92} INFO - 25/09/01 14:13:06 INFO SparkContext: Added file file:///home/***/.ivy2/jars/org.lz4_lz4-java-1.8.0.jar at file:///home/***/.ivy2/jars/org.lz4_lz4-java-1.8.0.jar with timestamp 1756735985059
[2025-09-01 14:13:06,040] {subprocess.py:92} INFO - 25/09/01 14:13:06 INFO Utils: Copying /home/***/.ivy2/jars/org.lz4_lz4-java-1.8.0.jar to /tmp/spark-37455b59-233a-4816-82fc-f616eb1e4726/userFiles-0916afa6-f60f-4302-bf21-9b911a490856/org.lz4_lz4-java-1.8.0.jar
[2025-09-01 14:13:06,047] {subprocess.py:92} INFO - 25/09/01 14:13:06 INFO SparkContext: Added file file:///home/***/.ivy2/jars/org.xerial.snappy_snappy-java-1.1.8.4.jar at file:///home/***/.ivy2/jars/org.xerial.snappy_snappy-java-1.1.8.4.jar with timestamp 1756735985059
[2025-09-01 14:13:06,047] {subprocess.py:92} INFO - 25/09/01 14:13:06 INFO Utils: Copying /home/***/.ivy2/jars/org.xerial.snappy_snappy-java-1.1.8.4.jar to /tmp/spark-37455b59-233a-4816-82fc-f616eb1e4726/userFiles-0916afa6-f60f-4302-bf21-9b911a490856/org.xerial.snappy_snappy-java-1.1.8.4.jar
[2025-09-01 14:13:06,055] {subprocess.py:92} INFO - 25/09/01 14:13:06 INFO SparkContext: Added file file:///home/***/.ivy2/jars/org.slf4j_slf4j-api-1.7.32.jar at file:///home/***/.ivy2/jars/org.slf4j_slf4j-api-1.7.32.jar with timestamp 1756735985059
[2025-09-01 14:13:06,055] {subprocess.py:92} INFO - 25/09/01 14:13:06 INFO Utils: Copying /home/***/.ivy2/jars/org.slf4j_slf4j-api-1.7.32.jar to /tmp/spark-37455b59-233a-4816-82fc-f616eb1e4726/userFiles-0916afa6-f60f-4302-bf21-9b911a490856/org.slf4j_slf4j-api-1.7.32.jar
[2025-09-01 14:13:06,061] {subprocess.py:92} INFO - 25/09/01 14:13:06 INFO SparkContext: Added file file:///home/***/.ivy2/jars/org.apache.hadoop_hadoop-client-api-3.3.2.jar at file:///home/***/.ivy2/jars/org.apache.hadoop_hadoop-client-api-3.3.2.jar with timestamp 1756735985059
[2025-09-01 14:13:06,061] {subprocess.py:92} INFO - 25/09/01 14:13:06 INFO Utils: Copying /home/***/.ivy2/jars/org.apache.hadoop_hadoop-client-api-3.3.2.jar to /tmp/spark-37455b59-233a-4816-82fc-f616eb1e4726/userFiles-0916afa6-f60f-4302-bf21-9b911a490856/org.apache.hadoop_hadoop-client-api-3.3.2.jar
[2025-09-01 14:13:06,087] {subprocess.py:92} INFO - 25/09/01 14:13:06 INFO SparkContext: Added file file:///home/***/.ivy2/jars/commons-logging_commons-logging-1.1.3.jar at file:///home/***/.ivy2/jars/commons-logging_commons-logging-1.1.3.jar with timestamp 1756735985059
[2025-09-01 14:13:06,087] {subprocess.py:92} INFO - 25/09/01 14:13:06 INFO Utils: Copying /home/***/.ivy2/jars/commons-logging_commons-logging-1.1.3.jar to /tmp/spark-37455b59-233a-4816-82fc-f616eb1e4726/userFiles-0916afa6-f60f-4302-bf21-9b911a490856/commons-logging_commons-logging-1.1.3.jar
[2025-09-01 14:13:06,170] {subprocess.py:92} INFO - 25/09/01 14:13:06 INFO Executor: Starting executor ID driver on host e66737cfc193
[2025-09-01 14:13:06,177] {subprocess.py:92} INFO - 25/09/01 14:13:06 INFO Executor: Starting executor with user classpath (userClassPathFirst = false): ''
[2025-09-01 14:13:06,186] {subprocess.py:92} INFO - 25/09/01 14:13:06 INFO Executor: Fetching file:///home/***/.ivy2/jars/commons-logging_commons-logging-1.1.3.jar with timestamp 1756735985059
[2025-09-01 14:13:06,206] {subprocess.py:92} INFO - 25/09/01 14:13:06 INFO Utils: /home/***/.ivy2/jars/commons-logging_commons-logging-1.1.3.jar has been previously copied to /tmp/spark-37455b59-233a-4816-82fc-f616eb1e4726/userFiles-0916afa6-f60f-4302-bf21-9b911a490856/commons-logging_commons-logging-1.1.3.jar
[2025-09-01 14:13:06,211] {subprocess.py:92} INFO - 25/09/01 14:13:06 INFO Executor: Fetching file:///home/***/.ivy2/jars/org.spark-project.spark_unused-1.0.0.jar with timestamp 1756735985059
[2025-09-01 14:13:06,212] {subprocess.py:92} INFO - 25/09/01 14:13:06 INFO Utils: /home/***/.ivy2/jars/org.spark-project.spark_unused-1.0.0.jar has been previously copied to /tmp/spark-37455b59-233a-4816-82fc-f616eb1e4726/userFiles-0916afa6-f60f-4302-bf21-9b911a490856/org.spark-project.spark_unused-1.0.0.jar
[2025-09-01 14:13:06,217] {subprocess.py:92} INFO - 25/09/01 14:13:06 INFO Executor: Fetching file:///home/***/.ivy2/jars/org.apache.spark_spark-sql-kafka-0-10_2.12-3.3.1.jar with timestamp 1756735985059
[2025-09-01 14:13:06,223] {subprocess.py:92} INFO - 25/09/01 14:13:06 INFO Utils: /home/***/.ivy2/jars/org.apache.spark_spark-sql-kafka-0-10_2.12-3.3.1.jar has been previously copied to /tmp/spark-37455b59-233a-4816-82fc-f616eb1e4726/userFiles-0916afa6-f60f-4302-bf21-9b911a490856/org.apache.spark_spark-sql-kafka-0-10_2.12-3.3.1.jar
[2025-09-01 14:13:06,227] {subprocess.py:92} INFO - 25/09/01 14:13:06 INFO Executor: Fetching file:///home/***/.ivy2/jars/org.apache.hadoop_hadoop-client-api-3.3.2.jar with timestamp 1756735985059
[2025-09-01 14:13:06,244] {subprocess.py:92} INFO - 25/09/01 14:13:06 INFO Utils: /home/***/.ivy2/jars/org.apache.hadoop_hadoop-client-api-3.3.2.jar has been previously copied to /tmp/spark-37455b59-233a-4816-82fc-f616eb1e4726/userFiles-0916afa6-f60f-4302-bf21-9b911a490856/org.apache.hadoop_hadoop-client-api-3.3.2.jar
[2025-09-01 14:13:06,248] {subprocess.py:92} INFO - 25/09/01 14:13:06 INFO Executor: Fetching file:///home/***/.ivy2/jars/org.apache.hadoop_hadoop-client-runtime-3.3.2.jar with timestamp 1756735985059
[2025-09-01 14:13:06,272] {subprocess.py:92} INFO - 25/09/01 14:13:06 INFO Utils: /home/***/.ivy2/jars/org.apache.hadoop_hadoop-client-runtime-3.3.2.jar has been previously copied to /tmp/spark-37455b59-233a-4816-82fc-f616eb1e4726/userFiles-0916afa6-f60f-4302-bf21-9b911a490856/org.apache.hadoop_hadoop-client-runtime-3.3.2.jar
[2025-09-01 14:13:06,277] {subprocess.py:92} INFO - 25/09/01 14:13:06 INFO Executor: Fetching file:///home/***/.ivy2/jars/org.slf4j_slf4j-api-1.7.32.jar with timestamp 1756735985059
[2025-09-01 14:13:06,278] {subprocess.py:92} INFO - 25/09/01 14:13:06 INFO Utils: /home/***/.ivy2/jars/org.slf4j_slf4j-api-1.7.32.jar has been previously copied to /tmp/spark-37455b59-233a-4816-82fc-f616eb1e4726/userFiles-0916afa6-f60f-4302-bf21-9b911a490856/org.slf4j_slf4j-api-1.7.32.jar
[2025-09-01 14:13:06,284] {subprocess.py:92} INFO - 25/09/01 14:13:06 INFO Executor: Fetching file:///home/***/.ivy2/jars/org.lz4_lz4-java-1.8.0.jar with timestamp 1756735985059
[2025-09-01 14:13:06,287] {subprocess.py:92} INFO - 25/09/01 14:13:06 INFO Utils: /home/***/.ivy2/jars/org.lz4_lz4-java-1.8.0.jar has been previously copied to /tmp/spark-37455b59-233a-4816-82fc-f616eb1e4726/userFiles-0916afa6-f60f-4302-bf21-9b911a490856/org.lz4_lz4-java-1.8.0.jar
[2025-09-01 14:13:06,294] {subprocess.py:92} INFO - 25/09/01 14:13:06 INFO Executor: Fetching file:///home/***/.ivy2/jars/org.apache.commons_commons-pool2-2.11.1.jar with timestamp 1756735985059
[2025-09-01 14:13:06,295] {subprocess.py:92} INFO - 25/09/01 14:13:06 INFO Utils: /home/***/.ivy2/jars/org.apache.commons_commons-pool2-2.11.1.jar has been previously copied to /tmp/spark-37455b59-233a-4816-82fc-f616eb1e4726/userFiles-0916afa6-f60f-4302-bf21-9b911a490856/org.apache.commons_commons-pool2-2.11.1.jar
[2025-09-01 14:13:06,301] {subprocess.py:92} INFO - 25/09/01 14:13:06 INFO Executor: Fetching file:///home/***/.ivy2/jars/com.google.code.findbugs_jsr305-3.0.0.jar with timestamp 1756735985059
[2025-09-01 14:13:06,302] {subprocess.py:92} INFO - 25/09/01 14:13:06 INFO Utils: /home/***/.ivy2/jars/com.google.code.findbugs_jsr305-3.0.0.jar has been previously copied to /tmp/spark-37455b59-233a-4816-82fc-f616eb1e4726/userFiles-0916afa6-f60f-4302-bf21-9b911a490856/com.google.code.findbugs_jsr305-3.0.0.jar
[2025-09-01 14:13:06,308] {subprocess.py:92} INFO - 25/09/01 14:13:06 INFO Executor: Fetching file:///home/***/.ivy2/jars/org.apache.spark_spark-token-provider-kafka-0-10_2.12-3.3.1.jar with timestamp 1756735985059
[2025-09-01 14:13:06,309] {subprocess.py:92} INFO - 25/09/01 14:13:06 INFO Utils: /home/***/.ivy2/jars/org.apache.spark_spark-token-provider-kafka-0-10_2.12-3.3.1.jar has been previously copied to /tmp/spark-37455b59-233a-4816-82fc-f616eb1e4726/userFiles-0916afa6-f60f-4302-bf21-9b911a490856/org.apache.spark_spark-token-provider-kafka-0-10_2.12-3.3.1.jar
[2025-09-01 14:13:06,315] {subprocess.py:92} INFO - 25/09/01 14:13:06 INFO Executor: Fetching file:///home/***/.ivy2/jars/org.apache.kafka_kafka-clients-2.8.1.jar with timestamp 1756735985059
[2025-09-01 14:13:06,322] {subprocess.py:92} INFO - 25/09/01 14:13:06 INFO Utils: /home/***/.ivy2/jars/org.apache.kafka_kafka-clients-2.8.1.jar has been previously copied to /tmp/spark-37455b59-233a-4816-82fc-f616eb1e4726/userFiles-0916afa6-f60f-4302-bf21-9b911a490856/org.apache.kafka_kafka-clients-2.8.1.jar
[2025-09-01 14:13:06,328] {subprocess.py:92} INFO - 25/09/01 14:13:06 INFO Executor: Fetching file:///home/***/.ivy2/jars/org.xerial.snappy_snappy-java-1.1.8.4.jar with timestamp 1756735985059
[2025-09-01 14:13:06,331] {subprocess.py:92} INFO - 25/09/01 14:13:06 INFO Utils: /home/***/.ivy2/jars/org.xerial.snappy_snappy-java-1.1.8.4.jar has been previously copied to /tmp/spark-37455b59-233a-4816-82fc-f616eb1e4726/userFiles-0916afa6-f60f-4302-bf21-9b911a490856/org.xerial.snappy_snappy-java-1.1.8.4.jar
[2025-09-01 14:13:06,338] {subprocess.py:92} INFO - 25/09/01 14:13:06 INFO Executor: Fetching spark://e66737cfc193:43957/jars/org.slf4j_slf4j-api-1.7.32.jar with timestamp 1756735985059
[2025-09-01 14:13:06,380] {subprocess.py:92} INFO - 25/09/01 14:13:06 INFO TransportClientFactory: Successfully created connection to e66737cfc193/172.20.0.18:43957 after 27 ms (0 ms spent in bootstraps)
[2025-09-01 14:13:06,389] {subprocess.py:92} INFO - 25/09/01 14:13:06 INFO Utils: Fetching spark://e66737cfc193:43957/jars/org.slf4j_slf4j-api-1.7.32.jar to /tmp/spark-37455b59-233a-4816-82fc-f616eb1e4726/userFiles-0916afa6-f60f-4302-bf21-9b911a490856/fetchFileTemp13323747901454960310.tmp
[2025-09-01 14:13:06,427] {subprocess.py:92} INFO - 25/09/01 14:13:06 INFO Utils: /tmp/spark-37455b59-233a-4816-82fc-f616eb1e4726/userFiles-0916afa6-f60f-4302-bf21-9b911a490856/fetchFileTemp13323747901454960310.tmp has been previously copied to /tmp/spark-37455b59-233a-4816-82fc-f616eb1e4726/userFiles-0916afa6-f60f-4302-bf21-9b911a490856/org.slf4j_slf4j-api-1.7.32.jar
[2025-09-01 14:13:06,432] {subprocess.py:92} INFO - 25/09/01 14:13:06 INFO Executor: Adding file:/tmp/spark-37455b59-233a-4816-82fc-f616eb1e4726/userFiles-0916afa6-f60f-4302-bf21-9b911a490856/org.slf4j_slf4j-api-1.7.32.jar to class loader
[2025-09-01 14:13:06,432] {subprocess.py:92} INFO - 25/09/01 14:13:06 INFO Executor: Fetching spark://e66737cfc193:43957/jars/org.apache.hadoop_hadoop-client-api-3.3.2.jar with timestamp 1756735985059
[2025-09-01 14:13:06,433] {subprocess.py:92} INFO - 25/09/01 14:13:06 INFO Utils: Fetching spark://e66737cfc193:43957/jars/org.apache.hadoop_hadoop-client-api-3.3.2.jar to /tmp/spark-37455b59-233a-4816-82fc-f616eb1e4726/userFiles-0916afa6-f60f-4302-bf21-9b911a490856/fetchFileTemp97060227284774847.tmp
[2025-09-01 14:13:06,513] {subprocess.py:92} INFO - 25/09/01 14:13:06 INFO Utils: /tmp/spark-37455b59-233a-4816-82fc-f616eb1e4726/userFiles-0916afa6-f60f-4302-bf21-9b911a490856/fetchFileTemp97060227284774847.tmp has been previously copied to /tmp/spark-37455b59-233a-4816-82fc-f616eb1e4726/userFiles-0916afa6-f60f-4302-bf21-9b911a490856/org.apache.hadoop_hadoop-client-api-3.3.2.jar
[2025-09-01 14:13:06,521] {subprocess.py:92} INFO - 25/09/01 14:13:06 INFO Executor: Adding file:/tmp/spark-37455b59-233a-4816-82fc-f616eb1e4726/userFiles-0916afa6-f60f-4302-bf21-9b911a490856/org.apache.hadoop_hadoop-client-api-3.3.2.jar to class loader
[2025-09-01 14:13:06,521] {subprocess.py:92} INFO - 25/09/01 14:13:06 INFO Executor: Fetching spark://e66737cfc193:43957/jars/org.apache.kafka_kafka-clients-2.8.1.jar with timestamp 1756735985059
[2025-09-01 14:13:06,521] {subprocess.py:92} INFO - 25/09/01 14:13:06 INFO Utils: Fetching spark://e66737cfc193:43957/jars/org.apache.kafka_kafka-clients-2.8.1.jar to /tmp/spark-37455b59-233a-4816-82fc-f616eb1e4726/userFiles-0916afa6-f60f-4302-bf21-9b911a490856/fetchFileTemp9163596854659134120.tmp
[2025-09-01 14:13:06,539] {subprocess.py:92} INFO - 25/09/01 14:13:06 INFO Utils: /tmp/spark-37455b59-233a-4816-82fc-f616eb1e4726/userFiles-0916afa6-f60f-4302-bf21-9b911a490856/fetchFileTemp9163596854659134120.tmp has been previously copied to /tmp/spark-37455b59-233a-4816-82fc-f616eb1e4726/userFiles-0916afa6-f60f-4302-bf21-9b911a490856/org.apache.kafka_kafka-clients-2.8.1.jar
[2025-09-01 14:13:06,545] {subprocess.py:92} INFO - 25/09/01 14:13:06 INFO Executor: Adding file:/tmp/spark-37455b59-233a-4816-82fc-f616eb1e4726/userFiles-0916afa6-f60f-4302-bf21-9b911a490856/org.apache.kafka_kafka-clients-2.8.1.jar to class loader
[2025-09-01 14:13:06,545] {subprocess.py:92} INFO - 25/09/01 14:13:06 INFO Executor: Fetching spark://e66737cfc193:43957/jars/org.xerial.snappy_snappy-java-1.1.8.4.jar with timestamp 1756735985059
[2025-09-01 14:13:06,546] {subprocess.py:92} INFO - 25/09/01 14:13:06 INFO Utils: Fetching spark://e66737cfc193:43957/jars/org.xerial.snappy_snappy-java-1.1.8.4.jar to /tmp/spark-37455b59-233a-4816-82fc-f616eb1e4726/userFiles-0916afa6-f60f-4302-bf21-9b911a490856/fetchFileTemp5299634022013223762.tmp
[2025-09-01 14:13:06,557] {subprocess.py:92} INFO - 25/09/01 14:13:06 INFO Utils: /tmp/spark-37455b59-233a-4816-82fc-f616eb1e4726/userFiles-0916afa6-f60f-4302-bf21-9b911a490856/fetchFileTemp5299634022013223762.tmp has been previously copied to /tmp/spark-37455b59-233a-4816-82fc-f616eb1e4726/userFiles-0916afa6-f60f-4302-bf21-9b911a490856/org.xerial.snappy_snappy-java-1.1.8.4.jar
[2025-09-01 14:13:06,563] {subprocess.py:92} INFO - 25/09/01 14:13:06 INFO Executor: Adding file:/tmp/spark-37455b59-233a-4816-82fc-f616eb1e4726/userFiles-0916afa6-f60f-4302-bf21-9b911a490856/org.xerial.snappy_snappy-java-1.1.8.4.jar to class loader
[2025-09-01 14:13:06,564] {subprocess.py:92} INFO - 25/09/01 14:13:06 INFO Executor: Fetching spark://e66737cfc193:43957/jars/commons-logging_commons-logging-1.1.3.jar with timestamp 1756735985059
[2025-09-01 14:13:06,564] {subprocess.py:92} INFO - 25/09/01 14:13:06 INFO Utils: Fetching spark://e66737cfc193:43957/jars/commons-logging_commons-logging-1.1.3.jar to /tmp/spark-37455b59-233a-4816-82fc-f616eb1e4726/userFiles-0916afa6-f60f-4302-bf21-9b911a490856/fetchFileTemp2962807439611498926.tmp
[2025-09-01 14:13:06,568] {subprocess.py:92} INFO - 25/09/01 14:13:06 INFO Utils: /tmp/spark-37455b59-233a-4816-82fc-f616eb1e4726/userFiles-0916afa6-f60f-4302-bf21-9b911a490856/fetchFileTemp2962807439611498926.tmp has been previously copied to /tmp/spark-37455b59-233a-4816-82fc-f616eb1e4726/userFiles-0916afa6-f60f-4302-bf21-9b911a490856/commons-logging_commons-logging-1.1.3.jar
[2025-09-01 14:13:06,575] {subprocess.py:92} INFO - 25/09/01 14:13:06 INFO Executor: Adding file:/tmp/spark-37455b59-233a-4816-82fc-f616eb1e4726/userFiles-0916afa6-f60f-4302-bf21-9b911a490856/commons-logging_commons-logging-1.1.3.jar to class loader
[2025-09-01 14:13:06,575] {subprocess.py:92} INFO - 25/09/01 14:13:06 INFO Executor: Fetching spark://e66737cfc193:43957/jars/org.apache.hadoop_hadoop-client-runtime-3.3.2.jar with timestamp 1756735985059
[2025-09-01 14:13:06,576] {subprocess.py:92} INFO - 25/09/01 14:13:06 INFO Utils: Fetching spark://e66737cfc193:43957/jars/org.apache.hadoop_hadoop-client-runtime-3.3.2.jar to /tmp/spark-37455b59-233a-4816-82fc-f616eb1e4726/userFiles-0916afa6-f60f-4302-bf21-9b911a490856/fetchFileTemp15196600348056856778.tmp
[2025-09-01 14:13:06,707] {subprocess.py:92} INFO - 25/09/01 14:13:06 INFO Utils: /tmp/spark-37455b59-233a-4816-82fc-f616eb1e4726/userFiles-0916afa6-f60f-4302-bf21-9b911a490856/fetchFileTemp15196600348056856778.tmp has been previously copied to /tmp/spark-37455b59-233a-4816-82fc-f616eb1e4726/userFiles-0916afa6-f60f-4302-bf21-9b911a490856/org.apache.hadoop_hadoop-client-runtime-3.3.2.jar
[2025-09-01 14:13:06,716] {subprocess.py:92} INFO - 25/09/01 14:13:06 INFO Executor: Adding file:/tmp/spark-37455b59-233a-4816-82fc-f616eb1e4726/userFiles-0916afa6-f60f-4302-bf21-9b911a490856/org.apache.hadoop_hadoop-client-runtime-3.3.2.jar to class loader
[2025-09-01 14:13:06,717] {subprocess.py:92} INFO - 25/09/01 14:13:06 INFO Executor: Fetching spark://e66737cfc193:43957/jars/org.apache.commons_commons-pool2-2.11.1.jar with timestamp 1756735985059
[2025-09-01 14:13:06,717] {subprocess.py:92} INFO - 25/09/01 14:13:06 INFO Utils: Fetching spark://e66737cfc193:43957/jars/org.apache.commons_commons-pool2-2.11.1.jar to /tmp/spark-37455b59-233a-4816-82fc-f616eb1e4726/userFiles-0916afa6-f60f-4302-bf21-9b911a490856/fetchFileTemp18206530957067248788.tmp
[2025-09-01 14:13:06,720] {subprocess.py:92} INFO - 25/09/01 14:13:06 INFO Utils: /tmp/spark-37455b59-233a-4816-82fc-f616eb1e4726/userFiles-0916afa6-f60f-4302-bf21-9b911a490856/fetchFileTemp18206530957067248788.tmp has been previously copied to /tmp/spark-37455b59-233a-4816-82fc-f616eb1e4726/userFiles-0916afa6-f60f-4302-bf21-9b911a490856/org.apache.commons_commons-pool2-2.11.1.jar
[2025-09-01 14:13:06,725] {subprocess.py:92} INFO - 25/09/01 14:13:06 INFO Executor: Adding file:/tmp/spark-37455b59-233a-4816-82fc-f616eb1e4726/userFiles-0916afa6-f60f-4302-bf21-9b911a490856/org.apache.commons_commons-pool2-2.11.1.jar to class loader
[2025-09-01 14:13:06,725] {subprocess.py:92} INFO - 25/09/01 14:13:06 INFO Executor: Fetching spark://e66737cfc193:43957/jars/org.spark-project.spark_unused-1.0.0.jar with timestamp 1756735985059
[2025-09-01 14:13:06,726] {subprocess.py:92} INFO - 25/09/01 14:13:06 INFO Utils: Fetching spark://e66737cfc193:43957/jars/org.spark-project.spark_unused-1.0.0.jar to /tmp/spark-37455b59-233a-4816-82fc-f616eb1e4726/userFiles-0916afa6-f60f-4302-bf21-9b911a490856/fetchFileTemp7941275669297894438.tmp
[2025-09-01 14:13:06,728] {subprocess.py:92} INFO - 25/09/01 14:13:06 INFO Utils: /tmp/spark-37455b59-233a-4816-82fc-f616eb1e4726/userFiles-0916afa6-f60f-4302-bf21-9b911a490856/fetchFileTemp7941275669297894438.tmp has been previously copied to /tmp/spark-37455b59-233a-4816-82fc-f616eb1e4726/userFiles-0916afa6-f60f-4302-bf21-9b911a490856/org.spark-project.spark_unused-1.0.0.jar
[2025-09-01 14:13:06,734] {subprocess.py:92} INFO - 25/09/01 14:13:06 INFO Executor: Adding file:/tmp/spark-37455b59-233a-4816-82fc-f616eb1e4726/userFiles-0916afa6-f60f-4302-bf21-9b911a490856/org.spark-project.spark_unused-1.0.0.jar to class loader
[2025-09-01 14:13:06,734] {subprocess.py:92} INFO - 25/09/01 14:13:06 INFO Executor: Fetching spark://e66737cfc193:43957/jars/com.google.code.findbugs_jsr305-3.0.0.jar with timestamp 1756735985059
[2025-09-01 14:13:06,735] {subprocess.py:92} INFO - 25/09/01 14:13:06 INFO Utils: Fetching spark://e66737cfc193:43957/jars/com.google.code.findbugs_jsr305-3.0.0.jar to /tmp/spark-37455b59-233a-4816-82fc-f616eb1e4726/userFiles-0916afa6-f60f-4302-bf21-9b911a490856/fetchFileTemp7720231730192272545.tmp
[2025-09-01 14:13:06,737] {subprocess.py:92} INFO - 25/09/01 14:13:06 INFO Utils: /tmp/spark-37455b59-233a-4816-82fc-f616eb1e4726/userFiles-0916afa6-f60f-4302-bf21-9b911a490856/fetchFileTemp7720231730192272545.tmp has been previously copied to /tmp/spark-37455b59-233a-4816-82fc-f616eb1e4726/userFiles-0916afa6-f60f-4302-bf21-9b911a490856/com.google.code.findbugs_jsr305-3.0.0.jar
[2025-09-01 14:13:06,742] {subprocess.py:92} INFO - 25/09/01 14:13:06 INFO Executor: Adding file:/tmp/spark-37455b59-233a-4816-82fc-f616eb1e4726/userFiles-0916afa6-f60f-4302-bf21-9b911a490856/com.google.code.findbugs_jsr305-3.0.0.jar to class loader
[2025-09-01 14:13:06,742] {subprocess.py:92} INFO - 25/09/01 14:13:06 INFO Executor: Fetching spark://e66737cfc193:43957/jars/org.lz4_lz4-java-1.8.0.jar with timestamp 1756735985059
[2025-09-01 14:13:06,743] {subprocess.py:92} INFO - 25/09/01 14:13:06 INFO Utils: Fetching spark://e66737cfc193:43957/jars/org.lz4_lz4-java-1.8.0.jar to /tmp/spark-37455b59-233a-4816-82fc-f616eb1e4726/userFiles-0916afa6-f60f-4302-bf21-9b911a490856/fetchFileTemp13892636494369468202.tmp
[2025-09-01 14:13:06,748] {subprocess.py:92} INFO - 25/09/01 14:13:06 INFO Utils: /tmp/spark-37455b59-233a-4816-82fc-f616eb1e4726/userFiles-0916afa6-f60f-4302-bf21-9b911a490856/fetchFileTemp13892636494369468202.tmp has been previously copied to /tmp/spark-37455b59-233a-4816-82fc-f616eb1e4726/userFiles-0916afa6-f60f-4302-bf21-9b911a490856/org.lz4_lz4-java-1.8.0.jar
[2025-09-01 14:13:06,753] {subprocess.py:92} INFO - 25/09/01 14:13:06 INFO Executor: Adding file:/tmp/spark-37455b59-233a-4816-82fc-f616eb1e4726/userFiles-0916afa6-f60f-4302-bf21-9b911a490856/org.lz4_lz4-java-1.8.0.jar to class loader
[2025-09-01 14:13:06,753] {subprocess.py:92} INFO - 25/09/01 14:13:06 INFO Executor: Fetching spark://e66737cfc193:43957/jars/org.apache.spark_spark-sql-kafka-0-10_2.12-3.3.1.jar with timestamp 1756735985059
[2025-09-01 14:13:06,754] {subprocess.py:92} INFO - 25/09/01 14:13:06 INFO Utils: Fetching spark://e66737cfc193:43957/jars/org.apache.spark_spark-sql-kafka-0-10_2.12-3.3.1.jar to /tmp/spark-37455b59-233a-4816-82fc-f616eb1e4726/userFiles-0916afa6-f60f-4302-bf21-9b911a490856/fetchFileTemp243717313178052642.tmp
[2025-09-01 14:13:06,758] {subprocess.py:92} INFO - 25/09/01 14:13:06 INFO Utils: /tmp/spark-37455b59-233a-4816-82fc-f616eb1e4726/userFiles-0916afa6-f60f-4302-bf21-9b911a490856/fetchFileTemp243717313178052642.tmp has been previously copied to /tmp/spark-37455b59-233a-4816-82fc-f616eb1e4726/userFiles-0916afa6-f60f-4302-bf21-9b911a490856/org.apache.spark_spark-sql-kafka-0-10_2.12-3.3.1.jar
[2025-09-01 14:13:06,763] {subprocess.py:92} INFO - 25/09/01 14:13:06 INFO Executor: Adding file:/tmp/spark-37455b59-233a-4816-82fc-f616eb1e4726/userFiles-0916afa6-f60f-4302-bf21-9b911a490856/org.apache.spark_spark-sql-kafka-0-10_2.12-3.3.1.jar to class loader
[2025-09-01 14:13:06,764] {subprocess.py:92} INFO - 25/09/01 14:13:06 INFO Executor: Fetching spark://e66737cfc193:43957/jars/org.apache.spark_spark-token-provider-kafka-0-10_2.12-3.3.1.jar with timestamp 1756735985059
[2025-09-01 14:13:06,764] {subprocess.py:92} INFO - 25/09/01 14:13:06 INFO Utils: Fetching spark://e66737cfc193:43957/jars/org.apache.spark_spark-token-provider-kafka-0-10_2.12-3.3.1.jar to /tmp/spark-37455b59-233a-4816-82fc-f616eb1e4726/userFiles-0916afa6-f60f-4302-bf21-9b911a490856/fetchFileTemp16541139069700949933.tmp
[2025-09-01 14:13:06,766] {subprocess.py:92} INFO - 25/09/01 14:13:06 INFO Utils: /tmp/spark-37455b59-233a-4816-82fc-f616eb1e4726/userFiles-0916afa6-f60f-4302-bf21-9b911a490856/fetchFileTemp16541139069700949933.tmp has been previously copied to /tmp/spark-37455b59-233a-4816-82fc-f616eb1e4726/userFiles-0916afa6-f60f-4302-bf21-9b911a490856/org.apache.spark_spark-token-provider-kafka-0-10_2.12-3.3.1.jar
[2025-09-01 14:13:06,772] {subprocess.py:92} INFO - 25/09/01 14:13:06 INFO Executor: Adding file:/tmp/spark-37455b59-233a-4816-82fc-f616eb1e4726/userFiles-0916afa6-f60f-4302-bf21-9b911a490856/org.apache.spark_spark-token-provider-kafka-0-10_2.12-3.3.1.jar to class loader
[2025-09-01 14:13:06,783] {subprocess.py:92} INFO - 25/09/01 14:13:06 INFO Utils: Successfully started service 'org.apache.spark.network.netty.NettyBlockTransferService' on port 45865.
[2025-09-01 14:13:06,783] {subprocess.py:92} INFO - 25/09/01 14:13:06 INFO NettyBlockTransferService: Server created on e66737cfc193:45865
[2025-09-01 14:13:06,785] {subprocess.py:92} INFO - 25/09/01 14:13:06 INFO BlockManager: Using org.apache.spark.storage.RandomBlockReplicationPolicy for block replication policy
[2025-09-01 14:13:06,793] {subprocess.py:92} INFO - 25/09/01 14:13:06 INFO BlockManagerMaster: Registering BlockManager BlockManagerId(driver, e66737cfc193, 45865, None)
[2025-09-01 14:13:06,797] {subprocess.py:92} INFO - 25/09/01 14:13:06 INFO BlockManagerMasterEndpoint: Registering block manager e66737cfc193:45865 with 434.4 MiB RAM, BlockManagerId(driver, e66737cfc193, 45865, None)
[2025-09-01 14:13:06,801] {subprocess.py:92} INFO - 25/09/01 14:13:06 INFO BlockManagerMaster: Registered BlockManager BlockManagerId(driver, e66737cfc193, 45865, None)
[2025-09-01 14:13:06,803] {subprocess.py:92} INFO - 25/09/01 14:13:06 INFO BlockManager: Initialized BlockManager: BlockManagerId(driver, e66737cfc193, 45865, None)
[2025-09-01 14:13:07,298] {subprocess.py:92} INFO - Connexion à Kafka...
[2025-09-01 14:13:09,550] {subprocess.py:92} INFO - Connexion Kafka réussie (kafka:9092)
[2025-09-01 14:13:09,550] {subprocess.py:92} INFO - Transformation des données JSON...
[2025-09-01 14:13:09,846] {subprocess.py:92} INFO - Démarrage du streaming vers HDFS...
[2025-09-01 14:13:10,723] {subprocess.py:92} INFO - Streaming actif - Données météo sauvegardées dans HDFS:/data/weather
[2025-09-01 14:40:00,596] {subprocess.py:92} INFO - 25/09/01 14:40:00 ERROR MicroBatchExecution: Query [id = 8bb46a74-6ffa-4764-a9c6-2e4a331d8211, runId = a183421d-6e97-4f92-966a-1b26fbbeadf1] terminated with error
[2025-09-01 14:40:00,596] {subprocess.py:92} INFO - org.apache.spark.SparkException: Execution of the stream null failed. Please, fill a bug report in, and provide the full stack trace.
[2025-09-01 14:40:00,596] {subprocess.py:92} INFO - 	at org.apache.spark.sql.execution.QueryExecution$.toInternalError(QueryExecution.scala:500)
[2025-09-01 14:40:00,597] {subprocess.py:92} INFO - 	at org.apache.spark.sql.execution.streaming.StreamExecution.org$apache$spark$sql$execution$streaming$StreamExecution$$runStream(StreamExecution.scala:324)
[2025-09-01 14:40:00,597] {subprocess.py:92} INFO - 	at org.apache.spark.sql.execution.streaming.StreamExecution$$anon$1.run(StreamExecution.scala:208)
[2025-09-01 14:40:00,597] {subprocess.py:92} INFO - Caused by: java.lang.AssertionError: assertion failed: Concurrent update to the log. Multiple streaming jobs detected for 71
[2025-09-01 14:40:00,597] {subprocess.py:92} INFO - 	at scala.Predef$.assert(Predef.scala:223)
[2025-09-01 14:40:00,597] {subprocess.py:92} INFO - 	at org.apache.spark.sql.execution.streaming.MicroBatchExecution.$anonfun$constructNextBatch$13(MicroBatchExecution.scala:496)
[2025-09-01 14:40:00,597] {subprocess.py:92} INFO - 	at scala.runtime.java8.JFunction0$mcV$sp.apply(JFunction0$mcV$sp.java:23)
[2025-09-01 14:40:00,597] {subprocess.py:92} INFO - 	at org.apache.spark.sql.execution.streaming.ProgressReporter.reportTimeTaken(ProgressReporter.scala:375)
[2025-09-01 14:40:00,598] {subprocess.py:92} INFO - 	at org.apache.spark.sql.execution.streaming.ProgressReporter.reportTimeTaken$(ProgressReporter.scala:373)
[2025-09-01 14:40:00,598] {subprocess.py:92} INFO - 	at org.apache.spark.sql.execution.streaming.StreamExecution.reportTimeTaken(StreamExecution.scala:68)
[2025-09-01 14:40:00,598] {subprocess.py:92} INFO - 	at org.apache.spark.sql.execution.streaming.MicroBatchExecution.$anonfun$constructNextBatch$1(MicroBatchExecution.scala:493)
[2025-09-01 14:40:00,598] {subprocess.py:92} INFO - 	at scala.runtime.java8.JFunction0$mcZ$sp.apply(JFunction0$mcZ$sp.java:23)
[2025-09-01 14:40:00,598] {subprocess.py:92} INFO - 	at org.apache.spark.sql.execution.streaming.MicroBatchExecution.withProgressLocked(MicroBatchExecution.scala:693)
[2025-09-01 14:40:00,598] {subprocess.py:92} INFO - 	at org.apache.spark.sql.execution.streaming.MicroBatchExecution.constructNextBatch(MicroBatchExecution.scala:433)
[2025-09-01 14:40:00,598] {subprocess.py:92} INFO - 	at org.apache.spark.sql.execution.streaming.MicroBatchExecution.$anonfun$runActivatedStream$2(MicroBatchExecution.scala:238)
[2025-09-01 14:40:00,598] {subprocess.py:92} INFO - 	at scala.runtime.java8.JFunction0$mcV$sp.apply(JFunction0$mcV$sp.java:23)
[2025-09-01 14:40:00,599] {subprocess.py:92} INFO - 	at org.apache.spark.sql.execution.streaming.ProgressReporter.reportTimeTaken(ProgressReporter.scala:375)
[2025-09-01 14:40:00,599] {subprocess.py:92} INFO - 	at org.apache.spark.sql.execution.streaming.ProgressReporter.reportTimeTaken$(ProgressReporter.scala:373)
[2025-09-01 14:40:00,599] {subprocess.py:92} INFO - 	at org.apache.spark.sql.execution.streaming.StreamExecution.reportTimeTaken(StreamExecution.scala:68)
[2025-09-01 14:40:00,599] {subprocess.py:92} INFO - 	at org.apache.spark.sql.execution.streaming.MicroBatchExecution.$anonfun$runActivatedStream$1(MicroBatchExecution.scala:219)
[2025-09-01 14:40:00,599] {subprocess.py:92} INFO - 	at org.apache.spark.sql.execution.streaming.ProcessingTimeExecutor.execute(TriggerExecutor.scala:67)
[2025-09-01 14:40:00,599] {subprocess.py:92} INFO - 	at org.apache.spark.sql.execution.streaming.MicroBatchExecution.runActivatedStream(MicroBatchExecution.scala:213)
[2025-09-01 14:40:00,599] {subprocess.py:92} INFO - 	at org.apache.spark.sql.execution.streaming.StreamExecution.$anonfun$runStream$1(StreamExecution.scala:307)
[2025-09-01 14:40:00,600] {subprocess.py:92} INFO - 	at scala.runtime.java8.JFunction0$mcV$sp.apply(JFunction0$mcV$sp.java:23)
[2025-09-01 14:40:00,600] {subprocess.py:92} INFO - 	at org.apache.spark.sql.SparkSession.withActive(SparkSession.scala:779)
[2025-09-01 14:40:00,600] {subprocess.py:92} INFO - 	at org.apache.spark.sql.execution.streaming.StreamExecution.org$apache$spark$sql$execution$streaming$StreamExecution$$runStream(StreamExecution.scala:285)
[2025-09-01 14:40:00,600] {subprocess.py:92} INFO - 	... 1 more
[2025-09-01 14:40:00,742] {subprocess.py:92} INFO - Traceback (most recent call last):
[2025-09-01 14:40:00,742] {subprocess.py:92} INFO -   File "/opt/***/scripts/pyspark/streaming.py", line 60, in <module>
[2025-09-01 14:40:00,742] {subprocess.py:92} INFO -     query.awaitTermination()
[2025-09-01 14:40:00,743] {subprocess.py:92} INFO -   File "/opt/spark-3.3.1-bin-hadoop3/python/lib/pyspark.zip/pyspark/sql/streaming.py", line 107, in awaitTermination
[2025-09-01 14:40:00,743] {subprocess.py:92} INFO -   File "/opt/spark-3.3.1-bin-hadoop3/python/lib/py4j-0.10.9.5-src.zip/py4j/java_gateway.py", line 1322, in __call__
[2025-09-01 14:40:00,743] {subprocess.py:92} INFO -   File "/opt/spark-3.3.1-bin-hadoop3/python/lib/pyspark.zip/pyspark/sql/utils.py", line 196, in deco
[2025-09-01 14:40:00,752] {subprocess.py:92} INFO - pyspark.sql.utils.StreamingQueryException: Query [id = 8bb46a74-6ffa-4764-a9c6-2e4a331d8211, runId = a183421d-6e97-4f92-966a-1b26fbbeadf1] terminated with exception: Execution of the stream null failed. Please, fill a bug report in, and provide the full stack trace.
[2025-09-01 14:40:01,060] {subprocess.py:96} INFO - Command exited with return code 1
[2025-09-01 14:40:01,091] {taskinstance.py:1889} ERROR - Task failed with exception
Traceback (most recent call last):
  File "/home/airflow/.local/lib/python3.7/site-packages/airflow/operators/bash.py", line 195, in execute
    f'Bash command failed. The command returned a non-zero exit code {result.exit_code}.'
airflow.exceptions.AirflowException: Bash command failed. The command returned a non-zero exit code 1.
[2025-09-01 14:40:01,098] {taskinstance.py:1400} INFO - Marking task as FAILED. dag_id=send_weather_to_kafka, task_id=stream_hdfs, execution_date=20250901T133804, start_date=20250901T141301, end_date=20250901T144001
[2025-09-01 14:40:01,118] {standard_task_runner.py:97} ERROR - Failed to execute job 578 for task stream_hdfs (Bash command failed. The command returned a non-zero exit code 1.; 22513)
[2025-09-01 14:40:01,165] {local_task_job.py:156} INFO - Task exited with return code 1
[2025-09-01 14:40:01,209] {local_task_job.py:273} INFO - 0 downstream tasks scheduled from follow-on schedule check
