[2025-09-01 14:43:01,164] {taskinstance.py:1159} INFO - Dependencies all met for <TaskInstance: send_weather_to_kafka.stream_hdfs scheduled__2025-09-01T13:39:01.461683+00:00 [queued]>
[2025-09-01 14:43:01,175] {taskinstance.py:1159} INFO - Dependencies all met for <TaskInstance: send_weather_to_kafka.stream_hdfs scheduled__2025-09-01T13:39:01.461683+00:00 [queued]>
[2025-09-01 14:43:01,175] {taskinstance.py:1356} INFO - 
--------------------------------------------------------------------------------
[2025-09-01 14:43:01,175] {taskinstance.py:1357} INFO - Starting attempt 2 of 2
[2025-09-01 14:43:01,175] {taskinstance.py:1358} INFO - 
--------------------------------------------------------------------------------
[2025-09-01 14:43:01,191] {taskinstance.py:1377} INFO - Executing <Task(BashOperator): stream_hdfs> on 2025-09-01 13:39:01.461683+00:00
[2025-09-01 14:43:01,196] {standard_task_runner.py:52} INFO - Started process 23707 to run task
[2025-09-01 14:43:01,200] {standard_task_runner.py:79} INFO - Running: ['***', 'tasks', 'run', 'send_weather_to_kafka', 'stream_hdfs', 'scheduled__2025-09-01T13:39:01.461683+00:00', '--job-id', '585', '--raw', '--subdir', 'DAGS_FOLDER/dag_meteo.py', '--cfg-path', '/tmp/tmpl67ihytt', '--error-file', '/tmp/tmpkutsqyux']
[2025-09-01 14:43:01,201] {standard_task_runner.py:80} INFO - Job 585: Subtask stream_hdfs
[2025-09-01 14:43:01,222] {logging_mixin.py:115} WARNING - /home/***/.local/lib/python3.7/site-packages/***/configuration.py:470 DeprecationWarning: The sql_alchemy_conn option in [core] has been moved to the sql_alchemy_conn option in [database] - the old setting has been used, but please update your config.
[2025-09-01 14:43:01,272] {task_command.py:369} INFO - Running <TaskInstance: send_weather_to_kafka.stream_hdfs scheduled__2025-09-01T13:39:01.461683+00:00 [running]> on host e66737cfc193
[2025-09-01 14:43:01,367] {taskinstance.py:1571} INFO - Exporting the following env vars:
AIRFLOW_CTX_DAG_OWNER=***
AIRFLOW_CTX_DAG_ID=send_weather_to_kafka
AIRFLOW_CTX_TASK_ID=stream_hdfs
AIRFLOW_CTX_EXECUTION_DATE=2025-09-01T13:39:01.461683+00:00
AIRFLOW_CTX_TRY_NUMBER=2
AIRFLOW_CTX_DAG_RUN_ID=scheduled__2025-09-01T13:39:01.461683+00:00
[2025-09-01 14:43:01,368] {subprocess.py:62} INFO - Tmp dir root location: 
 /tmp
[2025-09-01 14:43:01,368] {subprocess.py:74} INFO - Running command: ['bash', '-c', '\n/home/***/.local/bin/spark-submit   --master local[*]   --conf spark.hadoop.fs.defaultFS=hdfs://namenode:9000   --conf spark.hadoop.dfs.client.use.datanode.hostname=true   --conf spark.sql.adaptive.enabled=false   --packages org.apache.spark:spark-sql-kafka-0-10_2.12:3.3.1   /opt/***/scripts/pyspark/streaming.py']
[2025-09-01 14:43:01,382] {subprocess.py:85} INFO - Output:
[2025-09-01 14:43:01,394] {subprocess.py:92} INFO - /opt/spark-3.3.1-bin-hadoop3/bin/load-spark-env.sh: line 68: ps: command not found
[2025-09-01 14:43:02,946] {subprocess.py:92} INFO - :: loading settings :: url = jar:file:/opt/spark-3.3.1-bin-hadoop3/jars/ivy-2.5.0.jar!/org/apache/ivy/core/settings/ivysettings.xml
[2025-09-01 14:43:03,064] {subprocess.py:92} INFO - Ivy Default Cache set to: /home/***/.ivy2/cache
[2025-09-01 14:43:03,064] {subprocess.py:92} INFO - The jars for the packages stored in: /home/***/.ivy2/jars
[2025-09-01 14:43:03,070] {subprocess.py:92} INFO - org.apache.spark#spark-sql-kafka-0-10_2.12 added as a dependency
[2025-09-01 14:43:03,071] {subprocess.py:92} INFO - :: resolving dependencies :: org.apache.spark#spark-submit-parent-f15716c3-963c-485e-91ef-5ec574474613;1.0
[2025-09-01 14:43:03,071] {subprocess.py:92} INFO - 	confs: [default]
[2025-09-01 14:43:03,229] {subprocess.py:92} INFO - 	found org.apache.spark#spark-sql-kafka-0-10_2.12;3.3.1 in spark-list
[2025-09-01 14:43:03,301] {subprocess.py:92} INFO - 	found org.apache.spark#spark-token-provider-kafka-0-10_2.12;3.3.1 in central
[2025-09-01 14:43:03,332] {subprocess.py:92} INFO - 	found org.apache.kafka#kafka-clients;2.8.1 in central
[2025-09-01 14:43:03,364] {subprocess.py:92} INFO - 	found org.lz4#lz4-java;1.8.0 in central
[2025-09-01 14:43:03,395] {subprocess.py:92} INFO - 	found org.xerial.snappy#snappy-java;1.1.8.4 in central
[2025-09-01 14:43:03,422] {subprocess.py:92} INFO - 	found org.slf4j#slf4j-api;1.7.32 in central
[2025-09-01 14:43:03,452] {subprocess.py:92} INFO - 	found org.apache.hadoop#hadoop-client-runtime;3.3.2 in central
[2025-09-01 14:43:03,469] {subprocess.py:92} INFO - 	found org.spark-project.spark#unused;1.0.0 in central
[2025-09-01 14:43:03,497] {subprocess.py:92} INFO - 	found org.apache.hadoop#hadoop-client-api;3.3.2 in central
[2025-09-01 14:43:03,522] {subprocess.py:92} INFO - 	found commons-logging#commons-logging;1.1.3 in central
[2025-09-01 14:43:03,538] {subprocess.py:92} INFO - 	found com.google.code.findbugs#jsr305;3.0.0 in central
[2025-09-01 14:43:03,553] {subprocess.py:92} INFO - 	found org.apache.commons#commons-pool2;2.11.1 in central
[2025-09-01 14:43:03,585] {subprocess.py:92} INFO - :: resolution report :: resolve 500ms :: artifacts dl 14ms
[2025-09-01 14:43:03,585] {subprocess.py:92} INFO - 	:: modules in use:
[2025-09-01 14:43:03,585] {subprocess.py:92} INFO - 	com.google.code.findbugs#jsr305;3.0.0 from central in [default]
[2025-09-01 14:43:03,585] {subprocess.py:92} INFO - 	commons-logging#commons-logging;1.1.3 from central in [default]
[2025-09-01 14:43:03,585] {subprocess.py:92} INFO - 	org.apache.commons#commons-pool2;2.11.1 from central in [default]
[2025-09-01 14:43:03,586] {subprocess.py:92} INFO - 	org.apache.hadoop#hadoop-client-api;3.3.2 from central in [default]
[2025-09-01 14:43:03,586] {subprocess.py:92} INFO - 	org.apache.hadoop#hadoop-client-runtime;3.3.2 from central in [default]
[2025-09-01 14:43:03,586] {subprocess.py:92} INFO - 	org.apache.kafka#kafka-clients;2.8.1 from central in [default]
[2025-09-01 14:43:03,586] {subprocess.py:92} INFO - 	org.apache.spark#spark-sql-kafka-0-10_2.12;3.3.1 from spark-list in [default]
[2025-09-01 14:43:03,586] {subprocess.py:92} INFO - 	org.apache.spark#spark-token-provider-kafka-0-10_2.12;3.3.1 from central in [default]
[2025-09-01 14:43:03,586] {subprocess.py:92} INFO - 	org.lz4#lz4-java;1.8.0 from central in [default]
[2025-09-01 14:43:03,586] {subprocess.py:92} INFO - 	org.slf4j#slf4j-api;1.7.32 from central in [default]
[2025-09-01 14:43:03,586] {subprocess.py:92} INFO - 	org.spark-project.spark#unused;1.0.0 from central in [default]
[2025-09-01 14:43:03,586] {subprocess.py:92} INFO - 	org.xerial.snappy#snappy-java;1.1.8.4 from central in [default]
[2025-09-01 14:43:03,586] {subprocess.py:92} INFO - 	---------------------------------------------------------------------
[2025-09-01 14:43:03,586] {subprocess.py:92} INFO - 	|                  |            modules            ||   artifacts   |
[2025-09-01 14:43:03,587] {subprocess.py:92} INFO - 	|       conf       | number| search|dwnlded|evicted|| number|dwnlded|
[2025-09-01 14:43:03,587] {subprocess.py:92} INFO - 	---------------------------------------------------------------------
[2025-09-01 14:43:03,587] {subprocess.py:92} INFO - 	|      default     |   12  |   0   |   0   |   0   ||   12  |   0   |
[2025-09-01 14:43:03,587] {subprocess.py:92} INFO - 	---------------------------------------------------------------------
[2025-09-01 14:43:03,603] {subprocess.py:92} INFO - :: retrieving :: org.apache.spark#spark-submit-parent-f15716c3-963c-485e-91ef-5ec574474613
[2025-09-01 14:43:03,603] {subprocess.py:92} INFO - 	confs: [default]
[2025-09-01 14:43:03,617] {subprocess.py:92} INFO - 	0 artifacts copied, 12 already retrieved (0kB/13ms)
[2025-09-01 14:43:03,819] {subprocess.py:92} INFO - 25/09/01 14:43:03 WARN NativeCodeLoader: Unable to load native-hadoop library for your platform... using builtin-java classes where applicable
[2025-09-01 14:43:04,974] {subprocess.py:92} INFO - 25/09/01 14:43:04 INFO SparkContext: Running Spark version 3.3.1
[2025-09-01 14:43:04,998] {subprocess.py:92} INFO - 25/09/01 14:43:04 INFO ResourceUtils: ==============================================================
[2025-09-01 14:43:04,999] {subprocess.py:92} INFO - 25/09/01 14:43:04 INFO ResourceUtils: No custom resources configured for spark.driver.
[2025-09-01 14:43:04,999] {subprocess.py:92} INFO - 25/09/01 14:43:04 INFO ResourceUtils: ==============================================================
[2025-09-01 14:43:04,999] {subprocess.py:92} INFO - 25/09/01 14:43:04 INFO SparkContext: Submitted application: KafkaToHDFSWeather
[2025-09-01 14:43:05,028] {subprocess.py:92} INFO - 25/09/01 14:43:05 INFO ResourceProfile: Default ResourceProfile created, executor resources: Map(cores -> name: cores, amount: 1, script: , vendor: , memory -> name: memory, amount: 1024, script: , vendor: , offHeap -> name: offHeap, amount: 0, script: , vendor: ), task resources: Map(cpus -> name: cpus, amount: 1.0)
[2025-09-01 14:43:05,041] {subprocess.py:92} INFO - 25/09/01 14:43:05 INFO ResourceProfile: Limiting resource is cpu
[2025-09-01 14:43:05,041] {subprocess.py:92} INFO - 25/09/01 14:43:05 INFO ResourceProfileManager: Added ResourceProfile id: 0
[2025-09-01 14:43:05,096] {subprocess.py:92} INFO - 25/09/01 14:43:05 INFO SecurityManager: Changing view acls to: ***
[2025-09-01 14:43:05,097] {subprocess.py:92} INFO - 25/09/01 14:43:05 INFO SecurityManager: Changing modify acls to: ***
[2025-09-01 14:43:05,097] {subprocess.py:92} INFO - 25/09/01 14:43:05 INFO SecurityManager: Changing view acls groups to:
[2025-09-01 14:43:05,097] {subprocess.py:92} INFO - 25/09/01 14:43:05 INFO SecurityManager: Changing modify acls groups to:
[2025-09-01 14:43:05,098] {subprocess.py:92} INFO - 25/09/01 14:43:05 INFO SecurityManager: SecurityManager: authentication disabled; ui acls disabled; users  with view permissions: Set(***); groups with view permissions: Set(); users  with modify permissions: Set(***); groups with modify permissions: Set()
[2025-09-01 14:43:05,350] {subprocess.py:92} INFO - 25/09/01 14:43:05 INFO Utils: Successfully started service 'sparkDriver' on port 46157.
[2025-09-01 14:43:05,400] {subprocess.py:92} INFO - 25/09/01 14:43:05 INFO SparkEnv: Registering MapOutputTracker
[2025-09-01 14:43:05,450] {subprocess.py:92} INFO - 25/09/01 14:43:05 INFO SparkEnv: Registering BlockManagerMaster
[2025-09-01 14:43:05,469] {subprocess.py:92} INFO - 25/09/01 14:43:05 INFO BlockManagerMasterEndpoint: Using org.apache.spark.storage.DefaultTopologyMapper for getting topology information
[2025-09-01 14:43:05,469] {subprocess.py:92} INFO - 25/09/01 14:43:05 INFO BlockManagerMasterEndpoint: BlockManagerMasterEndpoint up
[2025-09-01 14:43:05,475] {subprocess.py:92} INFO - 25/09/01 14:43:05 INFO SparkEnv: Registering BlockManagerMasterHeartbeat
[2025-09-01 14:43:05,497] {subprocess.py:92} INFO - 25/09/01 14:43:05 INFO DiskBlockManager: Created local directory at /tmp/blockmgr-fb0e3110-435f-4163-bd7d-27ce6aee59c5
[2025-09-01 14:43:05,520] {subprocess.py:92} INFO - 25/09/01 14:43:05 INFO MemoryStore: MemoryStore started with capacity 434.4 MiB
[2025-09-01 14:43:05,537] {subprocess.py:92} INFO - 25/09/01 14:43:05 INFO SparkEnv: Registering OutputCommitCoordinator
[2025-09-01 14:43:05,741] {subprocess.py:92} INFO - 25/09/01 14:43:05 WARN Utils: Service 'SparkUI' could not bind on port 4040. Attempting port 4041.
[2025-09-01 14:43:05,754] {subprocess.py:92} INFO - 25/09/01 14:43:05 INFO Utils: Successfully started service 'SparkUI' on port 4041.
[2025-09-01 14:43:05,793] {subprocess.py:92} INFO - 25/09/01 14:43:05 INFO SparkContext: Added JAR file:///home/***/.ivy2/jars/org.apache.spark_spark-sql-kafka-0-10_2.12-3.3.1.jar at spark://e66737cfc193:46157/jars/org.apache.spark_spark-sql-kafka-0-10_2.12-3.3.1.jar with timestamp 1756737784964
[2025-09-01 14:43:05,793] {subprocess.py:92} INFO - 25/09/01 14:43:05 INFO SparkContext: Added JAR file:///home/***/.ivy2/jars/org.apache.spark_spark-token-provider-kafka-0-10_2.12-3.3.1.jar at spark://e66737cfc193:46157/jars/org.apache.spark_spark-token-provider-kafka-0-10_2.12-3.3.1.jar with timestamp 1756737784964
[2025-09-01 14:43:05,793] {subprocess.py:92} INFO - 25/09/01 14:43:05 INFO SparkContext: Added JAR file:///home/***/.ivy2/jars/org.apache.kafka_kafka-clients-2.8.1.jar at spark://e66737cfc193:46157/jars/org.apache.kafka_kafka-clients-2.8.1.jar with timestamp 1756737784964
[2025-09-01 14:43:05,793] {subprocess.py:92} INFO - 25/09/01 14:43:05 INFO SparkContext: Added JAR file:///home/***/.ivy2/jars/com.google.code.findbugs_jsr305-3.0.0.jar at spark://e66737cfc193:46157/jars/com.google.code.findbugs_jsr305-3.0.0.jar with timestamp 1756737784964
[2025-09-01 14:43:05,793] {subprocess.py:92} INFO - 25/09/01 14:43:05 INFO SparkContext: Added JAR file:///home/***/.ivy2/jars/org.apache.commons_commons-pool2-2.11.1.jar at spark://e66737cfc193:46157/jars/org.apache.commons_commons-pool2-2.11.1.jar with timestamp 1756737784964
[2025-09-01 14:43:05,793] {subprocess.py:92} INFO - 25/09/01 14:43:05 INFO SparkContext: Added JAR file:///home/***/.ivy2/jars/org.spark-project.spark_unused-1.0.0.jar at spark://e66737cfc193:46157/jars/org.spark-project.spark_unused-1.0.0.jar with timestamp 1756737784964
[2025-09-01 14:43:05,794] {subprocess.py:92} INFO - 25/09/01 14:43:05 INFO SparkContext: Added JAR file:///home/***/.ivy2/jars/org.apache.hadoop_hadoop-client-runtime-3.3.2.jar at spark://e66737cfc193:46157/jars/org.apache.hadoop_hadoop-client-runtime-3.3.2.jar with timestamp 1756737784964
[2025-09-01 14:43:05,794] {subprocess.py:92} INFO - 25/09/01 14:43:05 INFO SparkContext: Added JAR file:///home/***/.ivy2/jars/org.lz4_lz4-java-1.8.0.jar at spark://e66737cfc193:46157/jars/org.lz4_lz4-java-1.8.0.jar with timestamp 1756737784964
[2025-09-01 14:43:05,794] {subprocess.py:92} INFO - 25/09/01 14:43:05 INFO SparkContext: Added JAR file:///home/***/.ivy2/jars/org.xerial.snappy_snappy-java-1.1.8.4.jar at spark://e66737cfc193:46157/jars/org.xerial.snappy_snappy-java-1.1.8.4.jar with timestamp 1756737784964
[2025-09-01 14:43:05,794] {subprocess.py:92} INFO - 25/09/01 14:43:05 INFO SparkContext: Added JAR file:///home/***/.ivy2/jars/org.slf4j_slf4j-api-1.7.32.jar at spark://e66737cfc193:46157/jars/org.slf4j_slf4j-api-1.7.32.jar with timestamp 1756737784964
[2025-09-01 14:43:05,794] {subprocess.py:92} INFO - 25/09/01 14:43:05 INFO SparkContext: Added JAR file:///home/***/.ivy2/jars/org.apache.hadoop_hadoop-client-api-3.3.2.jar at spark://e66737cfc193:46157/jars/org.apache.hadoop_hadoop-client-api-3.3.2.jar with timestamp 1756737784964
[2025-09-01 14:43:05,794] {subprocess.py:92} INFO - 25/09/01 14:43:05 INFO SparkContext: Added JAR file:///home/***/.ivy2/jars/commons-logging_commons-logging-1.1.3.jar at spark://e66737cfc193:46157/jars/commons-logging_commons-logging-1.1.3.jar with timestamp 1756737784964
[2025-09-01 14:43:05,797] {subprocess.py:92} INFO - 25/09/01 14:43:05 INFO SparkContext: Added file file:///home/***/.ivy2/jars/org.apache.spark_spark-sql-kafka-0-10_2.12-3.3.1.jar at file:///home/***/.ivy2/jars/org.apache.spark_spark-sql-kafka-0-10_2.12-3.3.1.jar with timestamp 1756737784964
[2025-09-01 14:43:05,798] {subprocess.py:92} INFO - 25/09/01 14:43:05 INFO Utils: Copying /home/***/.ivy2/jars/org.apache.spark_spark-sql-kafka-0-10_2.12-3.3.1.jar to /tmp/spark-6b2e3e13-eb80-428d-8789-ff89215be5cc/userFiles-bed012d7-3fc2-4ea0-ab08-3742ceac5276/org.apache.spark_spark-sql-kafka-0-10_2.12-3.3.1.jar
[2025-09-01 14:43:05,810] {subprocess.py:92} INFO - 25/09/01 14:43:05 INFO SparkContext: Added file file:///home/***/.ivy2/jars/org.apache.spark_spark-token-provider-kafka-0-10_2.12-3.3.1.jar at file:///home/***/.ivy2/jars/org.apache.spark_spark-token-provider-kafka-0-10_2.12-3.3.1.jar with timestamp 1756737784964
[2025-09-01 14:43:05,811] {subprocess.py:92} INFO - 25/09/01 14:43:05 INFO Utils: Copying /home/***/.ivy2/jars/org.apache.spark_spark-token-provider-kafka-0-10_2.12-3.3.1.jar to /tmp/spark-6b2e3e13-eb80-428d-8789-ff89215be5cc/userFiles-bed012d7-3fc2-4ea0-ab08-3742ceac5276/org.apache.spark_spark-token-provider-kafka-0-10_2.12-3.3.1.jar
[2025-09-01 14:43:05,817] {subprocess.py:92} INFO - 25/09/01 14:43:05 INFO SparkContext: Added file file:///home/***/.ivy2/jars/org.apache.kafka_kafka-clients-2.8.1.jar at file:///home/***/.ivy2/jars/org.apache.kafka_kafka-clients-2.8.1.jar with timestamp 1756737784964
[2025-09-01 14:43:05,817] {subprocess.py:92} INFO - 25/09/01 14:43:05 INFO Utils: Copying /home/***/.ivy2/jars/org.apache.kafka_kafka-clients-2.8.1.jar to /tmp/spark-6b2e3e13-eb80-428d-8789-ff89215be5cc/userFiles-bed012d7-3fc2-4ea0-ab08-3742ceac5276/org.apache.kafka_kafka-clients-2.8.1.jar
[2025-09-01 14:43:05,826] {subprocess.py:92} INFO - 25/09/01 14:43:05 INFO SparkContext: Added file file:///home/***/.ivy2/jars/com.google.code.findbugs_jsr305-3.0.0.jar at file:///home/***/.ivy2/jars/com.google.code.findbugs_jsr305-3.0.0.jar with timestamp 1756737784964
[2025-09-01 14:43:05,826] {subprocess.py:92} INFO - 25/09/01 14:43:05 INFO Utils: Copying /home/***/.ivy2/jars/com.google.code.findbugs_jsr305-3.0.0.jar to /tmp/spark-6b2e3e13-eb80-428d-8789-ff89215be5cc/userFiles-bed012d7-3fc2-4ea0-ab08-3742ceac5276/com.google.code.findbugs_jsr305-3.0.0.jar
[2025-09-01 14:43:05,832] {subprocess.py:92} INFO - 25/09/01 14:43:05 INFO SparkContext: Added file file:///home/***/.ivy2/jars/org.apache.commons_commons-pool2-2.11.1.jar at file:///home/***/.ivy2/jars/org.apache.commons_commons-pool2-2.11.1.jar with timestamp 1756737784964
[2025-09-01 14:43:05,832] {subprocess.py:92} INFO - 25/09/01 14:43:05 INFO Utils: Copying /home/***/.ivy2/jars/org.apache.commons_commons-pool2-2.11.1.jar to /tmp/spark-6b2e3e13-eb80-428d-8789-ff89215be5cc/userFiles-bed012d7-3fc2-4ea0-ab08-3742ceac5276/org.apache.commons_commons-pool2-2.11.1.jar
[2025-09-01 14:43:05,838] {subprocess.py:92} INFO - 25/09/01 14:43:05 INFO SparkContext: Added file file:///home/***/.ivy2/jars/org.spark-project.spark_unused-1.0.0.jar at file:///home/***/.ivy2/jars/org.spark-project.spark_unused-1.0.0.jar with timestamp 1756737784964
[2025-09-01 14:43:05,838] {subprocess.py:92} INFO - 25/09/01 14:43:05 INFO Utils: Copying /home/***/.ivy2/jars/org.spark-project.spark_unused-1.0.0.jar to /tmp/spark-6b2e3e13-eb80-428d-8789-ff89215be5cc/userFiles-bed012d7-3fc2-4ea0-ab08-3742ceac5276/org.spark-project.spark_unused-1.0.0.jar
[2025-09-01 14:43:05,844] {subprocess.py:92} INFO - 25/09/01 14:43:05 INFO SparkContext: Added file file:///home/***/.ivy2/jars/org.apache.hadoop_hadoop-client-runtime-3.3.2.jar at file:///home/***/.ivy2/jars/org.apache.hadoop_hadoop-client-runtime-3.3.2.jar with timestamp 1756737784964
[2025-09-01 14:43:05,844] {subprocess.py:92} INFO - 25/09/01 14:43:05 INFO Utils: Copying /home/***/.ivy2/jars/org.apache.hadoop_hadoop-client-runtime-3.3.2.jar to /tmp/spark-6b2e3e13-eb80-428d-8789-ff89215be5cc/userFiles-bed012d7-3fc2-4ea0-ab08-3742ceac5276/org.apache.hadoop_hadoop-client-runtime-3.3.2.jar
[2025-09-01 14:43:05,876] {subprocess.py:92} INFO - 25/09/01 14:43:05 INFO SparkContext: Added file file:///home/***/.ivy2/jars/org.lz4_lz4-java-1.8.0.jar at file:///home/***/.ivy2/jars/org.lz4_lz4-java-1.8.0.jar with timestamp 1756737784964
[2025-09-01 14:43:05,876] {subprocess.py:92} INFO - 25/09/01 14:43:05 INFO Utils: Copying /home/***/.ivy2/jars/org.lz4_lz4-java-1.8.0.jar to /tmp/spark-6b2e3e13-eb80-428d-8789-ff89215be5cc/userFiles-bed012d7-3fc2-4ea0-ab08-3742ceac5276/org.lz4_lz4-java-1.8.0.jar
[2025-09-01 14:43:05,882] {subprocess.py:92} INFO - 25/09/01 14:43:05 INFO SparkContext: Added file file:///home/***/.ivy2/jars/org.xerial.snappy_snappy-java-1.1.8.4.jar at file:///home/***/.ivy2/jars/org.xerial.snappy_snappy-java-1.1.8.4.jar with timestamp 1756737784964
[2025-09-01 14:43:05,882] {subprocess.py:92} INFO - 25/09/01 14:43:05 INFO Utils: Copying /home/***/.ivy2/jars/org.xerial.snappy_snappy-java-1.1.8.4.jar to /tmp/spark-6b2e3e13-eb80-428d-8789-ff89215be5cc/userFiles-bed012d7-3fc2-4ea0-ab08-3742ceac5276/org.xerial.snappy_snappy-java-1.1.8.4.jar
[2025-09-01 14:43:05,889] {subprocess.py:92} INFO - 25/09/01 14:43:05 INFO SparkContext: Added file file:///home/***/.ivy2/jars/org.slf4j_slf4j-api-1.7.32.jar at file:///home/***/.ivy2/jars/org.slf4j_slf4j-api-1.7.32.jar with timestamp 1756737784964
[2025-09-01 14:43:05,890] {subprocess.py:92} INFO - 25/09/01 14:43:05 INFO Utils: Copying /home/***/.ivy2/jars/org.slf4j_slf4j-api-1.7.32.jar to /tmp/spark-6b2e3e13-eb80-428d-8789-ff89215be5cc/userFiles-bed012d7-3fc2-4ea0-ab08-3742ceac5276/org.slf4j_slf4j-api-1.7.32.jar
[2025-09-01 14:43:05,896] {subprocess.py:92} INFO - 25/09/01 14:43:05 INFO SparkContext: Added file file:///home/***/.ivy2/jars/org.apache.hadoop_hadoop-client-api-3.3.2.jar at file:///home/***/.ivy2/jars/org.apache.hadoop_hadoop-client-api-3.3.2.jar with timestamp 1756737784964
[2025-09-01 14:43:05,896] {subprocess.py:92} INFO - 25/09/01 14:43:05 INFO Utils: Copying /home/***/.ivy2/jars/org.apache.hadoop_hadoop-client-api-3.3.2.jar to /tmp/spark-6b2e3e13-eb80-428d-8789-ff89215be5cc/userFiles-bed012d7-3fc2-4ea0-ab08-3742ceac5276/org.apache.hadoop_hadoop-client-api-3.3.2.jar
[2025-09-01 14:43:05,920] {subprocess.py:92} INFO - 25/09/01 14:43:05 INFO SparkContext: Added file file:///home/***/.ivy2/jars/commons-logging_commons-logging-1.1.3.jar at file:///home/***/.ivy2/jars/commons-logging_commons-logging-1.1.3.jar with timestamp 1756737784964
[2025-09-01 14:43:05,920] {subprocess.py:92} INFO - 25/09/01 14:43:05 INFO Utils: Copying /home/***/.ivy2/jars/commons-logging_commons-logging-1.1.3.jar to /tmp/spark-6b2e3e13-eb80-428d-8789-ff89215be5cc/userFiles-bed012d7-3fc2-4ea0-ab08-3742ceac5276/commons-logging_commons-logging-1.1.3.jar
[2025-09-01 14:43:05,996] {subprocess.py:92} INFO - 25/09/01 14:43:05 INFO Executor: Starting executor ID driver on host e66737cfc193
[2025-09-01 14:43:06,003] {subprocess.py:92} INFO - 25/09/01 14:43:06 INFO Executor: Starting executor with user classpath (userClassPathFirst = false): ''
[2025-09-01 14:43:06,019] {subprocess.py:92} INFO - 25/09/01 14:43:06 INFO Executor: Fetching file:///home/***/.ivy2/jars/commons-logging_commons-logging-1.1.3.jar with timestamp 1756737784964
[2025-09-01 14:43:06,038] {subprocess.py:92} INFO - 25/09/01 14:43:06 INFO Utils: /home/***/.ivy2/jars/commons-logging_commons-logging-1.1.3.jar has been previously copied to /tmp/spark-6b2e3e13-eb80-428d-8789-ff89215be5cc/userFiles-bed012d7-3fc2-4ea0-ab08-3742ceac5276/commons-logging_commons-logging-1.1.3.jar
[2025-09-01 14:43:06,043] {subprocess.py:92} INFO - 25/09/01 14:43:06 INFO Executor: Fetching file:///home/***/.ivy2/jars/org.spark-project.spark_unused-1.0.0.jar with timestamp 1756737784964
[2025-09-01 14:43:06,044] {subprocess.py:92} INFO - 25/09/01 14:43:06 INFO Utils: /home/***/.ivy2/jars/org.spark-project.spark_unused-1.0.0.jar has been previously copied to /tmp/spark-6b2e3e13-eb80-428d-8789-ff89215be5cc/userFiles-bed012d7-3fc2-4ea0-ab08-3742ceac5276/org.spark-project.spark_unused-1.0.0.jar
[2025-09-01 14:43:06,049] {subprocess.py:92} INFO - 25/09/01 14:43:06 INFO Executor: Fetching file:///home/***/.ivy2/jars/org.apache.spark_spark-sql-kafka-0-10_2.12-3.3.1.jar with timestamp 1756737784964
[2025-09-01 14:43:06,055] {subprocess.py:92} INFO - 25/09/01 14:43:06 INFO Utils: /home/***/.ivy2/jars/org.apache.spark_spark-sql-kafka-0-10_2.12-3.3.1.jar has been previously copied to /tmp/spark-6b2e3e13-eb80-428d-8789-ff89215be5cc/userFiles-bed012d7-3fc2-4ea0-ab08-3742ceac5276/org.apache.spark_spark-sql-kafka-0-10_2.12-3.3.1.jar
[2025-09-01 14:43:06,061] {subprocess.py:92} INFO - 25/09/01 14:43:06 INFO Executor: Fetching file:///home/***/.ivy2/jars/org.apache.hadoop_hadoop-client-api-3.3.2.jar with timestamp 1756737784964
[2025-09-01 14:43:06,080] {subprocess.py:92} INFO - 25/09/01 14:43:06 INFO Utils: /home/***/.ivy2/jars/org.apache.hadoop_hadoop-client-api-3.3.2.jar has been previously copied to /tmp/spark-6b2e3e13-eb80-428d-8789-ff89215be5cc/userFiles-bed012d7-3fc2-4ea0-ab08-3742ceac5276/org.apache.hadoop_hadoop-client-api-3.3.2.jar
[2025-09-01 14:43:06,085] {subprocess.py:92} INFO - 25/09/01 14:43:06 INFO Executor: Fetching file:///home/***/.ivy2/jars/org.apache.hadoop_hadoop-client-runtime-3.3.2.jar with timestamp 1756737784964
[2025-09-01 14:43:06,114] {subprocess.py:92} INFO - 25/09/01 14:43:06 INFO Utils: /home/***/.ivy2/jars/org.apache.hadoop_hadoop-client-runtime-3.3.2.jar has been previously copied to /tmp/spark-6b2e3e13-eb80-428d-8789-ff89215be5cc/userFiles-bed012d7-3fc2-4ea0-ab08-3742ceac5276/org.apache.hadoop_hadoop-client-runtime-3.3.2.jar
[2025-09-01 14:43:06,119] {subprocess.py:92} INFO - 25/09/01 14:43:06 INFO Executor: Fetching file:///home/***/.ivy2/jars/org.slf4j_slf4j-api-1.7.32.jar with timestamp 1756737784964
[2025-09-01 14:43:06,119] {subprocess.py:92} INFO - 25/09/01 14:43:06 INFO Utils: /home/***/.ivy2/jars/org.slf4j_slf4j-api-1.7.32.jar has been previously copied to /tmp/spark-6b2e3e13-eb80-428d-8789-ff89215be5cc/userFiles-bed012d7-3fc2-4ea0-ab08-3742ceac5276/org.slf4j_slf4j-api-1.7.32.jar
[2025-09-01 14:43:06,125] {subprocess.py:92} INFO - 25/09/01 14:43:06 INFO Executor: Fetching file:///home/***/.ivy2/jars/org.lz4_lz4-java-1.8.0.jar with timestamp 1756737784964
[2025-09-01 14:43:06,126] {subprocess.py:92} INFO - 25/09/01 14:43:06 INFO Utils: /home/***/.ivy2/jars/org.lz4_lz4-java-1.8.0.jar has been previously copied to /tmp/spark-6b2e3e13-eb80-428d-8789-ff89215be5cc/userFiles-bed012d7-3fc2-4ea0-ab08-3742ceac5276/org.lz4_lz4-java-1.8.0.jar
[2025-09-01 14:43:06,132] {subprocess.py:92} INFO - 25/09/01 14:43:06 INFO Executor: Fetching file:///home/***/.ivy2/jars/org.apache.commons_commons-pool2-2.11.1.jar with timestamp 1756737784964
[2025-09-01 14:43:06,133] {subprocess.py:92} INFO - 25/09/01 14:43:06 INFO Utils: /home/***/.ivy2/jars/org.apache.commons_commons-pool2-2.11.1.jar has been previously copied to /tmp/spark-6b2e3e13-eb80-428d-8789-ff89215be5cc/userFiles-bed012d7-3fc2-4ea0-ab08-3742ceac5276/org.apache.commons_commons-pool2-2.11.1.jar
[2025-09-01 14:43:06,138] {subprocess.py:92} INFO - 25/09/01 14:43:06 INFO Executor: Fetching file:///home/***/.ivy2/jars/com.google.code.findbugs_jsr305-3.0.0.jar with timestamp 1756737784964
[2025-09-01 14:43:06,139] {subprocess.py:92} INFO - 25/09/01 14:43:06 INFO Utils: /home/***/.ivy2/jars/com.google.code.findbugs_jsr305-3.0.0.jar has been previously copied to /tmp/spark-6b2e3e13-eb80-428d-8789-ff89215be5cc/userFiles-bed012d7-3fc2-4ea0-ab08-3742ceac5276/com.google.code.findbugs_jsr305-3.0.0.jar
[2025-09-01 14:43:06,143] {subprocess.py:92} INFO - 25/09/01 14:43:06 INFO Executor: Fetching file:///home/***/.ivy2/jars/org.apache.spark_spark-token-provider-kafka-0-10_2.12-3.3.1.jar with timestamp 1756737784964
[2025-09-01 14:43:06,144] {subprocess.py:92} INFO - 25/09/01 14:43:06 INFO Utils: /home/***/.ivy2/jars/org.apache.spark_spark-token-provider-kafka-0-10_2.12-3.3.1.jar has been previously copied to /tmp/spark-6b2e3e13-eb80-428d-8789-ff89215be5cc/userFiles-bed012d7-3fc2-4ea0-ab08-3742ceac5276/org.apache.spark_spark-token-provider-kafka-0-10_2.12-3.3.1.jar
[2025-09-01 14:43:06,149] {subprocess.py:92} INFO - 25/09/01 14:43:06 INFO Executor: Fetching file:///home/***/.ivy2/jars/org.apache.kafka_kafka-clients-2.8.1.jar with timestamp 1756737784964
[2025-09-01 14:43:06,153] {subprocess.py:92} INFO - 25/09/01 14:43:06 INFO Utils: /home/***/.ivy2/jars/org.apache.kafka_kafka-clients-2.8.1.jar has been previously copied to /tmp/spark-6b2e3e13-eb80-428d-8789-ff89215be5cc/userFiles-bed012d7-3fc2-4ea0-ab08-3742ceac5276/org.apache.kafka_kafka-clients-2.8.1.jar
[2025-09-01 14:43:06,159] {subprocess.py:92} INFO - 25/09/01 14:43:06 INFO Executor: Fetching file:///home/***/.ivy2/jars/org.xerial.snappy_snappy-java-1.1.8.4.jar with timestamp 1756737784964
[2025-09-01 14:43:06,161] {subprocess.py:92} INFO - 25/09/01 14:43:06 INFO Utils: /home/***/.ivy2/jars/org.xerial.snappy_snappy-java-1.1.8.4.jar has been previously copied to /tmp/spark-6b2e3e13-eb80-428d-8789-ff89215be5cc/userFiles-bed012d7-3fc2-4ea0-ab08-3742ceac5276/org.xerial.snappy_snappy-java-1.1.8.4.jar
[2025-09-01 14:43:06,168] {subprocess.py:92} INFO - 25/09/01 14:43:06 INFO Executor: Fetching spark://e66737cfc193:46157/jars/org.xerial.snappy_snappy-java-1.1.8.4.jar with timestamp 1756737784964
[2025-09-01 14:43:06,217] {subprocess.py:92} INFO - 25/09/01 14:43:06 INFO TransportClientFactory: Successfully created connection to e66737cfc193/172.20.0.18:46157 after 35 ms (0 ms spent in bootstraps)
[2025-09-01 14:43:06,226] {subprocess.py:92} INFO - 25/09/01 14:43:06 INFO Utils: Fetching spark://e66737cfc193:46157/jars/org.xerial.snappy_snappy-java-1.1.8.4.jar to /tmp/spark-6b2e3e13-eb80-428d-8789-ff89215be5cc/userFiles-bed012d7-3fc2-4ea0-ab08-3742ceac5276/fetchFileTemp1094888256418936823.tmp
[2025-09-01 14:43:06,289] {subprocess.py:92} INFO - 25/09/01 14:43:06 INFO Utils: /tmp/spark-6b2e3e13-eb80-428d-8789-ff89215be5cc/userFiles-bed012d7-3fc2-4ea0-ab08-3742ceac5276/fetchFileTemp1094888256418936823.tmp has been previously copied to /tmp/spark-6b2e3e13-eb80-428d-8789-ff89215be5cc/userFiles-bed012d7-3fc2-4ea0-ab08-3742ceac5276/org.xerial.snappy_snappy-java-1.1.8.4.jar
[2025-09-01 14:43:06,295] {subprocess.py:92} INFO - 25/09/01 14:43:06 INFO Executor: Adding file:/tmp/spark-6b2e3e13-eb80-428d-8789-ff89215be5cc/userFiles-bed012d7-3fc2-4ea0-ab08-3742ceac5276/org.xerial.snappy_snappy-java-1.1.8.4.jar to class loader
[2025-09-01 14:43:06,296] {subprocess.py:92} INFO - 25/09/01 14:43:06 INFO Executor: Fetching spark://e66737cfc193:46157/jars/org.apache.commons_commons-pool2-2.11.1.jar with timestamp 1756737784964
[2025-09-01 14:43:06,296] {subprocess.py:92} INFO - 25/09/01 14:43:06 INFO Utils: Fetching spark://e66737cfc193:46157/jars/org.apache.commons_commons-pool2-2.11.1.jar to /tmp/spark-6b2e3e13-eb80-428d-8789-ff89215be5cc/userFiles-bed012d7-3fc2-4ea0-ab08-3742ceac5276/fetchFileTemp3339039740601281867.tmp
[2025-09-01 14:43:06,300] {subprocess.py:92} INFO - 25/09/01 14:43:06 INFO Utils: /tmp/spark-6b2e3e13-eb80-428d-8789-ff89215be5cc/userFiles-bed012d7-3fc2-4ea0-ab08-3742ceac5276/fetchFileTemp3339039740601281867.tmp has been previously copied to /tmp/spark-6b2e3e13-eb80-428d-8789-ff89215be5cc/userFiles-bed012d7-3fc2-4ea0-ab08-3742ceac5276/org.apache.commons_commons-pool2-2.11.1.jar
[2025-09-01 14:43:06,305] {subprocess.py:92} INFO - 25/09/01 14:43:06 INFO Executor: Adding file:/tmp/spark-6b2e3e13-eb80-428d-8789-ff89215be5cc/userFiles-bed012d7-3fc2-4ea0-ab08-3742ceac5276/org.apache.commons_commons-pool2-2.11.1.jar to class loader
[2025-09-01 14:43:06,306] {subprocess.py:92} INFO - 25/09/01 14:43:06 INFO Executor: Fetching spark://e66737cfc193:46157/jars/commons-logging_commons-logging-1.1.3.jar with timestamp 1756737784964
[2025-09-01 14:43:06,307] {subprocess.py:92} INFO - 25/09/01 14:43:06 INFO Utils: Fetching spark://e66737cfc193:46157/jars/commons-logging_commons-logging-1.1.3.jar to /tmp/spark-6b2e3e13-eb80-428d-8789-ff89215be5cc/userFiles-bed012d7-3fc2-4ea0-ab08-3742ceac5276/fetchFileTemp15872884805234843364.tmp
[2025-09-01 14:43:06,309] {subprocess.py:92} INFO - 25/09/01 14:43:06 INFO Utils: /tmp/spark-6b2e3e13-eb80-428d-8789-ff89215be5cc/userFiles-bed012d7-3fc2-4ea0-ab08-3742ceac5276/fetchFileTemp15872884805234843364.tmp has been previously copied to /tmp/spark-6b2e3e13-eb80-428d-8789-ff89215be5cc/userFiles-bed012d7-3fc2-4ea0-ab08-3742ceac5276/commons-logging_commons-logging-1.1.3.jar
[2025-09-01 14:43:06,315] {subprocess.py:92} INFO - 25/09/01 14:43:06 INFO Executor: Adding file:/tmp/spark-6b2e3e13-eb80-428d-8789-ff89215be5cc/userFiles-bed012d7-3fc2-4ea0-ab08-3742ceac5276/commons-logging_commons-logging-1.1.3.jar to class loader
[2025-09-01 14:43:06,315] {subprocess.py:92} INFO - 25/09/01 14:43:06 INFO Executor: Fetching spark://e66737cfc193:46157/jars/org.apache.kafka_kafka-clients-2.8.1.jar with timestamp 1756737784964
[2025-09-01 14:43:06,315] {subprocess.py:92} INFO - 25/09/01 14:43:06 INFO Utils: Fetching spark://e66737cfc193:46157/jars/org.apache.kafka_kafka-clients-2.8.1.jar to /tmp/spark-6b2e3e13-eb80-428d-8789-ff89215be5cc/userFiles-bed012d7-3fc2-4ea0-ab08-3742ceac5276/fetchFileTemp1477955419145642383.tmp
[2025-09-01 14:43:06,343] {subprocess.py:92} INFO - 25/09/01 14:43:06 INFO Utils: /tmp/spark-6b2e3e13-eb80-428d-8789-ff89215be5cc/userFiles-bed012d7-3fc2-4ea0-ab08-3742ceac5276/fetchFileTemp1477955419145642383.tmp has been previously copied to /tmp/spark-6b2e3e13-eb80-428d-8789-ff89215be5cc/userFiles-bed012d7-3fc2-4ea0-ab08-3742ceac5276/org.apache.kafka_kafka-clients-2.8.1.jar
[2025-09-01 14:43:06,348] {subprocess.py:92} INFO - 25/09/01 14:43:06 INFO Executor: Adding file:/tmp/spark-6b2e3e13-eb80-428d-8789-ff89215be5cc/userFiles-bed012d7-3fc2-4ea0-ab08-3742ceac5276/org.apache.kafka_kafka-clients-2.8.1.jar to class loader
[2025-09-01 14:43:06,349] {subprocess.py:92} INFO - 25/09/01 14:43:06 INFO Executor: Fetching spark://e66737cfc193:46157/jars/org.apache.spark_spark-sql-kafka-0-10_2.12-3.3.1.jar with timestamp 1756737784964
[2025-09-01 14:43:06,349] {subprocess.py:92} INFO - 25/09/01 14:43:06 INFO Utils: Fetching spark://e66737cfc193:46157/jars/org.apache.spark_spark-sql-kafka-0-10_2.12-3.3.1.jar to /tmp/spark-6b2e3e13-eb80-428d-8789-ff89215be5cc/userFiles-bed012d7-3fc2-4ea0-ab08-3742ceac5276/fetchFileTemp8141995795592433502.tmp
[2025-09-01 14:43:06,353] {subprocess.py:92} INFO - 25/09/01 14:43:06 INFO Utils: /tmp/spark-6b2e3e13-eb80-428d-8789-ff89215be5cc/userFiles-bed012d7-3fc2-4ea0-ab08-3742ceac5276/fetchFileTemp8141995795592433502.tmp has been previously copied to /tmp/spark-6b2e3e13-eb80-428d-8789-ff89215be5cc/userFiles-bed012d7-3fc2-4ea0-ab08-3742ceac5276/org.apache.spark_spark-sql-kafka-0-10_2.12-3.3.1.jar
[2025-09-01 14:43:06,359] {subprocess.py:92} INFO - 25/09/01 14:43:06 INFO Executor: Adding file:/tmp/spark-6b2e3e13-eb80-428d-8789-ff89215be5cc/userFiles-bed012d7-3fc2-4ea0-ab08-3742ceac5276/org.apache.spark_spark-sql-kafka-0-10_2.12-3.3.1.jar to class loader
[2025-09-01 14:43:06,359] {subprocess.py:92} INFO - 25/09/01 14:43:06 INFO Executor: Fetching spark://e66737cfc193:46157/jars/org.spark-project.spark_unused-1.0.0.jar with timestamp 1756737784964
[2025-09-01 14:43:06,359] {subprocess.py:92} INFO - 25/09/01 14:43:06 INFO Utils: Fetching spark://e66737cfc193:46157/jars/org.spark-project.spark_unused-1.0.0.jar to /tmp/spark-6b2e3e13-eb80-428d-8789-ff89215be5cc/userFiles-bed012d7-3fc2-4ea0-ab08-3742ceac5276/fetchFileTemp16634234791174820999.tmp
[2025-09-01 14:43:06,362] {subprocess.py:92} INFO - 25/09/01 14:43:06 INFO Utils: /tmp/spark-6b2e3e13-eb80-428d-8789-ff89215be5cc/userFiles-bed012d7-3fc2-4ea0-ab08-3742ceac5276/fetchFileTemp16634234791174820999.tmp has been previously copied to /tmp/spark-6b2e3e13-eb80-428d-8789-ff89215be5cc/userFiles-bed012d7-3fc2-4ea0-ab08-3742ceac5276/org.spark-project.spark_unused-1.0.0.jar
[2025-09-01 14:43:06,367] {subprocess.py:92} INFO - 25/09/01 14:43:06 INFO Executor: Adding file:/tmp/spark-6b2e3e13-eb80-428d-8789-ff89215be5cc/userFiles-bed012d7-3fc2-4ea0-ab08-3742ceac5276/org.spark-project.spark_unused-1.0.0.jar to class loader
[2025-09-01 14:43:06,368] {subprocess.py:92} INFO - 25/09/01 14:43:06 INFO Executor: Fetching spark://e66737cfc193:46157/jars/org.slf4j_slf4j-api-1.7.32.jar with timestamp 1756737784964
[2025-09-01 14:43:06,368] {subprocess.py:92} INFO - 25/09/01 14:43:06 INFO Utils: Fetching spark://e66737cfc193:46157/jars/org.slf4j_slf4j-api-1.7.32.jar to /tmp/spark-6b2e3e13-eb80-428d-8789-ff89215be5cc/userFiles-bed012d7-3fc2-4ea0-ab08-3742ceac5276/fetchFileTemp10657451116845331883.tmp
[2025-09-01 14:43:06,371] {subprocess.py:92} INFO - 25/09/01 14:43:06 INFO Utils: /tmp/spark-6b2e3e13-eb80-428d-8789-ff89215be5cc/userFiles-bed012d7-3fc2-4ea0-ab08-3742ceac5276/fetchFileTemp10657451116845331883.tmp has been previously copied to /tmp/spark-6b2e3e13-eb80-428d-8789-ff89215be5cc/userFiles-bed012d7-3fc2-4ea0-ab08-3742ceac5276/org.slf4j_slf4j-api-1.7.32.jar
[2025-09-01 14:43:06,376] {subprocess.py:92} INFO - 25/09/01 14:43:06 INFO Executor: Adding file:/tmp/spark-6b2e3e13-eb80-428d-8789-ff89215be5cc/userFiles-bed012d7-3fc2-4ea0-ab08-3742ceac5276/org.slf4j_slf4j-api-1.7.32.jar to class loader
[2025-09-01 14:43:06,376] {subprocess.py:92} INFO - 25/09/01 14:43:06 INFO Executor: Fetching spark://e66737cfc193:46157/jars/org.apache.hadoop_hadoop-client-runtime-3.3.2.jar with timestamp 1756737784964
[2025-09-01 14:43:06,377] {subprocess.py:92} INFO - 25/09/01 14:43:06 INFO Utils: Fetching spark://e66737cfc193:46157/jars/org.apache.hadoop_hadoop-client-runtime-3.3.2.jar to /tmp/spark-6b2e3e13-eb80-428d-8789-ff89215be5cc/userFiles-bed012d7-3fc2-4ea0-ab08-3742ceac5276/fetchFileTemp17543090716697355430.tmp
[2025-09-01 14:43:06,498] {subprocess.py:92} INFO - 25/09/01 14:43:06 INFO Utils: /tmp/spark-6b2e3e13-eb80-428d-8789-ff89215be5cc/userFiles-bed012d7-3fc2-4ea0-ab08-3742ceac5276/fetchFileTemp17543090716697355430.tmp has been previously copied to /tmp/spark-6b2e3e13-eb80-428d-8789-ff89215be5cc/userFiles-bed012d7-3fc2-4ea0-ab08-3742ceac5276/org.apache.hadoop_hadoop-client-runtime-3.3.2.jar
[2025-09-01 14:43:06,508] {subprocess.py:92} INFO - 25/09/01 14:43:06 INFO Executor: Adding file:/tmp/spark-6b2e3e13-eb80-428d-8789-ff89215be5cc/userFiles-bed012d7-3fc2-4ea0-ab08-3742ceac5276/org.apache.hadoop_hadoop-client-runtime-3.3.2.jar to class loader
[2025-09-01 14:43:06,508] {subprocess.py:92} INFO - 25/09/01 14:43:06 INFO Executor: Fetching spark://e66737cfc193:46157/jars/com.google.code.findbugs_jsr305-3.0.0.jar with timestamp 1756737784964
[2025-09-01 14:43:06,509] {subprocess.py:92} INFO - 25/09/01 14:43:06 INFO Utils: Fetching spark://e66737cfc193:46157/jars/com.google.code.findbugs_jsr305-3.0.0.jar to /tmp/spark-6b2e3e13-eb80-428d-8789-ff89215be5cc/userFiles-bed012d7-3fc2-4ea0-ab08-3742ceac5276/fetchFileTemp364073552694568792.tmp
[2025-09-01 14:43:06,511] {subprocess.py:92} INFO - 25/09/01 14:43:06 INFO Utils: /tmp/spark-6b2e3e13-eb80-428d-8789-ff89215be5cc/userFiles-bed012d7-3fc2-4ea0-ab08-3742ceac5276/fetchFileTemp364073552694568792.tmp has been previously copied to /tmp/spark-6b2e3e13-eb80-428d-8789-ff89215be5cc/userFiles-bed012d7-3fc2-4ea0-ab08-3742ceac5276/com.google.code.findbugs_jsr305-3.0.0.jar
[2025-09-01 14:43:06,516] {subprocess.py:92} INFO - 25/09/01 14:43:06 INFO Executor: Adding file:/tmp/spark-6b2e3e13-eb80-428d-8789-ff89215be5cc/userFiles-bed012d7-3fc2-4ea0-ab08-3742ceac5276/com.google.code.findbugs_jsr305-3.0.0.jar to class loader
[2025-09-01 14:43:06,516] {subprocess.py:92} INFO - 25/09/01 14:43:06 INFO Executor: Fetching spark://e66737cfc193:46157/jars/org.apache.spark_spark-token-provider-kafka-0-10_2.12-3.3.1.jar with timestamp 1756737784964
[2025-09-01 14:43:06,517] {subprocess.py:92} INFO - 25/09/01 14:43:06 INFO Utils: Fetching spark://e66737cfc193:46157/jars/org.apache.spark_spark-token-provider-kafka-0-10_2.12-3.3.1.jar to /tmp/spark-6b2e3e13-eb80-428d-8789-ff89215be5cc/userFiles-bed012d7-3fc2-4ea0-ab08-3742ceac5276/fetchFileTemp9385271428058126071.tmp
[2025-09-01 14:43:06,519] {subprocess.py:92} INFO - 25/09/01 14:43:06 INFO Utils: /tmp/spark-6b2e3e13-eb80-428d-8789-ff89215be5cc/userFiles-bed012d7-3fc2-4ea0-ab08-3742ceac5276/fetchFileTemp9385271428058126071.tmp has been previously copied to /tmp/spark-6b2e3e13-eb80-428d-8789-ff89215be5cc/userFiles-bed012d7-3fc2-4ea0-ab08-3742ceac5276/org.apache.spark_spark-token-provider-kafka-0-10_2.12-3.3.1.jar
[2025-09-01 14:43:06,525] {subprocess.py:92} INFO - 25/09/01 14:43:06 INFO Executor: Adding file:/tmp/spark-6b2e3e13-eb80-428d-8789-ff89215be5cc/userFiles-bed012d7-3fc2-4ea0-ab08-3742ceac5276/org.apache.spark_spark-token-provider-kafka-0-10_2.12-3.3.1.jar to class loader
[2025-09-01 14:43:06,525] {subprocess.py:92} INFO - 25/09/01 14:43:06 INFO Executor: Fetching spark://e66737cfc193:46157/jars/org.apache.hadoop_hadoop-client-api-3.3.2.jar with timestamp 1756737784964
[2025-09-01 14:43:06,526] {subprocess.py:92} INFO - 25/09/01 14:43:06 INFO Utils: Fetching spark://e66737cfc193:46157/jars/org.apache.hadoop_hadoop-client-api-3.3.2.jar to /tmp/spark-6b2e3e13-eb80-428d-8789-ff89215be5cc/userFiles-bed012d7-3fc2-4ea0-ab08-3742ceac5276/fetchFileTemp5517713373589454725.tmp
[2025-09-01 14:43:06,617] {subprocess.py:92} INFO - 25/09/01 14:43:06 INFO Utils: /tmp/spark-6b2e3e13-eb80-428d-8789-ff89215be5cc/userFiles-bed012d7-3fc2-4ea0-ab08-3742ceac5276/fetchFileTemp5517713373589454725.tmp has been previously copied to /tmp/spark-6b2e3e13-eb80-428d-8789-ff89215be5cc/userFiles-bed012d7-3fc2-4ea0-ab08-3742ceac5276/org.apache.hadoop_hadoop-client-api-3.3.2.jar
[2025-09-01 14:43:06,626] {subprocess.py:92} INFO - 25/09/01 14:43:06 INFO Executor: Adding file:/tmp/spark-6b2e3e13-eb80-428d-8789-ff89215be5cc/userFiles-bed012d7-3fc2-4ea0-ab08-3742ceac5276/org.apache.hadoop_hadoop-client-api-3.3.2.jar to class loader
[2025-09-01 14:43:06,627] {subprocess.py:92} INFO - 25/09/01 14:43:06 INFO Executor: Fetching spark://e66737cfc193:46157/jars/org.lz4_lz4-java-1.8.0.jar with timestamp 1756737784964
[2025-09-01 14:43:06,627] {subprocess.py:92} INFO - 25/09/01 14:43:06 INFO Utils: Fetching spark://e66737cfc193:46157/jars/org.lz4_lz4-java-1.8.0.jar to /tmp/spark-6b2e3e13-eb80-428d-8789-ff89215be5cc/userFiles-bed012d7-3fc2-4ea0-ab08-3742ceac5276/fetchFileTemp6348227758033735009.tmp
[2025-09-01 14:43:06,634] {subprocess.py:92} INFO - 25/09/01 14:43:06 INFO Utils: /tmp/spark-6b2e3e13-eb80-428d-8789-ff89215be5cc/userFiles-bed012d7-3fc2-4ea0-ab08-3742ceac5276/fetchFileTemp6348227758033735009.tmp has been previously copied to /tmp/spark-6b2e3e13-eb80-428d-8789-ff89215be5cc/userFiles-bed012d7-3fc2-4ea0-ab08-3742ceac5276/org.lz4_lz4-java-1.8.0.jar
[2025-09-01 14:43:06,641] {subprocess.py:92} INFO - 25/09/01 14:43:06 INFO Executor: Adding file:/tmp/spark-6b2e3e13-eb80-428d-8789-ff89215be5cc/userFiles-bed012d7-3fc2-4ea0-ab08-3742ceac5276/org.lz4_lz4-java-1.8.0.jar to class loader
[2025-09-01 14:43:06,653] {subprocess.py:92} INFO - 25/09/01 14:43:06 INFO Utils: Successfully started service 'org.apache.spark.network.netty.NettyBlockTransferService' on port 43413.
[2025-09-01 14:43:06,653] {subprocess.py:92} INFO - 25/09/01 14:43:06 INFO NettyBlockTransferService: Server created on e66737cfc193:43413
[2025-09-01 14:43:06,656] {subprocess.py:92} INFO - 25/09/01 14:43:06 INFO BlockManager: Using org.apache.spark.storage.RandomBlockReplicationPolicy for block replication policy
[2025-09-01 14:43:06,667] {subprocess.py:92} INFO - 25/09/01 14:43:06 INFO BlockManagerMaster: Registering BlockManager BlockManagerId(driver, e66737cfc193, 43413, None)
[2025-09-01 14:43:06,672] {subprocess.py:92} INFO - 25/09/01 14:43:06 INFO BlockManagerMasterEndpoint: Registering block manager e66737cfc193:43413 with 434.4 MiB RAM, BlockManagerId(driver, e66737cfc193, 43413, None)
[2025-09-01 14:43:06,676] {subprocess.py:92} INFO - 25/09/01 14:43:06 INFO BlockManagerMaster: Registered BlockManager BlockManagerId(driver, e66737cfc193, 43413, None)
[2025-09-01 14:43:06,677] {subprocess.py:92} INFO - 25/09/01 14:43:06 INFO BlockManager: Initialized BlockManager: BlockManagerId(driver, e66737cfc193, 43413, None)
[2025-09-01 14:43:07,120] {subprocess.py:92} INFO - Connexion à Kafka...
[2025-09-01 14:43:09,305] {subprocess.py:92} INFO - Connexion Kafka réussie (kafka:9092)
[2025-09-01 14:43:09,305] {subprocess.py:92} INFO - Transformation des données JSON...
[2025-09-01 14:43:09,736] {subprocess.py:92} INFO - Démarrage du streaming vers HDFS...
[2025-09-01 14:43:10,550] {subprocess.py:92} INFO - Streaming actif - Données météo sauvegardées dans HDFS:/data/weather
[2025-09-01 15:06:31,337] {local_task_job.py:221} WARNING - State of this instance has been externally set to failed. Terminating instance.
[2025-09-01 15:06:31,340] {process_utils.py:129} INFO - Sending Signals.SIGTERM to group 23707. PIDs of all processes in the group: [23708, 23759, 23707]
[2025-09-01 15:06:31,340] {process_utils.py:80} INFO - Sending the signal Signals.SIGTERM to group 23707
[2025-09-01 15:06:31,341] {taskinstance.py:1541} ERROR - Received SIGTERM. Terminating subprocesses.
[2025-09-01 15:06:31,341] {subprocess.py:103} INFO - Sending SIGTERM signal to process group
[2025-09-01 15:06:31,554] {process_utils.py:75} INFO - Process psutil.Process(pid=23708, status='terminated', started='14:43:01') (23708) terminated with exit code None
[2025-09-01 15:06:31,555] {process_utils.py:75} INFO - Process psutil.Process(pid=23707, status='terminated', exitcode=0, started='14:43:00') (23707) terminated with exit code 0
[2025-09-01 15:06:31,555] {process_utils.py:75} INFO - Process psutil.Process(pid=23759, status='terminated', started='14:43:03') (23759) terminated with exit code None
