[2025-08-18 20:28:00,102] {taskinstance.py:1159} INFO - Dependencies all met for <TaskInstance: send_weather_to_kafka.verify_pipeline scheduled__2025-08-18T18:24:54.574423+00:00 [queued]>
[2025-08-18 20:28:00,108] {taskinstance.py:1159} INFO - Dependencies all met for <TaskInstance: send_weather_to_kafka.verify_pipeline scheduled__2025-08-18T18:24:54.574423+00:00 [queued]>
[2025-08-18 20:28:00,108] {taskinstance.py:1356} INFO - 
--------------------------------------------------------------------------------
[2025-08-18 20:28:00,108] {taskinstance.py:1357} INFO - Starting attempt 1 of 2
[2025-08-18 20:28:00,108] {taskinstance.py:1358} INFO - 
--------------------------------------------------------------------------------
[2025-08-18 20:28:00,121] {taskinstance.py:1377} INFO - Executing <Task(BashOperator): verify_pipeline> on 2025-08-18 18:24:54.574423+00:00
[2025-08-18 20:28:00,123] {standard_task_runner.py:52} INFO - Started process 7044 to run task
[2025-08-18 20:28:00,126] {standard_task_runner.py:79} INFO - Running: ['***', 'tasks', 'run', 'send_weather_to_kafka', 'verify_pipeline', 'scheduled__2025-08-18T18:24:54.574423+00:00', '--job-id', '298', '--raw', '--subdir', 'DAGS_FOLDER/dag_meteo.py', '--cfg-path', '/tmp/tmp2qewen9b', '--error-file', '/tmp/tmpkc9bz6ni']
[2025-08-18 20:28:00,127] {standard_task_runner.py:80} INFO - Job 298: Subtask verify_pipeline
[2025-08-18 20:28:00,148] {logging_mixin.py:115} WARNING - /home/***/.local/lib/python3.7/site-packages/***/configuration.py:470 DeprecationWarning: The sql_alchemy_conn option in [core] has been moved to the sql_alchemy_conn option in [database] - the old setting has been used, but please update your config.
[2025-08-18 20:28:00,192] {task_command.py:369} INFO - Running <TaskInstance: send_weather_to_kafka.verify_pipeline scheduled__2025-08-18T18:24:54.574423+00:00 [running]> on host a4b544519f2b
[2025-08-18 20:28:00,256] {taskinstance.py:1571} INFO - Exporting the following env vars:
AIRFLOW_CTX_DAG_OWNER=***
AIRFLOW_CTX_DAG_ID=send_weather_to_kafka
AIRFLOW_CTX_TASK_ID=verify_pipeline
AIRFLOW_CTX_EXECUTION_DATE=2025-08-18T18:24:54.574423+00:00
AIRFLOW_CTX_TRY_NUMBER=1
AIRFLOW_CTX_DAG_RUN_ID=scheduled__2025-08-18T18:24:54.574423+00:00
[2025-08-18 20:28:00,256] {subprocess.py:62} INFO - Tmp dir root location: 
 /tmp
[2025-08-18 20:28:00,256] {subprocess.py:74} INFO - Running command: ['bash', '-c', '\n            echo " Attente traitement Logstash..." && sleep 30 &&\n            curl -s "http://elasticsearch:9200/_cat/indices/weather*" || echo "Pas encore d\'index weather"\n        ']
[2025-08-18 20:28:00,264] {subprocess.py:85} INFO - Output:
[2025-08-18 20:28:00,265] {subprocess.py:92} INFO -  Attente traitement Logstash...
[2025-08-18 20:28:30,299] {subprocess.py:92} INFO - yellow open weather_data BQjbDtS5TvO1Q2HrAJGyvA 1 1 73 0 57.5kb 57.5kb
[2025-08-18 20:28:30,301] {subprocess.py:96} INFO - Command exited with return code 0
[2025-08-18 20:28:30,333] {taskinstance.py:1400} INFO - Marking task as SUCCESS. dag_id=send_weather_to_kafka, task_id=verify_pipeline, execution_date=20250818T182454, start_date=20250818T202800, end_date=20250818T202830
[2025-08-18 20:28:30,358] {local_task_job.py:156} INFO - Task exited with return code 0
[2025-08-18 20:28:30,389] {local_task_job.py:273} INFO - 1 downstream tasks scheduled from follow-on schedule check
