[2025-09-01 10:46:19,918] {taskinstance.py:1159} INFO - Dependencies all met for <TaskInstance: send_weather_to_kafka.stream_hdfs scheduled__2025-09-01T10:15:42.251396+00:00 [queued]>
[2025-09-01 10:46:19,946] {taskinstance.py:1159} INFO - Dependencies all met for <TaskInstance: send_weather_to_kafka.stream_hdfs scheduled__2025-09-01T10:15:42.251396+00:00 [queued]>
[2025-09-01 10:46:19,947] {taskinstance.py:1356} INFO - 
--------------------------------------------------------------------------------
[2025-09-01 10:46:19,947] {taskinstance.py:1357} INFO - Starting attempt 1 of 2
[2025-09-01 10:46:19,947] {taskinstance.py:1358} INFO - 
--------------------------------------------------------------------------------
[2025-09-01 10:46:19,990] {taskinstance.py:1377} INFO - Executing <Task(BashOperator): stream_hdfs> on 2025-09-01 10:15:42.251396+00:00
[2025-09-01 10:46:20,001] {standard_task_runner.py:52} INFO - Started process 13239 to run task
[2025-09-01 10:46:20,009] {standard_task_runner.py:79} INFO - Running: ['***', 'tasks', 'run', 'send_weather_to_kafka', 'stream_hdfs', 'scheduled__2025-09-01T10:15:42.251396+00:00', '--job-id', '520', '--raw', '--subdir', 'DAGS_FOLDER/dag_meteo.py', '--cfg-path', '/tmp/tmpeuep63q3', '--error-file', '/tmp/tmptjallovd']
[2025-09-01 10:46:20,011] {standard_task_runner.py:80} INFO - Job 520: Subtask stream_hdfs
[2025-09-01 10:46:20,046] {logging_mixin.py:115} WARNING - /home/***/.local/lib/python3.7/site-packages/***/configuration.py:470 DeprecationWarning: The sql_alchemy_conn option in [core] has been moved to the sql_alchemy_conn option in [database] - the old setting has been used, but please update your config.
[2025-09-01 10:46:20,150] {task_command.py:369} INFO - Running <TaskInstance: send_weather_to_kafka.stream_hdfs scheduled__2025-09-01T10:15:42.251396+00:00 [running]> on host e66737cfc193
[2025-09-01 10:46:20,358] {taskinstance.py:1571} INFO - Exporting the following env vars:
AIRFLOW_CTX_DAG_OWNER=***
AIRFLOW_CTX_DAG_ID=send_weather_to_kafka
AIRFLOW_CTX_TASK_ID=stream_hdfs
AIRFLOW_CTX_EXECUTION_DATE=2025-09-01T10:15:42.251396+00:00
AIRFLOW_CTX_TRY_NUMBER=1
AIRFLOW_CTX_DAG_RUN_ID=scheduled__2025-09-01T10:15:42.251396+00:00
[2025-09-01 10:46:20,360] {subprocess.py:62} INFO - Tmp dir root location: 
 /tmp
[2025-09-01 10:46:20,361] {subprocess.py:74} INFO - Running command: ['bash', '-c', '\n/home/***/.local/bin/spark-submit   --master local[*]   --conf spark.hadoop.fs.defaultFS=hdfs://namenode:9000   --conf spark.hadoop.dfs.client.use.datanode.hostname=true   --conf spark.sql.adaptive.enabled=false   --packages org.apache.spark:spark-sql-kafka-0-10_2.12:3.3.1   /opt/***/scripts/pyspark/streaming.py']
[2025-09-01 10:46:20,385] {subprocess.py:85} INFO - Output:
[2025-09-01 10:46:20,411] {subprocess.py:92} INFO - /opt/spark-3.3.1-bin-hadoop3/bin/load-spark-env.sh: line 68: ps: command not found
[2025-09-01 10:46:24,085] {subprocess.py:92} INFO - :: loading settings :: url = jar:file:/opt/spark-3.3.1-bin-hadoop3/jars/ivy-2.5.0.jar!/org/apache/ivy/core/settings/ivysettings.xml
[2025-09-01 10:46:24,359] {subprocess.py:92} INFO - Ivy Default Cache set to: /home/***/.ivy2/cache
[2025-09-01 10:46:24,360] {subprocess.py:92} INFO - The jars for the packages stored in: /home/***/.ivy2/jars
[2025-09-01 10:46:24,383] {subprocess.py:92} INFO - org.apache.spark#spark-sql-kafka-0-10_2.12 added as a dependency
[2025-09-01 10:46:24,383] {subprocess.py:92} INFO - :: resolving dependencies :: org.apache.spark#spark-submit-parent-289e529b-9437-4dc0-8276-8f7ac852394e;1.0
[2025-09-01 10:46:24,384] {subprocess.py:92} INFO - 	confs: [default]
[2025-09-01 10:46:24,875] {subprocess.py:92} INFO - 	found org.apache.spark#spark-sql-kafka-0-10_2.12;3.3.1 in spark-list
[2025-09-01 10:46:25,088] {subprocess.py:92} INFO - 	found org.apache.spark#spark-token-provider-kafka-0-10_2.12;3.3.1 in central
[2025-09-01 10:46:25,190] {subprocess.py:92} INFO - 	found org.apache.kafka#kafka-clients;2.8.1 in central
[2025-09-01 10:46:25,268] {subprocess.py:92} INFO - 	found org.lz4#lz4-java;1.8.0 in central
[2025-09-01 10:46:25,396] {subprocess.py:92} INFO - 	found org.xerial.snappy#snappy-java;1.1.8.4 in central
[2025-09-01 10:46:25,554] {subprocess.py:92} INFO - 	found org.slf4j#slf4j-api;1.7.32 in central
[2025-09-01 10:46:25,668] {subprocess.py:92} INFO - 	found org.apache.hadoop#hadoop-client-runtime;3.3.2 in central
[2025-09-01 10:46:25,734] {subprocess.py:92} INFO - 	found org.spark-project.spark#unused;1.0.0 in central
[2025-09-01 10:46:25,863] {subprocess.py:92} INFO - 	found org.apache.hadoop#hadoop-client-api;3.3.2 in central
[2025-09-01 10:46:25,976] {subprocess.py:92} INFO - 	found commons-logging#commons-logging;1.1.3 in central
[2025-09-01 10:46:26,018] {subprocess.py:92} INFO - 	found com.google.code.findbugs#jsr305;3.0.0 in central
[2025-09-01 10:46:26,040] {subprocess.py:92} INFO - 	found org.apache.commons#commons-pool2;2.11.1 in central
[2025-09-01 10:46:26,092] {subprocess.py:92} INFO - :: resolution report :: resolve 1682ms :: artifacts dl 28ms
[2025-09-01 10:46:26,093] {subprocess.py:92} INFO - 	:: modules in use:
[2025-09-01 10:46:26,094] {subprocess.py:92} INFO - 	com.google.code.findbugs#jsr305;3.0.0 from central in [default]
[2025-09-01 10:46:26,095] {subprocess.py:92} INFO - 	commons-logging#commons-logging;1.1.3 from central in [default]
[2025-09-01 10:46:26,096] {subprocess.py:92} INFO - 	org.apache.commons#commons-pool2;2.11.1 from central in [default]
[2025-09-01 10:46:26,096] {subprocess.py:92} INFO - 	org.apache.hadoop#hadoop-client-api;3.3.2 from central in [default]
[2025-09-01 10:46:26,097] {subprocess.py:92} INFO - 	org.apache.hadoop#hadoop-client-runtime;3.3.2 from central in [default]
[2025-09-01 10:46:26,097] {subprocess.py:92} INFO - 	org.apache.kafka#kafka-clients;2.8.1 from central in [default]
[2025-09-01 10:46:26,098] {subprocess.py:92} INFO - 	org.apache.spark#spark-sql-kafka-0-10_2.12;3.3.1 from spark-list in [default]
[2025-09-01 10:46:26,099] {subprocess.py:92} INFO - 	org.apache.spark#spark-token-provider-kafka-0-10_2.12;3.3.1 from central in [default]
[2025-09-01 10:46:26,100] {subprocess.py:92} INFO - 	org.lz4#lz4-java;1.8.0 from central in [default]
[2025-09-01 10:46:26,101] {subprocess.py:92} INFO - 	org.slf4j#slf4j-api;1.7.32 from central in [default]
[2025-09-01 10:46:26,101] {subprocess.py:92} INFO - 	org.spark-project.spark#unused;1.0.0 from central in [default]
[2025-09-01 10:46:26,102] {subprocess.py:92} INFO - 	org.xerial.snappy#snappy-java;1.1.8.4 from central in [default]
[2025-09-01 10:46:26,102] {subprocess.py:92} INFO - 	---------------------------------------------------------------------
[2025-09-01 10:46:26,103] {subprocess.py:92} INFO - 	|                  |            modules            ||   artifacts   |
[2025-09-01 10:46:26,106] {subprocess.py:92} INFO - 	|       conf       | number| search|dwnlded|evicted|| number|dwnlded|
[2025-09-01 10:46:26,106] {subprocess.py:92} INFO - 	---------------------------------------------------------------------
[2025-09-01 10:46:26,107] {subprocess.py:92} INFO - 	|      default     |   12  |   0   |   0   |   0   ||   12  |   0   |
[2025-09-01 10:46:26,107] {subprocess.py:92} INFO - 	---------------------------------------------------------------------
[2025-09-01 10:46:26,119] {subprocess.py:92} INFO - :: retrieving :: org.apache.spark#spark-submit-parent-289e529b-9437-4dc0-8276-8f7ac852394e
[2025-09-01 10:46:26,120] {subprocess.py:92} INFO - 	confs: [default]
[2025-09-01 10:46:26,138] {subprocess.py:92} INFO - 	0 artifacts copied, 12 already retrieved (0kB/19ms)
[2025-09-01 10:46:26,783] {subprocess.py:92} INFO - 25/09/01 10:46:26 WARN NativeCodeLoader: Unable to load native-hadoop library for your platform... using builtin-java classes where applicable
[2025-09-01 10:46:28,606] {subprocess.py:92} INFO - 25/09/01 10:46:28 INFO SparkContext: Running Spark version 3.3.1
[2025-09-01 10:46:28,630] {subprocess.py:92} INFO - 25/09/01 10:46:28 INFO ResourceUtils: ==============================================================
[2025-09-01 10:46:28,630] {subprocess.py:92} INFO - 25/09/01 10:46:28 INFO ResourceUtils: No custom resources configured for spark.driver.
[2025-09-01 10:46:28,631] {subprocess.py:92} INFO - 25/09/01 10:46:28 INFO ResourceUtils: ==============================================================
[2025-09-01 10:46:28,631] {subprocess.py:92} INFO - 25/09/01 10:46:28 INFO SparkContext: Submitted application: KafkaToHDFSWeather
[2025-09-01 10:46:28,681] {subprocess.py:92} INFO - 25/09/01 10:46:28 INFO ResourceProfile: Default ResourceProfile created, executor resources: Map(cores -> name: cores, amount: 1, script: , vendor: , memory -> name: memory, amount: 1024, script: , vendor: , offHeap -> name: offHeap, amount: 0, script: , vendor: ), task resources: Map(cpus -> name: cpus, amount: 1.0)
[2025-09-01 10:46:28,706] {subprocess.py:92} INFO - 25/09/01 10:46:28 INFO ResourceProfile: Limiting resource is cpu
[2025-09-01 10:46:28,708] {subprocess.py:92} INFO - 25/09/01 10:46:28 INFO ResourceProfileManager: Added ResourceProfile id: 0
[2025-09-01 10:46:28,826] {subprocess.py:92} INFO - 25/09/01 10:46:28 INFO SecurityManager: Changing view acls to: ***
[2025-09-01 10:46:28,828] {subprocess.py:92} INFO - 25/09/01 10:46:28 INFO SecurityManager: Changing modify acls to: ***
[2025-09-01 10:46:28,829] {subprocess.py:92} INFO - 25/09/01 10:46:28 INFO SecurityManager: Changing view acls groups to:
[2025-09-01 10:46:28,830] {subprocess.py:92} INFO - 25/09/01 10:46:28 INFO SecurityManager: Changing modify acls groups to:
[2025-09-01 10:46:28,832] {subprocess.py:92} INFO - 25/09/01 10:46:28 INFO SecurityManager: SecurityManager: authentication disabled; ui acls disabled; users  with view permissions: Set(***); groups with view permissions: Set(); users  with modify permissions: Set(***); groups with modify permissions: Set()
[2025-09-01 10:46:29,458] {subprocess.py:92} INFO - 25/09/01 10:46:29 INFO Utils: Successfully started service 'sparkDriver' on port 35151.
[2025-09-01 10:46:29,521] {subprocess.py:92} INFO - 25/09/01 10:46:29 INFO SparkEnv: Registering MapOutputTracker
[2025-09-01 10:46:29,594] {subprocess.py:92} INFO - 25/09/01 10:46:29 INFO SparkEnv: Registering BlockManagerMaster
[2025-09-01 10:46:29,631] {subprocess.py:92} INFO - 25/09/01 10:46:29 INFO BlockManagerMasterEndpoint: Using org.apache.spark.storage.DefaultTopologyMapper for getting topology information
[2025-09-01 10:46:29,634] {subprocess.py:92} INFO - 25/09/01 10:46:29 INFO BlockManagerMasterEndpoint: BlockManagerMasterEndpoint up
[2025-09-01 10:46:29,641] {subprocess.py:92} INFO - 25/09/01 10:46:29 INFO SparkEnv: Registering BlockManagerMasterHeartbeat
[2025-09-01 10:46:29,670] {subprocess.py:92} INFO - 25/09/01 10:46:29 INFO DiskBlockManager: Created local directory at /tmp/blockmgr-e97a3582-ec1a-4e58-bc8b-210949b60872
[2025-09-01 10:46:29,705] {subprocess.py:92} INFO - 25/09/01 10:46:29 INFO MemoryStore: MemoryStore started with capacity 434.4 MiB
[2025-09-01 10:46:29,729] {subprocess.py:92} INFO - 25/09/01 10:46:29 INFO SparkEnv: Registering OutputCommitCoordinator
[2025-09-01 10:46:30,132] {subprocess.py:92} INFO - 25/09/01 10:46:30 WARN Utils: Service 'SparkUI' could not bind on port 4040. Attempting port 4041.
[2025-09-01 10:46:30,160] {subprocess.py:92} INFO - 25/09/01 10:46:30 INFO Utils: Successfully started service 'SparkUI' on port 4041.
[2025-09-01 10:46:30,297] {subprocess.py:92} INFO - 25/09/01 10:46:30 INFO SparkContext: Added JAR file:///home/***/.ivy2/jars/org.apache.spark_spark-sql-kafka-0-10_2.12-3.3.1.jar at spark://e66737cfc193:35151/jars/org.apache.spark_spark-sql-kafka-0-10_2.12-3.3.1.jar with timestamp 1756723588595
[2025-09-01 10:46:30,298] {subprocess.py:92} INFO - 25/09/01 10:46:30 INFO SparkContext: Added JAR file:///home/***/.ivy2/jars/org.apache.spark_spark-token-provider-kafka-0-10_2.12-3.3.1.jar at spark://e66737cfc193:35151/jars/org.apache.spark_spark-token-provider-kafka-0-10_2.12-3.3.1.jar with timestamp 1756723588595
[2025-09-01 10:46:30,299] {subprocess.py:92} INFO - 25/09/01 10:46:30 INFO SparkContext: Added JAR file:///home/***/.ivy2/jars/org.apache.kafka_kafka-clients-2.8.1.jar at spark://e66737cfc193:35151/jars/org.apache.kafka_kafka-clients-2.8.1.jar with timestamp 1756723588595
[2025-09-01 10:46:30,299] {subprocess.py:92} INFO - 25/09/01 10:46:30 INFO SparkContext: Added JAR file:///home/***/.ivy2/jars/com.google.code.findbugs_jsr305-3.0.0.jar at spark://e66737cfc193:35151/jars/com.google.code.findbugs_jsr305-3.0.0.jar with timestamp 1756723588595
[2025-09-01 10:46:30,299] {subprocess.py:92} INFO - 25/09/01 10:46:30 INFO SparkContext: Added JAR file:///home/***/.ivy2/jars/org.apache.commons_commons-pool2-2.11.1.jar at spark://e66737cfc193:35151/jars/org.apache.commons_commons-pool2-2.11.1.jar with timestamp 1756723588595
[2025-09-01 10:46:30,300] {subprocess.py:92} INFO - 25/09/01 10:46:30 INFO SparkContext: Added JAR file:///home/***/.ivy2/jars/org.spark-project.spark_unused-1.0.0.jar at spark://e66737cfc193:35151/jars/org.spark-project.spark_unused-1.0.0.jar with timestamp 1756723588595
[2025-09-01 10:46:30,300] {subprocess.py:92} INFO - 25/09/01 10:46:30 INFO SparkContext: Added JAR file:///home/***/.ivy2/jars/org.apache.hadoop_hadoop-client-runtime-3.3.2.jar at spark://e66737cfc193:35151/jars/org.apache.hadoop_hadoop-client-runtime-3.3.2.jar with timestamp 1756723588595
[2025-09-01 10:46:30,300] {subprocess.py:92} INFO - 25/09/01 10:46:30 INFO SparkContext: Added JAR file:///home/***/.ivy2/jars/org.lz4_lz4-java-1.8.0.jar at spark://e66737cfc193:35151/jars/org.lz4_lz4-java-1.8.0.jar with timestamp 1756723588595
[2025-09-01 10:46:30,301] {subprocess.py:92} INFO - 25/09/01 10:46:30 INFO SparkContext: Added JAR file:///home/***/.ivy2/jars/org.xerial.snappy_snappy-java-1.1.8.4.jar at spark://e66737cfc193:35151/jars/org.xerial.snappy_snappy-java-1.1.8.4.jar with timestamp 1756723588595
[2025-09-01 10:46:30,301] {subprocess.py:92} INFO - 25/09/01 10:46:30 INFO SparkContext: Added JAR file:///home/***/.ivy2/jars/org.slf4j_slf4j-api-1.7.32.jar at spark://e66737cfc193:35151/jars/org.slf4j_slf4j-api-1.7.32.jar with timestamp 1756723588595
[2025-09-01 10:46:30,301] {subprocess.py:92} INFO - 25/09/01 10:46:30 INFO SparkContext: Added JAR file:///home/***/.ivy2/jars/org.apache.hadoop_hadoop-client-api-3.3.2.jar at spark://e66737cfc193:35151/jars/org.apache.hadoop_hadoop-client-api-3.3.2.jar with timestamp 1756723588595
[2025-09-01 10:46:30,302] {subprocess.py:92} INFO - 25/09/01 10:46:30 INFO SparkContext: Added JAR file:///home/***/.ivy2/jars/commons-logging_commons-logging-1.1.3.jar at spark://e66737cfc193:35151/jars/commons-logging_commons-logging-1.1.3.jar with timestamp 1756723588595
[2025-09-01 10:46:30,306] {subprocess.py:92} INFO - 25/09/01 10:46:30 INFO SparkContext: Added file file:///home/***/.ivy2/jars/org.apache.spark_spark-sql-kafka-0-10_2.12-3.3.1.jar at file:///home/***/.ivy2/jars/org.apache.spark_spark-sql-kafka-0-10_2.12-3.3.1.jar with timestamp 1756723588595
[2025-09-01 10:46:30,311] {subprocess.py:92} INFO - 25/09/01 10:46:30 INFO Utils: Copying /home/***/.ivy2/jars/org.apache.spark_spark-sql-kafka-0-10_2.12-3.3.1.jar to /tmp/spark-836aed20-ea80-4c74-80bf-8f779a6dcb67/userFiles-e3fdc1a7-b9b5-4753-9535-8062158975e0/org.apache.spark_spark-sql-kafka-0-10_2.12-3.3.1.jar
[2025-09-01 10:46:30,330] {subprocess.py:92} INFO - 25/09/01 10:46:30 INFO SparkContext: Added file file:///home/***/.ivy2/jars/org.apache.spark_spark-token-provider-kafka-0-10_2.12-3.3.1.jar at file:///home/***/.ivy2/jars/org.apache.spark_spark-token-provider-kafka-0-10_2.12-3.3.1.jar with timestamp 1756723588595
[2025-09-01 10:46:30,330] {subprocess.py:92} INFO - 25/09/01 10:46:30 INFO Utils: Copying /home/***/.ivy2/jars/org.apache.spark_spark-token-provider-kafka-0-10_2.12-3.3.1.jar to /tmp/spark-836aed20-ea80-4c74-80bf-8f779a6dcb67/userFiles-e3fdc1a7-b9b5-4753-9535-8062158975e0/org.apache.spark_spark-token-provider-kafka-0-10_2.12-3.3.1.jar
[2025-09-01 10:46:30,339] {subprocess.py:92} INFO - 25/09/01 10:46:30 INFO SparkContext: Added file file:///home/***/.ivy2/jars/org.apache.kafka_kafka-clients-2.8.1.jar at file:///home/***/.ivy2/jars/org.apache.kafka_kafka-clients-2.8.1.jar with timestamp 1756723588595
[2025-09-01 10:46:30,339] {subprocess.py:92} INFO - 25/09/01 10:46:30 INFO Utils: Copying /home/***/.ivy2/jars/org.apache.kafka_kafka-clients-2.8.1.jar to /tmp/spark-836aed20-ea80-4c74-80bf-8f779a6dcb67/userFiles-e3fdc1a7-b9b5-4753-9535-8062158975e0/org.apache.kafka_kafka-clients-2.8.1.jar
[2025-09-01 10:46:30,354] {subprocess.py:92} INFO - 25/09/01 10:46:30 INFO SparkContext: Added file file:///home/***/.ivy2/jars/com.google.code.findbugs_jsr305-3.0.0.jar at file:///home/***/.ivy2/jars/com.google.code.findbugs_jsr305-3.0.0.jar with timestamp 1756723588595
[2025-09-01 10:46:30,355] {subprocess.py:92} INFO - 25/09/01 10:46:30 INFO Utils: Copying /home/***/.ivy2/jars/com.google.code.findbugs_jsr305-3.0.0.jar to /tmp/spark-836aed20-ea80-4c74-80bf-8f779a6dcb67/userFiles-e3fdc1a7-b9b5-4753-9535-8062158975e0/com.google.code.findbugs_jsr305-3.0.0.jar
[2025-09-01 10:46:30,363] {subprocess.py:92} INFO - 25/09/01 10:46:30 INFO SparkContext: Added file file:///home/***/.ivy2/jars/org.apache.commons_commons-pool2-2.11.1.jar at file:///home/***/.ivy2/jars/org.apache.commons_commons-pool2-2.11.1.jar with timestamp 1756723588595
[2025-09-01 10:46:30,363] {subprocess.py:92} INFO - 25/09/01 10:46:30 INFO Utils: Copying /home/***/.ivy2/jars/org.apache.commons_commons-pool2-2.11.1.jar to /tmp/spark-836aed20-ea80-4c74-80bf-8f779a6dcb67/userFiles-e3fdc1a7-b9b5-4753-9535-8062158975e0/org.apache.commons_commons-pool2-2.11.1.jar
[2025-09-01 10:46:30,370] {subprocess.py:92} INFO - 25/09/01 10:46:30 INFO SparkContext: Added file file:///home/***/.ivy2/jars/org.spark-project.spark_unused-1.0.0.jar at file:///home/***/.ivy2/jars/org.spark-project.spark_unused-1.0.0.jar with timestamp 1756723588595
[2025-09-01 10:46:30,370] {subprocess.py:92} INFO - 25/09/01 10:46:30 INFO Utils: Copying /home/***/.ivy2/jars/org.spark-project.spark_unused-1.0.0.jar to /tmp/spark-836aed20-ea80-4c74-80bf-8f779a6dcb67/userFiles-e3fdc1a7-b9b5-4753-9535-8062158975e0/org.spark-project.spark_unused-1.0.0.jar
[2025-09-01 10:46:30,376] {subprocess.py:92} INFO - 25/09/01 10:46:30 INFO SparkContext: Added file file:///home/***/.ivy2/jars/org.apache.hadoop_hadoop-client-runtime-3.3.2.jar at file:///home/***/.ivy2/jars/org.apache.hadoop_hadoop-client-runtime-3.3.2.jar with timestamp 1756723588595
[2025-09-01 10:46:30,377] {subprocess.py:92} INFO - 25/09/01 10:46:30 INFO Utils: Copying /home/***/.ivy2/jars/org.apache.hadoop_hadoop-client-runtime-3.3.2.jar to /tmp/spark-836aed20-ea80-4c74-80bf-8f779a6dcb67/userFiles-e3fdc1a7-b9b5-4753-9535-8062158975e0/org.apache.hadoop_hadoop-client-runtime-3.3.2.jar
[2025-09-01 10:46:30,418] {subprocess.py:92} INFO - 25/09/01 10:46:30 INFO SparkContext: Added file file:///home/***/.ivy2/jars/org.lz4_lz4-java-1.8.0.jar at file:///home/***/.ivy2/jars/org.lz4_lz4-java-1.8.0.jar with timestamp 1756723588595
[2025-09-01 10:46:30,420] {subprocess.py:92} INFO - 25/09/01 10:46:30 INFO Utils: Copying /home/***/.ivy2/jars/org.lz4_lz4-java-1.8.0.jar to /tmp/spark-836aed20-ea80-4c74-80bf-8f779a6dcb67/userFiles-e3fdc1a7-b9b5-4753-9535-8062158975e0/org.lz4_lz4-java-1.8.0.jar
[2025-09-01 10:46:30,426] {subprocess.py:92} INFO - 25/09/01 10:46:30 INFO SparkContext: Added file file:///home/***/.ivy2/jars/org.xerial.snappy_snappy-java-1.1.8.4.jar at file:///home/***/.ivy2/jars/org.xerial.snappy_snappy-java-1.1.8.4.jar with timestamp 1756723588595
[2025-09-01 10:46:30,426] {subprocess.py:92} INFO - 25/09/01 10:46:30 INFO Utils: Copying /home/***/.ivy2/jars/org.xerial.snappy_snappy-java-1.1.8.4.jar to /tmp/spark-836aed20-ea80-4c74-80bf-8f779a6dcb67/userFiles-e3fdc1a7-b9b5-4753-9535-8062158975e0/org.xerial.snappy_snappy-java-1.1.8.4.jar
[2025-09-01 10:46:30,439] {subprocess.py:92} INFO - 25/09/01 10:46:30 INFO SparkContext: Added file file:///home/***/.ivy2/jars/org.slf4j_slf4j-api-1.7.32.jar at file:///home/***/.ivy2/jars/org.slf4j_slf4j-api-1.7.32.jar with timestamp 1756723588595
[2025-09-01 10:46:30,439] {subprocess.py:92} INFO - 25/09/01 10:46:30 INFO Utils: Copying /home/***/.ivy2/jars/org.slf4j_slf4j-api-1.7.32.jar to /tmp/spark-836aed20-ea80-4c74-80bf-8f779a6dcb67/userFiles-e3fdc1a7-b9b5-4753-9535-8062158975e0/org.slf4j_slf4j-api-1.7.32.jar
[2025-09-01 10:46:30,447] {subprocess.py:92} INFO - 25/09/01 10:46:30 INFO SparkContext: Added file file:///home/***/.ivy2/jars/org.apache.hadoop_hadoop-client-api-3.3.2.jar at file:///home/***/.ivy2/jars/org.apache.hadoop_hadoop-client-api-3.3.2.jar with timestamp 1756723588595
[2025-09-01 10:46:30,447] {subprocess.py:92} INFO - 25/09/01 10:46:30 INFO Utils: Copying /home/***/.ivy2/jars/org.apache.hadoop_hadoop-client-api-3.3.2.jar to /tmp/spark-836aed20-ea80-4c74-80bf-8f779a6dcb67/userFiles-e3fdc1a7-b9b5-4753-9535-8062158975e0/org.apache.hadoop_hadoop-client-api-3.3.2.jar
[2025-09-01 10:46:30,486] {subprocess.py:92} INFO - 25/09/01 10:46:30 INFO SparkContext: Added file file:///home/***/.ivy2/jars/commons-logging_commons-logging-1.1.3.jar at file:///home/***/.ivy2/jars/commons-logging_commons-logging-1.1.3.jar with timestamp 1756723588595
[2025-09-01 10:46:30,486] {subprocess.py:92} INFO - 25/09/01 10:46:30 INFO Utils: Copying /home/***/.ivy2/jars/commons-logging_commons-logging-1.1.3.jar to /tmp/spark-836aed20-ea80-4c74-80bf-8f779a6dcb67/userFiles-e3fdc1a7-b9b5-4753-9535-8062158975e0/commons-logging_commons-logging-1.1.3.jar
[2025-09-01 10:46:30,587] {subprocess.py:92} INFO - 25/09/01 10:46:30 INFO Executor: Starting executor ID driver on host e66737cfc193
[2025-09-01 10:46:30,595] {subprocess.py:92} INFO - 25/09/01 10:46:30 INFO Executor: Starting executor with user classpath (userClassPathFirst = false): ''
[2025-09-01 10:46:30,611] {subprocess.py:92} INFO - 25/09/01 10:46:30 INFO Executor: Fetching file:///home/***/.ivy2/jars/commons-logging_commons-logging-1.1.3.jar with timestamp 1756723588595
[2025-09-01 10:46:30,646] {subprocess.py:92} INFO - 25/09/01 10:46:30 INFO Utils: /home/***/.ivy2/jars/commons-logging_commons-logging-1.1.3.jar has been previously copied to /tmp/spark-836aed20-ea80-4c74-80bf-8f779a6dcb67/userFiles-e3fdc1a7-b9b5-4753-9535-8062158975e0/commons-logging_commons-logging-1.1.3.jar
[2025-09-01 10:46:30,652] {subprocess.py:92} INFO - 25/09/01 10:46:30 INFO Executor: Fetching file:///home/***/.ivy2/jars/org.spark-project.spark_unused-1.0.0.jar with timestamp 1756723588595
[2025-09-01 10:46:30,653] {subprocess.py:92} INFO - 25/09/01 10:46:30 INFO Utils: /home/***/.ivy2/jars/org.spark-project.spark_unused-1.0.0.jar has been previously copied to /tmp/spark-836aed20-ea80-4c74-80bf-8f779a6dcb67/userFiles-e3fdc1a7-b9b5-4753-9535-8062158975e0/org.spark-project.spark_unused-1.0.0.jar
[2025-09-01 10:46:30,660] {subprocess.py:92} INFO - 25/09/01 10:46:30 INFO Executor: Fetching file:///home/***/.ivy2/jars/org.apache.spark_spark-sql-kafka-0-10_2.12-3.3.1.jar with timestamp 1756723588595
[2025-09-01 10:46:30,667] {subprocess.py:92} INFO - 25/09/01 10:46:30 INFO Utils: /home/***/.ivy2/jars/org.apache.spark_spark-sql-kafka-0-10_2.12-3.3.1.jar has been previously copied to /tmp/spark-836aed20-ea80-4c74-80bf-8f779a6dcb67/userFiles-e3fdc1a7-b9b5-4753-9535-8062158975e0/org.apache.spark_spark-sql-kafka-0-10_2.12-3.3.1.jar
[2025-09-01 10:46:30,673] {subprocess.py:92} INFO - 25/09/01 10:46:30 INFO Executor: Fetching file:///home/***/.ivy2/jars/org.apache.hadoop_hadoop-client-api-3.3.2.jar with timestamp 1756723588595
[2025-09-01 10:46:30,714] {subprocess.py:92} INFO - 25/09/01 10:46:30 INFO Utils: /home/***/.ivy2/jars/org.apache.hadoop_hadoop-client-api-3.3.2.jar has been previously copied to /tmp/spark-836aed20-ea80-4c74-80bf-8f779a6dcb67/userFiles-e3fdc1a7-b9b5-4753-9535-8062158975e0/org.apache.hadoop_hadoop-client-api-3.3.2.jar
[2025-09-01 10:46:30,723] {subprocess.py:92} INFO - 25/09/01 10:46:30 INFO Executor: Fetching file:///home/***/.ivy2/jars/org.apache.hadoop_hadoop-client-runtime-3.3.2.jar with timestamp 1756723588595
[2025-09-01 10:46:30,777] {subprocess.py:92} INFO - 25/09/01 10:46:30 INFO Utils: /home/***/.ivy2/jars/org.apache.hadoop_hadoop-client-runtime-3.3.2.jar has been previously copied to /tmp/spark-836aed20-ea80-4c74-80bf-8f779a6dcb67/userFiles-e3fdc1a7-b9b5-4753-9535-8062158975e0/org.apache.hadoop_hadoop-client-runtime-3.3.2.jar
[2025-09-01 10:46:30,786] {subprocess.py:92} INFO - 25/09/01 10:46:30 INFO Executor: Fetching file:///home/***/.ivy2/jars/org.slf4j_slf4j-api-1.7.32.jar with timestamp 1756723588595
[2025-09-01 10:46:30,787] {subprocess.py:92} INFO - 25/09/01 10:46:30 INFO Utils: /home/***/.ivy2/jars/org.slf4j_slf4j-api-1.7.32.jar has been previously copied to /tmp/spark-836aed20-ea80-4c74-80bf-8f779a6dcb67/userFiles-e3fdc1a7-b9b5-4753-9535-8062158975e0/org.slf4j_slf4j-api-1.7.32.jar
[2025-09-01 10:46:30,795] {subprocess.py:92} INFO - 25/09/01 10:46:30 INFO Executor: Fetching file:///home/***/.ivy2/jars/org.lz4_lz4-java-1.8.0.jar with timestamp 1756723588595
[2025-09-01 10:46:30,798] {subprocess.py:92} INFO - 25/09/01 10:46:30 INFO Utils: /home/***/.ivy2/jars/org.lz4_lz4-java-1.8.0.jar has been previously copied to /tmp/spark-836aed20-ea80-4c74-80bf-8f779a6dcb67/userFiles-e3fdc1a7-b9b5-4753-9535-8062158975e0/org.lz4_lz4-java-1.8.0.jar
[2025-09-01 10:46:30,809] {subprocess.py:92} INFO - 25/09/01 10:46:30 INFO Executor: Fetching file:///home/***/.ivy2/jars/org.apache.commons_commons-pool2-2.11.1.jar with timestamp 1756723588595
[2025-09-01 10:46:30,810] {subprocess.py:92} INFO - 25/09/01 10:46:30 INFO Utils: /home/***/.ivy2/jars/org.apache.commons_commons-pool2-2.11.1.jar has been previously copied to /tmp/spark-836aed20-ea80-4c74-80bf-8f779a6dcb67/userFiles-e3fdc1a7-b9b5-4753-9535-8062158975e0/org.apache.commons_commons-pool2-2.11.1.jar
[2025-09-01 10:46:30,817] {subprocess.py:92} INFO - 25/09/01 10:46:30 INFO Executor: Fetching file:///home/***/.ivy2/jars/com.google.code.findbugs_jsr305-3.0.0.jar with timestamp 1756723588595
[2025-09-01 10:46:30,818] {subprocess.py:92} INFO - 25/09/01 10:46:30 INFO Utils: /home/***/.ivy2/jars/com.google.code.findbugs_jsr305-3.0.0.jar has been previously copied to /tmp/spark-836aed20-ea80-4c74-80bf-8f779a6dcb67/userFiles-e3fdc1a7-b9b5-4753-9535-8062158975e0/com.google.code.findbugs_jsr305-3.0.0.jar
[2025-09-01 10:46:30,826] {subprocess.py:92} INFO - 25/09/01 10:46:30 INFO Executor: Fetching file:///home/***/.ivy2/jars/org.apache.spark_spark-token-provider-kafka-0-10_2.12-3.3.1.jar with timestamp 1756723588595
[2025-09-01 10:46:30,827] {subprocess.py:92} INFO - 25/09/01 10:46:30 INFO Utils: /home/***/.ivy2/jars/org.apache.spark_spark-token-provider-kafka-0-10_2.12-3.3.1.jar has been previously copied to /tmp/spark-836aed20-ea80-4c74-80bf-8f779a6dcb67/userFiles-e3fdc1a7-b9b5-4753-9535-8062158975e0/org.apache.spark_spark-token-provider-kafka-0-10_2.12-3.3.1.jar
[2025-09-01 10:46:30,834] {subprocess.py:92} INFO - 25/09/01 10:46:30 INFO Executor: Fetching file:///home/***/.ivy2/jars/org.apache.kafka_kafka-clients-2.8.1.jar with timestamp 1756723588595
[2025-09-01 10:46:30,844] {subprocess.py:92} INFO - 25/09/01 10:46:30 INFO Utils: /home/***/.ivy2/jars/org.apache.kafka_kafka-clients-2.8.1.jar has been previously copied to /tmp/spark-836aed20-ea80-4c74-80bf-8f779a6dcb67/userFiles-e3fdc1a7-b9b5-4753-9535-8062158975e0/org.apache.kafka_kafka-clients-2.8.1.jar
[2025-09-01 10:46:30,852] {subprocess.py:92} INFO - 25/09/01 10:46:30 INFO Executor: Fetching file:///home/***/.ivy2/jars/org.xerial.snappy_snappy-java-1.1.8.4.jar with timestamp 1756723588595
[2025-09-01 10:46:30,857] {subprocess.py:92} INFO - 25/09/01 10:46:30 INFO Utils: /home/***/.ivy2/jars/org.xerial.snappy_snappy-java-1.1.8.4.jar has been previously copied to /tmp/spark-836aed20-ea80-4c74-80bf-8f779a6dcb67/userFiles-e3fdc1a7-b9b5-4753-9535-8062158975e0/org.xerial.snappy_snappy-java-1.1.8.4.jar
[2025-09-01 10:46:30,867] {subprocess.py:92} INFO - 25/09/01 10:46:30 INFO Executor: Fetching spark://e66737cfc193:35151/jars/org.slf4j_slf4j-api-1.7.32.jar with timestamp 1756723588595
[2025-09-01 10:46:30,944] {subprocess.py:92} INFO - 25/09/01 10:46:30 INFO TransportClientFactory: Successfully created connection to e66737cfc193/172.20.0.18:35151 after 55 ms (0 ms spent in bootstraps)
[2025-09-01 10:46:30,955] {subprocess.py:92} INFO - 25/09/01 10:46:30 INFO Utils: Fetching spark://e66737cfc193:35151/jars/org.slf4j_slf4j-api-1.7.32.jar to /tmp/spark-836aed20-ea80-4c74-80bf-8f779a6dcb67/userFiles-e3fdc1a7-b9b5-4753-9535-8062158975e0/fetchFileTemp7017030783727902806.tmp
[2025-09-01 10:46:31,020] {subprocess.py:92} INFO - 25/09/01 10:46:31 INFO Utils: /tmp/spark-836aed20-ea80-4c74-80bf-8f779a6dcb67/userFiles-e3fdc1a7-b9b5-4753-9535-8062158975e0/fetchFileTemp7017030783727902806.tmp has been previously copied to /tmp/spark-836aed20-ea80-4c74-80bf-8f779a6dcb67/userFiles-e3fdc1a7-b9b5-4753-9535-8062158975e0/org.slf4j_slf4j-api-1.7.32.jar
[2025-09-01 10:46:31,030] {subprocess.py:92} INFO - 25/09/01 10:46:31 INFO Executor: Adding file:/tmp/spark-836aed20-ea80-4c74-80bf-8f779a6dcb67/userFiles-e3fdc1a7-b9b5-4753-9535-8062158975e0/org.slf4j_slf4j-api-1.7.32.jar to class loader
[2025-09-01 10:46:31,030] {subprocess.py:92} INFO - 25/09/01 10:46:31 INFO Executor: Fetching spark://e66737cfc193:35151/jars/org.apache.hadoop_hadoop-client-runtime-3.3.2.jar with timestamp 1756723588595
[2025-09-01 10:46:31,032] {subprocess.py:92} INFO - 25/09/01 10:46:31 INFO Utils: Fetching spark://e66737cfc193:35151/jars/org.apache.hadoop_hadoop-client-runtime-3.3.2.jar to /tmp/spark-836aed20-ea80-4c74-80bf-8f779a6dcb67/userFiles-e3fdc1a7-b9b5-4753-9535-8062158975e0/fetchFileTemp11097886970314319781.tmp
[2025-09-01 10:46:31,265] {subprocess.py:92} INFO - 25/09/01 10:46:31 INFO Utils: /tmp/spark-836aed20-ea80-4c74-80bf-8f779a6dcb67/userFiles-e3fdc1a7-b9b5-4753-9535-8062158975e0/fetchFileTemp11097886970314319781.tmp has been previously copied to /tmp/spark-836aed20-ea80-4c74-80bf-8f779a6dcb67/userFiles-e3fdc1a7-b9b5-4753-9535-8062158975e0/org.apache.hadoop_hadoop-client-runtime-3.3.2.jar
[2025-09-01 10:46:31,278] {subprocess.py:92} INFO - 25/09/01 10:46:31 INFO Executor: Adding file:/tmp/spark-836aed20-ea80-4c74-80bf-8f779a6dcb67/userFiles-e3fdc1a7-b9b5-4753-9535-8062158975e0/org.apache.hadoop_hadoop-client-runtime-3.3.2.jar to class loader
[2025-09-01 10:46:31,278] {subprocess.py:92} INFO - 25/09/01 10:46:31 INFO Executor: Fetching spark://e66737cfc193:35151/jars/org.spark-project.spark_unused-1.0.0.jar with timestamp 1756723588595
[2025-09-01 10:46:31,279] {subprocess.py:92} INFO - 25/09/01 10:46:31 INFO Utils: Fetching spark://e66737cfc193:35151/jars/org.spark-project.spark_unused-1.0.0.jar to /tmp/spark-836aed20-ea80-4c74-80bf-8f779a6dcb67/userFiles-e3fdc1a7-b9b5-4753-9535-8062158975e0/fetchFileTemp11357801339759440488.tmp
[2025-09-01 10:46:31,282] {subprocess.py:92} INFO - 25/09/01 10:46:31 INFO Utils: /tmp/spark-836aed20-ea80-4c74-80bf-8f779a6dcb67/userFiles-e3fdc1a7-b9b5-4753-9535-8062158975e0/fetchFileTemp11357801339759440488.tmp has been previously copied to /tmp/spark-836aed20-ea80-4c74-80bf-8f779a6dcb67/userFiles-e3fdc1a7-b9b5-4753-9535-8062158975e0/org.spark-project.spark_unused-1.0.0.jar
[2025-09-01 10:46:31,290] {subprocess.py:92} INFO - 25/09/01 10:46:31 INFO Executor: Adding file:/tmp/spark-836aed20-ea80-4c74-80bf-8f779a6dcb67/userFiles-e3fdc1a7-b9b5-4753-9535-8062158975e0/org.spark-project.spark_unused-1.0.0.jar to class loader
[2025-09-01 10:46:31,290] {subprocess.py:92} INFO - 25/09/01 10:46:31 INFO Executor: Fetching spark://e66737cfc193:35151/jars/org.lz4_lz4-java-1.8.0.jar with timestamp 1756723588595
[2025-09-01 10:46:31,291] {subprocess.py:92} INFO - 25/09/01 10:46:31 INFO Utils: Fetching spark://e66737cfc193:35151/jars/org.lz4_lz4-java-1.8.0.jar to /tmp/spark-836aed20-ea80-4c74-80bf-8f779a6dcb67/userFiles-e3fdc1a7-b9b5-4753-9535-8062158975e0/fetchFileTemp4813639720037433852.tmp
[2025-09-01 10:46:31,298] {subprocess.py:92} INFO - 25/09/01 10:46:31 INFO Utils: /tmp/spark-836aed20-ea80-4c74-80bf-8f779a6dcb67/userFiles-e3fdc1a7-b9b5-4753-9535-8062158975e0/fetchFileTemp4813639720037433852.tmp has been previously copied to /tmp/spark-836aed20-ea80-4c74-80bf-8f779a6dcb67/userFiles-e3fdc1a7-b9b5-4753-9535-8062158975e0/org.lz4_lz4-java-1.8.0.jar
[2025-09-01 10:46:31,305] {subprocess.py:92} INFO - 25/09/01 10:46:31 INFO Executor: Adding file:/tmp/spark-836aed20-ea80-4c74-80bf-8f779a6dcb67/userFiles-e3fdc1a7-b9b5-4753-9535-8062158975e0/org.lz4_lz4-java-1.8.0.jar to class loader
[2025-09-01 10:46:31,305] {subprocess.py:92} INFO - 25/09/01 10:46:31 INFO Executor: Fetching spark://e66737cfc193:35151/jars/com.google.code.findbugs_jsr305-3.0.0.jar with timestamp 1756723588595
[2025-09-01 10:46:31,306] {subprocess.py:92} INFO - 25/09/01 10:46:31 INFO Utils: Fetching spark://e66737cfc193:35151/jars/com.google.code.findbugs_jsr305-3.0.0.jar to /tmp/spark-836aed20-ea80-4c74-80bf-8f779a6dcb67/userFiles-e3fdc1a7-b9b5-4753-9535-8062158975e0/fetchFileTemp6393702188911342581.tmp
[2025-09-01 10:46:31,309] {subprocess.py:92} INFO - 25/09/01 10:46:31 INFO Utils: /tmp/spark-836aed20-ea80-4c74-80bf-8f779a6dcb67/userFiles-e3fdc1a7-b9b5-4753-9535-8062158975e0/fetchFileTemp6393702188911342581.tmp has been previously copied to /tmp/spark-836aed20-ea80-4c74-80bf-8f779a6dcb67/userFiles-e3fdc1a7-b9b5-4753-9535-8062158975e0/com.google.code.findbugs_jsr305-3.0.0.jar
[2025-09-01 10:46:31,315] {subprocess.py:92} INFO - 25/09/01 10:46:31 INFO Executor: Adding file:/tmp/spark-836aed20-ea80-4c74-80bf-8f779a6dcb67/userFiles-e3fdc1a7-b9b5-4753-9535-8062158975e0/com.google.code.findbugs_jsr305-3.0.0.jar to class loader
[2025-09-01 10:46:31,316] {subprocess.py:92} INFO - 25/09/01 10:46:31 INFO Executor: Fetching spark://e66737cfc193:35151/jars/org.apache.spark_spark-sql-kafka-0-10_2.12-3.3.1.jar with timestamp 1756723588595
[2025-09-01 10:46:31,317] {subprocess.py:92} INFO - 25/09/01 10:46:31 INFO Utils: Fetching spark://e66737cfc193:35151/jars/org.apache.spark_spark-sql-kafka-0-10_2.12-3.3.1.jar to /tmp/spark-836aed20-ea80-4c74-80bf-8f779a6dcb67/userFiles-e3fdc1a7-b9b5-4753-9535-8062158975e0/fetchFileTemp5140919407514922828.tmp
[2025-09-01 10:46:31,323] {subprocess.py:92} INFO - 25/09/01 10:46:31 INFO Utils: /tmp/spark-836aed20-ea80-4c74-80bf-8f779a6dcb67/userFiles-e3fdc1a7-b9b5-4753-9535-8062158975e0/fetchFileTemp5140919407514922828.tmp has been previously copied to /tmp/spark-836aed20-ea80-4c74-80bf-8f779a6dcb67/userFiles-e3fdc1a7-b9b5-4753-9535-8062158975e0/org.apache.spark_spark-sql-kafka-0-10_2.12-3.3.1.jar
[2025-09-01 10:46:31,330] {subprocess.py:92} INFO - 25/09/01 10:46:31 INFO Executor: Adding file:/tmp/spark-836aed20-ea80-4c74-80bf-8f779a6dcb67/userFiles-e3fdc1a7-b9b5-4753-9535-8062158975e0/org.apache.spark_spark-sql-kafka-0-10_2.12-3.3.1.jar to class loader
[2025-09-01 10:46:31,330] {subprocess.py:92} INFO - 25/09/01 10:46:31 INFO Executor: Fetching spark://e66737cfc193:35151/jars/org.apache.spark_spark-token-provider-kafka-0-10_2.12-3.3.1.jar with timestamp 1756723588595
[2025-09-01 10:46:31,332] {subprocess.py:92} INFO - 25/09/01 10:46:31 INFO Utils: Fetching spark://e66737cfc193:35151/jars/org.apache.spark_spark-token-provider-kafka-0-10_2.12-3.3.1.jar to /tmp/spark-836aed20-ea80-4c74-80bf-8f779a6dcb67/userFiles-e3fdc1a7-b9b5-4753-9535-8062158975e0/fetchFileTemp6342433799997674735.tmp
[2025-09-01 10:46:31,335] {subprocess.py:92} INFO - 25/09/01 10:46:31 INFO Utils: /tmp/spark-836aed20-ea80-4c74-80bf-8f779a6dcb67/userFiles-e3fdc1a7-b9b5-4753-9535-8062158975e0/fetchFileTemp6342433799997674735.tmp has been previously copied to /tmp/spark-836aed20-ea80-4c74-80bf-8f779a6dcb67/userFiles-e3fdc1a7-b9b5-4753-9535-8062158975e0/org.apache.spark_spark-token-provider-kafka-0-10_2.12-3.3.1.jar
[2025-09-01 10:46:31,342] {subprocess.py:92} INFO - 25/09/01 10:46:31 INFO Executor: Adding file:/tmp/spark-836aed20-ea80-4c74-80bf-8f779a6dcb67/userFiles-e3fdc1a7-b9b5-4753-9535-8062158975e0/org.apache.spark_spark-token-provider-kafka-0-10_2.12-3.3.1.jar to class loader
[2025-09-01 10:46:31,343] {subprocess.py:92} INFO - 25/09/01 10:46:31 INFO Executor: Fetching spark://e66737cfc193:35151/jars/org.apache.hadoop_hadoop-client-api-3.3.2.jar with timestamp 1756723588595
[2025-09-01 10:46:31,343] {subprocess.py:92} INFO - 25/09/01 10:46:31 INFO Utils: Fetching spark://e66737cfc193:35151/jars/org.apache.hadoop_hadoop-client-api-3.3.2.jar to /tmp/spark-836aed20-ea80-4c74-80bf-8f779a6dcb67/userFiles-e3fdc1a7-b9b5-4753-9535-8062158975e0/fetchFileTemp3289461159295583609.tmp
[2025-09-01 10:46:31,484] {subprocess.py:92} INFO - 25/09/01 10:46:31 INFO Utils: /tmp/spark-836aed20-ea80-4c74-80bf-8f779a6dcb67/userFiles-e3fdc1a7-b9b5-4753-9535-8062158975e0/fetchFileTemp3289461159295583609.tmp has been previously copied to /tmp/spark-836aed20-ea80-4c74-80bf-8f779a6dcb67/userFiles-e3fdc1a7-b9b5-4753-9535-8062158975e0/org.apache.hadoop_hadoop-client-api-3.3.2.jar
[2025-09-01 10:46:31,495] {subprocess.py:92} INFO - 25/09/01 10:46:31 INFO Executor: Adding file:/tmp/spark-836aed20-ea80-4c74-80bf-8f779a6dcb67/userFiles-e3fdc1a7-b9b5-4753-9535-8062158975e0/org.apache.hadoop_hadoop-client-api-3.3.2.jar to class loader
[2025-09-01 10:46:31,495] {subprocess.py:92} INFO - 25/09/01 10:46:31 INFO Executor: Fetching spark://e66737cfc193:35151/jars/org.xerial.snappy_snappy-java-1.1.8.4.jar with timestamp 1756723588595
[2025-09-01 10:46:31,496] {subprocess.py:92} INFO - 25/09/01 10:46:31 INFO Utils: Fetching spark://e66737cfc193:35151/jars/org.xerial.snappy_snappy-java-1.1.8.4.jar to /tmp/spark-836aed20-ea80-4c74-80bf-8f779a6dcb67/userFiles-e3fdc1a7-b9b5-4753-9535-8062158975e0/fetchFileTemp2644948371356283449.tmp
[2025-09-01 10:46:31,510] {subprocess.py:92} INFO - 25/09/01 10:46:31 INFO Utils: /tmp/spark-836aed20-ea80-4c74-80bf-8f779a6dcb67/userFiles-e3fdc1a7-b9b5-4753-9535-8062158975e0/fetchFileTemp2644948371356283449.tmp has been previously copied to /tmp/spark-836aed20-ea80-4c74-80bf-8f779a6dcb67/userFiles-e3fdc1a7-b9b5-4753-9535-8062158975e0/org.xerial.snappy_snappy-java-1.1.8.4.jar
[2025-09-01 10:46:31,519] {subprocess.py:92} INFO - 25/09/01 10:46:31 INFO Executor: Adding file:/tmp/spark-836aed20-ea80-4c74-80bf-8f779a6dcb67/userFiles-e3fdc1a7-b9b5-4753-9535-8062158975e0/org.xerial.snappy_snappy-java-1.1.8.4.jar to class loader
[2025-09-01 10:46:31,519] {subprocess.py:92} INFO - 25/09/01 10:46:31 INFO Executor: Fetching spark://e66737cfc193:35151/jars/org.apache.commons_commons-pool2-2.11.1.jar with timestamp 1756723588595
[2025-09-01 10:46:31,522] {subprocess.py:92} INFO - 25/09/01 10:46:31 INFO Utils: Fetching spark://e66737cfc193:35151/jars/org.apache.commons_commons-pool2-2.11.1.jar to /tmp/spark-836aed20-ea80-4c74-80bf-8f779a6dcb67/userFiles-e3fdc1a7-b9b5-4753-9535-8062158975e0/fetchFileTemp11018711486709981267.tmp
[2025-09-01 10:46:31,525] {subprocess.py:92} INFO - 25/09/01 10:46:31 INFO Utils: /tmp/spark-836aed20-ea80-4c74-80bf-8f779a6dcb67/userFiles-e3fdc1a7-b9b5-4753-9535-8062158975e0/fetchFileTemp11018711486709981267.tmp has been previously copied to /tmp/spark-836aed20-ea80-4c74-80bf-8f779a6dcb67/userFiles-e3fdc1a7-b9b5-4753-9535-8062158975e0/org.apache.commons_commons-pool2-2.11.1.jar
[2025-09-01 10:46:31,533] {subprocess.py:92} INFO - 25/09/01 10:46:31 INFO Executor: Adding file:/tmp/spark-836aed20-ea80-4c74-80bf-8f779a6dcb67/userFiles-e3fdc1a7-b9b5-4753-9535-8062158975e0/org.apache.commons_commons-pool2-2.11.1.jar to class loader
[2025-09-01 10:46:31,533] {subprocess.py:92} INFO - 25/09/01 10:46:31 INFO Executor: Fetching spark://e66737cfc193:35151/jars/org.apache.kafka_kafka-clients-2.8.1.jar with timestamp 1756723588595
[2025-09-01 10:46:31,535] {subprocess.py:92} INFO - 25/09/01 10:46:31 INFO Utils: Fetching spark://e66737cfc193:35151/jars/org.apache.kafka_kafka-clients-2.8.1.jar to /tmp/spark-836aed20-ea80-4c74-80bf-8f779a6dcb67/userFiles-e3fdc1a7-b9b5-4753-9535-8062158975e0/fetchFileTemp10041529413374329525.tmp
[2025-09-01 10:46:31,571] {subprocess.py:92} INFO - 25/09/01 10:46:31 INFO Utils: /tmp/spark-836aed20-ea80-4c74-80bf-8f779a6dcb67/userFiles-e3fdc1a7-b9b5-4753-9535-8062158975e0/fetchFileTemp10041529413374329525.tmp has been previously copied to /tmp/spark-836aed20-ea80-4c74-80bf-8f779a6dcb67/userFiles-e3fdc1a7-b9b5-4753-9535-8062158975e0/org.apache.kafka_kafka-clients-2.8.1.jar
[2025-09-01 10:46:31,580] {subprocess.py:92} INFO - 25/09/01 10:46:31 INFO Executor: Adding file:/tmp/spark-836aed20-ea80-4c74-80bf-8f779a6dcb67/userFiles-e3fdc1a7-b9b5-4753-9535-8062158975e0/org.apache.kafka_kafka-clients-2.8.1.jar to class loader
[2025-09-01 10:46:31,580] {subprocess.py:92} INFO - 25/09/01 10:46:31 INFO Executor: Fetching spark://e66737cfc193:35151/jars/commons-logging_commons-logging-1.1.3.jar with timestamp 1756723588595
[2025-09-01 10:46:31,581] {subprocess.py:92} INFO - 25/09/01 10:46:31 INFO Utils: Fetching spark://e66737cfc193:35151/jars/commons-logging_commons-logging-1.1.3.jar to /tmp/spark-836aed20-ea80-4c74-80bf-8f779a6dcb67/userFiles-e3fdc1a7-b9b5-4753-9535-8062158975e0/fetchFileTemp2995318813271692295.tmp
[2025-09-01 10:46:31,584] {subprocess.py:92} INFO - 25/09/01 10:46:31 INFO Utils: /tmp/spark-836aed20-ea80-4c74-80bf-8f779a6dcb67/userFiles-e3fdc1a7-b9b5-4753-9535-8062158975e0/fetchFileTemp2995318813271692295.tmp has been previously copied to /tmp/spark-836aed20-ea80-4c74-80bf-8f779a6dcb67/userFiles-e3fdc1a7-b9b5-4753-9535-8062158975e0/commons-logging_commons-logging-1.1.3.jar
[2025-09-01 10:46:31,592] {subprocess.py:92} INFO - 25/09/01 10:46:31 INFO Executor: Adding file:/tmp/spark-836aed20-ea80-4c74-80bf-8f779a6dcb67/userFiles-e3fdc1a7-b9b5-4753-9535-8062158975e0/commons-logging_commons-logging-1.1.3.jar to class loader
[2025-09-01 10:46:31,609] {subprocess.py:92} INFO - 25/09/01 10:46:31 INFO Utils: Successfully started service 'org.apache.spark.network.netty.NettyBlockTransferService' on port 33047.
[2025-09-01 10:46:31,609] {subprocess.py:92} INFO - 25/09/01 10:46:31 INFO NettyBlockTransferService: Server created on e66737cfc193:33047
[2025-09-01 10:46:31,613] {subprocess.py:92} INFO - 25/09/01 10:46:31 INFO BlockManager: Using org.apache.spark.storage.RandomBlockReplicationPolicy for block replication policy
[2025-09-01 10:46:31,627] {subprocess.py:92} INFO - 25/09/01 10:46:31 INFO BlockManagerMaster: Registering BlockManager BlockManagerId(driver, e66737cfc193, 33047, None)
[2025-09-01 10:46:31,633] {subprocess.py:92} INFO - 25/09/01 10:46:31 INFO BlockManagerMasterEndpoint: Registering block manager e66737cfc193:33047 with 434.4 MiB RAM, BlockManagerId(driver, e66737cfc193, 33047, None)
[2025-09-01 10:46:31,638] {subprocess.py:92} INFO - 25/09/01 10:46:31 INFO BlockManagerMaster: Registered BlockManager BlockManagerId(driver, e66737cfc193, 33047, None)
[2025-09-01 10:46:31,640] {subprocess.py:92} INFO - 25/09/01 10:46:31 INFO BlockManager: Initialized BlockManager: BlockManagerId(driver, e66737cfc193, 33047, None)
[2025-09-01 10:46:32,514] {subprocess.py:92} INFO - Connexion à Kafka...
[2025-09-01 10:46:37,806] {subprocess.py:92} INFO - Connexion Kafka réussie (kafka:9092)
[2025-09-01 10:46:37,807] {subprocess.py:92} INFO - Transformation des données JSON...
[2025-09-01 10:46:38,531] {subprocess.py:92} INFO - Démarrage du streaming vers HDFS...
[2025-09-01 10:46:40,199] {subprocess.py:92} INFO - Streaming actif - Données météo sauvegardées dans HDFS:/data/weather
[2025-09-01 10:46:44,709] {subprocess.py:92} INFO - 25/09/01 10:46:44 ERROR MicroBatchExecution: Query [id = 8bb46a74-6ffa-4764-a9c6-2e4a331d8211, runId = 0216a6f2-97a9-4867-af9d-ba437f014d5a] terminated with error
[2025-09-01 10:46:44,709] {subprocess.py:92} INFO - org.apache.spark.SparkException: Execution of the stream null failed. Please, fill a bug report in, and provide the full stack trace.
[2025-09-01 10:46:44,709] {subprocess.py:92} INFO - 	at org.apache.spark.sql.execution.QueryExecution$.toInternalError(QueryExecution.scala:500)
[2025-09-01 10:46:44,710] {subprocess.py:92} INFO - 	at org.apache.spark.sql.execution.streaming.StreamExecution.org$apache$spark$sql$execution$streaming$StreamExecution$$runStream(StreamExecution.scala:324)
[2025-09-01 10:46:44,710] {subprocess.py:92} INFO - 	at org.apache.spark.sql.execution.streaming.StreamExecution$$anon$1.run(StreamExecution.scala:208)
[2025-09-01 10:46:44,710] {subprocess.py:92} INFO - Caused by: java.lang.AssertionError: assertion failed: Concurrent update to the log. Multiple streaming jobs detected for 60
[2025-09-01 10:46:44,710] {subprocess.py:92} INFO - 	at scala.Predef$.assert(Predef.scala:223)
[2025-09-01 10:46:44,710] {subprocess.py:92} INFO - 	at org.apache.spark.sql.execution.streaming.MicroBatchExecution.$anonfun$constructNextBatch$13(MicroBatchExecution.scala:496)
[2025-09-01 10:46:44,710] {subprocess.py:92} INFO - 	at scala.runtime.java8.JFunction0$mcV$sp.apply(JFunction0$mcV$sp.java:23)
[2025-09-01 10:46:44,710] {subprocess.py:92} INFO - 	at org.apache.spark.sql.execution.streaming.ProgressReporter.reportTimeTaken(ProgressReporter.scala:375)
[2025-09-01 10:46:44,710] {subprocess.py:92} INFO - 	at org.apache.spark.sql.execution.streaming.ProgressReporter.reportTimeTaken$(ProgressReporter.scala:373)
[2025-09-01 10:46:44,710] {subprocess.py:92} INFO - 	at org.apache.spark.sql.execution.streaming.StreamExecution.reportTimeTaken(StreamExecution.scala:68)
[2025-09-01 10:46:44,711] {subprocess.py:92} INFO - 	at org.apache.spark.sql.execution.streaming.MicroBatchExecution.$anonfun$constructNextBatch$1(MicroBatchExecution.scala:493)
[2025-09-01 10:46:44,711] {subprocess.py:92} INFO - 	at scala.runtime.java8.JFunction0$mcZ$sp.apply(JFunction0$mcZ$sp.java:23)
[2025-09-01 10:46:44,711] {subprocess.py:92} INFO - 	at org.apache.spark.sql.execution.streaming.MicroBatchExecution.withProgressLocked(MicroBatchExecution.scala:693)
[2025-09-01 10:46:44,711] {subprocess.py:92} INFO - 	at org.apache.spark.sql.execution.streaming.MicroBatchExecution.constructNextBatch(MicroBatchExecution.scala:433)
[2025-09-01 10:46:44,711] {subprocess.py:92} INFO - 	at org.apache.spark.sql.execution.streaming.MicroBatchExecution.$anonfun$runActivatedStream$2(MicroBatchExecution.scala:238)
[2025-09-01 10:46:44,711] {subprocess.py:92} INFO - 	at scala.runtime.java8.JFunction0$mcV$sp.apply(JFunction0$mcV$sp.java:23)
[2025-09-01 10:46:44,711] {subprocess.py:92} INFO - 	at org.apache.spark.sql.execution.streaming.ProgressReporter.reportTimeTaken(ProgressReporter.scala:375)
[2025-09-01 10:46:44,711] {subprocess.py:92} INFO - 	at org.apache.spark.sql.execution.streaming.ProgressReporter.reportTimeTaken$(ProgressReporter.scala:373)
[2025-09-01 10:46:44,711] {subprocess.py:92} INFO - 	at org.apache.spark.sql.execution.streaming.StreamExecution.reportTimeTaken(StreamExecution.scala:68)
[2025-09-01 10:46:44,711] {subprocess.py:92} INFO - 	at org.apache.spark.sql.execution.streaming.MicroBatchExecution.$anonfun$runActivatedStream$1(MicroBatchExecution.scala:219)
[2025-09-01 10:46:44,712] {subprocess.py:92} INFO - 	at org.apache.spark.sql.execution.streaming.ProcessingTimeExecutor.execute(TriggerExecutor.scala:67)
[2025-09-01 10:46:44,712] {subprocess.py:92} INFO - 	at org.apache.spark.sql.execution.streaming.MicroBatchExecution.runActivatedStream(MicroBatchExecution.scala:213)
[2025-09-01 10:46:44,712] {subprocess.py:92} INFO - 	at org.apache.spark.sql.execution.streaming.StreamExecution.$anonfun$runStream$1(StreamExecution.scala:307)
[2025-09-01 10:46:44,712] {subprocess.py:92} INFO - 	at scala.runtime.java8.JFunction0$mcV$sp.apply(JFunction0$mcV$sp.java:23)
[2025-09-01 10:46:44,712] {subprocess.py:92} INFO - 	at org.apache.spark.sql.SparkSession.withActive(SparkSession.scala:779)
[2025-09-01 10:46:44,712] {subprocess.py:92} INFO - 	at org.apache.spark.sql.execution.streaming.StreamExecution.org$apache$spark$sql$execution$streaming$StreamExecution$$runStream(StreamExecution.scala:285)
[2025-09-01 10:46:44,712] {subprocess.py:92} INFO - 	... 1 more
[2025-09-01 10:46:44,844] {subprocess.py:92} INFO - Traceback (most recent call last):
[2025-09-01 10:46:44,844] {subprocess.py:92} INFO -   File "/opt/***/scripts/pyspark/streaming.py", line 60, in <module>
[2025-09-01 10:46:44,845] {subprocess.py:92} INFO -     query.awaitTermination()
[2025-09-01 10:46:44,845] {subprocess.py:92} INFO -   File "/opt/spark-3.3.1-bin-hadoop3/python/lib/pyspark.zip/pyspark/sql/streaming.py", line 107, in awaitTermination
[2025-09-01 10:46:44,845] {subprocess.py:92} INFO -   File "/opt/spark-3.3.1-bin-hadoop3/python/lib/py4j-0.10.9.5-src.zip/py4j/java_gateway.py", line 1322, in __call__
[2025-09-01 10:46:44,845] {subprocess.py:92} INFO -   File "/opt/spark-3.3.1-bin-hadoop3/python/lib/pyspark.zip/pyspark/sql/utils.py", line 196, in deco
[2025-09-01 10:46:44,856] {subprocess.py:92} INFO - pyspark.sql.utils.StreamingQueryException: Query [id = 8bb46a74-6ffa-4764-a9c6-2e4a331d8211, runId = 0216a6f2-97a9-4867-af9d-ba437f014d5a] terminated with exception: Execution of the stream null failed. Please, fill a bug report in, and provide the full stack trace.
[2025-09-01 10:46:45,138] {subprocess.py:96} INFO - Command exited with return code 1
[2025-09-01 10:46:45,162] {taskinstance.py:1889} ERROR - Task failed with exception
Traceback (most recent call last):
  File "/home/airflow/.local/lib/python3.7/site-packages/airflow/operators/bash.py", line 195, in execute
    f'Bash command failed. The command returned a non-zero exit code {result.exit_code}.'
airflow.exceptions.AirflowException: Bash command failed. The command returned a non-zero exit code 1.
[2025-09-01 10:46:45,167] {taskinstance.py:1400} INFO - Marking task as UP_FOR_RETRY. dag_id=send_weather_to_kafka, task_id=stream_hdfs, execution_date=20250901T101542, start_date=20250901T104619, end_date=20250901T104645
[2025-09-01 10:46:45,186] {standard_task_runner.py:97} ERROR - Failed to execute job 520 for task stream_hdfs (Bash command failed. The command returned a non-zero exit code 1.; 13239)
[2025-09-01 10:46:45,233] {local_task_job.py:156} INFO - Task exited with return code 1
[2025-09-01 10:46:45,323] {local_task_job.py:273} INFO - 0 downstream tasks scheduled from follow-on schedule check
