[2025-09-01 10:49:45,762] {taskinstance.py:1159} INFO - Dependencies all met for <TaskInstance: send_weather_to_kafka.stream_hdfs scheduled__2025-09-01T10:15:42.251396+00:00 [queued]>
[2025-09-01 10:49:45,774] {taskinstance.py:1159} INFO - Dependencies all met for <TaskInstance: send_weather_to_kafka.stream_hdfs scheduled__2025-09-01T10:15:42.251396+00:00 [queued]>
[2025-09-01 10:49:45,774] {taskinstance.py:1356} INFO - 
--------------------------------------------------------------------------------
[2025-09-01 10:49:45,774] {taskinstance.py:1357} INFO - Starting attempt 2 of 2
[2025-09-01 10:49:45,774] {taskinstance.py:1358} INFO - 
--------------------------------------------------------------------------------
[2025-09-01 10:49:45,789] {taskinstance.py:1377} INFO - Executing <Task(BashOperator): stream_hdfs> on 2025-09-01 10:15:42.251396+00:00
[2025-09-01 10:49:45,795] {standard_task_runner.py:52} INFO - Started process 14549 to run task
[2025-09-01 10:49:45,799] {standard_task_runner.py:79} INFO - Running: ['***', 'tasks', 'run', 'send_weather_to_kafka', 'stream_hdfs', 'scheduled__2025-09-01T10:15:42.251396+00:00', '--job-id', '527', '--raw', '--subdir', 'DAGS_FOLDER/dag_meteo.py', '--cfg-path', '/tmp/tmpj0uufop0', '--error-file', '/tmp/tmp_hiwgpgn']
[2025-09-01 10:49:45,801] {standard_task_runner.py:80} INFO - Job 527: Subtask stream_hdfs
[2025-09-01 10:49:45,821] {logging_mixin.py:115} WARNING - /home/***/.local/lib/python3.7/site-packages/***/configuration.py:470 DeprecationWarning: The sql_alchemy_conn option in [core] has been moved to the sql_alchemy_conn option in [database] - the old setting has been used, but please update your config.
[2025-09-01 10:49:45,882] {task_command.py:369} INFO - Running <TaskInstance: send_weather_to_kafka.stream_hdfs scheduled__2025-09-01T10:15:42.251396+00:00 [running]> on host e66737cfc193
[2025-09-01 10:49:46,018] {taskinstance.py:1571} INFO - Exporting the following env vars:
AIRFLOW_CTX_DAG_OWNER=***
AIRFLOW_CTX_DAG_ID=send_weather_to_kafka
AIRFLOW_CTX_TASK_ID=stream_hdfs
AIRFLOW_CTX_EXECUTION_DATE=2025-09-01T10:15:42.251396+00:00
AIRFLOW_CTX_TRY_NUMBER=2
AIRFLOW_CTX_DAG_RUN_ID=scheduled__2025-09-01T10:15:42.251396+00:00
[2025-09-01 10:49:46,019] {subprocess.py:62} INFO - Tmp dir root location: 
 /tmp
[2025-09-01 10:49:46,020] {subprocess.py:74} INFO - Running command: ['bash', '-c', '\n/home/***/.local/bin/spark-submit   --master local[*]   --conf spark.hadoop.fs.defaultFS=hdfs://namenode:9000   --conf spark.hadoop.dfs.client.use.datanode.hostname=true   --conf spark.sql.adaptive.enabled=false   --packages org.apache.spark:spark-sql-kafka-0-10_2.12:3.3.1   /opt/***/scripts/pyspark/streaming.py']
[2025-09-01 10:49:46,037] {subprocess.py:85} INFO - Output:
[2025-09-01 10:49:46,055] {subprocess.py:92} INFO - /opt/spark-3.3.1-bin-hadoop3/bin/load-spark-env.sh: line 68: ps: command not found
[2025-09-01 10:49:48,497] {subprocess.py:92} INFO - :: loading settings :: url = jar:file:/opt/spark-3.3.1-bin-hadoop3/jars/ivy-2.5.0.jar!/org/apache/ivy/core/settings/ivysettings.xml
[2025-09-01 10:49:48,653] {subprocess.py:92} INFO - Ivy Default Cache set to: /home/***/.ivy2/cache
[2025-09-01 10:49:48,654] {subprocess.py:92} INFO - The jars for the packages stored in: /home/***/.ivy2/jars
[2025-09-01 10:49:48,661] {subprocess.py:92} INFO - org.apache.spark#spark-sql-kafka-0-10_2.12 added as a dependency
[2025-09-01 10:49:48,663] {subprocess.py:92} INFO - :: resolving dependencies :: org.apache.spark#spark-submit-parent-197ff7a6-2aa8-41ec-a815-7d72347d9b4e;1.0
[2025-09-01 10:49:48,663] {subprocess.py:92} INFO - 	confs: [default]
[2025-09-01 10:49:48,996] {subprocess.py:92} INFO - 	found org.apache.spark#spark-sql-kafka-0-10_2.12;3.3.1 in spark-list
[2025-09-01 10:49:49,135] {subprocess.py:92} INFO - 	found org.apache.spark#spark-token-provider-kafka-0-10_2.12;3.3.1 in central
[2025-09-01 10:49:49,207] {subprocess.py:92} INFO - 	found org.apache.kafka#kafka-clients;2.8.1 in central
[2025-09-01 10:49:49,260] {subprocess.py:92} INFO - 	found org.lz4#lz4-java;1.8.0 in central
[2025-09-01 10:49:49,315] {subprocess.py:92} INFO - 	found org.xerial.snappy#snappy-java;1.1.8.4 in central
[2025-09-01 10:49:49,355] {subprocess.py:92} INFO - 	found org.slf4j#slf4j-api;1.7.32 in central
[2025-09-01 10:49:49,396] {subprocess.py:92} INFO - 	found org.apache.hadoop#hadoop-client-runtime;3.3.2 in central
[2025-09-01 10:49:49,432] {subprocess.py:92} INFO - 	found org.spark-project.spark#unused;1.0.0 in central
[2025-09-01 10:49:49,561] {subprocess.py:92} INFO - 	found org.apache.hadoop#hadoop-client-api;3.3.2 in central
[2025-09-01 10:49:49,631] {subprocess.py:92} INFO - 	found commons-logging#commons-logging;1.1.3 in central
[2025-09-01 10:49:49,659] {subprocess.py:92} INFO - 	found com.google.code.findbugs#jsr305;3.0.0 in central
[2025-09-01 10:49:49,698] {subprocess.py:92} INFO - 	found org.apache.commons#commons-pool2;2.11.1 in central
[2025-09-01 10:49:49,816] {subprocess.py:92} INFO - :: resolution report :: resolve 1069ms :: artifacts dl 79ms
[2025-09-01 10:49:49,816] {subprocess.py:92} INFO - 	:: modules in use:
[2025-09-01 10:49:49,817] {subprocess.py:92} INFO - 	com.google.code.findbugs#jsr305;3.0.0 from central in [default]
[2025-09-01 10:49:49,817] {subprocess.py:92} INFO - 	commons-logging#commons-logging;1.1.3 from central in [default]
[2025-09-01 10:49:49,817] {subprocess.py:92} INFO - 	org.apache.commons#commons-pool2;2.11.1 from central in [default]
[2025-09-01 10:49:49,821] {subprocess.py:92} INFO - 	org.apache.hadoop#hadoop-client-api;3.3.2 from central in [default]
[2025-09-01 10:49:49,821] {subprocess.py:92} INFO - 	org.apache.hadoop#hadoop-client-runtime;3.3.2 from central in [default]
[2025-09-01 10:49:49,821] {subprocess.py:92} INFO - 	org.apache.kafka#kafka-clients;2.8.1 from central in [default]
[2025-09-01 10:49:49,822] {subprocess.py:92} INFO - 	org.apache.spark#spark-sql-kafka-0-10_2.12;3.3.1 from spark-list in [default]
[2025-09-01 10:49:49,822] {subprocess.py:92} INFO - 	org.apache.spark#spark-token-provider-kafka-0-10_2.12;3.3.1 from central in [default]
[2025-09-01 10:49:49,822] {subprocess.py:92} INFO - 	org.lz4#lz4-java;1.8.0 from central in [default]
[2025-09-01 10:49:49,822] {subprocess.py:92} INFO - 	org.slf4j#slf4j-api;1.7.32 from central in [default]
[2025-09-01 10:49:49,822] {subprocess.py:92} INFO - 	org.spark-project.spark#unused;1.0.0 from central in [default]
[2025-09-01 10:49:49,822] {subprocess.py:92} INFO - 	org.xerial.snappy#snappy-java;1.1.8.4 from central in [default]
[2025-09-01 10:49:49,822] {subprocess.py:92} INFO - 	---------------------------------------------------------------------
[2025-09-01 10:49:49,822] {subprocess.py:92} INFO - 	|                  |            modules            ||   artifacts   |
[2025-09-01 10:49:49,822] {subprocess.py:92} INFO - 	|       conf       | number| search|dwnlded|evicted|| number|dwnlded|
[2025-09-01 10:49:49,823] {subprocess.py:92} INFO - 	---------------------------------------------------------------------
[2025-09-01 10:49:49,823] {subprocess.py:92} INFO - 	|      default     |   12  |   0   |   0   |   0   ||   12  |   0   |
[2025-09-01 10:49:49,823] {subprocess.py:92} INFO - 	---------------------------------------------------------------------
[2025-09-01 10:49:49,870] {subprocess.py:92} INFO - :: retrieving :: org.apache.spark#spark-submit-parent-197ff7a6-2aa8-41ec-a815-7d72347d9b4e
[2025-09-01 10:49:49,870] {subprocess.py:92} INFO - 	confs: [default]
[2025-09-01 10:49:49,899] {subprocess.py:92} INFO - 	0 artifacts copied, 12 already retrieved (0kB/30ms)
[2025-09-01 10:49:50,392] {subprocess.py:92} INFO - 25/09/01 10:49:50 WARN NativeCodeLoader: Unable to load native-hadoop library for your platform... using builtin-java classes where applicable
[2025-09-01 10:49:52,200] {subprocess.py:92} INFO - 25/09/01 10:49:52 INFO SparkContext: Running Spark version 3.3.1
[2025-09-01 10:49:52,248] {subprocess.py:92} INFO - 25/09/01 10:49:52 INFO ResourceUtils: ==============================================================
[2025-09-01 10:49:52,250] {subprocess.py:92} INFO - 25/09/01 10:49:52 INFO ResourceUtils: No custom resources configured for spark.driver.
[2025-09-01 10:49:52,251] {subprocess.py:92} INFO - 25/09/01 10:49:52 INFO ResourceUtils: ==============================================================
[2025-09-01 10:49:52,252] {subprocess.py:92} INFO - 25/09/01 10:49:52 INFO SparkContext: Submitted application: KafkaToHDFSWeather
[2025-09-01 10:49:52,305] {subprocess.py:92} INFO - 25/09/01 10:49:52 INFO ResourceProfile: Default ResourceProfile created, executor resources: Map(cores -> name: cores, amount: 1, script: , vendor: , memory -> name: memory, amount: 1024, script: , vendor: , offHeap -> name: offHeap, amount: 0, script: , vendor: ), task resources: Map(cpus -> name: cpus, amount: 1.0)
[2025-09-01 10:49:52,338] {subprocess.py:92} INFO - 25/09/01 10:49:52 INFO ResourceProfile: Limiting resource is cpu
[2025-09-01 10:49:52,340] {subprocess.py:92} INFO - 25/09/01 10:49:52 INFO ResourceProfileManager: Added ResourceProfile id: 0
[2025-09-01 10:49:52,460] {subprocess.py:92} INFO - 25/09/01 10:49:52 INFO SecurityManager: Changing view acls to: ***
[2025-09-01 10:49:52,461] {subprocess.py:92} INFO - 25/09/01 10:49:52 INFO SecurityManager: Changing modify acls to: ***
[2025-09-01 10:49:52,462] {subprocess.py:92} INFO - 25/09/01 10:49:52 INFO SecurityManager: Changing view acls groups to:
[2025-09-01 10:49:52,463] {subprocess.py:92} INFO - 25/09/01 10:49:52 INFO SecurityManager: Changing modify acls groups to:
[2025-09-01 10:49:52,464] {subprocess.py:92} INFO - 25/09/01 10:49:52 INFO SecurityManager: SecurityManager: authentication disabled; ui acls disabled; users  with view permissions: Set(***); groups with view permissions: Set(); users  with modify permissions: Set(***); groups with modify permissions: Set()
[2025-09-01 10:49:52,958] {subprocess.py:92} INFO - 25/09/01 10:49:52 INFO Utils: Successfully started service 'sparkDriver' on port 35465.
[2025-09-01 10:49:53,019] {subprocess.py:92} INFO - 25/09/01 10:49:53 INFO SparkEnv: Registering MapOutputTracker
[2025-09-01 10:49:53,091] {subprocess.py:92} INFO - 25/09/01 10:49:53 INFO SparkEnv: Registering BlockManagerMaster
[2025-09-01 10:49:53,124] {subprocess.py:92} INFO - 25/09/01 10:49:53 INFO BlockManagerMasterEndpoint: Using org.apache.spark.storage.DefaultTopologyMapper for getting topology information
[2025-09-01 10:49:53,125] {subprocess.py:92} INFO - 25/09/01 10:49:53 INFO BlockManagerMasterEndpoint: BlockManagerMasterEndpoint up
[2025-09-01 10:49:53,132] {subprocess.py:92} INFO - 25/09/01 10:49:53 INFO SparkEnv: Registering BlockManagerMasterHeartbeat
[2025-09-01 10:49:53,163] {subprocess.py:92} INFO - 25/09/01 10:49:53 INFO DiskBlockManager: Created local directory at /tmp/blockmgr-26d715ee-fd61-4b9b-b30d-e307e85cea75
[2025-09-01 10:49:53,194] {subprocess.py:92} INFO - 25/09/01 10:49:53 INFO MemoryStore: MemoryStore started with capacity 434.4 MiB
[2025-09-01 10:49:53,218] {subprocess.py:92} INFO - 25/09/01 10:49:53 INFO SparkEnv: Registering OutputCommitCoordinator
[2025-09-01 10:49:53,595] {subprocess.py:92} INFO - 25/09/01 10:49:53 WARN Utils: Service 'SparkUI' could not bind on port 4040. Attempting port 4041.
[2025-09-01 10:49:53,617] {subprocess.py:92} INFO - 25/09/01 10:49:53 INFO Utils: Successfully started service 'SparkUI' on port 4041.
[2025-09-01 10:49:53,689] {subprocess.py:92} INFO - 25/09/01 10:49:53 INFO SparkContext: Added JAR file:///home/***/.ivy2/jars/org.apache.spark_spark-sql-kafka-0-10_2.12-3.3.1.jar at spark://e66737cfc193:35465/jars/org.apache.spark_spark-sql-kafka-0-10_2.12-3.3.1.jar with timestamp 1756723792188
[2025-09-01 10:49:53,689] {subprocess.py:92} INFO - 25/09/01 10:49:53 INFO SparkContext: Added JAR file:///home/***/.ivy2/jars/org.apache.spark_spark-token-provider-kafka-0-10_2.12-3.3.1.jar at spark://e66737cfc193:35465/jars/org.apache.spark_spark-token-provider-kafka-0-10_2.12-3.3.1.jar with timestamp 1756723792188
[2025-09-01 10:49:53,690] {subprocess.py:92} INFO - 25/09/01 10:49:53 INFO SparkContext: Added JAR file:///home/***/.ivy2/jars/org.apache.kafka_kafka-clients-2.8.1.jar at spark://e66737cfc193:35465/jars/org.apache.kafka_kafka-clients-2.8.1.jar with timestamp 1756723792188
[2025-09-01 10:49:53,690] {subprocess.py:92} INFO - 25/09/01 10:49:53 INFO SparkContext: Added JAR file:///home/***/.ivy2/jars/com.google.code.findbugs_jsr305-3.0.0.jar at spark://e66737cfc193:35465/jars/com.google.code.findbugs_jsr305-3.0.0.jar with timestamp 1756723792188
[2025-09-01 10:49:53,690] {subprocess.py:92} INFO - 25/09/01 10:49:53 INFO SparkContext: Added JAR file:///home/***/.ivy2/jars/org.apache.commons_commons-pool2-2.11.1.jar at spark://e66737cfc193:35465/jars/org.apache.commons_commons-pool2-2.11.1.jar with timestamp 1756723792188
[2025-09-01 10:49:53,691] {subprocess.py:92} INFO - 25/09/01 10:49:53 INFO SparkContext: Added JAR file:///home/***/.ivy2/jars/org.spark-project.spark_unused-1.0.0.jar at spark://e66737cfc193:35465/jars/org.spark-project.spark_unused-1.0.0.jar with timestamp 1756723792188
[2025-09-01 10:49:53,691] {subprocess.py:92} INFO - 25/09/01 10:49:53 INFO SparkContext: Added JAR file:///home/***/.ivy2/jars/org.apache.hadoop_hadoop-client-runtime-3.3.2.jar at spark://e66737cfc193:35465/jars/org.apache.hadoop_hadoop-client-runtime-3.3.2.jar with timestamp 1756723792188
[2025-09-01 10:49:53,691] {subprocess.py:92} INFO - 25/09/01 10:49:53 INFO SparkContext: Added JAR file:///home/***/.ivy2/jars/org.lz4_lz4-java-1.8.0.jar at spark://e66737cfc193:35465/jars/org.lz4_lz4-java-1.8.0.jar with timestamp 1756723792188
[2025-09-01 10:49:53,692] {subprocess.py:92} INFO - 25/09/01 10:49:53 INFO SparkContext: Added JAR file:///home/***/.ivy2/jars/org.xerial.snappy_snappy-java-1.1.8.4.jar at spark://e66737cfc193:35465/jars/org.xerial.snappy_snappy-java-1.1.8.4.jar with timestamp 1756723792188
[2025-09-01 10:49:53,695] {subprocess.py:92} INFO - 25/09/01 10:49:53 INFO SparkContext: Added JAR file:///home/***/.ivy2/jars/org.slf4j_slf4j-api-1.7.32.jar at spark://e66737cfc193:35465/jars/org.slf4j_slf4j-api-1.7.32.jar with timestamp 1756723792188
[2025-09-01 10:49:53,695] {subprocess.py:92} INFO - 25/09/01 10:49:53 INFO SparkContext: Added JAR file:///home/***/.ivy2/jars/org.apache.hadoop_hadoop-client-api-3.3.2.jar at spark://e66737cfc193:35465/jars/org.apache.hadoop_hadoop-client-api-3.3.2.jar with timestamp 1756723792188
[2025-09-01 10:49:53,696] {subprocess.py:92} INFO - 25/09/01 10:49:53 INFO SparkContext: Added JAR file:///home/***/.ivy2/jars/commons-logging_commons-logging-1.1.3.jar at spark://e66737cfc193:35465/jars/commons-logging_commons-logging-1.1.3.jar with timestamp 1756723792188
[2025-09-01 10:49:53,698] {subprocess.py:92} INFO - 25/09/01 10:49:53 INFO SparkContext: Added file file:///home/***/.ivy2/jars/org.apache.spark_spark-sql-kafka-0-10_2.12-3.3.1.jar at file:///home/***/.ivy2/jars/org.apache.spark_spark-sql-kafka-0-10_2.12-3.3.1.jar with timestamp 1756723792188
[2025-09-01 10:49:53,701] {subprocess.py:92} INFO - 25/09/01 10:49:53 INFO Utils: Copying /home/***/.ivy2/jars/org.apache.spark_spark-sql-kafka-0-10_2.12-3.3.1.jar to /tmp/spark-1e9b1c3b-01b3-4594-9b27-a658880093b3/userFiles-9a21f7a1-ee38-4263-8eae-d51d2ff98fec/org.apache.spark_spark-sql-kafka-0-10_2.12-3.3.1.jar
[2025-09-01 10:49:53,723] {subprocess.py:92} INFO - 25/09/01 10:49:53 INFO SparkContext: Added file file:///home/***/.ivy2/jars/org.apache.spark_spark-token-provider-kafka-0-10_2.12-3.3.1.jar at file:///home/***/.ivy2/jars/org.apache.spark_spark-token-provider-kafka-0-10_2.12-3.3.1.jar with timestamp 1756723792188
[2025-09-01 10:49:53,724] {subprocess.py:92} INFO - 25/09/01 10:49:53 INFO Utils: Copying /home/***/.ivy2/jars/org.apache.spark_spark-token-provider-kafka-0-10_2.12-3.3.1.jar to /tmp/spark-1e9b1c3b-01b3-4594-9b27-a658880093b3/userFiles-9a21f7a1-ee38-4263-8eae-d51d2ff98fec/org.apache.spark_spark-token-provider-kafka-0-10_2.12-3.3.1.jar
[2025-09-01 10:49:53,734] {subprocess.py:92} INFO - 25/09/01 10:49:53 INFO SparkContext: Added file file:///home/***/.ivy2/jars/org.apache.kafka_kafka-clients-2.8.1.jar at file:///home/***/.ivy2/jars/org.apache.kafka_kafka-clients-2.8.1.jar with timestamp 1756723792188
[2025-09-01 10:49:53,734] {subprocess.py:92} INFO - 25/09/01 10:49:53 INFO Utils: Copying /home/***/.ivy2/jars/org.apache.kafka_kafka-clients-2.8.1.jar to /tmp/spark-1e9b1c3b-01b3-4594-9b27-a658880093b3/userFiles-9a21f7a1-ee38-4263-8eae-d51d2ff98fec/org.apache.kafka_kafka-clients-2.8.1.jar
[2025-09-01 10:49:53,752] {subprocess.py:92} INFO - 25/09/01 10:49:53 INFO SparkContext: Added file file:///home/***/.ivy2/jars/com.google.code.findbugs_jsr305-3.0.0.jar at file:///home/***/.ivy2/jars/com.google.code.findbugs_jsr305-3.0.0.jar with timestamp 1756723792188
[2025-09-01 10:49:53,752] {subprocess.py:92} INFO - 25/09/01 10:49:53 INFO Utils: Copying /home/***/.ivy2/jars/com.google.code.findbugs_jsr305-3.0.0.jar to /tmp/spark-1e9b1c3b-01b3-4594-9b27-a658880093b3/userFiles-9a21f7a1-ee38-4263-8eae-d51d2ff98fec/com.google.code.findbugs_jsr305-3.0.0.jar
[2025-09-01 10:49:53,764] {subprocess.py:92} INFO - 25/09/01 10:49:53 INFO SparkContext: Added file file:///home/***/.ivy2/jars/org.apache.commons_commons-pool2-2.11.1.jar at file:///home/***/.ivy2/jars/org.apache.commons_commons-pool2-2.11.1.jar with timestamp 1756723792188
[2025-09-01 10:49:53,764] {subprocess.py:92} INFO - 25/09/01 10:49:53 INFO Utils: Copying /home/***/.ivy2/jars/org.apache.commons_commons-pool2-2.11.1.jar to /tmp/spark-1e9b1c3b-01b3-4594-9b27-a658880093b3/userFiles-9a21f7a1-ee38-4263-8eae-d51d2ff98fec/org.apache.commons_commons-pool2-2.11.1.jar
[2025-09-01 10:49:53,774] {subprocess.py:92} INFO - 25/09/01 10:49:53 INFO SparkContext: Added file file:///home/***/.ivy2/jars/org.spark-project.spark_unused-1.0.0.jar at file:///home/***/.ivy2/jars/org.spark-project.spark_unused-1.0.0.jar with timestamp 1756723792188
[2025-09-01 10:49:53,774] {subprocess.py:92} INFO - 25/09/01 10:49:53 INFO Utils: Copying /home/***/.ivy2/jars/org.spark-project.spark_unused-1.0.0.jar to /tmp/spark-1e9b1c3b-01b3-4594-9b27-a658880093b3/userFiles-9a21f7a1-ee38-4263-8eae-d51d2ff98fec/org.spark-project.spark_unused-1.0.0.jar
[2025-09-01 10:49:53,788] {subprocess.py:92} INFO - 25/09/01 10:49:53 INFO SparkContext: Added file file:///home/***/.ivy2/jars/org.apache.hadoop_hadoop-client-runtime-3.3.2.jar at file:///home/***/.ivy2/jars/org.apache.hadoop_hadoop-client-runtime-3.3.2.jar with timestamp 1756723792188
[2025-09-01 10:49:53,788] {subprocess.py:92} INFO - 25/09/01 10:49:53 INFO Utils: Copying /home/***/.ivy2/jars/org.apache.hadoop_hadoop-client-runtime-3.3.2.jar to /tmp/spark-1e9b1c3b-01b3-4594-9b27-a658880093b3/userFiles-9a21f7a1-ee38-4263-8eae-d51d2ff98fec/org.apache.hadoop_hadoop-client-runtime-3.3.2.jar
[2025-09-01 10:49:53,839] {subprocess.py:92} INFO - 25/09/01 10:49:53 INFO SparkContext: Added file file:///home/***/.ivy2/jars/org.lz4_lz4-java-1.8.0.jar at file:///home/***/.ivy2/jars/org.lz4_lz4-java-1.8.0.jar with timestamp 1756723792188
[2025-09-01 10:49:53,839] {subprocess.py:92} INFO - 25/09/01 10:49:53 INFO Utils: Copying /home/***/.ivy2/jars/org.lz4_lz4-java-1.8.0.jar to /tmp/spark-1e9b1c3b-01b3-4594-9b27-a658880093b3/userFiles-9a21f7a1-ee38-4263-8eae-d51d2ff98fec/org.lz4_lz4-java-1.8.0.jar
[2025-09-01 10:49:53,848] {subprocess.py:92} INFO - 25/09/01 10:49:53 INFO SparkContext: Added file file:///home/***/.ivy2/jars/org.xerial.snappy_snappy-java-1.1.8.4.jar at file:///home/***/.ivy2/jars/org.xerial.snappy_snappy-java-1.1.8.4.jar with timestamp 1756723792188
[2025-09-01 10:49:53,849] {subprocess.py:92} INFO - 25/09/01 10:49:53 INFO Utils: Copying /home/***/.ivy2/jars/org.xerial.snappy_snappy-java-1.1.8.4.jar to /tmp/spark-1e9b1c3b-01b3-4594-9b27-a658880093b3/userFiles-9a21f7a1-ee38-4263-8eae-d51d2ff98fec/org.xerial.snappy_snappy-java-1.1.8.4.jar
[2025-09-01 10:49:53,857] {subprocess.py:92} INFO - 25/09/01 10:49:53 INFO SparkContext: Added file file:///home/***/.ivy2/jars/org.slf4j_slf4j-api-1.7.32.jar at file:///home/***/.ivy2/jars/org.slf4j_slf4j-api-1.7.32.jar with timestamp 1756723792188
[2025-09-01 10:49:53,858] {subprocess.py:92} INFO - 25/09/01 10:49:53 INFO Utils: Copying /home/***/.ivy2/jars/org.slf4j_slf4j-api-1.7.32.jar to /tmp/spark-1e9b1c3b-01b3-4594-9b27-a658880093b3/userFiles-9a21f7a1-ee38-4263-8eae-d51d2ff98fec/org.slf4j_slf4j-api-1.7.32.jar
[2025-09-01 10:49:53,864] {subprocess.py:92} INFO - 25/09/01 10:49:53 INFO SparkContext: Added file file:///home/***/.ivy2/jars/org.apache.hadoop_hadoop-client-api-3.3.2.jar at file:///home/***/.ivy2/jars/org.apache.hadoop_hadoop-client-api-3.3.2.jar with timestamp 1756723792188
[2025-09-01 10:49:53,865] {subprocess.py:92} INFO - 25/09/01 10:49:53 INFO Utils: Copying /home/***/.ivy2/jars/org.apache.hadoop_hadoop-client-api-3.3.2.jar to /tmp/spark-1e9b1c3b-01b3-4594-9b27-a658880093b3/userFiles-9a21f7a1-ee38-4263-8eae-d51d2ff98fec/org.apache.hadoop_hadoop-client-api-3.3.2.jar
[2025-09-01 10:49:53,890] {subprocess.py:92} INFO - 25/09/01 10:49:53 INFO SparkContext: Added file file:///home/***/.ivy2/jars/commons-logging_commons-logging-1.1.3.jar at file:///home/***/.ivy2/jars/commons-logging_commons-logging-1.1.3.jar with timestamp 1756723792188
[2025-09-01 10:49:53,890] {subprocess.py:92} INFO - 25/09/01 10:49:53 INFO Utils: Copying /home/***/.ivy2/jars/commons-logging_commons-logging-1.1.3.jar to /tmp/spark-1e9b1c3b-01b3-4594-9b27-a658880093b3/userFiles-9a21f7a1-ee38-4263-8eae-d51d2ff98fec/commons-logging_commons-logging-1.1.3.jar
[2025-09-01 10:49:54,032] {subprocess.py:92} INFO - 25/09/01 10:49:54 INFO Executor: Starting executor ID driver on host e66737cfc193
[2025-09-01 10:49:54,047] {subprocess.py:92} INFO - 25/09/01 10:49:54 INFO Executor: Starting executor with user classpath (userClassPathFirst = false): ''
[2025-09-01 10:49:54,069] {subprocess.py:92} INFO - 25/09/01 10:49:54 INFO Executor: Fetching file:///home/***/.ivy2/jars/commons-logging_commons-logging-1.1.3.jar with timestamp 1756723792188
[2025-09-01 10:49:54,110] {subprocess.py:92} INFO - 25/09/01 10:49:54 INFO Utils: /home/***/.ivy2/jars/commons-logging_commons-logging-1.1.3.jar has been previously copied to /tmp/spark-1e9b1c3b-01b3-4594-9b27-a658880093b3/userFiles-9a21f7a1-ee38-4263-8eae-d51d2ff98fec/commons-logging_commons-logging-1.1.3.jar
[2025-09-01 10:49:54,118] {subprocess.py:92} INFO - 25/09/01 10:49:54 INFO Executor: Fetching file:///home/***/.ivy2/jars/org.spark-project.spark_unused-1.0.0.jar with timestamp 1756723792188
[2025-09-01 10:49:54,119] {subprocess.py:92} INFO - 25/09/01 10:49:54 INFO Utils: /home/***/.ivy2/jars/org.spark-project.spark_unused-1.0.0.jar has been previously copied to /tmp/spark-1e9b1c3b-01b3-4594-9b27-a658880093b3/userFiles-9a21f7a1-ee38-4263-8eae-d51d2ff98fec/org.spark-project.spark_unused-1.0.0.jar
[2025-09-01 10:49:54,127] {subprocess.py:92} INFO - 25/09/01 10:49:54 INFO Executor: Fetching file:///home/***/.ivy2/jars/org.apache.spark_spark-sql-kafka-0-10_2.12-3.3.1.jar with timestamp 1756723792188
[2025-09-01 10:49:54,138] {subprocess.py:92} INFO - 25/09/01 10:49:54 INFO Utils: /home/***/.ivy2/jars/org.apache.spark_spark-sql-kafka-0-10_2.12-3.3.1.jar has been previously copied to /tmp/spark-1e9b1c3b-01b3-4594-9b27-a658880093b3/userFiles-9a21f7a1-ee38-4263-8eae-d51d2ff98fec/org.apache.spark_spark-sql-kafka-0-10_2.12-3.3.1.jar
[2025-09-01 10:49:54,144] {subprocess.py:92} INFO - 25/09/01 10:49:54 INFO Executor: Fetching file:///home/***/.ivy2/jars/org.apache.hadoop_hadoop-client-api-3.3.2.jar with timestamp 1756723792188
[2025-09-01 10:49:54,164] {subprocess.py:92} INFO - 25/09/01 10:49:54 INFO Utils: /home/***/.ivy2/jars/org.apache.hadoop_hadoop-client-api-3.3.2.jar has been previously copied to /tmp/spark-1e9b1c3b-01b3-4594-9b27-a658880093b3/userFiles-9a21f7a1-ee38-4263-8eae-d51d2ff98fec/org.apache.hadoop_hadoop-client-api-3.3.2.jar
[2025-09-01 10:49:54,169] {subprocess.py:92} INFO - 25/09/01 10:49:54 INFO Executor: Fetching file:///home/***/.ivy2/jars/org.apache.hadoop_hadoop-client-runtime-3.3.2.jar with timestamp 1756723792188
[2025-09-01 10:49:54,229] {subprocess.py:92} INFO - 25/09/01 10:49:54 INFO Utils: /home/***/.ivy2/jars/org.apache.hadoop_hadoop-client-runtime-3.3.2.jar has been previously copied to /tmp/spark-1e9b1c3b-01b3-4594-9b27-a658880093b3/userFiles-9a21f7a1-ee38-4263-8eae-d51d2ff98fec/org.apache.hadoop_hadoop-client-runtime-3.3.2.jar
[2025-09-01 10:49:54,235] {subprocess.py:92} INFO - 25/09/01 10:49:54 INFO Executor: Fetching file:///home/***/.ivy2/jars/org.slf4j_slf4j-api-1.7.32.jar with timestamp 1756723792188
[2025-09-01 10:49:54,236] {subprocess.py:92} INFO - 25/09/01 10:49:54 INFO Utils: /home/***/.ivy2/jars/org.slf4j_slf4j-api-1.7.32.jar has been previously copied to /tmp/spark-1e9b1c3b-01b3-4594-9b27-a658880093b3/userFiles-9a21f7a1-ee38-4263-8eae-d51d2ff98fec/org.slf4j_slf4j-api-1.7.32.jar
[2025-09-01 10:49:54,243] {subprocess.py:92} INFO - 25/09/01 10:49:54 INFO Executor: Fetching file:///home/***/.ivy2/jars/org.lz4_lz4-java-1.8.0.jar with timestamp 1756723792188
[2025-09-01 10:49:54,246] {subprocess.py:92} INFO - 25/09/01 10:49:54 INFO Utils: /home/***/.ivy2/jars/org.lz4_lz4-java-1.8.0.jar has been previously copied to /tmp/spark-1e9b1c3b-01b3-4594-9b27-a658880093b3/userFiles-9a21f7a1-ee38-4263-8eae-d51d2ff98fec/org.lz4_lz4-java-1.8.0.jar
[2025-09-01 10:49:54,252] {subprocess.py:92} INFO - 25/09/01 10:49:54 INFO Executor: Fetching file:///home/***/.ivy2/jars/org.apache.commons_commons-pool2-2.11.1.jar with timestamp 1756723792188
[2025-09-01 10:49:54,253] {subprocess.py:92} INFO - 25/09/01 10:49:54 INFO Utils: /home/***/.ivy2/jars/org.apache.commons_commons-pool2-2.11.1.jar has been previously copied to /tmp/spark-1e9b1c3b-01b3-4594-9b27-a658880093b3/userFiles-9a21f7a1-ee38-4263-8eae-d51d2ff98fec/org.apache.commons_commons-pool2-2.11.1.jar
[2025-09-01 10:49:54,258] {subprocess.py:92} INFO - 25/09/01 10:49:54 INFO Executor: Fetching file:///home/***/.ivy2/jars/com.google.code.findbugs_jsr305-3.0.0.jar with timestamp 1756723792188
[2025-09-01 10:49:54,259] {subprocess.py:92} INFO - 25/09/01 10:49:54 INFO Utils: /home/***/.ivy2/jars/com.google.code.findbugs_jsr305-3.0.0.jar has been previously copied to /tmp/spark-1e9b1c3b-01b3-4594-9b27-a658880093b3/userFiles-9a21f7a1-ee38-4263-8eae-d51d2ff98fec/com.google.code.findbugs_jsr305-3.0.0.jar
[2025-09-01 10:49:54,268] {subprocess.py:92} INFO - 25/09/01 10:49:54 INFO Executor: Fetching file:///home/***/.ivy2/jars/org.apache.spark_spark-token-provider-kafka-0-10_2.12-3.3.1.jar with timestamp 1756723792188
[2025-09-01 10:49:54,268] {subprocess.py:92} INFO - 25/09/01 10:49:54 INFO Utils: /home/***/.ivy2/jars/org.apache.spark_spark-token-provider-kafka-0-10_2.12-3.3.1.jar has been previously copied to /tmp/spark-1e9b1c3b-01b3-4594-9b27-a658880093b3/userFiles-9a21f7a1-ee38-4263-8eae-d51d2ff98fec/org.apache.spark_spark-token-provider-kafka-0-10_2.12-3.3.1.jar
[2025-09-01 10:49:54,275] {subprocess.py:92} INFO - 25/09/01 10:49:54 INFO Executor: Fetching file:///home/***/.ivy2/jars/org.apache.kafka_kafka-clients-2.8.1.jar with timestamp 1756723792188
[2025-09-01 10:49:54,285] {subprocess.py:92} INFO - 25/09/01 10:49:54 INFO Utils: /home/***/.ivy2/jars/org.apache.kafka_kafka-clients-2.8.1.jar has been previously copied to /tmp/spark-1e9b1c3b-01b3-4594-9b27-a658880093b3/userFiles-9a21f7a1-ee38-4263-8eae-d51d2ff98fec/org.apache.kafka_kafka-clients-2.8.1.jar
[2025-09-01 10:49:54,294] {subprocess.py:92} INFO - 25/09/01 10:49:54 INFO Executor: Fetching file:///home/***/.ivy2/jars/org.xerial.snappy_snappy-java-1.1.8.4.jar with timestamp 1756723792188
[2025-09-01 10:49:54,299] {subprocess.py:92} INFO - 25/09/01 10:49:54 INFO Utils: /home/***/.ivy2/jars/org.xerial.snappy_snappy-java-1.1.8.4.jar has been previously copied to /tmp/spark-1e9b1c3b-01b3-4594-9b27-a658880093b3/userFiles-9a21f7a1-ee38-4263-8eae-d51d2ff98fec/org.xerial.snappy_snappy-java-1.1.8.4.jar
[2025-09-01 10:49:54,306] {subprocess.py:92} INFO - 25/09/01 10:49:54 INFO Executor: Fetching spark://e66737cfc193:35465/jars/org.apache.kafka_kafka-clients-2.8.1.jar with timestamp 1756723792188
[2025-09-01 10:49:54,378] {subprocess.py:92} INFO - 25/09/01 10:49:54 INFO TransportClientFactory: Successfully created connection to e66737cfc193/172.20.0.18:35465 after 55 ms (0 ms spent in bootstraps)
[2025-09-01 10:49:54,390] {subprocess.py:92} INFO - 25/09/01 10:49:54 INFO Utils: Fetching spark://e66737cfc193:35465/jars/org.apache.kafka_kafka-clients-2.8.1.jar to /tmp/spark-1e9b1c3b-01b3-4594-9b27-a658880093b3/userFiles-9a21f7a1-ee38-4263-8eae-d51d2ff98fec/fetchFileTemp16586647791017645245.tmp
[2025-09-01 10:49:54,490] {subprocess.py:92} INFO - 25/09/01 10:49:54 INFO Utils: /tmp/spark-1e9b1c3b-01b3-4594-9b27-a658880093b3/userFiles-9a21f7a1-ee38-4263-8eae-d51d2ff98fec/fetchFileTemp16586647791017645245.tmp has been previously copied to /tmp/spark-1e9b1c3b-01b3-4594-9b27-a658880093b3/userFiles-9a21f7a1-ee38-4263-8eae-d51d2ff98fec/org.apache.kafka_kafka-clients-2.8.1.jar
[2025-09-01 10:49:54,497] {subprocess.py:92} INFO - 25/09/01 10:49:54 INFO Executor: Adding file:/tmp/spark-1e9b1c3b-01b3-4594-9b27-a658880093b3/userFiles-9a21f7a1-ee38-4263-8eae-d51d2ff98fec/org.apache.kafka_kafka-clients-2.8.1.jar to class loader
[2025-09-01 10:49:54,497] {subprocess.py:92} INFO - 25/09/01 10:49:54 INFO Executor: Fetching spark://e66737cfc193:35465/jars/org.apache.commons_commons-pool2-2.11.1.jar with timestamp 1756723792188
[2025-09-01 10:49:54,498] {subprocess.py:92} INFO - 25/09/01 10:49:54 INFO Utils: Fetching spark://e66737cfc193:35465/jars/org.apache.commons_commons-pool2-2.11.1.jar to /tmp/spark-1e9b1c3b-01b3-4594-9b27-a658880093b3/userFiles-9a21f7a1-ee38-4263-8eae-d51d2ff98fec/fetchFileTemp2609623290396046146.tmp
[2025-09-01 10:49:54,500] {subprocess.py:92} INFO - 25/09/01 10:49:54 INFO Utils: /tmp/spark-1e9b1c3b-01b3-4594-9b27-a658880093b3/userFiles-9a21f7a1-ee38-4263-8eae-d51d2ff98fec/fetchFileTemp2609623290396046146.tmp has been previously copied to /tmp/spark-1e9b1c3b-01b3-4594-9b27-a658880093b3/userFiles-9a21f7a1-ee38-4263-8eae-d51d2ff98fec/org.apache.commons_commons-pool2-2.11.1.jar
[2025-09-01 10:49:54,504] {subprocess.py:92} INFO - 25/09/01 10:49:54 INFO Executor: Adding file:/tmp/spark-1e9b1c3b-01b3-4594-9b27-a658880093b3/userFiles-9a21f7a1-ee38-4263-8eae-d51d2ff98fec/org.apache.commons_commons-pool2-2.11.1.jar to class loader
[2025-09-01 10:49:54,505] {subprocess.py:92} INFO - 25/09/01 10:49:54 INFO Executor: Fetching spark://e66737cfc193:35465/jars/com.google.code.findbugs_jsr305-3.0.0.jar with timestamp 1756723792188
[2025-09-01 10:49:54,505] {subprocess.py:92} INFO - 25/09/01 10:49:54 INFO Utils: Fetching spark://e66737cfc193:35465/jars/com.google.code.findbugs_jsr305-3.0.0.jar to /tmp/spark-1e9b1c3b-01b3-4594-9b27-a658880093b3/userFiles-9a21f7a1-ee38-4263-8eae-d51d2ff98fec/fetchFileTemp2188349484738473253.tmp
[2025-09-01 10:49:54,509] {subprocess.py:92} INFO - 25/09/01 10:49:54 INFO Utils: /tmp/spark-1e9b1c3b-01b3-4594-9b27-a658880093b3/userFiles-9a21f7a1-ee38-4263-8eae-d51d2ff98fec/fetchFileTemp2188349484738473253.tmp has been previously copied to /tmp/spark-1e9b1c3b-01b3-4594-9b27-a658880093b3/userFiles-9a21f7a1-ee38-4263-8eae-d51d2ff98fec/com.google.code.findbugs_jsr305-3.0.0.jar
[2025-09-01 10:49:54,516] {subprocess.py:92} INFO - 25/09/01 10:49:54 INFO Executor: Adding file:/tmp/spark-1e9b1c3b-01b3-4594-9b27-a658880093b3/userFiles-9a21f7a1-ee38-4263-8eae-d51d2ff98fec/com.google.code.findbugs_jsr305-3.0.0.jar to class loader
[2025-09-01 10:49:54,516] {subprocess.py:92} INFO - 25/09/01 10:49:54 INFO Executor: Fetching spark://e66737cfc193:35465/jars/org.apache.hadoop_hadoop-client-runtime-3.3.2.jar with timestamp 1756723792188
[2025-09-01 10:49:54,517] {subprocess.py:92} INFO - 25/09/01 10:49:54 INFO Utils: Fetching spark://e66737cfc193:35465/jars/org.apache.hadoop_hadoop-client-runtime-3.3.2.jar to /tmp/spark-1e9b1c3b-01b3-4594-9b27-a658880093b3/userFiles-9a21f7a1-ee38-4263-8eae-d51d2ff98fec/fetchFileTemp7797450307458990280.tmp
[2025-09-01 10:49:54,694] {subprocess.py:92} INFO - 25/09/01 10:49:54 INFO Utils: /tmp/spark-1e9b1c3b-01b3-4594-9b27-a658880093b3/userFiles-9a21f7a1-ee38-4263-8eae-d51d2ff98fec/fetchFileTemp7797450307458990280.tmp has been previously copied to /tmp/spark-1e9b1c3b-01b3-4594-9b27-a658880093b3/userFiles-9a21f7a1-ee38-4263-8eae-d51d2ff98fec/org.apache.hadoop_hadoop-client-runtime-3.3.2.jar
[2025-09-01 10:49:54,702] {subprocess.py:92} INFO - 25/09/01 10:49:54 INFO Executor: Adding file:/tmp/spark-1e9b1c3b-01b3-4594-9b27-a658880093b3/userFiles-9a21f7a1-ee38-4263-8eae-d51d2ff98fec/org.apache.hadoop_hadoop-client-runtime-3.3.2.jar to class loader
[2025-09-01 10:49:54,702] {subprocess.py:92} INFO - 25/09/01 10:49:54 INFO Executor: Fetching spark://e66737cfc193:35465/jars/org.apache.hadoop_hadoop-client-api-3.3.2.jar with timestamp 1756723792188
[2025-09-01 10:49:54,703] {subprocess.py:92} INFO - 25/09/01 10:49:54 INFO Utils: Fetching spark://e66737cfc193:35465/jars/org.apache.hadoop_hadoop-client-api-3.3.2.jar to /tmp/spark-1e9b1c3b-01b3-4594-9b27-a658880093b3/userFiles-9a21f7a1-ee38-4263-8eae-d51d2ff98fec/fetchFileTemp1104153507179916286.tmp
[2025-09-01 10:49:54,817] {subprocess.py:92} INFO - 25/09/01 10:49:54 INFO Utils: /tmp/spark-1e9b1c3b-01b3-4594-9b27-a658880093b3/userFiles-9a21f7a1-ee38-4263-8eae-d51d2ff98fec/fetchFileTemp1104153507179916286.tmp has been previously copied to /tmp/spark-1e9b1c3b-01b3-4594-9b27-a658880093b3/userFiles-9a21f7a1-ee38-4263-8eae-d51d2ff98fec/org.apache.hadoop_hadoop-client-api-3.3.2.jar
[2025-09-01 10:49:54,826] {subprocess.py:92} INFO - 25/09/01 10:49:54 INFO Executor: Adding file:/tmp/spark-1e9b1c3b-01b3-4594-9b27-a658880093b3/userFiles-9a21f7a1-ee38-4263-8eae-d51d2ff98fec/org.apache.hadoop_hadoop-client-api-3.3.2.jar to class loader
[2025-09-01 10:49:54,826] {subprocess.py:92} INFO - 25/09/01 10:49:54 INFO Executor: Fetching spark://e66737cfc193:35465/jars/org.lz4_lz4-java-1.8.0.jar with timestamp 1756723792188
[2025-09-01 10:49:54,827] {subprocess.py:92} INFO - 25/09/01 10:49:54 INFO Utils: Fetching spark://e66737cfc193:35465/jars/org.lz4_lz4-java-1.8.0.jar to /tmp/spark-1e9b1c3b-01b3-4594-9b27-a658880093b3/userFiles-9a21f7a1-ee38-4263-8eae-d51d2ff98fec/fetchFileTemp6695896041325955348.tmp
[2025-09-01 10:49:54,832] {subprocess.py:92} INFO - 25/09/01 10:49:54 INFO Utils: /tmp/spark-1e9b1c3b-01b3-4594-9b27-a658880093b3/userFiles-9a21f7a1-ee38-4263-8eae-d51d2ff98fec/fetchFileTemp6695896041325955348.tmp has been previously copied to /tmp/spark-1e9b1c3b-01b3-4594-9b27-a658880093b3/userFiles-9a21f7a1-ee38-4263-8eae-d51d2ff98fec/org.lz4_lz4-java-1.8.0.jar
[2025-09-01 10:49:54,836] {subprocess.py:92} INFO - 25/09/01 10:49:54 INFO Executor: Adding file:/tmp/spark-1e9b1c3b-01b3-4594-9b27-a658880093b3/userFiles-9a21f7a1-ee38-4263-8eae-d51d2ff98fec/org.lz4_lz4-java-1.8.0.jar to class loader
[2025-09-01 10:49:54,837] {subprocess.py:92} INFO - 25/09/01 10:49:54 INFO Executor: Fetching spark://e66737cfc193:35465/jars/org.xerial.snappy_snappy-java-1.1.8.4.jar with timestamp 1756723792188
[2025-09-01 10:49:54,838] {subprocess.py:92} INFO - 25/09/01 10:49:54 INFO Utils: Fetching spark://e66737cfc193:35465/jars/org.xerial.snappy_snappy-java-1.1.8.4.jar to /tmp/spark-1e9b1c3b-01b3-4594-9b27-a658880093b3/userFiles-9a21f7a1-ee38-4263-8eae-d51d2ff98fec/fetchFileTemp18264154799916160905.tmp
[2025-09-01 10:49:54,850] {subprocess.py:92} INFO - 25/09/01 10:49:54 INFO Utils: /tmp/spark-1e9b1c3b-01b3-4594-9b27-a658880093b3/userFiles-9a21f7a1-ee38-4263-8eae-d51d2ff98fec/fetchFileTemp18264154799916160905.tmp has been previously copied to /tmp/spark-1e9b1c3b-01b3-4594-9b27-a658880093b3/userFiles-9a21f7a1-ee38-4263-8eae-d51d2ff98fec/org.xerial.snappy_snappy-java-1.1.8.4.jar
[2025-09-01 10:49:54,856] {subprocess.py:92} INFO - 25/09/01 10:49:54 INFO Executor: Adding file:/tmp/spark-1e9b1c3b-01b3-4594-9b27-a658880093b3/userFiles-9a21f7a1-ee38-4263-8eae-d51d2ff98fec/org.xerial.snappy_snappy-java-1.1.8.4.jar to class loader
[2025-09-01 10:49:54,856] {subprocess.py:92} INFO - 25/09/01 10:49:54 INFO Executor: Fetching spark://e66737cfc193:35465/jars/org.spark-project.spark_unused-1.0.0.jar with timestamp 1756723792188
[2025-09-01 10:49:54,857] {subprocess.py:92} INFO - 25/09/01 10:49:54 INFO Utils: Fetching spark://e66737cfc193:35465/jars/org.spark-project.spark_unused-1.0.0.jar to /tmp/spark-1e9b1c3b-01b3-4594-9b27-a658880093b3/userFiles-9a21f7a1-ee38-4263-8eae-d51d2ff98fec/fetchFileTemp16635338833429495940.tmp
[2025-09-01 10:49:54,860] {subprocess.py:92} INFO - 25/09/01 10:49:54 INFO Utils: /tmp/spark-1e9b1c3b-01b3-4594-9b27-a658880093b3/userFiles-9a21f7a1-ee38-4263-8eae-d51d2ff98fec/fetchFileTemp16635338833429495940.tmp has been previously copied to /tmp/spark-1e9b1c3b-01b3-4594-9b27-a658880093b3/userFiles-9a21f7a1-ee38-4263-8eae-d51d2ff98fec/org.spark-project.spark_unused-1.0.0.jar
[2025-09-01 10:49:54,866] {subprocess.py:92} INFO - 25/09/01 10:49:54 INFO Executor: Adding file:/tmp/spark-1e9b1c3b-01b3-4594-9b27-a658880093b3/userFiles-9a21f7a1-ee38-4263-8eae-d51d2ff98fec/org.spark-project.spark_unused-1.0.0.jar to class loader
[2025-09-01 10:49:54,866] {subprocess.py:92} INFO - 25/09/01 10:49:54 INFO Executor: Fetching spark://e66737cfc193:35465/jars/commons-logging_commons-logging-1.1.3.jar with timestamp 1756723792188
[2025-09-01 10:49:54,867] {subprocess.py:92} INFO - 25/09/01 10:49:54 INFO Utils: Fetching spark://e66737cfc193:35465/jars/commons-logging_commons-logging-1.1.3.jar to /tmp/spark-1e9b1c3b-01b3-4594-9b27-a658880093b3/userFiles-9a21f7a1-ee38-4263-8eae-d51d2ff98fec/fetchFileTemp12098744373832972044.tmp
[2025-09-01 10:49:54,869] {subprocess.py:92} INFO - 25/09/01 10:49:54 INFO Utils: /tmp/spark-1e9b1c3b-01b3-4594-9b27-a658880093b3/userFiles-9a21f7a1-ee38-4263-8eae-d51d2ff98fec/fetchFileTemp12098744373832972044.tmp has been previously copied to /tmp/spark-1e9b1c3b-01b3-4594-9b27-a658880093b3/userFiles-9a21f7a1-ee38-4263-8eae-d51d2ff98fec/commons-logging_commons-logging-1.1.3.jar
[2025-09-01 10:49:54,875] {subprocess.py:92} INFO - 25/09/01 10:49:54 INFO Executor: Adding file:/tmp/spark-1e9b1c3b-01b3-4594-9b27-a658880093b3/userFiles-9a21f7a1-ee38-4263-8eae-d51d2ff98fec/commons-logging_commons-logging-1.1.3.jar to class loader
[2025-09-01 10:49:54,876] {subprocess.py:92} INFO - 25/09/01 10:49:54 INFO Executor: Fetching spark://e66737cfc193:35465/jars/org.slf4j_slf4j-api-1.7.32.jar with timestamp 1756723792188
[2025-09-01 10:49:54,877] {subprocess.py:92} INFO - 25/09/01 10:49:54 INFO Utils: Fetching spark://e66737cfc193:35465/jars/org.slf4j_slf4j-api-1.7.32.jar to /tmp/spark-1e9b1c3b-01b3-4594-9b27-a658880093b3/userFiles-9a21f7a1-ee38-4263-8eae-d51d2ff98fec/fetchFileTemp3938458210241321764.tmp
[2025-09-01 10:49:54,879] {subprocess.py:92} INFO - 25/09/01 10:49:54 INFO Utils: /tmp/spark-1e9b1c3b-01b3-4594-9b27-a658880093b3/userFiles-9a21f7a1-ee38-4263-8eae-d51d2ff98fec/fetchFileTemp3938458210241321764.tmp has been previously copied to /tmp/spark-1e9b1c3b-01b3-4594-9b27-a658880093b3/userFiles-9a21f7a1-ee38-4263-8eae-d51d2ff98fec/org.slf4j_slf4j-api-1.7.32.jar
[2025-09-01 10:49:54,885] {subprocess.py:92} INFO - 25/09/01 10:49:54 INFO Executor: Adding file:/tmp/spark-1e9b1c3b-01b3-4594-9b27-a658880093b3/userFiles-9a21f7a1-ee38-4263-8eae-d51d2ff98fec/org.slf4j_slf4j-api-1.7.32.jar to class loader
[2025-09-01 10:49:54,885] {subprocess.py:92} INFO - 25/09/01 10:49:54 INFO Executor: Fetching spark://e66737cfc193:35465/jars/org.apache.spark_spark-token-provider-kafka-0-10_2.12-3.3.1.jar with timestamp 1756723792188
[2025-09-01 10:49:54,886] {subprocess.py:92} INFO - 25/09/01 10:49:54 INFO Utils: Fetching spark://e66737cfc193:35465/jars/org.apache.spark_spark-token-provider-kafka-0-10_2.12-3.3.1.jar to /tmp/spark-1e9b1c3b-01b3-4594-9b27-a658880093b3/userFiles-9a21f7a1-ee38-4263-8eae-d51d2ff98fec/fetchFileTemp7065705078182081633.tmp
[2025-09-01 10:49:54,889] {subprocess.py:92} INFO - 25/09/01 10:49:54 INFO Utils: /tmp/spark-1e9b1c3b-01b3-4594-9b27-a658880093b3/userFiles-9a21f7a1-ee38-4263-8eae-d51d2ff98fec/fetchFileTemp7065705078182081633.tmp has been previously copied to /tmp/spark-1e9b1c3b-01b3-4594-9b27-a658880093b3/userFiles-9a21f7a1-ee38-4263-8eae-d51d2ff98fec/org.apache.spark_spark-token-provider-kafka-0-10_2.12-3.3.1.jar
[2025-09-01 10:49:54,896] {subprocess.py:92} INFO - 25/09/01 10:49:54 INFO Executor: Adding file:/tmp/spark-1e9b1c3b-01b3-4594-9b27-a658880093b3/userFiles-9a21f7a1-ee38-4263-8eae-d51d2ff98fec/org.apache.spark_spark-token-provider-kafka-0-10_2.12-3.3.1.jar to class loader
[2025-09-01 10:49:54,896] {subprocess.py:92} INFO - 25/09/01 10:49:54 INFO Executor: Fetching spark://e66737cfc193:35465/jars/org.apache.spark_spark-sql-kafka-0-10_2.12-3.3.1.jar with timestamp 1756723792188
[2025-09-01 10:49:54,897] {subprocess.py:92} INFO - 25/09/01 10:49:54 INFO Utils: Fetching spark://e66737cfc193:35465/jars/org.apache.spark_spark-sql-kafka-0-10_2.12-3.3.1.jar to /tmp/spark-1e9b1c3b-01b3-4594-9b27-a658880093b3/userFiles-9a21f7a1-ee38-4263-8eae-d51d2ff98fec/fetchFileTemp9765907311989873992.tmp
[2025-09-01 10:49:54,902] {subprocess.py:92} INFO - 25/09/01 10:49:54 INFO Utils: /tmp/spark-1e9b1c3b-01b3-4594-9b27-a658880093b3/userFiles-9a21f7a1-ee38-4263-8eae-d51d2ff98fec/fetchFileTemp9765907311989873992.tmp has been previously copied to /tmp/spark-1e9b1c3b-01b3-4594-9b27-a658880093b3/userFiles-9a21f7a1-ee38-4263-8eae-d51d2ff98fec/org.apache.spark_spark-sql-kafka-0-10_2.12-3.3.1.jar
[2025-09-01 10:49:54,908] {subprocess.py:92} INFO - 25/09/01 10:49:54 INFO Executor: Adding file:/tmp/spark-1e9b1c3b-01b3-4594-9b27-a658880093b3/userFiles-9a21f7a1-ee38-4263-8eae-d51d2ff98fec/org.apache.spark_spark-sql-kafka-0-10_2.12-3.3.1.jar to class loader
[2025-09-01 10:49:54,919] {subprocess.py:92} INFO - 25/09/01 10:49:54 INFO Utils: Successfully started service 'org.apache.spark.network.netty.NettyBlockTransferService' on port 44063.
[2025-09-01 10:49:54,919] {subprocess.py:92} INFO - 25/09/01 10:49:54 INFO NettyBlockTransferService: Server created on e66737cfc193:44063
[2025-09-01 10:49:54,922] {subprocess.py:92} INFO - 25/09/01 10:49:54 INFO BlockManager: Using org.apache.spark.storage.RandomBlockReplicationPolicy for block replication policy
[2025-09-01 10:49:54,930] {subprocess.py:92} INFO - 25/09/01 10:49:54 INFO BlockManagerMaster: Registering BlockManager BlockManagerId(driver, e66737cfc193, 44063, None)
[2025-09-01 10:49:54,935] {subprocess.py:92} INFO - 25/09/01 10:49:54 INFO BlockManagerMasterEndpoint: Registering block manager e66737cfc193:44063 with 434.4 MiB RAM, BlockManagerId(driver, e66737cfc193, 44063, None)
[2025-09-01 10:49:54,939] {subprocess.py:92} INFO - 25/09/01 10:49:54 INFO BlockManagerMaster: Registered BlockManager BlockManagerId(driver, e66737cfc193, 44063, None)
[2025-09-01 10:49:54,940] {subprocess.py:92} INFO - 25/09/01 10:49:54 INFO BlockManager: Initialized BlockManager: BlockManagerId(driver, e66737cfc193, 44063, None)
[2025-09-01 10:49:55,589] {subprocess.py:92} INFO - Connexion à Kafka...
[2025-09-01 10:49:59,141] {subprocess.py:92} INFO - Connexion Kafka réussie (kafka:9092)
[2025-09-01 10:49:59,141] {subprocess.py:92} INFO - Transformation des données JSON...
[2025-09-01 10:49:59,606] {subprocess.py:92} INFO - Démarrage du streaming vers HDFS...
[2025-09-01 10:50:00,655] {subprocess.py:92} INFO - Streaming actif - Données météo sauvegardées dans HDFS:/data/weather
[2025-09-01 12:36:00,196] {subprocess.py:92} INFO - 25/09/01 12:36:00 WARN CheckpointFileManager: Failed to rename temp file hdfs://namenode:9000/checkpoints/weather/offsets/.62.41aa55e3-0304-49de-b04d-b9e8a29190c0.tmp to hdfs://namenode:9000/checkpoints/weather/offsets/62 because file exists
[2025-09-01 12:36:00,196] {subprocess.py:92} INFO - org.apache.hadoop.fs.FileAlreadyExistsException: rename destination /checkpoints/weather/offsets/62 already exists
[2025-09-01 12:36:00,196] {subprocess.py:92} INFO - 	at org.apache.hadoop.hdfs.server.namenode.FSDirRenameOp.validateOverwrite(FSDirRenameOp.java:565)
[2025-09-01 12:36:00,196] {subprocess.py:92} INFO - 	at org.apache.hadoop.hdfs.server.namenode.FSDirRenameOp.unprotectedRenameTo(FSDirRenameOp.java:399)
[2025-09-01 12:36:00,196] {subprocess.py:92} INFO - 	at org.apache.hadoop.hdfs.server.namenode.FSDirRenameOp.renameTo(FSDirRenameOp.java:311)
[2025-09-01 12:36:00,196] {subprocess.py:92} INFO - 	at org.apache.hadoop.hdfs.server.namenode.FSDirRenameOp.renameToInt(FSDirRenameOp.java:256)
[2025-09-01 12:36:00,196] {subprocess.py:92} INFO - 	at org.apache.hadoop.hdfs.server.namenode.FSNamesystem.renameTo(FSNamesystem.java:3257)
[2025-09-01 12:36:00,197] {subprocess.py:92} INFO - 	at org.apache.hadoop.hdfs.server.namenode.NameNodeRpcServer.rename2(NameNodeRpcServer.java:1096)
[2025-09-01 12:36:00,197] {subprocess.py:92} INFO - 	at org.apache.hadoop.hdfs.protocolPB.ClientNamenodeProtocolServerSideTranslatorPB.rename2(ClientNamenodeProtocolServerSideTranslatorPB.java:703)
[2025-09-01 12:36:00,197] {subprocess.py:92} INFO - 	at org.apache.hadoop.hdfs.protocol.proto.ClientNamenodeProtocolProtos$ClientNamenodeProtocol$2.callBlockingMethod(ClientNamenodeProtocolProtos.java)
[2025-09-01 12:36:00,197] {subprocess.py:92} INFO - 	at org.apache.hadoop.ipc.ProtobufRpcEngine2$Server$ProtoBufRpcInvoker.call(ProtobufRpcEngine2.java:621)
[2025-09-01 12:36:00,197] {subprocess.py:92} INFO - 	at org.apache.hadoop.ipc.ProtobufRpcEngine2$Server$ProtoBufRpcInvoker.call(ProtobufRpcEngine2.java:589)
[2025-09-01 12:36:00,197] {subprocess.py:92} INFO - 	at org.apache.hadoop.ipc.ProtobufRpcEngine2$Server$ProtoBufRpcInvoker.call(ProtobufRpcEngine2.java:573)
[2025-09-01 12:36:00,197] {subprocess.py:92} INFO - 	at org.apache.hadoop.ipc.RPC$Server.call(RPC.java:1227)
[2025-09-01 12:36:00,197] {subprocess.py:92} INFO - 	at org.apache.hadoop.ipc.Server$RpcCall.run(Server.java:1094)
[2025-09-01 12:36:00,197] {subprocess.py:92} INFO - 	at org.apache.hadoop.ipc.Server$RpcCall.run(Server.java:1017)
[2025-09-01 12:36:00,197] {subprocess.py:92} INFO - 	at java.security.AccessController.doPrivileged(Native Method)
[2025-09-01 12:36:00,197] {subprocess.py:92} INFO - 	at javax.security.auth.Subject.doAs(Subject.java:422)
[2025-09-01 12:36:00,197] {subprocess.py:92} INFO - 	at org.apache.hadoop.security.UserGroupInformation.doAs(UserGroupInformation.java:1899)
[2025-09-01 12:36:00,197] {subprocess.py:92} INFO - 	at org.apache.hadoop.ipc.Server$Handler.run(Server.java:3048)
[2025-09-01 12:36:00,197] {subprocess.py:92} INFO - 
[2025-09-01 12:36:00,197] {subprocess.py:92} INFO - 	at java.base/jdk.internal.reflect.NativeConstructorAccessorImpl.newInstance0(Native Method)
[2025-09-01 12:36:00,197] {subprocess.py:92} INFO - 	at java.base/jdk.internal.reflect.NativeConstructorAccessorImpl.newInstance(NativeConstructorAccessorImpl.java:62)
[2025-09-01 12:36:00,197] {subprocess.py:92} INFO - 	at java.base/jdk.internal.reflect.DelegatingConstructorAccessorImpl.newInstance(DelegatingConstructorAccessorImpl.java:45)
[2025-09-01 12:36:00,197] {subprocess.py:92} INFO - 	at java.base/java.lang.reflect.Constructor.newInstance(Constructor.java:490)
[2025-09-01 12:36:00,198] {subprocess.py:92} INFO - 	at org.apache.hadoop.ipc.RemoteException.instantiateException(RemoteException.java:121)
[2025-09-01 12:36:00,198] {subprocess.py:92} INFO - 	at org.apache.hadoop.ipc.RemoteException.unwrapRemoteException(RemoteException.java:88)
[2025-09-01 12:36:00,198] {subprocess.py:92} INFO - 	at org.apache.hadoop.hdfs.DFSClient.rename(DFSClient.java:1611)
[2025-09-01 12:36:00,198] {subprocess.py:92} INFO - 	at org.apache.hadoop.fs.Hdfs.renameInternal(Hdfs.java:393)
[2025-09-01 12:36:00,198] {subprocess.py:92} INFO - 	at org.apache.hadoop.fs.AbstractFileSystem.rename(AbstractFileSystem.java:720)
[2025-09-01 12:36:00,198] {subprocess.py:92} INFO - 	at org.apache.hadoop.fs.FileContext.rename(FileContext.java:1036)
[2025-09-01 12:36:00,198] {subprocess.py:92} INFO - 	at org.apache.spark.sql.execution.streaming.FileContextBasedCheckpointFileManager.renameTempFile(CheckpointFileManager.scala:346)
[2025-09-01 12:36:00,198] {subprocess.py:92} INFO - 	at org.apache.spark.sql.execution.streaming.CheckpointFileManager$RenameBasedFSDataOutputStream.close(CheckpointFileManager.scala:154)
[2025-09-01 12:36:00,198] {subprocess.py:92} INFO - 	at org.apache.spark.sql.execution.streaming.HDFSMetadataLog.$anonfun$addNewBatchByStream$2(HDFSMetadataLog.scala:176)
[2025-09-01 12:36:00,198] {subprocess.py:92} INFO - 	at scala.runtime.java8.JFunction0$mcZ$sp.apply(JFunction0$mcZ$sp.java:23)
[2025-09-01 12:36:00,198] {subprocess.py:92} INFO - 	at scala.Option.getOrElse(Option.scala:189)
[2025-09-01 12:36:00,198] {subprocess.py:92} INFO - 	at org.apache.spark.sql.execution.streaming.HDFSMetadataLog.addNewBatchByStream(HDFSMetadataLog.scala:171)
[2025-09-01 12:36:00,198] {subprocess.py:92} INFO - 	at org.apache.spark.sql.execution.streaming.HDFSMetadataLog.add(HDFSMetadataLog.scala:116)
[2025-09-01 12:36:00,198] {subprocess.py:92} INFO - 	at org.apache.spark.sql.execution.streaming.OffsetSeqLog.add(OffsetSeqLog.scala:53)
[2025-09-01 12:36:00,198] {subprocess.py:92} INFO - 	at org.apache.spark.sql.execution.streaming.MicroBatchExecution.$anonfun$constructNextBatch$13(MicroBatchExecution.scala:495)
[2025-09-01 12:36:00,198] {subprocess.py:92} INFO - 	at scala.runtime.java8.JFunction0$mcV$sp.apply(JFunction0$mcV$sp.java:23)
[2025-09-01 12:36:00,198] {subprocess.py:92} INFO - 	at org.apache.spark.sql.execution.streaming.ProgressReporter.reportTimeTaken(ProgressReporter.scala:375)
[2025-09-01 12:36:00,198] {subprocess.py:92} INFO - 	at org.apache.spark.sql.execution.streaming.ProgressReporter.reportTimeTaken$(ProgressReporter.scala:373)
[2025-09-01 12:36:00,198] {subprocess.py:92} INFO - 	at org.apache.spark.sql.execution.streaming.StreamExecution.reportTimeTaken(StreamExecution.scala:68)
[2025-09-01 12:36:00,199] {subprocess.py:92} INFO - 	at org.apache.spark.sql.execution.streaming.MicroBatchExecution.$anonfun$constructNextBatch$1(MicroBatchExecution.scala:493)
[2025-09-01 12:36:00,199] {subprocess.py:92} INFO - 	at scala.runtime.java8.JFunction0$mcZ$sp.apply(JFunction0$mcZ$sp.java:23)
[2025-09-01 12:36:00,199] {subprocess.py:92} INFO - 	at org.apache.spark.sql.execution.streaming.MicroBatchExecution.withProgressLocked(MicroBatchExecution.scala:693)
[2025-09-01 12:36:00,199] {subprocess.py:92} INFO - 	at org.apache.spark.sql.execution.streaming.MicroBatchExecution.constructNextBatch(MicroBatchExecution.scala:433)
[2025-09-01 12:36:00,199] {subprocess.py:92} INFO - 	at org.apache.spark.sql.execution.streaming.MicroBatchExecution.$anonfun$runActivatedStream$2(MicroBatchExecution.scala:238)
[2025-09-01 12:36:00,199] {subprocess.py:92} INFO - 	at scala.runtime.java8.JFunction0$mcV$sp.apply(JFunction0$mcV$sp.java:23)
[2025-09-01 12:36:00,199] {subprocess.py:92} INFO - 	at org.apache.spark.sql.execution.streaming.ProgressReporter.reportTimeTaken(ProgressReporter.scala:375)
[2025-09-01 12:36:00,199] {subprocess.py:92} INFO - 	at org.apache.spark.sql.execution.streaming.ProgressReporter.reportTimeTaken$(ProgressReporter.scala:373)
[2025-09-01 12:36:00,199] {subprocess.py:92} INFO - 	at org.apache.spark.sql.execution.streaming.StreamExecution.reportTimeTaken(StreamExecution.scala:68)
[2025-09-01 12:36:00,199] {subprocess.py:92} INFO - 	at org.apache.spark.sql.execution.streaming.MicroBatchExecution.$anonfun$runActivatedStream$1(MicroBatchExecution.scala:219)
[2025-09-01 12:36:00,199] {subprocess.py:92} INFO - 	at org.apache.spark.sql.execution.streaming.ProcessingTimeExecutor.execute(TriggerExecutor.scala:67)
[2025-09-01 12:36:00,199] {subprocess.py:92} INFO - 	at org.apache.spark.sql.execution.streaming.MicroBatchExecution.runActivatedStream(MicroBatchExecution.scala:213)
[2025-09-01 12:36:00,199] {subprocess.py:92} INFO - 	at org.apache.spark.sql.execution.streaming.StreamExecution.$anonfun$runStream$1(StreamExecution.scala:307)
[2025-09-01 12:36:00,199] {subprocess.py:92} INFO - 	at scala.runtime.java8.JFunction0$mcV$sp.apply(JFunction0$mcV$sp.java:23)
[2025-09-01 12:36:00,199] {subprocess.py:92} INFO - 	at org.apache.spark.sql.SparkSession.withActive(SparkSession.scala:779)
[2025-09-01 12:36:00,199] {subprocess.py:92} INFO - 	at org.apache.spark.sql.execution.streaming.StreamExecution.org$apache$spark$sql$execution$streaming$StreamExecution$$runStream(StreamExecution.scala:285)
[2025-09-01 12:36:00,199] {subprocess.py:92} INFO - 	at org.apache.spark.sql.execution.streaming.StreamExecution$$anon$1.run(StreamExecution.scala:208)
[2025-09-01 12:36:00,199] {subprocess.py:92} INFO - Caused by: org.apache.hadoop.ipc.RemoteException(org.apache.hadoop.fs.FileAlreadyExistsException): rename destination /checkpoints/weather/offsets/62 already exists
[2025-09-01 12:36:00,199] {subprocess.py:92} INFO - 	at org.apache.hadoop.hdfs.server.namenode.FSDirRenameOp.validateOverwrite(FSDirRenameOp.java:565)
[2025-09-01 12:36:00,199] {subprocess.py:92} INFO - 	at org.apache.hadoop.hdfs.server.namenode.FSDirRenameOp.unprotectedRenameTo(FSDirRenameOp.java:399)
[2025-09-01 12:36:00,200] {subprocess.py:92} INFO - 	at org.apache.hadoop.hdfs.server.namenode.FSDirRenameOp.renameTo(FSDirRenameOp.java:311)
[2025-09-01 12:36:00,200] {subprocess.py:92} INFO - 	at org.apache.hadoop.hdfs.server.namenode.FSDirRenameOp.renameToInt(FSDirRenameOp.java:256)
[2025-09-01 12:36:00,200] {subprocess.py:92} INFO - 	at org.apache.hadoop.hdfs.server.namenode.FSNamesystem.renameTo(FSNamesystem.java:3257)
[2025-09-01 12:36:00,200] {subprocess.py:92} INFO - 	at org.apache.hadoop.hdfs.server.namenode.NameNodeRpcServer.rename2(NameNodeRpcServer.java:1096)
[2025-09-01 12:36:00,200] {subprocess.py:92} INFO - 	at org.apache.hadoop.hdfs.protocolPB.ClientNamenodeProtocolServerSideTranslatorPB.rename2(ClientNamenodeProtocolServerSideTranslatorPB.java:703)
[2025-09-01 12:36:00,200] {subprocess.py:92} INFO - 	at org.apache.hadoop.hdfs.protocol.proto.ClientNamenodeProtocolProtos$ClientNamenodeProtocol$2.callBlockingMethod(ClientNamenodeProtocolProtos.java)
[2025-09-01 12:36:00,200] {subprocess.py:92} INFO - 	at org.apache.hadoop.ipc.ProtobufRpcEngine2$Server$ProtoBufRpcInvoker.call(ProtobufRpcEngine2.java:621)
[2025-09-01 12:36:00,200] {subprocess.py:92} INFO - 	at org.apache.hadoop.ipc.ProtobufRpcEngine2$Server$ProtoBufRpcInvoker.call(ProtobufRpcEngine2.java:589)
[2025-09-01 12:36:00,200] {subprocess.py:92} INFO - 	at org.apache.hadoop.ipc.ProtobufRpcEngine2$Server$ProtoBufRpcInvoker.call(ProtobufRpcEngine2.java:573)
[2025-09-01 12:36:00,200] {subprocess.py:92} INFO - 	at org.apache.hadoop.ipc.RPC$Server.call(RPC.java:1227)
[2025-09-01 12:36:00,200] {subprocess.py:92} INFO - 	at org.apache.hadoop.ipc.Server$RpcCall.run(Server.java:1094)
[2025-09-01 12:36:00,200] {subprocess.py:92} INFO - 	at org.apache.hadoop.ipc.Server$RpcCall.run(Server.java:1017)
[2025-09-01 12:36:00,200] {subprocess.py:92} INFO - 	at java.security.AccessController.doPrivileged(Native Method)
[2025-09-01 12:36:00,200] {subprocess.py:92} INFO - 	at javax.security.auth.Subject.doAs(Subject.java:422)
[2025-09-01 12:36:00,200] {subprocess.py:92} INFO - 	at org.apache.hadoop.security.UserGroupInformation.doAs(UserGroupInformation.java:1899)
[2025-09-01 12:36:00,200] {subprocess.py:92} INFO - 	at org.apache.hadoop.ipc.Server$Handler.run(Server.java:3048)
[2025-09-01 12:36:00,200] {subprocess.py:92} INFO - 
[2025-09-01 12:36:00,200] {subprocess.py:92} INFO - 	at org.apache.hadoop.ipc.Client.getRpcResponse(Client.java:1612)
[2025-09-01 12:36:00,200] {subprocess.py:92} INFO - 	at org.apache.hadoop.ipc.Client.call(Client.java:1558)
[2025-09-01 12:36:00,200] {subprocess.py:92} INFO - 	at org.apache.hadoop.ipc.Client.call(Client.java:1455)
[2025-09-01 12:36:00,201] {subprocess.py:92} INFO - 	at org.apache.hadoop.ipc.ProtobufRpcEngine2$Invoker.invoke(ProtobufRpcEngine2.java:242)
[2025-09-01 12:36:00,201] {subprocess.py:92} INFO - 	at org.apache.hadoop.ipc.ProtobufRpcEngine2$Invoker.invoke(ProtobufRpcEngine2.java:129)
[2025-09-01 12:36:00,201] {subprocess.py:92} INFO - 	at com.sun.proxy.$Proxy35.rename2(Unknown Source)
[2025-09-01 12:36:00,201] {subprocess.py:92} INFO - 	at org.apache.hadoop.hdfs.protocolPB.ClientNamenodeProtocolTranslatorPB.rename2(ClientNamenodeProtocolTranslatorPB.java:629)
[2025-09-01 12:36:00,201] {subprocess.py:92} INFO - 	at java.base/jdk.internal.reflect.NativeMethodAccessorImpl.invoke0(Native Method)
[2025-09-01 12:36:00,201] {subprocess.py:92} INFO - 	at java.base/jdk.internal.reflect.NativeMethodAccessorImpl.invoke(NativeMethodAccessorImpl.java:62)
[2025-09-01 12:36:00,201] {subprocess.py:92} INFO - 	at java.base/jdk.internal.reflect.DelegatingMethodAccessorImpl.invoke(DelegatingMethodAccessorImpl.java:43)
[2025-09-01 12:36:00,201] {subprocess.py:92} INFO - 	at java.base/java.lang.reflect.Method.invoke(Method.java:566)
[2025-09-01 12:36:00,201] {subprocess.py:92} INFO - 	at org.apache.hadoop.io.retry.RetryInvocationHandler.invokeMethod(RetryInvocationHandler.java:422)
[2025-09-01 12:36:00,201] {subprocess.py:92} INFO - 	at org.apache.hadoop.io.retry.RetryInvocationHandler$Call.invokeMethod(RetryInvocationHandler.java:165)
[2025-09-01 12:36:00,201] {subprocess.py:92} INFO - 	at org.apache.hadoop.io.retry.RetryInvocationHandler$Call.invoke(RetryInvocationHandler.java:157)
[2025-09-01 12:36:00,201] {subprocess.py:92} INFO - 	at org.apache.hadoop.io.retry.RetryInvocationHandler$Call.invokeOnce(RetryInvocationHandler.java:95)
[2025-09-01 12:36:00,201] {subprocess.py:92} INFO - 	at org.apache.hadoop.io.retry.RetryInvocationHandler.invoke(RetryInvocationHandler.java:359)
[2025-09-01 12:36:00,201] {subprocess.py:92} INFO - 	at com.sun.proxy.$Proxy36.rename2(Unknown Source)
[2025-09-01 12:36:00,201] {subprocess.py:92} INFO - 	at org.apache.hadoop.hdfs.DFSClient.rename(DFSClient.java:1609)
[2025-09-01 12:36:00,201] {subprocess.py:92} INFO - 	... 33 more
[2025-09-01 12:36:00,220] {subprocess.py:92} INFO - 25/09/01 12:36:00 ERROR MicroBatchExecution: Query [id = 8bb46a74-6ffa-4764-a9c6-2e4a331d8211, runId = 21857f45-0d85-4199-8c7f-79dd385f6140] terminated with error
[2025-09-01 12:36:00,220] {subprocess.py:92} INFO - java.util.ConcurrentModificationException: Multiple streaming queries are concurrently using hdfs://namenode:9000/checkpoints/weather/offsets
[2025-09-01 12:36:00,220] {subprocess.py:92} INFO - 	at org.apache.spark.sql.errors.QueryExecutionErrors$.multiStreamingQueriesUsingPathConcurrentlyError(QueryExecutionErrors.scala:1603)
[2025-09-01 12:36:00,220] {subprocess.py:92} INFO - 	at org.apache.spark.sql.execution.streaming.HDFSMetadataLog.$anonfun$addNewBatchByStream$2(HDFSMetadataLog.scala:182)
[2025-09-01 12:36:00,220] {subprocess.py:92} INFO - 	at scala.runtime.java8.JFunction0$mcZ$sp.apply(JFunction0$mcZ$sp.java:23)
[2025-09-01 12:36:00,220] {subprocess.py:92} INFO - 	at scala.Option.getOrElse(Option.scala:189)
[2025-09-01 12:36:00,220] {subprocess.py:92} INFO - 	at org.apache.spark.sql.execution.streaming.HDFSMetadataLog.addNewBatchByStream(HDFSMetadataLog.scala:171)
[2025-09-01 12:36:00,220] {subprocess.py:92} INFO - 	at org.apache.spark.sql.execution.streaming.HDFSMetadataLog.add(HDFSMetadataLog.scala:116)
[2025-09-01 12:36:00,220] {subprocess.py:92} INFO - 	at org.apache.spark.sql.execution.streaming.OffsetSeqLog.add(OffsetSeqLog.scala:53)
[2025-09-01 12:36:00,220] {subprocess.py:92} INFO - 	at org.apache.spark.sql.execution.streaming.MicroBatchExecution.$anonfun$constructNextBatch$13(MicroBatchExecution.scala:495)
[2025-09-01 12:36:00,220] {subprocess.py:92} INFO - 	at scala.runtime.java8.JFunction0$mcV$sp.apply(JFunction0$mcV$sp.java:23)
[2025-09-01 12:36:00,220] {subprocess.py:92} INFO - 	at org.apache.spark.sql.execution.streaming.ProgressReporter.reportTimeTaken(ProgressReporter.scala:375)
[2025-09-01 12:36:00,221] {subprocess.py:92} INFO - 	at org.apache.spark.sql.execution.streaming.ProgressReporter.reportTimeTaken$(ProgressReporter.scala:373)
[2025-09-01 12:36:00,221] {subprocess.py:92} INFO - 	at org.apache.spark.sql.execution.streaming.StreamExecution.reportTimeTaken(StreamExecution.scala:68)
[2025-09-01 12:36:00,221] {subprocess.py:92} INFO - 	at org.apache.spark.sql.execution.streaming.MicroBatchExecution.$anonfun$constructNextBatch$1(MicroBatchExecution.scala:493)
[2025-09-01 12:36:00,221] {subprocess.py:92} INFO - 	at scala.runtime.java8.JFunction0$mcZ$sp.apply(JFunction0$mcZ$sp.java:23)
[2025-09-01 12:36:00,221] {subprocess.py:92} INFO - 	at org.apache.spark.sql.execution.streaming.MicroBatchExecution.withProgressLocked(MicroBatchExecution.scala:693)
[2025-09-01 12:36:00,221] {subprocess.py:92} INFO - 	at org.apache.spark.sql.execution.streaming.MicroBatchExecution.constructNextBatch(MicroBatchExecution.scala:433)
[2025-09-01 12:36:00,221] {subprocess.py:92} INFO - 	at org.apache.spark.sql.execution.streaming.MicroBatchExecution.$anonfun$runActivatedStream$2(MicroBatchExecution.scala:238)
[2025-09-01 12:36:00,221] {subprocess.py:92} INFO - 	at scala.runtime.java8.JFunction0$mcV$sp.apply(JFunction0$mcV$sp.java:23)
[2025-09-01 12:36:00,221] {subprocess.py:92} INFO - 	at org.apache.spark.sql.execution.streaming.ProgressReporter.reportTimeTaken(ProgressReporter.scala:375)
[2025-09-01 12:36:00,221] {subprocess.py:92} INFO - 	at org.apache.spark.sql.execution.streaming.ProgressReporter.reportTimeTaken$(ProgressReporter.scala:373)
[2025-09-01 12:36:00,221] {subprocess.py:92} INFO - 	at org.apache.spark.sql.execution.streaming.StreamExecution.reportTimeTaken(StreamExecution.scala:68)
[2025-09-01 12:36:00,221] {subprocess.py:92} INFO - 	at org.apache.spark.sql.execution.streaming.MicroBatchExecution.$anonfun$runActivatedStream$1(MicroBatchExecution.scala:219)
[2025-09-01 12:36:00,221] {subprocess.py:92} INFO - 	at org.apache.spark.sql.execution.streaming.ProcessingTimeExecutor.execute(TriggerExecutor.scala:67)
[2025-09-01 12:36:00,221] {subprocess.py:92} INFO - 	at org.apache.spark.sql.execution.streaming.MicroBatchExecution.runActivatedStream(MicroBatchExecution.scala:213)
[2025-09-01 12:36:00,221] {subprocess.py:92} INFO - 	at org.apache.spark.sql.execution.streaming.StreamExecution.$anonfun$runStream$1(StreamExecution.scala:307)
[2025-09-01 12:36:00,221] {subprocess.py:92} INFO - 	at scala.runtime.java8.JFunction0$mcV$sp.apply(JFunction0$mcV$sp.java:23)
[2025-09-01 12:36:00,221] {subprocess.py:92} INFO - 	at org.apache.spark.sql.SparkSession.withActive(SparkSession.scala:779)
[2025-09-01 12:36:00,221] {subprocess.py:92} INFO - 	at org.apache.spark.sql.execution.streaming.StreamExecution.org$apache$spark$sql$execution$streaming$StreamExecution$$runStream(StreamExecution.scala:285)
[2025-09-01 12:36:00,221] {subprocess.py:92} INFO - 	at org.apache.spark.sql.execution.streaming.StreamExecution$$anon$1.run(StreamExecution.scala:208)
[2025-09-01 12:36:00,221] {subprocess.py:92} INFO - Caused by: org.apache.hadoop.fs.FileAlreadyExistsException: rename destination /checkpoints/weather/offsets/62 already exists
[2025-09-01 12:36:00,221] {subprocess.py:92} INFO - 	at org.apache.hadoop.hdfs.server.namenode.FSDirRenameOp.validateOverwrite(FSDirRenameOp.java:565)
[2025-09-01 12:36:00,221] {subprocess.py:92} INFO - 	at org.apache.hadoop.hdfs.server.namenode.FSDirRenameOp.unprotectedRenameTo(FSDirRenameOp.java:399)
[2025-09-01 12:36:00,221] {subprocess.py:92} INFO - 	at org.apache.hadoop.hdfs.server.namenode.FSDirRenameOp.renameTo(FSDirRenameOp.java:311)
[2025-09-01 12:36:00,221] {subprocess.py:92} INFO - 	at org.apache.hadoop.hdfs.server.namenode.FSDirRenameOp.renameToInt(FSDirRenameOp.java:256)
[2025-09-01 12:36:00,221] {subprocess.py:92} INFO - 	at org.apache.hadoop.hdfs.server.namenode.FSNamesystem.renameTo(FSNamesystem.java:3257)
[2025-09-01 12:36:00,221] {subprocess.py:92} INFO - 	at org.apache.hadoop.hdfs.server.namenode.NameNodeRpcServer.rename2(NameNodeRpcServer.java:1096)
[2025-09-01 12:36:00,221] {subprocess.py:92} INFO - 	at org.apache.hadoop.hdfs.protocolPB.ClientNamenodeProtocolServerSideTranslatorPB.rename2(ClientNamenodeProtocolServerSideTranslatorPB.java:703)
[2025-09-01 12:36:00,222] {subprocess.py:92} INFO - 	at org.apache.hadoop.hdfs.protocol.proto.ClientNamenodeProtocolProtos$ClientNamenodeProtocol$2.callBlockingMethod(ClientNamenodeProtocolProtos.java)
[2025-09-01 12:36:00,222] {subprocess.py:92} INFO - 	at org.apache.hadoop.ipc.ProtobufRpcEngine2$Server$ProtoBufRpcInvoker.call(ProtobufRpcEngine2.java:621)
[2025-09-01 12:36:00,222] {subprocess.py:92} INFO - 	at org.apache.hadoop.ipc.ProtobufRpcEngine2$Server$ProtoBufRpcInvoker.call(ProtobufRpcEngine2.java:589)
[2025-09-01 12:36:00,222] {subprocess.py:92} INFO - 	at org.apache.hadoop.ipc.ProtobufRpcEngine2$Server$ProtoBufRpcInvoker.call(ProtobufRpcEngine2.java:573)
[2025-09-01 12:36:00,222] {subprocess.py:92} INFO - 	at org.apache.hadoop.ipc.RPC$Server.call(RPC.java:1227)
[2025-09-01 12:36:00,222] {subprocess.py:92} INFO - 	at org.apache.hadoop.ipc.Server$RpcCall.run(Server.java:1094)
[2025-09-01 12:36:00,222] {subprocess.py:92} INFO - 	at org.apache.hadoop.ipc.Server$RpcCall.run(Server.java:1017)
[2025-09-01 12:36:00,222] {subprocess.py:92} INFO - 	at java.security.AccessController.doPrivileged(Native Method)
[2025-09-01 12:36:00,222] {subprocess.py:92} INFO - 	at javax.security.auth.Subject.doAs(Subject.java:422)
[2025-09-01 12:36:00,222] {subprocess.py:92} INFO - 	at org.apache.hadoop.security.UserGroupInformation.doAs(UserGroupInformation.java:1899)
[2025-09-01 12:36:00,222] {subprocess.py:92} INFO - 	at org.apache.hadoop.ipc.Server$Handler.run(Server.java:3048)
[2025-09-01 12:36:00,222] {subprocess.py:92} INFO - 
[2025-09-01 12:36:00,222] {subprocess.py:92} INFO - 	at java.base/jdk.internal.reflect.NativeConstructorAccessorImpl.newInstance0(Native Method)
[2025-09-01 12:36:00,222] {subprocess.py:92} INFO - 	at java.base/jdk.internal.reflect.NativeConstructorAccessorImpl.newInstance(NativeConstructorAccessorImpl.java:62)
[2025-09-01 12:36:00,222] {subprocess.py:92} INFO - 	at java.base/jdk.internal.reflect.DelegatingConstructorAccessorImpl.newInstance(DelegatingConstructorAccessorImpl.java:45)
[2025-09-01 12:36:00,222] {subprocess.py:92} INFO - 	at java.base/java.lang.reflect.Constructor.newInstance(Constructor.java:490)
[2025-09-01 12:36:00,222] {subprocess.py:92} INFO - 	at org.apache.hadoop.ipc.RemoteException.instantiateException(RemoteException.java:121)
[2025-09-01 12:36:00,222] {subprocess.py:92} INFO - 	at org.apache.hadoop.ipc.RemoteException.unwrapRemoteException(RemoteException.java:88)
[2025-09-01 12:36:00,222] {subprocess.py:92} INFO - 	at org.apache.hadoop.hdfs.DFSClient.rename(DFSClient.java:1611)
[2025-09-01 12:36:00,222] {subprocess.py:92} INFO - 	at org.apache.hadoop.fs.Hdfs.renameInternal(Hdfs.java:393)
[2025-09-01 12:36:00,222] {subprocess.py:92} INFO - 	at org.apache.hadoop.fs.AbstractFileSystem.rename(AbstractFileSystem.java:720)
[2025-09-01 12:36:00,222] {subprocess.py:92} INFO - 	at org.apache.hadoop.fs.FileContext.rename(FileContext.java:1036)
[2025-09-01 12:36:00,222] {subprocess.py:92} INFO - 	at org.apache.spark.sql.execution.streaming.FileContextBasedCheckpointFileManager.renameTempFile(CheckpointFileManager.scala:346)
[2025-09-01 12:36:00,222] {subprocess.py:92} INFO - 	at org.apache.spark.sql.execution.streaming.CheckpointFileManager$RenameBasedFSDataOutputStream.close(CheckpointFileManager.scala:154)
[2025-09-01 12:36:00,222] {subprocess.py:92} INFO - 	at org.apache.spark.sql.execution.streaming.HDFSMetadataLog.$anonfun$addNewBatchByStream$2(HDFSMetadataLog.scala:176)
[2025-09-01 12:36:00,222] {subprocess.py:92} INFO - 	... 27 more
[2025-09-01 12:36:00,222] {subprocess.py:92} INFO - Caused by: org.apache.hadoop.ipc.RemoteException(org.apache.hadoop.fs.FileAlreadyExistsException): rename destination /checkpoints/weather/offsets/62 already exists
[2025-09-01 12:36:00,222] {subprocess.py:92} INFO - 	at org.apache.hadoop.hdfs.server.namenode.FSDirRenameOp.validateOverwrite(FSDirRenameOp.java:565)
[2025-09-01 12:36:00,222] {subprocess.py:92} INFO - 	at org.apache.hadoop.hdfs.server.namenode.FSDirRenameOp.unprotectedRenameTo(FSDirRenameOp.java:399)
[2025-09-01 12:36:00,223] {subprocess.py:92} INFO - 	at org.apache.hadoop.hdfs.server.namenode.FSDirRenameOp.renameTo(FSDirRenameOp.java:311)
[2025-09-01 12:36:00,223] {subprocess.py:92} INFO - 	at org.apache.hadoop.hdfs.server.namenode.FSDirRenameOp.renameToInt(FSDirRenameOp.java:256)
[2025-09-01 12:36:00,223] {subprocess.py:92} INFO - 	at org.apache.hadoop.hdfs.server.namenode.FSNamesystem.renameTo(FSNamesystem.java:3257)
[2025-09-01 12:36:00,223] {subprocess.py:92} INFO - 	at org.apache.hadoop.hdfs.server.namenode.NameNodeRpcServer.rename2(NameNodeRpcServer.java:1096)
[2025-09-01 12:36:00,223] {subprocess.py:92} INFO - 	at org.apache.hadoop.hdfs.protocolPB.ClientNamenodeProtocolServerSideTranslatorPB.rename2(ClientNamenodeProtocolServerSideTranslatorPB.java:703)
[2025-09-01 12:36:00,223] {subprocess.py:92} INFO - 	at org.apache.hadoop.hdfs.protocol.proto.ClientNamenodeProtocolProtos$ClientNamenodeProtocol$2.callBlockingMethod(ClientNamenodeProtocolProtos.java)
[2025-09-01 12:36:00,223] {subprocess.py:92} INFO - 	at org.apache.hadoop.ipc.ProtobufRpcEngine2$Server$ProtoBufRpcInvoker.call(ProtobufRpcEngine2.java:621)
[2025-09-01 12:36:00,223] {subprocess.py:92} INFO - 	at org.apache.hadoop.ipc.ProtobufRpcEngine2$Server$ProtoBufRpcInvoker.call(ProtobufRpcEngine2.java:589)
[2025-09-01 12:36:00,223] {subprocess.py:92} INFO - 	at org.apache.hadoop.ipc.ProtobufRpcEngine2$Server$ProtoBufRpcInvoker.call(ProtobufRpcEngine2.java:573)
[2025-09-01 12:36:00,223] {subprocess.py:92} INFO - 	at org.apache.hadoop.ipc.RPC$Server.call(RPC.java:1227)
[2025-09-01 12:36:00,223] {subprocess.py:92} INFO - 	at org.apache.hadoop.ipc.Server$RpcCall.run(Server.java:1094)
[2025-09-01 12:36:00,223] {subprocess.py:92} INFO - 	at org.apache.hadoop.ipc.Server$RpcCall.run(Server.java:1017)
[2025-09-01 12:36:00,223] {subprocess.py:92} INFO - 	at java.security.AccessController.doPrivileged(Native Method)
[2025-09-01 12:36:00,223] {subprocess.py:92} INFO - 	at javax.security.auth.Subject.doAs(Subject.java:422)
[2025-09-01 12:36:00,223] {subprocess.py:92} INFO - 	at org.apache.hadoop.security.UserGroupInformation.doAs(UserGroupInformation.java:1899)
[2025-09-01 12:36:00,223] {subprocess.py:92} INFO - 	at org.apache.hadoop.ipc.Server$Handler.run(Server.java:3048)
[2025-09-01 12:36:00,223] {subprocess.py:92} INFO - 
[2025-09-01 12:36:00,223] {subprocess.py:92} INFO - 	at org.apache.hadoop.ipc.Client.getRpcResponse(Client.java:1612)
[2025-09-01 12:36:00,223] {subprocess.py:92} INFO - 	at org.apache.hadoop.ipc.Client.call(Client.java:1558)
[2025-09-01 12:36:00,223] {subprocess.py:92} INFO - 	at org.apache.hadoop.ipc.Client.call(Client.java:1455)
[2025-09-01 12:36:00,223] {subprocess.py:92} INFO - 	at org.apache.hadoop.ipc.ProtobufRpcEngine2$Invoker.invoke(ProtobufRpcEngine2.java:242)
[2025-09-01 12:36:00,223] {subprocess.py:92} INFO - 	at org.apache.hadoop.ipc.ProtobufRpcEngine2$Invoker.invoke(ProtobufRpcEngine2.java:129)
[2025-09-01 12:36:00,223] {subprocess.py:92} INFO - 	at com.sun.proxy.$Proxy35.rename2(Unknown Source)
[2025-09-01 12:36:00,223] {subprocess.py:92} INFO - 	at org.apache.hadoop.hdfs.protocolPB.ClientNamenodeProtocolTranslatorPB.rename2(ClientNamenodeProtocolTranslatorPB.java:629)
[2025-09-01 12:36:00,223] {subprocess.py:92} INFO - 	at java.base/jdk.internal.reflect.NativeMethodAccessorImpl.invoke0(Native Method)
[2025-09-01 12:36:00,223] {subprocess.py:92} INFO - 	at java.base/jdk.internal.reflect.NativeMethodAccessorImpl.invoke(NativeMethodAccessorImpl.java:62)
[2025-09-01 12:36:00,223] {subprocess.py:92} INFO - 	at java.base/jdk.internal.reflect.DelegatingMethodAccessorImpl.invoke(DelegatingMethodAccessorImpl.java:43)
[2025-09-01 12:36:00,223] {subprocess.py:92} INFO - 	at java.base/java.lang.reflect.Method.invoke(Method.java:566)
[2025-09-01 12:36:00,223] {subprocess.py:92} INFO - 	at org.apache.hadoop.io.retry.RetryInvocationHandler.invokeMethod(RetryInvocationHandler.java:422)
[2025-09-01 12:36:00,224] {subprocess.py:92} INFO - 	at org.apache.hadoop.io.retry.RetryInvocationHandler$Call.invokeMethod(RetryInvocationHandler.java:165)
[2025-09-01 12:36:00,224] {subprocess.py:92} INFO - 	at org.apache.hadoop.io.retry.RetryInvocationHandler$Call.invoke(RetryInvocationHandler.java:157)
[2025-09-01 12:36:00,224] {subprocess.py:92} INFO - 	at org.apache.hadoop.io.retry.RetryInvocationHandler$Call.invokeOnce(RetryInvocationHandler.java:95)
[2025-09-01 12:36:00,224] {subprocess.py:92} INFO - 	at org.apache.hadoop.io.retry.RetryInvocationHandler.invoke(RetryInvocationHandler.java:359)
[2025-09-01 12:36:00,224] {subprocess.py:92} INFO - 	at com.sun.proxy.$Proxy36.rename2(Unknown Source)
[2025-09-01 12:36:00,224] {subprocess.py:92} INFO - 	at org.apache.hadoop.hdfs.DFSClient.rename(DFSClient.java:1609)
[2025-09-01 12:36:00,224] {subprocess.py:92} INFO - 	... 33 more
[2025-09-01 12:36:00,458] {subprocess.py:92} INFO - Traceback (most recent call last):
[2025-09-01 12:36:00,459] {subprocess.py:92} INFO -   File "/opt/***/scripts/pyspark/streaming.py", line 60, in <module>
[2025-09-01 12:36:00,459] {subprocess.py:92} INFO -     query.awaitTermination()
[2025-09-01 12:36:00,459] {subprocess.py:92} INFO -   File "/opt/spark-3.3.1-bin-hadoop3/python/lib/pyspark.zip/pyspark/sql/streaming.py", line 107, in awaitTermination
[2025-09-01 12:36:00,461] {subprocess.py:92} INFO -   File "/opt/spark-3.3.1-bin-hadoop3/python/lib/py4j-0.10.9.5-src.zip/py4j/java_gateway.py", line 1322, in __call__
[2025-09-01 12:36:00,461] {subprocess.py:92} INFO -   File "/opt/spark-3.3.1-bin-hadoop3/python/lib/pyspark.zip/pyspark/sql/utils.py", line 196, in deco
[2025-09-01 12:36:00,467] {subprocess.py:92} INFO - pyspark.sql.utils.StreamingQueryException: Query [id = 8bb46a74-6ffa-4764-a9c6-2e4a331d8211, runId = 21857f45-0d85-4199-8c7f-79dd385f6140] terminated with exception: Multiple streaming queries are concurrently using hdfs://namenode:9000/checkpoints/weather/offsets
[2025-09-01 12:36:00,649] {subprocess.py:96} INFO - Command exited with return code 1
[2025-09-01 12:36:00,664] {taskinstance.py:1889} ERROR - Task failed with exception
Traceback (most recent call last):
  File "/home/airflow/.local/lib/python3.7/site-packages/airflow/operators/bash.py", line 195, in execute
    f'Bash command failed. The command returned a non-zero exit code {result.exit_code}.'
airflow.exceptions.AirflowException: Bash command failed. The command returned a non-zero exit code 1.
[2025-09-01 12:36:00,667] {taskinstance.py:1400} INFO - Marking task as FAILED. dag_id=send_weather_to_kafka, task_id=stream_hdfs, execution_date=20250901T101542, start_date=20250901T104945, end_date=20250901T123600
[2025-09-01 12:36:00,679] {standard_task_runner.py:97} ERROR - Failed to execute job 527 for task stream_hdfs (Bash command failed. The command returned a non-zero exit code 1.; 14549)
[2025-09-01 12:36:00,726] {local_task_job.py:156} INFO - Task exited with return code 1
[2025-09-01 12:36:00,764] {local_task_job.py:273} INFO - 0 downstream tasks scheduled from follow-on schedule check
