[2025-08-19 02:06:28,733] {taskinstance.py:1159} INFO - Dependencies all met for <TaskInstance: send_weather_to_kafka.fetch_and_send_weather scheduled__2025-08-19T00:06:28.212373+00:00 [queued]>
[2025-08-19 02:06:28,759] {taskinstance.py:1159} INFO - Dependencies all met for <TaskInstance: send_weather_to_kafka.fetch_and_send_weather scheduled__2025-08-19T00:06:28.212373+00:00 [queued]>
[2025-08-19 02:06:28,759] {taskinstance.py:1356} INFO - 
--------------------------------------------------------------------------------
[2025-08-19 02:06:28,759] {taskinstance.py:1357} INFO - Starting attempt 1 of 2
[2025-08-19 02:06:28,759] {taskinstance.py:1358} INFO - 
--------------------------------------------------------------------------------
[2025-08-19 02:06:28,795] {taskinstance.py:1377} INFO - Executing <Task(BashOperator): fetch_and_send_weather> on 2025-08-19 00:06:28.212373+00:00
[2025-08-19 02:06:28,809] {standard_task_runner.py:52} INFO - Started process 9295 to run task
[2025-08-19 02:06:28,817] {standard_task_runner.py:79} INFO - Running: ['***', 'tasks', 'run', 'send_weather_to_kafka', 'fetch_and_send_weather', 'scheduled__2025-08-19T00:06:28.212373+00:00', '--job-id', '306', '--raw', '--subdir', 'DAGS_FOLDER/dag_meteo.py', '--cfg-path', '/tmp/tmp2w4gxal9', '--error-file', '/tmp/tmpxrdl0tdz']
[2025-08-19 02:06:28,820] {standard_task_runner.py:80} INFO - Job 306: Subtask fetch_and_send_weather
[2025-08-19 02:06:28,879] {logging_mixin.py:115} WARNING - /home/***/.local/lib/python3.7/site-packages/***/configuration.py:470 DeprecationWarning: The sql_alchemy_conn option in [core] has been moved to the sql_alchemy_conn option in [database] - the old setting has been used, but please update your config.
[2025-08-19 02:06:28,966] {task_command.py:369} INFO - Running <TaskInstance: send_weather_to_kafka.fetch_and_send_weather scheduled__2025-08-19T00:06:28.212373+00:00 [running]> on host a4b544519f2b
[2025-08-19 02:06:29,119] {taskinstance.py:1571} INFO - Exporting the following env vars:
AIRFLOW_CTX_DAG_OWNER=***
AIRFLOW_CTX_DAG_ID=send_weather_to_kafka
AIRFLOW_CTX_TASK_ID=fetch_and_send_weather
AIRFLOW_CTX_EXECUTION_DATE=2025-08-19T00:06:28.212373+00:00
AIRFLOW_CTX_TRY_NUMBER=1
AIRFLOW_CTX_DAG_RUN_ID=scheduled__2025-08-19T00:06:28.212373+00:00
[2025-08-19 02:06:29,120] {subprocess.py:62} INFO - Tmp dir root location: 
 /tmp
[2025-08-19 02:06:29,122] {subprocess.py:74} INFO - Running command: ['bash', '-c', 'cd /opt/***/scripts && python3 kafka/producer.py']
[2025-08-19 02:06:29,136] {subprocess.py:85} INFO - Output:
[2025-08-19 02:06:30,484] {subprocess.py:92} INFO - Envoi vers Kafka : {'temperature': 25.1, 'humidity': 92, 'windSpeed': 4.3, 'cloudCover': 100, 'rainIntensity': 0.14, 'timestamp': '2025-08-19T02:06:00Z'}
[2025-08-19 02:06:30,647] {subprocess.py:96} INFO - Command exited with return code 0
[2025-08-19 02:06:30,718] {taskinstance.py:1400} INFO - Marking task as SUCCESS. dag_id=send_weather_to_kafka, task_id=fetch_and_send_weather, execution_date=20250819T000628, start_date=20250819T020628, end_date=20250819T020630
[2025-08-19 02:06:30,793] {local_task_job.py:156} INFO - Task exited with return code 0
[2025-08-19 02:06:30,910] {local_task_job.py:273} INFO - 1 downstream tasks scheduled from follow-on schedule check
