[2025-09-01 01:07:05,427] {taskinstance.py:1159} INFO - Dependencies all met for <TaskInstance: send_weather_to_kafka.stream_hdfs scheduled__2025-09-01T00:36:30.129131+00:00 [queued]>
[2025-09-01 01:07:05,441] {taskinstance.py:1159} INFO - Dependencies all met for <TaskInstance: send_weather_to_kafka.stream_hdfs scheduled__2025-09-01T00:36:30.129131+00:00 [queued]>
[2025-09-01 01:07:05,441] {taskinstance.py:1356} INFO - 
--------------------------------------------------------------------------------
[2025-09-01 01:07:05,441] {taskinstance.py:1357} INFO - Starting attempt 1 of 2
[2025-09-01 01:07:05,441] {taskinstance.py:1358} INFO - 
--------------------------------------------------------------------------------
[2025-09-01 01:07:05,463] {taskinstance.py:1377} INFO - Executing <Task(BashOperator): stream_hdfs> on 2025-09-01 00:36:30.129131+00:00
[2025-09-01 01:07:05,468] {standard_task_runner.py:52} INFO - Started process 903 to run task
[2025-09-01 01:07:05,472] {standard_task_runner.py:79} INFO - Running: ['***', 'tasks', 'run', 'send_weather_to_kafka', 'stream_hdfs', 'scheduled__2025-09-01T00:36:30.129131+00:00', '--job-id', '410', '--raw', '--subdir', 'DAGS_FOLDER/dag_meteo.py', '--cfg-path', '/tmp/tmpoaxzhhm6', '--error-file', '/tmp/tmp05dtsutb']
[2025-09-01 01:07:05,473] {standard_task_runner.py:80} INFO - Job 410: Subtask stream_hdfs
[2025-09-01 01:07:05,493] {logging_mixin.py:115} WARNING - /home/***/.local/lib/python3.7/site-packages/***/configuration.py:470 DeprecationWarning: The sql_alchemy_conn option in [core] has been moved to the sql_alchemy_conn option in [database] - the old setting has been used, but please update your config.
[2025-09-01 01:07:05,547] {task_command.py:369} INFO - Running <TaskInstance: send_weather_to_kafka.stream_hdfs scheduled__2025-09-01T00:36:30.129131+00:00 [running]> on host e66737cfc193
[2025-09-01 01:07:05,651] {taskinstance.py:1571} INFO - Exporting the following env vars:
AIRFLOW_CTX_DAG_OWNER=***
AIRFLOW_CTX_DAG_ID=send_weather_to_kafka
AIRFLOW_CTX_TASK_ID=stream_hdfs
AIRFLOW_CTX_EXECUTION_DATE=2025-09-01T00:36:30.129131+00:00
AIRFLOW_CTX_TRY_NUMBER=1
AIRFLOW_CTX_DAG_RUN_ID=scheduled__2025-09-01T00:36:30.129131+00:00
[2025-09-01 01:07:05,652] {subprocess.py:62} INFO - Tmp dir root location: 
 /tmp
[2025-09-01 01:07:05,653] {subprocess.py:74} INFO - Running command: ['bash', '-c', '\n/home/***/.local/bin/spark-submit   --master local[*]   --conf spark.hadoop.fs.defaultFS=hdfs://namenode:9000   --conf spark.hadoop.dfs.client.use.datanode.hostname=true   --conf spark.sql.adaptive.enabled=false   --packages org.apache.spark:spark-sql-kafka-0-10_2.12:3.3.1   /opt/***/scripts/pyspark/streaming.py']
[2025-09-01 01:07:05,668] {subprocess.py:85} INFO - Output:
[2025-09-01 01:07:05,687] {subprocess.py:92} INFO - /opt/spark-3.3.1-bin-hadoop3/bin/load-spark-env.sh: line 68: ps: command not found
[2025-09-01 01:07:08,632] {subprocess.py:92} INFO - :: loading settings :: url = jar:file:/opt/spark-3.3.1-bin-hadoop3/jars/ivy-2.5.0.jar!/org/apache/ivy/core/settings/ivysettings.xml
[2025-09-01 01:07:08,814] {subprocess.py:92} INFO - Ivy Default Cache set to: /home/***/.ivy2/cache
[2025-09-01 01:07:08,815] {subprocess.py:92} INFO - The jars for the packages stored in: /home/***/.ivy2/jars
[2025-09-01 01:07:08,823] {subprocess.py:92} INFO - org.apache.spark#spark-sql-kafka-0-10_2.12 added as a dependency
[2025-09-01 01:07:08,825] {subprocess.py:92} INFO - :: resolving dependencies :: org.apache.spark#spark-submit-parent-b6157e2b-50b1-4c67-96e4-1628fb391b02;1.0
[2025-09-01 01:07:08,825] {subprocess.py:92} INFO - 	confs: [default]
[2025-09-01 01:07:09,016] {subprocess.py:92} INFO - 	found org.apache.spark#spark-sql-kafka-0-10_2.12;3.3.1 in central
[2025-09-01 01:07:09,097] {subprocess.py:92} INFO - 	found org.apache.spark#spark-token-provider-kafka-0-10_2.12;3.3.1 in central
[2025-09-01 01:07:09,126] {subprocess.py:92} INFO - 	found org.apache.kafka#kafka-clients;2.8.1 in central
[2025-09-01 01:07:09,153] {subprocess.py:92} INFO - 	found org.lz4#lz4-java;1.8.0 in central
[2025-09-01 01:07:09,175] {subprocess.py:92} INFO - 	found org.xerial.snappy#snappy-java;1.1.8.4 in central
[2025-09-01 01:07:09,193] {subprocess.py:92} INFO - 	found org.slf4j#slf4j-api;1.7.32 in central
[2025-09-01 01:07:09,222] {subprocess.py:92} INFO - 	found org.apache.hadoop#hadoop-client-runtime;3.3.2 in central
[2025-09-01 01:07:09,238] {subprocess.py:92} INFO - 	found org.spark-project.spark#unused;1.0.0 in central
[2025-09-01 01:07:09,267] {subprocess.py:92} INFO - 	found org.apache.hadoop#hadoop-client-api;3.3.2 in central
[2025-09-01 01:07:09,289] {subprocess.py:92} INFO - 	found commons-logging#commons-logging;1.1.3 in central
[2025-09-01 01:07:09,305] {subprocess.py:92} INFO - 	found com.google.code.findbugs#jsr305;3.0.0 in central
[2025-09-01 01:07:09,319] {subprocess.py:92} INFO - 	found org.apache.commons#commons-pool2;2.11.1 in central
[2025-09-01 01:07:09,351] {subprocess.py:92} INFO - :: resolution report :: resolve 506ms :: artifacts dl 19ms
[2025-09-01 01:07:09,351] {subprocess.py:92} INFO - 	:: modules in use:
[2025-09-01 01:07:09,351] {subprocess.py:92} INFO - 	com.google.code.findbugs#jsr305;3.0.0 from central in [default]
[2025-09-01 01:07:09,351] {subprocess.py:92} INFO - 	commons-logging#commons-logging;1.1.3 from central in [default]
[2025-09-01 01:07:09,352] {subprocess.py:92} INFO - 	org.apache.commons#commons-pool2;2.11.1 from central in [default]
[2025-09-01 01:07:09,352] {subprocess.py:92} INFO - 	org.apache.hadoop#hadoop-client-api;3.3.2 from central in [default]
[2025-09-01 01:07:09,352] {subprocess.py:92} INFO - 	org.apache.hadoop#hadoop-client-runtime;3.3.2 from central in [default]
[2025-09-01 01:07:09,352] {subprocess.py:92} INFO - 	org.apache.kafka#kafka-clients;2.8.1 from central in [default]
[2025-09-01 01:07:09,352] {subprocess.py:92} INFO - 	org.apache.spark#spark-sql-kafka-0-10_2.12;3.3.1 from central in [default]
[2025-09-01 01:07:09,352] {subprocess.py:92} INFO - 	org.apache.spark#spark-token-provider-kafka-0-10_2.12;3.3.1 from central in [default]
[2025-09-01 01:07:09,352] {subprocess.py:92} INFO - 	org.lz4#lz4-java;1.8.0 from central in [default]
[2025-09-01 01:07:09,352] {subprocess.py:92} INFO - 	org.slf4j#slf4j-api;1.7.32 from central in [default]
[2025-09-01 01:07:09,352] {subprocess.py:92} INFO - 	org.spark-project.spark#unused;1.0.0 from central in [default]
[2025-09-01 01:07:09,353] {subprocess.py:92} INFO - 	org.xerial.snappy#snappy-java;1.1.8.4 from central in [default]
[2025-09-01 01:07:09,353] {subprocess.py:92} INFO - 	---------------------------------------------------------------------
[2025-09-01 01:07:09,353] {subprocess.py:92} INFO - 	|                  |            modules            ||   artifacts   |
[2025-09-01 01:07:09,353] {subprocess.py:92} INFO - 	|       conf       | number| search|dwnlded|evicted|| number|dwnlded|
[2025-09-01 01:07:09,353] {subprocess.py:92} INFO - 	---------------------------------------------------------------------
[2025-09-01 01:07:09,353] {subprocess.py:92} INFO - 	|      default     |   12  |   0   |   0   |   0   ||   12  |   0   |
[2025-09-01 01:07:09,353] {subprocess.py:92} INFO - 	---------------------------------------------------------------------
[2025-09-01 01:07:09,367] {subprocess.py:92} INFO - :: retrieving :: org.apache.spark#spark-submit-parent-b6157e2b-50b1-4c67-96e4-1628fb391b02
[2025-09-01 01:07:09,367] {subprocess.py:92} INFO - 	confs: [default]
[2025-09-01 01:07:09,387] {subprocess.py:92} INFO - 	0 artifacts copied, 12 already retrieved (0kB/20ms)
[2025-09-01 01:07:09,738] {subprocess.py:92} INFO - 25/09/01 01:07:09 WARN NativeCodeLoader: Unable to load native-hadoop library for your platform... using builtin-java classes where applicable
[2025-09-01 01:07:11,289] {subprocess.py:92} INFO - 25/09/01 01:07:11 INFO SparkContext: Running Spark version 3.3.1
[2025-09-01 01:07:11,319] {subprocess.py:92} INFO - 25/09/01 01:07:11 INFO ResourceUtils: ==============================================================
[2025-09-01 01:07:11,320] {subprocess.py:92} INFO - 25/09/01 01:07:11 INFO ResourceUtils: No custom resources configured for spark.driver.
[2025-09-01 01:07:11,320] {subprocess.py:92} INFO - 25/09/01 01:07:11 INFO ResourceUtils: ==============================================================
[2025-09-01 01:07:11,321] {subprocess.py:92} INFO - 25/09/01 01:07:11 INFO SparkContext: Submitted application: KafkaToHDFSWeather
[2025-09-01 01:07:11,357] {subprocess.py:92} INFO - 25/09/01 01:07:11 INFO ResourceProfile: Default ResourceProfile created, executor resources: Map(cores -> name: cores, amount: 1, script: , vendor: , memory -> name: memory, amount: 1024, script: , vendor: , offHeap -> name: offHeap, amount: 0, script: , vendor: ), task resources: Map(cpus -> name: cpus, amount: 1.0)
[2025-09-01 01:07:11,373] {subprocess.py:92} INFO - 25/09/01 01:07:11 INFO ResourceProfile: Limiting resource is cpu
[2025-09-01 01:07:11,374] {subprocess.py:92} INFO - 25/09/01 01:07:11 INFO ResourceProfileManager: Added ResourceProfile id: 0
[2025-09-01 01:07:11,476] {subprocess.py:92} INFO - 25/09/01 01:07:11 INFO SecurityManager: Changing view acls to: ***
[2025-09-01 01:07:11,477] {subprocess.py:92} INFO - 25/09/01 01:07:11 INFO SecurityManager: Changing modify acls to: ***
[2025-09-01 01:07:11,477] {subprocess.py:92} INFO - 25/09/01 01:07:11 INFO SecurityManager: Changing view acls groups to:
[2025-09-01 01:07:11,478] {subprocess.py:92} INFO - 25/09/01 01:07:11 INFO SecurityManager: Changing modify acls groups to:
[2025-09-01 01:07:11,478] {subprocess.py:92} INFO - 25/09/01 01:07:11 INFO SecurityManager: SecurityManager: authentication disabled; ui acls disabled; users  with view permissions: Set(***); groups with view permissions: Set(); users  with modify permissions: Set(***); groups with modify permissions: Set()
[2025-09-01 01:07:11,892] {subprocess.py:92} INFO - 25/09/01 01:07:11 INFO Utils: Successfully started service 'sparkDriver' on port 43347.
[2025-09-01 01:07:11,937] {subprocess.py:92} INFO - 25/09/01 01:07:11 INFO SparkEnv: Registering MapOutputTracker
[2025-09-01 01:07:11,986] {subprocess.py:92} INFO - 25/09/01 01:07:11 INFO SparkEnv: Registering BlockManagerMaster
[2025-09-01 01:07:12,014] {subprocess.py:92} INFO - 25/09/01 01:07:12 INFO BlockManagerMasterEndpoint: Using org.apache.spark.storage.DefaultTopologyMapper for getting topology information
[2025-09-01 01:07:12,015] {subprocess.py:92} INFO - 25/09/01 01:07:12 INFO BlockManagerMasterEndpoint: BlockManagerMasterEndpoint up
[2025-09-01 01:07:12,021] {subprocess.py:92} INFO - 25/09/01 01:07:12 INFO SparkEnv: Registering BlockManagerMasterHeartbeat
[2025-09-01 01:07:12,054] {subprocess.py:92} INFO - 25/09/01 01:07:12 INFO DiskBlockManager: Created local directory at /tmp/blockmgr-746449b4-8cec-4388-adb4-f562d51d307e
[2025-09-01 01:07:12,076] {subprocess.py:92} INFO - 25/09/01 01:07:12 INFO MemoryStore: MemoryStore started with capacity 434.4 MiB
[2025-09-01 01:07:12,095] {subprocess.py:92} INFO - 25/09/01 01:07:12 INFO SparkEnv: Registering OutputCommitCoordinator
[2025-09-01 01:07:12,374] {subprocess.py:92} INFO - 25/09/01 01:07:12 WARN Utils: Service 'SparkUI' could not bind on port 4040. Attempting port 4041.
[2025-09-01 01:07:12,386] {subprocess.py:92} INFO - 25/09/01 01:07:12 INFO Utils: Successfully started service 'SparkUI' on port 4041.
[2025-09-01 01:07:12,429] {subprocess.py:92} INFO - 25/09/01 01:07:12 INFO SparkContext: Added JAR file:///home/***/.ivy2/jars/org.apache.spark_spark-sql-kafka-0-10_2.12-3.3.1.jar at spark://e66737cfc193:43347/jars/org.apache.spark_spark-sql-kafka-0-10_2.12-3.3.1.jar with timestamp 1756688831278
[2025-09-01 01:07:12,429] {subprocess.py:92} INFO - 25/09/01 01:07:12 INFO SparkContext: Added JAR file:///home/***/.ivy2/jars/org.apache.spark_spark-token-provider-kafka-0-10_2.12-3.3.1.jar at spark://e66737cfc193:43347/jars/org.apache.spark_spark-token-provider-kafka-0-10_2.12-3.3.1.jar with timestamp 1756688831278
[2025-09-01 01:07:12,430] {subprocess.py:92} INFO - 25/09/01 01:07:12 INFO SparkContext: Added JAR file:///home/***/.ivy2/jars/org.apache.kafka_kafka-clients-2.8.1.jar at spark://e66737cfc193:43347/jars/org.apache.kafka_kafka-clients-2.8.1.jar with timestamp 1756688831278
[2025-09-01 01:07:12,430] {subprocess.py:92} INFO - 25/09/01 01:07:12 INFO SparkContext: Added JAR file:///home/***/.ivy2/jars/com.google.code.findbugs_jsr305-3.0.0.jar at spark://e66737cfc193:43347/jars/com.google.code.findbugs_jsr305-3.0.0.jar with timestamp 1756688831278
[2025-09-01 01:07:12,430] {subprocess.py:92} INFO - 25/09/01 01:07:12 INFO SparkContext: Added JAR file:///home/***/.ivy2/jars/org.apache.commons_commons-pool2-2.11.1.jar at spark://e66737cfc193:43347/jars/org.apache.commons_commons-pool2-2.11.1.jar with timestamp 1756688831278
[2025-09-01 01:07:12,430] {subprocess.py:92} INFO - 25/09/01 01:07:12 INFO SparkContext: Added JAR file:///home/***/.ivy2/jars/org.spark-project.spark_unused-1.0.0.jar at spark://e66737cfc193:43347/jars/org.spark-project.spark_unused-1.0.0.jar with timestamp 1756688831278
[2025-09-01 01:07:12,430] {subprocess.py:92} INFO - 25/09/01 01:07:12 INFO SparkContext: Added JAR file:///home/***/.ivy2/jars/org.apache.hadoop_hadoop-client-runtime-3.3.2.jar at spark://e66737cfc193:43347/jars/org.apache.hadoop_hadoop-client-runtime-3.3.2.jar with timestamp 1756688831278
[2025-09-01 01:07:12,430] {subprocess.py:92} INFO - 25/09/01 01:07:12 INFO SparkContext: Added JAR file:///home/***/.ivy2/jars/org.lz4_lz4-java-1.8.0.jar at spark://e66737cfc193:43347/jars/org.lz4_lz4-java-1.8.0.jar with timestamp 1756688831278
[2025-09-01 01:07:12,430] {subprocess.py:92} INFO - 25/09/01 01:07:12 INFO SparkContext: Added JAR file:///home/***/.ivy2/jars/org.xerial.snappy_snappy-java-1.1.8.4.jar at spark://e66737cfc193:43347/jars/org.xerial.snappy_snappy-java-1.1.8.4.jar with timestamp 1756688831278
[2025-09-01 01:07:12,430] {subprocess.py:92} INFO - 25/09/01 01:07:12 INFO SparkContext: Added JAR file:///home/***/.ivy2/jars/org.slf4j_slf4j-api-1.7.32.jar at spark://e66737cfc193:43347/jars/org.slf4j_slf4j-api-1.7.32.jar with timestamp 1756688831278
[2025-09-01 01:07:12,430] {subprocess.py:92} INFO - 25/09/01 01:07:12 INFO SparkContext: Added JAR file:///home/***/.ivy2/jars/org.apache.hadoop_hadoop-client-api-3.3.2.jar at spark://e66737cfc193:43347/jars/org.apache.hadoop_hadoop-client-api-3.3.2.jar with timestamp 1756688831278
[2025-09-01 01:07:12,431] {subprocess.py:92} INFO - 25/09/01 01:07:12 INFO SparkContext: Added JAR file:///home/***/.ivy2/jars/commons-logging_commons-logging-1.1.3.jar at spark://e66737cfc193:43347/jars/commons-logging_commons-logging-1.1.3.jar with timestamp 1756688831278
[2025-09-01 01:07:12,434] {subprocess.py:92} INFO - 25/09/01 01:07:12 INFO SparkContext: Added file file:///home/***/.ivy2/jars/org.apache.spark_spark-sql-kafka-0-10_2.12-3.3.1.jar at file:///home/***/.ivy2/jars/org.apache.spark_spark-sql-kafka-0-10_2.12-3.3.1.jar with timestamp 1756688831278
[2025-09-01 01:07:12,436] {subprocess.py:92} INFO - 25/09/01 01:07:12 INFO Utils: Copying /home/***/.ivy2/jars/org.apache.spark_spark-sql-kafka-0-10_2.12-3.3.1.jar to /tmp/spark-32e63bab-f4ac-483a-9c33-9565089dbfa2/userFiles-03049a36-7d80-4c2f-982e-fc60b7d0b9a8/org.apache.spark_spark-sql-kafka-0-10_2.12-3.3.1.jar
[2025-09-01 01:07:12,450] {subprocess.py:92} INFO - 25/09/01 01:07:12 INFO SparkContext: Added file file:///home/***/.ivy2/jars/org.apache.spark_spark-token-provider-kafka-0-10_2.12-3.3.1.jar at file:///home/***/.ivy2/jars/org.apache.spark_spark-token-provider-kafka-0-10_2.12-3.3.1.jar with timestamp 1756688831278
[2025-09-01 01:07:12,451] {subprocess.py:92} INFO - 25/09/01 01:07:12 INFO Utils: Copying /home/***/.ivy2/jars/org.apache.spark_spark-token-provider-kafka-0-10_2.12-3.3.1.jar to /tmp/spark-32e63bab-f4ac-483a-9c33-9565089dbfa2/userFiles-03049a36-7d80-4c2f-982e-fc60b7d0b9a8/org.apache.spark_spark-token-provider-kafka-0-10_2.12-3.3.1.jar
[2025-09-01 01:07:12,457] {subprocess.py:92} INFO - 25/09/01 01:07:12 INFO SparkContext: Added file file:///home/***/.ivy2/jars/org.apache.kafka_kafka-clients-2.8.1.jar at file:///home/***/.ivy2/jars/org.apache.kafka_kafka-clients-2.8.1.jar with timestamp 1756688831278
[2025-09-01 01:07:12,458] {subprocess.py:92} INFO - 25/09/01 01:07:12 INFO Utils: Copying /home/***/.ivy2/jars/org.apache.kafka_kafka-clients-2.8.1.jar to /tmp/spark-32e63bab-f4ac-483a-9c33-9565089dbfa2/userFiles-03049a36-7d80-4c2f-982e-fc60b7d0b9a8/org.apache.kafka_kafka-clients-2.8.1.jar
[2025-09-01 01:07:12,474] {subprocess.py:92} INFO - 25/09/01 01:07:12 INFO SparkContext: Added file file:///home/***/.ivy2/jars/com.google.code.findbugs_jsr305-3.0.0.jar at file:///home/***/.ivy2/jars/com.google.code.findbugs_jsr305-3.0.0.jar with timestamp 1756688831278
[2025-09-01 01:07:12,474] {subprocess.py:92} INFO - 25/09/01 01:07:12 INFO Utils: Copying /home/***/.ivy2/jars/com.google.code.findbugs_jsr305-3.0.0.jar to /tmp/spark-32e63bab-f4ac-483a-9c33-9565089dbfa2/userFiles-03049a36-7d80-4c2f-982e-fc60b7d0b9a8/com.google.code.findbugs_jsr305-3.0.0.jar
[2025-09-01 01:07:12,480] {subprocess.py:92} INFO - 25/09/01 01:07:12 INFO SparkContext: Added file file:///home/***/.ivy2/jars/org.apache.commons_commons-pool2-2.11.1.jar at file:///home/***/.ivy2/jars/org.apache.commons_commons-pool2-2.11.1.jar with timestamp 1756688831278
[2025-09-01 01:07:12,480] {subprocess.py:92} INFO - 25/09/01 01:07:12 INFO Utils: Copying /home/***/.ivy2/jars/org.apache.commons_commons-pool2-2.11.1.jar to /tmp/spark-32e63bab-f4ac-483a-9c33-9565089dbfa2/userFiles-03049a36-7d80-4c2f-982e-fc60b7d0b9a8/org.apache.commons_commons-pool2-2.11.1.jar
[2025-09-01 01:07:12,487] {subprocess.py:92} INFO - 25/09/01 01:07:12 INFO SparkContext: Added file file:///home/***/.ivy2/jars/org.spark-project.spark_unused-1.0.0.jar at file:///home/***/.ivy2/jars/org.spark-project.spark_unused-1.0.0.jar with timestamp 1756688831278
[2025-09-01 01:07:12,488] {subprocess.py:92} INFO - 25/09/01 01:07:12 INFO Utils: Copying /home/***/.ivy2/jars/org.spark-project.spark_unused-1.0.0.jar to /tmp/spark-32e63bab-f4ac-483a-9c33-9565089dbfa2/userFiles-03049a36-7d80-4c2f-982e-fc60b7d0b9a8/org.spark-project.spark_unused-1.0.0.jar
[2025-09-01 01:07:12,493] {subprocess.py:92} INFO - 25/09/01 01:07:12 INFO SparkContext: Added file file:///home/***/.ivy2/jars/org.apache.hadoop_hadoop-client-runtime-3.3.2.jar at file:///home/***/.ivy2/jars/org.apache.hadoop_hadoop-client-runtime-3.3.2.jar with timestamp 1756688831278
[2025-09-01 01:07:12,494] {subprocess.py:92} INFO - 25/09/01 01:07:12 INFO Utils: Copying /home/***/.ivy2/jars/org.apache.hadoop_hadoop-client-runtime-3.3.2.jar to /tmp/spark-32e63bab-f4ac-483a-9c33-9565089dbfa2/userFiles-03049a36-7d80-4c2f-982e-fc60b7d0b9a8/org.apache.hadoop_hadoop-client-runtime-3.3.2.jar
[2025-09-01 01:07:12,554] {subprocess.py:92} INFO - 25/09/01 01:07:12 INFO SparkContext: Added file file:///home/***/.ivy2/jars/org.lz4_lz4-java-1.8.0.jar at file:///home/***/.ivy2/jars/org.lz4_lz4-java-1.8.0.jar with timestamp 1756688831278
[2025-09-01 01:07:12,554] {subprocess.py:92} INFO - 25/09/01 01:07:12 INFO Utils: Copying /home/***/.ivy2/jars/org.lz4_lz4-java-1.8.0.jar to /tmp/spark-32e63bab-f4ac-483a-9c33-9565089dbfa2/userFiles-03049a36-7d80-4c2f-982e-fc60b7d0b9a8/org.lz4_lz4-java-1.8.0.jar
[2025-09-01 01:07:12,561] {subprocess.py:92} INFO - 25/09/01 01:07:12 INFO SparkContext: Added file file:///home/***/.ivy2/jars/org.xerial.snappy_snappy-java-1.1.8.4.jar at file:///home/***/.ivy2/jars/org.xerial.snappy_snappy-java-1.1.8.4.jar with timestamp 1756688831278
[2025-09-01 01:07:12,561] {subprocess.py:92} INFO - 25/09/01 01:07:12 INFO Utils: Copying /home/***/.ivy2/jars/org.xerial.snappy_snappy-java-1.1.8.4.jar to /tmp/spark-32e63bab-f4ac-483a-9c33-9565089dbfa2/userFiles-03049a36-7d80-4c2f-982e-fc60b7d0b9a8/org.xerial.snappy_snappy-java-1.1.8.4.jar
[2025-09-01 01:07:12,570] {subprocess.py:92} INFO - 25/09/01 01:07:12 INFO SparkContext: Added file file:///home/***/.ivy2/jars/org.slf4j_slf4j-api-1.7.32.jar at file:///home/***/.ivy2/jars/org.slf4j_slf4j-api-1.7.32.jar with timestamp 1756688831278
[2025-09-01 01:07:12,570] {subprocess.py:92} INFO - 25/09/01 01:07:12 INFO Utils: Copying /home/***/.ivy2/jars/org.slf4j_slf4j-api-1.7.32.jar to /tmp/spark-32e63bab-f4ac-483a-9c33-9565089dbfa2/userFiles-03049a36-7d80-4c2f-982e-fc60b7d0b9a8/org.slf4j_slf4j-api-1.7.32.jar
[2025-09-01 01:07:12,577] {subprocess.py:92} INFO - 25/09/01 01:07:12 INFO SparkContext: Added file file:///home/***/.ivy2/jars/org.apache.hadoop_hadoop-client-api-3.3.2.jar at file:///home/***/.ivy2/jars/org.apache.hadoop_hadoop-client-api-3.3.2.jar with timestamp 1756688831278
[2025-09-01 01:07:12,577] {subprocess.py:92} INFO - 25/09/01 01:07:12 INFO Utils: Copying /home/***/.ivy2/jars/org.apache.hadoop_hadoop-client-api-3.3.2.jar to /tmp/spark-32e63bab-f4ac-483a-9c33-9565089dbfa2/userFiles-03049a36-7d80-4c2f-982e-fc60b7d0b9a8/org.apache.hadoop_hadoop-client-api-3.3.2.jar
[2025-09-01 01:07:12,615] {subprocess.py:92} INFO - 25/09/01 01:07:12 INFO SparkContext: Added file file:///home/***/.ivy2/jars/commons-logging_commons-logging-1.1.3.jar at file:///home/***/.ivy2/jars/commons-logging_commons-logging-1.1.3.jar with timestamp 1756688831278
[2025-09-01 01:07:12,615] {subprocess.py:92} INFO - 25/09/01 01:07:12 INFO Utils: Copying /home/***/.ivy2/jars/commons-logging_commons-logging-1.1.3.jar to /tmp/spark-32e63bab-f4ac-483a-9c33-9565089dbfa2/userFiles-03049a36-7d80-4c2f-982e-fc60b7d0b9a8/commons-logging_commons-logging-1.1.3.jar
[2025-09-01 01:07:12,718] {subprocess.py:92} INFO - 25/09/01 01:07:12 INFO Executor: Starting executor ID driver on host e66737cfc193
[2025-09-01 01:07:12,727] {subprocess.py:92} INFO - 25/09/01 01:07:12 INFO Executor: Starting executor with user classpath (userClassPathFirst = false): ''
[2025-09-01 01:07:12,745] {subprocess.py:92} INFO - 25/09/01 01:07:12 INFO Executor: Fetching file:///home/***/.ivy2/jars/commons-logging_commons-logging-1.1.3.jar with timestamp 1756688831278
[2025-09-01 01:07:12,772] {subprocess.py:92} INFO - 25/09/01 01:07:12 INFO Utils: /home/***/.ivy2/jars/commons-logging_commons-logging-1.1.3.jar has been previously copied to /tmp/spark-32e63bab-f4ac-483a-9c33-9565089dbfa2/userFiles-03049a36-7d80-4c2f-982e-fc60b7d0b9a8/commons-logging_commons-logging-1.1.3.jar
[2025-09-01 01:07:12,777] {subprocess.py:92} INFO - 25/09/01 01:07:12 INFO Executor: Fetching file:///home/***/.ivy2/jars/org.spark-project.spark_unused-1.0.0.jar with timestamp 1756688831278
[2025-09-01 01:07:12,778] {subprocess.py:92} INFO - 25/09/01 01:07:12 INFO Utils: /home/***/.ivy2/jars/org.spark-project.spark_unused-1.0.0.jar has been previously copied to /tmp/spark-32e63bab-f4ac-483a-9c33-9565089dbfa2/userFiles-03049a36-7d80-4c2f-982e-fc60b7d0b9a8/org.spark-project.spark_unused-1.0.0.jar
[2025-09-01 01:07:12,784] {subprocess.py:92} INFO - 25/09/01 01:07:12 INFO Executor: Fetching file:///home/***/.ivy2/jars/org.apache.spark_spark-sql-kafka-0-10_2.12-3.3.1.jar with timestamp 1756688831278
[2025-09-01 01:07:12,791] {subprocess.py:92} INFO - 25/09/01 01:07:12 INFO Utils: /home/***/.ivy2/jars/org.apache.spark_spark-sql-kafka-0-10_2.12-3.3.1.jar has been previously copied to /tmp/spark-32e63bab-f4ac-483a-9c33-9565089dbfa2/userFiles-03049a36-7d80-4c2f-982e-fc60b7d0b9a8/org.apache.spark_spark-sql-kafka-0-10_2.12-3.3.1.jar
[2025-09-01 01:07:12,796] {subprocess.py:92} INFO - 25/09/01 01:07:12 INFO Executor: Fetching file:///home/***/.ivy2/jars/org.apache.hadoop_hadoop-client-api-3.3.2.jar with timestamp 1756688831278
[2025-09-01 01:07:12,826] {subprocess.py:92} INFO - 25/09/01 01:07:12 INFO Utils: /home/***/.ivy2/jars/org.apache.hadoop_hadoop-client-api-3.3.2.jar has been previously copied to /tmp/spark-32e63bab-f4ac-483a-9c33-9565089dbfa2/userFiles-03049a36-7d80-4c2f-982e-fc60b7d0b9a8/org.apache.hadoop_hadoop-client-api-3.3.2.jar
[2025-09-01 01:07:12,832] {subprocess.py:92} INFO - 25/09/01 01:07:12 INFO Executor: Fetching file:///home/***/.ivy2/jars/org.apache.hadoop_hadoop-client-runtime-3.3.2.jar with timestamp 1756688831278
[2025-09-01 01:07:12,866] {subprocess.py:92} INFO - 25/09/01 01:07:12 INFO Utils: /home/***/.ivy2/jars/org.apache.hadoop_hadoop-client-runtime-3.3.2.jar has been previously copied to /tmp/spark-32e63bab-f4ac-483a-9c33-9565089dbfa2/userFiles-03049a36-7d80-4c2f-982e-fc60b7d0b9a8/org.apache.hadoop_hadoop-client-runtime-3.3.2.jar
[2025-09-01 01:07:12,872] {subprocess.py:92} INFO - 25/09/01 01:07:12 INFO Executor: Fetching file:///home/***/.ivy2/jars/org.slf4j_slf4j-api-1.7.32.jar with timestamp 1756688831278
[2025-09-01 01:07:12,873] {subprocess.py:92} INFO - 25/09/01 01:07:12 INFO Utils: /home/***/.ivy2/jars/org.slf4j_slf4j-api-1.7.32.jar has been previously copied to /tmp/spark-32e63bab-f4ac-483a-9c33-9565089dbfa2/userFiles-03049a36-7d80-4c2f-982e-fc60b7d0b9a8/org.slf4j_slf4j-api-1.7.32.jar
[2025-09-01 01:07:12,881] {subprocess.py:92} INFO - 25/09/01 01:07:12 INFO Executor: Fetching file:///home/***/.ivy2/jars/org.lz4_lz4-java-1.8.0.jar with timestamp 1756688831278
[2025-09-01 01:07:12,883] {subprocess.py:92} INFO - 25/09/01 01:07:12 INFO Utils: /home/***/.ivy2/jars/org.lz4_lz4-java-1.8.0.jar has been previously copied to /tmp/spark-32e63bab-f4ac-483a-9c33-9565089dbfa2/userFiles-03049a36-7d80-4c2f-982e-fc60b7d0b9a8/org.lz4_lz4-java-1.8.0.jar
[2025-09-01 01:07:12,890] {subprocess.py:92} INFO - 25/09/01 01:07:12 INFO Executor: Fetching file:///home/***/.ivy2/jars/org.apache.commons_commons-pool2-2.11.1.jar with timestamp 1756688831278
[2025-09-01 01:07:12,891] {subprocess.py:92} INFO - 25/09/01 01:07:12 INFO Utils: /home/***/.ivy2/jars/org.apache.commons_commons-pool2-2.11.1.jar has been previously copied to /tmp/spark-32e63bab-f4ac-483a-9c33-9565089dbfa2/userFiles-03049a36-7d80-4c2f-982e-fc60b7d0b9a8/org.apache.commons_commons-pool2-2.11.1.jar
[2025-09-01 01:07:12,899] {subprocess.py:92} INFO - 25/09/01 01:07:12 INFO Executor: Fetching file:///home/***/.ivy2/jars/com.google.code.findbugs_jsr305-3.0.0.jar with timestamp 1756688831278
[2025-09-01 01:07:12,899] {subprocess.py:92} INFO - 25/09/01 01:07:12 INFO Utils: /home/***/.ivy2/jars/com.google.code.findbugs_jsr305-3.0.0.jar has been previously copied to /tmp/spark-32e63bab-f4ac-483a-9c33-9565089dbfa2/userFiles-03049a36-7d80-4c2f-982e-fc60b7d0b9a8/com.google.code.findbugs_jsr305-3.0.0.jar
[2025-09-01 01:07:12,906] {subprocess.py:92} INFO - 25/09/01 01:07:12 INFO Executor: Fetching file:///home/***/.ivy2/jars/org.apache.spark_spark-token-provider-kafka-0-10_2.12-3.3.1.jar with timestamp 1756688831278
[2025-09-01 01:07:12,907] {subprocess.py:92} INFO - 25/09/01 01:07:12 INFO Utils: /home/***/.ivy2/jars/org.apache.spark_spark-token-provider-kafka-0-10_2.12-3.3.1.jar has been previously copied to /tmp/spark-32e63bab-f4ac-483a-9c33-9565089dbfa2/userFiles-03049a36-7d80-4c2f-982e-fc60b7d0b9a8/org.apache.spark_spark-token-provider-kafka-0-10_2.12-3.3.1.jar
[2025-09-01 01:07:12,913] {subprocess.py:92} INFO - 25/09/01 01:07:12 INFO Executor: Fetching file:///home/***/.ivy2/jars/org.apache.kafka_kafka-clients-2.8.1.jar with timestamp 1756688831278
[2025-09-01 01:07:12,919] {subprocess.py:92} INFO - 25/09/01 01:07:12 INFO Utils: /home/***/.ivy2/jars/org.apache.kafka_kafka-clients-2.8.1.jar has been previously copied to /tmp/spark-32e63bab-f4ac-483a-9c33-9565089dbfa2/userFiles-03049a36-7d80-4c2f-982e-fc60b7d0b9a8/org.apache.kafka_kafka-clients-2.8.1.jar
[2025-09-01 01:07:12,926] {subprocess.py:92} INFO - 25/09/01 01:07:12 INFO Executor: Fetching file:///home/***/.ivy2/jars/org.xerial.snappy_snappy-java-1.1.8.4.jar with timestamp 1756688831278
[2025-09-01 01:07:12,929] {subprocess.py:92} INFO - 25/09/01 01:07:12 INFO Utils: /home/***/.ivy2/jars/org.xerial.snappy_snappy-java-1.1.8.4.jar has been previously copied to /tmp/spark-32e63bab-f4ac-483a-9c33-9565089dbfa2/userFiles-03049a36-7d80-4c2f-982e-fc60b7d0b9a8/org.xerial.snappy_snappy-java-1.1.8.4.jar
[2025-09-01 01:07:12,939] {subprocess.py:92} INFO - 25/09/01 01:07:12 INFO Executor: Fetching spark://e66737cfc193:43347/jars/org.apache.spark_spark-sql-kafka-0-10_2.12-3.3.1.jar with timestamp 1756688831278
[2025-09-01 01:07:13,007] {subprocess.py:92} INFO - 25/09/01 01:07:13 INFO TransportClientFactory: Successfully created connection to e66737cfc193/172.20.0.18:43347 after 46 ms (0 ms spent in bootstraps)
[2025-09-01 01:07:13,022] {subprocess.py:92} INFO - 25/09/01 01:07:13 INFO Utils: Fetching spark://e66737cfc193:43347/jars/org.apache.spark_spark-sql-kafka-0-10_2.12-3.3.1.jar to /tmp/spark-32e63bab-f4ac-483a-9c33-9565089dbfa2/userFiles-03049a36-7d80-4c2f-982e-fc60b7d0b9a8/fetchFileTemp4273026150758740647.tmp
[2025-09-01 01:07:13,130] {subprocess.py:92} INFO - 25/09/01 01:07:13 INFO Utils: /tmp/spark-32e63bab-f4ac-483a-9c33-9565089dbfa2/userFiles-03049a36-7d80-4c2f-982e-fc60b7d0b9a8/fetchFileTemp4273026150758740647.tmp has been previously copied to /tmp/spark-32e63bab-f4ac-483a-9c33-9565089dbfa2/userFiles-03049a36-7d80-4c2f-982e-fc60b7d0b9a8/org.apache.spark_spark-sql-kafka-0-10_2.12-3.3.1.jar
[2025-09-01 01:07:13,143] {subprocess.py:92} INFO - 25/09/01 01:07:13 INFO Executor: Adding file:/tmp/spark-32e63bab-f4ac-483a-9c33-9565089dbfa2/userFiles-03049a36-7d80-4c2f-982e-fc60b7d0b9a8/org.apache.spark_spark-sql-kafka-0-10_2.12-3.3.1.jar to class loader
[2025-09-01 01:07:13,144] {subprocess.py:92} INFO - 25/09/01 01:07:13 INFO Executor: Fetching spark://e66737cfc193:43347/jars/commons-logging_commons-logging-1.1.3.jar with timestamp 1756688831278
[2025-09-01 01:07:13,147] {subprocess.py:92} INFO - 25/09/01 01:07:13 INFO Utils: Fetching spark://e66737cfc193:43347/jars/commons-logging_commons-logging-1.1.3.jar to /tmp/spark-32e63bab-f4ac-483a-9c33-9565089dbfa2/userFiles-03049a36-7d80-4c2f-982e-fc60b7d0b9a8/fetchFileTemp10464620682160847617.tmp
[2025-09-01 01:07:13,153] {subprocess.py:92} INFO - 25/09/01 01:07:13 INFO Utils: /tmp/spark-32e63bab-f4ac-483a-9c33-9565089dbfa2/userFiles-03049a36-7d80-4c2f-982e-fc60b7d0b9a8/fetchFileTemp10464620682160847617.tmp has been previously copied to /tmp/spark-32e63bab-f4ac-483a-9c33-9565089dbfa2/userFiles-03049a36-7d80-4c2f-982e-fc60b7d0b9a8/commons-logging_commons-logging-1.1.3.jar
[2025-09-01 01:07:13,162] {subprocess.py:92} INFO - 25/09/01 01:07:13 INFO Executor: Adding file:/tmp/spark-32e63bab-f4ac-483a-9c33-9565089dbfa2/userFiles-03049a36-7d80-4c2f-982e-fc60b7d0b9a8/commons-logging_commons-logging-1.1.3.jar to class loader
[2025-09-01 01:07:13,162] {subprocess.py:92} INFO - 25/09/01 01:07:13 INFO Executor: Fetching spark://e66737cfc193:43347/jars/org.slf4j_slf4j-api-1.7.32.jar with timestamp 1756688831278
[2025-09-01 01:07:13,165] {subprocess.py:92} INFO - 25/09/01 01:07:13 INFO Utils: Fetching spark://e66737cfc193:43347/jars/org.slf4j_slf4j-api-1.7.32.jar to /tmp/spark-32e63bab-f4ac-483a-9c33-9565089dbfa2/userFiles-03049a36-7d80-4c2f-982e-fc60b7d0b9a8/fetchFileTemp17521173058055004175.tmp
[2025-09-01 01:07:13,171] {subprocess.py:92} INFO - 25/09/01 01:07:13 INFO Utils: /tmp/spark-32e63bab-f4ac-483a-9c33-9565089dbfa2/userFiles-03049a36-7d80-4c2f-982e-fc60b7d0b9a8/fetchFileTemp17521173058055004175.tmp has been previously copied to /tmp/spark-32e63bab-f4ac-483a-9c33-9565089dbfa2/userFiles-03049a36-7d80-4c2f-982e-fc60b7d0b9a8/org.slf4j_slf4j-api-1.7.32.jar
[2025-09-01 01:07:13,187] {subprocess.py:92} INFO - 25/09/01 01:07:13 INFO Executor: Adding file:/tmp/spark-32e63bab-f4ac-483a-9c33-9565089dbfa2/userFiles-03049a36-7d80-4c2f-982e-fc60b7d0b9a8/org.slf4j_slf4j-api-1.7.32.jar to class loader
[2025-09-01 01:07:13,188] {subprocess.py:92} INFO - 25/09/01 01:07:13 INFO Executor: Fetching spark://e66737cfc193:43347/jars/org.spark-project.spark_unused-1.0.0.jar with timestamp 1756688831278
[2025-09-01 01:07:13,188] {subprocess.py:92} INFO - 25/09/01 01:07:13 INFO Utils: Fetching spark://e66737cfc193:43347/jars/org.spark-project.spark_unused-1.0.0.jar to /tmp/spark-32e63bab-f4ac-483a-9c33-9565089dbfa2/userFiles-03049a36-7d80-4c2f-982e-fc60b7d0b9a8/fetchFileTemp8978084744522275283.tmp
[2025-09-01 01:07:13,197] {subprocess.py:92} INFO - 25/09/01 01:07:13 INFO Utils: /tmp/spark-32e63bab-f4ac-483a-9c33-9565089dbfa2/userFiles-03049a36-7d80-4c2f-982e-fc60b7d0b9a8/fetchFileTemp8978084744522275283.tmp has been previously copied to /tmp/spark-32e63bab-f4ac-483a-9c33-9565089dbfa2/userFiles-03049a36-7d80-4c2f-982e-fc60b7d0b9a8/org.spark-project.spark_unused-1.0.0.jar
[2025-09-01 01:07:13,208] {subprocess.py:92} INFO - 25/09/01 01:07:13 INFO Executor: Adding file:/tmp/spark-32e63bab-f4ac-483a-9c33-9565089dbfa2/userFiles-03049a36-7d80-4c2f-982e-fc60b7d0b9a8/org.spark-project.spark_unused-1.0.0.jar to class loader
[2025-09-01 01:07:13,209] {subprocess.py:92} INFO - 25/09/01 01:07:13 INFO Executor: Fetching spark://e66737cfc193:43347/jars/org.apache.commons_commons-pool2-2.11.1.jar with timestamp 1756688831278
[2025-09-01 01:07:13,210] {subprocess.py:92} INFO - 25/09/01 01:07:13 INFO Utils: Fetching spark://e66737cfc193:43347/jars/org.apache.commons_commons-pool2-2.11.1.jar to /tmp/spark-32e63bab-f4ac-483a-9c33-9565089dbfa2/userFiles-03049a36-7d80-4c2f-982e-fc60b7d0b9a8/fetchFileTemp13370480152123018972.tmp
[2025-09-01 01:07:13,217] {subprocess.py:92} INFO - 25/09/01 01:07:13 INFO Utils: /tmp/spark-32e63bab-f4ac-483a-9c33-9565089dbfa2/userFiles-03049a36-7d80-4c2f-982e-fc60b7d0b9a8/fetchFileTemp13370480152123018972.tmp has been previously copied to /tmp/spark-32e63bab-f4ac-483a-9c33-9565089dbfa2/userFiles-03049a36-7d80-4c2f-982e-fc60b7d0b9a8/org.apache.commons_commons-pool2-2.11.1.jar
[2025-09-01 01:07:13,225] {subprocess.py:92} INFO - 25/09/01 01:07:13 INFO Executor: Adding file:/tmp/spark-32e63bab-f4ac-483a-9c33-9565089dbfa2/userFiles-03049a36-7d80-4c2f-982e-fc60b7d0b9a8/org.apache.commons_commons-pool2-2.11.1.jar to class loader
[2025-09-01 01:07:13,226] {subprocess.py:92} INFO - 25/09/01 01:07:13 INFO Executor: Fetching spark://e66737cfc193:43347/jars/org.lz4_lz4-java-1.8.0.jar with timestamp 1756688831278
[2025-09-01 01:07:13,226] {subprocess.py:92} INFO - 25/09/01 01:07:13 INFO Utils: Fetching spark://e66737cfc193:43347/jars/org.lz4_lz4-java-1.8.0.jar to /tmp/spark-32e63bab-f4ac-483a-9c33-9565089dbfa2/userFiles-03049a36-7d80-4c2f-982e-fc60b7d0b9a8/fetchFileTemp6584093745302045067.tmp
[2025-09-01 01:07:13,239] {subprocess.py:92} INFO - 25/09/01 01:07:13 INFO Utils: /tmp/spark-32e63bab-f4ac-483a-9c33-9565089dbfa2/userFiles-03049a36-7d80-4c2f-982e-fc60b7d0b9a8/fetchFileTemp6584093745302045067.tmp has been previously copied to /tmp/spark-32e63bab-f4ac-483a-9c33-9565089dbfa2/userFiles-03049a36-7d80-4c2f-982e-fc60b7d0b9a8/org.lz4_lz4-java-1.8.0.jar
[2025-09-01 01:07:13,246] {subprocess.py:92} INFO - 25/09/01 01:07:13 INFO Executor: Adding file:/tmp/spark-32e63bab-f4ac-483a-9c33-9565089dbfa2/userFiles-03049a36-7d80-4c2f-982e-fc60b7d0b9a8/org.lz4_lz4-java-1.8.0.jar to class loader
[2025-09-01 01:07:13,247] {subprocess.py:92} INFO - 25/09/01 01:07:13 INFO Executor: Fetching spark://e66737cfc193:43347/jars/com.google.code.findbugs_jsr305-3.0.0.jar with timestamp 1756688831278
[2025-09-01 01:07:13,249] {subprocess.py:92} INFO - 25/09/01 01:07:13 INFO Utils: Fetching spark://e66737cfc193:43347/jars/com.google.code.findbugs_jsr305-3.0.0.jar to /tmp/spark-32e63bab-f4ac-483a-9c33-9565089dbfa2/userFiles-03049a36-7d80-4c2f-982e-fc60b7d0b9a8/fetchFileTemp16429622743622714209.tmp
[2025-09-01 01:07:13,253] {subprocess.py:92} INFO - 25/09/01 01:07:13 INFO Utils: /tmp/spark-32e63bab-f4ac-483a-9c33-9565089dbfa2/userFiles-03049a36-7d80-4c2f-982e-fc60b7d0b9a8/fetchFileTemp16429622743622714209.tmp has been previously copied to /tmp/spark-32e63bab-f4ac-483a-9c33-9565089dbfa2/userFiles-03049a36-7d80-4c2f-982e-fc60b7d0b9a8/com.google.code.findbugs_jsr305-3.0.0.jar
[2025-09-01 01:07:13,260] {subprocess.py:92} INFO - 25/09/01 01:07:13 INFO Executor: Adding file:/tmp/spark-32e63bab-f4ac-483a-9c33-9565089dbfa2/userFiles-03049a36-7d80-4c2f-982e-fc60b7d0b9a8/com.google.code.findbugs_jsr305-3.0.0.jar to class loader
[2025-09-01 01:07:13,261] {subprocess.py:92} INFO - 25/09/01 01:07:13 INFO Executor: Fetching spark://e66737cfc193:43347/jars/org.apache.spark_spark-token-provider-kafka-0-10_2.12-3.3.1.jar with timestamp 1756688831278
[2025-09-01 01:07:13,262] {subprocess.py:92} INFO - 25/09/01 01:07:13 INFO Utils: Fetching spark://e66737cfc193:43347/jars/org.apache.spark_spark-token-provider-kafka-0-10_2.12-3.3.1.jar to /tmp/spark-32e63bab-f4ac-483a-9c33-9565089dbfa2/userFiles-03049a36-7d80-4c2f-982e-fc60b7d0b9a8/fetchFileTemp13014574515573292432.tmp
[2025-09-01 01:07:13,266] {subprocess.py:92} INFO - 25/09/01 01:07:13 INFO Utils: /tmp/spark-32e63bab-f4ac-483a-9c33-9565089dbfa2/userFiles-03049a36-7d80-4c2f-982e-fc60b7d0b9a8/fetchFileTemp13014574515573292432.tmp has been previously copied to /tmp/spark-32e63bab-f4ac-483a-9c33-9565089dbfa2/userFiles-03049a36-7d80-4c2f-982e-fc60b7d0b9a8/org.apache.spark_spark-token-provider-kafka-0-10_2.12-3.3.1.jar
[2025-09-01 01:07:13,273] {subprocess.py:92} INFO - 25/09/01 01:07:13 INFO Executor: Adding file:/tmp/spark-32e63bab-f4ac-483a-9c33-9565089dbfa2/userFiles-03049a36-7d80-4c2f-982e-fc60b7d0b9a8/org.apache.spark_spark-token-provider-kafka-0-10_2.12-3.3.1.jar to class loader
[2025-09-01 01:07:13,274] {subprocess.py:92} INFO - 25/09/01 01:07:13 INFO Executor: Fetching spark://e66737cfc193:43347/jars/org.xerial.snappy_snappy-java-1.1.8.4.jar with timestamp 1756688831278
[2025-09-01 01:07:13,274] {subprocess.py:92} INFO - 25/09/01 01:07:13 INFO Utils: Fetching spark://e66737cfc193:43347/jars/org.xerial.snappy_snappy-java-1.1.8.4.jar to /tmp/spark-32e63bab-f4ac-483a-9c33-9565089dbfa2/userFiles-03049a36-7d80-4c2f-982e-fc60b7d0b9a8/fetchFileTemp15388532551284416233.tmp
[2025-09-01 01:07:13,298] {subprocess.py:92} INFO - 25/09/01 01:07:13 INFO Utils: /tmp/spark-32e63bab-f4ac-483a-9c33-9565089dbfa2/userFiles-03049a36-7d80-4c2f-982e-fc60b7d0b9a8/fetchFileTemp15388532551284416233.tmp has been previously copied to /tmp/spark-32e63bab-f4ac-483a-9c33-9565089dbfa2/userFiles-03049a36-7d80-4c2f-982e-fc60b7d0b9a8/org.xerial.snappy_snappy-java-1.1.8.4.jar
[2025-09-01 01:07:13,306] {subprocess.py:92} INFO - 25/09/01 01:07:13 INFO Executor: Adding file:/tmp/spark-32e63bab-f4ac-483a-9c33-9565089dbfa2/userFiles-03049a36-7d80-4c2f-982e-fc60b7d0b9a8/org.xerial.snappy_snappy-java-1.1.8.4.jar to class loader
[2025-09-01 01:07:13,306] {subprocess.py:92} INFO - 25/09/01 01:07:13 INFO Executor: Fetching spark://e66737cfc193:43347/jars/org.apache.hadoop_hadoop-client-api-3.3.2.jar with timestamp 1756688831278
[2025-09-01 01:07:13,308] {subprocess.py:92} INFO - 25/09/01 01:07:13 INFO Utils: Fetching spark://e66737cfc193:43347/jars/org.apache.hadoop_hadoop-client-api-3.3.2.jar to /tmp/spark-32e63bab-f4ac-483a-9c33-9565089dbfa2/userFiles-03049a36-7d80-4c2f-982e-fc60b7d0b9a8/fetchFileTemp8407190171371491920.tmp
[2025-09-01 01:07:13,424] {subprocess.py:92} INFO - 25/09/01 01:07:13 INFO Utils: /tmp/spark-32e63bab-f4ac-483a-9c33-9565089dbfa2/userFiles-03049a36-7d80-4c2f-982e-fc60b7d0b9a8/fetchFileTemp8407190171371491920.tmp has been previously copied to /tmp/spark-32e63bab-f4ac-483a-9c33-9565089dbfa2/userFiles-03049a36-7d80-4c2f-982e-fc60b7d0b9a8/org.apache.hadoop_hadoop-client-api-3.3.2.jar
[2025-09-01 01:07:13,438] {subprocess.py:92} INFO - 25/09/01 01:07:13 INFO Executor: Adding file:/tmp/spark-32e63bab-f4ac-483a-9c33-9565089dbfa2/userFiles-03049a36-7d80-4c2f-982e-fc60b7d0b9a8/org.apache.hadoop_hadoop-client-api-3.3.2.jar to class loader
[2025-09-01 01:07:13,439] {subprocess.py:92} INFO - 25/09/01 01:07:13 INFO Executor: Fetching spark://e66737cfc193:43347/jars/org.apache.kafka_kafka-clients-2.8.1.jar with timestamp 1756688831278
[2025-09-01 01:07:13,441] {subprocess.py:92} INFO - 25/09/01 01:07:13 INFO Utils: Fetching spark://e66737cfc193:43347/jars/org.apache.kafka_kafka-clients-2.8.1.jar to /tmp/spark-32e63bab-f4ac-483a-9c33-9565089dbfa2/userFiles-03049a36-7d80-4c2f-982e-fc60b7d0b9a8/fetchFileTemp9644498795700018942.tmp
[2025-09-01 01:07:13,477] {subprocess.py:92} INFO - 25/09/01 01:07:13 INFO Utils: /tmp/spark-32e63bab-f4ac-483a-9c33-9565089dbfa2/userFiles-03049a36-7d80-4c2f-982e-fc60b7d0b9a8/fetchFileTemp9644498795700018942.tmp has been previously copied to /tmp/spark-32e63bab-f4ac-483a-9c33-9565089dbfa2/userFiles-03049a36-7d80-4c2f-982e-fc60b7d0b9a8/org.apache.kafka_kafka-clients-2.8.1.jar
[2025-09-01 01:07:13,488] {subprocess.py:92} INFO - 25/09/01 01:07:13 INFO Executor: Adding file:/tmp/spark-32e63bab-f4ac-483a-9c33-9565089dbfa2/userFiles-03049a36-7d80-4c2f-982e-fc60b7d0b9a8/org.apache.kafka_kafka-clients-2.8.1.jar to class loader
[2025-09-01 01:07:13,489] {subprocess.py:92} INFO - 25/09/01 01:07:13 INFO Executor: Fetching spark://e66737cfc193:43347/jars/org.apache.hadoop_hadoop-client-runtime-3.3.2.jar with timestamp 1756688831278
[2025-09-01 01:07:13,491] {subprocess.py:92} INFO - 25/09/01 01:07:13 INFO Utils: Fetching spark://e66737cfc193:43347/jars/org.apache.hadoop_hadoop-client-runtime-3.3.2.jar to /tmp/spark-32e63bab-f4ac-483a-9c33-9565089dbfa2/userFiles-03049a36-7d80-4c2f-982e-fc60b7d0b9a8/fetchFileTemp13382327614156317935.tmp
[2025-09-01 01:07:13,693] {subprocess.py:92} INFO - 25/09/01 01:07:13 INFO Utils: /tmp/spark-32e63bab-f4ac-483a-9c33-9565089dbfa2/userFiles-03049a36-7d80-4c2f-982e-fc60b7d0b9a8/fetchFileTemp13382327614156317935.tmp has been previously copied to /tmp/spark-32e63bab-f4ac-483a-9c33-9565089dbfa2/userFiles-03049a36-7d80-4c2f-982e-fc60b7d0b9a8/org.apache.hadoop_hadoop-client-runtime-3.3.2.jar
[2025-09-01 01:07:13,706] {subprocess.py:92} INFO - 25/09/01 01:07:13 INFO Executor: Adding file:/tmp/spark-32e63bab-f4ac-483a-9c33-9565089dbfa2/userFiles-03049a36-7d80-4c2f-982e-fc60b7d0b9a8/org.apache.hadoop_hadoop-client-runtime-3.3.2.jar to class loader
[2025-09-01 01:07:13,724] {subprocess.py:92} INFO - 25/09/01 01:07:13 INFO Utils: Successfully started service 'org.apache.spark.network.netty.NettyBlockTransferService' on port 42273.
[2025-09-01 01:07:13,724] {subprocess.py:92} INFO - 25/09/01 01:07:13 INFO NettyBlockTransferService: Server created on e66737cfc193:42273
[2025-09-01 01:07:13,728] {subprocess.py:92} INFO - 25/09/01 01:07:13 INFO BlockManager: Using org.apache.spark.storage.RandomBlockReplicationPolicy for block replication policy
[2025-09-01 01:07:13,736] {subprocess.py:92} INFO - 25/09/01 01:07:13 INFO BlockManagerMaster: Registering BlockManager BlockManagerId(driver, e66737cfc193, 42273, None)
[2025-09-01 01:07:13,741] {subprocess.py:92} INFO - 25/09/01 01:07:13 INFO BlockManagerMasterEndpoint: Registering block manager e66737cfc193:42273 with 434.4 MiB RAM, BlockManagerId(driver, e66737cfc193, 42273, None)
[2025-09-01 01:07:13,747] {subprocess.py:92} INFO - 25/09/01 01:07:13 INFO BlockManagerMaster: Registered BlockManager BlockManagerId(driver, e66737cfc193, 42273, None)
[2025-09-01 01:07:13,749] {subprocess.py:92} INFO - 25/09/01 01:07:13 INFO BlockManager: Initialized BlockManager: BlockManagerId(driver, e66737cfc193, 42273, None)
[2025-09-01 01:07:14,589] {subprocess.py:92} INFO - Connexion à Kafka...
[2025-09-01 01:07:18,094] {subprocess.py:92} INFO - Connexion Kafka réussie (kafka:9092)
[2025-09-01 01:07:18,095] {subprocess.py:92} INFO - Transformation des données JSON...
[2025-09-01 01:07:18,406] {subprocess.py:92} INFO - Démarrage du streaming vers HDFS...
[2025-09-01 01:07:19,886] {subprocess.py:92} INFO - Streaming actif - Données météo sauvegardées dans HDFS:/data/weather
[2025-09-01 01:37:00,262] {subprocess.py:92} INFO - 25/09/01 01:37:00 WARN CheckpointFileManager: Failed to rename temp file hdfs://namenode:9000/checkpoints/weather/offsets/.53.fa7fdf74-033e-4f6e-a9db-64174201813c.tmp to hdfs://namenode:9000/checkpoints/weather/offsets/53 because file exists
[2025-09-01 01:37:00,263] {subprocess.py:92} INFO - org.apache.hadoop.fs.FileAlreadyExistsException: rename destination /checkpoints/weather/offsets/53 already exists
[2025-09-01 01:37:00,263] {subprocess.py:92} INFO - 	at org.apache.hadoop.hdfs.server.namenode.FSDirRenameOp.validateOverwrite(FSDirRenameOp.java:565)
[2025-09-01 01:37:00,264] {subprocess.py:92} INFO - 	at org.apache.hadoop.hdfs.server.namenode.FSDirRenameOp.unprotectedRenameTo(FSDirRenameOp.java:399)
[2025-09-01 01:37:00,264] {subprocess.py:92} INFO - 	at org.apache.hadoop.hdfs.server.namenode.FSDirRenameOp.renameTo(FSDirRenameOp.java:311)
[2025-09-01 01:37:00,265] {subprocess.py:92} INFO - 	at org.apache.hadoop.hdfs.server.namenode.FSDirRenameOp.renameToInt(FSDirRenameOp.java:256)
[2025-09-01 01:37:00,265] {subprocess.py:92} INFO - 	at org.apache.hadoop.hdfs.server.namenode.FSNamesystem.renameTo(FSNamesystem.java:3257)
[2025-09-01 01:37:00,265] {subprocess.py:92} INFO - 	at org.apache.hadoop.hdfs.server.namenode.NameNodeRpcServer.rename2(NameNodeRpcServer.java:1096)
[2025-09-01 01:37:00,265] {subprocess.py:92} INFO - 	at org.apache.hadoop.hdfs.protocolPB.ClientNamenodeProtocolServerSideTranslatorPB.rename2(ClientNamenodeProtocolServerSideTranslatorPB.java:703)
[2025-09-01 01:37:00,265] {subprocess.py:92} INFO - 	at org.apache.hadoop.hdfs.protocol.proto.ClientNamenodeProtocolProtos$ClientNamenodeProtocol$2.callBlockingMethod(ClientNamenodeProtocolProtos.java)
[2025-09-01 01:37:00,266] {subprocess.py:92} INFO - 	at org.apache.hadoop.ipc.ProtobufRpcEngine2$Server$ProtoBufRpcInvoker.call(ProtobufRpcEngine2.java:621)
[2025-09-01 01:37:00,266] {subprocess.py:92} INFO - 	at org.apache.hadoop.ipc.ProtobufRpcEngine2$Server$ProtoBufRpcInvoker.call(ProtobufRpcEngine2.java:589)
[2025-09-01 01:37:00,266] {subprocess.py:92} INFO - 	at org.apache.hadoop.ipc.ProtobufRpcEngine2$Server$ProtoBufRpcInvoker.call(ProtobufRpcEngine2.java:573)
[2025-09-01 01:37:00,266] {subprocess.py:92} INFO - 	at org.apache.hadoop.ipc.RPC$Server.call(RPC.java:1227)
[2025-09-01 01:37:00,266] {subprocess.py:92} INFO - 	at org.apache.hadoop.ipc.Server$RpcCall.run(Server.java:1094)
[2025-09-01 01:37:00,266] {subprocess.py:92} INFO - 	at org.apache.hadoop.ipc.Server$RpcCall.run(Server.java:1017)
[2025-09-01 01:37:00,266] {subprocess.py:92} INFO - 	at java.security.AccessController.doPrivileged(Native Method)
[2025-09-01 01:37:00,266] {subprocess.py:92} INFO - 	at javax.security.auth.Subject.doAs(Subject.java:422)
[2025-09-01 01:37:00,267] {subprocess.py:92} INFO - 	at org.apache.hadoop.security.UserGroupInformation.doAs(UserGroupInformation.java:1899)
[2025-09-01 01:37:00,267] {subprocess.py:92} INFO - 	at org.apache.hadoop.ipc.Server$Handler.run(Server.java:3048)
[2025-09-01 01:37:00,267] {subprocess.py:92} INFO - 
[2025-09-01 01:37:00,267] {subprocess.py:92} INFO - 	at java.base/jdk.internal.reflect.NativeConstructorAccessorImpl.newInstance0(Native Method)
[2025-09-01 01:37:00,267] {subprocess.py:92} INFO - 	at java.base/jdk.internal.reflect.NativeConstructorAccessorImpl.newInstance(NativeConstructorAccessorImpl.java:62)
[2025-09-01 01:37:00,267] {subprocess.py:92} INFO - 	at java.base/jdk.internal.reflect.DelegatingConstructorAccessorImpl.newInstance(DelegatingConstructorAccessorImpl.java:45)
[2025-09-01 01:37:00,267] {subprocess.py:92} INFO - 	at java.base/java.lang.reflect.Constructor.newInstance(Constructor.java:490)
[2025-09-01 01:37:00,268] {subprocess.py:92} INFO - 	at org.apache.hadoop.ipc.RemoteException.instantiateException(RemoteException.java:121)
[2025-09-01 01:37:00,268] {subprocess.py:92} INFO - 	at org.apache.hadoop.ipc.RemoteException.unwrapRemoteException(RemoteException.java:88)
[2025-09-01 01:37:00,268] {subprocess.py:92} INFO - 	at org.apache.hadoop.hdfs.DFSClient.rename(DFSClient.java:1611)
[2025-09-01 01:37:00,268] {subprocess.py:92} INFO - 	at org.apache.hadoop.fs.Hdfs.renameInternal(Hdfs.java:393)
[2025-09-01 01:37:00,268] {subprocess.py:92} INFO - 	at org.apache.hadoop.fs.AbstractFileSystem.rename(AbstractFileSystem.java:720)
[2025-09-01 01:37:00,269] {subprocess.py:92} INFO - 	at org.apache.hadoop.fs.FileContext.rename(FileContext.java:1036)
[2025-09-01 01:37:00,269] {subprocess.py:92} INFO - 	at org.apache.spark.sql.execution.streaming.FileContextBasedCheckpointFileManager.renameTempFile(CheckpointFileManager.scala:346)
[2025-09-01 01:37:00,269] {subprocess.py:92} INFO - 	at org.apache.spark.sql.execution.streaming.CheckpointFileManager$RenameBasedFSDataOutputStream.close(CheckpointFileManager.scala:154)
[2025-09-01 01:37:00,269] {subprocess.py:92} INFO - 	at org.apache.spark.sql.execution.streaming.HDFSMetadataLog.$anonfun$addNewBatchByStream$2(HDFSMetadataLog.scala:176)
[2025-09-01 01:37:00,269] {subprocess.py:92} INFO - 	at scala.runtime.java8.JFunction0$mcZ$sp.apply(JFunction0$mcZ$sp.java:23)
[2025-09-01 01:37:00,269] {subprocess.py:92} INFO - 	at scala.Option.getOrElse(Option.scala:189)
[2025-09-01 01:37:00,269] {subprocess.py:92} INFO - 	at org.apache.spark.sql.execution.streaming.HDFSMetadataLog.addNewBatchByStream(HDFSMetadataLog.scala:171)
[2025-09-01 01:37:00,270] {subprocess.py:92} INFO - 	at org.apache.spark.sql.execution.streaming.HDFSMetadataLog.add(HDFSMetadataLog.scala:116)
[2025-09-01 01:37:00,270] {subprocess.py:92} INFO - 	at org.apache.spark.sql.execution.streaming.OffsetSeqLog.add(OffsetSeqLog.scala:53)
[2025-09-01 01:37:00,270] {subprocess.py:92} INFO - 	at org.apache.spark.sql.execution.streaming.MicroBatchExecution.$anonfun$constructNextBatch$13(MicroBatchExecution.scala:495)
[2025-09-01 01:37:00,270] {subprocess.py:92} INFO - 	at scala.runtime.java8.JFunction0$mcV$sp.apply(JFunction0$mcV$sp.java:23)
[2025-09-01 01:37:00,270] {subprocess.py:92} INFO - 	at org.apache.spark.sql.execution.streaming.ProgressReporter.reportTimeTaken(ProgressReporter.scala:375)
[2025-09-01 01:37:00,270] {subprocess.py:92} INFO - 	at org.apache.spark.sql.execution.streaming.ProgressReporter.reportTimeTaken$(ProgressReporter.scala:373)
[2025-09-01 01:37:00,271] {subprocess.py:92} INFO - 	at org.apache.spark.sql.execution.streaming.StreamExecution.reportTimeTaken(StreamExecution.scala:68)
[2025-09-01 01:37:00,271] {subprocess.py:92} INFO - 	at org.apache.spark.sql.execution.streaming.MicroBatchExecution.$anonfun$constructNextBatch$1(MicroBatchExecution.scala:493)
[2025-09-01 01:37:00,271] {subprocess.py:92} INFO - 	at scala.runtime.java8.JFunction0$mcZ$sp.apply(JFunction0$mcZ$sp.java:23)
[2025-09-01 01:37:00,271] {subprocess.py:92} INFO - 	at org.apache.spark.sql.execution.streaming.MicroBatchExecution.withProgressLocked(MicroBatchExecution.scala:693)
[2025-09-01 01:37:00,271] {subprocess.py:92} INFO - 	at org.apache.spark.sql.execution.streaming.MicroBatchExecution.constructNextBatch(MicroBatchExecution.scala:433)
[2025-09-01 01:37:00,271] {subprocess.py:92} INFO - 	at org.apache.spark.sql.execution.streaming.MicroBatchExecution.$anonfun$runActivatedStream$2(MicroBatchExecution.scala:238)
[2025-09-01 01:37:00,272] {subprocess.py:92} INFO - 	at scala.runtime.java8.JFunction0$mcV$sp.apply(JFunction0$mcV$sp.java:23)
[2025-09-01 01:37:00,272] {subprocess.py:92} INFO - 	at org.apache.spark.sql.execution.streaming.ProgressReporter.reportTimeTaken(ProgressReporter.scala:375)
[2025-09-01 01:37:00,272] {subprocess.py:92} INFO - 	at org.apache.spark.sql.execution.streaming.ProgressReporter.reportTimeTaken$(ProgressReporter.scala:373)
[2025-09-01 01:37:00,272] {subprocess.py:92} INFO - 	at org.apache.spark.sql.execution.streaming.StreamExecution.reportTimeTaken(StreamExecution.scala:68)
[2025-09-01 01:37:00,272] {subprocess.py:92} INFO - 	at org.apache.spark.sql.execution.streaming.MicroBatchExecution.$anonfun$runActivatedStream$1(MicroBatchExecution.scala:219)
[2025-09-01 01:37:00,272] {subprocess.py:92} INFO - 	at org.apache.spark.sql.execution.streaming.ProcessingTimeExecutor.execute(TriggerExecutor.scala:67)
[2025-09-01 01:37:00,272] {subprocess.py:92} INFO - 	at org.apache.spark.sql.execution.streaming.MicroBatchExecution.runActivatedStream(MicroBatchExecution.scala:213)
[2025-09-01 01:37:00,273] {subprocess.py:92} INFO - 	at org.apache.spark.sql.execution.streaming.StreamExecution.$anonfun$runStream$1(StreamExecution.scala:307)
[2025-09-01 01:37:00,273] {subprocess.py:92} INFO - 	at scala.runtime.java8.JFunction0$mcV$sp.apply(JFunction0$mcV$sp.java:23)
[2025-09-01 01:37:00,273] {subprocess.py:92} INFO - 	at org.apache.spark.sql.SparkSession.withActive(SparkSession.scala:779)
[2025-09-01 01:37:00,273] {subprocess.py:92} INFO - 	at org.apache.spark.sql.execution.streaming.StreamExecution.org$apache$spark$sql$execution$streaming$StreamExecution$$runStream(StreamExecution.scala:285)
[2025-09-01 01:37:00,273] {subprocess.py:92} INFO - 	at org.apache.spark.sql.execution.streaming.StreamExecution$$anon$1.run(StreamExecution.scala:208)
[2025-09-01 01:37:00,273] {subprocess.py:92} INFO - Caused by: org.apache.hadoop.ipc.RemoteException(org.apache.hadoop.fs.FileAlreadyExistsException): rename destination /checkpoints/weather/offsets/53 already exists
[2025-09-01 01:37:00,274] {subprocess.py:92} INFO - 	at org.apache.hadoop.hdfs.server.namenode.FSDirRenameOp.validateOverwrite(FSDirRenameOp.java:565)
[2025-09-01 01:37:00,274] {subprocess.py:92} INFO - 	at org.apache.hadoop.hdfs.server.namenode.FSDirRenameOp.unprotectedRenameTo(FSDirRenameOp.java:399)
[2025-09-01 01:37:00,274] {subprocess.py:92} INFO - 	at org.apache.hadoop.hdfs.server.namenode.FSDirRenameOp.renameTo(FSDirRenameOp.java:311)
[2025-09-01 01:37:00,274] {subprocess.py:92} INFO - 	at org.apache.hadoop.hdfs.server.namenode.FSDirRenameOp.renameToInt(FSDirRenameOp.java:256)
[2025-09-01 01:37:00,274] {subprocess.py:92} INFO - 	at org.apache.hadoop.hdfs.server.namenode.FSNamesystem.renameTo(FSNamesystem.java:3257)
[2025-09-01 01:37:00,274] {subprocess.py:92} INFO - 	at org.apache.hadoop.hdfs.server.namenode.NameNodeRpcServer.rename2(NameNodeRpcServer.java:1096)
[2025-09-01 01:37:00,274] {subprocess.py:92} INFO - 	at org.apache.hadoop.hdfs.protocolPB.ClientNamenodeProtocolServerSideTranslatorPB.rename2(ClientNamenodeProtocolServerSideTranslatorPB.java:703)
[2025-09-01 01:37:00,275] {subprocess.py:92} INFO - 	at org.apache.hadoop.hdfs.protocol.proto.ClientNamenodeProtocolProtos$ClientNamenodeProtocol$2.callBlockingMethod(ClientNamenodeProtocolProtos.java)
[2025-09-01 01:37:00,275] {subprocess.py:92} INFO - 	at org.apache.hadoop.ipc.ProtobufRpcEngine2$Server$ProtoBufRpcInvoker.call(ProtobufRpcEngine2.java:621)
[2025-09-01 01:37:00,275] {subprocess.py:92} INFO - 	at org.apache.hadoop.ipc.ProtobufRpcEngine2$Server$ProtoBufRpcInvoker.call(ProtobufRpcEngine2.java:589)
[2025-09-01 01:37:00,275] {subprocess.py:92} INFO - 	at org.apache.hadoop.ipc.ProtobufRpcEngine2$Server$ProtoBufRpcInvoker.call(ProtobufRpcEngine2.java:573)
[2025-09-01 01:37:00,275] {subprocess.py:92} INFO - 	at org.apache.hadoop.ipc.RPC$Server.call(RPC.java:1227)
[2025-09-01 01:37:00,275] {subprocess.py:92} INFO - 	at org.apache.hadoop.ipc.Server$RpcCall.run(Server.java:1094)
[2025-09-01 01:37:00,275] {subprocess.py:92} INFO - 	at org.apache.hadoop.ipc.Server$RpcCall.run(Server.java:1017)
[2025-09-01 01:37:00,275] {subprocess.py:92} INFO - 	at java.security.AccessController.doPrivileged(Native Method)
[2025-09-01 01:37:00,276] {subprocess.py:92} INFO - 	at javax.security.auth.Subject.doAs(Subject.java:422)
[2025-09-01 01:37:00,276] {subprocess.py:92} INFO - 	at org.apache.hadoop.security.UserGroupInformation.doAs(UserGroupInformation.java:1899)
[2025-09-01 01:37:00,276] {subprocess.py:92} INFO - 	at org.apache.hadoop.ipc.Server$Handler.run(Server.java:3048)
[2025-09-01 01:37:00,276] {subprocess.py:92} INFO - 
[2025-09-01 01:37:00,276] {subprocess.py:92} INFO - 	at org.apache.hadoop.ipc.Client.getRpcResponse(Client.java:1612)
[2025-09-01 01:37:00,276] {subprocess.py:92} INFO - 	at org.apache.hadoop.ipc.Client.call(Client.java:1558)
[2025-09-01 01:37:00,276] {subprocess.py:92} INFO - 	at org.apache.hadoop.ipc.Client.call(Client.java:1455)
[2025-09-01 01:37:00,276] {subprocess.py:92} INFO - 	at org.apache.hadoop.ipc.ProtobufRpcEngine2$Invoker.invoke(ProtobufRpcEngine2.java:242)
[2025-09-01 01:37:00,277] {subprocess.py:92} INFO - 	at org.apache.hadoop.ipc.ProtobufRpcEngine2$Invoker.invoke(ProtobufRpcEngine2.java:129)
[2025-09-01 01:37:00,277] {subprocess.py:92} INFO - 	at com.sun.proxy.$Proxy35.rename2(Unknown Source)
[2025-09-01 01:37:00,277] {subprocess.py:92} INFO - 	at org.apache.hadoop.hdfs.protocolPB.ClientNamenodeProtocolTranslatorPB.rename2(ClientNamenodeProtocolTranslatorPB.java:629)
[2025-09-01 01:37:00,277] {subprocess.py:92} INFO - 	at java.base/jdk.internal.reflect.NativeMethodAccessorImpl.invoke0(Native Method)
[2025-09-01 01:37:00,277] {subprocess.py:92} INFO - 	at java.base/jdk.internal.reflect.NativeMethodAccessorImpl.invoke(NativeMethodAccessorImpl.java:62)
[2025-09-01 01:37:00,277] {subprocess.py:92} INFO - 	at java.base/jdk.internal.reflect.DelegatingMethodAccessorImpl.invoke(DelegatingMethodAccessorImpl.java:43)
[2025-09-01 01:37:00,277] {subprocess.py:92} INFO - 	at java.base/java.lang.reflect.Method.invoke(Method.java:566)
[2025-09-01 01:37:00,278] {subprocess.py:92} INFO - 	at org.apache.hadoop.io.retry.RetryInvocationHandler.invokeMethod(RetryInvocationHandler.java:422)
[2025-09-01 01:37:00,278] {subprocess.py:92} INFO - 	at org.apache.hadoop.io.retry.RetryInvocationHandler$Call.invokeMethod(RetryInvocationHandler.java:165)
[2025-09-01 01:37:00,278] {subprocess.py:92} INFO - 	at org.apache.hadoop.io.retry.RetryInvocationHandler$Call.invoke(RetryInvocationHandler.java:157)
[2025-09-01 01:37:00,278] {subprocess.py:92} INFO - 	at org.apache.hadoop.io.retry.RetryInvocationHandler$Call.invokeOnce(RetryInvocationHandler.java:95)
[2025-09-01 01:37:00,278] {subprocess.py:92} INFO - 	at org.apache.hadoop.io.retry.RetryInvocationHandler.invoke(RetryInvocationHandler.java:359)
[2025-09-01 01:37:00,278] {subprocess.py:92} INFO - 	at com.sun.proxy.$Proxy36.rename2(Unknown Source)
[2025-09-01 01:37:00,278] {subprocess.py:92} INFO - 	at org.apache.hadoop.hdfs.DFSClient.rename(DFSClient.java:1609)
[2025-09-01 01:37:00,279] {subprocess.py:92} INFO - 	... 33 more
[2025-09-01 01:37:00,305] {subprocess.py:92} INFO - 25/09/01 01:37:00 ERROR MicroBatchExecution: Query [id = 8bb46a74-6ffa-4764-a9c6-2e4a331d8211, runId = 8ca8568a-78b7-4df8-827d-815a33137a9d] terminated with error
[2025-09-01 01:37:00,306] {subprocess.py:92} INFO - java.util.ConcurrentModificationException: Multiple streaming queries are concurrently using hdfs://namenode:9000/checkpoints/weather/offsets
[2025-09-01 01:37:00,306] {subprocess.py:92} INFO - 	at org.apache.spark.sql.errors.QueryExecutionErrors$.multiStreamingQueriesUsingPathConcurrentlyError(QueryExecutionErrors.scala:1603)
[2025-09-01 01:37:00,306] {subprocess.py:92} INFO - 	at org.apache.spark.sql.execution.streaming.HDFSMetadataLog.$anonfun$addNewBatchByStream$2(HDFSMetadataLog.scala:182)
[2025-09-01 01:37:00,306] {subprocess.py:92} INFO - 	at scala.runtime.java8.JFunction0$mcZ$sp.apply(JFunction0$mcZ$sp.java:23)
[2025-09-01 01:37:00,306] {subprocess.py:92} INFO - 	at scala.Option.getOrElse(Option.scala:189)
[2025-09-01 01:37:00,306] {subprocess.py:92} INFO - 	at org.apache.spark.sql.execution.streaming.HDFSMetadataLog.addNewBatchByStream(HDFSMetadataLog.scala:171)
[2025-09-01 01:37:00,306] {subprocess.py:92} INFO - 	at org.apache.spark.sql.execution.streaming.HDFSMetadataLog.add(HDFSMetadataLog.scala:116)
[2025-09-01 01:37:00,306] {subprocess.py:92} INFO - 	at org.apache.spark.sql.execution.streaming.OffsetSeqLog.add(OffsetSeqLog.scala:53)
[2025-09-01 01:37:00,306] {subprocess.py:92} INFO - 	at org.apache.spark.sql.execution.streaming.MicroBatchExecution.$anonfun$constructNextBatch$13(MicroBatchExecution.scala:495)
[2025-09-01 01:37:00,306] {subprocess.py:92} INFO - 	at scala.runtime.java8.JFunction0$mcV$sp.apply(JFunction0$mcV$sp.java:23)
[2025-09-01 01:37:00,306] {subprocess.py:92} INFO - 	at org.apache.spark.sql.execution.streaming.ProgressReporter.reportTimeTaken(ProgressReporter.scala:375)
[2025-09-01 01:37:00,306] {subprocess.py:92} INFO - 	at org.apache.spark.sql.execution.streaming.ProgressReporter.reportTimeTaken$(ProgressReporter.scala:373)
[2025-09-01 01:37:00,306] {subprocess.py:92} INFO - 	at org.apache.spark.sql.execution.streaming.StreamExecution.reportTimeTaken(StreamExecution.scala:68)
[2025-09-01 01:37:00,306] {subprocess.py:92} INFO - 	at org.apache.spark.sql.execution.streaming.MicroBatchExecution.$anonfun$constructNextBatch$1(MicroBatchExecution.scala:493)
[2025-09-01 01:37:00,306] {subprocess.py:92} INFO - 	at scala.runtime.java8.JFunction0$mcZ$sp.apply(JFunction0$mcZ$sp.java:23)
[2025-09-01 01:37:00,306] {subprocess.py:92} INFO - 	at org.apache.spark.sql.execution.streaming.MicroBatchExecution.withProgressLocked(MicroBatchExecution.scala:693)
[2025-09-01 01:37:00,307] {subprocess.py:92} INFO - 	at org.apache.spark.sql.execution.streaming.MicroBatchExecution.constructNextBatch(MicroBatchExecution.scala:433)
[2025-09-01 01:37:00,307] {subprocess.py:92} INFO - 	at org.apache.spark.sql.execution.streaming.MicroBatchExecution.$anonfun$runActivatedStream$2(MicroBatchExecution.scala:238)
[2025-09-01 01:37:00,307] {subprocess.py:92} INFO - 	at scala.runtime.java8.JFunction0$mcV$sp.apply(JFunction0$mcV$sp.java:23)
[2025-09-01 01:37:00,307] {subprocess.py:92} INFO - 	at org.apache.spark.sql.execution.streaming.ProgressReporter.reportTimeTaken(ProgressReporter.scala:375)
[2025-09-01 01:37:00,307] {subprocess.py:92} INFO - 	at org.apache.spark.sql.execution.streaming.ProgressReporter.reportTimeTaken$(ProgressReporter.scala:373)
[2025-09-01 01:37:00,307] {subprocess.py:92} INFO - 	at org.apache.spark.sql.execution.streaming.StreamExecution.reportTimeTaken(StreamExecution.scala:68)
[2025-09-01 01:37:00,307] {subprocess.py:92} INFO - 	at org.apache.spark.sql.execution.streaming.MicroBatchExecution.$anonfun$runActivatedStream$1(MicroBatchExecution.scala:219)
[2025-09-01 01:37:00,307] {subprocess.py:92} INFO - 	at org.apache.spark.sql.execution.streaming.ProcessingTimeExecutor.execute(TriggerExecutor.scala:67)
[2025-09-01 01:37:00,307] {subprocess.py:92} INFO - 	at org.apache.spark.sql.execution.streaming.MicroBatchExecution.runActivatedStream(MicroBatchExecution.scala:213)
[2025-09-01 01:37:00,307] {subprocess.py:92} INFO - 	at org.apache.spark.sql.execution.streaming.StreamExecution.$anonfun$runStream$1(StreamExecution.scala:307)
[2025-09-01 01:37:00,307] {subprocess.py:92} INFO - 	at scala.runtime.java8.JFunction0$mcV$sp.apply(JFunction0$mcV$sp.java:23)
[2025-09-01 01:37:00,307] {subprocess.py:92} INFO - 	at org.apache.spark.sql.SparkSession.withActive(SparkSession.scala:779)
[2025-09-01 01:37:00,307] {subprocess.py:92} INFO - 	at org.apache.spark.sql.execution.streaming.StreamExecution.org$apache$spark$sql$execution$streaming$StreamExecution$$runStream(StreamExecution.scala:285)
[2025-09-01 01:37:00,307] {subprocess.py:92} INFO - 	at org.apache.spark.sql.execution.streaming.StreamExecution$$anon$1.run(StreamExecution.scala:208)
[2025-09-01 01:37:00,307] {subprocess.py:92} INFO - Caused by: org.apache.hadoop.fs.FileAlreadyExistsException: rename destination /checkpoints/weather/offsets/53 already exists
[2025-09-01 01:37:00,307] {subprocess.py:92} INFO - 	at org.apache.hadoop.hdfs.server.namenode.FSDirRenameOp.validateOverwrite(FSDirRenameOp.java:565)
[2025-09-01 01:37:00,307] {subprocess.py:92} INFO - 	at org.apache.hadoop.hdfs.server.namenode.FSDirRenameOp.unprotectedRenameTo(FSDirRenameOp.java:399)
[2025-09-01 01:37:00,307] {subprocess.py:92} INFO - 	at org.apache.hadoop.hdfs.server.namenode.FSDirRenameOp.renameTo(FSDirRenameOp.java:311)
[2025-09-01 01:37:00,308] {subprocess.py:92} INFO - 	at org.apache.hadoop.hdfs.server.namenode.FSDirRenameOp.renameToInt(FSDirRenameOp.java:256)
[2025-09-01 01:37:00,308] {subprocess.py:92} INFO - 	at org.apache.hadoop.hdfs.server.namenode.FSNamesystem.renameTo(FSNamesystem.java:3257)
[2025-09-01 01:37:00,308] {subprocess.py:92} INFO - 	at org.apache.hadoop.hdfs.server.namenode.NameNodeRpcServer.rename2(NameNodeRpcServer.java:1096)
[2025-09-01 01:37:00,308] {subprocess.py:92} INFO - 	at org.apache.hadoop.hdfs.protocolPB.ClientNamenodeProtocolServerSideTranslatorPB.rename2(ClientNamenodeProtocolServerSideTranslatorPB.java:703)
[2025-09-01 01:37:00,308] {subprocess.py:92} INFO - 	at org.apache.hadoop.hdfs.protocol.proto.ClientNamenodeProtocolProtos$ClientNamenodeProtocol$2.callBlockingMethod(ClientNamenodeProtocolProtos.java)
[2025-09-01 01:37:00,308] {subprocess.py:92} INFO - 	at org.apache.hadoop.ipc.ProtobufRpcEngine2$Server$ProtoBufRpcInvoker.call(ProtobufRpcEngine2.java:621)
[2025-09-01 01:37:00,308] {subprocess.py:92} INFO - 	at org.apache.hadoop.ipc.ProtobufRpcEngine2$Server$ProtoBufRpcInvoker.call(ProtobufRpcEngine2.java:589)
[2025-09-01 01:37:00,308] {subprocess.py:92} INFO - 	at org.apache.hadoop.ipc.ProtobufRpcEngine2$Server$ProtoBufRpcInvoker.call(ProtobufRpcEngine2.java:573)
[2025-09-01 01:37:00,308] {subprocess.py:92} INFO - 	at org.apache.hadoop.ipc.RPC$Server.call(RPC.java:1227)
[2025-09-01 01:37:00,308] {subprocess.py:92} INFO - 	at org.apache.hadoop.ipc.Server$RpcCall.run(Server.java:1094)
[2025-09-01 01:37:00,308] {subprocess.py:92} INFO - 	at org.apache.hadoop.ipc.Server$RpcCall.run(Server.java:1017)
[2025-09-01 01:37:00,308] {subprocess.py:92} INFO - 	at java.security.AccessController.doPrivileged(Native Method)
[2025-09-01 01:37:00,308] {subprocess.py:92} INFO - 	at javax.security.auth.Subject.doAs(Subject.java:422)
[2025-09-01 01:37:00,308] {subprocess.py:92} INFO - 	at org.apache.hadoop.security.UserGroupInformation.doAs(UserGroupInformation.java:1899)
[2025-09-01 01:37:00,308] {subprocess.py:92} INFO - 	at org.apache.hadoop.ipc.Server$Handler.run(Server.java:3048)
[2025-09-01 01:37:00,308] {subprocess.py:92} INFO - 
[2025-09-01 01:37:00,308] {subprocess.py:92} INFO - 	at java.base/jdk.internal.reflect.NativeConstructorAccessorImpl.newInstance0(Native Method)
[2025-09-01 01:37:00,309] {subprocess.py:92} INFO - 	at java.base/jdk.internal.reflect.NativeConstructorAccessorImpl.newInstance(NativeConstructorAccessorImpl.java:62)
[2025-09-01 01:37:00,309] {subprocess.py:92} INFO - 	at java.base/jdk.internal.reflect.DelegatingConstructorAccessorImpl.newInstance(DelegatingConstructorAccessorImpl.java:45)
[2025-09-01 01:37:00,309] {subprocess.py:92} INFO - 	at java.base/java.lang.reflect.Constructor.newInstance(Constructor.java:490)
[2025-09-01 01:37:00,309] {subprocess.py:92} INFO - 	at org.apache.hadoop.ipc.RemoteException.instantiateException(RemoteException.java:121)
[2025-09-01 01:37:00,309] {subprocess.py:92} INFO - 	at org.apache.hadoop.ipc.RemoteException.unwrapRemoteException(RemoteException.java:88)
[2025-09-01 01:37:00,310] {subprocess.py:92} INFO - 	at org.apache.hadoop.hdfs.DFSClient.rename(DFSClient.java:1611)
[2025-09-01 01:37:00,310] {subprocess.py:92} INFO - 	at org.apache.hadoop.fs.Hdfs.renameInternal(Hdfs.java:393)
[2025-09-01 01:37:00,310] {subprocess.py:92} INFO - 	at org.apache.hadoop.fs.AbstractFileSystem.rename(AbstractFileSystem.java:720)
[2025-09-01 01:37:00,310] {subprocess.py:92} INFO - 	at org.apache.hadoop.fs.FileContext.rename(FileContext.java:1036)
[2025-09-01 01:37:00,310] {subprocess.py:92} INFO - 	at org.apache.spark.sql.execution.streaming.FileContextBasedCheckpointFileManager.renameTempFile(CheckpointFileManager.scala:346)
[2025-09-01 01:37:00,310] {subprocess.py:92} INFO - 	at org.apache.spark.sql.execution.streaming.CheckpointFileManager$RenameBasedFSDataOutputStream.close(CheckpointFileManager.scala:154)
[2025-09-01 01:37:00,310] {subprocess.py:92} INFO - 	at org.apache.spark.sql.execution.streaming.HDFSMetadataLog.$anonfun$addNewBatchByStream$2(HDFSMetadataLog.scala:176)
[2025-09-01 01:37:00,311] {subprocess.py:92} INFO - 	... 27 more
[2025-09-01 01:37:00,311] {subprocess.py:92} INFO - Caused by: org.apache.hadoop.ipc.RemoteException(org.apache.hadoop.fs.FileAlreadyExistsException): rename destination /checkpoints/weather/offsets/53 already exists
[2025-09-01 01:37:00,311] {subprocess.py:92} INFO - 	at org.apache.hadoop.hdfs.server.namenode.FSDirRenameOp.validateOverwrite(FSDirRenameOp.java:565)
[2025-09-01 01:37:00,311] {subprocess.py:92} INFO - 	at org.apache.hadoop.hdfs.server.namenode.FSDirRenameOp.unprotectedRenameTo(FSDirRenameOp.java:399)
[2025-09-01 01:37:00,311] {subprocess.py:92} INFO - 	at org.apache.hadoop.hdfs.server.namenode.FSDirRenameOp.renameTo(FSDirRenameOp.java:311)
[2025-09-01 01:37:00,311] {subprocess.py:92} INFO - 	at org.apache.hadoop.hdfs.server.namenode.FSDirRenameOp.renameToInt(FSDirRenameOp.java:256)
[2025-09-01 01:37:00,312] {subprocess.py:92} INFO - 	at org.apache.hadoop.hdfs.server.namenode.FSNamesystem.renameTo(FSNamesystem.java:3257)
[2025-09-01 01:37:00,312] {subprocess.py:92} INFO - 	at org.apache.hadoop.hdfs.server.namenode.NameNodeRpcServer.rename2(NameNodeRpcServer.java:1096)
[2025-09-01 01:37:00,312] {subprocess.py:92} INFO - 	at org.apache.hadoop.hdfs.protocolPB.ClientNamenodeProtocolServerSideTranslatorPB.rename2(ClientNamenodeProtocolServerSideTranslatorPB.java:703)
[2025-09-01 01:37:00,312] {subprocess.py:92} INFO - 	at org.apache.hadoop.hdfs.protocol.proto.ClientNamenodeProtocolProtos$ClientNamenodeProtocol$2.callBlockingMethod(ClientNamenodeProtocolProtos.java)
[2025-09-01 01:37:00,312] {subprocess.py:92} INFO - 	at org.apache.hadoop.ipc.ProtobufRpcEngine2$Server$ProtoBufRpcInvoker.call(ProtobufRpcEngine2.java:621)
[2025-09-01 01:37:00,312] {subprocess.py:92} INFO - 	at org.apache.hadoop.ipc.ProtobufRpcEngine2$Server$ProtoBufRpcInvoker.call(ProtobufRpcEngine2.java:589)
[2025-09-01 01:37:00,313] {subprocess.py:92} INFO - 	at org.apache.hadoop.ipc.ProtobufRpcEngine2$Server$ProtoBufRpcInvoker.call(ProtobufRpcEngine2.java:573)
[2025-09-01 01:37:00,314] {subprocess.py:92} INFO - 	at org.apache.hadoop.ipc.RPC$Server.call(RPC.java:1227)
[2025-09-01 01:37:00,314] {subprocess.py:92} INFO - 	at org.apache.hadoop.ipc.Server$RpcCall.run(Server.java:1094)
[2025-09-01 01:37:00,314] {subprocess.py:92} INFO - 	at org.apache.hadoop.ipc.Server$RpcCall.run(Server.java:1017)
[2025-09-01 01:37:00,314] {subprocess.py:92} INFO - 	at java.security.AccessController.doPrivileged(Native Method)
[2025-09-01 01:37:00,314] {subprocess.py:92} INFO - 	at javax.security.auth.Subject.doAs(Subject.java:422)
[2025-09-01 01:37:00,314] {subprocess.py:92} INFO - 	at org.apache.hadoop.security.UserGroupInformation.doAs(UserGroupInformation.java:1899)
[2025-09-01 01:37:00,315] {subprocess.py:92} INFO - 	at org.apache.hadoop.ipc.Server$Handler.run(Server.java:3048)
[2025-09-01 01:37:00,315] {subprocess.py:92} INFO - 
[2025-09-01 01:37:00,315] {subprocess.py:92} INFO - 	at org.apache.hadoop.ipc.Client.getRpcResponse(Client.java:1612)
[2025-09-01 01:37:00,315] {subprocess.py:92} INFO - 	at org.apache.hadoop.ipc.Client.call(Client.java:1558)
[2025-09-01 01:37:00,315] {subprocess.py:92} INFO - 	at org.apache.hadoop.ipc.Client.call(Client.java:1455)
[2025-09-01 01:37:00,315] {subprocess.py:92} INFO - 	at org.apache.hadoop.ipc.ProtobufRpcEngine2$Invoker.invoke(ProtobufRpcEngine2.java:242)
[2025-09-01 01:37:00,316] {subprocess.py:92} INFO - 	at org.apache.hadoop.ipc.ProtobufRpcEngine2$Invoker.invoke(ProtobufRpcEngine2.java:129)
[2025-09-01 01:37:00,316] {subprocess.py:92} INFO - 	at com.sun.proxy.$Proxy35.rename2(Unknown Source)
[2025-09-01 01:37:00,316] {subprocess.py:92} INFO - 	at org.apache.hadoop.hdfs.protocolPB.ClientNamenodeProtocolTranslatorPB.rename2(ClientNamenodeProtocolTranslatorPB.java:629)
[2025-09-01 01:37:00,316] {subprocess.py:92} INFO - 	at java.base/jdk.internal.reflect.NativeMethodAccessorImpl.invoke0(Native Method)
[2025-09-01 01:37:00,316] {subprocess.py:92} INFO - 	at java.base/jdk.internal.reflect.NativeMethodAccessorImpl.invoke(NativeMethodAccessorImpl.java:62)
[2025-09-01 01:37:00,316] {subprocess.py:92} INFO - 	at java.base/jdk.internal.reflect.DelegatingMethodAccessorImpl.invoke(DelegatingMethodAccessorImpl.java:43)
[2025-09-01 01:37:00,316] {subprocess.py:92} INFO - 	at java.base/java.lang.reflect.Method.invoke(Method.java:566)
[2025-09-01 01:37:00,317] {subprocess.py:92} INFO - 	at org.apache.hadoop.io.retry.RetryInvocationHandler.invokeMethod(RetryInvocationHandler.java:422)
[2025-09-01 01:37:00,317] {subprocess.py:92} INFO - 	at org.apache.hadoop.io.retry.RetryInvocationHandler$Call.invokeMethod(RetryInvocationHandler.java:165)
[2025-09-01 01:37:00,317] {subprocess.py:92} INFO - 	at org.apache.hadoop.io.retry.RetryInvocationHandler$Call.invoke(RetryInvocationHandler.java:157)
[2025-09-01 01:37:00,317] {subprocess.py:92} INFO - 	at org.apache.hadoop.io.retry.RetryInvocationHandler$Call.invokeOnce(RetryInvocationHandler.java:95)
[2025-09-01 01:37:00,317] {subprocess.py:92} INFO - 	at org.apache.hadoop.io.retry.RetryInvocationHandler.invoke(RetryInvocationHandler.java:359)
[2025-09-01 01:37:00,317] {subprocess.py:92} INFO - 	at com.sun.proxy.$Proxy36.rename2(Unknown Source)
[2025-09-01 01:37:00,317] {subprocess.py:92} INFO - 	at org.apache.hadoop.hdfs.DFSClient.rename(DFSClient.java:1609)
[2025-09-01 01:37:00,318] {subprocess.py:92} INFO - 	... 33 more
[2025-09-01 01:37:00,562] {subprocess.py:92} INFO - Traceback (most recent call last):
[2025-09-01 01:37:00,563] {subprocess.py:92} INFO -   File "/opt/***/scripts/pyspark/streaming.py", line 60, in <module>
[2025-09-01 01:37:00,563] {subprocess.py:92} INFO -     query.awaitTermination()
[2025-09-01 01:37:00,563] {subprocess.py:92} INFO -   File "/opt/spark-3.3.1-bin-hadoop3/python/lib/pyspark.zip/pyspark/sql/streaming.py", line 107, in awaitTermination
[2025-09-01 01:37:00,563] {subprocess.py:92} INFO -   File "/opt/spark-3.3.1-bin-hadoop3/python/lib/py4j-0.10.9.5-src.zip/py4j/java_gateway.py", line 1322, in __call__
[2025-09-01 01:37:00,564] {subprocess.py:92} INFO -   File "/opt/spark-3.3.1-bin-hadoop3/python/lib/pyspark.zip/pyspark/sql/utils.py", line 196, in deco
[2025-09-01 01:37:00,569] {subprocess.py:92} INFO - pyspark.sql.utils.StreamingQueryException: Query [id = 8bb46a74-6ffa-4764-a9c6-2e4a331d8211, runId = 8ca8568a-78b7-4df8-827d-815a33137a9d] terminated with exception: Multiple streaming queries are concurrently using hdfs://namenode:9000/checkpoints/weather/offsets
[2025-09-01 01:37:00,853] {subprocess.py:96} INFO - Command exited with return code 1
[2025-09-01 01:37:00,882] {taskinstance.py:1889} ERROR - Task failed with exception
Traceback (most recent call last):
  File "/home/airflow/.local/lib/python3.7/site-packages/airflow/operators/bash.py", line 195, in execute
    f'Bash command failed. The command returned a non-zero exit code {result.exit_code}.'
airflow.exceptions.AirflowException: Bash command failed. The command returned a non-zero exit code 1.
[2025-09-01 01:37:00,888] {taskinstance.py:1400} INFO - Marking task as UP_FOR_RETRY. dag_id=send_weather_to_kafka, task_id=stream_hdfs, execution_date=20250901T003630, start_date=20250901T010705, end_date=20250901T013700
[2025-09-01 01:37:00,912] {standard_task_runner.py:97} ERROR - Failed to execute job 410 for task stream_hdfs (Bash command failed. The command returned a non-zero exit code 1.; 903)
[2025-09-01 01:37:00,928] {local_task_job.py:156} INFO - Task exited with return code 1
[2025-09-01 01:37:00,985] {local_task_job.py:273} INFO - 0 downstream tasks scheduled from follow-on schedule check
