[2025-08-29 21:48:01,140] {taskinstance.py:1159} INFO - Dependencies all met for <TaskInstance: send_weather_to_kafka.stream_hdfs scheduled__2025-08-29T19:42:28.742064+00:00 [queued]>
[2025-08-29 21:48:01,150] {taskinstance.py:1159} INFO - Dependencies all met for <TaskInstance: send_weather_to_kafka.stream_hdfs scheduled__2025-08-29T19:42:28.742064+00:00 [queued]>
[2025-08-29 21:48:01,150] {taskinstance.py:1356} INFO - 
--------------------------------------------------------------------------------
[2025-08-29 21:48:01,150] {taskinstance.py:1357} INFO - Starting attempt 2 of 2
[2025-08-29 21:48:01,150] {taskinstance.py:1358} INFO - 
--------------------------------------------------------------------------------
[2025-08-29 21:48:01,159] {taskinstance.py:1377} INFO - Executing <Task(BashOperator): stream_hdfs> on 2025-08-29 19:42:28.742064+00:00
[2025-08-29 21:48:01,162] {standard_task_runner.py:52} INFO - Started process 2348 to run task
[2025-08-29 21:48:01,165] {standard_task_runner.py:79} INFO - Running: ['***', 'tasks', 'run', 'send_weather_to_kafka', 'stream_hdfs', 'scheduled__2025-08-29T19:42:28.742064+00:00', '--job-id', '376', '--raw', '--subdir', 'DAGS_FOLDER/dag_meteo.py', '--cfg-path', '/tmp/tmpti9nom5c', '--error-file', '/tmp/tmpad0v02wt']
[2025-08-29 21:48:01,166] {standard_task_runner.py:80} INFO - Job 376: Subtask stream_hdfs
[2025-08-29 21:48:01,186] {logging_mixin.py:115} WARNING - /home/***/.local/lib/python3.7/site-packages/***/configuration.py:470 DeprecationWarning: The sql_alchemy_conn option in [core] has been moved to the sql_alchemy_conn option in [database] - the old setting has been used, but please update your config.
[2025-08-29 21:48:01,222] {task_command.py:369} INFO - Running <TaskInstance: send_weather_to_kafka.stream_hdfs scheduled__2025-08-29T19:42:28.742064+00:00 [running]> on host a4b544519f2b
[2025-08-29 21:48:01,297] {taskinstance.py:1571} INFO - Exporting the following env vars:
AIRFLOW_CTX_DAG_OWNER=***
AIRFLOW_CTX_DAG_ID=send_weather_to_kafka
AIRFLOW_CTX_TASK_ID=stream_hdfs
AIRFLOW_CTX_EXECUTION_DATE=2025-08-29T19:42:28.742064+00:00
AIRFLOW_CTX_TRY_NUMBER=2
AIRFLOW_CTX_DAG_RUN_ID=scheduled__2025-08-29T19:42:28.742064+00:00
[2025-08-29 21:48:01,298] {subprocess.py:62} INFO - Tmp dir root location: 
 /tmp
[2025-08-29 21:48:01,299] {subprocess.py:74} INFO - Running command: ['bash', '-c', '\n/home/***/.local/bin/spark-submit   --master local[*]   --conf spark.hadoop.fs.defaultFS=hdfs://namenode:9000   --conf spark.hadoop.dfs.client.use.datanode.hostname=true   --conf spark.sql.adaptive.enabled=false   --packages org.apache.spark:spark-sql-kafka-0-10_2.12:3.3.1   /opt/***/scripts/pyspark/streaming.py']
[2025-08-29 21:48:01,313] {subprocess.py:85} INFO - Output:
[2025-08-29 21:48:01,325] {subprocess.py:92} INFO - /opt/spark-3.3.1-bin-hadoop3/bin/load-spark-env.sh: line 68: ps: command not found
[2025-08-29 21:48:03,039] {subprocess.py:92} INFO - :: loading settings :: url = jar:file:/opt/spark-3.3.1-bin-hadoop3/jars/ivy-2.5.0.jar!/org/apache/ivy/core/settings/ivysettings.xml
[2025-08-29 21:48:03,145] {subprocess.py:92} INFO - Ivy Default Cache set to: /home/***/.ivy2/cache
[2025-08-29 21:48:03,145] {subprocess.py:92} INFO - The jars for the packages stored in: /home/***/.ivy2/jars
[2025-08-29 21:48:03,152] {subprocess.py:92} INFO - org.apache.spark#spark-sql-kafka-0-10_2.12 added as a dependency
[2025-08-29 21:48:03,153] {subprocess.py:92} INFO - :: resolving dependencies :: org.apache.spark#spark-submit-parent-466ae60c-5a35-4947-bd9a-6582992ec0c7;1.0
[2025-08-29 21:48:03,153] {subprocess.py:92} INFO - 	confs: [default]
[2025-08-29 21:48:03,331] {subprocess.py:92} INFO - 	found org.apache.spark#spark-sql-kafka-0-10_2.12;3.3.1 in spark-list
[2025-08-29 21:48:03,405] {subprocess.py:92} INFO - 	found org.apache.spark#spark-token-provider-kafka-0-10_2.12;3.3.1 in central
[2025-08-29 21:48:03,428] {subprocess.py:92} INFO - 	found org.apache.kafka#kafka-clients;2.8.1 in central
[2025-08-29 21:48:03,441] {subprocess.py:92} INFO - 	found org.lz4#lz4-java;1.8.0 in spark-list
[2025-08-29 21:48:03,453] {subprocess.py:92} INFO - 	found org.xerial.snappy#snappy-java;1.1.8.4 in central
[2025-08-29 21:48:03,463] {subprocess.py:92} INFO - 	found org.slf4j#slf4j-api;1.7.32 in central
[2025-08-29 21:48:03,476] {subprocess.py:92} INFO - 	found org.apache.hadoop#hadoop-client-runtime;3.3.2 in central
[2025-08-29 21:48:03,485] {subprocess.py:92} INFO - 	found org.spark-project.spark#unused;1.0.0 in central
[2025-08-29 21:48:03,500] {subprocess.py:92} INFO - 	found org.apache.hadoop#hadoop-client-api;3.3.2 in central
[2025-08-29 21:48:03,514] {subprocess.py:92} INFO - 	found commons-logging#commons-logging;1.1.3 in central
[2025-08-29 21:48:03,522] {subprocess.py:92} INFO - 	found com.google.code.findbugs#jsr305;3.0.0 in central
[2025-08-29 21:48:03,530] {subprocess.py:92} INFO - 	found org.apache.commons#commons-pool2;2.11.1 in central
[2025-08-29 21:48:03,558] {subprocess.py:92} INFO - :: resolution report :: resolve 390ms :: artifacts dl 14ms
[2025-08-29 21:48:03,558] {subprocess.py:92} INFO - 	:: modules in use:
[2025-08-29 21:48:03,558] {subprocess.py:92} INFO - 	com.google.code.findbugs#jsr305;3.0.0 from central in [default]
[2025-08-29 21:48:03,558] {subprocess.py:92} INFO - 	commons-logging#commons-logging;1.1.3 from central in [default]
[2025-08-29 21:48:03,558] {subprocess.py:92} INFO - 	org.apache.commons#commons-pool2;2.11.1 from central in [default]
[2025-08-29 21:48:03,558] {subprocess.py:92} INFO - 	org.apache.hadoop#hadoop-client-api;3.3.2 from central in [default]
[2025-08-29 21:48:03,558] {subprocess.py:92} INFO - 	org.apache.hadoop#hadoop-client-runtime;3.3.2 from central in [default]
[2025-08-29 21:48:03,558] {subprocess.py:92} INFO - 	org.apache.kafka#kafka-clients;2.8.1 from central in [default]
[2025-08-29 21:48:03,558] {subprocess.py:92} INFO - 	org.apache.spark#spark-sql-kafka-0-10_2.12;3.3.1 from spark-list in [default]
[2025-08-29 21:48:03,558] {subprocess.py:92} INFO - 	org.apache.spark#spark-token-provider-kafka-0-10_2.12;3.3.1 from central in [default]
[2025-08-29 21:48:03,558] {subprocess.py:92} INFO - 	org.lz4#lz4-java;1.8.0 from spark-list in [default]
[2025-08-29 21:48:03,558] {subprocess.py:92} INFO - 	org.slf4j#slf4j-api;1.7.32 from central in [default]
[2025-08-29 21:48:03,558] {subprocess.py:92} INFO - 	org.spark-project.spark#unused;1.0.0 from central in [default]
[2025-08-29 21:48:03,559] {subprocess.py:92} INFO - 	org.xerial.snappy#snappy-java;1.1.8.4 from central in [default]
[2025-08-29 21:48:03,559] {subprocess.py:92} INFO - 	---------------------------------------------------------------------
[2025-08-29 21:48:03,559] {subprocess.py:92} INFO - 	|                  |            modules            ||   artifacts   |
[2025-08-29 21:48:03,559] {subprocess.py:92} INFO - 	|       conf       | number| search|dwnlded|evicted|| number|dwnlded|
[2025-08-29 21:48:03,559] {subprocess.py:92} INFO - 	---------------------------------------------------------------------
[2025-08-29 21:48:03,559] {subprocess.py:92} INFO - 	|      default     |   12  |   0   |   0   |   0   ||   12  |   0   |
[2025-08-29 21:48:03,559] {subprocess.py:92} INFO - 	---------------------------------------------------------------------
[2025-08-29 21:48:03,563] {subprocess.py:92} INFO - :: retrieving :: org.apache.spark#spark-submit-parent-466ae60c-5a35-4947-bd9a-6582992ec0c7
[2025-08-29 21:48:03,563] {subprocess.py:92} INFO - 	confs: [default]
[2025-08-29 21:48:03,568] {subprocess.py:92} INFO - 	0 artifacts copied, 12 already retrieved (0kB/6ms)
[2025-08-29 21:48:03,711] {subprocess.py:92} INFO - 25/08/29 21:48:03 WARN NativeCodeLoader: Unable to load native-hadoop library for your platform... using builtin-java classes where applicable
[2025-08-29 21:48:04,595] {subprocess.py:92} INFO - 25/08/29 21:48:04 INFO SparkContext: Running Spark version 3.3.1
[2025-08-29 21:48:04,618] {subprocess.py:92} INFO - 25/08/29 21:48:04 INFO ResourceUtils: ==============================================================
[2025-08-29 21:48:04,618] {subprocess.py:92} INFO - 25/08/29 21:48:04 INFO ResourceUtils: No custom resources configured for spark.driver.
[2025-08-29 21:48:04,618] {subprocess.py:92} INFO - 25/08/29 21:48:04 INFO ResourceUtils: ==============================================================
[2025-08-29 21:48:04,619] {subprocess.py:92} INFO - 25/08/29 21:48:04 INFO SparkContext: Submitted application: KafkaToHDFSWeather
[2025-08-29 21:48:04,642] {subprocess.py:92} INFO - 25/08/29 21:48:04 INFO ResourceProfile: Default ResourceProfile created, executor resources: Map(cores -> name: cores, amount: 1, script: , vendor: , memory -> name: memory, amount: 1024, script: , vendor: , offHeap -> name: offHeap, amount: 0, script: , vendor: ), task resources: Map(cpus -> name: cpus, amount: 1.0)
[2025-08-29 21:48:04,654] {subprocess.py:92} INFO - 25/08/29 21:48:04 INFO ResourceProfile: Limiting resource is cpu
[2025-08-29 21:48:04,655] {subprocess.py:92} INFO - 25/08/29 21:48:04 INFO ResourceProfileManager: Added ResourceProfile id: 0
[2025-08-29 21:48:04,712] {subprocess.py:92} INFO - 25/08/29 21:48:04 INFO SecurityManager: Changing view acls to: ***
[2025-08-29 21:48:04,712] {subprocess.py:92} INFO - 25/08/29 21:48:04 INFO SecurityManager: Changing modify acls to: ***
[2025-08-29 21:48:04,713] {subprocess.py:92} INFO - 25/08/29 21:48:04 INFO SecurityManager: Changing view acls groups to:
[2025-08-29 21:48:04,713] {subprocess.py:92} INFO - 25/08/29 21:48:04 INFO SecurityManager: Changing modify acls groups to:
[2025-08-29 21:48:04,714] {subprocess.py:92} INFO - 25/08/29 21:48:04 INFO SecurityManager: SecurityManager: authentication disabled; ui acls disabled; users  with view permissions: Set(***); groups with view permissions: Set(); users  with modify permissions: Set(***); groups with modify permissions: Set()
[2025-08-29 21:48:04,906] {subprocess.py:92} INFO - 25/08/29 21:48:04 INFO Utils: Successfully started service 'sparkDriver' on port 41829.
[2025-08-29 21:48:04,938] {subprocess.py:92} INFO - 25/08/29 21:48:04 INFO SparkEnv: Registering MapOutputTracker
[2025-08-29 21:48:04,974] {subprocess.py:92} INFO - 25/08/29 21:48:04 INFO SparkEnv: Registering BlockManagerMaster
[2025-08-29 21:48:04,993] {subprocess.py:92} INFO - 25/08/29 21:48:04 INFO BlockManagerMasterEndpoint: Using org.apache.spark.storage.DefaultTopologyMapper for getting topology information
[2025-08-29 21:48:04,993] {subprocess.py:92} INFO - 25/08/29 21:48:04 INFO BlockManagerMasterEndpoint: BlockManagerMasterEndpoint up
[2025-08-29 21:48:04,996] {subprocess.py:92} INFO - 25/08/29 21:48:04 INFO SparkEnv: Registering BlockManagerMasterHeartbeat
[2025-08-29 21:48:05,023] {subprocess.py:92} INFO - 25/08/29 21:48:05 INFO DiskBlockManager: Created local directory at /tmp/blockmgr-bae482de-f1ca-491a-9335-f52cc1f7f33b
[2025-08-29 21:48:05,043] {subprocess.py:92} INFO - 25/08/29 21:48:05 INFO MemoryStore: MemoryStore started with capacity 434.4 MiB
[2025-08-29 21:48:05,061] {subprocess.py:92} INFO - 25/08/29 21:48:05 INFO SparkEnv: Registering OutputCommitCoordinator
[2025-08-29 21:48:05,275] {subprocess.py:92} INFO - 25/08/29 21:48:05 WARN Utils: Service 'SparkUI' could not bind on port 4040. Attempting port 4041.
[2025-08-29 21:48:05,275] {subprocess.py:92} INFO - 25/08/29 21:48:05 WARN Utils: Service 'SparkUI' could not bind on port 4041. Attempting port 4042.
[2025-08-29 21:48:05,275] {subprocess.py:92} INFO - 25/08/29 21:48:05 WARN Utils: Service 'SparkUI' could not bind on port 4042. Attempting port 4043.
[2025-08-29 21:48:05,283] {subprocess.py:92} INFO - 25/08/29 21:48:05 INFO Utils: Successfully started service 'SparkUI' on port 4043.
[2025-08-29 21:48:05,319] {subprocess.py:92} INFO - 25/08/29 21:48:05 INFO SparkContext: Added JAR file:///home/***/.ivy2/jars/org.apache.spark_spark-sql-kafka-0-10_2.12-3.3.1.jar at spark://a4b544519f2b:41829/jars/org.apache.spark_spark-sql-kafka-0-10_2.12-3.3.1.jar with timestamp 1756504084587
[2025-08-29 21:48:05,319] {subprocess.py:92} INFO - 25/08/29 21:48:05 INFO SparkContext: Added JAR file:///home/***/.ivy2/jars/org.apache.spark_spark-token-provider-kafka-0-10_2.12-3.3.1.jar at spark://a4b544519f2b:41829/jars/org.apache.spark_spark-token-provider-kafka-0-10_2.12-3.3.1.jar with timestamp 1756504084587
[2025-08-29 21:48:05,320] {subprocess.py:92} INFO - 25/08/29 21:48:05 INFO SparkContext: Added JAR file:///home/***/.ivy2/jars/org.apache.kafka_kafka-clients-2.8.1.jar at spark://a4b544519f2b:41829/jars/org.apache.kafka_kafka-clients-2.8.1.jar with timestamp 1756504084587
[2025-08-29 21:48:05,320] {subprocess.py:92} INFO - 25/08/29 21:48:05 INFO SparkContext: Added JAR file:///home/***/.ivy2/jars/com.google.code.findbugs_jsr305-3.0.0.jar at spark://a4b544519f2b:41829/jars/com.google.code.findbugs_jsr305-3.0.0.jar with timestamp 1756504084587
[2025-08-29 21:48:05,320] {subprocess.py:92} INFO - 25/08/29 21:48:05 INFO SparkContext: Added JAR file:///home/***/.ivy2/jars/org.apache.commons_commons-pool2-2.11.1.jar at spark://a4b544519f2b:41829/jars/org.apache.commons_commons-pool2-2.11.1.jar with timestamp 1756504084587
[2025-08-29 21:48:05,320] {subprocess.py:92} INFO - 25/08/29 21:48:05 INFO SparkContext: Added JAR file:///home/***/.ivy2/jars/org.spark-project.spark_unused-1.0.0.jar at spark://a4b544519f2b:41829/jars/org.spark-project.spark_unused-1.0.0.jar with timestamp 1756504084587
[2025-08-29 21:48:05,320] {subprocess.py:92} INFO - 25/08/29 21:48:05 INFO SparkContext: Added JAR file:///home/***/.ivy2/jars/org.apache.hadoop_hadoop-client-runtime-3.3.2.jar at spark://a4b544519f2b:41829/jars/org.apache.hadoop_hadoop-client-runtime-3.3.2.jar with timestamp 1756504084587
[2025-08-29 21:48:05,321] {subprocess.py:92} INFO - 25/08/29 21:48:05 INFO SparkContext: Added JAR file:///home/***/.ivy2/jars/org.lz4_lz4-java-1.8.0.jar at spark://a4b544519f2b:41829/jars/org.lz4_lz4-java-1.8.0.jar with timestamp 1756504084587
[2025-08-29 21:48:05,321] {subprocess.py:92} INFO - 25/08/29 21:48:05 INFO SparkContext: Added JAR file:///home/***/.ivy2/jars/org.xerial.snappy_snappy-java-1.1.8.4.jar at spark://a4b544519f2b:41829/jars/org.xerial.snappy_snappy-java-1.1.8.4.jar with timestamp 1756504084587
[2025-08-29 21:48:05,321] {subprocess.py:92} INFO - 25/08/29 21:48:05 INFO SparkContext: Added JAR file:///home/***/.ivy2/jars/org.slf4j_slf4j-api-1.7.32.jar at spark://a4b544519f2b:41829/jars/org.slf4j_slf4j-api-1.7.32.jar with timestamp 1756504084587
[2025-08-29 21:48:05,321] {subprocess.py:92} INFO - 25/08/29 21:48:05 INFO SparkContext: Added JAR file:///home/***/.ivy2/jars/org.apache.hadoop_hadoop-client-api-3.3.2.jar at spark://a4b544519f2b:41829/jars/org.apache.hadoop_hadoop-client-api-3.3.2.jar with timestamp 1756504084587
[2025-08-29 21:48:05,321] {subprocess.py:92} INFO - 25/08/29 21:48:05 INFO SparkContext: Added JAR file:///home/***/.ivy2/jars/commons-logging_commons-logging-1.1.3.jar at spark://a4b544519f2b:41829/jars/commons-logging_commons-logging-1.1.3.jar with timestamp 1756504084587
[2025-08-29 21:48:05,324] {subprocess.py:92} INFO - 25/08/29 21:48:05 INFO SparkContext: Added file file:///home/***/.ivy2/jars/org.apache.spark_spark-sql-kafka-0-10_2.12-3.3.1.jar at file:///home/***/.ivy2/jars/org.apache.spark_spark-sql-kafka-0-10_2.12-3.3.1.jar with timestamp 1756504084587
[2025-08-29 21:48:05,325] {subprocess.py:92} INFO - 25/08/29 21:48:05 INFO Utils: Copying /home/***/.ivy2/jars/org.apache.spark_spark-sql-kafka-0-10_2.12-3.3.1.jar to /tmp/spark-c7a757e1-5afb-4dee-b52c-2bdb041e3ad9/userFiles-4b2b9fae-18af-4859-864e-fab626ea3164/org.apache.spark_spark-sql-kafka-0-10_2.12-3.3.1.jar
[2025-08-29 21:48:05,334] {subprocess.py:92} INFO - 25/08/29 21:48:05 INFO SparkContext: Added file file:///home/***/.ivy2/jars/org.apache.spark_spark-token-provider-kafka-0-10_2.12-3.3.1.jar at file:///home/***/.ivy2/jars/org.apache.spark_spark-token-provider-kafka-0-10_2.12-3.3.1.jar with timestamp 1756504084587
[2025-08-29 21:48:05,334] {subprocess.py:92} INFO - 25/08/29 21:48:05 INFO Utils: Copying /home/***/.ivy2/jars/org.apache.spark_spark-token-provider-kafka-0-10_2.12-3.3.1.jar to /tmp/spark-c7a757e1-5afb-4dee-b52c-2bdb041e3ad9/userFiles-4b2b9fae-18af-4859-864e-fab626ea3164/org.apache.spark_spark-token-provider-kafka-0-10_2.12-3.3.1.jar
[2025-08-29 21:48:05,339] {subprocess.py:92} INFO - 25/08/29 21:48:05 INFO SparkContext: Added file file:///home/***/.ivy2/jars/org.apache.kafka_kafka-clients-2.8.1.jar at file:///home/***/.ivy2/jars/org.apache.kafka_kafka-clients-2.8.1.jar with timestamp 1756504084587
[2025-08-29 21:48:05,339] {subprocess.py:92} INFO - 25/08/29 21:48:05 INFO Utils: Copying /home/***/.ivy2/jars/org.apache.kafka_kafka-clients-2.8.1.jar to /tmp/spark-c7a757e1-5afb-4dee-b52c-2bdb041e3ad9/userFiles-4b2b9fae-18af-4859-864e-fab626ea3164/org.apache.kafka_kafka-clients-2.8.1.jar
[2025-08-29 21:48:05,351] {subprocess.py:92} INFO - 25/08/29 21:48:05 INFO SparkContext: Added file file:///home/***/.ivy2/jars/com.google.code.findbugs_jsr305-3.0.0.jar at file:///home/***/.ivy2/jars/com.google.code.findbugs_jsr305-3.0.0.jar with timestamp 1756504084587
[2025-08-29 21:48:05,351] {subprocess.py:92} INFO - 25/08/29 21:48:05 INFO Utils: Copying /home/***/.ivy2/jars/com.google.code.findbugs_jsr305-3.0.0.jar to /tmp/spark-c7a757e1-5afb-4dee-b52c-2bdb041e3ad9/userFiles-4b2b9fae-18af-4859-864e-fab626ea3164/com.google.code.findbugs_jsr305-3.0.0.jar
[2025-08-29 21:48:05,356] {subprocess.py:92} INFO - 25/08/29 21:48:05 INFO SparkContext: Added file file:///home/***/.ivy2/jars/org.apache.commons_commons-pool2-2.11.1.jar at file:///home/***/.ivy2/jars/org.apache.commons_commons-pool2-2.11.1.jar with timestamp 1756504084587
[2025-08-29 21:48:05,356] {subprocess.py:92} INFO - 25/08/29 21:48:05 INFO Utils: Copying /home/***/.ivy2/jars/org.apache.commons_commons-pool2-2.11.1.jar to /tmp/spark-c7a757e1-5afb-4dee-b52c-2bdb041e3ad9/userFiles-4b2b9fae-18af-4859-864e-fab626ea3164/org.apache.commons_commons-pool2-2.11.1.jar
[2025-08-29 21:48:05,359] {subprocess.py:92} INFO - 25/08/29 21:48:05 INFO SparkContext: Added file file:///home/***/.ivy2/jars/org.spark-project.spark_unused-1.0.0.jar at file:///home/***/.ivy2/jars/org.spark-project.spark_unused-1.0.0.jar with timestamp 1756504084587
[2025-08-29 21:48:05,360] {subprocess.py:92} INFO - 25/08/29 21:48:05 INFO Utils: Copying /home/***/.ivy2/jars/org.spark-project.spark_unused-1.0.0.jar to /tmp/spark-c7a757e1-5afb-4dee-b52c-2bdb041e3ad9/userFiles-4b2b9fae-18af-4859-864e-fab626ea3164/org.spark-project.spark_unused-1.0.0.jar
[2025-08-29 21:48:05,364] {subprocess.py:92} INFO - 25/08/29 21:48:05 INFO SparkContext: Added file file:///home/***/.ivy2/jars/org.apache.hadoop_hadoop-client-runtime-3.3.2.jar at file:///home/***/.ivy2/jars/org.apache.hadoop_hadoop-client-runtime-3.3.2.jar with timestamp 1756504084587
[2025-08-29 21:48:05,365] {subprocess.py:92} INFO - 25/08/29 21:48:05 INFO Utils: Copying /home/***/.ivy2/jars/org.apache.hadoop_hadoop-client-runtime-3.3.2.jar to /tmp/spark-c7a757e1-5afb-4dee-b52c-2bdb041e3ad9/userFiles-4b2b9fae-18af-4859-864e-fab626ea3164/org.apache.hadoop_hadoop-client-runtime-3.3.2.jar
[2025-08-29 21:48:05,391] {subprocess.py:92} INFO - 25/08/29 21:48:05 INFO SparkContext: Added file file:///home/***/.ivy2/jars/org.lz4_lz4-java-1.8.0.jar at file:///home/***/.ivy2/jars/org.lz4_lz4-java-1.8.0.jar with timestamp 1756504084587
[2025-08-29 21:48:05,391] {subprocess.py:92} INFO - 25/08/29 21:48:05 INFO Utils: Copying /home/***/.ivy2/jars/org.lz4_lz4-java-1.8.0.jar to /tmp/spark-c7a757e1-5afb-4dee-b52c-2bdb041e3ad9/userFiles-4b2b9fae-18af-4859-864e-fab626ea3164/org.lz4_lz4-java-1.8.0.jar
[2025-08-29 21:48:05,394] {subprocess.py:92} INFO - 25/08/29 21:48:05 INFO SparkContext: Added file file:///home/***/.ivy2/jars/org.xerial.snappy_snappy-java-1.1.8.4.jar at file:///home/***/.ivy2/jars/org.xerial.snappy_snappy-java-1.1.8.4.jar with timestamp 1756504084587
[2025-08-29 21:48:05,394] {subprocess.py:92} INFO - 25/08/29 21:48:05 INFO Utils: Copying /home/***/.ivy2/jars/org.xerial.snappy_snappy-java-1.1.8.4.jar to /tmp/spark-c7a757e1-5afb-4dee-b52c-2bdb041e3ad9/userFiles-4b2b9fae-18af-4859-864e-fab626ea3164/org.xerial.snappy_snappy-java-1.1.8.4.jar
[2025-08-29 21:48:05,400] {subprocess.py:92} INFO - 25/08/29 21:48:05 INFO SparkContext: Added file file:///home/***/.ivy2/jars/org.slf4j_slf4j-api-1.7.32.jar at file:///home/***/.ivy2/jars/org.slf4j_slf4j-api-1.7.32.jar with timestamp 1756504084587
[2025-08-29 21:48:05,400] {subprocess.py:92} INFO - 25/08/29 21:48:05 INFO Utils: Copying /home/***/.ivy2/jars/org.slf4j_slf4j-api-1.7.32.jar to /tmp/spark-c7a757e1-5afb-4dee-b52c-2bdb041e3ad9/userFiles-4b2b9fae-18af-4859-864e-fab626ea3164/org.slf4j_slf4j-api-1.7.32.jar
[2025-08-29 21:48:05,405] {subprocess.py:92} INFO - 25/08/29 21:48:05 INFO SparkContext: Added file file:///home/***/.ivy2/jars/org.apache.hadoop_hadoop-client-api-3.3.2.jar at file:///home/***/.ivy2/jars/org.apache.hadoop_hadoop-client-api-3.3.2.jar with timestamp 1756504084587
[2025-08-29 21:48:05,405] {subprocess.py:92} INFO - 25/08/29 21:48:05 INFO Utils: Copying /home/***/.ivy2/jars/org.apache.hadoop_hadoop-client-api-3.3.2.jar to /tmp/spark-c7a757e1-5afb-4dee-b52c-2bdb041e3ad9/userFiles-4b2b9fae-18af-4859-864e-fab626ea3164/org.apache.hadoop_hadoop-client-api-3.3.2.jar
[2025-08-29 21:48:05,427] {subprocess.py:92} INFO - 25/08/29 21:48:05 INFO SparkContext: Added file file:///home/***/.ivy2/jars/commons-logging_commons-logging-1.1.3.jar at file:///home/***/.ivy2/jars/commons-logging_commons-logging-1.1.3.jar with timestamp 1756504084587
[2025-08-29 21:48:05,427] {subprocess.py:92} INFO - 25/08/29 21:48:05 INFO Utils: Copying /home/***/.ivy2/jars/commons-logging_commons-logging-1.1.3.jar to /tmp/spark-c7a757e1-5afb-4dee-b52c-2bdb041e3ad9/userFiles-4b2b9fae-18af-4859-864e-fab626ea3164/commons-logging_commons-logging-1.1.3.jar
[2025-08-29 21:48:05,503] {subprocess.py:92} INFO - 25/08/29 21:48:05 INFO Executor: Starting executor ID driver on host a4b544519f2b
[2025-08-29 21:48:05,510] {subprocess.py:92} INFO - 25/08/29 21:48:05 INFO Executor: Starting executor with user classpath (userClassPathFirst = false): ''
[2025-08-29 21:48:05,521] {subprocess.py:92} INFO - 25/08/29 21:48:05 INFO Executor: Fetching file:///home/***/.ivy2/jars/commons-logging_commons-logging-1.1.3.jar with timestamp 1756504084587
[2025-08-29 21:48:05,537] {subprocess.py:92} INFO - 25/08/29 21:48:05 INFO Utils: /home/***/.ivy2/jars/commons-logging_commons-logging-1.1.3.jar has been previously copied to /tmp/spark-c7a757e1-5afb-4dee-b52c-2bdb041e3ad9/userFiles-4b2b9fae-18af-4859-864e-fab626ea3164/commons-logging_commons-logging-1.1.3.jar
[2025-08-29 21:48:05,542] {subprocess.py:92} INFO - 25/08/29 21:48:05 INFO Executor: Fetching file:///home/***/.ivy2/jars/org.spark-project.spark_unused-1.0.0.jar with timestamp 1756504084587
[2025-08-29 21:48:05,542] {subprocess.py:92} INFO - 25/08/29 21:48:05 INFO Utils: /home/***/.ivy2/jars/org.spark-project.spark_unused-1.0.0.jar has been previously copied to /tmp/spark-c7a757e1-5afb-4dee-b52c-2bdb041e3ad9/userFiles-4b2b9fae-18af-4859-864e-fab626ea3164/org.spark-project.spark_unused-1.0.0.jar
[2025-08-29 21:48:05,547] {subprocess.py:92} INFO - 25/08/29 21:48:05 INFO Executor: Fetching file:///home/***/.ivy2/jars/org.apache.spark_spark-sql-kafka-0-10_2.12-3.3.1.jar with timestamp 1756504084587
[2025-08-29 21:48:05,550] {subprocess.py:92} INFO - 25/08/29 21:48:05 INFO Utils: /home/***/.ivy2/jars/org.apache.spark_spark-sql-kafka-0-10_2.12-3.3.1.jar has been previously copied to /tmp/spark-c7a757e1-5afb-4dee-b52c-2bdb041e3ad9/userFiles-4b2b9fae-18af-4859-864e-fab626ea3164/org.apache.spark_spark-sql-kafka-0-10_2.12-3.3.1.jar
[2025-08-29 21:48:05,553] {subprocess.py:92} INFO - 25/08/29 21:48:05 INFO Executor: Fetching file:///home/***/.ivy2/jars/org.apache.hadoop_hadoop-client-api-3.3.2.jar with timestamp 1756504084587
[2025-08-29 21:48:05,563] {subprocess.py:92} INFO - 25/08/29 21:48:05 INFO Utils: /home/***/.ivy2/jars/org.apache.hadoop_hadoop-client-api-3.3.2.jar has been previously copied to /tmp/spark-c7a757e1-5afb-4dee-b52c-2bdb041e3ad9/userFiles-4b2b9fae-18af-4859-864e-fab626ea3164/org.apache.hadoop_hadoop-client-api-3.3.2.jar
[2025-08-29 21:48:05,567] {subprocess.py:92} INFO - 25/08/29 21:48:05 INFO Executor: Fetching file:///home/***/.ivy2/jars/org.apache.hadoop_hadoop-client-runtime-3.3.2.jar with timestamp 1756504084587
[2025-08-29 21:48:05,582] {subprocess.py:92} INFO - 25/08/29 21:48:05 INFO Utils: /home/***/.ivy2/jars/org.apache.hadoop_hadoop-client-runtime-3.3.2.jar has been previously copied to /tmp/spark-c7a757e1-5afb-4dee-b52c-2bdb041e3ad9/userFiles-4b2b9fae-18af-4859-864e-fab626ea3164/org.apache.hadoop_hadoop-client-runtime-3.3.2.jar
[2025-08-29 21:48:05,586] {subprocess.py:92} INFO - 25/08/29 21:48:05 INFO Executor: Fetching file:///home/***/.ivy2/jars/org.slf4j_slf4j-api-1.7.32.jar with timestamp 1756504084587
[2025-08-29 21:48:05,586] {subprocess.py:92} INFO - 25/08/29 21:48:05 INFO Utils: /home/***/.ivy2/jars/org.slf4j_slf4j-api-1.7.32.jar has been previously copied to /tmp/spark-c7a757e1-5afb-4dee-b52c-2bdb041e3ad9/userFiles-4b2b9fae-18af-4859-864e-fab626ea3164/org.slf4j_slf4j-api-1.7.32.jar
[2025-08-29 21:48:05,590] {subprocess.py:92} INFO - 25/08/29 21:48:05 INFO Executor: Fetching file:///home/***/.ivy2/jars/org.lz4_lz4-java-1.8.0.jar with timestamp 1756504084587
[2025-08-29 21:48:05,591] {subprocess.py:92} INFO - 25/08/29 21:48:05 INFO Utils: /home/***/.ivy2/jars/org.lz4_lz4-java-1.8.0.jar has been previously copied to /tmp/spark-c7a757e1-5afb-4dee-b52c-2bdb041e3ad9/userFiles-4b2b9fae-18af-4859-864e-fab626ea3164/org.lz4_lz4-java-1.8.0.jar
[2025-08-29 21:48:05,595] {subprocess.py:92} INFO - 25/08/29 21:48:05 INFO Executor: Fetching file:///home/***/.ivy2/jars/org.apache.commons_commons-pool2-2.11.1.jar with timestamp 1756504084587
[2025-08-29 21:48:05,595] {subprocess.py:92} INFO - 25/08/29 21:48:05 INFO Utils: /home/***/.ivy2/jars/org.apache.commons_commons-pool2-2.11.1.jar has been previously copied to /tmp/spark-c7a757e1-5afb-4dee-b52c-2bdb041e3ad9/userFiles-4b2b9fae-18af-4859-864e-fab626ea3164/org.apache.commons_commons-pool2-2.11.1.jar
[2025-08-29 21:48:05,598] {subprocess.py:92} INFO - 25/08/29 21:48:05 INFO Executor: Fetching file:///home/***/.ivy2/jars/com.google.code.findbugs_jsr305-3.0.0.jar with timestamp 1756504084587
[2025-08-29 21:48:05,599] {subprocess.py:92} INFO - 25/08/29 21:48:05 INFO Utils: /home/***/.ivy2/jars/com.google.code.findbugs_jsr305-3.0.0.jar has been previously copied to /tmp/spark-c7a757e1-5afb-4dee-b52c-2bdb041e3ad9/userFiles-4b2b9fae-18af-4859-864e-fab626ea3164/com.google.code.findbugs_jsr305-3.0.0.jar
[2025-08-29 21:48:05,602] {subprocess.py:92} INFO - 25/08/29 21:48:05 INFO Executor: Fetching file:///home/***/.ivy2/jars/org.apache.spark_spark-token-provider-kafka-0-10_2.12-3.3.1.jar with timestamp 1756504084587
[2025-08-29 21:48:05,602] {subprocess.py:92} INFO - 25/08/29 21:48:05 INFO Utils: /home/***/.ivy2/jars/org.apache.spark_spark-token-provider-kafka-0-10_2.12-3.3.1.jar has been previously copied to /tmp/spark-c7a757e1-5afb-4dee-b52c-2bdb041e3ad9/userFiles-4b2b9fae-18af-4859-864e-fab626ea3164/org.apache.spark_spark-token-provider-kafka-0-10_2.12-3.3.1.jar
[2025-08-29 21:48:05,606] {subprocess.py:92} INFO - 25/08/29 21:48:05 INFO Executor: Fetching file:///home/***/.ivy2/jars/org.apache.kafka_kafka-clients-2.8.1.jar with timestamp 1756504084587
[2025-08-29 21:48:05,613] {subprocess.py:92} INFO - 25/08/29 21:48:05 INFO Utils: /home/***/.ivy2/jars/org.apache.kafka_kafka-clients-2.8.1.jar has been previously copied to /tmp/spark-c7a757e1-5afb-4dee-b52c-2bdb041e3ad9/userFiles-4b2b9fae-18af-4859-864e-fab626ea3164/org.apache.kafka_kafka-clients-2.8.1.jar
[2025-08-29 21:48:05,616] {subprocess.py:92} INFO - 25/08/29 21:48:05 INFO Executor: Fetching file:///home/***/.ivy2/jars/org.xerial.snappy_snappy-java-1.1.8.4.jar with timestamp 1756504084587
[2025-08-29 21:48:05,619] {subprocess.py:92} INFO - 25/08/29 21:48:05 INFO Utils: /home/***/.ivy2/jars/org.xerial.snappy_snappy-java-1.1.8.4.jar has been previously copied to /tmp/spark-c7a757e1-5afb-4dee-b52c-2bdb041e3ad9/userFiles-4b2b9fae-18af-4859-864e-fab626ea3164/org.xerial.snappy_snappy-java-1.1.8.4.jar
[2025-08-29 21:48:05,626] {subprocess.py:92} INFO - 25/08/29 21:48:05 INFO Executor: Fetching spark://a4b544519f2b:41829/jars/org.apache.spark_spark-sql-kafka-0-10_2.12-3.3.1.jar with timestamp 1756504084587
[2025-08-29 21:48:05,674] {subprocess.py:92} INFO - 25/08/29 21:48:05 INFO TransportClientFactory: Successfully created connection to a4b544519f2b/172.20.0.3:41829 after 30 ms (0 ms spent in bootstraps)
[2025-08-29 21:48:05,680] {subprocess.py:92} INFO - 25/08/29 21:48:05 INFO Utils: Fetching spark://a4b544519f2b:41829/jars/org.apache.spark_spark-sql-kafka-0-10_2.12-3.3.1.jar to /tmp/spark-c7a757e1-5afb-4dee-b52c-2bdb041e3ad9/userFiles-4b2b9fae-18af-4859-864e-fab626ea3164/fetchFileTemp13296058331560136528.tmp
[2025-08-29 21:48:05,721] {subprocess.py:92} INFO - 25/08/29 21:48:05 INFO Utils: /tmp/spark-c7a757e1-5afb-4dee-b52c-2bdb041e3ad9/userFiles-4b2b9fae-18af-4859-864e-fab626ea3164/fetchFileTemp13296058331560136528.tmp has been previously copied to /tmp/spark-c7a757e1-5afb-4dee-b52c-2bdb041e3ad9/userFiles-4b2b9fae-18af-4859-864e-fab626ea3164/org.apache.spark_spark-sql-kafka-0-10_2.12-3.3.1.jar
[2025-08-29 21:48:05,726] {subprocess.py:92} INFO - 25/08/29 21:48:05 INFO Executor: Adding file:/tmp/spark-c7a757e1-5afb-4dee-b52c-2bdb041e3ad9/userFiles-4b2b9fae-18af-4859-864e-fab626ea3164/org.apache.spark_spark-sql-kafka-0-10_2.12-3.3.1.jar to class loader
[2025-08-29 21:48:05,726] {subprocess.py:92} INFO - 25/08/29 21:48:05 INFO Executor: Fetching spark://a4b544519f2b:41829/jars/org.spark-project.spark_unused-1.0.0.jar with timestamp 1756504084587
[2025-08-29 21:48:05,727] {subprocess.py:92} INFO - 25/08/29 21:48:05 INFO Utils: Fetching spark://a4b544519f2b:41829/jars/org.spark-project.spark_unused-1.0.0.jar to /tmp/spark-c7a757e1-5afb-4dee-b52c-2bdb041e3ad9/userFiles-4b2b9fae-18af-4859-864e-fab626ea3164/fetchFileTemp10176398903391249775.tmp
[2025-08-29 21:48:05,729] {subprocess.py:92} INFO - 25/08/29 21:48:05 INFO Utils: /tmp/spark-c7a757e1-5afb-4dee-b52c-2bdb041e3ad9/userFiles-4b2b9fae-18af-4859-864e-fab626ea3164/fetchFileTemp10176398903391249775.tmp has been previously copied to /tmp/spark-c7a757e1-5afb-4dee-b52c-2bdb041e3ad9/userFiles-4b2b9fae-18af-4859-864e-fab626ea3164/org.spark-project.spark_unused-1.0.0.jar
[2025-08-29 21:48:05,732] {subprocess.py:92} INFO - 25/08/29 21:48:05 INFO Executor: Adding file:/tmp/spark-c7a757e1-5afb-4dee-b52c-2bdb041e3ad9/userFiles-4b2b9fae-18af-4859-864e-fab626ea3164/org.spark-project.spark_unused-1.0.0.jar to class loader
[2025-08-29 21:48:05,732] {subprocess.py:92} INFO - 25/08/29 21:48:05 INFO Executor: Fetching spark://a4b544519f2b:41829/jars/org.apache.spark_spark-token-provider-kafka-0-10_2.12-3.3.1.jar with timestamp 1756504084587
[2025-08-29 21:48:05,733] {subprocess.py:92} INFO - 25/08/29 21:48:05 INFO Utils: Fetching spark://a4b544519f2b:41829/jars/org.apache.spark_spark-token-provider-kafka-0-10_2.12-3.3.1.jar to /tmp/spark-c7a757e1-5afb-4dee-b52c-2bdb041e3ad9/userFiles-4b2b9fae-18af-4859-864e-fab626ea3164/fetchFileTemp11516912176746109.tmp
[2025-08-29 21:48:05,735] {subprocess.py:92} INFO - 25/08/29 21:48:05 INFO Utils: /tmp/spark-c7a757e1-5afb-4dee-b52c-2bdb041e3ad9/userFiles-4b2b9fae-18af-4859-864e-fab626ea3164/fetchFileTemp11516912176746109.tmp has been previously copied to /tmp/spark-c7a757e1-5afb-4dee-b52c-2bdb041e3ad9/userFiles-4b2b9fae-18af-4859-864e-fab626ea3164/org.apache.spark_spark-token-provider-kafka-0-10_2.12-3.3.1.jar
[2025-08-29 21:48:05,737] {subprocess.py:92} INFO - 25/08/29 21:48:05 INFO Executor: Adding file:/tmp/spark-c7a757e1-5afb-4dee-b52c-2bdb041e3ad9/userFiles-4b2b9fae-18af-4859-864e-fab626ea3164/org.apache.spark_spark-token-provider-kafka-0-10_2.12-3.3.1.jar to class loader
[2025-08-29 21:48:05,738] {subprocess.py:92} INFO - 25/08/29 21:48:05 INFO Executor: Fetching spark://a4b544519f2b:41829/jars/com.google.code.findbugs_jsr305-3.0.0.jar with timestamp 1756504084587
[2025-08-29 21:48:05,738] {subprocess.py:92} INFO - 25/08/29 21:48:05 INFO Utils: Fetching spark://a4b544519f2b:41829/jars/com.google.code.findbugs_jsr305-3.0.0.jar to /tmp/spark-c7a757e1-5afb-4dee-b52c-2bdb041e3ad9/userFiles-4b2b9fae-18af-4859-864e-fab626ea3164/fetchFileTemp15401263869401512292.tmp
[2025-08-29 21:48:05,740] {subprocess.py:92} INFO - 25/08/29 21:48:05 INFO Utils: /tmp/spark-c7a757e1-5afb-4dee-b52c-2bdb041e3ad9/userFiles-4b2b9fae-18af-4859-864e-fab626ea3164/fetchFileTemp15401263869401512292.tmp has been previously copied to /tmp/spark-c7a757e1-5afb-4dee-b52c-2bdb041e3ad9/userFiles-4b2b9fae-18af-4859-864e-fab626ea3164/com.google.code.findbugs_jsr305-3.0.0.jar
[2025-08-29 21:48:05,744] {subprocess.py:92} INFO - 25/08/29 21:48:05 INFO Executor: Adding file:/tmp/spark-c7a757e1-5afb-4dee-b52c-2bdb041e3ad9/userFiles-4b2b9fae-18af-4859-864e-fab626ea3164/com.google.code.findbugs_jsr305-3.0.0.jar to class loader
[2025-08-29 21:48:05,744] {subprocess.py:92} INFO - 25/08/29 21:48:05 INFO Executor: Fetching spark://a4b544519f2b:41829/jars/org.apache.kafka_kafka-clients-2.8.1.jar with timestamp 1756504084587
[2025-08-29 21:48:05,744] {subprocess.py:92} INFO - 25/08/29 21:48:05 INFO Utils: Fetching spark://a4b544519f2b:41829/jars/org.apache.kafka_kafka-clients-2.8.1.jar to /tmp/spark-c7a757e1-5afb-4dee-b52c-2bdb041e3ad9/userFiles-4b2b9fae-18af-4859-864e-fab626ea3164/fetchFileTemp11249021873540750516.tmp
[2025-08-29 21:48:05,768] {subprocess.py:92} INFO - 25/08/29 21:48:05 INFO Utils: /tmp/spark-c7a757e1-5afb-4dee-b52c-2bdb041e3ad9/userFiles-4b2b9fae-18af-4859-864e-fab626ea3164/fetchFileTemp11249021873540750516.tmp has been previously copied to /tmp/spark-c7a757e1-5afb-4dee-b52c-2bdb041e3ad9/userFiles-4b2b9fae-18af-4859-864e-fab626ea3164/org.apache.kafka_kafka-clients-2.8.1.jar
[2025-08-29 21:48:05,772] {subprocess.py:92} INFO - 25/08/29 21:48:05 INFO Executor: Adding file:/tmp/spark-c7a757e1-5afb-4dee-b52c-2bdb041e3ad9/userFiles-4b2b9fae-18af-4859-864e-fab626ea3164/org.apache.kafka_kafka-clients-2.8.1.jar to class loader
[2025-08-29 21:48:05,773] {subprocess.py:92} INFO - 25/08/29 21:48:05 INFO Executor: Fetching spark://a4b544519f2b:41829/jars/org.apache.hadoop_hadoop-client-api-3.3.2.jar with timestamp 1756504084587
[2025-08-29 21:48:05,773] {subprocess.py:92} INFO - 25/08/29 21:48:05 INFO Utils: Fetching spark://a4b544519f2b:41829/jars/org.apache.hadoop_hadoop-client-api-3.3.2.jar to /tmp/spark-c7a757e1-5afb-4dee-b52c-2bdb041e3ad9/userFiles-4b2b9fae-18af-4859-864e-fab626ea3164/fetchFileTemp16786132985470118984.tmp
[2025-08-29 21:48:05,836] {subprocess.py:92} INFO - 25/08/29 21:48:05 INFO Utils: /tmp/spark-c7a757e1-5afb-4dee-b52c-2bdb041e3ad9/userFiles-4b2b9fae-18af-4859-864e-fab626ea3164/fetchFileTemp16786132985470118984.tmp has been previously copied to /tmp/spark-c7a757e1-5afb-4dee-b52c-2bdb041e3ad9/userFiles-4b2b9fae-18af-4859-864e-fab626ea3164/org.apache.hadoop_hadoop-client-api-3.3.2.jar
[2025-08-29 21:48:05,843] {subprocess.py:92} INFO - 25/08/29 21:48:05 INFO Executor: Adding file:/tmp/spark-c7a757e1-5afb-4dee-b52c-2bdb041e3ad9/userFiles-4b2b9fae-18af-4859-864e-fab626ea3164/org.apache.hadoop_hadoop-client-api-3.3.2.jar to class loader
[2025-08-29 21:48:05,843] {subprocess.py:92} INFO - 25/08/29 21:48:05 INFO Executor: Fetching spark://a4b544519f2b:41829/jars/org.xerial.snappy_snappy-java-1.1.8.4.jar with timestamp 1756504084587
[2025-08-29 21:48:05,843] {subprocess.py:92} INFO - 25/08/29 21:48:05 INFO Utils: Fetching spark://a4b544519f2b:41829/jars/org.xerial.snappy_snappy-java-1.1.8.4.jar to /tmp/spark-c7a757e1-5afb-4dee-b52c-2bdb041e3ad9/userFiles-4b2b9fae-18af-4859-864e-fab626ea3164/fetchFileTemp15180251307650007158.tmp
[2025-08-29 21:48:05,851] {subprocess.py:92} INFO - 25/08/29 21:48:05 INFO Utils: /tmp/spark-c7a757e1-5afb-4dee-b52c-2bdb041e3ad9/userFiles-4b2b9fae-18af-4859-864e-fab626ea3164/fetchFileTemp15180251307650007158.tmp has been previously copied to /tmp/spark-c7a757e1-5afb-4dee-b52c-2bdb041e3ad9/userFiles-4b2b9fae-18af-4859-864e-fab626ea3164/org.xerial.snappy_snappy-java-1.1.8.4.jar
[2025-08-29 21:48:05,855] {subprocess.py:92} INFO - 25/08/29 21:48:05 INFO Executor: Adding file:/tmp/spark-c7a757e1-5afb-4dee-b52c-2bdb041e3ad9/userFiles-4b2b9fae-18af-4859-864e-fab626ea3164/org.xerial.snappy_snappy-java-1.1.8.4.jar to class loader
[2025-08-29 21:48:05,855] {subprocess.py:92} INFO - 25/08/29 21:48:05 INFO Executor: Fetching spark://a4b544519f2b:41829/jars/org.slf4j_slf4j-api-1.7.32.jar with timestamp 1756504084587
[2025-08-29 21:48:05,856] {subprocess.py:92} INFO - 25/08/29 21:48:05 INFO Utils: Fetching spark://a4b544519f2b:41829/jars/org.slf4j_slf4j-api-1.7.32.jar to /tmp/spark-c7a757e1-5afb-4dee-b52c-2bdb041e3ad9/userFiles-4b2b9fae-18af-4859-864e-fab626ea3164/fetchFileTemp11644027402246547932.tmp
[2025-08-29 21:48:05,857] {subprocess.py:92} INFO - 25/08/29 21:48:05 INFO Utils: /tmp/spark-c7a757e1-5afb-4dee-b52c-2bdb041e3ad9/userFiles-4b2b9fae-18af-4859-864e-fab626ea3164/fetchFileTemp11644027402246547932.tmp has been previously copied to /tmp/spark-c7a757e1-5afb-4dee-b52c-2bdb041e3ad9/userFiles-4b2b9fae-18af-4859-864e-fab626ea3164/org.slf4j_slf4j-api-1.7.32.jar
[2025-08-29 21:48:05,861] {subprocess.py:92} INFO - 25/08/29 21:48:05 INFO Executor: Adding file:/tmp/spark-c7a757e1-5afb-4dee-b52c-2bdb041e3ad9/userFiles-4b2b9fae-18af-4859-864e-fab626ea3164/org.slf4j_slf4j-api-1.7.32.jar to class loader
[2025-08-29 21:48:05,861] {subprocess.py:92} INFO - 25/08/29 21:48:05 INFO Executor: Fetching spark://a4b544519f2b:41829/jars/commons-logging_commons-logging-1.1.3.jar with timestamp 1756504084587
[2025-08-29 21:48:05,862] {subprocess.py:92} INFO - 25/08/29 21:48:05 INFO Utils: Fetching spark://a4b544519f2b:41829/jars/commons-logging_commons-logging-1.1.3.jar to /tmp/spark-c7a757e1-5afb-4dee-b52c-2bdb041e3ad9/userFiles-4b2b9fae-18af-4859-864e-fab626ea3164/fetchFileTemp421522434024778382.tmp
[2025-08-29 21:48:05,863] {subprocess.py:92} INFO - 25/08/29 21:48:05 INFO Utils: /tmp/spark-c7a757e1-5afb-4dee-b52c-2bdb041e3ad9/userFiles-4b2b9fae-18af-4859-864e-fab626ea3164/fetchFileTemp421522434024778382.tmp has been previously copied to /tmp/spark-c7a757e1-5afb-4dee-b52c-2bdb041e3ad9/userFiles-4b2b9fae-18af-4859-864e-fab626ea3164/commons-logging_commons-logging-1.1.3.jar
[2025-08-29 21:48:05,867] {subprocess.py:92} INFO - 25/08/29 21:48:05 INFO Executor: Adding file:/tmp/spark-c7a757e1-5afb-4dee-b52c-2bdb041e3ad9/userFiles-4b2b9fae-18af-4859-864e-fab626ea3164/commons-logging_commons-logging-1.1.3.jar to class loader
[2025-08-29 21:48:05,867] {subprocess.py:92} INFO - 25/08/29 21:48:05 INFO Executor: Fetching spark://a4b544519f2b:41829/jars/org.apache.commons_commons-pool2-2.11.1.jar with timestamp 1756504084587
[2025-08-29 21:48:05,868] {subprocess.py:92} INFO - 25/08/29 21:48:05 INFO Utils: Fetching spark://a4b544519f2b:41829/jars/org.apache.commons_commons-pool2-2.11.1.jar to /tmp/spark-c7a757e1-5afb-4dee-b52c-2bdb041e3ad9/userFiles-4b2b9fae-18af-4859-864e-fab626ea3164/fetchFileTemp11700508837618495794.tmp
[2025-08-29 21:48:05,869] {subprocess.py:92} INFO - 25/08/29 21:48:05 INFO Utils: /tmp/spark-c7a757e1-5afb-4dee-b52c-2bdb041e3ad9/userFiles-4b2b9fae-18af-4859-864e-fab626ea3164/fetchFileTemp11700508837618495794.tmp has been previously copied to /tmp/spark-c7a757e1-5afb-4dee-b52c-2bdb041e3ad9/userFiles-4b2b9fae-18af-4859-864e-fab626ea3164/org.apache.commons_commons-pool2-2.11.1.jar
[2025-08-29 21:48:05,873] {subprocess.py:92} INFO - 25/08/29 21:48:05 INFO Executor: Adding file:/tmp/spark-c7a757e1-5afb-4dee-b52c-2bdb041e3ad9/userFiles-4b2b9fae-18af-4859-864e-fab626ea3164/org.apache.commons_commons-pool2-2.11.1.jar to class loader
[2025-08-29 21:48:05,873] {subprocess.py:92} INFO - 25/08/29 21:48:05 INFO Executor: Fetching spark://a4b544519f2b:41829/jars/org.lz4_lz4-java-1.8.0.jar with timestamp 1756504084587
[2025-08-29 21:48:05,873] {subprocess.py:92} INFO - 25/08/29 21:48:05 INFO Utils: Fetching spark://a4b544519f2b:41829/jars/org.lz4_lz4-java-1.8.0.jar to /tmp/spark-c7a757e1-5afb-4dee-b52c-2bdb041e3ad9/userFiles-4b2b9fae-18af-4859-864e-fab626ea3164/fetchFileTemp4910694820896438933.tmp
[2025-08-29 21:48:05,875] {subprocess.py:92} INFO - 25/08/29 21:48:05 INFO Utils: /tmp/spark-c7a757e1-5afb-4dee-b52c-2bdb041e3ad9/userFiles-4b2b9fae-18af-4859-864e-fab626ea3164/fetchFileTemp4910694820896438933.tmp has been previously copied to /tmp/spark-c7a757e1-5afb-4dee-b52c-2bdb041e3ad9/userFiles-4b2b9fae-18af-4859-864e-fab626ea3164/org.lz4_lz4-java-1.8.0.jar
[2025-08-29 21:48:05,879] {subprocess.py:92} INFO - 25/08/29 21:48:05 INFO Executor: Adding file:/tmp/spark-c7a757e1-5afb-4dee-b52c-2bdb041e3ad9/userFiles-4b2b9fae-18af-4859-864e-fab626ea3164/org.lz4_lz4-java-1.8.0.jar to class loader
[2025-08-29 21:48:05,879] {subprocess.py:92} INFO - 25/08/29 21:48:05 INFO Executor: Fetching spark://a4b544519f2b:41829/jars/org.apache.hadoop_hadoop-client-runtime-3.3.2.jar with timestamp 1756504084587
[2025-08-29 21:48:05,880] {subprocess.py:92} INFO - 25/08/29 21:48:05 INFO Utils: Fetching spark://a4b544519f2b:41829/jars/org.apache.hadoop_hadoop-client-runtime-3.3.2.jar to /tmp/spark-c7a757e1-5afb-4dee-b52c-2bdb041e3ad9/userFiles-4b2b9fae-18af-4859-864e-fab626ea3164/fetchFileTemp3215073142189601307.tmp
[2025-08-29 21:48:05,964] {subprocess.py:92} INFO - 25/08/29 21:48:05 INFO Utils: /tmp/spark-c7a757e1-5afb-4dee-b52c-2bdb041e3ad9/userFiles-4b2b9fae-18af-4859-864e-fab626ea3164/fetchFileTemp3215073142189601307.tmp has been previously copied to /tmp/spark-c7a757e1-5afb-4dee-b52c-2bdb041e3ad9/userFiles-4b2b9fae-18af-4859-864e-fab626ea3164/org.apache.hadoop_hadoop-client-runtime-3.3.2.jar
[2025-08-29 21:48:05,972] {subprocess.py:92} INFO - 25/08/29 21:48:05 INFO Executor: Adding file:/tmp/spark-c7a757e1-5afb-4dee-b52c-2bdb041e3ad9/userFiles-4b2b9fae-18af-4859-864e-fab626ea3164/org.apache.hadoop_hadoop-client-runtime-3.3.2.jar to class loader
[2025-08-29 21:48:05,980] {subprocess.py:92} INFO - 25/08/29 21:48:05 INFO Utils: Successfully started service 'org.apache.spark.network.netty.NettyBlockTransferService' on port 34453.
[2025-08-29 21:48:05,980] {subprocess.py:92} INFO - 25/08/29 21:48:05 INFO NettyBlockTransferService: Server created on a4b544519f2b:34453
[2025-08-29 21:48:05,982] {subprocess.py:92} INFO - 25/08/29 21:48:05 INFO BlockManager: Using org.apache.spark.storage.RandomBlockReplicationPolicy for block replication policy
[2025-08-29 21:48:05,987] {subprocess.py:92} INFO - 25/08/29 21:48:05 INFO BlockManagerMaster: Registering BlockManager BlockManagerId(driver, a4b544519f2b, 34453, None)
[2025-08-29 21:48:05,990] {subprocess.py:92} INFO - 25/08/29 21:48:05 INFO BlockManagerMasterEndpoint: Registering block manager a4b544519f2b:34453 with 434.4 MiB RAM, BlockManagerId(driver, a4b544519f2b, 34453, None)
[2025-08-29 21:48:05,993] {subprocess.py:92} INFO - 25/08/29 21:48:05 INFO BlockManagerMaster: Registered BlockManager BlockManagerId(driver, a4b544519f2b, 34453, None)
[2025-08-29 21:48:05,994] {subprocess.py:92} INFO - 25/08/29 21:48:05 INFO BlockManager: Initialized BlockManager: BlockManagerId(driver, a4b544519f2b, 34453, None)
[2025-08-29 21:48:06,516] {subprocess.py:92} INFO - Connexion à Kafka...
[2025-08-29 21:48:08,196] {subprocess.py:92} INFO - Connexion Kafka réussie (kafka:9092)
[2025-08-29 21:48:08,196] {subprocess.py:92} INFO - Transformation des données JSON...
[2025-08-29 21:48:08,423] {subprocess.py:92} INFO - Démarrage du streaming vers HDFS...
[2025-08-29 21:48:09,074] {subprocess.py:92} INFO - Streaming actif - Données météo sauvegardées dans HDFS:/data/weather
[2025-08-29 23:06:19,905] {local_task_job.py:84} ERROR - Received SIGTERM. Terminating subprocesses
[2025-08-29 23:06:19,929] {process_utils.py:129} INFO - Sending Signals.SIGTERM to group 2348. PIDs of all processes in the group: [2350, 2465, 2348]
[2025-08-29 23:06:19,931] {process_utils.py:80} INFO - Sending the signal Signals.SIGTERM to group 2348
[2025-08-29 23:06:19,932] {taskinstance.py:1541} ERROR - Received SIGTERM. Terminating subprocesses.
[2025-08-29 23:06:19,932] {subprocess.py:103} INFO - Sending SIGTERM signal to process group
[2025-08-29 23:06:19,954] {process_utils.py:75} INFO - Process psutil.Process(pid=2465, status='terminated', started='21:48:03') (2465) terminated with exit code None
[2025-08-29 23:06:20,042] {taskinstance.py:1889} ERROR - Task failed with exception
Traceback (most recent call last):
  File "/home/airflow/.local/lib/python3.7/site-packages/airflow/operators/bash.py", line 189, in execute
    cwd=self.cwd,
  File "/home/airflow/.local/lib/python3.7/site-packages/airflow/hooks/subprocess.py", line 90, in run_command
    for raw_line in iter(self.sub_process.stdout.readline, b''):
  File "/home/airflow/.local/lib/python3.7/site-packages/airflow/models/taskinstance.py", line 1543, in signal_handler
    raise AirflowException("Task received SIGTERM signal")
airflow.exceptions.AirflowException: Task received SIGTERM signal
[2025-08-29 23:06:20,064] {taskinstance.py:1400} INFO - Marking task as FAILED. dag_id=send_weather_to_kafka, task_id=stream_hdfs, execution_date=20250829T194228, start_date=20250829T214801, end_date=20250829T230620
[2025-08-29 23:06:20,234] {standard_task_runner.py:97} ERROR - Failed to execute job 376 for task stream_hdfs (Task received SIGTERM signal; 2348)
[2025-08-29 23:06:20,332] {process_utils.py:75} INFO - Process psutil.Process(pid=2348, status='terminated', exitcode=1, started='21:48:00') (2348) terminated with exit code 1
[2025-08-29 23:06:20,555] {process_utils.py:75} INFO - Process psutil.Process(pid=2350, status='terminated', started='21:48:00') (2350) terminated with exit code None
[2025-08-29 23:06:20,556] {local_task_job.py:156} INFO - Task exited with return code 143
[2025-08-29 23:06:20,622] {local_task_job.py:273} INFO - 0 downstream tasks scheduled from follow-on schedule check
