[2025-09-01 08:25:56,242] {taskinstance.py:1159} INFO - Dependencies all met for <TaskInstance: send_weather_to_kafka.stream_hdfs scheduled__2025-09-01T07:48:49.856957+00:00 [queued]>
[2025-09-01 08:25:56,258] {taskinstance.py:1159} INFO - Dependencies all met for <TaskInstance: send_weather_to_kafka.stream_hdfs scheduled__2025-09-01T07:48:49.856957+00:00 [queued]>
[2025-09-01 08:25:56,258] {taskinstance.py:1356} INFO - 
--------------------------------------------------------------------------------
[2025-09-01 08:25:56,258] {taskinstance.py:1357} INFO - Starting attempt 2 of 2
[2025-09-01 08:25:56,258] {taskinstance.py:1358} INFO - 
--------------------------------------------------------------------------------
[2025-09-01 08:25:56,279] {taskinstance.py:1377} INFO - Executing <Task(BashOperator): stream_hdfs> on 2025-09-01 07:48:49.856957+00:00
[2025-09-01 08:25:56,284] {standard_task_runner.py:52} INFO - Started process 12633 to run task
[2025-09-01 08:25:56,288] {standard_task_runner.py:79} INFO - Running: ['***', 'tasks', 'run', 'send_weather_to_kafka', 'stream_hdfs', 'scheduled__2025-09-01T07:48:49.856957+00:00', '--job-id', '508', '--raw', '--subdir', 'DAGS_FOLDER/dag_meteo.py', '--cfg-path', '/tmp/tmpj5gv4fkt', '--error-file', '/tmp/tmpdkxlj98m']
[2025-09-01 08:25:56,290] {standard_task_runner.py:80} INFO - Job 508: Subtask stream_hdfs
[2025-09-01 08:25:56,310] {logging_mixin.py:115} WARNING - /home/***/.local/lib/python3.7/site-packages/***/configuration.py:470 DeprecationWarning: The sql_alchemy_conn option in [core] has been moved to the sql_alchemy_conn option in [database] - the old setting has been used, but please update your config.
[2025-09-01 08:25:56,362] {task_command.py:369} INFO - Running <TaskInstance: send_weather_to_kafka.stream_hdfs scheduled__2025-09-01T07:48:49.856957+00:00 [running]> on host e66737cfc193
[2025-09-01 08:25:56,494] {taskinstance.py:1571} INFO - Exporting the following env vars:
AIRFLOW_CTX_DAG_OWNER=***
AIRFLOW_CTX_DAG_ID=send_weather_to_kafka
AIRFLOW_CTX_TASK_ID=stream_hdfs
AIRFLOW_CTX_EXECUTION_DATE=2025-09-01T07:48:49.856957+00:00
AIRFLOW_CTX_TRY_NUMBER=2
AIRFLOW_CTX_DAG_RUN_ID=scheduled__2025-09-01T07:48:49.856957+00:00
[2025-09-01 08:25:56,496] {subprocess.py:62} INFO - Tmp dir root location: 
 /tmp
[2025-09-01 08:25:56,497] {subprocess.py:74} INFO - Running command: ['bash', '-c', '\n/home/***/.local/bin/spark-submit   --master local[*]   --conf spark.hadoop.fs.defaultFS=hdfs://namenode:9000   --conf spark.hadoop.dfs.client.use.datanode.hostname=true   --conf spark.sql.adaptive.enabled=false   --packages org.apache.spark:spark-sql-kafka-0-10_2.12:3.3.1   /opt/***/scripts/pyspark/streaming.py']
[2025-09-01 08:25:56,512] {subprocess.py:85} INFO - Output:
[2025-09-01 08:25:56,526] {subprocess.py:92} INFO - /opt/spark-3.3.1-bin-hadoop3/bin/load-spark-env.sh: line 68: ps: command not found
[2025-09-01 08:25:58,164] {subprocess.py:92} INFO - :: loading settings :: url = jar:file:/opt/spark-3.3.1-bin-hadoop3/jars/ivy-2.5.0.jar!/org/apache/ivy/core/settings/ivysettings.xml
[2025-09-01 08:25:58,263] {subprocess.py:92} INFO - Ivy Default Cache set to: /home/***/.ivy2/cache
[2025-09-01 08:25:58,263] {subprocess.py:92} INFO - The jars for the packages stored in: /home/***/.ivy2/jars
[2025-09-01 08:25:58,268] {subprocess.py:92} INFO - org.apache.spark#spark-sql-kafka-0-10_2.12 added as a dependency
[2025-09-01 08:25:58,269] {subprocess.py:92} INFO - :: resolving dependencies :: org.apache.spark#spark-submit-parent-4bebd554-349b-431d-b8df-b76f98475c6a;1.0
[2025-09-01 08:25:58,269] {subprocess.py:92} INFO - 	confs: [default]
[2025-09-01 08:25:58,453] {subprocess.py:92} INFO - 	found org.apache.spark#spark-sql-kafka-0-10_2.12;3.3.1 in spark-list
[2025-09-01 08:25:58,513] {subprocess.py:92} INFO - 	found org.apache.spark#spark-token-provider-kafka-0-10_2.12;3.3.1 in central
[2025-09-01 08:25:58,538] {subprocess.py:92} INFO - 	found org.apache.kafka#kafka-clients;2.8.1 in central
[2025-09-01 08:25:58,563] {subprocess.py:92} INFO - 	found org.lz4#lz4-java;1.8.0 in central
[2025-09-01 08:25:58,584] {subprocess.py:92} INFO - 	found org.xerial.snappy#snappy-java;1.1.8.4 in central
[2025-09-01 08:25:58,615] {subprocess.py:92} INFO - 	found org.slf4j#slf4j-api;1.7.32 in central
[2025-09-01 08:25:58,658] {subprocess.py:92} INFO - 	found org.apache.hadoop#hadoop-client-runtime;3.3.2 in central
[2025-09-01 08:25:58,680] {subprocess.py:92} INFO - 	found org.spark-project.spark#unused;1.0.0 in central
[2025-09-01 08:25:58,719] {subprocess.py:92} INFO - 	found org.apache.hadoop#hadoop-client-api;3.3.2 in central
[2025-09-01 08:25:58,747] {subprocess.py:92} INFO - 	found commons-logging#commons-logging;1.1.3 in central
[2025-09-01 08:25:58,767] {subprocess.py:92} INFO - 	found com.google.code.findbugs#jsr305;3.0.0 in central
[2025-09-01 08:25:58,786] {subprocess.py:92} INFO - 	found org.apache.commons#commons-pool2;2.11.1 in central
[2025-09-01 08:25:58,809] {subprocess.py:92} INFO - :: resolution report :: resolve 530ms :: artifacts dl 9ms
[2025-09-01 08:25:58,809] {subprocess.py:92} INFO - 	:: modules in use:
[2025-09-01 08:25:58,809] {subprocess.py:92} INFO - 	com.google.code.findbugs#jsr305;3.0.0 from central in [default]
[2025-09-01 08:25:58,809] {subprocess.py:92} INFO - 	commons-logging#commons-logging;1.1.3 from central in [default]
[2025-09-01 08:25:58,809] {subprocess.py:92} INFO - 	org.apache.commons#commons-pool2;2.11.1 from central in [default]
[2025-09-01 08:25:58,809] {subprocess.py:92} INFO - 	org.apache.hadoop#hadoop-client-api;3.3.2 from central in [default]
[2025-09-01 08:25:58,809] {subprocess.py:92} INFO - 	org.apache.hadoop#hadoop-client-runtime;3.3.2 from central in [default]
[2025-09-01 08:25:58,809] {subprocess.py:92} INFO - 	org.apache.kafka#kafka-clients;2.8.1 from central in [default]
[2025-09-01 08:25:58,809] {subprocess.py:92} INFO - 	org.apache.spark#spark-sql-kafka-0-10_2.12;3.3.1 from spark-list in [default]
[2025-09-01 08:25:58,809] {subprocess.py:92} INFO - 	org.apache.spark#spark-token-provider-kafka-0-10_2.12;3.3.1 from central in [default]
[2025-09-01 08:25:58,810] {subprocess.py:92} INFO - 	org.lz4#lz4-java;1.8.0 from central in [default]
[2025-09-01 08:25:58,810] {subprocess.py:92} INFO - 	org.slf4j#slf4j-api;1.7.32 from central in [default]
[2025-09-01 08:25:58,810] {subprocess.py:92} INFO - 	org.spark-project.spark#unused;1.0.0 from central in [default]
[2025-09-01 08:25:58,810] {subprocess.py:92} INFO - 	org.xerial.snappy#snappy-java;1.1.8.4 from central in [default]
[2025-09-01 08:25:58,810] {subprocess.py:92} INFO - 	---------------------------------------------------------------------
[2025-09-01 08:25:58,810] {subprocess.py:92} INFO - 	|                  |            modules            ||   artifacts   |
[2025-09-01 08:25:58,810] {subprocess.py:92} INFO - 	|       conf       | number| search|dwnlded|evicted|| number|dwnlded|
[2025-09-01 08:25:58,810] {subprocess.py:92} INFO - 	---------------------------------------------------------------------
[2025-09-01 08:25:58,810] {subprocess.py:92} INFO - 	|      default     |   12  |   0   |   0   |   0   ||   12  |   0   |
[2025-09-01 08:25:58,810] {subprocess.py:92} INFO - 	---------------------------------------------------------------------
[2025-09-01 08:25:58,815] {subprocess.py:92} INFO - :: retrieving :: org.apache.spark#spark-submit-parent-4bebd554-349b-431d-b8df-b76f98475c6a
[2025-09-01 08:25:58,815] {subprocess.py:92} INFO - 	confs: [default]
[2025-09-01 08:25:58,822] {subprocess.py:92} INFO - 	0 artifacts copied, 12 already retrieved (0kB/7ms)
[2025-09-01 08:25:59,030] {subprocess.py:92} INFO - 25/09/01 08:25:59 WARN NativeCodeLoader: Unable to load native-hadoop library for your platform... using builtin-java classes where applicable
[2025-09-01 08:26:00,389] {subprocess.py:92} INFO - 25/09/01 08:26:00 INFO SparkContext: Running Spark version 3.3.1
[2025-09-01 08:26:00,429] {subprocess.py:92} INFO - 25/09/01 08:26:00 INFO ResourceUtils: ==============================================================
[2025-09-01 08:26:00,430] {subprocess.py:92} INFO - 25/09/01 08:26:00 INFO ResourceUtils: No custom resources configured for spark.driver.
[2025-09-01 08:26:00,430] {subprocess.py:92} INFO - 25/09/01 08:26:00 INFO ResourceUtils: ==============================================================
[2025-09-01 08:26:00,431] {subprocess.py:92} INFO - 25/09/01 08:26:00 INFO SparkContext: Submitted application: KafkaToHDFSWeather
[2025-09-01 08:26:00,479] {subprocess.py:92} INFO - 25/09/01 08:26:00 INFO ResourceProfile: Default ResourceProfile created, executor resources: Map(cores -> name: cores, amount: 1, script: , vendor: , memory -> name: memory, amount: 1024, script: , vendor: , offHeap -> name: offHeap, amount: 0, script: , vendor: ), task resources: Map(cpus -> name: cpus, amount: 1.0)
[2025-09-01 08:26:00,506] {subprocess.py:92} INFO - 25/09/01 08:26:00 INFO ResourceProfile: Limiting resource is cpu
[2025-09-01 08:26:00,508] {subprocess.py:92} INFO - 25/09/01 08:26:00 INFO ResourceProfileManager: Added ResourceProfile id: 0
[2025-09-01 08:26:00,616] {subprocess.py:92} INFO - 25/09/01 08:26:00 INFO SecurityManager: Changing view acls to: ***
[2025-09-01 08:26:00,616] {subprocess.py:92} INFO - 25/09/01 08:26:00 INFO SecurityManager: Changing modify acls to: ***
[2025-09-01 08:26:00,617] {subprocess.py:92} INFO - 25/09/01 08:26:00 INFO SecurityManager: Changing view acls groups to:
[2025-09-01 08:26:00,617] {subprocess.py:92} INFO - 25/09/01 08:26:00 INFO SecurityManager: Changing modify acls groups to:
[2025-09-01 08:26:00,618] {subprocess.py:92} INFO - 25/09/01 08:26:00 INFO SecurityManager: SecurityManager: authentication disabled; ui acls disabled; users  with view permissions: Set(***); groups with view permissions: Set(); users  with modify permissions: Set(***); groups with modify permissions: Set()
[2025-09-01 08:26:01,086] {subprocess.py:92} INFO - 25/09/01 08:26:01 INFO Utils: Successfully started service 'sparkDriver' on port 46557.
[2025-09-01 08:26:01,146] {subprocess.py:92} INFO - 25/09/01 08:26:01 INFO SparkEnv: Registering MapOutputTracker
[2025-09-01 08:26:01,198] {subprocess.py:92} INFO - 25/09/01 08:26:01 INFO SparkEnv: Registering BlockManagerMaster
[2025-09-01 08:26:01,219] {subprocess.py:92} INFO - 25/09/01 08:26:01 INFO BlockManagerMasterEndpoint: Using org.apache.spark.storage.DefaultTopologyMapper for getting topology information
[2025-09-01 08:26:01,220] {subprocess.py:92} INFO - 25/09/01 08:26:01 INFO BlockManagerMasterEndpoint: BlockManagerMasterEndpoint up
[2025-09-01 08:26:01,224] {subprocess.py:92} INFO - 25/09/01 08:26:01 INFO SparkEnv: Registering BlockManagerMasterHeartbeat
[2025-09-01 08:26:01,278] {subprocess.py:92} INFO - 25/09/01 08:26:01 INFO DiskBlockManager: Created local directory at /tmp/blockmgr-3fcc757a-4185-48ab-9a5a-aa9b9401441f
[2025-09-01 08:26:01,320] {subprocess.py:92} INFO - 25/09/01 08:26:01 INFO MemoryStore: MemoryStore started with capacity 434.4 MiB
[2025-09-01 08:26:01,360] {subprocess.py:92} INFO - 25/09/01 08:26:01 INFO SparkEnv: Registering OutputCommitCoordinator
[2025-09-01 08:26:01,768] {subprocess.py:92} INFO - 25/09/01 08:26:01 WARN Utils: Service 'SparkUI' could not bind on port 4040. Attempting port 4041.
[2025-09-01 08:26:01,770] {subprocess.py:92} INFO - 25/09/01 08:26:01 WARN Utils: Service 'SparkUI' could not bind on port 4041. Attempting port 4042.
[2025-09-01 08:26:01,771] {subprocess.py:92} INFO - 25/09/01 08:26:01 WARN Utils: Service 'SparkUI' could not bind on port 4042. Attempting port 4043.
[2025-09-01 08:26:01,772] {subprocess.py:92} INFO - 25/09/01 08:26:01 WARN Utils: Service 'SparkUI' could not bind on port 4043. Attempting port 4044.
[2025-09-01 08:26:01,773] {subprocess.py:92} INFO - 25/09/01 08:26:01 WARN Utils: Service 'SparkUI' could not bind on port 4044. Attempting port 4045.
[2025-09-01 08:26:01,797] {subprocess.py:92} INFO - 25/09/01 08:26:01 INFO Utils: Successfully started service 'SparkUI' on port 4045.
[2025-09-01 08:26:01,903] {subprocess.py:92} INFO - 25/09/01 08:26:01 INFO SparkContext: Added JAR file:///home/***/.ivy2/jars/org.apache.spark_spark-sql-kafka-0-10_2.12-3.3.1.jar at spark://e66737cfc193:46557/jars/org.apache.spark_spark-sql-kafka-0-10_2.12-3.3.1.jar with timestamp 1756715160372
[2025-09-01 08:26:01,903] {subprocess.py:92} INFO - 25/09/01 08:26:01 INFO SparkContext: Added JAR file:///home/***/.ivy2/jars/org.apache.spark_spark-token-provider-kafka-0-10_2.12-3.3.1.jar at spark://e66737cfc193:46557/jars/org.apache.spark_spark-token-provider-kafka-0-10_2.12-3.3.1.jar with timestamp 1756715160372
[2025-09-01 08:26:01,903] {subprocess.py:92} INFO - 25/09/01 08:26:01 INFO SparkContext: Added JAR file:///home/***/.ivy2/jars/org.apache.kafka_kafka-clients-2.8.1.jar at spark://e66737cfc193:46557/jars/org.apache.kafka_kafka-clients-2.8.1.jar with timestamp 1756715160372
[2025-09-01 08:26:01,904] {subprocess.py:92} INFO - 25/09/01 08:26:01 INFO SparkContext: Added JAR file:///home/***/.ivy2/jars/com.google.code.findbugs_jsr305-3.0.0.jar at spark://e66737cfc193:46557/jars/com.google.code.findbugs_jsr305-3.0.0.jar with timestamp 1756715160372
[2025-09-01 08:26:01,904] {subprocess.py:92} INFO - 25/09/01 08:26:01 INFO SparkContext: Added JAR file:///home/***/.ivy2/jars/org.apache.commons_commons-pool2-2.11.1.jar at spark://e66737cfc193:46557/jars/org.apache.commons_commons-pool2-2.11.1.jar with timestamp 1756715160372
[2025-09-01 08:26:01,904] {subprocess.py:92} INFO - 25/09/01 08:26:01 INFO SparkContext: Added JAR file:///home/***/.ivy2/jars/org.spark-project.spark_unused-1.0.0.jar at spark://e66737cfc193:46557/jars/org.spark-project.spark_unused-1.0.0.jar with timestamp 1756715160372
[2025-09-01 08:26:01,904] {subprocess.py:92} INFO - 25/09/01 08:26:01 INFO SparkContext: Added JAR file:///home/***/.ivy2/jars/org.apache.hadoop_hadoop-client-runtime-3.3.2.jar at spark://e66737cfc193:46557/jars/org.apache.hadoop_hadoop-client-runtime-3.3.2.jar with timestamp 1756715160372
[2025-09-01 08:26:01,904] {subprocess.py:92} INFO - 25/09/01 08:26:01 INFO SparkContext: Added JAR file:///home/***/.ivy2/jars/org.lz4_lz4-java-1.8.0.jar at spark://e66737cfc193:46557/jars/org.lz4_lz4-java-1.8.0.jar with timestamp 1756715160372
[2025-09-01 08:26:01,904] {subprocess.py:92} INFO - 25/09/01 08:26:01 INFO SparkContext: Added JAR file:///home/***/.ivy2/jars/org.xerial.snappy_snappy-java-1.1.8.4.jar at spark://e66737cfc193:46557/jars/org.xerial.snappy_snappy-java-1.1.8.4.jar with timestamp 1756715160372
[2025-09-01 08:26:01,904] {subprocess.py:92} INFO - 25/09/01 08:26:01 INFO SparkContext: Added JAR file:///home/***/.ivy2/jars/org.slf4j_slf4j-api-1.7.32.jar at spark://e66737cfc193:46557/jars/org.slf4j_slf4j-api-1.7.32.jar with timestamp 1756715160372
[2025-09-01 08:26:01,905] {subprocess.py:92} INFO - 25/09/01 08:26:01 INFO SparkContext: Added JAR file:///home/***/.ivy2/jars/org.apache.hadoop_hadoop-client-api-3.3.2.jar at spark://e66737cfc193:46557/jars/org.apache.hadoop_hadoop-client-api-3.3.2.jar with timestamp 1756715160372
[2025-09-01 08:26:01,905] {subprocess.py:92} INFO - 25/09/01 08:26:01 INFO SparkContext: Added JAR file:///home/***/.ivy2/jars/commons-logging_commons-logging-1.1.3.jar at spark://e66737cfc193:46557/jars/commons-logging_commons-logging-1.1.3.jar with timestamp 1756715160372
[2025-09-01 08:26:01,907] {subprocess.py:92} INFO - 25/09/01 08:26:01 INFO SparkContext: Added file file:///home/***/.ivy2/jars/org.apache.spark_spark-sql-kafka-0-10_2.12-3.3.1.jar at file:///home/***/.ivy2/jars/org.apache.spark_spark-sql-kafka-0-10_2.12-3.3.1.jar with timestamp 1756715160372
[2025-09-01 08:26:01,908] {subprocess.py:92} INFO - 25/09/01 08:26:01 INFO Utils: Copying /home/***/.ivy2/jars/org.apache.spark_spark-sql-kafka-0-10_2.12-3.3.1.jar to /tmp/spark-08a03918-72e2-4793-a719-e022eaaeee7e/userFiles-33239114-69e7-49cc-bb0d-991af59e471b/org.apache.spark_spark-sql-kafka-0-10_2.12-3.3.1.jar
[2025-09-01 08:26:01,922] {subprocess.py:92} INFO - 25/09/01 08:26:01 INFO SparkContext: Added file file:///home/***/.ivy2/jars/org.apache.spark_spark-token-provider-kafka-0-10_2.12-3.3.1.jar at file:///home/***/.ivy2/jars/org.apache.spark_spark-token-provider-kafka-0-10_2.12-3.3.1.jar with timestamp 1756715160372
[2025-09-01 08:26:01,922] {subprocess.py:92} INFO - 25/09/01 08:26:01 INFO Utils: Copying /home/***/.ivy2/jars/org.apache.spark_spark-token-provider-kafka-0-10_2.12-3.3.1.jar to /tmp/spark-08a03918-72e2-4793-a719-e022eaaeee7e/userFiles-33239114-69e7-49cc-bb0d-991af59e471b/org.apache.spark_spark-token-provider-kafka-0-10_2.12-3.3.1.jar
[2025-09-01 08:26:01,929] {subprocess.py:92} INFO - 25/09/01 08:26:01 INFO SparkContext: Added file file:///home/***/.ivy2/jars/org.apache.kafka_kafka-clients-2.8.1.jar at file:///home/***/.ivy2/jars/org.apache.kafka_kafka-clients-2.8.1.jar with timestamp 1756715160372
[2025-09-01 08:26:01,930] {subprocess.py:92} INFO - 25/09/01 08:26:01 INFO Utils: Copying /home/***/.ivy2/jars/org.apache.kafka_kafka-clients-2.8.1.jar to /tmp/spark-08a03918-72e2-4793-a719-e022eaaeee7e/userFiles-33239114-69e7-49cc-bb0d-991af59e471b/org.apache.kafka_kafka-clients-2.8.1.jar
[2025-09-01 08:26:01,944] {subprocess.py:92} INFO - 25/09/01 08:26:01 INFO SparkContext: Added file file:///home/***/.ivy2/jars/com.google.code.findbugs_jsr305-3.0.0.jar at file:///home/***/.ivy2/jars/com.google.code.findbugs_jsr305-3.0.0.jar with timestamp 1756715160372
[2025-09-01 08:26:01,944] {subprocess.py:92} INFO - 25/09/01 08:26:01 INFO Utils: Copying /home/***/.ivy2/jars/com.google.code.findbugs_jsr305-3.0.0.jar to /tmp/spark-08a03918-72e2-4793-a719-e022eaaeee7e/userFiles-33239114-69e7-49cc-bb0d-991af59e471b/com.google.code.findbugs_jsr305-3.0.0.jar
[2025-09-01 08:26:01,951] {subprocess.py:92} INFO - 25/09/01 08:26:01 INFO SparkContext: Added file file:///home/***/.ivy2/jars/org.apache.commons_commons-pool2-2.11.1.jar at file:///home/***/.ivy2/jars/org.apache.commons_commons-pool2-2.11.1.jar with timestamp 1756715160372
[2025-09-01 08:26:01,952] {subprocess.py:92} INFO - 25/09/01 08:26:01 INFO Utils: Copying /home/***/.ivy2/jars/org.apache.commons_commons-pool2-2.11.1.jar to /tmp/spark-08a03918-72e2-4793-a719-e022eaaeee7e/userFiles-33239114-69e7-49cc-bb0d-991af59e471b/org.apache.commons_commons-pool2-2.11.1.jar
[2025-09-01 08:26:01,960] {subprocess.py:92} INFO - 25/09/01 08:26:01 INFO SparkContext: Added file file:///home/***/.ivy2/jars/org.spark-project.spark_unused-1.0.0.jar at file:///home/***/.ivy2/jars/org.spark-project.spark_unused-1.0.0.jar with timestamp 1756715160372
[2025-09-01 08:26:01,961] {subprocess.py:92} INFO - 25/09/01 08:26:01 INFO Utils: Copying /home/***/.ivy2/jars/org.spark-project.spark_unused-1.0.0.jar to /tmp/spark-08a03918-72e2-4793-a719-e022eaaeee7e/userFiles-33239114-69e7-49cc-bb0d-991af59e471b/org.spark-project.spark_unused-1.0.0.jar
[2025-09-01 08:26:01,968] {subprocess.py:92} INFO - 25/09/01 08:26:01 INFO SparkContext: Added file file:///home/***/.ivy2/jars/org.apache.hadoop_hadoop-client-runtime-3.3.2.jar at file:///home/***/.ivy2/jars/org.apache.hadoop_hadoop-client-runtime-3.3.2.jar with timestamp 1756715160372
[2025-09-01 08:26:01,968] {subprocess.py:92} INFO - 25/09/01 08:26:01 INFO Utils: Copying /home/***/.ivy2/jars/org.apache.hadoop_hadoop-client-runtime-3.3.2.jar to /tmp/spark-08a03918-72e2-4793-a719-e022eaaeee7e/userFiles-33239114-69e7-49cc-bb0d-991af59e471b/org.apache.hadoop_hadoop-client-runtime-3.3.2.jar
[2025-09-01 08:26:02,024] {subprocess.py:92} INFO - 25/09/01 08:26:02 INFO SparkContext: Added file file:///home/***/.ivy2/jars/org.lz4_lz4-java-1.8.0.jar at file:///home/***/.ivy2/jars/org.lz4_lz4-java-1.8.0.jar with timestamp 1756715160372
[2025-09-01 08:26:02,024] {subprocess.py:92} INFO - 25/09/01 08:26:02 INFO Utils: Copying /home/***/.ivy2/jars/org.lz4_lz4-java-1.8.0.jar to /tmp/spark-08a03918-72e2-4793-a719-e022eaaeee7e/userFiles-33239114-69e7-49cc-bb0d-991af59e471b/org.lz4_lz4-java-1.8.0.jar
[2025-09-01 08:26:02,032] {subprocess.py:92} INFO - 25/09/01 08:26:02 INFO SparkContext: Added file file:///home/***/.ivy2/jars/org.xerial.snappy_snappy-java-1.1.8.4.jar at file:///home/***/.ivy2/jars/org.xerial.snappy_snappy-java-1.1.8.4.jar with timestamp 1756715160372
[2025-09-01 08:26:02,033] {subprocess.py:92} INFO - 25/09/01 08:26:02 INFO Utils: Copying /home/***/.ivy2/jars/org.xerial.snappy_snappy-java-1.1.8.4.jar to /tmp/spark-08a03918-72e2-4793-a719-e022eaaeee7e/userFiles-33239114-69e7-49cc-bb0d-991af59e471b/org.xerial.snappy_snappy-java-1.1.8.4.jar
[2025-09-01 08:26:02,043] {subprocess.py:92} INFO - 25/09/01 08:26:02 INFO SparkContext: Added file file:///home/***/.ivy2/jars/org.slf4j_slf4j-api-1.7.32.jar at file:///home/***/.ivy2/jars/org.slf4j_slf4j-api-1.7.32.jar with timestamp 1756715160372
[2025-09-01 08:26:02,043] {subprocess.py:92} INFO - 25/09/01 08:26:02 INFO Utils: Copying /home/***/.ivy2/jars/org.slf4j_slf4j-api-1.7.32.jar to /tmp/spark-08a03918-72e2-4793-a719-e022eaaeee7e/userFiles-33239114-69e7-49cc-bb0d-991af59e471b/org.slf4j_slf4j-api-1.7.32.jar
[2025-09-01 08:26:02,051] {subprocess.py:92} INFO - 25/09/01 08:26:02 INFO SparkContext: Added file file:///home/***/.ivy2/jars/org.apache.hadoop_hadoop-client-api-3.3.2.jar at file:///home/***/.ivy2/jars/org.apache.hadoop_hadoop-client-api-3.3.2.jar with timestamp 1756715160372
[2025-09-01 08:26:02,051] {subprocess.py:92} INFO - 25/09/01 08:26:02 INFO Utils: Copying /home/***/.ivy2/jars/org.apache.hadoop_hadoop-client-api-3.3.2.jar to /tmp/spark-08a03918-72e2-4793-a719-e022eaaeee7e/userFiles-33239114-69e7-49cc-bb0d-991af59e471b/org.apache.hadoop_hadoop-client-api-3.3.2.jar
[2025-09-01 08:26:02,078] {subprocess.py:92} INFO - 25/09/01 08:26:02 INFO SparkContext: Added file file:///home/***/.ivy2/jars/commons-logging_commons-logging-1.1.3.jar at file:///home/***/.ivy2/jars/commons-logging_commons-logging-1.1.3.jar with timestamp 1756715160372
[2025-09-01 08:26:02,079] {subprocess.py:92} INFO - 25/09/01 08:26:02 INFO Utils: Copying /home/***/.ivy2/jars/commons-logging_commons-logging-1.1.3.jar to /tmp/spark-08a03918-72e2-4793-a719-e022eaaeee7e/userFiles-33239114-69e7-49cc-bb0d-991af59e471b/commons-logging_commons-logging-1.1.3.jar
[2025-09-01 08:26:02,168] {subprocess.py:92} INFO - 25/09/01 08:26:02 INFO Executor: Starting executor ID driver on host e66737cfc193
[2025-09-01 08:26:02,174] {subprocess.py:92} INFO - 25/09/01 08:26:02 INFO Executor: Starting executor with user classpath (userClassPathFirst = false): ''
[2025-09-01 08:26:02,185] {subprocess.py:92} INFO - 25/09/01 08:26:02 INFO Executor: Fetching file:///home/***/.ivy2/jars/commons-logging_commons-logging-1.1.3.jar with timestamp 1756715160372
[2025-09-01 08:26:02,204] {subprocess.py:92} INFO - 25/09/01 08:26:02 INFO Utils: /home/***/.ivy2/jars/commons-logging_commons-logging-1.1.3.jar has been previously copied to /tmp/spark-08a03918-72e2-4793-a719-e022eaaeee7e/userFiles-33239114-69e7-49cc-bb0d-991af59e471b/commons-logging_commons-logging-1.1.3.jar
[2025-09-01 08:26:02,210] {subprocess.py:92} INFO - 25/09/01 08:26:02 INFO Executor: Fetching file:///home/***/.ivy2/jars/org.spark-project.spark_unused-1.0.0.jar with timestamp 1756715160372
[2025-09-01 08:26:02,211] {subprocess.py:92} INFO - 25/09/01 08:26:02 INFO Utils: /home/***/.ivy2/jars/org.spark-project.spark_unused-1.0.0.jar has been previously copied to /tmp/spark-08a03918-72e2-4793-a719-e022eaaeee7e/userFiles-33239114-69e7-49cc-bb0d-991af59e471b/org.spark-project.spark_unused-1.0.0.jar
[2025-09-01 08:26:02,220] {subprocess.py:92} INFO - 25/09/01 08:26:02 INFO Executor: Fetching file:///home/***/.ivy2/jars/org.apache.spark_spark-sql-kafka-0-10_2.12-3.3.1.jar with timestamp 1756715160372
[2025-09-01 08:26:02,227] {subprocess.py:92} INFO - 25/09/01 08:26:02 INFO Utils: /home/***/.ivy2/jars/org.apache.spark_spark-sql-kafka-0-10_2.12-3.3.1.jar has been previously copied to /tmp/spark-08a03918-72e2-4793-a719-e022eaaeee7e/userFiles-33239114-69e7-49cc-bb0d-991af59e471b/org.apache.spark_spark-sql-kafka-0-10_2.12-3.3.1.jar
[2025-09-01 08:26:02,234] {subprocess.py:92} INFO - 25/09/01 08:26:02 INFO Executor: Fetching file:///home/***/.ivy2/jars/org.apache.hadoop_hadoop-client-api-3.3.2.jar with timestamp 1756715160372
[2025-09-01 08:26:02,252] {subprocess.py:92} INFO - 25/09/01 08:26:02 INFO Utils: /home/***/.ivy2/jars/org.apache.hadoop_hadoop-client-api-3.3.2.jar has been previously copied to /tmp/spark-08a03918-72e2-4793-a719-e022eaaeee7e/userFiles-33239114-69e7-49cc-bb0d-991af59e471b/org.apache.hadoop_hadoop-client-api-3.3.2.jar
[2025-09-01 08:26:02,257] {subprocess.py:92} INFO - 25/09/01 08:26:02 INFO Executor: Fetching file:///home/***/.ivy2/jars/org.apache.hadoop_hadoop-client-runtime-3.3.2.jar with timestamp 1756715160372
[2025-09-01 08:26:02,283] {subprocess.py:92} INFO - 25/09/01 08:26:02 INFO Utils: /home/***/.ivy2/jars/org.apache.hadoop_hadoop-client-runtime-3.3.2.jar has been previously copied to /tmp/spark-08a03918-72e2-4793-a719-e022eaaeee7e/userFiles-33239114-69e7-49cc-bb0d-991af59e471b/org.apache.hadoop_hadoop-client-runtime-3.3.2.jar
[2025-09-01 08:26:02,289] {subprocess.py:92} INFO - 25/09/01 08:26:02 INFO Executor: Fetching file:///home/***/.ivy2/jars/org.slf4j_slf4j-api-1.7.32.jar with timestamp 1756715160372
[2025-09-01 08:26:02,289] {subprocess.py:92} INFO - 25/09/01 08:26:02 INFO Utils: /home/***/.ivy2/jars/org.slf4j_slf4j-api-1.7.32.jar has been previously copied to /tmp/spark-08a03918-72e2-4793-a719-e022eaaeee7e/userFiles-33239114-69e7-49cc-bb0d-991af59e471b/org.slf4j_slf4j-api-1.7.32.jar
[2025-09-01 08:26:02,296] {subprocess.py:92} INFO - 25/09/01 08:26:02 INFO Executor: Fetching file:///home/***/.ivy2/jars/org.lz4_lz4-java-1.8.0.jar with timestamp 1756715160372
[2025-09-01 08:26:02,297] {subprocess.py:92} INFO - 25/09/01 08:26:02 INFO Utils: /home/***/.ivy2/jars/org.lz4_lz4-java-1.8.0.jar has been previously copied to /tmp/spark-08a03918-72e2-4793-a719-e022eaaeee7e/userFiles-33239114-69e7-49cc-bb0d-991af59e471b/org.lz4_lz4-java-1.8.0.jar
[2025-09-01 08:26:02,304] {subprocess.py:92} INFO - 25/09/01 08:26:02 INFO Executor: Fetching file:///home/***/.ivy2/jars/org.apache.commons_commons-pool2-2.11.1.jar with timestamp 1756715160372
[2025-09-01 08:26:02,305] {subprocess.py:92} INFO - 25/09/01 08:26:02 INFO Utils: /home/***/.ivy2/jars/org.apache.commons_commons-pool2-2.11.1.jar has been previously copied to /tmp/spark-08a03918-72e2-4793-a719-e022eaaeee7e/userFiles-33239114-69e7-49cc-bb0d-991af59e471b/org.apache.commons_commons-pool2-2.11.1.jar
[2025-09-01 08:26:02,311] {subprocess.py:92} INFO - 25/09/01 08:26:02 INFO Executor: Fetching file:///home/***/.ivy2/jars/com.google.code.findbugs_jsr305-3.0.0.jar with timestamp 1756715160372
[2025-09-01 08:26:02,311] {subprocess.py:92} INFO - 25/09/01 08:26:02 INFO Utils: /home/***/.ivy2/jars/com.google.code.findbugs_jsr305-3.0.0.jar has been previously copied to /tmp/spark-08a03918-72e2-4793-a719-e022eaaeee7e/userFiles-33239114-69e7-49cc-bb0d-991af59e471b/com.google.code.findbugs_jsr305-3.0.0.jar
[2025-09-01 08:26:02,317] {subprocess.py:92} INFO - 25/09/01 08:26:02 INFO Executor: Fetching file:///home/***/.ivy2/jars/org.apache.spark_spark-token-provider-kafka-0-10_2.12-3.3.1.jar with timestamp 1756715160372
[2025-09-01 08:26:02,317] {subprocess.py:92} INFO - 25/09/01 08:26:02 INFO Utils: /home/***/.ivy2/jars/org.apache.spark_spark-token-provider-kafka-0-10_2.12-3.3.1.jar has been previously copied to /tmp/spark-08a03918-72e2-4793-a719-e022eaaeee7e/userFiles-33239114-69e7-49cc-bb0d-991af59e471b/org.apache.spark_spark-token-provider-kafka-0-10_2.12-3.3.1.jar
[2025-09-01 08:26:02,323] {subprocess.py:92} INFO - 25/09/01 08:26:02 INFO Executor: Fetching file:///home/***/.ivy2/jars/org.apache.kafka_kafka-clients-2.8.1.jar with timestamp 1756715160372
[2025-09-01 08:26:02,328] {subprocess.py:92} INFO - 25/09/01 08:26:02 INFO Utils: /home/***/.ivy2/jars/org.apache.kafka_kafka-clients-2.8.1.jar has been previously copied to /tmp/spark-08a03918-72e2-4793-a719-e022eaaeee7e/userFiles-33239114-69e7-49cc-bb0d-991af59e471b/org.apache.kafka_kafka-clients-2.8.1.jar
[2025-09-01 08:26:02,334] {subprocess.py:92} INFO - 25/09/01 08:26:02 INFO Executor: Fetching file:///home/***/.ivy2/jars/org.xerial.snappy_snappy-java-1.1.8.4.jar with timestamp 1756715160372
[2025-09-01 08:26:02,338] {subprocess.py:92} INFO - 25/09/01 08:26:02 INFO Utils: /home/***/.ivy2/jars/org.xerial.snappy_snappy-java-1.1.8.4.jar has been previously copied to /tmp/spark-08a03918-72e2-4793-a719-e022eaaeee7e/userFiles-33239114-69e7-49cc-bb0d-991af59e471b/org.xerial.snappy_snappy-java-1.1.8.4.jar
[2025-09-01 08:26:02,346] {subprocess.py:92} INFO - 25/09/01 08:26:02 INFO Executor: Fetching spark://e66737cfc193:46557/jars/org.apache.hadoop_hadoop-client-api-3.3.2.jar with timestamp 1756715160372
[2025-09-01 08:26:02,396] {subprocess.py:92} INFO - 25/09/01 08:26:02 INFO TransportClientFactory: Successfully created connection to e66737cfc193/172.20.0.18:46557 after 37 ms (0 ms spent in bootstraps)
[2025-09-01 08:26:02,403] {subprocess.py:92} INFO - 25/09/01 08:26:02 INFO Utils: Fetching spark://e66737cfc193:46557/jars/org.apache.hadoop_hadoop-client-api-3.3.2.jar to /tmp/spark-08a03918-72e2-4793-a719-e022eaaeee7e/userFiles-33239114-69e7-49cc-bb0d-991af59e471b/fetchFileTemp17087737258589654589.tmp
[2025-09-01 08:26:02,558] {subprocess.py:92} INFO - 25/09/01 08:26:02 INFO Utils: /tmp/spark-08a03918-72e2-4793-a719-e022eaaeee7e/userFiles-33239114-69e7-49cc-bb0d-991af59e471b/fetchFileTemp17087737258589654589.tmp has been previously copied to /tmp/spark-08a03918-72e2-4793-a719-e022eaaeee7e/userFiles-33239114-69e7-49cc-bb0d-991af59e471b/org.apache.hadoop_hadoop-client-api-3.3.2.jar
[2025-09-01 08:26:02,571] {subprocess.py:92} INFO - 25/09/01 08:26:02 INFO Executor: Adding file:/tmp/spark-08a03918-72e2-4793-a719-e022eaaeee7e/userFiles-33239114-69e7-49cc-bb0d-991af59e471b/org.apache.hadoop_hadoop-client-api-3.3.2.jar to class loader
[2025-09-01 08:26:02,571] {subprocess.py:92} INFO - 25/09/01 08:26:02 INFO Executor: Fetching spark://e66737cfc193:46557/jars/com.google.code.findbugs_jsr305-3.0.0.jar with timestamp 1756715160372
[2025-09-01 08:26:02,572] {subprocess.py:92} INFO - 25/09/01 08:26:02 INFO Utils: Fetching spark://e66737cfc193:46557/jars/com.google.code.findbugs_jsr305-3.0.0.jar to /tmp/spark-08a03918-72e2-4793-a719-e022eaaeee7e/userFiles-33239114-69e7-49cc-bb0d-991af59e471b/fetchFileTemp6493531870667181712.tmp
[2025-09-01 08:26:02,576] {subprocess.py:92} INFO - 25/09/01 08:26:02 INFO Utils: /tmp/spark-08a03918-72e2-4793-a719-e022eaaeee7e/userFiles-33239114-69e7-49cc-bb0d-991af59e471b/fetchFileTemp6493531870667181712.tmp has been previously copied to /tmp/spark-08a03918-72e2-4793-a719-e022eaaeee7e/userFiles-33239114-69e7-49cc-bb0d-991af59e471b/com.google.code.findbugs_jsr305-3.0.0.jar
[2025-09-01 08:26:02,582] {subprocess.py:92} INFO - 25/09/01 08:26:02 INFO Executor: Adding file:/tmp/spark-08a03918-72e2-4793-a719-e022eaaeee7e/userFiles-33239114-69e7-49cc-bb0d-991af59e471b/com.google.code.findbugs_jsr305-3.0.0.jar to class loader
[2025-09-01 08:26:02,583] {subprocess.py:92} INFO - 25/09/01 08:26:02 INFO Executor: Fetching spark://e66737cfc193:46557/jars/org.spark-project.spark_unused-1.0.0.jar with timestamp 1756715160372
[2025-09-01 08:26:02,583] {subprocess.py:92} INFO - 25/09/01 08:26:02 INFO Utils: Fetching spark://e66737cfc193:46557/jars/org.spark-project.spark_unused-1.0.0.jar to /tmp/spark-08a03918-72e2-4793-a719-e022eaaeee7e/userFiles-33239114-69e7-49cc-bb0d-991af59e471b/fetchFileTemp16145470721136595791.tmp
[2025-09-01 08:26:02,586] {subprocess.py:92} INFO - 25/09/01 08:26:02 INFO Utils: /tmp/spark-08a03918-72e2-4793-a719-e022eaaeee7e/userFiles-33239114-69e7-49cc-bb0d-991af59e471b/fetchFileTemp16145470721136595791.tmp has been previously copied to /tmp/spark-08a03918-72e2-4793-a719-e022eaaeee7e/userFiles-33239114-69e7-49cc-bb0d-991af59e471b/org.spark-project.spark_unused-1.0.0.jar
[2025-09-01 08:26:02,592] {subprocess.py:92} INFO - 25/09/01 08:26:02 INFO Executor: Adding file:/tmp/spark-08a03918-72e2-4793-a719-e022eaaeee7e/userFiles-33239114-69e7-49cc-bb0d-991af59e471b/org.spark-project.spark_unused-1.0.0.jar to class loader
[2025-09-01 08:26:02,592] {subprocess.py:92} INFO - 25/09/01 08:26:02 INFO Executor: Fetching spark://e66737cfc193:46557/jars/org.apache.commons_commons-pool2-2.11.1.jar with timestamp 1756715160372
[2025-09-01 08:26:02,593] {subprocess.py:92} INFO - 25/09/01 08:26:02 INFO Utils: Fetching spark://e66737cfc193:46557/jars/org.apache.commons_commons-pool2-2.11.1.jar to /tmp/spark-08a03918-72e2-4793-a719-e022eaaeee7e/userFiles-33239114-69e7-49cc-bb0d-991af59e471b/fetchFileTemp6400058481789239178.tmp
[2025-09-01 08:26:02,596] {subprocess.py:92} INFO - 25/09/01 08:26:02 INFO Utils: /tmp/spark-08a03918-72e2-4793-a719-e022eaaeee7e/userFiles-33239114-69e7-49cc-bb0d-991af59e471b/fetchFileTemp6400058481789239178.tmp has been previously copied to /tmp/spark-08a03918-72e2-4793-a719-e022eaaeee7e/userFiles-33239114-69e7-49cc-bb0d-991af59e471b/org.apache.commons_commons-pool2-2.11.1.jar
[2025-09-01 08:26:02,601] {subprocess.py:92} INFO - 25/09/01 08:26:02 INFO Executor: Adding file:/tmp/spark-08a03918-72e2-4793-a719-e022eaaeee7e/userFiles-33239114-69e7-49cc-bb0d-991af59e471b/org.apache.commons_commons-pool2-2.11.1.jar to class loader
[2025-09-01 08:26:02,602] {subprocess.py:92} INFO - 25/09/01 08:26:02 INFO Executor: Fetching spark://e66737cfc193:46557/jars/org.xerial.snappy_snappy-java-1.1.8.4.jar with timestamp 1756715160372
[2025-09-01 08:26:02,603] {subprocess.py:92} INFO - 25/09/01 08:26:02 INFO Utils: Fetching spark://e66737cfc193:46557/jars/org.xerial.snappy_snappy-java-1.1.8.4.jar to /tmp/spark-08a03918-72e2-4793-a719-e022eaaeee7e/userFiles-33239114-69e7-49cc-bb0d-991af59e471b/fetchFileTemp16851043808189826105.tmp
[2025-09-01 08:26:02,617] {subprocess.py:92} INFO - 25/09/01 08:26:02 INFO Utils: /tmp/spark-08a03918-72e2-4793-a719-e022eaaeee7e/userFiles-33239114-69e7-49cc-bb0d-991af59e471b/fetchFileTemp16851043808189826105.tmp has been previously copied to /tmp/spark-08a03918-72e2-4793-a719-e022eaaeee7e/userFiles-33239114-69e7-49cc-bb0d-991af59e471b/org.xerial.snappy_snappy-java-1.1.8.4.jar
[2025-09-01 08:26:02,624] {subprocess.py:92} INFO - 25/09/01 08:26:02 INFO Executor: Adding file:/tmp/spark-08a03918-72e2-4793-a719-e022eaaeee7e/userFiles-33239114-69e7-49cc-bb0d-991af59e471b/org.xerial.snappy_snappy-java-1.1.8.4.jar to class loader
[2025-09-01 08:26:02,625] {subprocess.py:92} INFO - 25/09/01 08:26:02 INFO Executor: Fetching spark://e66737cfc193:46557/jars/org.apache.spark_spark-token-provider-kafka-0-10_2.12-3.3.1.jar with timestamp 1756715160372
[2025-09-01 08:26:02,626] {subprocess.py:92} INFO - 25/09/01 08:26:02 INFO Utils: Fetching spark://e66737cfc193:46557/jars/org.apache.spark_spark-token-provider-kafka-0-10_2.12-3.3.1.jar to /tmp/spark-08a03918-72e2-4793-a719-e022eaaeee7e/userFiles-33239114-69e7-49cc-bb0d-991af59e471b/fetchFileTemp13154109195612784717.tmp
[2025-09-01 08:26:02,629] {subprocess.py:92} INFO - 25/09/01 08:26:02 INFO Utils: /tmp/spark-08a03918-72e2-4793-a719-e022eaaeee7e/userFiles-33239114-69e7-49cc-bb0d-991af59e471b/fetchFileTemp13154109195612784717.tmp has been previously copied to /tmp/spark-08a03918-72e2-4793-a719-e022eaaeee7e/userFiles-33239114-69e7-49cc-bb0d-991af59e471b/org.apache.spark_spark-token-provider-kafka-0-10_2.12-3.3.1.jar
[2025-09-01 08:26:02,634] {subprocess.py:92} INFO - 25/09/01 08:26:02 INFO Executor: Adding file:/tmp/spark-08a03918-72e2-4793-a719-e022eaaeee7e/userFiles-33239114-69e7-49cc-bb0d-991af59e471b/org.apache.spark_spark-token-provider-kafka-0-10_2.12-3.3.1.jar to class loader
[2025-09-01 08:26:02,634] {subprocess.py:92} INFO - 25/09/01 08:26:02 INFO Executor: Fetching spark://e66737cfc193:46557/jars/commons-logging_commons-logging-1.1.3.jar with timestamp 1756715160372
[2025-09-01 08:26:02,635] {subprocess.py:92} INFO - 25/09/01 08:26:02 INFO Utils: Fetching spark://e66737cfc193:46557/jars/commons-logging_commons-logging-1.1.3.jar to /tmp/spark-08a03918-72e2-4793-a719-e022eaaeee7e/userFiles-33239114-69e7-49cc-bb0d-991af59e471b/fetchFileTemp13706261914090077793.tmp
[2025-09-01 08:26:02,638] {subprocess.py:92} INFO - 25/09/01 08:26:02 INFO Utils: /tmp/spark-08a03918-72e2-4793-a719-e022eaaeee7e/userFiles-33239114-69e7-49cc-bb0d-991af59e471b/fetchFileTemp13706261914090077793.tmp has been previously copied to /tmp/spark-08a03918-72e2-4793-a719-e022eaaeee7e/userFiles-33239114-69e7-49cc-bb0d-991af59e471b/commons-logging_commons-logging-1.1.3.jar
[2025-09-01 08:26:02,643] {subprocess.py:92} INFO - 25/09/01 08:26:02 INFO Executor: Adding file:/tmp/spark-08a03918-72e2-4793-a719-e022eaaeee7e/userFiles-33239114-69e7-49cc-bb0d-991af59e471b/commons-logging_commons-logging-1.1.3.jar to class loader
[2025-09-01 08:26:02,644] {subprocess.py:92} INFO - 25/09/01 08:26:02 INFO Executor: Fetching spark://e66737cfc193:46557/jars/org.slf4j_slf4j-api-1.7.32.jar with timestamp 1756715160372
[2025-09-01 08:26:02,644] {subprocess.py:92} INFO - 25/09/01 08:26:02 INFO Utils: Fetching spark://e66737cfc193:46557/jars/org.slf4j_slf4j-api-1.7.32.jar to /tmp/spark-08a03918-72e2-4793-a719-e022eaaeee7e/userFiles-33239114-69e7-49cc-bb0d-991af59e471b/fetchFileTemp3043211847107934424.tmp
[2025-09-01 08:26:02,647] {subprocess.py:92} INFO - 25/09/01 08:26:02 INFO Utils: /tmp/spark-08a03918-72e2-4793-a719-e022eaaeee7e/userFiles-33239114-69e7-49cc-bb0d-991af59e471b/fetchFileTemp3043211847107934424.tmp has been previously copied to /tmp/spark-08a03918-72e2-4793-a719-e022eaaeee7e/userFiles-33239114-69e7-49cc-bb0d-991af59e471b/org.slf4j_slf4j-api-1.7.32.jar
[2025-09-01 08:26:02,653] {subprocess.py:92} INFO - 25/09/01 08:26:02 INFO Executor: Adding file:/tmp/spark-08a03918-72e2-4793-a719-e022eaaeee7e/userFiles-33239114-69e7-49cc-bb0d-991af59e471b/org.slf4j_slf4j-api-1.7.32.jar to class loader
[2025-09-01 08:26:02,654] {subprocess.py:92} INFO - 25/09/01 08:26:02 INFO Executor: Fetching spark://e66737cfc193:46557/jars/org.lz4_lz4-java-1.8.0.jar with timestamp 1756715160372
[2025-09-01 08:26:02,655] {subprocess.py:92} INFO - 25/09/01 08:26:02 INFO Utils: Fetching spark://e66737cfc193:46557/jars/org.lz4_lz4-java-1.8.0.jar to /tmp/spark-08a03918-72e2-4793-a719-e022eaaeee7e/userFiles-33239114-69e7-49cc-bb0d-991af59e471b/fetchFileTemp2541296726902807167.tmp
[2025-09-01 08:26:02,660] {subprocess.py:92} INFO - 25/09/01 08:26:02 INFO Utils: /tmp/spark-08a03918-72e2-4793-a719-e022eaaeee7e/userFiles-33239114-69e7-49cc-bb0d-991af59e471b/fetchFileTemp2541296726902807167.tmp has been previously copied to /tmp/spark-08a03918-72e2-4793-a719-e022eaaeee7e/userFiles-33239114-69e7-49cc-bb0d-991af59e471b/org.lz4_lz4-java-1.8.0.jar
[2025-09-01 08:26:02,666] {subprocess.py:92} INFO - 25/09/01 08:26:02 INFO Executor: Adding file:/tmp/spark-08a03918-72e2-4793-a719-e022eaaeee7e/userFiles-33239114-69e7-49cc-bb0d-991af59e471b/org.lz4_lz4-java-1.8.0.jar to class loader
[2025-09-01 08:26:02,667] {subprocess.py:92} INFO - 25/09/01 08:26:02 INFO Executor: Fetching spark://e66737cfc193:46557/jars/org.apache.spark_spark-sql-kafka-0-10_2.12-3.3.1.jar with timestamp 1756715160372
[2025-09-01 08:26:02,667] {subprocess.py:92} INFO - 25/09/01 08:26:02 INFO Utils: Fetching spark://e66737cfc193:46557/jars/org.apache.spark_spark-sql-kafka-0-10_2.12-3.3.1.jar to /tmp/spark-08a03918-72e2-4793-a719-e022eaaeee7e/userFiles-33239114-69e7-49cc-bb0d-991af59e471b/fetchFileTemp3263183229209695275.tmp
[2025-09-01 08:26:02,672] {subprocess.py:92} INFO - 25/09/01 08:26:02 INFO Utils: /tmp/spark-08a03918-72e2-4793-a719-e022eaaeee7e/userFiles-33239114-69e7-49cc-bb0d-991af59e471b/fetchFileTemp3263183229209695275.tmp has been previously copied to /tmp/spark-08a03918-72e2-4793-a719-e022eaaeee7e/userFiles-33239114-69e7-49cc-bb0d-991af59e471b/org.apache.spark_spark-sql-kafka-0-10_2.12-3.3.1.jar
[2025-09-01 08:26:02,677] {subprocess.py:92} INFO - 25/09/01 08:26:02 INFO Executor: Adding file:/tmp/spark-08a03918-72e2-4793-a719-e022eaaeee7e/userFiles-33239114-69e7-49cc-bb0d-991af59e471b/org.apache.spark_spark-sql-kafka-0-10_2.12-3.3.1.jar to class loader
[2025-09-01 08:26:02,677] {subprocess.py:92} INFO - 25/09/01 08:26:02 INFO Executor: Fetching spark://e66737cfc193:46557/jars/org.apache.kafka_kafka-clients-2.8.1.jar with timestamp 1756715160372
[2025-09-01 08:26:02,678] {subprocess.py:92} INFO - 25/09/01 08:26:02 INFO Utils: Fetching spark://e66737cfc193:46557/jars/org.apache.kafka_kafka-clients-2.8.1.jar to /tmp/spark-08a03918-72e2-4793-a719-e022eaaeee7e/userFiles-33239114-69e7-49cc-bb0d-991af59e471b/fetchFileTemp4708248811248323309.tmp
[2025-09-01 08:26:02,698] {subprocess.py:92} INFO - 25/09/01 08:26:02 INFO Utils: /tmp/spark-08a03918-72e2-4793-a719-e022eaaeee7e/userFiles-33239114-69e7-49cc-bb0d-991af59e471b/fetchFileTemp4708248811248323309.tmp has been previously copied to /tmp/spark-08a03918-72e2-4793-a719-e022eaaeee7e/userFiles-33239114-69e7-49cc-bb0d-991af59e471b/org.apache.kafka_kafka-clients-2.8.1.jar
[2025-09-01 08:26:02,704] {subprocess.py:92} INFO - 25/09/01 08:26:02 INFO Executor: Adding file:/tmp/spark-08a03918-72e2-4793-a719-e022eaaeee7e/userFiles-33239114-69e7-49cc-bb0d-991af59e471b/org.apache.kafka_kafka-clients-2.8.1.jar to class loader
[2025-09-01 08:26:02,704] {subprocess.py:92} INFO - 25/09/01 08:26:02 INFO Executor: Fetching spark://e66737cfc193:46557/jars/org.apache.hadoop_hadoop-client-runtime-3.3.2.jar with timestamp 1756715160372
[2025-09-01 08:26:02,705] {subprocess.py:92} INFO - 25/09/01 08:26:02 INFO Utils: Fetching spark://e66737cfc193:46557/jars/org.apache.hadoop_hadoop-client-runtime-3.3.2.jar to /tmp/spark-08a03918-72e2-4793-a719-e022eaaeee7e/userFiles-33239114-69e7-49cc-bb0d-991af59e471b/fetchFileTemp8827303208774126303.tmp
[2025-09-01 08:26:02,833] {subprocess.py:92} INFO - 25/09/01 08:26:02 INFO Utils: /tmp/spark-08a03918-72e2-4793-a719-e022eaaeee7e/userFiles-33239114-69e7-49cc-bb0d-991af59e471b/fetchFileTemp8827303208774126303.tmp has been previously copied to /tmp/spark-08a03918-72e2-4793-a719-e022eaaeee7e/userFiles-33239114-69e7-49cc-bb0d-991af59e471b/org.apache.hadoop_hadoop-client-runtime-3.3.2.jar
[2025-09-01 08:26:02,843] {subprocess.py:92} INFO - 25/09/01 08:26:02 INFO Executor: Adding file:/tmp/spark-08a03918-72e2-4793-a719-e022eaaeee7e/userFiles-33239114-69e7-49cc-bb0d-991af59e471b/org.apache.hadoop_hadoop-client-runtime-3.3.2.jar to class loader
[2025-09-01 08:26:02,855] {subprocess.py:92} INFO - 25/09/01 08:26:02 INFO Utils: Successfully started service 'org.apache.spark.network.netty.NettyBlockTransferService' on port 32873.
[2025-09-01 08:26:02,856] {subprocess.py:92} INFO - 25/09/01 08:26:02 INFO NettyBlockTransferService: Server created on e66737cfc193:32873
[2025-09-01 08:26:02,858] {subprocess.py:92} INFO - 25/09/01 08:26:02 INFO BlockManager: Using org.apache.spark.storage.RandomBlockReplicationPolicy for block replication policy
[2025-09-01 08:26:02,867] {subprocess.py:92} INFO - 25/09/01 08:26:02 INFO BlockManagerMaster: Registering BlockManager BlockManagerId(driver, e66737cfc193, 32873, None)
[2025-09-01 08:26:02,874] {subprocess.py:92} INFO - 25/09/01 08:26:02 INFO BlockManagerMasterEndpoint: Registering block manager e66737cfc193:32873 with 434.4 MiB RAM, BlockManagerId(driver, e66737cfc193, 32873, None)
[2025-09-01 08:26:02,879] {subprocess.py:92} INFO - 25/09/01 08:26:02 INFO BlockManagerMaster: Registered BlockManager BlockManagerId(driver, e66737cfc193, 32873, None)
[2025-09-01 08:26:02,880] {subprocess.py:92} INFO - 25/09/01 08:26:02 INFO BlockManager: Initialized BlockManager: BlockManagerId(driver, e66737cfc193, 32873, None)
[2025-09-01 08:26:03,321] {subprocess.py:92} INFO - Connexion à Kafka...
[2025-09-01 08:26:05,613] {subprocess.py:92} INFO - Connexion Kafka réussie (kafka:9092)
[2025-09-01 08:26:05,614] {subprocess.py:92} INFO - Transformation des données JSON...
[2025-09-01 08:26:05,873] {subprocess.py:92} INFO - Démarrage du streaming vers HDFS...
[2025-09-01 08:26:06,707] {subprocess.py:92} INFO - Streaming actif - Données météo sauvegardées dans HDFS:/data/weather
[2025-09-01 10:45:41,900] {local_task_job.py:221} WARNING - State of this instance has been externally set to failed. Terminating instance.
[2025-09-01 10:45:41,903] {process_utils.py:129} INFO - Sending Signals.SIGTERM to group 12633. PIDs of all processes in the group: [12634, 12682, 12633]
[2025-09-01 10:45:41,904] {process_utils.py:80} INFO - Sending the signal Signals.SIGTERM to group 12633
[2025-09-01 10:45:41,904] {taskinstance.py:1541} ERROR - Received SIGTERM. Terminating subprocesses.
[2025-09-01 10:45:41,905] {subprocess.py:103} INFO - Sending SIGTERM signal to process group
[2025-09-01 10:45:41,996] {process_utils.py:75} INFO - Process psutil.Process(pid=12633, status='terminated', exitcode=0, started='08:25:55') (12633) terminated with exit code 0
[2025-09-01 10:45:41,998] {process_utils.py:75} INFO - Process psutil.Process(pid=12682, status='terminated', started='08:25:58') (12682) terminated with exit code None
[2025-09-01 10:45:42,091] {process_utils.py:75} INFO - Process psutil.Process(pid=12634, status='terminated', started='08:25:55') (12634) terminated with exit code None
