[2025-09-01 14:39:08,203] {taskinstance.py:1159} INFO - Dependencies all met for <TaskInstance: send_weather_to_kafka.verify_pipeline scheduled__2025-09-01T14:09:01.461683+00:00 [queued]>
[2025-09-01 14:39:08,215] {taskinstance.py:1159} INFO - Dependencies all met for <TaskInstance: send_weather_to_kafka.verify_pipeline scheduled__2025-09-01T14:09:01.461683+00:00 [queued]>
[2025-09-01 14:39:08,215] {taskinstance.py:1356} INFO - 
--------------------------------------------------------------------------------
[2025-09-01 14:39:08,215] {taskinstance.py:1357} INFO - Starting attempt 1 of 2
[2025-09-01 14:39:08,215] {taskinstance.py:1358} INFO - 
--------------------------------------------------------------------------------
[2025-09-01 14:39:08,232] {taskinstance.py:1377} INFO - Executing <Task(BashOperator): verify_pipeline> on 2025-09-01 14:09:01.461683+00:00
[2025-09-01 14:39:08,238] {standard_task_runner.py:52} INFO - Started process 22983 to run task
[2025-09-01 14:39:08,242] {standard_task_runner.py:79} INFO - Running: ['***', 'tasks', 'run', 'send_weather_to_kafka', 'verify_pipeline', 'scheduled__2025-09-01T14:09:01.461683+00:00', '--job-id', '580', '--raw', '--subdir', 'DAGS_FOLDER/dag_meteo.py', '--cfg-path', '/tmp/tmp5lmm3wpw', '--error-file', '/tmp/tmp093nhpr8']
[2025-09-01 14:39:08,244] {standard_task_runner.py:80} INFO - Job 580: Subtask verify_pipeline
[2025-09-01 14:39:08,266] {logging_mixin.py:115} WARNING - /home/***/.local/lib/python3.7/site-packages/***/configuration.py:470 DeprecationWarning: The sql_alchemy_conn option in [core] has been moved to the sql_alchemy_conn option in [database] - the old setting has been used, but please update your config.
[2025-09-01 14:39:08,322] {task_command.py:369} INFO - Running <TaskInstance: send_weather_to_kafka.verify_pipeline scheduled__2025-09-01T14:09:01.461683+00:00 [running]> on host e66737cfc193
[2025-09-01 14:39:08,429] {taskinstance.py:1571} INFO - Exporting the following env vars:
AIRFLOW_CTX_DAG_OWNER=***
AIRFLOW_CTX_DAG_ID=send_weather_to_kafka
AIRFLOW_CTX_TASK_ID=verify_pipeline
AIRFLOW_CTX_EXECUTION_DATE=2025-09-01T14:09:01.461683+00:00
AIRFLOW_CTX_TRY_NUMBER=1
AIRFLOW_CTX_DAG_RUN_ID=scheduled__2025-09-01T14:09:01.461683+00:00
[2025-09-01 14:39:08,430] {subprocess.py:62} INFO - Tmp dir root location: 
 /tmp
[2025-09-01 14:39:08,431] {subprocess.py:74} INFO - Running command: ['bash', '-c', '\n            echo " Attente traitement Logstash..." && sleep 30 &&\n            curl -s "http://elasticsearch:9200/_cat/indices/weather*" || echo "Pas encore d\'index weather"\n        ']
[2025-09-01 14:39:08,444] {subprocess.py:85} INFO - Output:
[2025-09-01 14:39:08,446] {subprocess.py:92} INFO -  Attente traitement Logstash...
[2025-09-01 14:39:38,501] {subprocess.py:92} INFO - yellow open weather_data BQjbDtS5TvO1Q2HrAJGyvA 1 1 129 0 48kb 48kb
[2025-09-01 14:39:38,505] {subprocess.py:96} INFO - Command exited with return code 0
[2025-09-01 14:39:38,548] {taskinstance.py:1400} INFO - Marking task as SUCCESS. dag_id=send_weather_to_kafka, task_id=verify_pipeline, execution_date=20250901T140901, start_date=20250901T143908, end_date=20250901T143938
[2025-09-01 14:39:38,573] {local_task_job.py:156} INFO - Task exited with return code 0
[2025-09-01 14:39:38,615] {local_task_job.py:273} INFO - 1 downstream tasks scheduled from follow-on schedule check
