[2025-09-01 00:40:01,867] {taskinstance.py:1159} INFO - Dependencies all met for <TaskInstance: send_weather_to_kafka.stream_hdfs manual__2025-08-31T23:43:07.182344+00:00 [queued]>
[2025-09-01 00:40:01,883] {taskinstance.py:1159} INFO - Dependencies all met for <TaskInstance: send_weather_to_kafka.stream_hdfs manual__2025-08-31T23:43:07.182344+00:00 [queued]>
[2025-09-01 00:40:01,883] {taskinstance.py:1356} INFO - 
--------------------------------------------------------------------------------
[2025-09-01 00:40:01,883] {taskinstance.py:1357} INFO - Starting attempt 2 of 2
[2025-09-01 00:40:01,883] {taskinstance.py:1358} INFO - 
--------------------------------------------------------------------------------
[2025-09-01 00:40:01,905] {taskinstance.py:1377} INFO - Executing <Task(BashOperator): stream_hdfs> on 2025-08-31 23:43:07.182344+00:00
[2025-09-01 00:40:01,911] {standard_task_runner.py:52} INFO - Started process 3576 to run task
[2025-09-01 00:40:01,915] {standard_task_runner.py:79} INFO - Running: ['***', 'tasks', 'run', 'send_weather_to_kafka', 'stream_hdfs', 'manual__2025-08-31T23:43:07.182344+00:00', '--job-id', '401', '--raw', '--subdir', 'DAGS_FOLDER/dag_meteo.py', '--cfg-path', '/tmp/tmph11fqi5_', '--error-file', '/tmp/tmpan40txqs']
[2025-09-01 00:40:01,917] {standard_task_runner.py:80} INFO - Job 401: Subtask stream_hdfs
[2025-09-01 00:40:01,991] {task_command.py:369} INFO - Running <TaskInstance: send_weather_to_kafka.stream_hdfs manual__2025-08-31T23:43:07.182344+00:00 [running]> on host 5d7670b258c3
[2025-09-01 00:40:02,105] {taskinstance.py:1571} INFO - Exporting the following env vars:
AIRFLOW_CTX_DAG_OWNER=***
AIRFLOW_CTX_DAG_ID=send_weather_to_kafka
AIRFLOW_CTX_TASK_ID=stream_hdfs
AIRFLOW_CTX_EXECUTION_DATE=2025-08-31T23:43:07.182344+00:00
AIRFLOW_CTX_TRY_NUMBER=2
AIRFLOW_CTX_DAG_RUN_ID=manual__2025-08-31T23:43:07.182344+00:00
[2025-09-01 00:40:02,107] {subprocess.py:62} INFO - Tmp dir root location: 
 /tmp
[2025-09-01 00:40:02,107] {subprocess.py:74} INFO - Running command: ['bash', '-c', '\n/home/***/.local/bin/spark-submit   --master local[*]   --conf spark.hadoop.fs.defaultFS=hdfs://namenode:9000   --conf spark.hadoop.dfs.client.use.datanode.hostname=true   --conf spark.sql.adaptive.enabled=false   --packages org.apache.spark:spark-sql-kafka-0-10_2.12:3.3.1   /opt/***/scripts/pyspark/streaming.py']
[2025-09-01 00:40:02,122] {subprocess.py:85} INFO - Output:
[2025-09-01 00:40:02,138] {subprocess.py:92} INFO - /opt/spark-3.3.1-bin-hadoop3/bin/load-spark-env.sh: line 68: ps: command not found
[2025-09-01 00:40:03,912] {subprocess.py:92} INFO - :: loading settings :: url = jar:file:/opt/spark-3.3.1-bin-hadoop3/jars/ivy-2.5.0.jar!/org/apache/ivy/core/settings/ivysettings.xml
[2025-09-01 00:40:04,026] {subprocess.py:92} INFO - Ivy Default Cache set to: /home/***/.ivy2/cache
[2025-09-01 00:40:04,026] {subprocess.py:92} INFO - The jars for the packages stored in: /home/***/.ivy2/jars
[2025-09-01 00:40:04,031] {subprocess.py:92} INFO - org.apache.spark#spark-sql-kafka-0-10_2.12 added as a dependency
[2025-09-01 00:40:04,033] {subprocess.py:92} INFO - :: resolving dependencies :: org.apache.spark#spark-submit-parent-8ac3b192-e264-4457-92f2-db82e8966af3;1.0
[2025-09-01 00:40:04,033] {subprocess.py:92} INFO - 	confs: [default]
[2025-09-01 00:40:04,219] {subprocess.py:92} INFO - 	found org.apache.spark#spark-sql-kafka-0-10_2.12;3.3.1 in central
[2025-09-01 00:40:04,291] {subprocess.py:92} INFO - 	found org.apache.spark#spark-token-provider-kafka-0-10_2.12;3.3.1 in central
[2025-09-01 00:40:04,316] {subprocess.py:92} INFO - 	found org.apache.kafka#kafka-clients;2.8.1 in central
[2025-09-01 00:40:04,356] {subprocess.py:92} INFO - 	found org.lz4#lz4-java;1.8.0 in central
[2025-09-01 00:40:04,405] {subprocess.py:92} INFO - 	found org.xerial.snappy#snappy-java;1.1.8.4 in central
[2025-09-01 00:40:04,444] {subprocess.py:92} INFO - 	found org.slf4j#slf4j-api;1.7.32 in central
[2025-09-01 00:40:04,495] {subprocess.py:92} INFO - 	found org.apache.hadoop#hadoop-client-runtime;3.3.2 in central
[2025-09-01 00:40:04,519] {subprocess.py:92} INFO - 	found org.spark-project.spark#unused;1.0.0 in central
[2025-09-01 00:40:04,563] {subprocess.py:92} INFO - 	found org.apache.hadoop#hadoop-client-api;3.3.2 in central
[2025-09-01 00:40:04,602] {subprocess.py:92} INFO - 	found commons-logging#commons-logging;1.1.3 in central
[2025-09-01 00:40:04,633] {subprocess.py:92} INFO - 	found com.google.code.findbugs#jsr305;3.0.0 in central
[2025-09-01 00:40:04,665] {subprocess.py:92} INFO - 	found org.apache.commons#commons-pool2;2.11.1 in central
[2025-09-01 00:40:04,716] {subprocess.py:92} INFO - :: resolution report :: resolve 660ms :: artifacts dl 23ms
[2025-09-01 00:40:04,716] {subprocess.py:92} INFO - 	:: modules in use:
[2025-09-01 00:40:04,716] {subprocess.py:92} INFO - 	com.google.code.findbugs#jsr305;3.0.0 from central in [default]
[2025-09-01 00:40:04,716] {subprocess.py:92} INFO - 	commons-logging#commons-logging;1.1.3 from central in [default]
[2025-09-01 00:40:04,716] {subprocess.py:92} INFO - 	org.apache.commons#commons-pool2;2.11.1 from central in [default]
[2025-09-01 00:40:04,716] {subprocess.py:92} INFO - 	org.apache.hadoop#hadoop-client-api;3.3.2 from central in [default]
[2025-09-01 00:40:04,717] {subprocess.py:92} INFO - 	org.apache.hadoop#hadoop-client-runtime;3.3.2 from central in [default]
[2025-09-01 00:40:04,717] {subprocess.py:92} INFO - 	org.apache.kafka#kafka-clients;2.8.1 from central in [default]
[2025-09-01 00:40:04,717] {subprocess.py:92} INFO - 	org.apache.spark#spark-sql-kafka-0-10_2.12;3.3.1 from central in [default]
[2025-09-01 00:40:04,717] {subprocess.py:92} INFO - 	org.apache.spark#spark-token-provider-kafka-0-10_2.12;3.3.1 from central in [default]
[2025-09-01 00:40:04,717] {subprocess.py:92} INFO - 	org.lz4#lz4-java;1.8.0 from central in [default]
[2025-09-01 00:40:04,717] {subprocess.py:92} INFO - 	org.slf4j#slf4j-api;1.7.32 from central in [default]
[2025-09-01 00:40:04,717] {subprocess.py:92} INFO - 	org.spark-project.spark#unused;1.0.0 from central in [default]
[2025-09-01 00:40:04,717] {subprocess.py:92} INFO - 	org.xerial.snappy#snappy-java;1.1.8.4 from central in [default]
[2025-09-01 00:40:04,717] {subprocess.py:92} INFO - 	---------------------------------------------------------------------
[2025-09-01 00:40:04,717] {subprocess.py:92} INFO - 	|                  |            modules            ||   artifacts   |
[2025-09-01 00:40:04,717] {subprocess.py:92} INFO - 	|       conf       | number| search|dwnlded|evicted|| number|dwnlded|
[2025-09-01 00:40:04,717] {subprocess.py:92} INFO - 	---------------------------------------------------------------------
[2025-09-01 00:40:04,718] {subprocess.py:92} INFO - 	|      default     |   12  |   0   |   0   |   0   ||   12  |   0   |
[2025-09-01 00:40:04,718] {subprocess.py:92} INFO - 	---------------------------------------------------------------------
[2025-09-01 00:40:04,729] {subprocess.py:92} INFO - :: retrieving :: org.apache.spark#spark-submit-parent-8ac3b192-e264-4457-92f2-db82e8966af3
[2025-09-01 00:40:04,729] {subprocess.py:92} INFO - 	confs: [default]
[2025-09-01 00:40:04,745] {subprocess.py:92} INFO - 	0 artifacts copied, 12 already retrieved (0kB/15ms)
[2025-09-01 00:40:05,016] {subprocess.py:92} INFO - 25/09/01 00:40:05 WARN NativeCodeLoader: Unable to load native-hadoop library for your platform... using builtin-java classes where applicable
[2025-09-01 00:40:06,353] {subprocess.py:92} INFO - 25/09/01 00:40:06 INFO SparkContext: Running Spark version 3.3.1
[2025-09-01 00:40:06,381] {subprocess.py:92} INFO - 25/09/01 00:40:06 INFO ResourceUtils: ==============================================================
[2025-09-01 00:40:06,382] {subprocess.py:92} INFO - 25/09/01 00:40:06 INFO ResourceUtils: No custom resources configured for spark.driver.
[2025-09-01 00:40:06,382] {subprocess.py:92} INFO - 25/09/01 00:40:06 INFO ResourceUtils: ==============================================================
[2025-09-01 00:40:06,383] {subprocess.py:92} INFO - 25/09/01 00:40:06 INFO SparkContext: Submitted application: KafkaToHDFSWeather
[2025-09-01 00:40:06,409] {subprocess.py:92} INFO - 25/09/01 00:40:06 INFO ResourceProfile: Default ResourceProfile created, executor resources: Map(cores -> name: cores, amount: 1, script: , vendor: , memory -> name: memory, amount: 1024, script: , vendor: , offHeap -> name: offHeap, amount: 0, script: , vendor: ), task resources: Map(cpus -> name: cpus, amount: 1.0)
[2025-09-01 00:40:06,421] {subprocess.py:92} INFO - 25/09/01 00:40:06 INFO ResourceProfile: Limiting resource is cpu
[2025-09-01 00:40:06,422] {subprocess.py:92} INFO - 25/09/01 00:40:06 INFO ResourceProfileManager: Added ResourceProfile id: 0
[2025-09-01 00:40:06,479] {subprocess.py:92} INFO - 25/09/01 00:40:06 INFO SecurityManager: Changing view acls to: ***
[2025-09-01 00:40:06,480] {subprocess.py:92} INFO - 25/09/01 00:40:06 INFO SecurityManager: Changing modify acls to: ***
[2025-09-01 00:40:06,480] {subprocess.py:92} INFO - 25/09/01 00:40:06 INFO SecurityManager: Changing view acls groups to:
[2025-09-01 00:40:06,481] {subprocess.py:92} INFO - 25/09/01 00:40:06 INFO SecurityManager: Changing modify acls groups to:
[2025-09-01 00:40:06,481] {subprocess.py:92} INFO - 25/09/01 00:40:06 INFO SecurityManager: SecurityManager: authentication disabled; ui acls disabled; users  with view permissions: Set(***); groups with view permissions: Set(); users  with modify permissions: Set(***); groups with modify permissions: Set()
[2025-09-01 00:40:06,787] {subprocess.py:92} INFO - 25/09/01 00:40:06 INFO Utils: Successfully started service 'sparkDriver' on port 45585.
[2025-09-01 00:40:06,883] {subprocess.py:92} INFO - 25/09/01 00:40:06 INFO SparkEnv: Registering MapOutputTracker
[2025-09-01 00:40:06,940] {subprocess.py:92} INFO - 25/09/01 00:40:06 INFO SparkEnv: Registering BlockManagerMaster
[2025-09-01 00:40:06,960] {subprocess.py:92} INFO - 25/09/01 00:40:06 INFO BlockManagerMasterEndpoint: Using org.apache.spark.storage.DefaultTopologyMapper for getting topology information
[2025-09-01 00:40:06,960] {subprocess.py:92} INFO - 25/09/01 00:40:06 INFO BlockManagerMasterEndpoint: BlockManagerMasterEndpoint up
[2025-09-01 00:40:06,966] {subprocess.py:92} INFO - 25/09/01 00:40:06 INFO SparkEnv: Registering BlockManagerMasterHeartbeat
[2025-09-01 00:40:06,991] {subprocess.py:92} INFO - 25/09/01 00:40:06 INFO DiskBlockManager: Created local directory at /tmp/blockmgr-88786155-cafb-49c3-9e56-1e8053f22ae5
[2025-09-01 00:40:07,010] {subprocess.py:92} INFO - 25/09/01 00:40:07 INFO MemoryStore: MemoryStore started with capacity 434.4 MiB
[2025-09-01 00:40:07,031] {subprocess.py:92} INFO - 25/09/01 00:40:07 INFO SparkEnv: Registering OutputCommitCoordinator
[2025-09-01 00:40:07,274] {subprocess.py:92} INFO - 25/09/01 00:40:07 INFO Utils: Successfully started service 'SparkUI' on port 4040.
[2025-09-01 00:40:07,357] {subprocess.py:92} INFO - 25/09/01 00:40:07 INFO SparkContext: Added JAR file:///home/***/.ivy2/jars/org.apache.spark_spark-sql-kafka-0-10_2.12-3.3.1.jar at spark://5d7670b258c3:45585/jars/org.apache.spark_spark-sql-kafka-0-10_2.12-3.3.1.jar with timestamp 1756687206342
[2025-09-01 00:40:07,358] {subprocess.py:92} INFO - 25/09/01 00:40:07 INFO SparkContext: Added JAR file:///home/***/.ivy2/jars/org.apache.spark_spark-token-provider-kafka-0-10_2.12-3.3.1.jar at spark://5d7670b258c3:45585/jars/org.apache.spark_spark-token-provider-kafka-0-10_2.12-3.3.1.jar with timestamp 1756687206342
[2025-09-01 00:40:07,358] {subprocess.py:92} INFO - 25/09/01 00:40:07 INFO SparkContext: Added JAR file:///home/***/.ivy2/jars/org.apache.kafka_kafka-clients-2.8.1.jar at spark://5d7670b258c3:45585/jars/org.apache.kafka_kafka-clients-2.8.1.jar with timestamp 1756687206342
[2025-09-01 00:40:07,359] {subprocess.py:92} INFO - 25/09/01 00:40:07 INFO SparkContext: Added JAR file:///home/***/.ivy2/jars/com.google.code.findbugs_jsr305-3.0.0.jar at spark://5d7670b258c3:45585/jars/com.google.code.findbugs_jsr305-3.0.0.jar with timestamp 1756687206342
[2025-09-01 00:40:07,359] {subprocess.py:92} INFO - 25/09/01 00:40:07 INFO SparkContext: Added JAR file:///home/***/.ivy2/jars/org.apache.commons_commons-pool2-2.11.1.jar at spark://5d7670b258c3:45585/jars/org.apache.commons_commons-pool2-2.11.1.jar with timestamp 1756687206342
[2025-09-01 00:40:07,359] {subprocess.py:92} INFO - 25/09/01 00:40:07 INFO SparkContext: Added JAR file:///home/***/.ivy2/jars/org.spark-project.spark_unused-1.0.0.jar at spark://5d7670b258c3:45585/jars/org.spark-project.spark_unused-1.0.0.jar with timestamp 1756687206342
[2025-09-01 00:40:07,360] {subprocess.py:92} INFO - 25/09/01 00:40:07 INFO SparkContext: Added JAR file:///home/***/.ivy2/jars/org.apache.hadoop_hadoop-client-runtime-3.3.2.jar at spark://5d7670b258c3:45585/jars/org.apache.hadoop_hadoop-client-runtime-3.3.2.jar with timestamp 1756687206342
[2025-09-01 00:40:07,360] {subprocess.py:92} INFO - 25/09/01 00:40:07 INFO SparkContext: Added JAR file:///home/***/.ivy2/jars/org.lz4_lz4-java-1.8.0.jar at spark://5d7670b258c3:45585/jars/org.lz4_lz4-java-1.8.0.jar with timestamp 1756687206342
[2025-09-01 00:40:07,361] {subprocess.py:92} INFO - 25/09/01 00:40:07 INFO SparkContext: Added JAR file:///home/***/.ivy2/jars/org.xerial.snappy_snappy-java-1.1.8.4.jar at spark://5d7670b258c3:45585/jars/org.xerial.snappy_snappy-java-1.1.8.4.jar with timestamp 1756687206342
[2025-09-01 00:40:07,361] {subprocess.py:92} INFO - 25/09/01 00:40:07 INFO SparkContext: Added JAR file:///home/***/.ivy2/jars/org.slf4j_slf4j-api-1.7.32.jar at spark://5d7670b258c3:45585/jars/org.slf4j_slf4j-api-1.7.32.jar with timestamp 1756687206342
[2025-09-01 00:40:07,361] {subprocess.py:92} INFO - 25/09/01 00:40:07 INFO SparkContext: Added JAR file:///home/***/.ivy2/jars/org.apache.hadoop_hadoop-client-api-3.3.2.jar at spark://5d7670b258c3:45585/jars/org.apache.hadoop_hadoop-client-api-3.3.2.jar with timestamp 1756687206342
[2025-09-01 00:40:07,362] {subprocess.py:92} INFO - 25/09/01 00:40:07 INFO SparkContext: Added JAR file:///home/***/.ivy2/jars/commons-logging_commons-logging-1.1.3.jar at spark://5d7670b258c3:45585/jars/commons-logging_commons-logging-1.1.3.jar with timestamp 1756687206342
[2025-09-01 00:40:07,366] {subprocess.py:92} INFO - 25/09/01 00:40:07 INFO SparkContext: Added file file:///home/***/.ivy2/jars/org.apache.spark_spark-sql-kafka-0-10_2.12-3.3.1.jar at file:///home/***/.ivy2/jars/org.apache.spark_spark-sql-kafka-0-10_2.12-3.3.1.jar with timestamp 1756687206342
[2025-09-01 00:40:07,370] {subprocess.py:92} INFO - 25/09/01 00:40:07 INFO Utils: Copying /home/***/.ivy2/jars/org.apache.spark_spark-sql-kafka-0-10_2.12-3.3.1.jar to /tmp/spark-e7e969ef-6449-4271-8dcf-bf909a8f477c/userFiles-b0ebb87a-c7e3-424b-85fc-02895346f968/org.apache.spark_spark-sql-kafka-0-10_2.12-3.3.1.jar
[2025-09-01 00:40:07,390] {subprocess.py:92} INFO - 25/09/01 00:40:07 INFO SparkContext: Added file file:///home/***/.ivy2/jars/org.apache.spark_spark-token-provider-kafka-0-10_2.12-3.3.1.jar at file:///home/***/.ivy2/jars/org.apache.spark_spark-token-provider-kafka-0-10_2.12-3.3.1.jar with timestamp 1756687206342
[2025-09-01 00:40:07,390] {subprocess.py:92} INFO - 25/09/01 00:40:07 INFO Utils: Copying /home/***/.ivy2/jars/org.apache.spark_spark-token-provider-kafka-0-10_2.12-3.3.1.jar to /tmp/spark-e7e969ef-6449-4271-8dcf-bf909a8f477c/userFiles-b0ebb87a-c7e3-424b-85fc-02895346f968/org.apache.spark_spark-token-provider-kafka-0-10_2.12-3.3.1.jar
[2025-09-01 00:40:07,401] {subprocess.py:92} INFO - 25/09/01 00:40:07 INFO SparkContext: Added file file:///home/***/.ivy2/jars/org.apache.kafka_kafka-clients-2.8.1.jar at file:///home/***/.ivy2/jars/org.apache.kafka_kafka-clients-2.8.1.jar with timestamp 1756687206342
[2025-09-01 00:40:07,402] {subprocess.py:92} INFO - 25/09/01 00:40:07 INFO Utils: Copying /home/***/.ivy2/jars/org.apache.kafka_kafka-clients-2.8.1.jar to /tmp/spark-e7e969ef-6449-4271-8dcf-bf909a8f477c/userFiles-b0ebb87a-c7e3-424b-85fc-02895346f968/org.apache.kafka_kafka-clients-2.8.1.jar
[2025-09-01 00:40:07,415] {subprocess.py:92} INFO - 25/09/01 00:40:07 INFO SparkContext: Added file file:///home/***/.ivy2/jars/com.google.code.findbugs_jsr305-3.0.0.jar at file:///home/***/.ivy2/jars/com.google.code.findbugs_jsr305-3.0.0.jar with timestamp 1756687206342
[2025-09-01 00:40:07,416] {subprocess.py:92} INFO - 25/09/01 00:40:07 INFO Utils: Copying /home/***/.ivy2/jars/com.google.code.findbugs_jsr305-3.0.0.jar to /tmp/spark-e7e969ef-6449-4271-8dcf-bf909a8f477c/userFiles-b0ebb87a-c7e3-424b-85fc-02895346f968/com.google.code.findbugs_jsr305-3.0.0.jar
[2025-09-01 00:40:07,423] {subprocess.py:92} INFO - 25/09/01 00:40:07 INFO SparkContext: Added file file:///home/***/.ivy2/jars/org.apache.commons_commons-pool2-2.11.1.jar at file:///home/***/.ivy2/jars/org.apache.commons_commons-pool2-2.11.1.jar with timestamp 1756687206342
[2025-09-01 00:40:07,424] {subprocess.py:92} INFO - 25/09/01 00:40:07 INFO Utils: Copying /home/***/.ivy2/jars/org.apache.commons_commons-pool2-2.11.1.jar to /tmp/spark-e7e969ef-6449-4271-8dcf-bf909a8f477c/userFiles-b0ebb87a-c7e3-424b-85fc-02895346f968/org.apache.commons_commons-pool2-2.11.1.jar
[2025-09-01 00:40:07,434] {subprocess.py:92} INFO - 25/09/01 00:40:07 INFO SparkContext: Added file file:///home/***/.ivy2/jars/org.spark-project.spark_unused-1.0.0.jar at file:///home/***/.ivy2/jars/org.spark-project.spark_unused-1.0.0.jar with timestamp 1756687206342
[2025-09-01 00:40:07,435] {subprocess.py:92} INFO - 25/09/01 00:40:07 INFO Utils: Copying /home/***/.ivy2/jars/org.spark-project.spark_unused-1.0.0.jar to /tmp/spark-e7e969ef-6449-4271-8dcf-bf909a8f477c/userFiles-b0ebb87a-c7e3-424b-85fc-02895346f968/org.spark-project.spark_unused-1.0.0.jar
[2025-09-01 00:40:07,449] {subprocess.py:92} INFO - 25/09/01 00:40:07 INFO SparkContext: Added file file:///home/***/.ivy2/jars/org.apache.hadoop_hadoop-client-runtime-3.3.2.jar at file:///home/***/.ivy2/jars/org.apache.hadoop_hadoop-client-runtime-3.3.2.jar with timestamp 1756687206342
[2025-09-01 00:40:07,450] {subprocess.py:92} INFO - 25/09/01 00:40:07 INFO Utils: Copying /home/***/.ivy2/jars/org.apache.hadoop_hadoop-client-runtime-3.3.2.jar to /tmp/spark-e7e969ef-6449-4271-8dcf-bf909a8f477c/userFiles-b0ebb87a-c7e3-424b-85fc-02895346f968/org.apache.hadoop_hadoop-client-runtime-3.3.2.jar
[2025-09-01 00:40:07,532] {subprocess.py:92} INFO - 25/09/01 00:40:07 INFO SparkContext: Added file file:///home/***/.ivy2/jars/org.lz4_lz4-java-1.8.0.jar at file:///home/***/.ivy2/jars/org.lz4_lz4-java-1.8.0.jar with timestamp 1756687206342
[2025-09-01 00:40:07,533] {subprocess.py:92} INFO - 25/09/01 00:40:07 INFO Utils: Copying /home/***/.ivy2/jars/org.lz4_lz4-java-1.8.0.jar to /tmp/spark-e7e969ef-6449-4271-8dcf-bf909a8f477c/userFiles-b0ebb87a-c7e3-424b-85fc-02895346f968/org.lz4_lz4-java-1.8.0.jar
[2025-09-01 00:40:07,546] {subprocess.py:92} INFO - 25/09/01 00:40:07 INFO SparkContext: Added file file:///home/***/.ivy2/jars/org.xerial.snappy_snappy-java-1.1.8.4.jar at file:///home/***/.ivy2/jars/org.xerial.snappy_snappy-java-1.1.8.4.jar with timestamp 1756687206342
[2025-09-01 00:40:07,547] {subprocess.py:92} INFO - 25/09/01 00:40:07 INFO Utils: Copying /home/***/.ivy2/jars/org.xerial.snappy_snappy-java-1.1.8.4.jar to /tmp/spark-e7e969ef-6449-4271-8dcf-bf909a8f477c/userFiles-b0ebb87a-c7e3-424b-85fc-02895346f968/org.xerial.snappy_snappy-java-1.1.8.4.jar
[2025-09-01 00:40:07,567] {subprocess.py:92} INFO - 25/09/01 00:40:07 INFO SparkContext: Added file file:///home/***/.ivy2/jars/org.slf4j_slf4j-api-1.7.32.jar at file:///home/***/.ivy2/jars/org.slf4j_slf4j-api-1.7.32.jar with timestamp 1756687206342
[2025-09-01 00:40:07,568] {subprocess.py:92} INFO - 25/09/01 00:40:07 INFO Utils: Copying /home/***/.ivy2/jars/org.slf4j_slf4j-api-1.7.32.jar to /tmp/spark-e7e969ef-6449-4271-8dcf-bf909a8f477c/userFiles-b0ebb87a-c7e3-424b-85fc-02895346f968/org.slf4j_slf4j-api-1.7.32.jar
[2025-09-01 00:40:07,584] {subprocess.py:92} INFO - 25/09/01 00:40:07 INFO SparkContext: Added file file:///home/***/.ivy2/jars/org.apache.hadoop_hadoop-client-api-3.3.2.jar at file:///home/***/.ivy2/jars/org.apache.hadoop_hadoop-client-api-3.3.2.jar with timestamp 1756687206342
[2025-09-01 00:40:07,584] {subprocess.py:92} INFO - 25/09/01 00:40:07 INFO Utils: Copying /home/***/.ivy2/jars/org.apache.hadoop_hadoop-client-api-3.3.2.jar to /tmp/spark-e7e969ef-6449-4271-8dcf-bf909a8f477c/userFiles-b0ebb87a-c7e3-424b-85fc-02895346f968/org.apache.hadoop_hadoop-client-api-3.3.2.jar
[2025-09-01 00:40:07,651] {subprocess.py:92} INFO - 25/09/01 00:40:07 INFO SparkContext: Added file file:///home/***/.ivy2/jars/commons-logging_commons-logging-1.1.3.jar at file:///home/***/.ivy2/jars/commons-logging_commons-logging-1.1.3.jar with timestamp 1756687206342
[2025-09-01 00:40:07,652] {subprocess.py:92} INFO - 25/09/01 00:40:07 INFO Utils: Copying /home/***/.ivy2/jars/commons-logging_commons-logging-1.1.3.jar to /tmp/spark-e7e969ef-6449-4271-8dcf-bf909a8f477c/userFiles-b0ebb87a-c7e3-424b-85fc-02895346f968/commons-logging_commons-logging-1.1.3.jar
[2025-09-01 00:40:07,846] {subprocess.py:92} INFO - 25/09/01 00:40:07 INFO Executor: Starting executor ID driver on host 5d7670b258c3
[2025-09-01 00:40:07,861] {subprocess.py:92} INFO - 25/09/01 00:40:07 INFO Executor: Starting executor with user classpath (userClassPathFirst = false): ''
[2025-09-01 00:40:07,887] {subprocess.py:92} INFO - 25/09/01 00:40:07 INFO Executor: Fetching file:///home/***/.ivy2/jars/commons-logging_commons-logging-1.1.3.jar with timestamp 1756687206342
[2025-09-01 00:40:07,915] {subprocess.py:92} INFO - 25/09/01 00:40:07 INFO Utils: /home/***/.ivy2/jars/commons-logging_commons-logging-1.1.3.jar has been previously copied to /tmp/spark-e7e969ef-6449-4271-8dcf-bf909a8f477c/userFiles-b0ebb87a-c7e3-424b-85fc-02895346f968/commons-logging_commons-logging-1.1.3.jar
[2025-09-01 00:40:07,926] {subprocess.py:92} INFO - 25/09/01 00:40:07 INFO Executor: Fetching file:///home/***/.ivy2/jars/org.spark-project.spark_unused-1.0.0.jar with timestamp 1756687206342
[2025-09-01 00:40:07,928] {subprocess.py:92} INFO - 25/09/01 00:40:07 INFO Utils: /home/***/.ivy2/jars/org.spark-project.spark_unused-1.0.0.jar has been previously copied to /tmp/spark-e7e969ef-6449-4271-8dcf-bf909a8f477c/userFiles-b0ebb87a-c7e3-424b-85fc-02895346f968/org.spark-project.spark_unused-1.0.0.jar
[2025-09-01 00:40:07,937] {subprocess.py:92} INFO - 25/09/01 00:40:07 INFO Executor: Fetching file:///home/***/.ivy2/jars/org.apache.spark_spark-sql-kafka-0-10_2.12-3.3.1.jar with timestamp 1756687206342
[2025-09-01 00:40:07,949] {subprocess.py:92} INFO - 25/09/01 00:40:07 INFO Utils: /home/***/.ivy2/jars/org.apache.spark_spark-sql-kafka-0-10_2.12-3.3.1.jar has been previously copied to /tmp/spark-e7e969ef-6449-4271-8dcf-bf909a8f477c/userFiles-b0ebb87a-c7e3-424b-85fc-02895346f968/org.apache.spark_spark-sql-kafka-0-10_2.12-3.3.1.jar
[2025-09-01 00:40:07,958] {subprocess.py:92} INFO - 25/09/01 00:40:07 INFO Executor: Fetching file:///home/***/.ivy2/jars/org.apache.hadoop_hadoop-client-api-3.3.2.jar with timestamp 1756687206342
[2025-09-01 00:40:08,004] {subprocess.py:92} INFO - 25/09/01 00:40:08 INFO Utils: /home/***/.ivy2/jars/org.apache.hadoop_hadoop-client-api-3.3.2.jar has been previously copied to /tmp/spark-e7e969ef-6449-4271-8dcf-bf909a8f477c/userFiles-b0ebb87a-c7e3-424b-85fc-02895346f968/org.apache.hadoop_hadoop-client-api-3.3.2.jar
[2025-09-01 00:40:08,010] {subprocess.py:92} INFO - 25/09/01 00:40:08 INFO Executor: Fetching file:///home/***/.ivy2/jars/org.apache.hadoop_hadoop-client-runtime-3.3.2.jar with timestamp 1756687206342
[2025-09-01 00:40:08,038] {subprocess.py:92} INFO - 25/09/01 00:40:08 INFO Utils: /home/***/.ivy2/jars/org.apache.hadoop_hadoop-client-runtime-3.3.2.jar has been previously copied to /tmp/spark-e7e969ef-6449-4271-8dcf-bf909a8f477c/userFiles-b0ebb87a-c7e3-424b-85fc-02895346f968/org.apache.hadoop_hadoop-client-runtime-3.3.2.jar
[2025-09-01 00:40:08,043] {subprocess.py:92} INFO - 25/09/01 00:40:08 INFO Executor: Fetching file:///home/***/.ivy2/jars/org.slf4j_slf4j-api-1.7.32.jar with timestamp 1756687206342
[2025-09-01 00:40:08,044] {subprocess.py:92} INFO - 25/09/01 00:40:08 INFO Utils: /home/***/.ivy2/jars/org.slf4j_slf4j-api-1.7.32.jar has been previously copied to /tmp/spark-e7e969ef-6449-4271-8dcf-bf909a8f477c/userFiles-b0ebb87a-c7e3-424b-85fc-02895346f968/org.slf4j_slf4j-api-1.7.32.jar
[2025-09-01 00:40:08,050] {subprocess.py:92} INFO - 25/09/01 00:40:08 INFO Executor: Fetching file:///home/***/.ivy2/jars/org.lz4_lz4-java-1.8.0.jar with timestamp 1756687206342
[2025-09-01 00:40:08,052] {subprocess.py:92} INFO - 25/09/01 00:40:08 INFO Utils: /home/***/.ivy2/jars/org.lz4_lz4-java-1.8.0.jar has been previously copied to /tmp/spark-e7e969ef-6449-4271-8dcf-bf909a8f477c/userFiles-b0ebb87a-c7e3-424b-85fc-02895346f968/org.lz4_lz4-java-1.8.0.jar
[2025-09-01 00:40:08,058] {subprocess.py:92} INFO - 25/09/01 00:40:08 INFO Executor: Fetching file:///home/***/.ivy2/jars/org.apache.commons_commons-pool2-2.11.1.jar with timestamp 1756687206342
[2025-09-01 00:40:08,059] {subprocess.py:92} INFO - 25/09/01 00:40:08 INFO Utils: /home/***/.ivy2/jars/org.apache.commons_commons-pool2-2.11.1.jar has been previously copied to /tmp/spark-e7e969ef-6449-4271-8dcf-bf909a8f477c/userFiles-b0ebb87a-c7e3-424b-85fc-02895346f968/org.apache.commons_commons-pool2-2.11.1.jar
[2025-09-01 00:40:08,065] {subprocess.py:92} INFO - 25/09/01 00:40:08 INFO Executor: Fetching file:///home/***/.ivy2/jars/com.google.code.findbugs_jsr305-3.0.0.jar with timestamp 1756687206342
[2025-09-01 00:40:08,066] {subprocess.py:92} INFO - 25/09/01 00:40:08 INFO Utils: /home/***/.ivy2/jars/com.google.code.findbugs_jsr305-3.0.0.jar has been previously copied to /tmp/spark-e7e969ef-6449-4271-8dcf-bf909a8f477c/userFiles-b0ebb87a-c7e3-424b-85fc-02895346f968/com.google.code.findbugs_jsr305-3.0.0.jar
[2025-09-01 00:40:08,073] {subprocess.py:92} INFO - 25/09/01 00:40:08 INFO Executor: Fetching file:///home/***/.ivy2/jars/org.apache.spark_spark-token-provider-kafka-0-10_2.12-3.3.1.jar with timestamp 1756687206342
[2025-09-01 00:40:08,074] {subprocess.py:92} INFO - 25/09/01 00:40:08 INFO Utils: /home/***/.ivy2/jars/org.apache.spark_spark-token-provider-kafka-0-10_2.12-3.3.1.jar has been previously copied to /tmp/spark-e7e969ef-6449-4271-8dcf-bf909a8f477c/userFiles-b0ebb87a-c7e3-424b-85fc-02895346f968/org.apache.spark_spark-token-provider-kafka-0-10_2.12-3.3.1.jar
[2025-09-01 00:40:08,079] {subprocess.py:92} INFO - 25/09/01 00:40:08 INFO Executor: Fetching file:///home/***/.ivy2/jars/org.apache.kafka_kafka-clients-2.8.1.jar with timestamp 1756687206342
[2025-09-01 00:40:08,088] {subprocess.py:92} INFO - 25/09/01 00:40:08 INFO Utils: /home/***/.ivy2/jars/org.apache.kafka_kafka-clients-2.8.1.jar has been previously copied to /tmp/spark-e7e969ef-6449-4271-8dcf-bf909a8f477c/userFiles-b0ebb87a-c7e3-424b-85fc-02895346f968/org.apache.kafka_kafka-clients-2.8.1.jar
[2025-09-01 00:40:08,094] {subprocess.py:92} INFO - 25/09/01 00:40:08 INFO Executor: Fetching file:///home/***/.ivy2/jars/org.xerial.snappy_snappy-java-1.1.8.4.jar with timestamp 1756687206342
[2025-09-01 00:40:08,099] {subprocess.py:92} INFO - 25/09/01 00:40:08 INFO Utils: /home/***/.ivy2/jars/org.xerial.snappy_snappy-java-1.1.8.4.jar has been previously copied to /tmp/spark-e7e969ef-6449-4271-8dcf-bf909a8f477c/userFiles-b0ebb87a-c7e3-424b-85fc-02895346f968/org.xerial.snappy_snappy-java-1.1.8.4.jar
[2025-09-01 00:40:08,109] {subprocess.py:92} INFO - 25/09/01 00:40:08 INFO Executor: Fetching spark://5d7670b258c3:45585/jars/org.apache.kafka_kafka-clients-2.8.1.jar with timestamp 1756687206342
[2025-09-01 00:40:08,155] {subprocess.py:92} INFO - 25/09/01 00:40:08 INFO TransportClientFactory: Successfully created connection to 5d7670b258c3/172.20.0.18:45585 after 32 ms (0 ms spent in bootstraps)
[2025-09-01 00:40:08,165] {subprocess.py:92} INFO - 25/09/01 00:40:08 INFO Utils: Fetching spark://5d7670b258c3:45585/jars/org.apache.kafka_kafka-clients-2.8.1.jar to /tmp/spark-e7e969ef-6449-4271-8dcf-bf909a8f477c/userFiles-b0ebb87a-c7e3-424b-85fc-02895346f968/fetchFileTemp13849546799398342730.tmp
[2025-09-01 00:40:08,226] {subprocess.py:92} INFO - 25/09/01 00:40:08 INFO Utils: /tmp/spark-e7e969ef-6449-4271-8dcf-bf909a8f477c/userFiles-b0ebb87a-c7e3-424b-85fc-02895346f968/fetchFileTemp13849546799398342730.tmp has been previously copied to /tmp/spark-e7e969ef-6449-4271-8dcf-bf909a8f477c/userFiles-b0ebb87a-c7e3-424b-85fc-02895346f968/org.apache.kafka_kafka-clients-2.8.1.jar
[2025-09-01 00:40:08,232] {subprocess.py:92} INFO - 25/09/01 00:40:08 INFO Executor: Adding file:/tmp/spark-e7e969ef-6449-4271-8dcf-bf909a8f477c/userFiles-b0ebb87a-c7e3-424b-85fc-02895346f968/org.apache.kafka_kafka-clients-2.8.1.jar to class loader
[2025-09-01 00:40:08,232] {subprocess.py:92} INFO - 25/09/01 00:40:08 INFO Executor: Fetching spark://5d7670b258c3:45585/jars/com.google.code.findbugs_jsr305-3.0.0.jar with timestamp 1756687206342
[2025-09-01 00:40:08,233] {subprocess.py:92} INFO - 25/09/01 00:40:08 INFO Utils: Fetching spark://5d7670b258c3:45585/jars/com.google.code.findbugs_jsr305-3.0.0.jar to /tmp/spark-e7e969ef-6449-4271-8dcf-bf909a8f477c/userFiles-b0ebb87a-c7e3-424b-85fc-02895346f968/fetchFileTemp10349341812358019181.tmp
[2025-09-01 00:40:08,235] {subprocess.py:92} INFO - 25/09/01 00:40:08 INFO Utils: /tmp/spark-e7e969ef-6449-4271-8dcf-bf909a8f477c/userFiles-b0ebb87a-c7e3-424b-85fc-02895346f968/fetchFileTemp10349341812358019181.tmp has been previously copied to /tmp/spark-e7e969ef-6449-4271-8dcf-bf909a8f477c/userFiles-b0ebb87a-c7e3-424b-85fc-02895346f968/com.google.code.findbugs_jsr305-3.0.0.jar
[2025-09-01 00:40:08,241] {subprocess.py:92} INFO - 25/09/01 00:40:08 INFO Executor: Adding file:/tmp/spark-e7e969ef-6449-4271-8dcf-bf909a8f477c/userFiles-b0ebb87a-c7e3-424b-85fc-02895346f968/com.google.code.findbugs_jsr305-3.0.0.jar to class loader
[2025-09-01 00:40:08,241] {subprocess.py:92} INFO - 25/09/01 00:40:08 INFO Executor: Fetching spark://5d7670b258c3:45585/jars/org.apache.spark_spark-sql-kafka-0-10_2.12-3.3.1.jar with timestamp 1756687206342
[2025-09-01 00:40:08,242] {subprocess.py:92} INFO - 25/09/01 00:40:08 INFO Utils: Fetching spark://5d7670b258c3:45585/jars/org.apache.spark_spark-sql-kafka-0-10_2.12-3.3.1.jar to /tmp/spark-e7e969ef-6449-4271-8dcf-bf909a8f477c/userFiles-b0ebb87a-c7e3-424b-85fc-02895346f968/fetchFileTemp1589650789993372559.tmp
[2025-09-01 00:40:08,246] {subprocess.py:92} INFO - 25/09/01 00:40:08 INFO Utils: /tmp/spark-e7e969ef-6449-4271-8dcf-bf909a8f477c/userFiles-b0ebb87a-c7e3-424b-85fc-02895346f968/fetchFileTemp1589650789993372559.tmp has been previously copied to /tmp/spark-e7e969ef-6449-4271-8dcf-bf909a8f477c/userFiles-b0ebb87a-c7e3-424b-85fc-02895346f968/org.apache.spark_spark-sql-kafka-0-10_2.12-3.3.1.jar
[2025-09-01 00:40:08,252] {subprocess.py:92} INFO - 25/09/01 00:40:08 INFO Executor: Adding file:/tmp/spark-e7e969ef-6449-4271-8dcf-bf909a8f477c/userFiles-b0ebb87a-c7e3-424b-85fc-02895346f968/org.apache.spark_spark-sql-kafka-0-10_2.12-3.3.1.jar to class loader
[2025-09-01 00:40:08,252] {subprocess.py:92} INFO - 25/09/01 00:40:08 INFO Executor: Fetching spark://5d7670b258c3:45585/jars/org.xerial.snappy_snappy-java-1.1.8.4.jar with timestamp 1756687206342
[2025-09-01 00:40:08,253] {subprocess.py:92} INFO - 25/09/01 00:40:08 INFO Utils: Fetching spark://5d7670b258c3:45585/jars/org.xerial.snappy_snappy-java-1.1.8.4.jar to /tmp/spark-e7e969ef-6449-4271-8dcf-bf909a8f477c/userFiles-b0ebb87a-c7e3-424b-85fc-02895346f968/fetchFileTemp16448244378880981630.tmp
[2025-09-01 00:40:08,274] {subprocess.py:92} INFO - 25/09/01 00:40:08 INFO Utils: /tmp/spark-e7e969ef-6449-4271-8dcf-bf909a8f477c/userFiles-b0ebb87a-c7e3-424b-85fc-02895346f968/fetchFileTemp16448244378880981630.tmp has been previously copied to /tmp/spark-e7e969ef-6449-4271-8dcf-bf909a8f477c/userFiles-b0ebb87a-c7e3-424b-85fc-02895346f968/org.xerial.snappy_snappy-java-1.1.8.4.jar
[2025-09-01 00:40:08,283] {subprocess.py:92} INFO - 25/09/01 00:40:08 INFO Executor: Adding file:/tmp/spark-e7e969ef-6449-4271-8dcf-bf909a8f477c/userFiles-b0ebb87a-c7e3-424b-85fc-02895346f968/org.xerial.snappy_snappy-java-1.1.8.4.jar to class loader
[2025-09-01 00:40:08,283] {subprocess.py:92} INFO - 25/09/01 00:40:08 INFO Executor: Fetching spark://5d7670b258c3:45585/jars/org.apache.spark_spark-token-provider-kafka-0-10_2.12-3.3.1.jar with timestamp 1756687206342
[2025-09-01 00:40:08,285] {subprocess.py:92} INFO - 25/09/01 00:40:08 INFO Utils: Fetching spark://5d7670b258c3:45585/jars/org.apache.spark_spark-token-provider-kafka-0-10_2.12-3.3.1.jar to /tmp/spark-e7e969ef-6449-4271-8dcf-bf909a8f477c/userFiles-b0ebb87a-c7e3-424b-85fc-02895346f968/fetchFileTemp12580856967337573081.tmp
[2025-09-01 00:40:08,290] {subprocess.py:92} INFO - 25/09/01 00:40:08 INFO Utils: /tmp/spark-e7e969ef-6449-4271-8dcf-bf909a8f477c/userFiles-b0ebb87a-c7e3-424b-85fc-02895346f968/fetchFileTemp12580856967337573081.tmp has been previously copied to /tmp/spark-e7e969ef-6449-4271-8dcf-bf909a8f477c/userFiles-b0ebb87a-c7e3-424b-85fc-02895346f968/org.apache.spark_spark-token-provider-kafka-0-10_2.12-3.3.1.jar
[2025-09-01 00:40:08,298] {subprocess.py:92} INFO - 25/09/01 00:40:08 INFO Executor: Adding file:/tmp/spark-e7e969ef-6449-4271-8dcf-bf909a8f477c/userFiles-b0ebb87a-c7e3-424b-85fc-02895346f968/org.apache.spark_spark-token-provider-kafka-0-10_2.12-3.3.1.jar to class loader
[2025-09-01 00:40:08,299] {subprocess.py:92} INFO - 25/09/01 00:40:08 INFO Executor: Fetching spark://5d7670b258c3:45585/jars/org.spark-project.spark_unused-1.0.0.jar with timestamp 1756687206342
[2025-09-01 00:40:08,301] {subprocess.py:92} INFO - 25/09/01 00:40:08 INFO Utils: Fetching spark://5d7670b258c3:45585/jars/org.spark-project.spark_unused-1.0.0.jar to /tmp/spark-e7e969ef-6449-4271-8dcf-bf909a8f477c/userFiles-b0ebb87a-c7e3-424b-85fc-02895346f968/fetchFileTemp3525085263405473218.tmp
[2025-09-01 00:40:08,304] {subprocess.py:92} INFO - 25/09/01 00:40:08 INFO Utils: /tmp/spark-e7e969ef-6449-4271-8dcf-bf909a8f477c/userFiles-b0ebb87a-c7e3-424b-85fc-02895346f968/fetchFileTemp3525085263405473218.tmp has been previously copied to /tmp/spark-e7e969ef-6449-4271-8dcf-bf909a8f477c/userFiles-b0ebb87a-c7e3-424b-85fc-02895346f968/org.spark-project.spark_unused-1.0.0.jar
[2025-09-01 00:40:08,312] {subprocess.py:92} INFO - 25/09/01 00:40:08 INFO Executor: Adding file:/tmp/spark-e7e969ef-6449-4271-8dcf-bf909a8f477c/userFiles-b0ebb87a-c7e3-424b-85fc-02895346f968/org.spark-project.spark_unused-1.0.0.jar to class loader
[2025-09-01 00:40:08,313] {subprocess.py:92} INFO - 25/09/01 00:40:08 INFO Executor: Fetching spark://5d7670b258c3:45585/jars/org.apache.hadoop_hadoop-client-api-3.3.2.jar with timestamp 1756687206342
[2025-09-01 00:40:08,314] {subprocess.py:92} INFO - 25/09/01 00:40:08 INFO Utils: Fetching spark://5d7670b258c3:45585/jars/org.apache.hadoop_hadoop-client-api-3.3.2.jar to /tmp/spark-e7e969ef-6449-4271-8dcf-bf909a8f477c/userFiles-b0ebb87a-c7e3-424b-85fc-02895346f968/fetchFileTemp16863437869960790424.tmp
[2025-09-01 00:40:08,456] {subprocess.py:92} INFO - 25/09/01 00:40:08 INFO Utils: /tmp/spark-e7e969ef-6449-4271-8dcf-bf909a8f477c/userFiles-b0ebb87a-c7e3-424b-85fc-02895346f968/fetchFileTemp16863437869960790424.tmp has been previously copied to /tmp/spark-e7e969ef-6449-4271-8dcf-bf909a8f477c/userFiles-b0ebb87a-c7e3-424b-85fc-02895346f968/org.apache.hadoop_hadoop-client-api-3.3.2.jar
[2025-09-01 00:40:08,465] {subprocess.py:92} INFO - 25/09/01 00:40:08 INFO Executor: Adding file:/tmp/spark-e7e969ef-6449-4271-8dcf-bf909a8f477c/userFiles-b0ebb87a-c7e3-424b-85fc-02895346f968/org.apache.hadoop_hadoop-client-api-3.3.2.jar to class loader
[2025-09-01 00:40:08,465] {subprocess.py:92} INFO - 25/09/01 00:40:08 INFO Executor: Fetching spark://5d7670b258c3:45585/jars/commons-logging_commons-logging-1.1.3.jar with timestamp 1756687206342
[2025-09-01 00:40:08,466] {subprocess.py:92} INFO - 25/09/01 00:40:08 INFO Utils: Fetching spark://5d7670b258c3:45585/jars/commons-logging_commons-logging-1.1.3.jar to /tmp/spark-e7e969ef-6449-4271-8dcf-bf909a8f477c/userFiles-b0ebb87a-c7e3-424b-85fc-02895346f968/fetchFileTemp5459326571191413512.tmp
[2025-09-01 00:40:08,469] {subprocess.py:92} INFO - 25/09/01 00:40:08 INFO Utils: /tmp/spark-e7e969ef-6449-4271-8dcf-bf909a8f477c/userFiles-b0ebb87a-c7e3-424b-85fc-02895346f968/fetchFileTemp5459326571191413512.tmp has been previously copied to /tmp/spark-e7e969ef-6449-4271-8dcf-bf909a8f477c/userFiles-b0ebb87a-c7e3-424b-85fc-02895346f968/commons-logging_commons-logging-1.1.3.jar
[2025-09-01 00:40:08,474] {subprocess.py:92} INFO - 25/09/01 00:40:08 INFO Executor: Adding file:/tmp/spark-e7e969ef-6449-4271-8dcf-bf909a8f477c/userFiles-b0ebb87a-c7e3-424b-85fc-02895346f968/commons-logging_commons-logging-1.1.3.jar to class loader
[2025-09-01 00:40:08,475] {subprocess.py:92} INFO - 25/09/01 00:40:08 INFO Executor: Fetching spark://5d7670b258c3:45585/jars/org.apache.hadoop_hadoop-client-runtime-3.3.2.jar with timestamp 1756687206342
[2025-09-01 00:40:08,476] {subprocess.py:92} INFO - 25/09/01 00:40:08 INFO Utils: Fetching spark://5d7670b258c3:45585/jars/org.apache.hadoop_hadoop-client-runtime-3.3.2.jar to /tmp/spark-e7e969ef-6449-4271-8dcf-bf909a8f477c/userFiles-b0ebb87a-c7e3-424b-85fc-02895346f968/fetchFileTemp920007797968994634.tmp
[2025-09-01 00:40:08,600] {subprocess.py:92} INFO - 25/09/01 00:40:08 INFO Utils: /tmp/spark-e7e969ef-6449-4271-8dcf-bf909a8f477c/userFiles-b0ebb87a-c7e3-424b-85fc-02895346f968/fetchFileTemp920007797968994634.tmp has been previously copied to /tmp/spark-e7e969ef-6449-4271-8dcf-bf909a8f477c/userFiles-b0ebb87a-c7e3-424b-85fc-02895346f968/org.apache.hadoop_hadoop-client-runtime-3.3.2.jar
[2025-09-01 00:40:08,609] {subprocess.py:92} INFO - 25/09/01 00:40:08 INFO Executor: Adding file:/tmp/spark-e7e969ef-6449-4271-8dcf-bf909a8f477c/userFiles-b0ebb87a-c7e3-424b-85fc-02895346f968/org.apache.hadoop_hadoop-client-runtime-3.3.2.jar to class loader
[2025-09-01 00:40:08,609] {subprocess.py:92} INFO - 25/09/01 00:40:08 INFO Executor: Fetching spark://5d7670b258c3:45585/jars/org.apache.commons_commons-pool2-2.11.1.jar with timestamp 1756687206342
[2025-09-01 00:40:08,610] {subprocess.py:92} INFO - 25/09/01 00:40:08 INFO Utils: Fetching spark://5d7670b258c3:45585/jars/org.apache.commons_commons-pool2-2.11.1.jar to /tmp/spark-e7e969ef-6449-4271-8dcf-bf909a8f477c/userFiles-b0ebb87a-c7e3-424b-85fc-02895346f968/fetchFileTemp8624747345485439870.tmp
[2025-09-01 00:40:08,613] {subprocess.py:92} INFO - 25/09/01 00:40:08 INFO Utils: /tmp/spark-e7e969ef-6449-4271-8dcf-bf909a8f477c/userFiles-b0ebb87a-c7e3-424b-85fc-02895346f968/fetchFileTemp8624747345485439870.tmp has been previously copied to /tmp/spark-e7e969ef-6449-4271-8dcf-bf909a8f477c/userFiles-b0ebb87a-c7e3-424b-85fc-02895346f968/org.apache.commons_commons-pool2-2.11.1.jar
[2025-09-01 00:40:08,619] {subprocess.py:92} INFO - 25/09/01 00:40:08 INFO Executor: Adding file:/tmp/spark-e7e969ef-6449-4271-8dcf-bf909a8f477c/userFiles-b0ebb87a-c7e3-424b-85fc-02895346f968/org.apache.commons_commons-pool2-2.11.1.jar to class loader
[2025-09-01 00:40:08,619] {subprocess.py:92} INFO - 25/09/01 00:40:08 INFO Executor: Fetching spark://5d7670b258c3:45585/jars/org.lz4_lz4-java-1.8.0.jar with timestamp 1756687206342
[2025-09-01 00:40:08,620] {subprocess.py:92} INFO - 25/09/01 00:40:08 INFO Utils: Fetching spark://5d7670b258c3:45585/jars/org.lz4_lz4-java-1.8.0.jar to /tmp/spark-e7e969ef-6449-4271-8dcf-bf909a8f477c/userFiles-b0ebb87a-c7e3-424b-85fc-02895346f968/fetchFileTemp11062075027436809469.tmp
[2025-09-01 00:40:08,626] {subprocess.py:92} INFO - 25/09/01 00:40:08 INFO Utils: /tmp/spark-e7e969ef-6449-4271-8dcf-bf909a8f477c/userFiles-b0ebb87a-c7e3-424b-85fc-02895346f968/fetchFileTemp11062075027436809469.tmp has been previously copied to /tmp/spark-e7e969ef-6449-4271-8dcf-bf909a8f477c/userFiles-b0ebb87a-c7e3-424b-85fc-02895346f968/org.lz4_lz4-java-1.8.0.jar
[2025-09-01 00:40:08,631] {subprocess.py:92} INFO - 25/09/01 00:40:08 INFO Executor: Adding file:/tmp/spark-e7e969ef-6449-4271-8dcf-bf909a8f477c/userFiles-b0ebb87a-c7e3-424b-85fc-02895346f968/org.lz4_lz4-java-1.8.0.jar to class loader
[2025-09-01 00:40:08,631] {subprocess.py:92} INFO - 25/09/01 00:40:08 INFO Executor: Fetching spark://5d7670b258c3:45585/jars/org.slf4j_slf4j-api-1.7.32.jar with timestamp 1756687206342
[2025-09-01 00:40:08,632] {subprocess.py:92} INFO - 25/09/01 00:40:08 INFO Utils: Fetching spark://5d7670b258c3:45585/jars/org.slf4j_slf4j-api-1.7.32.jar to /tmp/spark-e7e969ef-6449-4271-8dcf-bf909a8f477c/userFiles-b0ebb87a-c7e3-424b-85fc-02895346f968/fetchFileTemp985270430675745988.tmp
[2025-09-01 00:40:08,634] {subprocess.py:92} INFO - 25/09/01 00:40:08 INFO Utils: /tmp/spark-e7e969ef-6449-4271-8dcf-bf909a8f477c/userFiles-b0ebb87a-c7e3-424b-85fc-02895346f968/fetchFileTemp985270430675745988.tmp has been previously copied to /tmp/spark-e7e969ef-6449-4271-8dcf-bf909a8f477c/userFiles-b0ebb87a-c7e3-424b-85fc-02895346f968/org.slf4j_slf4j-api-1.7.32.jar
[2025-09-01 00:40:08,640] {subprocess.py:92} INFO - 25/09/01 00:40:08 INFO Executor: Adding file:/tmp/spark-e7e969ef-6449-4271-8dcf-bf909a8f477c/userFiles-b0ebb87a-c7e3-424b-85fc-02895346f968/org.slf4j_slf4j-api-1.7.32.jar to class loader
[2025-09-01 00:40:08,652] {subprocess.py:92} INFO - 25/09/01 00:40:08 INFO Utils: Successfully started service 'org.apache.spark.network.netty.NettyBlockTransferService' on port 44597.
[2025-09-01 00:40:08,652] {subprocess.py:92} INFO - 25/09/01 00:40:08 INFO NettyBlockTransferService: Server created on 5d7670b258c3:44597
[2025-09-01 00:40:08,656] {subprocess.py:92} INFO - 25/09/01 00:40:08 INFO BlockManager: Using org.apache.spark.storage.RandomBlockReplicationPolicy for block replication policy
[2025-09-01 00:40:08,668] {subprocess.py:92} INFO - 25/09/01 00:40:08 INFO BlockManagerMaster: Registering BlockManager BlockManagerId(driver, 5d7670b258c3, 44597, None)
[2025-09-01 00:40:08,675] {subprocess.py:92} INFO - 25/09/01 00:40:08 INFO BlockManagerMasterEndpoint: Registering block manager 5d7670b258c3:44597 with 434.4 MiB RAM, BlockManagerId(driver, 5d7670b258c3, 44597, None)
[2025-09-01 00:40:08,679] {subprocess.py:92} INFO - 25/09/01 00:40:08 INFO BlockManagerMaster: Registered BlockManager BlockManagerId(driver, 5d7670b258c3, 44597, None)
[2025-09-01 00:40:08,682] {subprocess.py:92} INFO - 25/09/01 00:40:08 INFO BlockManager: Initialized BlockManager: BlockManagerId(driver, 5d7670b258c3, 44597, None)
[2025-09-01 00:40:09,172] {subprocess.py:92} INFO - Connexion à Kafka...
[2025-09-01 00:40:12,074] {subprocess.py:92} INFO - Connexion Kafka réussie (kafka:9092)
[2025-09-01 00:40:12,075] {subprocess.py:92} INFO - Transformation des données JSON...
[2025-09-01 00:40:12,490] {subprocess.py:92} INFO - Démarrage du streaming vers HDFS...
[2025-09-01 00:40:13,675] {subprocess.py:92} INFO - Streaming actif - Données météo sauvegardées dans HDFS:/data/weather
[2025-09-01 00:48:48,887] {local_task_job.py:84} ERROR - Received SIGTERM. Terminating subprocesses
[2025-09-01 00:48:48,898] {process_utils.py:129} INFO - Sending Signals.SIGTERM to group 3576. PIDs of all processes in the group: [3577, 3626, 3576]
[2025-09-01 00:48:48,899] {process_utils.py:80} INFO - Sending the signal Signals.SIGTERM to group 3576
[2025-09-01 00:48:48,900] {taskinstance.py:1541} ERROR - Received SIGTERM. Terminating subprocesses.
[2025-09-01 00:48:48,901] {subprocess.py:103} INFO - Sending SIGTERM signal to process group
[2025-09-01 00:48:49,014] {process_utils.py:75} INFO - Process psutil.Process(pid=3626, status='terminated', started='00:40:04') (3626) terminated with exit code None
[2025-09-01 00:48:49,197] {taskinstance.py:1889} ERROR - Task failed with exception
Traceback (most recent call last):
  File "/home/airflow/.local/lib/python3.7/site-packages/airflow/operators/bash.py", line 189, in execute
    cwd=self.cwd,
  File "/home/airflow/.local/lib/python3.7/site-packages/airflow/hooks/subprocess.py", line 90, in run_command
    for raw_line in iter(self.sub_process.stdout.readline, b''):
  File "/home/airflow/.local/lib/python3.7/site-packages/airflow/models/taskinstance.py", line 1543, in signal_handler
    raise AirflowException("Task received SIGTERM signal")
airflow.exceptions.AirflowException: Task received SIGTERM signal
[2025-09-01 00:48:49,210] {taskinstance.py:1400} INFO - Marking task as FAILED. dag_id=send_weather_to_kafka, task_id=stream_hdfs, execution_date=20250831T234307, start_date=20250901T004001, end_date=20250901T004849
[2025-09-01 00:48:49,266] {standard_task_runner.py:97} ERROR - Failed to execute job 401 for task stream_hdfs (Task received SIGTERM signal; 3576)
[2025-09-01 00:48:49,329] {process_utils.py:75} INFO - Process psutil.Process(pid=3576, status='terminated', exitcode=1, started='00:40:00') (3576) terminated with exit code 1
[2025-09-01 00:48:49,660] {process_utils.py:75} INFO - Process psutil.Process(pid=3577, status='terminated', started='00:40:01') (3577) terminated with exit code None
[2025-09-01 00:48:49,664] {local_task_job.py:156} INFO - Task exited with return code 143
[2025-09-01 00:48:49,727] {local_task_job.py:273} INFO - 0 downstream tasks scheduled from follow-on schedule check
