[2025-09-01 08:22:54,902] {taskinstance.py:1159} INFO - Dependencies all met for <TaskInstance: send_weather_to_kafka.stream_hdfs scheduled__2025-09-01T07:49:17.398213+00:00 [queued]>
[2025-09-01 08:22:54,929] {taskinstance.py:1159} INFO - Dependencies all met for <TaskInstance: send_weather_to_kafka.stream_hdfs scheduled__2025-09-01T07:49:17.398213+00:00 [queued]>
[2025-09-01 08:22:54,930] {taskinstance.py:1356} INFO - 
--------------------------------------------------------------------------------
[2025-09-01 08:22:54,930] {taskinstance.py:1357} INFO - Starting attempt 1 of 2
[2025-09-01 08:22:54,930] {taskinstance.py:1358} INFO - 
--------------------------------------------------------------------------------
[2025-09-01 08:22:54,964] {taskinstance.py:1377} INFO - Executing <Task(BashOperator): stream_hdfs> on 2025-09-01 07:49:17.398213+00:00
[2025-09-01 08:22:54,976] {standard_task_runner.py:52} INFO - Started process 11787 to run task
[2025-09-01 08:22:54,983] {standard_task_runner.py:79} INFO - Running: ['***', 'tasks', 'run', 'send_weather_to_kafka', 'stream_hdfs', 'scheduled__2025-09-01T07:49:17.398213+00:00', '--job-id', '505', '--raw', '--subdir', 'DAGS_FOLDER/dag_meteo.py', '--cfg-path', '/tmp/tmp6e8w__a0', '--error-file', '/tmp/tmpk_ctoo_1']
[2025-09-01 08:22:54,986] {standard_task_runner.py:80} INFO - Job 505: Subtask stream_hdfs
[2025-09-01 08:22:55,016] {logging_mixin.py:115} WARNING - /home/***/.local/lib/python3.7/site-packages/***/configuration.py:470 DeprecationWarning: The sql_alchemy_conn option in [core] has been moved to the sql_alchemy_conn option in [database] - the old setting has been used, but please update your config.
[2025-09-01 08:22:55,113] {task_command.py:369} INFO - Running <TaskInstance: send_weather_to_kafka.stream_hdfs scheduled__2025-09-01T07:49:17.398213+00:00 [running]> on host e66737cfc193
[2025-09-01 08:22:55,368] {taskinstance.py:1571} INFO - Exporting the following env vars:
AIRFLOW_CTX_DAG_OWNER=***
AIRFLOW_CTX_DAG_ID=send_weather_to_kafka
AIRFLOW_CTX_TASK_ID=stream_hdfs
AIRFLOW_CTX_EXECUTION_DATE=2025-09-01T07:49:17.398213+00:00
AIRFLOW_CTX_TRY_NUMBER=1
AIRFLOW_CTX_DAG_RUN_ID=scheduled__2025-09-01T07:49:17.398213+00:00
[2025-09-01 08:22:55,371] {subprocess.py:62} INFO - Tmp dir root location: 
 /tmp
[2025-09-01 08:22:55,373] {subprocess.py:74} INFO - Running command: ['bash', '-c', '\n/home/***/.local/bin/spark-submit   --master local[*]   --conf spark.hadoop.fs.defaultFS=hdfs://namenode:9000   --conf spark.hadoop.dfs.client.use.datanode.hostname=true   --conf spark.sql.adaptive.enabled=false   --packages org.apache.spark:spark-sql-kafka-0-10_2.12:3.3.1   /opt/***/scripts/pyspark/streaming.py']
[2025-09-01 08:22:55,400] {subprocess.py:85} INFO - Output:
[2025-09-01 08:22:55,432] {subprocess.py:92} INFO - /opt/spark-3.3.1-bin-hadoop3/bin/load-spark-env.sh: line 68: ps: command not found
[2025-09-01 08:22:59,212] {subprocess.py:92} INFO - :: loading settings :: url = jar:file:/opt/spark-3.3.1-bin-hadoop3/jars/ivy-2.5.0.jar!/org/apache/ivy/core/settings/ivysettings.xml
[2025-09-01 08:22:59,459] {subprocess.py:92} INFO - Ivy Default Cache set to: /home/***/.ivy2/cache
[2025-09-01 08:22:59,459] {subprocess.py:92} INFO - The jars for the packages stored in: /home/***/.ivy2/jars
[2025-09-01 08:22:59,475] {subprocess.py:92} INFO - org.apache.spark#spark-sql-kafka-0-10_2.12 added as a dependency
[2025-09-01 08:22:59,476] {subprocess.py:92} INFO - :: resolving dependencies :: org.apache.spark#spark-submit-parent-d4a69887-5571-43a9-9144-3667dc12d8aa;1.0
[2025-09-01 08:22:59,476] {subprocess.py:92} INFO - 	confs: [default]
[2025-09-01 08:22:59,906] {subprocess.py:92} INFO - 	found org.apache.spark#spark-sql-kafka-0-10_2.12;3.3.1 in spark-list
[2025-09-01 08:23:00,192] {subprocess.py:92} INFO - 	found org.apache.spark#spark-token-provider-kafka-0-10_2.12;3.3.1 in central
[2025-09-01 08:23:00,333] {subprocess.py:92} INFO - 	found org.apache.kafka#kafka-clients;2.8.1 in central
[2025-09-01 08:23:00,402] {subprocess.py:92} INFO - 	found org.lz4#lz4-java;1.8.0 in central
[2025-09-01 08:23:00,443] {subprocess.py:92} INFO - 	found org.xerial.snappy#snappy-java;1.1.8.4 in central
[2025-09-01 08:23:00,478] {subprocess.py:92} INFO - 	found org.slf4j#slf4j-api;1.7.32 in central
[2025-09-01 08:23:00,551] {subprocess.py:92} INFO - 	found org.apache.hadoop#hadoop-client-runtime;3.3.2 in central
[2025-09-01 08:23:00,585] {subprocess.py:92} INFO - 	found org.spark-project.spark#unused;1.0.0 in central
[2025-09-01 08:23:00,671] {subprocess.py:92} INFO - 	found org.apache.hadoop#hadoop-client-api;3.3.2 in central
[2025-09-01 08:23:00,719] {subprocess.py:92} INFO - 	found commons-logging#commons-logging;1.1.3 in central
[2025-09-01 08:23:00,771] {subprocess.py:92} INFO - 	found com.google.code.findbugs#jsr305;3.0.0 in central
[2025-09-01 08:23:00,808] {subprocess.py:92} INFO - 	found org.apache.commons#commons-pool2;2.11.1 in central
[2025-09-01 08:23:00,925] {subprocess.py:92} INFO - :: resolution report :: resolve 1384ms :: artifacts dl 65ms
[2025-09-01 08:23:00,928] {subprocess.py:92} INFO - 	:: modules in use:
[2025-09-01 08:23:00,929] {subprocess.py:92} INFO - 	com.google.code.findbugs#jsr305;3.0.0 from central in [default]
[2025-09-01 08:23:00,930] {subprocess.py:92} INFO - 	commons-logging#commons-logging;1.1.3 from central in [default]
[2025-09-01 08:23:00,930] {subprocess.py:92} INFO - 	org.apache.commons#commons-pool2;2.11.1 from central in [default]
[2025-09-01 08:23:00,930] {subprocess.py:92} INFO - 	org.apache.hadoop#hadoop-client-api;3.3.2 from central in [default]
[2025-09-01 08:23:00,931] {subprocess.py:92} INFO - 	org.apache.hadoop#hadoop-client-runtime;3.3.2 from central in [default]
[2025-09-01 08:23:00,933] {subprocess.py:92} INFO - 	org.apache.kafka#kafka-clients;2.8.1 from central in [default]
[2025-09-01 08:23:00,934] {subprocess.py:92} INFO - 	org.apache.spark#spark-sql-kafka-0-10_2.12;3.3.1 from spark-list in [default]
[2025-09-01 08:23:00,935] {subprocess.py:92} INFO - 	org.apache.spark#spark-token-provider-kafka-0-10_2.12;3.3.1 from central in [default]
[2025-09-01 08:23:00,939] {subprocess.py:92} INFO - 	org.lz4#lz4-java;1.8.0 from central in [default]
[2025-09-01 08:23:00,940] {subprocess.py:92} INFO - 	org.slf4j#slf4j-api;1.7.32 from central in [default]
[2025-09-01 08:23:00,941] {subprocess.py:92} INFO - 	org.spark-project.spark#unused;1.0.0 from central in [default]
[2025-09-01 08:23:00,941] {subprocess.py:92} INFO - 	org.xerial.snappy#snappy-java;1.1.8.4 from central in [default]
[2025-09-01 08:23:00,941] {subprocess.py:92} INFO - 	---------------------------------------------------------------------
[2025-09-01 08:23:00,941] {subprocess.py:92} INFO - 	|                  |            modules            ||   artifacts   |
[2025-09-01 08:23:00,941] {subprocess.py:92} INFO - 	|       conf       | number| search|dwnlded|evicted|| number|dwnlded|
[2025-09-01 08:23:00,942] {subprocess.py:92} INFO - 	---------------------------------------------------------------------
[2025-09-01 08:23:00,942] {subprocess.py:92} INFO - 	|      default     |   12  |   0   |   0   |   0   ||   12  |   0   |
[2025-09-01 08:23:00,942] {subprocess.py:92} INFO - 	---------------------------------------------------------------------
[2025-09-01 08:23:00,973] {subprocess.py:92} INFO - :: retrieving :: org.apache.spark#spark-submit-parent-d4a69887-5571-43a9-9144-3667dc12d8aa
[2025-09-01 08:23:00,975] {subprocess.py:92} INFO - 	confs: [default]
[2025-09-01 08:23:01,015] {subprocess.py:92} INFO - 	0 artifacts copied, 12 already retrieved (0kB/41ms)
[2025-09-01 08:23:01,623] {subprocess.py:92} INFO - 25/09/01 08:23:01 WARN NativeCodeLoader: Unable to load native-hadoop library for your platform... using builtin-java classes where applicable
[2025-09-01 08:23:03,834] {subprocess.py:92} INFO - 25/09/01 08:23:03 INFO SparkContext: Running Spark version 3.3.1
[2025-09-01 08:23:03,872] {subprocess.py:92} INFO - 25/09/01 08:23:03 INFO ResourceUtils: ==============================================================
[2025-09-01 08:23:03,873] {subprocess.py:92} INFO - 25/09/01 08:23:03 INFO ResourceUtils: No custom resources configured for spark.driver.
[2025-09-01 08:23:03,875] {subprocess.py:92} INFO - 25/09/01 08:23:03 INFO ResourceUtils: ==============================================================
[2025-09-01 08:23:03,877] {subprocess.py:92} INFO - 25/09/01 08:23:03 INFO SparkContext: Submitted application: KafkaToHDFSWeather
[2025-09-01 08:23:03,948] {subprocess.py:92} INFO - 25/09/01 08:23:03 INFO ResourceProfile: Default ResourceProfile created, executor resources: Map(cores -> name: cores, amount: 1, script: , vendor: , memory -> name: memory, amount: 1024, script: , vendor: , offHeap -> name: offHeap, amount: 0, script: , vendor: ), task resources: Map(cpus -> name: cpus, amount: 1.0)
[2025-09-01 08:23:03,996] {subprocess.py:92} INFO - 25/09/01 08:23:03 INFO ResourceProfile: Limiting resource is cpu
[2025-09-01 08:23:03,999] {subprocess.py:92} INFO - 25/09/01 08:23:03 INFO ResourceProfileManager: Added ResourceProfile id: 0
[2025-09-01 08:23:04,160] {subprocess.py:92} INFO - 25/09/01 08:23:04 INFO SecurityManager: Changing view acls to: ***
[2025-09-01 08:23:04,162] {subprocess.py:92} INFO - 25/09/01 08:23:04 INFO SecurityManager: Changing modify acls to: ***
[2025-09-01 08:23:04,165] {subprocess.py:92} INFO - 25/09/01 08:23:04 INFO SecurityManager: Changing view acls groups to:
[2025-09-01 08:23:04,166] {subprocess.py:92} INFO - 25/09/01 08:23:04 INFO SecurityManager: Changing modify acls groups to:
[2025-09-01 08:23:04,168] {subprocess.py:92} INFO - 25/09/01 08:23:04 INFO SecurityManager: SecurityManager: authentication disabled; ui acls disabled; users  with view permissions: Set(***); groups with view permissions: Set(); users  with modify permissions: Set(***); groups with modify permissions: Set()
[2025-09-01 08:23:05,004] {subprocess.py:92} INFO - 25/09/01 08:23:05 INFO Utils: Successfully started service 'sparkDriver' on port 35639.
[2025-09-01 08:23:05,155] {subprocess.py:92} INFO - 25/09/01 08:23:05 INFO SparkEnv: Registering MapOutputTracker
[2025-09-01 08:23:05,313] {subprocess.py:92} INFO - 25/09/01 08:23:05 INFO SparkEnv: Registering BlockManagerMaster
[2025-09-01 08:23:05,396] {subprocess.py:92} INFO - 25/09/01 08:23:05 INFO BlockManagerMasterEndpoint: Using org.apache.spark.storage.DefaultTopologyMapper for getting topology information
[2025-09-01 08:23:05,398] {subprocess.py:92} INFO - 25/09/01 08:23:05 INFO BlockManagerMasterEndpoint: BlockManagerMasterEndpoint up
[2025-09-01 08:23:05,409] {subprocess.py:92} INFO - 25/09/01 08:23:05 INFO SparkEnv: Registering BlockManagerMasterHeartbeat
[2025-09-01 08:23:05,468] {subprocess.py:92} INFO - 25/09/01 08:23:05 INFO DiskBlockManager: Created local directory at /tmp/blockmgr-311a2e6a-b78c-423b-a56a-9d18c24ba61f
[2025-09-01 08:23:05,518] {subprocess.py:92} INFO - 25/09/01 08:23:05 INFO MemoryStore: MemoryStore started with capacity 434.4 MiB
[2025-09-01 08:23:05,592] {subprocess.py:92} INFO - 25/09/01 08:23:05 INFO SparkEnv: Registering OutputCommitCoordinator
[2025-09-01 08:23:06,094] {subprocess.py:92} INFO - 25/09/01 08:23:06 WARN Utils: Service 'SparkUI' could not bind on port 4040. Attempting port 4041.
[2025-09-01 08:23:06,129] {subprocess.py:92} INFO - 25/09/01 08:23:06 INFO Utils: Successfully started service 'SparkUI' on port 4041.
[2025-09-01 08:23:06,219] {subprocess.py:92} INFO - 25/09/01 08:23:06 INFO SparkContext: Added JAR file:///home/***/.ivy2/jars/org.apache.spark_spark-sql-kafka-0-10_2.12-3.3.1.jar at spark://e66737cfc193:35639/jars/org.apache.spark_spark-sql-kafka-0-10_2.12-3.3.1.jar with timestamp 1756714983820
[2025-09-01 08:23:06,219] {subprocess.py:92} INFO - 25/09/01 08:23:06 INFO SparkContext: Added JAR file:///home/***/.ivy2/jars/org.apache.spark_spark-token-provider-kafka-0-10_2.12-3.3.1.jar at spark://e66737cfc193:35639/jars/org.apache.spark_spark-token-provider-kafka-0-10_2.12-3.3.1.jar with timestamp 1756714983820
[2025-09-01 08:23:06,219] {subprocess.py:92} INFO - 25/09/01 08:23:06 INFO SparkContext: Added JAR file:///home/***/.ivy2/jars/org.apache.kafka_kafka-clients-2.8.1.jar at spark://e66737cfc193:35639/jars/org.apache.kafka_kafka-clients-2.8.1.jar with timestamp 1756714983820
[2025-09-01 08:23:06,219] {subprocess.py:92} INFO - 25/09/01 08:23:06 INFO SparkContext: Added JAR file:///home/***/.ivy2/jars/com.google.code.findbugs_jsr305-3.0.0.jar at spark://e66737cfc193:35639/jars/com.google.code.findbugs_jsr305-3.0.0.jar with timestamp 1756714983820
[2025-09-01 08:23:06,220] {subprocess.py:92} INFO - 25/09/01 08:23:06 INFO SparkContext: Added JAR file:///home/***/.ivy2/jars/org.apache.commons_commons-pool2-2.11.1.jar at spark://e66737cfc193:35639/jars/org.apache.commons_commons-pool2-2.11.1.jar with timestamp 1756714983820
[2025-09-01 08:23:06,220] {subprocess.py:92} INFO - 25/09/01 08:23:06 INFO SparkContext: Added JAR file:///home/***/.ivy2/jars/org.spark-project.spark_unused-1.0.0.jar at spark://e66737cfc193:35639/jars/org.spark-project.spark_unused-1.0.0.jar with timestamp 1756714983820
[2025-09-01 08:23:06,220] {subprocess.py:92} INFO - 25/09/01 08:23:06 INFO SparkContext: Added JAR file:///home/***/.ivy2/jars/org.apache.hadoop_hadoop-client-runtime-3.3.2.jar at spark://e66737cfc193:35639/jars/org.apache.hadoop_hadoop-client-runtime-3.3.2.jar with timestamp 1756714983820
[2025-09-01 08:23:06,221] {subprocess.py:92} INFO - 25/09/01 08:23:06 INFO SparkContext: Added JAR file:///home/***/.ivy2/jars/org.lz4_lz4-java-1.8.0.jar at spark://e66737cfc193:35639/jars/org.lz4_lz4-java-1.8.0.jar with timestamp 1756714983820
[2025-09-01 08:23:06,221] {subprocess.py:92} INFO - 25/09/01 08:23:06 INFO SparkContext: Added JAR file:///home/***/.ivy2/jars/org.xerial.snappy_snappy-java-1.1.8.4.jar at spark://e66737cfc193:35639/jars/org.xerial.snappy_snappy-java-1.1.8.4.jar with timestamp 1756714983820
[2025-09-01 08:23:06,221] {subprocess.py:92} INFO - 25/09/01 08:23:06 INFO SparkContext: Added JAR file:///home/***/.ivy2/jars/org.slf4j_slf4j-api-1.7.32.jar at spark://e66737cfc193:35639/jars/org.slf4j_slf4j-api-1.7.32.jar with timestamp 1756714983820
[2025-09-01 08:23:06,221] {subprocess.py:92} INFO - 25/09/01 08:23:06 INFO SparkContext: Added JAR file:///home/***/.ivy2/jars/org.apache.hadoop_hadoop-client-api-3.3.2.jar at spark://e66737cfc193:35639/jars/org.apache.hadoop_hadoop-client-api-3.3.2.jar with timestamp 1756714983820
[2025-09-01 08:23:06,221] {subprocess.py:92} INFO - 25/09/01 08:23:06 INFO SparkContext: Added JAR file:///home/***/.ivy2/jars/commons-logging_commons-logging-1.1.3.jar at spark://e66737cfc193:35639/jars/commons-logging_commons-logging-1.1.3.jar with timestamp 1756714983820
[2025-09-01 08:23:06,228] {subprocess.py:92} INFO - 25/09/01 08:23:06 INFO SparkContext: Added file file:///home/***/.ivy2/jars/org.apache.spark_spark-sql-kafka-0-10_2.12-3.3.1.jar at file:///home/***/.ivy2/jars/org.apache.spark_spark-sql-kafka-0-10_2.12-3.3.1.jar with timestamp 1756714983820
[2025-09-01 08:23:06,231] {subprocess.py:92} INFO - 25/09/01 08:23:06 INFO Utils: Copying /home/***/.ivy2/jars/org.apache.spark_spark-sql-kafka-0-10_2.12-3.3.1.jar to /tmp/spark-fb7c420a-42b0-4006-b3c1-20e390778146/userFiles-e41076e5-42d7-4f85-ae10-69f53609bf44/org.apache.spark_spark-sql-kafka-0-10_2.12-3.3.1.jar
[2025-09-01 08:23:06,259] {subprocess.py:92} INFO - 25/09/01 08:23:06 INFO SparkContext: Added file file:///home/***/.ivy2/jars/org.apache.spark_spark-token-provider-kafka-0-10_2.12-3.3.1.jar at file:///home/***/.ivy2/jars/org.apache.spark_spark-token-provider-kafka-0-10_2.12-3.3.1.jar with timestamp 1756714983820
[2025-09-01 08:23:06,259] {subprocess.py:92} INFO - 25/09/01 08:23:06 INFO Utils: Copying /home/***/.ivy2/jars/org.apache.spark_spark-token-provider-kafka-0-10_2.12-3.3.1.jar to /tmp/spark-fb7c420a-42b0-4006-b3c1-20e390778146/userFiles-e41076e5-42d7-4f85-ae10-69f53609bf44/org.apache.spark_spark-token-provider-kafka-0-10_2.12-3.3.1.jar
[2025-09-01 08:23:06,274] {subprocess.py:92} INFO - 25/09/01 08:23:06 INFO SparkContext: Added file file:///home/***/.ivy2/jars/org.apache.kafka_kafka-clients-2.8.1.jar at file:///home/***/.ivy2/jars/org.apache.kafka_kafka-clients-2.8.1.jar with timestamp 1756714983820
[2025-09-01 08:23:06,275] {subprocess.py:92} INFO - 25/09/01 08:23:06 INFO Utils: Copying /home/***/.ivy2/jars/org.apache.kafka_kafka-clients-2.8.1.jar to /tmp/spark-fb7c420a-42b0-4006-b3c1-20e390778146/userFiles-e41076e5-42d7-4f85-ae10-69f53609bf44/org.apache.kafka_kafka-clients-2.8.1.jar
[2025-09-01 08:23:06,298] {subprocess.py:92} INFO - 25/09/01 08:23:06 INFO SparkContext: Added file file:///home/***/.ivy2/jars/com.google.code.findbugs_jsr305-3.0.0.jar at file:///home/***/.ivy2/jars/com.google.code.findbugs_jsr305-3.0.0.jar with timestamp 1756714983820
[2025-09-01 08:23:06,299] {subprocess.py:92} INFO - 25/09/01 08:23:06 INFO Utils: Copying /home/***/.ivy2/jars/com.google.code.findbugs_jsr305-3.0.0.jar to /tmp/spark-fb7c420a-42b0-4006-b3c1-20e390778146/userFiles-e41076e5-42d7-4f85-ae10-69f53609bf44/com.google.code.findbugs_jsr305-3.0.0.jar
[2025-09-01 08:23:06,323] {subprocess.py:92} INFO - 25/09/01 08:23:06 INFO SparkContext: Added file file:///home/***/.ivy2/jars/org.apache.commons_commons-pool2-2.11.1.jar at file:///home/***/.ivy2/jars/org.apache.commons_commons-pool2-2.11.1.jar with timestamp 1756714983820
[2025-09-01 08:23:06,324] {subprocess.py:92} INFO - 25/09/01 08:23:06 INFO Utils: Copying /home/***/.ivy2/jars/org.apache.commons_commons-pool2-2.11.1.jar to /tmp/spark-fb7c420a-42b0-4006-b3c1-20e390778146/userFiles-e41076e5-42d7-4f85-ae10-69f53609bf44/org.apache.commons_commons-pool2-2.11.1.jar
[2025-09-01 08:23:06,341] {subprocess.py:92} INFO - 25/09/01 08:23:06 INFO SparkContext: Added file file:///home/***/.ivy2/jars/org.spark-project.spark_unused-1.0.0.jar at file:///home/***/.ivy2/jars/org.spark-project.spark_unused-1.0.0.jar with timestamp 1756714983820
[2025-09-01 08:23:06,341] {subprocess.py:92} INFO - 25/09/01 08:23:06 INFO Utils: Copying /home/***/.ivy2/jars/org.spark-project.spark_unused-1.0.0.jar to /tmp/spark-fb7c420a-42b0-4006-b3c1-20e390778146/userFiles-e41076e5-42d7-4f85-ae10-69f53609bf44/org.spark-project.spark_unused-1.0.0.jar
[2025-09-01 08:23:06,356] {subprocess.py:92} INFO - 25/09/01 08:23:06 INFO SparkContext: Added file file:///home/***/.ivy2/jars/org.apache.hadoop_hadoop-client-runtime-3.3.2.jar at file:///home/***/.ivy2/jars/org.apache.hadoop_hadoop-client-runtime-3.3.2.jar with timestamp 1756714983820
[2025-09-01 08:23:06,356] {subprocess.py:92} INFO - 25/09/01 08:23:06 INFO Utils: Copying /home/***/.ivy2/jars/org.apache.hadoop_hadoop-client-runtime-3.3.2.jar to /tmp/spark-fb7c420a-42b0-4006-b3c1-20e390778146/userFiles-e41076e5-42d7-4f85-ae10-69f53609bf44/org.apache.hadoop_hadoop-client-runtime-3.3.2.jar
[2025-09-01 08:23:06,435] {subprocess.py:92} INFO - 25/09/01 08:23:06 INFO SparkContext: Added file file:///home/***/.ivy2/jars/org.lz4_lz4-java-1.8.0.jar at file:///home/***/.ivy2/jars/org.lz4_lz4-java-1.8.0.jar with timestamp 1756714983820
[2025-09-01 08:23:06,435] {subprocess.py:92} INFO - 25/09/01 08:23:06 INFO Utils: Copying /home/***/.ivy2/jars/org.lz4_lz4-java-1.8.0.jar to /tmp/spark-fb7c420a-42b0-4006-b3c1-20e390778146/userFiles-e41076e5-42d7-4f85-ae10-69f53609bf44/org.lz4_lz4-java-1.8.0.jar
[2025-09-01 08:23:06,451] {subprocess.py:92} INFO - 25/09/01 08:23:06 INFO SparkContext: Added file file:///home/***/.ivy2/jars/org.xerial.snappy_snappy-java-1.1.8.4.jar at file:///home/***/.ivy2/jars/org.xerial.snappy_snappy-java-1.1.8.4.jar with timestamp 1756714983820
[2025-09-01 08:23:06,452] {subprocess.py:92} INFO - 25/09/01 08:23:06 INFO Utils: Copying /home/***/.ivy2/jars/org.xerial.snappy_snappy-java-1.1.8.4.jar to /tmp/spark-fb7c420a-42b0-4006-b3c1-20e390778146/userFiles-e41076e5-42d7-4f85-ae10-69f53609bf44/org.xerial.snappy_snappy-java-1.1.8.4.jar
[2025-09-01 08:23:06,469] {subprocess.py:92} INFO - 25/09/01 08:23:06 INFO SparkContext: Added file file:///home/***/.ivy2/jars/org.slf4j_slf4j-api-1.7.32.jar at file:///home/***/.ivy2/jars/org.slf4j_slf4j-api-1.7.32.jar with timestamp 1756714983820
[2025-09-01 08:23:06,470] {subprocess.py:92} INFO - 25/09/01 08:23:06 INFO Utils: Copying /home/***/.ivy2/jars/org.slf4j_slf4j-api-1.7.32.jar to /tmp/spark-fb7c420a-42b0-4006-b3c1-20e390778146/userFiles-e41076e5-42d7-4f85-ae10-69f53609bf44/org.slf4j_slf4j-api-1.7.32.jar
[2025-09-01 08:23:06,479] {subprocess.py:92} INFO - 25/09/01 08:23:06 INFO SparkContext: Added file file:///home/***/.ivy2/jars/org.apache.hadoop_hadoop-client-api-3.3.2.jar at file:///home/***/.ivy2/jars/org.apache.hadoop_hadoop-client-api-3.3.2.jar with timestamp 1756714983820
[2025-09-01 08:23:06,480] {subprocess.py:92} INFO - 25/09/01 08:23:06 INFO Utils: Copying /home/***/.ivy2/jars/org.apache.hadoop_hadoop-client-api-3.3.2.jar to /tmp/spark-fb7c420a-42b0-4006-b3c1-20e390778146/userFiles-e41076e5-42d7-4f85-ae10-69f53609bf44/org.apache.hadoop_hadoop-client-api-3.3.2.jar
[2025-09-01 08:23:06,538] {subprocess.py:92} INFO - 25/09/01 08:23:06 INFO SparkContext: Added file file:///home/***/.ivy2/jars/commons-logging_commons-logging-1.1.3.jar at file:///home/***/.ivy2/jars/commons-logging_commons-logging-1.1.3.jar with timestamp 1756714983820
[2025-09-01 08:23:06,538] {subprocess.py:92} INFO - 25/09/01 08:23:06 INFO Utils: Copying /home/***/.ivy2/jars/commons-logging_commons-logging-1.1.3.jar to /tmp/spark-fb7c420a-42b0-4006-b3c1-20e390778146/userFiles-e41076e5-42d7-4f85-ae10-69f53609bf44/commons-logging_commons-logging-1.1.3.jar
[2025-09-01 08:23:06,715] {subprocess.py:92} INFO - 25/09/01 08:23:06 INFO Executor: Starting executor ID driver on host e66737cfc193
[2025-09-01 08:23:06,735] {subprocess.py:92} INFO - 25/09/01 08:23:06 INFO Executor: Starting executor with user classpath (userClassPathFirst = false): ''
[2025-09-01 08:23:06,777] {subprocess.py:92} INFO - 25/09/01 08:23:06 INFO Executor: Fetching file:///home/***/.ivy2/jars/commons-logging_commons-logging-1.1.3.jar with timestamp 1756714983820
[2025-09-01 08:23:06,826] {subprocess.py:92} INFO - 25/09/01 08:23:06 INFO Utils: /home/***/.ivy2/jars/commons-logging_commons-logging-1.1.3.jar has been previously copied to /tmp/spark-fb7c420a-42b0-4006-b3c1-20e390778146/userFiles-e41076e5-42d7-4f85-ae10-69f53609bf44/commons-logging_commons-logging-1.1.3.jar
[2025-09-01 08:23:06,833] {subprocess.py:92} INFO - 25/09/01 08:23:06 INFO Executor: Fetching file:///home/***/.ivy2/jars/org.spark-project.spark_unused-1.0.0.jar with timestamp 1756714983820
[2025-09-01 08:23:06,834] {subprocess.py:92} INFO - 25/09/01 08:23:06 INFO Utils: /home/***/.ivy2/jars/org.spark-project.spark_unused-1.0.0.jar has been previously copied to /tmp/spark-fb7c420a-42b0-4006-b3c1-20e390778146/userFiles-e41076e5-42d7-4f85-ae10-69f53609bf44/org.spark-project.spark_unused-1.0.0.jar
[2025-09-01 08:23:06,842] {subprocess.py:92} INFO - 25/09/01 08:23:06 INFO Executor: Fetching file:///home/***/.ivy2/jars/org.apache.spark_spark-sql-kafka-0-10_2.12-3.3.1.jar with timestamp 1756714983820
[2025-09-01 08:23:06,855] {subprocess.py:92} INFO - 25/09/01 08:23:06 INFO Utils: /home/***/.ivy2/jars/org.apache.spark_spark-sql-kafka-0-10_2.12-3.3.1.jar has been previously copied to /tmp/spark-fb7c420a-42b0-4006-b3c1-20e390778146/userFiles-e41076e5-42d7-4f85-ae10-69f53609bf44/org.apache.spark_spark-sql-kafka-0-10_2.12-3.3.1.jar
[2025-09-01 08:23:06,865] {subprocess.py:92} INFO - 25/09/01 08:23:06 INFO Executor: Fetching file:///home/***/.ivy2/jars/org.apache.hadoop_hadoop-client-api-3.3.2.jar with timestamp 1756714983820
[2025-09-01 08:23:06,915] {subprocess.py:92} INFO - 25/09/01 08:23:06 INFO Utils: /home/***/.ivy2/jars/org.apache.hadoop_hadoop-client-api-3.3.2.jar has been previously copied to /tmp/spark-fb7c420a-42b0-4006-b3c1-20e390778146/userFiles-e41076e5-42d7-4f85-ae10-69f53609bf44/org.apache.hadoop_hadoop-client-api-3.3.2.jar
[2025-09-01 08:23:06,934] {subprocess.py:92} INFO - 25/09/01 08:23:06 INFO Executor: Fetching file:///home/***/.ivy2/jars/org.apache.hadoop_hadoop-client-runtime-3.3.2.jar with timestamp 1756714983820
[2025-09-01 08:23:07,010] {subprocess.py:92} INFO - 25/09/01 08:23:07 INFO Utils: /home/***/.ivy2/jars/org.apache.hadoop_hadoop-client-runtime-3.3.2.jar has been previously copied to /tmp/spark-fb7c420a-42b0-4006-b3c1-20e390778146/userFiles-e41076e5-42d7-4f85-ae10-69f53609bf44/org.apache.hadoop_hadoop-client-runtime-3.3.2.jar
[2025-09-01 08:23:07,020] {subprocess.py:92} INFO - 25/09/01 08:23:07 INFO Executor: Fetching file:///home/***/.ivy2/jars/org.slf4j_slf4j-api-1.7.32.jar with timestamp 1756714983820
[2025-09-01 08:23:07,021] {subprocess.py:92} INFO - 25/09/01 08:23:07 INFO Utils: /home/***/.ivy2/jars/org.slf4j_slf4j-api-1.7.32.jar has been previously copied to /tmp/spark-fb7c420a-42b0-4006-b3c1-20e390778146/userFiles-e41076e5-42d7-4f85-ae10-69f53609bf44/org.slf4j_slf4j-api-1.7.32.jar
[2025-09-01 08:23:07,030] {subprocess.py:92} INFO - 25/09/01 08:23:07 INFO Executor: Fetching file:///home/***/.ivy2/jars/org.lz4_lz4-java-1.8.0.jar with timestamp 1756714983820
[2025-09-01 08:23:07,037] {subprocess.py:92} INFO - 25/09/01 08:23:07 INFO Utils: /home/***/.ivy2/jars/org.lz4_lz4-java-1.8.0.jar has been previously copied to /tmp/spark-fb7c420a-42b0-4006-b3c1-20e390778146/userFiles-e41076e5-42d7-4f85-ae10-69f53609bf44/org.lz4_lz4-java-1.8.0.jar
[2025-09-01 08:23:07,055] {subprocess.py:92} INFO - 25/09/01 08:23:07 INFO Executor: Fetching file:///home/***/.ivy2/jars/org.apache.commons_commons-pool2-2.11.1.jar with timestamp 1756714983820
[2025-09-01 08:23:07,057] {subprocess.py:92} INFO - 25/09/01 08:23:07 INFO Utils: /home/***/.ivy2/jars/org.apache.commons_commons-pool2-2.11.1.jar has been previously copied to /tmp/spark-fb7c420a-42b0-4006-b3c1-20e390778146/userFiles-e41076e5-42d7-4f85-ae10-69f53609bf44/org.apache.commons_commons-pool2-2.11.1.jar
[2025-09-01 08:23:07,065] {subprocess.py:92} INFO - 25/09/01 08:23:07 INFO Executor: Fetching file:///home/***/.ivy2/jars/com.google.code.findbugs_jsr305-3.0.0.jar with timestamp 1756714983820
[2025-09-01 08:23:07,066] {subprocess.py:92} INFO - 25/09/01 08:23:07 INFO Utils: /home/***/.ivy2/jars/com.google.code.findbugs_jsr305-3.0.0.jar has been previously copied to /tmp/spark-fb7c420a-42b0-4006-b3c1-20e390778146/userFiles-e41076e5-42d7-4f85-ae10-69f53609bf44/com.google.code.findbugs_jsr305-3.0.0.jar
[2025-09-01 08:23:07,080] {subprocess.py:92} INFO - 25/09/01 08:23:07 INFO Executor: Fetching file:///home/***/.ivy2/jars/org.apache.spark_spark-token-provider-kafka-0-10_2.12-3.3.1.jar with timestamp 1756714983820
[2025-09-01 08:23:07,081] {subprocess.py:92} INFO - 25/09/01 08:23:07 INFO Utils: /home/***/.ivy2/jars/org.apache.spark_spark-token-provider-kafka-0-10_2.12-3.3.1.jar has been previously copied to /tmp/spark-fb7c420a-42b0-4006-b3c1-20e390778146/userFiles-e41076e5-42d7-4f85-ae10-69f53609bf44/org.apache.spark_spark-token-provider-kafka-0-10_2.12-3.3.1.jar
[2025-09-01 08:23:07,090] {subprocess.py:92} INFO - 25/09/01 08:23:07 INFO Executor: Fetching file:///home/***/.ivy2/jars/org.apache.kafka_kafka-clients-2.8.1.jar with timestamp 1756714983820
[2025-09-01 08:23:07,099] {subprocess.py:92} INFO - 25/09/01 08:23:07 INFO Utils: /home/***/.ivy2/jars/org.apache.kafka_kafka-clients-2.8.1.jar has been previously copied to /tmp/spark-fb7c420a-42b0-4006-b3c1-20e390778146/userFiles-e41076e5-42d7-4f85-ae10-69f53609bf44/org.apache.kafka_kafka-clients-2.8.1.jar
[2025-09-01 08:23:07,106] {subprocess.py:92} INFO - 25/09/01 08:23:07 INFO Executor: Fetching file:///home/***/.ivy2/jars/org.xerial.snappy_snappy-java-1.1.8.4.jar with timestamp 1756714983820
[2025-09-01 08:23:07,110] {subprocess.py:92} INFO - 25/09/01 08:23:07 INFO Utils: /home/***/.ivy2/jars/org.xerial.snappy_snappy-java-1.1.8.4.jar has been previously copied to /tmp/spark-fb7c420a-42b0-4006-b3c1-20e390778146/userFiles-e41076e5-42d7-4f85-ae10-69f53609bf44/org.xerial.snappy_snappy-java-1.1.8.4.jar
[2025-09-01 08:23:07,123] {subprocess.py:92} INFO - 25/09/01 08:23:07 INFO Executor: Fetching spark://e66737cfc193:35639/jars/org.apache.spark_spark-sql-kafka-0-10_2.12-3.3.1.jar with timestamp 1756714983820
[2025-09-01 08:23:07,229] {subprocess.py:92} INFO - 25/09/01 08:23:07 INFO TransportClientFactory: Successfully created connection to e66737cfc193/172.20.0.18:35639 after 78 ms (0 ms spent in bootstraps)
[2025-09-01 08:23:07,240] {subprocess.py:92} INFO - 25/09/01 08:23:07 INFO Utils: Fetching spark://e66737cfc193:35639/jars/org.apache.spark_spark-sql-kafka-0-10_2.12-3.3.1.jar to /tmp/spark-fb7c420a-42b0-4006-b3c1-20e390778146/userFiles-e41076e5-42d7-4f85-ae10-69f53609bf44/fetchFileTemp659290991376689919.tmp
[2025-09-01 08:23:07,349] {subprocess.py:92} INFO - 25/09/01 08:23:07 INFO Utils: /tmp/spark-fb7c420a-42b0-4006-b3c1-20e390778146/userFiles-e41076e5-42d7-4f85-ae10-69f53609bf44/fetchFileTemp659290991376689919.tmp has been previously copied to /tmp/spark-fb7c420a-42b0-4006-b3c1-20e390778146/userFiles-e41076e5-42d7-4f85-ae10-69f53609bf44/org.apache.spark_spark-sql-kafka-0-10_2.12-3.3.1.jar
[2025-09-01 08:23:07,360] {subprocess.py:92} INFO - 25/09/01 08:23:07 INFO Executor: Adding file:/tmp/spark-fb7c420a-42b0-4006-b3c1-20e390778146/userFiles-e41076e5-42d7-4f85-ae10-69f53609bf44/org.apache.spark_spark-sql-kafka-0-10_2.12-3.3.1.jar to class loader
[2025-09-01 08:23:07,361] {subprocess.py:92} INFO - 25/09/01 08:23:07 INFO Executor: Fetching spark://e66737cfc193:35639/jars/org.spark-project.spark_unused-1.0.0.jar with timestamp 1756714983820
[2025-09-01 08:23:07,361] {subprocess.py:92} INFO - 25/09/01 08:23:07 INFO Utils: Fetching spark://e66737cfc193:35639/jars/org.spark-project.spark_unused-1.0.0.jar to /tmp/spark-fb7c420a-42b0-4006-b3c1-20e390778146/userFiles-e41076e5-42d7-4f85-ae10-69f53609bf44/fetchFileTemp4964491778421732206.tmp
[2025-09-01 08:23:07,367] {subprocess.py:92} INFO - 25/09/01 08:23:07 INFO Utils: /tmp/spark-fb7c420a-42b0-4006-b3c1-20e390778146/userFiles-e41076e5-42d7-4f85-ae10-69f53609bf44/fetchFileTemp4964491778421732206.tmp has been previously copied to /tmp/spark-fb7c420a-42b0-4006-b3c1-20e390778146/userFiles-e41076e5-42d7-4f85-ae10-69f53609bf44/org.spark-project.spark_unused-1.0.0.jar
[2025-09-01 08:23:07,376] {subprocess.py:92} INFO - 25/09/01 08:23:07 INFO Executor: Adding file:/tmp/spark-fb7c420a-42b0-4006-b3c1-20e390778146/userFiles-e41076e5-42d7-4f85-ae10-69f53609bf44/org.spark-project.spark_unused-1.0.0.jar to class loader
[2025-09-01 08:23:07,377] {subprocess.py:92} INFO - 25/09/01 08:23:07 INFO Executor: Fetching spark://e66737cfc193:35639/jars/org.apache.hadoop_hadoop-client-api-3.3.2.jar with timestamp 1756714983820
[2025-09-01 08:23:07,378] {subprocess.py:92} INFO - 25/09/01 08:23:07 INFO Utils: Fetching spark://e66737cfc193:35639/jars/org.apache.hadoop_hadoop-client-api-3.3.2.jar to /tmp/spark-fb7c420a-42b0-4006-b3c1-20e390778146/userFiles-e41076e5-42d7-4f85-ae10-69f53609bf44/fetchFileTemp6001662336419929551.tmp
[2025-09-01 08:23:07,625] {subprocess.py:92} INFO - 25/09/01 08:23:07 INFO Utils: /tmp/spark-fb7c420a-42b0-4006-b3c1-20e390778146/userFiles-e41076e5-42d7-4f85-ae10-69f53609bf44/fetchFileTemp6001662336419929551.tmp has been previously copied to /tmp/spark-fb7c420a-42b0-4006-b3c1-20e390778146/userFiles-e41076e5-42d7-4f85-ae10-69f53609bf44/org.apache.hadoop_hadoop-client-api-3.3.2.jar
[2025-09-01 08:23:07,646] {subprocess.py:92} INFO - 25/09/01 08:23:07 INFO Executor: Adding file:/tmp/spark-fb7c420a-42b0-4006-b3c1-20e390778146/userFiles-e41076e5-42d7-4f85-ae10-69f53609bf44/org.apache.hadoop_hadoop-client-api-3.3.2.jar to class loader
[2025-09-01 08:23:07,647] {subprocess.py:92} INFO - 25/09/01 08:23:07 INFO Executor: Fetching spark://e66737cfc193:35639/jars/org.apache.commons_commons-pool2-2.11.1.jar with timestamp 1756714983820
[2025-09-01 08:23:07,648] {subprocess.py:92} INFO - 25/09/01 08:23:07 INFO Utils: Fetching spark://e66737cfc193:35639/jars/org.apache.commons_commons-pool2-2.11.1.jar to /tmp/spark-fb7c420a-42b0-4006-b3c1-20e390778146/userFiles-e41076e5-42d7-4f85-ae10-69f53609bf44/fetchFileTemp4856529295013141855.tmp
[2025-09-01 08:23:07,657] {subprocess.py:92} INFO - 25/09/01 08:23:07 INFO Utils: /tmp/spark-fb7c420a-42b0-4006-b3c1-20e390778146/userFiles-e41076e5-42d7-4f85-ae10-69f53609bf44/fetchFileTemp4856529295013141855.tmp has been previously copied to /tmp/spark-fb7c420a-42b0-4006-b3c1-20e390778146/userFiles-e41076e5-42d7-4f85-ae10-69f53609bf44/org.apache.commons_commons-pool2-2.11.1.jar
[2025-09-01 08:23:07,665] {subprocess.py:92} INFO - 25/09/01 08:23:07 INFO Executor: Adding file:/tmp/spark-fb7c420a-42b0-4006-b3c1-20e390778146/userFiles-e41076e5-42d7-4f85-ae10-69f53609bf44/org.apache.commons_commons-pool2-2.11.1.jar to class loader
[2025-09-01 08:23:07,665] {subprocess.py:92} INFO - 25/09/01 08:23:07 INFO Executor: Fetching spark://e66737cfc193:35639/jars/com.google.code.findbugs_jsr305-3.0.0.jar with timestamp 1756714983820
[2025-09-01 08:23:07,667] {subprocess.py:92} INFO - 25/09/01 08:23:07 INFO Utils: Fetching spark://e66737cfc193:35639/jars/com.google.code.findbugs_jsr305-3.0.0.jar to /tmp/spark-fb7c420a-42b0-4006-b3c1-20e390778146/userFiles-e41076e5-42d7-4f85-ae10-69f53609bf44/fetchFileTemp13718296506625666206.tmp
[2025-09-01 08:23:07,672] {subprocess.py:92} INFO - 25/09/01 08:23:07 INFO Utils: /tmp/spark-fb7c420a-42b0-4006-b3c1-20e390778146/userFiles-e41076e5-42d7-4f85-ae10-69f53609bf44/fetchFileTemp13718296506625666206.tmp has been previously copied to /tmp/spark-fb7c420a-42b0-4006-b3c1-20e390778146/userFiles-e41076e5-42d7-4f85-ae10-69f53609bf44/com.google.code.findbugs_jsr305-3.0.0.jar
[2025-09-01 08:23:07,681] {subprocess.py:92} INFO - 25/09/01 08:23:07 INFO Executor: Adding file:/tmp/spark-fb7c420a-42b0-4006-b3c1-20e390778146/userFiles-e41076e5-42d7-4f85-ae10-69f53609bf44/com.google.code.findbugs_jsr305-3.0.0.jar to class loader
[2025-09-01 08:23:07,683] {subprocess.py:92} INFO - 25/09/01 08:23:07 INFO Executor: Fetching spark://e66737cfc193:35639/jars/org.apache.hadoop_hadoop-client-runtime-3.3.2.jar with timestamp 1756714983820
[2025-09-01 08:23:07,684] {subprocess.py:92} INFO - 25/09/01 08:23:07 INFO Utils: Fetching spark://e66737cfc193:35639/jars/org.apache.hadoop_hadoop-client-runtime-3.3.2.jar to /tmp/spark-fb7c420a-42b0-4006-b3c1-20e390778146/userFiles-e41076e5-42d7-4f85-ae10-69f53609bf44/fetchFileTemp17211467584298490968.tmp
[2025-09-01 08:23:07,956] {subprocess.py:92} INFO - 25/09/01 08:23:07 INFO Utils: /tmp/spark-fb7c420a-42b0-4006-b3c1-20e390778146/userFiles-e41076e5-42d7-4f85-ae10-69f53609bf44/fetchFileTemp17211467584298490968.tmp has been previously copied to /tmp/spark-fb7c420a-42b0-4006-b3c1-20e390778146/userFiles-e41076e5-42d7-4f85-ae10-69f53609bf44/org.apache.hadoop_hadoop-client-runtime-3.3.2.jar
[2025-09-01 08:23:07,976] {subprocess.py:92} INFO - 25/09/01 08:23:07 INFO Executor: Adding file:/tmp/spark-fb7c420a-42b0-4006-b3c1-20e390778146/userFiles-e41076e5-42d7-4f85-ae10-69f53609bf44/org.apache.hadoop_hadoop-client-runtime-3.3.2.jar to class loader
[2025-09-01 08:23:07,977] {subprocess.py:92} INFO - 25/09/01 08:23:07 INFO Executor: Fetching spark://e66737cfc193:35639/jars/org.apache.kafka_kafka-clients-2.8.1.jar with timestamp 1756714983820
[2025-09-01 08:23:07,978] {subprocess.py:92} INFO - 25/09/01 08:23:07 INFO Utils: Fetching spark://e66737cfc193:35639/jars/org.apache.kafka_kafka-clients-2.8.1.jar to /tmp/spark-fb7c420a-42b0-4006-b3c1-20e390778146/userFiles-e41076e5-42d7-4f85-ae10-69f53609bf44/fetchFileTemp2780404197082982417.tmp
[2025-09-01 08:23:08,017] {subprocess.py:92} INFO - 25/09/01 08:23:08 INFO Utils: /tmp/spark-fb7c420a-42b0-4006-b3c1-20e390778146/userFiles-e41076e5-42d7-4f85-ae10-69f53609bf44/fetchFileTemp2780404197082982417.tmp has been previously copied to /tmp/spark-fb7c420a-42b0-4006-b3c1-20e390778146/userFiles-e41076e5-42d7-4f85-ae10-69f53609bf44/org.apache.kafka_kafka-clients-2.8.1.jar
[2025-09-01 08:23:08,027] {subprocess.py:92} INFO - 25/09/01 08:23:08 INFO Executor: Adding file:/tmp/spark-fb7c420a-42b0-4006-b3c1-20e390778146/userFiles-e41076e5-42d7-4f85-ae10-69f53609bf44/org.apache.kafka_kafka-clients-2.8.1.jar to class loader
[2025-09-01 08:23:08,028] {subprocess.py:92} INFO - 25/09/01 08:23:08 INFO Executor: Fetching spark://e66737cfc193:35639/jars/org.slf4j_slf4j-api-1.7.32.jar with timestamp 1756714983820
[2025-09-01 08:23:08,030] {subprocess.py:92} INFO - 25/09/01 08:23:08 INFO Utils: Fetching spark://e66737cfc193:35639/jars/org.slf4j_slf4j-api-1.7.32.jar to /tmp/spark-fb7c420a-42b0-4006-b3c1-20e390778146/userFiles-e41076e5-42d7-4f85-ae10-69f53609bf44/fetchFileTemp14142553427860954841.tmp
[2025-09-01 08:23:08,033] {subprocess.py:92} INFO - 25/09/01 08:23:08 INFO Utils: /tmp/spark-fb7c420a-42b0-4006-b3c1-20e390778146/userFiles-e41076e5-42d7-4f85-ae10-69f53609bf44/fetchFileTemp14142553427860954841.tmp has been previously copied to /tmp/spark-fb7c420a-42b0-4006-b3c1-20e390778146/userFiles-e41076e5-42d7-4f85-ae10-69f53609bf44/org.slf4j_slf4j-api-1.7.32.jar
[2025-09-01 08:23:08,042] {subprocess.py:92} INFO - 25/09/01 08:23:08 INFO Executor: Adding file:/tmp/spark-fb7c420a-42b0-4006-b3c1-20e390778146/userFiles-e41076e5-42d7-4f85-ae10-69f53609bf44/org.slf4j_slf4j-api-1.7.32.jar to class loader
[2025-09-01 08:23:08,042] {subprocess.py:92} INFO - 25/09/01 08:23:08 INFO Executor: Fetching spark://e66737cfc193:35639/jars/org.apache.spark_spark-token-provider-kafka-0-10_2.12-3.3.1.jar with timestamp 1756714983820
[2025-09-01 08:23:08,043] {subprocess.py:92} INFO - 25/09/01 08:23:08 INFO Utils: Fetching spark://e66737cfc193:35639/jars/org.apache.spark_spark-token-provider-kafka-0-10_2.12-3.3.1.jar to /tmp/spark-fb7c420a-42b0-4006-b3c1-20e390778146/userFiles-e41076e5-42d7-4f85-ae10-69f53609bf44/fetchFileTemp18344745639433031832.tmp
[2025-09-01 08:23:08,049] {subprocess.py:92} INFO - 25/09/01 08:23:08 INFO Utils: /tmp/spark-fb7c420a-42b0-4006-b3c1-20e390778146/userFiles-e41076e5-42d7-4f85-ae10-69f53609bf44/fetchFileTemp18344745639433031832.tmp has been previously copied to /tmp/spark-fb7c420a-42b0-4006-b3c1-20e390778146/userFiles-e41076e5-42d7-4f85-ae10-69f53609bf44/org.apache.spark_spark-token-provider-kafka-0-10_2.12-3.3.1.jar
[2025-09-01 08:23:08,060] {subprocess.py:92} INFO - 25/09/01 08:23:08 INFO Executor: Adding file:/tmp/spark-fb7c420a-42b0-4006-b3c1-20e390778146/userFiles-e41076e5-42d7-4f85-ae10-69f53609bf44/org.apache.spark_spark-token-provider-kafka-0-10_2.12-3.3.1.jar to class loader
[2025-09-01 08:23:08,060] {subprocess.py:92} INFO - 25/09/01 08:23:08 INFO Executor: Fetching spark://e66737cfc193:35639/jars/org.xerial.snappy_snappy-java-1.1.8.4.jar with timestamp 1756714983820
[2025-09-01 08:23:08,062] {subprocess.py:92} INFO - 25/09/01 08:23:08 INFO Utils: Fetching spark://e66737cfc193:35639/jars/org.xerial.snappy_snappy-java-1.1.8.4.jar to /tmp/spark-fb7c420a-42b0-4006-b3c1-20e390778146/userFiles-e41076e5-42d7-4f85-ae10-69f53609bf44/fetchFileTemp1559915403940018950.tmp
[2025-09-01 08:23:08,089] {subprocess.py:92} INFO - 25/09/01 08:23:08 INFO Utils: /tmp/spark-fb7c420a-42b0-4006-b3c1-20e390778146/userFiles-e41076e5-42d7-4f85-ae10-69f53609bf44/fetchFileTemp1559915403940018950.tmp has been previously copied to /tmp/spark-fb7c420a-42b0-4006-b3c1-20e390778146/userFiles-e41076e5-42d7-4f85-ae10-69f53609bf44/org.xerial.snappy_snappy-java-1.1.8.4.jar
[2025-09-01 08:23:08,100] {subprocess.py:92} INFO - 25/09/01 08:23:08 INFO Executor: Adding file:/tmp/spark-fb7c420a-42b0-4006-b3c1-20e390778146/userFiles-e41076e5-42d7-4f85-ae10-69f53609bf44/org.xerial.snappy_snappy-java-1.1.8.4.jar to class loader
[2025-09-01 08:23:08,101] {subprocess.py:92} INFO - 25/09/01 08:23:08 INFO Executor: Fetching spark://e66737cfc193:35639/jars/commons-logging_commons-logging-1.1.3.jar with timestamp 1756714983820
[2025-09-01 08:23:08,103] {subprocess.py:92} INFO - 25/09/01 08:23:08 INFO Utils: Fetching spark://e66737cfc193:35639/jars/commons-logging_commons-logging-1.1.3.jar to /tmp/spark-fb7c420a-42b0-4006-b3c1-20e390778146/userFiles-e41076e5-42d7-4f85-ae10-69f53609bf44/fetchFileTemp8211265277738149981.tmp
[2025-09-01 08:23:08,106] {subprocess.py:92} INFO - 25/09/01 08:23:08 INFO Utils: /tmp/spark-fb7c420a-42b0-4006-b3c1-20e390778146/userFiles-e41076e5-42d7-4f85-ae10-69f53609bf44/fetchFileTemp8211265277738149981.tmp has been previously copied to /tmp/spark-fb7c420a-42b0-4006-b3c1-20e390778146/userFiles-e41076e5-42d7-4f85-ae10-69f53609bf44/commons-logging_commons-logging-1.1.3.jar
[2025-09-01 08:23:08,114] {subprocess.py:92} INFO - 25/09/01 08:23:08 INFO Executor: Adding file:/tmp/spark-fb7c420a-42b0-4006-b3c1-20e390778146/userFiles-e41076e5-42d7-4f85-ae10-69f53609bf44/commons-logging_commons-logging-1.1.3.jar to class loader
[2025-09-01 08:23:08,115] {subprocess.py:92} INFO - 25/09/01 08:23:08 INFO Executor: Fetching spark://e66737cfc193:35639/jars/org.lz4_lz4-java-1.8.0.jar with timestamp 1756714983820
[2025-09-01 08:23:08,115] {subprocess.py:92} INFO - 25/09/01 08:23:08 INFO Utils: Fetching spark://e66737cfc193:35639/jars/org.lz4_lz4-java-1.8.0.jar to /tmp/spark-fb7c420a-42b0-4006-b3c1-20e390778146/userFiles-e41076e5-42d7-4f85-ae10-69f53609bf44/fetchFileTemp8226670866299786415.tmp
[2025-09-01 08:23:08,127] {subprocess.py:92} INFO - 25/09/01 08:23:08 INFO Utils: /tmp/spark-fb7c420a-42b0-4006-b3c1-20e390778146/userFiles-e41076e5-42d7-4f85-ae10-69f53609bf44/fetchFileTemp8226670866299786415.tmp has been previously copied to /tmp/spark-fb7c420a-42b0-4006-b3c1-20e390778146/userFiles-e41076e5-42d7-4f85-ae10-69f53609bf44/org.lz4_lz4-java-1.8.0.jar
[2025-09-01 08:23:08,137] {subprocess.py:92} INFO - 25/09/01 08:23:08 INFO Executor: Adding file:/tmp/spark-fb7c420a-42b0-4006-b3c1-20e390778146/userFiles-e41076e5-42d7-4f85-ae10-69f53609bf44/org.lz4_lz4-java-1.8.0.jar to class loader
[2025-09-01 08:23:08,161] {subprocess.py:92} INFO - 25/09/01 08:23:08 INFO Utils: Successfully started service 'org.apache.spark.network.netty.NettyBlockTransferService' on port 44547.
[2025-09-01 08:23:08,162] {subprocess.py:92} INFO - 25/09/01 08:23:08 INFO NettyBlockTransferService: Server created on e66737cfc193:44547
[2025-09-01 08:23:08,168] {subprocess.py:92} INFO - 25/09/01 08:23:08 INFO BlockManager: Using org.apache.spark.storage.RandomBlockReplicationPolicy for block replication policy
[2025-09-01 08:23:08,177] {subprocess.py:92} INFO - 25/09/01 08:23:08 INFO BlockManagerMaster: Registering BlockManager BlockManagerId(driver, e66737cfc193, 44547, None)
[2025-09-01 08:23:08,186] {subprocess.py:92} INFO - 25/09/01 08:23:08 INFO BlockManagerMasterEndpoint: Registering block manager e66737cfc193:44547 with 434.4 MiB RAM, BlockManagerId(driver, e66737cfc193, 44547, None)
[2025-09-01 08:23:08,194] {subprocess.py:92} INFO - 25/09/01 08:23:08 INFO BlockManagerMaster: Registered BlockManager BlockManagerId(driver, e66737cfc193, 44547, None)
[2025-09-01 08:23:08,197] {subprocess.py:92} INFO - 25/09/01 08:23:08 INFO BlockManager: Initialized BlockManager: BlockManagerId(driver, e66737cfc193, 44547, None)
[2025-09-01 08:23:09,097] {subprocess.py:92} INFO - Connexion à Kafka...
[2025-09-01 08:23:14,445] {subprocess.py:92} INFO - Connexion Kafka réussie (kafka:9092)
[2025-09-01 08:23:14,445] {subprocess.py:92} INFO - Transformation des données JSON...
[2025-09-01 08:23:14,898] {subprocess.py:92} INFO - Démarrage du streaming vers HDFS...
[2025-09-01 08:23:16,901] {subprocess.py:92} INFO - Streaming actif - Données météo sauvegardées dans HDFS:/data/weather
[2025-09-01 10:45:43,608] {local_task_job.py:221} WARNING - State of this instance has been externally set to up_for_retry. Terminating instance.
[2025-09-01 10:45:43,614] {process_utils.py:129} INFO - Sending Signals.SIGTERM to group 11787. PIDs of all processes in the group: [11793, 11986, 11787]
[2025-09-01 10:45:43,615] {process_utils.py:80} INFO - Sending the signal Signals.SIGTERM to group 11787
[2025-09-01 10:45:43,615] {taskinstance.py:1541} ERROR - Received SIGTERM. Terminating subprocesses.
[2025-09-01 10:45:43,616] {subprocess.py:103} INFO - Sending SIGTERM signal to process group
[2025-09-01 10:45:43,629] {process_utils.py:75} INFO - Process psutil.Process(pid=11986, status='terminated', started='08:23:01') (11986) terminated with exit code None
[2025-09-01 10:45:43,653] {taskinstance.py:1889} ERROR - Task failed with exception
Traceback (most recent call last):
  File "/home/airflow/.local/lib/python3.7/site-packages/airflow/operators/bash.py", line 189, in execute
    cwd=self.cwd,
  File "/home/airflow/.local/lib/python3.7/site-packages/airflow/hooks/subprocess.py", line 90, in run_command
    for raw_line in iter(self.sub_process.stdout.readline, b''):
  File "/home/airflow/.local/lib/python3.7/site-packages/airflow/models/taskinstance.py", line 1543, in signal_handler
    raise AirflowException("Task received SIGTERM signal")
airflow.exceptions.AirflowException: Task received SIGTERM signal
[2025-09-01 10:45:43,663] {taskinstance.py:1400} INFO - Marking task as FAILED. dag_id=send_weather_to_kafka, task_id=stream_hdfs, execution_date=20250901T074917, start_date=20250901T082254, end_date=20250901T104543
[2025-09-01 10:45:43,685] {standard_task_runner.py:97} ERROR - Failed to execute job 505 for task stream_hdfs (Task received SIGTERM signal; 11787)
[2025-09-01 10:45:43,843] {process_utils.py:75} INFO - Process psutil.Process(pid=11793, status='terminated', started='08:22:54') (11793) terminated with exit code None
[2025-09-01 10:45:43,843] {process_utils.py:75} INFO - Process psutil.Process(pid=11787, status='terminated', exitcode=1, started='08:22:53') (11787) terminated with exit code 1
