[2025-08-19 08:31:10,121] {taskinstance.py:1159} INFO - Dependencies all met for <TaskInstance: send_weather_to_kafka.stream_hdfs scheduled__2025-08-19T06:27:28.695886+00:00 [queued]>
[2025-08-19 08:31:10,133] {taskinstance.py:1159} INFO - Dependencies all met for <TaskInstance: send_weather_to_kafka.stream_hdfs scheduled__2025-08-19T06:27:28.695886+00:00 [queued]>
[2025-08-19 08:31:10,133] {taskinstance.py:1356} INFO - 
--------------------------------------------------------------------------------
[2025-08-19 08:31:10,134] {taskinstance.py:1357} INFO - Starting attempt 1 of 2
[2025-08-19 08:31:10,134] {taskinstance.py:1358} INFO - 
--------------------------------------------------------------------------------
[2025-08-19 08:31:10,149] {taskinstance.py:1377} INFO - Executing <Task(BashOperator): stream_hdfs> on 2025-08-19 06:27:28.695886+00:00
[2025-08-19 08:31:10,154] {standard_task_runner.py:52} INFO - Started process 15111 to run task
[2025-08-19 08:31:10,158] {standard_task_runner.py:79} INFO - Running: ['***', 'tasks', 'run', 'send_weather_to_kafka', 'stream_hdfs', 'scheduled__2025-08-19T06:27:28.695886+00:00', '--job-id', '339', '--raw', '--subdir', 'DAGS_FOLDER/dag_meteo.py', '--cfg-path', '/tmp/tmpabat9ezf', '--error-file', '/tmp/tmpgru2vgqz']
[2025-08-19 08:31:10,159] {standard_task_runner.py:80} INFO - Job 339: Subtask stream_hdfs
[2025-08-19 08:31:10,188] {logging_mixin.py:115} WARNING - /home/***/.local/lib/python3.7/site-packages/***/configuration.py:470 DeprecationWarning: The sql_alchemy_conn option in [core] has been moved to the sql_alchemy_conn option in [database] - the old setting has been used, but please update your config.
[2025-08-19 08:31:10,236] {task_command.py:369} INFO - Running <TaskInstance: send_weather_to_kafka.stream_hdfs scheduled__2025-08-19T06:27:28.695886+00:00 [running]> on host a4b544519f2b
[2025-08-19 08:31:10,335] {taskinstance.py:1571} INFO - Exporting the following env vars:
AIRFLOW_CTX_DAG_OWNER=***
AIRFLOW_CTX_DAG_ID=send_weather_to_kafka
AIRFLOW_CTX_TASK_ID=stream_hdfs
AIRFLOW_CTX_EXECUTION_DATE=2025-08-19T06:27:28.695886+00:00
AIRFLOW_CTX_TRY_NUMBER=1
AIRFLOW_CTX_DAG_RUN_ID=scheduled__2025-08-19T06:27:28.695886+00:00
[2025-08-19 08:31:10,336] {subprocess.py:62} INFO - Tmp dir root location: 
 /tmp
[2025-08-19 08:31:10,336] {subprocess.py:74} INFO - Running command: ['bash', '-c', '\n/home/***/.local/bin/spark-submit   --master local[*]   --conf spark.hadoop.fs.defaultFS=hdfs://namenode:9000   --conf spark.hadoop.dfs.client.use.datanode.hostname=true   --conf spark.sql.adaptive.enabled=false   --packages org.apache.spark:spark-sql-kafka-0-10_2.12:3.3.1   /opt/***/scripts/pyspark/streaming.py']
[2025-08-19 08:31:10,350] {subprocess.py:85} INFO - Output:
[2025-08-19 08:31:10,368] {subprocess.py:92} INFO - /opt/spark-3.3.1-bin-hadoop3/bin/load-spark-env.sh: line 68: ps: command not found
[2025-08-19 08:31:12,417] {subprocess.py:92} INFO - :: loading settings :: url = jar:file:/opt/spark-3.3.1-bin-hadoop3/jars/ivy-2.5.0.jar!/org/apache/ivy/core/settings/ivysettings.xml
[2025-08-19 08:31:12,552] {subprocess.py:92} INFO - Ivy Default Cache set to: /home/***/.ivy2/cache
[2025-08-19 08:31:12,552] {subprocess.py:92} INFO - The jars for the packages stored in: /home/***/.ivy2/jars
[2025-08-19 08:31:12,557] {subprocess.py:92} INFO - org.apache.spark#spark-sql-kafka-0-10_2.12 added as a dependency
[2025-08-19 08:31:12,558] {subprocess.py:92} INFO - :: resolving dependencies :: org.apache.spark#spark-submit-parent-bc019a5d-34a2-45f4-a1ad-cf856704c6d3;1.0
[2025-08-19 08:31:12,558] {subprocess.py:92} INFO - 	confs: [default]
[2025-08-19 08:31:12,724] {subprocess.py:92} INFO - 	found org.apache.spark#spark-sql-kafka-0-10_2.12;3.3.1 in spark-list
[2025-08-19 08:31:12,780] {subprocess.py:92} INFO - 	found org.apache.spark#spark-token-provider-kafka-0-10_2.12;3.3.1 in central
[2025-08-19 08:31:12,809] {subprocess.py:92} INFO - 	found org.apache.kafka#kafka-clients;2.8.1 in central
[2025-08-19 08:31:12,836] {subprocess.py:92} INFO - 	found org.lz4#lz4-java;1.8.0 in spark-list
[2025-08-19 08:31:12,860] {subprocess.py:92} INFO - 	found org.xerial.snappy#snappy-java;1.1.8.4 in central
[2025-08-19 08:31:12,881] {subprocess.py:92} INFO - 	found org.slf4j#slf4j-api;1.7.32 in central
[2025-08-19 08:31:12,908] {subprocess.py:92} INFO - 	found org.apache.hadoop#hadoop-client-runtime;3.3.2 in central
[2025-08-19 08:31:12,926] {subprocess.py:92} INFO - 	found org.spark-project.spark#unused;1.0.0 in central
[2025-08-19 08:31:12,950] {subprocess.py:92} INFO - 	found org.apache.hadoop#hadoop-client-api;3.3.2 in central
[2025-08-19 08:31:12,972] {subprocess.py:92} INFO - 	found commons-logging#commons-logging;1.1.3 in central
[2025-08-19 08:31:12,988] {subprocess.py:92} INFO - 	found com.google.code.findbugs#jsr305;3.0.0 in central
[2025-08-19 08:31:13,016] {subprocess.py:92} INFO - 	found org.apache.commons#commons-pool2;2.11.1 in central
[2025-08-19 08:31:13,047] {subprocess.py:92} INFO - :: resolution report :: resolve 477ms :: artifacts dl 11ms
[2025-08-19 08:31:13,047] {subprocess.py:92} INFO - 	:: modules in use:
[2025-08-19 08:31:13,047] {subprocess.py:92} INFO - 	com.google.code.findbugs#jsr305;3.0.0 from central in [default]
[2025-08-19 08:31:13,047] {subprocess.py:92} INFO - 	commons-logging#commons-logging;1.1.3 from central in [default]
[2025-08-19 08:31:13,047] {subprocess.py:92} INFO - 	org.apache.commons#commons-pool2;2.11.1 from central in [default]
[2025-08-19 08:31:13,047] {subprocess.py:92} INFO - 	org.apache.hadoop#hadoop-client-api;3.3.2 from central in [default]
[2025-08-19 08:31:13,047] {subprocess.py:92} INFO - 	org.apache.hadoop#hadoop-client-runtime;3.3.2 from central in [default]
[2025-08-19 08:31:13,047] {subprocess.py:92} INFO - 	org.apache.kafka#kafka-clients;2.8.1 from central in [default]
[2025-08-19 08:31:13,047] {subprocess.py:92} INFO - 	org.apache.spark#spark-sql-kafka-0-10_2.12;3.3.1 from spark-list in [default]
[2025-08-19 08:31:13,048] {subprocess.py:92} INFO - 	org.apache.spark#spark-token-provider-kafka-0-10_2.12;3.3.1 from central in [default]
[2025-08-19 08:31:13,048] {subprocess.py:92} INFO - 	org.lz4#lz4-java;1.8.0 from spark-list in [default]
[2025-08-19 08:31:13,048] {subprocess.py:92} INFO - 	org.slf4j#slf4j-api;1.7.32 from central in [default]
[2025-08-19 08:31:13,048] {subprocess.py:92} INFO - 	org.spark-project.spark#unused;1.0.0 from central in [default]
[2025-08-19 08:31:13,048] {subprocess.py:92} INFO - 	org.xerial.snappy#snappy-java;1.1.8.4 from central in [default]
[2025-08-19 08:31:13,048] {subprocess.py:92} INFO - 	---------------------------------------------------------------------
[2025-08-19 08:31:13,048] {subprocess.py:92} INFO - 	|                  |            modules            ||   artifacts   |
[2025-08-19 08:31:13,048] {subprocess.py:92} INFO - 	|       conf       | number| search|dwnlded|evicted|| number|dwnlded|
[2025-08-19 08:31:13,048] {subprocess.py:92} INFO - 	---------------------------------------------------------------------
[2025-08-19 08:31:13,048] {subprocess.py:92} INFO - 	|      default     |   12  |   0   |   0   |   0   ||   12  |   0   |
[2025-08-19 08:31:13,048] {subprocess.py:92} INFO - 	---------------------------------------------------------------------
[2025-08-19 08:31:13,054] {subprocess.py:92} INFO - :: retrieving :: org.apache.spark#spark-submit-parent-bc019a5d-34a2-45f4-a1ad-cf856704c6d3
[2025-08-19 08:31:13,054] {subprocess.py:92} INFO - 	confs: [default]
[2025-08-19 08:31:13,062] {subprocess.py:92} INFO - 	0 artifacts copied, 12 already retrieved (0kB/8ms)
[2025-08-19 08:31:13,300] {subprocess.py:92} INFO - 25/08/19 08:31:13 WARN NativeCodeLoader: Unable to load native-hadoop library for your platform... using builtin-java classes where applicable
[2025-08-19 08:31:14,594] {subprocess.py:92} INFO - 25/08/19 08:31:14 INFO SparkContext: Running Spark version 3.3.1
[2025-08-19 08:31:14,636] {subprocess.py:92} INFO - 25/08/19 08:31:14 INFO ResourceUtils: ==============================================================
[2025-08-19 08:31:14,637] {subprocess.py:92} INFO - 25/08/19 08:31:14 INFO ResourceUtils: No custom resources configured for spark.driver.
[2025-08-19 08:31:14,638] {subprocess.py:92} INFO - 25/08/19 08:31:14 INFO ResourceUtils: ==============================================================
[2025-08-19 08:31:14,638] {subprocess.py:92} INFO - 25/08/19 08:31:14 INFO SparkContext: Submitted application: KafkaToHDFSWeather
[2025-08-19 08:31:14,675] {subprocess.py:92} INFO - 25/08/19 08:31:14 INFO ResourceProfile: Default ResourceProfile created, executor resources: Map(cores -> name: cores, amount: 1, script: , vendor: , memory -> name: memory, amount: 1024, script: , vendor: , offHeap -> name: offHeap, amount: 0, script: , vendor: ), task resources: Map(cpus -> name: cpus, amount: 1.0)
[2025-08-19 08:31:14,692] {subprocess.py:92} INFO - 25/08/19 08:31:14 INFO ResourceProfile: Limiting resource is cpu
[2025-08-19 08:31:14,692] {subprocess.py:92} INFO - 25/08/19 08:31:14 INFO ResourceProfileManager: Added ResourceProfile id: 0
[2025-08-19 08:31:14,771] {subprocess.py:92} INFO - 25/08/19 08:31:14 INFO SecurityManager: Changing view acls to: ***
[2025-08-19 08:31:14,771] {subprocess.py:92} INFO - 25/08/19 08:31:14 INFO SecurityManager: Changing modify acls to: ***
[2025-08-19 08:31:14,772] {subprocess.py:92} INFO - 25/08/19 08:31:14 INFO SecurityManager: Changing view acls groups to:
[2025-08-19 08:31:14,773] {subprocess.py:92} INFO - 25/08/19 08:31:14 INFO SecurityManager: Changing modify acls groups to:
[2025-08-19 08:31:14,774] {subprocess.py:92} INFO - 25/08/19 08:31:14 INFO SecurityManager: SecurityManager: authentication disabled; ui acls disabled; users  with view permissions: Set(***); groups with view permissions: Set(); users  with modify permissions: Set(***); groups with modify permissions: Set()
[2025-08-19 08:31:15,079] {subprocess.py:92} INFO - 25/08/19 08:31:15 INFO Utils: Successfully started service 'sparkDriver' on port 45831.
[2025-08-19 08:31:15,116] {subprocess.py:92} INFO - 25/08/19 08:31:15 INFO SparkEnv: Registering MapOutputTracker
[2025-08-19 08:31:15,161] {subprocess.py:92} INFO - 25/08/19 08:31:15 INFO SparkEnv: Registering BlockManagerMaster
[2025-08-19 08:31:15,185] {subprocess.py:92} INFO - 25/08/19 08:31:15 INFO BlockManagerMasterEndpoint: Using org.apache.spark.storage.DefaultTopologyMapper for getting topology information
[2025-08-19 08:31:15,185] {subprocess.py:92} INFO - 25/08/19 08:31:15 INFO BlockManagerMasterEndpoint: BlockManagerMasterEndpoint up
[2025-08-19 08:31:15,190] {subprocess.py:92} INFO - 25/08/19 08:31:15 INFO SparkEnv: Registering BlockManagerMasterHeartbeat
[2025-08-19 08:31:15,226] {subprocess.py:92} INFO - 25/08/19 08:31:15 INFO DiskBlockManager: Created local directory at /tmp/blockmgr-003d372a-4c8d-4e64-9e01-7ae7518b13f9
[2025-08-19 08:31:15,256] {subprocess.py:92} INFO - 25/08/19 08:31:15 INFO MemoryStore: MemoryStore started with capacity 434.4 MiB
[2025-08-19 08:31:15,283] {subprocess.py:92} INFO - 25/08/19 08:31:15 INFO SparkEnv: Registering OutputCommitCoordinator
[2025-08-19 08:31:15,532] {subprocess.py:92} INFO - 25/08/19 08:31:15 WARN Utils: Service 'SparkUI' could not bind on port 4040. Attempting port 4041.
[2025-08-19 08:31:15,545] {subprocess.py:92} INFO - 25/08/19 08:31:15 INFO Utils: Successfully started service 'SparkUI' on port 4041.
[2025-08-19 08:31:15,585] {subprocess.py:92} INFO - 25/08/19 08:31:15 INFO SparkContext: Added JAR file:///home/***/.ivy2/jars/org.apache.spark_spark-sql-kafka-0-10_2.12-3.3.1.jar at spark://a4b544519f2b:45831/jars/org.apache.spark_spark-sql-kafka-0-10_2.12-3.3.1.jar with timestamp 1755592274579
[2025-08-19 08:31:15,585] {subprocess.py:92} INFO - 25/08/19 08:31:15 INFO SparkContext: Added JAR file:///home/***/.ivy2/jars/org.apache.spark_spark-token-provider-kafka-0-10_2.12-3.3.1.jar at spark://a4b544519f2b:45831/jars/org.apache.spark_spark-token-provider-kafka-0-10_2.12-3.3.1.jar with timestamp 1755592274579
[2025-08-19 08:31:15,585] {subprocess.py:92} INFO - 25/08/19 08:31:15 INFO SparkContext: Added JAR file:///home/***/.ivy2/jars/org.apache.kafka_kafka-clients-2.8.1.jar at spark://a4b544519f2b:45831/jars/org.apache.kafka_kafka-clients-2.8.1.jar with timestamp 1755592274579
[2025-08-19 08:31:15,586] {subprocess.py:92} INFO - 25/08/19 08:31:15 INFO SparkContext: Added JAR file:///home/***/.ivy2/jars/com.google.code.findbugs_jsr305-3.0.0.jar at spark://a4b544519f2b:45831/jars/com.google.code.findbugs_jsr305-3.0.0.jar with timestamp 1755592274579
[2025-08-19 08:31:15,586] {subprocess.py:92} INFO - 25/08/19 08:31:15 INFO SparkContext: Added JAR file:///home/***/.ivy2/jars/org.apache.commons_commons-pool2-2.11.1.jar at spark://a4b544519f2b:45831/jars/org.apache.commons_commons-pool2-2.11.1.jar with timestamp 1755592274579
[2025-08-19 08:31:15,586] {subprocess.py:92} INFO - 25/08/19 08:31:15 INFO SparkContext: Added JAR file:///home/***/.ivy2/jars/org.spark-project.spark_unused-1.0.0.jar at spark://a4b544519f2b:45831/jars/org.spark-project.spark_unused-1.0.0.jar with timestamp 1755592274579
[2025-08-19 08:31:15,586] {subprocess.py:92} INFO - 25/08/19 08:31:15 INFO SparkContext: Added JAR file:///home/***/.ivy2/jars/org.apache.hadoop_hadoop-client-runtime-3.3.2.jar at spark://a4b544519f2b:45831/jars/org.apache.hadoop_hadoop-client-runtime-3.3.2.jar with timestamp 1755592274579
[2025-08-19 08:31:15,586] {subprocess.py:92} INFO - 25/08/19 08:31:15 INFO SparkContext: Added JAR file:///home/***/.ivy2/jars/org.lz4_lz4-java-1.8.0.jar at spark://a4b544519f2b:45831/jars/org.lz4_lz4-java-1.8.0.jar with timestamp 1755592274579
[2025-08-19 08:31:15,586] {subprocess.py:92} INFO - 25/08/19 08:31:15 INFO SparkContext: Added JAR file:///home/***/.ivy2/jars/org.xerial.snappy_snappy-java-1.1.8.4.jar at spark://a4b544519f2b:45831/jars/org.xerial.snappy_snappy-java-1.1.8.4.jar with timestamp 1755592274579
[2025-08-19 08:31:15,586] {subprocess.py:92} INFO - 25/08/19 08:31:15 INFO SparkContext: Added JAR file:///home/***/.ivy2/jars/org.slf4j_slf4j-api-1.7.32.jar at spark://a4b544519f2b:45831/jars/org.slf4j_slf4j-api-1.7.32.jar with timestamp 1755592274579
[2025-08-19 08:31:15,586] {subprocess.py:92} INFO - 25/08/19 08:31:15 INFO SparkContext: Added JAR file:///home/***/.ivy2/jars/org.apache.hadoop_hadoop-client-api-3.3.2.jar at spark://a4b544519f2b:45831/jars/org.apache.hadoop_hadoop-client-api-3.3.2.jar with timestamp 1755592274579
[2025-08-19 08:31:15,587] {subprocess.py:92} INFO - 25/08/19 08:31:15 INFO SparkContext: Added JAR file:///home/***/.ivy2/jars/commons-logging_commons-logging-1.1.3.jar at spark://a4b544519f2b:45831/jars/commons-logging_commons-logging-1.1.3.jar with timestamp 1755592274579
[2025-08-19 08:31:15,589] {subprocess.py:92} INFO - 25/08/19 08:31:15 INFO SparkContext: Added file file:///home/***/.ivy2/jars/org.apache.spark_spark-sql-kafka-0-10_2.12-3.3.1.jar at file:///home/***/.ivy2/jars/org.apache.spark_spark-sql-kafka-0-10_2.12-3.3.1.jar with timestamp 1755592274579
[2025-08-19 08:31:15,590] {subprocess.py:92} INFO - 25/08/19 08:31:15 INFO Utils: Copying /home/***/.ivy2/jars/org.apache.spark_spark-sql-kafka-0-10_2.12-3.3.1.jar to /tmp/spark-7dd65a2a-abe8-4b0d-92c9-e9e0a325255b/userFiles-e2c8d728-be4d-4aa7-933d-14ce2c2abb61/org.apache.spark_spark-sql-kafka-0-10_2.12-3.3.1.jar
[2025-08-19 08:31:15,603] {subprocess.py:92} INFO - 25/08/19 08:31:15 INFO SparkContext: Added file file:///home/***/.ivy2/jars/org.apache.spark_spark-token-provider-kafka-0-10_2.12-3.3.1.jar at file:///home/***/.ivy2/jars/org.apache.spark_spark-token-provider-kafka-0-10_2.12-3.3.1.jar with timestamp 1755592274579
[2025-08-19 08:31:15,603] {subprocess.py:92} INFO - 25/08/19 08:31:15 INFO Utils: Copying /home/***/.ivy2/jars/org.apache.spark_spark-token-provider-kafka-0-10_2.12-3.3.1.jar to /tmp/spark-7dd65a2a-abe8-4b0d-92c9-e9e0a325255b/userFiles-e2c8d728-be4d-4aa7-933d-14ce2c2abb61/org.apache.spark_spark-token-provider-kafka-0-10_2.12-3.3.1.jar
[2025-08-19 08:31:15,609] {subprocess.py:92} INFO - 25/08/19 08:31:15 INFO SparkContext: Added file file:///home/***/.ivy2/jars/org.apache.kafka_kafka-clients-2.8.1.jar at file:///home/***/.ivy2/jars/org.apache.kafka_kafka-clients-2.8.1.jar with timestamp 1755592274579
[2025-08-19 08:31:15,610] {subprocess.py:92} INFO - 25/08/19 08:31:15 INFO Utils: Copying /home/***/.ivy2/jars/org.apache.kafka_kafka-clients-2.8.1.jar to /tmp/spark-7dd65a2a-abe8-4b0d-92c9-e9e0a325255b/userFiles-e2c8d728-be4d-4aa7-933d-14ce2c2abb61/org.apache.kafka_kafka-clients-2.8.1.jar
[2025-08-19 08:31:15,625] {subprocess.py:92} INFO - 25/08/19 08:31:15 INFO SparkContext: Added file file:///home/***/.ivy2/jars/com.google.code.findbugs_jsr305-3.0.0.jar at file:///home/***/.ivy2/jars/com.google.code.findbugs_jsr305-3.0.0.jar with timestamp 1755592274579
[2025-08-19 08:31:15,625] {subprocess.py:92} INFO - 25/08/19 08:31:15 INFO Utils: Copying /home/***/.ivy2/jars/com.google.code.findbugs_jsr305-3.0.0.jar to /tmp/spark-7dd65a2a-abe8-4b0d-92c9-e9e0a325255b/userFiles-e2c8d728-be4d-4aa7-933d-14ce2c2abb61/com.google.code.findbugs_jsr305-3.0.0.jar
[2025-08-19 08:31:15,632] {subprocess.py:92} INFO - 25/08/19 08:31:15 INFO SparkContext: Added file file:///home/***/.ivy2/jars/org.apache.commons_commons-pool2-2.11.1.jar at file:///home/***/.ivy2/jars/org.apache.commons_commons-pool2-2.11.1.jar with timestamp 1755592274579
[2025-08-19 08:31:15,632] {subprocess.py:92} INFO - 25/08/19 08:31:15 INFO Utils: Copying /home/***/.ivy2/jars/org.apache.commons_commons-pool2-2.11.1.jar to /tmp/spark-7dd65a2a-abe8-4b0d-92c9-e9e0a325255b/userFiles-e2c8d728-be4d-4aa7-933d-14ce2c2abb61/org.apache.commons_commons-pool2-2.11.1.jar
[2025-08-19 08:31:15,639] {subprocess.py:92} INFO - 25/08/19 08:31:15 INFO SparkContext: Added file file:///home/***/.ivy2/jars/org.spark-project.spark_unused-1.0.0.jar at file:///home/***/.ivy2/jars/org.spark-project.spark_unused-1.0.0.jar with timestamp 1755592274579
[2025-08-19 08:31:15,639] {subprocess.py:92} INFO - 25/08/19 08:31:15 INFO Utils: Copying /home/***/.ivy2/jars/org.spark-project.spark_unused-1.0.0.jar to /tmp/spark-7dd65a2a-abe8-4b0d-92c9-e9e0a325255b/userFiles-e2c8d728-be4d-4aa7-933d-14ce2c2abb61/org.spark-project.spark_unused-1.0.0.jar
[2025-08-19 08:31:15,645] {subprocess.py:92} INFO - 25/08/19 08:31:15 INFO SparkContext: Added file file:///home/***/.ivy2/jars/org.apache.hadoop_hadoop-client-runtime-3.3.2.jar at file:///home/***/.ivy2/jars/org.apache.hadoop_hadoop-client-runtime-3.3.2.jar with timestamp 1755592274579
[2025-08-19 08:31:15,645] {subprocess.py:92} INFO - 25/08/19 08:31:15 INFO Utils: Copying /home/***/.ivy2/jars/org.apache.hadoop_hadoop-client-runtime-3.3.2.jar to /tmp/spark-7dd65a2a-abe8-4b0d-92c9-e9e0a325255b/userFiles-e2c8d728-be4d-4aa7-933d-14ce2c2abb61/org.apache.hadoop_hadoop-client-runtime-3.3.2.jar
[2025-08-19 08:31:15,699] {subprocess.py:92} INFO - 25/08/19 08:31:15 INFO SparkContext: Added file file:///home/***/.ivy2/jars/org.lz4_lz4-java-1.8.0.jar at file:///home/***/.ivy2/jars/org.lz4_lz4-java-1.8.0.jar with timestamp 1755592274579
[2025-08-19 08:31:15,699] {subprocess.py:92} INFO - 25/08/19 08:31:15 INFO Utils: Copying /home/***/.ivy2/jars/org.lz4_lz4-java-1.8.0.jar to /tmp/spark-7dd65a2a-abe8-4b0d-92c9-e9e0a325255b/userFiles-e2c8d728-be4d-4aa7-933d-14ce2c2abb61/org.lz4_lz4-java-1.8.0.jar
[2025-08-19 08:31:15,708] {subprocess.py:92} INFO - 25/08/19 08:31:15 INFO SparkContext: Added file file:///home/***/.ivy2/jars/org.xerial.snappy_snappy-java-1.1.8.4.jar at file:///home/***/.ivy2/jars/org.xerial.snappy_snappy-java-1.1.8.4.jar with timestamp 1755592274579
[2025-08-19 08:31:15,708] {subprocess.py:92} INFO - 25/08/19 08:31:15 INFO Utils: Copying /home/***/.ivy2/jars/org.xerial.snappy_snappy-java-1.1.8.4.jar to /tmp/spark-7dd65a2a-abe8-4b0d-92c9-e9e0a325255b/userFiles-e2c8d728-be4d-4aa7-933d-14ce2c2abb61/org.xerial.snappy_snappy-java-1.1.8.4.jar
[2025-08-19 08:31:15,720] {subprocess.py:92} INFO - 25/08/19 08:31:15 INFO SparkContext: Added file file:///home/***/.ivy2/jars/org.slf4j_slf4j-api-1.7.32.jar at file:///home/***/.ivy2/jars/org.slf4j_slf4j-api-1.7.32.jar with timestamp 1755592274579
[2025-08-19 08:31:15,720] {subprocess.py:92} INFO - 25/08/19 08:31:15 INFO Utils: Copying /home/***/.ivy2/jars/org.slf4j_slf4j-api-1.7.32.jar to /tmp/spark-7dd65a2a-abe8-4b0d-92c9-e9e0a325255b/userFiles-e2c8d728-be4d-4aa7-933d-14ce2c2abb61/org.slf4j_slf4j-api-1.7.32.jar
[2025-08-19 08:31:15,727] {subprocess.py:92} INFO - 25/08/19 08:31:15 INFO SparkContext: Added file file:///home/***/.ivy2/jars/org.apache.hadoop_hadoop-client-api-3.3.2.jar at file:///home/***/.ivy2/jars/org.apache.hadoop_hadoop-client-api-3.3.2.jar with timestamp 1755592274579
[2025-08-19 08:31:15,728] {subprocess.py:92} INFO - 25/08/19 08:31:15 INFO Utils: Copying /home/***/.ivy2/jars/org.apache.hadoop_hadoop-client-api-3.3.2.jar to /tmp/spark-7dd65a2a-abe8-4b0d-92c9-e9e0a325255b/userFiles-e2c8d728-be4d-4aa7-933d-14ce2c2abb61/org.apache.hadoop_hadoop-client-api-3.3.2.jar
[2025-08-19 08:31:15,766] {subprocess.py:92} INFO - 25/08/19 08:31:15 INFO SparkContext: Added file file:///home/***/.ivy2/jars/commons-logging_commons-logging-1.1.3.jar at file:///home/***/.ivy2/jars/commons-logging_commons-logging-1.1.3.jar with timestamp 1755592274579
[2025-08-19 08:31:15,766] {subprocess.py:92} INFO - 25/08/19 08:31:15 INFO Utils: Copying /home/***/.ivy2/jars/commons-logging_commons-logging-1.1.3.jar to /tmp/spark-7dd65a2a-abe8-4b0d-92c9-e9e0a325255b/userFiles-e2c8d728-be4d-4aa7-933d-14ce2c2abb61/commons-logging_commons-logging-1.1.3.jar
[2025-08-19 08:31:15,868] {subprocess.py:92} INFO - 25/08/19 08:31:15 INFO Executor: Starting executor ID driver on host a4b544519f2b
[2025-08-19 08:31:15,877] {subprocess.py:92} INFO - 25/08/19 08:31:15 INFO Executor: Starting executor with user classpath (userClassPathFirst = false): ''
[2025-08-19 08:31:15,889] {subprocess.py:92} INFO - 25/08/19 08:31:15 INFO Executor: Fetching file:///home/***/.ivy2/jars/commons-logging_commons-logging-1.1.3.jar with timestamp 1755592274579
[2025-08-19 08:31:15,920] {subprocess.py:92} INFO - 25/08/19 08:31:15 INFO Utils: /home/***/.ivy2/jars/commons-logging_commons-logging-1.1.3.jar has been previously copied to /tmp/spark-7dd65a2a-abe8-4b0d-92c9-e9e0a325255b/userFiles-e2c8d728-be4d-4aa7-933d-14ce2c2abb61/commons-logging_commons-logging-1.1.3.jar
[2025-08-19 08:31:15,925] {subprocess.py:92} INFO - 25/08/19 08:31:15 INFO Executor: Fetching file:///home/***/.ivy2/jars/org.spark-project.spark_unused-1.0.0.jar with timestamp 1755592274579
[2025-08-19 08:31:15,925] {subprocess.py:92} INFO - 25/08/19 08:31:15 INFO Utils: /home/***/.ivy2/jars/org.spark-project.spark_unused-1.0.0.jar has been previously copied to /tmp/spark-7dd65a2a-abe8-4b0d-92c9-e9e0a325255b/userFiles-e2c8d728-be4d-4aa7-933d-14ce2c2abb61/org.spark-project.spark_unused-1.0.0.jar
[2025-08-19 08:31:15,932] {subprocess.py:92} INFO - 25/08/19 08:31:15 INFO Executor: Fetching file:///home/***/.ivy2/jars/org.apache.spark_spark-sql-kafka-0-10_2.12-3.3.1.jar with timestamp 1755592274579
[2025-08-19 08:31:15,938] {subprocess.py:92} INFO - 25/08/19 08:31:15 INFO Utils: /home/***/.ivy2/jars/org.apache.spark_spark-sql-kafka-0-10_2.12-3.3.1.jar has been previously copied to /tmp/spark-7dd65a2a-abe8-4b0d-92c9-e9e0a325255b/userFiles-e2c8d728-be4d-4aa7-933d-14ce2c2abb61/org.apache.spark_spark-sql-kafka-0-10_2.12-3.3.1.jar
[2025-08-19 08:31:15,943] {subprocess.py:92} INFO - 25/08/19 08:31:15 INFO Executor: Fetching file:///home/***/.ivy2/jars/org.apache.hadoop_hadoop-client-api-3.3.2.jar with timestamp 1755592274579
[2025-08-19 08:31:15,967] {subprocess.py:92} INFO - 25/08/19 08:31:15 INFO Utils: /home/***/.ivy2/jars/org.apache.hadoop_hadoop-client-api-3.3.2.jar has been previously copied to /tmp/spark-7dd65a2a-abe8-4b0d-92c9-e9e0a325255b/userFiles-e2c8d728-be4d-4aa7-933d-14ce2c2abb61/org.apache.hadoop_hadoop-client-api-3.3.2.jar
[2025-08-19 08:31:15,972] {subprocess.py:92} INFO - 25/08/19 08:31:15 INFO Executor: Fetching file:///home/***/.ivy2/jars/org.apache.hadoop_hadoop-client-runtime-3.3.2.jar with timestamp 1755592274579
[2025-08-19 08:31:16,003] {subprocess.py:92} INFO - 25/08/19 08:31:16 INFO Utils: /home/***/.ivy2/jars/org.apache.hadoop_hadoop-client-runtime-3.3.2.jar has been previously copied to /tmp/spark-7dd65a2a-abe8-4b0d-92c9-e9e0a325255b/userFiles-e2c8d728-be4d-4aa7-933d-14ce2c2abb61/org.apache.hadoop_hadoop-client-runtime-3.3.2.jar
[2025-08-19 08:31:16,009] {subprocess.py:92} INFO - 25/08/19 08:31:16 INFO Executor: Fetching file:///home/***/.ivy2/jars/org.slf4j_slf4j-api-1.7.32.jar with timestamp 1755592274579
[2025-08-19 08:31:16,009] {subprocess.py:92} INFO - 25/08/19 08:31:16 INFO Utils: /home/***/.ivy2/jars/org.slf4j_slf4j-api-1.7.32.jar has been previously copied to /tmp/spark-7dd65a2a-abe8-4b0d-92c9-e9e0a325255b/userFiles-e2c8d728-be4d-4aa7-933d-14ce2c2abb61/org.slf4j_slf4j-api-1.7.32.jar
[2025-08-19 08:31:16,015] {subprocess.py:92} INFO - 25/08/19 08:31:16 INFO Executor: Fetching file:///home/***/.ivy2/jars/org.lz4_lz4-java-1.8.0.jar with timestamp 1755592274579
[2025-08-19 08:31:16,016] {subprocess.py:92} INFO - 25/08/19 08:31:16 INFO Utils: /home/***/.ivy2/jars/org.lz4_lz4-java-1.8.0.jar has been previously copied to /tmp/spark-7dd65a2a-abe8-4b0d-92c9-e9e0a325255b/userFiles-e2c8d728-be4d-4aa7-933d-14ce2c2abb61/org.lz4_lz4-java-1.8.0.jar
[2025-08-19 08:31:16,023] {subprocess.py:92} INFO - 25/08/19 08:31:16 INFO Executor: Fetching file:///home/***/.ivy2/jars/org.apache.commons_commons-pool2-2.11.1.jar with timestamp 1755592274579
[2025-08-19 08:31:16,023] {subprocess.py:92} INFO - 25/08/19 08:31:16 INFO Utils: /home/***/.ivy2/jars/org.apache.commons_commons-pool2-2.11.1.jar has been previously copied to /tmp/spark-7dd65a2a-abe8-4b0d-92c9-e9e0a325255b/userFiles-e2c8d728-be4d-4aa7-933d-14ce2c2abb61/org.apache.commons_commons-pool2-2.11.1.jar
[2025-08-19 08:31:16,029] {subprocess.py:92} INFO - 25/08/19 08:31:16 INFO Executor: Fetching file:///home/***/.ivy2/jars/com.google.code.findbugs_jsr305-3.0.0.jar with timestamp 1755592274579
[2025-08-19 08:31:16,029] {subprocess.py:92} INFO - 25/08/19 08:31:16 INFO Utils: /home/***/.ivy2/jars/com.google.code.findbugs_jsr305-3.0.0.jar has been previously copied to /tmp/spark-7dd65a2a-abe8-4b0d-92c9-e9e0a325255b/userFiles-e2c8d728-be4d-4aa7-933d-14ce2c2abb61/com.google.code.findbugs_jsr305-3.0.0.jar
[2025-08-19 08:31:16,035] {subprocess.py:92} INFO - 25/08/19 08:31:16 INFO Executor: Fetching file:///home/***/.ivy2/jars/org.apache.spark_spark-token-provider-kafka-0-10_2.12-3.3.1.jar with timestamp 1755592274579
[2025-08-19 08:31:16,035] {subprocess.py:92} INFO - 25/08/19 08:31:16 INFO Utils: /home/***/.ivy2/jars/org.apache.spark_spark-token-provider-kafka-0-10_2.12-3.3.1.jar has been previously copied to /tmp/spark-7dd65a2a-abe8-4b0d-92c9-e9e0a325255b/userFiles-e2c8d728-be4d-4aa7-933d-14ce2c2abb61/org.apache.spark_spark-token-provider-kafka-0-10_2.12-3.3.1.jar
[2025-08-19 08:31:16,041] {subprocess.py:92} INFO - 25/08/19 08:31:16 INFO Executor: Fetching file:///home/***/.ivy2/jars/org.apache.kafka_kafka-clients-2.8.1.jar with timestamp 1755592274579
[2025-08-19 08:31:16,046] {subprocess.py:92} INFO - 25/08/19 08:31:16 INFO Utils: /home/***/.ivy2/jars/org.apache.kafka_kafka-clients-2.8.1.jar has been previously copied to /tmp/spark-7dd65a2a-abe8-4b0d-92c9-e9e0a325255b/userFiles-e2c8d728-be4d-4aa7-933d-14ce2c2abb61/org.apache.kafka_kafka-clients-2.8.1.jar
[2025-08-19 08:31:16,052] {subprocess.py:92} INFO - 25/08/19 08:31:16 INFO Executor: Fetching file:///home/***/.ivy2/jars/org.xerial.snappy_snappy-java-1.1.8.4.jar with timestamp 1755592274579
[2025-08-19 08:31:16,055] {subprocess.py:92} INFO - 25/08/19 08:31:16 INFO Utils: /home/***/.ivy2/jars/org.xerial.snappy_snappy-java-1.1.8.4.jar has been previously copied to /tmp/spark-7dd65a2a-abe8-4b0d-92c9-e9e0a325255b/userFiles-e2c8d728-be4d-4aa7-933d-14ce2c2abb61/org.xerial.snappy_snappy-java-1.1.8.4.jar
[2025-08-19 08:31:16,062] {subprocess.py:92} INFO - 25/08/19 08:31:16 INFO Executor: Fetching spark://a4b544519f2b:45831/jars/org.apache.spark_spark-token-provider-kafka-0-10_2.12-3.3.1.jar with timestamp 1755592274579
[2025-08-19 08:31:16,108] {subprocess.py:92} INFO - 25/08/19 08:31:16 INFO TransportClientFactory: Successfully created connection to a4b544519f2b/172.20.0.2:45831 after 30 ms (0 ms spent in bootstraps)
[2025-08-19 08:31:16,114] {subprocess.py:92} INFO - 25/08/19 08:31:16 INFO Utils: Fetching spark://a4b544519f2b:45831/jars/org.apache.spark_spark-token-provider-kafka-0-10_2.12-3.3.1.jar to /tmp/spark-7dd65a2a-abe8-4b0d-92c9-e9e0a325255b/userFiles-e2c8d728-be4d-4aa7-933d-14ce2c2abb61/fetchFileTemp7269349799628574769.tmp
[2025-08-19 08:31:16,159] {subprocess.py:92} INFO - 25/08/19 08:31:16 INFO Utils: /tmp/spark-7dd65a2a-abe8-4b0d-92c9-e9e0a325255b/userFiles-e2c8d728-be4d-4aa7-933d-14ce2c2abb61/fetchFileTemp7269349799628574769.tmp has been previously copied to /tmp/spark-7dd65a2a-abe8-4b0d-92c9-e9e0a325255b/userFiles-e2c8d728-be4d-4aa7-933d-14ce2c2abb61/org.apache.spark_spark-token-provider-kafka-0-10_2.12-3.3.1.jar
[2025-08-19 08:31:16,167] {subprocess.py:92} INFO - 25/08/19 08:31:16 INFO Executor: Adding file:/tmp/spark-7dd65a2a-abe8-4b0d-92c9-e9e0a325255b/userFiles-e2c8d728-be4d-4aa7-933d-14ce2c2abb61/org.apache.spark_spark-token-provider-kafka-0-10_2.12-3.3.1.jar to class loader
[2025-08-19 08:31:16,167] {subprocess.py:92} INFO - 25/08/19 08:31:16 INFO Executor: Fetching spark://a4b544519f2b:45831/jars/org.lz4_lz4-java-1.8.0.jar with timestamp 1755592274579
[2025-08-19 08:31:16,169] {subprocess.py:92} INFO - 25/08/19 08:31:16 INFO Utils: Fetching spark://a4b544519f2b:45831/jars/org.lz4_lz4-java-1.8.0.jar to /tmp/spark-7dd65a2a-abe8-4b0d-92c9-e9e0a325255b/userFiles-e2c8d728-be4d-4aa7-933d-14ce2c2abb61/fetchFileTemp9045722974543868754.tmp
[2025-08-19 08:31:16,178] {subprocess.py:92} INFO - 25/08/19 08:31:16 INFO Utils: /tmp/spark-7dd65a2a-abe8-4b0d-92c9-e9e0a325255b/userFiles-e2c8d728-be4d-4aa7-933d-14ce2c2abb61/fetchFileTemp9045722974543868754.tmp has been previously copied to /tmp/spark-7dd65a2a-abe8-4b0d-92c9-e9e0a325255b/userFiles-e2c8d728-be4d-4aa7-933d-14ce2c2abb61/org.lz4_lz4-java-1.8.0.jar
[2025-08-19 08:31:16,184] {subprocess.py:92} INFO - 25/08/19 08:31:16 INFO Executor: Adding file:/tmp/spark-7dd65a2a-abe8-4b0d-92c9-e9e0a325255b/userFiles-e2c8d728-be4d-4aa7-933d-14ce2c2abb61/org.lz4_lz4-java-1.8.0.jar to class loader
[2025-08-19 08:31:16,184] {subprocess.py:92} INFO - 25/08/19 08:31:16 INFO Executor: Fetching spark://a4b544519f2b:45831/jars/org.xerial.snappy_snappy-java-1.1.8.4.jar with timestamp 1755592274579
[2025-08-19 08:31:16,185] {subprocess.py:92} INFO - 25/08/19 08:31:16 INFO Utils: Fetching spark://a4b544519f2b:45831/jars/org.xerial.snappy_snappy-java-1.1.8.4.jar to /tmp/spark-7dd65a2a-abe8-4b0d-92c9-e9e0a325255b/userFiles-e2c8d728-be4d-4aa7-933d-14ce2c2abb61/fetchFileTemp17546701862576065720.tmp
[2025-08-19 08:31:16,201] {subprocess.py:92} INFO - 25/08/19 08:31:16 INFO Utils: /tmp/spark-7dd65a2a-abe8-4b0d-92c9-e9e0a325255b/userFiles-e2c8d728-be4d-4aa7-933d-14ce2c2abb61/fetchFileTemp17546701862576065720.tmp has been previously copied to /tmp/spark-7dd65a2a-abe8-4b0d-92c9-e9e0a325255b/userFiles-e2c8d728-be4d-4aa7-933d-14ce2c2abb61/org.xerial.snappy_snappy-java-1.1.8.4.jar
[2025-08-19 08:31:16,206] {subprocess.py:92} INFO - 25/08/19 08:31:16 INFO Executor: Adding file:/tmp/spark-7dd65a2a-abe8-4b0d-92c9-e9e0a325255b/userFiles-e2c8d728-be4d-4aa7-933d-14ce2c2abb61/org.xerial.snappy_snappy-java-1.1.8.4.jar to class loader
[2025-08-19 08:31:16,206] {subprocess.py:92} INFO - 25/08/19 08:31:16 INFO Executor: Fetching spark://a4b544519f2b:45831/jars/org.spark-project.spark_unused-1.0.0.jar with timestamp 1755592274579
[2025-08-19 08:31:16,207] {subprocess.py:92} INFO - 25/08/19 08:31:16 INFO Utils: Fetching spark://a4b544519f2b:45831/jars/org.spark-project.spark_unused-1.0.0.jar to /tmp/spark-7dd65a2a-abe8-4b0d-92c9-e9e0a325255b/userFiles-e2c8d728-be4d-4aa7-933d-14ce2c2abb61/fetchFileTemp13636209065520969774.tmp
[2025-08-19 08:31:16,210] {subprocess.py:92} INFO - 25/08/19 08:31:16 INFO Utils: /tmp/spark-7dd65a2a-abe8-4b0d-92c9-e9e0a325255b/userFiles-e2c8d728-be4d-4aa7-933d-14ce2c2abb61/fetchFileTemp13636209065520969774.tmp has been previously copied to /tmp/spark-7dd65a2a-abe8-4b0d-92c9-e9e0a325255b/userFiles-e2c8d728-be4d-4aa7-933d-14ce2c2abb61/org.spark-project.spark_unused-1.0.0.jar
[2025-08-19 08:31:16,215] {subprocess.py:92} INFO - 25/08/19 08:31:16 INFO Executor: Adding file:/tmp/spark-7dd65a2a-abe8-4b0d-92c9-e9e0a325255b/userFiles-e2c8d728-be4d-4aa7-933d-14ce2c2abb61/org.spark-project.spark_unused-1.0.0.jar to class loader
[2025-08-19 08:31:16,215] {subprocess.py:92} INFO - 25/08/19 08:31:16 INFO Executor: Fetching spark://a4b544519f2b:45831/jars/commons-logging_commons-logging-1.1.3.jar with timestamp 1755592274579
[2025-08-19 08:31:16,216] {subprocess.py:92} INFO - 25/08/19 08:31:16 INFO Utils: Fetching spark://a4b544519f2b:45831/jars/commons-logging_commons-logging-1.1.3.jar to /tmp/spark-7dd65a2a-abe8-4b0d-92c9-e9e0a325255b/userFiles-e2c8d728-be4d-4aa7-933d-14ce2c2abb61/fetchFileTemp15837386709524652069.tmp
[2025-08-19 08:31:16,218] {subprocess.py:92} INFO - 25/08/19 08:31:16 INFO Utils: /tmp/spark-7dd65a2a-abe8-4b0d-92c9-e9e0a325255b/userFiles-e2c8d728-be4d-4aa7-933d-14ce2c2abb61/fetchFileTemp15837386709524652069.tmp has been previously copied to /tmp/spark-7dd65a2a-abe8-4b0d-92c9-e9e0a325255b/userFiles-e2c8d728-be4d-4aa7-933d-14ce2c2abb61/commons-logging_commons-logging-1.1.3.jar
[2025-08-19 08:31:16,224] {subprocess.py:92} INFO - 25/08/19 08:31:16 INFO Executor: Adding file:/tmp/spark-7dd65a2a-abe8-4b0d-92c9-e9e0a325255b/userFiles-e2c8d728-be4d-4aa7-933d-14ce2c2abb61/commons-logging_commons-logging-1.1.3.jar to class loader
[2025-08-19 08:31:16,224] {subprocess.py:92} INFO - 25/08/19 08:31:16 INFO Executor: Fetching spark://a4b544519f2b:45831/jars/org.apache.hadoop_hadoop-client-api-3.3.2.jar with timestamp 1755592274579
[2025-08-19 08:31:16,225] {subprocess.py:92} INFO - 25/08/19 08:31:16 INFO Utils: Fetching spark://a4b544519f2b:45831/jars/org.apache.hadoop_hadoop-client-api-3.3.2.jar to /tmp/spark-7dd65a2a-abe8-4b0d-92c9-e9e0a325255b/userFiles-e2c8d728-be4d-4aa7-933d-14ce2c2abb61/fetchFileTemp16279010531050342285.tmp
[2025-08-19 08:31:16,314] {subprocess.py:92} INFO - 25/08/19 08:31:16 INFO Utils: /tmp/spark-7dd65a2a-abe8-4b0d-92c9-e9e0a325255b/userFiles-e2c8d728-be4d-4aa7-933d-14ce2c2abb61/fetchFileTemp16279010531050342285.tmp has been previously copied to /tmp/spark-7dd65a2a-abe8-4b0d-92c9-e9e0a325255b/userFiles-e2c8d728-be4d-4aa7-933d-14ce2c2abb61/org.apache.hadoop_hadoop-client-api-3.3.2.jar
[2025-08-19 08:31:16,326] {subprocess.py:92} INFO - 25/08/19 08:31:16 INFO Executor: Adding file:/tmp/spark-7dd65a2a-abe8-4b0d-92c9-e9e0a325255b/userFiles-e2c8d728-be4d-4aa7-933d-14ce2c2abb61/org.apache.hadoop_hadoop-client-api-3.3.2.jar to class loader
[2025-08-19 08:31:16,326] {subprocess.py:92} INFO - 25/08/19 08:31:16 INFO Executor: Fetching spark://a4b544519f2b:45831/jars/org.apache.hadoop_hadoop-client-runtime-3.3.2.jar with timestamp 1755592274579
[2025-08-19 08:31:16,327] {subprocess.py:92} INFO - 25/08/19 08:31:16 INFO Utils: Fetching spark://a4b544519f2b:45831/jars/org.apache.hadoop_hadoop-client-runtime-3.3.2.jar to /tmp/spark-7dd65a2a-abe8-4b0d-92c9-e9e0a325255b/userFiles-e2c8d728-be4d-4aa7-933d-14ce2c2abb61/fetchFileTemp7951064321107895623.tmp
[2025-08-19 08:31:16,457] {subprocess.py:92} INFO - 25/08/19 08:31:16 INFO Utils: /tmp/spark-7dd65a2a-abe8-4b0d-92c9-e9e0a325255b/userFiles-e2c8d728-be4d-4aa7-933d-14ce2c2abb61/fetchFileTemp7951064321107895623.tmp has been previously copied to /tmp/spark-7dd65a2a-abe8-4b0d-92c9-e9e0a325255b/userFiles-e2c8d728-be4d-4aa7-933d-14ce2c2abb61/org.apache.hadoop_hadoop-client-runtime-3.3.2.jar
[2025-08-19 08:31:16,467] {subprocess.py:92} INFO - 25/08/19 08:31:16 INFO Executor: Adding file:/tmp/spark-7dd65a2a-abe8-4b0d-92c9-e9e0a325255b/userFiles-e2c8d728-be4d-4aa7-933d-14ce2c2abb61/org.apache.hadoop_hadoop-client-runtime-3.3.2.jar to class loader
[2025-08-19 08:31:16,467] {subprocess.py:92} INFO - 25/08/19 08:31:16 INFO Executor: Fetching spark://a4b544519f2b:45831/jars/org.apache.commons_commons-pool2-2.11.1.jar with timestamp 1755592274579
[2025-08-19 08:31:16,467] {subprocess.py:92} INFO - 25/08/19 08:31:16 INFO Utils: Fetching spark://a4b544519f2b:45831/jars/org.apache.commons_commons-pool2-2.11.1.jar to /tmp/spark-7dd65a2a-abe8-4b0d-92c9-e9e0a325255b/userFiles-e2c8d728-be4d-4aa7-933d-14ce2c2abb61/fetchFileTemp13468792184082237771.tmp
[2025-08-19 08:31:16,471] {subprocess.py:92} INFO - 25/08/19 08:31:16 INFO Utils: /tmp/spark-7dd65a2a-abe8-4b0d-92c9-e9e0a325255b/userFiles-e2c8d728-be4d-4aa7-933d-14ce2c2abb61/fetchFileTemp13468792184082237771.tmp has been previously copied to /tmp/spark-7dd65a2a-abe8-4b0d-92c9-e9e0a325255b/userFiles-e2c8d728-be4d-4aa7-933d-14ce2c2abb61/org.apache.commons_commons-pool2-2.11.1.jar
[2025-08-19 08:31:16,476] {subprocess.py:92} INFO - 25/08/19 08:31:16 INFO Executor: Adding file:/tmp/spark-7dd65a2a-abe8-4b0d-92c9-e9e0a325255b/userFiles-e2c8d728-be4d-4aa7-933d-14ce2c2abb61/org.apache.commons_commons-pool2-2.11.1.jar to class loader
[2025-08-19 08:31:16,476] {subprocess.py:92} INFO - 25/08/19 08:31:16 INFO Executor: Fetching spark://a4b544519f2b:45831/jars/org.apache.spark_spark-sql-kafka-0-10_2.12-3.3.1.jar with timestamp 1755592274579
[2025-08-19 08:31:16,477] {subprocess.py:92} INFO - 25/08/19 08:31:16 INFO Utils: Fetching spark://a4b544519f2b:45831/jars/org.apache.spark_spark-sql-kafka-0-10_2.12-3.3.1.jar to /tmp/spark-7dd65a2a-abe8-4b0d-92c9-e9e0a325255b/userFiles-e2c8d728-be4d-4aa7-933d-14ce2c2abb61/fetchFileTemp11754934552833171459.tmp
[2025-08-19 08:31:16,481] {subprocess.py:92} INFO - 25/08/19 08:31:16 INFO Utils: /tmp/spark-7dd65a2a-abe8-4b0d-92c9-e9e0a325255b/userFiles-e2c8d728-be4d-4aa7-933d-14ce2c2abb61/fetchFileTemp11754934552833171459.tmp has been previously copied to /tmp/spark-7dd65a2a-abe8-4b0d-92c9-e9e0a325255b/userFiles-e2c8d728-be4d-4aa7-933d-14ce2c2abb61/org.apache.spark_spark-sql-kafka-0-10_2.12-3.3.1.jar
[2025-08-19 08:31:16,486] {subprocess.py:92} INFO - 25/08/19 08:31:16 INFO Executor: Adding file:/tmp/spark-7dd65a2a-abe8-4b0d-92c9-e9e0a325255b/userFiles-e2c8d728-be4d-4aa7-933d-14ce2c2abb61/org.apache.spark_spark-sql-kafka-0-10_2.12-3.3.1.jar to class loader
[2025-08-19 08:31:16,487] {subprocess.py:92} INFO - 25/08/19 08:31:16 INFO Executor: Fetching spark://a4b544519f2b:45831/jars/org.slf4j_slf4j-api-1.7.32.jar with timestamp 1755592274579
[2025-08-19 08:31:16,487] {subprocess.py:92} INFO - 25/08/19 08:31:16 INFO Utils: Fetching spark://a4b544519f2b:45831/jars/org.slf4j_slf4j-api-1.7.32.jar to /tmp/spark-7dd65a2a-abe8-4b0d-92c9-e9e0a325255b/userFiles-e2c8d728-be4d-4aa7-933d-14ce2c2abb61/fetchFileTemp1560798338220256118.tmp
[2025-08-19 08:31:16,490] {subprocess.py:92} INFO - 25/08/19 08:31:16 INFO Utils: /tmp/spark-7dd65a2a-abe8-4b0d-92c9-e9e0a325255b/userFiles-e2c8d728-be4d-4aa7-933d-14ce2c2abb61/fetchFileTemp1560798338220256118.tmp has been previously copied to /tmp/spark-7dd65a2a-abe8-4b0d-92c9-e9e0a325255b/userFiles-e2c8d728-be4d-4aa7-933d-14ce2c2abb61/org.slf4j_slf4j-api-1.7.32.jar
[2025-08-19 08:31:16,495] {subprocess.py:92} INFO - 25/08/19 08:31:16 INFO Executor: Adding file:/tmp/spark-7dd65a2a-abe8-4b0d-92c9-e9e0a325255b/userFiles-e2c8d728-be4d-4aa7-933d-14ce2c2abb61/org.slf4j_slf4j-api-1.7.32.jar to class loader
[2025-08-19 08:31:16,495] {subprocess.py:92} INFO - 25/08/19 08:31:16 INFO Executor: Fetching spark://a4b544519f2b:45831/jars/org.apache.kafka_kafka-clients-2.8.1.jar with timestamp 1755592274579
[2025-08-19 08:31:16,496] {subprocess.py:92} INFO - 25/08/19 08:31:16 INFO Utils: Fetching spark://a4b544519f2b:45831/jars/org.apache.kafka_kafka-clients-2.8.1.jar to /tmp/spark-7dd65a2a-abe8-4b0d-92c9-e9e0a325255b/userFiles-e2c8d728-be4d-4aa7-933d-14ce2c2abb61/fetchFileTemp10788218158281962477.tmp
[2025-08-19 08:31:16,520] {subprocess.py:92} INFO - 25/08/19 08:31:16 INFO Utils: /tmp/spark-7dd65a2a-abe8-4b0d-92c9-e9e0a325255b/userFiles-e2c8d728-be4d-4aa7-933d-14ce2c2abb61/fetchFileTemp10788218158281962477.tmp has been previously copied to /tmp/spark-7dd65a2a-abe8-4b0d-92c9-e9e0a325255b/userFiles-e2c8d728-be4d-4aa7-933d-14ce2c2abb61/org.apache.kafka_kafka-clients-2.8.1.jar
[2025-08-19 08:31:16,526] {subprocess.py:92} INFO - 25/08/19 08:31:16 INFO Executor: Adding file:/tmp/spark-7dd65a2a-abe8-4b0d-92c9-e9e0a325255b/userFiles-e2c8d728-be4d-4aa7-933d-14ce2c2abb61/org.apache.kafka_kafka-clients-2.8.1.jar to class loader
[2025-08-19 08:31:16,526] {subprocess.py:92} INFO - 25/08/19 08:31:16 INFO Executor: Fetching spark://a4b544519f2b:45831/jars/com.google.code.findbugs_jsr305-3.0.0.jar with timestamp 1755592274579
[2025-08-19 08:31:16,527] {subprocess.py:92} INFO - 25/08/19 08:31:16 INFO Utils: Fetching spark://a4b544519f2b:45831/jars/com.google.code.findbugs_jsr305-3.0.0.jar to /tmp/spark-7dd65a2a-abe8-4b0d-92c9-e9e0a325255b/userFiles-e2c8d728-be4d-4aa7-933d-14ce2c2abb61/fetchFileTemp14305159030438235547.tmp
[2025-08-19 08:31:16,529] {subprocess.py:92} INFO - 25/08/19 08:31:16 INFO Utils: /tmp/spark-7dd65a2a-abe8-4b0d-92c9-e9e0a325255b/userFiles-e2c8d728-be4d-4aa7-933d-14ce2c2abb61/fetchFileTemp14305159030438235547.tmp has been previously copied to /tmp/spark-7dd65a2a-abe8-4b0d-92c9-e9e0a325255b/userFiles-e2c8d728-be4d-4aa7-933d-14ce2c2abb61/com.google.code.findbugs_jsr305-3.0.0.jar
[2025-08-19 08:31:16,535] {subprocess.py:92} INFO - 25/08/19 08:31:16 INFO Executor: Adding file:/tmp/spark-7dd65a2a-abe8-4b0d-92c9-e9e0a325255b/userFiles-e2c8d728-be4d-4aa7-933d-14ce2c2abb61/com.google.code.findbugs_jsr305-3.0.0.jar to class loader
[2025-08-19 08:31:16,547] {subprocess.py:92} INFO - 25/08/19 08:31:16 INFO Utils: Successfully started service 'org.apache.spark.network.netty.NettyBlockTransferService' on port 45687.
[2025-08-19 08:31:16,547] {subprocess.py:92} INFO - 25/08/19 08:31:16 INFO NettyBlockTransferService: Server created on a4b544519f2b:45687
[2025-08-19 08:31:16,550] {subprocess.py:92} INFO - 25/08/19 08:31:16 INFO BlockManager: Using org.apache.spark.storage.RandomBlockReplicationPolicy for block replication policy
[2025-08-19 08:31:16,559] {subprocess.py:92} INFO - 25/08/19 08:31:16 INFO BlockManagerMaster: Registering BlockManager BlockManagerId(driver, a4b544519f2b, 45687, None)
[2025-08-19 08:31:16,565] {subprocess.py:92} INFO - 25/08/19 08:31:16 INFO BlockManagerMasterEndpoint: Registering block manager a4b544519f2b:45687 with 434.4 MiB RAM, BlockManagerId(driver, a4b544519f2b, 45687, None)
[2025-08-19 08:31:16,569] {subprocess.py:92} INFO - 25/08/19 08:31:16 INFO BlockManagerMaster: Registered BlockManager BlockManagerId(driver, a4b544519f2b, 45687, None)
[2025-08-19 08:31:16,571] {subprocess.py:92} INFO - 25/08/19 08:31:16 INFO BlockManager: Initialized BlockManager: BlockManagerId(driver, a4b544519f2b, 45687, None)
[2025-08-19 08:31:17,119] {subprocess.py:92} INFO - Connexion à Kafka...
[2025-08-19 08:31:20,182] {subprocess.py:92} INFO - Connexion Kafka réussie (kafka:9092)
[2025-08-19 08:31:20,183] {subprocess.py:92} INFO - Transformation des données JSON...
[2025-08-19 08:31:20,491] {subprocess.py:92} INFO - Démarrage du streaming vers HDFS...
[2025-08-19 08:31:21,439] {subprocess.py:92} INFO - Streaming actif - Données météo sauvegardées dans HDFS:/data/weather
[2025-08-19 10:42:24,133] {local_task_job.py:221} WARNING - State of this instance has been externally set to up_for_retry. Terminating instance.
[2025-08-19 10:42:24,139] {process_utils.py:129} INFO - Sending Signals.SIGTERM to group 15111. PIDs of all processes in the group: [15112, 15160, 15111]
[2025-08-19 10:42:24,139] {process_utils.py:80} INFO - Sending the signal Signals.SIGTERM to group 15111
[2025-08-19 10:42:24,140] {taskinstance.py:1541} ERROR - Received SIGTERM. Terminating subprocesses.
[2025-08-19 10:42:24,140] {subprocess.py:103} INFO - Sending SIGTERM signal to process group
[2025-08-19 10:42:24,154] {process_utils.py:75} INFO - Process psutil.Process(pid=15160, status='terminated', started='08:31:12') (15160) terminated with exit code None
[2025-08-19 10:42:24,184] {taskinstance.py:1889} ERROR - Task failed with exception
Traceback (most recent call last):
  File "/home/airflow/.local/lib/python3.7/site-packages/airflow/operators/bash.py", line 189, in execute
    cwd=self.cwd,
  File "/home/airflow/.local/lib/python3.7/site-packages/airflow/hooks/subprocess.py", line 90, in run_command
    for raw_line in iter(self.sub_process.stdout.readline, b''):
  File "/home/airflow/.local/lib/python3.7/site-packages/airflow/models/taskinstance.py", line 1543, in signal_handler
    raise AirflowException("Task received SIGTERM signal")
airflow.exceptions.AirflowException: Task received SIGTERM signal
[2025-08-19 10:42:24,196] {taskinstance.py:1400} INFO - Marking task as FAILED. dag_id=send_weather_to_kafka, task_id=stream_hdfs, execution_date=20250819T062728, start_date=20250819T083110, end_date=20250819T104224
[2025-08-19 10:42:24,233] {standard_task_runner.py:97} ERROR - Failed to execute job 339 for task stream_hdfs (Task received SIGTERM signal; 15111)
[2025-08-19 10:42:24,489] {process_utils.py:75} INFO - Process psutil.Process(pid=15111, status='terminated', exitcode=1, started='08:31:09') (15111) terminated with exit code 1
[2025-08-19 10:42:24,783] {process_utils.py:75} INFO - Process psutil.Process(pid=15112, status='terminated', started='08:31:09') (15112) terminated with exit code None
