[2025-09-01 13:06:46,579] {taskinstance.py:1159} INFO - Dependencies all met for <TaskInstance: send_weather_to_kafka.stream_hdfs scheduled__2025-09-01T12:36:08.820052+00:00 [queued]>
[2025-09-01 13:06:46,592] {taskinstance.py:1159} INFO - Dependencies all met for <TaskInstance: send_weather_to_kafka.stream_hdfs scheduled__2025-09-01T12:36:08.820052+00:00 [queued]>
[2025-09-01 13:06:46,593] {taskinstance.py:1356} INFO - 
--------------------------------------------------------------------------------
[2025-09-01 13:06:46,593] {taskinstance.py:1357} INFO - Starting attempt 1 of 2
[2025-09-01 13:06:46,593] {taskinstance.py:1358} INFO - 
--------------------------------------------------------------------------------
[2025-09-01 13:06:46,615] {taskinstance.py:1377} INFO - Executing <Task(BashOperator): stream_hdfs> on 2025-09-01 12:36:08.820052+00:00
[2025-09-01 13:06:46,620] {standard_task_runner.py:52} INFO - Started process 17988 to run task
[2025-09-01 13:06:46,624] {standard_task_runner.py:79} INFO - Running: ['***', 'tasks', 'run', 'send_weather_to_kafka', 'stream_hdfs', 'scheduled__2025-09-01T12:36:08.820052+00:00', '--job-id', '554', '--raw', '--subdir', 'DAGS_FOLDER/dag_meteo.py', '--cfg-path', '/tmp/tmpf4vv9ucs', '--error-file', '/tmp/tmpb_aqkcan']
[2025-09-01 13:06:46,625] {standard_task_runner.py:80} INFO - Job 554: Subtask stream_hdfs
[2025-09-01 13:06:46,646] {logging_mixin.py:115} WARNING - /home/***/.local/lib/python3.7/site-packages/***/configuration.py:470 DeprecationWarning: The sql_alchemy_conn option in [core] has been moved to the sql_alchemy_conn option in [database] - the old setting has been used, but please update your config.
[2025-09-01 13:06:46,700] {task_command.py:369} INFO - Running <TaskInstance: send_weather_to_kafka.stream_hdfs scheduled__2025-09-01T12:36:08.820052+00:00 [running]> on host e66737cfc193
[2025-09-01 13:06:46,807] {taskinstance.py:1571} INFO - Exporting the following env vars:
AIRFLOW_CTX_DAG_OWNER=***
AIRFLOW_CTX_DAG_ID=send_weather_to_kafka
AIRFLOW_CTX_TASK_ID=stream_hdfs
AIRFLOW_CTX_EXECUTION_DATE=2025-09-01T12:36:08.820052+00:00
AIRFLOW_CTX_TRY_NUMBER=1
AIRFLOW_CTX_DAG_RUN_ID=scheduled__2025-09-01T12:36:08.820052+00:00
[2025-09-01 13:06:46,808] {subprocess.py:62} INFO - Tmp dir root location: 
 /tmp
[2025-09-01 13:06:46,809] {subprocess.py:74} INFO - Running command: ['bash', '-c', '\n/home/***/.local/bin/spark-submit   --master local[*]   --conf spark.hadoop.fs.defaultFS=hdfs://namenode:9000   --conf spark.hadoop.dfs.client.use.datanode.hostname=true   --conf spark.sql.adaptive.enabled=false   --packages org.apache.spark:spark-sql-kafka-0-10_2.12:3.3.1   /opt/***/scripts/pyspark/streaming.py']
[2025-09-01 13:06:46,822] {subprocess.py:85} INFO - Output:
[2025-09-01 13:06:46,841] {subprocess.py:92} INFO - /opt/spark-3.3.1-bin-hadoop3/bin/load-spark-env.sh: line 68: ps: command not found
[2025-09-01 13:06:48,955] {subprocess.py:92} INFO - :: loading settings :: url = jar:file:/opt/spark-3.3.1-bin-hadoop3/jars/ivy-2.5.0.jar!/org/apache/ivy/core/settings/ivysettings.xml
[2025-09-01 13:06:49,078] {subprocess.py:92} INFO - Ivy Default Cache set to: /home/***/.ivy2/cache
[2025-09-01 13:06:49,078] {subprocess.py:92} INFO - The jars for the packages stored in: /home/***/.ivy2/jars
[2025-09-01 13:06:49,083] {subprocess.py:92} INFO - org.apache.spark#spark-sql-kafka-0-10_2.12 added as a dependency
[2025-09-01 13:06:49,084] {subprocess.py:92} INFO - :: resolving dependencies :: org.apache.spark#spark-submit-parent-b522c575-b52d-4d87-99c8-d3e13f3cea99;1.0
[2025-09-01 13:06:49,084] {subprocess.py:92} INFO - 	confs: [default]
[2025-09-01 13:06:49,239] {subprocess.py:92} INFO - 	found org.apache.spark#spark-sql-kafka-0-10_2.12;3.3.1 in spark-list
[2025-09-01 13:06:49,292] {subprocess.py:92} INFO - 	found org.apache.spark#spark-token-provider-kafka-0-10_2.12;3.3.1 in central
[2025-09-01 13:06:49,320] {subprocess.py:92} INFO - 	found org.apache.kafka#kafka-clients;2.8.1 in central
[2025-09-01 13:06:49,345] {subprocess.py:92} INFO - 	found org.lz4#lz4-java;1.8.0 in central
[2025-09-01 13:06:49,365] {subprocess.py:92} INFO - 	found org.xerial.snappy#snappy-java;1.1.8.4 in central
[2025-09-01 13:06:49,382] {subprocess.py:92} INFO - 	found org.slf4j#slf4j-api;1.7.32 in central
[2025-09-01 13:06:49,405] {subprocess.py:92} INFO - 	found org.apache.hadoop#hadoop-client-runtime;3.3.2 in central
[2025-09-01 13:06:49,418] {subprocess.py:92} INFO - 	found org.spark-project.spark#unused;1.0.0 in central
[2025-09-01 13:06:49,444] {subprocess.py:92} INFO - 	found org.apache.hadoop#hadoop-client-api;3.3.2 in central
[2025-09-01 13:06:49,464] {subprocess.py:92} INFO - 	found commons-logging#commons-logging;1.1.3 in central
[2025-09-01 13:06:49,477] {subprocess.py:92} INFO - 	found com.google.code.findbugs#jsr305;3.0.0 in central
[2025-09-01 13:06:49,490] {subprocess.py:92} INFO - 	found org.apache.commons#commons-pool2;2.11.1 in central
[2025-09-01 13:06:49,514] {subprocess.py:92} INFO - :: resolution report :: resolve 420ms :: artifacts dl 11ms
[2025-09-01 13:06:49,514] {subprocess.py:92} INFO - 	:: modules in use:
[2025-09-01 13:06:49,514] {subprocess.py:92} INFO - 	com.google.code.findbugs#jsr305;3.0.0 from central in [default]
[2025-09-01 13:06:49,514] {subprocess.py:92} INFO - 	commons-logging#commons-logging;1.1.3 from central in [default]
[2025-09-01 13:06:49,514] {subprocess.py:92} INFO - 	org.apache.commons#commons-pool2;2.11.1 from central in [default]
[2025-09-01 13:06:49,515] {subprocess.py:92} INFO - 	org.apache.hadoop#hadoop-client-api;3.3.2 from central in [default]
[2025-09-01 13:06:49,515] {subprocess.py:92} INFO - 	org.apache.hadoop#hadoop-client-runtime;3.3.2 from central in [default]
[2025-09-01 13:06:49,515] {subprocess.py:92} INFO - 	org.apache.kafka#kafka-clients;2.8.1 from central in [default]
[2025-09-01 13:06:49,515] {subprocess.py:92} INFO - 	org.apache.spark#spark-sql-kafka-0-10_2.12;3.3.1 from spark-list in [default]
[2025-09-01 13:06:49,515] {subprocess.py:92} INFO - 	org.apache.spark#spark-token-provider-kafka-0-10_2.12;3.3.1 from central in [default]
[2025-09-01 13:06:49,515] {subprocess.py:92} INFO - 	org.lz4#lz4-java;1.8.0 from central in [default]
[2025-09-01 13:06:49,515] {subprocess.py:92} INFO - 	org.slf4j#slf4j-api;1.7.32 from central in [default]
[2025-09-01 13:06:49,515] {subprocess.py:92} INFO - 	org.spark-project.spark#unused;1.0.0 from central in [default]
[2025-09-01 13:06:49,515] {subprocess.py:92} INFO - 	org.xerial.snappy#snappy-java;1.1.8.4 from central in [default]
[2025-09-01 13:06:49,515] {subprocess.py:92} INFO - 	---------------------------------------------------------------------
[2025-09-01 13:06:49,515] {subprocess.py:92} INFO - 	|                  |            modules            ||   artifacts   |
[2025-09-01 13:06:49,516] {subprocess.py:92} INFO - 	|       conf       | number| search|dwnlded|evicted|| number|dwnlded|
[2025-09-01 13:06:49,516] {subprocess.py:92} INFO - 	---------------------------------------------------------------------
[2025-09-01 13:06:49,516] {subprocess.py:92} INFO - 	|      default     |   12  |   0   |   0   |   0   ||   12  |   0   |
[2025-09-01 13:06:49,516] {subprocess.py:92} INFO - 	---------------------------------------------------------------------
[2025-09-01 13:06:49,520] {subprocess.py:92} INFO - :: retrieving :: org.apache.spark#spark-submit-parent-b522c575-b52d-4d87-99c8-d3e13f3cea99
[2025-09-01 13:06:49,521] {subprocess.py:92} INFO - 	confs: [default]
[2025-09-01 13:06:49,528] {subprocess.py:92} INFO - 	0 artifacts copied, 12 already retrieved (0kB/7ms)
[2025-09-01 13:06:49,745] {subprocess.py:92} INFO - 25/09/01 13:06:49 WARN NativeCodeLoader: Unable to load native-hadoop library for your platform... using builtin-java classes where applicable
[2025-09-01 13:06:51,061] {subprocess.py:92} INFO - 25/09/01 13:06:51 INFO SparkContext: Running Spark version 3.3.1
[2025-09-01 13:06:51,087] {subprocess.py:92} INFO - 25/09/01 13:06:51 INFO ResourceUtils: ==============================================================
[2025-09-01 13:06:51,087] {subprocess.py:92} INFO - 25/09/01 13:06:51 INFO ResourceUtils: No custom resources configured for spark.driver.
[2025-09-01 13:06:51,088] {subprocess.py:92} INFO - 25/09/01 13:06:51 INFO ResourceUtils: ==============================================================
[2025-09-01 13:06:51,088] {subprocess.py:92} INFO - 25/09/01 13:06:51 INFO SparkContext: Submitted application: KafkaToHDFSWeather
[2025-09-01 13:06:51,119] {subprocess.py:92} INFO - 25/09/01 13:06:51 INFO ResourceProfile: Default ResourceProfile created, executor resources: Map(cores -> name: cores, amount: 1, script: , vendor: , memory -> name: memory, amount: 1024, script: , vendor: , offHeap -> name: offHeap, amount: 0, script: , vendor: ), task resources: Map(cpus -> name: cpus, amount: 1.0)
[2025-09-01 13:06:51,130] {subprocess.py:92} INFO - 25/09/01 13:06:51 INFO ResourceProfile: Limiting resource is cpu
[2025-09-01 13:06:51,130] {subprocess.py:92} INFO - 25/09/01 13:06:51 INFO ResourceProfileManager: Added ResourceProfile id: 0
[2025-09-01 13:06:51,201] {subprocess.py:92} INFO - 25/09/01 13:06:51 INFO SecurityManager: Changing view acls to: ***
[2025-09-01 13:06:51,201] {subprocess.py:92} INFO - 25/09/01 13:06:51 INFO SecurityManager: Changing modify acls to: ***
[2025-09-01 13:06:51,202] {subprocess.py:92} INFO - 25/09/01 13:06:51 INFO SecurityManager: Changing view acls groups to:
[2025-09-01 13:06:51,203] {subprocess.py:92} INFO - 25/09/01 13:06:51 INFO SecurityManager: Changing modify acls groups to:
[2025-09-01 13:06:51,203] {subprocess.py:92} INFO - 25/09/01 13:06:51 INFO SecurityManager: SecurityManager: authentication disabled; ui acls disabled; users  with view permissions: Set(***); groups with view permissions: Set(); users  with modify permissions: Set(***); groups with modify permissions: Set()
[2025-09-01 13:06:51,473] {subprocess.py:92} INFO - 25/09/01 13:06:51 INFO Utils: Successfully started service 'sparkDriver' on port 37923.
[2025-09-01 13:06:51,506] {subprocess.py:92} INFO - 25/09/01 13:06:51 INFO SparkEnv: Registering MapOutputTracker
[2025-09-01 13:06:51,544] {subprocess.py:92} INFO - 25/09/01 13:06:51 INFO SparkEnv: Registering BlockManagerMaster
[2025-09-01 13:06:51,563] {subprocess.py:92} INFO - 25/09/01 13:06:51 INFO BlockManagerMasterEndpoint: Using org.apache.spark.storage.DefaultTopologyMapper for getting topology information
[2025-09-01 13:06:51,563] {subprocess.py:92} INFO - 25/09/01 13:06:51 INFO BlockManagerMasterEndpoint: BlockManagerMasterEndpoint up
[2025-09-01 13:06:51,568] {subprocess.py:92} INFO - 25/09/01 13:06:51 INFO SparkEnv: Registering BlockManagerMasterHeartbeat
[2025-09-01 13:06:51,594] {subprocess.py:92} INFO - 25/09/01 13:06:51 INFO DiskBlockManager: Created local directory at /tmp/blockmgr-1b07d4f7-a498-464e-bf27-0779cb6a5f36
[2025-09-01 13:06:51,613] {subprocess.py:92} INFO - 25/09/01 13:06:51 INFO MemoryStore: MemoryStore started with capacity 434.4 MiB
[2025-09-01 13:06:51,631] {subprocess.py:92} INFO - 25/09/01 13:06:51 INFO SparkEnv: Registering OutputCommitCoordinator
[2025-09-01 13:06:51,845] {subprocess.py:92} INFO - 25/09/01 13:06:51 WARN Utils: Service 'SparkUI' could not bind on port 4040. Attempting port 4041.
[2025-09-01 13:06:51,845] {subprocess.py:92} INFO - 25/09/01 13:06:51 WARN Utils: Service 'SparkUI' could not bind on port 4041. Attempting port 4042.
[2025-09-01 13:06:51,846] {subprocess.py:92} INFO - 25/09/01 13:06:51 WARN Utils: Service 'SparkUI' could not bind on port 4042. Attempting port 4043.
[2025-09-01 13:06:51,846] {subprocess.py:92} INFO - 25/09/01 13:06:51 WARN Utils: Service 'SparkUI' could not bind on port 4043. Attempting port 4044.
[2025-09-01 13:06:51,847] {subprocess.py:92} INFO - 25/09/01 13:06:51 WARN Utils: Service 'SparkUI' could not bind on port 4044. Attempting port 4045.
[2025-09-01 13:06:51,847] {subprocess.py:92} INFO - 25/09/01 13:06:51 WARN Utils: Service 'SparkUI' could not bind on port 4045. Attempting port 4046.
[2025-09-01 13:06:51,857] {subprocess.py:92} INFO - 25/09/01 13:06:51 INFO Utils: Successfully started service 'SparkUI' on port 4046.
[2025-09-01 13:06:51,894] {subprocess.py:92} INFO - 25/09/01 13:06:51 INFO SparkContext: Added JAR file:///home/***/.ivy2/jars/org.apache.spark_spark-sql-kafka-0-10_2.12-3.3.1.jar at spark://e66737cfc193:37923/jars/org.apache.spark_spark-sql-kafka-0-10_2.12-3.3.1.jar with timestamp 1756732011050
[2025-09-01 13:06:51,894] {subprocess.py:92} INFO - 25/09/01 13:06:51 INFO SparkContext: Added JAR file:///home/***/.ivy2/jars/org.apache.spark_spark-token-provider-kafka-0-10_2.12-3.3.1.jar at spark://e66737cfc193:37923/jars/org.apache.spark_spark-token-provider-kafka-0-10_2.12-3.3.1.jar with timestamp 1756732011050
[2025-09-01 13:06:51,894] {subprocess.py:92} INFO - 25/09/01 13:06:51 INFO SparkContext: Added JAR file:///home/***/.ivy2/jars/org.apache.kafka_kafka-clients-2.8.1.jar at spark://e66737cfc193:37923/jars/org.apache.kafka_kafka-clients-2.8.1.jar with timestamp 1756732011050
[2025-09-01 13:06:51,894] {subprocess.py:92} INFO - 25/09/01 13:06:51 INFO SparkContext: Added JAR file:///home/***/.ivy2/jars/com.google.code.findbugs_jsr305-3.0.0.jar at spark://e66737cfc193:37923/jars/com.google.code.findbugs_jsr305-3.0.0.jar with timestamp 1756732011050
[2025-09-01 13:06:51,894] {subprocess.py:92} INFO - 25/09/01 13:06:51 INFO SparkContext: Added JAR file:///home/***/.ivy2/jars/org.apache.commons_commons-pool2-2.11.1.jar at spark://e66737cfc193:37923/jars/org.apache.commons_commons-pool2-2.11.1.jar with timestamp 1756732011050
[2025-09-01 13:06:51,894] {subprocess.py:92} INFO - 25/09/01 13:06:51 INFO SparkContext: Added JAR file:///home/***/.ivy2/jars/org.spark-project.spark_unused-1.0.0.jar at spark://e66737cfc193:37923/jars/org.spark-project.spark_unused-1.0.0.jar with timestamp 1756732011050
[2025-09-01 13:06:51,895] {subprocess.py:92} INFO - 25/09/01 13:06:51 INFO SparkContext: Added JAR file:///home/***/.ivy2/jars/org.apache.hadoop_hadoop-client-runtime-3.3.2.jar at spark://e66737cfc193:37923/jars/org.apache.hadoop_hadoop-client-runtime-3.3.2.jar with timestamp 1756732011050
[2025-09-01 13:06:51,895] {subprocess.py:92} INFO - 25/09/01 13:06:51 INFO SparkContext: Added JAR file:///home/***/.ivy2/jars/org.lz4_lz4-java-1.8.0.jar at spark://e66737cfc193:37923/jars/org.lz4_lz4-java-1.8.0.jar with timestamp 1756732011050
[2025-09-01 13:06:51,895] {subprocess.py:92} INFO - 25/09/01 13:06:51 INFO SparkContext: Added JAR file:///home/***/.ivy2/jars/org.xerial.snappy_snappy-java-1.1.8.4.jar at spark://e66737cfc193:37923/jars/org.xerial.snappy_snappy-java-1.1.8.4.jar with timestamp 1756732011050
[2025-09-01 13:06:51,895] {subprocess.py:92} INFO - 25/09/01 13:06:51 INFO SparkContext: Added JAR file:///home/***/.ivy2/jars/org.slf4j_slf4j-api-1.7.32.jar at spark://e66737cfc193:37923/jars/org.slf4j_slf4j-api-1.7.32.jar with timestamp 1756732011050
[2025-09-01 13:06:51,895] {subprocess.py:92} INFO - 25/09/01 13:06:51 INFO SparkContext: Added JAR file:///home/***/.ivy2/jars/org.apache.hadoop_hadoop-client-api-3.3.2.jar at spark://e66737cfc193:37923/jars/org.apache.hadoop_hadoop-client-api-3.3.2.jar with timestamp 1756732011050
[2025-09-01 13:06:51,895] {subprocess.py:92} INFO - 25/09/01 13:06:51 INFO SparkContext: Added JAR file:///home/***/.ivy2/jars/commons-logging_commons-logging-1.1.3.jar at spark://e66737cfc193:37923/jars/commons-logging_commons-logging-1.1.3.jar with timestamp 1756732011050
[2025-09-01 13:06:51,897] {subprocess.py:92} INFO - 25/09/01 13:06:51 INFO SparkContext: Added file file:///home/***/.ivy2/jars/org.apache.spark_spark-sql-kafka-0-10_2.12-3.3.1.jar at file:///home/***/.ivy2/jars/org.apache.spark_spark-sql-kafka-0-10_2.12-3.3.1.jar with timestamp 1756732011050
[2025-09-01 13:06:51,899] {subprocess.py:92} INFO - 25/09/01 13:06:51 INFO Utils: Copying /home/***/.ivy2/jars/org.apache.spark_spark-sql-kafka-0-10_2.12-3.3.1.jar to /tmp/spark-7e75b070-f63e-4a55-a3ce-e873b17de792/userFiles-cfcd383b-08d0-4cd2-a1a6-fde848e30bfe/org.apache.spark_spark-sql-kafka-0-10_2.12-3.3.1.jar
[2025-09-01 13:06:51,911] {subprocess.py:92} INFO - 25/09/01 13:06:51 INFO SparkContext: Added file file:///home/***/.ivy2/jars/org.apache.spark_spark-token-provider-kafka-0-10_2.12-3.3.1.jar at file:///home/***/.ivy2/jars/org.apache.spark_spark-token-provider-kafka-0-10_2.12-3.3.1.jar with timestamp 1756732011050
[2025-09-01 13:06:51,912] {subprocess.py:92} INFO - 25/09/01 13:06:51 INFO Utils: Copying /home/***/.ivy2/jars/org.apache.spark_spark-token-provider-kafka-0-10_2.12-3.3.1.jar to /tmp/spark-7e75b070-f63e-4a55-a3ce-e873b17de792/userFiles-cfcd383b-08d0-4cd2-a1a6-fde848e30bfe/org.apache.spark_spark-token-provider-kafka-0-10_2.12-3.3.1.jar
[2025-09-01 13:06:51,918] {subprocess.py:92} INFO - 25/09/01 13:06:51 INFO SparkContext: Added file file:///home/***/.ivy2/jars/org.apache.kafka_kafka-clients-2.8.1.jar at file:///home/***/.ivy2/jars/org.apache.kafka_kafka-clients-2.8.1.jar with timestamp 1756732011050
[2025-09-01 13:06:51,918] {subprocess.py:92} INFO - 25/09/01 13:06:51 INFO Utils: Copying /home/***/.ivy2/jars/org.apache.kafka_kafka-clients-2.8.1.jar to /tmp/spark-7e75b070-f63e-4a55-a3ce-e873b17de792/userFiles-cfcd383b-08d0-4cd2-a1a6-fde848e30bfe/org.apache.kafka_kafka-clients-2.8.1.jar
[2025-09-01 13:06:51,929] {subprocess.py:92} INFO - 25/09/01 13:06:51 INFO SparkContext: Added file file:///home/***/.ivy2/jars/com.google.code.findbugs_jsr305-3.0.0.jar at file:///home/***/.ivy2/jars/com.google.code.findbugs_jsr305-3.0.0.jar with timestamp 1756732011050
[2025-09-01 13:06:51,929] {subprocess.py:92} INFO - 25/09/01 13:06:51 INFO Utils: Copying /home/***/.ivy2/jars/com.google.code.findbugs_jsr305-3.0.0.jar to /tmp/spark-7e75b070-f63e-4a55-a3ce-e873b17de792/userFiles-cfcd383b-08d0-4cd2-a1a6-fde848e30bfe/com.google.code.findbugs_jsr305-3.0.0.jar
[2025-09-01 13:06:51,934] {subprocess.py:92} INFO - 25/09/01 13:06:51 INFO SparkContext: Added file file:///home/***/.ivy2/jars/org.apache.commons_commons-pool2-2.11.1.jar at file:///home/***/.ivy2/jars/org.apache.commons_commons-pool2-2.11.1.jar with timestamp 1756732011050
[2025-09-01 13:06:51,935] {subprocess.py:92} INFO - 25/09/01 13:06:51 INFO Utils: Copying /home/***/.ivy2/jars/org.apache.commons_commons-pool2-2.11.1.jar to /tmp/spark-7e75b070-f63e-4a55-a3ce-e873b17de792/userFiles-cfcd383b-08d0-4cd2-a1a6-fde848e30bfe/org.apache.commons_commons-pool2-2.11.1.jar
[2025-09-01 13:06:51,940] {subprocess.py:92} INFO - 25/09/01 13:06:51 INFO SparkContext: Added file file:///home/***/.ivy2/jars/org.spark-project.spark_unused-1.0.0.jar at file:///home/***/.ivy2/jars/org.spark-project.spark_unused-1.0.0.jar with timestamp 1756732011050
[2025-09-01 13:06:51,940] {subprocess.py:92} INFO - 25/09/01 13:06:51 INFO Utils: Copying /home/***/.ivy2/jars/org.spark-project.spark_unused-1.0.0.jar to /tmp/spark-7e75b070-f63e-4a55-a3ce-e873b17de792/userFiles-cfcd383b-08d0-4cd2-a1a6-fde848e30bfe/org.spark-project.spark_unused-1.0.0.jar
[2025-09-01 13:06:51,945] {subprocess.py:92} INFO - 25/09/01 13:06:51 INFO SparkContext: Added file file:///home/***/.ivy2/jars/org.apache.hadoop_hadoop-client-runtime-3.3.2.jar at file:///home/***/.ivy2/jars/org.apache.hadoop_hadoop-client-runtime-3.3.2.jar with timestamp 1756732011050
[2025-09-01 13:06:51,945] {subprocess.py:92} INFO - 25/09/01 13:06:51 INFO Utils: Copying /home/***/.ivy2/jars/org.apache.hadoop_hadoop-client-runtime-3.3.2.jar to /tmp/spark-7e75b070-f63e-4a55-a3ce-e873b17de792/userFiles-cfcd383b-08d0-4cd2-a1a6-fde848e30bfe/org.apache.hadoop_hadoop-client-runtime-3.3.2.jar
[2025-09-01 13:06:51,994] {subprocess.py:92} INFO - 25/09/01 13:06:51 INFO SparkContext: Added file file:///home/***/.ivy2/jars/org.lz4_lz4-java-1.8.0.jar at file:///home/***/.ivy2/jars/org.lz4_lz4-java-1.8.0.jar with timestamp 1756732011050
[2025-09-01 13:06:51,994] {subprocess.py:92} INFO - 25/09/01 13:06:51 INFO Utils: Copying /home/***/.ivy2/jars/org.lz4_lz4-java-1.8.0.jar to /tmp/spark-7e75b070-f63e-4a55-a3ce-e873b17de792/userFiles-cfcd383b-08d0-4cd2-a1a6-fde848e30bfe/org.lz4_lz4-java-1.8.0.jar
[2025-09-01 13:06:52,000] {subprocess.py:92} INFO - 25/09/01 13:06:52 INFO SparkContext: Added file file:///home/***/.ivy2/jars/org.xerial.snappy_snappy-java-1.1.8.4.jar at file:///home/***/.ivy2/jars/org.xerial.snappy_snappy-java-1.1.8.4.jar with timestamp 1756732011050
[2025-09-01 13:06:52,001] {subprocess.py:92} INFO - 25/09/01 13:06:52 INFO Utils: Copying /home/***/.ivy2/jars/org.xerial.snappy_snappy-java-1.1.8.4.jar to /tmp/spark-7e75b070-f63e-4a55-a3ce-e873b17de792/userFiles-cfcd383b-08d0-4cd2-a1a6-fde848e30bfe/org.xerial.snappy_snappy-java-1.1.8.4.jar
[2025-09-01 13:06:52,012] {subprocess.py:92} INFO - 25/09/01 13:06:52 INFO SparkContext: Added file file:///home/***/.ivy2/jars/org.slf4j_slf4j-api-1.7.32.jar at file:///home/***/.ivy2/jars/org.slf4j_slf4j-api-1.7.32.jar with timestamp 1756732011050
[2025-09-01 13:06:52,012] {subprocess.py:92} INFO - 25/09/01 13:06:52 INFO Utils: Copying /home/***/.ivy2/jars/org.slf4j_slf4j-api-1.7.32.jar to /tmp/spark-7e75b070-f63e-4a55-a3ce-e873b17de792/userFiles-cfcd383b-08d0-4cd2-a1a6-fde848e30bfe/org.slf4j_slf4j-api-1.7.32.jar
[2025-09-01 13:06:52,018] {subprocess.py:92} INFO - 25/09/01 13:06:52 INFO SparkContext: Added file file:///home/***/.ivy2/jars/org.apache.hadoop_hadoop-client-api-3.3.2.jar at file:///home/***/.ivy2/jars/org.apache.hadoop_hadoop-client-api-3.3.2.jar with timestamp 1756732011050
[2025-09-01 13:06:52,019] {subprocess.py:92} INFO - 25/09/01 13:06:52 INFO Utils: Copying /home/***/.ivy2/jars/org.apache.hadoop_hadoop-client-api-3.3.2.jar to /tmp/spark-7e75b070-f63e-4a55-a3ce-e873b17de792/userFiles-cfcd383b-08d0-4cd2-a1a6-fde848e30bfe/org.apache.hadoop_hadoop-client-api-3.3.2.jar
[2025-09-01 13:06:52,058] {subprocess.py:92} INFO - 25/09/01 13:06:52 INFO SparkContext: Added file file:///home/***/.ivy2/jars/commons-logging_commons-logging-1.1.3.jar at file:///home/***/.ivy2/jars/commons-logging_commons-logging-1.1.3.jar with timestamp 1756732011050
[2025-09-01 13:06:52,059] {subprocess.py:92} INFO - 25/09/01 13:06:52 INFO Utils: Copying /home/***/.ivy2/jars/commons-logging_commons-logging-1.1.3.jar to /tmp/spark-7e75b070-f63e-4a55-a3ce-e873b17de792/userFiles-cfcd383b-08d0-4cd2-a1a6-fde848e30bfe/commons-logging_commons-logging-1.1.3.jar
[2025-09-01 13:06:52,136] {subprocess.py:92} INFO - 25/09/01 13:06:52 INFO Executor: Starting executor ID driver on host e66737cfc193
[2025-09-01 13:06:52,142] {subprocess.py:92} INFO - 25/09/01 13:06:52 INFO Executor: Starting executor with user classpath (userClassPathFirst = false): ''
[2025-09-01 13:06:52,156] {subprocess.py:92} INFO - 25/09/01 13:06:52 INFO Executor: Fetching file:///home/***/.ivy2/jars/commons-logging_commons-logging-1.1.3.jar with timestamp 1756732011050
[2025-09-01 13:06:52,177] {subprocess.py:92} INFO - 25/09/01 13:06:52 INFO Utils: /home/***/.ivy2/jars/commons-logging_commons-logging-1.1.3.jar has been previously copied to /tmp/spark-7e75b070-f63e-4a55-a3ce-e873b17de792/userFiles-cfcd383b-08d0-4cd2-a1a6-fde848e30bfe/commons-logging_commons-logging-1.1.3.jar
[2025-09-01 13:06:52,181] {subprocess.py:92} INFO - 25/09/01 13:06:52 INFO Executor: Fetching file:///home/***/.ivy2/jars/org.spark-project.spark_unused-1.0.0.jar with timestamp 1756732011050
[2025-09-01 13:06:52,182] {subprocess.py:92} INFO - 25/09/01 13:06:52 INFO Utils: /home/***/.ivy2/jars/org.spark-project.spark_unused-1.0.0.jar has been previously copied to /tmp/spark-7e75b070-f63e-4a55-a3ce-e873b17de792/userFiles-cfcd383b-08d0-4cd2-a1a6-fde848e30bfe/org.spark-project.spark_unused-1.0.0.jar
[2025-09-01 13:06:52,187] {subprocess.py:92} INFO - 25/09/01 13:06:52 INFO Executor: Fetching file:///home/***/.ivy2/jars/org.apache.spark_spark-sql-kafka-0-10_2.12-3.3.1.jar with timestamp 1756732011050
[2025-09-01 13:06:52,192] {subprocess.py:92} INFO - 25/09/01 13:06:52 INFO Utils: /home/***/.ivy2/jars/org.apache.spark_spark-sql-kafka-0-10_2.12-3.3.1.jar has been previously copied to /tmp/spark-7e75b070-f63e-4a55-a3ce-e873b17de792/userFiles-cfcd383b-08d0-4cd2-a1a6-fde848e30bfe/org.apache.spark_spark-sql-kafka-0-10_2.12-3.3.1.jar
[2025-09-01 13:06:52,197] {subprocess.py:92} INFO - 25/09/01 13:06:52 INFO Executor: Fetching file:///home/***/.ivy2/jars/org.apache.hadoop_hadoop-client-api-3.3.2.jar with timestamp 1756732011050
[2025-09-01 13:06:52,212] {subprocess.py:92} INFO - 25/09/01 13:06:52 INFO Utils: /home/***/.ivy2/jars/org.apache.hadoop_hadoop-client-api-3.3.2.jar has been previously copied to /tmp/spark-7e75b070-f63e-4a55-a3ce-e873b17de792/userFiles-cfcd383b-08d0-4cd2-a1a6-fde848e30bfe/org.apache.hadoop_hadoop-client-api-3.3.2.jar
[2025-09-01 13:06:52,218] {subprocess.py:92} INFO - 25/09/01 13:06:52 INFO Executor: Fetching file:///home/***/.ivy2/jars/org.apache.hadoop_hadoop-client-runtime-3.3.2.jar with timestamp 1756732011050
[2025-09-01 13:06:52,240] {subprocess.py:92} INFO - 25/09/01 13:06:52 INFO Utils: /home/***/.ivy2/jars/org.apache.hadoop_hadoop-client-runtime-3.3.2.jar has been previously copied to /tmp/spark-7e75b070-f63e-4a55-a3ce-e873b17de792/userFiles-cfcd383b-08d0-4cd2-a1a6-fde848e30bfe/org.apache.hadoop_hadoop-client-runtime-3.3.2.jar
[2025-09-01 13:06:52,245] {subprocess.py:92} INFO - 25/09/01 13:06:52 INFO Executor: Fetching file:///home/***/.ivy2/jars/org.slf4j_slf4j-api-1.7.32.jar with timestamp 1756732011050
[2025-09-01 13:06:52,246] {subprocess.py:92} INFO - 25/09/01 13:06:52 INFO Utils: /home/***/.ivy2/jars/org.slf4j_slf4j-api-1.7.32.jar has been previously copied to /tmp/spark-7e75b070-f63e-4a55-a3ce-e873b17de792/userFiles-cfcd383b-08d0-4cd2-a1a6-fde848e30bfe/org.slf4j_slf4j-api-1.7.32.jar
[2025-09-01 13:06:52,251] {subprocess.py:92} INFO - 25/09/01 13:06:52 INFO Executor: Fetching file:///home/***/.ivy2/jars/org.lz4_lz4-java-1.8.0.jar with timestamp 1756732011050
[2025-09-01 13:06:52,252] {subprocess.py:92} INFO - 25/09/01 13:06:52 INFO Utils: /home/***/.ivy2/jars/org.lz4_lz4-java-1.8.0.jar has been previously copied to /tmp/spark-7e75b070-f63e-4a55-a3ce-e873b17de792/userFiles-cfcd383b-08d0-4cd2-a1a6-fde848e30bfe/org.lz4_lz4-java-1.8.0.jar
[2025-09-01 13:06:52,259] {subprocess.py:92} INFO - 25/09/01 13:06:52 INFO Executor: Fetching file:///home/***/.ivy2/jars/org.apache.commons_commons-pool2-2.11.1.jar with timestamp 1756732011050
[2025-09-01 13:06:52,259] {subprocess.py:92} INFO - 25/09/01 13:06:52 INFO Utils: /home/***/.ivy2/jars/org.apache.commons_commons-pool2-2.11.1.jar has been previously copied to /tmp/spark-7e75b070-f63e-4a55-a3ce-e873b17de792/userFiles-cfcd383b-08d0-4cd2-a1a6-fde848e30bfe/org.apache.commons_commons-pool2-2.11.1.jar
[2025-09-01 13:06:52,265] {subprocess.py:92} INFO - 25/09/01 13:06:52 INFO Executor: Fetching file:///home/***/.ivy2/jars/com.google.code.findbugs_jsr305-3.0.0.jar with timestamp 1756732011050
[2025-09-01 13:06:52,265] {subprocess.py:92} INFO - 25/09/01 13:06:52 INFO Utils: /home/***/.ivy2/jars/com.google.code.findbugs_jsr305-3.0.0.jar has been previously copied to /tmp/spark-7e75b070-f63e-4a55-a3ce-e873b17de792/userFiles-cfcd383b-08d0-4cd2-a1a6-fde848e30bfe/com.google.code.findbugs_jsr305-3.0.0.jar
[2025-09-01 13:06:52,271] {subprocess.py:92} INFO - 25/09/01 13:06:52 INFO Executor: Fetching file:///home/***/.ivy2/jars/org.apache.spark_spark-token-provider-kafka-0-10_2.12-3.3.1.jar with timestamp 1756732011050
[2025-09-01 13:06:52,271] {subprocess.py:92} INFO - 25/09/01 13:06:52 INFO Utils: /home/***/.ivy2/jars/org.apache.spark_spark-token-provider-kafka-0-10_2.12-3.3.1.jar has been previously copied to /tmp/spark-7e75b070-f63e-4a55-a3ce-e873b17de792/userFiles-cfcd383b-08d0-4cd2-a1a6-fde848e30bfe/org.apache.spark_spark-token-provider-kafka-0-10_2.12-3.3.1.jar
[2025-09-01 13:06:52,277] {subprocess.py:92} INFO - 25/09/01 13:06:52 INFO Executor: Fetching file:///home/***/.ivy2/jars/org.apache.kafka_kafka-clients-2.8.1.jar with timestamp 1756732011050
[2025-09-01 13:06:52,287] {subprocess.py:92} INFO - 25/09/01 13:06:52 INFO Utils: /home/***/.ivy2/jars/org.apache.kafka_kafka-clients-2.8.1.jar has been previously copied to /tmp/spark-7e75b070-f63e-4a55-a3ce-e873b17de792/userFiles-cfcd383b-08d0-4cd2-a1a6-fde848e30bfe/org.apache.kafka_kafka-clients-2.8.1.jar
[2025-09-01 13:06:52,294] {subprocess.py:92} INFO - 25/09/01 13:06:52 INFO Executor: Fetching file:///home/***/.ivy2/jars/org.xerial.snappy_snappy-java-1.1.8.4.jar with timestamp 1756732011050
[2025-09-01 13:06:52,298] {subprocess.py:92} INFO - 25/09/01 13:06:52 INFO Utils: /home/***/.ivy2/jars/org.xerial.snappy_snappy-java-1.1.8.4.jar has been previously copied to /tmp/spark-7e75b070-f63e-4a55-a3ce-e873b17de792/userFiles-cfcd383b-08d0-4cd2-a1a6-fde848e30bfe/org.xerial.snappy_snappy-java-1.1.8.4.jar
[2025-09-01 13:06:52,307] {subprocess.py:92} INFO - 25/09/01 13:06:52 INFO Executor: Fetching spark://e66737cfc193:37923/jars/commons-logging_commons-logging-1.1.3.jar with timestamp 1756732011050
[2025-09-01 13:06:52,358] {subprocess.py:92} INFO - 25/09/01 13:06:52 INFO TransportClientFactory: Successfully created connection to e66737cfc193/172.20.0.18:37923 after 32 ms (0 ms spent in bootstraps)
[2025-09-01 13:06:52,370] {subprocess.py:92} INFO - 25/09/01 13:06:52 INFO Utils: Fetching spark://e66737cfc193:37923/jars/commons-logging_commons-logging-1.1.3.jar to /tmp/spark-7e75b070-f63e-4a55-a3ce-e873b17de792/userFiles-cfcd383b-08d0-4cd2-a1a6-fde848e30bfe/fetchFileTemp17568947351110942557.tmp
[2025-09-01 13:06:52,411] {subprocess.py:92} INFO - 25/09/01 13:06:52 INFO Utils: /tmp/spark-7e75b070-f63e-4a55-a3ce-e873b17de792/userFiles-cfcd383b-08d0-4cd2-a1a6-fde848e30bfe/fetchFileTemp17568947351110942557.tmp has been previously copied to /tmp/spark-7e75b070-f63e-4a55-a3ce-e873b17de792/userFiles-cfcd383b-08d0-4cd2-a1a6-fde848e30bfe/commons-logging_commons-logging-1.1.3.jar
[2025-09-01 13:06:52,418] {subprocess.py:92} INFO - 25/09/01 13:06:52 INFO Executor: Adding file:/tmp/spark-7e75b070-f63e-4a55-a3ce-e873b17de792/userFiles-cfcd383b-08d0-4cd2-a1a6-fde848e30bfe/commons-logging_commons-logging-1.1.3.jar to class loader
[2025-09-01 13:06:52,418] {subprocess.py:92} INFO - 25/09/01 13:06:52 INFO Executor: Fetching spark://e66737cfc193:37923/jars/org.slf4j_slf4j-api-1.7.32.jar with timestamp 1756732011050
[2025-09-01 13:06:52,419] {subprocess.py:92} INFO - 25/09/01 13:06:52 INFO Utils: Fetching spark://e66737cfc193:37923/jars/org.slf4j_slf4j-api-1.7.32.jar to /tmp/spark-7e75b070-f63e-4a55-a3ce-e873b17de792/userFiles-cfcd383b-08d0-4cd2-a1a6-fde848e30bfe/fetchFileTemp5084547026788739826.tmp
[2025-09-01 13:06:52,422] {subprocess.py:92} INFO - 25/09/01 13:06:52 INFO Utils: /tmp/spark-7e75b070-f63e-4a55-a3ce-e873b17de792/userFiles-cfcd383b-08d0-4cd2-a1a6-fde848e30bfe/fetchFileTemp5084547026788739826.tmp has been previously copied to /tmp/spark-7e75b070-f63e-4a55-a3ce-e873b17de792/userFiles-cfcd383b-08d0-4cd2-a1a6-fde848e30bfe/org.slf4j_slf4j-api-1.7.32.jar
[2025-09-01 13:06:52,428] {subprocess.py:92} INFO - 25/09/01 13:06:52 INFO Executor: Adding file:/tmp/spark-7e75b070-f63e-4a55-a3ce-e873b17de792/userFiles-cfcd383b-08d0-4cd2-a1a6-fde848e30bfe/org.slf4j_slf4j-api-1.7.32.jar to class loader
[2025-09-01 13:06:52,428] {subprocess.py:92} INFO - 25/09/01 13:06:52 INFO Executor: Fetching spark://e66737cfc193:37923/jars/org.spark-project.spark_unused-1.0.0.jar with timestamp 1756732011050
[2025-09-01 13:06:52,429] {subprocess.py:92} INFO - 25/09/01 13:06:52 INFO Utils: Fetching spark://e66737cfc193:37923/jars/org.spark-project.spark_unused-1.0.0.jar to /tmp/spark-7e75b070-f63e-4a55-a3ce-e873b17de792/userFiles-cfcd383b-08d0-4cd2-a1a6-fde848e30bfe/fetchFileTemp14771071837637658872.tmp
[2025-09-01 13:06:52,432] {subprocess.py:92} INFO - 25/09/01 13:06:52 INFO Utils: /tmp/spark-7e75b070-f63e-4a55-a3ce-e873b17de792/userFiles-cfcd383b-08d0-4cd2-a1a6-fde848e30bfe/fetchFileTemp14771071837637658872.tmp has been previously copied to /tmp/spark-7e75b070-f63e-4a55-a3ce-e873b17de792/userFiles-cfcd383b-08d0-4cd2-a1a6-fde848e30bfe/org.spark-project.spark_unused-1.0.0.jar
[2025-09-01 13:06:52,437] {subprocess.py:92} INFO - 25/09/01 13:06:52 INFO Executor: Adding file:/tmp/spark-7e75b070-f63e-4a55-a3ce-e873b17de792/userFiles-cfcd383b-08d0-4cd2-a1a6-fde848e30bfe/org.spark-project.spark_unused-1.0.0.jar to class loader
[2025-09-01 13:06:52,438] {subprocess.py:92} INFO - 25/09/01 13:06:52 INFO Executor: Fetching spark://e66737cfc193:37923/jars/org.apache.hadoop_hadoop-client-runtime-3.3.2.jar with timestamp 1756732011050
[2025-09-01 13:06:52,439] {subprocess.py:92} INFO - 25/09/01 13:06:52 INFO Utils: Fetching spark://e66737cfc193:37923/jars/org.apache.hadoop_hadoop-client-runtime-3.3.2.jar to /tmp/spark-7e75b070-f63e-4a55-a3ce-e873b17de792/userFiles-cfcd383b-08d0-4cd2-a1a6-fde848e30bfe/fetchFileTemp14843543964135767154.tmp
[2025-09-01 13:06:52,576] {subprocess.py:92} INFO - 25/09/01 13:06:52 INFO Utils: /tmp/spark-7e75b070-f63e-4a55-a3ce-e873b17de792/userFiles-cfcd383b-08d0-4cd2-a1a6-fde848e30bfe/fetchFileTemp14843543964135767154.tmp has been previously copied to /tmp/spark-7e75b070-f63e-4a55-a3ce-e873b17de792/userFiles-cfcd383b-08d0-4cd2-a1a6-fde848e30bfe/org.apache.hadoop_hadoop-client-runtime-3.3.2.jar
[2025-09-01 13:06:52,588] {subprocess.py:92} INFO - 25/09/01 13:06:52 INFO Executor: Adding file:/tmp/spark-7e75b070-f63e-4a55-a3ce-e873b17de792/userFiles-cfcd383b-08d0-4cd2-a1a6-fde848e30bfe/org.apache.hadoop_hadoop-client-runtime-3.3.2.jar to class loader
[2025-09-01 13:06:52,588] {subprocess.py:92} INFO - 25/09/01 13:06:52 INFO Executor: Fetching spark://e66737cfc193:37923/jars/org.apache.spark_spark-sql-kafka-0-10_2.12-3.3.1.jar with timestamp 1756732011050
[2025-09-01 13:06:52,589] {subprocess.py:92} INFO - 25/09/01 13:06:52 INFO Utils: Fetching spark://e66737cfc193:37923/jars/org.apache.spark_spark-sql-kafka-0-10_2.12-3.3.1.jar to /tmp/spark-7e75b070-f63e-4a55-a3ce-e873b17de792/userFiles-cfcd383b-08d0-4cd2-a1a6-fde848e30bfe/fetchFileTemp11743995227401545044.tmp
[2025-09-01 13:06:52,594] {subprocess.py:92} INFO - 25/09/01 13:06:52 INFO Utils: /tmp/spark-7e75b070-f63e-4a55-a3ce-e873b17de792/userFiles-cfcd383b-08d0-4cd2-a1a6-fde848e30bfe/fetchFileTemp11743995227401545044.tmp has been previously copied to /tmp/spark-7e75b070-f63e-4a55-a3ce-e873b17de792/userFiles-cfcd383b-08d0-4cd2-a1a6-fde848e30bfe/org.apache.spark_spark-sql-kafka-0-10_2.12-3.3.1.jar
[2025-09-01 13:06:52,601] {subprocess.py:92} INFO - 25/09/01 13:06:52 INFO Executor: Adding file:/tmp/spark-7e75b070-f63e-4a55-a3ce-e873b17de792/userFiles-cfcd383b-08d0-4cd2-a1a6-fde848e30bfe/org.apache.spark_spark-sql-kafka-0-10_2.12-3.3.1.jar to class loader
[2025-09-01 13:06:52,601] {subprocess.py:92} INFO - 25/09/01 13:06:52 INFO Executor: Fetching spark://e66737cfc193:37923/jars/com.google.code.findbugs_jsr305-3.0.0.jar with timestamp 1756732011050
[2025-09-01 13:06:52,602] {subprocess.py:92} INFO - 25/09/01 13:06:52 INFO Utils: Fetching spark://e66737cfc193:37923/jars/com.google.code.findbugs_jsr305-3.0.0.jar to /tmp/spark-7e75b070-f63e-4a55-a3ce-e873b17de792/userFiles-cfcd383b-08d0-4cd2-a1a6-fde848e30bfe/fetchFileTemp13732051416441003698.tmp
[2025-09-01 13:06:52,605] {subprocess.py:92} INFO - 25/09/01 13:06:52 INFO Utils: /tmp/spark-7e75b070-f63e-4a55-a3ce-e873b17de792/userFiles-cfcd383b-08d0-4cd2-a1a6-fde848e30bfe/fetchFileTemp13732051416441003698.tmp has been previously copied to /tmp/spark-7e75b070-f63e-4a55-a3ce-e873b17de792/userFiles-cfcd383b-08d0-4cd2-a1a6-fde848e30bfe/com.google.code.findbugs_jsr305-3.0.0.jar
[2025-09-01 13:06:52,611] {subprocess.py:92} INFO - 25/09/01 13:06:52 INFO Executor: Adding file:/tmp/spark-7e75b070-f63e-4a55-a3ce-e873b17de792/userFiles-cfcd383b-08d0-4cd2-a1a6-fde848e30bfe/com.google.code.findbugs_jsr305-3.0.0.jar to class loader
[2025-09-01 13:06:52,611] {subprocess.py:92} INFO - 25/09/01 13:06:52 INFO Executor: Fetching spark://e66737cfc193:37923/jars/org.apache.commons_commons-pool2-2.11.1.jar with timestamp 1756732011050
[2025-09-01 13:06:52,612] {subprocess.py:92} INFO - 25/09/01 13:06:52 INFO Utils: Fetching spark://e66737cfc193:37923/jars/org.apache.commons_commons-pool2-2.11.1.jar to /tmp/spark-7e75b070-f63e-4a55-a3ce-e873b17de792/userFiles-cfcd383b-08d0-4cd2-a1a6-fde848e30bfe/fetchFileTemp14622305374597156686.tmp
[2025-09-01 13:06:52,616] {subprocess.py:92} INFO - 25/09/01 13:06:52 INFO Utils: /tmp/spark-7e75b070-f63e-4a55-a3ce-e873b17de792/userFiles-cfcd383b-08d0-4cd2-a1a6-fde848e30bfe/fetchFileTemp14622305374597156686.tmp has been previously copied to /tmp/spark-7e75b070-f63e-4a55-a3ce-e873b17de792/userFiles-cfcd383b-08d0-4cd2-a1a6-fde848e30bfe/org.apache.commons_commons-pool2-2.11.1.jar
[2025-09-01 13:06:52,622] {subprocess.py:92} INFO - 25/09/01 13:06:52 INFO Executor: Adding file:/tmp/spark-7e75b070-f63e-4a55-a3ce-e873b17de792/userFiles-cfcd383b-08d0-4cd2-a1a6-fde848e30bfe/org.apache.commons_commons-pool2-2.11.1.jar to class loader
[2025-09-01 13:06:52,622] {subprocess.py:92} INFO - 25/09/01 13:06:52 INFO Executor: Fetching spark://e66737cfc193:37923/jars/org.xerial.snappy_snappy-java-1.1.8.4.jar with timestamp 1756732011050
[2025-09-01 13:06:52,623] {subprocess.py:92} INFO - 25/09/01 13:06:52 INFO Utils: Fetching spark://e66737cfc193:37923/jars/org.xerial.snappy_snappy-java-1.1.8.4.jar to /tmp/spark-7e75b070-f63e-4a55-a3ce-e873b17de792/userFiles-cfcd383b-08d0-4cd2-a1a6-fde848e30bfe/fetchFileTemp7657063923325909329.tmp
[2025-09-01 13:06:52,634] {subprocess.py:92} INFO - 25/09/01 13:06:52 INFO Utils: /tmp/spark-7e75b070-f63e-4a55-a3ce-e873b17de792/userFiles-cfcd383b-08d0-4cd2-a1a6-fde848e30bfe/fetchFileTemp7657063923325909329.tmp has been previously copied to /tmp/spark-7e75b070-f63e-4a55-a3ce-e873b17de792/userFiles-cfcd383b-08d0-4cd2-a1a6-fde848e30bfe/org.xerial.snappy_snappy-java-1.1.8.4.jar
[2025-09-01 13:06:52,639] {subprocess.py:92} INFO - 25/09/01 13:06:52 INFO Executor: Adding file:/tmp/spark-7e75b070-f63e-4a55-a3ce-e873b17de792/userFiles-cfcd383b-08d0-4cd2-a1a6-fde848e30bfe/org.xerial.snappy_snappy-java-1.1.8.4.jar to class loader
[2025-09-01 13:06:52,639] {subprocess.py:92} INFO - 25/09/01 13:06:52 INFO Executor: Fetching spark://e66737cfc193:37923/jars/org.apache.hadoop_hadoop-client-api-3.3.2.jar with timestamp 1756732011050
[2025-09-01 13:06:52,640] {subprocess.py:92} INFO - 25/09/01 13:06:52 INFO Utils: Fetching spark://e66737cfc193:37923/jars/org.apache.hadoop_hadoop-client-api-3.3.2.jar to /tmp/spark-7e75b070-f63e-4a55-a3ce-e873b17de792/userFiles-cfcd383b-08d0-4cd2-a1a6-fde848e30bfe/fetchFileTemp5006995831098060510.tmp
[2025-09-01 13:06:52,712] {subprocess.py:92} INFO - 25/09/01 13:06:52 INFO Utils: /tmp/spark-7e75b070-f63e-4a55-a3ce-e873b17de792/userFiles-cfcd383b-08d0-4cd2-a1a6-fde848e30bfe/fetchFileTemp5006995831098060510.tmp has been previously copied to /tmp/spark-7e75b070-f63e-4a55-a3ce-e873b17de792/userFiles-cfcd383b-08d0-4cd2-a1a6-fde848e30bfe/org.apache.hadoop_hadoop-client-api-3.3.2.jar
[2025-09-01 13:06:52,720] {subprocess.py:92} INFO - 25/09/01 13:06:52 INFO Executor: Adding file:/tmp/spark-7e75b070-f63e-4a55-a3ce-e873b17de792/userFiles-cfcd383b-08d0-4cd2-a1a6-fde848e30bfe/org.apache.hadoop_hadoop-client-api-3.3.2.jar to class loader
[2025-09-01 13:06:52,720] {subprocess.py:92} INFO - 25/09/01 13:06:52 INFO Executor: Fetching spark://e66737cfc193:37923/jars/org.apache.kafka_kafka-clients-2.8.1.jar with timestamp 1756732011050
[2025-09-01 13:06:52,720] {subprocess.py:92} INFO - 25/09/01 13:06:52 INFO Utils: Fetching spark://e66737cfc193:37923/jars/org.apache.kafka_kafka-clients-2.8.1.jar to /tmp/spark-7e75b070-f63e-4a55-a3ce-e873b17de792/userFiles-cfcd383b-08d0-4cd2-a1a6-fde848e30bfe/fetchFileTemp8258947709331308509.tmp
[2025-09-01 13:06:52,741] {subprocess.py:92} INFO - 25/09/01 13:06:52 INFO Utils: /tmp/spark-7e75b070-f63e-4a55-a3ce-e873b17de792/userFiles-cfcd383b-08d0-4cd2-a1a6-fde848e30bfe/fetchFileTemp8258947709331308509.tmp has been previously copied to /tmp/spark-7e75b070-f63e-4a55-a3ce-e873b17de792/userFiles-cfcd383b-08d0-4cd2-a1a6-fde848e30bfe/org.apache.kafka_kafka-clients-2.8.1.jar
[2025-09-01 13:06:52,746] {subprocess.py:92} INFO - 25/09/01 13:06:52 INFO Executor: Adding file:/tmp/spark-7e75b070-f63e-4a55-a3ce-e873b17de792/userFiles-cfcd383b-08d0-4cd2-a1a6-fde848e30bfe/org.apache.kafka_kafka-clients-2.8.1.jar to class loader
[2025-09-01 13:06:52,746] {subprocess.py:92} INFO - 25/09/01 13:06:52 INFO Executor: Fetching spark://e66737cfc193:37923/jars/org.lz4_lz4-java-1.8.0.jar with timestamp 1756732011050
[2025-09-01 13:06:52,747] {subprocess.py:92} INFO - 25/09/01 13:06:52 INFO Utils: Fetching spark://e66737cfc193:37923/jars/org.lz4_lz4-java-1.8.0.jar to /tmp/spark-7e75b070-f63e-4a55-a3ce-e873b17de792/userFiles-cfcd383b-08d0-4cd2-a1a6-fde848e30bfe/fetchFileTemp14099091791500893760.tmp
[2025-09-01 13:06:52,752] {subprocess.py:92} INFO - 25/09/01 13:06:52 INFO Utils: /tmp/spark-7e75b070-f63e-4a55-a3ce-e873b17de792/userFiles-cfcd383b-08d0-4cd2-a1a6-fde848e30bfe/fetchFileTemp14099091791500893760.tmp has been previously copied to /tmp/spark-7e75b070-f63e-4a55-a3ce-e873b17de792/userFiles-cfcd383b-08d0-4cd2-a1a6-fde848e30bfe/org.lz4_lz4-java-1.8.0.jar
[2025-09-01 13:06:52,756] {subprocess.py:92} INFO - 25/09/01 13:06:52 INFO Executor: Adding file:/tmp/spark-7e75b070-f63e-4a55-a3ce-e873b17de792/userFiles-cfcd383b-08d0-4cd2-a1a6-fde848e30bfe/org.lz4_lz4-java-1.8.0.jar to class loader
[2025-09-01 13:06:52,757] {subprocess.py:92} INFO - 25/09/01 13:06:52 INFO Executor: Fetching spark://e66737cfc193:37923/jars/org.apache.spark_spark-token-provider-kafka-0-10_2.12-3.3.1.jar with timestamp 1756732011050
[2025-09-01 13:06:52,757] {subprocess.py:92} INFO - 25/09/01 13:06:52 INFO Utils: Fetching spark://e66737cfc193:37923/jars/org.apache.spark_spark-token-provider-kafka-0-10_2.12-3.3.1.jar to /tmp/spark-7e75b070-f63e-4a55-a3ce-e873b17de792/userFiles-cfcd383b-08d0-4cd2-a1a6-fde848e30bfe/fetchFileTemp5118853421538292370.tmp
[2025-09-01 13:06:52,760] {subprocess.py:92} INFO - 25/09/01 13:06:52 INFO Utils: /tmp/spark-7e75b070-f63e-4a55-a3ce-e873b17de792/userFiles-cfcd383b-08d0-4cd2-a1a6-fde848e30bfe/fetchFileTemp5118853421538292370.tmp has been previously copied to /tmp/spark-7e75b070-f63e-4a55-a3ce-e873b17de792/userFiles-cfcd383b-08d0-4cd2-a1a6-fde848e30bfe/org.apache.spark_spark-token-provider-kafka-0-10_2.12-3.3.1.jar
[2025-09-01 13:06:52,765] {subprocess.py:92} INFO - 25/09/01 13:06:52 INFO Executor: Adding file:/tmp/spark-7e75b070-f63e-4a55-a3ce-e873b17de792/userFiles-cfcd383b-08d0-4cd2-a1a6-fde848e30bfe/org.apache.spark_spark-token-provider-kafka-0-10_2.12-3.3.1.jar to class loader
[2025-09-01 13:06:52,777] {subprocess.py:92} INFO - 25/09/01 13:06:52 INFO Utils: Successfully started service 'org.apache.spark.network.netty.NettyBlockTransferService' on port 44653.
[2025-09-01 13:06:52,777] {subprocess.py:92} INFO - 25/09/01 13:06:52 INFO NettyBlockTransferService: Server created on e66737cfc193:44653
[2025-09-01 13:06:52,780] {subprocess.py:92} INFO - 25/09/01 13:06:52 INFO BlockManager: Using org.apache.spark.storage.RandomBlockReplicationPolicy for block replication policy
[2025-09-01 13:06:52,786] {subprocess.py:92} INFO - 25/09/01 13:06:52 INFO BlockManagerMaster: Registering BlockManager BlockManagerId(driver, e66737cfc193, 44653, None)
[2025-09-01 13:06:52,790] {subprocess.py:92} INFO - 25/09/01 13:06:52 INFO BlockManagerMasterEndpoint: Registering block manager e66737cfc193:44653 with 434.4 MiB RAM, BlockManagerId(driver, e66737cfc193, 44653, None)
[2025-09-01 13:06:52,793] {subprocess.py:92} INFO - 25/09/01 13:06:52 INFO BlockManagerMaster: Registered BlockManager BlockManagerId(driver, e66737cfc193, 44653, None)
[2025-09-01 13:06:52,795] {subprocess.py:92} INFO - 25/09/01 13:06:52 INFO BlockManager: Initialized BlockManager: BlockManagerId(driver, e66737cfc193, 44653, None)
[2025-09-01 13:06:53,314] {subprocess.py:92} INFO - Connexion à Kafka...
[2025-09-01 13:06:55,694] {subprocess.py:92} INFO - Connexion Kafka réussie (kafka:9092)
[2025-09-01 13:06:55,694] {subprocess.py:92} INFO - Transformation des données JSON...
[2025-09-01 13:06:55,979] {subprocess.py:92} INFO - Démarrage du streaming vers HDFS...
[2025-09-01 13:06:56,895] {subprocess.py:92} INFO - Streaming actif - Données météo sauvegardées dans HDFS:/data/weather
[2025-09-01 13:07:01,490] {subprocess.py:92} INFO - 25/09/01 13:07:01 ERROR MicroBatchExecution: Query [id = 8bb46a74-6ffa-4764-a9c6-2e4a331d8211, runId = 8d15e155-7a62-4e14-9b08-efcd48717fed] terminated with error
[2025-09-01 13:07:01,491] {subprocess.py:92} INFO - org.apache.spark.SparkException: Execution of the stream null failed. Please, fill a bug report in, and provide the full stack trace.
[2025-09-01 13:07:01,491] {subprocess.py:92} INFO - 	at org.apache.spark.sql.execution.QueryExecution$.toInternalError(QueryExecution.scala:500)
[2025-09-01 13:07:01,491] {subprocess.py:92} INFO - 	at org.apache.spark.sql.execution.streaming.StreamExecution.org$apache$spark$sql$execution$streaming$StreamExecution$$runStream(StreamExecution.scala:324)
[2025-09-01 13:07:01,491] {subprocess.py:92} INFO - 	at org.apache.spark.sql.execution.streaming.StreamExecution$$anon$1.run(StreamExecution.scala:208)
[2025-09-01 13:07:01,491] {subprocess.py:92} INFO - Caused by: java.lang.AssertionError: assertion failed: Concurrent update to the log. Multiple streaming jobs detected for 65
[2025-09-01 13:07:01,491] {subprocess.py:92} INFO - 	at scala.Predef$.assert(Predef.scala:223)
[2025-09-01 13:07:01,491] {subprocess.py:92} INFO - 	at org.apache.spark.sql.execution.streaming.MicroBatchExecution.$anonfun$constructNextBatch$13(MicroBatchExecution.scala:496)
[2025-09-01 13:07:01,491] {subprocess.py:92} INFO - 	at scala.runtime.java8.JFunction0$mcV$sp.apply(JFunction0$mcV$sp.java:23)
[2025-09-01 13:07:01,491] {subprocess.py:92} INFO - 	at org.apache.spark.sql.execution.streaming.ProgressReporter.reportTimeTaken(ProgressReporter.scala:375)
[2025-09-01 13:07:01,491] {subprocess.py:92} INFO - 	at org.apache.spark.sql.execution.streaming.ProgressReporter.reportTimeTaken$(ProgressReporter.scala:373)
[2025-09-01 13:07:01,491] {subprocess.py:92} INFO - 	at org.apache.spark.sql.execution.streaming.StreamExecution.reportTimeTaken(StreamExecution.scala:68)
[2025-09-01 13:07:01,492] {subprocess.py:92} INFO - 	at org.apache.spark.sql.execution.streaming.MicroBatchExecution.$anonfun$constructNextBatch$1(MicroBatchExecution.scala:493)
[2025-09-01 13:07:01,492] {subprocess.py:92} INFO - 	at scala.runtime.java8.JFunction0$mcZ$sp.apply(JFunction0$mcZ$sp.java:23)
[2025-09-01 13:07:01,492] {subprocess.py:92} INFO - 	at org.apache.spark.sql.execution.streaming.MicroBatchExecution.withProgressLocked(MicroBatchExecution.scala:693)
[2025-09-01 13:07:01,492] {subprocess.py:92} INFO - 	at org.apache.spark.sql.execution.streaming.MicroBatchExecution.constructNextBatch(MicroBatchExecution.scala:433)
[2025-09-01 13:07:01,492] {subprocess.py:92} INFO - 	at org.apache.spark.sql.execution.streaming.MicroBatchExecution.$anonfun$runActivatedStream$2(MicroBatchExecution.scala:238)
[2025-09-01 13:07:01,492] {subprocess.py:92} INFO - 	at scala.runtime.java8.JFunction0$mcV$sp.apply(JFunction0$mcV$sp.java:23)
[2025-09-01 13:07:01,492] {subprocess.py:92} INFO - 	at org.apache.spark.sql.execution.streaming.ProgressReporter.reportTimeTaken(ProgressReporter.scala:375)
[2025-09-01 13:07:01,492] {subprocess.py:92} INFO - 	at org.apache.spark.sql.execution.streaming.ProgressReporter.reportTimeTaken$(ProgressReporter.scala:373)
[2025-09-01 13:07:01,492] {subprocess.py:92} INFO - 	at org.apache.spark.sql.execution.streaming.StreamExecution.reportTimeTaken(StreamExecution.scala:68)
[2025-09-01 13:07:01,492] {subprocess.py:92} INFO - 	at org.apache.spark.sql.execution.streaming.MicroBatchExecution.$anonfun$runActivatedStream$1(MicroBatchExecution.scala:219)
[2025-09-01 13:07:01,492] {subprocess.py:92} INFO - 	at org.apache.spark.sql.execution.streaming.ProcessingTimeExecutor.execute(TriggerExecutor.scala:67)
[2025-09-01 13:07:01,492] {subprocess.py:92} INFO - 	at org.apache.spark.sql.execution.streaming.MicroBatchExecution.runActivatedStream(MicroBatchExecution.scala:213)
[2025-09-01 13:07:01,492] {subprocess.py:92} INFO - 	at org.apache.spark.sql.execution.streaming.StreamExecution.$anonfun$runStream$1(StreamExecution.scala:307)
[2025-09-01 13:07:01,493] {subprocess.py:92} INFO - 	at scala.runtime.java8.JFunction0$mcV$sp.apply(JFunction0$mcV$sp.java:23)
[2025-09-01 13:07:01,493] {subprocess.py:92} INFO - 	at org.apache.spark.sql.SparkSession.withActive(SparkSession.scala:779)
[2025-09-01 13:07:01,493] {subprocess.py:92} INFO - 	at org.apache.spark.sql.execution.streaming.StreamExecution.org$apache$spark$sql$execution$streaming$StreamExecution$$runStream(StreamExecution.scala:285)
[2025-09-01 13:07:01,493] {subprocess.py:92} INFO - 	... 1 more
[2025-09-01 13:07:01,581] {subprocess.py:92} INFO - Traceback (most recent call last):
[2025-09-01 13:07:01,581] {subprocess.py:92} INFO -   File "/opt/***/scripts/pyspark/streaming.py", line 60, in <module>
[2025-09-01 13:07:01,582] {subprocess.py:92} INFO -     query.awaitTermination()
[2025-09-01 13:07:01,582] {subprocess.py:92} INFO -   File "/opt/spark-3.3.1-bin-hadoop3/python/lib/pyspark.zip/pyspark/sql/streaming.py", line 107, in awaitTermination
[2025-09-01 13:07:01,582] {subprocess.py:92} INFO -   File "/opt/spark-3.3.1-bin-hadoop3/python/lib/py4j-0.10.9.5-src.zip/py4j/java_gateway.py", line 1322, in __call__
[2025-09-01 13:07:01,582] {subprocess.py:92} INFO -   File "/opt/spark-3.3.1-bin-hadoop3/python/lib/pyspark.zip/pyspark/sql/utils.py", line 196, in deco
[2025-09-01 13:07:01,590] {subprocess.py:92} INFO - pyspark.sql.utils.StreamingQueryException: Query [id = 8bb46a74-6ffa-4764-a9c6-2e4a331d8211, runId = 8d15e155-7a62-4e14-9b08-efcd48717fed] terminated with exception: Execution of the stream null failed. Please, fill a bug report in, and provide the full stack trace.
[2025-09-01 13:07:01,829] {subprocess.py:96} INFO - Command exited with return code 1
[2025-09-01 13:07:01,850] {taskinstance.py:1889} ERROR - Task failed with exception
Traceback (most recent call last):
  File "/home/airflow/.local/lib/python3.7/site-packages/airflow/operators/bash.py", line 195, in execute
    f'Bash command failed. The command returned a non-zero exit code {result.exit_code}.'
airflow.exceptions.AirflowException: Bash command failed. The command returned a non-zero exit code 1.
[2025-09-01 13:07:01,855] {taskinstance.py:1400} INFO - Marking task as UP_FOR_RETRY. dag_id=send_weather_to_kafka, task_id=stream_hdfs, execution_date=20250901T123608, start_date=20250901T130646, end_date=20250901T130701
[2025-09-01 13:07:01,871] {standard_task_runner.py:97} ERROR - Failed to execute job 554 for task stream_hdfs (Bash command failed. The command returned a non-zero exit code 1.; 17988)
[2025-09-01 13:07:01,913] {local_task_job.py:156} INFO - Task exited with return code 1
[2025-09-01 13:07:01,949] {local_task_job.py:273} INFO - 0 downstream tasks scheduled from follow-on schedule check
