[2025-08-17 13:23:06,560] {taskinstance.py:1159} INFO - Dependencies all met for <TaskInstance: send_weather_to_kafka.stream_hdfs scheduled__2025-08-17T11:19:12.090753+00:00 [queued]>
[2025-08-17 13:23:06,576] {taskinstance.py:1159} INFO - Dependencies all met for <TaskInstance: send_weather_to_kafka.stream_hdfs scheduled__2025-08-17T11:19:12.090753+00:00 [queued]>
[2025-08-17 13:23:06,576] {taskinstance.py:1356} INFO - 
--------------------------------------------------------------------------------
[2025-08-17 13:23:06,576] {taskinstance.py:1357} INFO - Starting attempt 2 of 2
[2025-08-17 13:23:06,576] {taskinstance.py:1358} INFO - 
--------------------------------------------------------------------------------
[2025-08-17 13:23:06,599] {taskinstance.py:1377} INFO - Executing <Task(BashOperator): stream_hdfs> on 2025-08-17 11:19:12.090753+00:00
[2025-08-17 13:23:06,606] {standard_task_runner.py:52} INFO - Started process 23137 to run task
[2025-08-17 13:23:06,611] {standard_task_runner.py:79} INFO - Running: ['***', 'tasks', 'run', 'send_weather_to_kafka', 'stream_hdfs', 'scheduled__2025-08-17T11:19:12.090753+00:00', '--job-id', '265', '--raw', '--subdir', 'DAGS_FOLDER/dag_meteo.py', '--cfg-path', '/tmp/tmpejd795st', '--error-file', '/tmp/tmpcghqg1jk']
[2025-08-17 13:23:06,613] {standard_task_runner.py:80} INFO - Job 265: Subtask stream_hdfs
[2025-08-17 13:23:06,645] {logging_mixin.py:115} WARNING - /home/***/.local/lib/python3.7/site-packages/***/configuration.py:470 DeprecationWarning: The sql_alchemy_conn option in [core] has been moved to the sql_alchemy_conn option in [database] - the old setting has been used, but please update your config.
[2025-08-17 13:23:06,701] {task_command.py:369} INFO - Running <TaskInstance: send_weather_to_kafka.stream_hdfs scheduled__2025-08-17T11:19:12.090753+00:00 [running]> on host a4b544519f2b
[2025-08-17 13:23:06,814] {taskinstance.py:1571} INFO - Exporting the following env vars:
AIRFLOW_CTX_DAG_OWNER=***
AIRFLOW_CTX_DAG_ID=send_weather_to_kafka
AIRFLOW_CTX_TASK_ID=stream_hdfs
AIRFLOW_CTX_EXECUTION_DATE=2025-08-17T11:19:12.090753+00:00
AIRFLOW_CTX_TRY_NUMBER=2
AIRFLOW_CTX_DAG_RUN_ID=scheduled__2025-08-17T11:19:12.090753+00:00
[2025-08-17 13:23:06,815] {subprocess.py:62} INFO - Tmp dir root location: 
 /tmp
[2025-08-17 13:23:06,815] {subprocess.py:74} INFO - Running command: ['bash', '-c', '\n/home/***/.local/bin/spark-submit   --master local[*]   --conf spark.hadoop.fs.defaultFS=hdfs://namenode:9000   --conf spark.hadoop.dfs.client.use.datanode.hostname=true   --conf spark.sql.adaptive.enabled=false   --packages org.apache.spark:spark-sql-kafka-0-10_2.12:3.3.1   /opt/***/scripts/pyspark/streaming.py']
[2025-08-17 13:23:06,829] {subprocess.py:85} INFO - Output:
[2025-08-17 13:23:06,846] {subprocess.py:92} INFO - /opt/spark-3.3.1-bin-hadoop3/bin/load-spark-env.sh: line 68: ps: command not found
[2025-08-17 13:23:08,715] {subprocess.py:92} INFO - :: loading settings :: url = jar:file:/opt/spark-3.3.1-bin-hadoop3/jars/ivy-2.5.0.jar!/org/apache/ivy/core/settings/ivysettings.xml
[2025-08-17 13:23:08,839] {subprocess.py:92} INFO - Ivy Default Cache set to: /home/***/.ivy2/cache
[2025-08-17 13:23:08,840] {subprocess.py:92} INFO - The jars for the packages stored in: /home/***/.ivy2/jars
[2025-08-17 13:23:08,847] {subprocess.py:92} INFO - org.apache.spark#spark-sql-kafka-0-10_2.12 added as a dependency
[2025-08-17 13:23:08,849] {subprocess.py:92} INFO - :: resolving dependencies :: org.apache.spark#spark-submit-parent-4e370c06-7dce-4a9a-a5f7-ef4a52e99ac7;1.0
[2025-08-17 13:23:08,849] {subprocess.py:92} INFO - 	confs: [default]
[2025-08-17 13:23:09,009] {subprocess.py:92} INFO - 	found org.apache.spark#spark-sql-kafka-0-10_2.12;3.3.1 in spark-list
[2025-08-17 13:23:09,073] {subprocess.py:92} INFO - 	found org.apache.spark#spark-token-provider-kafka-0-10_2.12;3.3.1 in central
[2025-08-17 13:23:09,130] {subprocess.py:92} INFO - 	found org.apache.kafka#kafka-clients;2.8.1 in central
[2025-08-17 13:23:09,177] {subprocess.py:92} INFO - 	found org.lz4#lz4-java;1.8.0 in spark-list
[2025-08-17 13:23:09,201] {subprocess.py:92} INFO - 	found org.xerial.snappy#snappy-java;1.1.8.4 in central
[2025-08-17 13:23:09,216] {subprocess.py:92} INFO - 	found org.slf4j#slf4j-api;1.7.32 in central
[2025-08-17 13:23:09,241] {subprocess.py:92} INFO - 	found org.apache.hadoop#hadoop-client-runtime;3.3.2 in central
[2025-08-17 13:23:09,254] {subprocess.py:92} INFO - 	found org.spark-project.spark#unused;1.0.0 in central
[2025-08-17 13:23:09,282] {subprocess.py:92} INFO - 	found org.apache.hadoop#hadoop-client-api;3.3.2 in central
[2025-08-17 13:23:09,301] {subprocess.py:92} INFO - 	found commons-logging#commons-logging;1.1.3 in central
[2025-08-17 13:23:09,315] {subprocess.py:92} INFO - 	found com.google.code.findbugs#jsr305;3.0.0 in central
[2025-08-17 13:23:09,328] {subprocess.py:92} INFO - 	found org.apache.commons#commons-pool2;2.11.1 in central
[2025-08-17 13:23:09,350] {subprocess.py:92} INFO - :: resolution report :: resolve 491ms :: artifacts dl 11ms
[2025-08-17 13:23:09,350] {subprocess.py:92} INFO - 	:: modules in use:
[2025-08-17 13:23:09,350] {subprocess.py:92} INFO - 	com.google.code.findbugs#jsr305;3.0.0 from central in [default]
[2025-08-17 13:23:09,350] {subprocess.py:92} INFO - 	commons-logging#commons-logging;1.1.3 from central in [default]
[2025-08-17 13:23:09,350] {subprocess.py:92} INFO - 	org.apache.commons#commons-pool2;2.11.1 from central in [default]
[2025-08-17 13:23:09,351] {subprocess.py:92} INFO - 	org.apache.hadoop#hadoop-client-api;3.3.2 from central in [default]
[2025-08-17 13:23:09,351] {subprocess.py:92} INFO - 	org.apache.hadoop#hadoop-client-runtime;3.3.2 from central in [default]
[2025-08-17 13:23:09,351] {subprocess.py:92} INFO - 	org.apache.kafka#kafka-clients;2.8.1 from central in [default]
[2025-08-17 13:23:09,351] {subprocess.py:92} INFO - 	org.apache.spark#spark-sql-kafka-0-10_2.12;3.3.1 from spark-list in [default]
[2025-08-17 13:23:09,351] {subprocess.py:92} INFO - 	org.apache.spark#spark-token-provider-kafka-0-10_2.12;3.3.1 from central in [default]
[2025-08-17 13:23:09,351] {subprocess.py:92} INFO - 	org.lz4#lz4-java;1.8.0 from spark-list in [default]
[2025-08-17 13:23:09,351] {subprocess.py:92} INFO - 	org.slf4j#slf4j-api;1.7.32 from central in [default]
[2025-08-17 13:23:09,351] {subprocess.py:92} INFO - 	org.spark-project.spark#unused;1.0.0 from central in [default]
[2025-08-17 13:23:09,351] {subprocess.py:92} INFO - 	org.xerial.snappy#snappy-java;1.1.8.4 from central in [default]
[2025-08-17 13:23:09,351] {subprocess.py:92} INFO - 	---------------------------------------------------------------------
[2025-08-17 13:23:09,351] {subprocess.py:92} INFO - 	|                  |            modules            ||   artifacts   |
[2025-08-17 13:23:09,352] {subprocess.py:92} INFO - 	|       conf       | number| search|dwnlded|evicted|| number|dwnlded|
[2025-08-17 13:23:09,352] {subprocess.py:92} INFO - 	---------------------------------------------------------------------
[2025-08-17 13:23:09,352] {subprocess.py:92} INFO - 	|      default     |   12  |   0   |   0   |   0   ||   12  |   0   |
[2025-08-17 13:23:09,352] {subprocess.py:92} INFO - 	---------------------------------------------------------------------
[2025-08-17 13:23:09,357] {subprocess.py:92} INFO - :: retrieving :: org.apache.spark#spark-submit-parent-4e370c06-7dce-4a9a-a5f7-ef4a52e99ac7
[2025-08-17 13:23:09,358] {subprocess.py:92} INFO - 	confs: [default]
[2025-08-17 13:23:09,365] {subprocess.py:92} INFO - 	0 artifacts copied, 12 already retrieved (0kB/8ms)
[2025-08-17 13:23:09,563] {subprocess.py:92} INFO - 25/08/17 13:23:09 WARN NativeCodeLoader: Unable to load native-hadoop library for your platform... using builtin-java classes where applicable
[2025-08-17 13:23:10,821] {subprocess.py:92} INFO - 25/08/17 13:23:10 INFO SparkContext: Running Spark version 3.3.1
[2025-08-17 13:23:10,848] {subprocess.py:92} INFO - 25/08/17 13:23:10 INFO ResourceUtils: ==============================================================
[2025-08-17 13:23:10,848] {subprocess.py:92} INFO - 25/08/17 13:23:10 INFO ResourceUtils: No custom resources configured for spark.driver.
[2025-08-17 13:23:10,849] {subprocess.py:92} INFO - 25/08/17 13:23:10 INFO ResourceUtils: ==============================================================
[2025-08-17 13:23:10,849] {subprocess.py:92} INFO - 25/08/17 13:23:10 INFO SparkContext: Submitted application: KafkaToHDFSWeather
[2025-08-17 13:23:10,872] {subprocess.py:92} INFO - 25/08/17 13:23:10 INFO ResourceProfile: Default ResourceProfile created, executor resources: Map(cores -> name: cores, amount: 1, script: , vendor: , memory -> name: memory, amount: 1024, script: , vendor: , offHeap -> name: offHeap, amount: 0, script: , vendor: ), task resources: Map(cpus -> name: cpus, amount: 1.0)
[2025-08-17 13:23:10,883] {subprocess.py:92} INFO - 25/08/17 13:23:10 INFO ResourceProfile: Limiting resource is cpu
[2025-08-17 13:23:10,884] {subprocess.py:92} INFO - 25/08/17 13:23:10 INFO ResourceProfileManager: Added ResourceProfile id: 0
[2025-08-17 13:23:10,937] {subprocess.py:92} INFO - 25/08/17 13:23:10 INFO SecurityManager: Changing view acls to: ***
[2025-08-17 13:23:10,938] {subprocess.py:92} INFO - 25/08/17 13:23:10 INFO SecurityManager: Changing modify acls to: ***
[2025-08-17 13:23:10,938] {subprocess.py:92} INFO - 25/08/17 13:23:10 INFO SecurityManager: Changing view acls groups to:
[2025-08-17 13:23:10,938] {subprocess.py:92} INFO - 25/08/17 13:23:10 INFO SecurityManager: Changing modify acls groups to:
[2025-08-17 13:23:10,939] {subprocess.py:92} INFO - 25/08/17 13:23:10 INFO SecurityManager: SecurityManager: authentication disabled; ui acls disabled; users  with view permissions: Set(***); groups with view permissions: Set(); users  with modify permissions: Set(***); groups with modify permissions: Set()
[2025-08-17 13:23:11,192] {subprocess.py:92} INFO - 25/08/17 13:23:11 INFO Utils: Successfully started service 'sparkDriver' on port 43525.
[2025-08-17 13:23:11,221] {subprocess.py:92} INFO - 25/08/17 13:23:11 INFO SparkEnv: Registering MapOutputTracker
[2025-08-17 13:23:11,255] {subprocess.py:92} INFO - 25/08/17 13:23:11 INFO SparkEnv: Registering BlockManagerMaster
[2025-08-17 13:23:11,273] {subprocess.py:92} INFO - 25/08/17 13:23:11 INFO BlockManagerMasterEndpoint: Using org.apache.spark.storage.DefaultTopologyMapper for getting topology information
[2025-08-17 13:23:11,273] {subprocess.py:92} INFO - 25/08/17 13:23:11 INFO BlockManagerMasterEndpoint: BlockManagerMasterEndpoint up
[2025-08-17 13:23:11,278] {subprocess.py:92} INFO - 25/08/17 13:23:11 INFO SparkEnv: Registering BlockManagerMasterHeartbeat
[2025-08-17 13:23:11,300] {subprocess.py:92} INFO - 25/08/17 13:23:11 INFO DiskBlockManager: Created local directory at /tmp/blockmgr-d41bfe81-1c2f-4760-b276-cef8fdaff4db
[2025-08-17 13:23:11,318] {subprocess.py:92} INFO - 25/08/17 13:23:11 INFO MemoryStore: MemoryStore started with capacity 434.4 MiB
[2025-08-17 13:23:11,337] {subprocess.py:92} INFO - 25/08/17 13:23:11 INFO SparkEnv: Registering OutputCommitCoordinator
[2025-08-17 13:23:11,534] {subprocess.py:92} INFO - 25/08/17 13:23:11 WARN Utils: Service 'SparkUI' could not bind on port 4040. Attempting port 4041.
[2025-08-17 13:23:11,535] {subprocess.py:92} INFO - 25/08/17 13:23:11 WARN Utils: Service 'SparkUI' could not bind on port 4041. Attempting port 4042.
[2025-08-17 13:23:11,548] {subprocess.py:92} INFO - 25/08/17 13:23:11 INFO Utils: Successfully started service 'SparkUI' on port 4042.
[2025-08-17 13:23:11,602] {subprocess.py:92} INFO - 25/08/17 13:23:11 INFO SparkContext: Added JAR file:///home/***/.ivy2/jars/org.apache.spark_spark-sql-kafka-0-10_2.12-3.3.1.jar at spark://a4b544519f2b:43525/jars/org.apache.spark_spark-sql-kafka-0-10_2.12-3.3.1.jar with timestamp 1755436990809
[2025-08-17 13:23:11,602] {subprocess.py:92} INFO - 25/08/17 13:23:11 INFO SparkContext: Added JAR file:///home/***/.ivy2/jars/org.apache.spark_spark-token-provider-kafka-0-10_2.12-3.3.1.jar at spark://a4b544519f2b:43525/jars/org.apache.spark_spark-token-provider-kafka-0-10_2.12-3.3.1.jar with timestamp 1755436990809
[2025-08-17 13:23:11,602] {subprocess.py:92} INFO - 25/08/17 13:23:11 INFO SparkContext: Added JAR file:///home/***/.ivy2/jars/org.apache.kafka_kafka-clients-2.8.1.jar at spark://a4b544519f2b:43525/jars/org.apache.kafka_kafka-clients-2.8.1.jar with timestamp 1755436990809
[2025-08-17 13:23:11,602] {subprocess.py:92} INFO - 25/08/17 13:23:11 INFO SparkContext: Added JAR file:///home/***/.ivy2/jars/com.google.code.findbugs_jsr305-3.0.0.jar at spark://a4b544519f2b:43525/jars/com.google.code.findbugs_jsr305-3.0.0.jar with timestamp 1755436990809
[2025-08-17 13:23:11,602] {subprocess.py:92} INFO - 25/08/17 13:23:11 INFO SparkContext: Added JAR file:///home/***/.ivy2/jars/org.apache.commons_commons-pool2-2.11.1.jar at spark://a4b544519f2b:43525/jars/org.apache.commons_commons-pool2-2.11.1.jar with timestamp 1755436990809
[2025-08-17 13:23:11,603] {subprocess.py:92} INFO - 25/08/17 13:23:11 INFO SparkContext: Added JAR file:///home/***/.ivy2/jars/org.spark-project.spark_unused-1.0.0.jar at spark://a4b544519f2b:43525/jars/org.spark-project.spark_unused-1.0.0.jar with timestamp 1755436990809
[2025-08-17 13:23:11,603] {subprocess.py:92} INFO - 25/08/17 13:23:11 INFO SparkContext: Added JAR file:///home/***/.ivy2/jars/org.apache.hadoop_hadoop-client-runtime-3.3.2.jar at spark://a4b544519f2b:43525/jars/org.apache.hadoop_hadoop-client-runtime-3.3.2.jar with timestamp 1755436990809
[2025-08-17 13:23:11,603] {subprocess.py:92} INFO - 25/08/17 13:23:11 INFO SparkContext: Added JAR file:///home/***/.ivy2/jars/org.lz4_lz4-java-1.8.0.jar at spark://a4b544519f2b:43525/jars/org.lz4_lz4-java-1.8.0.jar with timestamp 1755436990809
[2025-08-17 13:23:11,603] {subprocess.py:92} INFO - 25/08/17 13:23:11 INFO SparkContext: Added JAR file:///home/***/.ivy2/jars/org.xerial.snappy_snappy-java-1.1.8.4.jar at spark://a4b544519f2b:43525/jars/org.xerial.snappy_snappy-java-1.1.8.4.jar with timestamp 1755436990809
[2025-08-17 13:23:11,603] {subprocess.py:92} INFO - 25/08/17 13:23:11 INFO SparkContext: Added JAR file:///home/***/.ivy2/jars/org.slf4j_slf4j-api-1.7.32.jar at spark://a4b544519f2b:43525/jars/org.slf4j_slf4j-api-1.7.32.jar with timestamp 1755436990809
[2025-08-17 13:23:11,603] {subprocess.py:92} INFO - 25/08/17 13:23:11 INFO SparkContext: Added JAR file:///home/***/.ivy2/jars/org.apache.hadoop_hadoop-client-api-3.3.2.jar at spark://a4b544519f2b:43525/jars/org.apache.hadoop_hadoop-client-api-3.3.2.jar with timestamp 1755436990809
[2025-08-17 13:23:11,603] {subprocess.py:92} INFO - 25/08/17 13:23:11 INFO SparkContext: Added JAR file:///home/***/.ivy2/jars/commons-logging_commons-logging-1.1.3.jar at spark://a4b544519f2b:43525/jars/commons-logging_commons-logging-1.1.3.jar with timestamp 1755436990809
[2025-08-17 13:23:11,606] {subprocess.py:92} INFO - 25/08/17 13:23:11 INFO SparkContext: Added file file:///home/***/.ivy2/jars/org.apache.spark_spark-sql-kafka-0-10_2.12-3.3.1.jar at file:///home/***/.ivy2/jars/org.apache.spark_spark-sql-kafka-0-10_2.12-3.3.1.jar with timestamp 1755436990809
[2025-08-17 13:23:11,608] {subprocess.py:92} INFO - 25/08/17 13:23:11 INFO Utils: Copying /home/***/.ivy2/jars/org.apache.spark_spark-sql-kafka-0-10_2.12-3.3.1.jar to /tmp/spark-3b3813ef-ebe1-4ff8-a353-e7fc7aad5113/userFiles-0f76187b-7201-4572-b939-858a44f8c193/org.apache.spark_spark-sql-kafka-0-10_2.12-3.3.1.jar
[2025-08-17 13:23:11,618] {subprocess.py:92} INFO - 25/08/17 13:23:11 INFO SparkContext: Added file file:///home/***/.ivy2/jars/org.apache.spark_spark-token-provider-kafka-0-10_2.12-3.3.1.jar at file:///home/***/.ivy2/jars/org.apache.spark_spark-token-provider-kafka-0-10_2.12-3.3.1.jar with timestamp 1755436990809
[2025-08-17 13:23:11,618] {subprocess.py:92} INFO - 25/08/17 13:23:11 INFO Utils: Copying /home/***/.ivy2/jars/org.apache.spark_spark-token-provider-kafka-0-10_2.12-3.3.1.jar to /tmp/spark-3b3813ef-ebe1-4ff8-a353-e7fc7aad5113/userFiles-0f76187b-7201-4572-b939-858a44f8c193/org.apache.spark_spark-token-provider-kafka-0-10_2.12-3.3.1.jar
[2025-08-17 13:23:11,626] {subprocess.py:92} INFO - 25/08/17 13:23:11 INFO SparkContext: Added file file:///home/***/.ivy2/jars/org.apache.kafka_kafka-clients-2.8.1.jar at file:///home/***/.ivy2/jars/org.apache.kafka_kafka-clients-2.8.1.jar with timestamp 1755436990809
[2025-08-17 13:23:11,626] {subprocess.py:92} INFO - 25/08/17 13:23:11 INFO Utils: Copying /home/***/.ivy2/jars/org.apache.kafka_kafka-clients-2.8.1.jar to /tmp/spark-3b3813ef-ebe1-4ff8-a353-e7fc7aad5113/userFiles-0f76187b-7201-4572-b939-858a44f8c193/org.apache.kafka_kafka-clients-2.8.1.jar
[2025-08-17 13:23:11,637] {subprocess.py:92} INFO - 25/08/17 13:23:11 INFO SparkContext: Added file file:///home/***/.ivy2/jars/com.google.code.findbugs_jsr305-3.0.0.jar at file:///home/***/.ivy2/jars/com.google.code.findbugs_jsr305-3.0.0.jar with timestamp 1755436990809
[2025-08-17 13:23:11,638] {subprocess.py:92} INFO - 25/08/17 13:23:11 INFO Utils: Copying /home/***/.ivy2/jars/com.google.code.findbugs_jsr305-3.0.0.jar to /tmp/spark-3b3813ef-ebe1-4ff8-a353-e7fc7aad5113/userFiles-0f76187b-7201-4572-b939-858a44f8c193/com.google.code.findbugs_jsr305-3.0.0.jar
[2025-08-17 13:23:11,645] {subprocess.py:92} INFO - 25/08/17 13:23:11 INFO SparkContext: Added file file:///home/***/.ivy2/jars/org.apache.commons_commons-pool2-2.11.1.jar at file:///home/***/.ivy2/jars/org.apache.commons_commons-pool2-2.11.1.jar with timestamp 1755436990809
[2025-08-17 13:23:11,646] {subprocess.py:92} INFO - 25/08/17 13:23:11 INFO Utils: Copying /home/***/.ivy2/jars/org.apache.commons_commons-pool2-2.11.1.jar to /tmp/spark-3b3813ef-ebe1-4ff8-a353-e7fc7aad5113/userFiles-0f76187b-7201-4572-b939-858a44f8c193/org.apache.commons_commons-pool2-2.11.1.jar
[2025-08-17 13:23:11,653] {subprocess.py:92} INFO - 25/08/17 13:23:11 INFO SparkContext: Added file file:///home/***/.ivy2/jars/org.spark-project.spark_unused-1.0.0.jar at file:///home/***/.ivy2/jars/org.spark-project.spark_unused-1.0.0.jar with timestamp 1755436990809
[2025-08-17 13:23:11,654] {subprocess.py:92} INFO - 25/08/17 13:23:11 INFO Utils: Copying /home/***/.ivy2/jars/org.spark-project.spark_unused-1.0.0.jar to /tmp/spark-3b3813ef-ebe1-4ff8-a353-e7fc7aad5113/userFiles-0f76187b-7201-4572-b939-858a44f8c193/org.spark-project.spark_unused-1.0.0.jar
[2025-08-17 13:23:11,661] {subprocess.py:92} INFO - 25/08/17 13:23:11 INFO SparkContext: Added file file:///home/***/.ivy2/jars/org.apache.hadoop_hadoop-client-runtime-3.3.2.jar at file:///home/***/.ivy2/jars/org.apache.hadoop_hadoop-client-runtime-3.3.2.jar with timestamp 1755436990809
[2025-08-17 13:23:11,661] {subprocess.py:92} INFO - 25/08/17 13:23:11 INFO Utils: Copying /home/***/.ivy2/jars/org.apache.hadoop_hadoop-client-runtime-3.3.2.jar to /tmp/spark-3b3813ef-ebe1-4ff8-a353-e7fc7aad5113/userFiles-0f76187b-7201-4572-b939-858a44f8c193/org.apache.hadoop_hadoop-client-runtime-3.3.2.jar
[2025-08-17 13:23:11,696] {subprocess.py:92} INFO - 25/08/17 13:23:11 INFO SparkContext: Added file file:///home/***/.ivy2/jars/org.lz4_lz4-java-1.8.0.jar at file:///home/***/.ivy2/jars/org.lz4_lz4-java-1.8.0.jar with timestamp 1755436990809
[2025-08-17 13:23:11,697] {subprocess.py:92} INFO - 25/08/17 13:23:11 INFO Utils: Copying /home/***/.ivy2/jars/org.lz4_lz4-java-1.8.0.jar to /tmp/spark-3b3813ef-ebe1-4ff8-a353-e7fc7aad5113/userFiles-0f76187b-7201-4572-b939-858a44f8c193/org.lz4_lz4-java-1.8.0.jar
[2025-08-17 13:23:11,704] {subprocess.py:92} INFO - 25/08/17 13:23:11 INFO SparkContext: Added file file:///home/***/.ivy2/jars/org.xerial.snappy_snappy-java-1.1.8.4.jar at file:///home/***/.ivy2/jars/org.xerial.snappy_snappy-java-1.1.8.4.jar with timestamp 1755436990809
[2025-08-17 13:23:11,705] {subprocess.py:92} INFO - 25/08/17 13:23:11 INFO Utils: Copying /home/***/.ivy2/jars/org.xerial.snappy_snappy-java-1.1.8.4.jar to /tmp/spark-3b3813ef-ebe1-4ff8-a353-e7fc7aad5113/userFiles-0f76187b-7201-4572-b939-858a44f8c193/org.xerial.snappy_snappy-java-1.1.8.4.jar
[2025-08-17 13:23:11,711] {subprocess.py:92} INFO - 25/08/17 13:23:11 INFO SparkContext: Added file file:///home/***/.ivy2/jars/org.slf4j_slf4j-api-1.7.32.jar at file:///home/***/.ivy2/jars/org.slf4j_slf4j-api-1.7.32.jar with timestamp 1755436990809
[2025-08-17 13:23:11,711] {subprocess.py:92} INFO - 25/08/17 13:23:11 INFO Utils: Copying /home/***/.ivy2/jars/org.slf4j_slf4j-api-1.7.32.jar to /tmp/spark-3b3813ef-ebe1-4ff8-a353-e7fc7aad5113/userFiles-0f76187b-7201-4572-b939-858a44f8c193/org.slf4j_slf4j-api-1.7.32.jar
[2025-08-17 13:23:11,719] {subprocess.py:92} INFO - 25/08/17 13:23:11 INFO SparkContext: Added file file:///home/***/.ivy2/jars/org.apache.hadoop_hadoop-client-api-3.3.2.jar at file:///home/***/.ivy2/jars/org.apache.hadoop_hadoop-client-api-3.3.2.jar with timestamp 1755436990809
[2025-08-17 13:23:11,719] {subprocess.py:92} INFO - 25/08/17 13:23:11 INFO Utils: Copying /home/***/.ivy2/jars/org.apache.hadoop_hadoop-client-api-3.3.2.jar to /tmp/spark-3b3813ef-ebe1-4ff8-a353-e7fc7aad5113/userFiles-0f76187b-7201-4572-b939-858a44f8c193/org.apache.hadoop_hadoop-client-api-3.3.2.jar
[2025-08-17 13:23:11,742] {subprocess.py:92} INFO - 25/08/17 13:23:11 INFO SparkContext: Added file file:///home/***/.ivy2/jars/commons-logging_commons-logging-1.1.3.jar at file:///home/***/.ivy2/jars/commons-logging_commons-logging-1.1.3.jar with timestamp 1755436990809
[2025-08-17 13:23:11,742] {subprocess.py:92} INFO - 25/08/17 13:23:11 INFO Utils: Copying /home/***/.ivy2/jars/commons-logging_commons-logging-1.1.3.jar to /tmp/spark-3b3813ef-ebe1-4ff8-a353-e7fc7aad5113/userFiles-0f76187b-7201-4572-b939-858a44f8c193/commons-logging_commons-logging-1.1.3.jar
[2025-08-17 13:23:11,815] {subprocess.py:92} INFO - 25/08/17 13:23:11 INFO Executor: Starting executor ID driver on host a4b544519f2b
[2025-08-17 13:23:11,823] {subprocess.py:92} INFO - 25/08/17 13:23:11 INFO Executor: Starting executor with user classpath (userClassPathFirst = false): ''
[2025-08-17 13:23:11,837] {subprocess.py:92} INFO - 25/08/17 13:23:11 INFO Executor: Fetching file:///home/***/.ivy2/jars/commons-logging_commons-logging-1.1.3.jar with timestamp 1755436990809
[2025-08-17 13:23:11,857] {subprocess.py:92} INFO - 25/08/17 13:23:11 INFO Utils: /home/***/.ivy2/jars/commons-logging_commons-logging-1.1.3.jar has been previously copied to /tmp/spark-3b3813ef-ebe1-4ff8-a353-e7fc7aad5113/userFiles-0f76187b-7201-4572-b939-858a44f8c193/commons-logging_commons-logging-1.1.3.jar
[2025-08-17 13:23:11,862] {subprocess.py:92} INFO - 25/08/17 13:23:11 INFO Executor: Fetching file:///home/***/.ivy2/jars/org.spark-project.spark_unused-1.0.0.jar with timestamp 1755436990809
[2025-08-17 13:23:11,862] {subprocess.py:92} INFO - 25/08/17 13:23:11 INFO Utils: /home/***/.ivy2/jars/org.spark-project.spark_unused-1.0.0.jar has been previously copied to /tmp/spark-3b3813ef-ebe1-4ff8-a353-e7fc7aad5113/userFiles-0f76187b-7201-4572-b939-858a44f8c193/org.spark-project.spark_unused-1.0.0.jar
[2025-08-17 13:23:11,868] {subprocess.py:92} INFO - 25/08/17 13:23:11 INFO Executor: Fetching file:///home/***/.ivy2/jars/org.apache.spark_spark-sql-kafka-0-10_2.12-3.3.1.jar with timestamp 1755436990809
[2025-08-17 13:23:11,873] {subprocess.py:92} INFO - 25/08/17 13:23:11 INFO Utils: /home/***/.ivy2/jars/org.apache.spark_spark-sql-kafka-0-10_2.12-3.3.1.jar has been previously copied to /tmp/spark-3b3813ef-ebe1-4ff8-a353-e7fc7aad5113/userFiles-0f76187b-7201-4572-b939-858a44f8c193/org.apache.spark_spark-sql-kafka-0-10_2.12-3.3.1.jar
[2025-08-17 13:23:11,879] {subprocess.py:92} INFO - 25/08/17 13:23:11 INFO Executor: Fetching file:///home/***/.ivy2/jars/org.apache.hadoop_hadoop-client-api-3.3.2.jar with timestamp 1755436990809
[2025-08-17 13:23:11,895] {subprocess.py:92} INFO - 25/08/17 13:23:11 INFO Utils: /home/***/.ivy2/jars/org.apache.hadoop_hadoop-client-api-3.3.2.jar has been previously copied to /tmp/spark-3b3813ef-ebe1-4ff8-a353-e7fc7aad5113/userFiles-0f76187b-7201-4572-b939-858a44f8c193/org.apache.hadoop_hadoop-client-api-3.3.2.jar
[2025-08-17 13:23:11,901] {subprocess.py:92} INFO - 25/08/17 13:23:11 INFO Executor: Fetching file:///home/***/.ivy2/jars/org.apache.hadoop_hadoop-client-runtime-3.3.2.jar with timestamp 1755436990809
[2025-08-17 13:23:11,925] {subprocess.py:92} INFO - 25/08/17 13:23:11 INFO Utils: /home/***/.ivy2/jars/org.apache.hadoop_hadoop-client-runtime-3.3.2.jar has been previously copied to /tmp/spark-3b3813ef-ebe1-4ff8-a353-e7fc7aad5113/userFiles-0f76187b-7201-4572-b939-858a44f8c193/org.apache.hadoop_hadoop-client-runtime-3.3.2.jar
[2025-08-17 13:23:11,931] {subprocess.py:92} INFO - 25/08/17 13:23:11 INFO Executor: Fetching file:///home/***/.ivy2/jars/org.slf4j_slf4j-api-1.7.32.jar with timestamp 1755436990809
[2025-08-17 13:23:11,931] {subprocess.py:92} INFO - 25/08/17 13:23:11 INFO Utils: /home/***/.ivy2/jars/org.slf4j_slf4j-api-1.7.32.jar has been previously copied to /tmp/spark-3b3813ef-ebe1-4ff8-a353-e7fc7aad5113/userFiles-0f76187b-7201-4572-b939-858a44f8c193/org.slf4j_slf4j-api-1.7.32.jar
[2025-08-17 13:23:11,937] {subprocess.py:92} INFO - 25/08/17 13:23:11 INFO Executor: Fetching file:///home/***/.ivy2/jars/org.lz4_lz4-java-1.8.0.jar with timestamp 1755436990809
[2025-08-17 13:23:11,938] {subprocess.py:92} INFO - 25/08/17 13:23:11 INFO Utils: /home/***/.ivy2/jars/org.lz4_lz4-java-1.8.0.jar has been previously copied to /tmp/spark-3b3813ef-ebe1-4ff8-a353-e7fc7aad5113/userFiles-0f76187b-7201-4572-b939-858a44f8c193/org.lz4_lz4-java-1.8.0.jar
[2025-08-17 13:23:11,945] {subprocess.py:92} INFO - 25/08/17 13:23:11 INFO Executor: Fetching file:///home/***/.ivy2/jars/org.apache.commons_commons-pool2-2.11.1.jar with timestamp 1755436990809
[2025-08-17 13:23:11,946] {subprocess.py:92} INFO - 25/08/17 13:23:11 INFO Utils: /home/***/.ivy2/jars/org.apache.commons_commons-pool2-2.11.1.jar has been previously copied to /tmp/spark-3b3813ef-ebe1-4ff8-a353-e7fc7aad5113/userFiles-0f76187b-7201-4572-b939-858a44f8c193/org.apache.commons_commons-pool2-2.11.1.jar
[2025-08-17 13:23:11,951] {subprocess.py:92} INFO - 25/08/17 13:23:11 INFO Executor: Fetching file:///home/***/.ivy2/jars/com.google.code.findbugs_jsr305-3.0.0.jar with timestamp 1755436990809
[2025-08-17 13:23:11,951] {subprocess.py:92} INFO - 25/08/17 13:23:11 INFO Utils: /home/***/.ivy2/jars/com.google.code.findbugs_jsr305-3.0.0.jar has been previously copied to /tmp/spark-3b3813ef-ebe1-4ff8-a353-e7fc7aad5113/userFiles-0f76187b-7201-4572-b939-858a44f8c193/com.google.code.findbugs_jsr305-3.0.0.jar
[2025-08-17 13:23:11,957] {subprocess.py:92} INFO - 25/08/17 13:23:11 INFO Executor: Fetching file:///home/***/.ivy2/jars/org.apache.spark_spark-token-provider-kafka-0-10_2.12-3.3.1.jar with timestamp 1755436990809
[2025-08-17 13:23:11,957] {subprocess.py:92} INFO - 25/08/17 13:23:11 INFO Utils: /home/***/.ivy2/jars/org.apache.spark_spark-token-provider-kafka-0-10_2.12-3.3.1.jar has been previously copied to /tmp/spark-3b3813ef-ebe1-4ff8-a353-e7fc7aad5113/userFiles-0f76187b-7201-4572-b939-858a44f8c193/org.apache.spark_spark-token-provider-kafka-0-10_2.12-3.3.1.jar
[2025-08-17 13:23:11,963] {subprocess.py:92} INFO - 25/08/17 13:23:11 INFO Executor: Fetching file:///home/***/.ivy2/jars/org.apache.kafka_kafka-clients-2.8.1.jar with timestamp 1755436990809
[2025-08-17 13:23:11,968] {subprocess.py:92} INFO - 25/08/17 13:23:11 INFO Utils: /home/***/.ivy2/jars/org.apache.kafka_kafka-clients-2.8.1.jar has been previously copied to /tmp/spark-3b3813ef-ebe1-4ff8-a353-e7fc7aad5113/userFiles-0f76187b-7201-4572-b939-858a44f8c193/org.apache.kafka_kafka-clients-2.8.1.jar
[2025-08-17 13:23:11,975] {subprocess.py:92} INFO - 25/08/17 13:23:11 INFO Executor: Fetching file:///home/***/.ivy2/jars/org.xerial.snappy_snappy-java-1.1.8.4.jar with timestamp 1755436990809
[2025-08-17 13:23:11,978] {subprocess.py:92} INFO - 25/08/17 13:23:11 INFO Utils: /home/***/.ivy2/jars/org.xerial.snappy_snappy-java-1.1.8.4.jar has been previously copied to /tmp/spark-3b3813ef-ebe1-4ff8-a353-e7fc7aad5113/userFiles-0f76187b-7201-4572-b939-858a44f8c193/org.xerial.snappy_snappy-java-1.1.8.4.jar
[2025-08-17 13:23:11,988] {subprocess.py:92} INFO - 25/08/17 13:23:11 INFO Executor: Fetching spark://a4b544519f2b:43525/jars/com.google.code.findbugs_jsr305-3.0.0.jar with timestamp 1755436990809
[2025-08-17 13:23:12,039] {subprocess.py:92} INFO - 25/08/17 13:23:12 INFO TransportClientFactory: Successfully created connection to a4b544519f2b/172.20.0.3:43525 after 34 ms (0 ms spent in bootstraps)
[2025-08-17 13:23:12,045] {subprocess.py:92} INFO - 25/08/17 13:23:12 INFO Utils: Fetching spark://a4b544519f2b:43525/jars/com.google.code.findbugs_jsr305-3.0.0.jar to /tmp/spark-3b3813ef-ebe1-4ff8-a353-e7fc7aad5113/userFiles-0f76187b-7201-4572-b939-858a44f8c193/fetchFileTemp9250343143870266110.tmp
[2025-08-17 13:23:12,088] {subprocess.py:92} INFO - 25/08/17 13:23:12 INFO Utils: /tmp/spark-3b3813ef-ebe1-4ff8-a353-e7fc7aad5113/userFiles-0f76187b-7201-4572-b939-858a44f8c193/fetchFileTemp9250343143870266110.tmp has been previously copied to /tmp/spark-3b3813ef-ebe1-4ff8-a353-e7fc7aad5113/userFiles-0f76187b-7201-4572-b939-858a44f8c193/com.google.code.findbugs_jsr305-3.0.0.jar
[2025-08-17 13:23:12,095] {subprocess.py:92} INFO - 25/08/17 13:23:12 INFO Executor: Adding file:/tmp/spark-3b3813ef-ebe1-4ff8-a353-e7fc7aad5113/userFiles-0f76187b-7201-4572-b939-858a44f8c193/com.google.code.findbugs_jsr305-3.0.0.jar to class loader
[2025-08-17 13:23:12,096] {subprocess.py:92} INFO - 25/08/17 13:23:12 INFO Executor: Fetching spark://a4b544519f2b:43525/jars/org.apache.commons_commons-pool2-2.11.1.jar with timestamp 1755436990809
[2025-08-17 13:23:12,097] {subprocess.py:92} INFO - 25/08/17 13:23:12 INFO Utils: Fetching spark://a4b544519f2b:43525/jars/org.apache.commons_commons-pool2-2.11.1.jar to /tmp/spark-3b3813ef-ebe1-4ff8-a353-e7fc7aad5113/userFiles-0f76187b-7201-4572-b939-858a44f8c193/fetchFileTemp338225748116247148.tmp
[2025-08-17 13:23:12,101] {subprocess.py:92} INFO - 25/08/17 13:23:12 INFO Utils: /tmp/spark-3b3813ef-ebe1-4ff8-a353-e7fc7aad5113/userFiles-0f76187b-7201-4572-b939-858a44f8c193/fetchFileTemp338225748116247148.tmp has been previously copied to /tmp/spark-3b3813ef-ebe1-4ff8-a353-e7fc7aad5113/userFiles-0f76187b-7201-4572-b939-858a44f8c193/org.apache.commons_commons-pool2-2.11.1.jar
[2025-08-17 13:23:12,108] {subprocess.py:92} INFO - 25/08/17 13:23:12 INFO Executor: Adding file:/tmp/spark-3b3813ef-ebe1-4ff8-a353-e7fc7aad5113/userFiles-0f76187b-7201-4572-b939-858a44f8c193/org.apache.commons_commons-pool2-2.11.1.jar to class loader
[2025-08-17 13:23:12,108] {subprocess.py:92} INFO - 25/08/17 13:23:12 INFO Executor: Fetching spark://a4b544519f2b:43525/jars/org.lz4_lz4-java-1.8.0.jar with timestamp 1755436990809
[2025-08-17 13:23:12,109] {subprocess.py:92} INFO - 25/08/17 13:23:12 INFO Utils: Fetching spark://a4b544519f2b:43525/jars/org.lz4_lz4-java-1.8.0.jar to /tmp/spark-3b3813ef-ebe1-4ff8-a353-e7fc7aad5113/userFiles-0f76187b-7201-4572-b939-858a44f8c193/fetchFileTemp278688721320173802.tmp
[2025-08-17 13:23:12,119] {subprocess.py:92} INFO - 25/08/17 13:23:12 INFO Utils: /tmp/spark-3b3813ef-ebe1-4ff8-a353-e7fc7aad5113/userFiles-0f76187b-7201-4572-b939-858a44f8c193/fetchFileTemp278688721320173802.tmp has been previously copied to /tmp/spark-3b3813ef-ebe1-4ff8-a353-e7fc7aad5113/userFiles-0f76187b-7201-4572-b939-858a44f8c193/org.lz4_lz4-java-1.8.0.jar
[2025-08-17 13:23:12,126] {subprocess.py:92} INFO - 25/08/17 13:23:12 INFO Executor: Adding file:/tmp/spark-3b3813ef-ebe1-4ff8-a353-e7fc7aad5113/userFiles-0f76187b-7201-4572-b939-858a44f8c193/org.lz4_lz4-java-1.8.0.jar to class loader
[2025-08-17 13:23:12,126] {subprocess.py:92} INFO - 25/08/17 13:23:12 INFO Executor: Fetching spark://a4b544519f2b:43525/jars/org.slf4j_slf4j-api-1.7.32.jar with timestamp 1755436990809
[2025-08-17 13:23:12,127] {subprocess.py:92} INFO - 25/08/17 13:23:12 INFO Utils: Fetching spark://a4b544519f2b:43525/jars/org.slf4j_slf4j-api-1.7.32.jar to /tmp/spark-3b3813ef-ebe1-4ff8-a353-e7fc7aad5113/userFiles-0f76187b-7201-4572-b939-858a44f8c193/fetchFileTemp2153653880621373063.tmp
[2025-08-17 13:23:12,131] {subprocess.py:92} INFO - 25/08/17 13:23:12 INFO Utils: /tmp/spark-3b3813ef-ebe1-4ff8-a353-e7fc7aad5113/userFiles-0f76187b-7201-4572-b939-858a44f8c193/fetchFileTemp2153653880621373063.tmp has been previously copied to /tmp/spark-3b3813ef-ebe1-4ff8-a353-e7fc7aad5113/userFiles-0f76187b-7201-4572-b939-858a44f8c193/org.slf4j_slf4j-api-1.7.32.jar
[2025-08-17 13:23:12,137] {subprocess.py:92} INFO - 25/08/17 13:23:12 INFO Executor: Adding file:/tmp/spark-3b3813ef-ebe1-4ff8-a353-e7fc7aad5113/userFiles-0f76187b-7201-4572-b939-858a44f8c193/org.slf4j_slf4j-api-1.7.32.jar to class loader
[2025-08-17 13:23:12,138] {subprocess.py:92} INFO - 25/08/17 13:23:12 INFO Executor: Fetching spark://a4b544519f2b:43525/jars/org.xerial.snappy_snappy-java-1.1.8.4.jar with timestamp 1755436990809
[2025-08-17 13:23:12,138] {subprocess.py:92} INFO - 25/08/17 13:23:12 INFO Utils: Fetching spark://a4b544519f2b:43525/jars/org.xerial.snappy_snappy-java-1.1.8.4.jar to /tmp/spark-3b3813ef-ebe1-4ff8-a353-e7fc7aad5113/userFiles-0f76187b-7201-4572-b939-858a44f8c193/fetchFileTemp16752145141985168214.tmp
[2025-08-17 13:23:12,156] {subprocess.py:92} INFO - 25/08/17 13:23:12 INFO Utils: /tmp/spark-3b3813ef-ebe1-4ff8-a353-e7fc7aad5113/userFiles-0f76187b-7201-4572-b939-858a44f8c193/fetchFileTemp16752145141985168214.tmp has been previously copied to /tmp/spark-3b3813ef-ebe1-4ff8-a353-e7fc7aad5113/userFiles-0f76187b-7201-4572-b939-858a44f8c193/org.xerial.snappy_snappy-java-1.1.8.4.jar
[2025-08-17 13:23:12,162] {subprocess.py:92} INFO - 25/08/17 13:23:12 INFO Executor: Adding file:/tmp/spark-3b3813ef-ebe1-4ff8-a353-e7fc7aad5113/userFiles-0f76187b-7201-4572-b939-858a44f8c193/org.xerial.snappy_snappy-java-1.1.8.4.jar to class loader
[2025-08-17 13:23:12,162] {subprocess.py:92} INFO - 25/08/17 13:23:12 INFO Executor: Fetching spark://a4b544519f2b:43525/jars/commons-logging_commons-logging-1.1.3.jar with timestamp 1755436990809
[2025-08-17 13:23:12,163] {subprocess.py:92} INFO - 25/08/17 13:23:12 INFO Utils: Fetching spark://a4b544519f2b:43525/jars/commons-logging_commons-logging-1.1.3.jar to /tmp/spark-3b3813ef-ebe1-4ff8-a353-e7fc7aad5113/userFiles-0f76187b-7201-4572-b939-858a44f8c193/fetchFileTemp12160127587713526165.tmp
[2025-08-17 13:23:12,166] {subprocess.py:92} INFO - 25/08/17 13:23:12 INFO Utils: /tmp/spark-3b3813ef-ebe1-4ff8-a353-e7fc7aad5113/userFiles-0f76187b-7201-4572-b939-858a44f8c193/fetchFileTemp12160127587713526165.tmp has been previously copied to /tmp/spark-3b3813ef-ebe1-4ff8-a353-e7fc7aad5113/userFiles-0f76187b-7201-4572-b939-858a44f8c193/commons-logging_commons-logging-1.1.3.jar
[2025-08-17 13:23:12,172] {subprocess.py:92} INFO - 25/08/17 13:23:12 INFO Executor: Adding file:/tmp/spark-3b3813ef-ebe1-4ff8-a353-e7fc7aad5113/userFiles-0f76187b-7201-4572-b939-858a44f8c193/commons-logging_commons-logging-1.1.3.jar to class loader
[2025-08-17 13:23:12,172] {subprocess.py:92} INFO - 25/08/17 13:23:12 INFO Executor: Fetching spark://a4b544519f2b:43525/jars/org.apache.kafka_kafka-clients-2.8.1.jar with timestamp 1755436990809
[2025-08-17 13:23:12,173] {subprocess.py:92} INFO - 25/08/17 13:23:12 INFO Utils: Fetching spark://a4b544519f2b:43525/jars/org.apache.kafka_kafka-clients-2.8.1.jar to /tmp/spark-3b3813ef-ebe1-4ff8-a353-e7fc7aad5113/userFiles-0f76187b-7201-4572-b939-858a44f8c193/fetchFileTemp13689337215763475887.tmp
[2025-08-17 13:23:12,205] {subprocess.py:92} INFO - 25/08/17 13:23:12 INFO Utils: /tmp/spark-3b3813ef-ebe1-4ff8-a353-e7fc7aad5113/userFiles-0f76187b-7201-4572-b939-858a44f8c193/fetchFileTemp13689337215763475887.tmp has been previously copied to /tmp/spark-3b3813ef-ebe1-4ff8-a353-e7fc7aad5113/userFiles-0f76187b-7201-4572-b939-858a44f8c193/org.apache.kafka_kafka-clients-2.8.1.jar
[2025-08-17 13:23:12,212] {subprocess.py:92} INFO - 25/08/17 13:23:12 INFO Executor: Adding file:/tmp/spark-3b3813ef-ebe1-4ff8-a353-e7fc7aad5113/userFiles-0f76187b-7201-4572-b939-858a44f8c193/org.apache.kafka_kafka-clients-2.8.1.jar to class loader
[2025-08-17 13:23:12,212] {subprocess.py:92} INFO - 25/08/17 13:23:12 INFO Executor: Fetching spark://a4b544519f2b:43525/jars/org.apache.hadoop_hadoop-client-runtime-3.3.2.jar with timestamp 1755436990809
[2025-08-17 13:23:12,213] {subprocess.py:92} INFO - 25/08/17 13:23:12 INFO Utils: Fetching spark://a4b544519f2b:43525/jars/org.apache.hadoop_hadoop-client-runtime-3.3.2.jar to /tmp/spark-3b3813ef-ebe1-4ff8-a353-e7fc7aad5113/userFiles-0f76187b-7201-4572-b939-858a44f8c193/fetchFileTemp14272357637744847064.tmp
[2025-08-17 13:23:12,353] {subprocess.py:92} INFO - 25/08/17 13:23:12 INFO Utils: /tmp/spark-3b3813ef-ebe1-4ff8-a353-e7fc7aad5113/userFiles-0f76187b-7201-4572-b939-858a44f8c193/fetchFileTemp14272357637744847064.tmp has been previously copied to /tmp/spark-3b3813ef-ebe1-4ff8-a353-e7fc7aad5113/userFiles-0f76187b-7201-4572-b939-858a44f8c193/org.apache.hadoop_hadoop-client-runtime-3.3.2.jar
[2025-08-17 13:23:12,364] {subprocess.py:92} INFO - 25/08/17 13:23:12 INFO Executor: Adding file:/tmp/spark-3b3813ef-ebe1-4ff8-a353-e7fc7aad5113/userFiles-0f76187b-7201-4572-b939-858a44f8c193/org.apache.hadoop_hadoop-client-runtime-3.3.2.jar to class loader
[2025-08-17 13:23:12,364] {subprocess.py:92} INFO - 25/08/17 13:23:12 INFO Executor: Fetching spark://a4b544519f2b:43525/jars/org.apache.hadoop_hadoop-client-api-3.3.2.jar with timestamp 1755436990809
[2025-08-17 13:23:12,365] {subprocess.py:92} INFO - 25/08/17 13:23:12 INFO Utils: Fetching spark://a4b544519f2b:43525/jars/org.apache.hadoop_hadoop-client-api-3.3.2.jar to /tmp/spark-3b3813ef-ebe1-4ff8-a353-e7fc7aad5113/userFiles-0f76187b-7201-4572-b939-858a44f8c193/fetchFileTemp10903127718489596902.tmp
[2025-08-17 13:23:12,449] {subprocess.py:92} INFO - 25/08/17 13:23:12 INFO Utils: /tmp/spark-3b3813ef-ebe1-4ff8-a353-e7fc7aad5113/userFiles-0f76187b-7201-4572-b939-858a44f8c193/fetchFileTemp10903127718489596902.tmp has been previously copied to /tmp/spark-3b3813ef-ebe1-4ff8-a353-e7fc7aad5113/userFiles-0f76187b-7201-4572-b939-858a44f8c193/org.apache.hadoop_hadoop-client-api-3.3.2.jar
[2025-08-17 13:23:12,459] {subprocess.py:92} INFO - 25/08/17 13:23:12 INFO Executor: Adding file:/tmp/spark-3b3813ef-ebe1-4ff8-a353-e7fc7aad5113/userFiles-0f76187b-7201-4572-b939-858a44f8c193/org.apache.hadoop_hadoop-client-api-3.3.2.jar to class loader
[2025-08-17 13:23:12,459] {subprocess.py:92} INFO - 25/08/17 13:23:12 INFO Executor: Fetching spark://a4b544519f2b:43525/jars/org.spark-project.spark_unused-1.0.0.jar with timestamp 1755436990809
[2025-08-17 13:23:12,459] {subprocess.py:92} INFO - 25/08/17 13:23:12 INFO Utils: Fetching spark://a4b544519f2b:43525/jars/org.spark-project.spark_unused-1.0.0.jar to /tmp/spark-3b3813ef-ebe1-4ff8-a353-e7fc7aad5113/userFiles-0f76187b-7201-4572-b939-858a44f8c193/fetchFileTemp14159543578967145852.tmp
[2025-08-17 13:23:12,461] {subprocess.py:92} INFO - 25/08/17 13:23:12 INFO Utils: /tmp/spark-3b3813ef-ebe1-4ff8-a353-e7fc7aad5113/userFiles-0f76187b-7201-4572-b939-858a44f8c193/fetchFileTemp14159543578967145852.tmp has been previously copied to /tmp/spark-3b3813ef-ebe1-4ff8-a353-e7fc7aad5113/userFiles-0f76187b-7201-4572-b939-858a44f8c193/org.spark-project.spark_unused-1.0.0.jar
[2025-08-17 13:23:12,467] {subprocess.py:92} INFO - 25/08/17 13:23:12 INFO Executor: Adding file:/tmp/spark-3b3813ef-ebe1-4ff8-a353-e7fc7aad5113/userFiles-0f76187b-7201-4572-b939-858a44f8c193/org.spark-project.spark_unused-1.0.0.jar to class loader
[2025-08-17 13:23:12,468] {subprocess.py:92} INFO - 25/08/17 13:23:12 INFO Executor: Fetching spark://a4b544519f2b:43525/jars/org.apache.spark_spark-token-provider-kafka-0-10_2.12-3.3.1.jar with timestamp 1755436990809
[2025-08-17 13:23:12,468] {subprocess.py:92} INFO - 25/08/17 13:23:12 INFO Utils: Fetching spark://a4b544519f2b:43525/jars/org.apache.spark_spark-token-provider-kafka-0-10_2.12-3.3.1.jar to /tmp/spark-3b3813ef-ebe1-4ff8-a353-e7fc7aad5113/userFiles-0f76187b-7201-4572-b939-858a44f8c193/fetchFileTemp8294352808270613025.tmp
[2025-08-17 13:23:12,471] {subprocess.py:92} INFO - 25/08/17 13:23:12 INFO Utils: /tmp/spark-3b3813ef-ebe1-4ff8-a353-e7fc7aad5113/userFiles-0f76187b-7201-4572-b939-858a44f8c193/fetchFileTemp8294352808270613025.tmp has been previously copied to /tmp/spark-3b3813ef-ebe1-4ff8-a353-e7fc7aad5113/userFiles-0f76187b-7201-4572-b939-858a44f8c193/org.apache.spark_spark-token-provider-kafka-0-10_2.12-3.3.1.jar
[2025-08-17 13:23:12,477] {subprocess.py:92} INFO - 25/08/17 13:23:12 INFO Executor: Adding file:/tmp/spark-3b3813ef-ebe1-4ff8-a353-e7fc7aad5113/userFiles-0f76187b-7201-4572-b939-858a44f8c193/org.apache.spark_spark-token-provider-kafka-0-10_2.12-3.3.1.jar to class loader
[2025-08-17 13:23:12,478] {subprocess.py:92} INFO - 25/08/17 13:23:12 INFO Executor: Fetching spark://a4b544519f2b:43525/jars/org.apache.spark_spark-sql-kafka-0-10_2.12-3.3.1.jar with timestamp 1755436990809
[2025-08-17 13:23:12,479] {subprocess.py:92} INFO - 25/08/17 13:23:12 INFO Utils: Fetching spark://a4b544519f2b:43525/jars/org.apache.spark_spark-sql-kafka-0-10_2.12-3.3.1.jar to /tmp/spark-3b3813ef-ebe1-4ff8-a353-e7fc7aad5113/userFiles-0f76187b-7201-4572-b939-858a44f8c193/fetchFileTemp14422727762836071657.tmp
[2025-08-17 13:23:12,484] {subprocess.py:92} INFO - 25/08/17 13:23:12 INFO Utils: /tmp/spark-3b3813ef-ebe1-4ff8-a353-e7fc7aad5113/userFiles-0f76187b-7201-4572-b939-858a44f8c193/fetchFileTemp14422727762836071657.tmp has been previously copied to /tmp/spark-3b3813ef-ebe1-4ff8-a353-e7fc7aad5113/userFiles-0f76187b-7201-4572-b939-858a44f8c193/org.apache.spark_spark-sql-kafka-0-10_2.12-3.3.1.jar
[2025-08-17 13:23:12,491] {subprocess.py:92} INFO - 25/08/17 13:23:12 INFO Executor: Adding file:/tmp/spark-3b3813ef-ebe1-4ff8-a353-e7fc7aad5113/userFiles-0f76187b-7201-4572-b939-858a44f8c193/org.apache.spark_spark-sql-kafka-0-10_2.12-3.3.1.jar to class loader
[2025-08-17 13:23:12,503] {subprocess.py:92} INFO - 25/08/17 13:23:12 INFO Utils: Successfully started service 'org.apache.spark.network.netty.NettyBlockTransferService' on port 38763.
[2025-08-17 13:23:12,503] {subprocess.py:92} INFO - 25/08/17 13:23:12 INFO NettyBlockTransferService: Server created on a4b544519f2b:38763
[2025-08-17 13:23:12,506] {subprocess.py:92} INFO - 25/08/17 13:23:12 INFO BlockManager: Using org.apache.spark.storage.RandomBlockReplicationPolicy for block replication policy
[2025-08-17 13:23:12,514] {subprocess.py:92} INFO - 25/08/17 13:23:12 INFO BlockManagerMaster: Registering BlockManager BlockManagerId(driver, a4b544519f2b, 38763, None)
[2025-08-17 13:23:12,519] {subprocess.py:92} INFO - 25/08/17 13:23:12 INFO BlockManagerMasterEndpoint: Registering block manager a4b544519f2b:38763 with 434.4 MiB RAM, BlockManagerId(driver, a4b544519f2b, 38763, None)
[2025-08-17 13:23:12,523] {subprocess.py:92} INFO - 25/08/17 13:23:12 INFO BlockManagerMaster: Registered BlockManager BlockManagerId(driver, a4b544519f2b, 38763, None)
[2025-08-17 13:23:12,525] {subprocess.py:92} INFO - 25/08/17 13:23:12 INFO BlockManager: Initialized BlockManager: BlockManagerId(driver, a4b544519f2b, 38763, None)
[2025-08-17 13:23:12,975] {subprocess.py:92} INFO - Connexion à Kafka...
[2025-08-17 13:23:15,627] {subprocess.py:92} INFO - Connexion Kafka réussie (kafka:9092)
[2025-08-17 13:23:15,627] {subprocess.py:92} INFO - Transformation des données JSON...
[2025-08-17 13:23:16,088] {subprocess.py:92} INFO - Démarrage du streaming vers HDFS...
[2025-08-17 13:23:17,163] {subprocess.py:92} INFO - Streaming actif - Données météo sauvegardées dans HDFS:/data/weather
[2025-08-17 13:47:19,083] {local_task_job.py:221} WARNING - State of this instance has been externally set to failed. Terminating instance.
[2025-08-17 13:47:19,086] {process_utils.py:129} INFO - Sending Signals.SIGTERM to group 23137. PIDs of all processes in the group: [23138, 23191, 23137]
[2025-08-17 13:47:19,086] {process_utils.py:80} INFO - Sending the signal Signals.SIGTERM to group 23137
[2025-08-17 13:47:19,086] {taskinstance.py:1541} ERROR - Received SIGTERM. Terminating subprocesses.
[2025-08-17 13:47:19,086] {subprocess.py:103} INFO - Sending SIGTERM signal to process group
[2025-08-17 13:47:19,100] {process_utils.py:75} INFO - Process psutil.Process(pid=23191, status='terminated', started='13:23:09') (23191) terminated with exit code None
[2025-08-17 13:47:19,152] {process_utils.py:75} INFO - Process psutil.Process(pid=23137, status='terminated', exitcode=0, started='13:23:05') (23137) terminated with exit code 0
[2025-08-17 13:47:19,285] {process_utils.py:75} INFO - Process psutil.Process(pid=23138, status='terminated', started='13:23:06') (23138) terminated with exit code None
