[2025-09-01 04:12:04,255] {taskinstance.py:1159} INFO - Dependencies all met for <TaskInstance: send_weather_to_kafka.verify_pipeline scheduled__2025-09-01T03:39:00.786183+00:00 [queued]>
[2025-09-01 04:12:04,261] {taskinstance.py:1159} INFO - Dependencies all met for <TaskInstance: send_weather_to_kafka.verify_pipeline scheduled__2025-09-01T03:39:00.786183+00:00 [queued]>
[2025-09-01 04:12:04,261] {taskinstance.py:1356} INFO - 
--------------------------------------------------------------------------------
[2025-09-01 04:12:04,261] {taskinstance.py:1357} INFO - Starting attempt 1 of 2
[2025-09-01 04:12:04,262] {taskinstance.py:1358} INFO - 
--------------------------------------------------------------------------------
[2025-09-01 04:12:04,270] {taskinstance.py:1377} INFO - Executing <Task(BashOperator): verify_pipeline> on 2025-09-01 03:39:00.786183+00:00
[2025-09-01 04:12:04,273] {standard_task_runner.py:52} INFO - Started process 7142 to run task
[2025-09-01 04:12:04,275] {standard_task_runner.py:79} INFO - Running: ['***', 'tasks', 'run', 'send_weather_to_kafka', 'verify_pipeline', 'scheduled__2025-09-01T03:39:00.786183+00:00', '--job-id', '450', '--raw', '--subdir', 'DAGS_FOLDER/dag_meteo.py', '--cfg-path', '/tmp/tmplxlfzrcx', '--error-file', '/tmp/tmpvunhlx3l']
[2025-09-01 04:12:04,276] {standard_task_runner.py:80} INFO - Job 450: Subtask verify_pipeline
[2025-09-01 04:12:04,289] {logging_mixin.py:115} WARNING - /home/***/.local/lib/python3.7/site-packages/***/configuration.py:470 DeprecationWarning: The sql_alchemy_conn option in [core] has been moved to the sql_alchemy_conn option in [database] - the old setting has been used, but please update your config.
[2025-09-01 04:12:04,338] {task_command.py:369} INFO - Running <TaskInstance: send_weather_to_kafka.verify_pipeline scheduled__2025-09-01T03:39:00.786183+00:00 [running]> on host e66737cfc193
[2025-09-01 04:12:04,430] {taskinstance.py:1571} INFO - Exporting the following env vars:
AIRFLOW_CTX_DAG_OWNER=***
AIRFLOW_CTX_DAG_ID=send_weather_to_kafka
AIRFLOW_CTX_TASK_ID=verify_pipeline
AIRFLOW_CTX_EXECUTION_DATE=2025-09-01T03:39:00.786183+00:00
AIRFLOW_CTX_TRY_NUMBER=1
AIRFLOW_CTX_DAG_RUN_ID=scheduled__2025-09-01T03:39:00.786183+00:00
[2025-09-01 04:12:04,431] {subprocess.py:62} INFO - Tmp dir root location: 
 /tmp
[2025-09-01 04:12:04,432] {subprocess.py:74} INFO - Running command: ['bash', '-c', '\n            echo " Attente traitement Logstash..." && sleep 30 &&\n            curl -s "http://elasticsearch:9200/_cat/indices/weather*" || echo "Pas encore d\'index weather"\n        ']
[2025-09-01 04:12:04,443] {subprocess.py:85} INFO - Output:
[2025-09-01 04:12:04,446] {subprocess.py:92} INFO -  Attente traitement Logstash...
[2025-09-01 04:12:34,506] {subprocess.py:92} INFO - yellow open weather_data BQjbDtS5TvO1Q2HrAJGyvA 1 1 106 0 41.5kb 41.5kb
[2025-09-01 04:12:34,510] {subprocess.py:96} INFO - Command exited with return code 0
[2025-09-01 04:12:34,554] {taskinstance.py:1400} INFO - Marking task as SUCCESS. dag_id=send_weather_to_kafka, task_id=verify_pipeline, execution_date=20250901T033900, start_date=20250901T041204, end_date=20250901T041234
[2025-09-01 04:12:34,589] {local_task_job.py:156} INFO - Task exited with return code 0
[2025-09-01 04:12:34,632] {local_task_job.py:273} INFO - 1 downstream tasks scheduled from follow-on schedule check
