[2025-09-01 15:37:39,498] {taskinstance.py:1159} INFO - Dependencies all met for <TaskInstance: send_weather_to_kafka.stream_hdfs scheduled__2025-09-01T15:07:01.311633+00:00 [queued]>
[2025-09-01 15:37:39,518] {taskinstance.py:1159} INFO - Dependencies all met for <TaskInstance: send_weather_to_kafka.stream_hdfs scheduled__2025-09-01T15:07:01.311633+00:00 [queued]>
[2025-09-01 15:37:39,519] {taskinstance.py:1356} INFO - 
--------------------------------------------------------------------------------
[2025-09-01 15:37:39,519] {taskinstance.py:1357} INFO - Starting attempt 1 of 2
[2025-09-01 15:37:39,519] {taskinstance.py:1358} INFO - 
--------------------------------------------------------------------------------
[2025-09-01 15:37:39,553] {taskinstance.py:1377} INFO - Executing <Task(BashOperator): stream_hdfs> on 2025-09-01 15:07:01.311633+00:00
[2025-09-01 15:37:39,560] {standard_task_runner.py:52} INFO - Started process 25614 to run task
[2025-09-01 15:37:39,564] {standard_task_runner.py:79} INFO - Running: ['***', 'tasks', 'run', 'send_weather_to_kafka', 'stream_hdfs', 'scheduled__2025-09-01T15:07:01.311633+00:00', '--job-id', '599', '--raw', '--subdir', 'DAGS_FOLDER/dag_meteo.py', '--cfg-path', '/tmp/tmpatonuz48', '--error-file', '/tmp/tmpkio60spe']
[2025-09-01 15:37:39,566] {standard_task_runner.py:80} INFO - Job 599: Subtask stream_hdfs
[2025-09-01 15:37:39,587] {logging_mixin.py:115} WARNING - /home/***/.local/lib/python3.7/site-packages/***/configuration.py:470 DeprecationWarning: The sql_alchemy_conn option in [core] has been moved to the sql_alchemy_conn option in [database] - the old setting has been used, but please update your config.
[2025-09-01 15:37:39,642] {task_command.py:369} INFO - Running <TaskInstance: send_weather_to_kafka.stream_hdfs scheduled__2025-09-01T15:07:01.311633+00:00 [running]> on host e66737cfc193
[2025-09-01 15:37:39,750] {taskinstance.py:1571} INFO - Exporting the following env vars:
AIRFLOW_CTX_DAG_OWNER=***
AIRFLOW_CTX_DAG_ID=send_weather_to_kafka
AIRFLOW_CTX_TASK_ID=stream_hdfs
AIRFLOW_CTX_EXECUTION_DATE=2025-09-01T15:07:01.311633+00:00
AIRFLOW_CTX_TRY_NUMBER=1
AIRFLOW_CTX_DAG_RUN_ID=scheduled__2025-09-01T15:07:01.311633+00:00
[2025-09-01 15:37:39,751] {subprocess.py:62} INFO - Tmp dir root location: 
 /tmp
[2025-09-01 15:37:39,752] {subprocess.py:74} INFO - Running command: ['bash', '-c', '\n/home/***/.local/bin/spark-submit   --master local[*]   --conf spark.hadoop.fs.defaultFS=hdfs://namenode:9000   --conf spark.hadoop.dfs.client.use.datanode.hostname=true   --conf spark.sql.adaptive.enabled=false   --packages org.apache.spark:spark-sql-kafka-0-10_2.12:3.3.1   /opt/***/scripts/pyspark/streaming.py']
[2025-09-01 15:37:39,766] {subprocess.py:85} INFO - Output:
[2025-09-01 15:37:39,782] {subprocess.py:92} INFO - /opt/spark-3.3.1-bin-hadoop3/bin/load-spark-env.sh: line 68: ps: command not found
[2025-09-01 15:37:41,765] {subprocess.py:92} INFO - :: loading settings :: url = jar:file:/opt/spark-3.3.1-bin-hadoop3/jars/ivy-2.5.0.jar!/org/apache/ivy/core/settings/ivysettings.xml
[2025-09-01 15:37:41,878] {subprocess.py:92} INFO - Ivy Default Cache set to: /home/***/.ivy2/cache
[2025-09-01 15:37:41,878] {subprocess.py:92} INFO - The jars for the packages stored in: /home/***/.ivy2/jars
[2025-09-01 15:37:41,883] {subprocess.py:92} INFO - org.apache.spark#spark-sql-kafka-0-10_2.12 added as a dependency
[2025-09-01 15:37:41,884] {subprocess.py:92} INFO - :: resolving dependencies :: org.apache.spark#spark-submit-parent-3ea92fec-1181-4bdb-99f3-461ad08db8e6;1.0
[2025-09-01 15:37:41,884] {subprocess.py:92} INFO - 	confs: [default]
[2025-09-01 15:37:42,079] {subprocess.py:92} INFO - 	found org.apache.spark#spark-sql-kafka-0-10_2.12;3.3.1 in spark-list
[2025-09-01 15:37:42,130] {subprocess.py:92} INFO - 	found org.apache.spark#spark-token-provider-kafka-0-10_2.12;3.3.1 in central
[2025-09-01 15:37:42,157] {subprocess.py:92} INFO - 	found org.apache.kafka#kafka-clients;2.8.1 in central
[2025-09-01 15:37:42,189] {subprocess.py:92} INFO - 	found org.lz4#lz4-java;1.8.0 in central
[2025-09-01 15:37:42,211] {subprocess.py:92} INFO - 	found org.xerial.snappy#snappy-java;1.1.8.4 in central
[2025-09-01 15:37:42,237] {subprocess.py:92} INFO - 	found org.slf4j#slf4j-api;1.7.32 in central
[2025-09-01 15:37:42,285] {subprocess.py:92} INFO - 	found org.apache.hadoop#hadoop-client-runtime;3.3.2 in central
[2025-09-01 15:37:42,309] {subprocess.py:92} INFO - 	found org.spark-project.spark#unused;1.0.0 in central
[2025-09-01 15:37:42,346] {subprocess.py:92} INFO - 	found org.apache.hadoop#hadoop-client-api;3.3.2 in central
[2025-09-01 15:37:42,374] {subprocess.py:92} INFO - 	found commons-logging#commons-logging;1.1.3 in central
[2025-09-01 15:37:42,385] {subprocess.py:92} INFO - 	found com.google.code.findbugs#jsr305;3.0.0 in central
[2025-09-01 15:37:42,396] {subprocess.py:92} INFO - 	found org.apache.commons#commons-pool2;2.11.1 in central
[2025-09-01 15:37:42,417] {subprocess.py:92} INFO - :: resolution report :: resolve 523ms :: artifacts dl 10ms
[2025-09-01 15:37:42,417] {subprocess.py:92} INFO - 	:: modules in use:
[2025-09-01 15:37:42,418] {subprocess.py:92} INFO - 	com.google.code.findbugs#jsr305;3.0.0 from central in [default]
[2025-09-01 15:37:42,418] {subprocess.py:92} INFO - 	commons-logging#commons-logging;1.1.3 from central in [default]
[2025-09-01 15:37:42,418] {subprocess.py:92} INFO - 	org.apache.commons#commons-pool2;2.11.1 from central in [default]
[2025-09-01 15:37:42,418] {subprocess.py:92} INFO - 	org.apache.hadoop#hadoop-client-api;3.3.2 from central in [default]
[2025-09-01 15:37:42,418] {subprocess.py:92} INFO - 	org.apache.hadoop#hadoop-client-runtime;3.3.2 from central in [default]
[2025-09-01 15:37:42,418] {subprocess.py:92} INFO - 	org.apache.kafka#kafka-clients;2.8.1 from central in [default]
[2025-09-01 15:37:42,418] {subprocess.py:92} INFO - 	org.apache.spark#spark-sql-kafka-0-10_2.12;3.3.1 from spark-list in [default]
[2025-09-01 15:37:42,418] {subprocess.py:92} INFO - 	org.apache.spark#spark-token-provider-kafka-0-10_2.12;3.3.1 from central in [default]
[2025-09-01 15:37:42,418] {subprocess.py:92} INFO - 	org.lz4#lz4-java;1.8.0 from central in [default]
[2025-09-01 15:37:42,418] {subprocess.py:92} INFO - 	org.slf4j#slf4j-api;1.7.32 from central in [default]
[2025-09-01 15:37:42,418] {subprocess.py:92} INFO - 	org.spark-project.spark#unused;1.0.0 from central in [default]
[2025-09-01 15:37:42,419] {subprocess.py:92} INFO - 	org.xerial.snappy#snappy-java;1.1.8.4 from central in [default]
[2025-09-01 15:37:42,419] {subprocess.py:92} INFO - 	---------------------------------------------------------------------
[2025-09-01 15:37:42,419] {subprocess.py:92} INFO - 	|                  |            modules            ||   artifacts   |
[2025-09-01 15:37:42,419] {subprocess.py:92} INFO - 	|       conf       | number| search|dwnlded|evicted|| number|dwnlded|
[2025-09-01 15:37:42,419] {subprocess.py:92} INFO - 	---------------------------------------------------------------------
[2025-09-01 15:37:42,419] {subprocess.py:92} INFO - 	|      default     |   12  |   0   |   0   |   0   ||   12  |   0   |
[2025-09-01 15:37:42,419] {subprocess.py:92} INFO - 	---------------------------------------------------------------------
[2025-09-01 15:37:42,424] {subprocess.py:92} INFO - :: retrieving :: org.apache.spark#spark-submit-parent-3ea92fec-1181-4bdb-99f3-461ad08db8e6
[2025-09-01 15:37:42,424] {subprocess.py:92} INFO - 	confs: [default]
[2025-09-01 15:37:42,432] {subprocess.py:92} INFO - 	0 artifacts copied, 12 already retrieved (0kB/7ms)
[2025-09-01 15:37:42,678] {subprocess.py:92} INFO - 25/09/01 15:37:42 WARN NativeCodeLoader: Unable to load native-hadoop library for your platform... using builtin-java classes where applicable
[2025-09-01 15:37:43,938] {subprocess.py:92} INFO - 25/09/01 15:37:43 INFO SparkContext: Running Spark version 3.3.1
[2025-09-01 15:37:43,970] {subprocess.py:92} INFO - 25/09/01 15:37:43 INFO ResourceUtils: ==============================================================
[2025-09-01 15:37:43,971] {subprocess.py:92} INFO - 25/09/01 15:37:43 INFO ResourceUtils: No custom resources configured for spark.driver.
[2025-09-01 15:37:43,971] {subprocess.py:92} INFO - 25/09/01 15:37:43 INFO ResourceUtils: ==============================================================
[2025-09-01 15:37:43,972] {subprocess.py:92} INFO - 25/09/01 15:37:43 INFO SparkContext: Submitted application: KafkaToHDFSWeather
[2025-09-01 15:37:43,996] {subprocess.py:92} INFO - 25/09/01 15:37:43 INFO ResourceProfile: Default ResourceProfile created, executor resources: Map(cores -> name: cores, amount: 1, script: , vendor: , memory -> name: memory, amount: 1024, script: , vendor: , offHeap -> name: offHeap, amount: 0, script: , vendor: ), task resources: Map(cpus -> name: cpus, amount: 1.0)
[2025-09-01 15:37:44,007] {subprocess.py:92} INFO - 25/09/01 15:37:44 INFO ResourceProfile: Limiting resource is cpu
[2025-09-01 15:37:44,008] {subprocess.py:92} INFO - 25/09/01 15:37:44 INFO ResourceProfileManager: Added ResourceProfile id: 0
[2025-09-01 15:37:44,083] {subprocess.py:92} INFO - 25/09/01 15:37:44 INFO SecurityManager: Changing view acls to: ***
[2025-09-01 15:37:44,084] {subprocess.py:92} INFO - 25/09/01 15:37:44 INFO SecurityManager: Changing modify acls to: ***
[2025-09-01 15:37:44,084] {subprocess.py:92} INFO - 25/09/01 15:37:44 INFO SecurityManager: Changing view acls groups to:
[2025-09-01 15:37:44,084] {subprocess.py:92} INFO - 25/09/01 15:37:44 INFO SecurityManager: Changing modify acls groups to:
[2025-09-01 15:37:44,085] {subprocess.py:92} INFO - 25/09/01 15:37:44 INFO SecurityManager: SecurityManager: authentication disabled; ui acls disabled; users  with view permissions: Set(***); groups with view permissions: Set(); users  with modify permissions: Set(***); groups with modify permissions: Set()
[2025-09-01 15:37:44,357] {subprocess.py:92} INFO - 25/09/01 15:37:44 INFO Utils: Successfully started service 'sparkDriver' on port 44001.
[2025-09-01 15:37:44,395] {subprocess.py:92} INFO - 25/09/01 15:37:44 INFO SparkEnv: Registering MapOutputTracker
[2025-09-01 15:37:44,432] {subprocess.py:92} INFO - 25/09/01 15:37:44 INFO SparkEnv: Registering BlockManagerMaster
[2025-09-01 15:37:44,457] {subprocess.py:92} INFO - 25/09/01 15:37:44 INFO BlockManagerMasterEndpoint: Using org.apache.spark.storage.DefaultTopologyMapper for getting topology information
[2025-09-01 15:37:44,457] {subprocess.py:92} INFO - 25/09/01 15:37:44 INFO BlockManagerMasterEndpoint: BlockManagerMasterEndpoint up
[2025-09-01 15:37:44,462] {subprocess.py:92} INFO - 25/09/01 15:37:44 INFO SparkEnv: Registering BlockManagerMasterHeartbeat
[2025-09-01 15:37:44,486] {subprocess.py:92} INFO - 25/09/01 15:37:44 INFO DiskBlockManager: Created local directory at /tmp/blockmgr-a81cdcb9-899b-4ceb-a0e5-dbd7b7eec3a4
[2025-09-01 15:37:44,504] {subprocess.py:92} INFO - 25/09/01 15:37:44 INFO MemoryStore: MemoryStore started with capacity 434.4 MiB
[2025-09-01 15:37:44,520] {subprocess.py:92} INFO - 25/09/01 15:37:44 INFO SparkEnv: Registering OutputCommitCoordinator
[2025-09-01 15:37:44,743] {subprocess.py:92} INFO - 25/09/01 15:37:44 WARN Utils: Service 'SparkUI' could not bind on port 4040. Attempting port 4041.
[2025-09-01 15:37:44,743] {subprocess.py:92} INFO - 25/09/01 15:37:44 WARN Utils: Service 'SparkUI' could not bind on port 4041. Attempting port 4042.
[2025-09-01 15:37:44,754] {subprocess.py:92} INFO - 25/09/01 15:37:44 INFO Utils: Successfully started service 'SparkUI' on port 4042.
[2025-09-01 15:37:44,793] {subprocess.py:92} INFO - 25/09/01 15:37:44 INFO SparkContext: Added JAR file:///home/***/.ivy2/jars/org.apache.spark_spark-sql-kafka-0-10_2.12-3.3.1.jar at spark://e66737cfc193:44001/jars/org.apache.spark_spark-sql-kafka-0-10_2.12-3.3.1.jar with timestamp 1756741063927
[2025-09-01 15:37:44,793] {subprocess.py:92} INFO - 25/09/01 15:37:44 INFO SparkContext: Added JAR file:///home/***/.ivy2/jars/org.apache.spark_spark-token-provider-kafka-0-10_2.12-3.3.1.jar at spark://e66737cfc193:44001/jars/org.apache.spark_spark-token-provider-kafka-0-10_2.12-3.3.1.jar with timestamp 1756741063927
[2025-09-01 15:37:44,793] {subprocess.py:92} INFO - 25/09/01 15:37:44 INFO SparkContext: Added JAR file:///home/***/.ivy2/jars/org.apache.kafka_kafka-clients-2.8.1.jar at spark://e66737cfc193:44001/jars/org.apache.kafka_kafka-clients-2.8.1.jar with timestamp 1756741063927
[2025-09-01 15:37:44,793] {subprocess.py:92} INFO - 25/09/01 15:37:44 INFO SparkContext: Added JAR file:///home/***/.ivy2/jars/com.google.code.findbugs_jsr305-3.0.0.jar at spark://e66737cfc193:44001/jars/com.google.code.findbugs_jsr305-3.0.0.jar with timestamp 1756741063927
[2025-09-01 15:37:44,794] {subprocess.py:92} INFO - 25/09/01 15:37:44 INFO SparkContext: Added JAR file:///home/***/.ivy2/jars/org.apache.commons_commons-pool2-2.11.1.jar at spark://e66737cfc193:44001/jars/org.apache.commons_commons-pool2-2.11.1.jar with timestamp 1756741063927
[2025-09-01 15:37:44,794] {subprocess.py:92} INFO - 25/09/01 15:37:44 INFO SparkContext: Added JAR file:///home/***/.ivy2/jars/org.spark-project.spark_unused-1.0.0.jar at spark://e66737cfc193:44001/jars/org.spark-project.spark_unused-1.0.0.jar with timestamp 1756741063927
[2025-09-01 15:37:44,794] {subprocess.py:92} INFO - 25/09/01 15:37:44 INFO SparkContext: Added JAR file:///home/***/.ivy2/jars/org.apache.hadoop_hadoop-client-runtime-3.3.2.jar at spark://e66737cfc193:44001/jars/org.apache.hadoop_hadoop-client-runtime-3.3.2.jar with timestamp 1756741063927
[2025-09-01 15:37:44,794] {subprocess.py:92} INFO - 25/09/01 15:37:44 INFO SparkContext: Added JAR file:///home/***/.ivy2/jars/org.lz4_lz4-java-1.8.0.jar at spark://e66737cfc193:44001/jars/org.lz4_lz4-java-1.8.0.jar with timestamp 1756741063927
[2025-09-01 15:37:44,794] {subprocess.py:92} INFO - 25/09/01 15:37:44 INFO SparkContext: Added JAR file:///home/***/.ivy2/jars/org.xerial.snappy_snappy-java-1.1.8.4.jar at spark://e66737cfc193:44001/jars/org.xerial.snappy_snappy-java-1.1.8.4.jar with timestamp 1756741063927
[2025-09-01 15:37:44,794] {subprocess.py:92} INFO - 25/09/01 15:37:44 INFO SparkContext: Added JAR file:///home/***/.ivy2/jars/org.slf4j_slf4j-api-1.7.32.jar at spark://e66737cfc193:44001/jars/org.slf4j_slf4j-api-1.7.32.jar with timestamp 1756741063927
[2025-09-01 15:37:44,794] {subprocess.py:92} INFO - 25/09/01 15:37:44 INFO SparkContext: Added JAR file:///home/***/.ivy2/jars/org.apache.hadoop_hadoop-client-api-3.3.2.jar at spark://e66737cfc193:44001/jars/org.apache.hadoop_hadoop-client-api-3.3.2.jar with timestamp 1756741063927
[2025-09-01 15:37:44,795] {subprocess.py:92} INFO - 25/09/01 15:37:44 INFO SparkContext: Added JAR file:///home/***/.ivy2/jars/commons-logging_commons-logging-1.1.3.jar at spark://e66737cfc193:44001/jars/commons-logging_commons-logging-1.1.3.jar with timestamp 1756741063927
[2025-09-01 15:37:44,797] {subprocess.py:92} INFO - 25/09/01 15:37:44 INFO SparkContext: Added file file:///home/***/.ivy2/jars/org.apache.spark_spark-sql-kafka-0-10_2.12-3.3.1.jar at file:///home/***/.ivy2/jars/org.apache.spark_spark-sql-kafka-0-10_2.12-3.3.1.jar with timestamp 1756741063927
[2025-09-01 15:37:44,798] {subprocess.py:92} INFO - 25/09/01 15:37:44 INFO Utils: Copying /home/***/.ivy2/jars/org.apache.spark_spark-sql-kafka-0-10_2.12-3.3.1.jar to /tmp/spark-3777ae06-565e-4f5e-8cca-fa3fbce9caa0/userFiles-90487935-205d-4fad-8d4a-e1629e9f72d4/org.apache.spark_spark-sql-kafka-0-10_2.12-3.3.1.jar
[2025-09-01 15:37:44,810] {subprocess.py:92} INFO - 25/09/01 15:37:44 INFO SparkContext: Added file file:///home/***/.ivy2/jars/org.apache.spark_spark-token-provider-kafka-0-10_2.12-3.3.1.jar at file:///home/***/.ivy2/jars/org.apache.spark_spark-token-provider-kafka-0-10_2.12-3.3.1.jar with timestamp 1756741063927
[2025-09-01 15:37:44,810] {subprocess.py:92} INFO - 25/09/01 15:37:44 INFO Utils: Copying /home/***/.ivy2/jars/org.apache.spark_spark-token-provider-kafka-0-10_2.12-3.3.1.jar to /tmp/spark-3777ae06-565e-4f5e-8cca-fa3fbce9caa0/userFiles-90487935-205d-4fad-8d4a-e1629e9f72d4/org.apache.spark_spark-token-provider-kafka-0-10_2.12-3.3.1.jar
[2025-09-01 15:37:44,816] {subprocess.py:92} INFO - 25/09/01 15:37:44 INFO SparkContext: Added file file:///home/***/.ivy2/jars/org.apache.kafka_kafka-clients-2.8.1.jar at file:///home/***/.ivy2/jars/org.apache.kafka_kafka-clients-2.8.1.jar with timestamp 1756741063927
[2025-09-01 15:37:44,816] {subprocess.py:92} INFO - 25/09/01 15:37:44 INFO Utils: Copying /home/***/.ivy2/jars/org.apache.kafka_kafka-clients-2.8.1.jar to /tmp/spark-3777ae06-565e-4f5e-8cca-fa3fbce9caa0/userFiles-90487935-205d-4fad-8d4a-e1629e9f72d4/org.apache.kafka_kafka-clients-2.8.1.jar
[2025-09-01 15:37:44,836] {subprocess.py:92} INFO - 25/09/01 15:37:44 INFO SparkContext: Added file file:///home/***/.ivy2/jars/com.google.code.findbugs_jsr305-3.0.0.jar at file:///home/***/.ivy2/jars/com.google.code.findbugs_jsr305-3.0.0.jar with timestamp 1756741063927
[2025-09-01 15:37:44,836] {subprocess.py:92} INFO - 25/09/01 15:37:44 INFO Utils: Copying /home/***/.ivy2/jars/com.google.code.findbugs_jsr305-3.0.0.jar to /tmp/spark-3777ae06-565e-4f5e-8cca-fa3fbce9caa0/userFiles-90487935-205d-4fad-8d4a-e1629e9f72d4/com.google.code.findbugs_jsr305-3.0.0.jar
[2025-09-01 15:37:44,843] {subprocess.py:92} INFO - 25/09/01 15:37:44 INFO SparkContext: Added file file:///home/***/.ivy2/jars/org.apache.commons_commons-pool2-2.11.1.jar at file:///home/***/.ivy2/jars/org.apache.commons_commons-pool2-2.11.1.jar with timestamp 1756741063927
[2025-09-01 15:37:44,843] {subprocess.py:92} INFO - 25/09/01 15:37:44 INFO Utils: Copying /home/***/.ivy2/jars/org.apache.commons_commons-pool2-2.11.1.jar to /tmp/spark-3777ae06-565e-4f5e-8cca-fa3fbce9caa0/userFiles-90487935-205d-4fad-8d4a-e1629e9f72d4/org.apache.commons_commons-pool2-2.11.1.jar
[2025-09-01 15:37:44,849] {subprocess.py:92} INFO - 25/09/01 15:37:44 INFO SparkContext: Added file file:///home/***/.ivy2/jars/org.spark-project.spark_unused-1.0.0.jar at file:///home/***/.ivy2/jars/org.spark-project.spark_unused-1.0.0.jar with timestamp 1756741063927
[2025-09-01 15:37:44,850] {subprocess.py:92} INFO - 25/09/01 15:37:44 INFO Utils: Copying /home/***/.ivy2/jars/org.spark-project.spark_unused-1.0.0.jar to /tmp/spark-3777ae06-565e-4f5e-8cca-fa3fbce9caa0/userFiles-90487935-205d-4fad-8d4a-e1629e9f72d4/org.spark-project.spark_unused-1.0.0.jar
[2025-09-01 15:37:44,856] {subprocess.py:92} INFO - 25/09/01 15:37:44 INFO SparkContext: Added file file:///home/***/.ivy2/jars/org.apache.hadoop_hadoop-client-runtime-3.3.2.jar at file:///home/***/.ivy2/jars/org.apache.hadoop_hadoop-client-runtime-3.3.2.jar with timestamp 1756741063927
[2025-09-01 15:37:44,856] {subprocess.py:92} INFO - 25/09/01 15:37:44 INFO Utils: Copying /home/***/.ivy2/jars/org.apache.hadoop_hadoop-client-runtime-3.3.2.jar to /tmp/spark-3777ae06-565e-4f5e-8cca-fa3fbce9caa0/userFiles-90487935-205d-4fad-8d4a-e1629e9f72d4/org.apache.hadoop_hadoop-client-runtime-3.3.2.jar
[2025-09-01 15:37:44,908] {subprocess.py:92} INFO - 25/09/01 15:37:44 INFO SparkContext: Added file file:///home/***/.ivy2/jars/org.lz4_lz4-java-1.8.0.jar at file:///home/***/.ivy2/jars/org.lz4_lz4-java-1.8.0.jar with timestamp 1756741063927
[2025-09-01 15:37:44,908] {subprocess.py:92} INFO - 25/09/01 15:37:44 INFO Utils: Copying /home/***/.ivy2/jars/org.lz4_lz4-java-1.8.0.jar to /tmp/spark-3777ae06-565e-4f5e-8cca-fa3fbce9caa0/userFiles-90487935-205d-4fad-8d4a-e1629e9f72d4/org.lz4_lz4-java-1.8.0.jar
[2025-09-01 15:37:44,916] {subprocess.py:92} INFO - 25/09/01 15:37:44 INFO SparkContext: Added file file:///home/***/.ivy2/jars/org.xerial.snappy_snappy-java-1.1.8.4.jar at file:///home/***/.ivy2/jars/org.xerial.snappy_snappy-java-1.1.8.4.jar with timestamp 1756741063927
[2025-09-01 15:37:44,917] {subprocess.py:92} INFO - 25/09/01 15:37:44 INFO Utils: Copying /home/***/.ivy2/jars/org.xerial.snappy_snappy-java-1.1.8.4.jar to /tmp/spark-3777ae06-565e-4f5e-8cca-fa3fbce9caa0/userFiles-90487935-205d-4fad-8d4a-e1629e9f72d4/org.xerial.snappy_snappy-java-1.1.8.4.jar
[2025-09-01 15:37:44,927] {subprocess.py:92} INFO - 25/09/01 15:37:44 INFO SparkContext: Added file file:///home/***/.ivy2/jars/org.slf4j_slf4j-api-1.7.32.jar at file:///home/***/.ivy2/jars/org.slf4j_slf4j-api-1.7.32.jar with timestamp 1756741063927
[2025-09-01 15:37:44,927] {subprocess.py:92} INFO - 25/09/01 15:37:44 INFO Utils: Copying /home/***/.ivy2/jars/org.slf4j_slf4j-api-1.7.32.jar to /tmp/spark-3777ae06-565e-4f5e-8cca-fa3fbce9caa0/userFiles-90487935-205d-4fad-8d4a-e1629e9f72d4/org.slf4j_slf4j-api-1.7.32.jar
[2025-09-01 15:37:44,933] {subprocess.py:92} INFO - 25/09/01 15:37:44 INFO SparkContext: Added file file:///home/***/.ivy2/jars/org.apache.hadoop_hadoop-client-api-3.3.2.jar at file:///home/***/.ivy2/jars/org.apache.hadoop_hadoop-client-api-3.3.2.jar with timestamp 1756741063927
[2025-09-01 15:37:44,933] {subprocess.py:92} INFO - 25/09/01 15:37:44 INFO Utils: Copying /home/***/.ivy2/jars/org.apache.hadoop_hadoop-client-api-3.3.2.jar to /tmp/spark-3777ae06-565e-4f5e-8cca-fa3fbce9caa0/userFiles-90487935-205d-4fad-8d4a-e1629e9f72d4/org.apache.hadoop_hadoop-client-api-3.3.2.jar
[2025-09-01 15:37:44,967] {subprocess.py:92} INFO - 25/09/01 15:37:44 INFO SparkContext: Added file file:///home/***/.ivy2/jars/commons-logging_commons-logging-1.1.3.jar at file:///home/***/.ivy2/jars/commons-logging_commons-logging-1.1.3.jar with timestamp 1756741063927
[2025-09-01 15:37:44,968] {subprocess.py:92} INFO - 25/09/01 15:37:44 INFO Utils: Copying /home/***/.ivy2/jars/commons-logging_commons-logging-1.1.3.jar to /tmp/spark-3777ae06-565e-4f5e-8cca-fa3fbce9caa0/userFiles-90487935-205d-4fad-8d4a-e1629e9f72d4/commons-logging_commons-logging-1.1.3.jar
[2025-09-01 15:37:45,051] {subprocess.py:92} INFO - 25/09/01 15:37:45 INFO Executor: Starting executor ID driver on host e66737cfc193
[2025-09-01 15:37:45,058] {subprocess.py:92} INFO - 25/09/01 15:37:45 INFO Executor: Starting executor with user classpath (userClassPathFirst = false): ''
[2025-09-01 15:37:45,070] {subprocess.py:92} INFO - 25/09/01 15:37:45 INFO Executor: Fetching file:///home/***/.ivy2/jars/commons-logging_commons-logging-1.1.3.jar with timestamp 1756741063927
[2025-09-01 15:37:45,094] {subprocess.py:92} INFO - 25/09/01 15:37:45 INFO Utils: /home/***/.ivy2/jars/commons-logging_commons-logging-1.1.3.jar has been previously copied to /tmp/spark-3777ae06-565e-4f5e-8cca-fa3fbce9caa0/userFiles-90487935-205d-4fad-8d4a-e1629e9f72d4/commons-logging_commons-logging-1.1.3.jar
[2025-09-01 15:37:45,100] {subprocess.py:92} INFO - 25/09/01 15:37:45 INFO Executor: Fetching file:///home/***/.ivy2/jars/org.spark-project.spark_unused-1.0.0.jar with timestamp 1756741063927
[2025-09-01 15:37:45,101] {subprocess.py:92} INFO - 25/09/01 15:37:45 INFO Utils: /home/***/.ivy2/jars/org.spark-project.spark_unused-1.0.0.jar has been previously copied to /tmp/spark-3777ae06-565e-4f5e-8cca-fa3fbce9caa0/userFiles-90487935-205d-4fad-8d4a-e1629e9f72d4/org.spark-project.spark_unused-1.0.0.jar
[2025-09-01 15:37:45,107] {subprocess.py:92} INFO - 25/09/01 15:37:45 INFO Executor: Fetching file:///home/***/.ivy2/jars/org.apache.spark_spark-sql-kafka-0-10_2.12-3.3.1.jar with timestamp 1756741063927
[2025-09-01 15:37:45,112] {subprocess.py:92} INFO - 25/09/01 15:37:45 INFO Utils: /home/***/.ivy2/jars/org.apache.spark_spark-sql-kafka-0-10_2.12-3.3.1.jar has been previously copied to /tmp/spark-3777ae06-565e-4f5e-8cca-fa3fbce9caa0/userFiles-90487935-205d-4fad-8d4a-e1629e9f72d4/org.apache.spark_spark-sql-kafka-0-10_2.12-3.3.1.jar
[2025-09-01 15:37:45,116] {subprocess.py:92} INFO - 25/09/01 15:37:45 INFO Executor: Fetching file:///home/***/.ivy2/jars/org.apache.hadoop_hadoop-client-api-3.3.2.jar with timestamp 1756741063927
[2025-09-01 15:37:45,136] {subprocess.py:92} INFO - 25/09/01 15:37:45 INFO Utils: /home/***/.ivy2/jars/org.apache.hadoop_hadoop-client-api-3.3.2.jar has been previously copied to /tmp/spark-3777ae06-565e-4f5e-8cca-fa3fbce9caa0/userFiles-90487935-205d-4fad-8d4a-e1629e9f72d4/org.apache.hadoop_hadoop-client-api-3.3.2.jar
[2025-09-01 15:37:45,142] {subprocess.py:92} INFO - 25/09/01 15:37:45 INFO Executor: Fetching file:///home/***/.ivy2/jars/org.apache.hadoop_hadoop-client-runtime-3.3.2.jar with timestamp 1756741063927
[2025-09-01 15:37:45,166] {subprocess.py:92} INFO - 25/09/01 15:37:45 INFO Utils: /home/***/.ivy2/jars/org.apache.hadoop_hadoop-client-runtime-3.3.2.jar has been previously copied to /tmp/spark-3777ae06-565e-4f5e-8cca-fa3fbce9caa0/userFiles-90487935-205d-4fad-8d4a-e1629e9f72d4/org.apache.hadoop_hadoop-client-runtime-3.3.2.jar
[2025-09-01 15:37:45,172] {subprocess.py:92} INFO - 25/09/01 15:37:45 INFO Executor: Fetching file:///home/***/.ivy2/jars/org.slf4j_slf4j-api-1.7.32.jar with timestamp 1756741063927
[2025-09-01 15:37:45,173] {subprocess.py:92} INFO - 25/09/01 15:37:45 INFO Utils: /home/***/.ivy2/jars/org.slf4j_slf4j-api-1.7.32.jar has been previously copied to /tmp/spark-3777ae06-565e-4f5e-8cca-fa3fbce9caa0/userFiles-90487935-205d-4fad-8d4a-e1629e9f72d4/org.slf4j_slf4j-api-1.7.32.jar
[2025-09-01 15:37:45,179] {subprocess.py:92} INFO - 25/09/01 15:37:45 INFO Executor: Fetching file:///home/***/.ivy2/jars/org.lz4_lz4-java-1.8.0.jar with timestamp 1756741063927
[2025-09-01 15:37:45,180] {subprocess.py:92} INFO - 25/09/01 15:37:45 INFO Utils: /home/***/.ivy2/jars/org.lz4_lz4-java-1.8.0.jar has been previously copied to /tmp/spark-3777ae06-565e-4f5e-8cca-fa3fbce9caa0/userFiles-90487935-205d-4fad-8d4a-e1629e9f72d4/org.lz4_lz4-java-1.8.0.jar
[2025-09-01 15:37:45,188] {subprocess.py:92} INFO - 25/09/01 15:37:45 INFO Executor: Fetching file:///home/***/.ivy2/jars/org.apache.commons_commons-pool2-2.11.1.jar with timestamp 1756741063927
[2025-09-01 15:37:45,188] {subprocess.py:92} INFO - 25/09/01 15:37:45 INFO Utils: /home/***/.ivy2/jars/org.apache.commons_commons-pool2-2.11.1.jar has been previously copied to /tmp/spark-3777ae06-565e-4f5e-8cca-fa3fbce9caa0/userFiles-90487935-205d-4fad-8d4a-e1629e9f72d4/org.apache.commons_commons-pool2-2.11.1.jar
[2025-09-01 15:37:45,194] {subprocess.py:92} INFO - 25/09/01 15:37:45 INFO Executor: Fetching file:///home/***/.ivy2/jars/com.google.code.findbugs_jsr305-3.0.0.jar with timestamp 1756741063927
[2025-09-01 15:37:45,195] {subprocess.py:92} INFO - 25/09/01 15:37:45 INFO Utils: /home/***/.ivy2/jars/com.google.code.findbugs_jsr305-3.0.0.jar has been previously copied to /tmp/spark-3777ae06-565e-4f5e-8cca-fa3fbce9caa0/userFiles-90487935-205d-4fad-8d4a-e1629e9f72d4/com.google.code.findbugs_jsr305-3.0.0.jar
[2025-09-01 15:37:45,200] {subprocess.py:92} INFO - 25/09/01 15:37:45 INFO Executor: Fetching file:///home/***/.ivy2/jars/org.apache.spark_spark-token-provider-kafka-0-10_2.12-3.3.1.jar with timestamp 1756741063927
[2025-09-01 15:37:45,201] {subprocess.py:92} INFO - 25/09/01 15:37:45 INFO Utils: /home/***/.ivy2/jars/org.apache.spark_spark-token-provider-kafka-0-10_2.12-3.3.1.jar has been previously copied to /tmp/spark-3777ae06-565e-4f5e-8cca-fa3fbce9caa0/userFiles-90487935-205d-4fad-8d4a-e1629e9f72d4/org.apache.spark_spark-token-provider-kafka-0-10_2.12-3.3.1.jar
[2025-09-01 15:37:45,206] {subprocess.py:92} INFO - 25/09/01 15:37:45 INFO Executor: Fetching file:///home/***/.ivy2/jars/org.apache.kafka_kafka-clients-2.8.1.jar with timestamp 1756741063927
[2025-09-01 15:37:45,212] {subprocess.py:92} INFO - 25/09/01 15:37:45 INFO Utils: /home/***/.ivy2/jars/org.apache.kafka_kafka-clients-2.8.1.jar has been previously copied to /tmp/spark-3777ae06-565e-4f5e-8cca-fa3fbce9caa0/userFiles-90487935-205d-4fad-8d4a-e1629e9f72d4/org.apache.kafka_kafka-clients-2.8.1.jar
[2025-09-01 15:37:45,217] {subprocess.py:92} INFO - 25/09/01 15:37:45 INFO Executor: Fetching file:///home/***/.ivy2/jars/org.xerial.snappy_snappy-java-1.1.8.4.jar with timestamp 1756741063927
[2025-09-01 15:37:45,220] {subprocess.py:92} INFO - 25/09/01 15:37:45 INFO Utils: /home/***/.ivy2/jars/org.xerial.snappy_snappy-java-1.1.8.4.jar has been previously copied to /tmp/spark-3777ae06-565e-4f5e-8cca-fa3fbce9caa0/userFiles-90487935-205d-4fad-8d4a-e1629e9f72d4/org.xerial.snappy_snappy-java-1.1.8.4.jar
[2025-09-01 15:37:45,228] {subprocess.py:92} INFO - 25/09/01 15:37:45 INFO Executor: Fetching spark://e66737cfc193:44001/jars/org.apache.spark_spark-sql-kafka-0-10_2.12-3.3.1.jar with timestamp 1756741063927
[2025-09-01 15:37:45,279] {subprocess.py:92} INFO - 25/09/01 15:37:45 INFO TransportClientFactory: Successfully created connection to e66737cfc193/172.20.0.18:44001 after 34 ms (0 ms spent in bootstraps)
[2025-09-01 15:37:45,285] {subprocess.py:92} INFO - 25/09/01 15:37:45 INFO Utils: Fetching spark://e66737cfc193:44001/jars/org.apache.spark_spark-sql-kafka-0-10_2.12-3.3.1.jar to /tmp/spark-3777ae06-565e-4f5e-8cca-fa3fbce9caa0/userFiles-90487935-205d-4fad-8d4a-e1629e9f72d4/fetchFileTemp18056948485473577171.tmp
[2025-09-01 15:37:45,349] {subprocess.py:92} INFO - 25/09/01 15:37:45 INFO Utils: /tmp/spark-3777ae06-565e-4f5e-8cca-fa3fbce9caa0/userFiles-90487935-205d-4fad-8d4a-e1629e9f72d4/fetchFileTemp18056948485473577171.tmp has been previously copied to /tmp/spark-3777ae06-565e-4f5e-8cca-fa3fbce9caa0/userFiles-90487935-205d-4fad-8d4a-e1629e9f72d4/org.apache.spark_spark-sql-kafka-0-10_2.12-3.3.1.jar
[2025-09-01 15:37:45,360] {subprocess.py:92} INFO - 25/09/01 15:37:45 INFO Executor: Adding file:/tmp/spark-3777ae06-565e-4f5e-8cca-fa3fbce9caa0/userFiles-90487935-205d-4fad-8d4a-e1629e9f72d4/org.apache.spark_spark-sql-kafka-0-10_2.12-3.3.1.jar to class loader
[2025-09-01 15:37:45,361] {subprocess.py:92} INFO - 25/09/01 15:37:45 INFO Executor: Fetching spark://e66737cfc193:44001/jars/commons-logging_commons-logging-1.1.3.jar with timestamp 1756741063927
[2025-09-01 15:37:45,363] {subprocess.py:92} INFO - 25/09/01 15:37:45 INFO Utils: Fetching spark://e66737cfc193:44001/jars/commons-logging_commons-logging-1.1.3.jar to /tmp/spark-3777ae06-565e-4f5e-8cca-fa3fbce9caa0/userFiles-90487935-205d-4fad-8d4a-e1629e9f72d4/fetchFileTemp7015013817200880662.tmp
[2025-09-01 15:37:45,369] {subprocess.py:92} INFO - 25/09/01 15:37:45 INFO Utils: /tmp/spark-3777ae06-565e-4f5e-8cca-fa3fbce9caa0/userFiles-90487935-205d-4fad-8d4a-e1629e9f72d4/fetchFileTemp7015013817200880662.tmp has been previously copied to /tmp/spark-3777ae06-565e-4f5e-8cca-fa3fbce9caa0/userFiles-90487935-205d-4fad-8d4a-e1629e9f72d4/commons-logging_commons-logging-1.1.3.jar
[2025-09-01 15:37:45,377] {subprocess.py:92} INFO - 25/09/01 15:37:45 INFO Executor: Adding file:/tmp/spark-3777ae06-565e-4f5e-8cca-fa3fbce9caa0/userFiles-90487935-205d-4fad-8d4a-e1629e9f72d4/commons-logging_commons-logging-1.1.3.jar to class loader
[2025-09-01 15:37:45,377] {subprocess.py:92} INFO - 25/09/01 15:37:45 INFO Executor: Fetching spark://e66737cfc193:44001/jars/org.apache.kafka_kafka-clients-2.8.1.jar with timestamp 1756741063927
[2025-09-01 15:37:45,378] {subprocess.py:92} INFO - 25/09/01 15:37:45 INFO Utils: Fetching spark://e66737cfc193:44001/jars/org.apache.kafka_kafka-clients-2.8.1.jar to /tmp/spark-3777ae06-565e-4f5e-8cca-fa3fbce9caa0/userFiles-90487935-205d-4fad-8d4a-e1629e9f72d4/fetchFileTemp14215429417789206546.tmp
[2025-09-01 15:37:45,415] {subprocess.py:92} INFO - 25/09/01 15:37:45 INFO Utils: /tmp/spark-3777ae06-565e-4f5e-8cca-fa3fbce9caa0/userFiles-90487935-205d-4fad-8d4a-e1629e9f72d4/fetchFileTemp14215429417789206546.tmp has been previously copied to /tmp/spark-3777ae06-565e-4f5e-8cca-fa3fbce9caa0/userFiles-90487935-205d-4fad-8d4a-e1629e9f72d4/org.apache.kafka_kafka-clients-2.8.1.jar
[2025-09-01 15:37:45,422] {subprocess.py:92} INFO - 25/09/01 15:37:45 INFO Executor: Adding file:/tmp/spark-3777ae06-565e-4f5e-8cca-fa3fbce9caa0/userFiles-90487935-205d-4fad-8d4a-e1629e9f72d4/org.apache.kafka_kafka-clients-2.8.1.jar to class loader
[2025-09-01 15:37:45,423] {subprocess.py:92} INFO - 25/09/01 15:37:45 INFO Executor: Fetching spark://e66737cfc193:44001/jars/org.apache.commons_commons-pool2-2.11.1.jar with timestamp 1756741063927
[2025-09-01 15:37:45,423] {subprocess.py:92} INFO - 25/09/01 15:37:45 INFO Utils: Fetching spark://e66737cfc193:44001/jars/org.apache.commons_commons-pool2-2.11.1.jar to /tmp/spark-3777ae06-565e-4f5e-8cca-fa3fbce9caa0/userFiles-90487935-205d-4fad-8d4a-e1629e9f72d4/fetchFileTemp17524587663099895399.tmp
[2025-09-01 15:37:45,426] {subprocess.py:92} INFO - 25/09/01 15:37:45 INFO Utils: /tmp/spark-3777ae06-565e-4f5e-8cca-fa3fbce9caa0/userFiles-90487935-205d-4fad-8d4a-e1629e9f72d4/fetchFileTemp17524587663099895399.tmp has been previously copied to /tmp/spark-3777ae06-565e-4f5e-8cca-fa3fbce9caa0/userFiles-90487935-205d-4fad-8d4a-e1629e9f72d4/org.apache.commons_commons-pool2-2.11.1.jar
[2025-09-01 15:37:45,432] {subprocess.py:92} INFO - 25/09/01 15:37:45 INFO Executor: Adding file:/tmp/spark-3777ae06-565e-4f5e-8cca-fa3fbce9caa0/userFiles-90487935-205d-4fad-8d4a-e1629e9f72d4/org.apache.commons_commons-pool2-2.11.1.jar to class loader
[2025-09-01 15:37:45,432] {subprocess.py:92} INFO - 25/09/01 15:37:45 INFO Executor: Fetching spark://e66737cfc193:44001/jars/org.slf4j_slf4j-api-1.7.32.jar with timestamp 1756741063927
[2025-09-01 15:37:45,433] {subprocess.py:92} INFO - 25/09/01 15:37:45 INFO Utils: Fetching spark://e66737cfc193:44001/jars/org.slf4j_slf4j-api-1.7.32.jar to /tmp/spark-3777ae06-565e-4f5e-8cca-fa3fbce9caa0/userFiles-90487935-205d-4fad-8d4a-e1629e9f72d4/fetchFileTemp12040274660223153105.tmp
[2025-09-01 15:37:45,435] {subprocess.py:92} INFO - 25/09/01 15:37:45 INFO Utils: /tmp/spark-3777ae06-565e-4f5e-8cca-fa3fbce9caa0/userFiles-90487935-205d-4fad-8d4a-e1629e9f72d4/fetchFileTemp12040274660223153105.tmp has been previously copied to /tmp/spark-3777ae06-565e-4f5e-8cca-fa3fbce9caa0/userFiles-90487935-205d-4fad-8d4a-e1629e9f72d4/org.slf4j_slf4j-api-1.7.32.jar
[2025-09-01 15:37:45,440] {subprocess.py:92} INFO - 25/09/01 15:37:45 INFO Executor: Adding file:/tmp/spark-3777ae06-565e-4f5e-8cca-fa3fbce9caa0/userFiles-90487935-205d-4fad-8d4a-e1629e9f72d4/org.slf4j_slf4j-api-1.7.32.jar to class loader
[2025-09-01 15:37:45,441] {subprocess.py:92} INFO - 25/09/01 15:37:45 INFO Executor: Fetching spark://e66737cfc193:44001/jars/org.apache.hadoop_hadoop-client-api-3.3.2.jar with timestamp 1756741063927
[2025-09-01 15:37:45,442] {subprocess.py:92} INFO - 25/09/01 15:37:45 INFO Utils: Fetching spark://e66737cfc193:44001/jars/org.apache.hadoop_hadoop-client-api-3.3.2.jar to /tmp/spark-3777ae06-565e-4f5e-8cca-fa3fbce9caa0/userFiles-90487935-205d-4fad-8d4a-e1629e9f72d4/fetchFileTemp6156883513745715154.tmp
[2025-09-01 15:37:45,524] {subprocess.py:92} INFO - 25/09/01 15:37:45 INFO Utils: /tmp/spark-3777ae06-565e-4f5e-8cca-fa3fbce9caa0/userFiles-90487935-205d-4fad-8d4a-e1629e9f72d4/fetchFileTemp6156883513745715154.tmp has been previously copied to /tmp/spark-3777ae06-565e-4f5e-8cca-fa3fbce9caa0/userFiles-90487935-205d-4fad-8d4a-e1629e9f72d4/org.apache.hadoop_hadoop-client-api-3.3.2.jar
[2025-09-01 15:37:45,533] {subprocess.py:92} INFO - 25/09/01 15:37:45 INFO Executor: Adding file:/tmp/spark-3777ae06-565e-4f5e-8cca-fa3fbce9caa0/userFiles-90487935-205d-4fad-8d4a-e1629e9f72d4/org.apache.hadoop_hadoop-client-api-3.3.2.jar to class loader
[2025-09-01 15:37:45,533] {subprocess.py:92} INFO - 25/09/01 15:37:45 INFO Executor: Fetching spark://e66737cfc193:44001/jars/org.apache.spark_spark-token-provider-kafka-0-10_2.12-3.3.1.jar with timestamp 1756741063927
[2025-09-01 15:37:45,534] {subprocess.py:92} INFO - 25/09/01 15:37:45 INFO Utils: Fetching spark://e66737cfc193:44001/jars/org.apache.spark_spark-token-provider-kafka-0-10_2.12-3.3.1.jar to /tmp/spark-3777ae06-565e-4f5e-8cca-fa3fbce9caa0/userFiles-90487935-205d-4fad-8d4a-e1629e9f72d4/fetchFileTemp17640686094921967383.tmp
[2025-09-01 15:37:45,537] {subprocess.py:92} INFO - 25/09/01 15:37:45 INFO Utils: /tmp/spark-3777ae06-565e-4f5e-8cca-fa3fbce9caa0/userFiles-90487935-205d-4fad-8d4a-e1629e9f72d4/fetchFileTemp17640686094921967383.tmp has been previously copied to /tmp/spark-3777ae06-565e-4f5e-8cca-fa3fbce9caa0/userFiles-90487935-205d-4fad-8d4a-e1629e9f72d4/org.apache.spark_spark-token-provider-kafka-0-10_2.12-3.3.1.jar
[2025-09-01 15:37:45,542] {subprocess.py:92} INFO - 25/09/01 15:37:45 INFO Executor: Adding file:/tmp/spark-3777ae06-565e-4f5e-8cca-fa3fbce9caa0/userFiles-90487935-205d-4fad-8d4a-e1629e9f72d4/org.apache.spark_spark-token-provider-kafka-0-10_2.12-3.3.1.jar to class loader
[2025-09-01 15:37:45,543] {subprocess.py:92} INFO - 25/09/01 15:37:45 INFO Executor: Fetching spark://e66737cfc193:44001/jars/org.spark-project.spark_unused-1.0.0.jar with timestamp 1756741063927
[2025-09-01 15:37:45,544] {subprocess.py:92} INFO - 25/09/01 15:37:45 INFO Utils: Fetching spark://e66737cfc193:44001/jars/org.spark-project.spark_unused-1.0.0.jar to /tmp/spark-3777ae06-565e-4f5e-8cca-fa3fbce9caa0/userFiles-90487935-205d-4fad-8d4a-e1629e9f72d4/fetchFileTemp13402889083786546480.tmp
[2025-09-01 15:37:45,546] {subprocess.py:92} INFO - 25/09/01 15:37:45 INFO Utils: /tmp/spark-3777ae06-565e-4f5e-8cca-fa3fbce9caa0/userFiles-90487935-205d-4fad-8d4a-e1629e9f72d4/fetchFileTemp13402889083786546480.tmp has been previously copied to /tmp/spark-3777ae06-565e-4f5e-8cca-fa3fbce9caa0/userFiles-90487935-205d-4fad-8d4a-e1629e9f72d4/org.spark-project.spark_unused-1.0.0.jar
[2025-09-01 15:37:45,552] {subprocess.py:92} INFO - 25/09/01 15:37:45 INFO Executor: Adding file:/tmp/spark-3777ae06-565e-4f5e-8cca-fa3fbce9caa0/userFiles-90487935-205d-4fad-8d4a-e1629e9f72d4/org.spark-project.spark_unused-1.0.0.jar to class loader
[2025-09-01 15:37:45,552] {subprocess.py:92} INFO - 25/09/01 15:37:45 INFO Executor: Fetching spark://e66737cfc193:44001/jars/org.apache.hadoop_hadoop-client-runtime-3.3.2.jar with timestamp 1756741063927
[2025-09-01 15:37:45,553] {subprocess.py:92} INFO - 25/09/01 15:37:45 INFO Utils: Fetching spark://e66737cfc193:44001/jars/org.apache.hadoop_hadoop-client-runtime-3.3.2.jar to /tmp/spark-3777ae06-565e-4f5e-8cca-fa3fbce9caa0/userFiles-90487935-205d-4fad-8d4a-e1629e9f72d4/fetchFileTemp6218124195457684617.tmp
[2025-09-01 15:37:45,674] {subprocess.py:92} INFO - 25/09/01 15:37:45 INFO Utils: /tmp/spark-3777ae06-565e-4f5e-8cca-fa3fbce9caa0/userFiles-90487935-205d-4fad-8d4a-e1629e9f72d4/fetchFileTemp6218124195457684617.tmp has been previously copied to /tmp/spark-3777ae06-565e-4f5e-8cca-fa3fbce9caa0/userFiles-90487935-205d-4fad-8d4a-e1629e9f72d4/org.apache.hadoop_hadoop-client-runtime-3.3.2.jar
[2025-09-01 15:37:45,685] {subprocess.py:92} INFO - 25/09/01 15:37:45 INFO Executor: Adding file:/tmp/spark-3777ae06-565e-4f5e-8cca-fa3fbce9caa0/userFiles-90487935-205d-4fad-8d4a-e1629e9f72d4/org.apache.hadoop_hadoop-client-runtime-3.3.2.jar to class loader
[2025-09-01 15:37:45,686] {subprocess.py:92} INFO - 25/09/01 15:37:45 INFO Executor: Fetching spark://e66737cfc193:44001/jars/com.google.code.findbugs_jsr305-3.0.0.jar with timestamp 1756741063927
[2025-09-01 15:37:45,687] {subprocess.py:92} INFO - 25/09/01 15:37:45 INFO Utils: Fetching spark://e66737cfc193:44001/jars/com.google.code.findbugs_jsr305-3.0.0.jar to /tmp/spark-3777ae06-565e-4f5e-8cca-fa3fbce9caa0/userFiles-90487935-205d-4fad-8d4a-e1629e9f72d4/fetchFileTemp7020250492403188765.tmp
[2025-09-01 15:37:45,690] {subprocess.py:92} INFO - 25/09/01 15:37:45 INFO Utils: /tmp/spark-3777ae06-565e-4f5e-8cca-fa3fbce9caa0/userFiles-90487935-205d-4fad-8d4a-e1629e9f72d4/fetchFileTemp7020250492403188765.tmp has been previously copied to /tmp/spark-3777ae06-565e-4f5e-8cca-fa3fbce9caa0/userFiles-90487935-205d-4fad-8d4a-e1629e9f72d4/com.google.code.findbugs_jsr305-3.0.0.jar
[2025-09-01 15:37:45,696] {subprocess.py:92} INFO - 25/09/01 15:37:45 INFO Executor: Adding file:/tmp/spark-3777ae06-565e-4f5e-8cca-fa3fbce9caa0/userFiles-90487935-205d-4fad-8d4a-e1629e9f72d4/com.google.code.findbugs_jsr305-3.0.0.jar to class loader
[2025-09-01 15:37:45,696] {subprocess.py:92} INFO - 25/09/01 15:37:45 INFO Executor: Fetching spark://e66737cfc193:44001/jars/org.xerial.snappy_snappy-java-1.1.8.4.jar with timestamp 1756741063927
[2025-09-01 15:37:45,697] {subprocess.py:92} INFO - 25/09/01 15:37:45 INFO Utils: Fetching spark://e66737cfc193:44001/jars/org.xerial.snappy_snappy-java-1.1.8.4.jar to /tmp/spark-3777ae06-565e-4f5e-8cca-fa3fbce9caa0/userFiles-90487935-205d-4fad-8d4a-e1629e9f72d4/fetchFileTemp2068786553090847079.tmp
[2025-09-01 15:37:45,708] {subprocess.py:92} INFO - 25/09/01 15:37:45 INFO Utils: /tmp/spark-3777ae06-565e-4f5e-8cca-fa3fbce9caa0/userFiles-90487935-205d-4fad-8d4a-e1629e9f72d4/fetchFileTemp2068786553090847079.tmp has been previously copied to /tmp/spark-3777ae06-565e-4f5e-8cca-fa3fbce9caa0/userFiles-90487935-205d-4fad-8d4a-e1629e9f72d4/org.xerial.snappy_snappy-java-1.1.8.4.jar
[2025-09-01 15:37:45,714] {subprocess.py:92} INFO - 25/09/01 15:37:45 INFO Executor: Adding file:/tmp/spark-3777ae06-565e-4f5e-8cca-fa3fbce9caa0/userFiles-90487935-205d-4fad-8d4a-e1629e9f72d4/org.xerial.snappy_snappy-java-1.1.8.4.jar to class loader
[2025-09-01 15:37:45,714] {subprocess.py:92} INFO - 25/09/01 15:37:45 INFO Executor: Fetching spark://e66737cfc193:44001/jars/org.lz4_lz4-java-1.8.0.jar with timestamp 1756741063927
[2025-09-01 15:37:45,715] {subprocess.py:92} INFO - 25/09/01 15:37:45 INFO Utils: Fetching spark://e66737cfc193:44001/jars/org.lz4_lz4-java-1.8.0.jar to /tmp/spark-3777ae06-565e-4f5e-8cca-fa3fbce9caa0/userFiles-90487935-205d-4fad-8d4a-e1629e9f72d4/fetchFileTemp6752605532825392398.tmp
[2025-09-01 15:37:45,720] {subprocess.py:92} INFO - 25/09/01 15:37:45 INFO Utils: /tmp/spark-3777ae06-565e-4f5e-8cca-fa3fbce9caa0/userFiles-90487935-205d-4fad-8d4a-e1629e9f72d4/fetchFileTemp6752605532825392398.tmp has been previously copied to /tmp/spark-3777ae06-565e-4f5e-8cca-fa3fbce9caa0/userFiles-90487935-205d-4fad-8d4a-e1629e9f72d4/org.lz4_lz4-java-1.8.0.jar
[2025-09-01 15:37:45,725] {subprocess.py:92} INFO - 25/09/01 15:37:45 INFO Executor: Adding file:/tmp/spark-3777ae06-565e-4f5e-8cca-fa3fbce9caa0/userFiles-90487935-205d-4fad-8d4a-e1629e9f72d4/org.lz4_lz4-java-1.8.0.jar to class loader
[2025-09-01 15:37:45,737] {subprocess.py:92} INFO - 25/09/01 15:37:45 INFO Utils: Successfully started service 'org.apache.spark.network.netty.NettyBlockTransferService' on port 44017.
[2025-09-01 15:37:45,737] {subprocess.py:92} INFO - 25/09/01 15:37:45 INFO NettyBlockTransferService: Server created on e66737cfc193:44017
[2025-09-01 15:37:45,740] {subprocess.py:92} INFO - 25/09/01 15:37:45 INFO BlockManager: Using org.apache.spark.storage.RandomBlockReplicationPolicy for block replication policy
[2025-09-01 15:37:45,749] {subprocess.py:92} INFO - 25/09/01 15:37:45 INFO BlockManagerMaster: Registering BlockManager BlockManagerId(driver, e66737cfc193, 44017, None)
[2025-09-01 15:37:45,754] {subprocess.py:92} INFO - 25/09/01 15:37:45 INFO BlockManagerMasterEndpoint: Registering block manager e66737cfc193:44017 with 434.4 MiB RAM, BlockManagerId(driver, e66737cfc193, 44017, None)
[2025-09-01 15:37:45,757] {subprocess.py:92} INFO - 25/09/01 15:37:45 INFO BlockManagerMaster: Registered BlockManager BlockManagerId(driver, e66737cfc193, 44017, None)
[2025-09-01 15:37:45,758] {subprocess.py:92} INFO - 25/09/01 15:37:45 INFO BlockManager: Initialized BlockManager: BlockManagerId(driver, e66737cfc193, 44017, None)
[2025-09-01 15:37:46,197] {subprocess.py:92} INFO - Connexion à Kafka...
[2025-09-01 15:37:48,621] {subprocess.py:92} INFO - Connexion Kafka réussie (kafka:9092)
[2025-09-01 15:37:48,621] {subprocess.py:92} INFO - Transformation des données JSON...
[2025-09-01 15:37:48,872] {subprocess.py:92} INFO - Démarrage du streaming vers HDFS...
[2025-09-01 15:37:49,756] {subprocess.py:92} INFO - Streaming actif - Données météo sauvegardées dans HDFS:/data/weather
[2025-09-01 15:57:10,752] {local_task_job.py:84} ERROR - Received SIGTERM. Terminating subprocesses
[2025-09-01 15:57:10,773] {process_utils.py:129} INFO - Sending Signals.SIGTERM to group 25614. PIDs of all processes in the group: [25615, 25668, 25614]
[2025-09-01 15:57:10,774] {process_utils.py:80} INFO - Sending the signal Signals.SIGTERM to group 25614
[2025-09-01 15:57:10,776] {taskinstance.py:1541} ERROR - Received SIGTERM. Terminating subprocesses.
[2025-09-01 15:57:10,776] {subprocess.py:103} INFO - Sending SIGTERM signal to process group
[2025-09-01 15:57:10,949] {taskinstance.py:1889} ERROR - Task failed with exception
Traceback (most recent call last):
  File "/home/airflow/.local/lib/python3.7/site-packages/airflow/operators/bash.py", line 189, in execute
    cwd=self.cwd,
  File "/home/airflow/.local/lib/python3.7/site-packages/airflow/hooks/subprocess.py", line 90, in run_command
    for raw_line in iter(self.sub_process.stdout.readline, b''):
  File "/home/airflow/.local/lib/python3.7/site-packages/airflow/models/taskinstance.py", line 1543, in signal_handler
    raise AirflowException("Task received SIGTERM signal")
airflow.exceptions.AirflowException: Task received SIGTERM signal
[2025-09-01 15:57:11,046] {taskinstance.py:1400} INFO - Marking task as UP_FOR_RETRY. dag_id=send_weather_to_kafka, task_id=stream_hdfs, execution_date=20250901T150701, start_date=20250901T153739, end_date=20250901T155711
[2025-09-01 15:57:11,124] {standard_task_runner.py:97} ERROR - Failed to execute job 599 for task stream_hdfs (Task received SIGTERM signal; 25614)
[2025-09-01 15:57:11,459] {process_utils.py:75} INFO - Process psutil.Process(pid=25668, status='terminated', started='15:37:42') (25668) terminated with exit code None
[2025-09-01 15:57:11,462] {process_utils.py:75} INFO - Process psutil.Process(pid=25614, status='terminated', exitcode=1, started='15:37:39') (25614) terminated with exit code 1
[2025-09-01 15:57:11,856] {process_utils.py:75} INFO - Process psutil.Process(pid=25615, status='terminated', started='15:37:39') (25615) terminated with exit code None
[2025-09-01 15:57:11,857] {local_task_job.py:156} INFO - Task exited with return code 143
[2025-09-01 15:57:11,974] {local_task_job.py:273} INFO - 0 downstream tasks scheduled from follow-on schedule check
[2025-09-01 15:57:14,356] {local_task_job.py:84} ERROR - Received SIGTERM. Terminating subprocesses
