[2025-09-01 08:22:54,893] {taskinstance.py:1159} INFO - Dependencies all met for <TaskInstance: send_weather_to_kafka.stream_hdfs scheduled__2025-09-01T07:49:16.225532+00:00 [queued]>
[2025-09-01 08:22:54,919] {taskinstance.py:1159} INFO - Dependencies all met for <TaskInstance: send_weather_to_kafka.stream_hdfs scheduled__2025-09-01T07:49:16.225532+00:00 [queued]>
[2025-09-01 08:22:54,920] {taskinstance.py:1356} INFO - 
--------------------------------------------------------------------------------
[2025-09-01 08:22:54,920] {taskinstance.py:1357} INFO - Starting attempt 1 of 2
[2025-09-01 08:22:54,920] {taskinstance.py:1358} INFO - 
--------------------------------------------------------------------------------
[2025-09-01 08:22:54,950] {taskinstance.py:1377} INFO - Executing <Task(BashOperator): stream_hdfs> on 2025-09-01 07:49:16.225532+00:00
[2025-09-01 08:22:54,957] {standard_task_runner.py:52} INFO - Started process 11785 to run task
[2025-09-01 08:22:54,964] {standard_task_runner.py:79} INFO - Running: ['***', 'tasks', 'run', 'send_weather_to_kafka', 'stream_hdfs', 'scheduled__2025-09-01T07:49:16.225532+00:00', '--job-id', '504', '--raw', '--subdir', 'DAGS_FOLDER/dag_meteo.py', '--cfg-path', '/tmp/tmp9z1n2oe0', '--error-file', '/tmp/tmph44yvs_6']
[2025-09-01 08:22:54,966] {standard_task_runner.py:80} INFO - Job 504: Subtask stream_hdfs
[2025-09-01 08:22:55,006] {logging_mixin.py:115} WARNING - /home/***/.local/lib/python3.7/site-packages/***/configuration.py:470 DeprecationWarning: The sql_alchemy_conn option in [core] has been moved to the sql_alchemy_conn option in [database] - the old setting has been used, but please update your config.
[2025-09-01 08:22:55,104] {task_command.py:369} INFO - Running <TaskInstance: send_weather_to_kafka.stream_hdfs scheduled__2025-09-01T07:49:16.225532+00:00 [running]> on host e66737cfc193
[2025-09-01 08:22:55,344] {taskinstance.py:1571} INFO - Exporting the following env vars:
AIRFLOW_CTX_DAG_OWNER=***
AIRFLOW_CTX_DAG_ID=send_weather_to_kafka
AIRFLOW_CTX_TASK_ID=stream_hdfs
AIRFLOW_CTX_EXECUTION_DATE=2025-09-01T07:49:16.225532+00:00
AIRFLOW_CTX_TRY_NUMBER=1
AIRFLOW_CTX_DAG_RUN_ID=scheduled__2025-09-01T07:49:16.225532+00:00
[2025-09-01 08:22:55,346] {subprocess.py:62} INFO - Tmp dir root location: 
 /tmp
[2025-09-01 08:22:55,348] {subprocess.py:74} INFO - Running command: ['bash', '-c', '\n/home/***/.local/bin/spark-submit   --master local[*]   --conf spark.hadoop.fs.defaultFS=hdfs://namenode:9000   --conf spark.hadoop.dfs.client.use.datanode.hostname=true   --conf spark.sql.adaptive.enabled=false   --packages org.apache.spark:spark-sql-kafka-0-10_2.12:3.3.1   /opt/***/scripts/pyspark/streaming.py']
[2025-09-01 08:22:55,374] {subprocess.py:85} INFO - Output:
[2025-09-01 08:22:55,405] {subprocess.py:92} INFO - /opt/spark-3.3.1-bin-hadoop3/bin/load-spark-env.sh: line 68: ps: command not found
[2025-09-01 08:22:59,068] {subprocess.py:92} INFO - :: loading settings :: url = jar:file:/opt/spark-3.3.1-bin-hadoop3/jars/ivy-2.5.0.jar!/org/apache/ivy/core/settings/ivysettings.xml
[2025-09-01 08:22:59,303] {subprocess.py:92} INFO - Ivy Default Cache set to: /home/***/.ivy2/cache
[2025-09-01 08:22:59,303] {subprocess.py:92} INFO - The jars for the packages stored in: /home/***/.ivy2/jars
[2025-09-01 08:22:59,312] {subprocess.py:92} INFO - org.apache.spark#spark-sql-kafka-0-10_2.12 added as a dependency
[2025-09-01 08:22:59,314] {subprocess.py:92} INFO - :: resolving dependencies :: org.apache.spark#spark-submit-parent-638d2edb-fd11-4452-ba72-fc06f9226a60;1.0
[2025-09-01 08:22:59,314] {subprocess.py:92} INFO - 	confs: [default]
[2025-09-01 08:22:59,668] {subprocess.py:92} INFO - 	found org.apache.spark#spark-sql-kafka-0-10_2.12;3.3.1 in central
[2025-09-01 08:22:59,795] {subprocess.py:92} INFO - 	found org.apache.spark#spark-token-provider-kafka-0-10_2.12;3.3.1 in central
[2025-09-01 08:22:59,839] {subprocess.py:92} INFO - 	found org.apache.kafka#kafka-clients;2.8.1 in central
[2025-09-01 08:22:59,879] {subprocess.py:92} INFO - 	found org.lz4#lz4-java;1.8.0 in central
[2025-09-01 08:22:59,930] {subprocess.py:92} INFO - 	found org.xerial.snappy#snappy-java;1.1.8.4 in central
[2025-09-01 08:22:59,992] {subprocess.py:92} INFO - 	found org.slf4j#slf4j-api;1.7.32 in central
[2025-09-01 08:23:00,138] {subprocess.py:92} INFO - 	found org.apache.hadoop#hadoop-client-runtime;3.3.2 in central
[2025-09-01 08:23:00,224] {subprocess.py:92} INFO - 	found org.spark-project.spark#unused;1.0.0 in central
[2025-09-01 08:23:00,349] {subprocess.py:92} INFO - 	found org.apache.hadoop#hadoop-client-api;3.3.2 in central
[2025-09-01 08:23:00,408] {subprocess.py:92} INFO - 	found commons-logging#commons-logging;1.1.3 in central
[2025-09-01 08:23:00,436] {subprocess.py:92} INFO - 	found com.google.code.findbugs#jsr305;3.0.0 in central
[2025-09-01 08:23:00,473] {subprocess.py:92} INFO - 	found org.apache.commons#commons-pool2;2.11.1 in central
[2025-09-01 08:23:00,530] {subprocess.py:92} INFO - :: resolution report :: resolve 1197ms :: artifacts dl 19ms
[2025-09-01 08:23:00,530] {subprocess.py:92} INFO - 	:: modules in use:
[2025-09-01 08:23:00,530] {subprocess.py:92} INFO - 	com.google.code.findbugs#jsr305;3.0.0 from central in [default]
[2025-09-01 08:23:00,530] {subprocess.py:92} INFO - 	commons-logging#commons-logging;1.1.3 from central in [default]
[2025-09-01 08:23:00,530] {subprocess.py:92} INFO - 	org.apache.commons#commons-pool2;2.11.1 from central in [default]
[2025-09-01 08:23:00,530] {subprocess.py:92} INFO - 	org.apache.hadoop#hadoop-client-api;3.3.2 from central in [default]
[2025-09-01 08:23:00,530] {subprocess.py:92} INFO - 	org.apache.hadoop#hadoop-client-runtime;3.3.2 from central in [default]
[2025-09-01 08:23:00,530] {subprocess.py:92} INFO - 	org.apache.kafka#kafka-clients;2.8.1 from central in [default]
[2025-09-01 08:23:00,530] {subprocess.py:92} INFO - 	org.apache.spark#spark-sql-kafka-0-10_2.12;3.3.1 from central in [default]
[2025-09-01 08:23:00,530] {subprocess.py:92} INFO - 	org.apache.spark#spark-token-provider-kafka-0-10_2.12;3.3.1 from central in [default]
[2025-09-01 08:23:00,530] {subprocess.py:92} INFO - 	org.lz4#lz4-java;1.8.0 from central in [default]
[2025-09-01 08:23:00,530] {subprocess.py:92} INFO - 	org.slf4j#slf4j-api;1.7.32 from central in [default]
[2025-09-01 08:23:00,531] {subprocess.py:92} INFO - 	org.spark-project.spark#unused;1.0.0 from central in [default]
[2025-09-01 08:23:00,531] {subprocess.py:92} INFO - 	org.xerial.snappy#snappy-java;1.1.8.4 from central in [default]
[2025-09-01 08:23:00,531] {subprocess.py:92} INFO - 	---------------------------------------------------------------------
[2025-09-01 08:23:00,531] {subprocess.py:92} INFO - 	|                  |            modules            ||   artifacts   |
[2025-09-01 08:23:00,531] {subprocess.py:92} INFO - 	|       conf       | number| search|dwnlded|evicted|| number|dwnlded|
[2025-09-01 08:23:00,531] {subprocess.py:92} INFO - 	---------------------------------------------------------------------
[2025-09-01 08:23:00,531] {subprocess.py:92} INFO - 	|      default     |   12  |   0   |   0   |   0   ||   12  |   0   |
[2025-09-01 08:23:00,531] {subprocess.py:92} INFO - 	---------------------------------------------------------------------
[2025-09-01 08:23:00,543] {subprocess.py:92} INFO - :: retrieving :: org.apache.spark#spark-submit-parent-638d2edb-fd11-4452-ba72-fc06f9226a60
[2025-09-01 08:23:00,544] {subprocess.py:92} INFO - 	confs: [default]
[2025-09-01 08:23:00,557] {subprocess.py:92} INFO - 	0 artifacts copied, 12 already retrieved (0kB/17ms)
[2025-09-01 08:23:01,196] {subprocess.py:92} INFO - 25/09/01 08:23:01 WARN NativeCodeLoader: Unable to load native-hadoop library for your platform... using builtin-java classes where applicable
[2025-09-01 08:23:04,059] {subprocess.py:92} INFO - 25/09/01 08:23:04 INFO SparkContext: Running Spark version 3.3.1
[2025-09-01 08:23:04,139] {subprocess.py:92} INFO - 25/09/01 08:23:04 INFO ResourceUtils: ==============================================================
[2025-09-01 08:23:04,140] {subprocess.py:92} INFO - 25/09/01 08:23:04 INFO ResourceUtils: No custom resources configured for spark.driver.
[2025-09-01 08:23:04,142] {subprocess.py:92} INFO - 25/09/01 08:23:04 INFO ResourceUtils: ==============================================================
[2025-09-01 08:23:04,143] {subprocess.py:92} INFO - 25/09/01 08:23:04 INFO SparkContext: Submitted application: KafkaToHDFSWeather
[2025-09-01 08:23:04,220] {subprocess.py:92} INFO - 25/09/01 08:23:04 INFO ResourceProfile: Default ResourceProfile created, executor resources: Map(cores -> name: cores, amount: 1, script: , vendor: , memory -> name: memory, amount: 1024, script: , vendor: , offHeap -> name: offHeap, amount: 0, script: , vendor: ), task resources: Map(cpus -> name: cpus, amount: 1.0)
[2025-09-01 08:23:04,262] {subprocess.py:92} INFO - 25/09/01 08:23:04 INFO ResourceProfile: Limiting resource is cpu
[2025-09-01 08:23:04,264] {subprocess.py:92} INFO - 25/09/01 08:23:04 INFO ResourceProfileManager: Added ResourceProfile id: 0
[2025-09-01 08:23:04,411] {subprocess.py:92} INFO - 25/09/01 08:23:04 INFO SecurityManager: Changing view acls to: ***
[2025-09-01 08:23:04,413] {subprocess.py:92} INFO - 25/09/01 08:23:04 INFO SecurityManager: Changing modify acls to: ***
[2025-09-01 08:23:04,414] {subprocess.py:92} INFO - 25/09/01 08:23:04 INFO SecurityManager: Changing view acls groups to:
[2025-09-01 08:23:04,417] {subprocess.py:92} INFO - 25/09/01 08:23:04 INFO SecurityManager: Changing modify acls groups to:
[2025-09-01 08:23:04,419] {subprocess.py:92} INFO - 25/09/01 08:23:04 INFO SecurityManager: SecurityManager: authentication disabled; ui acls disabled; users  with view permissions: Set(***); groups with view permissions: Set(); users  with modify permissions: Set(***); groups with modify permissions: Set()
[2025-09-01 08:23:05,387] {subprocess.py:92} INFO - 25/09/01 08:23:05 INFO Utils: Successfully started service 'sparkDriver' on port 44183.
[2025-09-01 08:23:05,462] {subprocess.py:92} INFO - 25/09/01 08:23:05 INFO SparkEnv: Registering MapOutputTracker
[2025-09-01 08:23:05,558] {subprocess.py:92} INFO - 25/09/01 08:23:05 INFO SparkEnv: Registering BlockManagerMaster
[2025-09-01 08:23:05,595] {subprocess.py:92} INFO - 25/09/01 08:23:05 INFO BlockManagerMasterEndpoint: Using org.apache.spark.storage.DefaultTopologyMapper for getting topology information
[2025-09-01 08:23:05,597] {subprocess.py:92} INFO - 25/09/01 08:23:05 INFO BlockManagerMasterEndpoint: BlockManagerMasterEndpoint up
[2025-09-01 08:23:05,613] {subprocess.py:92} INFO - 25/09/01 08:23:05 INFO SparkEnv: Registering BlockManagerMasterHeartbeat
[2025-09-01 08:23:05,666] {subprocess.py:92} INFO - 25/09/01 08:23:05 INFO DiskBlockManager: Created local directory at /tmp/blockmgr-83c055e6-fcae-4147-a20a-976b1bba6d0e
[2025-09-01 08:23:05,736] {subprocess.py:92} INFO - 25/09/01 08:23:05 INFO MemoryStore: MemoryStore started with capacity 434.4 MiB
[2025-09-01 08:23:05,809] {subprocess.py:92} INFO - 25/09/01 08:23:05 INFO SparkEnv: Registering OutputCommitCoordinator
[2025-09-01 08:23:06,435] {subprocess.py:92} INFO - 25/09/01 08:23:06 WARN Utils: Service 'SparkUI' could not bind on port 4040. Attempting port 4041.
[2025-09-01 08:23:06,437] {subprocess.py:92} INFO - 25/09/01 08:23:06 WARN Utils: Service 'SparkUI' could not bind on port 4041. Attempting port 4042.
[2025-09-01 08:23:06,439] {subprocess.py:92} INFO - 25/09/01 08:23:06 WARN Utils: Service 'SparkUI' could not bind on port 4042. Attempting port 4043.
[2025-09-01 08:23:06,459] {subprocess.py:92} INFO - 25/09/01 08:23:06 INFO Utils: Successfully started service 'SparkUI' on port 4043.
[2025-09-01 08:23:06,563] {subprocess.py:92} INFO - 25/09/01 08:23:06 INFO SparkContext: Added JAR file:///home/***/.ivy2/jars/org.apache.spark_spark-sql-kafka-0-10_2.12-3.3.1.jar at spark://e66737cfc193:44183/jars/org.apache.spark_spark-sql-kafka-0-10_2.12-3.3.1.jar with timestamp 1756714984034
[2025-09-01 08:23:06,564] {subprocess.py:92} INFO - 25/09/01 08:23:06 INFO SparkContext: Added JAR file:///home/***/.ivy2/jars/org.apache.spark_spark-token-provider-kafka-0-10_2.12-3.3.1.jar at spark://e66737cfc193:44183/jars/org.apache.spark_spark-token-provider-kafka-0-10_2.12-3.3.1.jar with timestamp 1756714984034
[2025-09-01 08:23:06,564] {subprocess.py:92} INFO - 25/09/01 08:23:06 INFO SparkContext: Added JAR file:///home/***/.ivy2/jars/org.apache.kafka_kafka-clients-2.8.1.jar at spark://e66737cfc193:44183/jars/org.apache.kafka_kafka-clients-2.8.1.jar with timestamp 1756714984034
[2025-09-01 08:23:06,565] {subprocess.py:92} INFO - 25/09/01 08:23:06 INFO SparkContext: Added JAR file:///home/***/.ivy2/jars/com.google.code.findbugs_jsr305-3.0.0.jar at spark://e66737cfc193:44183/jars/com.google.code.findbugs_jsr305-3.0.0.jar with timestamp 1756714984034
[2025-09-01 08:23:06,567] {subprocess.py:92} INFO - 25/09/01 08:23:06 INFO SparkContext: Added JAR file:///home/***/.ivy2/jars/org.apache.commons_commons-pool2-2.11.1.jar at spark://e66737cfc193:44183/jars/org.apache.commons_commons-pool2-2.11.1.jar with timestamp 1756714984034
[2025-09-01 08:23:06,567] {subprocess.py:92} INFO - 25/09/01 08:23:06 INFO SparkContext: Added JAR file:///home/***/.ivy2/jars/org.spark-project.spark_unused-1.0.0.jar at spark://e66737cfc193:44183/jars/org.spark-project.spark_unused-1.0.0.jar with timestamp 1756714984034
[2025-09-01 08:23:06,568] {subprocess.py:92} INFO - 25/09/01 08:23:06 INFO SparkContext: Added JAR file:///home/***/.ivy2/jars/org.apache.hadoop_hadoop-client-runtime-3.3.2.jar at spark://e66737cfc193:44183/jars/org.apache.hadoop_hadoop-client-runtime-3.3.2.jar with timestamp 1756714984034
[2025-09-01 08:23:06,568] {subprocess.py:92} INFO - 25/09/01 08:23:06 INFO SparkContext: Added JAR file:///home/***/.ivy2/jars/org.lz4_lz4-java-1.8.0.jar at spark://e66737cfc193:44183/jars/org.lz4_lz4-java-1.8.0.jar with timestamp 1756714984034
[2025-09-01 08:23:06,568] {subprocess.py:92} INFO - 25/09/01 08:23:06 INFO SparkContext: Added JAR file:///home/***/.ivy2/jars/org.xerial.snappy_snappy-java-1.1.8.4.jar at spark://e66737cfc193:44183/jars/org.xerial.snappy_snappy-java-1.1.8.4.jar with timestamp 1756714984034
[2025-09-01 08:23:06,568] {subprocess.py:92} INFO - 25/09/01 08:23:06 INFO SparkContext: Added JAR file:///home/***/.ivy2/jars/org.slf4j_slf4j-api-1.7.32.jar at spark://e66737cfc193:44183/jars/org.slf4j_slf4j-api-1.7.32.jar with timestamp 1756714984034
[2025-09-01 08:23:06,568] {subprocess.py:92} INFO - 25/09/01 08:23:06 INFO SparkContext: Added JAR file:///home/***/.ivy2/jars/org.apache.hadoop_hadoop-client-api-3.3.2.jar at spark://e66737cfc193:44183/jars/org.apache.hadoop_hadoop-client-api-3.3.2.jar with timestamp 1756714984034
[2025-09-01 08:23:06,568] {subprocess.py:92} INFO - 25/09/01 08:23:06 INFO SparkContext: Added JAR file:///home/***/.ivy2/jars/commons-logging_commons-logging-1.1.3.jar at spark://e66737cfc193:44183/jars/commons-logging_commons-logging-1.1.3.jar with timestamp 1756714984034
[2025-09-01 08:23:06,576] {subprocess.py:92} INFO - 25/09/01 08:23:06 INFO SparkContext: Added file file:///home/***/.ivy2/jars/org.apache.spark_spark-sql-kafka-0-10_2.12-3.3.1.jar at file:///home/***/.ivy2/jars/org.apache.spark_spark-sql-kafka-0-10_2.12-3.3.1.jar with timestamp 1756714984034
[2025-09-01 08:23:06,585] {subprocess.py:92} INFO - 25/09/01 08:23:06 INFO Utils: Copying /home/***/.ivy2/jars/org.apache.spark_spark-sql-kafka-0-10_2.12-3.3.1.jar to /tmp/spark-68350253-be48-44ff-a384-0ee4b0b3da5f/userFiles-a404ee70-6a06-4362-a62a-1753f67a07b4/org.apache.spark_spark-sql-kafka-0-10_2.12-3.3.1.jar
[2025-09-01 08:23:06,614] {subprocess.py:92} INFO - 25/09/01 08:23:06 INFO SparkContext: Added file file:///home/***/.ivy2/jars/org.apache.spark_spark-token-provider-kafka-0-10_2.12-3.3.1.jar at file:///home/***/.ivy2/jars/org.apache.spark_spark-token-provider-kafka-0-10_2.12-3.3.1.jar with timestamp 1756714984034
[2025-09-01 08:23:06,614] {subprocess.py:92} INFO - 25/09/01 08:23:06 INFO Utils: Copying /home/***/.ivy2/jars/org.apache.spark_spark-token-provider-kafka-0-10_2.12-3.3.1.jar to /tmp/spark-68350253-be48-44ff-a384-0ee4b0b3da5f/userFiles-a404ee70-6a06-4362-a62a-1753f67a07b4/org.apache.spark_spark-token-provider-kafka-0-10_2.12-3.3.1.jar
[2025-09-01 08:23:06,624] {subprocess.py:92} INFO - 25/09/01 08:23:06 INFO SparkContext: Added file file:///home/***/.ivy2/jars/org.apache.kafka_kafka-clients-2.8.1.jar at file:///home/***/.ivy2/jars/org.apache.kafka_kafka-clients-2.8.1.jar with timestamp 1756714984034
[2025-09-01 08:23:06,625] {subprocess.py:92} INFO - 25/09/01 08:23:06 INFO Utils: Copying /home/***/.ivy2/jars/org.apache.kafka_kafka-clients-2.8.1.jar to /tmp/spark-68350253-be48-44ff-a384-0ee4b0b3da5f/userFiles-a404ee70-6a06-4362-a62a-1753f67a07b4/org.apache.kafka_kafka-clients-2.8.1.jar
[2025-09-01 08:23:06,651] {subprocess.py:92} INFO - 25/09/01 08:23:06 INFO SparkContext: Added file file:///home/***/.ivy2/jars/com.google.code.findbugs_jsr305-3.0.0.jar at file:///home/***/.ivy2/jars/com.google.code.findbugs_jsr305-3.0.0.jar with timestamp 1756714984034
[2025-09-01 08:23:06,656] {subprocess.py:92} INFO - 25/09/01 08:23:06 INFO Utils: Copying /home/***/.ivy2/jars/com.google.code.findbugs_jsr305-3.0.0.jar to /tmp/spark-68350253-be48-44ff-a384-0ee4b0b3da5f/userFiles-a404ee70-6a06-4362-a62a-1753f67a07b4/com.google.code.findbugs_jsr305-3.0.0.jar
[2025-09-01 08:23:06,668] {subprocess.py:92} INFO - 25/09/01 08:23:06 INFO SparkContext: Added file file:///home/***/.ivy2/jars/org.apache.commons_commons-pool2-2.11.1.jar at file:///home/***/.ivy2/jars/org.apache.commons_commons-pool2-2.11.1.jar with timestamp 1756714984034
[2025-09-01 08:23:06,670] {subprocess.py:92} INFO - 25/09/01 08:23:06 INFO Utils: Copying /home/***/.ivy2/jars/org.apache.commons_commons-pool2-2.11.1.jar to /tmp/spark-68350253-be48-44ff-a384-0ee4b0b3da5f/userFiles-a404ee70-6a06-4362-a62a-1753f67a07b4/org.apache.commons_commons-pool2-2.11.1.jar
[2025-09-01 08:23:06,679] {subprocess.py:92} INFO - 25/09/01 08:23:06 INFO SparkContext: Added file file:///home/***/.ivy2/jars/org.spark-project.spark_unused-1.0.0.jar at file:///home/***/.ivy2/jars/org.spark-project.spark_unused-1.0.0.jar with timestamp 1756714984034
[2025-09-01 08:23:06,681] {subprocess.py:92} INFO - 25/09/01 08:23:06 INFO Utils: Copying /home/***/.ivy2/jars/org.spark-project.spark_unused-1.0.0.jar to /tmp/spark-68350253-be48-44ff-a384-0ee4b0b3da5f/userFiles-a404ee70-6a06-4362-a62a-1753f67a07b4/org.spark-project.spark_unused-1.0.0.jar
[2025-09-01 08:23:06,695] {subprocess.py:92} INFO - 25/09/01 08:23:06 INFO SparkContext: Added file file:///home/***/.ivy2/jars/org.apache.hadoop_hadoop-client-runtime-3.3.2.jar at file:///home/***/.ivy2/jars/org.apache.hadoop_hadoop-client-runtime-3.3.2.jar with timestamp 1756714984034
[2025-09-01 08:23:06,696] {subprocess.py:92} INFO - 25/09/01 08:23:06 INFO Utils: Copying /home/***/.ivy2/jars/org.apache.hadoop_hadoop-client-runtime-3.3.2.jar to /tmp/spark-68350253-be48-44ff-a384-0ee4b0b3da5f/userFiles-a404ee70-6a06-4362-a62a-1753f67a07b4/org.apache.hadoop_hadoop-client-runtime-3.3.2.jar
[2025-09-01 08:23:06,786] {subprocess.py:92} INFO - 25/09/01 08:23:06 INFO SparkContext: Added file file:///home/***/.ivy2/jars/org.lz4_lz4-java-1.8.0.jar at file:///home/***/.ivy2/jars/org.lz4_lz4-java-1.8.0.jar with timestamp 1756714984034
[2025-09-01 08:23:06,786] {subprocess.py:92} INFO - 25/09/01 08:23:06 INFO Utils: Copying /home/***/.ivy2/jars/org.lz4_lz4-java-1.8.0.jar to /tmp/spark-68350253-be48-44ff-a384-0ee4b0b3da5f/userFiles-a404ee70-6a06-4362-a62a-1753f67a07b4/org.lz4_lz4-java-1.8.0.jar
[2025-09-01 08:23:06,797] {subprocess.py:92} INFO - 25/09/01 08:23:06 INFO SparkContext: Added file file:///home/***/.ivy2/jars/org.xerial.snappy_snappy-java-1.1.8.4.jar at file:///home/***/.ivy2/jars/org.xerial.snappy_snappy-java-1.1.8.4.jar with timestamp 1756714984034
[2025-09-01 08:23:06,797] {subprocess.py:92} INFO - 25/09/01 08:23:06 INFO Utils: Copying /home/***/.ivy2/jars/org.xerial.snappy_snappy-java-1.1.8.4.jar to /tmp/spark-68350253-be48-44ff-a384-0ee4b0b3da5f/userFiles-a404ee70-6a06-4362-a62a-1753f67a07b4/org.xerial.snappy_snappy-java-1.1.8.4.jar
[2025-09-01 08:23:06,811] {subprocess.py:92} INFO - 25/09/01 08:23:06 INFO SparkContext: Added file file:///home/***/.ivy2/jars/org.slf4j_slf4j-api-1.7.32.jar at file:///home/***/.ivy2/jars/org.slf4j_slf4j-api-1.7.32.jar with timestamp 1756714984034
[2025-09-01 08:23:06,812] {subprocess.py:92} INFO - 25/09/01 08:23:06 INFO Utils: Copying /home/***/.ivy2/jars/org.slf4j_slf4j-api-1.7.32.jar to /tmp/spark-68350253-be48-44ff-a384-0ee4b0b3da5f/userFiles-a404ee70-6a06-4362-a62a-1753f67a07b4/org.slf4j_slf4j-api-1.7.32.jar
[2025-09-01 08:23:06,824] {subprocess.py:92} INFO - 25/09/01 08:23:06 INFO SparkContext: Added file file:///home/***/.ivy2/jars/org.apache.hadoop_hadoop-client-api-3.3.2.jar at file:///home/***/.ivy2/jars/org.apache.hadoop_hadoop-client-api-3.3.2.jar with timestamp 1756714984034
[2025-09-01 08:23:06,825] {subprocess.py:92} INFO - 25/09/01 08:23:06 INFO Utils: Copying /home/***/.ivy2/jars/org.apache.hadoop_hadoop-client-api-3.3.2.jar to /tmp/spark-68350253-be48-44ff-a384-0ee4b0b3da5f/userFiles-a404ee70-6a06-4362-a62a-1753f67a07b4/org.apache.hadoop_hadoop-client-api-3.3.2.jar
[2025-09-01 08:23:06,860] {subprocess.py:92} INFO - 25/09/01 08:23:06 INFO SparkContext: Added file file:///home/***/.ivy2/jars/commons-logging_commons-logging-1.1.3.jar at file:///home/***/.ivy2/jars/commons-logging_commons-logging-1.1.3.jar with timestamp 1756714984034
[2025-09-01 08:23:06,861] {subprocess.py:92} INFO - 25/09/01 08:23:06 INFO Utils: Copying /home/***/.ivy2/jars/commons-logging_commons-logging-1.1.3.jar to /tmp/spark-68350253-be48-44ff-a384-0ee4b0b3da5f/userFiles-a404ee70-6a06-4362-a62a-1753f67a07b4/commons-logging_commons-logging-1.1.3.jar
[2025-09-01 08:23:07,069] {subprocess.py:92} INFO - 25/09/01 08:23:07 INFO Executor: Starting executor ID driver on host e66737cfc193
[2025-09-01 08:23:07,080] {subprocess.py:92} INFO - 25/09/01 08:23:07 INFO Executor: Starting executor with user classpath (userClassPathFirst = false): ''
[2025-09-01 08:23:07,108] {subprocess.py:92} INFO - 25/09/01 08:23:07 INFO Executor: Fetching file:///home/***/.ivy2/jars/commons-logging_commons-logging-1.1.3.jar with timestamp 1756714984034
[2025-09-01 08:23:07,157] {subprocess.py:92} INFO - 25/09/01 08:23:07 INFO Utils: /home/***/.ivy2/jars/commons-logging_commons-logging-1.1.3.jar has been previously copied to /tmp/spark-68350253-be48-44ff-a384-0ee4b0b3da5f/userFiles-a404ee70-6a06-4362-a62a-1753f67a07b4/commons-logging_commons-logging-1.1.3.jar
[2025-09-01 08:23:07,165] {subprocess.py:92} INFO - 25/09/01 08:23:07 INFO Executor: Fetching file:///home/***/.ivy2/jars/org.spark-project.spark_unused-1.0.0.jar with timestamp 1756714984034
[2025-09-01 08:23:07,170] {subprocess.py:92} INFO - 25/09/01 08:23:07 INFO Utils: /home/***/.ivy2/jars/org.spark-project.spark_unused-1.0.0.jar has been previously copied to /tmp/spark-68350253-be48-44ff-a384-0ee4b0b3da5f/userFiles-a404ee70-6a06-4362-a62a-1753f67a07b4/org.spark-project.spark_unused-1.0.0.jar
[2025-09-01 08:23:07,174] {subprocess.py:92} INFO - 25/09/01 08:23:07 INFO Executor: Fetching file:///home/***/.ivy2/jars/org.apache.spark_spark-sql-kafka-0-10_2.12-3.3.1.jar with timestamp 1756714984034
[2025-09-01 08:23:07,190] {subprocess.py:92} INFO - 25/09/01 08:23:07 INFO Utils: /home/***/.ivy2/jars/org.apache.spark_spark-sql-kafka-0-10_2.12-3.3.1.jar has been previously copied to /tmp/spark-68350253-be48-44ff-a384-0ee4b0b3da5f/userFiles-a404ee70-6a06-4362-a62a-1753f67a07b4/org.apache.spark_spark-sql-kafka-0-10_2.12-3.3.1.jar
[2025-09-01 08:23:07,199] {subprocess.py:92} INFO - 25/09/01 08:23:07 INFO Executor: Fetching file:///home/***/.ivy2/jars/org.apache.hadoop_hadoop-client-api-3.3.2.jar with timestamp 1756714984034
[2025-09-01 08:23:07,253] {subprocess.py:92} INFO - 25/09/01 08:23:07 INFO Utils: /home/***/.ivy2/jars/org.apache.hadoop_hadoop-client-api-3.3.2.jar has been previously copied to /tmp/spark-68350253-be48-44ff-a384-0ee4b0b3da5f/userFiles-a404ee70-6a06-4362-a62a-1753f67a07b4/org.apache.hadoop_hadoop-client-api-3.3.2.jar
[2025-09-01 08:23:07,264] {subprocess.py:92} INFO - 25/09/01 08:23:07 INFO Executor: Fetching file:///home/***/.ivy2/jars/org.apache.hadoop_hadoop-client-runtime-3.3.2.jar with timestamp 1756714984034
[2025-09-01 08:23:07,354] {subprocess.py:92} INFO - 25/09/01 08:23:07 INFO Utils: /home/***/.ivy2/jars/org.apache.hadoop_hadoop-client-runtime-3.3.2.jar has been previously copied to /tmp/spark-68350253-be48-44ff-a384-0ee4b0b3da5f/userFiles-a404ee70-6a06-4362-a62a-1753f67a07b4/org.apache.hadoop_hadoop-client-runtime-3.3.2.jar
[2025-09-01 08:23:07,363] {subprocess.py:92} INFO - 25/09/01 08:23:07 INFO Executor: Fetching file:///home/***/.ivy2/jars/org.slf4j_slf4j-api-1.7.32.jar with timestamp 1756714984034
[2025-09-01 08:23:07,365] {subprocess.py:92} INFO - 25/09/01 08:23:07 INFO Utils: /home/***/.ivy2/jars/org.slf4j_slf4j-api-1.7.32.jar has been previously copied to /tmp/spark-68350253-be48-44ff-a384-0ee4b0b3da5f/userFiles-a404ee70-6a06-4362-a62a-1753f67a07b4/org.slf4j_slf4j-api-1.7.32.jar
[2025-09-01 08:23:07,377] {subprocess.py:92} INFO - 25/09/01 08:23:07 INFO Executor: Fetching file:///home/***/.ivy2/jars/org.lz4_lz4-java-1.8.0.jar with timestamp 1756714984034
[2025-09-01 08:23:07,381] {subprocess.py:92} INFO - 25/09/01 08:23:07 INFO Utils: /home/***/.ivy2/jars/org.lz4_lz4-java-1.8.0.jar has been previously copied to /tmp/spark-68350253-be48-44ff-a384-0ee4b0b3da5f/userFiles-a404ee70-6a06-4362-a62a-1753f67a07b4/org.lz4_lz4-java-1.8.0.jar
[2025-09-01 08:23:07,393] {subprocess.py:92} INFO - 25/09/01 08:23:07 INFO Executor: Fetching file:///home/***/.ivy2/jars/org.apache.commons_commons-pool2-2.11.1.jar with timestamp 1756714984034
[2025-09-01 08:23:07,394] {subprocess.py:92} INFO - 25/09/01 08:23:07 INFO Utils: /home/***/.ivy2/jars/org.apache.commons_commons-pool2-2.11.1.jar has been previously copied to /tmp/spark-68350253-be48-44ff-a384-0ee4b0b3da5f/userFiles-a404ee70-6a06-4362-a62a-1753f67a07b4/org.apache.commons_commons-pool2-2.11.1.jar
[2025-09-01 08:23:07,401] {subprocess.py:92} INFO - 25/09/01 08:23:07 INFO Executor: Fetching file:///home/***/.ivy2/jars/com.google.code.findbugs_jsr305-3.0.0.jar with timestamp 1756714984034
[2025-09-01 08:23:07,402] {subprocess.py:92} INFO - 25/09/01 08:23:07 INFO Utils: /home/***/.ivy2/jars/com.google.code.findbugs_jsr305-3.0.0.jar has been previously copied to /tmp/spark-68350253-be48-44ff-a384-0ee4b0b3da5f/userFiles-a404ee70-6a06-4362-a62a-1753f67a07b4/com.google.code.findbugs_jsr305-3.0.0.jar
[2025-09-01 08:23:07,408] {subprocess.py:92} INFO - 25/09/01 08:23:07 INFO Executor: Fetching file:///home/***/.ivy2/jars/org.apache.spark_spark-token-provider-kafka-0-10_2.12-3.3.1.jar with timestamp 1756714984034
[2025-09-01 08:23:07,409] {subprocess.py:92} INFO - 25/09/01 08:23:07 INFO Utils: /home/***/.ivy2/jars/org.apache.spark_spark-token-provider-kafka-0-10_2.12-3.3.1.jar has been previously copied to /tmp/spark-68350253-be48-44ff-a384-0ee4b0b3da5f/userFiles-a404ee70-6a06-4362-a62a-1753f67a07b4/org.apache.spark_spark-token-provider-kafka-0-10_2.12-3.3.1.jar
[2025-09-01 08:23:07,414] {subprocess.py:92} INFO - 25/09/01 08:23:07 INFO Executor: Fetching file:///home/***/.ivy2/jars/org.apache.kafka_kafka-clients-2.8.1.jar with timestamp 1756714984034
[2025-09-01 08:23:07,420] {subprocess.py:92} INFO - 25/09/01 08:23:07 INFO Utils: /home/***/.ivy2/jars/org.apache.kafka_kafka-clients-2.8.1.jar has been previously copied to /tmp/spark-68350253-be48-44ff-a384-0ee4b0b3da5f/userFiles-a404ee70-6a06-4362-a62a-1753f67a07b4/org.apache.kafka_kafka-clients-2.8.1.jar
[2025-09-01 08:23:07,429] {subprocess.py:92} INFO - 25/09/01 08:23:07 INFO Executor: Fetching file:///home/***/.ivy2/jars/org.xerial.snappy_snappy-java-1.1.8.4.jar with timestamp 1756714984034
[2025-09-01 08:23:07,432] {subprocess.py:92} INFO - 25/09/01 08:23:07 INFO Utils: /home/***/.ivy2/jars/org.xerial.snappy_snappy-java-1.1.8.4.jar has been previously copied to /tmp/spark-68350253-be48-44ff-a384-0ee4b0b3da5f/userFiles-a404ee70-6a06-4362-a62a-1753f67a07b4/org.xerial.snappy_snappy-java-1.1.8.4.jar
[2025-09-01 08:23:07,458] {subprocess.py:92} INFO - 25/09/01 08:23:07 INFO Executor: Fetching spark://e66737cfc193:44183/jars/org.lz4_lz4-java-1.8.0.jar with timestamp 1756714984034
[2025-09-01 08:23:07,572] {subprocess.py:92} INFO - 25/09/01 08:23:07 INFO TransportClientFactory: Successfully created connection to e66737cfc193/172.20.0.18:44183 after 81 ms (0 ms spent in bootstraps)
[2025-09-01 08:23:07,586] {subprocess.py:92} INFO - 25/09/01 08:23:07 INFO Utils: Fetching spark://e66737cfc193:44183/jars/org.lz4_lz4-java-1.8.0.jar to /tmp/spark-68350253-be48-44ff-a384-0ee4b0b3da5f/userFiles-a404ee70-6a06-4362-a62a-1753f67a07b4/fetchFileTemp3477257063980696831.tmp
[2025-09-01 08:23:07,660] {subprocess.py:92} INFO - 25/09/01 08:23:07 INFO Utils: /tmp/spark-68350253-be48-44ff-a384-0ee4b0b3da5f/userFiles-a404ee70-6a06-4362-a62a-1753f67a07b4/fetchFileTemp3477257063980696831.tmp has been previously copied to /tmp/spark-68350253-be48-44ff-a384-0ee4b0b3da5f/userFiles-a404ee70-6a06-4362-a62a-1753f67a07b4/org.lz4_lz4-java-1.8.0.jar
[2025-09-01 08:23:07,673] {subprocess.py:92} INFO - 25/09/01 08:23:07 INFO Executor: Adding file:/tmp/spark-68350253-be48-44ff-a384-0ee4b0b3da5f/userFiles-a404ee70-6a06-4362-a62a-1753f67a07b4/org.lz4_lz4-java-1.8.0.jar to class loader
[2025-09-01 08:23:07,673] {subprocess.py:92} INFO - 25/09/01 08:23:07 INFO Executor: Fetching spark://e66737cfc193:44183/jars/org.apache.hadoop_hadoop-client-runtime-3.3.2.jar with timestamp 1756714984034
[2025-09-01 08:23:07,676] {subprocess.py:92} INFO - 25/09/01 08:23:07 INFO Utils: Fetching spark://e66737cfc193:44183/jars/org.apache.hadoop_hadoop-client-runtime-3.3.2.jar to /tmp/spark-68350253-be48-44ff-a384-0ee4b0b3da5f/userFiles-a404ee70-6a06-4362-a62a-1753f67a07b4/fetchFileTemp14100497352904682322.tmp
[2025-09-01 08:23:08,068] {subprocess.py:92} INFO - 25/09/01 08:23:08 INFO Utils: /tmp/spark-68350253-be48-44ff-a384-0ee4b0b3da5f/userFiles-a404ee70-6a06-4362-a62a-1753f67a07b4/fetchFileTemp14100497352904682322.tmp has been previously copied to /tmp/spark-68350253-be48-44ff-a384-0ee4b0b3da5f/userFiles-a404ee70-6a06-4362-a62a-1753f67a07b4/org.apache.hadoop_hadoop-client-runtime-3.3.2.jar
[2025-09-01 08:23:08,090] {subprocess.py:92} INFO - 25/09/01 08:23:08 INFO Executor: Adding file:/tmp/spark-68350253-be48-44ff-a384-0ee4b0b3da5f/userFiles-a404ee70-6a06-4362-a62a-1753f67a07b4/org.apache.hadoop_hadoop-client-runtime-3.3.2.jar to class loader
[2025-09-01 08:23:08,091] {subprocess.py:92} INFO - 25/09/01 08:23:08 INFO Executor: Fetching spark://e66737cfc193:44183/jars/org.apache.spark_spark-sql-kafka-0-10_2.12-3.3.1.jar with timestamp 1756714984034
[2025-09-01 08:23:08,094] {subprocess.py:92} INFO - 25/09/01 08:23:08 INFO Utils: Fetching spark://e66737cfc193:44183/jars/org.apache.spark_spark-sql-kafka-0-10_2.12-3.3.1.jar to /tmp/spark-68350253-be48-44ff-a384-0ee4b0b3da5f/userFiles-a404ee70-6a06-4362-a62a-1753f67a07b4/fetchFileTemp59346502684307203.tmp
[2025-09-01 08:23:08,100] {subprocess.py:92} INFO - 25/09/01 08:23:08 INFO Utils: /tmp/spark-68350253-be48-44ff-a384-0ee4b0b3da5f/userFiles-a404ee70-6a06-4362-a62a-1753f67a07b4/fetchFileTemp59346502684307203.tmp has been previously copied to /tmp/spark-68350253-be48-44ff-a384-0ee4b0b3da5f/userFiles-a404ee70-6a06-4362-a62a-1753f67a07b4/org.apache.spark_spark-sql-kafka-0-10_2.12-3.3.1.jar
[2025-09-01 08:23:08,109] {subprocess.py:92} INFO - 25/09/01 08:23:08 INFO Executor: Adding file:/tmp/spark-68350253-be48-44ff-a384-0ee4b0b3da5f/userFiles-a404ee70-6a06-4362-a62a-1753f67a07b4/org.apache.spark_spark-sql-kafka-0-10_2.12-3.3.1.jar to class loader
[2025-09-01 08:23:08,109] {subprocess.py:92} INFO - 25/09/01 08:23:08 INFO Executor: Fetching spark://e66737cfc193:44183/jars/org.apache.spark_spark-token-provider-kafka-0-10_2.12-3.3.1.jar with timestamp 1756714984034
[2025-09-01 08:23:08,111] {subprocess.py:92} INFO - 25/09/01 08:23:08 INFO Utils: Fetching spark://e66737cfc193:44183/jars/org.apache.spark_spark-token-provider-kafka-0-10_2.12-3.3.1.jar to /tmp/spark-68350253-be48-44ff-a384-0ee4b0b3da5f/userFiles-a404ee70-6a06-4362-a62a-1753f67a07b4/fetchFileTemp1885723319006108712.tmp
[2025-09-01 08:23:08,116] {subprocess.py:92} INFO - 25/09/01 08:23:08 INFO Utils: /tmp/spark-68350253-be48-44ff-a384-0ee4b0b3da5f/userFiles-a404ee70-6a06-4362-a62a-1753f67a07b4/fetchFileTemp1885723319006108712.tmp has been previously copied to /tmp/spark-68350253-be48-44ff-a384-0ee4b0b3da5f/userFiles-a404ee70-6a06-4362-a62a-1753f67a07b4/org.apache.spark_spark-token-provider-kafka-0-10_2.12-3.3.1.jar
[2025-09-01 08:23:08,127] {subprocess.py:92} INFO - 25/09/01 08:23:08 INFO Executor: Adding file:/tmp/spark-68350253-be48-44ff-a384-0ee4b0b3da5f/userFiles-a404ee70-6a06-4362-a62a-1753f67a07b4/org.apache.spark_spark-token-provider-kafka-0-10_2.12-3.3.1.jar to class loader
[2025-09-01 08:23:08,128] {subprocess.py:92} INFO - 25/09/01 08:23:08 INFO Executor: Fetching spark://e66737cfc193:44183/jars/org.slf4j_slf4j-api-1.7.32.jar with timestamp 1756714984034
[2025-09-01 08:23:08,129] {subprocess.py:92} INFO - 25/09/01 08:23:08 INFO Utils: Fetching spark://e66737cfc193:44183/jars/org.slf4j_slf4j-api-1.7.32.jar to /tmp/spark-68350253-be48-44ff-a384-0ee4b0b3da5f/userFiles-a404ee70-6a06-4362-a62a-1753f67a07b4/fetchFileTemp17912216063396105946.tmp
[2025-09-01 08:23:08,135] {subprocess.py:92} INFO - 25/09/01 08:23:08 INFO Utils: /tmp/spark-68350253-be48-44ff-a384-0ee4b0b3da5f/userFiles-a404ee70-6a06-4362-a62a-1753f67a07b4/fetchFileTemp17912216063396105946.tmp has been previously copied to /tmp/spark-68350253-be48-44ff-a384-0ee4b0b3da5f/userFiles-a404ee70-6a06-4362-a62a-1753f67a07b4/org.slf4j_slf4j-api-1.7.32.jar
[2025-09-01 08:23:08,142] {subprocess.py:92} INFO - 25/09/01 08:23:08 INFO Executor: Adding file:/tmp/spark-68350253-be48-44ff-a384-0ee4b0b3da5f/userFiles-a404ee70-6a06-4362-a62a-1753f67a07b4/org.slf4j_slf4j-api-1.7.32.jar to class loader
[2025-09-01 08:23:08,143] {subprocess.py:92} INFO - 25/09/01 08:23:08 INFO Executor: Fetching spark://e66737cfc193:44183/jars/com.google.code.findbugs_jsr305-3.0.0.jar with timestamp 1756714984034
[2025-09-01 08:23:08,143] {subprocess.py:92} INFO - 25/09/01 08:23:08 INFO Utils: Fetching spark://e66737cfc193:44183/jars/com.google.code.findbugs_jsr305-3.0.0.jar to /tmp/spark-68350253-be48-44ff-a384-0ee4b0b3da5f/userFiles-a404ee70-6a06-4362-a62a-1753f67a07b4/fetchFileTemp9839447630929572412.tmp
[2025-09-01 08:23:08,147] {subprocess.py:92} INFO - 25/09/01 08:23:08 INFO Utils: /tmp/spark-68350253-be48-44ff-a384-0ee4b0b3da5f/userFiles-a404ee70-6a06-4362-a62a-1753f67a07b4/fetchFileTemp9839447630929572412.tmp has been previously copied to /tmp/spark-68350253-be48-44ff-a384-0ee4b0b3da5f/userFiles-a404ee70-6a06-4362-a62a-1753f67a07b4/com.google.code.findbugs_jsr305-3.0.0.jar
[2025-09-01 08:23:08,157] {subprocess.py:92} INFO - 25/09/01 08:23:08 INFO Executor: Adding file:/tmp/spark-68350253-be48-44ff-a384-0ee4b0b3da5f/userFiles-a404ee70-6a06-4362-a62a-1753f67a07b4/com.google.code.findbugs_jsr305-3.0.0.jar to class loader
[2025-09-01 08:23:08,158] {subprocess.py:92} INFO - 25/09/01 08:23:08 INFO Executor: Fetching spark://e66737cfc193:44183/jars/org.apache.kafka_kafka-clients-2.8.1.jar with timestamp 1756714984034
[2025-09-01 08:23:08,158] {subprocess.py:92} INFO - 25/09/01 08:23:08 INFO Utils: Fetching spark://e66737cfc193:44183/jars/org.apache.kafka_kafka-clients-2.8.1.jar to /tmp/spark-68350253-be48-44ff-a384-0ee4b0b3da5f/userFiles-a404ee70-6a06-4362-a62a-1753f67a07b4/fetchFileTemp15676532711962574712.tmp
[2025-09-01 08:23:08,206] {subprocess.py:92} INFO - 25/09/01 08:23:08 INFO Utils: /tmp/spark-68350253-be48-44ff-a384-0ee4b0b3da5f/userFiles-a404ee70-6a06-4362-a62a-1753f67a07b4/fetchFileTemp15676532711962574712.tmp has been previously copied to /tmp/spark-68350253-be48-44ff-a384-0ee4b0b3da5f/userFiles-a404ee70-6a06-4362-a62a-1753f67a07b4/org.apache.kafka_kafka-clients-2.8.1.jar
[2025-09-01 08:23:08,213] {subprocess.py:92} INFO - 25/09/01 08:23:08 INFO Executor: Adding file:/tmp/spark-68350253-be48-44ff-a384-0ee4b0b3da5f/userFiles-a404ee70-6a06-4362-a62a-1753f67a07b4/org.apache.kafka_kafka-clients-2.8.1.jar to class loader
[2025-09-01 08:23:08,214] {subprocess.py:92} INFO - 25/09/01 08:23:08 INFO Executor: Fetching spark://e66737cfc193:44183/jars/org.apache.hadoop_hadoop-client-api-3.3.2.jar with timestamp 1756714984034
[2025-09-01 08:23:08,217] {subprocess.py:92} INFO - 25/09/01 08:23:08 INFO Utils: Fetching spark://e66737cfc193:44183/jars/org.apache.hadoop_hadoop-client-api-3.3.2.jar to /tmp/spark-68350253-be48-44ff-a384-0ee4b0b3da5f/userFiles-a404ee70-6a06-4362-a62a-1753f67a07b4/fetchFileTemp9662589460640902122.tmp
[2025-09-01 08:23:08,366] {subprocess.py:92} INFO - 25/09/01 08:23:08 INFO Utils: /tmp/spark-68350253-be48-44ff-a384-0ee4b0b3da5f/userFiles-a404ee70-6a06-4362-a62a-1753f67a07b4/fetchFileTemp9662589460640902122.tmp has been previously copied to /tmp/spark-68350253-be48-44ff-a384-0ee4b0b3da5f/userFiles-a404ee70-6a06-4362-a62a-1753f67a07b4/org.apache.hadoop_hadoop-client-api-3.3.2.jar
[2025-09-01 08:23:08,382] {subprocess.py:92} INFO - 25/09/01 08:23:08 INFO Executor: Adding file:/tmp/spark-68350253-be48-44ff-a384-0ee4b0b3da5f/userFiles-a404ee70-6a06-4362-a62a-1753f67a07b4/org.apache.hadoop_hadoop-client-api-3.3.2.jar to class loader
[2025-09-01 08:23:08,382] {subprocess.py:92} INFO - 25/09/01 08:23:08 INFO Executor: Fetching spark://e66737cfc193:44183/jars/org.xerial.snappy_snappy-java-1.1.8.4.jar with timestamp 1756714984034
[2025-09-01 08:23:08,384] {subprocess.py:92} INFO - 25/09/01 08:23:08 INFO Utils: Fetching spark://e66737cfc193:44183/jars/org.xerial.snappy_snappy-java-1.1.8.4.jar to /tmp/spark-68350253-be48-44ff-a384-0ee4b0b3da5f/userFiles-a404ee70-6a06-4362-a62a-1753f67a07b4/fetchFileTemp5466416076639929211.tmp
[2025-09-01 08:23:08,399] {subprocess.py:92} INFO - 25/09/01 08:23:08 INFO Utils: /tmp/spark-68350253-be48-44ff-a384-0ee4b0b3da5f/userFiles-a404ee70-6a06-4362-a62a-1753f67a07b4/fetchFileTemp5466416076639929211.tmp has been previously copied to /tmp/spark-68350253-be48-44ff-a384-0ee4b0b3da5f/userFiles-a404ee70-6a06-4362-a62a-1753f67a07b4/org.xerial.snappy_snappy-java-1.1.8.4.jar
[2025-09-01 08:23:08,406] {subprocess.py:92} INFO - 25/09/01 08:23:08 INFO Executor: Adding file:/tmp/spark-68350253-be48-44ff-a384-0ee4b0b3da5f/userFiles-a404ee70-6a06-4362-a62a-1753f67a07b4/org.xerial.snappy_snappy-java-1.1.8.4.jar to class loader
[2025-09-01 08:23:08,406] {subprocess.py:92} INFO - 25/09/01 08:23:08 INFO Executor: Fetching spark://e66737cfc193:44183/jars/org.apache.commons_commons-pool2-2.11.1.jar with timestamp 1756714984034
[2025-09-01 08:23:08,408] {subprocess.py:92} INFO - 25/09/01 08:23:08 INFO Utils: Fetching spark://e66737cfc193:44183/jars/org.apache.commons_commons-pool2-2.11.1.jar to /tmp/spark-68350253-be48-44ff-a384-0ee4b0b3da5f/userFiles-a404ee70-6a06-4362-a62a-1753f67a07b4/fetchFileTemp2161410646603758880.tmp
[2025-09-01 08:23:08,411] {subprocess.py:92} INFO - 25/09/01 08:23:08 INFO Utils: /tmp/spark-68350253-be48-44ff-a384-0ee4b0b3da5f/userFiles-a404ee70-6a06-4362-a62a-1753f67a07b4/fetchFileTemp2161410646603758880.tmp has been previously copied to /tmp/spark-68350253-be48-44ff-a384-0ee4b0b3da5f/userFiles-a404ee70-6a06-4362-a62a-1753f67a07b4/org.apache.commons_commons-pool2-2.11.1.jar
[2025-09-01 08:23:08,420] {subprocess.py:92} INFO - 25/09/01 08:23:08 INFO Executor: Adding file:/tmp/spark-68350253-be48-44ff-a384-0ee4b0b3da5f/userFiles-a404ee70-6a06-4362-a62a-1753f67a07b4/org.apache.commons_commons-pool2-2.11.1.jar to class loader
[2025-09-01 08:23:08,421] {subprocess.py:92} INFO - 25/09/01 08:23:08 INFO Executor: Fetching spark://e66737cfc193:44183/jars/commons-logging_commons-logging-1.1.3.jar with timestamp 1756714984034
[2025-09-01 08:23:08,428] {subprocess.py:92} INFO - 25/09/01 08:23:08 INFO Utils: Fetching spark://e66737cfc193:44183/jars/commons-logging_commons-logging-1.1.3.jar to /tmp/spark-68350253-be48-44ff-a384-0ee4b0b3da5f/userFiles-a404ee70-6a06-4362-a62a-1753f67a07b4/fetchFileTemp7561783207848168951.tmp
[2025-09-01 08:23:08,434] {subprocess.py:92} INFO - 25/09/01 08:23:08 INFO Utils: /tmp/spark-68350253-be48-44ff-a384-0ee4b0b3da5f/userFiles-a404ee70-6a06-4362-a62a-1753f67a07b4/fetchFileTemp7561783207848168951.tmp has been previously copied to /tmp/spark-68350253-be48-44ff-a384-0ee4b0b3da5f/userFiles-a404ee70-6a06-4362-a62a-1753f67a07b4/commons-logging_commons-logging-1.1.3.jar
[2025-09-01 08:23:08,444] {subprocess.py:92} INFO - 25/09/01 08:23:08 INFO Executor: Adding file:/tmp/spark-68350253-be48-44ff-a384-0ee4b0b3da5f/userFiles-a404ee70-6a06-4362-a62a-1753f67a07b4/commons-logging_commons-logging-1.1.3.jar to class loader
[2025-09-01 08:23:08,445] {subprocess.py:92} INFO - 25/09/01 08:23:08 INFO Executor: Fetching spark://e66737cfc193:44183/jars/org.spark-project.spark_unused-1.0.0.jar with timestamp 1756714984034
[2025-09-01 08:23:08,445] {subprocess.py:92} INFO - 25/09/01 08:23:08 INFO Utils: Fetching spark://e66737cfc193:44183/jars/org.spark-project.spark_unused-1.0.0.jar to /tmp/spark-68350253-be48-44ff-a384-0ee4b0b3da5f/userFiles-a404ee70-6a06-4362-a62a-1753f67a07b4/fetchFileTemp6910557461717858046.tmp
[2025-09-01 08:23:08,450] {subprocess.py:92} INFO - 25/09/01 08:23:08 INFO Utils: /tmp/spark-68350253-be48-44ff-a384-0ee4b0b3da5f/userFiles-a404ee70-6a06-4362-a62a-1753f67a07b4/fetchFileTemp6910557461717858046.tmp has been previously copied to /tmp/spark-68350253-be48-44ff-a384-0ee4b0b3da5f/userFiles-a404ee70-6a06-4362-a62a-1753f67a07b4/org.spark-project.spark_unused-1.0.0.jar
[2025-09-01 08:23:08,471] {subprocess.py:92} INFO - 25/09/01 08:23:08 INFO Executor: Adding file:/tmp/spark-68350253-be48-44ff-a384-0ee4b0b3da5f/userFiles-a404ee70-6a06-4362-a62a-1753f67a07b4/org.spark-project.spark_unused-1.0.0.jar to class loader
[2025-09-01 08:23:08,517] {subprocess.py:92} INFO - 25/09/01 08:23:08 INFO Utils: Successfully started service 'org.apache.spark.network.netty.NettyBlockTransferService' on port 40515.
[2025-09-01 08:23:08,519] {subprocess.py:92} INFO - 25/09/01 08:23:08 INFO NettyBlockTransferService: Server created on e66737cfc193:40515
[2025-09-01 08:23:08,524] {subprocess.py:92} INFO - 25/09/01 08:23:08 INFO BlockManager: Using org.apache.spark.storage.RandomBlockReplicationPolicy for block replication policy
[2025-09-01 08:23:08,535] {subprocess.py:92} INFO - 25/09/01 08:23:08 INFO BlockManagerMaster: Registering BlockManager BlockManagerId(driver, e66737cfc193, 40515, None)
[2025-09-01 08:23:08,543] {subprocess.py:92} INFO - 25/09/01 08:23:08 INFO BlockManagerMasterEndpoint: Registering block manager e66737cfc193:40515 with 434.4 MiB RAM, BlockManagerId(driver, e66737cfc193, 40515, None)
[2025-09-01 08:23:08,551] {subprocess.py:92} INFO - 25/09/01 08:23:08 INFO BlockManagerMaster: Registered BlockManager BlockManagerId(driver, e66737cfc193, 40515, None)
[2025-09-01 08:23:08,554] {subprocess.py:92} INFO - 25/09/01 08:23:08 INFO BlockManager: Initialized BlockManager: BlockManagerId(driver, e66737cfc193, 40515, None)
[2025-09-01 08:23:09,376] {subprocess.py:92} INFO - Connexion à Kafka...
[2025-09-01 08:23:14,301] {subprocess.py:92} INFO - Connexion Kafka réussie (kafka:9092)
[2025-09-01 08:23:14,302] {subprocess.py:92} INFO - Transformation des données JSON...
[2025-09-01 08:23:14,982] {subprocess.py:92} INFO - Démarrage du streaming vers HDFS...
[2025-09-01 08:23:16,951] {subprocess.py:92} INFO - Streaming actif - Données météo sauvegardées dans HDFS:/data/weather
[2025-09-01 10:45:43,428] {local_task_job.py:221} WARNING - State of this instance has been externally set to up_for_retry. Terminating instance.
[2025-09-01 10:45:43,432] {process_utils.py:129} INFO - Sending Signals.SIGTERM to group 11785. PIDs of all processes in the group: [11789, 11982, 11785]
[2025-09-01 10:45:43,432] {process_utils.py:80} INFO - Sending the signal Signals.SIGTERM to group 11785
[2025-09-01 10:45:43,433] {taskinstance.py:1541} ERROR - Received SIGTERM. Terminating subprocesses.
[2025-09-01 10:45:43,433] {subprocess.py:103} INFO - Sending SIGTERM signal to process group
[2025-09-01 10:45:43,491] {taskinstance.py:1889} ERROR - Task failed with exception
Traceback (most recent call last):
  File "/home/airflow/.local/lib/python3.7/site-packages/airflow/operators/bash.py", line 189, in execute
    cwd=self.cwd,
  File "/home/airflow/.local/lib/python3.7/site-packages/airflow/hooks/subprocess.py", line 90, in run_command
    for raw_line in iter(self.sub_process.stdout.readline, b''):
  File "/home/airflow/.local/lib/python3.7/site-packages/airflow/models/taskinstance.py", line 1543, in signal_handler
    raise AirflowException("Task received SIGTERM signal")
airflow.exceptions.AirflowException: Task received SIGTERM signal
[2025-09-01 10:45:43,500] {taskinstance.py:1400} INFO - Marking task as FAILED. dag_id=send_weather_to_kafka, task_id=stream_hdfs, execution_date=20250901T074916, start_date=20250901T082254, end_date=20250901T104543
[2025-09-01 10:45:43,529] {standard_task_runner.py:97} ERROR - Failed to execute job 504 for task stream_hdfs (Task received SIGTERM signal; 11785)
[2025-09-01 10:45:43,686] {process_utils.py:75} INFO - Process psutil.Process(pid=11789, status='terminated', started='08:22:54') (11789) terminated with exit code None
[2025-09-01 10:45:43,687] {process_utils.py:75} INFO - Process psutil.Process(pid=11785, status='terminated', exitcode=1, started='08:22:53') (11785) terminated with exit code 1
[2025-09-01 10:45:43,687] {process_utils.py:75} INFO - Process psutil.Process(pid=11982, status='terminated', started='08:23:01') (11982) terminated with exit code None
