[2025-09-01 10:48:13,735] {taskinstance.py:1159} INFO - Dependencies all met for <TaskInstance: send_weather_to_kafka.fetch_and_send_weather scheduled__2025-09-01T10:15:09.785280+00:00 [queued]>
[2025-09-01 10:48:13,745] {taskinstance.py:1159} INFO - Dependencies all met for <TaskInstance: send_weather_to_kafka.fetch_and_send_weather scheduled__2025-09-01T10:15:09.785280+00:00 [queued]>
[2025-09-01 10:48:13,746] {taskinstance.py:1356} INFO - 
--------------------------------------------------------------------------------
[2025-09-01 10:48:13,746] {taskinstance.py:1357} INFO - Starting attempt 2 of 2
[2025-09-01 10:48:13,746] {taskinstance.py:1358} INFO - 
--------------------------------------------------------------------------------
[2025-09-01 10:48:13,763] {taskinstance.py:1377} INFO - Executing <Task(BashOperator): fetch_and_send_weather> on 2025-09-01 10:15:09.785280+00:00
[2025-09-01 10:48:13,768] {standard_task_runner.py:52} INFO - Started process 14257 to run task
[2025-09-01 10:48:13,772] {standard_task_runner.py:79} INFO - Running: ['***', 'tasks', 'run', 'send_weather_to_kafka', 'fetch_and_send_weather', 'scheduled__2025-09-01T10:15:09.785280+00:00', '--job-id', '522', '--raw', '--subdir', 'DAGS_FOLDER/dag_meteo.py', '--cfg-path', '/tmp/tmpaknkt5qr', '--error-file', '/tmp/tmp2gte43gp']
[2025-09-01 10:48:13,774] {standard_task_runner.py:80} INFO - Job 522: Subtask fetch_and_send_weather
[2025-09-01 10:48:13,793] {logging_mixin.py:115} WARNING - /home/***/.local/lib/python3.7/site-packages/***/configuration.py:470 DeprecationWarning: The sql_alchemy_conn option in [core] has been moved to the sql_alchemy_conn option in [database] - the old setting has been used, but please update your config.
[2025-09-01 10:48:13,841] {task_command.py:369} INFO - Running <TaskInstance: send_weather_to_kafka.fetch_and_send_weather scheduled__2025-09-01T10:15:09.785280+00:00 [running]> on host e66737cfc193
[2025-09-01 10:48:13,933] {taskinstance.py:1571} INFO - Exporting the following env vars:
AIRFLOW_CTX_DAG_OWNER=***
AIRFLOW_CTX_DAG_ID=send_weather_to_kafka
AIRFLOW_CTX_TASK_ID=fetch_and_send_weather
AIRFLOW_CTX_EXECUTION_DATE=2025-09-01T10:15:09.785280+00:00
AIRFLOW_CTX_TRY_NUMBER=2
AIRFLOW_CTX_DAG_RUN_ID=scheduled__2025-09-01T10:15:09.785280+00:00
[2025-09-01 10:48:13,933] {subprocess.py:62} INFO - Tmp dir root location: 
 /tmp
[2025-09-01 10:48:13,934] {subprocess.py:74} INFO - Running command: ['bash', '-c', 'cd /opt/***/scripts && python3 kafka/producer.py']
[2025-09-01 10:48:13,946] {subprocess.py:85} INFO - Output:
[2025-09-01 10:48:19,454] {subprocess.py:92} INFO - Envoi vers Kafka : {'temperature': 28.5, 'humidity': 81, 'windSpeed': 3.2, 'cloudCover': 100, 'rainIntensity': 0, 'timestamp': '2025-09-01T10:48:00Z'}
[2025-09-01 10:48:19,511] {subprocess.py:96} INFO - Command exited with return code 0
[2025-09-01 10:48:19,556] {taskinstance.py:1400} INFO - Marking task as SUCCESS. dag_id=send_weather_to_kafka, task_id=fetch_and_send_weather, execution_date=20250901T101509, start_date=20250901T104813, end_date=20250901T104819
[2025-09-01 10:48:19,596] {local_task_job.py:156} INFO - Task exited with return code 0
[2025-09-01 10:48:19,646] {local_task_job.py:273} INFO - 1 downstream tasks scheduled from follow-on schedule check
