[2025-08-19 08:30:32,752] {taskinstance.py:1159} INFO - Dependencies all met for <TaskInstance: send_weather_to_kafka.fetch_and_send_weather scheduled__2025-08-19T06:27:28.695886+00:00 [queued]>
[2025-08-19 08:30:32,767] {taskinstance.py:1159} INFO - Dependencies all met for <TaskInstance: send_weather_to_kafka.fetch_and_send_weather scheduled__2025-08-19T06:27:28.695886+00:00 [queued]>
[2025-08-19 08:30:32,767] {taskinstance.py:1356} INFO - 
--------------------------------------------------------------------------------
[2025-08-19 08:30:32,768] {taskinstance.py:1357} INFO - Starting attempt 2 of 2
[2025-08-19 08:30:32,768] {taskinstance.py:1358} INFO - 
--------------------------------------------------------------------------------
[2025-08-19 08:30:32,789] {taskinstance.py:1377} INFO - Executing <Task(BashOperator): fetch_and_send_weather> on 2025-08-19 06:27:28.695886+00:00
[2025-08-19 08:30:32,794] {standard_task_runner.py:52} INFO - Started process 15076 to run task
[2025-08-19 08:30:32,798] {standard_task_runner.py:79} INFO - Running: ['***', 'tasks', 'run', 'send_weather_to_kafka', 'fetch_and_send_weather', 'scheduled__2025-08-19T06:27:28.695886+00:00', '--job-id', '337', '--raw', '--subdir', 'DAGS_FOLDER/dag_meteo.py', '--cfg-path', '/tmp/tmp_bw1uh7t', '--error-file', '/tmp/tmphcbcw5hz']
[2025-08-19 08:30:32,799] {standard_task_runner.py:80} INFO - Job 337: Subtask fetch_and_send_weather
[2025-08-19 08:30:32,821] {logging_mixin.py:115} WARNING - /home/***/.local/lib/python3.7/site-packages/***/configuration.py:470 DeprecationWarning: The sql_alchemy_conn option in [core] has been moved to the sql_alchemy_conn option in [database] - the old setting has been used, but please update your config.
[2025-08-19 08:30:32,879] {task_command.py:369} INFO - Running <TaskInstance: send_weather_to_kafka.fetch_and_send_weather scheduled__2025-08-19T06:27:28.695886+00:00 [running]> on host a4b544519f2b
[2025-08-19 08:30:33,000] {taskinstance.py:1571} INFO - Exporting the following env vars:
AIRFLOW_CTX_DAG_OWNER=***
AIRFLOW_CTX_DAG_ID=send_weather_to_kafka
AIRFLOW_CTX_TASK_ID=fetch_and_send_weather
AIRFLOW_CTX_EXECUTION_DATE=2025-08-19T06:27:28.695886+00:00
AIRFLOW_CTX_TRY_NUMBER=2
AIRFLOW_CTX_DAG_RUN_ID=scheduled__2025-08-19T06:27:28.695886+00:00
[2025-08-19 08:30:33,001] {subprocess.py:62} INFO - Tmp dir root location: 
 /tmp
[2025-08-19 08:30:33,002] {subprocess.py:74} INFO - Running command: ['bash', '-c', 'cd /opt/***/scripts && python3 kafka/producer.py']
[2025-08-19 08:30:33,022] {subprocess.py:85} INFO - Output:
[2025-08-19 08:30:37,499] {subprocess.py:92} INFO - Envoi vers Kafka : {'temperature': 27.3, 'humidity': 89, 'windSpeed': 1.4, 'cloudCover': 100, 'rainIntensity': 0, 'timestamp': '2025-08-19T08:30:00Z'}
[2025-08-19 08:30:37,556] {subprocess.py:96} INFO - Command exited with return code 0
[2025-08-19 08:30:37,605] {taskinstance.py:1400} INFO - Marking task as SUCCESS. dag_id=send_weather_to_kafka, task_id=fetch_and_send_weather, execution_date=20250819T062728, start_date=20250819T083032, end_date=20250819T083037
[2025-08-19 08:30:37,634] {local_task_job.py:156} INFO - Task exited with return code 0
[2025-08-19 08:30:37,698] {local_task_job.py:273} INFO - 1 downstream tasks scheduled from follow-on schedule check
