[2025-08-18 09:19:32,245] {taskinstance.py:1159} INFO - Dependencies all met for <TaskInstance: send_weather_to_kafka.stream_hdfs manual__2025-08-18T09:15:47.545529+00:00 [queued]>
[2025-08-18 09:19:32,251] {taskinstance.py:1159} INFO - Dependencies all met for <TaskInstance: send_weather_to_kafka.stream_hdfs manual__2025-08-18T09:15:47.545529+00:00 [queued]>
[2025-08-18 09:19:32,251] {taskinstance.py:1356} INFO - 
--------------------------------------------------------------------------------
[2025-08-18 09:19:32,251] {taskinstance.py:1357} INFO - Starting attempt 2 of 2
[2025-08-18 09:19:32,252] {taskinstance.py:1358} INFO - 
--------------------------------------------------------------------------------
[2025-08-18 09:19:32,262] {taskinstance.py:1377} INFO - Executing <Task(BashOperator): stream_hdfs> on 2025-08-18 09:15:47.545529+00:00
[2025-08-18 09:19:32,267] {standard_task_runner.py:52} INFO - Started process 1013 to run task
[2025-08-18 09:19:32,269] {standard_task_runner.py:79} INFO - Running: ['***', 'tasks', 'run', 'send_weather_to_kafka', 'stream_hdfs', 'manual__2025-08-18T09:15:47.545529+00:00', '--job-id', '273', '--raw', '--subdir', 'DAGS_FOLDER/dag_meteo.py', '--cfg-path', '/tmp/tmp53m4vv6l', '--error-file', '/tmp/tmpb_lp6b5p']
[2025-08-18 09:19:32,270] {standard_task_runner.py:80} INFO - Job 273: Subtask stream_hdfs
[2025-08-18 09:19:32,338] {task_command.py:369} INFO - Running <TaskInstance: send_weather_to_kafka.stream_hdfs manual__2025-08-18T09:15:47.545529+00:00 [running]> on host a4b544519f2b
[2025-08-18 09:19:32,427] {taskinstance.py:1571} INFO - Exporting the following env vars:
AIRFLOW_CTX_DAG_OWNER=***
AIRFLOW_CTX_DAG_ID=send_weather_to_kafka
AIRFLOW_CTX_TASK_ID=stream_hdfs
AIRFLOW_CTX_EXECUTION_DATE=2025-08-18T09:15:47.545529+00:00
AIRFLOW_CTX_TRY_NUMBER=2
AIRFLOW_CTX_DAG_RUN_ID=manual__2025-08-18T09:15:47.545529+00:00
[2025-08-18 09:19:32,428] {subprocess.py:62} INFO - Tmp dir root location: 
 /tmp
[2025-08-18 09:19:32,428] {subprocess.py:74} INFO - Running command: ['bash', '-c', '\n/home/***/.local/bin/spark-submit   --master local[*]   --conf spark.hadoop.fs.defaultFS=hdfs://namenode:9000   --conf spark.hadoop.dfs.client.use.datanode.hostname=true   --conf spark.sql.adaptive.enabled=false   --packages org.apache.spark:spark-sql-kafka-0-10_2.12:3.3.1   /opt/***/scripts/pyspark/streaming.py']
[2025-08-18 09:19:32,439] {subprocess.py:85} INFO - Output:
[2025-08-18 09:19:32,455] {subprocess.py:92} INFO - /opt/spark-3.3.1-bin-hadoop3/bin/load-spark-env.sh: line 68: ps: command not found
[2025-08-18 09:19:33,615] {subprocess.py:92} INFO - :: loading settings :: url = jar:file:/opt/spark-3.3.1-bin-hadoop3/jars/ivy-2.5.0.jar!/org/apache/ivy/core/settings/ivysettings.xml
[2025-08-18 09:19:33,695] {subprocess.py:92} INFO - Ivy Default Cache set to: /home/***/.ivy2/cache
[2025-08-18 09:19:33,695] {subprocess.py:92} INFO - The jars for the packages stored in: /home/***/.ivy2/jars
[2025-08-18 09:19:33,702] {subprocess.py:92} INFO - org.apache.spark#spark-sql-kafka-0-10_2.12 added as a dependency
[2025-08-18 09:19:33,703] {subprocess.py:92} INFO - :: resolving dependencies :: org.apache.spark#spark-submit-parent-ff23cb0a-d2d0-487f-9abd-4b218c34cedf;1.0
[2025-08-18 09:19:33,703] {subprocess.py:92} INFO - 	confs: [default]
[2025-08-18 09:19:33,824] {subprocess.py:92} INFO - 	found org.apache.spark#spark-sql-kafka-0-10_2.12;3.3.1 in spark-list
[2025-08-18 09:19:33,887] {subprocess.py:92} INFO - 	found org.apache.spark#spark-token-provider-kafka-0-10_2.12;3.3.1 in central
[2025-08-18 09:19:33,921] {subprocess.py:92} INFO - 	found org.apache.kafka#kafka-clients;2.8.1 in central
[2025-08-18 09:19:33,953] {subprocess.py:92} INFO - 	found org.lz4#lz4-java;1.8.0 in spark-list
[2025-08-18 09:19:33,974] {subprocess.py:92} INFO - 	found org.xerial.snappy#snappy-java;1.1.8.4 in central
[2025-08-18 09:19:33,993] {subprocess.py:92} INFO - 	found org.slf4j#slf4j-api;1.7.32 in central
[2025-08-18 09:19:34,018] {subprocess.py:92} INFO - 	found org.apache.hadoop#hadoop-client-runtime;3.3.2 in central
[2025-08-18 09:19:34,031] {subprocess.py:92} INFO - 	found org.spark-project.spark#unused;1.0.0 in central
[2025-08-18 09:19:34,057] {subprocess.py:92} INFO - 	found org.apache.hadoop#hadoop-client-api;3.3.2 in central
[2025-08-18 09:19:34,077] {subprocess.py:92} INFO - 	found commons-logging#commons-logging;1.1.3 in central
[2025-08-18 09:19:34,091] {subprocess.py:92} INFO - 	found com.google.code.findbugs#jsr305;3.0.0 in central
[2025-08-18 09:19:34,105] {subprocess.py:92} INFO - 	found org.apache.commons#commons-pool2;2.11.1 in central
[2025-08-18 09:19:34,131] {subprocess.py:92} INFO - :: resolution report :: resolve 415ms :: artifacts dl 13ms
[2025-08-18 09:19:34,131] {subprocess.py:92} INFO - 	:: modules in use:
[2025-08-18 09:19:34,131] {subprocess.py:92} INFO - 	com.google.code.findbugs#jsr305;3.0.0 from central in [default]
[2025-08-18 09:19:34,131] {subprocess.py:92} INFO - 	commons-logging#commons-logging;1.1.3 from central in [default]
[2025-08-18 09:19:34,131] {subprocess.py:92} INFO - 	org.apache.commons#commons-pool2;2.11.1 from central in [default]
[2025-08-18 09:19:34,131] {subprocess.py:92} INFO - 	org.apache.hadoop#hadoop-client-api;3.3.2 from central in [default]
[2025-08-18 09:19:34,131] {subprocess.py:92} INFO - 	org.apache.hadoop#hadoop-client-runtime;3.3.2 from central in [default]
[2025-08-18 09:19:34,132] {subprocess.py:92} INFO - 	org.apache.kafka#kafka-clients;2.8.1 from central in [default]
[2025-08-18 09:19:34,132] {subprocess.py:92} INFO - 	org.apache.spark#spark-sql-kafka-0-10_2.12;3.3.1 from spark-list in [default]
[2025-08-18 09:19:34,132] {subprocess.py:92} INFO - 	org.apache.spark#spark-token-provider-kafka-0-10_2.12;3.3.1 from central in [default]
[2025-08-18 09:19:34,132] {subprocess.py:92} INFO - 	org.lz4#lz4-java;1.8.0 from spark-list in [default]
[2025-08-18 09:19:34,132] {subprocess.py:92} INFO - 	org.slf4j#slf4j-api;1.7.32 from central in [default]
[2025-08-18 09:19:34,132] {subprocess.py:92} INFO - 	org.spark-project.spark#unused;1.0.0 from central in [default]
[2025-08-18 09:19:34,132] {subprocess.py:92} INFO - 	org.xerial.snappy#snappy-java;1.1.8.4 from central in [default]
[2025-08-18 09:19:34,132] {subprocess.py:92} INFO - 	---------------------------------------------------------------------
[2025-08-18 09:19:34,132] {subprocess.py:92} INFO - 	|                  |            modules            ||   artifacts   |
[2025-08-18 09:19:34,132] {subprocess.py:92} INFO - 	|       conf       | number| search|dwnlded|evicted|| number|dwnlded|
[2025-08-18 09:19:34,132] {subprocess.py:92} INFO - 	---------------------------------------------------------------------
[2025-08-18 09:19:34,132] {subprocess.py:92} INFO - 	|      default     |   12  |   0   |   0   |   0   ||   12  |   0   |
[2025-08-18 09:19:34,132] {subprocess.py:92} INFO - 	---------------------------------------------------------------------
[2025-08-18 09:19:34,139] {subprocess.py:92} INFO - :: retrieving :: org.apache.spark#spark-submit-parent-ff23cb0a-d2d0-487f-9abd-4b218c34cedf
[2025-08-18 09:19:34,139] {subprocess.py:92} INFO - 	confs: [default]
[2025-08-18 09:19:34,148] {subprocess.py:92} INFO - 	0 artifacts copied, 12 already retrieved (0kB/9ms)
[2025-08-18 09:19:34,283] {subprocess.py:92} INFO - 25/08/18 09:19:34 WARN NativeCodeLoader: Unable to load native-hadoop library for your platform... using builtin-java classes where applicable
[2025-08-18 09:19:35,046] {subprocess.py:92} INFO - 25/08/18 09:19:35 INFO SparkContext: Running Spark version 3.3.1
[2025-08-18 09:19:35,064] {subprocess.py:92} INFO - 25/08/18 09:19:35 INFO ResourceUtils: ==============================================================
[2025-08-18 09:19:35,065] {subprocess.py:92} INFO - 25/08/18 09:19:35 INFO ResourceUtils: No custom resources configured for spark.driver.
[2025-08-18 09:19:35,065] {subprocess.py:92} INFO - 25/08/18 09:19:35 INFO ResourceUtils: ==============================================================
[2025-08-18 09:19:35,065] {subprocess.py:92} INFO - 25/08/18 09:19:35 INFO SparkContext: Submitted application: KafkaToHDFSWeather
[2025-08-18 09:19:35,085] {subprocess.py:92} INFO - 25/08/18 09:19:35 INFO ResourceProfile: Default ResourceProfile created, executor resources: Map(cores -> name: cores, amount: 1, script: , vendor: , memory -> name: memory, amount: 1024, script: , vendor: , offHeap -> name: offHeap, amount: 0, script: , vendor: ), task resources: Map(cpus -> name: cpus, amount: 1.0)
[2025-08-18 09:19:35,092] {subprocess.py:92} INFO - 25/08/18 09:19:35 INFO ResourceProfile: Limiting resource is cpu
[2025-08-18 09:19:35,092] {subprocess.py:92} INFO - 25/08/18 09:19:35 INFO ResourceProfileManager: Added ResourceProfile id: 0
[2025-08-18 09:19:35,126] {subprocess.py:92} INFO - 25/08/18 09:19:35 INFO SecurityManager: Changing view acls to: ***
[2025-08-18 09:19:35,126] {subprocess.py:92} INFO - 25/08/18 09:19:35 INFO SecurityManager: Changing modify acls to: ***
[2025-08-18 09:19:35,126] {subprocess.py:92} INFO - 25/08/18 09:19:35 INFO SecurityManager: Changing view acls groups to:
[2025-08-18 09:19:35,126] {subprocess.py:92} INFO - 25/08/18 09:19:35 INFO SecurityManager: Changing modify acls groups to:
[2025-08-18 09:19:35,127] {subprocess.py:92} INFO - 25/08/18 09:19:35 INFO SecurityManager: SecurityManager: authentication disabled; ui acls disabled; users  with view permissions: Set(***); groups with view permissions: Set(); users  with modify permissions: Set(***); groups with modify permissions: Set()
[2025-08-18 09:19:35,292] {subprocess.py:92} INFO - 25/08/18 09:19:35 INFO Utils: Successfully started service 'sparkDriver' on port 41059.
[2025-08-18 09:19:35,318] {subprocess.py:92} INFO - 25/08/18 09:19:35 INFO SparkEnv: Registering MapOutputTracker
[2025-08-18 09:19:35,342] {subprocess.py:92} INFO - 25/08/18 09:19:35 INFO SparkEnv: Registering BlockManagerMaster
[2025-08-18 09:19:35,353] {subprocess.py:92} INFO - 25/08/18 09:19:35 INFO BlockManagerMasterEndpoint: Using org.apache.spark.storage.DefaultTopologyMapper for getting topology information
[2025-08-18 09:19:35,353] {subprocess.py:92} INFO - 25/08/18 09:19:35 INFO BlockManagerMasterEndpoint: BlockManagerMasterEndpoint up
[2025-08-18 09:19:35,357] {subprocess.py:92} INFO - 25/08/18 09:19:35 INFO SparkEnv: Registering BlockManagerMasterHeartbeat
[2025-08-18 09:19:35,373] {subprocess.py:92} INFO - 25/08/18 09:19:35 INFO DiskBlockManager: Created local directory at /tmp/blockmgr-9abe97fb-38d6-475b-9341-9c5a52c0b18a
[2025-08-18 09:19:35,383] {subprocess.py:92} INFO - 25/08/18 09:19:35 INFO MemoryStore: MemoryStore started with capacity 434.4 MiB
[2025-08-18 09:19:35,393] {subprocess.py:92} INFO - 25/08/18 09:19:35 INFO SparkEnv: Registering OutputCommitCoordinator
[2025-08-18 09:19:35,516] {subprocess.py:92} INFO - 25/08/18 09:19:35 WARN Utils: Service 'SparkUI' could not bind on port 4040. Attempting port 4041.
[2025-08-18 09:19:35,523] {subprocess.py:92} INFO - 25/08/18 09:19:35 INFO Utils: Successfully started service 'SparkUI' on port 4041.
[2025-08-18 09:19:35,547] {subprocess.py:92} INFO - 25/08/18 09:19:35 INFO SparkContext: Added JAR file:///home/***/.ivy2/jars/org.apache.spark_spark-sql-kafka-0-10_2.12-3.3.1.jar at spark://a4b544519f2b:41059/jars/org.apache.spark_spark-sql-kafka-0-10_2.12-3.3.1.jar with timestamp 1755508775040
[2025-08-18 09:19:35,547] {subprocess.py:92} INFO - 25/08/18 09:19:35 INFO SparkContext: Added JAR file:///home/***/.ivy2/jars/org.apache.spark_spark-token-provider-kafka-0-10_2.12-3.3.1.jar at spark://a4b544519f2b:41059/jars/org.apache.spark_spark-token-provider-kafka-0-10_2.12-3.3.1.jar with timestamp 1755508775040
[2025-08-18 09:19:35,547] {subprocess.py:92} INFO - 25/08/18 09:19:35 INFO SparkContext: Added JAR file:///home/***/.ivy2/jars/org.apache.kafka_kafka-clients-2.8.1.jar at spark://a4b544519f2b:41059/jars/org.apache.kafka_kafka-clients-2.8.1.jar with timestamp 1755508775040
[2025-08-18 09:19:35,547] {subprocess.py:92} INFO - 25/08/18 09:19:35 INFO SparkContext: Added JAR file:///home/***/.ivy2/jars/com.google.code.findbugs_jsr305-3.0.0.jar at spark://a4b544519f2b:41059/jars/com.google.code.findbugs_jsr305-3.0.0.jar with timestamp 1755508775040
[2025-08-18 09:19:35,547] {subprocess.py:92} INFO - 25/08/18 09:19:35 INFO SparkContext: Added JAR file:///home/***/.ivy2/jars/org.apache.commons_commons-pool2-2.11.1.jar at spark://a4b544519f2b:41059/jars/org.apache.commons_commons-pool2-2.11.1.jar with timestamp 1755508775040
[2025-08-18 09:19:35,547] {subprocess.py:92} INFO - 25/08/18 09:19:35 INFO SparkContext: Added JAR file:///home/***/.ivy2/jars/org.spark-project.spark_unused-1.0.0.jar at spark://a4b544519f2b:41059/jars/org.spark-project.spark_unused-1.0.0.jar with timestamp 1755508775040
[2025-08-18 09:19:35,547] {subprocess.py:92} INFO - 25/08/18 09:19:35 INFO SparkContext: Added JAR file:///home/***/.ivy2/jars/org.apache.hadoop_hadoop-client-runtime-3.3.2.jar at spark://a4b544519f2b:41059/jars/org.apache.hadoop_hadoop-client-runtime-3.3.2.jar with timestamp 1755508775040
[2025-08-18 09:19:35,547] {subprocess.py:92} INFO - 25/08/18 09:19:35 INFO SparkContext: Added JAR file:///home/***/.ivy2/jars/org.lz4_lz4-java-1.8.0.jar at spark://a4b544519f2b:41059/jars/org.lz4_lz4-java-1.8.0.jar with timestamp 1755508775040
[2025-08-18 09:19:35,548] {subprocess.py:92} INFO - 25/08/18 09:19:35 INFO SparkContext: Added JAR file:///home/***/.ivy2/jars/org.xerial.snappy_snappy-java-1.1.8.4.jar at spark://a4b544519f2b:41059/jars/org.xerial.snappy_snappy-java-1.1.8.4.jar with timestamp 1755508775040
[2025-08-18 09:19:35,548] {subprocess.py:92} INFO - 25/08/18 09:19:35 INFO SparkContext: Added JAR file:///home/***/.ivy2/jars/org.slf4j_slf4j-api-1.7.32.jar at spark://a4b544519f2b:41059/jars/org.slf4j_slf4j-api-1.7.32.jar with timestamp 1755508775040
[2025-08-18 09:19:35,548] {subprocess.py:92} INFO - 25/08/18 09:19:35 INFO SparkContext: Added JAR file:///home/***/.ivy2/jars/org.apache.hadoop_hadoop-client-api-3.3.2.jar at spark://a4b544519f2b:41059/jars/org.apache.hadoop_hadoop-client-api-3.3.2.jar with timestamp 1755508775040
[2025-08-18 09:19:35,548] {subprocess.py:92} INFO - 25/08/18 09:19:35 INFO SparkContext: Added JAR file:///home/***/.ivy2/jars/commons-logging_commons-logging-1.1.3.jar at spark://a4b544519f2b:41059/jars/commons-logging_commons-logging-1.1.3.jar with timestamp 1755508775040
[2025-08-18 09:19:35,549] {subprocess.py:92} INFO - 25/08/18 09:19:35 INFO SparkContext: Added file file:///home/***/.ivy2/jars/org.apache.spark_spark-sql-kafka-0-10_2.12-3.3.1.jar at file:///home/***/.ivy2/jars/org.apache.spark_spark-sql-kafka-0-10_2.12-3.3.1.jar with timestamp 1755508775040
[2025-08-18 09:19:35,550] {subprocess.py:92} INFO - 25/08/18 09:19:35 INFO Utils: Copying /home/***/.ivy2/jars/org.apache.spark_spark-sql-kafka-0-10_2.12-3.3.1.jar to /tmp/spark-cf5fccf2-70d9-467d-a285-a71563893ef5/userFiles-d563c819-4df1-48c7-8eaa-353369076938/org.apache.spark_spark-sql-kafka-0-10_2.12-3.3.1.jar
[2025-08-18 09:19:35,557] {subprocess.py:92} INFO - 25/08/18 09:19:35 INFO SparkContext: Added file file:///home/***/.ivy2/jars/org.apache.spark_spark-token-provider-kafka-0-10_2.12-3.3.1.jar at file:///home/***/.ivy2/jars/org.apache.spark_spark-token-provider-kafka-0-10_2.12-3.3.1.jar with timestamp 1755508775040
[2025-08-18 09:19:35,557] {subprocess.py:92} INFO - 25/08/18 09:19:35 INFO Utils: Copying /home/***/.ivy2/jars/org.apache.spark_spark-token-provider-kafka-0-10_2.12-3.3.1.jar to /tmp/spark-cf5fccf2-70d9-467d-a285-a71563893ef5/userFiles-d563c819-4df1-48c7-8eaa-353369076938/org.apache.spark_spark-token-provider-kafka-0-10_2.12-3.3.1.jar
[2025-08-18 09:19:35,562] {subprocess.py:92} INFO - 25/08/18 09:19:35 INFO SparkContext: Added file file:///home/***/.ivy2/jars/org.apache.kafka_kafka-clients-2.8.1.jar at file:///home/***/.ivy2/jars/org.apache.kafka_kafka-clients-2.8.1.jar with timestamp 1755508775040
[2025-08-18 09:19:35,562] {subprocess.py:92} INFO - 25/08/18 09:19:35 INFO Utils: Copying /home/***/.ivy2/jars/org.apache.kafka_kafka-clients-2.8.1.jar to /tmp/spark-cf5fccf2-70d9-467d-a285-a71563893ef5/userFiles-d563c819-4df1-48c7-8eaa-353369076938/org.apache.kafka_kafka-clients-2.8.1.jar
[2025-08-18 09:19:35,571] {subprocess.py:92} INFO - 25/08/18 09:19:35 INFO SparkContext: Added file file:///home/***/.ivy2/jars/com.google.code.findbugs_jsr305-3.0.0.jar at file:///home/***/.ivy2/jars/com.google.code.findbugs_jsr305-3.0.0.jar with timestamp 1755508775040
[2025-08-18 09:19:35,571] {subprocess.py:92} INFO - 25/08/18 09:19:35 INFO Utils: Copying /home/***/.ivy2/jars/com.google.code.findbugs_jsr305-3.0.0.jar to /tmp/spark-cf5fccf2-70d9-467d-a285-a71563893ef5/userFiles-d563c819-4df1-48c7-8eaa-353369076938/com.google.code.findbugs_jsr305-3.0.0.jar
[2025-08-18 09:19:35,574] {subprocess.py:92} INFO - 25/08/18 09:19:35 INFO SparkContext: Added file file:///home/***/.ivy2/jars/org.apache.commons_commons-pool2-2.11.1.jar at file:///home/***/.ivy2/jars/org.apache.commons_commons-pool2-2.11.1.jar with timestamp 1755508775040
[2025-08-18 09:19:35,574] {subprocess.py:92} INFO - 25/08/18 09:19:35 INFO Utils: Copying /home/***/.ivy2/jars/org.apache.commons_commons-pool2-2.11.1.jar to /tmp/spark-cf5fccf2-70d9-467d-a285-a71563893ef5/userFiles-d563c819-4df1-48c7-8eaa-353369076938/org.apache.commons_commons-pool2-2.11.1.jar
[2025-08-18 09:19:35,580] {subprocess.py:92} INFO - 25/08/18 09:19:35 INFO SparkContext: Added file file:///home/***/.ivy2/jars/org.spark-project.spark_unused-1.0.0.jar at file:///home/***/.ivy2/jars/org.spark-project.spark_unused-1.0.0.jar with timestamp 1755508775040
[2025-08-18 09:19:35,580] {subprocess.py:92} INFO - 25/08/18 09:19:35 INFO Utils: Copying /home/***/.ivy2/jars/org.spark-project.spark_unused-1.0.0.jar to /tmp/spark-cf5fccf2-70d9-467d-a285-a71563893ef5/userFiles-d563c819-4df1-48c7-8eaa-353369076938/org.spark-project.spark_unused-1.0.0.jar
[2025-08-18 09:19:35,584] {subprocess.py:92} INFO - 25/08/18 09:19:35 INFO SparkContext: Added file file:///home/***/.ivy2/jars/org.apache.hadoop_hadoop-client-runtime-3.3.2.jar at file:///home/***/.ivy2/jars/org.apache.hadoop_hadoop-client-runtime-3.3.2.jar with timestamp 1755508775040
[2025-08-18 09:19:35,584] {subprocess.py:92} INFO - 25/08/18 09:19:35 INFO Utils: Copying /home/***/.ivy2/jars/org.apache.hadoop_hadoop-client-runtime-3.3.2.jar to /tmp/spark-cf5fccf2-70d9-467d-a285-a71563893ef5/userFiles-d563c819-4df1-48c7-8eaa-353369076938/org.apache.hadoop_hadoop-client-runtime-3.3.2.jar
[2025-08-18 09:19:35,605] {subprocess.py:92} INFO - 25/08/18 09:19:35 INFO SparkContext: Added file file:///home/***/.ivy2/jars/org.lz4_lz4-java-1.8.0.jar at file:///home/***/.ivy2/jars/org.lz4_lz4-java-1.8.0.jar with timestamp 1755508775040
[2025-08-18 09:19:35,605] {subprocess.py:92} INFO - 25/08/18 09:19:35 INFO Utils: Copying /home/***/.ivy2/jars/org.lz4_lz4-java-1.8.0.jar to /tmp/spark-cf5fccf2-70d9-467d-a285-a71563893ef5/userFiles-d563c819-4df1-48c7-8eaa-353369076938/org.lz4_lz4-java-1.8.0.jar
[2025-08-18 09:19:35,609] {subprocess.py:92} INFO - 25/08/18 09:19:35 INFO SparkContext: Added file file:///home/***/.ivy2/jars/org.xerial.snappy_snappy-java-1.1.8.4.jar at file:///home/***/.ivy2/jars/org.xerial.snappy_snappy-java-1.1.8.4.jar with timestamp 1755508775040
[2025-08-18 09:19:35,609] {subprocess.py:92} INFO - 25/08/18 09:19:35 INFO Utils: Copying /home/***/.ivy2/jars/org.xerial.snappy_snappy-java-1.1.8.4.jar to /tmp/spark-cf5fccf2-70d9-467d-a285-a71563893ef5/userFiles-d563c819-4df1-48c7-8eaa-353369076938/org.xerial.snappy_snappy-java-1.1.8.4.jar
[2025-08-18 09:19:35,615] {subprocess.py:92} INFO - 25/08/18 09:19:35 INFO SparkContext: Added file file:///home/***/.ivy2/jars/org.slf4j_slf4j-api-1.7.32.jar at file:///home/***/.ivy2/jars/org.slf4j_slf4j-api-1.7.32.jar with timestamp 1755508775040
[2025-08-18 09:19:35,615] {subprocess.py:92} INFO - 25/08/18 09:19:35 INFO Utils: Copying /home/***/.ivy2/jars/org.slf4j_slf4j-api-1.7.32.jar to /tmp/spark-cf5fccf2-70d9-467d-a285-a71563893ef5/userFiles-d563c819-4df1-48c7-8eaa-353369076938/org.slf4j_slf4j-api-1.7.32.jar
[2025-08-18 09:19:35,621] {subprocess.py:92} INFO - 25/08/18 09:19:35 INFO SparkContext: Added file file:///home/***/.ivy2/jars/org.apache.hadoop_hadoop-client-api-3.3.2.jar at file:///home/***/.ivy2/jars/org.apache.hadoop_hadoop-client-api-3.3.2.jar with timestamp 1755508775040
[2025-08-18 09:19:35,621] {subprocess.py:92} INFO - 25/08/18 09:19:35 INFO Utils: Copying /home/***/.ivy2/jars/org.apache.hadoop_hadoop-client-api-3.3.2.jar to /tmp/spark-cf5fccf2-70d9-467d-a285-a71563893ef5/userFiles-d563c819-4df1-48c7-8eaa-353369076938/org.apache.hadoop_hadoop-client-api-3.3.2.jar
[2025-08-18 09:19:35,637] {subprocess.py:92} INFO - 25/08/18 09:19:35 INFO SparkContext: Added file file:///home/***/.ivy2/jars/commons-logging_commons-logging-1.1.3.jar at file:///home/***/.ivy2/jars/commons-logging_commons-logging-1.1.3.jar with timestamp 1755508775040
[2025-08-18 09:19:35,637] {subprocess.py:92} INFO - 25/08/18 09:19:35 INFO Utils: Copying /home/***/.ivy2/jars/commons-logging_commons-logging-1.1.3.jar to /tmp/spark-cf5fccf2-70d9-467d-a285-a71563893ef5/userFiles-d563c819-4df1-48c7-8eaa-353369076938/commons-logging_commons-logging-1.1.3.jar
[2025-08-18 09:19:35,695] {subprocess.py:92} INFO - 25/08/18 09:19:35 INFO Executor: Starting executor ID driver on host a4b544519f2b
[2025-08-18 09:19:35,700] {subprocess.py:92} INFO - 25/08/18 09:19:35 INFO Executor: Starting executor with user classpath (userClassPathFirst = false): ''
[2025-08-18 09:19:35,709] {subprocess.py:92} INFO - 25/08/18 09:19:35 INFO Executor: Fetching file:///home/***/.ivy2/jars/commons-logging_commons-logging-1.1.3.jar with timestamp 1755508775040
[2025-08-18 09:19:35,721] {subprocess.py:92} INFO - 25/08/18 09:19:35 INFO Utils: /home/***/.ivy2/jars/commons-logging_commons-logging-1.1.3.jar has been previously copied to /tmp/spark-cf5fccf2-70d9-467d-a285-a71563893ef5/userFiles-d563c819-4df1-48c7-8eaa-353369076938/commons-logging_commons-logging-1.1.3.jar
[2025-08-18 09:19:35,725] {subprocess.py:92} INFO - 25/08/18 09:19:35 INFO Executor: Fetching file:///home/***/.ivy2/jars/org.spark-project.spark_unused-1.0.0.jar with timestamp 1755508775040
[2025-08-18 09:19:35,726] {subprocess.py:92} INFO - 25/08/18 09:19:35 INFO Utils: /home/***/.ivy2/jars/org.spark-project.spark_unused-1.0.0.jar has been previously copied to /tmp/spark-cf5fccf2-70d9-467d-a285-a71563893ef5/userFiles-d563c819-4df1-48c7-8eaa-353369076938/org.spark-project.spark_unused-1.0.0.jar
[2025-08-18 09:19:35,730] {subprocess.py:92} INFO - 25/08/18 09:19:35 INFO Executor: Fetching file:///home/***/.ivy2/jars/org.apache.spark_spark-sql-kafka-0-10_2.12-3.3.1.jar with timestamp 1755508775040
[2025-08-18 09:19:35,735] {subprocess.py:92} INFO - 25/08/18 09:19:35 INFO Utils: /home/***/.ivy2/jars/org.apache.spark_spark-sql-kafka-0-10_2.12-3.3.1.jar has been previously copied to /tmp/spark-cf5fccf2-70d9-467d-a285-a71563893ef5/userFiles-d563c819-4df1-48c7-8eaa-353369076938/org.apache.spark_spark-sql-kafka-0-10_2.12-3.3.1.jar
[2025-08-18 09:19:35,738] {subprocess.py:92} INFO - 25/08/18 09:19:35 INFO Executor: Fetching file:///home/***/.ivy2/jars/org.apache.hadoop_hadoop-client-api-3.3.2.jar with timestamp 1755508775040
[2025-08-18 09:19:35,749] {subprocess.py:92} INFO - 25/08/18 09:19:35 INFO Utils: /home/***/.ivy2/jars/org.apache.hadoop_hadoop-client-api-3.3.2.jar has been previously copied to /tmp/spark-cf5fccf2-70d9-467d-a285-a71563893ef5/userFiles-d563c819-4df1-48c7-8eaa-353369076938/org.apache.hadoop_hadoop-client-api-3.3.2.jar
[2025-08-18 09:19:35,752] {subprocess.py:92} INFO - 25/08/18 09:19:35 INFO Executor: Fetching file:///home/***/.ivy2/jars/org.apache.hadoop_hadoop-client-runtime-3.3.2.jar with timestamp 1755508775040
[2025-08-18 09:19:35,767] {subprocess.py:92} INFO - 25/08/18 09:19:35 INFO Utils: /home/***/.ivy2/jars/org.apache.hadoop_hadoop-client-runtime-3.3.2.jar has been previously copied to /tmp/spark-cf5fccf2-70d9-467d-a285-a71563893ef5/userFiles-d563c819-4df1-48c7-8eaa-353369076938/org.apache.hadoop_hadoop-client-runtime-3.3.2.jar
[2025-08-18 09:19:35,771] {subprocess.py:92} INFO - 25/08/18 09:19:35 INFO Executor: Fetching file:///home/***/.ivy2/jars/org.slf4j_slf4j-api-1.7.32.jar with timestamp 1755508775040
[2025-08-18 09:19:35,771] {subprocess.py:92} INFO - 25/08/18 09:19:35 INFO Utils: /home/***/.ivy2/jars/org.slf4j_slf4j-api-1.7.32.jar has been previously copied to /tmp/spark-cf5fccf2-70d9-467d-a285-a71563893ef5/userFiles-d563c819-4df1-48c7-8eaa-353369076938/org.slf4j_slf4j-api-1.7.32.jar
[2025-08-18 09:19:35,774] {subprocess.py:92} INFO - 25/08/18 09:19:35 INFO Executor: Fetching file:///home/***/.ivy2/jars/org.lz4_lz4-java-1.8.0.jar with timestamp 1755508775040
[2025-08-18 09:19:35,775] {subprocess.py:92} INFO - 25/08/18 09:19:35 INFO Utils: /home/***/.ivy2/jars/org.lz4_lz4-java-1.8.0.jar has been previously copied to /tmp/spark-cf5fccf2-70d9-467d-a285-a71563893ef5/userFiles-d563c819-4df1-48c7-8eaa-353369076938/org.lz4_lz4-java-1.8.0.jar
[2025-08-18 09:19:35,779] {subprocess.py:92} INFO - 25/08/18 09:19:35 INFO Executor: Fetching file:///home/***/.ivy2/jars/org.apache.commons_commons-pool2-2.11.1.jar with timestamp 1755508775040
[2025-08-18 09:19:35,780] {subprocess.py:92} INFO - 25/08/18 09:19:35 INFO Utils: /home/***/.ivy2/jars/org.apache.commons_commons-pool2-2.11.1.jar has been previously copied to /tmp/spark-cf5fccf2-70d9-467d-a285-a71563893ef5/userFiles-d563c819-4df1-48c7-8eaa-353369076938/org.apache.commons_commons-pool2-2.11.1.jar
[2025-08-18 09:19:35,782] {subprocess.py:92} INFO - 25/08/18 09:19:35 INFO Executor: Fetching file:///home/***/.ivy2/jars/com.google.code.findbugs_jsr305-3.0.0.jar with timestamp 1755508775040
[2025-08-18 09:19:35,783] {subprocess.py:92} INFO - 25/08/18 09:19:35 INFO Utils: /home/***/.ivy2/jars/com.google.code.findbugs_jsr305-3.0.0.jar has been previously copied to /tmp/spark-cf5fccf2-70d9-467d-a285-a71563893ef5/userFiles-d563c819-4df1-48c7-8eaa-353369076938/com.google.code.findbugs_jsr305-3.0.0.jar
[2025-08-18 09:19:35,786] {subprocess.py:92} INFO - 25/08/18 09:19:35 INFO Executor: Fetching file:///home/***/.ivy2/jars/org.apache.spark_spark-token-provider-kafka-0-10_2.12-3.3.1.jar with timestamp 1755508775040
[2025-08-18 09:19:35,787] {subprocess.py:92} INFO - 25/08/18 09:19:35 INFO Utils: /home/***/.ivy2/jars/org.apache.spark_spark-token-provider-kafka-0-10_2.12-3.3.1.jar has been previously copied to /tmp/spark-cf5fccf2-70d9-467d-a285-a71563893ef5/userFiles-d563c819-4df1-48c7-8eaa-353369076938/org.apache.spark_spark-token-provider-kafka-0-10_2.12-3.3.1.jar
[2025-08-18 09:19:35,790] {subprocess.py:92} INFO - 25/08/18 09:19:35 INFO Executor: Fetching file:///home/***/.ivy2/jars/org.apache.kafka_kafka-clients-2.8.1.jar with timestamp 1755508775040
[2025-08-18 09:19:35,795] {subprocess.py:92} INFO - 25/08/18 09:19:35 INFO Utils: /home/***/.ivy2/jars/org.apache.kafka_kafka-clients-2.8.1.jar has been previously copied to /tmp/spark-cf5fccf2-70d9-467d-a285-a71563893ef5/userFiles-d563c819-4df1-48c7-8eaa-353369076938/org.apache.kafka_kafka-clients-2.8.1.jar
[2025-08-18 09:19:35,799] {subprocess.py:92} INFO - 25/08/18 09:19:35 INFO Executor: Fetching file:///home/***/.ivy2/jars/org.xerial.snappy_snappy-java-1.1.8.4.jar with timestamp 1755508775040
[2025-08-18 09:19:35,801] {subprocess.py:92} INFO - 25/08/18 09:19:35 INFO Utils: /home/***/.ivy2/jars/org.xerial.snappy_snappy-java-1.1.8.4.jar has been previously copied to /tmp/spark-cf5fccf2-70d9-467d-a285-a71563893ef5/userFiles-d563c819-4df1-48c7-8eaa-353369076938/org.xerial.snappy_snappy-java-1.1.8.4.jar
[2025-08-18 09:19:35,807] {subprocess.py:92} INFO - 25/08/18 09:19:35 INFO Executor: Fetching spark://a4b544519f2b:41059/jars/org.xerial.snappy_snappy-java-1.1.8.4.jar with timestamp 1755508775040
[2025-08-18 09:19:35,844] {subprocess.py:92} INFO - 25/08/18 09:19:35 INFO TransportClientFactory: Successfully created connection to a4b544519f2b/172.20.0.2:41059 after 27 ms (0 ms spent in bootstraps)
[2025-08-18 09:19:35,851] {subprocess.py:92} INFO - 25/08/18 09:19:35 INFO Utils: Fetching spark://a4b544519f2b:41059/jars/org.xerial.snappy_snappy-java-1.1.8.4.jar to /tmp/spark-cf5fccf2-70d9-467d-a285-a71563893ef5/userFiles-d563c819-4df1-48c7-8eaa-353369076938/fetchFileTemp4679051301256263573.tmp
[2025-08-18 09:19:35,880] {subprocess.py:92} INFO - 25/08/18 09:19:35 INFO Utils: /tmp/spark-cf5fccf2-70d9-467d-a285-a71563893ef5/userFiles-d563c819-4df1-48c7-8eaa-353369076938/fetchFileTemp4679051301256263573.tmp has been previously copied to /tmp/spark-cf5fccf2-70d9-467d-a285-a71563893ef5/userFiles-d563c819-4df1-48c7-8eaa-353369076938/org.xerial.snappy_snappy-java-1.1.8.4.jar
[2025-08-18 09:19:35,885] {subprocess.py:92} INFO - 25/08/18 09:19:35 INFO Executor: Adding file:/tmp/spark-cf5fccf2-70d9-467d-a285-a71563893ef5/userFiles-d563c819-4df1-48c7-8eaa-353369076938/org.xerial.snappy_snappy-java-1.1.8.4.jar to class loader
[2025-08-18 09:19:35,885] {subprocess.py:92} INFO - 25/08/18 09:19:35 INFO Executor: Fetching spark://a4b544519f2b:41059/jars/org.lz4_lz4-java-1.8.0.jar with timestamp 1755508775040
[2025-08-18 09:19:35,885] {subprocess.py:92} INFO - 25/08/18 09:19:35 INFO Utils: Fetching spark://a4b544519f2b:41059/jars/org.lz4_lz4-java-1.8.0.jar to /tmp/spark-cf5fccf2-70d9-467d-a285-a71563893ef5/userFiles-d563c819-4df1-48c7-8eaa-353369076938/fetchFileTemp8847459320845180109.tmp
[2025-08-18 09:19:35,889] {subprocess.py:92} INFO - 25/08/18 09:19:35 INFO Utils: /tmp/spark-cf5fccf2-70d9-467d-a285-a71563893ef5/userFiles-d563c819-4df1-48c7-8eaa-353369076938/fetchFileTemp8847459320845180109.tmp has been previously copied to /tmp/spark-cf5fccf2-70d9-467d-a285-a71563893ef5/userFiles-d563c819-4df1-48c7-8eaa-353369076938/org.lz4_lz4-java-1.8.0.jar
[2025-08-18 09:19:35,892] {subprocess.py:92} INFO - 25/08/18 09:19:35 INFO Executor: Adding file:/tmp/spark-cf5fccf2-70d9-467d-a285-a71563893ef5/userFiles-d563c819-4df1-48c7-8eaa-353369076938/org.lz4_lz4-java-1.8.0.jar to class loader
[2025-08-18 09:19:35,892] {subprocess.py:92} INFO - 25/08/18 09:19:35 INFO Executor: Fetching spark://a4b544519f2b:41059/jars/commons-logging_commons-logging-1.1.3.jar with timestamp 1755508775040
[2025-08-18 09:19:35,892] {subprocess.py:92} INFO - 25/08/18 09:19:35 INFO Utils: Fetching spark://a4b544519f2b:41059/jars/commons-logging_commons-logging-1.1.3.jar to /tmp/spark-cf5fccf2-70d9-467d-a285-a71563893ef5/userFiles-d563c819-4df1-48c7-8eaa-353369076938/fetchFileTemp328128296510983259.tmp
[2025-08-18 09:19:35,894] {subprocess.py:92} INFO - 25/08/18 09:19:35 INFO Utils: /tmp/spark-cf5fccf2-70d9-467d-a285-a71563893ef5/userFiles-d563c819-4df1-48c7-8eaa-353369076938/fetchFileTemp328128296510983259.tmp has been previously copied to /tmp/spark-cf5fccf2-70d9-467d-a285-a71563893ef5/userFiles-d563c819-4df1-48c7-8eaa-353369076938/commons-logging_commons-logging-1.1.3.jar
[2025-08-18 09:19:35,898] {subprocess.py:92} INFO - 25/08/18 09:19:35 INFO Executor: Adding file:/tmp/spark-cf5fccf2-70d9-467d-a285-a71563893ef5/userFiles-d563c819-4df1-48c7-8eaa-353369076938/commons-logging_commons-logging-1.1.3.jar to class loader
[2025-08-18 09:19:35,898] {subprocess.py:92} INFO - 25/08/18 09:19:35 INFO Executor: Fetching spark://a4b544519f2b:41059/jars/org.slf4j_slf4j-api-1.7.32.jar with timestamp 1755508775040
[2025-08-18 09:19:35,899] {subprocess.py:92} INFO - 25/08/18 09:19:35 INFO Utils: Fetching spark://a4b544519f2b:41059/jars/org.slf4j_slf4j-api-1.7.32.jar to /tmp/spark-cf5fccf2-70d9-467d-a285-a71563893ef5/userFiles-d563c819-4df1-48c7-8eaa-353369076938/fetchFileTemp1620842506677527531.tmp
[2025-08-18 09:19:35,900] {subprocess.py:92} INFO - 25/08/18 09:19:35 INFO Utils: /tmp/spark-cf5fccf2-70d9-467d-a285-a71563893ef5/userFiles-d563c819-4df1-48c7-8eaa-353369076938/fetchFileTemp1620842506677527531.tmp has been previously copied to /tmp/spark-cf5fccf2-70d9-467d-a285-a71563893ef5/userFiles-d563c819-4df1-48c7-8eaa-353369076938/org.slf4j_slf4j-api-1.7.32.jar
[2025-08-18 09:19:35,904] {subprocess.py:92} INFO - 25/08/18 09:19:35 INFO Executor: Adding file:/tmp/spark-cf5fccf2-70d9-467d-a285-a71563893ef5/userFiles-d563c819-4df1-48c7-8eaa-353369076938/org.slf4j_slf4j-api-1.7.32.jar to class loader
[2025-08-18 09:19:35,905] {subprocess.py:92} INFO - 25/08/18 09:19:35 INFO Executor: Fetching spark://a4b544519f2b:41059/jars/org.apache.commons_commons-pool2-2.11.1.jar with timestamp 1755508775040
[2025-08-18 09:19:35,905] {subprocess.py:92} INFO - 25/08/18 09:19:35 INFO Utils: Fetching spark://a4b544519f2b:41059/jars/org.apache.commons_commons-pool2-2.11.1.jar to /tmp/spark-cf5fccf2-70d9-467d-a285-a71563893ef5/userFiles-d563c819-4df1-48c7-8eaa-353369076938/fetchFileTemp10589764600618092812.tmp
[2025-08-18 09:19:35,908] {subprocess.py:92} INFO - 25/08/18 09:19:35 INFO Utils: /tmp/spark-cf5fccf2-70d9-467d-a285-a71563893ef5/userFiles-d563c819-4df1-48c7-8eaa-353369076938/fetchFileTemp10589764600618092812.tmp has been previously copied to /tmp/spark-cf5fccf2-70d9-467d-a285-a71563893ef5/userFiles-d563c819-4df1-48c7-8eaa-353369076938/org.apache.commons_commons-pool2-2.11.1.jar
[2025-08-18 09:19:35,912] {subprocess.py:92} INFO - 25/08/18 09:19:35 INFO Executor: Adding file:/tmp/spark-cf5fccf2-70d9-467d-a285-a71563893ef5/userFiles-d563c819-4df1-48c7-8eaa-353369076938/org.apache.commons_commons-pool2-2.11.1.jar to class loader
[2025-08-18 09:19:35,912] {subprocess.py:92} INFO - 25/08/18 09:19:35 INFO Executor: Fetching spark://a4b544519f2b:41059/jars/org.apache.kafka_kafka-clients-2.8.1.jar with timestamp 1755508775040
[2025-08-18 09:19:35,912] {subprocess.py:92} INFO - 25/08/18 09:19:35 INFO Utils: Fetching spark://a4b544519f2b:41059/jars/org.apache.kafka_kafka-clients-2.8.1.jar to /tmp/spark-cf5fccf2-70d9-467d-a285-a71563893ef5/userFiles-d563c819-4df1-48c7-8eaa-353369076938/fetchFileTemp6738945588829529115.tmp
[2025-08-18 09:19:35,925] {subprocess.py:92} INFO - 25/08/18 09:19:35 INFO Utils: /tmp/spark-cf5fccf2-70d9-467d-a285-a71563893ef5/userFiles-d563c819-4df1-48c7-8eaa-353369076938/fetchFileTemp6738945588829529115.tmp has been previously copied to /tmp/spark-cf5fccf2-70d9-467d-a285-a71563893ef5/userFiles-d563c819-4df1-48c7-8eaa-353369076938/org.apache.kafka_kafka-clients-2.8.1.jar
[2025-08-18 09:19:35,928] {subprocess.py:92} INFO - 25/08/18 09:19:35 INFO Executor: Adding file:/tmp/spark-cf5fccf2-70d9-467d-a285-a71563893ef5/userFiles-d563c819-4df1-48c7-8eaa-353369076938/org.apache.kafka_kafka-clients-2.8.1.jar to class loader
[2025-08-18 09:19:35,928] {subprocess.py:92} INFO - 25/08/18 09:19:35 INFO Executor: Fetching spark://a4b544519f2b:41059/jars/org.apache.hadoop_hadoop-client-runtime-3.3.2.jar with timestamp 1755508775040
[2025-08-18 09:19:35,928] {subprocess.py:92} INFO - 25/08/18 09:19:35 INFO Utils: Fetching spark://a4b544519f2b:41059/jars/org.apache.hadoop_hadoop-client-runtime-3.3.2.jar to /tmp/spark-cf5fccf2-70d9-467d-a285-a71563893ef5/userFiles-d563c819-4df1-48c7-8eaa-353369076938/fetchFileTemp9839425684449768389.tmp
[2025-08-18 09:19:36,065] {subprocess.py:92} INFO - 25/08/18 09:19:36 INFO Utils: /tmp/spark-cf5fccf2-70d9-467d-a285-a71563893ef5/userFiles-d563c819-4df1-48c7-8eaa-353369076938/fetchFileTemp9839425684449768389.tmp has been previously copied to /tmp/spark-cf5fccf2-70d9-467d-a285-a71563893ef5/userFiles-d563c819-4df1-48c7-8eaa-353369076938/org.apache.hadoop_hadoop-client-runtime-3.3.2.jar
[2025-08-18 09:19:36,075] {subprocess.py:92} INFO - 25/08/18 09:19:36 INFO Executor: Adding file:/tmp/spark-cf5fccf2-70d9-467d-a285-a71563893ef5/userFiles-d563c819-4df1-48c7-8eaa-353369076938/org.apache.hadoop_hadoop-client-runtime-3.3.2.jar to class loader
[2025-08-18 09:19:36,075] {subprocess.py:92} INFO - 25/08/18 09:19:36 INFO Executor: Fetching spark://a4b544519f2b:41059/jars/org.apache.hadoop_hadoop-client-api-3.3.2.jar with timestamp 1755508775040
[2025-08-18 09:19:36,076] {subprocess.py:92} INFO - 25/08/18 09:19:36 INFO Utils: Fetching spark://a4b544519f2b:41059/jars/org.apache.hadoop_hadoop-client-api-3.3.2.jar to /tmp/spark-cf5fccf2-70d9-467d-a285-a71563893ef5/userFiles-d563c819-4df1-48c7-8eaa-353369076938/fetchFileTemp15379471801872807676.tmp
[2025-08-18 09:19:36,153] {subprocess.py:92} INFO - 25/08/18 09:19:36 INFO Utils: /tmp/spark-cf5fccf2-70d9-467d-a285-a71563893ef5/userFiles-d563c819-4df1-48c7-8eaa-353369076938/fetchFileTemp15379471801872807676.tmp has been previously copied to /tmp/spark-cf5fccf2-70d9-467d-a285-a71563893ef5/userFiles-d563c819-4df1-48c7-8eaa-353369076938/org.apache.hadoop_hadoop-client-api-3.3.2.jar
[2025-08-18 09:19:36,160] {subprocess.py:92} INFO - 25/08/18 09:19:36 INFO Executor: Adding file:/tmp/spark-cf5fccf2-70d9-467d-a285-a71563893ef5/userFiles-d563c819-4df1-48c7-8eaa-353369076938/org.apache.hadoop_hadoop-client-api-3.3.2.jar to class loader
[2025-08-18 09:19:36,160] {subprocess.py:92} INFO - 25/08/18 09:19:36 INFO Executor: Fetching spark://a4b544519f2b:41059/jars/org.apache.spark_spark-token-provider-kafka-0-10_2.12-3.3.1.jar with timestamp 1755508775040
[2025-08-18 09:19:36,161] {subprocess.py:92} INFO - 25/08/18 09:19:36 INFO Utils: Fetching spark://a4b544519f2b:41059/jars/org.apache.spark_spark-token-provider-kafka-0-10_2.12-3.3.1.jar to /tmp/spark-cf5fccf2-70d9-467d-a285-a71563893ef5/userFiles-d563c819-4df1-48c7-8eaa-353369076938/fetchFileTemp11166016118200209563.tmp
[2025-08-18 09:19:36,163] {subprocess.py:92} INFO - 25/08/18 09:19:36 INFO Utils: /tmp/spark-cf5fccf2-70d9-467d-a285-a71563893ef5/userFiles-d563c819-4df1-48c7-8eaa-353369076938/fetchFileTemp11166016118200209563.tmp has been previously copied to /tmp/spark-cf5fccf2-70d9-467d-a285-a71563893ef5/userFiles-d563c819-4df1-48c7-8eaa-353369076938/org.apache.spark_spark-token-provider-kafka-0-10_2.12-3.3.1.jar
[2025-08-18 09:19:36,166] {subprocess.py:92} INFO - 25/08/18 09:19:36 INFO Executor: Adding file:/tmp/spark-cf5fccf2-70d9-467d-a285-a71563893ef5/userFiles-d563c819-4df1-48c7-8eaa-353369076938/org.apache.spark_spark-token-provider-kafka-0-10_2.12-3.3.1.jar to class loader
[2025-08-18 09:19:36,166] {subprocess.py:92} INFO - 25/08/18 09:19:36 INFO Executor: Fetching spark://a4b544519f2b:41059/jars/org.spark-project.spark_unused-1.0.0.jar with timestamp 1755508775040
[2025-08-18 09:19:36,166] {subprocess.py:92} INFO - 25/08/18 09:19:36 INFO Utils: Fetching spark://a4b544519f2b:41059/jars/org.spark-project.spark_unused-1.0.0.jar to /tmp/spark-cf5fccf2-70d9-467d-a285-a71563893ef5/userFiles-d563c819-4df1-48c7-8eaa-353369076938/fetchFileTemp681370907578391711.tmp
[2025-08-18 09:19:36,167] {subprocess.py:92} INFO - 25/08/18 09:19:36 INFO Utils: /tmp/spark-cf5fccf2-70d9-467d-a285-a71563893ef5/userFiles-d563c819-4df1-48c7-8eaa-353369076938/fetchFileTemp681370907578391711.tmp has been previously copied to /tmp/spark-cf5fccf2-70d9-467d-a285-a71563893ef5/userFiles-d563c819-4df1-48c7-8eaa-353369076938/org.spark-project.spark_unused-1.0.0.jar
[2025-08-18 09:19:36,171] {subprocess.py:92} INFO - 25/08/18 09:19:36 INFO Executor: Adding file:/tmp/spark-cf5fccf2-70d9-467d-a285-a71563893ef5/userFiles-d563c819-4df1-48c7-8eaa-353369076938/org.spark-project.spark_unused-1.0.0.jar to class loader
[2025-08-18 09:19:36,171] {subprocess.py:92} INFO - 25/08/18 09:19:36 INFO Executor: Fetching spark://a4b544519f2b:41059/jars/com.google.code.findbugs_jsr305-3.0.0.jar with timestamp 1755508775040
[2025-08-18 09:19:36,172] {subprocess.py:92} INFO - 25/08/18 09:19:36 INFO Utils: Fetching spark://a4b544519f2b:41059/jars/com.google.code.findbugs_jsr305-3.0.0.jar to /tmp/spark-cf5fccf2-70d9-467d-a285-a71563893ef5/userFiles-d563c819-4df1-48c7-8eaa-353369076938/fetchFileTemp14668592014768999621.tmp
[2025-08-18 09:19:36,173] {subprocess.py:92} INFO - 25/08/18 09:19:36 INFO Utils: /tmp/spark-cf5fccf2-70d9-467d-a285-a71563893ef5/userFiles-d563c819-4df1-48c7-8eaa-353369076938/fetchFileTemp14668592014768999621.tmp has been previously copied to /tmp/spark-cf5fccf2-70d9-467d-a285-a71563893ef5/userFiles-d563c819-4df1-48c7-8eaa-353369076938/com.google.code.findbugs_jsr305-3.0.0.jar
[2025-08-18 09:19:36,176] {subprocess.py:92} INFO - 25/08/18 09:19:36 INFO Executor: Adding file:/tmp/spark-cf5fccf2-70d9-467d-a285-a71563893ef5/userFiles-d563c819-4df1-48c7-8eaa-353369076938/com.google.code.findbugs_jsr305-3.0.0.jar to class loader
[2025-08-18 09:19:36,176] {subprocess.py:92} INFO - 25/08/18 09:19:36 INFO Executor: Fetching spark://a4b544519f2b:41059/jars/org.apache.spark_spark-sql-kafka-0-10_2.12-3.3.1.jar with timestamp 1755508775040
[2025-08-18 09:19:36,177] {subprocess.py:92} INFO - 25/08/18 09:19:36 INFO Utils: Fetching spark://a4b544519f2b:41059/jars/org.apache.spark_spark-sql-kafka-0-10_2.12-3.3.1.jar to /tmp/spark-cf5fccf2-70d9-467d-a285-a71563893ef5/userFiles-d563c819-4df1-48c7-8eaa-353369076938/fetchFileTemp12048400229976064375.tmp
[2025-08-18 09:19:36,179] {subprocess.py:92} INFO - 25/08/18 09:19:36 INFO Utils: /tmp/spark-cf5fccf2-70d9-467d-a285-a71563893ef5/userFiles-d563c819-4df1-48c7-8eaa-353369076938/fetchFileTemp12048400229976064375.tmp has been previously copied to /tmp/spark-cf5fccf2-70d9-467d-a285-a71563893ef5/userFiles-d563c819-4df1-48c7-8eaa-353369076938/org.apache.spark_spark-sql-kafka-0-10_2.12-3.3.1.jar
[2025-08-18 09:19:36,183] {subprocess.py:92} INFO - 25/08/18 09:19:36 INFO Executor: Adding file:/tmp/spark-cf5fccf2-70d9-467d-a285-a71563893ef5/userFiles-d563c819-4df1-48c7-8eaa-353369076938/org.apache.spark_spark-sql-kafka-0-10_2.12-3.3.1.jar to class loader
[2025-08-18 09:19:36,189] {subprocess.py:92} INFO - 25/08/18 09:19:36 INFO Utils: Successfully started service 'org.apache.spark.network.netty.NettyBlockTransferService' on port 40365.
[2025-08-18 09:19:36,189] {subprocess.py:92} INFO - 25/08/18 09:19:36 INFO NettyBlockTransferService: Server created on a4b544519f2b:40365
[2025-08-18 09:19:36,191] {subprocess.py:92} INFO - 25/08/18 09:19:36 INFO BlockManager: Using org.apache.spark.storage.RandomBlockReplicationPolicy for block replication policy
[2025-08-18 09:19:36,196] {subprocess.py:92} INFO - 25/08/18 09:19:36 INFO BlockManagerMaster: Registering BlockManager BlockManagerId(driver, a4b544519f2b, 40365, None)
[2025-08-18 09:19:36,199] {subprocess.py:92} INFO - 25/08/18 09:19:36 INFO BlockManagerMasterEndpoint: Registering block manager a4b544519f2b:40365 with 434.4 MiB RAM, BlockManagerId(driver, a4b544519f2b, 40365, None)
[2025-08-18 09:19:36,202] {subprocess.py:92} INFO - 25/08/18 09:19:36 INFO BlockManagerMaster: Registered BlockManager BlockManagerId(driver, a4b544519f2b, 40365, None)
[2025-08-18 09:19:36,204] {subprocess.py:92} INFO - 25/08/18 09:19:36 INFO BlockManager: Initialized BlockManager: BlockManagerId(driver, a4b544519f2b, 40365, None)
[2025-08-18 09:19:36,550] {subprocess.py:92} INFO - Connexion à Kafka...
[2025-08-18 09:19:38,136] {subprocess.py:92} INFO - Connexion Kafka réussie (kafka:9092)
[2025-08-18 09:19:38,137] {subprocess.py:92} INFO - Transformation des données JSON...
[2025-08-18 09:19:38,335] {subprocess.py:92} INFO - Démarrage du streaming vers HDFS...
[2025-08-18 09:19:38,973] {subprocess.py:92} INFO - Streaming actif - Données météo sauvegardées dans HDFS:/data/weather
[2025-08-18 10:41:25,771] {local_task_job.py:221} WARNING - State of this instance has been externally set to failed. Terminating instance.
[2025-08-18 10:41:25,776] {process_utils.py:129} INFO - Sending Signals.SIGTERM to group 1013. PIDs of all processes in the group: [1014, 1063, 1013]
[2025-08-18 10:41:25,777] {process_utils.py:80} INFO - Sending the signal Signals.SIGTERM to group 1013
[2025-08-18 10:41:25,778] {taskinstance.py:1541} ERROR - Received SIGTERM. Terminating subprocesses.
[2025-08-18 10:41:25,778] {subprocess.py:103} INFO - Sending SIGTERM signal to process group
[2025-08-18 10:41:26,126] {process_utils.py:75} INFO - Process psutil.Process(pid=1063, status='terminated', started='09:19:34') (1063) terminated with exit code None
[2025-08-18 10:41:26,127] {process_utils.py:75} INFO - Process psutil.Process(pid=1013, status='terminated', exitcode=0, started='09:19:32') (1013) terminated with exit code 0
[2025-08-18 10:41:26,220] {process_utils.py:75} INFO - Process psutil.Process(pid=1014, status='terminated', started='09:19:32') (1014) terminated with exit code None
