[2025-08-18 09:16:20,690] {taskinstance.py:1159} INFO - Dependencies all met for <TaskInstance: send_weather_to_kafka.stream_hdfs manual__2025-08-18T09:15:47.545529+00:00 [queued]>
[2025-08-18 09:16:20,704] {taskinstance.py:1159} INFO - Dependencies all met for <TaskInstance: send_weather_to_kafka.stream_hdfs manual__2025-08-18T09:15:47.545529+00:00 [queued]>
[2025-08-18 09:16:20,705] {taskinstance.py:1356} INFO - 
--------------------------------------------------------------------------------
[2025-08-18 09:16:20,705] {taskinstance.py:1357} INFO - Starting attempt 1 of 2
[2025-08-18 09:16:20,705] {taskinstance.py:1358} INFO - 
--------------------------------------------------------------------------------
[2025-08-18 09:16:20,718] {taskinstance.py:1377} INFO - Executing <Task(BashOperator): stream_hdfs> on 2025-08-18 09:15:47.545529+00:00
[2025-08-18 09:16:20,723] {standard_task_runner.py:52} INFO - Started process 714 to run task
[2025-08-18 09:16:20,726] {standard_task_runner.py:79} INFO - Running: ['***', 'tasks', 'run', 'send_weather_to_kafka', 'stream_hdfs', 'manual__2025-08-18T09:15:47.545529+00:00', '--job-id', '272', '--raw', '--subdir', 'DAGS_FOLDER/dag_meteo.py', '--cfg-path', '/tmp/tmphb8b0tuc', '--error-file', '/tmp/tmp8ytwb0zf']
[2025-08-18 09:16:20,727] {standard_task_runner.py:80} INFO - Job 272: Subtask stream_hdfs
[2025-08-18 09:16:20,777] {task_command.py:369} INFO - Running <TaskInstance: send_weather_to_kafka.stream_hdfs manual__2025-08-18T09:15:47.545529+00:00 [running]> on host a4b544519f2b
[2025-08-18 09:16:20,848] {taskinstance.py:1571} INFO - Exporting the following env vars:
AIRFLOW_CTX_DAG_OWNER=***
AIRFLOW_CTX_DAG_ID=send_weather_to_kafka
AIRFLOW_CTX_TASK_ID=stream_hdfs
AIRFLOW_CTX_EXECUTION_DATE=2025-08-18T09:15:47.545529+00:00
AIRFLOW_CTX_TRY_NUMBER=1
AIRFLOW_CTX_DAG_RUN_ID=manual__2025-08-18T09:15:47.545529+00:00
[2025-08-18 09:16:20,849] {subprocess.py:62} INFO - Tmp dir root location: 
 /tmp
[2025-08-18 09:16:20,850] {subprocess.py:74} INFO - Running command: ['bash', '-c', '\n/home/***/.local/bin/spark-submit   --master local[*]   --conf spark.hadoop.fs.defaultFS=hdfs://namenode:9000   --conf spark.hadoop.dfs.client.use.datanode.hostname=true   --conf spark.sql.adaptive.enabled=false   --packages org.apache.spark:spark-sql-kafka-0-10_2.12:3.3.1   /opt/***/scripts/pyspark/streaming.py']
[2025-08-18 09:16:20,859] {subprocess.py:85} INFO - Output:
[2025-08-18 09:16:20,867] {subprocess.py:92} INFO - /opt/spark-3.3.1-bin-hadoop3/bin/load-spark-env.sh: line 68: ps: command not found
[2025-08-18 09:16:22,508] {subprocess.py:92} INFO - :: loading settings :: url = jar:file:/opt/spark-3.3.1-bin-hadoop3/jars/ivy-2.5.0.jar!/org/apache/ivy/core/settings/ivysettings.xml
[2025-08-18 09:16:22,613] {subprocess.py:92} INFO - Ivy Default Cache set to: /home/***/.ivy2/cache
[2025-08-18 09:16:22,614] {subprocess.py:92} INFO - The jars for the packages stored in: /home/***/.ivy2/jars
[2025-08-18 09:16:22,620] {subprocess.py:92} INFO - org.apache.spark#spark-sql-kafka-0-10_2.12 added as a dependency
[2025-08-18 09:16:22,621] {subprocess.py:92} INFO - :: resolving dependencies :: org.apache.spark#spark-submit-parent-3802fb9d-032d-486c-a566-b3e657a12da4;1.0
[2025-08-18 09:16:22,621] {subprocess.py:92} INFO - 	confs: [default]
[2025-08-18 09:16:22,754] {subprocess.py:92} INFO - 	found org.apache.spark#spark-sql-kafka-0-10_2.12;3.3.1 in spark-list
[2025-08-18 09:16:22,803] {subprocess.py:92} INFO - 	found org.apache.spark#spark-token-provider-kafka-0-10_2.12;3.3.1 in central
[2025-08-18 09:16:22,825] {subprocess.py:92} INFO - 	found org.apache.kafka#kafka-clients;2.8.1 in central
[2025-08-18 09:16:22,847] {subprocess.py:92} INFO - 	found org.lz4#lz4-java;1.8.0 in spark-list
[2025-08-18 09:16:22,866] {subprocess.py:92} INFO - 	found org.xerial.snappy#snappy-java;1.1.8.4 in central
[2025-08-18 09:16:22,882] {subprocess.py:92} INFO - 	found org.slf4j#slf4j-api;1.7.32 in central
[2025-08-18 09:16:22,923] {subprocess.py:92} INFO - 	found org.apache.hadoop#hadoop-client-runtime;3.3.2 in central
[2025-08-18 09:16:22,937] {subprocess.py:92} INFO - 	found org.spark-project.spark#unused;1.0.0 in central
[2025-08-18 09:16:22,961] {subprocess.py:92} INFO - 	found org.apache.hadoop#hadoop-client-api;3.3.2 in central
[2025-08-18 09:16:22,977] {subprocess.py:92} INFO - 	found commons-logging#commons-logging;1.1.3 in central
[2025-08-18 09:16:22,992] {subprocess.py:92} INFO - 	found com.google.code.findbugs#jsr305;3.0.0 in central
[2025-08-18 09:16:23,008] {subprocess.py:92} INFO - 	found org.apache.commons#commons-pool2;2.11.1 in central
[2025-08-18 09:16:23,033] {subprocess.py:92} INFO - :: resolution report :: resolve 402ms :: artifacts dl 9ms
[2025-08-18 09:16:23,033] {subprocess.py:92} INFO - 	:: modules in use:
[2025-08-18 09:16:23,033] {subprocess.py:92} INFO - 	com.google.code.findbugs#jsr305;3.0.0 from central in [default]
[2025-08-18 09:16:23,033] {subprocess.py:92} INFO - 	commons-logging#commons-logging;1.1.3 from central in [default]
[2025-08-18 09:16:23,033] {subprocess.py:92} INFO - 	org.apache.commons#commons-pool2;2.11.1 from central in [default]
[2025-08-18 09:16:23,033] {subprocess.py:92} INFO - 	org.apache.hadoop#hadoop-client-api;3.3.2 from central in [default]
[2025-08-18 09:16:23,033] {subprocess.py:92} INFO - 	org.apache.hadoop#hadoop-client-runtime;3.3.2 from central in [default]
[2025-08-18 09:16:23,033] {subprocess.py:92} INFO - 	org.apache.kafka#kafka-clients;2.8.1 from central in [default]
[2025-08-18 09:16:23,033] {subprocess.py:92} INFO - 	org.apache.spark#spark-sql-kafka-0-10_2.12;3.3.1 from spark-list in [default]
[2025-08-18 09:16:23,033] {subprocess.py:92} INFO - 	org.apache.spark#spark-token-provider-kafka-0-10_2.12;3.3.1 from central in [default]
[2025-08-18 09:16:23,033] {subprocess.py:92} INFO - 	org.lz4#lz4-java;1.8.0 from spark-list in [default]
[2025-08-18 09:16:23,033] {subprocess.py:92} INFO - 	org.slf4j#slf4j-api;1.7.32 from central in [default]
[2025-08-18 09:16:23,033] {subprocess.py:92} INFO - 	org.spark-project.spark#unused;1.0.0 from central in [default]
[2025-08-18 09:16:23,033] {subprocess.py:92} INFO - 	org.xerial.snappy#snappy-java;1.1.8.4 from central in [default]
[2025-08-18 09:16:23,033] {subprocess.py:92} INFO - 	---------------------------------------------------------------------
[2025-08-18 09:16:23,033] {subprocess.py:92} INFO - 	|                  |            modules            ||   artifacts   |
[2025-08-18 09:16:23,034] {subprocess.py:92} INFO - 	|       conf       | number| search|dwnlded|evicted|| number|dwnlded|
[2025-08-18 09:16:23,034] {subprocess.py:92} INFO - 	---------------------------------------------------------------------
[2025-08-18 09:16:23,034] {subprocess.py:92} INFO - 	|      default     |   12  |   0   |   0   |   0   ||   12  |   0   |
[2025-08-18 09:16:23,034] {subprocess.py:92} INFO - 	---------------------------------------------------------------------
[2025-08-18 09:16:23,038] {subprocess.py:92} INFO - :: retrieving :: org.apache.spark#spark-submit-parent-3802fb9d-032d-486c-a566-b3e657a12da4
[2025-08-18 09:16:23,038] {subprocess.py:92} INFO - 	confs: [default]
[2025-08-18 09:16:23,045] {subprocess.py:92} INFO - 	0 artifacts copied, 12 already retrieved (0kB/7ms)
[2025-08-18 09:16:23,239] {subprocess.py:92} INFO - 25/08/18 09:16:23 WARN NativeCodeLoader: Unable to load native-hadoop library for your platform... using builtin-java classes where applicable
[2025-08-18 09:16:24,276] {subprocess.py:92} INFO - 25/08/18 09:16:24 INFO SparkContext: Running Spark version 3.3.1
[2025-08-18 09:16:24,294] {subprocess.py:92} INFO - 25/08/18 09:16:24 INFO ResourceUtils: ==============================================================
[2025-08-18 09:16:24,294] {subprocess.py:92} INFO - 25/08/18 09:16:24 INFO ResourceUtils: No custom resources configured for spark.driver.
[2025-08-18 09:16:24,295] {subprocess.py:92} INFO - 25/08/18 09:16:24 INFO ResourceUtils: ==============================================================
[2025-08-18 09:16:24,295] {subprocess.py:92} INFO - 25/08/18 09:16:24 INFO SparkContext: Submitted application: KafkaToHDFSWeather
[2025-08-18 09:16:24,311] {subprocess.py:92} INFO - 25/08/18 09:16:24 INFO ResourceProfile: Default ResourceProfile created, executor resources: Map(cores -> name: cores, amount: 1, script: , vendor: , memory -> name: memory, amount: 1024, script: , vendor: , offHeap -> name: offHeap, amount: 0, script: , vendor: ), task resources: Map(cpus -> name: cpus, amount: 1.0)
[2025-08-18 09:16:24,318] {subprocess.py:92} INFO - 25/08/18 09:16:24 INFO ResourceProfile: Limiting resource is cpu
[2025-08-18 09:16:24,319] {subprocess.py:92} INFO - 25/08/18 09:16:24 INFO ResourceProfileManager: Added ResourceProfile id: 0
[2025-08-18 09:16:24,361] {subprocess.py:92} INFO - 25/08/18 09:16:24 INFO SecurityManager: Changing view acls to: ***
[2025-08-18 09:16:24,361] {subprocess.py:92} INFO - 25/08/18 09:16:24 INFO SecurityManager: Changing modify acls to: ***
[2025-08-18 09:16:24,362] {subprocess.py:92} INFO - 25/08/18 09:16:24 INFO SecurityManager: Changing view acls groups to:
[2025-08-18 09:16:24,362] {subprocess.py:92} INFO - 25/08/18 09:16:24 INFO SecurityManager: Changing modify acls groups to:
[2025-08-18 09:16:24,362] {subprocess.py:92} INFO - 25/08/18 09:16:24 INFO SecurityManager: SecurityManager: authentication disabled; ui acls disabled; users  with view permissions: Set(***); groups with view permissions: Set(); users  with modify permissions: Set(***); groups with modify permissions: Set()
[2025-08-18 09:16:24,562] {subprocess.py:92} INFO - 25/08/18 09:16:24 INFO Utils: Successfully started service 'sparkDriver' on port 41269.
[2025-08-18 09:16:24,587] {subprocess.py:92} INFO - 25/08/18 09:16:24 INFO SparkEnv: Registering MapOutputTracker
[2025-08-18 09:16:24,616] {subprocess.py:92} INFO - 25/08/18 09:16:24 INFO SparkEnv: Registering BlockManagerMaster
[2025-08-18 09:16:24,628] {subprocess.py:92} INFO - 25/08/18 09:16:24 INFO BlockManagerMasterEndpoint: Using org.apache.spark.storage.DefaultTopologyMapper for getting topology information
[2025-08-18 09:16:24,628] {subprocess.py:92} INFO - 25/08/18 09:16:24 INFO BlockManagerMasterEndpoint: BlockManagerMasterEndpoint up
[2025-08-18 09:16:24,631] {subprocess.py:92} INFO - 25/08/18 09:16:24 INFO SparkEnv: Registering BlockManagerMasterHeartbeat
[2025-08-18 09:16:24,648] {subprocess.py:92} INFO - 25/08/18 09:16:24 INFO DiskBlockManager: Created local directory at /tmp/blockmgr-e21d3dab-7648-4571-89ce-d3dcb0a8d957
[2025-08-18 09:16:24,664] {subprocess.py:92} INFO - 25/08/18 09:16:24 INFO MemoryStore: MemoryStore started with capacity 434.4 MiB
[2025-08-18 09:16:24,675] {subprocess.py:92} INFO - 25/08/18 09:16:24 INFO SparkEnv: Registering OutputCommitCoordinator
[2025-08-18 09:16:24,818] {subprocess.py:92} INFO - 25/08/18 09:16:24 WARN Utils: Service 'SparkUI' could not bind on port 4040. Attempting port 4041.
[2025-08-18 09:16:24,825] {subprocess.py:92} INFO - 25/08/18 09:16:24 INFO Utils: Successfully started service 'SparkUI' on port 4041.
[2025-08-18 09:16:24,850] {subprocess.py:92} INFO - 25/08/18 09:16:24 INFO SparkContext: Added JAR file:///home/***/.ivy2/jars/org.apache.spark_spark-sql-kafka-0-10_2.12-3.3.1.jar at spark://a4b544519f2b:41269/jars/org.apache.spark_spark-sql-kafka-0-10_2.12-3.3.1.jar with timestamp 1755508584270
[2025-08-18 09:16:24,850] {subprocess.py:92} INFO - 25/08/18 09:16:24 INFO SparkContext: Added JAR file:///home/***/.ivy2/jars/org.apache.spark_spark-token-provider-kafka-0-10_2.12-3.3.1.jar at spark://a4b544519f2b:41269/jars/org.apache.spark_spark-token-provider-kafka-0-10_2.12-3.3.1.jar with timestamp 1755508584270
[2025-08-18 09:16:24,850] {subprocess.py:92} INFO - 25/08/18 09:16:24 INFO SparkContext: Added JAR file:///home/***/.ivy2/jars/org.apache.kafka_kafka-clients-2.8.1.jar at spark://a4b544519f2b:41269/jars/org.apache.kafka_kafka-clients-2.8.1.jar with timestamp 1755508584270
[2025-08-18 09:16:24,850] {subprocess.py:92} INFO - 25/08/18 09:16:24 INFO SparkContext: Added JAR file:///home/***/.ivy2/jars/com.google.code.findbugs_jsr305-3.0.0.jar at spark://a4b544519f2b:41269/jars/com.google.code.findbugs_jsr305-3.0.0.jar with timestamp 1755508584270
[2025-08-18 09:16:24,850] {subprocess.py:92} INFO - 25/08/18 09:16:24 INFO SparkContext: Added JAR file:///home/***/.ivy2/jars/org.apache.commons_commons-pool2-2.11.1.jar at spark://a4b544519f2b:41269/jars/org.apache.commons_commons-pool2-2.11.1.jar with timestamp 1755508584270
[2025-08-18 09:16:24,850] {subprocess.py:92} INFO - 25/08/18 09:16:24 INFO SparkContext: Added JAR file:///home/***/.ivy2/jars/org.spark-project.spark_unused-1.0.0.jar at spark://a4b544519f2b:41269/jars/org.spark-project.spark_unused-1.0.0.jar with timestamp 1755508584270
[2025-08-18 09:16:24,850] {subprocess.py:92} INFO - 25/08/18 09:16:24 INFO SparkContext: Added JAR file:///home/***/.ivy2/jars/org.apache.hadoop_hadoop-client-runtime-3.3.2.jar at spark://a4b544519f2b:41269/jars/org.apache.hadoop_hadoop-client-runtime-3.3.2.jar with timestamp 1755508584270
[2025-08-18 09:16:24,850] {subprocess.py:92} INFO - 25/08/18 09:16:24 INFO SparkContext: Added JAR file:///home/***/.ivy2/jars/org.lz4_lz4-java-1.8.0.jar at spark://a4b544519f2b:41269/jars/org.lz4_lz4-java-1.8.0.jar with timestamp 1755508584270
[2025-08-18 09:16:24,851] {subprocess.py:92} INFO - 25/08/18 09:16:24 INFO SparkContext: Added JAR file:///home/***/.ivy2/jars/org.xerial.snappy_snappy-java-1.1.8.4.jar at spark://a4b544519f2b:41269/jars/org.xerial.snappy_snappy-java-1.1.8.4.jar with timestamp 1755508584270
[2025-08-18 09:16:24,851] {subprocess.py:92} INFO - 25/08/18 09:16:24 INFO SparkContext: Added JAR file:///home/***/.ivy2/jars/org.slf4j_slf4j-api-1.7.32.jar at spark://a4b544519f2b:41269/jars/org.slf4j_slf4j-api-1.7.32.jar with timestamp 1755508584270
[2025-08-18 09:16:24,851] {subprocess.py:92} INFO - 25/08/18 09:16:24 INFO SparkContext: Added JAR file:///home/***/.ivy2/jars/org.apache.hadoop_hadoop-client-api-3.3.2.jar at spark://a4b544519f2b:41269/jars/org.apache.hadoop_hadoop-client-api-3.3.2.jar with timestamp 1755508584270
[2025-08-18 09:16:24,851] {subprocess.py:92} INFO - 25/08/18 09:16:24 INFO SparkContext: Added JAR file:///home/***/.ivy2/jars/commons-logging_commons-logging-1.1.3.jar at spark://a4b544519f2b:41269/jars/commons-logging_commons-logging-1.1.3.jar with timestamp 1755508584270
[2025-08-18 09:16:24,852] {subprocess.py:92} INFO - 25/08/18 09:16:24 INFO SparkContext: Added file file:///home/***/.ivy2/jars/org.apache.spark_spark-sql-kafka-0-10_2.12-3.3.1.jar at file:///home/***/.ivy2/jars/org.apache.spark_spark-sql-kafka-0-10_2.12-3.3.1.jar with timestamp 1755508584270
[2025-08-18 09:16:24,853] {subprocess.py:92} INFO - 25/08/18 09:16:24 INFO Utils: Copying /home/***/.ivy2/jars/org.apache.spark_spark-sql-kafka-0-10_2.12-3.3.1.jar to /tmp/spark-1e3c4b89-50c7-4ba9-b753-e54595b30093/userFiles-27be58a3-ee70-4dc0-8121-8eaaeab16363/org.apache.spark_spark-sql-kafka-0-10_2.12-3.3.1.jar
[2025-08-18 09:16:24,861] {subprocess.py:92} INFO - 25/08/18 09:16:24 INFO SparkContext: Added file file:///home/***/.ivy2/jars/org.apache.spark_spark-token-provider-kafka-0-10_2.12-3.3.1.jar at file:///home/***/.ivy2/jars/org.apache.spark_spark-token-provider-kafka-0-10_2.12-3.3.1.jar with timestamp 1755508584270
[2025-08-18 09:16:24,861] {subprocess.py:92} INFO - 25/08/18 09:16:24 INFO Utils: Copying /home/***/.ivy2/jars/org.apache.spark_spark-token-provider-kafka-0-10_2.12-3.3.1.jar to /tmp/spark-1e3c4b89-50c7-4ba9-b753-e54595b30093/userFiles-27be58a3-ee70-4dc0-8121-8eaaeab16363/org.apache.spark_spark-token-provider-kafka-0-10_2.12-3.3.1.jar
[2025-08-18 09:16:24,865] {subprocess.py:92} INFO - 25/08/18 09:16:24 INFO SparkContext: Added file file:///home/***/.ivy2/jars/org.apache.kafka_kafka-clients-2.8.1.jar at file:///home/***/.ivy2/jars/org.apache.kafka_kafka-clients-2.8.1.jar with timestamp 1755508584270
[2025-08-18 09:16:24,865] {subprocess.py:92} INFO - 25/08/18 09:16:24 INFO Utils: Copying /home/***/.ivy2/jars/org.apache.kafka_kafka-clients-2.8.1.jar to /tmp/spark-1e3c4b89-50c7-4ba9-b753-e54595b30093/userFiles-27be58a3-ee70-4dc0-8121-8eaaeab16363/org.apache.kafka_kafka-clients-2.8.1.jar
[2025-08-18 09:16:24,871] {subprocess.py:92} INFO - 25/08/18 09:16:24 INFO SparkContext: Added file file:///home/***/.ivy2/jars/com.google.code.findbugs_jsr305-3.0.0.jar at file:///home/***/.ivy2/jars/com.google.code.findbugs_jsr305-3.0.0.jar with timestamp 1755508584270
[2025-08-18 09:16:24,871] {subprocess.py:92} INFO - 25/08/18 09:16:24 INFO Utils: Copying /home/***/.ivy2/jars/com.google.code.findbugs_jsr305-3.0.0.jar to /tmp/spark-1e3c4b89-50c7-4ba9-b753-e54595b30093/userFiles-27be58a3-ee70-4dc0-8121-8eaaeab16363/com.google.code.findbugs_jsr305-3.0.0.jar
[2025-08-18 09:16:24,874] {subprocess.py:92} INFO - 25/08/18 09:16:24 INFO SparkContext: Added file file:///home/***/.ivy2/jars/org.apache.commons_commons-pool2-2.11.1.jar at file:///home/***/.ivy2/jars/org.apache.commons_commons-pool2-2.11.1.jar with timestamp 1755508584270
[2025-08-18 09:16:24,875] {subprocess.py:92} INFO - 25/08/18 09:16:24 INFO Utils: Copying /home/***/.ivy2/jars/org.apache.commons_commons-pool2-2.11.1.jar to /tmp/spark-1e3c4b89-50c7-4ba9-b753-e54595b30093/userFiles-27be58a3-ee70-4dc0-8121-8eaaeab16363/org.apache.commons_commons-pool2-2.11.1.jar
[2025-08-18 09:16:24,879] {subprocess.py:92} INFO - 25/08/18 09:16:24 INFO SparkContext: Added file file:///home/***/.ivy2/jars/org.spark-project.spark_unused-1.0.0.jar at file:///home/***/.ivy2/jars/org.spark-project.spark_unused-1.0.0.jar with timestamp 1755508584270
[2025-08-18 09:16:24,879] {subprocess.py:92} INFO - 25/08/18 09:16:24 INFO Utils: Copying /home/***/.ivy2/jars/org.spark-project.spark_unused-1.0.0.jar to /tmp/spark-1e3c4b89-50c7-4ba9-b753-e54595b30093/userFiles-27be58a3-ee70-4dc0-8121-8eaaeab16363/org.spark-project.spark_unused-1.0.0.jar
[2025-08-18 09:16:24,882] {subprocess.py:92} INFO - 25/08/18 09:16:24 INFO SparkContext: Added file file:///home/***/.ivy2/jars/org.apache.hadoop_hadoop-client-runtime-3.3.2.jar at file:///home/***/.ivy2/jars/org.apache.hadoop_hadoop-client-runtime-3.3.2.jar with timestamp 1755508584270
[2025-08-18 09:16:24,882] {subprocess.py:92} INFO - 25/08/18 09:16:24 INFO Utils: Copying /home/***/.ivy2/jars/org.apache.hadoop_hadoop-client-runtime-3.3.2.jar to /tmp/spark-1e3c4b89-50c7-4ba9-b753-e54595b30093/userFiles-27be58a3-ee70-4dc0-8121-8eaaeab16363/org.apache.hadoop_hadoop-client-runtime-3.3.2.jar
[2025-08-18 09:16:24,907] {subprocess.py:92} INFO - 25/08/18 09:16:24 INFO SparkContext: Added file file:///home/***/.ivy2/jars/org.lz4_lz4-java-1.8.0.jar at file:///home/***/.ivy2/jars/org.lz4_lz4-java-1.8.0.jar with timestamp 1755508584270
[2025-08-18 09:16:24,907] {subprocess.py:92} INFO - 25/08/18 09:16:24 INFO Utils: Copying /home/***/.ivy2/jars/org.lz4_lz4-java-1.8.0.jar to /tmp/spark-1e3c4b89-50c7-4ba9-b753-e54595b30093/userFiles-27be58a3-ee70-4dc0-8121-8eaaeab16363/org.lz4_lz4-java-1.8.0.jar
[2025-08-18 09:16:24,911] {subprocess.py:92} INFO - 25/08/18 09:16:24 INFO SparkContext: Added file file:///home/***/.ivy2/jars/org.xerial.snappy_snappy-java-1.1.8.4.jar at file:///home/***/.ivy2/jars/org.xerial.snappy_snappy-java-1.1.8.4.jar with timestamp 1755508584270
[2025-08-18 09:16:24,911] {subprocess.py:92} INFO - 25/08/18 09:16:24 INFO Utils: Copying /home/***/.ivy2/jars/org.xerial.snappy_snappy-java-1.1.8.4.jar to /tmp/spark-1e3c4b89-50c7-4ba9-b753-e54595b30093/userFiles-27be58a3-ee70-4dc0-8121-8eaaeab16363/org.xerial.snappy_snappy-java-1.1.8.4.jar
[2025-08-18 09:16:24,915] {subprocess.py:92} INFO - 25/08/18 09:16:24 INFO SparkContext: Added file file:///home/***/.ivy2/jars/org.slf4j_slf4j-api-1.7.32.jar at file:///home/***/.ivy2/jars/org.slf4j_slf4j-api-1.7.32.jar with timestamp 1755508584270
[2025-08-18 09:16:24,915] {subprocess.py:92} INFO - 25/08/18 09:16:24 INFO Utils: Copying /home/***/.ivy2/jars/org.slf4j_slf4j-api-1.7.32.jar to /tmp/spark-1e3c4b89-50c7-4ba9-b753-e54595b30093/userFiles-27be58a3-ee70-4dc0-8121-8eaaeab16363/org.slf4j_slf4j-api-1.7.32.jar
[2025-08-18 09:16:24,918] {subprocess.py:92} INFO - 25/08/18 09:16:24 INFO SparkContext: Added file file:///home/***/.ivy2/jars/org.apache.hadoop_hadoop-client-api-3.3.2.jar at file:///home/***/.ivy2/jars/org.apache.hadoop_hadoop-client-api-3.3.2.jar with timestamp 1755508584270
[2025-08-18 09:16:24,918] {subprocess.py:92} INFO - 25/08/18 09:16:24 INFO Utils: Copying /home/***/.ivy2/jars/org.apache.hadoop_hadoop-client-api-3.3.2.jar to /tmp/spark-1e3c4b89-50c7-4ba9-b753-e54595b30093/userFiles-27be58a3-ee70-4dc0-8121-8eaaeab16363/org.apache.hadoop_hadoop-client-api-3.3.2.jar
[2025-08-18 09:16:24,937] {subprocess.py:92} INFO - 25/08/18 09:16:24 INFO SparkContext: Added file file:///home/***/.ivy2/jars/commons-logging_commons-logging-1.1.3.jar at file:///home/***/.ivy2/jars/commons-logging_commons-logging-1.1.3.jar with timestamp 1755508584270
[2025-08-18 09:16:24,938] {subprocess.py:92} INFO - 25/08/18 09:16:24 INFO Utils: Copying /home/***/.ivy2/jars/commons-logging_commons-logging-1.1.3.jar to /tmp/spark-1e3c4b89-50c7-4ba9-b753-e54595b30093/userFiles-27be58a3-ee70-4dc0-8121-8eaaeab16363/commons-logging_commons-logging-1.1.3.jar
[2025-08-18 09:16:24,985] {subprocess.py:92} INFO - 25/08/18 09:16:24 INFO Executor: Starting executor ID driver on host a4b544519f2b
[2025-08-18 09:16:24,991] {subprocess.py:92} INFO - 25/08/18 09:16:24 INFO Executor: Starting executor with user classpath (userClassPathFirst = false): ''
[2025-08-18 09:16:24,999] {subprocess.py:92} INFO - 25/08/18 09:16:24 INFO Executor: Fetching file:///home/***/.ivy2/jars/commons-logging_commons-logging-1.1.3.jar with timestamp 1755508584270
[2025-08-18 09:16:25,012] {subprocess.py:92} INFO - 25/08/18 09:16:25 INFO Utils: /home/***/.ivy2/jars/commons-logging_commons-logging-1.1.3.jar has been previously copied to /tmp/spark-1e3c4b89-50c7-4ba9-b753-e54595b30093/userFiles-27be58a3-ee70-4dc0-8121-8eaaeab16363/commons-logging_commons-logging-1.1.3.jar
[2025-08-18 09:16:25,016] {subprocess.py:92} INFO - 25/08/18 09:16:25 INFO Executor: Fetching file:///home/***/.ivy2/jars/org.spark-project.spark_unused-1.0.0.jar with timestamp 1755508584270
[2025-08-18 09:16:25,016] {subprocess.py:92} INFO - 25/08/18 09:16:25 INFO Utils: /home/***/.ivy2/jars/org.spark-project.spark_unused-1.0.0.jar has been previously copied to /tmp/spark-1e3c4b89-50c7-4ba9-b753-e54595b30093/userFiles-27be58a3-ee70-4dc0-8121-8eaaeab16363/org.spark-project.spark_unused-1.0.0.jar
[2025-08-18 09:16:25,019] {subprocess.py:92} INFO - 25/08/18 09:16:25 INFO Executor: Fetching file:///home/***/.ivy2/jars/org.apache.spark_spark-sql-kafka-0-10_2.12-3.3.1.jar with timestamp 1755508584270
[2025-08-18 09:16:25,022] {subprocess.py:92} INFO - 25/08/18 09:16:25 INFO Utils: /home/***/.ivy2/jars/org.apache.spark_spark-sql-kafka-0-10_2.12-3.3.1.jar has been previously copied to /tmp/spark-1e3c4b89-50c7-4ba9-b753-e54595b30093/userFiles-27be58a3-ee70-4dc0-8121-8eaaeab16363/org.apache.spark_spark-sql-kafka-0-10_2.12-3.3.1.jar
[2025-08-18 09:16:25,026] {subprocess.py:92} INFO - 25/08/18 09:16:25 INFO Executor: Fetching file:///home/***/.ivy2/jars/org.apache.hadoop_hadoop-client-api-3.3.2.jar with timestamp 1755508584270
[2025-08-18 09:16:25,041] {subprocess.py:92} INFO - 25/08/18 09:16:25 INFO Utils: /home/***/.ivy2/jars/org.apache.hadoop_hadoop-client-api-3.3.2.jar has been previously copied to /tmp/spark-1e3c4b89-50c7-4ba9-b753-e54595b30093/userFiles-27be58a3-ee70-4dc0-8121-8eaaeab16363/org.apache.hadoop_hadoop-client-api-3.3.2.jar
[2025-08-18 09:16:25,045] {subprocess.py:92} INFO - 25/08/18 09:16:25 INFO Executor: Fetching file:///home/***/.ivy2/jars/org.apache.hadoop_hadoop-client-runtime-3.3.2.jar with timestamp 1755508584270
[2025-08-18 09:16:25,061] {subprocess.py:92} INFO - 25/08/18 09:16:25 INFO Utils: /home/***/.ivy2/jars/org.apache.hadoop_hadoop-client-runtime-3.3.2.jar has been previously copied to /tmp/spark-1e3c4b89-50c7-4ba9-b753-e54595b30093/userFiles-27be58a3-ee70-4dc0-8121-8eaaeab16363/org.apache.hadoop_hadoop-client-runtime-3.3.2.jar
[2025-08-18 09:16:25,064] {subprocess.py:92} INFO - 25/08/18 09:16:25 INFO Executor: Fetching file:///home/***/.ivy2/jars/org.slf4j_slf4j-api-1.7.32.jar with timestamp 1755508584270
[2025-08-18 09:16:25,064] {subprocess.py:92} INFO - 25/08/18 09:16:25 INFO Utils: /home/***/.ivy2/jars/org.slf4j_slf4j-api-1.7.32.jar has been previously copied to /tmp/spark-1e3c4b89-50c7-4ba9-b753-e54595b30093/userFiles-27be58a3-ee70-4dc0-8121-8eaaeab16363/org.slf4j_slf4j-api-1.7.32.jar
[2025-08-18 09:16:25,068] {subprocess.py:92} INFO - 25/08/18 09:16:25 INFO Executor: Fetching file:///home/***/.ivy2/jars/org.lz4_lz4-java-1.8.0.jar with timestamp 1755508584270
[2025-08-18 09:16:25,069] {subprocess.py:92} INFO - 25/08/18 09:16:25 INFO Utils: /home/***/.ivy2/jars/org.lz4_lz4-java-1.8.0.jar has been previously copied to /tmp/spark-1e3c4b89-50c7-4ba9-b753-e54595b30093/userFiles-27be58a3-ee70-4dc0-8121-8eaaeab16363/org.lz4_lz4-java-1.8.0.jar
[2025-08-18 09:16:25,073] {subprocess.py:92} INFO - 25/08/18 09:16:25 INFO Executor: Fetching file:///home/***/.ivy2/jars/org.apache.commons_commons-pool2-2.11.1.jar with timestamp 1755508584270
[2025-08-18 09:16:25,074] {subprocess.py:92} INFO - 25/08/18 09:16:25 INFO Utils: /home/***/.ivy2/jars/org.apache.commons_commons-pool2-2.11.1.jar has been previously copied to /tmp/spark-1e3c4b89-50c7-4ba9-b753-e54595b30093/userFiles-27be58a3-ee70-4dc0-8121-8eaaeab16363/org.apache.commons_commons-pool2-2.11.1.jar
[2025-08-18 09:16:25,079] {subprocess.py:92} INFO - 25/08/18 09:16:25 INFO Executor: Fetching file:///home/***/.ivy2/jars/com.google.code.findbugs_jsr305-3.0.0.jar with timestamp 1755508584270
[2025-08-18 09:16:25,079] {subprocess.py:92} INFO - 25/08/18 09:16:25 INFO Utils: /home/***/.ivy2/jars/com.google.code.findbugs_jsr305-3.0.0.jar has been previously copied to /tmp/spark-1e3c4b89-50c7-4ba9-b753-e54595b30093/userFiles-27be58a3-ee70-4dc0-8121-8eaaeab16363/com.google.code.findbugs_jsr305-3.0.0.jar
[2025-08-18 09:16:25,082] {subprocess.py:92} INFO - 25/08/18 09:16:25 INFO Executor: Fetching file:///home/***/.ivy2/jars/org.apache.spark_spark-token-provider-kafka-0-10_2.12-3.3.1.jar with timestamp 1755508584270
[2025-08-18 09:16:25,083] {subprocess.py:92} INFO - 25/08/18 09:16:25 INFO Utils: /home/***/.ivy2/jars/org.apache.spark_spark-token-provider-kafka-0-10_2.12-3.3.1.jar has been previously copied to /tmp/spark-1e3c4b89-50c7-4ba9-b753-e54595b30093/userFiles-27be58a3-ee70-4dc0-8121-8eaaeab16363/org.apache.spark_spark-token-provider-kafka-0-10_2.12-3.3.1.jar
[2025-08-18 09:16:25,086] {subprocess.py:92} INFO - 25/08/18 09:16:25 INFO Executor: Fetching file:///home/***/.ivy2/jars/org.apache.kafka_kafka-clients-2.8.1.jar with timestamp 1755508584270
[2025-08-18 09:16:25,088] {subprocess.py:92} INFO - 25/08/18 09:16:25 INFO Utils: /home/***/.ivy2/jars/org.apache.kafka_kafka-clients-2.8.1.jar has been previously copied to /tmp/spark-1e3c4b89-50c7-4ba9-b753-e54595b30093/userFiles-27be58a3-ee70-4dc0-8121-8eaaeab16363/org.apache.kafka_kafka-clients-2.8.1.jar
[2025-08-18 09:16:25,091] {subprocess.py:92} INFO - 25/08/18 09:16:25 INFO Executor: Fetching file:///home/***/.ivy2/jars/org.xerial.snappy_snappy-java-1.1.8.4.jar with timestamp 1755508584270
[2025-08-18 09:16:25,095] {subprocess.py:92} INFO - 25/08/18 09:16:25 INFO Utils: /home/***/.ivy2/jars/org.xerial.snappy_snappy-java-1.1.8.4.jar has been previously copied to /tmp/spark-1e3c4b89-50c7-4ba9-b753-e54595b30093/userFiles-27be58a3-ee70-4dc0-8121-8eaaeab16363/org.xerial.snappy_snappy-java-1.1.8.4.jar
[2025-08-18 09:16:25,101] {subprocess.py:92} INFO - 25/08/18 09:16:25 INFO Executor: Fetching spark://a4b544519f2b:41269/jars/org.slf4j_slf4j-api-1.7.32.jar with timestamp 1755508584270
[2025-08-18 09:16:25,126] {subprocess.py:92} INFO - 25/08/18 09:16:25 INFO TransportClientFactory: Successfully created connection to a4b544519f2b/172.20.0.2:41269 after 17 ms (0 ms spent in bootstraps)
[2025-08-18 09:16:25,132] {subprocess.py:92} INFO - 25/08/18 09:16:25 INFO Utils: Fetching spark://a4b544519f2b:41269/jars/org.slf4j_slf4j-api-1.7.32.jar to /tmp/spark-1e3c4b89-50c7-4ba9-b753-e54595b30093/userFiles-27be58a3-ee70-4dc0-8121-8eaaeab16363/fetchFileTemp11343123948053882236.tmp
[2025-08-18 09:16:25,230] {subprocess.py:92} INFO - 25/08/18 09:16:25 INFO Utils: /tmp/spark-1e3c4b89-50c7-4ba9-b753-e54595b30093/userFiles-27be58a3-ee70-4dc0-8121-8eaaeab16363/fetchFileTemp11343123948053882236.tmp has been previously copied to /tmp/spark-1e3c4b89-50c7-4ba9-b753-e54595b30093/userFiles-27be58a3-ee70-4dc0-8121-8eaaeab16363/org.slf4j_slf4j-api-1.7.32.jar
[2025-08-18 09:16:25,235] {subprocess.py:92} INFO - 25/08/18 09:16:25 INFO Executor: Adding file:/tmp/spark-1e3c4b89-50c7-4ba9-b753-e54595b30093/userFiles-27be58a3-ee70-4dc0-8121-8eaaeab16363/org.slf4j_slf4j-api-1.7.32.jar to class loader
[2025-08-18 09:16:25,235] {subprocess.py:92} INFO - 25/08/18 09:16:25 INFO Executor: Fetching spark://a4b544519f2b:41269/jars/org.spark-project.spark_unused-1.0.0.jar with timestamp 1755508584270
[2025-08-18 09:16:25,236] {subprocess.py:92} INFO - 25/08/18 09:16:25 INFO Utils: Fetching spark://a4b544519f2b:41269/jars/org.spark-project.spark_unused-1.0.0.jar to /tmp/spark-1e3c4b89-50c7-4ba9-b753-e54595b30093/userFiles-27be58a3-ee70-4dc0-8121-8eaaeab16363/fetchFileTemp4817551370757874930.tmp
[2025-08-18 09:16:25,237] {subprocess.py:92} INFO - 25/08/18 09:16:25 INFO Utils: /tmp/spark-1e3c4b89-50c7-4ba9-b753-e54595b30093/userFiles-27be58a3-ee70-4dc0-8121-8eaaeab16363/fetchFileTemp4817551370757874930.tmp has been previously copied to /tmp/spark-1e3c4b89-50c7-4ba9-b753-e54595b30093/userFiles-27be58a3-ee70-4dc0-8121-8eaaeab16363/org.spark-project.spark_unused-1.0.0.jar
[2025-08-18 09:16:25,241] {subprocess.py:92} INFO - 25/08/18 09:16:25 INFO Executor: Adding file:/tmp/spark-1e3c4b89-50c7-4ba9-b753-e54595b30093/userFiles-27be58a3-ee70-4dc0-8121-8eaaeab16363/org.spark-project.spark_unused-1.0.0.jar to class loader
[2025-08-18 09:16:25,241] {subprocess.py:92} INFO - 25/08/18 09:16:25 INFO Executor: Fetching spark://a4b544519f2b:41269/jars/org.apache.commons_commons-pool2-2.11.1.jar with timestamp 1755508584270
[2025-08-18 09:16:25,242] {subprocess.py:92} INFO - 25/08/18 09:16:25 INFO Utils: Fetching spark://a4b544519f2b:41269/jars/org.apache.commons_commons-pool2-2.11.1.jar to /tmp/spark-1e3c4b89-50c7-4ba9-b753-e54595b30093/userFiles-27be58a3-ee70-4dc0-8121-8eaaeab16363/fetchFileTemp18331994952881467018.tmp
[2025-08-18 09:16:25,244] {subprocess.py:92} INFO - 25/08/18 09:16:25 INFO Utils: /tmp/spark-1e3c4b89-50c7-4ba9-b753-e54595b30093/userFiles-27be58a3-ee70-4dc0-8121-8eaaeab16363/fetchFileTemp18331994952881467018.tmp has been previously copied to /tmp/spark-1e3c4b89-50c7-4ba9-b753-e54595b30093/userFiles-27be58a3-ee70-4dc0-8121-8eaaeab16363/org.apache.commons_commons-pool2-2.11.1.jar
[2025-08-18 09:16:25,248] {subprocess.py:92} INFO - 25/08/18 09:16:25 INFO Executor: Adding file:/tmp/spark-1e3c4b89-50c7-4ba9-b753-e54595b30093/userFiles-27be58a3-ee70-4dc0-8121-8eaaeab16363/org.apache.commons_commons-pool2-2.11.1.jar to class loader
[2025-08-18 09:16:25,248] {subprocess.py:92} INFO - 25/08/18 09:16:25 INFO Executor: Fetching spark://a4b544519f2b:41269/jars/com.google.code.findbugs_jsr305-3.0.0.jar with timestamp 1755508584270
[2025-08-18 09:16:25,249] {subprocess.py:92} INFO - 25/08/18 09:16:25 INFO Utils: Fetching spark://a4b544519f2b:41269/jars/com.google.code.findbugs_jsr305-3.0.0.jar to /tmp/spark-1e3c4b89-50c7-4ba9-b753-e54595b30093/userFiles-27be58a3-ee70-4dc0-8121-8eaaeab16363/fetchFileTemp11698139492370024162.tmp
[2025-08-18 09:16:25,252] {subprocess.py:92} INFO - 25/08/18 09:16:25 INFO Utils: /tmp/spark-1e3c4b89-50c7-4ba9-b753-e54595b30093/userFiles-27be58a3-ee70-4dc0-8121-8eaaeab16363/fetchFileTemp11698139492370024162.tmp has been previously copied to /tmp/spark-1e3c4b89-50c7-4ba9-b753-e54595b30093/userFiles-27be58a3-ee70-4dc0-8121-8eaaeab16363/com.google.code.findbugs_jsr305-3.0.0.jar
[2025-08-18 09:16:25,257] {subprocess.py:92} INFO - 25/08/18 09:16:25 INFO Executor: Adding file:/tmp/spark-1e3c4b89-50c7-4ba9-b753-e54595b30093/userFiles-27be58a3-ee70-4dc0-8121-8eaaeab16363/com.google.code.findbugs_jsr305-3.0.0.jar to class loader
[2025-08-18 09:16:25,258] {subprocess.py:92} INFO - 25/08/18 09:16:25 INFO Executor: Fetching spark://a4b544519f2b:41269/jars/org.apache.spark_spark-sql-kafka-0-10_2.12-3.3.1.jar with timestamp 1755508584270
[2025-08-18 09:16:25,258] {subprocess.py:92} INFO - 25/08/18 09:16:25 INFO Utils: Fetching spark://a4b544519f2b:41269/jars/org.apache.spark_spark-sql-kafka-0-10_2.12-3.3.1.jar to /tmp/spark-1e3c4b89-50c7-4ba9-b753-e54595b30093/userFiles-27be58a3-ee70-4dc0-8121-8eaaeab16363/fetchFileTemp16218759569941423770.tmp
[2025-08-18 09:16:25,267] {subprocess.py:92} INFO - 25/08/18 09:16:25 INFO Utils: /tmp/spark-1e3c4b89-50c7-4ba9-b753-e54595b30093/userFiles-27be58a3-ee70-4dc0-8121-8eaaeab16363/fetchFileTemp16218759569941423770.tmp has been previously copied to /tmp/spark-1e3c4b89-50c7-4ba9-b753-e54595b30093/userFiles-27be58a3-ee70-4dc0-8121-8eaaeab16363/org.apache.spark_spark-sql-kafka-0-10_2.12-3.3.1.jar
[2025-08-18 09:16:25,272] {subprocess.py:92} INFO - 25/08/18 09:16:25 INFO Executor: Adding file:/tmp/spark-1e3c4b89-50c7-4ba9-b753-e54595b30093/userFiles-27be58a3-ee70-4dc0-8121-8eaaeab16363/org.apache.spark_spark-sql-kafka-0-10_2.12-3.3.1.jar to class loader
[2025-08-18 09:16:25,272] {subprocess.py:92} INFO - 25/08/18 09:16:25 INFO Executor: Fetching spark://a4b544519f2b:41269/jars/org.apache.hadoop_hadoop-client-api-3.3.2.jar with timestamp 1755508584270
[2025-08-18 09:16:25,273] {subprocess.py:92} INFO - 25/08/18 09:16:25 INFO Utils: Fetching spark://a4b544519f2b:41269/jars/org.apache.hadoop_hadoop-client-api-3.3.2.jar to /tmp/spark-1e3c4b89-50c7-4ba9-b753-e54595b30093/userFiles-27be58a3-ee70-4dc0-8121-8eaaeab16363/fetchFileTemp15951282072334409002.tmp
[2025-08-18 09:16:25,319] {subprocess.py:92} INFO - 25/08/18 09:16:25 INFO Utils: /tmp/spark-1e3c4b89-50c7-4ba9-b753-e54595b30093/userFiles-27be58a3-ee70-4dc0-8121-8eaaeab16363/fetchFileTemp15951282072334409002.tmp has been previously copied to /tmp/spark-1e3c4b89-50c7-4ba9-b753-e54595b30093/userFiles-27be58a3-ee70-4dc0-8121-8eaaeab16363/org.apache.hadoop_hadoop-client-api-3.3.2.jar
[2025-08-18 09:16:25,323] {subprocess.py:92} INFO - 25/08/18 09:16:25 INFO Executor: Adding file:/tmp/spark-1e3c4b89-50c7-4ba9-b753-e54595b30093/userFiles-27be58a3-ee70-4dc0-8121-8eaaeab16363/org.apache.hadoop_hadoop-client-api-3.3.2.jar to class loader
[2025-08-18 09:16:25,324] {subprocess.py:92} INFO - 25/08/18 09:16:25 INFO Executor: Fetching spark://a4b544519f2b:41269/jars/org.apache.spark_spark-token-provider-kafka-0-10_2.12-3.3.1.jar with timestamp 1755508584270
[2025-08-18 09:16:25,324] {subprocess.py:92} INFO - 25/08/18 09:16:25 INFO Utils: Fetching spark://a4b544519f2b:41269/jars/org.apache.spark_spark-token-provider-kafka-0-10_2.12-3.3.1.jar to /tmp/spark-1e3c4b89-50c7-4ba9-b753-e54595b30093/userFiles-27be58a3-ee70-4dc0-8121-8eaaeab16363/fetchFileTemp12770610391647896733.tmp
[2025-08-18 09:16:25,326] {subprocess.py:92} INFO - 25/08/18 09:16:25 INFO Utils: /tmp/spark-1e3c4b89-50c7-4ba9-b753-e54595b30093/userFiles-27be58a3-ee70-4dc0-8121-8eaaeab16363/fetchFileTemp12770610391647896733.tmp has been previously copied to /tmp/spark-1e3c4b89-50c7-4ba9-b753-e54595b30093/userFiles-27be58a3-ee70-4dc0-8121-8eaaeab16363/org.apache.spark_spark-token-provider-kafka-0-10_2.12-3.3.1.jar
[2025-08-18 09:16:25,330] {subprocess.py:92} INFO - 25/08/18 09:16:25 INFO Executor: Adding file:/tmp/spark-1e3c4b89-50c7-4ba9-b753-e54595b30093/userFiles-27be58a3-ee70-4dc0-8121-8eaaeab16363/org.apache.spark_spark-token-provider-kafka-0-10_2.12-3.3.1.jar to class loader
[2025-08-18 09:16:25,331] {subprocess.py:92} INFO - 25/08/18 09:16:25 INFO Executor: Fetching spark://a4b544519f2b:41269/jars/org.apache.hadoop_hadoop-client-runtime-3.3.2.jar with timestamp 1755508584270
[2025-08-18 09:16:25,331] {subprocess.py:92} INFO - 25/08/18 09:16:25 INFO Utils: Fetching spark://a4b544519f2b:41269/jars/org.apache.hadoop_hadoop-client-runtime-3.3.2.jar to /tmp/spark-1e3c4b89-50c7-4ba9-b753-e54595b30093/userFiles-27be58a3-ee70-4dc0-8121-8eaaeab16363/fetchFileTemp8177417284263191350.tmp
[2025-08-18 09:16:25,407] {subprocess.py:92} INFO - 25/08/18 09:16:25 INFO Utils: /tmp/spark-1e3c4b89-50c7-4ba9-b753-e54595b30093/userFiles-27be58a3-ee70-4dc0-8121-8eaaeab16363/fetchFileTemp8177417284263191350.tmp has been previously copied to /tmp/spark-1e3c4b89-50c7-4ba9-b753-e54595b30093/userFiles-27be58a3-ee70-4dc0-8121-8eaaeab16363/org.apache.hadoop_hadoop-client-runtime-3.3.2.jar
[2025-08-18 09:16:25,412] {subprocess.py:92} INFO - 25/08/18 09:16:25 INFO Executor: Adding file:/tmp/spark-1e3c4b89-50c7-4ba9-b753-e54595b30093/userFiles-27be58a3-ee70-4dc0-8121-8eaaeab16363/org.apache.hadoop_hadoop-client-runtime-3.3.2.jar to class loader
[2025-08-18 09:16:25,413] {subprocess.py:92} INFO - 25/08/18 09:16:25 INFO Executor: Fetching spark://a4b544519f2b:41269/jars/org.lz4_lz4-java-1.8.0.jar with timestamp 1755508584270
[2025-08-18 09:16:25,413] {subprocess.py:92} INFO - 25/08/18 09:16:25 INFO Utils: Fetching spark://a4b544519f2b:41269/jars/org.lz4_lz4-java-1.8.0.jar to /tmp/spark-1e3c4b89-50c7-4ba9-b753-e54595b30093/userFiles-27be58a3-ee70-4dc0-8121-8eaaeab16363/fetchFileTemp272080397335707576.tmp
[2025-08-18 09:16:25,417] {subprocess.py:92} INFO - 25/08/18 09:16:25 INFO Utils: /tmp/spark-1e3c4b89-50c7-4ba9-b753-e54595b30093/userFiles-27be58a3-ee70-4dc0-8121-8eaaeab16363/fetchFileTemp272080397335707576.tmp has been previously copied to /tmp/spark-1e3c4b89-50c7-4ba9-b753-e54595b30093/userFiles-27be58a3-ee70-4dc0-8121-8eaaeab16363/org.lz4_lz4-java-1.8.0.jar
[2025-08-18 09:16:25,420] {subprocess.py:92} INFO - 25/08/18 09:16:25 INFO Executor: Adding file:/tmp/spark-1e3c4b89-50c7-4ba9-b753-e54595b30093/userFiles-27be58a3-ee70-4dc0-8121-8eaaeab16363/org.lz4_lz4-java-1.8.0.jar to class loader
[2025-08-18 09:16:25,420] {subprocess.py:92} INFO - 25/08/18 09:16:25 INFO Executor: Fetching spark://a4b544519f2b:41269/jars/org.xerial.snappy_snappy-java-1.1.8.4.jar with timestamp 1755508584270
[2025-08-18 09:16:25,421] {subprocess.py:92} INFO - 25/08/18 09:16:25 INFO Utils: Fetching spark://a4b544519f2b:41269/jars/org.xerial.snappy_snappy-java-1.1.8.4.jar to /tmp/spark-1e3c4b89-50c7-4ba9-b753-e54595b30093/userFiles-27be58a3-ee70-4dc0-8121-8eaaeab16363/fetchFileTemp15768452998914224855.tmp
[2025-08-18 09:16:25,428] {subprocess.py:92} INFO - 25/08/18 09:16:25 INFO Utils: /tmp/spark-1e3c4b89-50c7-4ba9-b753-e54595b30093/userFiles-27be58a3-ee70-4dc0-8121-8eaaeab16363/fetchFileTemp15768452998914224855.tmp has been previously copied to /tmp/spark-1e3c4b89-50c7-4ba9-b753-e54595b30093/userFiles-27be58a3-ee70-4dc0-8121-8eaaeab16363/org.xerial.snappy_snappy-java-1.1.8.4.jar
[2025-08-18 09:16:25,434] {subprocess.py:92} INFO - 25/08/18 09:16:25 INFO Executor: Adding file:/tmp/spark-1e3c4b89-50c7-4ba9-b753-e54595b30093/userFiles-27be58a3-ee70-4dc0-8121-8eaaeab16363/org.xerial.snappy_snappy-java-1.1.8.4.jar to class loader
[2025-08-18 09:16:25,435] {subprocess.py:92} INFO - 25/08/18 09:16:25 INFO Executor: Fetching spark://a4b544519f2b:41269/jars/org.apache.kafka_kafka-clients-2.8.1.jar with timestamp 1755508584270
[2025-08-18 09:16:25,436] {subprocess.py:92} INFO - 25/08/18 09:16:25 INFO Utils: Fetching spark://a4b544519f2b:41269/jars/org.apache.kafka_kafka-clients-2.8.1.jar to /tmp/spark-1e3c4b89-50c7-4ba9-b753-e54595b30093/userFiles-27be58a3-ee70-4dc0-8121-8eaaeab16363/fetchFileTemp16175773647138399100.tmp
[2025-08-18 09:16:25,452] {subprocess.py:92} INFO - 25/08/18 09:16:25 INFO Utils: /tmp/spark-1e3c4b89-50c7-4ba9-b753-e54595b30093/userFiles-27be58a3-ee70-4dc0-8121-8eaaeab16363/fetchFileTemp16175773647138399100.tmp has been previously copied to /tmp/spark-1e3c4b89-50c7-4ba9-b753-e54595b30093/userFiles-27be58a3-ee70-4dc0-8121-8eaaeab16363/org.apache.kafka_kafka-clients-2.8.1.jar
[2025-08-18 09:16:25,456] {subprocess.py:92} INFO - 25/08/18 09:16:25 INFO Executor: Adding file:/tmp/spark-1e3c4b89-50c7-4ba9-b753-e54595b30093/userFiles-27be58a3-ee70-4dc0-8121-8eaaeab16363/org.apache.kafka_kafka-clients-2.8.1.jar to class loader
[2025-08-18 09:16:25,456] {subprocess.py:92} INFO - 25/08/18 09:16:25 INFO Executor: Fetching spark://a4b544519f2b:41269/jars/commons-logging_commons-logging-1.1.3.jar with timestamp 1755508584270
[2025-08-18 09:16:25,456] {subprocess.py:92} INFO - 25/08/18 09:16:25 INFO Utils: Fetching spark://a4b544519f2b:41269/jars/commons-logging_commons-logging-1.1.3.jar to /tmp/spark-1e3c4b89-50c7-4ba9-b753-e54595b30093/userFiles-27be58a3-ee70-4dc0-8121-8eaaeab16363/fetchFileTemp10384386733275149034.tmp
[2025-08-18 09:16:25,458] {subprocess.py:92} INFO - 25/08/18 09:16:25 INFO Utils: /tmp/spark-1e3c4b89-50c7-4ba9-b753-e54595b30093/userFiles-27be58a3-ee70-4dc0-8121-8eaaeab16363/fetchFileTemp10384386733275149034.tmp has been previously copied to /tmp/spark-1e3c4b89-50c7-4ba9-b753-e54595b30093/userFiles-27be58a3-ee70-4dc0-8121-8eaaeab16363/commons-logging_commons-logging-1.1.3.jar
[2025-08-18 09:16:25,461] {subprocess.py:92} INFO - 25/08/18 09:16:25 INFO Executor: Adding file:/tmp/spark-1e3c4b89-50c7-4ba9-b753-e54595b30093/userFiles-27be58a3-ee70-4dc0-8121-8eaaeab16363/commons-logging_commons-logging-1.1.3.jar to class loader
[2025-08-18 09:16:25,469] {subprocess.py:92} INFO - 25/08/18 09:16:25 INFO Utils: Successfully started service 'org.apache.spark.network.netty.NettyBlockTransferService' on port 38609.
[2025-08-18 09:16:25,469] {subprocess.py:92} INFO - 25/08/18 09:16:25 INFO NettyBlockTransferService: Server created on a4b544519f2b:38609
[2025-08-18 09:16:25,471] {subprocess.py:92} INFO - 25/08/18 09:16:25 INFO BlockManager: Using org.apache.spark.storage.RandomBlockReplicationPolicy for block replication policy
[2025-08-18 09:16:25,475] {subprocess.py:92} INFO - 25/08/18 09:16:25 INFO BlockManagerMaster: Registering BlockManager BlockManagerId(driver, a4b544519f2b, 38609, None)
[2025-08-18 09:16:25,479] {subprocess.py:92} INFO - 25/08/18 09:16:25 INFO BlockManagerMasterEndpoint: Registering block manager a4b544519f2b:38609 with 434.4 MiB RAM, BlockManagerId(driver, a4b544519f2b, 38609, None)
[2025-08-18 09:16:25,481] {subprocess.py:92} INFO - 25/08/18 09:16:25 INFO BlockManagerMaster: Registered BlockManager BlockManagerId(driver, a4b544519f2b, 38609, None)
[2025-08-18 09:16:25,482] {subprocess.py:92} INFO - 25/08/18 09:16:25 INFO BlockManager: Initialized BlockManager: BlockManagerId(driver, a4b544519f2b, 38609, None)
[2025-08-18 09:16:25,731] {subprocess.py:92} INFO - Connexion à Kafka...
[2025-08-18 09:16:27,130] {subprocess.py:92} INFO - Connexion Kafka réussie (kafka:9092)
[2025-08-18 09:16:27,131] {subprocess.py:92} INFO - Transformation des données JSON...
[2025-08-18 09:16:27,346] {subprocess.py:92} INFO - Démarrage du streaming vers HDFS...
[2025-08-18 09:16:27,926] {subprocess.py:92} INFO - Streaming actif - Données météo sauvegardées dans HDFS:/data/weather
[2025-08-18 09:16:31,020] {subprocess.py:92} INFO - 25/08/18 09:16:31 ERROR FileFormatWriter: Aborting job e779b533-1f93-4018-bc5d-f8835f5d8cdd.
[2025-08-18 09:16:31,020] {subprocess.py:92} INFO - java.lang.IllegalStateException: Race while writing batch 25
[2025-08-18 09:16:31,020] {subprocess.py:92} INFO - 	at org.apache.spark.sql.execution.streaming.ManifestFileCommitProtocol.commitJob(ManifestFileCommitProtocol.scala:79)
[2025-08-18 09:16:31,020] {subprocess.py:92} INFO - 	at org.apache.spark.sql.execution.datasources.FileFormatWriter$.$anonfun$write$25(FileFormatWriter.scala:267)
[2025-08-18 09:16:31,020] {subprocess.py:92} INFO - 	at scala.runtime.java8.JFunction0$mcV$sp.apply(JFunction0$mcV$sp.java:23)
[2025-08-18 09:16:31,021] {subprocess.py:92} INFO - 	at org.apache.spark.util.Utils$.timeTakenMs(Utils.scala:642)
[2025-08-18 09:16:31,021] {subprocess.py:92} INFO - 	at org.apache.spark.sql.execution.datasources.FileFormatWriter$.write(FileFormatWriter.scala:267)
[2025-08-18 09:16:31,021] {subprocess.py:92} INFO - 	at org.apache.spark.sql.execution.streaming.FileStreamSink.addBatch(FileStreamSink.scala:181)
[2025-08-18 09:16:31,021] {subprocess.py:92} INFO - 	at org.apache.spark.sql.execution.streaming.MicroBatchExecution.$anonfun$runBatch$17(MicroBatchExecution.scala:666)
[2025-08-18 09:16:31,021] {subprocess.py:92} INFO - 	at org.apache.spark.sql.execution.SQLExecution$.$anonfun$withNewExecutionId$6(SQLExecution.scala:109)
[2025-08-18 09:16:31,021] {subprocess.py:92} INFO - 	at org.apache.spark.sql.execution.SQLExecution$.withSQLConfPropagated(SQLExecution.scala:169)
[2025-08-18 09:16:31,021] {subprocess.py:92} INFO - 	at org.apache.spark.sql.execution.SQLExecution$.$anonfun$withNewExecutionId$1(SQLExecution.scala:95)
[2025-08-18 09:16:31,021] {subprocess.py:92} INFO - 	at org.apache.spark.sql.SparkSession.withActive(SparkSession.scala:779)
[2025-08-18 09:16:31,021] {subprocess.py:92} INFO - 	at org.apache.spark.sql.execution.SQLExecution$.withNewExecutionId(SQLExecution.scala:64)
[2025-08-18 09:16:31,021] {subprocess.py:92} INFO - 	at org.apache.spark.sql.execution.streaming.MicroBatchExecution.$anonfun$runBatch$16(MicroBatchExecution.scala:664)
[2025-08-18 09:16:31,021] {subprocess.py:92} INFO - 	at org.apache.spark.sql.execution.streaming.ProgressReporter.reportTimeTaken(ProgressReporter.scala:375)
[2025-08-18 09:16:31,022] {subprocess.py:92} INFO - 	at org.apache.spark.sql.execution.streaming.ProgressReporter.reportTimeTaken$(ProgressReporter.scala:373)
[2025-08-18 09:16:31,022] {subprocess.py:92} INFO - 	at org.apache.spark.sql.execution.streaming.StreamExecution.reportTimeTaken(StreamExecution.scala:68)
[2025-08-18 09:16:31,022] {subprocess.py:92} INFO - 	at org.apache.spark.sql.execution.streaming.MicroBatchExecution.runBatch(MicroBatchExecution.scala:664)
[2025-08-18 09:16:31,022] {subprocess.py:92} INFO - 	at org.apache.spark.sql.execution.streaming.MicroBatchExecution.$anonfun$runActivatedStream$2(MicroBatchExecution.scala:256)
[2025-08-18 09:16:31,022] {subprocess.py:92} INFO - 	at scala.runtime.java8.JFunction0$mcV$sp.apply(JFunction0$mcV$sp.java:23)
[2025-08-18 09:16:31,022] {subprocess.py:92} INFO - 	at org.apache.spark.sql.execution.streaming.ProgressReporter.reportTimeTaken(ProgressReporter.scala:375)
[2025-08-18 09:16:31,022] {subprocess.py:92} INFO - 	at org.apache.spark.sql.execution.streaming.ProgressReporter.reportTimeTaken$(ProgressReporter.scala:373)
[2025-08-18 09:16:31,022] {subprocess.py:92} INFO - 	at org.apache.spark.sql.execution.streaming.StreamExecution.reportTimeTaken(StreamExecution.scala:68)
[2025-08-18 09:16:31,022] {subprocess.py:92} INFO - 	at org.apache.spark.sql.execution.streaming.MicroBatchExecution.$anonfun$runActivatedStream$1(MicroBatchExecution.scala:219)
[2025-08-18 09:16:31,022] {subprocess.py:92} INFO - 	at org.apache.spark.sql.execution.streaming.ProcessingTimeExecutor.execute(TriggerExecutor.scala:67)
[2025-08-18 09:16:31,022] {subprocess.py:92} INFO - 	at org.apache.spark.sql.execution.streaming.MicroBatchExecution.runActivatedStream(MicroBatchExecution.scala:213)
[2025-08-18 09:16:31,022] {subprocess.py:92} INFO - 	at org.apache.spark.sql.execution.streaming.StreamExecution.$anonfun$runStream$1(StreamExecution.scala:307)
[2025-08-18 09:16:31,022] {subprocess.py:92} INFO - 	at scala.runtime.java8.JFunction0$mcV$sp.apply(JFunction0$mcV$sp.java:23)
[2025-08-18 09:16:31,022] {subprocess.py:92} INFO - 	at org.apache.spark.sql.SparkSession.withActive(SparkSession.scala:779)
[2025-08-18 09:16:31,023] {subprocess.py:92} INFO - 	at org.apache.spark.sql.execution.streaming.StreamExecution.org$apache$spark$sql$execution$streaming$StreamExecution$$runStream(StreamExecution.scala:285)
[2025-08-18 09:16:31,023] {subprocess.py:92} INFO - 	at org.apache.spark.sql.execution.streaming.StreamExecution$$anon$1.run(StreamExecution.scala:208)
[2025-08-18 09:16:31,028] {subprocess.py:92} INFO - 25/08/18 09:16:31 ERROR MicroBatchExecution: Query [id = 8bb46a74-6ffa-4764-a9c6-2e4a331d8211, runId = 9c1d02e2-6f42-4f11-9598-1a205e0ad248] terminated with error
[2025-08-18 09:16:31,028] {subprocess.py:92} INFO - org.apache.spark.SparkException: Job aborted.
[2025-08-18 09:16:31,028] {subprocess.py:92} INFO - 	at org.apache.spark.sql.errors.QueryExecutionErrors$.jobAbortedError(QueryExecutionErrors.scala:651)
[2025-08-18 09:16:31,028] {subprocess.py:92} INFO - 	at org.apache.spark.sql.execution.datasources.FileFormatWriter$.write(FileFormatWriter.scala:278)
[2025-08-18 09:16:31,028] {subprocess.py:92} INFO - 	at org.apache.spark.sql.execution.streaming.FileStreamSink.addBatch(FileStreamSink.scala:181)
[2025-08-18 09:16:31,028] {subprocess.py:92} INFO - 	at org.apache.spark.sql.execution.streaming.MicroBatchExecution.$anonfun$runBatch$17(MicroBatchExecution.scala:666)
[2025-08-18 09:16:31,028] {subprocess.py:92} INFO - 	at org.apache.spark.sql.execution.SQLExecution$.$anonfun$withNewExecutionId$6(SQLExecution.scala:109)
[2025-08-18 09:16:31,028] {subprocess.py:92} INFO - 	at org.apache.spark.sql.execution.SQLExecution$.withSQLConfPropagated(SQLExecution.scala:169)
[2025-08-18 09:16:31,028] {subprocess.py:92} INFO - 	at org.apache.spark.sql.execution.SQLExecution$.$anonfun$withNewExecutionId$1(SQLExecution.scala:95)
[2025-08-18 09:16:31,028] {subprocess.py:92} INFO - 	at org.apache.spark.sql.SparkSession.withActive(SparkSession.scala:779)
[2025-08-18 09:16:31,028] {subprocess.py:92} INFO - 	at org.apache.spark.sql.execution.SQLExecution$.withNewExecutionId(SQLExecution.scala:64)
[2025-08-18 09:16:31,028] {subprocess.py:92} INFO - 	at org.apache.spark.sql.execution.streaming.MicroBatchExecution.$anonfun$runBatch$16(MicroBatchExecution.scala:664)
[2025-08-18 09:16:31,028] {subprocess.py:92} INFO - 	at org.apache.spark.sql.execution.streaming.ProgressReporter.reportTimeTaken(ProgressReporter.scala:375)
[2025-08-18 09:16:31,029] {subprocess.py:92} INFO - 	at org.apache.spark.sql.execution.streaming.ProgressReporter.reportTimeTaken$(ProgressReporter.scala:373)
[2025-08-18 09:16:31,029] {subprocess.py:92} INFO - 	at org.apache.spark.sql.execution.streaming.StreamExecution.reportTimeTaken(StreamExecution.scala:68)
[2025-08-18 09:16:31,029] {subprocess.py:92} INFO - 	at org.apache.spark.sql.execution.streaming.MicroBatchExecution.runBatch(MicroBatchExecution.scala:664)
[2025-08-18 09:16:31,029] {subprocess.py:92} INFO - 	at org.apache.spark.sql.execution.streaming.MicroBatchExecution.$anonfun$runActivatedStream$2(MicroBatchExecution.scala:256)
[2025-08-18 09:16:31,029] {subprocess.py:92} INFO - 	at scala.runtime.java8.JFunction0$mcV$sp.apply(JFunction0$mcV$sp.java:23)
[2025-08-18 09:16:31,029] {subprocess.py:92} INFO - 	at org.apache.spark.sql.execution.streaming.ProgressReporter.reportTimeTaken(ProgressReporter.scala:375)
[2025-08-18 09:16:31,029] {subprocess.py:92} INFO - 	at org.apache.spark.sql.execution.streaming.ProgressReporter.reportTimeTaken$(ProgressReporter.scala:373)
[2025-08-18 09:16:31,029] {subprocess.py:92} INFO - 	at org.apache.spark.sql.execution.streaming.StreamExecution.reportTimeTaken(StreamExecution.scala:68)
[2025-08-18 09:16:31,029] {subprocess.py:92} INFO - 	at org.apache.spark.sql.execution.streaming.MicroBatchExecution.$anonfun$runActivatedStream$1(MicroBatchExecution.scala:219)
[2025-08-18 09:16:31,029] {subprocess.py:92} INFO - 	at org.apache.spark.sql.execution.streaming.ProcessingTimeExecutor.execute(TriggerExecutor.scala:67)
[2025-08-18 09:16:31,029] {subprocess.py:92} INFO - 	at org.apache.spark.sql.execution.streaming.MicroBatchExecution.runActivatedStream(MicroBatchExecution.scala:213)
[2025-08-18 09:16:31,029] {subprocess.py:92} INFO - 	at org.apache.spark.sql.execution.streaming.StreamExecution.$anonfun$runStream$1(StreamExecution.scala:307)
[2025-08-18 09:16:31,029] {subprocess.py:92} INFO - 	at scala.runtime.java8.JFunction0$mcV$sp.apply(JFunction0$mcV$sp.java:23)
[2025-08-18 09:16:31,029] {subprocess.py:92} INFO - 	at org.apache.spark.sql.SparkSession.withActive(SparkSession.scala:779)
[2025-08-18 09:16:31,029] {subprocess.py:92} INFO - 	at org.apache.spark.sql.execution.streaming.StreamExecution.org$apache$spark$sql$execution$streaming$StreamExecution$$runStream(StreamExecution.scala:285)
[2025-08-18 09:16:31,029] {subprocess.py:92} INFO - 	at org.apache.spark.sql.execution.streaming.StreamExecution$$anon$1.run(StreamExecution.scala:208)
[2025-08-18 09:16:31,029] {subprocess.py:92} INFO - Caused by: java.lang.IllegalStateException: Race while writing batch 25
[2025-08-18 09:16:31,029] {subprocess.py:92} INFO - 	at org.apache.spark.sql.execution.streaming.ManifestFileCommitProtocol.commitJob(ManifestFileCommitProtocol.scala:79)
[2025-08-18 09:16:31,029] {subprocess.py:92} INFO - 	at org.apache.spark.sql.execution.datasources.FileFormatWriter$.$anonfun$write$25(FileFormatWriter.scala:267)
[2025-08-18 09:16:31,029] {subprocess.py:92} INFO - 	at scala.runtime.java8.JFunction0$mcV$sp.apply(JFunction0$mcV$sp.java:23)
[2025-08-18 09:16:31,030] {subprocess.py:92} INFO - 	at org.apache.spark.util.Utils$.timeTakenMs(Utils.scala:642)
[2025-08-18 09:16:31,030] {subprocess.py:92} INFO - 	at org.apache.spark.sql.execution.datasources.FileFormatWriter$.write(FileFormatWriter.scala:267)
[2025-08-18 09:16:31,030] {subprocess.py:92} INFO - 	... 25 more
[2025-08-18 09:16:31,076] {subprocess.py:92} INFO - Traceback (most recent call last):
[2025-08-18 09:16:31,076] {subprocess.py:92} INFO -   File "/opt/***/scripts/pyspark/streaming.py", line 60, in <module>
[2025-08-18 09:16:31,076] {subprocess.py:92} INFO -     query.awaitTermination()
[2025-08-18 09:16:31,076] {subprocess.py:92} INFO -   File "/opt/spark-3.3.1-bin-hadoop3/python/lib/pyspark.zip/pyspark/sql/streaming.py", line 107, in awaitTermination
[2025-08-18 09:16:31,076] {subprocess.py:92} INFO -   File "/opt/spark-3.3.1-bin-hadoop3/python/lib/py4j-0.10.9.5-src.zip/py4j/java_gateway.py", line 1322, in __call__
[2025-08-18 09:16:31,076] {subprocess.py:92} INFO -   File "/opt/spark-3.3.1-bin-hadoop3/python/lib/pyspark.zip/pyspark/sql/utils.py", line 196, in deco
[2025-08-18 09:16:31,081] {subprocess.py:92} INFO - pyspark.sql.utils.StreamingQueryException: Query [id = 8bb46a74-6ffa-4764-a9c6-2e4a331d8211, runId = 9c1d02e2-6f42-4f11-9598-1a205e0ad248] terminated with exception: Job aborted.
[2025-08-18 09:16:31,237] {subprocess.py:96} INFO - Command exited with return code 1
[2025-08-18 09:16:31,252] {taskinstance.py:1889} ERROR - Task failed with exception
Traceback (most recent call last):
  File "/home/airflow/.local/lib/python3.7/site-packages/airflow/operators/bash.py", line 195, in execute
    f'Bash command failed. The command returned a non-zero exit code {result.exit_code}.'
airflow.exceptions.AirflowException: Bash command failed. The command returned a non-zero exit code 1.
[2025-08-18 09:16:31,258] {taskinstance.py:1400} INFO - Marking task as UP_FOR_RETRY. dag_id=send_weather_to_kafka, task_id=stream_hdfs, execution_date=20250818T091547, start_date=20250818T091620, end_date=20250818T091631
[2025-08-18 09:16:31,270] {standard_task_runner.py:97} ERROR - Failed to execute job 272 for task stream_hdfs (Bash command failed. The command returned a non-zero exit code 1.; 714)
[2025-08-18 09:16:31,297] {local_task_job.py:156} INFO - Task exited with return code 1
[2025-08-18 09:16:31,335] {local_task_job.py:273} INFO - 0 downstream tasks scheduled from follow-on schedule check
