[2025-08-19 03:10:07,339] {taskinstance.py:1159} INFO - Dependencies all met for <TaskInstance: send_weather_to_kafka.stream_hdfs manual__2025-08-19T03:09:31.215439+00:00 [queued]>
[2025-08-19 03:10:07,356] {taskinstance.py:1159} INFO - Dependencies all met for <TaskInstance: send_weather_to_kafka.stream_hdfs manual__2025-08-19T03:09:31.215439+00:00 [queued]>
[2025-08-19 03:10:07,356] {taskinstance.py:1356} INFO - 
--------------------------------------------------------------------------------
[2025-08-19 03:10:07,356] {taskinstance.py:1357} INFO - Starting attempt 1 of 2
[2025-08-19 03:10:07,356] {taskinstance.py:1358} INFO - 
--------------------------------------------------------------------------------
[2025-08-19 03:10:07,377] {taskinstance.py:1377} INFO - Executing <Task(BashOperator): stream_hdfs> on 2025-08-19 03:09:31.215439+00:00
[2025-08-19 03:10:07,384] {standard_task_runner.py:52} INFO - Started process 11579 to run task
[2025-08-19 03:10:07,388] {standard_task_runner.py:79} INFO - Running: ['***', 'tasks', 'run', 'send_weather_to_kafka', 'stream_hdfs', 'manual__2025-08-19T03:09:31.215439+00:00', '--job-id', '321', '--raw', '--subdir', 'DAGS_FOLDER/dag_meteo.py', '--cfg-path', '/tmp/tmp29y1af77', '--error-file', '/tmp/tmp36n032rm']
[2025-08-19 03:10:07,390] {standard_task_runner.py:80} INFO - Job 321: Subtask stream_hdfs
[2025-08-19 03:10:07,471] {task_command.py:369} INFO - Running <TaskInstance: send_weather_to_kafka.stream_hdfs manual__2025-08-19T03:09:31.215439+00:00 [running]> on host a4b544519f2b
[2025-08-19 03:10:07,590] {taskinstance.py:1571} INFO - Exporting the following env vars:
AIRFLOW_CTX_DAG_OWNER=***
AIRFLOW_CTX_DAG_ID=send_weather_to_kafka
AIRFLOW_CTX_TASK_ID=stream_hdfs
AIRFLOW_CTX_EXECUTION_DATE=2025-08-19T03:09:31.215439+00:00
AIRFLOW_CTX_TRY_NUMBER=1
AIRFLOW_CTX_DAG_RUN_ID=manual__2025-08-19T03:09:31.215439+00:00
[2025-08-19 03:10:07,591] {subprocess.py:62} INFO - Tmp dir root location: 
 /tmp
[2025-08-19 03:10:07,591] {subprocess.py:74} INFO - Running command: ['bash', '-c', '\n/home/***/.local/bin/spark-submit   --master local[*]   --conf spark.hadoop.fs.defaultFS=hdfs://namenode:9000   --conf spark.hadoop.dfs.client.use.datanode.hostname=true   --conf spark.sql.adaptive.enabled=false   --packages org.apache.spark:spark-sql-kafka-0-10_2.12:3.3.1   /opt/***/scripts/pyspark/streaming.py']
[2025-08-19 03:10:07,607] {subprocess.py:85} INFO - Output:
[2025-08-19 03:10:07,628] {subprocess.py:92} INFO - /opt/spark-3.3.1-bin-hadoop3/bin/load-spark-env.sh: line 68: ps: command not found
[2025-08-19 03:10:09,819] {subprocess.py:92} INFO - :: loading settings :: url = jar:file:/opt/spark-3.3.1-bin-hadoop3/jars/ivy-2.5.0.jar!/org/apache/ivy/core/settings/ivysettings.xml
[2025-08-19 03:10:09,981] {subprocess.py:92} INFO - Ivy Default Cache set to: /home/***/.ivy2/cache
[2025-08-19 03:10:09,982] {subprocess.py:92} INFO - The jars for the packages stored in: /home/***/.ivy2/jars
[2025-08-19 03:10:09,987] {subprocess.py:92} INFO - org.apache.spark#spark-sql-kafka-0-10_2.12 added as a dependency
[2025-08-19 03:10:09,988] {subprocess.py:92} INFO - :: resolving dependencies :: org.apache.spark#spark-submit-parent-ddb3eb6a-1d9d-4e21-9883-938ea180e2d2;1.0
[2025-08-19 03:10:09,988] {subprocess.py:92} INFO - 	confs: [default]
[2025-08-19 03:10:10,182] {subprocess.py:92} INFO - 	found org.apache.spark#spark-sql-kafka-0-10_2.12;3.3.1 in spark-list
[2025-08-19 03:10:10,269] {subprocess.py:92} INFO - 	found org.apache.spark#spark-token-provider-kafka-0-10_2.12;3.3.1 in central
[2025-08-19 03:10:10,323] {subprocess.py:92} INFO - 	found org.apache.kafka#kafka-clients;2.8.1 in central
[2025-08-19 03:10:10,381] {subprocess.py:92} INFO - 	found org.lz4#lz4-java;1.8.0 in spark-list
[2025-08-19 03:10:10,422] {subprocess.py:92} INFO - 	found org.xerial.snappy#snappy-java;1.1.8.4 in central
[2025-08-19 03:10:10,461] {subprocess.py:92} INFO - 	found org.slf4j#slf4j-api;1.7.32 in central
[2025-08-19 03:10:10,524] {subprocess.py:92} INFO - 	found org.apache.hadoop#hadoop-client-runtime;3.3.2 in central
[2025-08-19 03:10:10,554] {subprocess.py:92} INFO - 	found org.spark-project.spark#unused;1.0.0 in central
[2025-08-19 03:10:10,605] {subprocess.py:92} INFO - 	found org.apache.hadoop#hadoop-client-api;3.3.2 in central
[2025-08-19 03:10:10,643] {subprocess.py:92} INFO - 	found commons-logging#commons-logging;1.1.3 in central
[2025-08-19 03:10:10,674] {subprocess.py:92} INFO - 	found com.google.code.findbugs#jsr305;3.0.0 in central
[2025-08-19 03:10:10,705] {subprocess.py:92} INFO - 	found org.apache.commons#commons-pool2;2.11.1 in central
[2025-08-19 03:10:10,751] {subprocess.py:92} INFO - :: resolution report :: resolve 747ms :: artifacts dl 15ms
[2025-08-19 03:10:10,751] {subprocess.py:92} INFO - 	:: modules in use:
[2025-08-19 03:10:10,751] {subprocess.py:92} INFO - 	com.google.code.findbugs#jsr305;3.0.0 from central in [default]
[2025-08-19 03:10:10,751] {subprocess.py:92} INFO - 	commons-logging#commons-logging;1.1.3 from central in [default]
[2025-08-19 03:10:10,751] {subprocess.py:92} INFO - 	org.apache.commons#commons-pool2;2.11.1 from central in [default]
[2025-08-19 03:10:10,752] {subprocess.py:92} INFO - 	org.apache.hadoop#hadoop-client-api;3.3.2 from central in [default]
[2025-08-19 03:10:10,752] {subprocess.py:92} INFO - 	org.apache.hadoop#hadoop-client-runtime;3.3.2 from central in [default]
[2025-08-19 03:10:10,752] {subprocess.py:92} INFO - 	org.apache.kafka#kafka-clients;2.8.1 from central in [default]
[2025-08-19 03:10:10,752] {subprocess.py:92} INFO - 	org.apache.spark#spark-sql-kafka-0-10_2.12;3.3.1 from spark-list in [default]
[2025-08-19 03:10:10,752] {subprocess.py:92} INFO - 	org.apache.spark#spark-token-provider-kafka-0-10_2.12;3.3.1 from central in [default]
[2025-08-19 03:10:10,752] {subprocess.py:92} INFO - 	org.lz4#lz4-java;1.8.0 from spark-list in [default]
[2025-08-19 03:10:10,752] {subprocess.py:92} INFO - 	org.slf4j#slf4j-api;1.7.32 from central in [default]
[2025-08-19 03:10:10,752] {subprocess.py:92} INFO - 	org.spark-project.spark#unused;1.0.0 from central in [default]
[2025-08-19 03:10:10,753] {subprocess.py:92} INFO - 	org.xerial.snappy#snappy-java;1.1.8.4 from central in [default]
[2025-08-19 03:10:10,753] {subprocess.py:92} INFO - 	---------------------------------------------------------------------
[2025-08-19 03:10:10,753] {subprocess.py:92} INFO - 	|                  |            modules            ||   artifacts   |
[2025-08-19 03:10:10,753] {subprocess.py:92} INFO - 	|       conf       | number| search|dwnlded|evicted|| number|dwnlded|
[2025-08-19 03:10:10,753] {subprocess.py:92} INFO - 	---------------------------------------------------------------------
[2025-08-19 03:10:10,753] {subprocess.py:92} INFO - 	|      default     |   12  |   0   |   0   |   0   ||   12  |   0   |
[2025-08-19 03:10:10,753] {subprocess.py:92} INFO - 	---------------------------------------------------------------------
[2025-08-19 03:10:10,758] {subprocess.py:92} INFO - :: retrieving :: org.apache.spark#spark-submit-parent-ddb3eb6a-1d9d-4e21-9883-938ea180e2d2
[2025-08-19 03:10:10,759] {subprocess.py:92} INFO - 	confs: [default]
[2025-08-19 03:10:10,767] {subprocess.py:92} INFO - 	0 artifacts copied, 12 already retrieved (0kB/9ms)
[2025-08-19 03:10:11,239] {subprocess.py:92} INFO - 25/08/19 03:10:11 WARN NativeCodeLoader: Unable to load native-hadoop library for your platform... using builtin-java classes where applicable
[2025-08-19 03:10:13,228] {subprocess.py:92} INFO - 25/08/19 03:10:13 INFO SparkContext: Running Spark version 3.3.1
[2025-08-19 03:10:13,280] {subprocess.py:92} INFO - 25/08/19 03:10:13 INFO ResourceUtils: ==============================================================
[2025-08-19 03:10:13,282] {subprocess.py:92} INFO - 25/08/19 03:10:13 INFO ResourceUtils: No custom resources configured for spark.driver.
[2025-08-19 03:10:13,283] {subprocess.py:92} INFO - 25/08/19 03:10:13 INFO ResourceUtils: ==============================================================
[2025-08-19 03:10:13,284] {subprocess.py:92} INFO - 25/08/19 03:10:13 INFO SparkContext: Submitted application: KafkaToHDFSWeather
[2025-08-19 03:10:13,335] {subprocess.py:92} INFO - 25/08/19 03:10:13 INFO ResourceProfile: Default ResourceProfile created, executor resources: Map(cores -> name: cores, amount: 1, script: , vendor: , memory -> name: memory, amount: 1024, script: , vendor: , offHeap -> name: offHeap, amount: 0, script: , vendor: ), task resources: Map(cpus -> name: cpus, amount: 1.0)
[2025-08-19 03:10:13,355] {subprocess.py:92} INFO - 25/08/19 03:10:13 INFO ResourceProfile: Limiting resource is cpu
[2025-08-19 03:10:13,356] {subprocess.py:92} INFO - 25/08/19 03:10:13 INFO ResourceProfileManager: Added ResourceProfile id: 0
[2025-08-19 03:10:13,436] {subprocess.py:92} INFO - 25/08/19 03:10:13 INFO SecurityManager: Changing view acls to: ***
[2025-08-19 03:10:13,437] {subprocess.py:92} INFO - 25/08/19 03:10:13 INFO SecurityManager: Changing modify acls to: ***
[2025-08-19 03:10:13,437] {subprocess.py:92} INFO - 25/08/19 03:10:13 INFO SecurityManager: Changing view acls groups to:
[2025-08-19 03:10:13,438] {subprocess.py:92} INFO - 25/08/19 03:10:13 INFO SecurityManager: Changing modify acls groups to:
[2025-08-19 03:10:13,438] {subprocess.py:92} INFO - 25/08/19 03:10:13 INFO SecurityManager: SecurityManager: authentication disabled; ui acls disabled; users  with view permissions: Set(***); groups with view permissions: Set(); users  with modify permissions: Set(***); groups with modify permissions: Set()
[2025-08-19 03:10:13,888] {subprocess.py:92} INFO - 25/08/19 03:10:13 INFO Utils: Successfully started service 'sparkDriver' on port 41899.
[2025-08-19 03:10:13,936] {subprocess.py:92} INFO - 25/08/19 03:10:13 INFO SparkEnv: Registering MapOutputTracker
[2025-08-19 03:10:13,986] {subprocess.py:92} INFO - 25/08/19 03:10:13 INFO SparkEnv: Registering BlockManagerMaster
[2025-08-19 03:10:14,013] {subprocess.py:92} INFO - 25/08/19 03:10:14 INFO BlockManagerMasterEndpoint: Using org.apache.spark.storage.DefaultTopologyMapper for getting topology information
[2025-08-19 03:10:14,014] {subprocess.py:92} INFO - 25/08/19 03:10:14 INFO BlockManagerMasterEndpoint: BlockManagerMasterEndpoint up
[2025-08-19 03:10:14,020] {subprocess.py:92} INFO - 25/08/19 03:10:14 INFO SparkEnv: Registering BlockManagerMasterHeartbeat
[2025-08-19 03:10:14,055] {subprocess.py:92} INFO - 25/08/19 03:10:14 INFO DiskBlockManager: Created local directory at /tmp/blockmgr-b855a9c4-f1eb-452f-8575-a864c198998b
[2025-08-19 03:10:14,079] {subprocess.py:92} INFO - 25/08/19 03:10:14 INFO MemoryStore: MemoryStore started with capacity 434.4 MiB
[2025-08-19 03:10:14,101] {subprocess.py:92} INFO - 25/08/19 03:10:14 INFO SparkEnv: Registering OutputCommitCoordinator
[2025-08-19 03:10:14,421] {subprocess.py:92} INFO - 25/08/19 03:10:14 INFO Utils: Successfully started service 'SparkUI' on port 4040.
[2025-08-19 03:10:14,480] {subprocess.py:92} INFO - 25/08/19 03:10:14 INFO SparkContext: Added JAR file:///home/***/.ivy2/jars/org.apache.spark_spark-sql-kafka-0-10_2.12-3.3.1.jar at spark://a4b544519f2b:41899/jars/org.apache.spark_spark-sql-kafka-0-10_2.12-3.3.1.jar with timestamp 1755573013211
[2025-08-19 03:10:14,481] {subprocess.py:92} INFO - 25/08/19 03:10:14 INFO SparkContext: Added JAR file:///home/***/.ivy2/jars/org.apache.spark_spark-token-provider-kafka-0-10_2.12-3.3.1.jar at spark://a4b544519f2b:41899/jars/org.apache.spark_spark-token-provider-kafka-0-10_2.12-3.3.1.jar with timestamp 1755573013211
[2025-08-19 03:10:14,481] {subprocess.py:92} INFO - 25/08/19 03:10:14 INFO SparkContext: Added JAR file:///home/***/.ivy2/jars/org.apache.kafka_kafka-clients-2.8.1.jar at spark://a4b544519f2b:41899/jars/org.apache.kafka_kafka-clients-2.8.1.jar with timestamp 1755573013211
[2025-08-19 03:10:14,481] {subprocess.py:92} INFO - 25/08/19 03:10:14 INFO SparkContext: Added JAR file:///home/***/.ivy2/jars/com.google.code.findbugs_jsr305-3.0.0.jar at spark://a4b544519f2b:41899/jars/com.google.code.findbugs_jsr305-3.0.0.jar with timestamp 1755573013211
[2025-08-19 03:10:14,481] {subprocess.py:92} INFO - 25/08/19 03:10:14 INFO SparkContext: Added JAR file:///home/***/.ivy2/jars/org.apache.commons_commons-pool2-2.11.1.jar at spark://a4b544519f2b:41899/jars/org.apache.commons_commons-pool2-2.11.1.jar with timestamp 1755573013211
[2025-08-19 03:10:14,481] {subprocess.py:92} INFO - 25/08/19 03:10:14 INFO SparkContext: Added JAR file:///home/***/.ivy2/jars/org.spark-project.spark_unused-1.0.0.jar at spark://a4b544519f2b:41899/jars/org.spark-project.spark_unused-1.0.0.jar with timestamp 1755573013211
[2025-08-19 03:10:14,481] {subprocess.py:92} INFO - 25/08/19 03:10:14 INFO SparkContext: Added JAR file:///home/***/.ivy2/jars/org.apache.hadoop_hadoop-client-runtime-3.3.2.jar at spark://a4b544519f2b:41899/jars/org.apache.hadoop_hadoop-client-runtime-3.3.2.jar with timestamp 1755573013211
[2025-08-19 03:10:14,481] {subprocess.py:92} INFO - 25/08/19 03:10:14 INFO SparkContext: Added JAR file:///home/***/.ivy2/jars/org.lz4_lz4-java-1.8.0.jar at spark://a4b544519f2b:41899/jars/org.lz4_lz4-java-1.8.0.jar with timestamp 1755573013211
[2025-08-19 03:10:14,482] {subprocess.py:92} INFO - 25/08/19 03:10:14 INFO SparkContext: Added JAR file:///home/***/.ivy2/jars/org.xerial.snappy_snappy-java-1.1.8.4.jar at spark://a4b544519f2b:41899/jars/org.xerial.snappy_snappy-java-1.1.8.4.jar with timestamp 1755573013211
[2025-08-19 03:10:14,482] {subprocess.py:92} INFO - 25/08/19 03:10:14 INFO SparkContext: Added JAR file:///home/***/.ivy2/jars/org.slf4j_slf4j-api-1.7.32.jar at spark://a4b544519f2b:41899/jars/org.slf4j_slf4j-api-1.7.32.jar with timestamp 1755573013211
[2025-08-19 03:10:14,482] {subprocess.py:92} INFO - 25/08/19 03:10:14 INFO SparkContext: Added JAR file:///home/***/.ivy2/jars/org.apache.hadoop_hadoop-client-api-3.3.2.jar at spark://a4b544519f2b:41899/jars/org.apache.hadoop_hadoop-client-api-3.3.2.jar with timestamp 1755573013211
[2025-08-19 03:10:14,482] {subprocess.py:92} INFO - 25/08/19 03:10:14 INFO SparkContext: Added JAR file:///home/***/.ivy2/jars/commons-logging_commons-logging-1.1.3.jar at spark://a4b544519f2b:41899/jars/commons-logging_commons-logging-1.1.3.jar with timestamp 1755573013211
[2025-08-19 03:10:14,484] {subprocess.py:92} INFO - 25/08/19 03:10:14 INFO SparkContext: Added file file:///home/***/.ivy2/jars/org.apache.spark_spark-sql-kafka-0-10_2.12-3.3.1.jar at file:///home/***/.ivy2/jars/org.apache.spark_spark-sql-kafka-0-10_2.12-3.3.1.jar with timestamp 1755573013211
[2025-08-19 03:10:14,486] {subprocess.py:92} INFO - 25/08/19 03:10:14 INFO Utils: Copying /home/***/.ivy2/jars/org.apache.spark_spark-sql-kafka-0-10_2.12-3.3.1.jar to /tmp/spark-3eed290f-21b9-4b18-8a94-302d72e0d5d5/userFiles-785953de-6c65-4a3f-99be-82464ac82235/org.apache.spark_spark-sql-kafka-0-10_2.12-3.3.1.jar
[2025-08-19 03:10:14,500] {subprocess.py:92} INFO - 25/08/19 03:10:14 INFO SparkContext: Added file file:///home/***/.ivy2/jars/org.apache.spark_spark-token-provider-kafka-0-10_2.12-3.3.1.jar at file:///home/***/.ivy2/jars/org.apache.spark_spark-token-provider-kafka-0-10_2.12-3.3.1.jar with timestamp 1755573013211
[2025-08-19 03:10:14,501] {subprocess.py:92} INFO - 25/08/19 03:10:14 INFO Utils: Copying /home/***/.ivy2/jars/org.apache.spark_spark-token-provider-kafka-0-10_2.12-3.3.1.jar to /tmp/spark-3eed290f-21b9-4b18-8a94-302d72e0d5d5/userFiles-785953de-6c65-4a3f-99be-82464ac82235/org.apache.spark_spark-token-provider-kafka-0-10_2.12-3.3.1.jar
[2025-08-19 03:10:14,508] {subprocess.py:92} INFO - 25/08/19 03:10:14 INFO SparkContext: Added file file:///home/***/.ivy2/jars/org.apache.kafka_kafka-clients-2.8.1.jar at file:///home/***/.ivy2/jars/org.apache.kafka_kafka-clients-2.8.1.jar with timestamp 1755573013211
[2025-08-19 03:10:14,509] {subprocess.py:92} INFO - 25/08/19 03:10:14 INFO Utils: Copying /home/***/.ivy2/jars/org.apache.kafka_kafka-clients-2.8.1.jar to /tmp/spark-3eed290f-21b9-4b18-8a94-302d72e0d5d5/userFiles-785953de-6c65-4a3f-99be-82464ac82235/org.apache.kafka_kafka-clients-2.8.1.jar
[2025-08-19 03:10:14,525] {subprocess.py:92} INFO - 25/08/19 03:10:14 INFO SparkContext: Added file file:///home/***/.ivy2/jars/com.google.code.findbugs_jsr305-3.0.0.jar at file:///home/***/.ivy2/jars/com.google.code.findbugs_jsr305-3.0.0.jar with timestamp 1755573013211
[2025-08-19 03:10:14,525] {subprocess.py:92} INFO - 25/08/19 03:10:14 INFO Utils: Copying /home/***/.ivy2/jars/com.google.code.findbugs_jsr305-3.0.0.jar to /tmp/spark-3eed290f-21b9-4b18-8a94-302d72e0d5d5/userFiles-785953de-6c65-4a3f-99be-82464ac82235/com.google.code.findbugs_jsr305-3.0.0.jar
[2025-08-19 03:10:14,532] {subprocess.py:92} INFO - 25/08/19 03:10:14 INFO SparkContext: Added file file:///home/***/.ivy2/jars/org.apache.commons_commons-pool2-2.11.1.jar at file:///home/***/.ivy2/jars/org.apache.commons_commons-pool2-2.11.1.jar with timestamp 1755573013211
[2025-08-19 03:10:14,533] {subprocess.py:92} INFO - 25/08/19 03:10:14 INFO Utils: Copying /home/***/.ivy2/jars/org.apache.commons_commons-pool2-2.11.1.jar to /tmp/spark-3eed290f-21b9-4b18-8a94-302d72e0d5d5/userFiles-785953de-6c65-4a3f-99be-82464ac82235/org.apache.commons_commons-pool2-2.11.1.jar
[2025-08-19 03:10:14,541] {subprocess.py:92} INFO - 25/08/19 03:10:14 INFO SparkContext: Added file file:///home/***/.ivy2/jars/org.spark-project.spark_unused-1.0.0.jar at file:///home/***/.ivy2/jars/org.spark-project.spark_unused-1.0.0.jar with timestamp 1755573013211
[2025-08-19 03:10:14,541] {subprocess.py:92} INFO - 25/08/19 03:10:14 INFO Utils: Copying /home/***/.ivy2/jars/org.spark-project.spark_unused-1.0.0.jar to /tmp/spark-3eed290f-21b9-4b18-8a94-302d72e0d5d5/userFiles-785953de-6c65-4a3f-99be-82464ac82235/org.spark-project.spark_unused-1.0.0.jar
[2025-08-19 03:10:14,547] {subprocess.py:92} INFO - 25/08/19 03:10:14 INFO SparkContext: Added file file:///home/***/.ivy2/jars/org.apache.hadoop_hadoop-client-runtime-3.3.2.jar at file:///home/***/.ivy2/jars/org.apache.hadoop_hadoop-client-runtime-3.3.2.jar with timestamp 1755573013211
[2025-08-19 03:10:14,548] {subprocess.py:92} INFO - 25/08/19 03:10:14 INFO Utils: Copying /home/***/.ivy2/jars/org.apache.hadoop_hadoop-client-runtime-3.3.2.jar to /tmp/spark-3eed290f-21b9-4b18-8a94-302d72e0d5d5/userFiles-785953de-6c65-4a3f-99be-82464ac82235/org.apache.hadoop_hadoop-client-runtime-3.3.2.jar
[2025-08-19 03:10:14,601] {subprocess.py:92} INFO - 25/08/19 03:10:14 INFO SparkContext: Added file file:///home/***/.ivy2/jars/org.lz4_lz4-java-1.8.0.jar at file:///home/***/.ivy2/jars/org.lz4_lz4-java-1.8.0.jar with timestamp 1755573013211
[2025-08-19 03:10:14,601] {subprocess.py:92} INFO - 25/08/19 03:10:14 INFO Utils: Copying /home/***/.ivy2/jars/org.lz4_lz4-java-1.8.0.jar to /tmp/spark-3eed290f-21b9-4b18-8a94-302d72e0d5d5/userFiles-785953de-6c65-4a3f-99be-82464ac82235/org.lz4_lz4-java-1.8.0.jar
[2025-08-19 03:10:14,607] {subprocess.py:92} INFO - 25/08/19 03:10:14 INFO SparkContext: Added file file:///home/***/.ivy2/jars/org.xerial.snappy_snappy-java-1.1.8.4.jar at file:///home/***/.ivy2/jars/org.xerial.snappy_snappy-java-1.1.8.4.jar with timestamp 1755573013211
[2025-08-19 03:10:14,608] {subprocess.py:92} INFO - 25/08/19 03:10:14 INFO Utils: Copying /home/***/.ivy2/jars/org.xerial.snappy_snappy-java-1.1.8.4.jar to /tmp/spark-3eed290f-21b9-4b18-8a94-302d72e0d5d5/userFiles-785953de-6c65-4a3f-99be-82464ac82235/org.xerial.snappy_snappy-java-1.1.8.4.jar
[2025-08-19 03:10:14,618] {subprocess.py:92} INFO - 25/08/19 03:10:14 INFO SparkContext: Added file file:///home/***/.ivy2/jars/org.slf4j_slf4j-api-1.7.32.jar at file:///home/***/.ivy2/jars/org.slf4j_slf4j-api-1.7.32.jar with timestamp 1755573013211
[2025-08-19 03:10:14,618] {subprocess.py:92} INFO - 25/08/19 03:10:14 INFO Utils: Copying /home/***/.ivy2/jars/org.slf4j_slf4j-api-1.7.32.jar to /tmp/spark-3eed290f-21b9-4b18-8a94-302d72e0d5d5/userFiles-785953de-6c65-4a3f-99be-82464ac82235/org.slf4j_slf4j-api-1.7.32.jar
[2025-08-19 03:10:14,625] {subprocess.py:92} INFO - 25/08/19 03:10:14 INFO SparkContext: Added file file:///home/***/.ivy2/jars/org.apache.hadoop_hadoop-client-api-3.3.2.jar at file:///home/***/.ivy2/jars/org.apache.hadoop_hadoop-client-api-3.3.2.jar with timestamp 1755573013211
[2025-08-19 03:10:14,625] {subprocess.py:92} INFO - 25/08/19 03:10:14 INFO Utils: Copying /home/***/.ivy2/jars/org.apache.hadoop_hadoop-client-api-3.3.2.jar to /tmp/spark-3eed290f-21b9-4b18-8a94-302d72e0d5d5/userFiles-785953de-6c65-4a3f-99be-82464ac82235/org.apache.hadoop_hadoop-client-api-3.3.2.jar
[2025-08-19 03:10:14,659] {subprocess.py:92} INFO - 25/08/19 03:10:14 INFO SparkContext: Added file file:///home/***/.ivy2/jars/commons-logging_commons-logging-1.1.3.jar at file:///home/***/.ivy2/jars/commons-logging_commons-logging-1.1.3.jar with timestamp 1755573013211
[2025-08-19 03:10:14,660] {subprocess.py:92} INFO - 25/08/19 03:10:14 INFO Utils: Copying /home/***/.ivy2/jars/commons-logging_commons-logging-1.1.3.jar to /tmp/spark-3eed290f-21b9-4b18-8a94-302d72e0d5d5/userFiles-785953de-6c65-4a3f-99be-82464ac82235/commons-logging_commons-logging-1.1.3.jar
[2025-08-19 03:10:14,748] {subprocess.py:92} INFO - 25/08/19 03:10:14 INFO Executor: Starting executor ID driver on host a4b544519f2b
[2025-08-19 03:10:14,755] {subprocess.py:92} INFO - 25/08/19 03:10:14 INFO Executor: Starting executor with user classpath (userClassPathFirst = false): ''
[2025-08-19 03:10:14,770] {subprocess.py:92} INFO - 25/08/19 03:10:14 INFO Executor: Fetching file:///home/***/.ivy2/jars/commons-logging_commons-logging-1.1.3.jar with timestamp 1755573013211
[2025-08-19 03:10:14,797] {subprocess.py:92} INFO - 25/08/19 03:10:14 INFO Utils: /home/***/.ivy2/jars/commons-logging_commons-logging-1.1.3.jar has been previously copied to /tmp/spark-3eed290f-21b9-4b18-8a94-302d72e0d5d5/userFiles-785953de-6c65-4a3f-99be-82464ac82235/commons-logging_commons-logging-1.1.3.jar
[2025-08-19 03:10:14,802] {subprocess.py:92} INFO - 25/08/19 03:10:14 INFO Executor: Fetching file:///home/***/.ivy2/jars/org.spark-project.spark_unused-1.0.0.jar with timestamp 1755573013211
[2025-08-19 03:10:14,803] {subprocess.py:92} INFO - 25/08/19 03:10:14 INFO Utils: /home/***/.ivy2/jars/org.spark-project.spark_unused-1.0.0.jar has been previously copied to /tmp/spark-3eed290f-21b9-4b18-8a94-302d72e0d5d5/userFiles-785953de-6c65-4a3f-99be-82464ac82235/org.spark-project.spark_unused-1.0.0.jar
[2025-08-19 03:10:14,808] {subprocess.py:92} INFO - 25/08/19 03:10:14 INFO Executor: Fetching file:///home/***/.ivy2/jars/org.apache.spark_spark-sql-kafka-0-10_2.12-3.3.1.jar with timestamp 1755573013211
[2025-08-19 03:10:14,814] {subprocess.py:92} INFO - 25/08/19 03:10:14 INFO Utils: /home/***/.ivy2/jars/org.apache.spark_spark-sql-kafka-0-10_2.12-3.3.1.jar has been previously copied to /tmp/spark-3eed290f-21b9-4b18-8a94-302d72e0d5d5/userFiles-785953de-6c65-4a3f-99be-82464ac82235/org.apache.spark_spark-sql-kafka-0-10_2.12-3.3.1.jar
[2025-08-19 03:10:14,819] {subprocess.py:92} INFO - 25/08/19 03:10:14 INFO Executor: Fetching file:///home/***/.ivy2/jars/org.apache.hadoop_hadoop-client-api-3.3.2.jar with timestamp 1755573013211
[2025-08-19 03:10:14,838] {subprocess.py:92} INFO - 25/08/19 03:10:14 INFO Utils: /home/***/.ivy2/jars/org.apache.hadoop_hadoop-client-api-3.3.2.jar has been previously copied to /tmp/spark-3eed290f-21b9-4b18-8a94-302d72e0d5d5/userFiles-785953de-6c65-4a3f-99be-82464ac82235/org.apache.hadoop_hadoop-client-api-3.3.2.jar
[2025-08-19 03:10:14,844] {subprocess.py:92} INFO - 25/08/19 03:10:14 INFO Executor: Fetching file:///home/***/.ivy2/jars/org.apache.hadoop_hadoop-client-runtime-3.3.2.jar with timestamp 1755573013211
[2025-08-19 03:10:14,884] {subprocess.py:92} INFO - 25/08/19 03:10:14 INFO Utils: /home/***/.ivy2/jars/org.apache.hadoop_hadoop-client-runtime-3.3.2.jar has been previously copied to /tmp/spark-3eed290f-21b9-4b18-8a94-302d72e0d5d5/userFiles-785953de-6c65-4a3f-99be-82464ac82235/org.apache.hadoop_hadoop-client-runtime-3.3.2.jar
[2025-08-19 03:10:14,890] {subprocess.py:92} INFO - 25/08/19 03:10:14 INFO Executor: Fetching file:///home/***/.ivy2/jars/org.slf4j_slf4j-api-1.7.32.jar with timestamp 1755573013211
[2025-08-19 03:10:14,891] {subprocess.py:92} INFO - 25/08/19 03:10:14 INFO Utils: /home/***/.ivy2/jars/org.slf4j_slf4j-api-1.7.32.jar has been previously copied to /tmp/spark-3eed290f-21b9-4b18-8a94-302d72e0d5d5/userFiles-785953de-6c65-4a3f-99be-82464ac82235/org.slf4j_slf4j-api-1.7.32.jar
[2025-08-19 03:10:14,898] {subprocess.py:92} INFO - 25/08/19 03:10:14 INFO Executor: Fetching file:///home/***/.ivy2/jars/org.lz4_lz4-java-1.8.0.jar with timestamp 1755573013211
[2025-08-19 03:10:14,900] {subprocess.py:92} INFO - 25/08/19 03:10:14 INFO Utils: /home/***/.ivy2/jars/org.lz4_lz4-java-1.8.0.jar has been previously copied to /tmp/spark-3eed290f-21b9-4b18-8a94-302d72e0d5d5/userFiles-785953de-6c65-4a3f-99be-82464ac82235/org.lz4_lz4-java-1.8.0.jar
[2025-08-19 03:10:14,907] {subprocess.py:92} INFO - 25/08/19 03:10:14 INFO Executor: Fetching file:///home/***/.ivy2/jars/org.apache.commons_commons-pool2-2.11.1.jar with timestamp 1755573013211
[2025-08-19 03:10:14,908] {subprocess.py:92} INFO - 25/08/19 03:10:14 INFO Utils: /home/***/.ivy2/jars/org.apache.commons_commons-pool2-2.11.1.jar has been previously copied to /tmp/spark-3eed290f-21b9-4b18-8a94-302d72e0d5d5/userFiles-785953de-6c65-4a3f-99be-82464ac82235/org.apache.commons_commons-pool2-2.11.1.jar
[2025-08-19 03:10:14,915] {subprocess.py:92} INFO - 25/08/19 03:10:14 INFO Executor: Fetching file:///home/***/.ivy2/jars/com.google.code.findbugs_jsr305-3.0.0.jar with timestamp 1755573013211
[2025-08-19 03:10:14,915] {subprocess.py:92} INFO - 25/08/19 03:10:14 INFO Utils: /home/***/.ivy2/jars/com.google.code.findbugs_jsr305-3.0.0.jar has been previously copied to /tmp/spark-3eed290f-21b9-4b18-8a94-302d72e0d5d5/userFiles-785953de-6c65-4a3f-99be-82464ac82235/com.google.code.findbugs_jsr305-3.0.0.jar
[2025-08-19 03:10:14,921] {subprocess.py:92} INFO - 25/08/19 03:10:14 INFO Executor: Fetching file:///home/***/.ivy2/jars/org.apache.spark_spark-token-provider-kafka-0-10_2.12-3.3.1.jar with timestamp 1755573013211
[2025-08-19 03:10:14,922] {subprocess.py:92} INFO - 25/08/19 03:10:14 INFO Utils: /home/***/.ivy2/jars/org.apache.spark_spark-token-provider-kafka-0-10_2.12-3.3.1.jar has been previously copied to /tmp/spark-3eed290f-21b9-4b18-8a94-302d72e0d5d5/userFiles-785953de-6c65-4a3f-99be-82464ac82235/org.apache.spark_spark-token-provider-kafka-0-10_2.12-3.3.1.jar
[2025-08-19 03:10:14,928] {subprocess.py:92} INFO - 25/08/19 03:10:14 INFO Executor: Fetching file:///home/***/.ivy2/jars/org.apache.kafka_kafka-clients-2.8.1.jar with timestamp 1755573013211
[2025-08-19 03:10:14,936] {subprocess.py:92} INFO - 25/08/19 03:10:14 INFO Utils: /home/***/.ivy2/jars/org.apache.kafka_kafka-clients-2.8.1.jar has been previously copied to /tmp/spark-3eed290f-21b9-4b18-8a94-302d72e0d5d5/userFiles-785953de-6c65-4a3f-99be-82464ac82235/org.apache.kafka_kafka-clients-2.8.1.jar
[2025-08-19 03:10:14,942] {subprocess.py:92} INFO - 25/08/19 03:10:14 INFO Executor: Fetching file:///home/***/.ivy2/jars/org.xerial.snappy_snappy-java-1.1.8.4.jar with timestamp 1755573013211
[2025-08-19 03:10:14,945] {subprocess.py:92} INFO - 25/08/19 03:10:14 INFO Utils: /home/***/.ivy2/jars/org.xerial.snappy_snappy-java-1.1.8.4.jar has been previously copied to /tmp/spark-3eed290f-21b9-4b18-8a94-302d72e0d5d5/userFiles-785953de-6c65-4a3f-99be-82464ac82235/org.xerial.snappy_snappy-java-1.1.8.4.jar
[2025-08-19 03:10:14,952] {subprocess.py:92} INFO - 25/08/19 03:10:14 INFO Executor: Fetching spark://a4b544519f2b:41899/jars/org.xerial.snappy_snappy-java-1.1.8.4.jar with timestamp 1755573013211
[2025-08-19 03:10:15,009] {subprocess.py:92} INFO - 25/08/19 03:10:15 INFO TransportClientFactory: Successfully created connection to a4b544519f2b/172.20.0.2:41899 after 39 ms (0 ms spent in bootstraps)
[2025-08-19 03:10:15,019] {subprocess.py:92} INFO - 25/08/19 03:10:15 INFO Utils: Fetching spark://a4b544519f2b:41899/jars/org.xerial.snappy_snappy-java-1.1.8.4.jar to /tmp/spark-3eed290f-21b9-4b18-8a94-302d72e0d5d5/userFiles-785953de-6c65-4a3f-99be-82464ac82235/fetchFileTemp12713354680765570430.tmp
[2025-08-19 03:10:15,081] {subprocess.py:92} INFO - 25/08/19 03:10:15 INFO Utils: /tmp/spark-3eed290f-21b9-4b18-8a94-302d72e0d5d5/userFiles-785953de-6c65-4a3f-99be-82464ac82235/fetchFileTemp12713354680765570430.tmp has been previously copied to /tmp/spark-3eed290f-21b9-4b18-8a94-302d72e0d5d5/userFiles-785953de-6c65-4a3f-99be-82464ac82235/org.xerial.snappy_snappy-java-1.1.8.4.jar
[2025-08-19 03:10:15,088] {subprocess.py:92} INFO - 25/08/19 03:10:15 INFO Executor: Adding file:/tmp/spark-3eed290f-21b9-4b18-8a94-302d72e0d5d5/userFiles-785953de-6c65-4a3f-99be-82464ac82235/org.xerial.snappy_snappy-java-1.1.8.4.jar to class loader
[2025-08-19 03:10:15,089] {subprocess.py:92} INFO - 25/08/19 03:10:15 INFO Executor: Fetching spark://a4b544519f2b:41899/jars/org.apache.hadoop_hadoop-client-api-3.3.2.jar with timestamp 1755573013211
[2025-08-19 03:10:15,090] {subprocess.py:92} INFO - 25/08/19 03:10:15 INFO Utils: Fetching spark://a4b544519f2b:41899/jars/org.apache.hadoop_hadoop-client-api-3.3.2.jar to /tmp/spark-3eed290f-21b9-4b18-8a94-302d72e0d5d5/userFiles-785953de-6c65-4a3f-99be-82464ac82235/fetchFileTemp4742453399788060531.tmp
[2025-08-19 03:10:15,202] {subprocess.py:92} INFO - 25/08/19 03:10:15 INFO Utils: /tmp/spark-3eed290f-21b9-4b18-8a94-302d72e0d5d5/userFiles-785953de-6c65-4a3f-99be-82464ac82235/fetchFileTemp4742453399788060531.tmp has been previously copied to /tmp/spark-3eed290f-21b9-4b18-8a94-302d72e0d5d5/userFiles-785953de-6c65-4a3f-99be-82464ac82235/org.apache.hadoop_hadoop-client-api-3.3.2.jar
[2025-08-19 03:10:15,217] {subprocess.py:92} INFO - 25/08/19 03:10:15 INFO Executor: Adding file:/tmp/spark-3eed290f-21b9-4b18-8a94-302d72e0d5d5/userFiles-785953de-6c65-4a3f-99be-82464ac82235/org.apache.hadoop_hadoop-client-api-3.3.2.jar to class loader
[2025-08-19 03:10:15,217] {subprocess.py:92} INFO - 25/08/19 03:10:15 INFO Executor: Fetching spark://a4b544519f2b:41899/jars/org.apache.spark_spark-token-provider-kafka-0-10_2.12-3.3.1.jar with timestamp 1755573013211
[2025-08-19 03:10:15,218] {subprocess.py:92} INFO - 25/08/19 03:10:15 INFO Utils: Fetching spark://a4b544519f2b:41899/jars/org.apache.spark_spark-token-provider-kafka-0-10_2.12-3.3.1.jar to /tmp/spark-3eed290f-21b9-4b18-8a94-302d72e0d5d5/userFiles-785953de-6c65-4a3f-99be-82464ac82235/fetchFileTemp12038897247487675438.tmp
[2025-08-19 03:10:15,220] {subprocess.py:92} INFO - 25/08/19 03:10:15 INFO Utils: /tmp/spark-3eed290f-21b9-4b18-8a94-302d72e0d5d5/userFiles-785953de-6c65-4a3f-99be-82464ac82235/fetchFileTemp12038897247487675438.tmp has been previously copied to /tmp/spark-3eed290f-21b9-4b18-8a94-302d72e0d5d5/userFiles-785953de-6c65-4a3f-99be-82464ac82235/org.apache.spark_spark-token-provider-kafka-0-10_2.12-3.3.1.jar
[2025-08-19 03:10:15,227] {subprocess.py:92} INFO - 25/08/19 03:10:15 INFO Executor: Adding file:/tmp/spark-3eed290f-21b9-4b18-8a94-302d72e0d5d5/userFiles-785953de-6c65-4a3f-99be-82464ac82235/org.apache.spark_spark-token-provider-kafka-0-10_2.12-3.3.1.jar to class loader
[2025-08-19 03:10:15,228] {subprocess.py:92} INFO - 25/08/19 03:10:15 INFO Executor: Fetching spark://a4b544519f2b:41899/jars/org.lz4_lz4-java-1.8.0.jar with timestamp 1755573013211
[2025-08-19 03:10:15,228] {subprocess.py:92} INFO - 25/08/19 03:10:15 INFO Utils: Fetching spark://a4b544519f2b:41899/jars/org.lz4_lz4-java-1.8.0.jar to /tmp/spark-3eed290f-21b9-4b18-8a94-302d72e0d5d5/userFiles-785953de-6c65-4a3f-99be-82464ac82235/fetchFileTemp8493757978768835364.tmp
[2025-08-19 03:10:15,233] {subprocess.py:92} INFO - 25/08/19 03:10:15 INFO Utils: /tmp/spark-3eed290f-21b9-4b18-8a94-302d72e0d5d5/userFiles-785953de-6c65-4a3f-99be-82464ac82235/fetchFileTemp8493757978768835364.tmp has been previously copied to /tmp/spark-3eed290f-21b9-4b18-8a94-302d72e0d5d5/userFiles-785953de-6c65-4a3f-99be-82464ac82235/org.lz4_lz4-java-1.8.0.jar
[2025-08-19 03:10:15,239] {subprocess.py:92} INFO - 25/08/19 03:10:15 INFO Executor: Adding file:/tmp/spark-3eed290f-21b9-4b18-8a94-302d72e0d5d5/userFiles-785953de-6c65-4a3f-99be-82464ac82235/org.lz4_lz4-java-1.8.0.jar to class loader
[2025-08-19 03:10:15,240] {subprocess.py:92} INFO - 25/08/19 03:10:15 INFO Executor: Fetching spark://a4b544519f2b:41899/jars/org.slf4j_slf4j-api-1.7.32.jar with timestamp 1755573013211
[2025-08-19 03:10:15,241] {subprocess.py:92} INFO - 25/08/19 03:10:15 INFO Utils: Fetching spark://a4b544519f2b:41899/jars/org.slf4j_slf4j-api-1.7.32.jar to /tmp/spark-3eed290f-21b9-4b18-8a94-302d72e0d5d5/userFiles-785953de-6c65-4a3f-99be-82464ac82235/fetchFileTemp7102657133348685961.tmp
[2025-08-19 03:10:15,244] {subprocess.py:92} INFO - 25/08/19 03:10:15 INFO Utils: /tmp/spark-3eed290f-21b9-4b18-8a94-302d72e0d5d5/userFiles-785953de-6c65-4a3f-99be-82464ac82235/fetchFileTemp7102657133348685961.tmp has been previously copied to /tmp/spark-3eed290f-21b9-4b18-8a94-302d72e0d5d5/userFiles-785953de-6c65-4a3f-99be-82464ac82235/org.slf4j_slf4j-api-1.7.32.jar
[2025-08-19 03:10:15,251] {subprocess.py:92} INFO - 25/08/19 03:10:15 INFO Executor: Adding file:/tmp/spark-3eed290f-21b9-4b18-8a94-302d72e0d5d5/userFiles-785953de-6c65-4a3f-99be-82464ac82235/org.slf4j_slf4j-api-1.7.32.jar to class loader
[2025-08-19 03:10:15,251] {subprocess.py:92} INFO - 25/08/19 03:10:15 INFO Executor: Fetching spark://a4b544519f2b:41899/jars/org.apache.spark_spark-sql-kafka-0-10_2.12-3.3.1.jar with timestamp 1755573013211
[2025-08-19 03:10:15,252] {subprocess.py:92} INFO - 25/08/19 03:10:15 INFO Utils: Fetching spark://a4b544519f2b:41899/jars/org.apache.spark_spark-sql-kafka-0-10_2.12-3.3.1.jar to /tmp/spark-3eed290f-21b9-4b18-8a94-302d72e0d5d5/userFiles-785953de-6c65-4a3f-99be-82464ac82235/fetchFileTemp14828499625183413223.tmp
[2025-08-19 03:10:15,257] {subprocess.py:92} INFO - 25/08/19 03:10:15 INFO Utils: /tmp/spark-3eed290f-21b9-4b18-8a94-302d72e0d5d5/userFiles-785953de-6c65-4a3f-99be-82464ac82235/fetchFileTemp14828499625183413223.tmp has been previously copied to /tmp/spark-3eed290f-21b9-4b18-8a94-302d72e0d5d5/userFiles-785953de-6c65-4a3f-99be-82464ac82235/org.apache.spark_spark-sql-kafka-0-10_2.12-3.3.1.jar
[2025-08-19 03:10:15,264] {subprocess.py:92} INFO - 25/08/19 03:10:15 INFO Executor: Adding file:/tmp/spark-3eed290f-21b9-4b18-8a94-302d72e0d5d5/userFiles-785953de-6c65-4a3f-99be-82464ac82235/org.apache.spark_spark-sql-kafka-0-10_2.12-3.3.1.jar to class loader
[2025-08-19 03:10:15,264] {subprocess.py:92} INFO - 25/08/19 03:10:15 INFO Executor: Fetching spark://a4b544519f2b:41899/jars/commons-logging_commons-logging-1.1.3.jar with timestamp 1755573013211
[2025-08-19 03:10:15,265] {subprocess.py:92} INFO - 25/08/19 03:10:15 INFO Utils: Fetching spark://a4b544519f2b:41899/jars/commons-logging_commons-logging-1.1.3.jar to /tmp/spark-3eed290f-21b9-4b18-8a94-302d72e0d5d5/userFiles-785953de-6c65-4a3f-99be-82464ac82235/fetchFileTemp6860734385679587891.tmp
[2025-08-19 03:10:15,268] {subprocess.py:92} INFO - 25/08/19 03:10:15 INFO Utils: /tmp/spark-3eed290f-21b9-4b18-8a94-302d72e0d5d5/userFiles-785953de-6c65-4a3f-99be-82464ac82235/fetchFileTemp6860734385679587891.tmp has been previously copied to /tmp/spark-3eed290f-21b9-4b18-8a94-302d72e0d5d5/userFiles-785953de-6c65-4a3f-99be-82464ac82235/commons-logging_commons-logging-1.1.3.jar
[2025-08-19 03:10:15,274] {subprocess.py:92} INFO - 25/08/19 03:10:15 INFO Executor: Adding file:/tmp/spark-3eed290f-21b9-4b18-8a94-302d72e0d5d5/userFiles-785953de-6c65-4a3f-99be-82464ac82235/commons-logging_commons-logging-1.1.3.jar to class loader
[2025-08-19 03:10:15,274] {subprocess.py:92} INFO - 25/08/19 03:10:15 INFO Executor: Fetching spark://a4b544519f2b:41899/jars/org.apache.kafka_kafka-clients-2.8.1.jar with timestamp 1755573013211
[2025-08-19 03:10:15,275] {subprocess.py:92} INFO - 25/08/19 03:10:15 INFO Utils: Fetching spark://a4b544519f2b:41899/jars/org.apache.kafka_kafka-clients-2.8.1.jar to /tmp/spark-3eed290f-21b9-4b18-8a94-302d72e0d5d5/userFiles-785953de-6c65-4a3f-99be-82464ac82235/fetchFileTemp17742376798829785676.tmp
[2025-08-19 03:10:15,298] {subprocess.py:92} INFO - 25/08/19 03:10:15 INFO Utils: /tmp/spark-3eed290f-21b9-4b18-8a94-302d72e0d5d5/userFiles-785953de-6c65-4a3f-99be-82464ac82235/fetchFileTemp17742376798829785676.tmp has been previously copied to /tmp/spark-3eed290f-21b9-4b18-8a94-302d72e0d5d5/userFiles-785953de-6c65-4a3f-99be-82464ac82235/org.apache.kafka_kafka-clients-2.8.1.jar
[2025-08-19 03:10:15,305] {subprocess.py:92} INFO - 25/08/19 03:10:15 INFO Executor: Adding file:/tmp/spark-3eed290f-21b9-4b18-8a94-302d72e0d5d5/userFiles-785953de-6c65-4a3f-99be-82464ac82235/org.apache.kafka_kafka-clients-2.8.1.jar to class loader
[2025-08-19 03:10:15,306] {subprocess.py:92} INFO - 25/08/19 03:10:15 INFO Executor: Fetching spark://a4b544519f2b:41899/jars/org.apache.commons_commons-pool2-2.11.1.jar with timestamp 1755573013211
[2025-08-19 03:10:15,307] {subprocess.py:92} INFO - 25/08/19 03:10:15 INFO Utils: Fetching spark://a4b544519f2b:41899/jars/org.apache.commons_commons-pool2-2.11.1.jar to /tmp/spark-3eed290f-21b9-4b18-8a94-302d72e0d5d5/userFiles-785953de-6c65-4a3f-99be-82464ac82235/fetchFileTemp5565127590547838986.tmp
[2025-08-19 03:10:15,310] {subprocess.py:92} INFO - 25/08/19 03:10:15 INFO Utils: /tmp/spark-3eed290f-21b9-4b18-8a94-302d72e0d5d5/userFiles-785953de-6c65-4a3f-99be-82464ac82235/fetchFileTemp5565127590547838986.tmp has been previously copied to /tmp/spark-3eed290f-21b9-4b18-8a94-302d72e0d5d5/userFiles-785953de-6c65-4a3f-99be-82464ac82235/org.apache.commons_commons-pool2-2.11.1.jar
[2025-08-19 03:10:15,316] {subprocess.py:92} INFO - 25/08/19 03:10:15 INFO Executor: Adding file:/tmp/spark-3eed290f-21b9-4b18-8a94-302d72e0d5d5/userFiles-785953de-6c65-4a3f-99be-82464ac82235/org.apache.commons_commons-pool2-2.11.1.jar to class loader
[2025-08-19 03:10:15,316] {subprocess.py:92} INFO - 25/08/19 03:10:15 INFO Executor: Fetching spark://a4b544519f2b:41899/jars/org.apache.hadoop_hadoop-client-runtime-3.3.2.jar with timestamp 1755573013211
[2025-08-19 03:10:15,317] {subprocess.py:92} INFO - 25/08/19 03:10:15 INFO Utils: Fetching spark://a4b544519f2b:41899/jars/org.apache.hadoop_hadoop-client-runtime-3.3.2.jar to /tmp/spark-3eed290f-21b9-4b18-8a94-302d72e0d5d5/userFiles-785953de-6c65-4a3f-99be-82464ac82235/fetchFileTemp2673253056640199923.tmp
[2025-08-19 03:10:15,482] {subprocess.py:92} INFO - 25/08/19 03:10:15 INFO Utils: /tmp/spark-3eed290f-21b9-4b18-8a94-302d72e0d5d5/userFiles-785953de-6c65-4a3f-99be-82464ac82235/fetchFileTemp2673253056640199923.tmp has been previously copied to /tmp/spark-3eed290f-21b9-4b18-8a94-302d72e0d5d5/userFiles-785953de-6c65-4a3f-99be-82464ac82235/org.apache.hadoop_hadoop-client-runtime-3.3.2.jar
[2025-08-19 03:10:15,491] {subprocess.py:92} INFO - 25/08/19 03:10:15 INFO Executor: Adding file:/tmp/spark-3eed290f-21b9-4b18-8a94-302d72e0d5d5/userFiles-785953de-6c65-4a3f-99be-82464ac82235/org.apache.hadoop_hadoop-client-runtime-3.3.2.jar to class loader
[2025-08-19 03:10:15,492] {subprocess.py:92} INFO - 25/08/19 03:10:15 INFO Executor: Fetching spark://a4b544519f2b:41899/jars/com.google.code.findbugs_jsr305-3.0.0.jar with timestamp 1755573013211
[2025-08-19 03:10:15,493] {subprocess.py:92} INFO - 25/08/19 03:10:15 INFO Utils: Fetching spark://a4b544519f2b:41899/jars/com.google.code.findbugs_jsr305-3.0.0.jar to /tmp/spark-3eed290f-21b9-4b18-8a94-302d72e0d5d5/userFiles-785953de-6c65-4a3f-99be-82464ac82235/fetchFileTemp2677041728782049387.tmp
[2025-08-19 03:10:15,495] {subprocess.py:92} INFO - 25/08/19 03:10:15 INFO Utils: /tmp/spark-3eed290f-21b9-4b18-8a94-302d72e0d5d5/userFiles-785953de-6c65-4a3f-99be-82464ac82235/fetchFileTemp2677041728782049387.tmp has been previously copied to /tmp/spark-3eed290f-21b9-4b18-8a94-302d72e0d5d5/userFiles-785953de-6c65-4a3f-99be-82464ac82235/com.google.code.findbugs_jsr305-3.0.0.jar
[2025-08-19 03:10:15,501] {subprocess.py:92} INFO - 25/08/19 03:10:15 INFO Executor: Adding file:/tmp/spark-3eed290f-21b9-4b18-8a94-302d72e0d5d5/userFiles-785953de-6c65-4a3f-99be-82464ac82235/com.google.code.findbugs_jsr305-3.0.0.jar to class loader
[2025-08-19 03:10:15,501] {subprocess.py:92} INFO - 25/08/19 03:10:15 INFO Executor: Fetching spark://a4b544519f2b:41899/jars/org.spark-project.spark_unused-1.0.0.jar with timestamp 1755573013211
[2025-08-19 03:10:15,501] {subprocess.py:92} INFO - 25/08/19 03:10:15 INFO Utils: Fetching spark://a4b544519f2b:41899/jars/org.spark-project.spark_unused-1.0.0.jar to /tmp/spark-3eed290f-21b9-4b18-8a94-302d72e0d5d5/userFiles-785953de-6c65-4a3f-99be-82464ac82235/fetchFileTemp15248193266235707415.tmp
[2025-08-19 03:10:15,503] {subprocess.py:92} INFO - 25/08/19 03:10:15 INFO Utils: /tmp/spark-3eed290f-21b9-4b18-8a94-302d72e0d5d5/userFiles-785953de-6c65-4a3f-99be-82464ac82235/fetchFileTemp15248193266235707415.tmp has been previously copied to /tmp/spark-3eed290f-21b9-4b18-8a94-302d72e0d5d5/userFiles-785953de-6c65-4a3f-99be-82464ac82235/org.spark-project.spark_unused-1.0.0.jar
[2025-08-19 03:10:15,509] {subprocess.py:92} INFO - 25/08/19 03:10:15 INFO Executor: Adding file:/tmp/spark-3eed290f-21b9-4b18-8a94-302d72e0d5d5/userFiles-785953de-6c65-4a3f-99be-82464ac82235/org.spark-project.spark_unused-1.0.0.jar to class loader
[2025-08-19 03:10:15,520] {subprocess.py:92} INFO - 25/08/19 03:10:15 INFO Utils: Successfully started service 'org.apache.spark.network.netty.NettyBlockTransferService' on port 45257.
[2025-08-19 03:10:15,520] {subprocess.py:92} INFO - 25/08/19 03:10:15 INFO NettyBlockTransferService: Server created on a4b544519f2b:45257
[2025-08-19 03:10:15,523] {subprocess.py:92} INFO - 25/08/19 03:10:15 INFO BlockManager: Using org.apache.spark.storage.RandomBlockReplicationPolicy for block replication policy
[2025-08-19 03:10:15,532] {subprocess.py:92} INFO - 25/08/19 03:10:15 INFO BlockManagerMaster: Registering BlockManager BlockManagerId(driver, a4b544519f2b, 45257, None)
[2025-08-19 03:10:15,537] {subprocess.py:92} INFO - 25/08/19 03:10:15 INFO BlockManagerMasterEndpoint: Registering block manager a4b544519f2b:45257 with 434.4 MiB RAM, BlockManagerId(driver, a4b544519f2b, 45257, None)
[2025-08-19 03:10:15,542] {subprocess.py:92} INFO - 25/08/19 03:10:15 INFO BlockManagerMaster: Registered BlockManager BlockManagerId(driver, a4b544519f2b, 45257, None)
[2025-08-19 03:10:15,545] {subprocess.py:92} INFO - 25/08/19 03:10:15 INFO BlockManager: Initialized BlockManager: BlockManagerId(driver, a4b544519f2b, 45257, None)
[2025-08-19 03:10:16,243] {subprocess.py:92} INFO - Connexion à Kafka...
[2025-08-19 03:10:18,927] {subprocess.py:92} INFO - Connexion Kafka réussie (kafka:9092)
[2025-08-19 03:10:18,928] {subprocess.py:92} INFO - Transformation des données JSON...
[2025-08-19 03:10:19,307] {subprocess.py:92} INFO - Démarrage du streaming vers HDFS...
[2025-08-19 03:10:20,416] {subprocess.py:92} INFO - Streaming actif - Données météo sauvegardées dans HDFS:/data/weather
[2025-08-19 04:11:19,691] {subprocess.py:92} INFO - 25/08/19 04:11:18 WARN NettyRpcEnv: Ignored failure: java.util.concurrent.TimeoutException: Cannot receive any reply from a4b544519f2b:41899 in 10000 milliseconds
[2025-08-19 04:13:34,361] {subprocess.py:92} INFO - 25/08/19 04:13:34 WARN DataStreamer: Slow waitForAckedSeqno took 281516ms (threshold=30000ms). File being written: /checkpoints/weather/offsets/.37.e81b5bd2-e579-44b8-9e17-210f886facb7.tmp, block: BP-752762127-172.20.0.2-1754955767716:blk_1073742001_1177, Write pipeline datanodes: [DatanodeInfoWithStorage[172.20.0.10:9866,DS-1f4eb619-0bd4-4f0a-824d-d411c3865070,DISK]].
[2025-08-19 04:13:36,530] {local_task_job.py:221} WARNING - State of this instance has been externally set to scheduled. Terminating instance.
[2025-08-19 04:13:36,537] {process_utils.py:129} INFO - Sending Signals.SIGTERM to group 11579. PIDs of all processes in the group: [11580, 11631, 11579]
[2025-08-19 04:13:36,538] {process_utils.py:80} INFO - Sending the signal Signals.SIGTERM to group 11579
[2025-08-19 04:13:36,538] {taskinstance.py:1541} ERROR - Received SIGTERM. Terminating subprocesses.
[2025-08-19 04:13:36,539] {subprocess.py:103} INFO - Sending SIGTERM signal to process group
[2025-08-19 04:13:37,289] {process_utils.py:75} INFO - Process psutil.Process(pid=11631, status='terminated', started='03:10:10') (11631) terminated with exit code None
[2025-08-19 04:13:37,854] {taskinstance.py:1889} ERROR - Task failed with exception
Traceback (most recent call last):
  File "/home/airflow/.local/lib/python3.7/site-packages/airflow/operators/bash.py", line 189, in execute
    cwd=self.cwd,
  File "/home/airflow/.local/lib/python3.7/site-packages/airflow/hooks/subprocess.py", line 90, in run_command
    for raw_line in iter(self.sub_process.stdout.readline, b''):
  File "/home/airflow/.local/lib/python3.7/site-packages/airflow/models/taskinstance.py", line 1543, in signal_handler
    raise AirflowException("Task received SIGTERM signal")
airflow.exceptions.AirflowException: Task received SIGTERM signal
[2025-08-19 04:13:38,001] {taskinstance.py:1400} INFO - Marking task as FAILED. dag_id=send_weather_to_kafka, task_id=stream_hdfs, execution_date=20250819T030931, start_date=20250819T031007, end_date=20250819T041337
[2025-08-19 04:13:38,433] {standard_task_runner.py:97} ERROR - Failed to execute job 321 for task stream_hdfs (Task received SIGTERM signal; 11579)
[2025-08-19 04:13:38,845] {process_utils.py:75} INFO - Process psutil.Process(pid=11579, status='terminated', exitcode=1, started='03:10:06') (11579) terminated with exit code 1
[2025-08-19 04:13:39,970] {process_utils.py:75} INFO - Process psutil.Process(pid=11580, status='terminated', started='03:10:06') (11580) terminated with exit code None
