[2025-09-01 10:45:44,941] {taskinstance.py:1159} INFO - Dependencies all met for <TaskInstance: send_weather_to_kafka.fetch_and_send_weather scheduled__2025-09-01T10:15:43.386020+00:00 [queued]>
[2025-09-01 10:45:44,955] {taskinstance.py:1159} INFO - Dependencies all met for <TaskInstance: send_weather_to_kafka.fetch_and_send_weather scheduled__2025-09-01T10:15:43.386020+00:00 [queued]>
[2025-09-01 10:45:44,955] {taskinstance.py:1356} INFO - 
--------------------------------------------------------------------------------
[2025-09-01 10:45:44,955] {taskinstance.py:1357} INFO - Starting attempt 1 of 2
[2025-09-01 10:45:44,955] {taskinstance.py:1358} INFO - 
--------------------------------------------------------------------------------
[2025-09-01 10:45:44,978] {taskinstance.py:1377} INFO - Executing <Task(BashOperator): fetch_and_send_weather> on 2025-09-01 10:15:43.386020+00:00
[2025-09-01 10:45:44,985] {standard_task_runner.py:52} INFO - Started process 13193 to run task
[2025-09-01 10:45:44,989] {standard_task_runner.py:79} INFO - Running: ['***', 'tasks', 'run', 'send_weather_to_kafka', 'fetch_and_send_weather', 'scheduled__2025-09-01T10:15:43.386020+00:00', '--job-id', '512', '--raw', '--subdir', 'DAGS_FOLDER/dag_meteo.py', '--cfg-path', '/tmp/tmpqyn2y8ui', '--error-file', '/tmp/tmp4cqx2l09']
[2025-09-01 10:45:44,991] {standard_task_runner.py:80} INFO - Job 512: Subtask fetch_and_send_weather
[2025-09-01 10:45:45,011] {logging_mixin.py:115} WARNING - /home/***/.local/lib/python3.7/site-packages/***/configuration.py:470 DeprecationWarning: The sql_alchemy_conn option in [core] has been moved to the sql_alchemy_conn option in [database] - the old setting has been used, but please update your config.
[2025-09-01 10:45:45,062] {task_command.py:369} INFO - Running <TaskInstance: send_weather_to_kafka.fetch_and_send_weather scheduled__2025-09-01T10:15:43.386020+00:00 [running]> on host e66737cfc193
[2025-09-01 10:45:45,171] {taskinstance.py:1571} INFO - Exporting the following env vars:
AIRFLOW_CTX_DAG_OWNER=***
AIRFLOW_CTX_DAG_ID=send_weather_to_kafka
AIRFLOW_CTX_TASK_ID=fetch_and_send_weather
AIRFLOW_CTX_EXECUTION_DATE=2025-09-01T10:15:43.386020+00:00
AIRFLOW_CTX_TRY_NUMBER=1
AIRFLOW_CTX_DAG_RUN_ID=scheduled__2025-09-01T10:15:43.386020+00:00
[2025-09-01 10:45:45,172] {subprocess.py:62} INFO - Tmp dir root location: 
 /tmp
[2025-09-01 10:45:45,173] {subprocess.py:74} INFO - Running command: ['bash', '-c', 'cd /opt/***/scripts && python3 kafka/producer.py']
[2025-09-01 10:45:45,189] {subprocess.py:85} INFO - Output:
[2025-09-01 10:45:47,593] {subprocess.py:92} INFO - Envoi vers Kafka : {'temperature': 28.5, 'humidity': 81, 'windSpeed': 3.2, 'cloudCover': 100, 'rainIntensity': 0, 'timestamp': '2025-09-01T10:45:00Z'}
[2025-09-01 10:45:47,742] {subprocess.py:96} INFO - Command exited with return code 0
[2025-09-01 10:45:47,818] {taskinstance.py:1400} INFO - Marking task as SUCCESS. dag_id=send_weather_to_kafka, task_id=fetch_and_send_weather, execution_date=20250901T101543, start_date=20250901T104544, end_date=20250901T104547
[2025-09-01 10:45:47,896] {local_task_job.py:156} INFO - Task exited with return code 0
[2025-09-01 10:45:48,001] {local_task_job.py:273} INFO - 1 downstream tasks scheduled from follow-on schedule check
