[2025-08-19 10:45:21,379] {taskinstance.py:1159} INFO - Dependencies all met for <TaskInstance: send_weather_to_kafka.stream_hdfs scheduled__2025-08-19T06:27:35.463770+00:00 [queued]>
[2025-08-19 10:45:21,393] {taskinstance.py:1159} INFO - Dependencies all met for <TaskInstance: send_weather_to_kafka.stream_hdfs scheduled__2025-08-19T06:27:35.463770+00:00 [queued]>
[2025-08-19 10:45:21,393] {taskinstance.py:1356} INFO - 
--------------------------------------------------------------------------------
[2025-08-19 10:45:21,393] {taskinstance.py:1357} INFO - Starting attempt 2 of 2
[2025-08-19 10:45:21,394] {taskinstance.py:1358} INFO - 
--------------------------------------------------------------------------------
[2025-08-19 10:45:21,412] {taskinstance.py:1377} INFO - Executing <Task(BashOperator): stream_hdfs> on 2025-08-19 06:27:35.463770+00:00
[2025-08-19 10:45:21,419] {standard_task_runner.py:52} INFO - Started process 15826 to run task
[2025-08-19 10:45:21,423] {standard_task_runner.py:79} INFO - Running: ['***', 'tasks', 'run', 'send_weather_to_kafka', 'stream_hdfs', 'scheduled__2025-08-19T06:27:35.463770+00:00', '--job-id', '344', '--raw', '--subdir', 'DAGS_FOLDER/dag_meteo.py', '--cfg-path', '/tmp/tmppc4l24_y', '--error-file', '/tmp/tmpb5rmpxln']
[2025-08-19 10:45:21,424] {standard_task_runner.py:80} INFO - Job 344: Subtask stream_hdfs
[2025-08-19 10:45:21,452] {logging_mixin.py:115} WARNING - /home/***/.local/lib/python3.7/site-packages/***/configuration.py:470 DeprecationWarning: The sql_alchemy_conn option in [core] has been moved to the sql_alchemy_conn option in [database] - the old setting has been used, but please update your config.
[2025-08-19 10:45:21,497] {task_command.py:369} INFO - Running <TaskInstance: send_weather_to_kafka.stream_hdfs scheduled__2025-08-19T06:27:35.463770+00:00 [running]> on host a4b544519f2b
[2025-08-19 10:45:21,591] {taskinstance.py:1571} INFO - Exporting the following env vars:
AIRFLOW_CTX_DAG_OWNER=***
AIRFLOW_CTX_DAG_ID=send_weather_to_kafka
AIRFLOW_CTX_TASK_ID=stream_hdfs
AIRFLOW_CTX_EXECUTION_DATE=2025-08-19T06:27:35.463770+00:00
AIRFLOW_CTX_TRY_NUMBER=2
AIRFLOW_CTX_DAG_RUN_ID=scheduled__2025-08-19T06:27:35.463770+00:00
[2025-08-19 10:45:21,592] {subprocess.py:62} INFO - Tmp dir root location: 
 /tmp
[2025-08-19 10:45:21,593] {subprocess.py:74} INFO - Running command: ['bash', '-c', '\n/home/***/.local/bin/spark-submit   --master local[*]   --conf spark.hadoop.fs.defaultFS=hdfs://namenode:9000   --conf spark.hadoop.dfs.client.use.datanode.hostname=true   --conf spark.sql.adaptive.enabled=false   --packages org.apache.spark:spark-sql-kafka-0-10_2.12:3.3.1   /opt/***/scripts/pyspark/streaming.py']
[2025-08-19 10:45:21,605] {subprocess.py:85} INFO - Output:
[2025-08-19 10:45:21,626] {subprocess.py:92} INFO - /opt/spark-3.3.1-bin-hadoop3/bin/load-spark-env.sh: line 68: ps: command not found
[2025-08-19 10:45:23,688] {subprocess.py:92} INFO - :: loading settings :: url = jar:file:/opt/spark-3.3.1-bin-hadoop3/jars/ivy-2.5.0.jar!/org/apache/ivy/core/settings/ivysettings.xml
[2025-08-19 10:45:23,789] {subprocess.py:92} INFO - Ivy Default Cache set to: /home/***/.ivy2/cache
[2025-08-19 10:45:23,789] {subprocess.py:92} INFO - The jars for the packages stored in: /home/***/.ivy2/jars
[2025-08-19 10:45:23,794] {subprocess.py:92} INFO - org.apache.spark#spark-sql-kafka-0-10_2.12 added as a dependency
[2025-08-19 10:45:23,795] {subprocess.py:92} INFO - :: resolving dependencies :: org.apache.spark#spark-submit-parent-4efa4857-2087-43d2-b6d6-2d7ac46118f5;1.0
[2025-08-19 10:45:23,795] {subprocess.py:92} INFO - 	confs: [default]
[2025-08-19 10:45:23,957] {subprocess.py:92} INFO - 	found org.apache.spark#spark-sql-kafka-0-10_2.12;3.3.1 in spark-list
[2025-08-19 10:45:24,017] {subprocess.py:92} INFO - 	found org.apache.spark#spark-token-provider-kafka-0-10_2.12;3.3.1 in central
[2025-08-19 10:45:24,044] {subprocess.py:92} INFO - 	found org.apache.kafka#kafka-clients;2.8.1 in central
[2025-08-19 10:45:24,069] {subprocess.py:92} INFO - 	found org.lz4#lz4-java;1.8.0 in spark-list
[2025-08-19 10:45:24,088] {subprocess.py:92} INFO - 	found org.xerial.snappy#snappy-java;1.1.8.4 in central
[2025-08-19 10:45:24,104] {subprocess.py:92} INFO - 	found org.slf4j#slf4j-api;1.7.32 in central
[2025-08-19 10:45:24,131] {subprocess.py:92} INFO - 	found org.apache.hadoop#hadoop-client-runtime;3.3.2 in central
[2025-08-19 10:45:24,143] {subprocess.py:92} INFO - 	found org.spark-project.spark#unused;1.0.0 in central
[2025-08-19 10:45:24,167] {subprocess.py:92} INFO - 	found org.apache.hadoop#hadoop-client-api;3.3.2 in central
[2025-08-19 10:45:24,187] {subprocess.py:92} INFO - 	found commons-logging#commons-logging;1.1.3 in central
[2025-08-19 10:45:24,201] {subprocess.py:92} INFO - 	found com.google.code.findbugs#jsr305;3.0.0 in central
[2025-08-19 10:45:24,218] {subprocess.py:92} INFO - 	found org.apache.commons#commons-pool2;2.11.1 in central
[2025-08-19 10:45:24,272] {subprocess.py:92} INFO - :: resolution report :: resolve 451ms :: artifacts dl 25ms
[2025-08-19 10:45:24,272] {subprocess.py:92} INFO - 	:: modules in use:
[2025-08-19 10:45:24,272] {subprocess.py:92} INFO - 	com.google.code.findbugs#jsr305;3.0.0 from central in [default]
[2025-08-19 10:45:24,272] {subprocess.py:92} INFO - 	commons-logging#commons-logging;1.1.3 from central in [default]
[2025-08-19 10:45:24,272] {subprocess.py:92} INFO - 	org.apache.commons#commons-pool2;2.11.1 from central in [default]
[2025-08-19 10:45:24,272] {subprocess.py:92} INFO - 	org.apache.hadoop#hadoop-client-api;3.3.2 from central in [default]
[2025-08-19 10:45:24,272] {subprocess.py:92} INFO - 	org.apache.hadoop#hadoop-client-runtime;3.3.2 from central in [default]
[2025-08-19 10:45:24,272] {subprocess.py:92} INFO - 	org.apache.kafka#kafka-clients;2.8.1 from central in [default]
[2025-08-19 10:45:24,272] {subprocess.py:92} INFO - 	org.apache.spark#spark-sql-kafka-0-10_2.12;3.3.1 from spark-list in [default]
[2025-08-19 10:45:24,272] {subprocess.py:92} INFO - 	org.apache.spark#spark-token-provider-kafka-0-10_2.12;3.3.1 from central in [default]
[2025-08-19 10:45:24,273] {subprocess.py:92} INFO - 	org.lz4#lz4-java;1.8.0 from spark-list in [default]
[2025-08-19 10:45:24,273] {subprocess.py:92} INFO - 	org.slf4j#slf4j-api;1.7.32 from central in [default]
[2025-08-19 10:45:24,273] {subprocess.py:92} INFO - 	org.spark-project.spark#unused;1.0.0 from central in [default]
[2025-08-19 10:45:24,273] {subprocess.py:92} INFO - 	org.xerial.snappy#snappy-java;1.1.8.4 from central in [default]
[2025-08-19 10:45:24,273] {subprocess.py:92} INFO - 	---------------------------------------------------------------------
[2025-08-19 10:45:24,273] {subprocess.py:92} INFO - 	|                  |            modules            ||   artifacts   |
[2025-08-19 10:45:24,273] {subprocess.py:92} INFO - 	|       conf       | number| search|dwnlded|evicted|| number|dwnlded|
[2025-08-19 10:45:24,273] {subprocess.py:92} INFO - 	---------------------------------------------------------------------
[2025-08-19 10:45:24,273] {subprocess.py:92} INFO - 	|      default     |   12  |   0   |   0   |   0   ||   12  |   0   |
[2025-08-19 10:45:24,273] {subprocess.py:92} INFO - 	---------------------------------------------------------------------
[2025-08-19 10:45:24,283] {subprocess.py:92} INFO - :: retrieving :: org.apache.spark#spark-submit-parent-4efa4857-2087-43d2-b6d6-2d7ac46118f5
[2025-08-19 10:45:24,283] {subprocess.py:92} INFO - 	confs: [default]
[2025-08-19 10:45:24,291] {subprocess.py:92} INFO - 	0 artifacts copied, 12 already retrieved (0kB/8ms)
[2025-08-19 10:45:24,520] {subprocess.py:92} INFO - 25/08/19 10:45:24 WARN NativeCodeLoader: Unable to load native-hadoop library for your platform... using builtin-java classes where applicable
[2025-08-19 10:45:25,872] {subprocess.py:92} INFO - 25/08/19 10:45:25 INFO SparkContext: Running Spark version 3.3.1
[2025-08-19 10:45:25,894] {subprocess.py:92} INFO - 25/08/19 10:45:25 INFO ResourceUtils: ==============================================================
[2025-08-19 10:45:25,894] {subprocess.py:92} INFO - 25/08/19 10:45:25 INFO ResourceUtils: No custom resources configured for spark.driver.
[2025-08-19 10:45:25,895] {subprocess.py:92} INFO - 25/08/19 10:45:25 INFO ResourceUtils: ==============================================================
[2025-08-19 10:45:25,895] {subprocess.py:92} INFO - 25/08/19 10:45:25 INFO SparkContext: Submitted application: KafkaToHDFSWeather
[2025-08-19 10:45:25,918] {subprocess.py:92} INFO - 25/08/19 10:45:25 INFO ResourceProfile: Default ResourceProfile created, executor resources: Map(cores -> name: cores, amount: 1, script: , vendor: , memory -> name: memory, amount: 1024, script: , vendor: , offHeap -> name: offHeap, amount: 0, script: , vendor: ), task resources: Map(cpus -> name: cpus, amount: 1.0)
[2025-08-19 10:45:25,929] {subprocess.py:92} INFO - 25/08/19 10:45:25 INFO ResourceProfile: Limiting resource is cpu
[2025-08-19 10:45:25,930] {subprocess.py:92} INFO - 25/08/19 10:45:25 INFO ResourceProfileManager: Added ResourceProfile id: 0
[2025-08-19 10:45:25,991] {subprocess.py:92} INFO - 25/08/19 10:45:25 INFO SecurityManager: Changing view acls to: ***
[2025-08-19 10:45:25,992] {subprocess.py:92} INFO - 25/08/19 10:45:25 INFO SecurityManager: Changing modify acls to: ***
[2025-08-19 10:45:25,992] {subprocess.py:92} INFO - 25/08/19 10:45:25 INFO SecurityManager: Changing view acls groups to:
[2025-08-19 10:45:25,993] {subprocess.py:92} INFO - 25/08/19 10:45:25 INFO SecurityManager: Changing modify acls groups to:
[2025-08-19 10:45:25,993] {subprocess.py:92} INFO - 25/08/19 10:45:25 INFO SecurityManager: SecurityManager: authentication disabled; ui acls disabled; users  with view permissions: Set(***); groups with view permissions: Set(); users  with modify permissions: Set(***); groups with modify permissions: Set()
[2025-08-19 10:45:26,289] {subprocess.py:92} INFO - 25/08/19 10:45:26 INFO Utils: Successfully started service 'sparkDriver' on port 41047.
[2025-08-19 10:45:26,327] {subprocess.py:92} INFO - 25/08/19 10:45:26 INFO SparkEnv: Registering MapOutputTracker
[2025-08-19 10:45:26,364] {subprocess.py:92} INFO - 25/08/19 10:45:26 INFO SparkEnv: Registering BlockManagerMaster
[2025-08-19 10:45:26,383] {subprocess.py:92} INFO - 25/08/19 10:45:26 INFO BlockManagerMasterEndpoint: Using org.apache.spark.storage.DefaultTopologyMapper for getting topology information
[2025-08-19 10:45:26,384] {subprocess.py:92} INFO - 25/08/19 10:45:26 INFO BlockManagerMasterEndpoint: BlockManagerMasterEndpoint up
[2025-08-19 10:45:26,389] {subprocess.py:92} INFO - 25/08/19 10:45:26 INFO SparkEnv: Registering BlockManagerMasterHeartbeat
[2025-08-19 10:45:26,422] {subprocess.py:92} INFO - 25/08/19 10:45:26 INFO DiskBlockManager: Created local directory at /tmp/blockmgr-edb2cbba-35e0-46ea-a0ba-b9452a82dd17
[2025-08-19 10:45:26,450] {subprocess.py:92} INFO - 25/08/19 10:45:26 INFO MemoryStore: MemoryStore started with capacity 434.4 MiB
[2025-08-19 10:45:26,469] {subprocess.py:92} INFO - 25/08/19 10:45:26 INFO SparkEnv: Registering OutputCommitCoordinator
[2025-08-19 10:45:26,704] {subprocess.py:92} INFO - 25/08/19 10:45:26 WARN Utils: Service 'SparkUI' could not bind on port 4040. Attempting port 4041.
[2025-08-19 10:45:26,714] {subprocess.py:92} INFO - 25/08/19 10:45:26 INFO Utils: Successfully started service 'SparkUI' on port 4041.
[2025-08-19 10:45:26,755] {subprocess.py:92} INFO - 25/08/19 10:45:26 INFO SparkContext: Added JAR file:///home/***/.ivy2/jars/org.apache.spark_spark-sql-kafka-0-10_2.12-3.3.1.jar at spark://a4b544519f2b:41047/jars/org.apache.spark_spark-sql-kafka-0-10_2.12-3.3.1.jar with timestamp 1755600325863
[2025-08-19 10:45:26,755] {subprocess.py:92} INFO - 25/08/19 10:45:26 INFO SparkContext: Added JAR file:///home/***/.ivy2/jars/org.apache.spark_spark-token-provider-kafka-0-10_2.12-3.3.1.jar at spark://a4b544519f2b:41047/jars/org.apache.spark_spark-token-provider-kafka-0-10_2.12-3.3.1.jar with timestamp 1755600325863
[2025-08-19 10:45:26,755] {subprocess.py:92} INFO - 25/08/19 10:45:26 INFO SparkContext: Added JAR file:///home/***/.ivy2/jars/org.apache.kafka_kafka-clients-2.8.1.jar at spark://a4b544519f2b:41047/jars/org.apache.kafka_kafka-clients-2.8.1.jar with timestamp 1755600325863
[2025-08-19 10:45:26,755] {subprocess.py:92} INFO - 25/08/19 10:45:26 INFO SparkContext: Added JAR file:///home/***/.ivy2/jars/com.google.code.findbugs_jsr305-3.0.0.jar at spark://a4b544519f2b:41047/jars/com.google.code.findbugs_jsr305-3.0.0.jar with timestamp 1755600325863
[2025-08-19 10:45:26,755] {subprocess.py:92} INFO - 25/08/19 10:45:26 INFO SparkContext: Added JAR file:///home/***/.ivy2/jars/org.apache.commons_commons-pool2-2.11.1.jar at spark://a4b544519f2b:41047/jars/org.apache.commons_commons-pool2-2.11.1.jar with timestamp 1755600325863
[2025-08-19 10:45:26,755] {subprocess.py:92} INFO - 25/08/19 10:45:26 INFO SparkContext: Added JAR file:///home/***/.ivy2/jars/org.spark-project.spark_unused-1.0.0.jar at spark://a4b544519f2b:41047/jars/org.spark-project.spark_unused-1.0.0.jar with timestamp 1755600325863
[2025-08-19 10:45:26,756] {subprocess.py:92} INFO - 25/08/19 10:45:26 INFO SparkContext: Added JAR file:///home/***/.ivy2/jars/org.apache.hadoop_hadoop-client-runtime-3.3.2.jar at spark://a4b544519f2b:41047/jars/org.apache.hadoop_hadoop-client-runtime-3.3.2.jar with timestamp 1755600325863
[2025-08-19 10:45:26,756] {subprocess.py:92} INFO - 25/08/19 10:45:26 INFO SparkContext: Added JAR file:///home/***/.ivy2/jars/org.lz4_lz4-java-1.8.0.jar at spark://a4b544519f2b:41047/jars/org.lz4_lz4-java-1.8.0.jar with timestamp 1755600325863
[2025-08-19 10:45:26,756] {subprocess.py:92} INFO - 25/08/19 10:45:26 INFO SparkContext: Added JAR file:///home/***/.ivy2/jars/org.xerial.snappy_snappy-java-1.1.8.4.jar at spark://a4b544519f2b:41047/jars/org.xerial.snappy_snappy-java-1.1.8.4.jar with timestamp 1755600325863
[2025-08-19 10:45:26,756] {subprocess.py:92} INFO - 25/08/19 10:45:26 INFO SparkContext: Added JAR file:///home/***/.ivy2/jars/org.slf4j_slf4j-api-1.7.32.jar at spark://a4b544519f2b:41047/jars/org.slf4j_slf4j-api-1.7.32.jar with timestamp 1755600325863
[2025-08-19 10:45:26,756] {subprocess.py:92} INFO - 25/08/19 10:45:26 INFO SparkContext: Added JAR file:///home/***/.ivy2/jars/org.apache.hadoop_hadoop-client-api-3.3.2.jar at spark://a4b544519f2b:41047/jars/org.apache.hadoop_hadoop-client-api-3.3.2.jar with timestamp 1755600325863
[2025-08-19 10:45:26,756] {subprocess.py:92} INFO - 25/08/19 10:45:26 INFO SparkContext: Added JAR file:///home/***/.ivy2/jars/commons-logging_commons-logging-1.1.3.jar at spark://a4b544519f2b:41047/jars/commons-logging_commons-logging-1.1.3.jar with timestamp 1755600325863
[2025-08-19 10:45:26,759] {subprocess.py:92} INFO - 25/08/19 10:45:26 INFO SparkContext: Added file file:///home/***/.ivy2/jars/org.apache.spark_spark-sql-kafka-0-10_2.12-3.3.1.jar at file:///home/***/.ivy2/jars/org.apache.spark_spark-sql-kafka-0-10_2.12-3.3.1.jar with timestamp 1755600325863
[2025-08-19 10:45:26,760] {subprocess.py:92} INFO - 25/08/19 10:45:26 INFO Utils: Copying /home/***/.ivy2/jars/org.apache.spark_spark-sql-kafka-0-10_2.12-3.3.1.jar to /tmp/spark-41179878-f24a-4835-aac6-d30afd0f1607/userFiles-da062e93-93f3-4ccc-992a-27e715ac8b25/org.apache.spark_spark-sql-kafka-0-10_2.12-3.3.1.jar
[2025-08-19 10:45:26,773] {subprocess.py:92} INFO - 25/08/19 10:45:26 INFO SparkContext: Added file file:///home/***/.ivy2/jars/org.apache.spark_spark-token-provider-kafka-0-10_2.12-3.3.1.jar at file:///home/***/.ivy2/jars/org.apache.spark_spark-token-provider-kafka-0-10_2.12-3.3.1.jar with timestamp 1755600325863
[2025-08-19 10:45:26,773] {subprocess.py:92} INFO - 25/08/19 10:45:26 INFO Utils: Copying /home/***/.ivy2/jars/org.apache.spark_spark-token-provider-kafka-0-10_2.12-3.3.1.jar to /tmp/spark-41179878-f24a-4835-aac6-d30afd0f1607/userFiles-da062e93-93f3-4ccc-992a-27e715ac8b25/org.apache.spark_spark-token-provider-kafka-0-10_2.12-3.3.1.jar
[2025-08-19 10:45:26,779] {subprocess.py:92} INFO - 25/08/19 10:45:26 INFO SparkContext: Added file file:///home/***/.ivy2/jars/org.apache.kafka_kafka-clients-2.8.1.jar at file:///home/***/.ivy2/jars/org.apache.kafka_kafka-clients-2.8.1.jar with timestamp 1755600325863
[2025-08-19 10:45:26,780] {subprocess.py:92} INFO - 25/08/19 10:45:26 INFO Utils: Copying /home/***/.ivy2/jars/org.apache.kafka_kafka-clients-2.8.1.jar to /tmp/spark-41179878-f24a-4835-aac6-d30afd0f1607/userFiles-da062e93-93f3-4ccc-992a-27e715ac8b25/org.apache.kafka_kafka-clients-2.8.1.jar
[2025-08-19 10:45:26,792] {subprocess.py:92} INFO - 25/08/19 10:45:26 INFO SparkContext: Added file file:///home/***/.ivy2/jars/com.google.code.findbugs_jsr305-3.0.0.jar at file:///home/***/.ivy2/jars/com.google.code.findbugs_jsr305-3.0.0.jar with timestamp 1755600325863
[2025-08-19 10:45:26,793] {subprocess.py:92} INFO - 25/08/19 10:45:26 INFO Utils: Copying /home/***/.ivy2/jars/com.google.code.findbugs_jsr305-3.0.0.jar to /tmp/spark-41179878-f24a-4835-aac6-d30afd0f1607/userFiles-da062e93-93f3-4ccc-992a-27e715ac8b25/com.google.code.findbugs_jsr305-3.0.0.jar
[2025-08-19 10:45:26,799] {subprocess.py:92} INFO - 25/08/19 10:45:26 INFO SparkContext: Added file file:///home/***/.ivy2/jars/org.apache.commons_commons-pool2-2.11.1.jar at file:///home/***/.ivy2/jars/org.apache.commons_commons-pool2-2.11.1.jar with timestamp 1755600325863
[2025-08-19 10:45:26,799] {subprocess.py:92} INFO - 25/08/19 10:45:26 INFO Utils: Copying /home/***/.ivy2/jars/org.apache.commons_commons-pool2-2.11.1.jar to /tmp/spark-41179878-f24a-4835-aac6-d30afd0f1607/userFiles-da062e93-93f3-4ccc-992a-27e715ac8b25/org.apache.commons_commons-pool2-2.11.1.jar
[2025-08-19 10:45:26,806] {subprocess.py:92} INFO - 25/08/19 10:45:26 INFO SparkContext: Added file file:///home/***/.ivy2/jars/org.spark-project.spark_unused-1.0.0.jar at file:///home/***/.ivy2/jars/org.spark-project.spark_unused-1.0.0.jar with timestamp 1755600325863
[2025-08-19 10:45:26,806] {subprocess.py:92} INFO - 25/08/19 10:45:26 INFO Utils: Copying /home/***/.ivy2/jars/org.spark-project.spark_unused-1.0.0.jar to /tmp/spark-41179878-f24a-4835-aac6-d30afd0f1607/userFiles-da062e93-93f3-4ccc-992a-27e715ac8b25/org.spark-project.spark_unused-1.0.0.jar
[2025-08-19 10:45:26,812] {subprocess.py:92} INFO - 25/08/19 10:45:26 INFO SparkContext: Added file file:///home/***/.ivy2/jars/org.apache.hadoop_hadoop-client-runtime-3.3.2.jar at file:///home/***/.ivy2/jars/org.apache.hadoop_hadoop-client-runtime-3.3.2.jar with timestamp 1755600325863
[2025-08-19 10:45:26,812] {subprocess.py:92} INFO - 25/08/19 10:45:26 INFO Utils: Copying /home/***/.ivy2/jars/org.apache.hadoop_hadoop-client-runtime-3.3.2.jar to /tmp/spark-41179878-f24a-4835-aac6-d30afd0f1607/userFiles-da062e93-93f3-4ccc-992a-27e715ac8b25/org.apache.hadoop_hadoop-client-runtime-3.3.2.jar
[2025-08-19 10:45:26,858] {subprocess.py:92} INFO - 25/08/19 10:45:26 INFO SparkContext: Added file file:///home/***/.ivy2/jars/org.lz4_lz4-java-1.8.0.jar at file:///home/***/.ivy2/jars/org.lz4_lz4-java-1.8.0.jar with timestamp 1755600325863
[2025-08-19 10:45:26,859] {subprocess.py:92} INFO - 25/08/19 10:45:26 INFO Utils: Copying /home/***/.ivy2/jars/org.lz4_lz4-java-1.8.0.jar to /tmp/spark-41179878-f24a-4835-aac6-d30afd0f1607/userFiles-da062e93-93f3-4ccc-992a-27e715ac8b25/org.lz4_lz4-java-1.8.0.jar
[2025-08-19 10:45:26,865] {subprocess.py:92} INFO - 25/08/19 10:45:26 INFO SparkContext: Added file file:///home/***/.ivy2/jars/org.xerial.snappy_snappy-java-1.1.8.4.jar at file:///home/***/.ivy2/jars/org.xerial.snappy_snappy-java-1.1.8.4.jar with timestamp 1755600325863
[2025-08-19 10:45:26,865] {subprocess.py:92} INFO - 25/08/19 10:45:26 INFO Utils: Copying /home/***/.ivy2/jars/org.xerial.snappy_snappy-java-1.1.8.4.jar to /tmp/spark-41179878-f24a-4835-aac6-d30afd0f1607/userFiles-da062e93-93f3-4ccc-992a-27e715ac8b25/org.xerial.snappy_snappy-java-1.1.8.4.jar
[2025-08-19 10:45:26,874] {subprocess.py:92} INFO - 25/08/19 10:45:26 INFO SparkContext: Added file file:///home/***/.ivy2/jars/org.slf4j_slf4j-api-1.7.32.jar at file:///home/***/.ivy2/jars/org.slf4j_slf4j-api-1.7.32.jar with timestamp 1755600325863
[2025-08-19 10:45:26,874] {subprocess.py:92} INFO - 25/08/19 10:45:26 INFO Utils: Copying /home/***/.ivy2/jars/org.slf4j_slf4j-api-1.7.32.jar to /tmp/spark-41179878-f24a-4835-aac6-d30afd0f1607/userFiles-da062e93-93f3-4ccc-992a-27e715ac8b25/org.slf4j_slf4j-api-1.7.32.jar
[2025-08-19 10:45:26,880] {subprocess.py:92} INFO - 25/08/19 10:45:26 INFO SparkContext: Added file file:///home/***/.ivy2/jars/org.apache.hadoop_hadoop-client-api-3.3.2.jar at file:///home/***/.ivy2/jars/org.apache.hadoop_hadoop-client-api-3.3.2.jar with timestamp 1755600325863
[2025-08-19 10:45:26,880] {subprocess.py:92} INFO - 25/08/19 10:45:26 INFO Utils: Copying /home/***/.ivy2/jars/org.apache.hadoop_hadoop-client-api-3.3.2.jar to /tmp/spark-41179878-f24a-4835-aac6-d30afd0f1607/userFiles-da062e93-93f3-4ccc-992a-27e715ac8b25/org.apache.hadoop_hadoop-client-api-3.3.2.jar
[2025-08-19 10:45:26,919] {subprocess.py:92} INFO - 25/08/19 10:45:26 INFO SparkContext: Added file file:///home/***/.ivy2/jars/commons-logging_commons-logging-1.1.3.jar at file:///home/***/.ivy2/jars/commons-logging_commons-logging-1.1.3.jar with timestamp 1755600325863
[2025-08-19 10:45:26,920] {subprocess.py:92} INFO - 25/08/19 10:45:26 INFO Utils: Copying /home/***/.ivy2/jars/commons-logging_commons-logging-1.1.3.jar to /tmp/spark-41179878-f24a-4835-aac6-d30afd0f1607/userFiles-da062e93-93f3-4ccc-992a-27e715ac8b25/commons-logging_commons-logging-1.1.3.jar
[2025-08-19 10:45:27,004] {subprocess.py:92} INFO - 25/08/19 10:45:27 INFO Executor: Starting executor ID driver on host a4b544519f2b
[2025-08-19 10:45:27,011] {subprocess.py:92} INFO - 25/08/19 10:45:27 INFO Executor: Starting executor with user classpath (userClassPathFirst = false): ''
[2025-08-19 10:45:27,023] {subprocess.py:92} INFO - 25/08/19 10:45:27 INFO Executor: Fetching file:///home/***/.ivy2/jars/commons-logging_commons-logging-1.1.3.jar with timestamp 1755600325863
[2025-08-19 10:45:27,048] {subprocess.py:92} INFO - 25/08/19 10:45:27 INFO Utils: /home/***/.ivy2/jars/commons-logging_commons-logging-1.1.3.jar has been previously copied to /tmp/spark-41179878-f24a-4835-aac6-d30afd0f1607/userFiles-da062e93-93f3-4ccc-992a-27e715ac8b25/commons-logging_commons-logging-1.1.3.jar
[2025-08-19 10:45:27,053] {subprocess.py:92} INFO - 25/08/19 10:45:27 INFO Executor: Fetching file:///home/***/.ivy2/jars/org.spark-project.spark_unused-1.0.0.jar with timestamp 1755600325863
[2025-08-19 10:45:27,053] {subprocess.py:92} INFO - 25/08/19 10:45:27 INFO Utils: /home/***/.ivy2/jars/org.spark-project.spark_unused-1.0.0.jar has been previously copied to /tmp/spark-41179878-f24a-4835-aac6-d30afd0f1607/userFiles-da062e93-93f3-4ccc-992a-27e715ac8b25/org.spark-project.spark_unused-1.0.0.jar
[2025-08-19 10:45:27,059] {subprocess.py:92} INFO - 25/08/19 10:45:27 INFO Executor: Fetching file:///home/***/.ivy2/jars/org.apache.spark_spark-sql-kafka-0-10_2.12-3.3.1.jar with timestamp 1755600325863
[2025-08-19 10:45:27,064] {subprocess.py:92} INFO - 25/08/19 10:45:27 INFO Utils: /home/***/.ivy2/jars/org.apache.spark_spark-sql-kafka-0-10_2.12-3.3.1.jar has been previously copied to /tmp/spark-41179878-f24a-4835-aac6-d30afd0f1607/userFiles-da062e93-93f3-4ccc-992a-27e715ac8b25/org.apache.spark_spark-sql-kafka-0-10_2.12-3.3.1.jar
[2025-08-19 10:45:27,069] {subprocess.py:92} INFO - 25/08/19 10:45:27 INFO Executor: Fetching file:///home/***/.ivy2/jars/org.apache.hadoop_hadoop-client-api-3.3.2.jar with timestamp 1755600325863
[2025-08-19 10:45:27,085] {subprocess.py:92} INFO - 25/08/19 10:45:27 INFO Utils: /home/***/.ivy2/jars/org.apache.hadoop_hadoop-client-api-3.3.2.jar has been previously copied to /tmp/spark-41179878-f24a-4835-aac6-d30afd0f1607/userFiles-da062e93-93f3-4ccc-992a-27e715ac8b25/org.apache.hadoop_hadoop-client-api-3.3.2.jar
[2025-08-19 10:45:27,089] {subprocess.py:92} INFO - 25/08/19 10:45:27 INFO Executor: Fetching file:///home/***/.ivy2/jars/org.apache.hadoop_hadoop-client-runtime-3.3.2.jar with timestamp 1755600325863
[2025-08-19 10:45:27,117] {subprocess.py:92} INFO - 25/08/19 10:45:27 INFO Utils: /home/***/.ivy2/jars/org.apache.hadoop_hadoop-client-runtime-3.3.2.jar has been previously copied to /tmp/spark-41179878-f24a-4835-aac6-d30afd0f1607/userFiles-da062e93-93f3-4ccc-992a-27e715ac8b25/org.apache.hadoop_hadoop-client-runtime-3.3.2.jar
[2025-08-19 10:45:27,122] {subprocess.py:92} INFO - 25/08/19 10:45:27 INFO Executor: Fetching file:///home/***/.ivy2/jars/org.slf4j_slf4j-api-1.7.32.jar with timestamp 1755600325863
[2025-08-19 10:45:27,123] {subprocess.py:92} INFO - 25/08/19 10:45:27 INFO Utils: /home/***/.ivy2/jars/org.slf4j_slf4j-api-1.7.32.jar has been previously copied to /tmp/spark-41179878-f24a-4835-aac6-d30afd0f1607/userFiles-da062e93-93f3-4ccc-992a-27e715ac8b25/org.slf4j_slf4j-api-1.7.32.jar
[2025-08-19 10:45:27,129] {subprocess.py:92} INFO - 25/08/19 10:45:27 INFO Executor: Fetching file:///home/***/.ivy2/jars/org.lz4_lz4-java-1.8.0.jar with timestamp 1755600325863
[2025-08-19 10:45:27,130] {subprocess.py:92} INFO - 25/08/19 10:45:27 INFO Utils: /home/***/.ivy2/jars/org.lz4_lz4-java-1.8.0.jar has been previously copied to /tmp/spark-41179878-f24a-4835-aac6-d30afd0f1607/userFiles-da062e93-93f3-4ccc-992a-27e715ac8b25/org.lz4_lz4-java-1.8.0.jar
[2025-08-19 10:45:27,137] {subprocess.py:92} INFO - 25/08/19 10:45:27 INFO Executor: Fetching file:///home/***/.ivy2/jars/org.apache.commons_commons-pool2-2.11.1.jar with timestamp 1755600325863
[2025-08-19 10:45:27,139] {subprocess.py:92} INFO - 25/08/19 10:45:27 INFO Utils: /home/***/.ivy2/jars/org.apache.commons_commons-pool2-2.11.1.jar has been previously copied to /tmp/spark-41179878-f24a-4835-aac6-d30afd0f1607/userFiles-da062e93-93f3-4ccc-992a-27e715ac8b25/org.apache.commons_commons-pool2-2.11.1.jar
[2025-08-19 10:45:27,144] {subprocess.py:92} INFO - 25/08/19 10:45:27 INFO Executor: Fetching file:///home/***/.ivy2/jars/com.google.code.findbugs_jsr305-3.0.0.jar with timestamp 1755600325863
[2025-08-19 10:45:27,145] {subprocess.py:92} INFO - 25/08/19 10:45:27 INFO Utils: /home/***/.ivy2/jars/com.google.code.findbugs_jsr305-3.0.0.jar has been previously copied to /tmp/spark-41179878-f24a-4835-aac6-d30afd0f1607/userFiles-da062e93-93f3-4ccc-992a-27e715ac8b25/com.google.code.findbugs_jsr305-3.0.0.jar
[2025-08-19 10:45:27,151] {subprocess.py:92} INFO - 25/08/19 10:45:27 INFO Executor: Fetching file:///home/***/.ivy2/jars/org.apache.spark_spark-token-provider-kafka-0-10_2.12-3.3.1.jar with timestamp 1755600325863
[2025-08-19 10:45:27,152] {subprocess.py:92} INFO - 25/08/19 10:45:27 INFO Utils: /home/***/.ivy2/jars/org.apache.spark_spark-token-provider-kafka-0-10_2.12-3.3.1.jar has been previously copied to /tmp/spark-41179878-f24a-4835-aac6-d30afd0f1607/userFiles-da062e93-93f3-4ccc-992a-27e715ac8b25/org.apache.spark_spark-token-provider-kafka-0-10_2.12-3.3.1.jar
[2025-08-19 10:45:27,158] {subprocess.py:92} INFO - 25/08/19 10:45:27 INFO Executor: Fetching file:///home/***/.ivy2/jars/org.apache.kafka_kafka-clients-2.8.1.jar with timestamp 1755600325863
[2025-08-19 10:45:27,165] {subprocess.py:92} INFO - 25/08/19 10:45:27 INFO Utils: /home/***/.ivy2/jars/org.apache.kafka_kafka-clients-2.8.1.jar has been previously copied to /tmp/spark-41179878-f24a-4835-aac6-d30afd0f1607/userFiles-da062e93-93f3-4ccc-992a-27e715ac8b25/org.apache.kafka_kafka-clients-2.8.1.jar
[2025-08-19 10:45:27,170] {subprocess.py:92} INFO - 25/08/19 10:45:27 INFO Executor: Fetching file:///home/***/.ivy2/jars/org.xerial.snappy_snappy-java-1.1.8.4.jar with timestamp 1755600325863
[2025-08-19 10:45:27,172] {subprocess.py:92} INFO - 25/08/19 10:45:27 INFO Utils: /home/***/.ivy2/jars/org.xerial.snappy_snappy-java-1.1.8.4.jar has been previously copied to /tmp/spark-41179878-f24a-4835-aac6-d30afd0f1607/userFiles-da062e93-93f3-4ccc-992a-27e715ac8b25/org.xerial.snappy_snappy-java-1.1.8.4.jar
[2025-08-19 10:45:27,180] {subprocess.py:92} INFO - 25/08/19 10:45:27 INFO Executor: Fetching spark://a4b544519f2b:41047/jars/org.apache.hadoop_hadoop-client-api-3.3.2.jar with timestamp 1755600325863
[2025-08-19 10:45:27,223] {subprocess.py:92} INFO - 25/08/19 10:45:27 INFO TransportClientFactory: Successfully created connection to a4b544519f2b/172.20.0.2:41047 after 31 ms (0 ms spent in bootstraps)
[2025-08-19 10:45:27,230] {subprocess.py:92} INFO - 25/08/19 10:45:27 INFO Utils: Fetching spark://a4b544519f2b:41047/jars/org.apache.hadoop_hadoop-client-api-3.3.2.jar to /tmp/spark-41179878-f24a-4835-aac6-d30afd0f1607/userFiles-da062e93-93f3-4ccc-992a-27e715ac8b25/fetchFileTemp14548472295518285266.tmp
[2025-08-19 10:45:27,385] {subprocess.py:92} INFO - 25/08/19 10:45:27 INFO Utils: /tmp/spark-41179878-f24a-4835-aac6-d30afd0f1607/userFiles-da062e93-93f3-4ccc-992a-27e715ac8b25/fetchFileTemp14548472295518285266.tmp has been previously copied to /tmp/spark-41179878-f24a-4835-aac6-d30afd0f1607/userFiles-da062e93-93f3-4ccc-992a-27e715ac8b25/org.apache.hadoop_hadoop-client-api-3.3.2.jar
[2025-08-19 10:45:27,395] {subprocess.py:92} INFO - 25/08/19 10:45:27 INFO Executor: Adding file:/tmp/spark-41179878-f24a-4835-aac6-d30afd0f1607/userFiles-da062e93-93f3-4ccc-992a-27e715ac8b25/org.apache.hadoop_hadoop-client-api-3.3.2.jar to class loader
[2025-08-19 10:45:27,395] {subprocess.py:92} INFO - 25/08/19 10:45:27 INFO Executor: Fetching spark://a4b544519f2b:41047/jars/org.apache.kafka_kafka-clients-2.8.1.jar with timestamp 1755600325863
[2025-08-19 10:45:27,395] {subprocess.py:92} INFO - 25/08/19 10:45:27 INFO Utils: Fetching spark://a4b544519f2b:41047/jars/org.apache.kafka_kafka-clients-2.8.1.jar to /tmp/spark-41179878-f24a-4835-aac6-d30afd0f1607/userFiles-da062e93-93f3-4ccc-992a-27e715ac8b25/fetchFileTemp6596162933729686522.tmp
[2025-08-19 10:45:27,414] {subprocess.py:92} INFO - 25/08/19 10:45:27 INFO Utils: /tmp/spark-41179878-f24a-4835-aac6-d30afd0f1607/userFiles-da062e93-93f3-4ccc-992a-27e715ac8b25/fetchFileTemp6596162933729686522.tmp has been previously copied to /tmp/spark-41179878-f24a-4835-aac6-d30afd0f1607/userFiles-da062e93-93f3-4ccc-992a-27e715ac8b25/org.apache.kafka_kafka-clients-2.8.1.jar
[2025-08-19 10:45:27,419] {subprocess.py:92} INFO - 25/08/19 10:45:27 INFO Executor: Adding file:/tmp/spark-41179878-f24a-4835-aac6-d30afd0f1607/userFiles-da062e93-93f3-4ccc-992a-27e715ac8b25/org.apache.kafka_kafka-clients-2.8.1.jar to class loader
[2025-08-19 10:45:27,420] {subprocess.py:92} INFO - 25/08/19 10:45:27 INFO Executor: Fetching spark://a4b544519f2b:41047/jars/org.apache.spark_spark-sql-kafka-0-10_2.12-3.3.1.jar with timestamp 1755600325863
[2025-08-19 10:45:27,420] {subprocess.py:92} INFO - 25/08/19 10:45:27 INFO Utils: Fetching spark://a4b544519f2b:41047/jars/org.apache.spark_spark-sql-kafka-0-10_2.12-3.3.1.jar to /tmp/spark-41179878-f24a-4835-aac6-d30afd0f1607/userFiles-da062e93-93f3-4ccc-992a-27e715ac8b25/fetchFileTemp927633533348594557.tmp
[2025-08-19 10:45:27,424] {subprocess.py:92} INFO - 25/08/19 10:45:27 INFO Utils: /tmp/spark-41179878-f24a-4835-aac6-d30afd0f1607/userFiles-da062e93-93f3-4ccc-992a-27e715ac8b25/fetchFileTemp927633533348594557.tmp has been previously copied to /tmp/spark-41179878-f24a-4835-aac6-d30afd0f1607/userFiles-da062e93-93f3-4ccc-992a-27e715ac8b25/org.apache.spark_spark-sql-kafka-0-10_2.12-3.3.1.jar
[2025-08-19 10:45:27,429] {subprocess.py:92} INFO - 25/08/19 10:45:27 INFO Executor: Adding file:/tmp/spark-41179878-f24a-4835-aac6-d30afd0f1607/userFiles-da062e93-93f3-4ccc-992a-27e715ac8b25/org.apache.spark_spark-sql-kafka-0-10_2.12-3.3.1.jar to class loader
[2025-08-19 10:45:27,429] {subprocess.py:92} INFO - 25/08/19 10:45:27 INFO Executor: Fetching spark://a4b544519f2b:41047/jars/org.apache.hadoop_hadoop-client-runtime-3.3.2.jar with timestamp 1755600325863
[2025-08-19 10:45:27,430] {subprocess.py:92} INFO - 25/08/19 10:45:27 INFO Utils: Fetching spark://a4b544519f2b:41047/jars/org.apache.hadoop_hadoop-client-runtime-3.3.2.jar to /tmp/spark-41179878-f24a-4835-aac6-d30afd0f1607/userFiles-da062e93-93f3-4ccc-992a-27e715ac8b25/fetchFileTemp10448690206554184678.tmp
[2025-08-19 10:45:27,574] {subprocess.py:92} INFO - 25/08/19 10:45:27 INFO Utils: /tmp/spark-41179878-f24a-4835-aac6-d30afd0f1607/userFiles-da062e93-93f3-4ccc-992a-27e715ac8b25/fetchFileTemp10448690206554184678.tmp has been previously copied to /tmp/spark-41179878-f24a-4835-aac6-d30afd0f1607/userFiles-da062e93-93f3-4ccc-992a-27e715ac8b25/org.apache.hadoop_hadoop-client-runtime-3.3.2.jar
[2025-08-19 10:45:27,585] {subprocess.py:92} INFO - 25/08/19 10:45:27 INFO Executor: Adding file:/tmp/spark-41179878-f24a-4835-aac6-d30afd0f1607/userFiles-da062e93-93f3-4ccc-992a-27e715ac8b25/org.apache.hadoop_hadoop-client-runtime-3.3.2.jar to class loader
[2025-08-19 10:45:27,585] {subprocess.py:92} INFO - 25/08/19 10:45:27 INFO Executor: Fetching spark://a4b544519f2b:41047/jars/org.apache.spark_spark-token-provider-kafka-0-10_2.12-3.3.1.jar with timestamp 1755600325863
[2025-08-19 10:45:27,585] {subprocess.py:92} INFO - 25/08/19 10:45:27 INFO Utils: Fetching spark://a4b544519f2b:41047/jars/org.apache.spark_spark-token-provider-kafka-0-10_2.12-3.3.1.jar to /tmp/spark-41179878-f24a-4835-aac6-d30afd0f1607/userFiles-da062e93-93f3-4ccc-992a-27e715ac8b25/fetchFileTemp16002721436174271145.tmp
[2025-08-19 10:45:27,589] {subprocess.py:92} INFO - 25/08/19 10:45:27 INFO Utils: /tmp/spark-41179878-f24a-4835-aac6-d30afd0f1607/userFiles-da062e93-93f3-4ccc-992a-27e715ac8b25/fetchFileTemp16002721436174271145.tmp has been previously copied to /tmp/spark-41179878-f24a-4835-aac6-d30afd0f1607/userFiles-da062e93-93f3-4ccc-992a-27e715ac8b25/org.apache.spark_spark-token-provider-kafka-0-10_2.12-3.3.1.jar
[2025-08-19 10:45:27,594] {subprocess.py:92} INFO - 25/08/19 10:45:27 INFO Executor: Adding file:/tmp/spark-41179878-f24a-4835-aac6-d30afd0f1607/userFiles-da062e93-93f3-4ccc-992a-27e715ac8b25/org.apache.spark_spark-token-provider-kafka-0-10_2.12-3.3.1.jar to class loader
[2025-08-19 10:45:27,594] {subprocess.py:92} INFO - 25/08/19 10:45:27 INFO Executor: Fetching spark://a4b544519f2b:41047/jars/org.lz4_lz4-java-1.8.0.jar with timestamp 1755600325863
[2025-08-19 10:45:27,595] {subprocess.py:92} INFO - 25/08/19 10:45:27 INFO Utils: Fetching spark://a4b544519f2b:41047/jars/org.lz4_lz4-java-1.8.0.jar to /tmp/spark-41179878-f24a-4835-aac6-d30afd0f1607/userFiles-da062e93-93f3-4ccc-992a-27e715ac8b25/fetchFileTemp12342548464809208033.tmp
[2025-08-19 10:45:27,599] {subprocess.py:92} INFO - 25/08/19 10:45:27 INFO Utils: /tmp/spark-41179878-f24a-4835-aac6-d30afd0f1607/userFiles-da062e93-93f3-4ccc-992a-27e715ac8b25/fetchFileTemp12342548464809208033.tmp has been previously copied to /tmp/spark-41179878-f24a-4835-aac6-d30afd0f1607/userFiles-da062e93-93f3-4ccc-992a-27e715ac8b25/org.lz4_lz4-java-1.8.0.jar
[2025-08-19 10:45:27,604] {subprocess.py:92} INFO - 25/08/19 10:45:27 INFO Executor: Adding file:/tmp/spark-41179878-f24a-4835-aac6-d30afd0f1607/userFiles-da062e93-93f3-4ccc-992a-27e715ac8b25/org.lz4_lz4-java-1.8.0.jar to class loader
[2025-08-19 10:45:27,605] {subprocess.py:92} INFO - 25/08/19 10:45:27 INFO Executor: Fetching spark://a4b544519f2b:41047/jars/com.google.code.findbugs_jsr305-3.0.0.jar with timestamp 1755600325863
[2025-08-19 10:45:27,605] {subprocess.py:92} INFO - 25/08/19 10:45:27 INFO Utils: Fetching spark://a4b544519f2b:41047/jars/com.google.code.findbugs_jsr305-3.0.0.jar to /tmp/spark-41179878-f24a-4835-aac6-d30afd0f1607/userFiles-da062e93-93f3-4ccc-992a-27e715ac8b25/fetchFileTemp8595312080893834022.tmp
[2025-08-19 10:45:27,608] {subprocess.py:92} INFO - 25/08/19 10:45:27 INFO Utils: /tmp/spark-41179878-f24a-4835-aac6-d30afd0f1607/userFiles-da062e93-93f3-4ccc-992a-27e715ac8b25/fetchFileTemp8595312080893834022.tmp has been previously copied to /tmp/spark-41179878-f24a-4835-aac6-d30afd0f1607/userFiles-da062e93-93f3-4ccc-992a-27e715ac8b25/com.google.code.findbugs_jsr305-3.0.0.jar
[2025-08-19 10:45:27,613] {subprocess.py:92} INFO - 25/08/19 10:45:27 INFO Executor: Adding file:/tmp/spark-41179878-f24a-4835-aac6-d30afd0f1607/userFiles-da062e93-93f3-4ccc-992a-27e715ac8b25/com.google.code.findbugs_jsr305-3.0.0.jar to class loader
[2025-08-19 10:45:27,613] {subprocess.py:92} INFO - 25/08/19 10:45:27 INFO Executor: Fetching spark://a4b544519f2b:41047/jars/org.apache.commons_commons-pool2-2.11.1.jar with timestamp 1755600325863
[2025-08-19 10:45:27,614] {subprocess.py:92} INFO - 25/08/19 10:45:27 INFO Utils: Fetching spark://a4b544519f2b:41047/jars/org.apache.commons_commons-pool2-2.11.1.jar to /tmp/spark-41179878-f24a-4835-aac6-d30afd0f1607/userFiles-da062e93-93f3-4ccc-992a-27e715ac8b25/fetchFileTemp3359665998734651603.tmp
[2025-08-19 10:45:27,617] {subprocess.py:92} INFO - 25/08/19 10:45:27 INFO Utils: /tmp/spark-41179878-f24a-4835-aac6-d30afd0f1607/userFiles-da062e93-93f3-4ccc-992a-27e715ac8b25/fetchFileTemp3359665998734651603.tmp has been previously copied to /tmp/spark-41179878-f24a-4835-aac6-d30afd0f1607/userFiles-da062e93-93f3-4ccc-992a-27e715ac8b25/org.apache.commons_commons-pool2-2.11.1.jar
[2025-08-19 10:45:27,622] {subprocess.py:92} INFO - 25/08/19 10:45:27 INFO Executor: Adding file:/tmp/spark-41179878-f24a-4835-aac6-d30afd0f1607/userFiles-da062e93-93f3-4ccc-992a-27e715ac8b25/org.apache.commons_commons-pool2-2.11.1.jar to class loader
[2025-08-19 10:45:27,622] {subprocess.py:92} INFO - 25/08/19 10:45:27 INFO Executor: Fetching spark://a4b544519f2b:41047/jars/org.xerial.snappy_snappy-java-1.1.8.4.jar with timestamp 1755600325863
[2025-08-19 10:45:27,623] {subprocess.py:92} INFO - 25/08/19 10:45:27 INFO Utils: Fetching spark://a4b544519f2b:41047/jars/org.xerial.snappy_snappy-java-1.1.8.4.jar to /tmp/spark-41179878-f24a-4835-aac6-d30afd0f1607/userFiles-da062e93-93f3-4ccc-992a-27e715ac8b25/fetchFileTemp10586485129334109611.tmp
[2025-08-19 10:45:27,631] {subprocess.py:92} INFO - 25/08/19 10:45:27 INFO Utils: /tmp/spark-41179878-f24a-4835-aac6-d30afd0f1607/userFiles-da062e93-93f3-4ccc-992a-27e715ac8b25/fetchFileTemp10586485129334109611.tmp has been previously copied to /tmp/spark-41179878-f24a-4835-aac6-d30afd0f1607/userFiles-da062e93-93f3-4ccc-992a-27e715ac8b25/org.xerial.snappy_snappy-java-1.1.8.4.jar
[2025-08-19 10:45:27,637] {subprocess.py:92} INFO - 25/08/19 10:45:27 INFO Executor: Adding file:/tmp/spark-41179878-f24a-4835-aac6-d30afd0f1607/userFiles-da062e93-93f3-4ccc-992a-27e715ac8b25/org.xerial.snappy_snappy-java-1.1.8.4.jar to class loader
[2025-08-19 10:45:27,637] {subprocess.py:92} INFO - 25/08/19 10:45:27 INFO Executor: Fetching spark://a4b544519f2b:41047/jars/org.slf4j_slf4j-api-1.7.32.jar with timestamp 1755600325863
[2025-08-19 10:45:27,637] {subprocess.py:92} INFO - 25/08/19 10:45:27 INFO Utils: Fetching spark://a4b544519f2b:41047/jars/org.slf4j_slf4j-api-1.7.32.jar to /tmp/spark-41179878-f24a-4835-aac6-d30afd0f1607/userFiles-da062e93-93f3-4ccc-992a-27e715ac8b25/fetchFileTemp16631453836912096594.tmp
[2025-08-19 10:45:27,640] {subprocess.py:92} INFO - 25/08/19 10:45:27 INFO Utils: /tmp/spark-41179878-f24a-4835-aac6-d30afd0f1607/userFiles-da062e93-93f3-4ccc-992a-27e715ac8b25/fetchFileTemp16631453836912096594.tmp has been previously copied to /tmp/spark-41179878-f24a-4835-aac6-d30afd0f1607/userFiles-da062e93-93f3-4ccc-992a-27e715ac8b25/org.slf4j_slf4j-api-1.7.32.jar
[2025-08-19 10:45:27,645] {subprocess.py:92} INFO - 25/08/19 10:45:27 INFO Executor: Adding file:/tmp/spark-41179878-f24a-4835-aac6-d30afd0f1607/userFiles-da062e93-93f3-4ccc-992a-27e715ac8b25/org.slf4j_slf4j-api-1.7.32.jar to class loader
[2025-08-19 10:45:27,645] {subprocess.py:92} INFO - 25/08/19 10:45:27 INFO Executor: Fetching spark://a4b544519f2b:41047/jars/org.spark-project.spark_unused-1.0.0.jar with timestamp 1755600325863
[2025-08-19 10:45:27,645] {subprocess.py:92} INFO - 25/08/19 10:45:27 INFO Utils: Fetching spark://a4b544519f2b:41047/jars/org.spark-project.spark_unused-1.0.0.jar to /tmp/spark-41179878-f24a-4835-aac6-d30afd0f1607/userFiles-da062e93-93f3-4ccc-992a-27e715ac8b25/fetchFileTemp6527050529272489011.tmp
[2025-08-19 10:45:27,648] {subprocess.py:92} INFO - 25/08/19 10:45:27 INFO Utils: /tmp/spark-41179878-f24a-4835-aac6-d30afd0f1607/userFiles-da062e93-93f3-4ccc-992a-27e715ac8b25/fetchFileTemp6527050529272489011.tmp has been previously copied to /tmp/spark-41179878-f24a-4835-aac6-d30afd0f1607/userFiles-da062e93-93f3-4ccc-992a-27e715ac8b25/org.spark-project.spark_unused-1.0.0.jar
[2025-08-19 10:45:27,653] {subprocess.py:92} INFO - 25/08/19 10:45:27 INFO Executor: Adding file:/tmp/spark-41179878-f24a-4835-aac6-d30afd0f1607/userFiles-da062e93-93f3-4ccc-992a-27e715ac8b25/org.spark-project.spark_unused-1.0.0.jar to class loader
[2025-08-19 10:45:27,653] {subprocess.py:92} INFO - 25/08/19 10:45:27 INFO Executor: Fetching spark://a4b544519f2b:41047/jars/commons-logging_commons-logging-1.1.3.jar with timestamp 1755600325863
[2025-08-19 10:45:27,653] {subprocess.py:92} INFO - 25/08/19 10:45:27 INFO Utils: Fetching spark://a4b544519f2b:41047/jars/commons-logging_commons-logging-1.1.3.jar to /tmp/spark-41179878-f24a-4835-aac6-d30afd0f1607/userFiles-da062e93-93f3-4ccc-992a-27e715ac8b25/fetchFileTemp18413378732966253360.tmp
[2025-08-19 10:45:27,656] {subprocess.py:92} INFO - 25/08/19 10:45:27 INFO Utils: /tmp/spark-41179878-f24a-4835-aac6-d30afd0f1607/userFiles-da062e93-93f3-4ccc-992a-27e715ac8b25/fetchFileTemp18413378732966253360.tmp has been previously copied to /tmp/spark-41179878-f24a-4835-aac6-d30afd0f1607/userFiles-da062e93-93f3-4ccc-992a-27e715ac8b25/commons-logging_commons-logging-1.1.3.jar
[2025-08-19 10:45:27,661] {subprocess.py:92} INFO - 25/08/19 10:45:27 INFO Executor: Adding file:/tmp/spark-41179878-f24a-4835-aac6-d30afd0f1607/userFiles-da062e93-93f3-4ccc-992a-27e715ac8b25/commons-logging_commons-logging-1.1.3.jar to class loader
[2025-08-19 10:45:27,671] {subprocess.py:92} INFO - 25/08/19 10:45:27 INFO Utils: Successfully started service 'org.apache.spark.network.netty.NettyBlockTransferService' on port 42625.
[2025-08-19 10:45:27,671] {subprocess.py:92} INFO - 25/08/19 10:45:27 INFO NettyBlockTransferService: Server created on a4b544519f2b:42625
[2025-08-19 10:45:27,674] {subprocess.py:92} INFO - 25/08/19 10:45:27 INFO BlockManager: Using org.apache.spark.storage.RandomBlockReplicationPolicy for block replication policy
[2025-08-19 10:45:27,683] {subprocess.py:92} INFO - 25/08/19 10:45:27 INFO BlockManagerMaster: Registering BlockManager BlockManagerId(driver, a4b544519f2b, 42625, None)
[2025-08-19 10:45:27,689] {subprocess.py:92} INFO - 25/08/19 10:45:27 INFO BlockManagerMasterEndpoint: Registering block manager a4b544519f2b:42625 with 434.4 MiB RAM, BlockManagerId(driver, a4b544519f2b, 42625, None)
[2025-08-19 10:45:27,693] {subprocess.py:92} INFO - 25/08/19 10:45:27 INFO BlockManagerMaster: Registered BlockManager BlockManagerId(driver, a4b544519f2b, 42625, None)
[2025-08-19 10:45:27,695] {subprocess.py:92} INFO - 25/08/19 10:45:27 INFO BlockManager: Initialized BlockManager: BlockManagerId(driver, a4b544519f2b, 42625, None)
[2025-08-19 10:45:28,260] {subprocess.py:92} INFO - Connexion à Kafka...
[2025-08-19 10:45:30,768] {subprocess.py:92} INFO - Connexion Kafka réussie (kafka:9092)
[2025-08-19 10:45:30,768] {subprocess.py:92} INFO - Transformation des données JSON...
[2025-08-19 10:45:31,088] {subprocess.py:92} INFO - Démarrage du streaming vers HDFS...
[2025-08-19 10:45:32,060] {subprocess.py:92} INFO - Streaming actif - Données météo sauvegardées dans HDFS:/data/weather
[2025-08-19 10:51:38,664] {local_task_job.py:221} WARNING - State of this instance has been externally set to None. Terminating instance.
[2025-08-19 10:51:38,705] {process_utils.py:129} INFO - Sending Signals.SIGTERM to group 15826. PIDs of all processes in the group: [15827, 15883, 15826]
[2025-08-19 10:51:38,706] {process_utils.py:80} INFO - Sending the signal Signals.SIGTERM to group 15826
[2025-08-19 10:51:38,708] {taskinstance.py:1541} ERROR - Received SIGTERM. Terminating subprocesses.
[2025-08-19 10:51:38,708] {subprocess.py:103} INFO - Sending SIGTERM signal to process group
[2025-08-19 10:51:38,808] {taskinstance.py:1889} ERROR - Task failed with exception
Traceback (most recent call last):
  File "/home/airflow/.local/lib/python3.7/site-packages/airflow/operators/bash.py", line 189, in execute
    cwd=self.cwd,
  File "/home/airflow/.local/lib/python3.7/site-packages/airflow/hooks/subprocess.py", line 90, in run_command
    for raw_line in iter(self.sub_process.stdout.readline, b''):
  File "/home/airflow/.local/lib/python3.7/site-packages/airflow/models/taskinstance.py", line 1543, in signal_handler
    raise AirflowException("Task received SIGTERM signal")
airflow.exceptions.AirflowException: Task received SIGTERM signal
[2025-08-19 10:51:38,831] {taskinstance.py:1400} INFO - Marking task as FAILED. dag_id=send_weather_to_kafka, task_id=stream_hdfs, execution_date=20250819T062735, start_date=20250819T104521, end_date=20250819T105138
[2025-08-19 10:51:39,029] {standard_task_runner.py:97} ERROR - Failed to execute job 344 for task stream_hdfs (Task received SIGTERM signal; 15826)
[2025-08-19 10:51:39,143] {process_utils.py:75} INFO - Process psutil.Process(pid=15826, status='terminated', exitcode=1, started='10:45:20') (15826) terminated with exit code 1
[2025-08-19 10:51:39,144] {process_utils.py:75} INFO - Process psutil.Process(pid=15883, status='terminated', started='10:45:23') (15883) terminated with exit code None
[2025-08-19 10:51:39,734] {process_utils.py:75} INFO - Process psutil.Process(pid=15827, status='terminated', started='10:45:20') (15827) terminated with exit code None
