[2025-08-19 08:28:14,168] {taskinstance.py:1159} INFO - Dependencies all met for <TaskInstance: send_weather_to_kafka.stream_hdfs scheduled__2025-08-19T06:27:35.463770+00:00 [queued]>
[2025-08-19 08:28:14,180] {taskinstance.py:1159} INFO - Dependencies all met for <TaskInstance: send_weather_to_kafka.stream_hdfs scheduled__2025-08-19T06:27:35.463770+00:00 [queued]>
[2025-08-19 08:28:14,180] {taskinstance.py:1356} INFO - 
--------------------------------------------------------------------------------
[2025-08-19 08:28:14,180] {taskinstance.py:1357} INFO - Starting attempt 1 of 2
[2025-08-19 08:28:14,180] {taskinstance.py:1358} INFO - 
--------------------------------------------------------------------------------
[2025-08-19 08:28:14,195] {taskinstance.py:1377} INFO - Executing <Task(BashOperator): stream_hdfs> on 2025-08-19 06:27:35.463770+00:00
[2025-08-19 08:28:14,199] {standard_task_runner.py:52} INFO - Started process 14839 to run task
[2025-08-19 08:28:14,203] {standard_task_runner.py:79} INFO - Running: ['***', 'tasks', 'run', 'send_weather_to_kafka', 'stream_hdfs', 'scheduled__2025-08-19T06:27:35.463770+00:00', '--job-id', '336', '--raw', '--subdir', 'DAGS_FOLDER/dag_meteo.py', '--cfg-path', '/tmp/tmp9ojz0z8f', '--error-file', '/tmp/tmp23p44891']
[2025-08-19 08:28:14,205] {standard_task_runner.py:80} INFO - Job 336: Subtask stream_hdfs
[2025-08-19 08:28:14,227] {logging_mixin.py:115} WARNING - /home/***/.local/lib/python3.7/site-packages/***/configuration.py:470 DeprecationWarning: The sql_alchemy_conn option in [core] has been moved to the sql_alchemy_conn option in [database] - the old setting has been used, but please update your config.
[2025-08-19 08:28:14,277] {task_command.py:369} INFO - Running <TaskInstance: send_weather_to_kafka.stream_hdfs scheduled__2025-08-19T06:27:35.463770+00:00 [running]> on host a4b544519f2b
[2025-08-19 08:28:14,367] {taskinstance.py:1571} INFO - Exporting the following env vars:
AIRFLOW_CTX_DAG_OWNER=***
AIRFLOW_CTX_DAG_ID=send_weather_to_kafka
AIRFLOW_CTX_TASK_ID=stream_hdfs
AIRFLOW_CTX_EXECUTION_DATE=2025-08-19T06:27:35.463770+00:00
AIRFLOW_CTX_TRY_NUMBER=1
AIRFLOW_CTX_DAG_RUN_ID=scheduled__2025-08-19T06:27:35.463770+00:00
[2025-08-19 08:28:14,367] {subprocess.py:62} INFO - Tmp dir root location: 
 /tmp
[2025-08-19 08:28:14,368] {subprocess.py:74} INFO - Running command: ['bash', '-c', '\n/home/***/.local/bin/spark-submit   --master local[*]   --conf spark.hadoop.fs.defaultFS=hdfs://namenode:9000   --conf spark.hadoop.dfs.client.use.datanode.hostname=true   --conf spark.sql.adaptive.enabled=false   --packages org.apache.spark:spark-sql-kafka-0-10_2.12:3.3.1   /opt/***/scripts/pyspark/streaming.py']
[2025-08-19 08:28:14,380] {subprocess.py:85} INFO - Output:
[2025-08-19 08:28:14,397] {subprocess.py:92} INFO - /opt/spark-3.3.1-bin-hadoop3/bin/load-spark-env.sh: line 68: ps: command not found
[2025-08-19 08:28:16,315] {subprocess.py:92} INFO - :: loading settings :: url = jar:file:/opt/spark-3.3.1-bin-hadoop3/jars/ivy-2.5.0.jar!/org/apache/ivy/core/settings/ivysettings.xml
[2025-08-19 08:28:16,451] {subprocess.py:92} INFO - Ivy Default Cache set to: /home/***/.ivy2/cache
[2025-08-19 08:28:16,451] {subprocess.py:92} INFO - The jars for the packages stored in: /home/***/.ivy2/jars
[2025-08-19 08:28:16,457] {subprocess.py:92} INFO - org.apache.spark#spark-sql-kafka-0-10_2.12 added as a dependency
[2025-08-19 08:28:16,458] {subprocess.py:92} INFO - :: resolving dependencies :: org.apache.spark#spark-submit-parent-6eece2fc-2546-4587-a51b-a12dd5b2842c;1.0
[2025-08-19 08:28:16,459] {subprocess.py:92} INFO - 	confs: [default]
[2025-08-19 08:28:16,672] {subprocess.py:92} INFO - 	found org.apache.spark#spark-sql-kafka-0-10_2.12;3.3.1 in spark-list
[2025-08-19 08:28:16,814] {subprocess.py:92} INFO - 	found org.apache.spark#spark-token-provider-kafka-0-10_2.12;3.3.1 in central
[2025-08-19 08:28:16,869] {subprocess.py:92} INFO - 	found org.apache.kafka#kafka-clients;2.8.1 in central
[2025-08-19 08:28:16,917] {subprocess.py:92} INFO - 	found org.lz4#lz4-java;1.8.0 in spark-list
[2025-08-19 08:28:16,964] {subprocess.py:92} INFO - 	found org.xerial.snappy#snappy-java;1.1.8.4 in central
[2025-08-19 08:28:17,003] {subprocess.py:92} INFO - 	found org.slf4j#slf4j-api;1.7.32 in central
[2025-08-19 08:28:17,052] {subprocess.py:92} INFO - 	found org.apache.hadoop#hadoop-client-runtime;3.3.2 in central
[2025-08-19 08:28:17,078] {subprocess.py:92} INFO - 	found org.spark-project.spark#unused;1.0.0 in central
[2025-08-19 08:28:17,124] {subprocess.py:92} INFO - 	found org.apache.hadoop#hadoop-client-api;3.3.2 in central
[2025-08-19 08:28:17,163] {subprocess.py:92} INFO - 	found commons-logging#commons-logging;1.1.3 in central
[2025-08-19 08:28:17,188] {subprocess.py:92} INFO - 	found com.google.code.findbugs#jsr305;3.0.0 in central
[2025-08-19 08:28:17,213] {subprocess.py:92} INFO - 	found org.apache.commons#commons-pool2;2.11.1 in central
[2025-08-19 08:28:17,262] {subprocess.py:92} INFO - :: resolution report :: resolve 780ms :: artifacts dl 23ms
[2025-08-19 08:28:17,262] {subprocess.py:92} INFO - 	:: modules in use:
[2025-08-19 08:28:17,262] {subprocess.py:92} INFO - 	com.google.code.findbugs#jsr305;3.0.0 from central in [default]
[2025-08-19 08:28:17,262] {subprocess.py:92} INFO - 	commons-logging#commons-logging;1.1.3 from central in [default]
[2025-08-19 08:28:17,262] {subprocess.py:92} INFO - 	org.apache.commons#commons-pool2;2.11.1 from central in [default]
[2025-08-19 08:28:17,262] {subprocess.py:92} INFO - 	org.apache.hadoop#hadoop-client-api;3.3.2 from central in [default]
[2025-08-19 08:28:17,262] {subprocess.py:92} INFO - 	org.apache.hadoop#hadoop-client-runtime;3.3.2 from central in [default]
[2025-08-19 08:28:17,263] {subprocess.py:92} INFO - 	org.apache.kafka#kafka-clients;2.8.1 from central in [default]
[2025-08-19 08:28:17,263] {subprocess.py:92} INFO - 	org.apache.spark#spark-sql-kafka-0-10_2.12;3.3.1 from spark-list in [default]
[2025-08-19 08:28:17,263] {subprocess.py:92} INFO - 	org.apache.spark#spark-token-provider-kafka-0-10_2.12;3.3.1 from central in [default]
[2025-08-19 08:28:17,263] {subprocess.py:92} INFO - 	org.lz4#lz4-java;1.8.0 from spark-list in [default]
[2025-08-19 08:28:17,263] {subprocess.py:92} INFO - 	org.slf4j#slf4j-api;1.7.32 from central in [default]
[2025-08-19 08:28:17,263] {subprocess.py:92} INFO - 	org.spark-project.spark#unused;1.0.0 from central in [default]
[2025-08-19 08:28:17,263] {subprocess.py:92} INFO - 	org.xerial.snappy#snappy-java;1.1.8.4 from central in [default]
[2025-08-19 08:28:17,263] {subprocess.py:92} INFO - 	---------------------------------------------------------------------
[2025-08-19 08:28:17,263] {subprocess.py:92} INFO - 	|                  |            modules            ||   artifacts   |
[2025-08-19 08:28:17,263] {subprocess.py:92} INFO - 	|       conf       | number| search|dwnlded|evicted|| number|dwnlded|
[2025-08-19 08:28:17,263] {subprocess.py:92} INFO - 	---------------------------------------------------------------------
[2025-08-19 08:28:17,264] {subprocess.py:92} INFO - 	|      default     |   12  |   0   |   0   |   0   ||   12  |   0   |
[2025-08-19 08:28:17,264] {subprocess.py:92} INFO - 	---------------------------------------------------------------------
[2025-08-19 08:28:17,276] {subprocess.py:92} INFO - :: retrieving :: org.apache.spark#spark-submit-parent-6eece2fc-2546-4587-a51b-a12dd5b2842c
[2025-08-19 08:28:17,276] {subprocess.py:92} INFO - 	confs: [default]
[2025-08-19 08:28:17,293] {subprocess.py:92} INFO - 	0 artifacts copied, 12 already retrieved (0kB/16ms)
[2025-08-19 08:28:17,626] {subprocess.py:92} INFO - 25/08/19 08:28:17 WARN NativeCodeLoader: Unable to load native-hadoop library for your platform... using builtin-java classes where applicable
[2025-08-19 08:28:19,116] {subprocess.py:92} INFO - 25/08/19 08:28:19 INFO SparkContext: Running Spark version 3.3.1
[2025-08-19 08:28:19,140] {subprocess.py:92} INFO - 25/08/19 08:28:19 INFO ResourceUtils: ==============================================================
[2025-08-19 08:28:19,140] {subprocess.py:92} INFO - 25/08/19 08:28:19 INFO ResourceUtils: No custom resources configured for spark.driver.
[2025-08-19 08:28:19,140] {subprocess.py:92} INFO - 25/08/19 08:28:19 INFO ResourceUtils: ==============================================================
[2025-08-19 08:28:19,141] {subprocess.py:92} INFO - 25/08/19 08:28:19 INFO SparkContext: Submitted application: KafkaToHDFSWeather
[2025-08-19 08:28:19,164] {subprocess.py:92} INFO - 25/08/19 08:28:19 INFO ResourceProfile: Default ResourceProfile created, executor resources: Map(cores -> name: cores, amount: 1, script: , vendor: , memory -> name: memory, amount: 1024, script: , vendor: , offHeap -> name: offHeap, amount: 0, script: , vendor: ), task resources: Map(cpus -> name: cpus, amount: 1.0)
[2025-08-19 08:28:19,176] {subprocess.py:92} INFO - 25/08/19 08:28:19 INFO ResourceProfile: Limiting resource is cpu
[2025-08-19 08:28:19,176] {subprocess.py:92} INFO - 25/08/19 08:28:19 INFO ResourceProfileManager: Added ResourceProfile id: 0
[2025-08-19 08:28:19,241] {subprocess.py:92} INFO - 25/08/19 08:28:19 INFO SecurityManager: Changing view acls to: ***
[2025-08-19 08:28:19,242] {subprocess.py:92} INFO - 25/08/19 08:28:19 INFO SecurityManager: Changing modify acls to: ***
[2025-08-19 08:28:19,242] {subprocess.py:92} INFO - 25/08/19 08:28:19 INFO SecurityManager: Changing view acls groups to:
[2025-08-19 08:28:19,243] {subprocess.py:92} INFO - 25/08/19 08:28:19 INFO SecurityManager: Changing modify acls groups to:
[2025-08-19 08:28:19,243] {subprocess.py:92} INFO - 25/08/19 08:28:19 INFO SecurityManager: SecurityManager: authentication disabled; ui acls disabled; users  with view permissions: Set(***); groups with view permissions: Set(); users  with modify permissions: Set(***); groups with modify permissions: Set()
[2025-08-19 08:28:19,508] {subprocess.py:92} INFO - 25/08/19 08:28:19 INFO Utils: Successfully started service 'sparkDriver' on port 41843.
[2025-08-19 08:28:19,544] {subprocess.py:92} INFO - 25/08/19 08:28:19 INFO SparkEnv: Registering MapOutputTracker
[2025-08-19 08:28:19,581] {subprocess.py:92} INFO - 25/08/19 08:28:19 INFO SparkEnv: Registering BlockManagerMaster
[2025-08-19 08:28:19,600] {subprocess.py:92} INFO - 25/08/19 08:28:19 INFO BlockManagerMasterEndpoint: Using org.apache.spark.storage.DefaultTopologyMapper for getting topology information
[2025-08-19 08:28:19,601] {subprocess.py:92} INFO - 25/08/19 08:28:19 INFO BlockManagerMasterEndpoint: BlockManagerMasterEndpoint up
[2025-08-19 08:28:19,606] {subprocess.py:92} INFO - 25/08/19 08:28:19 INFO SparkEnv: Registering BlockManagerMasterHeartbeat
[2025-08-19 08:28:19,631] {subprocess.py:92} INFO - 25/08/19 08:28:19 INFO DiskBlockManager: Created local directory at /tmp/blockmgr-0fb7e0f2-cb8b-462d-8413-944d090bf26d
[2025-08-19 08:28:19,650] {subprocess.py:92} INFO - 25/08/19 08:28:19 INFO MemoryStore: MemoryStore started with capacity 434.4 MiB
[2025-08-19 08:28:19,667] {subprocess.py:92} INFO - 25/08/19 08:28:19 INFO SparkEnv: Registering OutputCommitCoordinator
[2025-08-19 08:28:19,899] {subprocess.py:92} INFO - 25/08/19 08:28:19 INFO Utils: Successfully started service 'SparkUI' on port 4040.
[2025-08-19 08:28:19,940] {subprocess.py:92} INFO - 25/08/19 08:28:19 INFO SparkContext: Added JAR file:///home/***/.ivy2/jars/org.apache.spark_spark-sql-kafka-0-10_2.12-3.3.1.jar at spark://a4b544519f2b:41843/jars/org.apache.spark_spark-sql-kafka-0-10_2.12-3.3.1.jar with timestamp 1755592099106
[2025-08-19 08:28:19,940] {subprocess.py:92} INFO - 25/08/19 08:28:19 INFO SparkContext: Added JAR file:///home/***/.ivy2/jars/org.apache.spark_spark-token-provider-kafka-0-10_2.12-3.3.1.jar at spark://a4b544519f2b:41843/jars/org.apache.spark_spark-token-provider-kafka-0-10_2.12-3.3.1.jar with timestamp 1755592099106
[2025-08-19 08:28:19,940] {subprocess.py:92} INFO - 25/08/19 08:28:19 INFO SparkContext: Added JAR file:///home/***/.ivy2/jars/org.apache.kafka_kafka-clients-2.8.1.jar at spark://a4b544519f2b:41843/jars/org.apache.kafka_kafka-clients-2.8.1.jar with timestamp 1755592099106
[2025-08-19 08:28:19,940] {subprocess.py:92} INFO - 25/08/19 08:28:19 INFO SparkContext: Added JAR file:///home/***/.ivy2/jars/com.google.code.findbugs_jsr305-3.0.0.jar at spark://a4b544519f2b:41843/jars/com.google.code.findbugs_jsr305-3.0.0.jar with timestamp 1755592099106
[2025-08-19 08:28:19,940] {subprocess.py:92} INFO - 25/08/19 08:28:19 INFO SparkContext: Added JAR file:///home/***/.ivy2/jars/org.apache.commons_commons-pool2-2.11.1.jar at spark://a4b544519f2b:41843/jars/org.apache.commons_commons-pool2-2.11.1.jar with timestamp 1755592099106
[2025-08-19 08:28:19,941] {subprocess.py:92} INFO - 25/08/19 08:28:19 INFO SparkContext: Added JAR file:///home/***/.ivy2/jars/org.spark-project.spark_unused-1.0.0.jar at spark://a4b544519f2b:41843/jars/org.spark-project.spark_unused-1.0.0.jar with timestamp 1755592099106
[2025-08-19 08:28:19,941] {subprocess.py:92} INFO - 25/08/19 08:28:19 INFO SparkContext: Added JAR file:///home/***/.ivy2/jars/org.apache.hadoop_hadoop-client-runtime-3.3.2.jar at spark://a4b544519f2b:41843/jars/org.apache.hadoop_hadoop-client-runtime-3.3.2.jar with timestamp 1755592099106
[2025-08-19 08:28:19,941] {subprocess.py:92} INFO - 25/08/19 08:28:19 INFO SparkContext: Added JAR file:///home/***/.ivy2/jars/org.lz4_lz4-java-1.8.0.jar at spark://a4b544519f2b:41843/jars/org.lz4_lz4-java-1.8.0.jar with timestamp 1755592099106
[2025-08-19 08:28:19,941] {subprocess.py:92} INFO - 25/08/19 08:28:19 INFO SparkContext: Added JAR file:///home/***/.ivy2/jars/org.xerial.snappy_snappy-java-1.1.8.4.jar at spark://a4b544519f2b:41843/jars/org.xerial.snappy_snappy-java-1.1.8.4.jar with timestamp 1755592099106
[2025-08-19 08:28:19,942] {subprocess.py:92} INFO - 25/08/19 08:28:19 INFO SparkContext: Added JAR file:///home/***/.ivy2/jars/org.slf4j_slf4j-api-1.7.32.jar at spark://a4b544519f2b:41843/jars/org.slf4j_slf4j-api-1.7.32.jar with timestamp 1755592099106
[2025-08-19 08:28:19,942] {subprocess.py:92} INFO - 25/08/19 08:28:19 INFO SparkContext: Added JAR file:///home/***/.ivy2/jars/org.apache.hadoop_hadoop-client-api-3.3.2.jar at spark://a4b544519f2b:41843/jars/org.apache.hadoop_hadoop-client-api-3.3.2.jar with timestamp 1755592099106
[2025-08-19 08:28:19,942] {subprocess.py:92} INFO - 25/08/19 08:28:19 INFO SparkContext: Added JAR file:///home/***/.ivy2/jars/commons-logging_commons-logging-1.1.3.jar at spark://a4b544519f2b:41843/jars/commons-logging_commons-logging-1.1.3.jar with timestamp 1755592099106
[2025-08-19 08:28:19,945] {subprocess.py:92} INFO - 25/08/19 08:28:19 INFO SparkContext: Added file file:///home/***/.ivy2/jars/org.apache.spark_spark-sql-kafka-0-10_2.12-3.3.1.jar at file:///home/***/.ivy2/jars/org.apache.spark_spark-sql-kafka-0-10_2.12-3.3.1.jar with timestamp 1755592099106
[2025-08-19 08:28:19,947] {subprocess.py:92} INFO - 25/08/19 08:28:19 INFO Utils: Copying /home/***/.ivy2/jars/org.apache.spark_spark-sql-kafka-0-10_2.12-3.3.1.jar to /tmp/spark-d38fbd98-e258-41bc-8eef-96f5c87d2fe7/userFiles-69d09505-a498-4a5b-a77f-659018047ce5/org.apache.spark_spark-sql-kafka-0-10_2.12-3.3.1.jar
[2025-08-19 08:28:19,964] {subprocess.py:92} INFO - 25/08/19 08:28:19 INFO SparkContext: Added file file:///home/***/.ivy2/jars/org.apache.spark_spark-token-provider-kafka-0-10_2.12-3.3.1.jar at file:///home/***/.ivy2/jars/org.apache.spark_spark-token-provider-kafka-0-10_2.12-3.3.1.jar with timestamp 1755592099106
[2025-08-19 08:28:19,964] {subprocess.py:92} INFO - 25/08/19 08:28:19 INFO Utils: Copying /home/***/.ivy2/jars/org.apache.spark_spark-token-provider-kafka-0-10_2.12-3.3.1.jar to /tmp/spark-d38fbd98-e258-41bc-8eef-96f5c87d2fe7/userFiles-69d09505-a498-4a5b-a77f-659018047ce5/org.apache.spark_spark-token-provider-kafka-0-10_2.12-3.3.1.jar
[2025-08-19 08:28:19,970] {subprocess.py:92} INFO - 25/08/19 08:28:19 INFO SparkContext: Added file file:///home/***/.ivy2/jars/org.apache.kafka_kafka-clients-2.8.1.jar at file:///home/***/.ivy2/jars/org.apache.kafka_kafka-clients-2.8.1.jar with timestamp 1755592099106
[2025-08-19 08:28:19,970] {subprocess.py:92} INFO - 25/08/19 08:28:19 INFO Utils: Copying /home/***/.ivy2/jars/org.apache.kafka_kafka-clients-2.8.1.jar to /tmp/spark-d38fbd98-e258-41bc-8eef-96f5c87d2fe7/userFiles-69d09505-a498-4a5b-a77f-659018047ce5/org.apache.kafka_kafka-clients-2.8.1.jar
[2025-08-19 08:28:19,985] {subprocess.py:92} INFO - 25/08/19 08:28:19 INFO SparkContext: Added file file:///home/***/.ivy2/jars/com.google.code.findbugs_jsr305-3.0.0.jar at file:///home/***/.ivy2/jars/com.google.code.findbugs_jsr305-3.0.0.jar with timestamp 1755592099106
[2025-08-19 08:28:19,985] {subprocess.py:92} INFO - 25/08/19 08:28:19 INFO Utils: Copying /home/***/.ivy2/jars/com.google.code.findbugs_jsr305-3.0.0.jar to /tmp/spark-d38fbd98-e258-41bc-8eef-96f5c87d2fe7/userFiles-69d09505-a498-4a5b-a77f-659018047ce5/com.google.code.findbugs_jsr305-3.0.0.jar
[2025-08-19 08:28:19,991] {subprocess.py:92} INFO - 25/08/19 08:28:19 INFO SparkContext: Added file file:///home/***/.ivy2/jars/org.apache.commons_commons-pool2-2.11.1.jar at file:///home/***/.ivy2/jars/org.apache.commons_commons-pool2-2.11.1.jar with timestamp 1755592099106
[2025-08-19 08:28:19,991] {subprocess.py:92} INFO - 25/08/19 08:28:19 INFO Utils: Copying /home/***/.ivy2/jars/org.apache.commons_commons-pool2-2.11.1.jar to /tmp/spark-d38fbd98-e258-41bc-8eef-96f5c87d2fe7/userFiles-69d09505-a498-4a5b-a77f-659018047ce5/org.apache.commons_commons-pool2-2.11.1.jar
[2025-08-19 08:28:19,995] {subprocess.py:92} INFO - 25/08/19 08:28:19 INFO SparkContext: Added file file:///home/***/.ivy2/jars/org.spark-project.spark_unused-1.0.0.jar at file:///home/***/.ivy2/jars/org.spark-project.spark_unused-1.0.0.jar with timestamp 1755592099106
[2025-08-19 08:28:19,996] {subprocess.py:92} INFO - 25/08/19 08:28:19 INFO Utils: Copying /home/***/.ivy2/jars/org.spark-project.spark_unused-1.0.0.jar to /tmp/spark-d38fbd98-e258-41bc-8eef-96f5c87d2fe7/userFiles-69d09505-a498-4a5b-a77f-659018047ce5/org.spark-project.spark_unused-1.0.0.jar
[2025-08-19 08:28:20,000] {subprocess.py:92} INFO - 25/08/19 08:28:19 INFO SparkContext: Added file file:///home/***/.ivy2/jars/org.apache.hadoop_hadoop-client-runtime-3.3.2.jar at file:///home/***/.ivy2/jars/org.apache.hadoop_hadoop-client-runtime-3.3.2.jar with timestamp 1755592099106
[2025-08-19 08:28:20,000] {subprocess.py:92} INFO - 25/08/19 08:28:20 INFO Utils: Copying /home/***/.ivy2/jars/org.apache.hadoop_hadoop-client-runtime-3.3.2.jar to /tmp/spark-d38fbd98-e258-41bc-8eef-96f5c87d2fe7/userFiles-69d09505-a498-4a5b-a77f-659018047ce5/org.apache.hadoop_hadoop-client-runtime-3.3.2.jar
[2025-08-19 08:28:20,048] {subprocess.py:92} INFO - 25/08/19 08:28:20 INFO SparkContext: Added file file:///home/***/.ivy2/jars/org.lz4_lz4-java-1.8.0.jar at file:///home/***/.ivy2/jars/org.lz4_lz4-java-1.8.0.jar with timestamp 1755592099106
[2025-08-19 08:28:20,049] {subprocess.py:92} INFO - 25/08/19 08:28:20 INFO Utils: Copying /home/***/.ivy2/jars/org.lz4_lz4-java-1.8.0.jar to /tmp/spark-d38fbd98-e258-41bc-8eef-96f5c87d2fe7/userFiles-69d09505-a498-4a5b-a77f-659018047ce5/org.lz4_lz4-java-1.8.0.jar
[2025-08-19 08:28:20,056] {subprocess.py:92} INFO - 25/08/19 08:28:20 INFO SparkContext: Added file file:///home/***/.ivy2/jars/org.xerial.snappy_snappy-java-1.1.8.4.jar at file:///home/***/.ivy2/jars/org.xerial.snappy_snappy-java-1.1.8.4.jar with timestamp 1755592099106
[2025-08-19 08:28:20,057] {subprocess.py:92} INFO - 25/08/19 08:28:20 INFO Utils: Copying /home/***/.ivy2/jars/org.xerial.snappy_snappy-java-1.1.8.4.jar to /tmp/spark-d38fbd98-e258-41bc-8eef-96f5c87d2fe7/userFiles-69d09505-a498-4a5b-a77f-659018047ce5/org.xerial.snappy_snappy-java-1.1.8.4.jar
[2025-08-19 08:28:20,065] {subprocess.py:92} INFO - 25/08/19 08:28:20 INFO SparkContext: Added file file:///home/***/.ivy2/jars/org.slf4j_slf4j-api-1.7.32.jar at file:///home/***/.ivy2/jars/org.slf4j_slf4j-api-1.7.32.jar with timestamp 1755592099106
[2025-08-19 08:28:20,066] {subprocess.py:92} INFO - 25/08/19 08:28:20 INFO Utils: Copying /home/***/.ivy2/jars/org.slf4j_slf4j-api-1.7.32.jar to /tmp/spark-d38fbd98-e258-41bc-8eef-96f5c87d2fe7/userFiles-69d09505-a498-4a5b-a77f-659018047ce5/org.slf4j_slf4j-api-1.7.32.jar
[2025-08-19 08:28:20,073] {subprocess.py:92} INFO - 25/08/19 08:28:20 INFO SparkContext: Added file file:///home/***/.ivy2/jars/org.apache.hadoop_hadoop-client-api-3.3.2.jar at file:///home/***/.ivy2/jars/org.apache.hadoop_hadoop-client-api-3.3.2.jar with timestamp 1755592099106
[2025-08-19 08:28:20,073] {subprocess.py:92} INFO - 25/08/19 08:28:20 INFO Utils: Copying /home/***/.ivy2/jars/org.apache.hadoop_hadoop-client-api-3.3.2.jar to /tmp/spark-d38fbd98-e258-41bc-8eef-96f5c87d2fe7/userFiles-69d09505-a498-4a5b-a77f-659018047ce5/org.apache.hadoop_hadoop-client-api-3.3.2.jar
[2025-08-19 08:28:20,121] {subprocess.py:92} INFO - 25/08/19 08:28:20 INFO SparkContext: Added file file:///home/***/.ivy2/jars/commons-logging_commons-logging-1.1.3.jar at file:///home/***/.ivy2/jars/commons-logging_commons-logging-1.1.3.jar with timestamp 1755592099106
[2025-08-19 08:28:20,121] {subprocess.py:92} INFO - 25/08/19 08:28:20 INFO Utils: Copying /home/***/.ivy2/jars/commons-logging_commons-logging-1.1.3.jar to /tmp/spark-d38fbd98-e258-41bc-8eef-96f5c87d2fe7/userFiles-69d09505-a498-4a5b-a77f-659018047ce5/commons-logging_commons-logging-1.1.3.jar
[2025-08-19 08:28:20,224] {subprocess.py:92} INFO - 25/08/19 08:28:20 INFO Executor: Starting executor ID driver on host a4b544519f2b
[2025-08-19 08:28:20,237] {subprocess.py:92} INFO - 25/08/19 08:28:20 INFO Executor: Starting executor with user classpath (userClassPathFirst = false): ''
[2025-08-19 08:28:20,258] {subprocess.py:92} INFO - 25/08/19 08:28:20 INFO Executor: Fetching file:///home/***/.ivy2/jars/commons-logging_commons-logging-1.1.3.jar with timestamp 1755592099106
[2025-08-19 08:28:20,294] {subprocess.py:92} INFO - 25/08/19 08:28:20 INFO Utils: /home/***/.ivy2/jars/commons-logging_commons-logging-1.1.3.jar has been previously copied to /tmp/spark-d38fbd98-e258-41bc-8eef-96f5c87d2fe7/userFiles-69d09505-a498-4a5b-a77f-659018047ce5/commons-logging_commons-logging-1.1.3.jar
[2025-08-19 08:28:20,301] {subprocess.py:92} INFO - 25/08/19 08:28:20 INFO Executor: Fetching file:///home/***/.ivy2/jars/org.spark-project.spark_unused-1.0.0.jar with timestamp 1755592099106
[2025-08-19 08:28:20,302] {subprocess.py:92} INFO - 25/08/19 08:28:20 INFO Utils: /home/***/.ivy2/jars/org.spark-project.spark_unused-1.0.0.jar has been previously copied to /tmp/spark-d38fbd98-e258-41bc-8eef-96f5c87d2fe7/userFiles-69d09505-a498-4a5b-a77f-659018047ce5/org.spark-project.spark_unused-1.0.0.jar
[2025-08-19 08:28:20,308] {subprocess.py:92} INFO - 25/08/19 08:28:20 INFO Executor: Fetching file:///home/***/.ivy2/jars/org.apache.spark_spark-sql-kafka-0-10_2.12-3.3.1.jar with timestamp 1755592099106
[2025-08-19 08:28:20,319] {subprocess.py:92} INFO - 25/08/19 08:28:20 INFO Utils: /home/***/.ivy2/jars/org.apache.spark_spark-sql-kafka-0-10_2.12-3.3.1.jar has been previously copied to /tmp/spark-d38fbd98-e258-41bc-8eef-96f5c87d2fe7/userFiles-69d09505-a498-4a5b-a77f-659018047ce5/org.apache.spark_spark-sql-kafka-0-10_2.12-3.3.1.jar
[2025-08-19 08:28:20,325] {subprocess.py:92} INFO - 25/08/19 08:28:20 INFO Executor: Fetching file:///home/***/.ivy2/jars/org.apache.hadoop_hadoop-client-api-3.3.2.jar with timestamp 1755592099106
[2025-08-19 08:28:20,382] {subprocess.py:92} INFO - 25/08/19 08:28:20 INFO Utils: /home/***/.ivy2/jars/org.apache.hadoop_hadoop-client-api-3.3.2.jar has been previously copied to /tmp/spark-d38fbd98-e258-41bc-8eef-96f5c87d2fe7/userFiles-69d09505-a498-4a5b-a77f-659018047ce5/org.apache.hadoop_hadoop-client-api-3.3.2.jar
[2025-08-19 08:28:20,389] {subprocess.py:92} INFO - 25/08/19 08:28:20 INFO Executor: Fetching file:///home/***/.ivy2/jars/org.apache.hadoop_hadoop-client-runtime-3.3.2.jar with timestamp 1755592099106
[2025-08-19 08:28:20,463] {subprocess.py:92} INFO - 25/08/19 08:28:20 INFO Utils: /home/***/.ivy2/jars/org.apache.hadoop_hadoop-client-runtime-3.3.2.jar has been previously copied to /tmp/spark-d38fbd98-e258-41bc-8eef-96f5c87d2fe7/userFiles-69d09505-a498-4a5b-a77f-659018047ce5/org.apache.hadoop_hadoop-client-runtime-3.3.2.jar
[2025-08-19 08:28:20,468] {subprocess.py:92} INFO - 25/08/19 08:28:20 INFO Executor: Fetching file:///home/***/.ivy2/jars/org.slf4j_slf4j-api-1.7.32.jar with timestamp 1755592099106
[2025-08-19 08:28:20,469] {subprocess.py:92} INFO - 25/08/19 08:28:20 INFO Utils: /home/***/.ivy2/jars/org.slf4j_slf4j-api-1.7.32.jar has been previously copied to /tmp/spark-d38fbd98-e258-41bc-8eef-96f5c87d2fe7/userFiles-69d09505-a498-4a5b-a77f-659018047ce5/org.slf4j_slf4j-api-1.7.32.jar
[2025-08-19 08:28:20,475] {subprocess.py:92} INFO - 25/08/19 08:28:20 INFO Executor: Fetching file:///home/***/.ivy2/jars/org.lz4_lz4-java-1.8.0.jar with timestamp 1755592099106
[2025-08-19 08:28:20,478] {subprocess.py:92} INFO - 25/08/19 08:28:20 INFO Utils: /home/***/.ivy2/jars/org.lz4_lz4-java-1.8.0.jar has been previously copied to /tmp/spark-d38fbd98-e258-41bc-8eef-96f5c87d2fe7/userFiles-69d09505-a498-4a5b-a77f-659018047ce5/org.lz4_lz4-java-1.8.0.jar
[2025-08-19 08:28:20,483] {subprocess.py:92} INFO - 25/08/19 08:28:20 INFO Executor: Fetching file:///home/***/.ivy2/jars/org.apache.commons_commons-pool2-2.11.1.jar with timestamp 1755592099106
[2025-08-19 08:28:20,484] {subprocess.py:92} INFO - 25/08/19 08:28:20 INFO Utils: /home/***/.ivy2/jars/org.apache.commons_commons-pool2-2.11.1.jar has been previously copied to /tmp/spark-d38fbd98-e258-41bc-8eef-96f5c87d2fe7/userFiles-69d09505-a498-4a5b-a77f-659018047ce5/org.apache.commons_commons-pool2-2.11.1.jar
[2025-08-19 08:28:20,491] {subprocess.py:92} INFO - 25/08/19 08:28:20 INFO Executor: Fetching file:///home/***/.ivy2/jars/com.google.code.findbugs_jsr305-3.0.0.jar with timestamp 1755592099106
[2025-08-19 08:28:20,492] {subprocess.py:92} INFO - 25/08/19 08:28:20 INFO Utils: /home/***/.ivy2/jars/com.google.code.findbugs_jsr305-3.0.0.jar has been previously copied to /tmp/spark-d38fbd98-e258-41bc-8eef-96f5c87d2fe7/userFiles-69d09505-a498-4a5b-a77f-659018047ce5/com.google.code.findbugs_jsr305-3.0.0.jar
[2025-08-19 08:28:20,498] {subprocess.py:92} INFO - 25/08/19 08:28:20 INFO Executor: Fetching file:///home/***/.ivy2/jars/org.apache.spark_spark-token-provider-kafka-0-10_2.12-3.3.1.jar with timestamp 1755592099106
[2025-08-19 08:28:20,499] {subprocess.py:92} INFO - 25/08/19 08:28:20 INFO Utils: /home/***/.ivy2/jars/org.apache.spark_spark-token-provider-kafka-0-10_2.12-3.3.1.jar has been previously copied to /tmp/spark-d38fbd98-e258-41bc-8eef-96f5c87d2fe7/userFiles-69d09505-a498-4a5b-a77f-659018047ce5/org.apache.spark_spark-token-provider-kafka-0-10_2.12-3.3.1.jar
[2025-08-19 08:28:20,506] {subprocess.py:92} INFO - 25/08/19 08:28:20 INFO Executor: Fetching file:///home/***/.ivy2/jars/org.apache.kafka_kafka-clients-2.8.1.jar with timestamp 1755592099106
[2025-08-19 08:28:20,519] {subprocess.py:92} INFO - 25/08/19 08:28:20 INFO Utils: /home/***/.ivy2/jars/org.apache.kafka_kafka-clients-2.8.1.jar has been previously copied to /tmp/spark-d38fbd98-e258-41bc-8eef-96f5c87d2fe7/userFiles-69d09505-a498-4a5b-a77f-659018047ce5/org.apache.kafka_kafka-clients-2.8.1.jar
[2025-08-19 08:28:20,526] {subprocess.py:92} INFO - 25/08/19 08:28:20 INFO Executor: Fetching file:///home/***/.ivy2/jars/org.xerial.snappy_snappy-java-1.1.8.4.jar with timestamp 1755592099106
[2025-08-19 08:28:20,532] {subprocess.py:92} INFO - 25/08/19 08:28:20 INFO Utils: /home/***/.ivy2/jars/org.xerial.snappy_snappy-java-1.1.8.4.jar has been previously copied to /tmp/spark-d38fbd98-e258-41bc-8eef-96f5c87d2fe7/userFiles-69d09505-a498-4a5b-a77f-659018047ce5/org.xerial.snappy_snappy-java-1.1.8.4.jar
[2025-08-19 08:28:20,542] {subprocess.py:92} INFO - 25/08/19 08:28:20 INFO Executor: Fetching spark://a4b544519f2b:41843/jars/com.google.code.findbugs_jsr305-3.0.0.jar with timestamp 1755592099106
[2025-08-19 08:28:20,614] {subprocess.py:92} INFO - 25/08/19 08:28:20 INFO TransportClientFactory: Successfully created connection to a4b544519f2b/172.20.0.2:41843 after 48 ms (0 ms spent in bootstraps)
[2025-08-19 08:28:20,626] {subprocess.py:92} INFO - 25/08/19 08:28:20 INFO Utils: Fetching spark://a4b544519f2b:41843/jars/com.google.code.findbugs_jsr305-3.0.0.jar to /tmp/spark-d38fbd98-e258-41bc-8eef-96f5c87d2fe7/userFiles-69d09505-a498-4a5b-a77f-659018047ce5/fetchFileTemp6290174757203748415.tmp
[2025-08-19 08:28:20,688] {subprocess.py:92} INFO - 25/08/19 08:28:20 INFO Utils: /tmp/spark-d38fbd98-e258-41bc-8eef-96f5c87d2fe7/userFiles-69d09505-a498-4a5b-a77f-659018047ce5/fetchFileTemp6290174757203748415.tmp has been previously copied to /tmp/spark-d38fbd98-e258-41bc-8eef-96f5c87d2fe7/userFiles-69d09505-a498-4a5b-a77f-659018047ce5/com.google.code.findbugs_jsr305-3.0.0.jar
[2025-08-19 08:28:20,696] {subprocess.py:92} INFO - 25/08/19 08:28:20 INFO Executor: Adding file:/tmp/spark-d38fbd98-e258-41bc-8eef-96f5c87d2fe7/userFiles-69d09505-a498-4a5b-a77f-659018047ce5/com.google.code.findbugs_jsr305-3.0.0.jar to class loader
[2025-08-19 08:28:20,696] {subprocess.py:92} INFO - 25/08/19 08:28:20 INFO Executor: Fetching spark://a4b544519f2b:41843/jars/org.apache.spark_spark-sql-kafka-0-10_2.12-3.3.1.jar with timestamp 1755592099106
[2025-08-19 08:28:20,698] {subprocess.py:92} INFO - 25/08/19 08:28:20 INFO Utils: Fetching spark://a4b544519f2b:41843/jars/org.apache.spark_spark-sql-kafka-0-10_2.12-3.3.1.jar to /tmp/spark-d38fbd98-e258-41bc-8eef-96f5c87d2fe7/userFiles-69d09505-a498-4a5b-a77f-659018047ce5/fetchFileTemp5640560669184806310.tmp
[2025-08-19 08:28:20,706] {subprocess.py:92} INFO - 25/08/19 08:28:20 INFO Utils: /tmp/spark-d38fbd98-e258-41bc-8eef-96f5c87d2fe7/userFiles-69d09505-a498-4a5b-a77f-659018047ce5/fetchFileTemp5640560669184806310.tmp has been previously copied to /tmp/spark-d38fbd98-e258-41bc-8eef-96f5c87d2fe7/userFiles-69d09505-a498-4a5b-a77f-659018047ce5/org.apache.spark_spark-sql-kafka-0-10_2.12-3.3.1.jar
[2025-08-19 08:28:20,712] {subprocess.py:92} INFO - 25/08/19 08:28:20 INFO Executor: Adding file:/tmp/spark-d38fbd98-e258-41bc-8eef-96f5c87d2fe7/userFiles-69d09505-a498-4a5b-a77f-659018047ce5/org.apache.spark_spark-sql-kafka-0-10_2.12-3.3.1.jar to class loader
[2025-08-19 08:28:20,713] {subprocess.py:92} INFO - 25/08/19 08:28:20 INFO Executor: Fetching spark://a4b544519f2b:41843/jars/org.apache.spark_spark-token-provider-kafka-0-10_2.12-3.3.1.jar with timestamp 1755592099106
[2025-08-19 08:28:20,713] {subprocess.py:92} INFO - 25/08/19 08:28:20 INFO Utils: Fetching spark://a4b544519f2b:41843/jars/org.apache.spark_spark-token-provider-kafka-0-10_2.12-3.3.1.jar to /tmp/spark-d38fbd98-e258-41bc-8eef-96f5c87d2fe7/userFiles-69d09505-a498-4a5b-a77f-659018047ce5/fetchFileTemp13767871145294061122.tmp
[2025-08-19 08:28:20,716] {subprocess.py:92} INFO - 25/08/19 08:28:20 INFO Utils: /tmp/spark-d38fbd98-e258-41bc-8eef-96f5c87d2fe7/userFiles-69d09505-a498-4a5b-a77f-659018047ce5/fetchFileTemp13767871145294061122.tmp has been previously copied to /tmp/spark-d38fbd98-e258-41bc-8eef-96f5c87d2fe7/userFiles-69d09505-a498-4a5b-a77f-659018047ce5/org.apache.spark_spark-token-provider-kafka-0-10_2.12-3.3.1.jar
[2025-08-19 08:28:20,722] {subprocess.py:92} INFO - 25/08/19 08:28:20 INFO Executor: Adding file:/tmp/spark-d38fbd98-e258-41bc-8eef-96f5c87d2fe7/userFiles-69d09505-a498-4a5b-a77f-659018047ce5/org.apache.spark_spark-token-provider-kafka-0-10_2.12-3.3.1.jar to class loader
[2025-08-19 08:28:20,722] {subprocess.py:92} INFO - 25/08/19 08:28:20 INFO Executor: Fetching spark://a4b544519f2b:41843/jars/org.xerial.snappy_snappy-java-1.1.8.4.jar with timestamp 1755592099106
[2025-08-19 08:28:20,723] {subprocess.py:92} INFO - 25/08/19 08:28:20 INFO Utils: Fetching spark://a4b544519f2b:41843/jars/org.xerial.snappy_snappy-java-1.1.8.4.jar to /tmp/spark-d38fbd98-e258-41bc-8eef-96f5c87d2fe7/userFiles-69d09505-a498-4a5b-a77f-659018047ce5/fetchFileTemp7410344411197139151.tmp
[2025-08-19 08:28:20,744] {subprocess.py:92} INFO - 25/08/19 08:28:20 INFO Utils: /tmp/spark-d38fbd98-e258-41bc-8eef-96f5c87d2fe7/userFiles-69d09505-a498-4a5b-a77f-659018047ce5/fetchFileTemp7410344411197139151.tmp has been previously copied to /tmp/spark-d38fbd98-e258-41bc-8eef-96f5c87d2fe7/userFiles-69d09505-a498-4a5b-a77f-659018047ce5/org.xerial.snappy_snappy-java-1.1.8.4.jar
[2025-08-19 08:28:20,750] {subprocess.py:92} INFO - 25/08/19 08:28:20 INFO Executor: Adding file:/tmp/spark-d38fbd98-e258-41bc-8eef-96f5c87d2fe7/userFiles-69d09505-a498-4a5b-a77f-659018047ce5/org.xerial.snappy_snappy-java-1.1.8.4.jar to class loader
[2025-08-19 08:28:20,750] {subprocess.py:92} INFO - 25/08/19 08:28:20 INFO Executor: Fetching spark://a4b544519f2b:41843/jars/org.lz4_lz4-java-1.8.0.jar with timestamp 1755592099106
[2025-08-19 08:28:20,751] {subprocess.py:92} INFO - 25/08/19 08:28:20 INFO Utils: Fetching spark://a4b544519f2b:41843/jars/org.lz4_lz4-java-1.8.0.jar to /tmp/spark-d38fbd98-e258-41bc-8eef-96f5c87d2fe7/userFiles-69d09505-a498-4a5b-a77f-659018047ce5/fetchFileTemp13162532137694465213.tmp
[2025-08-19 08:28:20,759] {subprocess.py:92} INFO - 25/08/19 08:28:20 INFO Utils: /tmp/spark-d38fbd98-e258-41bc-8eef-96f5c87d2fe7/userFiles-69d09505-a498-4a5b-a77f-659018047ce5/fetchFileTemp13162532137694465213.tmp has been previously copied to /tmp/spark-d38fbd98-e258-41bc-8eef-96f5c87d2fe7/userFiles-69d09505-a498-4a5b-a77f-659018047ce5/org.lz4_lz4-java-1.8.0.jar
[2025-08-19 08:28:20,765] {subprocess.py:92} INFO - 25/08/19 08:28:20 INFO Executor: Adding file:/tmp/spark-d38fbd98-e258-41bc-8eef-96f5c87d2fe7/userFiles-69d09505-a498-4a5b-a77f-659018047ce5/org.lz4_lz4-java-1.8.0.jar to class loader
[2025-08-19 08:28:20,765] {subprocess.py:92} INFO - 25/08/19 08:28:20 INFO Executor: Fetching spark://a4b544519f2b:41843/jars/org.slf4j_slf4j-api-1.7.32.jar with timestamp 1755592099106
[2025-08-19 08:28:20,766] {subprocess.py:92} INFO - 25/08/19 08:28:20 INFO Utils: Fetching spark://a4b544519f2b:41843/jars/org.slf4j_slf4j-api-1.7.32.jar to /tmp/spark-d38fbd98-e258-41bc-8eef-96f5c87d2fe7/userFiles-69d09505-a498-4a5b-a77f-659018047ce5/fetchFileTemp10960966338635162764.tmp
[2025-08-19 08:28:20,769] {subprocess.py:92} INFO - 25/08/19 08:28:20 INFO Utils: /tmp/spark-d38fbd98-e258-41bc-8eef-96f5c87d2fe7/userFiles-69d09505-a498-4a5b-a77f-659018047ce5/fetchFileTemp10960966338635162764.tmp has been previously copied to /tmp/spark-d38fbd98-e258-41bc-8eef-96f5c87d2fe7/userFiles-69d09505-a498-4a5b-a77f-659018047ce5/org.slf4j_slf4j-api-1.7.32.jar
[2025-08-19 08:28:20,775] {subprocess.py:92} INFO - 25/08/19 08:28:20 INFO Executor: Adding file:/tmp/spark-d38fbd98-e258-41bc-8eef-96f5c87d2fe7/userFiles-69d09505-a498-4a5b-a77f-659018047ce5/org.slf4j_slf4j-api-1.7.32.jar to class loader
[2025-08-19 08:28:20,776] {subprocess.py:92} INFO - 25/08/19 08:28:20 INFO Executor: Fetching spark://a4b544519f2b:41843/jars/org.apache.kafka_kafka-clients-2.8.1.jar with timestamp 1755592099106
[2025-08-19 08:28:20,777] {subprocess.py:92} INFO - 25/08/19 08:28:20 INFO Utils: Fetching spark://a4b544519f2b:41843/jars/org.apache.kafka_kafka-clients-2.8.1.jar to /tmp/spark-d38fbd98-e258-41bc-8eef-96f5c87d2fe7/userFiles-69d09505-a498-4a5b-a77f-659018047ce5/fetchFileTemp7894404266826671029.tmp
[2025-08-19 08:28:20,804] {subprocess.py:92} INFO - 25/08/19 08:28:20 INFO Utils: /tmp/spark-d38fbd98-e258-41bc-8eef-96f5c87d2fe7/userFiles-69d09505-a498-4a5b-a77f-659018047ce5/fetchFileTemp7894404266826671029.tmp has been previously copied to /tmp/spark-d38fbd98-e258-41bc-8eef-96f5c87d2fe7/userFiles-69d09505-a498-4a5b-a77f-659018047ce5/org.apache.kafka_kafka-clients-2.8.1.jar
[2025-08-19 08:28:20,810] {subprocess.py:92} INFO - 25/08/19 08:28:20 INFO Executor: Adding file:/tmp/spark-d38fbd98-e258-41bc-8eef-96f5c87d2fe7/userFiles-69d09505-a498-4a5b-a77f-659018047ce5/org.apache.kafka_kafka-clients-2.8.1.jar to class loader
[2025-08-19 08:28:20,810] {subprocess.py:92} INFO - 25/08/19 08:28:20 INFO Executor: Fetching spark://a4b544519f2b:41843/jars/org.apache.hadoop_hadoop-client-api-3.3.2.jar with timestamp 1755592099106
[2025-08-19 08:28:20,810] {subprocess.py:92} INFO - 25/08/19 08:28:20 INFO Utils: Fetching spark://a4b544519f2b:41843/jars/org.apache.hadoop_hadoop-client-api-3.3.2.jar to /tmp/spark-d38fbd98-e258-41bc-8eef-96f5c87d2fe7/userFiles-69d09505-a498-4a5b-a77f-659018047ce5/fetchFileTemp7673983123403046275.tmp
[2025-08-19 08:28:20,911] {subprocess.py:92} INFO - 25/08/19 08:28:20 INFO Utils: /tmp/spark-d38fbd98-e258-41bc-8eef-96f5c87d2fe7/userFiles-69d09505-a498-4a5b-a77f-659018047ce5/fetchFileTemp7673983123403046275.tmp has been previously copied to /tmp/spark-d38fbd98-e258-41bc-8eef-96f5c87d2fe7/userFiles-69d09505-a498-4a5b-a77f-659018047ce5/org.apache.hadoop_hadoop-client-api-3.3.2.jar
[2025-08-19 08:28:20,920] {subprocess.py:92} INFO - 25/08/19 08:28:20 INFO Executor: Adding file:/tmp/spark-d38fbd98-e258-41bc-8eef-96f5c87d2fe7/userFiles-69d09505-a498-4a5b-a77f-659018047ce5/org.apache.hadoop_hadoop-client-api-3.3.2.jar to class loader
[2025-08-19 08:28:20,920] {subprocess.py:92} INFO - 25/08/19 08:28:20 INFO Executor: Fetching spark://a4b544519f2b:41843/jars/org.apache.commons_commons-pool2-2.11.1.jar with timestamp 1755592099106
[2025-08-19 08:28:20,921] {subprocess.py:92} INFO - 25/08/19 08:28:20 INFO Utils: Fetching spark://a4b544519f2b:41843/jars/org.apache.commons_commons-pool2-2.11.1.jar to /tmp/spark-d38fbd98-e258-41bc-8eef-96f5c87d2fe7/userFiles-69d09505-a498-4a5b-a77f-659018047ce5/fetchFileTemp17359165643028031563.tmp
[2025-08-19 08:28:20,924] {subprocess.py:92} INFO - 25/08/19 08:28:20 INFO Utils: /tmp/spark-d38fbd98-e258-41bc-8eef-96f5c87d2fe7/userFiles-69d09505-a498-4a5b-a77f-659018047ce5/fetchFileTemp17359165643028031563.tmp has been previously copied to /tmp/spark-d38fbd98-e258-41bc-8eef-96f5c87d2fe7/userFiles-69d09505-a498-4a5b-a77f-659018047ce5/org.apache.commons_commons-pool2-2.11.1.jar
[2025-08-19 08:28:20,929] {subprocess.py:92} INFO - 25/08/19 08:28:20 INFO Executor: Adding file:/tmp/spark-d38fbd98-e258-41bc-8eef-96f5c87d2fe7/userFiles-69d09505-a498-4a5b-a77f-659018047ce5/org.apache.commons_commons-pool2-2.11.1.jar to class loader
[2025-08-19 08:28:20,930] {subprocess.py:92} INFO - 25/08/19 08:28:20 INFO Executor: Fetching spark://a4b544519f2b:41843/jars/commons-logging_commons-logging-1.1.3.jar with timestamp 1755592099106
[2025-08-19 08:28:20,931] {subprocess.py:92} INFO - 25/08/19 08:28:20 INFO Utils: Fetching spark://a4b544519f2b:41843/jars/commons-logging_commons-logging-1.1.3.jar to /tmp/spark-d38fbd98-e258-41bc-8eef-96f5c87d2fe7/userFiles-69d09505-a498-4a5b-a77f-659018047ce5/fetchFileTemp3291485688089049033.tmp
[2025-08-19 08:28:20,933] {subprocess.py:92} INFO - 25/08/19 08:28:20 INFO Utils: /tmp/spark-d38fbd98-e258-41bc-8eef-96f5c87d2fe7/userFiles-69d09505-a498-4a5b-a77f-659018047ce5/fetchFileTemp3291485688089049033.tmp has been previously copied to /tmp/spark-d38fbd98-e258-41bc-8eef-96f5c87d2fe7/userFiles-69d09505-a498-4a5b-a77f-659018047ce5/commons-logging_commons-logging-1.1.3.jar
[2025-08-19 08:28:20,940] {subprocess.py:92} INFO - 25/08/19 08:28:20 INFO Executor: Adding file:/tmp/spark-d38fbd98-e258-41bc-8eef-96f5c87d2fe7/userFiles-69d09505-a498-4a5b-a77f-659018047ce5/commons-logging_commons-logging-1.1.3.jar to class loader
[2025-08-19 08:28:20,940] {subprocess.py:92} INFO - 25/08/19 08:28:20 INFO Executor: Fetching spark://a4b544519f2b:41843/jars/org.spark-project.spark_unused-1.0.0.jar with timestamp 1755592099106
[2025-08-19 08:28:20,941] {subprocess.py:92} INFO - 25/08/19 08:28:20 INFO Utils: Fetching spark://a4b544519f2b:41843/jars/org.spark-project.spark_unused-1.0.0.jar to /tmp/spark-d38fbd98-e258-41bc-8eef-96f5c87d2fe7/userFiles-69d09505-a498-4a5b-a77f-659018047ce5/fetchFileTemp11595798280987824522.tmp
[2025-08-19 08:28:20,944] {subprocess.py:92} INFO - 25/08/19 08:28:20 INFO Utils: /tmp/spark-d38fbd98-e258-41bc-8eef-96f5c87d2fe7/userFiles-69d09505-a498-4a5b-a77f-659018047ce5/fetchFileTemp11595798280987824522.tmp has been previously copied to /tmp/spark-d38fbd98-e258-41bc-8eef-96f5c87d2fe7/userFiles-69d09505-a498-4a5b-a77f-659018047ce5/org.spark-project.spark_unused-1.0.0.jar
[2025-08-19 08:28:20,950] {subprocess.py:92} INFO - 25/08/19 08:28:20 INFO Executor: Adding file:/tmp/spark-d38fbd98-e258-41bc-8eef-96f5c87d2fe7/userFiles-69d09505-a498-4a5b-a77f-659018047ce5/org.spark-project.spark_unused-1.0.0.jar to class loader
[2025-08-19 08:28:20,950] {subprocess.py:92} INFO - 25/08/19 08:28:20 INFO Executor: Fetching spark://a4b544519f2b:41843/jars/org.apache.hadoop_hadoop-client-runtime-3.3.2.jar with timestamp 1755592099106
[2025-08-19 08:28:20,951] {subprocess.py:92} INFO - 25/08/19 08:28:20 INFO Utils: Fetching spark://a4b544519f2b:41843/jars/org.apache.hadoop_hadoop-client-runtime-3.3.2.jar to /tmp/spark-d38fbd98-e258-41bc-8eef-96f5c87d2fe7/userFiles-69d09505-a498-4a5b-a77f-659018047ce5/fetchFileTemp18206217413399320795.tmp
[2025-08-19 08:28:21,093] {subprocess.py:92} INFO - 25/08/19 08:28:21 INFO Utils: /tmp/spark-d38fbd98-e258-41bc-8eef-96f5c87d2fe7/userFiles-69d09505-a498-4a5b-a77f-659018047ce5/fetchFileTemp18206217413399320795.tmp has been previously copied to /tmp/spark-d38fbd98-e258-41bc-8eef-96f5c87d2fe7/userFiles-69d09505-a498-4a5b-a77f-659018047ce5/org.apache.hadoop_hadoop-client-runtime-3.3.2.jar
[2025-08-19 08:28:21,104] {subprocess.py:92} INFO - 25/08/19 08:28:21 INFO Executor: Adding file:/tmp/spark-d38fbd98-e258-41bc-8eef-96f5c87d2fe7/userFiles-69d09505-a498-4a5b-a77f-659018047ce5/org.apache.hadoop_hadoop-client-runtime-3.3.2.jar to class loader
[2025-08-19 08:28:21,119] {subprocess.py:92} INFO - 25/08/19 08:28:21 INFO Utils: Successfully started service 'org.apache.spark.network.netty.NettyBlockTransferService' on port 35741.
[2025-08-19 08:28:21,120] {subprocess.py:92} INFO - 25/08/19 08:28:21 INFO NettyBlockTransferService: Server created on a4b544519f2b:35741
[2025-08-19 08:28:21,124] {subprocess.py:92} INFO - 25/08/19 08:28:21 INFO BlockManager: Using org.apache.spark.storage.RandomBlockReplicationPolicy for block replication policy
[2025-08-19 08:28:21,140] {subprocess.py:92} INFO - 25/08/19 08:28:21 INFO BlockManagerMaster: Registering BlockManager BlockManagerId(driver, a4b544519f2b, 35741, None)
[2025-08-19 08:28:21,148] {subprocess.py:92} INFO - 25/08/19 08:28:21 INFO BlockManagerMasterEndpoint: Registering block manager a4b544519f2b:35741 with 434.4 MiB RAM, BlockManagerId(driver, a4b544519f2b, 35741, None)
[2025-08-19 08:28:21,153] {subprocess.py:92} INFO - 25/08/19 08:28:21 INFO BlockManagerMaster: Registered BlockManager BlockManagerId(driver, a4b544519f2b, 35741, None)
[2025-08-19 08:28:21,156] {subprocess.py:92} INFO - 25/08/19 08:28:21 INFO BlockManager: Initialized BlockManager: BlockManagerId(driver, a4b544519f2b, 35741, None)
[2025-08-19 08:28:21,798] {subprocess.py:92} INFO - Connexion à Kafka...
[2025-08-19 08:28:24,180] {subprocess.py:92} INFO - Connexion Kafka réussie (kafka:9092)
[2025-08-19 08:28:24,181] {subprocess.py:92} INFO - Transformation des données JSON...
[2025-08-19 08:28:24,516] {subprocess.py:92} INFO - Démarrage du streaming vers HDFS...
[2025-08-19 08:28:25,440] {subprocess.py:92} INFO - Streaming actif - Données météo sauvegardées dans HDFS:/data/weather
[2025-08-19 10:42:20,418] {local_task_job.py:144} ERROR - Heartbeat time limit exceeded!
[2025-08-19 10:42:20,434] {process_utils.py:129} INFO - Sending Signals.SIGTERM to group 14839. PIDs of all processes in the group: [14840, 14889, 14839]
[2025-08-19 10:42:20,437] {process_utils.py:80} INFO - Sending the signal Signals.SIGTERM to group 14839
[2025-08-19 10:42:20,438] {taskinstance.py:1541} ERROR - Received SIGTERM. Terminating subprocesses.
[2025-08-19 10:42:20,439] {subprocess.py:103} INFO - Sending SIGTERM signal to process group
[2025-08-19 10:42:20,627] {taskinstance.py:1889} ERROR - Task failed with exception
Traceback (most recent call last):
  File "/home/airflow/.local/lib/python3.7/site-packages/airflow/operators/bash.py", line 189, in execute
    cwd=self.cwd,
  File "/home/airflow/.local/lib/python3.7/site-packages/airflow/hooks/subprocess.py", line 90, in run_command
    for raw_line in iter(self.sub_process.stdout.readline, b''):
  File "/home/airflow/.local/lib/python3.7/site-packages/airflow/models/taskinstance.py", line 1543, in signal_handler
    raise AirflowException("Task received SIGTERM signal")
airflow.exceptions.AirflowException: Task received SIGTERM signal
[2025-08-19 10:42:20,667] {taskinstance.py:1400} INFO - Marking task as UP_FOR_RETRY. dag_id=send_weather_to_kafka, task_id=stream_hdfs, execution_date=20250819T062735, start_date=20250819T082814, end_date=20250819T104220
[2025-08-19 10:42:20,745] {standard_task_runner.py:97} ERROR - Failed to execute job 336 for task stream_hdfs (Task received SIGTERM signal; 14839)
[2025-08-19 10:42:21,126] {process_utils.py:75} INFO - Process psutil.Process(pid=14889, status='terminated', started='08:28:17') (14889) terminated with exit code None
[2025-08-19 10:42:21,127] {process_utils.py:75} INFO - Process psutil.Process(pid=14839, status='terminated', exitcode=1, started='08:28:13') (14839) terminated with exit code 1
[2025-08-19 10:42:21,508] {process_utils.py:75} INFO - Process psutil.Process(pid=14840, status='terminated', started='08:28:13') (14840) terminated with exit code None
