[2025-08-31 23:41:48,325] {taskinstance.py:1159} INFO - Dependencies all met for <TaskInstance: send_weather_to_kafka.stream_hdfs scheduled__2025-08-29T21:42:32.013199+00:00 [queued]>
[2025-08-31 23:41:48,338] {taskinstance.py:1159} INFO - Dependencies all met for <TaskInstance: send_weather_to_kafka.stream_hdfs scheduled__2025-08-29T21:42:32.013199+00:00 [queued]>
[2025-08-31 23:41:48,338] {taskinstance.py:1356} INFO - 
--------------------------------------------------------------------------------
[2025-08-31 23:41:48,338] {taskinstance.py:1357} INFO - Starting attempt 2 of 2
[2025-08-31 23:41:48,338] {taskinstance.py:1358} INFO - 
--------------------------------------------------------------------------------
[2025-08-31 23:41:48,355] {taskinstance.py:1377} INFO - Executing <Task(BashOperator): stream_hdfs> on 2025-08-29 21:42:32.013199+00:00
[2025-08-31 23:41:48,360] {standard_task_runner.py:52} INFO - Started process 1308 to run task
[2025-08-31 23:41:48,363] {standard_task_runner.py:79} INFO - Running: ['***', 'tasks', 'run', 'send_weather_to_kafka', 'stream_hdfs', 'scheduled__2025-08-29T21:42:32.013199+00:00', '--job-id', '389', '--raw', '--subdir', 'DAGS_FOLDER/dag_meteo.py', '--cfg-path', '/tmp/tmpjacd8ppj', '--error-file', '/tmp/tmp7xl61a1l']
[2025-08-31 23:41:48,364] {standard_task_runner.py:80} INFO - Job 389: Subtask stream_hdfs
[2025-08-31 23:41:48,386] {logging_mixin.py:115} WARNING - /home/***/.local/lib/python3.7/site-packages/***/configuration.py:470 DeprecationWarning: The sql_alchemy_conn option in [core] has been moved to the sql_alchemy_conn option in [database] - the old setting has been used, but please update your config.
[2025-08-31 23:41:48,443] {task_command.py:369} INFO - Running <TaskInstance: send_weather_to_kafka.stream_hdfs scheduled__2025-08-29T21:42:32.013199+00:00 [running]> on host 5d7670b258c3
[2025-08-31 23:41:48,561] {taskinstance.py:1571} INFO - Exporting the following env vars:
AIRFLOW_CTX_DAG_OWNER=***
AIRFLOW_CTX_DAG_ID=send_weather_to_kafka
AIRFLOW_CTX_TASK_ID=stream_hdfs
AIRFLOW_CTX_EXECUTION_DATE=2025-08-29T21:42:32.013199+00:00
AIRFLOW_CTX_TRY_NUMBER=2
AIRFLOW_CTX_DAG_RUN_ID=scheduled__2025-08-29T21:42:32.013199+00:00
[2025-08-31 23:41:48,562] {subprocess.py:62} INFO - Tmp dir root location: 
 /tmp
[2025-08-31 23:41:48,563] {subprocess.py:74} INFO - Running command: ['bash', '-c', '\n/home/***/.local/bin/spark-submit   --master local[*]   --conf spark.hadoop.fs.defaultFS=hdfs://namenode:9000   --conf spark.hadoop.dfs.client.use.datanode.hostname=true   --conf spark.sql.adaptive.enabled=false   --packages org.apache.spark:spark-sql-kafka-0-10_2.12:3.3.1   /opt/***/scripts/pyspark/streaming.py']
[2025-08-31 23:41:48,580] {subprocess.py:85} INFO - Output:
[2025-08-31 23:41:48,596] {subprocess.py:92} INFO - /opt/spark-3.3.1-bin-hadoop3/bin/load-spark-env.sh: line 68: ps: command not found
[2025-08-31 23:41:51,492] {subprocess.py:92} INFO - :: loading settings :: url = jar:file:/opt/spark-3.3.1-bin-hadoop3/jars/ivy-2.5.0.jar!/org/apache/ivy/core/settings/ivysettings.xml
[2025-08-31 23:41:51,664] {subprocess.py:92} INFO - Ivy Default Cache set to: /home/***/.ivy2/cache
[2025-08-31 23:41:51,665] {subprocess.py:92} INFO - The jars for the packages stored in: /home/***/.ivy2/jars
[2025-08-31 23:41:51,678] {subprocess.py:92} INFO - org.apache.spark#spark-sql-kafka-0-10_2.12 added as a dependency
[2025-08-31 23:41:51,681] {subprocess.py:92} INFO - :: resolving dependencies :: org.apache.spark#spark-submit-parent-f3956958-03ed-4989-8895-577b13b6c78b;1.0
[2025-08-31 23:41:51,682] {subprocess.py:92} INFO - 	confs: [default]
[2025-08-31 23:41:51,979] {subprocess.py:92} INFO - 	found org.apache.spark#spark-sql-kafka-0-10_2.12;3.3.1 in central
[2025-08-31 23:41:52,138] {subprocess.py:92} INFO - 	found org.apache.spark#spark-token-provider-kafka-0-10_2.12;3.3.1 in central
[2025-08-31 23:41:52,196] {subprocess.py:92} INFO - 	found org.apache.kafka#kafka-clients;2.8.1 in central
[2025-08-31 23:41:52,253] {subprocess.py:92} INFO - 	found org.lz4#lz4-java;1.8.0 in central
[2025-08-31 23:41:52,322] {subprocess.py:92} INFO - 	found org.xerial.snappy#snappy-java;1.1.8.4 in central
[2025-08-31 23:41:52,375] {subprocess.py:92} INFO - 	found org.slf4j#slf4j-api;1.7.32 in central
[2025-08-31 23:41:52,421] {subprocess.py:92} INFO - 	found org.apache.hadoop#hadoop-client-runtime;3.3.2 in central
[2025-08-31 23:41:52,436] {subprocess.py:92} INFO - 	found org.spark-project.spark#unused;1.0.0 in central
[2025-08-31 23:41:52,494] {subprocess.py:92} INFO - 	found org.apache.hadoop#hadoop-client-api;3.3.2 in central
[2025-08-31 23:41:52,549] {subprocess.py:92} INFO - 	found commons-logging#commons-logging;1.1.3 in central
[2025-08-31 23:41:52,586] {subprocess.py:92} INFO - 	found com.google.code.findbugs#jsr305;3.0.0 in central
[2025-08-31 23:41:52,619] {subprocess.py:92} INFO - 	found org.apache.commons#commons-pool2;2.11.1 in central
[2025-08-31 23:41:52,678] {subprocess.py:92} INFO - :: resolution report :: resolve 966ms :: artifacts dl 31ms
[2025-08-31 23:41:52,678] {subprocess.py:92} INFO - 	:: modules in use:
[2025-08-31 23:41:52,679] {subprocess.py:92} INFO - 	com.google.code.findbugs#jsr305;3.0.0 from central in [default]
[2025-08-31 23:41:52,679] {subprocess.py:92} INFO - 	commons-logging#commons-logging;1.1.3 from central in [default]
[2025-08-31 23:41:52,679] {subprocess.py:92} INFO - 	org.apache.commons#commons-pool2;2.11.1 from central in [default]
[2025-08-31 23:41:52,679] {subprocess.py:92} INFO - 	org.apache.hadoop#hadoop-client-api;3.3.2 from central in [default]
[2025-08-31 23:41:52,679] {subprocess.py:92} INFO - 	org.apache.hadoop#hadoop-client-runtime;3.3.2 from central in [default]
[2025-08-31 23:41:52,679] {subprocess.py:92} INFO - 	org.apache.kafka#kafka-clients;2.8.1 from central in [default]
[2025-08-31 23:41:52,679] {subprocess.py:92} INFO - 	org.apache.spark#spark-sql-kafka-0-10_2.12;3.3.1 from central in [default]
[2025-08-31 23:41:52,679] {subprocess.py:92} INFO - 	org.apache.spark#spark-token-provider-kafka-0-10_2.12;3.3.1 from central in [default]
[2025-08-31 23:41:52,679] {subprocess.py:92} INFO - 	org.lz4#lz4-java;1.8.0 from central in [default]
[2025-08-31 23:41:52,679] {subprocess.py:92} INFO - 	org.slf4j#slf4j-api;1.7.32 from central in [default]
[2025-08-31 23:41:52,680] {subprocess.py:92} INFO - 	org.spark-project.spark#unused;1.0.0 from central in [default]
[2025-08-31 23:41:52,680] {subprocess.py:92} INFO - 	org.xerial.snappy#snappy-java;1.1.8.4 from central in [default]
[2025-08-31 23:41:52,681] {subprocess.py:92} INFO - 	---------------------------------------------------------------------
[2025-08-31 23:41:52,681] {subprocess.py:92} INFO - 	|                  |            modules            ||   artifacts   |
[2025-08-31 23:41:52,681] {subprocess.py:92} INFO - 	|       conf       | number| search|dwnlded|evicted|| number|dwnlded|
[2025-08-31 23:41:52,681] {subprocess.py:92} INFO - 	---------------------------------------------------------------------
[2025-08-31 23:41:52,681] {subprocess.py:92} INFO - 	|      default     |   12  |   0   |   0   |   0   ||   12  |   0   |
[2025-08-31 23:41:52,681] {subprocess.py:92} INFO - 	---------------------------------------------------------------------
[2025-08-31 23:41:52,696] {subprocess.py:92} INFO - :: retrieving :: org.apache.spark#spark-submit-parent-f3956958-03ed-4989-8895-577b13b6c78b
[2025-08-31 23:41:52,696] {subprocess.py:92} INFO - 	confs: [default]
[2025-08-31 23:41:52,715] {subprocess.py:92} INFO - 	0 artifacts copied, 12 already retrieved (0kB/18ms)
[2025-08-31 23:41:53,087] {subprocess.py:92} INFO - 25/08/31 23:41:53 WARN NativeCodeLoader: Unable to load native-hadoop library for your platform... using builtin-java classes where applicable
[2025-08-31 23:41:54,784] {subprocess.py:92} INFO - 25/08/31 23:41:54 INFO SparkContext: Running Spark version 3.3.1
[2025-08-31 23:41:54,839] {subprocess.py:92} INFO - 25/08/31 23:41:54 INFO ResourceUtils: ==============================================================
[2025-08-31 23:41:54,839] {subprocess.py:92} INFO - 25/08/31 23:41:54 INFO ResourceUtils: No custom resources configured for spark.driver.
[2025-08-31 23:41:54,840] {subprocess.py:92} INFO - 25/08/31 23:41:54 INFO ResourceUtils: ==============================================================
[2025-08-31 23:41:54,841] {subprocess.py:92} INFO - 25/08/31 23:41:54 INFO SparkContext: Submitted application: KafkaToHDFSWeather
[2025-08-31 23:41:54,885] {subprocess.py:92} INFO - 25/08/31 23:41:54 INFO ResourceProfile: Default ResourceProfile created, executor resources: Map(cores -> name: cores, amount: 1, script: , vendor: , memory -> name: memory, amount: 1024, script: , vendor: , offHeap -> name: offHeap, amount: 0, script: , vendor: ), task resources: Map(cpus -> name: cpus, amount: 1.0)
[2025-08-31 23:41:54,907] {subprocess.py:92} INFO - 25/08/31 23:41:54 INFO ResourceProfile: Limiting resource is cpu
[2025-08-31 23:41:54,908] {subprocess.py:92} INFO - 25/08/31 23:41:54 INFO ResourceProfileManager: Added ResourceProfile id: 0
[2025-08-31 23:41:55,036] {subprocess.py:92} INFO - 25/08/31 23:41:55 INFO SecurityManager: Changing view acls to: ***
[2025-08-31 23:41:55,038] {subprocess.py:92} INFO - 25/08/31 23:41:55 INFO SecurityManager: Changing modify acls to: ***
[2025-08-31 23:41:55,040] {subprocess.py:92} INFO - 25/08/31 23:41:55 INFO SecurityManager: Changing view acls groups to:
[2025-08-31 23:41:55,041] {subprocess.py:92} INFO - 25/08/31 23:41:55 INFO SecurityManager: Changing modify acls groups to:
[2025-08-31 23:41:55,043] {subprocess.py:92} INFO - 25/08/31 23:41:55 INFO SecurityManager: SecurityManager: authentication disabled; ui acls disabled; users  with view permissions: Set(***); groups with view permissions: Set(); users  with modify permissions: Set(***); groups with modify permissions: Set()
[2025-08-31 23:41:55,642] {subprocess.py:92} INFO - 25/08/31 23:41:55 INFO Utils: Successfully started service 'sparkDriver' on port 45859.
[2025-08-31 23:41:55,692] {subprocess.py:92} INFO - 25/08/31 23:41:55 INFO SparkEnv: Registering MapOutputTracker
[2025-08-31 23:41:55,733] {subprocess.py:92} INFO - 25/08/31 23:41:55 INFO SparkEnv: Registering BlockManagerMaster
[2025-08-31 23:41:55,752] {subprocess.py:92} INFO - 25/08/31 23:41:55 INFO BlockManagerMasterEndpoint: Using org.apache.spark.storage.DefaultTopologyMapper for getting topology information
[2025-08-31 23:41:55,753] {subprocess.py:92} INFO - 25/08/31 23:41:55 INFO BlockManagerMasterEndpoint: BlockManagerMasterEndpoint up
[2025-08-31 23:41:55,758] {subprocess.py:92} INFO - 25/08/31 23:41:55 INFO SparkEnv: Registering BlockManagerMasterHeartbeat
[2025-08-31 23:41:55,785] {subprocess.py:92} INFO - 25/08/31 23:41:55 INFO DiskBlockManager: Created local directory at /tmp/blockmgr-aee30741-aec2-44ec-80fd-3f3345bb9d75
[2025-08-31 23:41:55,805] {subprocess.py:92} INFO - 25/08/31 23:41:55 INFO MemoryStore: MemoryStore started with capacity 434.4 MiB
[2025-08-31 23:41:55,829] {subprocess.py:92} INFO - 25/08/31 23:41:55 INFO SparkEnv: Registering OutputCommitCoordinator
[2025-08-31 23:41:56,095] {subprocess.py:92} INFO - 25/08/31 23:41:56 WARN Utils: Service 'SparkUI' could not bind on port 4040. Attempting port 4041.
[2025-08-31 23:41:56,095] {subprocess.py:92} INFO - 25/08/31 23:41:56 WARN Utils: Service 'SparkUI' could not bind on port 4041. Attempting port 4042.
[2025-08-31 23:41:56,109] {subprocess.py:92} INFO - 25/08/31 23:41:56 INFO Utils: Successfully started service 'SparkUI' on port 4042.
[2025-08-31 23:41:56,156] {subprocess.py:92} INFO - 25/08/31 23:41:56 INFO SparkContext: Added JAR file:///home/***/.ivy2/jars/org.apache.spark_spark-sql-kafka-0-10_2.12-3.3.1.jar at spark://5d7670b258c3:45859/jars/org.apache.spark_spark-sql-kafka-0-10_2.12-3.3.1.jar with timestamp 1756683714767
[2025-08-31 23:41:56,156] {subprocess.py:92} INFO - 25/08/31 23:41:56 INFO SparkContext: Added JAR file:///home/***/.ivy2/jars/org.apache.spark_spark-token-provider-kafka-0-10_2.12-3.3.1.jar at spark://5d7670b258c3:45859/jars/org.apache.spark_spark-token-provider-kafka-0-10_2.12-3.3.1.jar with timestamp 1756683714767
[2025-08-31 23:41:56,157] {subprocess.py:92} INFO - 25/08/31 23:41:56 INFO SparkContext: Added JAR file:///home/***/.ivy2/jars/org.apache.kafka_kafka-clients-2.8.1.jar at spark://5d7670b258c3:45859/jars/org.apache.kafka_kafka-clients-2.8.1.jar with timestamp 1756683714767
[2025-08-31 23:41:56,157] {subprocess.py:92} INFO - 25/08/31 23:41:56 INFO SparkContext: Added JAR file:///home/***/.ivy2/jars/com.google.code.findbugs_jsr305-3.0.0.jar at spark://5d7670b258c3:45859/jars/com.google.code.findbugs_jsr305-3.0.0.jar with timestamp 1756683714767
[2025-08-31 23:41:56,157] {subprocess.py:92} INFO - 25/08/31 23:41:56 INFO SparkContext: Added JAR file:///home/***/.ivy2/jars/org.apache.commons_commons-pool2-2.11.1.jar at spark://5d7670b258c3:45859/jars/org.apache.commons_commons-pool2-2.11.1.jar with timestamp 1756683714767
[2025-08-31 23:41:56,158] {subprocess.py:92} INFO - 25/08/31 23:41:56 INFO SparkContext: Added JAR file:///home/***/.ivy2/jars/org.spark-project.spark_unused-1.0.0.jar at spark://5d7670b258c3:45859/jars/org.spark-project.spark_unused-1.0.0.jar with timestamp 1756683714767
[2025-08-31 23:41:56,158] {subprocess.py:92} INFO - 25/08/31 23:41:56 INFO SparkContext: Added JAR file:///home/***/.ivy2/jars/org.apache.hadoop_hadoop-client-runtime-3.3.2.jar at spark://5d7670b258c3:45859/jars/org.apache.hadoop_hadoop-client-runtime-3.3.2.jar with timestamp 1756683714767
[2025-08-31 23:41:56,158] {subprocess.py:92} INFO - 25/08/31 23:41:56 INFO SparkContext: Added JAR file:///home/***/.ivy2/jars/org.lz4_lz4-java-1.8.0.jar at spark://5d7670b258c3:45859/jars/org.lz4_lz4-java-1.8.0.jar with timestamp 1756683714767
[2025-08-31 23:41:56,159] {subprocess.py:92} INFO - 25/08/31 23:41:56 INFO SparkContext: Added JAR file:///home/***/.ivy2/jars/org.xerial.snappy_snappy-java-1.1.8.4.jar at spark://5d7670b258c3:45859/jars/org.xerial.snappy_snappy-java-1.1.8.4.jar with timestamp 1756683714767
[2025-08-31 23:41:56,159] {subprocess.py:92} INFO - 25/08/31 23:41:56 INFO SparkContext: Added JAR file:///home/***/.ivy2/jars/org.slf4j_slf4j-api-1.7.32.jar at spark://5d7670b258c3:45859/jars/org.slf4j_slf4j-api-1.7.32.jar with timestamp 1756683714767
[2025-08-31 23:41:56,159] {subprocess.py:92} INFO - 25/08/31 23:41:56 INFO SparkContext: Added JAR file:///home/***/.ivy2/jars/org.apache.hadoop_hadoop-client-api-3.3.2.jar at spark://5d7670b258c3:45859/jars/org.apache.hadoop_hadoop-client-api-3.3.2.jar with timestamp 1756683714767
[2025-08-31 23:41:56,160] {subprocess.py:92} INFO - 25/08/31 23:41:56 INFO SparkContext: Added JAR file:///home/***/.ivy2/jars/commons-logging_commons-logging-1.1.3.jar at spark://5d7670b258c3:45859/jars/commons-logging_commons-logging-1.1.3.jar with timestamp 1756683714767
[2025-08-31 23:41:56,164] {subprocess.py:92} INFO - 25/08/31 23:41:56 INFO SparkContext: Added file file:///home/***/.ivy2/jars/org.apache.spark_spark-sql-kafka-0-10_2.12-3.3.1.jar at file:///home/***/.ivy2/jars/org.apache.spark_spark-sql-kafka-0-10_2.12-3.3.1.jar with timestamp 1756683714767
[2025-08-31 23:41:56,166] {subprocess.py:92} INFO - 25/08/31 23:41:56 INFO Utils: Copying /home/***/.ivy2/jars/org.apache.spark_spark-sql-kafka-0-10_2.12-3.3.1.jar to /tmp/spark-f4121703-3273-4679-85cd-e3c2f2ca76d4/userFiles-33cf1d7d-cefa-4469-89a5-d6fb8308dc33/org.apache.spark_spark-sql-kafka-0-10_2.12-3.3.1.jar
[2025-08-31 23:41:56,179] {subprocess.py:92} INFO - 25/08/31 23:41:56 INFO SparkContext: Added file file:///home/***/.ivy2/jars/org.apache.spark_spark-token-provider-kafka-0-10_2.12-3.3.1.jar at file:///home/***/.ivy2/jars/org.apache.spark_spark-token-provider-kafka-0-10_2.12-3.3.1.jar with timestamp 1756683714767
[2025-08-31 23:41:56,180] {subprocess.py:92} INFO - 25/08/31 23:41:56 INFO Utils: Copying /home/***/.ivy2/jars/org.apache.spark_spark-token-provider-kafka-0-10_2.12-3.3.1.jar to /tmp/spark-f4121703-3273-4679-85cd-e3c2f2ca76d4/userFiles-33cf1d7d-cefa-4469-89a5-d6fb8308dc33/org.apache.spark_spark-token-provider-kafka-0-10_2.12-3.3.1.jar
[2025-08-31 23:41:56,188] {subprocess.py:92} INFO - 25/08/31 23:41:56 INFO SparkContext: Added file file:///home/***/.ivy2/jars/org.apache.kafka_kafka-clients-2.8.1.jar at file:///home/***/.ivy2/jars/org.apache.kafka_kafka-clients-2.8.1.jar with timestamp 1756683714767
[2025-08-31 23:41:56,188] {subprocess.py:92} INFO - 25/08/31 23:41:56 INFO Utils: Copying /home/***/.ivy2/jars/org.apache.kafka_kafka-clients-2.8.1.jar to /tmp/spark-f4121703-3273-4679-85cd-e3c2f2ca76d4/userFiles-33cf1d7d-cefa-4469-89a5-d6fb8308dc33/org.apache.kafka_kafka-clients-2.8.1.jar
[2025-08-31 23:41:56,198] {subprocess.py:92} INFO - 25/08/31 23:41:56 INFO SparkContext: Added file file:///home/***/.ivy2/jars/com.google.code.findbugs_jsr305-3.0.0.jar at file:///home/***/.ivy2/jars/com.google.code.findbugs_jsr305-3.0.0.jar with timestamp 1756683714767
[2025-08-31 23:41:56,199] {subprocess.py:92} INFO - 25/08/31 23:41:56 INFO Utils: Copying /home/***/.ivy2/jars/com.google.code.findbugs_jsr305-3.0.0.jar to /tmp/spark-f4121703-3273-4679-85cd-e3c2f2ca76d4/userFiles-33cf1d7d-cefa-4469-89a5-d6fb8308dc33/com.google.code.findbugs_jsr305-3.0.0.jar
[2025-08-31 23:41:56,206] {subprocess.py:92} INFO - 25/08/31 23:41:56 INFO SparkContext: Added file file:///home/***/.ivy2/jars/org.apache.commons_commons-pool2-2.11.1.jar at file:///home/***/.ivy2/jars/org.apache.commons_commons-pool2-2.11.1.jar with timestamp 1756683714767
[2025-08-31 23:41:56,206] {subprocess.py:92} INFO - 25/08/31 23:41:56 INFO Utils: Copying /home/***/.ivy2/jars/org.apache.commons_commons-pool2-2.11.1.jar to /tmp/spark-f4121703-3273-4679-85cd-e3c2f2ca76d4/userFiles-33cf1d7d-cefa-4469-89a5-d6fb8308dc33/org.apache.commons_commons-pool2-2.11.1.jar
[2025-08-31 23:41:56,215] {subprocess.py:92} INFO - 25/08/31 23:41:56 INFO SparkContext: Added file file:///home/***/.ivy2/jars/org.spark-project.spark_unused-1.0.0.jar at file:///home/***/.ivy2/jars/org.spark-project.spark_unused-1.0.0.jar with timestamp 1756683714767
[2025-08-31 23:41:56,216] {subprocess.py:92} INFO - 25/08/31 23:41:56 INFO Utils: Copying /home/***/.ivy2/jars/org.spark-project.spark_unused-1.0.0.jar to /tmp/spark-f4121703-3273-4679-85cd-e3c2f2ca76d4/userFiles-33cf1d7d-cefa-4469-89a5-d6fb8308dc33/org.spark-project.spark_unused-1.0.0.jar
[2025-08-31 23:41:56,222] {subprocess.py:92} INFO - 25/08/31 23:41:56 INFO SparkContext: Added file file:///home/***/.ivy2/jars/org.apache.hadoop_hadoop-client-runtime-3.3.2.jar at file:///home/***/.ivy2/jars/org.apache.hadoop_hadoop-client-runtime-3.3.2.jar with timestamp 1756683714767
[2025-08-31 23:41:56,222] {subprocess.py:92} INFO - 25/08/31 23:41:56 INFO Utils: Copying /home/***/.ivy2/jars/org.apache.hadoop_hadoop-client-runtime-3.3.2.jar to /tmp/spark-f4121703-3273-4679-85cd-e3c2f2ca76d4/userFiles-33cf1d7d-cefa-4469-89a5-d6fb8308dc33/org.apache.hadoop_hadoop-client-runtime-3.3.2.jar
[2025-08-31 23:41:56,277] {subprocess.py:92} INFO - 25/08/31 23:41:56 INFO SparkContext: Added file file:///home/***/.ivy2/jars/org.lz4_lz4-java-1.8.0.jar at file:///home/***/.ivy2/jars/org.lz4_lz4-java-1.8.0.jar with timestamp 1756683714767
[2025-08-31 23:41:56,278] {subprocess.py:92} INFO - 25/08/31 23:41:56 INFO Utils: Copying /home/***/.ivy2/jars/org.lz4_lz4-java-1.8.0.jar to /tmp/spark-f4121703-3273-4679-85cd-e3c2f2ca76d4/userFiles-33cf1d7d-cefa-4469-89a5-d6fb8308dc33/org.lz4_lz4-java-1.8.0.jar
[2025-08-31 23:41:56,286] {subprocess.py:92} INFO - 25/08/31 23:41:56 INFO SparkContext: Added file file:///home/***/.ivy2/jars/org.xerial.snappy_snappy-java-1.1.8.4.jar at file:///home/***/.ivy2/jars/org.xerial.snappy_snappy-java-1.1.8.4.jar with timestamp 1756683714767
[2025-08-31 23:41:56,286] {subprocess.py:92} INFO - 25/08/31 23:41:56 INFO Utils: Copying /home/***/.ivy2/jars/org.xerial.snappy_snappy-java-1.1.8.4.jar to /tmp/spark-f4121703-3273-4679-85cd-e3c2f2ca76d4/userFiles-33cf1d7d-cefa-4469-89a5-d6fb8308dc33/org.xerial.snappy_snappy-java-1.1.8.4.jar
[2025-08-31 23:41:56,297] {subprocess.py:92} INFO - 25/08/31 23:41:56 INFO SparkContext: Added file file:///home/***/.ivy2/jars/org.slf4j_slf4j-api-1.7.32.jar at file:///home/***/.ivy2/jars/org.slf4j_slf4j-api-1.7.32.jar with timestamp 1756683714767
[2025-08-31 23:41:56,298] {subprocess.py:92} INFO - 25/08/31 23:41:56 INFO Utils: Copying /home/***/.ivy2/jars/org.slf4j_slf4j-api-1.7.32.jar to /tmp/spark-f4121703-3273-4679-85cd-e3c2f2ca76d4/userFiles-33cf1d7d-cefa-4469-89a5-d6fb8308dc33/org.slf4j_slf4j-api-1.7.32.jar
[2025-08-31 23:41:56,309] {subprocess.py:92} INFO - 25/08/31 23:41:56 INFO SparkContext: Added file file:///home/***/.ivy2/jars/org.apache.hadoop_hadoop-client-api-3.3.2.jar at file:///home/***/.ivy2/jars/org.apache.hadoop_hadoop-client-api-3.3.2.jar with timestamp 1756683714767
[2025-08-31 23:41:56,309] {subprocess.py:92} INFO - 25/08/31 23:41:56 INFO Utils: Copying /home/***/.ivy2/jars/org.apache.hadoop_hadoop-client-api-3.3.2.jar to /tmp/spark-f4121703-3273-4679-85cd-e3c2f2ca76d4/userFiles-33cf1d7d-cefa-4469-89a5-d6fb8308dc33/org.apache.hadoop_hadoop-client-api-3.3.2.jar
[2025-08-31 23:41:56,355] {subprocess.py:92} INFO - 25/08/31 23:41:56 INFO SparkContext: Added file file:///home/***/.ivy2/jars/commons-logging_commons-logging-1.1.3.jar at file:///home/***/.ivy2/jars/commons-logging_commons-logging-1.1.3.jar with timestamp 1756683714767
[2025-08-31 23:41:56,356] {subprocess.py:92} INFO - 25/08/31 23:41:56 INFO Utils: Copying /home/***/.ivy2/jars/commons-logging_commons-logging-1.1.3.jar to /tmp/spark-f4121703-3273-4679-85cd-e3c2f2ca76d4/userFiles-33cf1d7d-cefa-4469-89a5-d6fb8308dc33/commons-logging_commons-logging-1.1.3.jar
[2025-08-31 23:41:56,515] {subprocess.py:92} INFO - 25/08/31 23:41:56 INFO Executor: Starting executor ID driver on host 5d7670b258c3
[2025-08-31 23:41:56,522] {subprocess.py:92} INFO - 25/08/31 23:41:56 INFO Executor: Starting executor with user classpath (userClassPathFirst = false): ''
[2025-08-31 23:41:56,544] {subprocess.py:92} INFO - 25/08/31 23:41:56 INFO Executor: Fetching file:///home/***/.ivy2/jars/commons-logging_commons-logging-1.1.3.jar with timestamp 1756683714767
[2025-08-31 23:41:56,581] {subprocess.py:92} INFO - 25/08/31 23:41:56 INFO Utils: /home/***/.ivy2/jars/commons-logging_commons-logging-1.1.3.jar has been previously copied to /tmp/spark-f4121703-3273-4679-85cd-e3c2f2ca76d4/userFiles-33cf1d7d-cefa-4469-89a5-d6fb8308dc33/commons-logging_commons-logging-1.1.3.jar
[2025-08-31 23:41:56,588] {subprocess.py:92} INFO - 25/08/31 23:41:56 INFO Executor: Fetching file:///home/***/.ivy2/jars/org.spark-project.spark_unused-1.0.0.jar with timestamp 1756683714767
[2025-08-31 23:41:56,589] {subprocess.py:92} INFO - 25/08/31 23:41:56 INFO Utils: /home/***/.ivy2/jars/org.spark-project.spark_unused-1.0.0.jar has been previously copied to /tmp/spark-f4121703-3273-4679-85cd-e3c2f2ca76d4/userFiles-33cf1d7d-cefa-4469-89a5-d6fb8308dc33/org.spark-project.spark_unused-1.0.0.jar
[2025-08-31 23:41:56,596] {subprocess.py:92} INFO - 25/08/31 23:41:56 INFO Executor: Fetching file:///home/***/.ivy2/jars/org.apache.spark_spark-sql-kafka-0-10_2.12-3.3.1.jar with timestamp 1756683714767
[2025-08-31 23:41:56,602] {subprocess.py:92} INFO - 25/08/31 23:41:56 INFO Utils: /home/***/.ivy2/jars/org.apache.spark_spark-sql-kafka-0-10_2.12-3.3.1.jar has been previously copied to /tmp/spark-f4121703-3273-4679-85cd-e3c2f2ca76d4/userFiles-33cf1d7d-cefa-4469-89a5-d6fb8308dc33/org.apache.spark_spark-sql-kafka-0-10_2.12-3.3.1.jar
[2025-08-31 23:41:56,612] {subprocess.py:92} INFO - 25/08/31 23:41:56 INFO Executor: Fetching file:///home/***/.ivy2/jars/org.apache.hadoop_hadoop-client-api-3.3.2.jar with timestamp 1756683714767
[2025-08-31 23:41:56,633] {subprocess.py:92} INFO - 25/08/31 23:41:56 INFO Utils: /home/***/.ivy2/jars/org.apache.hadoop_hadoop-client-api-3.3.2.jar has been previously copied to /tmp/spark-f4121703-3273-4679-85cd-e3c2f2ca76d4/userFiles-33cf1d7d-cefa-4469-89a5-d6fb8308dc33/org.apache.hadoop_hadoop-client-api-3.3.2.jar
[2025-08-31 23:41:56,640] {subprocess.py:92} INFO - 25/08/31 23:41:56 INFO Executor: Fetching file:///home/***/.ivy2/jars/org.apache.hadoop_hadoop-client-runtime-3.3.2.jar with timestamp 1756683714767
[2025-08-31 23:41:56,672] {subprocess.py:92} INFO - 25/08/31 23:41:56 INFO Utils: /home/***/.ivy2/jars/org.apache.hadoop_hadoop-client-runtime-3.3.2.jar has been previously copied to /tmp/spark-f4121703-3273-4679-85cd-e3c2f2ca76d4/userFiles-33cf1d7d-cefa-4469-89a5-d6fb8308dc33/org.apache.hadoop_hadoop-client-runtime-3.3.2.jar
[2025-08-31 23:41:56,678] {subprocess.py:92} INFO - 25/08/31 23:41:56 INFO Executor: Fetching file:///home/***/.ivy2/jars/org.slf4j_slf4j-api-1.7.32.jar with timestamp 1756683714767
[2025-08-31 23:41:56,679] {subprocess.py:92} INFO - 25/08/31 23:41:56 INFO Utils: /home/***/.ivy2/jars/org.slf4j_slf4j-api-1.7.32.jar has been previously copied to /tmp/spark-f4121703-3273-4679-85cd-e3c2f2ca76d4/userFiles-33cf1d7d-cefa-4469-89a5-d6fb8308dc33/org.slf4j_slf4j-api-1.7.32.jar
[2025-08-31 23:41:56,686] {subprocess.py:92} INFO - 25/08/31 23:41:56 INFO Executor: Fetching file:///home/***/.ivy2/jars/org.lz4_lz4-java-1.8.0.jar with timestamp 1756683714767
[2025-08-31 23:41:56,688] {subprocess.py:92} INFO - 25/08/31 23:41:56 INFO Utils: /home/***/.ivy2/jars/org.lz4_lz4-java-1.8.0.jar has been previously copied to /tmp/spark-f4121703-3273-4679-85cd-e3c2f2ca76d4/userFiles-33cf1d7d-cefa-4469-89a5-d6fb8308dc33/org.lz4_lz4-java-1.8.0.jar
[2025-08-31 23:41:56,697] {subprocess.py:92} INFO - 25/08/31 23:41:56 INFO Executor: Fetching file:///home/***/.ivy2/jars/org.apache.commons_commons-pool2-2.11.1.jar with timestamp 1756683714767
[2025-08-31 23:41:56,698] {subprocess.py:92} INFO - 25/08/31 23:41:56 INFO Utils: /home/***/.ivy2/jars/org.apache.commons_commons-pool2-2.11.1.jar has been previously copied to /tmp/spark-f4121703-3273-4679-85cd-e3c2f2ca76d4/userFiles-33cf1d7d-cefa-4469-89a5-d6fb8308dc33/org.apache.commons_commons-pool2-2.11.1.jar
[2025-08-31 23:41:56,707] {subprocess.py:92} INFO - 25/08/31 23:41:56 INFO Executor: Fetching file:///home/***/.ivy2/jars/com.google.code.findbugs_jsr305-3.0.0.jar with timestamp 1756683714767
[2025-08-31 23:41:56,708] {subprocess.py:92} INFO - 25/08/31 23:41:56 INFO Utils: /home/***/.ivy2/jars/com.google.code.findbugs_jsr305-3.0.0.jar has been previously copied to /tmp/spark-f4121703-3273-4679-85cd-e3c2f2ca76d4/userFiles-33cf1d7d-cefa-4469-89a5-d6fb8308dc33/com.google.code.findbugs_jsr305-3.0.0.jar
[2025-08-31 23:41:56,715] {subprocess.py:92} INFO - 25/08/31 23:41:56 INFO Executor: Fetching file:///home/***/.ivy2/jars/org.apache.spark_spark-token-provider-kafka-0-10_2.12-3.3.1.jar with timestamp 1756683714767
[2025-08-31 23:41:56,716] {subprocess.py:92} INFO - 25/08/31 23:41:56 INFO Utils: /home/***/.ivy2/jars/org.apache.spark_spark-token-provider-kafka-0-10_2.12-3.3.1.jar has been previously copied to /tmp/spark-f4121703-3273-4679-85cd-e3c2f2ca76d4/userFiles-33cf1d7d-cefa-4469-89a5-d6fb8308dc33/org.apache.spark_spark-token-provider-kafka-0-10_2.12-3.3.1.jar
[2025-08-31 23:41:56,722] {subprocess.py:92} INFO - 25/08/31 23:41:56 INFO Executor: Fetching file:///home/***/.ivy2/jars/org.apache.kafka_kafka-clients-2.8.1.jar with timestamp 1756683714767
[2025-08-31 23:41:56,728] {subprocess.py:92} INFO - 25/08/31 23:41:56 INFO Utils: /home/***/.ivy2/jars/org.apache.kafka_kafka-clients-2.8.1.jar has been previously copied to /tmp/spark-f4121703-3273-4679-85cd-e3c2f2ca76d4/userFiles-33cf1d7d-cefa-4469-89a5-d6fb8308dc33/org.apache.kafka_kafka-clients-2.8.1.jar
[2025-08-31 23:41:56,735] {subprocess.py:92} INFO - 25/08/31 23:41:56 INFO Executor: Fetching file:///home/***/.ivy2/jars/org.xerial.snappy_snappy-java-1.1.8.4.jar with timestamp 1756683714767
[2025-08-31 23:41:56,738] {subprocess.py:92} INFO - 25/08/31 23:41:56 INFO Utils: /home/***/.ivy2/jars/org.xerial.snappy_snappy-java-1.1.8.4.jar has been previously copied to /tmp/spark-f4121703-3273-4679-85cd-e3c2f2ca76d4/userFiles-33cf1d7d-cefa-4469-89a5-d6fb8308dc33/org.xerial.snappy_snappy-java-1.1.8.4.jar
[2025-08-31 23:41:56,747] {subprocess.py:92} INFO - 25/08/31 23:41:56 INFO Executor: Fetching spark://5d7670b258c3:45859/jars/org.apache.spark_spark-token-provider-kafka-0-10_2.12-3.3.1.jar with timestamp 1756683714767
[2025-08-31 23:41:56,814] {subprocess.py:92} INFO - 25/08/31 23:41:56 INFO TransportClientFactory: Successfully created connection to 5d7670b258c3/172.20.0.18:45859 after 46 ms (0 ms spent in bootstraps)
[2025-08-31 23:41:56,825] {subprocess.py:92} INFO - 25/08/31 23:41:56 INFO Utils: Fetching spark://5d7670b258c3:45859/jars/org.apache.spark_spark-token-provider-kafka-0-10_2.12-3.3.1.jar to /tmp/spark-f4121703-3273-4679-85cd-e3c2f2ca76d4/userFiles-33cf1d7d-cefa-4469-89a5-d6fb8308dc33/fetchFileTemp5761401239755811077.tmp
[2025-08-31 23:41:56,891] {subprocess.py:92} INFO - 25/08/31 23:41:56 INFO Utils: /tmp/spark-f4121703-3273-4679-85cd-e3c2f2ca76d4/userFiles-33cf1d7d-cefa-4469-89a5-d6fb8308dc33/fetchFileTemp5761401239755811077.tmp has been previously copied to /tmp/spark-f4121703-3273-4679-85cd-e3c2f2ca76d4/userFiles-33cf1d7d-cefa-4469-89a5-d6fb8308dc33/org.apache.spark_spark-token-provider-kafka-0-10_2.12-3.3.1.jar
[2025-08-31 23:41:56,898] {subprocess.py:92} INFO - 25/08/31 23:41:56 INFO Executor: Adding file:/tmp/spark-f4121703-3273-4679-85cd-e3c2f2ca76d4/userFiles-33cf1d7d-cefa-4469-89a5-d6fb8308dc33/org.apache.spark_spark-token-provider-kafka-0-10_2.12-3.3.1.jar to class loader
[2025-08-31 23:41:56,898] {subprocess.py:92} INFO - 25/08/31 23:41:56 INFO Executor: Fetching spark://5d7670b258c3:45859/jars/org.apache.hadoop_hadoop-client-api-3.3.2.jar with timestamp 1756683714767
[2025-08-31 23:41:56,900] {subprocess.py:92} INFO - 25/08/31 23:41:56 INFO Utils: Fetching spark://5d7670b258c3:45859/jars/org.apache.hadoop_hadoop-client-api-3.3.2.jar to /tmp/spark-f4121703-3273-4679-85cd-e3c2f2ca76d4/userFiles-33cf1d7d-cefa-4469-89a5-d6fb8308dc33/fetchFileTemp12804074499129280800.tmp
[2025-08-31 23:41:57,093] {subprocess.py:92} INFO - 25/08/31 23:41:57 INFO Utils: /tmp/spark-f4121703-3273-4679-85cd-e3c2f2ca76d4/userFiles-33cf1d7d-cefa-4469-89a5-d6fb8308dc33/fetchFileTemp12804074499129280800.tmp has been previously copied to /tmp/spark-f4121703-3273-4679-85cd-e3c2f2ca76d4/userFiles-33cf1d7d-cefa-4469-89a5-d6fb8308dc33/org.apache.hadoop_hadoop-client-api-3.3.2.jar
[2025-08-31 23:41:57,103] {subprocess.py:92} INFO - 25/08/31 23:41:57 INFO Executor: Adding file:/tmp/spark-f4121703-3273-4679-85cd-e3c2f2ca76d4/userFiles-33cf1d7d-cefa-4469-89a5-d6fb8308dc33/org.apache.hadoop_hadoop-client-api-3.3.2.jar to class loader
[2025-08-31 23:41:57,103] {subprocess.py:92} INFO - 25/08/31 23:41:57 INFO Executor: Fetching spark://5d7670b258c3:45859/jars/org.lz4_lz4-java-1.8.0.jar with timestamp 1756683714767
[2025-08-31 23:41:57,104] {subprocess.py:92} INFO - 25/08/31 23:41:57 INFO Utils: Fetching spark://5d7670b258c3:45859/jars/org.lz4_lz4-java-1.8.0.jar to /tmp/spark-f4121703-3273-4679-85cd-e3c2f2ca76d4/userFiles-33cf1d7d-cefa-4469-89a5-d6fb8308dc33/fetchFileTemp10007479915415527170.tmp
[2025-08-31 23:41:57,111] {subprocess.py:92} INFO - 25/08/31 23:41:57 INFO Utils: /tmp/spark-f4121703-3273-4679-85cd-e3c2f2ca76d4/userFiles-33cf1d7d-cefa-4469-89a5-d6fb8308dc33/fetchFileTemp10007479915415527170.tmp has been previously copied to /tmp/spark-f4121703-3273-4679-85cd-e3c2f2ca76d4/userFiles-33cf1d7d-cefa-4469-89a5-d6fb8308dc33/org.lz4_lz4-java-1.8.0.jar
[2025-08-31 23:41:57,119] {subprocess.py:92} INFO - 25/08/31 23:41:57 INFO Executor: Adding file:/tmp/spark-f4121703-3273-4679-85cd-e3c2f2ca76d4/userFiles-33cf1d7d-cefa-4469-89a5-d6fb8308dc33/org.lz4_lz4-java-1.8.0.jar to class loader
[2025-08-31 23:41:57,119] {subprocess.py:92} INFO - 25/08/31 23:41:57 INFO Executor: Fetching spark://5d7670b258c3:45859/jars/org.apache.kafka_kafka-clients-2.8.1.jar with timestamp 1756683714767
[2025-08-31 23:41:57,121] {subprocess.py:92} INFO - 25/08/31 23:41:57 INFO Utils: Fetching spark://5d7670b258c3:45859/jars/org.apache.kafka_kafka-clients-2.8.1.jar to /tmp/spark-f4121703-3273-4679-85cd-e3c2f2ca76d4/userFiles-33cf1d7d-cefa-4469-89a5-d6fb8308dc33/fetchFileTemp10995702336357022668.tmp
[2025-08-31 23:41:57,154] {subprocess.py:92} INFO - 25/08/31 23:41:57 INFO Utils: /tmp/spark-f4121703-3273-4679-85cd-e3c2f2ca76d4/userFiles-33cf1d7d-cefa-4469-89a5-d6fb8308dc33/fetchFileTemp10995702336357022668.tmp has been previously copied to /tmp/spark-f4121703-3273-4679-85cd-e3c2f2ca76d4/userFiles-33cf1d7d-cefa-4469-89a5-d6fb8308dc33/org.apache.kafka_kafka-clients-2.8.1.jar
[2025-08-31 23:41:57,163] {subprocess.py:92} INFO - 25/08/31 23:41:57 INFO Executor: Adding file:/tmp/spark-f4121703-3273-4679-85cd-e3c2f2ca76d4/userFiles-33cf1d7d-cefa-4469-89a5-d6fb8308dc33/org.apache.kafka_kafka-clients-2.8.1.jar to class loader
[2025-08-31 23:41:57,164] {subprocess.py:92} INFO - 25/08/31 23:41:57 INFO Executor: Fetching spark://5d7670b258c3:45859/jars/org.apache.commons_commons-pool2-2.11.1.jar with timestamp 1756683714767
[2025-08-31 23:41:57,166] {subprocess.py:92} INFO - 25/08/31 23:41:57 INFO Utils: Fetching spark://5d7670b258c3:45859/jars/org.apache.commons_commons-pool2-2.11.1.jar to /tmp/spark-f4121703-3273-4679-85cd-e3c2f2ca76d4/userFiles-33cf1d7d-cefa-4469-89a5-d6fb8308dc33/fetchFileTemp5721959021789338153.tmp
[2025-08-31 23:41:57,170] {subprocess.py:92} INFO - 25/08/31 23:41:57 INFO Utils: /tmp/spark-f4121703-3273-4679-85cd-e3c2f2ca76d4/userFiles-33cf1d7d-cefa-4469-89a5-d6fb8308dc33/fetchFileTemp5721959021789338153.tmp has been previously copied to /tmp/spark-f4121703-3273-4679-85cd-e3c2f2ca76d4/userFiles-33cf1d7d-cefa-4469-89a5-d6fb8308dc33/org.apache.commons_commons-pool2-2.11.1.jar
[2025-08-31 23:41:57,179] {subprocess.py:92} INFO - 25/08/31 23:41:57 INFO Executor: Adding file:/tmp/spark-f4121703-3273-4679-85cd-e3c2f2ca76d4/userFiles-33cf1d7d-cefa-4469-89a5-d6fb8308dc33/org.apache.commons_commons-pool2-2.11.1.jar to class loader
[2025-08-31 23:41:57,179] {subprocess.py:92} INFO - 25/08/31 23:41:57 INFO Executor: Fetching spark://5d7670b258c3:45859/jars/com.google.code.findbugs_jsr305-3.0.0.jar with timestamp 1756683714767
[2025-08-31 23:41:57,182] {subprocess.py:92} INFO - 25/08/31 23:41:57 INFO Utils: Fetching spark://5d7670b258c3:45859/jars/com.google.code.findbugs_jsr305-3.0.0.jar to /tmp/spark-f4121703-3273-4679-85cd-e3c2f2ca76d4/userFiles-33cf1d7d-cefa-4469-89a5-d6fb8308dc33/fetchFileTemp223033366838652008.tmp
[2025-08-31 23:41:57,186] {subprocess.py:92} INFO - 25/08/31 23:41:57 INFO Utils: /tmp/spark-f4121703-3273-4679-85cd-e3c2f2ca76d4/userFiles-33cf1d7d-cefa-4469-89a5-d6fb8308dc33/fetchFileTemp223033366838652008.tmp has been previously copied to /tmp/spark-f4121703-3273-4679-85cd-e3c2f2ca76d4/userFiles-33cf1d7d-cefa-4469-89a5-d6fb8308dc33/com.google.code.findbugs_jsr305-3.0.0.jar
[2025-08-31 23:41:57,195] {subprocess.py:92} INFO - 25/08/31 23:41:57 INFO Executor: Adding file:/tmp/spark-f4121703-3273-4679-85cd-e3c2f2ca76d4/userFiles-33cf1d7d-cefa-4469-89a5-d6fb8308dc33/com.google.code.findbugs_jsr305-3.0.0.jar to class loader
[2025-08-31 23:41:57,196] {subprocess.py:92} INFO - 25/08/31 23:41:57 INFO Executor: Fetching spark://5d7670b258c3:45859/jars/org.apache.spark_spark-sql-kafka-0-10_2.12-3.3.1.jar with timestamp 1756683714767
[2025-08-31 23:41:57,198] {subprocess.py:92} INFO - 25/08/31 23:41:57 INFO Utils: Fetching spark://5d7670b258c3:45859/jars/org.apache.spark_spark-sql-kafka-0-10_2.12-3.3.1.jar to /tmp/spark-f4121703-3273-4679-85cd-e3c2f2ca76d4/userFiles-33cf1d7d-cefa-4469-89a5-d6fb8308dc33/fetchFileTemp13962704052275566175.tmp
[2025-08-31 23:41:57,205] {subprocess.py:92} INFO - 25/08/31 23:41:57 INFO Utils: /tmp/spark-f4121703-3273-4679-85cd-e3c2f2ca76d4/userFiles-33cf1d7d-cefa-4469-89a5-d6fb8308dc33/fetchFileTemp13962704052275566175.tmp has been previously copied to /tmp/spark-f4121703-3273-4679-85cd-e3c2f2ca76d4/userFiles-33cf1d7d-cefa-4469-89a5-d6fb8308dc33/org.apache.spark_spark-sql-kafka-0-10_2.12-3.3.1.jar
[2025-08-31 23:41:57,215] {subprocess.py:92} INFO - 25/08/31 23:41:57 INFO Executor: Adding file:/tmp/spark-f4121703-3273-4679-85cd-e3c2f2ca76d4/userFiles-33cf1d7d-cefa-4469-89a5-d6fb8308dc33/org.apache.spark_spark-sql-kafka-0-10_2.12-3.3.1.jar to class loader
[2025-08-31 23:41:57,215] {subprocess.py:92} INFO - 25/08/31 23:41:57 INFO Executor: Fetching spark://5d7670b258c3:45859/jars/org.slf4j_slf4j-api-1.7.32.jar with timestamp 1756683714767
[2025-08-31 23:41:57,217] {subprocess.py:92} INFO - 25/08/31 23:41:57 INFO Utils: Fetching spark://5d7670b258c3:45859/jars/org.slf4j_slf4j-api-1.7.32.jar to /tmp/spark-f4121703-3273-4679-85cd-e3c2f2ca76d4/userFiles-33cf1d7d-cefa-4469-89a5-d6fb8308dc33/fetchFileTemp11144620738531198171.tmp
[2025-08-31 23:41:57,221] {subprocess.py:92} INFO - 25/08/31 23:41:57 INFO Utils: /tmp/spark-f4121703-3273-4679-85cd-e3c2f2ca76d4/userFiles-33cf1d7d-cefa-4469-89a5-d6fb8308dc33/fetchFileTemp11144620738531198171.tmp has been previously copied to /tmp/spark-f4121703-3273-4679-85cd-e3c2f2ca76d4/userFiles-33cf1d7d-cefa-4469-89a5-d6fb8308dc33/org.slf4j_slf4j-api-1.7.32.jar
[2025-08-31 23:41:57,229] {subprocess.py:92} INFO - 25/08/31 23:41:57 INFO Executor: Adding file:/tmp/spark-f4121703-3273-4679-85cd-e3c2f2ca76d4/userFiles-33cf1d7d-cefa-4469-89a5-d6fb8308dc33/org.slf4j_slf4j-api-1.7.32.jar to class loader
[2025-08-31 23:41:57,230] {subprocess.py:92} INFO - 25/08/31 23:41:57 INFO Executor: Fetching spark://5d7670b258c3:45859/jars/org.spark-project.spark_unused-1.0.0.jar with timestamp 1756683714767
[2025-08-31 23:41:57,232] {subprocess.py:92} INFO - 25/08/31 23:41:57 INFO Utils: Fetching spark://5d7670b258c3:45859/jars/org.spark-project.spark_unused-1.0.0.jar to /tmp/spark-f4121703-3273-4679-85cd-e3c2f2ca76d4/userFiles-33cf1d7d-cefa-4469-89a5-d6fb8308dc33/fetchFileTemp10827608151883294700.tmp
[2025-08-31 23:41:57,234] {subprocess.py:92} INFO - 25/08/31 23:41:57 INFO Utils: /tmp/spark-f4121703-3273-4679-85cd-e3c2f2ca76d4/userFiles-33cf1d7d-cefa-4469-89a5-d6fb8308dc33/fetchFileTemp10827608151883294700.tmp has been previously copied to /tmp/spark-f4121703-3273-4679-85cd-e3c2f2ca76d4/userFiles-33cf1d7d-cefa-4469-89a5-d6fb8308dc33/org.spark-project.spark_unused-1.0.0.jar
[2025-08-31 23:41:57,241] {subprocess.py:92} INFO - 25/08/31 23:41:57 INFO Executor: Adding file:/tmp/spark-f4121703-3273-4679-85cd-e3c2f2ca76d4/userFiles-33cf1d7d-cefa-4469-89a5-d6fb8308dc33/org.spark-project.spark_unused-1.0.0.jar to class loader
[2025-08-31 23:41:57,242] {subprocess.py:92} INFO - 25/08/31 23:41:57 INFO Executor: Fetching spark://5d7670b258c3:45859/jars/org.xerial.snappy_snappy-java-1.1.8.4.jar with timestamp 1756683714767
[2025-08-31 23:41:57,243] {subprocess.py:92} INFO - 25/08/31 23:41:57 INFO Utils: Fetching spark://5d7670b258c3:45859/jars/org.xerial.snappy_snappy-java-1.1.8.4.jar to /tmp/spark-f4121703-3273-4679-85cd-e3c2f2ca76d4/userFiles-33cf1d7d-cefa-4469-89a5-d6fb8308dc33/fetchFileTemp16019513425872364150.tmp
[2025-08-31 23:41:57,259] {subprocess.py:92} INFO - 25/08/31 23:41:57 INFO Utils: /tmp/spark-f4121703-3273-4679-85cd-e3c2f2ca76d4/userFiles-33cf1d7d-cefa-4469-89a5-d6fb8308dc33/fetchFileTemp16019513425872364150.tmp has been previously copied to /tmp/spark-f4121703-3273-4679-85cd-e3c2f2ca76d4/userFiles-33cf1d7d-cefa-4469-89a5-d6fb8308dc33/org.xerial.snappy_snappy-java-1.1.8.4.jar
[2025-08-31 23:41:57,265] {subprocess.py:92} INFO - 25/08/31 23:41:57 INFO Executor: Adding file:/tmp/spark-f4121703-3273-4679-85cd-e3c2f2ca76d4/userFiles-33cf1d7d-cefa-4469-89a5-d6fb8308dc33/org.xerial.snappy_snappy-java-1.1.8.4.jar to class loader
[2025-08-31 23:41:57,266] {subprocess.py:92} INFO - 25/08/31 23:41:57 INFO Executor: Fetching spark://5d7670b258c3:45859/jars/commons-logging_commons-logging-1.1.3.jar with timestamp 1756683714767
[2025-08-31 23:41:57,267] {subprocess.py:92} INFO - 25/08/31 23:41:57 INFO Utils: Fetching spark://5d7670b258c3:45859/jars/commons-logging_commons-logging-1.1.3.jar to /tmp/spark-f4121703-3273-4679-85cd-e3c2f2ca76d4/userFiles-33cf1d7d-cefa-4469-89a5-d6fb8308dc33/fetchFileTemp11981483225466208622.tmp
[2025-08-31 23:41:57,269] {subprocess.py:92} INFO - 25/08/31 23:41:57 INFO Utils: /tmp/spark-f4121703-3273-4679-85cd-e3c2f2ca76d4/userFiles-33cf1d7d-cefa-4469-89a5-d6fb8308dc33/fetchFileTemp11981483225466208622.tmp has been previously copied to /tmp/spark-f4121703-3273-4679-85cd-e3c2f2ca76d4/userFiles-33cf1d7d-cefa-4469-89a5-d6fb8308dc33/commons-logging_commons-logging-1.1.3.jar
[2025-08-31 23:41:57,276] {subprocess.py:92} INFO - 25/08/31 23:41:57 INFO Executor: Adding file:/tmp/spark-f4121703-3273-4679-85cd-e3c2f2ca76d4/userFiles-33cf1d7d-cefa-4469-89a5-d6fb8308dc33/commons-logging_commons-logging-1.1.3.jar to class loader
[2025-08-31 23:41:57,276] {subprocess.py:92} INFO - 25/08/31 23:41:57 INFO Executor: Fetching spark://5d7670b258c3:45859/jars/org.apache.hadoop_hadoop-client-runtime-3.3.2.jar with timestamp 1756683714767
[2025-08-31 23:41:57,278] {subprocess.py:92} INFO - 25/08/31 23:41:57 INFO Utils: Fetching spark://5d7670b258c3:45859/jars/org.apache.hadoop_hadoop-client-runtime-3.3.2.jar to /tmp/spark-f4121703-3273-4679-85cd-e3c2f2ca76d4/userFiles-33cf1d7d-cefa-4469-89a5-d6fb8308dc33/fetchFileTemp16449738096139027013.tmp
[2025-08-31 23:41:57,478] {subprocess.py:92} INFO - 25/08/31 23:41:57 INFO Utils: /tmp/spark-f4121703-3273-4679-85cd-e3c2f2ca76d4/userFiles-33cf1d7d-cefa-4469-89a5-d6fb8308dc33/fetchFileTemp16449738096139027013.tmp has been previously copied to /tmp/spark-f4121703-3273-4679-85cd-e3c2f2ca76d4/userFiles-33cf1d7d-cefa-4469-89a5-d6fb8308dc33/org.apache.hadoop_hadoop-client-runtime-3.3.2.jar
[2025-08-31 23:41:57,501] {subprocess.py:92} INFO - 25/08/31 23:41:57 INFO Executor: Adding file:/tmp/spark-f4121703-3273-4679-85cd-e3c2f2ca76d4/userFiles-33cf1d7d-cefa-4469-89a5-d6fb8308dc33/org.apache.hadoop_hadoop-client-runtime-3.3.2.jar to class loader
[2025-08-31 23:41:57,528] {subprocess.py:92} INFO - 25/08/31 23:41:57 INFO Utils: Successfully started service 'org.apache.spark.network.netty.NettyBlockTransferService' on port 37233.
[2025-08-31 23:41:57,529] {subprocess.py:92} INFO - 25/08/31 23:41:57 INFO NettyBlockTransferService: Server created on 5d7670b258c3:37233
[2025-08-31 23:41:57,535] {subprocess.py:92} INFO - 25/08/31 23:41:57 INFO BlockManager: Using org.apache.spark.storage.RandomBlockReplicationPolicy for block replication policy
[2025-08-31 23:41:57,555] {subprocess.py:92} INFO - 25/08/31 23:41:57 INFO BlockManagerMaster: Registering BlockManager BlockManagerId(driver, 5d7670b258c3, 37233, None)
[2025-08-31 23:41:57,566] {subprocess.py:92} INFO - 25/08/31 23:41:57 INFO BlockManagerMasterEndpoint: Registering block manager 5d7670b258c3:37233 with 434.4 MiB RAM, BlockManagerId(driver, 5d7670b258c3, 37233, None)
[2025-08-31 23:41:57,573] {subprocess.py:92} INFO - 25/08/31 23:41:57 INFO BlockManagerMaster: Registered BlockManager BlockManagerId(driver, 5d7670b258c3, 37233, None)
[2025-08-31 23:41:57,577] {subprocess.py:92} INFO - 25/08/31 23:41:57 INFO BlockManager: Initialized BlockManager: BlockManagerId(driver, 5d7670b258c3, 37233, None)
[2025-08-31 23:41:58,358] {subprocess.py:92} INFO - Connexion à Kafka...
[2025-08-31 23:42:02,688] {subprocess.py:92} INFO - Connexion Kafka réussie (kafka:9092)
[2025-08-31 23:42:02,688] {subprocess.py:92} INFO - Transformation des données JSON...
[2025-08-31 23:42:03,181] {subprocess.py:92} INFO - Démarrage du streaming vers HDFS...
[2025-08-31 23:42:04,423] {subprocess.py:92} INFO - Streaming actif - Données météo sauvegardées dans HDFS:/data/weather
[2025-08-31 23:44:00,672] {subprocess.py:92} INFO - 25/08/31 23:44:00 ERROR MicroBatchExecution: Query [id = 8bb46a74-6ffa-4764-a9c6-2e4a331d8211, runId = afd9c71a-1aa3-48ba-96a6-2c39c6ffe8b3] terminated with error
[2025-08-31 23:44:00,673] {subprocess.py:92} INFO - org.apache.spark.SparkException: Execution of the stream null failed. Please, fill a bug report in, and provide the full stack trace.
[2025-08-31 23:44:00,673] {subprocess.py:92} INFO - 	at org.apache.spark.sql.execution.QueryExecution$.toInternalError(QueryExecution.scala:500)
[2025-08-31 23:44:00,673] {subprocess.py:92} INFO - 	at org.apache.spark.sql.execution.streaming.StreamExecution.org$apache$spark$sql$execution$streaming$StreamExecution$$runStream(StreamExecution.scala:324)
[2025-08-31 23:44:00,673] {subprocess.py:92} INFO - 	at org.apache.spark.sql.execution.streaming.StreamExecution$$anon$1.run(StreamExecution.scala:208)
[2025-08-31 23:44:00,673] {subprocess.py:92} INFO - Caused by: java.lang.AssertionError: assertion failed: Concurrent update to the log. Multiple streaming jobs detected for 47
[2025-08-31 23:44:00,674] {subprocess.py:92} INFO - 	at scala.Predef$.assert(Predef.scala:223)
[2025-08-31 23:44:00,674] {subprocess.py:92} INFO - 	at org.apache.spark.sql.execution.streaming.MicroBatchExecution.$anonfun$constructNextBatch$13(MicroBatchExecution.scala:496)
[2025-08-31 23:44:00,674] {subprocess.py:92} INFO - 	at scala.runtime.java8.JFunction0$mcV$sp.apply(JFunction0$mcV$sp.java:23)
[2025-08-31 23:44:00,674] {subprocess.py:92} INFO - 	at org.apache.spark.sql.execution.streaming.ProgressReporter.reportTimeTaken(ProgressReporter.scala:375)
[2025-08-31 23:44:00,674] {subprocess.py:92} INFO - 	at org.apache.spark.sql.execution.streaming.ProgressReporter.reportTimeTaken$(ProgressReporter.scala:373)
[2025-08-31 23:44:00,675] {subprocess.py:92} INFO - 	at org.apache.spark.sql.execution.streaming.StreamExecution.reportTimeTaken(StreamExecution.scala:68)
[2025-08-31 23:44:00,675] {subprocess.py:92} INFO - 	at org.apache.spark.sql.execution.streaming.MicroBatchExecution.$anonfun$constructNextBatch$1(MicroBatchExecution.scala:493)
[2025-08-31 23:44:00,675] {subprocess.py:92} INFO - 	at scala.runtime.java8.JFunction0$mcZ$sp.apply(JFunction0$mcZ$sp.java:23)
[2025-08-31 23:44:00,675] {subprocess.py:92} INFO - 	at org.apache.spark.sql.execution.streaming.MicroBatchExecution.withProgressLocked(MicroBatchExecution.scala:693)
[2025-08-31 23:44:00,675] {subprocess.py:92} INFO - 	at org.apache.spark.sql.execution.streaming.MicroBatchExecution.constructNextBatch(MicroBatchExecution.scala:433)
[2025-08-31 23:44:00,675] {subprocess.py:92} INFO - 	at org.apache.spark.sql.execution.streaming.MicroBatchExecution.$anonfun$runActivatedStream$2(MicroBatchExecution.scala:238)
[2025-08-31 23:44:00,675] {subprocess.py:92} INFO - 	at scala.runtime.java8.JFunction0$mcV$sp.apply(JFunction0$mcV$sp.java:23)
[2025-08-31 23:44:00,675] {subprocess.py:92} INFO - 	at org.apache.spark.sql.execution.streaming.ProgressReporter.reportTimeTaken(ProgressReporter.scala:375)
[2025-08-31 23:44:00,675] {subprocess.py:92} INFO - 	at org.apache.spark.sql.execution.streaming.ProgressReporter.reportTimeTaken$(ProgressReporter.scala:373)
[2025-08-31 23:44:00,676] {subprocess.py:92} INFO - 	at org.apache.spark.sql.execution.streaming.StreamExecution.reportTimeTaken(StreamExecution.scala:68)
[2025-08-31 23:44:00,676] {subprocess.py:92} INFO - 	at org.apache.spark.sql.execution.streaming.MicroBatchExecution.$anonfun$runActivatedStream$1(MicroBatchExecution.scala:219)
[2025-08-31 23:44:00,676] {subprocess.py:92} INFO - 	at org.apache.spark.sql.execution.streaming.ProcessingTimeExecutor.execute(TriggerExecutor.scala:67)
[2025-08-31 23:44:00,676] {subprocess.py:92} INFO - 	at org.apache.spark.sql.execution.streaming.MicroBatchExecution.runActivatedStream(MicroBatchExecution.scala:213)
[2025-08-31 23:44:00,676] {subprocess.py:92} INFO - 	at org.apache.spark.sql.execution.streaming.StreamExecution.$anonfun$runStream$1(StreamExecution.scala:307)
[2025-08-31 23:44:00,676] {subprocess.py:92} INFO - 	at scala.runtime.java8.JFunction0$mcV$sp.apply(JFunction0$mcV$sp.java:23)
[2025-08-31 23:44:00,677] {subprocess.py:92} INFO - 	at org.apache.spark.sql.SparkSession.withActive(SparkSession.scala:779)
[2025-08-31 23:44:00,677] {subprocess.py:92} INFO - 	at org.apache.spark.sql.execution.streaming.StreamExecution.org$apache$spark$sql$execution$streaming$StreamExecution$$runStream(StreamExecution.scala:285)
[2025-08-31 23:44:00,677] {subprocess.py:92} INFO - 	... 1 more
[2025-08-31 23:44:00,854] {subprocess.py:92} INFO - Traceback (most recent call last):
[2025-08-31 23:44:00,854] {subprocess.py:92} INFO -   File "/opt/***/scripts/pyspark/streaming.py", line 60, in <module>
[2025-08-31 23:44:00,855] {subprocess.py:92} INFO -     query.awaitTermination()
[2025-08-31 23:44:00,856] {subprocess.py:92} INFO -   File "/opt/spark-3.3.1-bin-hadoop3/python/lib/pyspark.zip/pyspark/sql/streaming.py", line 107, in awaitTermination
[2025-08-31 23:44:00,856] {subprocess.py:92} INFO -   File "/opt/spark-3.3.1-bin-hadoop3/python/lib/py4j-0.10.9.5-src.zip/py4j/java_gateway.py", line 1322, in __call__
[2025-08-31 23:44:00,856] {subprocess.py:92} INFO -   File "/opt/spark-3.3.1-bin-hadoop3/python/lib/pyspark.zip/pyspark/sql/utils.py", line 196, in deco
[2025-08-31 23:44:00,867] {subprocess.py:92} INFO - pyspark.sql.utils.StreamingQueryException: Query [id = 8bb46a74-6ffa-4764-a9c6-2e4a331d8211, runId = afd9c71a-1aa3-48ba-96a6-2c39c6ffe8b3] terminated with exception: Execution of the stream null failed. Please, fill a bug report in, and provide the full stack trace.
[2025-08-31 23:44:01,240] {subprocess.py:96} INFO - Command exited with return code 1
[2025-08-31 23:44:01,279] {taskinstance.py:1889} ERROR - Task failed with exception
Traceback (most recent call last):
  File "/home/airflow/.local/lib/python3.7/site-packages/airflow/operators/bash.py", line 195, in execute
    f'Bash command failed. The command returned a non-zero exit code {result.exit_code}.'
airflow.exceptions.AirflowException: Bash command failed. The command returned a non-zero exit code 1.
[2025-08-31 23:44:01,287] {taskinstance.py:1400} INFO - Marking task as FAILED. dag_id=send_weather_to_kafka, task_id=stream_hdfs, execution_date=20250829T214232, start_date=20250831T234148, end_date=20250831T234401
[2025-08-31 23:44:01,320] {standard_task_runner.py:97} ERROR - Failed to execute job 389 for task stream_hdfs (Bash command failed. The command returned a non-zero exit code 1.; 1308)
[2025-08-31 23:44:01,365] {local_task_job.py:156} INFO - Task exited with return code 1
[2025-08-31 23:44:01,422] {local_task_job.py:273} INFO - 0 downstream tasks scheduled from follow-on schedule check
