[2025-08-31 23:33:12,346] {taskinstance.py:1159} INFO - Dependencies all met for <TaskInstance: send_weather_to_kafka.stream_hdfs scheduled__2025-08-29T21:42:32.013199+00:00 [queued]>
[2025-08-31 23:33:12,371] {taskinstance.py:1159} INFO - Dependencies all met for <TaskInstance: send_weather_to_kafka.stream_hdfs scheduled__2025-08-29T21:42:32.013199+00:00 [queued]>
[2025-08-31 23:33:12,371] {taskinstance.py:1356} INFO - 
--------------------------------------------------------------------------------
[2025-08-31 23:33:12,371] {taskinstance.py:1357} INFO - Starting attempt 1 of 2
[2025-08-31 23:33:12,371] {taskinstance.py:1358} INFO - 
--------------------------------------------------------------------------------
[2025-08-31 23:33:12,399] {taskinstance.py:1377} INFO - Executing <Task(BashOperator): stream_hdfs> on 2025-08-29 21:42:32.013199+00:00
[2025-08-31 23:33:12,405] {standard_task_runner.py:52} INFO - Started process 346 to run task
[2025-08-31 23:33:12,409] {standard_task_runner.py:79} INFO - Running: ['***', 'tasks', 'run', 'send_weather_to_kafka', 'stream_hdfs', 'scheduled__2025-08-29T21:42:32.013199+00:00', '--job-id', '386', '--raw', '--subdir', 'DAGS_FOLDER/dag_meteo.py', '--cfg-path', '/tmp/tmpx3ol4ucj', '--error-file', '/tmp/tmpb78b5_c8']
[2025-08-31 23:33:12,411] {standard_task_runner.py:80} INFO - Job 386: Subtask stream_hdfs
[2025-08-31 23:33:12,443] {logging_mixin.py:115} WARNING - /home/***/.local/lib/python3.7/site-packages/***/configuration.py:470 DeprecationWarning: The sql_alchemy_conn option in [core] has been moved to the sql_alchemy_conn option in [database] - the old setting has been used, but please update your config.
[2025-08-31 23:33:12,530] {task_command.py:369} INFO - Running <TaskInstance: send_weather_to_kafka.stream_hdfs scheduled__2025-08-29T21:42:32.013199+00:00 [running]> on host 5d7670b258c3
[2025-08-31 23:33:12,682] {taskinstance.py:1571} INFO - Exporting the following env vars:
AIRFLOW_CTX_DAG_OWNER=***
AIRFLOW_CTX_DAG_ID=send_weather_to_kafka
AIRFLOW_CTX_TASK_ID=stream_hdfs
AIRFLOW_CTX_EXECUTION_DATE=2025-08-29T21:42:32.013199+00:00
AIRFLOW_CTX_TRY_NUMBER=1
AIRFLOW_CTX_DAG_RUN_ID=scheduled__2025-08-29T21:42:32.013199+00:00
[2025-08-31 23:33:12,684] {subprocess.py:62} INFO - Tmp dir root location: 
 /tmp
[2025-08-31 23:33:12,685] {subprocess.py:74} INFO - Running command: ['bash', '-c', '\n/home/***/.local/bin/spark-submit   --master local[*]   --conf spark.hadoop.fs.defaultFS=hdfs://namenode:9000   --conf spark.hadoop.dfs.client.use.datanode.hostname=true   --conf spark.sql.adaptive.enabled=false   --packages org.apache.spark:spark-sql-kafka-0-10_2.12:3.3.1   /opt/***/scripts/pyspark/streaming.py']
[2025-08-31 23:33:12,704] {subprocess.py:85} INFO - Output:
[2025-08-31 23:33:12,721] {subprocess.py:92} INFO - /opt/spark-3.3.1-bin-hadoop3/bin/load-spark-env.sh: line 68: ps: command not found
[2025-08-31 23:33:15,682] {subprocess.py:92} INFO - :: loading settings :: url = jar:file:/opt/spark-3.3.1-bin-hadoop3/jars/ivy-2.5.0.jar!/org/apache/ivy/core/settings/ivysettings.xml
[2025-08-31 23:33:15,822] {subprocess.py:92} INFO - Ivy Default Cache set to: /home/***/.ivy2/cache
[2025-08-31 23:33:15,822] {subprocess.py:92} INFO - The jars for the packages stored in: /home/***/.ivy2/jars
[2025-08-31 23:33:15,836] {subprocess.py:92} INFO - org.apache.spark#spark-sql-kafka-0-10_2.12 added as a dependency
[2025-08-31 23:33:15,839] {subprocess.py:92} INFO - :: resolving dependencies :: org.apache.spark#spark-submit-parent-e8686092-1a35-41f8-856e-24e6c8eb9dd6;1.0
[2025-08-31 23:33:15,839] {subprocess.py:92} INFO - 	confs: [default]
[2025-08-31 23:33:16,107] {subprocess.py:92} INFO - 	found org.apache.spark#spark-sql-kafka-0-10_2.12;3.3.1 in central
[2025-08-31 23:33:16,242] {subprocess.py:92} INFO - 	found org.apache.spark#spark-token-provider-kafka-0-10_2.12;3.3.1 in central
[2025-08-31 23:33:16,322] {subprocess.py:92} INFO - 	found org.apache.kafka#kafka-clients;2.8.1 in central
[2025-08-31 23:33:16,379] {subprocess.py:92} INFO - 	found org.lz4#lz4-java;1.8.0 in central
[2025-08-31 23:33:16,408] {subprocess.py:92} INFO - 	found org.xerial.snappy#snappy-java;1.1.8.4 in central
[2025-08-31 23:33:16,431] {subprocess.py:92} INFO - 	found org.slf4j#slf4j-api;1.7.32 in central
[2025-08-31 23:33:16,500] {subprocess.py:92} INFO - 	found org.apache.hadoop#hadoop-client-runtime;3.3.2 in central
[2025-08-31 23:33:16,536] {subprocess.py:92} INFO - 	found org.spark-project.spark#unused;1.0.0 in central
[2025-08-31 23:33:16,569] {subprocess.py:92} INFO - 	found org.apache.hadoop#hadoop-client-api;3.3.2 in central
[2025-08-31 23:33:16,615] {subprocess.py:92} INFO - 	found commons-logging#commons-logging;1.1.3 in central
[2025-08-31 23:33:16,638] {subprocess.py:92} INFO - 	found com.google.code.findbugs#jsr305;3.0.0 in central
[2025-08-31 23:33:16,655] {subprocess.py:92} INFO - 	found org.apache.commons#commons-pool2;2.11.1 in central
[2025-08-31 23:33:16,709] {subprocess.py:92} INFO - :: resolution report :: resolve 832ms :: artifacts dl 37ms
[2025-08-31 23:33:16,709] {subprocess.py:92} INFO - 	:: modules in use:
[2025-08-31 23:33:16,709] {subprocess.py:92} INFO - 	com.google.code.findbugs#jsr305;3.0.0 from central in [default]
[2025-08-31 23:33:16,710] {subprocess.py:92} INFO - 	commons-logging#commons-logging;1.1.3 from central in [default]
[2025-08-31 23:33:16,710] {subprocess.py:92} INFO - 	org.apache.commons#commons-pool2;2.11.1 from central in [default]
[2025-08-31 23:33:16,710] {subprocess.py:92} INFO - 	org.apache.hadoop#hadoop-client-api;3.3.2 from central in [default]
[2025-08-31 23:33:16,710] {subprocess.py:92} INFO - 	org.apache.hadoop#hadoop-client-runtime;3.3.2 from central in [default]
[2025-08-31 23:33:16,710] {subprocess.py:92} INFO - 	org.apache.kafka#kafka-clients;2.8.1 from central in [default]
[2025-08-31 23:33:16,710] {subprocess.py:92} INFO - 	org.apache.spark#spark-sql-kafka-0-10_2.12;3.3.1 from central in [default]
[2025-08-31 23:33:16,710] {subprocess.py:92} INFO - 	org.apache.spark#spark-token-provider-kafka-0-10_2.12;3.3.1 from central in [default]
[2025-08-31 23:33:16,710] {subprocess.py:92} INFO - 	org.lz4#lz4-java;1.8.0 from central in [default]
[2025-08-31 23:33:16,711] {subprocess.py:92} INFO - 	org.slf4j#slf4j-api;1.7.32 from central in [default]
[2025-08-31 23:33:16,711] {subprocess.py:92} INFO - 	org.spark-project.spark#unused;1.0.0 from central in [default]
[2025-08-31 23:33:16,711] {subprocess.py:92} INFO - 	org.xerial.snappy#snappy-java;1.1.8.4 from central in [default]
[2025-08-31 23:33:16,711] {subprocess.py:92} INFO - 	---------------------------------------------------------------------
[2025-08-31 23:33:16,711] {subprocess.py:92} INFO - 	|                  |            modules            ||   artifacts   |
[2025-08-31 23:33:16,711] {subprocess.py:92} INFO - 	|       conf       | number| search|dwnlded|evicted|| number|dwnlded|
[2025-08-31 23:33:16,711] {subprocess.py:92} INFO - 	---------------------------------------------------------------------
[2025-08-31 23:33:16,711] {subprocess.py:92} INFO - 	|      default     |   12  |   0   |   0   |   0   ||   12  |   0   |
[2025-08-31 23:33:16,712] {subprocess.py:92} INFO - 	---------------------------------------------------------------------
[2025-08-31 23:33:16,728] {subprocess.py:92} INFO - :: retrieving :: org.apache.spark#spark-submit-parent-e8686092-1a35-41f8-856e-24e6c8eb9dd6
[2025-08-31 23:33:16,728] {subprocess.py:92} INFO - 	confs: [default]
[2025-08-31 23:33:16,753] {subprocess.py:92} INFO - 	0 artifacts copied, 12 already retrieved (0kB/24ms)
[2025-08-31 23:33:17,102] {subprocess.py:92} INFO - 25/08/31 23:33:17 WARN NativeCodeLoader: Unable to load native-hadoop library for your platform... using builtin-java classes where applicable
[2025-08-31 23:33:19,079] {subprocess.py:92} INFO - 25/08/31 23:33:19 INFO SparkContext: Running Spark version 3.3.1
[2025-08-31 23:33:19,125] {subprocess.py:92} INFO - 25/08/31 23:33:19 INFO ResourceUtils: ==============================================================
[2025-08-31 23:33:19,125] {subprocess.py:92} INFO - 25/08/31 23:33:19 INFO ResourceUtils: No custom resources configured for spark.driver.
[2025-08-31 23:33:19,126] {subprocess.py:92} INFO - 25/08/31 23:33:19 INFO ResourceUtils: ==============================================================
[2025-08-31 23:33:19,127] {subprocess.py:92} INFO - 25/08/31 23:33:19 INFO SparkContext: Submitted application: KafkaToHDFSWeather
[2025-08-31 23:33:19,163] {subprocess.py:92} INFO - 25/08/31 23:33:19 INFO ResourceProfile: Default ResourceProfile created, executor resources: Map(cores -> name: cores, amount: 1, script: , vendor: , memory -> name: memory, amount: 1024, script: , vendor: , offHeap -> name: offHeap, amount: 0, script: , vendor: ), task resources: Map(cpus -> name: cpus, amount: 1.0)
[2025-08-31 23:33:19,187] {subprocess.py:92} INFO - 25/08/31 23:33:19 INFO ResourceProfile: Limiting resource is cpu
[2025-08-31 23:33:19,188] {subprocess.py:92} INFO - 25/08/31 23:33:19 INFO ResourceProfileManager: Added ResourceProfile id: 0
[2025-08-31 23:33:19,251] {subprocess.py:92} INFO - 25/08/31 23:33:19 INFO SecurityManager: Changing view acls to: ***
[2025-08-31 23:33:19,252] {subprocess.py:92} INFO - 25/08/31 23:33:19 INFO SecurityManager: Changing modify acls to: ***
[2025-08-31 23:33:19,252] {subprocess.py:92} INFO - 25/08/31 23:33:19 INFO SecurityManager: Changing view acls groups to:
[2025-08-31 23:33:19,253] {subprocess.py:92} INFO - 25/08/31 23:33:19 INFO SecurityManager: Changing modify acls groups to:
[2025-08-31 23:33:19,253] {subprocess.py:92} INFO - 25/08/31 23:33:19 INFO SecurityManager: SecurityManager: authentication disabled; ui acls disabled; users  with view permissions: Set(***); groups with view permissions: Set(); users  with modify permissions: Set(***); groups with modify permissions: Set()
[2025-08-31 23:33:19,753] {subprocess.py:92} INFO - 25/08/31 23:33:19 INFO Utils: Successfully started service 'sparkDriver' on port 34889.
[2025-08-31 23:33:19,811] {subprocess.py:92} INFO - 25/08/31 23:33:19 INFO SparkEnv: Registering MapOutputTracker
[2025-08-31 23:33:19,852] {subprocess.py:92} INFO - 25/08/31 23:33:19 INFO SparkEnv: Registering BlockManagerMaster
[2025-08-31 23:33:19,874] {subprocess.py:92} INFO - 25/08/31 23:33:19 INFO BlockManagerMasterEndpoint: Using org.apache.spark.storage.DefaultTopologyMapper for getting topology information
[2025-08-31 23:33:19,875] {subprocess.py:92} INFO - 25/08/31 23:33:19 INFO BlockManagerMasterEndpoint: BlockManagerMasterEndpoint up
[2025-08-31 23:33:19,880] {subprocess.py:92} INFO - 25/08/31 23:33:19 INFO SparkEnv: Registering BlockManagerMasterHeartbeat
[2025-08-31 23:33:19,911] {subprocess.py:92} INFO - 25/08/31 23:33:19 INFO DiskBlockManager: Created local directory at /tmp/blockmgr-b55c4f41-2849-4777-84b7-50ec8886489b
[2025-08-31 23:33:19,933] {subprocess.py:92} INFO - 25/08/31 23:33:19 INFO MemoryStore: MemoryStore started with capacity 434.4 MiB
[2025-08-31 23:33:19,956] {subprocess.py:92} INFO - 25/08/31 23:33:19 INFO SparkEnv: Registering OutputCommitCoordinator
[2025-08-31 23:33:20,368] {subprocess.py:92} INFO - 25/08/31 23:33:20 WARN Utils: Service 'SparkUI' could not bind on port 4040. Attempting port 4041.
[2025-08-31 23:33:20,388] {subprocess.py:92} INFO - 25/08/31 23:33:20 INFO Utils: Successfully started service 'SparkUI' on port 4041.
[2025-08-31 23:33:20,496] {subprocess.py:92} INFO - 25/08/31 23:33:20 INFO SparkContext: Added JAR file:///home/***/.ivy2/jars/org.apache.spark_spark-sql-kafka-0-10_2.12-3.3.1.jar at spark://5d7670b258c3:34889/jars/org.apache.spark_spark-sql-kafka-0-10_2.12-3.3.1.jar with timestamp 1756683199063
[2025-08-31 23:33:20,496] {subprocess.py:92} INFO - 25/08/31 23:33:20 INFO SparkContext: Added JAR file:///home/***/.ivy2/jars/org.apache.spark_spark-token-provider-kafka-0-10_2.12-3.3.1.jar at spark://5d7670b258c3:34889/jars/org.apache.spark_spark-token-provider-kafka-0-10_2.12-3.3.1.jar with timestamp 1756683199063
[2025-08-31 23:33:20,497] {subprocess.py:92} INFO - 25/08/31 23:33:20 INFO SparkContext: Added JAR file:///home/***/.ivy2/jars/org.apache.kafka_kafka-clients-2.8.1.jar at spark://5d7670b258c3:34889/jars/org.apache.kafka_kafka-clients-2.8.1.jar with timestamp 1756683199063
[2025-08-31 23:33:20,497] {subprocess.py:92} INFO - 25/08/31 23:33:20 INFO SparkContext: Added JAR file:///home/***/.ivy2/jars/com.google.code.findbugs_jsr305-3.0.0.jar at spark://5d7670b258c3:34889/jars/com.google.code.findbugs_jsr305-3.0.0.jar with timestamp 1756683199063
[2025-08-31 23:33:20,497] {subprocess.py:92} INFO - 25/08/31 23:33:20 INFO SparkContext: Added JAR file:///home/***/.ivy2/jars/org.apache.commons_commons-pool2-2.11.1.jar at spark://5d7670b258c3:34889/jars/org.apache.commons_commons-pool2-2.11.1.jar with timestamp 1756683199063
[2025-08-31 23:33:20,498] {subprocess.py:92} INFO - 25/08/31 23:33:20 INFO SparkContext: Added JAR file:///home/***/.ivy2/jars/org.spark-project.spark_unused-1.0.0.jar at spark://5d7670b258c3:34889/jars/org.spark-project.spark_unused-1.0.0.jar with timestamp 1756683199063
[2025-08-31 23:33:20,498] {subprocess.py:92} INFO - 25/08/31 23:33:20 INFO SparkContext: Added JAR file:///home/***/.ivy2/jars/org.apache.hadoop_hadoop-client-runtime-3.3.2.jar at spark://5d7670b258c3:34889/jars/org.apache.hadoop_hadoop-client-runtime-3.3.2.jar with timestamp 1756683199063
[2025-08-31 23:33:20,499] {subprocess.py:92} INFO - 25/08/31 23:33:20 INFO SparkContext: Added JAR file:///home/***/.ivy2/jars/org.lz4_lz4-java-1.8.0.jar at spark://5d7670b258c3:34889/jars/org.lz4_lz4-java-1.8.0.jar with timestamp 1756683199063
[2025-08-31 23:33:20,499] {subprocess.py:92} INFO - 25/08/31 23:33:20 INFO SparkContext: Added JAR file:///home/***/.ivy2/jars/org.xerial.snappy_snappy-java-1.1.8.4.jar at spark://5d7670b258c3:34889/jars/org.xerial.snappy_snappy-java-1.1.8.4.jar with timestamp 1756683199063
[2025-08-31 23:33:20,500] {subprocess.py:92} INFO - 25/08/31 23:33:20 INFO SparkContext: Added JAR file:///home/***/.ivy2/jars/org.slf4j_slf4j-api-1.7.32.jar at spark://5d7670b258c3:34889/jars/org.slf4j_slf4j-api-1.7.32.jar with timestamp 1756683199063
[2025-08-31 23:33:20,501] {subprocess.py:92} INFO - 25/08/31 23:33:20 INFO SparkContext: Added JAR file:///home/***/.ivy2/jars/org.apache.hadoop_hadoop-client-api-3.3.2.jar at spark://5d7670b258c3:34889/jars/org.apache.hadoop_hadoop-client-api-3.3.2.jar with timestamp 1756683199063
[2025-08-31 23:33:20,502] {subprocess.py:92} INFO - 25/08/31 23:33:20 INFO SparkContext: Added JAR file:///home/***/.ivy2/jars/commons-logging_commons-logging-1.1.3.jar at spark://5d7670b258c3:34889/jars/commons-logging_commons-logging-1.1.3.jar with timestamp 1756683199063
[2025-08-31 23:33:20,508] {subprocess.py:92} INFO - 25/08/31 23:33:20 INFO SparkContext: Added file file:///home/***/.ivy2/jars/org.apache.spark_spark-sql-kafka-0-10_2.12-3.3.1.jar at file:///home/***/.ivy2/jars/org.apache.spark_spark-sql-kafka-0-10_2.12-3.3.1.jar with timestamp 1756683199063
[2025-08-31 23:33:20,513] {subprocess.py:92} INFO - 25/08/31 23:33:20 INFO Utils: Copying /home/***/.ivy2/jars/org.apache.spark_spark-sql-kafka-0-10_2.12-3.3.1.jar to /tmp/spark-f2f69e24-de46-49c4-8a32-f0637ad48112/userFiles-cf95bae2-79d7-4b66-856f-acebec55aea6/org.apache.spark_spark-sql-kafka-0-10_2.12-3.3.1.jar
[2025-08-31 23:33:20,536] {subprocess.py:92} INFO - 25/08/31 23:33:20 INFO SparkContext: Added file file:///home/***/.ivy2/jars/org.apache.spark_spark-token-provider-kafka-0-10_2.12-3.3.1.jar at file:///home/***/.ivy2/jars/org.apache.spark_spark-token-provider-kafka-0-10_2.12-3.3.1.jar with timestamp 1756683199063
[2025-08-31 23:33:20,536] {subprocess.py:92} INFO - 25/08/31 23:33:20 INFO Utils: Copying /home/***/.ivy2/jars/org.apache.spark_spark-token-provider-kafka-0-10_2.12-3.3.1.jar to /tmp/spark-f2f69e24-de46-49c4-8a32-f0637ad48112/userFiles-cf95bae2-79d7-4b66-856f-acebec55aea6/org.apache.spark_spark-token-provider-kafka-0-10_2.12-3.3.1.jar
[2025-08-31 23:33:20,546] {subprocess.py:92} INFO - 25/08/31 23:33:20 INFO SparkContext: Added file file:///home/***/.ivy2/jars/org.apache.kafka_kafka-clients-2.8.1.jar at file:///home/***/.ivy2/jars/org.apache.kafka_kafka-clients-2.8.1.jar with timestamp 1756683199063
[2025-08-31 23:33:20,547] {subprocess.py:92} INFO - 25/08/31 23:33:20 INFO Utils: Copying /home/***/.ivy2/jars/org.apache.kafka_kafka-clients-2.8.1.jar to /tmp/spark-f2f69e24-de46-49c4-8a32-f0637ad48112/userFiles-cf95bae2-79d7-4b66-856f-acebec55aea6/org.apache.kafka_kafka-clients-2.8.1.jar
[2025-08-31 23:33:20,565] {subprocess.py:92} INFO - 25/08/31 23:33:20 INFO SparkContext: Added file file:///home/***/.ivy2/jars/com.google.code.findbugs_jsr305-3.0.0.jar at file:///home/***/.ivy2/jars/com.google.code.findbugs_jsr305-3.0.0.jar with timestamp 1756683199063
[2025-08-31 23:33:20,565] {subprocess.py:92} INFO - 25/08/31 23:33:20 INFO Utils: Copying /home/***/.ivy2/jars/com.google.code.findbugs_jsr305-3.0.0.jar to /tmp/spark-f2f69e24-de46-49c4-8a32-f0637ad48112/userFiles-cf95bae2-79d7-4b66-856f-acebec55aea6/com.google.code.findbugs_jsr305-3.0.0.jar
[2025-08-31 23:33:20,575] {subprocess.py:92} INFO - 25/08/31 23:33:20 INFO SparkContext: Added file file:///home/***/.ivy2/jars/org.apache.commons_commons-pool2-2.11.1.jar at file:///home/***/.ivy2/jars/org.apache.commons_commons-pool2-2.11.1.jar with timestamp 1756683199063
[2025-08-31 23:33:20,576] {subprocess.py:92} INFO - 25/08/31 23:33:20 INFO Utils: Copying /home/***/.ivy2/jars/org.apache.commons_commons-pool2-2.11.1.jar to /tmp/spark-f2f69e24-de46-49c4-8a32-f0637ad48112/userFiles-cf95bae2-79d7-4b66-856f-acebec55aea6/org.apache.commons_commons-pool2-2.11.1.jar
[2025-08-31 23:33:20,584] {subprocess.py:92} INFO - 25/08/31 23:33:20 INFO SparkContext: Added file file:///home/***/.ivy2/jars/org.spark-project.spark_unused-1.0.0.jar at file:///home/***/.ivy2/jars/org.spark-project.spark_unused-1.0.0.jar with timestamp 1756683199063
[2025-08-31 23:33:20,585] {subprocess.py:92} INFO - 25/08/31 23:33:20 INFO Utils: Copying /home/***/.ivy2/jars/org.spark-project.spark_unused-1.0.0.jar to /tmp/spark-f2f69e24-de46-49c4-8a32-f0637ad48112/userFiles-cf95bae2-79d7-4b66-856f-acebec55aea6/org.spark-project.spark_unused-1.0.0.jar
[2025-08-31 23:33:20,591] {subprocess.py:92} INFO - 25/08/31 23:33:20 INFO SparkContext: Added file file:///home/***/.ivy2/jars/org.apache.hadoop_hadoop-client-runtime-3.3.2.jar at file:///home/***/.ivy2/jars/org.apache.hadoop_hadoop-client-runtime-3.3.2.jar with timestamp 1756683199063
[2025-08-31 23:33:20,592] {subprocess.py:92} INFO - 25/08/31 23:33:20 INFO Utils: Copying /home/***/.ivy2/jars/org.apache.hadoop_hadoop-client-runtime-3.3.2.jar to /tmp/spark-f2f69e24-de46-49c4-8a32-f0637ad48112/userFiles-cf95bae2-79d7-4b66-856f-acebec55aea6/org.apache.hadoop_hadoop-client-runtime-3.3.2.jar
[2025-08-31 23:33:20,654] {subprocess.py:92} INFO - 25/08/31 23:33:20 INFO SparkContext: Added file file:///home/***/.ivy2/jars/org.lz4_lz4-java-1.8.0.jar at file:///home/***/.ivy2/jars/org.lz4_lz4-java-1.8.0.jar with timestamp 1756683199063
[2025-08-31 23:33:20,655] {subprocess.py:92} INFO - 25/08/31 23:33:20 INFO Utils: Copying /home/***/.ivy2/jars/org.lz4_lz4-java-1.8.0.jar to /tmp/spark-f2f69e24-de46-49c4-8a32-f0637ad48112/userFiles-cf95bae2-79d7-4b66-856f-acebec55aea6/org.lz4_lz4-java-1.8.0.jar
[2025-08-31 23:33:20,662] {subprocess.py:92} INFO - 25/08/31 23:33:20 INFO SparkContext: Added file file:///home/***/.ivy2/jars/org.xerial.snappy_snappy-java-1.1.8.4.jar at file:///home/***/.ivy2/jars/org.xerial.snappy_snappy-java-1.1.8.4.jar with timestamp 1756683199063
[2025-08-31 23:33:20,662] {subprocess.py:92} INFO - 25/08/31 23:33:20 INFO Utils: Copying /home/***/.ivy2/jars/org.xerial.snappy_snappy-java-1.1.8.4.jar to /tmp/spark-f2f69e24-de46-49c4-8a32-f0637ad48112/userFiles-cf95bae2-79d7-4b66-856f-acebec55aea6/org.xerial.snappy_snappy-java-1.1.8.4.jar
[2025-08-31 23:33:20,675] {subprocess.py:92} INFO - 25/08/31 23:33:20 INFO SparkContext: Added file file:///home/***/.ivy2/jars/org.slf4j_slf4j-api-1.7.32.jar at file:///home/***/.ivy2/jars/org.slf4j_slf4j-api-1.7.32.jar with timestamp 1756683199063
[2025-08-31 23:33:20,676] {subprocess.py:92} INFO - 25/08/31 23:33:20 INFO Utils: Copying /home/***/.ivy2/jars/org.slf4j_slf4j-api-1.7.32.jar to /tmp/spark-f2f69e24-de46-49c4-8a32-f0637ad48112/userFiles-cf95bae2-79d7-4b66-856f-acebec55aea6/org.slf4j_slf4j-api-1.7.32.jar
[2025-08-31 23:33:20,681] {subprocess.py:92} INFO - 25/08/31 23:33:20 INFO SparkContext: Added file file:///home/***/.ivy2/jars/org.apache.hadoop_hadoop-client-api-3.3.2.jar at file:///home/***/.ivy2/jars/org.apache.hadoop_hadoop-client-api-3.3.2.jar with timestamp 1756683199063
[2025-08-31 23:33:20,682] {subprocess.py:92} INFO - 25/08/31 23:33:20 INFO Utils: Copying /home/***/.ivy2/jars/org.apache.hadoop_hadoop-client-api-3.3.2.jar to /tmp/spark-f2f69e24-de46-49c4-8a32-f0637ad48112/userFiles-cf95bae2-79d7-4b66-856f-acebec55aea6/org.apache.hadoop_hadoop-client-api-3.3.2.jar
[2025-08-31 23:33:20,718] {subprocess.py:92} INFO - 25/08/31 23:33:20 INFO SparkContext: Added file file:///home/***/.ivy2/jars/commons-logging_commons-logging-1.1.3.jar at file:///home/***/.ivy2/jars/commons-logging_commons-logging-1.1.3.jar with timestamp 1756683199063
[2025-08-31 23:33:20,719] {subprocess.py:92} INFO - 25/08/31 23:33:20 INFO Utils: Copying /home/***/.ivy2/jars/commons-logging_commons-logging-1.1.3.jar to /tmp/spark-f2f69e24-de46-49c4-8a32-f0637ad48112/userFiles-cf95bae2-79d7-4b66-856f-acebec55aea6/commons-logging_commons-logging-1.1.3.jar
[2025-08-31 23:33:20,858] {subprocess.py:92} INFO - 25/08/31 23:33:20 INFO Executor: Starting executor ID driver on host 5d7670b258c3
[2025-08-31 23:33:20,877] {subprocess.py:92} INFO - 25/08/31 23:33:20 INFO Executor: Starting executor with user classpath (userClassPathFirst = false): ''
[2025-08-31 23:33:20,905] {subprocess.py:92} INFO - 25/08/31 23:33:20 INFO Executor: Fetching file:///home/***/.ivy2/jars/commons-logging_commons-logging-1.1.3.jar with timestamp 1756683199063
[2025-08-31 23:33:20,969] {subprocess.py:92} INFO - 25/08/31 23:33:20 INFO Utils: /home/***/.ivy2/jars/commons-logging_commons-logging-1.1.3.jar has been previously copied to /tmp/spark-f2f69e24-de46-49c4-8a32-f0637ad48112/userFiles-cf95bae2-79d7-4b66-856f-acebec55aea6/commons-logging_commons-logging-1.1.3.jar
[2025-08-31 23:33:20,990] {subprocess.py:92} INFO - 25/08/31 23:33:20 INFO Executor: Fetching file:///home/***/.ivy2/jars/org.spark-project.spark_unused-1.0.0.jar with timestamp 1756683199063
[2025-08-31 23:33:20,991] {subprocess.py:92} INFO - 25/08/31 23:33:20 INFO Utils: /home/***/.ivy2/jars/org.spark-project.spark_unused-1.0.0.jar has been previously copied to /tmp/spark-f2f69e24-de46-49c4-8a32-f0637ad48112/userFiles-cf95bae2-79d7-4b66-856f-acebec55aea6/org.spark-project.spark_unused-1.0.0.jar
[2025-08-31 23:33:21,009] {subprocess.py:92} INFO - 25/08/31 23:33:21 INFO Executor: Fetching file:///home/***/.ivy2/jars/org.apache.spark_spark-sql-kafka-0-10_2.12-3.3.1.jar with timestamp 1756683199063
[2025-08-31 23:33:21,024] {subprocess.py:92} INFO - 25/08/31 23:33:21 INFO Utils: /home/***/.ivy2/jars/org.apache.spark_spark-sql-kafka-0-10_2.12-3.3.1.jar has been previously copied to /tmp/spark-f2f69e24-de46-49c4-8a32-f0637ad48112/userFiles-cf95bae2-79d7-4b66-856f-acebec55aea6/org.apache.spark_spark-sql-kafka-0-10_2.12-3.3.1.jar
[2025-08-31 23:33:21,033] {subprocess.py:92} INFO - 25/08/31 23:33:21 INFO Executor: Fetching file:///home/***/.ivy2/jars/org.apache.hadoop_hadoop-client-api-3.3.2.jar with timestamp 1756683199063
[2025-08-31 23:33:21,060] {subprocess.py:92} INFO - 25/08/31 23:33:21 INFO Utils: /home/***/.ivy2/jars/org.apache.hadoop_hadoop-client-api-3.3.2.jar has been previously copied to /tmp/spark-f2f69e24-de46-49c4-8a32-f0637ad48112/userFiles-cf95bae2-79d7-4b66-856f-acebec55aea6/org.apache.hadoop_hadoop-client-api-3.3.2.jar
[2025-08-31 23:33:21,067] {subprocess.py:92} INFO - 25/08/31 23:33:21 INFO Executor: Fetching file:///home/***/.ivy2/jars/org.apache.hadoop_hadoop-client-runtime-3.3.2.jar with timestamp 1756683199063
[2025-08-31 23:33:21,107] {subprocess.py:92} INFO - 25/08/31 23:33:21 INFO Utils: /home/***/.ivy2/jars/org.apache.hadoop_hadoop-client-runtime-3.3.2.jar has been previously copied to /tmp/spark-f2f69e24-de46-49c4-8a32-f0637ad48112/userFiles-cf95bae2-79d7-4b66-856f-acebec55aea6/org.apache.hadoop_hadoop-client-runtime-3.3.2.jar
[2025-08-31 23:33:21,114] {subprocess.py:92} INFO - 25/08/31 23:33:21 INFO Executor: Fetching file:///home/***/.ivy2/jars/org.slf4j_slf4j-api-1.7.32.jar with timestamp 1756683199063
[2025-08-31 23:33:21,115] {subprocess.py:92} INFO - 25/08/31 23:33:21 INFO Utils: /home/***/.ivy2/jars/org.slf4j_slf4j-api-1.7.32.jar has been previously copied to /tmp/spark-f2f69e24-de46-49c4-8a32-f0637ad48112/userFiles-cf95bae2-79d7-4b66-856f-acebec55aea6/org.slf4j_slf4j-api-1.7.32.jar
[2025-08-31 23:33:21,130] {subprocess.py:92} INFO - 25/08/31 23:33:21 INFO Executor: Fetching file:///home/***/.ivy2/jars/org.lz4_lz4-java-1.8.0.jar with timestamp 1756683199063
[2025-08-31 23:33:21,133] {subprocess.py:92} INFO - 25/08/31 23:33:21 INFO Utils: /home/***/.ivy2/jars/org.lz4_lz4-java-1.8.0.jar has been previously copied to /tmp/spark-f2f69e24-de46-49c4-8a32-f0637ad48112/userFiles-cf95bae2-79d7-4b66-856f-acebec55aea6/org.lz4_lz4-java-1.8.0.jar
[2025-08-31 23:33:21,144] {subprocess.py:92} INFO - 25/08/31 23:33:21 INFO Executor: Fetching file:///home/***/.ivy2/jars/org.apache.commons_commons-pool2-2.11.1.jar with timestamp 1756683199063
[2025-08-31 23:33:21,146] {subprocess.py:92} INFO - 25/08/31 23:33:21 INFO Utils: /home/***/.ivy2/jars/org.apache.commons_commons-pool2-2.11.1.jar has been previously copied to /tmp/spark-f2f69e24-de46-49c4-8a32-f0637ad48112/userFiles-cf95bae2-79d7-4b66-856f-acebec55aea6/org.apache.commons_commons-pool2-2.11.1.jar
[2025-08-31 23:33:21,155] {subprocess.py:92} INFO - 25/08/31 23:33:21 INFO Executor: Fetching file:///home/***/.ivy2/jars/com.google.code.findbugs_jsr305-3.0.0.jar with timestamp 1756683199063
[2025-08-31 23:33:21,156] {subprocess.py:92} INFO - 25/08/31 23:33:21 INFO Utils: /home/***/.ivy2/jars/com.google.code.findbugs_jsr305-3.0.0.jar has been previously copied to /tmp/spark-f2f69e24-de46-49c4-8a32-f0637ad48112/userFiles-cf95bae2-79d7-4b66-856f-acebec55aea6/com.google.code.findbugs_jsr305-3.0.0.jar
[2025-08-31 23:33:21,167] {subprocess.py:92} INFO - 25/08/31 23:33:21 INFO Executor: Fetching file:///home/***/.ivy2/jars/org.apache.spark_spark-token-provider-kafka-0-10_2.12-3.3.1.jar with timestamp 1756683199063
[2025-08-31 23:33:21,171] {subprocess.py:92} INFO - 25/08/31 23:33:21 INFO Utils: /home/***/.ivy2/jars/org.apache.spark_spark-token-provider-kafka-0-10_2.12-3.3.1.jar has been previously copied to /tmp/spark-f2f69e24-de46-49c4-8a32-f0637ad48112/userFiles-cf95bae2-79d7-4b66-856f-acebec55aea6/org.apache.spark_spark-token-provider-kafka-0-10_2.12-3.3.1.jar
[2025-08-31 23:33:21,182] {subprocess.py:92} INFO - 25/08/31 23:33:21 INFO Executor: Fetching file:///home/***/.ivy2/jars/org.apache.kafka_kafka-clients-2.8.1.jar with timestamp 1756683199063
[2025-08-31 23:33:21,204] {subprocess.py:92} INFO - 25/08/31 23:33:21 INFO Utils: /home/***/.ivy2/jars/org.apache.kafka_kafka-clients-2.8.1.jar has been previously copied to /tmp/spark-f2f69e24-de46-49c4-8a32-f0637ad48112/userFiles-cf95bae2-79d7-4b66-856f-acebec55aea6/org.apache.kafka_kafka-clients-2.8.1.jar
[2025-08-31 23:33:21,214] {subprocess.py:92} INFO - 25/08/31 23:33:21 INFO Executor: Fetching file:///home/***/.ivy2/jars/org.xerial.snappy_snappy-java-1.1.8.4.jar with timestamp 1756683199063
[2025-08-31 23:33:21,223] {subprocess.py:92} INFO - 25/08/31 23:33:21 INFO Utils: /home/***/.ivy2/jars/org.xerial.snappy_snappy-java-1.1.8.4.jar has been previously copied to /tmp/spark-f2f69e24-de46-49c4-8a32-f0637ad48112/userFiles-cf95bae2-79d7-4b66-856f-acebec55aea6/org.xerial.snappy_snappy-java-1.1.8.4.jar
[2025-08-31 23:33:21,252] {subprocess.py:92} INFO - 25/08/31 23:33:21 INFO Executor: Fetching spark://5d7670b258c3:34889/jars/commons-logging_commons-logging-1.1.3.jar with timestamp 1756683199063
[2025-08-31 23:33:21,385] {subprocess.py:92} INFO - 25/08/31 23:33:21 INFO TransportClientFactory: Successfully created connection to 5d7670b258c3/172.20.0.18:34889 after 102 ms (0 ms spent in bootstraps)
[2025-08-31 23:33:21,408] {subprocess.py:92} INFO - 25/08/31 23:33:21 INFO Utils: Fetching spark://5d7670b258c3:34889/jars/commons-logging_commons-logging-1.1.3.jar to /tmp/spark-f2f69e24-de46-49c4-8a32-f0637ad48112/userFiles-cf95bae2-79d7-4b66-856f-acebec55aea6/fetchFileTemp15058761145657949472.tmp
[2025-08-31 23:33:21,513] {subprocess.py:92} INFO - 25/08/31 23:33:21 INFO Utils: /tmp/spark-f2f69e24-de46-49c4-8a32-f0637ad48112/userFiles-cf95bae2-79d7-4b66-856f-acebec55aea6/fetchFileTemp15058761145657949472.tmp has been previously copied to /tmp/spark-f2f69e24-de46-49c4-8a32-f0637ad48112/userFiles-cf95bae2-79d7-4b66-856f-acebec55aea6/commons-logging_commons-logging-1.1.3.jar
[2025-08-31 23:33:21,537] {subprocess.py:92} INFO - 25/08/31 23:33:21 INFO Executor: Adding file:/tmp/spark-f2f69e24-de46-49c4-8a32-f0637ad48112/userFiles-cf95bae2-79d7-4b66-856f-acebec55aea6/commons-logging_commons-logging-1.1.3.jar to class loader
[2025-08-31 23:33:21,537] {subprocess.py:92} INFO - 25/08/31 23:33:21 INFO Executor: Fetching spark://5d7670b258c3:34889/jars/org.lz4_lz4-java-1.8.0.jar with timestamp 1756683199063
[2025-08-31 23:33:21,541] {subprocess.py:92} INFO - 25/08/31 23:33:21 INFO Utils: Fetching spark://5d7670b258c3:34889/jars/org.lz4_lz4-java-1.8.0.jar to /tmp/spark-f2f69e24-de46-49c4-8a32-f0637ad48112/userFiles-cf95bae2-79d7-4b66-856f-acebec55aea6/fetchFileTemp5839073626289751941.tmp
[2025-08-31 23:33:21,583] {subprocess.py:92} INFO - 25/08/31 23:33:21 INFO Utils: /tmp/spark-f2f69e24-de46-49c4-8a32-f0637ad48112/userFiles-cf95bae2-79d7-4b66-856f-acebec55aea6/fetchFileTemp5839073626289751941.tmp has been previously copied to /tmp/spark-f2f69e24-de46-49c4-8a32-f0637ad48112/userFiles-cf95bae2-79d7-4b66-856f-acebec55aea6/org.lz4_lz4-java-1.8.0.jar
[2025-08-31 23:33:21,596] {subprocess.py:92} INFO - 25/08/31 23:33:21 INFO Executor: Adding file:/tmp/spark-f2f69e24-de46-49c4-8a32-f0637ad48112/userFiles-cf95bae2-79d7-4b66-856f-acebec55aea6/org.lz4_lz4-java-1.8.0.jar to class loader
[2025-08-31 23:33:21,597] {subprocess.py:92} INFO - 25/08/31 23:33:21 INFO Executor: Fetching spark://5d7670b258c3:34889/jars/org.apache.hadoop_hadoop-client-api-3.3.2.jar with timestamp 1756683199063
[2025-08-31 23:33:21,597] {subprocess.py:92} INFO - 25/08/31 23:33:21 INFO Utils: Fetching spark://5d7670b258c3:34889/jars/org.apache.hadoop_hadoop-client-api-3.3.2.jar to /tmp/spark-f2f69e24-de46-49c4-8a32-f0637ad48112/userFiles-cf95bae2-79d7-4b66-856f-acebec55aea6/fetchFileTemp2392621560995903462.tmp
[2025-08-31 23:33:21,773] {subprocess.py:92} INFO - 25/08/31 23:33:21 INFO Utils: /tmp/spark-f2f69e24-de46-49c4-8a32-f0637ad48112/userFiles-cf95bae2-79d7-4b66-856f-acebec55aea6/fetchFileTemp2392621560995903462.tmp has been previously copied to /tmp/spark-f2f69e24-de46-49c4-8a32-f0637ad48112/userFiles-cf95bae2-79d7-4b66-856f-acebec55aea6/org.apache.hadoop_hadoop-client-api-3.3.2.jar
[2025-08-31 23:33:21,789] {subprocess.py:92} INFO - 25/08/31 23:33:21 INFO Executor: Adding file:/tmp/spark-f2f69e24-de46-49c4-8a32-f0637ad48112/userFiles-cf95bae2-79d7-4b66-856f-acebec55aea6/org.apache.hadoop_hadoop-client-api-3.3.2.jar to class loader
[2025-08-31 23:33:21,790] {subprocess.py:92} INFO - 25/08/31 23:33:21 INFO Executor: Fetching spark://5d7670b258c3:34889/jars/org.apache.spark_spark-token-provider-kafka-0-10_2.12-3.3.1.jar with timestamp 1756683199063
[2025-08-31 23:33:21,792] {subprocess.py:92} INFO - 25/08/31 23:33:21 INFO Utils: Fetching spark://5d7670b258c3:34889/jars/org.apache.spark_spark-token-provider-kafka-0-10_2.12-3.3.1.jar to /tmp/spark-f2f69e24-de46-49c4-8a32-f0637ad48112/userFiles-cf95bae2-79d7-4b66-856f-acebec55aea6/fetchFileTemp3529942371136050139.tmp
[2025-08-31 23:33:21,800] {subprocess.py:92} INFO - 25/08/31 23:33:21 INFO Utils: /tmp/spark-f2f69e24-de46-49c4-8a32-f0637ad48112/userFiles-cf95bae2-79d7-4b66-856f-acebec55aea6/fetchFileTemp3529942371136050139.tmp has been previously copied to /tmp/spark-f2f69e24-de46-49c4-8a32-f0637ad48112/userFiles-cf95bae2-79d7-4b66-856f-acebec55aea6/org.apache.spark_spark-token-provider-kafka-0-10_2.12-3.3.1.jar
[2025-08-31 23:33:21,809] {subprocess.py:92} INFO - 25/08/31 23:33:21 INFO Executor: Adding file:/tmp/spark-f2f69e24-de46-49c4-8a32-f0637ad48112/userFiles-cf95bae2-79d7-4b66-856f-acebec55aea6/org.apache.spark_spark-token-provider-kafka-0-10_2.12-3.3.1.jar to class loader
[2025-08-31 23:33:21,809] {subprocess.py:92} INFO - 25/08/31 23:33:21 INFO Executor: Fetching spark://5d7670b258c3:34889/jars/org.apache.kafka_kafka-clients-2.8.1.jar with timestamp 1756683199063
[2025-08-31 23:33:21,810] {subprocess.py:92} INFO - 25/08/31 23:33:21 INFO Utils: Fetching spark://5d7670b258c3:34889/jars/org.apache.kafka_kafka-clients-2.8.1.jar to /tmp/spark-f2f69e24-de46-49c4-8a32-f0637ad48112/userFiles-cf95bae2-79d7-4b66-856f-acebec55aea6/fetchFileTemp3216922661354225145.tmp
[2025-08-31 23:33:21,857] {subprocess.py:92} INFO - 25/08/31 23:33:21 INFO Utils: /tmp/spark-f2f69e24-de46-49c4-8a32-f0637ad48112/userFiles-cf95bae2-79d7-4b66-856f-acebec55aea6/fetchFileTemp3216922661354225145.tmp has been previously copied to /tmp/spark-f2f69e24-de46-49c4-8a32-f0637ad48112/userFiles-cf95bae2-79d7-4b66-856f-acebec55aea6/org.apache.kafka_kafka-clients-2.8.1.jar
[2025-08-31 23:33:21,863] {subprocess.py:92} INFO - 25/08/31 23:33:21 INFO Executor: Adding file:/tmp/spark-f2f69e24-de46-49c4-8a32-f0637ad48112/userFiles-cf95bae2-79d7-4b66-856f-acebec55aea6/org.apache.kafka_kafka-clients-2.8.1.jar to class loader
[2025-08-31 23:33:21,864] {subprocess.py:92} INFO - 25/08/31 23:33:21 INFO Executor: Fetching spark://5d7670b258c3:34889/jars/org.apache.hadoop_hadoop-client-runtime-3.3.2.jar with timestamp 1756683199063
[2025-08-31 23:33:21,867] {subprocess.py:92} INFO - 25/08/31 23:33:21 INFO Utils: Fetching spark://5d7670b258c3:34889/jars/org.apache.hadoop_hadoop-client-runtime-3.3.2.jar to /tmp/spark-f2f69e24-de46-49c4-8a32-f0637ad48112/userFiles-cf95bae2-79d7-4b66-856f-acebec55aea6/fetchFileTemp4801018835510303852.tmp
[2025-08-31 23:33:22,177] {subprocess.py:92} INFO - 25/08/31 23:33:22 INFO Utils: /tmp/spark-f2f69e24-de46-49c4-8a32-f0637ad48112/userFiles-cf95bae2-79d7-4b66-856f-acebec55aea6/fetchFileTemp4801018835510303852.tmp has been previously copied to /tmp/spark-f2f69e24-de46-49c4-8a32-f0637ad48112/userFiles-cf95bae2-79d7-4b66-856f-acebec55aea6/org.apache.hadoop_hadoop-client-runtime-3.3.2.jar
[2025-08-31 23:33:22,198] {subprocess.py:92} INFO - 25/08/31 23:33:22 INFO Executor: Adding file:/tmp/spark-f2f69e24-de46-49c4-8a32-f0637ad48112/userFiles-cf95bae2-79d7-4b66-856f-acebec55aea6/org.apache.hadoop_hadoop-client-runtime-3.3.2.jar to class loader
[2025-08-31 23:33:22,199] {subprocess.py:92} INFO - 25/08/31 23:33:22 INFO Executor: Fetching spark://5d7670b258c3:34889/jars/com.google.code.findbugs_jsr305-3.0.0.jar with timestamp 1756683199063
[2025-08-31 23:33:22,200] {subprocess.py:92} INFO - 25/08/31 23:33:22 INFO Utils: Fetching spark://5d7670b258c3:34889/jars/com.google.code.findbugs_jsr305-3.0.0.jar to /tmp/spark-f2f69e24-de46-49c4-8a32-f0637ad48112/userFiles-cf95bae2-79d7-4b66-856f-acebec55aea6/fetchFileTemp13496749251626797909.tmp
[2025-08-31 23:33:22,205] {subprocess.py:92} INFO - 25/08/31 23:33:22 INFO Utils: /tmp/spark-f2f69e24-de46-49c4-8a32-f0637ad48112/userFiles-cf95bae2-79d7-4b66-856f-acebec55aea6/fetchFileTemp13496749251626797909.tmp has been previously copied to /tmp/spark-f2f69e24-de46-49c4-8a32-f0637ad48112/userFiles-cf95bae2-79d7-4b66-856f-acebec55aea6/com.google.code.findbugs_jsr305-3.0.0.jar
[2025-08-31 23:33:22,213] {subprocess.py:92} INFO - 25/08/31 23:33:22 INFO Executor: Adding file:/tmp/spark-f2f69e24-de46-49c4-8a32-f0637ad48112/userFiles-cf95bae2-79d7-4b66-856f-acebec55aea6/com.google.code.findbugs_jsr305-3.0.0.jar to class loader
[2025-08-31 23:33:22,214] {subprocess.py:92} INFO - 25/08/31 23:33:22 INFO Executor: Fetching spark://5d7670b258c3:34889/jars/org.apache.spark_spark-sql-kafka-0-10_2.12-3.3.1.jar with timestamp 1756683199063
[2025-08-31 23:33:22,215] {subprocess.py:92} INFO - 25/08/31 23:33:22 INFO Utils: Fetching spark://5d7670b258c3:34889/jars/org.apache.spark_spark-sql-kafka-0-10_2.12-3.3.1.jar to /tmp/spark-f2f69e24-de46-49c4-8a32-f0637ad48112/userFiles-cf95bae2-79d7-4b66-856f-acebec55aea6/fetchFileTemp10806124441613804162.tmp
[2025-08-31 23:33:22,223] {subprocess.py:92} INFO - 25/08/31 23:33:22 INFO Utils: /tmp/spark-f2f69e24-de46-49c4-8a32-f0637ad48112/userFiles-cf95bae2-79d7-4b66-856f-acebec55aea6/fetchFileTemp10806124441613804162.tmp has been previously copied to /tmp/spark-f2f69e24-de46-49c4-8a32-f0637ad48112/userFiles-cf95bae2-79d7-4b66-856f-acebec55aea6/org.apache.spark_spark-sql-kafka-0-10_2.12-3.3.1.jar
[2025-08-31 23:33:22,233] {subprocess.py:92} INFO - 25/08/31 23:33:22 INFO Executor: Adding file:/tmp/spark-f2f69e24-de46-49c4-8a32-f0637ad48112/userFiles-cf95bae2-79d7-4b66-856f-acebec55aea6/org.apache.spark_spark-sql-kafka-0-10_2.12-3.3.1.jar to class loader
[2025-08-31 23:33:22,234] {subprocess.py:92} INFO - 25/08/31 23:33:22 INFO Executor: Fetching spark://5d7670b258c3:34889/jars/org.apache.commons_commons-pool2-2.11.1.jar with timestamp 1756683199063
[2025-08-31 23:33:22,235] {subprocess.py:92} INFO - 25/08/31 23:33:22 INFO Utils: Fetching spark://5d7670b258c3:34889/jars/org.apache.commons_commons-pool2-2.11.1.jar to /tmp/spark-f2f69e24-de46-49c4-8a32-f0637ad48112/userFiles-cf95bae2-79d7-4b66-856f-acebec55aea6/fetchFileTemp14935944786484177374.tmp
[2025-08-31 23:33:22,241] {subprocess.py:92} INFO - 25/08/31 23:33:22 INFO Utils: /tmp/spark-f2f69e24-de46-49c4-8a32-f0637ad48112/userFiles-cf95bae2-79d7-4b66-856f-acebec55aea6/fetchFileTemp14935944786484177374.tmp has been previously copied to /tmp/spark-f2f69e24-de46-49c4-8a32-f0637ad48112/userFiles-cf95bae2-79d7-4b66-856f-acebec55aea6/org.apache.commons_commons-pool2-2.11.1.jar
[2025-08-31 23:33:22,249] {subprocess.py:92} INFO - 25/08/31 23:33:22 INFO Executor: Adding file:/tmp/spark-f2f69e24-de46-49c4-8a32-f0637ad48112/userFiles-cf95bae2-79d7-4b66-856f-acebec55aea6/org.apache.commons_commons-pool2-2.11.1.jar to class loader
[2025-08-31 23:33:22,250] {subprocess.py:92} INFO - 25/08/31 23:33:22 INFO Executor: Fetching spark://5d7670b258c3:34889/jars/org.slf4j_slf4j-api-1.7.32.jar with timestamp 1756683199063
[2025-08-31 23:33:22,252] {subprocess.py:92} INFO - 25/08/31 23:33:22 INFO Utils: Fetching spark://5d7670b258c3:34889/jars/org.slf4j_slf4j-api-1.7.32.jar to /tmp/spark-f2f69e24-de46-49c4-8a32-f0637ad48112/userFiles-cf95bae2-79d7-4b66-856f-acebec55aea6/fetchFileTemp7911399168000304825.tmp
[2025-08-31 23:33:22,254] {subprocess.py:92} INFO - 25/08/31 23:33:22 INFO Utils: /tmp/spark-f2f69e24-de46-49c4-8a32-f0637ad48112/userFiles-cf95bae2-79d7-4b66-856f-acebec55aea6/fetchFileTemp7911399168000304825.tmp has been previously copied to /tmp/spark-f2f69e24-de46-49c4-8a32-f0637ad48112/userFiles-cf95bae2-79d7-4b66-856f-acebec55aea6/org.slf4j_slf4j-api-1.7.32.jar
[2025-08-31 23:33:22,262] {subprocess.py:92} INFO - 25/08/31 23:33:22 INFO Executor: Adding file:/tmp/spark-f2f69e24-de46-49c4-8a32-f0637ad48112/userFiles-cf95bae2-79d7-4b66-856f-acebec55aea6/org.slf4j_slf4j-api-1.7.32.jar to class loader
[2025-08-31 23:33:22,263] {subprocess.py:92} INFO - 25/08/31 23:33:22 INFO Executor: Fetching spark://5d7670b258c3:34889/jars/org.xerial.snappy_snappy-java-1.1.8.4.jar with timestamp 1756683199063
[2025-08-31 23:33:22,265] {subprocess.py:92} INFO - 25/08/31 23:33:22 INFO Utils: Fetching spark://5d7670b258c3:34889/jars/org.xerial.snappy_snappy-java-1.1.8.4.jar to /tmp/spark-f2f69e24-de46-49c4-8a32-f0637ad48112/userFiles-cf95bae2-79d7-4b66-856f-acebec55aea6/fetchFileTemp16546765541680321227.tmp
[2025-08-31 23:33:22,276] {subprocess.py:92} INFO - 25/08/31 23:33:22 INFO Utils: /tmp/spark-f2f69e24-de46-49c4-8a32-f0637ad48112/userFiles-cf95bae2-79d7-4b66-856f-acebec55aea6/fetchFileTemp16546765541680321227.tmp has been previously copied to /tmp/spark-f2f69e24-de46-49c4-8a32-f0637ad48112/userFiles-cf95bae2-79d7-4b66-856f-acebec55aea6/org.xerial.snappy_snappy-java-1.1.8.4.jar
[2025-08-31 23:33:22,284] {subprocess.py:92} INFO - 25/08/31 23:33:22 INFO Executor: Adding file:/tmp/spark-f2f69e24-de46-49c4-8a32-f0637ad48112/userFiles-cf95bae2-79d7-4b66-856f-acebec55aea6/org.xerial.snappy_snappy-java-1.1.8.4.jar to class loader
[2025-08-31 23:33:22,285] {subprocess.py:92} INFO - 25/08/31 23:33:22 INFO Executor: Fetching spark://5d7670b258c3:34889/jars/org.spark-project.spark_unused-1.0.0.jar with timestamp 1756683199063
[2025-08-31 23:33:22,286] {subprocess.py:92} INFO - 25/08/31 23:33:22 INFO Utils: Fetching spark://5d7670b258c3:34889/jars/org.spark-project.spark_unused-1.0.0.jar to /tmp/spark-f2f69e24-de46-49c4-8a32-f0637ad48112/userFiles-cf95bae2-79d7-4b66-856f-acebec55aea6/fetchFileTemp3052369191701593325.tmp
[2025-08-31 23:33:22,289] {subprocess.py:92} INFO - 25/08/31 23:33:22 INFO Utils: /tmp/spark-f2f69e24-de46-49c4-8a32-f0637ad48112/userFiles-cf95bae2-79d7-4b66-856f-acebec55aea6/fetchFileTemp3052369191701593325.tmp has been previously copied to /tmp/spark-f2f69e24-de46-49c4-8a32-f0637ad48112/userFiles-cf95bae2-79d7-4b66-856f-acebec55aea6/org.spark-project.spark_unused-1.0.0.jar
[2025-08-31 23:33:22,298] {subprocess.py:92} INFO - 25/08/31 23:33:22 INFO Executor: Adding file:/tmp/spark-f2f69e24-de46-49c4-8a32-f0637ad48112/userFiles-cf95bae2-79d7-4b66-856f-acebec55aea6/org.spark-project.spark_unused-1.0.0.jar to class loader
[2025-08-31 23:33:22,322] {subprocess.py:92} INFO - 25/08/31 23:33:22 INFO Utils: Successfully started service 'org.apache.spark.network.netty.NettyBlockTransferService' on port 41607.
[2025-08-31 23:33:22,322] {subprocess.py:92} INFO - 25/08/31 23:33:22 INFO NettyBlockTransferService: Server created on 5d7670b258c3:41607
[2025-08-31 23:33:22,326] {subprocess.py:92} INFO - 25/08/31 23:33:22 INFO BlockManager: Using org.apache.spark.storage.RandomBlockReplicationPolicy for block replication policy
[2025-08-31 23:33:22,346] {subprocess.py:92} INFO - 25/08/31 23:33:22 INFO BlockManagerMaster: Registering BlockManager BlockManagerId(driver, 5d7670b258c3, 41607, None)
[2025-08-31 23:33:22,356] {subprocess.py:92} INFO - 25/08/31 23:33:22 INFO BlockManagerMasterEndpoint: Registering block manager 5d7670b258c3:41607 with 434.4 MiB RAM, BlockManagerId(driver, 5d7670b258c3, 41607, None)
[2025-08-31 23:33:22,363] {subprocess.py:92} INFO - 25/08/31 23:33:22 INFO BlockManagerMaster: Registered BlockManager BlockManagerId(driver, 5d7670b258c3, 41607, None)
[2025-08-31 23:33:22,366] {subprocess.py:92} INFO - 25/08/31 23:33:22 INFO BlockManager: Initialized BlockManager: BlockManagerId(driver, 5d7670b258c3, 41607, None)
[2025-08-31 23:33:23,520] {subprocess.py:92} INFO - Connexion à Kafka...
[2025-08-31 23:33:28,558] {subprocess.py:92} INFO - Connexion Kafka réussie (kafka:9092)
[2025-08-31 23:33:28,558] {subprocess.py:92} INFO - Transformation des données JSON...
[2025-08-31 23:33:29,098] {subprocess.py:92} INFO - Démarrage du streaming vers HDFS...
[2025-08-31 23:33:31,188] {subprocess.py:92} INFO - Streaming actif - Données météo sauvegardées dans HDFS:/data/weather
[2025-08-31 23:33:37,045] {subprocess.py:92} INFO - 25/08/31 23:33:37 WARN KafkaOffsetReaderConsumer: Found incorrect offsets in some partitions (partition, previous offset, fetched offset): ArrayBuffer((weather_dakar-0,51,3))
[2025-08-31 23:33:37,046] {subprocess.py:92} INFO - 25/08/31 23:33:37 WARN KafkaOffsetReaderConsumer: Retrying to fetch latest offsets because of incorrect offsets
[2025-08-31 23:33:38,050] {subprocess.py:92} INFO - 25/08/31 23:33:38 WARN KafkaOffsetReaderConsumer: Found incorrect offsets in some partitions (partition, previous offset, fetched offset): ArrayBuffer((weather_dakar-0,51,3))
[2025-08-31 23:33:38,050] {subprocess.py:92} INFO - 25/08/31 23:33:38 WARN KafkaOffsetReaderConsumer: Retrying to fetch latest offsets because of incorrect offsets
[2025-08-31 23:33:39,053] {subprocess.py:92} INFO - 25/08/31 23:33:39 WARN KafkaOffsetReaderConsumer: Found incorrect offsets in some partitions (partition, previous offset, fetched offset): ArrayBuffer((weather_dakar-0,51,3))
[2025-08-31 23:33:39,480] {subprocess.py:92} INFO - 25/08/31 23:33:39 ERROR MicroBatchExecution: Query [id = 8bb46a74-6ffa-4764-a9c6-2e4a331d8211, runId = c135f831-e988-4987-bc85-cef2574a8b0c] terminated with error
[2025-08-31 23:33:39,481] {subprocess.py:92} INFO - org.apache.spark.SparkException: Execution of the stream null failed. Please, fill a bug report in, and provide the full stack trace.
[2025-08-31 23:33:39,481] {subprocess.py:92} INFO - 	at org.apache.spark.sql.execution.QueryExecution$.toInternalError(QueryExecution.scala:500)
[2025-08-31 23:33:39,481] {subprocess.py:92} INFO - 	at org.apache.spark.sql.execution.streaming.StreamExecution.org$apache$spark$sql$execution$streaming$StreamExecution$$runStream(StreamExecution.scala:324)
[2025-08-31 23:33:39,481] {subprocess.py:92} INFO - 	at org.apache.spark.sql.execution.streaming.StreamExecution$$anon$1.run(StreamExecution.scala:208)
[2025-08-31 23:33:39,481] {subprocess.py:92} INFO - Caused by: java.lang.AssertionError: assertion failed: Concurrent update to the log. Multiple streaming jobs detected for 46
[2025-08-31 23:33:39,481] {subprocess.py:92} INFO - 	at scala.Predef$.assert(Predef.scala:223)
[2025-08-31 23:33:39,481] {subprocess.py:92} INFO - 	at org.apache.spark.sql.execution.streaming.MicroBatchExecution.$anonfun$constructNextBatch$13(MicroBatchExecution.scala:496)
[2025-08-31 23:33:39,481] {subprocess.py:92} INFO - 	at scala.runtime.java8.JFunction0$mcV$sp.apply(JFunction0$mcV$sp.java:23)
[2025-08-31 23:33:39,482] {subprocess.py:92} INFO - 	at org.apache.spark.sql.execution.streaming.ProgressReporter.reportTimeTaken(ProgressReporter.scala:375)
[2025-08-31 23:33:39,482] {subprocess.py:92} INFO - 	at org.apache.spark.sql.execution.streaming.ProgressReporter.reportTimeTaken$(ProgressReporter.scala:373)
[2025-08-31 23:33:39,482] {subprocess.py:92} INFO - 	at org.apache.spark.sql.execution.streaming.StreamExecution.reportTimeTaken(StreamExecution.scala:68)
[2025-08-31 23:33:39,482] {subprocess.py:92} INFO - 	at org.apache.spark.sql.execution.streaming.MicroBatchExecution.$anonfun$constructNextBatch$1(MicroBatchExecution.scala:493)
[2025-08-31 23:33:39,482] {subprocess.py:92} INFO - 	at scala.runtime.java8.JFunction0$mcZ$sp.apply(JFunction0$mcZ$sp.java:23)
[2025-08-31 23:33:39,482] {subprocess.py:92} INFO - 	at org.apache.spark.sql.execution.streaming.MicroBatchExecution.withProgressLocked(MicroBatchExecution.scala:693)
[2025-08-31 23:33:39,482] {subprocess.py:92} INFO - 	at org.apache.spark.sql.execution.streaming.MicroBatchExecution.constructNextBatch(MicroBatchExecution.scala:433)
[2025-08-31 23:33:39,482] {subprocess.py:92} INFO - 	at org.apache.spark.sql.execution.streaming.MicroBatchExecution.$anonfun$runActivatedStream$2(MicroBatchExecution.scala:238)
[2025-08-31 23:33:39,482] {subprocess.py:92} INFO - 	at scala.runtime.java8.JFunction0$mcV$sp.apply(JFunction0$mcV$sp.java:23)
[2025-08-31 23:33:39,482] {subprocess.py:92} INFO - 	at org.apache.spark.sql.execution.streaming.ProgressReporter.reportTimeTaken(ProgressReporter.scala:375)
[2025-08-31 23:33:39,482] {subprocess.py:92} INFO - 	at org.apache.spark.sql.execution.streaming.ProgressReporter.reportTimeTaken$(ProgressReporter.scala:373)
[2025-08-31 23:33:39,483] {subprocess.py:92} INFO - 	at org.apache.spark.sql.execution.streaming.StreamExecution.reportTimeTaken(StreamExecution.scala:68)
[2025-08-31 23:33:39,483] {subprocess.py:92} INFO - 	at org.apache.spark.sql.execution.streaming.MicroBatchExecution.$anonfun$runActivatedStream$1(MicroBatchExecution.scala:219)
[2025-08-31 23:33:39,483] {subprocess.py:92} INFO - 	at org.apache.spark.sql.execution.streaming.ProcessingTimeExecutor.execute(TriggerExecutor.scala:67)
[2025-08-31 23:33:39,483] {subprocess.py:92} INFO - 	at org.apache.spark.sql.execution.streaming.MicroBatchExecution.runActivatedStream(MicroBatchExecution.scala:213)
[2025-08-31 23:33:39,483] {subprocess.py:92} INFO - 	at org.apache.spark.sql.execution.streaming.StreamExecution.$anonfun$runStream$1(StreamExecution.scala:307)
[2025-08-31 23:33:39,483] {subprocess.py:92} INFO - 	at scala.runtime.java8.JFunction0$mcV$sp.apply(JFunction0$mcV$sp.java:23)
[2025-08-31 23:33:39,483] {subprocess.py:92} INFO - 	at org.apache.spark.sql.SparkSession.withActive(SparkSession.scala:779)
[2025-08-31 23:33:39,483] {subprocess.py:92} INFO - 	at org.apache.spark.sql.execution.streaming.StreamExecution.org$apache$spark$sql$execution$streaming$StreamExecution$$runStream(StreamExecution.scala:285)
[2025-08-31 23:33:39,483] {subprocess.py:92} INFO - 	... 1 more
[2025-08-31 23:33:39,629] {subprocess.py:92} INFO - Traceback (most recent call last):
[2025-08-31 23:33:39,629] {subprocess.py:92} INFO -   File "/opt/***/scripts/pyspark/streaming.py", line 60, in <module>
[2025-08-31 23:33:39,629] {subprocess.py:92} INFO -     query.awaitTermination()
[2025-08-31 23:33:39,630] {subprocess.py:92} INFO -   File "/opt/spark-3.3.1-bin-hadoop3/python/lib/pyspark.zip/pyspark/sql/streaming.py", line 107, in awaitTermination
[2025-08-31 23:33:39,630] {subprocess.py:92} INFO -   File "/opt/spark-3.3.1-bin-hadoop3/python/lib/py4j-0.10.9.5-src.zip/py4j/java_gateway.py", line 1322, in __call__
[2025-08-31 23:33:39,630] {subprocess.py:92} INFO -   File "/opt/spark-3.3.1-bin-hadoop3/python/lib/pyspark.zip/pyspark/sql/utils.py", line 196, in deco
[2025-08-31 23:33:39,639] {subprocess.py:92} INFO - pyspark.sql.utils.StreamingQueryException: Query [id = 8bb46a74-6ffa-4764-a9c6-2e4a331d8211, runId = c135f831-e988-4987-bc85-cef2574a8b0c] terminated with exception: Execution of the stream null failed. Please, fill a bug report in, and provide the full stack trace.
[2025-08-31 23:33:39,893] {subprocess.py:96} INFO - Command exited with return code 1
[2025-08-31 23:33:39,927] {taskinstance.py:1889} ERROR - Task failed with exception
Traceback (most recent call last):
  File "/home/airflow/.local/lib/python3.7/site-packages/airflow/operators/bash.py", line 195, in execute
    f'Bash command failed. The command returned a non-zero exit code {result.exit_code}.'
airflow.exceptions.AirflowException: Bash command failed. The command returned a non-zero exit code 1.
[2025-08-31 23:33:39,933] {taskinstance.py:1400} INFO - Marking task as UP_FOR_RETRY. dag_id=send_weather_to_kafka, task_id=stream_hdfs, execution_date=20250829T214232, start_date=20250831T233312, end_date=20250831T233339
[2025-08-31 23:33:39,963] {standard_task_runner.py:97} ERROR - Failed to execute job 386 for task stream_hdfs (Bash command failed. The command returned a non-zero exit code 1.; 346)
[2025-08-31 23:33:40,008] {local_task_job.py:156} INFO - Task exited with return code 1
[2025-08-31 23:33:40,059] {local_task_job.py:273} INFO - 0 downstream tasks scheduled from follow-on schedule check
