[2025-09-01 01:42:01,027] {taskinstance.py:1159} INFO - Dependencies all met for <TaskInstance: send_weather_to_kafka.stream_hdfs scheduled__2025-09-01T01:06:30.129131+00:00 [queued]>
[2025-09-01 01:42:01,040] {taskinstance.py:1159} INFO - Dependencies all met for <TaskInstance: send_weather_to_kafka.stream_hdfs scheduled__2025-09-01T01:06:30.129131+00:00 [queued]>
[2025-09-01 01:42:01,040] {taskinstance.py:1356} INFO - 
--------------------------------------------------------------------------------
[2025-09-01 01:42:01,040] {taskinstance.py:1357} INFO - Starting attempt 2 of 2
[2025-09-01 01:42:01,040] {taskinstance.py:1358} INFO - 
--------------------------------------------------------------------------------
[2025-09-01 01:42:01,058] {taskinstance.py:1377} INFO - Executing <Task(BashOperator): stream_hdfs> on 2025-09-01 01:06:30.129131+00:00
[2025-09-01 01:42:01,064] {standard_task_runner.py:52} INFO - Started process 2829 to run task
[2025-09-01 01:42:01,068] {standard_task_runner.py:79} INFO - Running: ['***', 'tasks', 'run', 'send_weather_to_kafka', 'stream_hdfs', 'scheduled__2025-09-01T01:06:30.129131+00:00', '--job-id', '422', '--raw', '--subdir', 'DAGS_FOLDER/dag_meteo.py', '--cfg-path', '/tmp/tmpb0xq1u1g', '--error-file', '/tmp/tmpqqs4j6b1']
[2025-09-01 01:42:01,069] {standard_task_runner.py:80} INFO - Job 422: Subtask stream_hdfs
[2025-09-01 01:42:01,090] {logging_mixin.py:115} WARNING - /home/***/.local/lib/python3.7/site-packages/***/configuration.py:470 DeprecationWarning: The sql_alchemy_conn option in [core] has been moved to the sql_alchemy_conn option in [database] - the old setting has been used, but please update your config.
[2025-09-01 01:42:01,143] {task_command.py:369} INFO - Running <TaskInstance: send_weather_to_kafka.stream_hdfs scheduled__2025-09-01T01:06:30.129131+00:00 [running]> on host e66737cfc193
[2025-09-01 01:42:01,245] {taskinstance.py:1571} INFO - Exporting the following env vars:
AIRFLOW_CTX_DAG_OWNER=***
AIRFLOW_CTX_DAG_ID=send_weather_to_kafka
AIRFLOW_CTX_TASK_ID=stream_hdfs
AIRFLOW_CTX_EXECUTION_DATE=2025-09-01T01:06:30.129131+00:00
AIRFLOW_CTX_TRY_NUMBER=2
AIRFLOW_CTX_DAG_RUN_ID=scheduled__2025-09-01T01:06:30.129131+00:00
[2025-09-01 01:42:01,246] {subprocess.py:62} INFO - Tmp dir root location: 
 /tmp
[2025-09-01 01:42:01,246] {subprocess.py:74} INFO - Running command: ['bash', '-c', '\n/home/***/.local/bin/spark-submit   --master local[*]   --conf spark.hadoop.fs.defaultFS=hdfs://namenode:9000   --conf spark.hadoop.dfs.client.use.datanode.hostname=true   --conf spark.sql.adaptive.enabled=false   --packages org.apache.spark:spark-sql-kafka-0-10_2.12:3.3.1   /opt/***/scripts/pyspark/streaming.py']
[2025-09-01 01:42:01,261] {subprocess.py:85} INFO - Output:
[2025-09-01 01:42:01,277] {subprocess.py:92} INFO - /opt/spark-3.3.1-bin-hadoop3/bin/load-spark-env.sh: line 68: ps: command not found
[2025-09-01 01:42:03,594] {subprocess.py:92} INFO - :: loading settings :: url = jar:file:/opt/spark-3.3.1-bin-hadoop3/jars/ivy-2.5.0.jar!/org/apache/ivy/core/settings/ivysettings.xml
[2025-09-01 01:42:03,812] {subprocess.py:92} INFO - Ivy Default Cache set to: /home/***/.ivy2/cache
[2025-09-01 01:42:03,813] {subprocess.py:92} INFO - The jars for the packages stored in: /home/***/.ivy2/jars
[2025-09-01 01:42:03,827] {subprocess.py:92} INFO - org.apache.spark#spark-sql-kafka-0-10_2.12 added as a dependency
[2025-09-01 01:42:03,830] {subprocess.py:92} INFO - :: resolving dependencies :: org.apache.spark#spark-submit-parent-90f764f7-85ed-46a4-b043-fcc47cda6e5a;1.0
[2025-09-01 01:42:03,830] {subprocess.py:92} INFO - 	confs: [default]
[2025-09-01 01:42:04,055] {subprocess.py:92} INFO - 	found org.apache.spark#spark-sql-kafka-0-10_2.12;3.3.1 in central
[2025-09-01 01:42:04,212] {subprocess.py:92} INFO - 	found org.apache.spark#spark-token-provider-kafka-0-10_2.12;3.3.1 in central
[2025-09-01 01:42:04,244] {subprocess.py:92} INFO - 	found org.apache.kafka#kafka-clients;2.8.1 in central
[2025-09-01 01:42:04,306] {subprocess.py:92} INFO - 	found org.lz4#lz4-java;1.8.0 in central
[2025-09-01 01:42:04,362] {subprocess.py:92} INFO - 	found org.xerial.snappy#snappy-java;1.1.8.4 in central
[2025-09-01 01:42:04,406] {subprocess.py:92} INFO - 	found org.slf4j#slf4j-api;1.7.32 in central
[2025-09-01 01:42:04,430] {subprocess.py:92} INFO - 	found org.apache.hadoop#hadoop-client-runtime;3.3.2 in central
[2025-09-01 01:42:04,446] {subprocess.py:92} INFO - 	found org.spark-project.spark#unused;1.0.0 in central
[2025-09-01 01:42:04,475] {subprocess.py:92} INFO - 	found org.apache.hadoop#hadoop-client-api;3.3.2 in central
[2025-09-01 01:42:04,536] {subprocess.py:92} INFO - 	found commons-logging#commons-logging;1.1.3 in central
[2025-09-01 01:42:04,572] {subprocess.py:92} INFO - 	found com.google.code.findbugs#jsr305;3.0.0 in central
[2025-09-01 01:42:04,608] {subprocess.py:92} INFO - 	found org.apache.commons#commons-pool2;2.11.1 in central
[2025-09-01 01:42:04,686] {subprocess.py:92} INFO - :: resolution report :: resolve 813ms :: artifacts dl 44ms
[2025-09-01 01:42:04,687] {subprocess.py:92} INFO - 	:: modules in use:
[2025-09-01 01:42:04,687] {subprocess.py:92} INFO - 	com.google.code.findbugs#jsr305;3.0.0 from central in [default]
[2025-09-01 01:42:04,687] {subprocess.py:92} INFO - 	commons-logging#commons-logging;1.1.3 from central in [default]
[2025-09-01 01:42:04,687] {subprocess.py:92} INFO - 	org.apache.commons#commons-pool2;2.11.1 from central in [default]
[2025-09-01 01:42:04,687] {subprocess.py:92} INFO - 	org.apache.hadoop#hadoop-client-api;3.3.2 from central in [default]
[2025-09-01 01:42:04,687] {subprocess.py:92} INFO - 	org.apache.hadoop#hadoop-client-runtime;3.3.2 from central in [default]
[2025-09-01 01:42:04,687] {subprocess.py:92} INFO - 	org.apache.kafka#kafka-clients;2.8.1 from central in [default]
[2025-09-01 01:42:04,687] {subprocess.py:92} INFO - 	org.apache.spark#spark-sql-kafka-0-10_2.12;3.3.1 from central in [default]
[2025-09-01 01:42:04,688] {subprocess.py:92} INFO - 	org.apache.spark#spark-token-provider-kafka-0-10_2.12;3.3.1 from central in [default]
[2025-09-01 01:42:04,688] {subprocess.py:92} INFO - 	org.lz4#lz4-java;1.8.0 from central in [default]
[2025-09-01 01:42:04,688] {subprocess.py:92} INFO - 	org.slf4j#slf4j-api;1.7.32 from central in [default]
[2025-09-01 01:42:04,692] {subprocess.py:92} INFO - 	org.spark-project.spark#unused;1.0.0 from central in [default]
[2025-09-01 01:42:04,692] {subprocess.py:92} INFO - 	org.xerial.snappy#snappy-java;1.1.8.4 from central in [default]
[2025-09-01 01:42:04,693] {subprocess.py:92} INFO - 	---------------------------------------------------------------------
[2025-09-01 01:42:04,693] {subprocess.py:92} INFO - 	|                  |            modules            ||   artifacts   |
[2025-09-01 01:42:04,693] {subprocess.py:92} INFO - 	|       conf       | number| search|dwnlded|evicted|| number|dwnlded|
[2025-09-01 01:42:04,693] {subprocess.py:92} INFO - 	---------------------------------------------------------------------
[2025-09-01 01:42:04,693] {subprocess.py:92} INFO - 	|      default     |   12  |   0   |   0   |   0   ||   12  |   0   |
[2025-09-01 01:42:04,693] {subprocess.py:92} INFO - 	---------------------------------------------------------------------
[2025-09-01 01:42:04,706] {subprocess.py:92} INFO - :: retrieving :: org.apache.spark#spark-submit-parent-90f764f7-85ed-46a4-b043-fcc47cda6e5a
[2025-09-01 01:42:04,707] {subprocess.py:92} INFO - 	confs: [default]
[2025-09-01 01:42:04,727] {subprocess.py:92} INFO - 	0 artifacts copied, 12 already retrieved (0kB/21ms)
[2025-09-01 01:42:05,190] {subprocess.py:92} INFO - 25/09/01 01:42:05 WARN NativeCodeLoader: Unable to load native-hadoop library for your platform... using builtin-java classes where applicable
[2025-09-01 01:42:06,969] {subprocess.py:92} INFO - 25/09/01 01:42:06 INFO SparkContext: Running Spark version 3.3.1
[2025-09-01 01:42:06,992] {subprocess.py:92} INFO - 25/09/01 01:42:06 INFO ResourceUtils: ==============================================================
[2025-09-01 01:42:06,992] {subprocess.py:92} INFO - 25/09/01 01:42:06 INFO ResourceUtils: No custom resources configured for spark.driver.
[2025-09-01 01:42:06,992] {subprocess.py:92} INFO - 25/09/01 01:42:06 INFO ResourceUtils: ==============================================================
[2025-09-01 01:42:06,993] {subprocess.py:92} INFO - 25/09/01 01:42:06 INFO SparkContext: Submitted application: KafkaToHDFSWeather
[2025-09-01 01:42:07,025] {subprocess.py:92} INFO - 25/09/01 01:42:07 INFO ResourceProfile: Default ResourceProfile created, executor resources: Map(cores -> name: cores, amount: 1, script: , vendor: , memory -> name: memory, amount: 1024, script: , vendor: , offHeap -> name: offHeap, amount: 0, script: , vendor: ), task resources: Map(cpus -> name: cpus, amount: 1.0)
[2025-09-01 01:42:07,048] {subprocess.py:92} INFO - 25/09/01 01:42:07 INFO ResourceProfile: Limiting resource is cpu
[2025-09-01 01:42:07,049] {subprocess.py:92} INFO - 25/09/01 01:42:07 INFO ResourceProfileManager: Added ResourceProfile id: 0
[2025-09-01 01:42:07,155] {subprocess.py:92} INFO - 25/09/01 01:42:07 INFO SecurityManager: Changing view acls to: ***
[2025-09-01 01:42:07,156] {subprocess.py:92} INFO - 25/09/01 01:42:07 INFO SecurityManager: Changing modify acls to: ***
[2025-09-01 01:42:07,157] {subprocess.py:92} INFO - 25/09/01 01:42:07 INFO SecurityManager: Changing view acls groups to:
[2025-09-01 01:42:07,158] {subprocess.py:92} INFO - 25/09/01 01:42:07 INFO SecurityManager: Changing modify acls groups to:
[2025-09-01 01:42:07,159] {subprocess.py:92} INFO - 25/09/01 01:42:07 INFO SecurityManager: SecurityManager: authentication disabled; ui acls disabled; users  with view permissions: Set(***); groups with view permissions: Set(); users  with modify permissions: Set(***); groups with modify permissions: Set()
[2025-09-01 01:42:07,531] {subprocess.py:92} INFO - 25/09/01 01:42:07 INFO Utils: Successfully started service 'sparkDriver' on port 38419.
[2025-09-01 01:42:07,585] {subprocess.py:92} INFO - 25/09/01 01:42:07 INFO SparkEnv: Registering MapOutputTracker
[2025-09-01 01:42:07,627] {subprocess.py:92} INFO - 25/09/01 01:42:07 INFO SparkEnv: Registering BlockManagerMaster
[2025-09-01 01:42:07,645] {subprocess.py:92} INFO - 25/09/01 01:42:07 INFO BlockManagerMasterEndpoint: Using org.apache.spark.storage.DefaultTopologyMapper for getting topology information
[2025-09-01 01:42:07,646] {subprocess.py:92} INFO - 25/09/01 01:42:07 INFO BlockManagerMasterEndpoint: BlockManagerMasterEndpoint up
[2025-09-01 01:42:07,652] {subprocess.py:92} INFO - 25/09/01 01:42:07 INFO SparkEnv: Registering BlockManagerMasterHeartbeat
[2025-09-01 01:42:07,678] {subprocess.py:92} INFO - 25/09/01 01:42:07 INFO DiskBlockManager: Created local directory at /tmp/blockmgr-e7d40f2f-29f4-4d68-9acd-36b39432faa9
[2025-09-01 01:42:07,701] {subprocess.py:92} INFO - 25/09/01 01:42:07 INFO MemoryStore: MemoryStore started with capacity 434.4 MiB
[2025-09-01 01:42:07,734] {subprocess.py:92} INFO - 25/09/01 01:42:07 INFO SparkEnv: Registering OutputCommitCoordinator
[2025-09-01 01:42:08,034] {subprocess.py:92} INFO - 25/09/01 01:42:08 WARN Utils: Service 'SparkUI' could not bind on port 4040. Attempting port 4041.
[2025-09-01 01:42:08,034] {subprocess.py:92} INFO - 25/09/01 01:42:08 WARN Utils: Service 'SparkUI' could not bind on port 4041. Attempting port 4042.
[2025-09-01 01:42:08,057] {subprocess.py:92} INFO - 25/09/01 01:42:08 INFO Utils: Successfully started service 'SparkUI' on port 4042.
[2025-09-01 01:42:08,127] {subprocess.py:92} INFO - 25/09/01 01:42:08 INFO SparkContext: Added JAR file:///home/***/.ivy2/jars/org.apache.spark_spark-sql-kafka-0-10_2.12-3.3.1.jar at spark://e66737cfc193:38419/jars/org.apache.spark_spark-sql-kafka-0-10_2.12-3.3.1.jar with timestamp 1756690926959
[2025-09-01 01:42:08,127] {subprocess.py:92} INFO - 25/09/01 01:42:08 INFO SparkContext: Added JAR file:///home/***/.ivy2/jars/org.apache.spark_spark-token-provider-kafka-0-10_2.12-3.3.1.jar at spark://e66737cfc193:38419/jars/org.apache.spark_spark-token-provider-kafka-0-10_2.12-3.3.1.jar with timestamp 1756690926959
[2025-09-01 01:42:08,128] {subprocess.py:92} INFO - 25/09/01 01:42:08 INFO SparkContext: Added JAR file:///home/***/.ivy2/jars/org.apache.kafka_kafka-clients-2.8.1.jar at spark://e66737cfc193:38419/jars/org.apache.kafka_kafka-clients-2.8.1.jar with timestamp 1756690926959
[2025-09-01 01:42:08,128] {subprocess.py:92} INFO - 25/09/01 01:42:08 INFO SparkContext: Added JAR file:///home/***/.ivy2/jars/com.google.code.findbugs_jsr305-3.0.0.jar at spark://e66737cfc193:38419/jars/com.google.code.findbugs_jsr305-3.0.0.jar with timestamp 1756690926959
[2025-09-01 01:42:08,128] {subprocess.py:92} INFO - 25/09/01 01:42:08 INFO SparkContext: Added JAR file:///home/***/.ivy2/jars/org.apache.commons_commons-pool2-2.11.1.jar at spark://e66737cfc193:38419/jars/org.apache.commons_commons-pool2-2.11.1.jar with timestamp 1756690926959
[2025-09-01 01:42:08,128] {subprocess.py:92} INFO - 25/09/01 01:42:08 INFO SparkContext: Added JAR file:///home/***/.ivy2/jars/org.spark-project.spark_unused-1.0.0.jar at spark://e66737cfc193:38419/jars/org.spark-project.spark_unused-1.0.0.jar with timestamp 1756690926959
[2025-09-01 01:42:08,129] {subprocess.py:92} INFO - 25/09/01 01:42:08 INFO SparkContext: Added JAR file:///home/***/.ivy2/jars/org.apache.hadoop_hadoop-client-runtime-3.3.2.jar at spark://e66737cfc193:38419/jars/org.apache.hadoop_hadoop-client-runtime-3.3.2.jar with timestamp 1756690926959
[2025-09-01 01:42:08,129] {subprocess.py:92} INFO - 25/09/01 01:42:08 INFO SparkContext: Added JAR file:///home/***/.ivy2/jars/org.lz4_lz4-java-1.8.0.jar at spark://e66737cfc193:38419/jars/org.lz4_lz4-java-1.8.0.jar with timestamp 1756690926959
[2025-09-01 01:42:08,129] {subprocess.py:92} INFO - 25/09/01 01:42:08 INFO SparkContext: Added JAR file:///home/***/.ivy2/jars/org.xerial.snappy_snappy-java-1.1.8.4.jar at spark://e66737cfc193:38419/jars/org.xerial.snappy_snappy-java-1.1.8.4.jar with timestamp 1756690926959
[2025-09-01 01:42:08,130] {subprocess.py:92} INFO - 25/09/01 01:42:08 INFO SparkContext: Added JAR file:///home/***/.ivy2/jars/org.slf4j_slf4j-api-1.7.32.jar at spark://e66737cfc193:38419/jars/org.slf4j_slf4j-api-1.7.32.jar with timestamp 1756690926959
[2025-09-01 01:42:08,130] {subprocess.py:92} INFO - 25/09/01 01:42:08 INFO SparkContext: Added JAR file:///home/***/.ivy2/jars/org.apache.hadoop_hadoop-client-api-3.3.2.jar at spark://e66737cfc193:38419/jars/org.apache.hadoop_hadoop-client-api-3.3.2.jar with timestamp 1756690926959
[2025-09-01 01:42:08,130] {subprocess.py:92} INFO - 25/09/01 01:42:08 INFO SparkContext: Added JAR file:///home/***/.ivy2/jars/commons-logging_commons-logging-1.1.3.jar at spark://e66737cfc193:38419/jars/commons-logging_commons-logging-1.1.3.jar with timestamp 1756690926959
[2025-09-01 01:42:08,135] {subprocess.py:92} INFO - 25/09/01 01:42:08 INFO SparkContext: Added file file:///home/***/.ivy2/jars/org.apache.spark_spark-sql-kafka-0-10_2.12-3.3.1.jar at file:///home/***/.ivy2/jars/org.apache.spark_spark-sql-kafka-0-10_2.12-3.3.1.jar with timestamp 1756690926959
[2025-09-01 01:42:08,138] {subprocess.py:92} INFO - 25/09/01 01:42:08 INFO Utils: Copying /home/***/.ivy2/jars/org.apache.spark_spark-sql-kafka-0-10_2.12-3.3.1.jar to /tmp/spark-c34c9703-e4d7-452f-ab8c-4338da33bef7/userFiles-14aff7f6-b712-4dca-95f6-c9eb5ac13a38/org.apache.spark_spark-sql-kafka-0-10_2.12-3.3.1.jar
[2025-09-01 01:42:08,154] {subprocess.py:92} INFO - 25/09/01 01:42:08 INFO SparkContext: Added file file:///home/***/.ivy2/jars/org.apache.spark_spark-token-provider-kafka-0-10_2.12-3.3.1.jar at file:///home/***/.ivy2/jars/org.apache.spark_spark-token-provider-kafka-0-10_2.12-3.3.1.jar with timestamp 1756690926959
[2025-09-01 01:42:08,154] {subprocess.py:92} INFO - 25/09/01 01:42:08 INFO Utils: Copying /home/***/.ivy2/jars/org.apache.spark_spark-token-provider-kafka-0-10_2.12-3.3.1.jar to /tmp/spark-c34c9703-e4d7-452f-ab8c-4338da33bef7/userFiles-14aff7f6-b712-4dca-95f6-c9eb5ac13a38/org.apache.spark_spark-token-provider-kafka-0-10_2.12-3.3.1.jar
[2025-09-01 01:42:08,161] {subprocess.py:92} INFO - 25/09/01 01:42:08 INFO SparkContext: Added file file:///home/***/.ivy2/jars/org.apache.kafka_kafka-clients-2.8.1.jar at file:///home/***/.ivy2/jars/org.apache.kafka_kafka-clients-2.8.1.jar with timestamp 1756690926959
[2025-09-01 01:42:08,161] {subprocess.py:92} INFO - 25/09/01 01:42:08 INFO Utils: Copying /home/***/.ivy2/jars/org.apache.kafka_kafka-clients-2.8.1.jar to /tmp/spark-c34c9703-e4d7-452f-ab8c-4338da33bef7/userFiles-14aff7f6-b712-4dca-95f6-c9eb5ac13a38/org.apache.kafka_kafka-clients-2.8.1.jar
[2025-09-01 01:42:08,173] {subprocess.py:92} INFO - 25/09/01 01:42:08 INFO SparkContext: Added file file:///home/***/.ivy2/jars/com.google.code.findbugs_jsr305-3.0.0.jar at file:///home/***/.ivy2/jars/com.google.code.findbugs_jsr305-3.0.0.jar with timestamp 1756690926959
[2025-09-01 01:42:08,173] {subprocess.py:92} INFO - 25/09/01 01:42:08 INFO Utils: Copying /home/***/.ivy2/jars/com.google.code.findbugs_jsr305-3.0.0.jar to /tmp/spark-c34c9703-e4d7-452f-ab8c-4338da33bef7/userFiles-14aff7f6-b712-4dca-95f6-c9eb5ac13a38/com.google.code.findbugs_jsr305-3.0.0.jar
[2025-09-01 01:42:08,179] {subprocess.py:92} INFO - 25/09/01 01:42:08 INFO SparkContext: Added file file:///home/***/.ivy2/jars/org.apache.commons_commons-pool2-2.11.1.jar at file:///home/***/.ivy2/jars/org.apache.commons_commons-pool2-2.11.1.jar with timestamp 1756690926959
[2025-09-01 01:42:08,179] {subprocess.py:92} INFO - 25/09/01 01:42:08 INFO Utils: Copying /home/***/.ivy2/jars/org.apache.commons_commons-pool2-2.11.1.jar to /tmp/spark-c34c9703-e4d7-452f-ab8c-4338da33bef7/userFiles-14aff7f6-b712-4dca-95f6-c9eb5ac13a38/org.apache.commons_commons-pool2-2.11.1.jar
[2025-09-01 01:42:08,187] {subprocess.py:92} INFO - 25/09/01 01:42:08 INFO SparkContext: Added file file:///home/***/.ivy2/jars/org.spark-project.spark_unused-1.0.0.jar at file:///home/***/.ivy2/jars/org.spark-project.spark_unused-1.0.0.jar with timestamp 1756690926959
[2025-09-01 01:42:08,188] {subprocess.py:92} INFO - 25/09/01 01:42:08 INFO Utils: Copying /home/***/.ivy2/jars/org.spark-project.spark_unused-1.0.0.jar to /tmp/spark-c34c9703-e4d7-452f-ab8c-4338da33bef7/userFiles-14aff7f6-b712-4dca-95f6-c9eb5ac13a38/org.spark-project.spark_unused-1.0.0.jar
[2025-09-01 01:42:08,194] {subprocess.py:92} INFO - 25/09/01 01:42:08 INFO SparkContext: Added file file:///home/***/.ivy2/jars/org.apache.hadoop_hadoop-client-runtime-3.3.2.jar at file:///home/***/.ivy2/jars/org.apache.hadoop_hadoop-client-runtime-3.3.2.jar with timestamp 1756690926959
[2025-09-01 01:42:08,195] {subprocess.py:92} INFO - 25/09/01 01:42:08 INFO Utils: Copying /home/***/.ivy2/jars/org.apache.hadoop_hadoop-client-runtime-3.3.2.jar to /tmp/spark-c34c9703-e4d7-452f-ab8c-4338da33bef7/userFiles-14aff7f6-b712-4dca-95f6-c9eb5ac13a38/org.apache.hadoop_hadoop-client-runtime-3.3.2.jar
[2025-09-01 01:42:08,224] {subprocess.py:92} INFO - 25/09/01 01:42:08 INFO SparkContext: Added file file:///home/***/.ivy2/jars/org.lz4_lz4-java-1.8.0.jar at file:///home/***/.ivy2/jars/org.lz4_lz4-java-1.8.0.jar with timestamp 1756690926959
[2025-09-01 01:42:08,225] {subprocess.py:92} INFO - 25/09/01 01:42:08 INFO Utils: Copying /home/***/.ivy2/jars/org.lz4_lz4-java-1.8.0.jar to /tmp/spark-c34c9703-e4d7-452f-ab8c-4338da33bef7/userFiles-14aff7f6-b712-4dca-95f6-c9eb5ac13a38/org.lz4_lz4-java-1.8.0.jar
[2025-09-01 01:42:08,230] {subprocess.py:92} INFO - 25/09/01 01:42:08 INFO SparkContext: Added file file:///home/***/.ivy2/jars/org.xerial.snappy_snappy-java-1.1.8.4.jar at file:///home/***/.ivy2/jars/org.xerial.snappy_snappy-java-1.1.8.4.jar with timestamp 1756690926959
[2025-09-01 01:42:08,231] {subprocess.py:92} INFO - 25/09/01 01:42:08 INFO Utils: Copying /home/***/.ivy2/jars/org.xerial.snappy_snappy-java-1.1.8.4.jar to /tmp/spark-c34c9703-e4d7-452f-ab8c-4338da33bef7/userFiles-14aff7f6-b712-4dca-95f6-c9eb5ac13a38/org.xerial.snappy_snappy-java-1.1.8.4.jar
[2025-09-01 01:42:08,238] {subprocess.py:92} INFO - 25/09/01 01:42:08 INFO SparkContext: Added file file:///home/***/.ivy2/jars/org.slf4j_slf4j-api-1.7.32.jar at file:///home/***/.ivy2/jars/org.slf4j_slf4j-api-1.7.32.jar with timestamp 1756690926959
[2025-09-01 01:42:08,238] {subprocess.py:92} INFO - 25/09/01 01:42:08 INFO Utils: Copying /home/***/.ivy2/jars/org.slf4j_slf4j-api-1.7.32.jar to /tmp/spark-c34c9703-e4d7-452f-ab8c-4338da33bef7/userFiles-14aff7f6-b712-4dca-95f6-c9eb5ac13a38/org.slf4j_slf4j-api-1.7.32.jar
[2025-09-01 01:42:08,245] {subprocess.py:92} INFO - 25/09/01 01:42:08 INFO SparkContext: Added file file:///home/***/.ivy2/jars/org.apache.hadoop_hadoop-client-api-3.3.2.jar at file:///home/***/.ivy2/jars/org.apache.hadoop_hadoop-client-api-3.3.2.jar with timestamp 1756690926959
[2025-09-01 01:42:08,245] {subprocess.py:92} INFO - 25/09/01 01:42:08 INFO Utils: Copying /home/***/.ivy2/jars/org.apache.hadoop_hadoop-client-api-3.3.2.jar to /tmp/spark-c34c9703-e4d7-452f-ab8c-4338da33bef7/userFiles-14aff7f6-b712-4dca-95f6-c9eb5ac13a38/org.apache.hadoop_hadoop-client-api-3.3.2.jar
[2025-09-01 01:42:08,268] {subprocess.py:92} INFO - 25/09/01 01:42:08 INFO SparkContext: Added file file:///home/***/.ivy2/jars/commons-logging_commons-logging-1.1.3.jar at file:///home/***/.ivy2/jars/commons-logging_commons-logging-1.1.3.jar with timestamp 1756690926959
[2025-09-01 01:42:08,268] {subprocess.py:92} INFO - 25/09/01 01:42:08 INFO Utils: Copying /home/***/.ivy2/jars/commons-logging_commons-logging-1.1.3.jar to /tmp/spark-c34c9703-e4d7-452f-ab8c-4338da33bef7/userFiles-14aff7f6-b712-4dca-95f6-c9eb5ac13a38/commons-logging_commons-logging-1.1.3.jar
[2025-09-01 01:42:08,351] {subprocess.py:92} INFO - 25/09/01 01:42:08 INFO Executor: Starting executor ID driver on host e66737cfc193
[2025-09-01 01:42:08,357] {subprocess.py:92} INFO - 25/09/01 01:42:08 INFO Executor: Starting executor with user classpath (userClassPathFirst = false): ''
[2025-09-01 01:42:08,371] {subprocess.py:92} INFO - 25/09/01 01:42:08 INFO Executor: Fetching file:///home/***/.ivy2/jars/commons-logging_commons-logging-1.1.3.jar with timestamp 1756690926959
[2025-09-01 01:42:08,390] {subprocess.py:92} INFO - 25/09/01 01:42:08 INFO Utils: /home/***/.ivy2/jars/commons-logging_commons-logging-1.1.3.jar has been previously copied to /tmp/spark-c34c9703-e4d7-452f-ab8c-4338da33bef7/userFiles-14aff7f6-b712-4dca-95f6-c9eb5ac13a38/commons-logging_commons-logging-1.1.3.jar
[2025-09-01 01:42:08,396] {subprocess.py:92} INFO - 25/09/01 01:42:08 INFO Executor: Fetching file:///home/***/.ivy2/jars/org.spark-project.spark_unused-1.0.0.jar with timestamp 1756690926959
[2025-09-01 01:42:08,396] {subprocess.py:92} INFO - 25/09/01 01:42:08 INFO Utils: /home/***/.ivy2/jars/org.spark-project.spark_unused-1.0.0.jar has been previously copied to /tmp/spark-c34c9703-e4d7-452f-ab8c-4338da33bef7/userFiles-14aff7f6-b712-4dca-95f6-c9eb5ac13a38/org.spark-project.spark_unused-1.0.0.jar
[2025-09-01 01:42:08,402] {subprocess.py:92} INFO - 25/09/01 01:42:08 INFO Executor: Fetching file:///home/***/.ivy2/jars/org.apache.spark_spark-sql-kafka-0-10_2.12-3.3.1.jar with timestamp 1756690926959
[2025-09-01 01:42:08,407] {subprocess.py:92} INFO - 25/09/01 01:42:08 INFO Utils: /home/***/.ivy2/jars/org.apache.spark_spark-sql-kafka-0-10_2.12-3.3.1.jar has been previously copied to /tmp/spark-c34c9703-e4d7-452f-ab8c-4338da33bef7/userFiles-14aff7f6-b712-4dca-95f6-c9eb5ac13a38/org.apache.spark_spark-sql-kafka-0-10_2.12-3.3.1.jar
[2025-09-01 01:42:08,412] {subprocess.py:92} INFO - 25/09/01 01:42:08 INFO Executor: Fetching file:///home/***/.ivy2/jars/org.apache.hadoop_hadoop-client-api-3.3.2.jar with timestamp 1756690926959
[2025-09-01 01:42:08,428] {subprocess.py:92} INFO - 25/09/01 01:42:08 INFO Utils: /home/***/.ivy2/jars/org.apache.hadoop_hadoop-client-api-3.3.2.jar has been previously copied to /tmp/spark-c34c9703-e4d7-452f-ab8c-4338da33bef7/userFiles-14aff7f6-b712-4dca-95f6-c9eb5ac13a38/org.apache.hadoop_hadoop-client-api-3.3.2.jar
[2025-09-01 01:42:08,434] {subprocess.py:92} INFO - 25/09/01 01:42:08 INFO Executor: Fetching file:///home/***/.ivy2/jars/org.apache.hadoop_hadoop-client-runtime-3.3.2.jar with timestamp 1756690926959
[2025-09-01 01:42:08,465] {subprocess.py:92} INFO - 25/09/01 01:42:08 INFO Utils: /home/***/.ivy2/jars/org.apache.hadoop_hadoop-client-runtime-3.3.2.jar has been previously copied to /tmp/spark-c34c9703-e4d7-452f-ab8c-4338da33bef7/userFiles-14aff7f6-b712-4dca-95f6-c9eb5ac13a38/org.apache.hadoop_hadoop-client-runtime-3.3.2.jar
[2025-09-01 01:42:08,471] {subprocess.py:92} INFO - 25/09/01 01:42:08 INFO Executor: Fetching file:///home/***/.ivy2/jars/org.slf4j_slf4j-api-1.7.32.jar with timestamp 1756690926959
[2025-09-01 01:42:08,472] {subprocess.py:92} INFO - 25/09/01 01:42:08 INFO Utils: /home/***/.ivy2/jars/org.slf4j_slf4j-api-1.7.32.jar has been previously copied to /tmp/spark-c34c9703-e4d7-452f-ab8c-4338da33bef7/userFiles-14aff7f6-b712-4dca-95f6-c9eb5ac13a38/org.slf4j_slf4j-api-1.7.32.jar
[2025-09-01 01:42:08,478] {subprocess.py:92} INFO - 25/09/01 01:42:08 INFO Executor: Fetching file:///home/***/.ivy2/jars/org.lz4_lz4-java-1.8.0.jar with timestamp 1756690926959
[2025-09-01 01:42:08,480] {subprocess.py:92} INFO - 25/09/01 01:42:08 INFO Utils: /home/***/.ivy2/jars/org.lz4_lz4-java-1.8.0.jar has been previously copied to /tmp/spark-c34c9703-e4d7-452f-ab8c-4338da33bef7/userFiles-14aff7f6-b712-4dca-95f6-c9eb5ac13a38/org.lz4_lz4-java-1.8.0.jar
[2025-09-01 01:42:08,488] {subprocess.py:92} INFO - 25/09/01 01:42:08 INFO Executor: Fetching file:///home/***/.ivy2/jars/org.apache.commons_commons-pool2-2.11.1.jar with timestamp 1756690926959
[2025-09-01 01:42:08,489] {subprocess.py:92} INFO - 25/09/01 01:42:08 INFO Utils: /home/***/.ivy2/jars/org.apache.commons_commons-pool2-2.11.1.jar has been previously copied to /tmp/spark-c34c9703-e4d7-452f-ab8c-4338da33bef7/userFiles-14aff7f6-b712-4dca-95f6-c9eb5ac13a38/org.apache.commons_commons-pool2-2.11.1.jar
[2025-09-01 01:42:08,496] {subprocess.py:92} INFO - 25/09/01 01:42:08 INFO Executor: Fetching file:///home/***/.ivy2/jars/com.google.code.findbugs_jsr305-3.0.0.jar with timestamp 1756690926959
[2025-09-01 01:42:08,497] {subprocess.py:92} INFO - 25/09/01 01:42:08 INFO Utils: /home/***/.ivy2/jars/com.google.code.findbugs_jsr305-3.0.0.jar has been previously copied to /tmp/spark-c34c9703-e4d7-452f-ab8c-4338da33bef7/userFiles-14aff7f6-b712-4dca-95f6-c9eb5ac13a38/com.google.code.findbugs_jsr305-3.0.0.jar
[2025-09-01 01:42:08,505] {subprocess.py:92} INFO - 25/09/01 01:42:08 INFO Executor: Fetching file:///home/***/.ivy2/jars/org.apache.spark_spark-token-provider-kafka-0-10_2.12-3.3.1.jar with timestamp 1756690926959
[2025-09-01 01:42:08,506] {subprocess.py:92} INFO - 25/09/01 01:42:08 INFO Utils: /home/***/.ivy2/jars/org.apache.spark_spark-token-provider-kafka-0-10_2.12-3.3.1.jar has been previously copied to /tmp/spark-c34c9703-e4d7-452f-ab8c-4338da33bef7/userFiles-14aff7f6-b712-4dca-95f6-c9eb5ac13a38/org.apache.spark_spark-token-provider-kafka-0-10_2.12-3.3.1.jar
[2025-09-01 01:42:08,513] {subprocess.py:92} INFO - 25/09/01 01:42:08 INFO Executor: Fetching file:///home/***/.ivy2/jars/org.apache.kafka_kafka-clients-2.8.1.jar with timestamp 1756690926959
[2025-09-01 01:42:08,525] {subprocess.py:92} INFO - 25/09/01 01:42:08 INFO Utils: /home/***/.ivy2/jars/org.apache.kafka_kafka-clients-2.8.1.jar has been previously copied to /tmp/spark-c34c9703-e4d7-452f-ab8c-4338da33bef7/userFiles-14aff7f6-b712-4dca-95f6-c9eb5ac13a38/org.apache.kafka_kafka-clients-2.8.1.jar
[2025-09-01 01:42:08,533] {subprocess.py:92} INFO - 25/09/01 01:42:08 INFO Executor: Fetching file:///home/***/.ivy2/jars/org.xerial.snappy_snappy-java-1.1.8.4.jar with timestamp 1756690926959
[2025-09-01 01:42:08,536] {subprocess.py:92} INFO - 25/09/01 01:42:08 INFO Utils: /home/***/.ivy2/jars/org.xerial.snappy_snappy-java-1.1.8.4.jar has been previously copied to /tmp/spark-c34c9703-e4d7-452f-ab8c-4338da33bef7/userFiles-14aff7f6-b712-4dca-95f6-c9eb5ac13a38/org.xerial.snappy_snappy-java-1.1.8.4.jar
[2025-09-01 01:42:08,545] {subprocess.py:92} INFO - 25/09/01 01:42:08 INFO Executor: Fetching spark://e66737cfc193:38419/jars/org.xerial.snappy_snappy-java-1.1.8.4.jar with timestamp 1756690926959
[2025-09-01 01:42:08,604] {subprocess.py:92} INFO - 25/09/01 01:42:08 INFO TransportClientFactory: Successfully created connection to e66737cfc193/172.20.0.18:38419 after 41 ms (0 ms spent in bootstraps)
[2025-09-01 01:42:08,612] {subprocess.py:92} INFO - 25/09/01 01:42:08 INFO Utils: Fetching spark://e66737cfc193:38419/jars/org.xerial.snappy_snappy-java-1.1.8.4.jar to /tmp/spark-c34c9703-e4d7-452f-ab8c-4338da33bef7/userFiles-14aff7f6-b712-4dca-95f6-c9eb5ac13a38/fetchFileTemp117436603025856312.tmp
[2025-09-01 01:42:08,667] {subprocess.py:92} INFO - 25/09/01 01:42:08 INFO Utils: /tmp/spark-c34c9703-e4d7-452f-ab8c-4338da33bef7/userFiles-14aff7f6-b712-4dca-95f6-c9eb5ac13a38/fetchFileTemp117436603025856312.tmp has been previously copied to /tmp/spark-c34c9703-e4d7-452f-ab8c-4338da33bef7/userFiles-14aff7f6-b712-4dca-95f6-c9eb5ac13a38/org.xerial.snappy_snappy-java-1.1.8.4.jar
[2025-09-01 01:42:08,674] {subprocess.py:92} INFO - 25/09/01 01:42:08 INFO Executor: Adding file:/tmp/spark-c34c9703-e4d7-452f-ab8c-4338da33bef7/userFiles-14aff7f6-b712-4dca-95f6-c9eb5ac13a38/org.xerial.snappy_snappy-java-1.1.8.4.jar to class loader
[2025-09-01 01:42:08,675] {subprocess.py:92} INFO - 25/09/01 01:42:08 INFO Executor: Fetching spark://e66737cfc193:38419/jars/org.apache.kafka_kafka-clients-2.8.1.jar with timestamp 1756690926959
[2025-09-01 01:42:08,676] {subprocess.py:92} INFO - 25/09/01 01:42:08 INFO Utils: Fetching spark://e66737cfc193:38419/jars/org.apache.kafka_kafka-clients-2.8.1.jar to /tmp/spark-c34c9703-e4d7-452f-ab8c-4338da33bef7/userFiles-14aff7f6-b712-4dca-95f6-c9eb5ac13a38/fetchFileTemp10170184063274769047.tmp
[2025-09-01 01:42:08,699] {subprocess.py:92} INFO - 25/09/01 01:42:08 INFO Utils: /tmp/spark-c34c9703-e4d7-452f-ab8c-4338da33bef7/userFiles-14aff7f6-b712-4dca-95f6-c9eb5ac13a38/fetchFileTemp10170184063274769047.tmp has been previously copied to /tmp/spark-c34c9703-e4d7-452f-ab8c-4338da33bef7/userFiles-14aff7f6-b712-4dca-95f6-c9eb5ac13a38/org.apache.kafka_kafka-clients-2.8.1.jar
[2025-09-01 01:42:08,704] {subprocess.py:92} INFO - 25/09/01 01:42:08 INFO Executor: Adding file:/tmp/spark-c34c9703-e4d7-452f-ab8c-4338da33bef7/userFiles-14aff7f6-b712-4dca-95f6-c9eb5ac13a38/org.apache.kafka_kafka-clients-2.8.1.jar to class loader
[2025-09-01 01:42:08,705] {subprocess.py:92} INFO - 25/09/01 01:42:08 INFO Executor: Fetching spark://e66737cfc193:38419/jars/commons-logging_commons-logging-1.1.3.jar with timestamp 1756690926959
[2025-09-01 01:42:08,706] {subprocess.py:92} INFO - 25/09/01 01:42:08 INFO Utils: Fetching spark://e66737cfc193:38419/jars/commons-logging_commons-logging-1.1.3.jar to /tmp/spark-c34c9703-e4d7-452f-ab8c-4338da33bef7/userFiles-14aff7f6-b712-4dca-95f6-c9eb5ac13a38/fetchFileTemp16917828575601513578.tmp
[2025-09-01 01:42:08,708] {subprocess.py:92} INFO - 25/09/01 01:42:08 INFO Utils: /tmp/spark-c34c9703-e4d7-452f-ab8c-4338da33bef7/userFiles-14aff7f6-b712-4dca-95f6-c9eb5ac13a38/fetchFileTemp16917828575601513578.tmp has been previously copied to /tmp/spark-c34c9703-e4d7-452f-ab8c-4338da33bef7/userFiles-14aff7f6-b712-4dca-95f6-c9eb5ac13a38/commons-logging_commons-logging-1.1.3.jar
[2025-09-01 01:42:08,714] {subprocess.py:92} INFO - 25/09/01 01:42:08 INFO Executor: Adding file:/tmp/spark-c34c9703-e4d7-452f-ab8c-4338da33bef7/userFiles-14aff7f6-b712-4dca-95f6-c9eb5ac13a38/commons-logging_commons-logging-1.1.3.jar to class loader
[2025-09-01 01:42:08,715] {subprocess.py:92} INFO - 25/09/01 01:42:08 INFO Executor: Fetching spark://e66737cfc193:38419/jars/org.apache.spark_spark-sql-kafka-0-10_2.12-3.3.1.jar with timestamp 1756690926959
[2025-09-01 01:42:08,716] {subprocess.py:92} INFO - 25/09/01 01:42:08 INFO Utils: Fetching spark://e66737cfc193:38419/jars/org.apache.spark_spark-sql-kafka-0-10_2.12-3.3.1.jar to /tmp/spark-c34c9703-e4d7-452f-ab8c-4338da33bef7/userFiles-14aff7f6-b712-4dca-95f6-c9eb5ac13a38/fetchFileTemp16669028793235039970.tmp
[2025-09-01 01:42:08,720] {subprocess.py:92} INFO - 25/09/01 01:42:08 INFO Utils: /tmp/spark-c34c9703-e4d7-452f-ab8c-4338da33bef7/userFiles-14aff7f6-b712-4dca-95f6-c9eb5ac13a38/fetchFileTemp16669028793235039970.tmp has been previously copied to /tmp/spark-c34c9703-e4d7-452f-ab8c-4338da33bef7/userFiles-14aff7f6-b712-4dca-95f6-c9eb5ac13a38/org.apache.spark_spark-sql-kafka-0-10_2.12-3.3.1.jar
[2025-09-01 01:42:08,727] {subprocess.py:92} INFO - 25/09/01 01:42:08 INFO Executor: Adding file:/tmp/spark-c34c9703-e4d7-452f-ab8c-4338da33bef7/userFiles-14aff7f6-b712-4dca-95f6-c9eb5ac13a38/org.apache.spark_spark-sql-kafka-0-10_2.12-3.3.1.jar to class loader
[2025-09-01 01:42:08,727] {subprocess.py:92} INFO - 25/09/01 01:42:08 INFO Executor: Fetching spark://e66737cfc193:38419/jars/org.apache.hadoop_hadoop-client-runtime-3.3.2.jar with timestamp 1756690926959
[2025-09-01 01:42:08,728] {subprocess.py:92} INFO - 25/09/01 01:42:08 INFO Utils: Fetching spark://e66737cfc193:38419/jars/org.apache.hadoop_hadoop-client-runtime-3.3.2.jar to /tmp/spark-c34c9703-e4d7-452f-ab8c-4338da33bef7/userFiles-14aff7f6-b712-4dca-95f6-c9eb5ac13a38/fetchFileTemp16527391099846633027.tmp
[2025-09-01 01:42:08,910] {subprocess.py:92} INFO - 25/09/01 01:42:08 INFO Utils: /tmp/spark-c34c9703-e4d7-452f-ab8c-4338da33bef7/userFiles-14aff7f6-b712-4dca-95f6-c9eb5ac13a38/fetchFileTemp16527391099846633027.tmp has been previously copied to /tmp/spark-c34c9703-e4d7-452f-ab8c-4338da33bef7/userFiles-14aff7f6-b712-4dca-95f6-c9eb5ac13a38/org.apache.hadoop_hadoop-client-runtime-3.3.2.jar
[2025-09-01 01:42:08,924] {subprocess.py:92} INFO - 25/09/01 01:42:08 INFO Executor: Adding file:/tmp/spark-c34c9703-e4d7-452f-ab8c-4338da33bef7/userFiles-14aff7f6-b712-4dca-95f6-c9eb5ac13a38/org.apache.hadoop_hadoop-client-runtime-3.3.2.jar to class loader
[2025-09-01 01:42:08,924] {subprocess.py:92} INFO - 25/09/01 01:42:08 INFO Executor: Fetching spark://e66737cfc193:38419/jars/org.slf4j_slf4j-api-1.7.32.jar with timestamp 1756690926959
[2025-09-01 01:42:08,925] {subprocess.py:92} INFO - 25/09/01 01:42:08 INFO Utils: Fetching spark://e66737cfc193:38419/jars/org.slf4j_slf4j-api-1.7.32.jar to /tmp/spark-c34c9703-e4d7-452f-ab8c-4338da33bef7/userFiles-14aff7f6-b712-4dca-95f6-c9eb5ac13a38/fetchFileTemp12023394749282167104.tmp
[2025-09-01 01:42:08,928] {subprocess.py:92} INFO - 25/09/01 01:42:08 INFO Utils: /tmp/spark-c34c9703-e4d7-452f-ab8c-4338da33bef7/userFiles-14aff7f6-b712-4dca-95f6-c9eb5ac13a38/fetchFileTemp12023394749282167104.tmp has been previously copied to /tmp/spark-c34c9703-e4d7-452f-ab8c-4338da33bef7/userFiles-14aff7f6-b712-4dca-95f6-c9eb5ac13a38/org.slf4j_slf4j-api-1.7.32.jar
[2025-09-01 01:42:08,936] {subprocess.py:92} INFO - 25/09/01 01:42:08 INFO Executor: Adding file:/tmp/spark-c34c9703-e4d7-452f-ab8c-4338da33bef7/userFiles-14aff7f6-b712-4dca-95f6-c9eb5ac13a38/org.slf4j_slf4j-api-1.7.32.jar to class loader
[2025-09-01 01:42:08,936] {subprocess.py:92} INFO - 25/09/01 01:42:08 INFO Executor: Fetching spark://e66737cfc193:38419/jars/org.apache.commons_commons-pool2-2.11.1.jar with timestamp 1756690926959
[2025-09-01 01:42:08,938] {subprocess.py:92} INFO - 25/09/01 01:42:08 INFO Utils: Fetching spark://e66737cfc193:38419/jars/org.apache.commons_commons-pool2-2.11.1.jar to /tmp/spark-c34c9703-e4d7-452f-ab8c-4338da33bef7/userFiles-14aff7f6-b712-4dca-95f6-c9eb5ac13a38/fetchFileTemp3973332634717155143.tmp
[2025-09-01 01:42:08,943] {subprocess.py:92} INFO - 25/09/01 01:42:08 INFO Utils: /tmp/spark-c34c9703-e4d7-452f-ab8c-4338da33bef7/userFiles-14aff7f6-b712-4dca-95f6-c9eb5ac13a38/fetchFileTemp3973332634717155143.tmp has been previously copied to /tmp/spark-c34c9703-e4d7-452f-ab8c-4338da33bef7/userFiles-14aff7f6-b712-4dca-95f6-c9eb5ac13a38/org.apache.commons_commons-pool2-2.11.1.jar
[2025-09-01 01:42:08,953] {subprocess.py:92} INFO - 25/09/01 01:42:08 INFO Executor: Adding file:/tmp/spark-c34c9703-e4d7-452f-ab8c-4338da33bef7/userFiles-14aff7f6-b712-4dca-95f6-c9eb5ac13a38/org.apache.commons_commons-pool2-2.11.1.jar to class loader
[2025-09-01 01:42:08,956] {subprocess.py:92} INFO - 25/09/01 01:42:08 INFO Executor: Fetching spark://e66737cfc193:38419/jars/org.spark-project.spark_unused-1.0.0.jar with timestamp 1756690926959
[2025-09-01 01:42:08,963] {subprocess.py:92} INFO - 25/09/01 01:42:08 INFO Utils: Fetching spark://e66737cfc193:38419/jars/org.spark-project.spark_unused-1.0.0.jar to /tmp/spark-c34c9703-e4d7-452f-ab8c-4338da33bef7/userFiles-14aff7f6-b712-4dca-95f6-c9eb5ac13a38/fetchFileTemp10634054796038029249.tmp
[2025-09-01 01:42:08,968] {subprocess.py:92} INFO - 25/09/01 01:42:08 INFO Utils: /tmp/spark-c34c9703-e4d7-452f-ab8c-4338da33bef7/userFiles-14aff7f6-b712-4dca-95f6-c9eb5ac13a38/fetchFileTemp10634054796038029249.tmp has been previously copied to /tmp/spark-c34c9703-e4d7-452f-ab8c-4338da33bef7/userFiles-14aff7f6-b712-4dca-95f6-c9eb5ac13a38/org.spark-project.spark_unused-1.0.0.jar
[2025-09-01 01:42:08,981] {subprocess.py:92} INFO - 25/09/01 01:42:08 INFO Executor: Adding file:/tmp/spark-c34c9703-e4d7-452f-ab8c-4338da33bef7/userFiles-14aff7f6-b712-4dca-95f6-c9eb5ac13a38/org.spark-project.spark_unused-1.0.0.jar to class loader
[2025-09-01 01:42:08,981] {subprocess.py:92} INFO - 25/09/01 01:42:08 INFO Executor: Fetching spark://e66737cfc193:38419/jars/org.apache.hadoop_hadoop-client-api-3.3.2.jar with timestamp 1756690926959
[2025-09-01 01:42:08,982] {subprocess.py:92} INFO - 25/09/01 01:42:08 INFO Utils: Fetching spark://e66737cfc193:38419/jars/org.apache.hadoop_hadoop-client-api-3.3.2.jar to /tmp/spark-c34c9703-e4d7-452f-ab8c-4338da33bef7/userFiles-14aff7f6-b712-4dca-95f6-c9eb5ac13a38/fetchFileTemp15003106079940616676.tmp
[2025-09-01 01:42:09,137] {subprocess.py:92} INFO - 25/09/01 01:42:09 INFO Utils: /tmp/spark-c34c9703-e4d7-452f-ab8c-4338da33bef7/userFiles-14aff7f6-b712-4dca-95f6-c9eb5ac13a38/fetchFileTemp15003106079940616676.tmp has been previously copied to /tmp/spark-c34c9703-e4d7-452f-ab8c-4338da33bef7/userFiles-14aff7f6-b712-4dca-95f6-c9eb5ac13a38/org.apache.hadoop_hadoop-client-api-3.3.2.jar
[2025-09-01 01:42:09,147] {subprocess.py:92} INFO - 25/09/01 01:42:09 INFO Executor: Adding file:/tmp/spark-c34c9703-e4d7-452f-ab8c-4338da33bef7/userFiles-14aff7f6-b712-4dca-95f6-c9eb5ac13a38/org.apache.hadoop_hadoop-client-api-3.3.2.jar to class loader
[2025-09-01 01:42:09,147] {subprocess.py:92} INFO - 25/09/01 01:42:09 INFO Executor: Fetching spark://e66737cfc193:38419/jars/org.lz4_lz4-java-1.8.0.jar with timestamp 1756690926959
[2025-09-01 01:42:09,148] {subprocess.py:92} INFO - 25/09/01 01:42:09 INFO Utils: Fetching spark://e66737cfc193:38419/jars/org.lz4_lz4-java-1.8.0.jar to /tmp/spark-c34c9703-e4d7-452f-ab8c-4338da33bef7/userFiles-14aff7f6-b712-4dca-95f6-c9eb5ac13a38/fetchFileTemp12922668013036047317.tmp
[2025-09-01 01:42:09,153] {subprocess.py:92} INFO - 25/09/01 01:42:09 INFO Utils: /tmp/spark-c34c9703-e4d7-452f-ab8c-4338da33bef7/userFiles-14aff7f6-b712-4dca-95f6-c9eb5ac13a38/fetchFileTemp12922668013036047317.tmp has been previously copied to /tmp/spark-c34c9703-e4d7-452f-ab8c-4338da33bef7/userFiles-14aff7f6-b712-4dca-95f6-c9eb5ac13a38/org.lz4_lz4-java-1.8.0.jar
[2025-09-01 01:42:09,160] {subprocess.py:92} INFO - 25/09/01 01:42:09 INFO Executor: Adding file:/tmp/spark-c34c9703-e4d7-452f-ab8c-4338da33bef7/userFiles-14aff7f6-b712-4dca-95f6-c9eb5ac13a38/org.lz4_lz4-java-1.8.0.jar to class loader
[2025-09-01 01:42:09,160] {subprocess.py:92} INFO - 25/09/01 01:42:09 INFO Executor: Fetching spark://e66737cfc193:38419/jars/org.apache.spark_spark-token-provider-kafka-0-10_2.12-3.3.1.jar with timestamp 1756690926959
[2025-09-01 01:42:09,162] {subprocess.py:92} INFO - 25/09/01 01:42:09 INFO Utils: Fetching spark://e66737cfc193:38419/jars/org.apache.spark_spark-token-provider-kafka-0-10_2.12-3.3.1.jar to /tmp/spark-c34c9703-e4d7-452f-ab8c-4338da33bef7/userFiles-14aff7f6-b712-4dca-95f6-c9eb5ac13a38/fetchFileTemp7405396915412235971.tmp
[2025-09-01 01:42:09,164] {subprocess.py:92} INFO - 25/09/01 01:42:09 INFO Utils: /tmp/spark-c34c9703-e4d7-452f-ab8c-4338da33bef7/userFiles-14aff7f6-b712-4dca-95f6-c9eb5ac13a38/fetchFileTemp7405396915412235971.tmp has been previously copied to /tmp/spark-c34c9703-e4d7-452f-ab8c-4338da33bef7/userFiles-14aff7f6-b712-4dca-95f6-c9eb5ac13a38/org.apache.spark_spark-token-provider-kafka-0-10_2.12-3.3.1.jar
[2025-09-01 01:42:09,170] {subprocess.py:92} INFO - 25/09/01 01:42:09 INFO Executor: Adding file:/tmp/spark-c34c9703-e4d7-452f-ab8c-4338da33bef7/userFiles-14aff7f6-b712-4dca-95f6-c9eb5ac13a38/org.apache.spark_spark-token-provider-kafka-0-10_2.12-3.3.1.jar to class loader
[2025-09-01 01:42:09,170] {subprocess.py:92} INFO - 25/09/01 01:42:09 INFO Executor: Fetching spark://e66737cfc193:38419/jars/com.google.code.findbugs_jsr305-3.0.0.jar with timestamp 1756690926959
[2025-09-01 01:42:09,172] {subprocess.py:92} INFO - 25/09/01 01:42:09 INFO Utils: Fetching spark://e66737cfc193:38419/jars/com.google.code.findbugs_jsr305-3.0.0.jar to /tmp/spark-c34c9703-e4d7-452f-ab8c-4338da33bef7/userFiles-14aff7f6-b712-4dca-95f6-c9eb5ac13a38/fetchFileTemp263462921154545713.tmp
[2025-09-01 01:42:09,174] {subprocess.py:92} INFO - 25/09/01 01:42:09 INFO Utils: /tmp/spark-c34c9703-e4d7-452f-ab8c-4338da33bef7/userFiles-14aff7f6-b712-4dca-95f6-c9eb5ac13a38/fetchFileTemp263462921154545713.tmp has been previously copied to /tmp/spark-c34c9703-e4d7-452f-ab8c-4338da33bef7/userFiles-14aff7f6-b712-4dca-95f6-c9eb5ac13a38/com.google.code.findbugs_jsr305-3.0.0.jar
[2025-09-01 01:42:09,179] {subprocess.py:92} INFO - 25/09/01 01:42:09 INFO Executor: Adding file:/tmp/spark-c34c9703-e4d7-452f-ab8c-4338da33bef7/userFiles-14aff7f6-b712-4dca-95f6-c9eb5ac13a38/com.google.code.findbugs_jsr305-3.0.0.jar to class loader
[2025-09-01 01:42:09,195] {subprocess.py:92} INFO - 25/09/01 01:42:09 INFO Utils: Successfully started service 'org.apache.spark.network.netty.NettyBlockTransferService' on port 37401.
[2025-09-01 01:42:09,195] {subprocess.py:92} INFO - 25/09/01 01:42:09 INFO NettyBlockTransferService: Server created on e66737cfc193:37401
[2025-09-01 01:42:09,199] {subprocess.py:92} INFO - 25/09/01 01:42:09 INFO BlockManager: Using org.apache.spark.storage.RandomBlockReplicationPolicy for block replication policy
[2025-09-01 01:42:09,208] {subprocess.py:92} INFO - 25/09/01 01:42:09 INFO BlockManagerMaster: Registering BlockManager BlockManagerId(driver, e66737cfc193, 37401, None)
[2025-09-01 01:42:09,214] {subprocess.py:92} INFO - 25/09/01 01:42:09 INFO BlockManagerMasterEndpoint: Registering block manager e66737cfc193:37401 with 434.4 MiB RAM, BlockManagerId(driver, e66737cfc193, 37401, None)
[2025-09-01 01:42:09,220] {subprocess.py:92} INFO - 25/09/01 01:42:09 INFO BlockManagerMaster: Registered BlockManager BlockManagerId(driver, e66737cfc193, 37401, None)
[2025-09-01 01:42:09,222] {subprocess.py:92} INFO - 25/09/01 01:42:09 INFO BlockManager: Initialized BlockManager: BlockManagerId(driver, e66737cfc193, 37401, None)
[2025-09-01 01:42:09,965] {subprocess.py:92} INFO - Connexion à Kafka...
[2025-09-01 01:42:13,714] {subprocess.py:92} INFO - Connexion Kafka réussie (kafka:9092)
[2025-09-01 01:42:13,714] {subprocess.py:92} INFO - Transformation des données JSON...
[2025-09-01 01:42:14,238] {subprocess.py:92} INFO - Démarrage du streaming vers HDFS...
[2025-09-01 01:42:15,629] {subprocess.py:92} INFO - Streaming actif - Données météo sauvegardées dans HDFS:/data/weather
[2025-09-01 02:09:00,320] {subprocess.py:92} INFO - 25/09/01 02:09:00 ERROR MicroBatchExecution: Query [id = 8bb46a74-6ffa-4764-a9c6-2e4a331d8211, runId = a3bdbc66-f3aa-4dbd-8901-fc567f18d3e2] terminated with error
[2025-09-01 02:09:00,321] {subprocess.py:92} INFO - org.apache.spark.SparkException: Execution of the stream null failed. Please, fill a bug report in, and provide the full stack trace.
[2025-09-01 02:09:00,321] {subprocess.py:92} INFO - 	at org.apache.spark.sql.execution.QueryExecution$.toInternalError(QueryExecution.scala:500)
[2025-09-01 02:09:00,321] {subprocess.py:92} INFO - 	at org.apache.spark.sql.execution.streaming.StreamExecution.org$apache$spark$sql$execution$streaming$StreamExecution$$runStream(StreamExecution.scala:324)
[2025-09-01 02:09:00,321] {subprocess.py:92} INFO - 	at org.apache.spark.sql.execution.streaming.StreamExecution$$anon$1.run(StreamExecution.scala:208)
[2025-09-01 02:09:00,321] {subprocess.py:92} INFO - Caused by: java.lang.AssertionError: assertion failed: Concurrent update to the log. Multiple streaming jobs detected for 56
[2025-09-01 02:09:00,321] {subprocess.py:92} INFO - 	at scala.Predef$.assert(Predef.scala:223)
[2025-09-01 02:09:00,321] {subprocess.py:92} INFO - 	at org.apache.spark.sql.execution.streaming.MicroBatchExecution.$anonfun$constructNextBatch$13(MicroBatchExecution.scala:496)
[2025-09-01 02:09:00,322] {subprocess.py:92} INFO - 	at scala.runtime.java8.JFunction0$mcV$sp.apply(JFunction0$mcV$sp.java:23)
[2025-09-01 02:09:00,322] {subprocess.py:92} INFO - 	at org.apache.spark.sql.execution.streaming.ProgressReporter.reportTimeTaken(ProgressReporter.scala:375)
[2025-09-01 02:09:00,322] {subprocess.py:92} INFO - 	at org.apache.spark.sql.execution.streaming.ProgressReporter.reportTimeTaken$(ProgressReporter.scala:373)
[2025-09-01 02:09:00,322] {subprocess.py:92} INFO - 	at org.apache.spark.sql.execution.streaming.StreamExecution.reportTimeTaken(StreamExecution.scala:68)
[2025-09-01 02:09:00,322] {subprocess.py:92} INFO - 	at org.apache.spark.sql.execution.streaming.MicroBatchExecution.$anonfun$constructNextBatch$1(MicroBatchExecution.scala:493)
[2025-09-01 02:09:00,322] {subprocess.py:92} INFO - 	at scala.runtime.java8.JFunction0$mcZ$sp.apply(JFunction0$mcZ$sp.java:23)
[2025-09-01 02:09:00,322] {subprocess.py:92} INFO - 	at org.apache.spark.sql.execution.streaming.MicroBatchExecution.withProgressLocked(MicroBatchExecution.scala:693)
[2025-09-01 02:09:00,322] {subprocess.py:92} INFO - 	at org.apache.spark.sql.execution.streaming.MicroBatchExecution.constructNextBatch(MicroBatchExecution.scala:433)
[2025-09-01 02:09:00,322] {subprocess.py:92} INFO - 	at org.apache.spark.sql.execution.streaming.MicroBatchExecution.$anonfun$runActivatedStream$2(MicroBatchExecution.scala:238)
[2025-09-01 02:09:00,322] {subprocess.py:92} INFO - 	at scala.runtime.java8.JFunction0$mcV$sp.apply(JFunction0$mcV$sp.java:23)
[2025-09-01 02:09:00,322] {subprocess.py:92} INFO - 	at org.apache.spark.sql.execution.streaming.ProgressReporter.reportTimeTaken(ProgressReporter.scala:375)
[2025-09-01 02:09:00,322] {subprocess.py:92} INFO - 	at org.apache.spark.sql.execution.streaming.ProgressReporter.reportTimeTaken$(ProgressReporter.scala:373)
[2025-09-01 02:09:00,322] {subprocess.py:92} INFO - 	at org.apache.spark.sql.execution.streaming.StreamExecution.reportTimeTaken(StreamExecution.scala:68)
[2025-09-01 02:09:00,322] {subprocess.py:92} INFO - 	at org.apache.spark.sql.execution.streaming.MicroBatchExecution.$anonfun$runActivatedStream$1(MicroBatchExecution.scala:219)
[2025-09-01 02:09:00,323] {subprocess.py:92} INFO - 	at org.apache.spark.sql.execution.streaming.ProcessingTimeExecutor.execute(TriggerExecutor.scala:67)
[2025-09-01 02:09:00,323] {subprocess.py:92} INFO - 	at org.apache.spark.sql.execution.streaming.MicroBatchExecution.runActivatedStream(MicroBatchExecution.scala:213)
[2025-09-01 02:09:00,323] {subprocess.py:92} INFO - 	at org.apache.spark.sql.execution.streaming.StreamExecution.$anonfun$runStream$1(StreamExecution.scala:307)
[2025-09-01 02:09:00,323] {subprocess.py:92} INFO - 	at scala.runtime.java8.JFunction0$mcV$sp.apply(JFunction0$mcV$sp.java:23)
[2025-09-01 02:09:00,323] {subprocess.py:92} INFO - 	at org.apache.spark.sql.SparkSession.withActive(SparkSession.scala:779)
[2025-09-01 02:09:00,323] {subprocess.py:92} INFO - 	at org.apache.spark.sql.execution.streaming.StreamExecution.org$apache$spark$sql$execution$streaming$StreamExecution$$runStream(StreamExecution.scala:285)
[2025-09-01 02:09:00,323] {subprocess.py:92} INFO - 	... 1 more
[2025-09-01 02:09:00,403] {subprocess.py:92} INFO - Traceback (most recent call last):
[2025-09-01 02:09:00,403] {subprocess.py:92} INFO -   File "/opt/***/scripts/pyspark/streaming.py", line 60, in <module>
[2025-09-01 02:09:00,403] {subprocess.py:92} INFO -     query.awaitTermination()
[2025-09-01 02:09:00,403] {subprocess.py:92} INFO -   File "/opt/spark-3.3.1-bin-hadoop3/python/lib/pyspark.zip/pyspark/sql/streaming.py", line 107, in awaitTermination
[2025-09-01 02:09:00,403] {subprocess.py:92} INFO -   File "/opt/spark-3.3.1-bin-hadoop3/python/lib/py4j-0.10.9.5-src.zip/py4j/java_gateway.py", line 1322, in __call__
[2025-09-01 02:09:00,403] {subprocess.py:92} INFO -   File "/opt/spark-3.3.1-bin-hadoop3/python/lib/pyspark.zip/pyspark/sql/utils.py", line 196, in deco
[2025-09-01 02:09:00,410] {subprocess.py:92} INFO - pyspark.sql.utils.StreamingQueryException: Query [id = 8bb46a74-6ffa-4764-a9c6-2e4a331d8211, runId = a3bdbc66-f3aa-4dbd-8901-fc567f18d3e2] terminated with exception: Execution of the stream null failed. Please, fill a bug report in, and provide the full stack trace.
[2025-09-01 02:09:00,626] {subprocess.py:96} INFO - Command exited with return code 1
[2025-09-01 02:09:00,644] {taskinstance.py:1889} ERROR - Task failed with exception
Traceback (most recent call last):
  File "/home/airflow/.local/lib/python3.7/site-packages/airflow/operators/bash.py", line 195, in execute
    f'Bash command failed. The command returned a non-zero exit code {result.exit_code}.'
airflow.exceptions.AirflowException: Bash command failed. The command returned a non-zero exit code 1.
[2025-09-01 02:09:00,649] {taskinstance.py:1400} INFO - Marking task as FAILED. dag_id=send_weather_to_kafka, task_id=stream_hdfs, execution_date=20250901T010630, start_date=20250901T014201, end_date=20250901T020900
[2025-09-01 02:09:00,663] {standard_task_runner.py:97} ERROR - Failed to execute job 422 for task stream_hdfs (Bash command failed. The command returned a non-zero exit code 1.; 2829)
[2025-09-01 02:09:00,697] {local_task_job.py:156} INFO - Task exited with return code 1
[2025-09-01 02:09:00,732] {local_task_job.py:273} INFO - 0 downstream tasks scheduled from follow-on schedule check
