[2025-08-17 13:19:14,988] {taskinstance.py:1159} INFO - Dependencies all met for <TaskInstance: send_weather_to_kafka.verify_pipeline scheduled__2025-08-17T11:19:09.015354+00:00 [queued]>
[2025-08-17 13:19:15,010] {taskinstance.py:1159} INFO - Dependencies all met for <TaskInstance: send_weather_to_kafka.verify_pipeline scheduled__2025-08-17T11:19:09.015354+00:00 [queued]>
[2025-08-17 13:19:15,010] {taskinstance.py:1356} INFO - 
--------------------------------------------------------------------------------
[2025-08-17 13:19:15,010] {taskinstance.py:1357} INFO - Starting attempt 1 of 2
[2025-08-17 13:19:15,011] {taskinstance.py:1358} INFO - 
--------------------------------------------------------------------------------
[2025-08-17 13:19:15,040] {taskinstance.py:1377} INFO - Executing <Task(BashOperator): verify_pipeline> on 2025-08-17 11:19:09.015354+00:00
[2025-08-17 13:19:15,046] {standard_task_runner.py:52} INFO - Started process 22313 to run task
[2025-08-17 13:19:15,053] {standard_task_runner.py:79} INFO - Running: ['***', 'tasks', 'run', 'send_weather_to_kafka', 'verify_pipeline', 'scheduled__2025-08-17T11:19:09.015354+00:00', '--job-id', '258', '--raw', '--subdir', 'DAGS_FOLDER/dag_meteo.py', '--cfg-path', '/tmp/tmpfzzvusjo', '--error-file', '/tmp/tmpikluxvi0']
[2025-08-17 13:19:15,054] {standard_task_runner.py:80} INFO - Job 258: Subtask verify_pipeline
[2025-08-17 13:19:15,082] {logging_mixin.py:115} WARNING - /home/***/.local/lib/python3.7/site-packages/***/configuration.py:470 DeprecationWarning: The sql_alchemy_conn option in [core] has been moved to the sql_alchemy_conn option in [database] - the old setting has been used, but please update your config.
[2025-08-17 13:19:15,166] {task_command.py:369} INFO - Running <TaskInstance: send_weather_to_kafka.verify_pipeline scheduled__2025-08-17T11:19:09.015354+00:00 [running]> on host a4b544519f2b
[2025-08-17 13:19:15,326] {taskinstance.py:1571} INFO - Exporting the following env vars:
AIRFLOW_CTX_DAG_OWNER=***
AIRFLOW_CTX_DAG_ID=send_weather_to_kafka
AIRFLOW_CTX_TASK_ID=verify_pipeline
AIRFLOW_CTX_EXECUTION_DATE=2025-08-17T11:19:09.015354+00:00
AIRFLOW_CTX_TRY_NUMBER=1
AIRFLOW_CTX_DAG_RUN_ID=scheduled__2025-08-17T11:19:09.015354+00:00
[2025-08-17 13:19:15,327] {subprocess.py:62} INFO - Tmp dir root location: 
 /tmp
[2025-08-17 13:19:15,329] {subprocess.py:74} INFO - Running command: ['bash', '-c', '\n            echo " Attente traitement Logstash..." && sleep 30 &&\n            curl -s "http://elasticsearch:9200/_cat/indices/weather*" || echo "Pas encore d\'index weather"\n        ']
[2025-08-17 13:19:15,348] {subprocess.py:85} INFO - Output:
[2025-08-17 13:19:15,352] {subprocess.py:92} INFO -  Attente traitement Logstash...
[2025-08-17 13:19:45,398] {subprocess.py:92} INFO - yellow open weather_data BQjbDtS5TvO1Q2HrAJGyvA 1 1 62 0 64.5kb 64.5kb
[2025-08-17 13:19:45,401] {subprocess.py:96} INFO - Command exited with return code 0
[2025-08-17 13:19:45,448] {taskinstance.py:1400} INFO - Marking task as SUCCESS. dag_id=send_weather_to_kafka, task_id=verify_pipeline, execution_date=20250817T111909, start_date=20250817T131914, end_date=20250817T131945
[2025-08-17 13:19:45,495] {local_task_job.py:156} INFO - Task exited with return code 0
[2025-08-17 13:19:45,538] {local_task_job.py:273} INFO - 1 downstream tasks scheduled from follow-on schedule check
