[2025-09-01 08:22:28,203] {taskinstance.py:1159} INFO - Dependencies all met for <TaskInstance: send_weather_to_kafka.verify_pipeline scheduled__2025-09-01T07:49:19.997182+00:00 [queued]>
[2025-09-01 08:22:28,223] {taskinstance.py:1159} INFO - Dependencies all met for <TaskInstance: send_weather_to_kafka.verify_pipeline scheduled__2025-09-01T07:49:19.997182+00:00 [queued]>
[2025-09-01 08:22:28,224] {taskinstance.py:1356} INFO - 
--------------------------------------------------------------------------------
[2025-09-01 08:22:28,224] {taskinstance.py:1357} INFO - Starting attempt 1 of 2
[2025-09-01 08:22:28,224] {taskinstance.py:1358} INFO - 
--------------------------------------------------------------------------------
[2025-09-01 08:22:28,245] {taskinstance.py:1377} INFO - Executing <Task(BashOperator): verify_pipeline> on 2025-09-01 07:49:19.997182+00:00
[2025-09-01 08:22:28,254] {standard_task_runner.py:52} INFO - Started process 11356 to run task
[2025-09-01 08:22:28,260] {standard_task_runner.py:79} INFO - Running: ['***', 'tasks', 'run', 'send_weather_to_kafka', 'verify_pipeline', 'scheduled__2025-09-01T07:49:19.997182+00:00', '--job-id', '502', '--raw', '--subdir', 'DAGS_FOLDER/dag_meteo.py', '--cfg-path', '/tmp/tmpe8bprzqj', '--error-file', '/tmp/tmp4s_m588u']
[2025-09-01 08:22:28,262] {standard_task_runner.py:80} INFO - Job 502: Subtask verify_pipeline
[2025-09-01 08:22:28,292] {logging_mixin.py:115} WARNING - /home/***/.local/lib/python3.7/site-packages/***/configuration.py:470 DeprecationWarning: The sql_alchemy_conn option in [core] has been moved to the sql_alchemy_conn option in [database] - the old setting has been used, but please update your config.
[2025-09-01 08:22:28,373] {task_command.py:369} INFO - Running <TaskInstance: send_weather_to_kafka.verify_pipeline scheduled__2025-09-01T07:49:19.997182+00:00 [running]> on host e66737cfc193
[2025-09-01 08:22:28,534] {taskinstance.py:1571} INFO - Exporting the following env vars:
AIRFLOW_CTX_DAG_OWNER=***
AIRFLOW_CTX_DAG_ID=send_weather_to_kafka
AIRFLOW_CTX_TASK_ID=verify_pipeline
AIRFLOW_CTX_EXECUTION_DATE=2025-09-01T07:49:19.997182+00:00
AIRFLOW_CTX_TRY_NUMBER=1
AIRFLOW_CTX_DAG_RUN_ID=scheduled__2025-09-01T07:49:19.997182+00:00
[2025-09-01 08:22:28,537] {subprocess.py:62} INFO - Tmp dir root location: 
 /tmp
[2025-09-01 08:22:28,539] {subprocess.py:74} INFO - Running command: ['bash', '-c', '\n            echo " Attente traitement Logstash..." && sleep 30 &&\n            curl -s "http://elasticsearch:9200/_cat/indices/weather*" || echo "Pas encore d\'index weather"\n        ']
[2025-09-01 08:22:28,567] {subprocess.py:85} INFO - Output:
[2025-09-01 08:22:28,571] {subprocess.py:92} INFO -  Attente traitement Logstash...
[2025-09-01 08:22:58,594] {subprocess.py:92} INFO - yellow open weather_data BQjbDtS5TvO1Q2HrAJGyvA 1 1 106 0 41.5kb 41.5kb
[2025-09-01 08:22:58,597] {subprocess.py:96} INFO - Command exited with return code 0
[2025-09-01 08:22:58,676] {taskinstance.py:1400} INFO - Marking task as SUCCESS. dag_id=send_weather_to_kafka, task_id=verify_pipeline, execution_date=20250901T074919, start_date=20250901T082228, end_date=20250901T082258
[2025-09-01 08:22:58,748] {local_task_job.py:156} INFO - Task exited with return code 0
[2025-09-01 08:22:58,813] {local_task_job.py:273} INFO - 1 downstream tasks scheduled from follow-on schedule check
