[2025-09-01 10:49:45,799] {taskinstance.py:1159} INFO - Dependencies all met for <TaskInstance: send_weather_to_kafka.stream_hdfs scheduled__2025-09-01T10:15:44.634129+00:00 [queued]>
[2025-09-01 10:49:45,818] {taskinstance.py:1159} INFO - Dependencies all met for <TaskInstance: send_weather_to_kafka.stream_hdfs scheduled__2025-09-01T10:15:44.634129+00:00 [queued]>
[2025-09-01 10:49:45,819] {taskinstance.py:1356} INFO - 
--------------------------------------------------------------------------------
[2025-09-01 10:49:45,819] {taskinstance.py:1357} INFO - Starting attempt 2 of 2
[2025-09-01 10:49:45,819] {taskinstance.py:1358} INFO - 
--------------------------------------------------------------------------------
[2025-09-01 10:49:45,840] {taskinstance.py:1377} INFO - Executing <Task(BashOperator): stream_hdfs> on 2025-09-01 10:15:44.634129+00:00
[2025-09-01 10:49:45,844] {standard_task_runner.py:52} INFO - Started process 14551 to run task
[2025-09-01 10:49:45,847] {standard_task_runner.py:79} INFO - Running: ['***', 'tasks', 'run', 'send_weather_to_kafka', 'stream_hdfs', 'scheduled__2025-09-01T10:15:44.634129+00:00', '--job-id', '525', '--raw', '--subdir', 'DAGS_FOLDER/dag_meteo.py', '--cfg-path', '/tmp/tmpv6wwra86', '--error-file', '/tmp/tmp6l5mp4ix']
[2025-09-01 10:49:45,848] {standard_task_runner.py:80} INFO - Job 525: Subtask stream_hdfs
[2025-09-01 10:49:45,875] {logging_mixin.py:115} WARNING - /home/***/.local/lib/python3.7/site-packages/***/configuration.py:470 DeprecationWarning: The sql_alchemy_conn option in [core] has been moved to the sql_alchemy_conn option in [database] - the old setting has been used, but please update your config.
[2025-09-01 10:49:45,945] {task_command.py:369} INFO - Running <TaskInstance: send_weather_to_kafka.stream_hdfs scheduled__2025-09-01T10:15:44.634129+00:00 [running]> on host e66737cfc193
[2025-09-01 10:49:46,055] {taskinstance.py:1571} INFO - Exporting the following env vars:
AIRFLOW_CTX_DAG_OWNER=***
AIRFLOW_CTX_DAG_ID=send_weather_to_kafka
AIRFLOW_CTX_TASK_ID=stream_hdfs
AIRFLOW_CTX_EXECUTION_DATE=2025-09-01T10:15:44.634129+00:00
AIRFLOW_CTX_TRY_NUMBER=2
AIRFLOW_CTX_DAG_RUN_ID=scheduled__2025-09-01T10:15:44.634129+00:00
[2025-09-01 10:49:46,056] {subprocess.py:62} INFO - Tmp dir root location: 
 /tmp
[2025-09-01 10:49:46,056] {subprocess.py:74} INFO - Running command: ['bash', '-c', '\n/home/***/.local/bin/spark-submit   --master local[*]   --conf spark.hadoop.fs.defaultFS=hdfs://namenode:9000   --conf spark.hadoop.dfs.client.use.datanode.hostname=true   --conf spark.sql.adaptive.enabled=false   --packages org.apache.spark:spark-sql-kafka-0-10_2.12:3.3.1   /opt/***/scripts/pyspark/streaming.py']
[2025-09-01 10:49:46,068] {subprocess.py:85} INFO - Output:
[2025-09-01 10:49:46,079] {subprocess.py:92} INFO - /opt/spark-3.3.1-bin-hadoop3/bin/load-spark-env.sh: line 68: ps: command not found
[2025-09-01 10:49:48,846] {subprocess.py:92} INFO - :: loading settings :: url = jar:file:/opt/spark-3.3.1-bin-hadoop3/jars/ivy-2.5.0.jar!/org/apache/ivy/core/settings/ivysettings.xml
[2025-09-01 10:49:49,045] {subprocess.py:92} INFO - Ivy Default Cache set to: /home/***/.ivy2/cache
[2025-09-01 10:49:49,046] {subprocess.py:92} INFO - The jars for the packages stored in: /home/***/.ivy2/jars
[2025-09-01 10:49:49,054] {subprocess.py:92} INFO - org.apache.spark#spark-sql-kafka-0-10_2.12 added as a dependency
[2025-09-01 10:49:49,056] {subprocess.py:92} INFO - :: resolving dependencies :: org.apache.spark#spark-submit-parent-cee2f149-0957-4ea8-9d56-3933d8d994ad;1.0
[2025-09-01 10:49:49,056] {subprocess.py:92} INFO - 	confs: [default]
[2025-09-01 10:49:49,351] {subprocess.py:92} INFO - 	found org.apache.spark#spark-sql-kafka-0-10_2.12;3.3.1 in spark-list
[2025-09-01 10:49:49,529] {subprocess.py:92} INFO - 	found org.apache.spark#spark-token-provider-kafka-0-10_2.12;3.3.1 in central
[2025-09-01 10:49:49,574] {subprocess.py:92} INFO - 	found org.apache.kafka#kafka-clients;2.8.1 in central
[2025-09-01 10:49:49,666] {subprocess.py:92} INFO - 	found org.lz4#lz4-java;1.8.0 in central
[2025-09-01 10:49:49,764] {subprocess.py:92} INFO - 	found org.xerial.snappy#snappy-java;1.1.8.4 in central
[2025-09-01 10:49:49,819] {subprocess.py:92} INFO - 	found org.slf4j#slf4j-api;1.7.32 in central
[2025-09-01 10:49:49,890] {subprocess.py:92} INFO - 	found org.apache.hadoop#hadoop-client-runtime;3.3.2 in central
[2025-09-01 10:49:49,914] {subprocess.py:92} INFO - 	found org.spark-project.spark#unused;1.0.0 in central
[2025-09-01 10:49:49,948] {subprocess.py:92} INFO - 	found org.apache.hadoop#hadoop-client-api;3.3.2 in central
[2025-09-01 10:49:49,981] {subprocess.py:92} INFO - 	found commons-logging#commons-logging;1.1.3 in central
[2025-09-01 10:49:50,009] {subprocess.py:92} INFO - 	found com.google.code.findbugs#jsr305;3.0.0 in central
[2025-09-01 10:49:50,024] {subprocess.py:92} INFO - 	found org.apache.commons#commons-pool2;2.11.1 in central
[2025-09-01 10:49:50,051] {subprocess.py:92} INFO - :: resolution report :: resolve 982ms :: artifacts dl 13ms
[2025-09-01 10:49:50,052] {subprocess.py:92} INFO - 	:: modules in use:
[2025-09-01 10:49:50,052] {subprocess.py:92} INFO - 	com.google.code.findbugs#jsr305;3.0.0 from central in [default]
[2025-09-01 10:49:50,052] {subprocess.py:92} INFO - 	commons-logging#commons-logging;1.1.3 from central in [default]
[2025-09-01 10:49:50,052] {subprocess.py:92} INFO - 	org.apache.commons#commons-pool2;2.11.1 from central in [default]
[2025-09-01 10:49:50,052] {subprocess.py:92} INFO - 	org.apache.hadoop#hadoop-client-api;3.3.2 from central in [default]
[2025-09-01 10:49:50,052] {subprocess.py:92} INFO - 	org.apache.hadoop#hadoop-client-runtime;3.3.2 from central in [default]
[2025-09-01 10:49:50,052] {subprocess.py:92} INFO - 	org.apache.kafka#kafka-clients;2.8.1 from central in [default]
[2025-09-01 10:49:50,052] {subprocess.py:92} INFO - 	org.apache.spark#spark-sql-kafka-0-10_2.12;3.3.1 from spark-list in [default]
[2025-09-01 10:49:50,053] {subprocess.py:92} INFO - 	org.apache.spark#spark-token-provider-kafka-0-10_2.12;3.3.1 from central in [default]
[2025-09-01 10:49:50,053] {subprocess.py:92} INFO - 	org.lz4#lz4-java;1.8.0 from central in [default]
[2025-09-01 10:49:50,053] {subprocess.py:92} INFO - 	org.slf4j#slf4j-api;1.7.32 from central in [default]
[2025-09-01 10:49:50,053] {subprocess.py:92} INFO - 	org.spark-project.spark#unused;1.0.0 from central in [default]
[2025-09-01 10:49:50,053] {subprocess.py:92} INFO - 	org.xerial.snappy#snappy-java;1.1.8.4 from central in [default]
[2025-09-01 10:49:50,053] {subprocess.py:92} INFO - 	---------------------------------------------------------------------
[2025-09-01 10:49:50,053] {subprocess.py:92} INFO - 	|                  |            modules            ||   artifacts   |
[2025-09-01 10:49:50,053] {subprocess.py:92} INFO - 	|       conf       | number| search|dwnlded|evicted|| number|dwnlded|
[2025-09-01 10:49:50,053] {subprocess.py:92} INFO - 	---------------------------------------------------------------------
[2025-09-01 10:49:50,053] {subprocess.py:92} INFO - 	|      default     |   12  |   0   |   0   |   0   ||   12  |   0   |
[2025-09-01 10:49:50,053] {subprocess.py:92} INFO - 	---------------------------------------------------------------------
[2025-09-01 10:49:50,060] {subprocess.py:92} INFO - :: retrieving :: org.apache.spark#spark-submit-parent-cee2f149-0957-4ea8-9d56-3933d8d994ad
[2025-09-01 10:49:50,061] {subprocess.py:92} INFO - 	confs: [default]
[2025-09-01 10:49:50,069] {subprocess.py:92} INFO - 	0 artifacts copied, 12 already retrieved (0kB/9ms)
[2025-09-01 10:49:50,434] {subprocess.py:92} INFO - 25/09/01 10:49:50 WARN NativeCodeLoader: Unable to load native-hadoop library for your platform... using builtin-java classes where applicable
[2025-09-01 10:49:52,002] {subprocess.py:92} INFO - 25/09/01 10:49:52 INFO SparkContext: Running Spark version 3.3.1
[2025-09-01 10:49:52,032] {subprocess.py:92} INFO - 25/09/01 10:49:52 INFO ResourceUtils: ==============================================================
[2025-09-01 10:49:52,033] {subprocess.py:92} INFO - 25/09/01 10:49:52 INFO ResourceUtils: No custom resources configured for spark.driver.
[2025-09-01 10:49:52,033] {subprocess.py:92} INFO - 25/09/01 10:49:52 INFO ResourceUtils: ==============================================================
[2025-09-01 10:49:52,034] {subprocess.py:92} INFO - 25/09/01 10:49:52 INFO SparkContext: Submitted application: KafkaToHDFSWeather
[2025-09-01 10:49:52,062] {subprocess.py:92} INFO - 25/09/01 10:49:52 INFO ResourceProfile: Default ResourceProfile created, executor resources: Map(cores -> name: cores, amount: 1, script: , vendor: , memory -> name: memory, amount: 1024, script: , vendor: , offHeap -> name: offHeap, amount: 0, script: , vendor: ), task resources: Map(cpus -> name: cpus, amount: 1.0)
[2025-09-01 10:49:52,084] {subprocess.py:92} INFO - 25/09/01 10:49:52 INFO ResourceProfile: Limiting resource is cpu
[2025-09-01 10:49:52,085] {subprocess.py:92} INFO - 25/09/01 10:49:52 INFO ResourceProfileManager: Added ResourceProfile id: 0
[2025-09-01 10:49:52,178] {subprocess.py:92} INFO - 25/09/01 10:49:52 INFO SecurityManager: Changing view acls to: ***
[2025-09-01 10:49:52,178] {subprocess.py:92} INFO - 25/09/01 10:49:52 INFO SecurityManager: Changing modify acls to: ***
[2025-09-01 10:49:52,179] {subprocess.py:92} INFO - 25/09/01 10:49:52 INFO SecurityManager: Changing view acls groups to:
[2025-09-01 10:49:52,180] {subprocess.py:92} INFO - 25/09/01 10:49:52 INFO SecurityManager: Changing modify acls groups to:
[2025-09-01 10:49:52,180] {subprocess.py:92} INFO - 25/09/01 10:49:52 INFO SecurityManager: SecurityManager: authentication disabled; ui acls disabled; users  with view permissions: Set(***); groups with view permissions: Set(); users  with modify permissions: Set(***); groups with modify permissions: Set()
[2025-09-01 10:49:52,638] {subprocess.py:92} INFO - 25/09/01 10:49:52 INFO Utils: Successfully started service 'sparkDriver' on port 38887.
[2025-09-01 10:49:52,692] {subprocess.py:92} INFO - 25/09/01 10:49:52 INFO SparkEnv: Registering MapOutputTracker
[2025-09-01 10:49:52,775] {subprocess.py:92} INFO - 25/09/01 10:49:52 INFO SparkEnv: Registering BlockManagerMaster
[2025-09-01 10:49:52,813] {subprocess.py:92} INFO - 25/09/01 10:49:52 INFO BlockManagerMasterEndpoint: Using org.apache.spark.storage.DefaultTopologyMapper for getting topology information
[2025-09-01 10:49:52,814] {subprocess.py:92} INFO - 25/09/01 10:49:52 INFO BlockManagerMasterEndpoint: BlockManagerMasterEndpoint up
[2025-09-01 10:49:52,824] {subprocess.py:92} INFO - 25/09/01 10:49:52 INFO SparkEnv: Registering BlockManagerMasterHeartbeat
[2025-09-01 10:49:52,877] {subprocess.py:92} INFO - 25/09/01 10:49:52 INFO DiskBlockManager: Created local directory at /tmp/blockmgr-32c830d8-8484-4840-8003-4cc6c1f59118
[2025-09-01 10:49:52,906] {subprocess.py:92} INFO - 25/09/01 10:49:52 INFO MemoryStore: MemoryStore started with capacity 434.4 MiB
[2025-09-01 10:49:52,935] {subprocess.py:92} INFO - 25/09/01 10:49:52 INFO SparkEnv: Registering OutputCommitCoordinator
[2025-09-01 10:49:53,349] {subprocess.py:92} INFO - 25/09/01 10:49:53 INFO Utils: Successfully started service 'SparkUI' on port 4040.
[2025-09-01 10:49:53,433] {subprocess.py:92} INFO - 25/09/01 10:49:53 INFO SparkContext: Added JAR file:///home/***/.ivy2/jars/org.apache.spark_spark-sql-kafka-0-10_2.12-3.3.1.jar at spark://e66737cfc193:38887/jars/org.apache.spark_spark-sql-kafka-0-10_2.12-3.3.1.jar with timestamp 1756723791992
[2025-09-01 10:49:53,434] {subprocess.py:92} INFO - 25/09/01 10:49:53 INFO SparkContext: Added JAR file:///home/***/.ivy2/jars/org.apache.spark_spark-token-provider-kafka-0-10_2.12-3.3.1.jar at spark://e66737cfc193:38887/jars/org.apache.spark_spark-token-provider-kafka-0-10_2.12-3.3.1.jar with timestamp 1756723791992
[2025-09-01 10:49:53,434] {subprocess.py:92} INFO - 25/09/01 10:49:53 INFO SparkContext: Added JAR file:///home/***/.ivy2/jars/org.apache.kafka_kafka-clients-2.8.1.jar at spark://e66737cfc193:38887/jars/org.apache.kafka_kafka-clients-2.8.1.jar with timestamp 1756723791992
[2025-09-01 10:49:53,434] {subprocess.py:92} INFO - 25/09/01 10:49:53 INFO SparkContext: Added JAR file:///home/***/.ivy2/jars/com.google.code.findbugs_jsr305-3.0.0.jar at spark://e66737cfc193:38887/jars/com.google.code.findbugs_jsr305-3.0.0.jar with timestamp 1756723791992
[2025-09-01 10:49:53,435] {subprocess.py:92} INFO - 25/09/01 10:49:53 INFO SparkContext: Added JAR file:///home/***/.ivy2/jars/org.apache.commons_commons-pool2-2.11.1.jar at spark://e66737cfc193:38887/jars/org.apache.commons_commons-pool2-2.11.1.jar with timestamp 1756723791992
[2025-09-01 10:49:53,435] {subprocess.py:92} INFO - 25/09/01 10:49:53 INFO SparkContext: Added JAR file:///home/***/.ivy2/jars/org.spark-project.spark_unused-1.0.0.jar at spark://e66737cfc193:38887/jars/org.spark-project.spark_unused-1.0.0.jar with timestamp 1756723791992
[2025-09-01 10:49:53,436] {subprocess.py:92} INFO - 25/09/01 10:49:53 INFO SparkContext: Added JAR file:///home/***/.ivy2/jars/org.apache.hadoop_hadoop-client-runtime-3.3.2.jar at spark://e66737cfc193:38887/jars/org.apache.hadoop_hadoop-client-runtime-3.3.2.jar with timestamp 1756723791992
[2025-09-01 10:49:53,436] {subprocess.py:92} INFO - 25/09/01 10:49:53 INFO SparkContext: Added JAR file:///home/***/.ivy2/jars/org.lz4_lz4-java-1.8.0.jar at spark://e66737cfc193:38887/jars/org.lz4_lz4-java-1.8.0.jar with timestamp 1756723791992
[2025-09-01 10:49:53,436] {subprocess.py:92} INFO - 25/09/01 10:49:53 INFO SparkContext: Added JAR file:///home/***/.ivy2/jars/org.xerial.snappy_snappy-java-1.1.8.4.jar at spark://e66737cfc193:38887/jars/org.xerial.snappy_snappy-java-1.1.8.4.jar with timestamp 1756723791992
[2025-09-01 10:49:53,437] {subprocess.py:92} INFO - 25/09/01 10:49:53 INFO SparkContext: Added JAR file:///home/***/.ivy2/jars/org.slf4j_slf4j-api-1.7.32.jar at spark://e66737cfc193:38887/jars/org.slf4j_slf4j-api-1.7.32.jar with timestamp 1756723791992
[2025-09-01 10:49:53,437] {subprocess.py:92} INFO - 25/09/01 10:49:53 INFO SparkContext: Added JAR file:///home/***/.ivy2/jars/org.apache.hadoop_hadoop-client-api-3.3.2.jar at spark://e66737cfc193:38887/jars/org.apache.hadoop_hadoop-client-api-3.3.2.jar with timestamp 1756723791992
[2025-09-01 10:49:53,440] {subprocess.py:92} INFO - 25/09/01 10:49:53 INFO SparkContext: Added JAR file:///home/***/.ivy2/jars/commons-logging_commons-logging-1.1.3.jar at spark://e66737cfc193:38887/jars/commons-logging_commons-logging-1.1.3.jar with timestamp 1756723791992
[2025-09-01 10:49:53,442] {subprocess.py:92} INFO - 25/09/01 10:49:53 INFO SparkContext: Added file file:///home/***/.ivy2/jars/org.apache.spark_spark-sql-kafka-0-10_2.12-3.3.1.jar at file:///home/***/.ivy2/jars/org.apache.spark_spark-sql-kafka-0-10_2.12-3.3.1.jar with timestamp 1756723791992
[2025-09-01 10:49:53,445] {subprocess.py:92} INFO - 25/09/01 10:49:53 INFO Utils: Copying /home/***/.ivy2/jars/org.apache.spark_spark-sql-kafka-0-10_2.12-3.3.1.jar to /tmp/spark-62cf784c-4d4e-48cd-9d17-d972a4ab68ba/userFiles-b78a7d5d-1e65-42a0-a20f-a088639af1ca/org.apache.spark_spark-sql-kafka-0-10_2.12-3.3.1.jar
[2025-09-01 10:49:53,463] {subprocess.py:92} INFO - 25/09/01 10:49:53 INFO SparkContext: Added file file:///home/***/.ivy2/jars/org.apache.spark_spark-token-provider-kafka-0-10_2.12-3.3.1.jar at file:///home/***/.ivy2/jars/org.apache.spark_spark-token-provider-kafka-0-10_2.12-3.3.1.jar with timestamp 1756723791992
[2025-09-01 10:49:53,463] {subprocess.py:92} INFO - 25/09/01 10:49:53 INFO Utils: Copying /home/***/.ivy2/jars/org.apache.spark_spark-token-provider-kafka-0-10_2.12-3.3.1.jar to /tmp/spark-62cf784c-4d4e-48cd-9d17-d972a4ab68ba/userFiles-b78a7d5d-1e65-42a0-a20f-a088639af1ca/org.apache.spark_spark-token-provider-kafka-0-10_2.12-3.3.1.jar
[2025-09-01 10:49:53,478] {subprocess.py:92} INFO - 25/09/01 10:49:53 INFO SparkContext: Added file file:///home/***/.ivy2/jars/org.apache.kafka_kafka-clients-2.8.1.jar at file:///home/***/.ivy2/jars/org.apache.kafka_kafka-clients-2.8.1.jar with timestamp 1756723791992
[2025-09-01 10:49:53,479] {subprocess.py:92} INFO - 25/09/01 10:49:53 INFO Utils: Copying /home/***/.ivy2/jars/org.apache.kafka_kafka-clients-2.8.1.jar to /tmp/spark-62cf784c-4d4e-48cd-9d17-d972a4ab68ba/userFiles-b78a7d5d-1e65-42a0-a20f-a088639af1ca/org.apache.kafka_kafka-clients-2.8.1.jar
[2025-09-01 10:49:53,483] {subprocess.py:92} INFO - 25/09/01 10:49:53 INFO SparkContext: Added file file:///home/***/.ivy2/jars/com.google.code.findbugs_jsr305-3.0.0.jar at file:///home/***/.ivy2/jars/com.google.code.findbugs_jsr305-3.0.0.jar with timestamp 1756723791992
[2025-09-01 10:49:53,484] {subprocess.py:92} INFO - 25/09/01 10:49:53 INFO Utils: Copying /home/***/.ivy2/jars/com.google.code.findbugs_jsr305-3.0.0.jar to /tmp/spark-62cf784c-4d4e-48cd-9d17-d972a4ab68ba/userFiles-b78a7d5d-1e65-42a0-a20f-a088639af1ca/com.google.code.findbugs_jsr305-3.0.0.jar
[2025-09-01 10:49:53,491] {subprocess.py:92} INFO - 25/09/01 10:49:53 INFO SparkContext: Added file file:///home/***/.ivy2/jars/org.apache.commons_commons-pool2-2.11.1.jar at file:///home/***/.ivy2/jars/org.apache.commons_commons-pool2-2.11.1.jar with timestamp 1756723791992
[2025-09-01 10:49:53,492] {subprocess.py:92} INFO - 25/09/01 10:49:53 INFO Utils: Copying /home/***/.ivy2/jars/org.apache.commons_commons-pool2-2.11.1.jar to /tmp/spark-62cf784c-4d4e-48cd-9d17-d972a4ab68ba/userFiles-b78a7d5d-1e65-42a0-a20f-a088639af1ca/org.apache.commons_commons-pool2-2.11.1.jar
[2025-09-01 10:49:53,497] {subprocess.py:92} INFO - 25/09/01 10:49:53 INFO SparkContext: Added file file:///home/***/.ivy2/jars/org.spark-project.spark_unused-1.0.0.jar at file:///home/***/.ivy2/jars/org.spark-project.spark_unused-1.0.0.jar with timestamp 1756723791992
[2025-09-01 10:49:53,497] {subprocess.py:92} INFO - 25/09/01 10:49:53 INFO Utils: Copying /home/***/.ivy2/jars/org.spark-project.spark_unused-1.0.0.jar to /tmp/spark-62cf784c-4d4e-48cd-9d17-d972a4ab68ba/userFiles-b78a7d5d-1e65-42a0-a20f-a088639af1ca/org.spark-project.spark_unused-1.0.0.jar
[2025-09-01 10:49:53,505] {subprocess.py:92} INFO - 25/09/01 10:49:53 INFO SparkContext: Added file file:///home/***/.ivy2/jars/org.apache.hadoop_hadoop-client-runtime-3.3.2.jar at file:///home/***/.ivy2/jars/org.apache.hadoop_hadoop-client-runtime-3.3.2.jar with timestamp 1756723791992
[2025-09-01 10:49:53,505] {subprocess.py:92} INFO - 25/09/01 10:49:53 INFO Utils: Copying /home/***/.ivy2/jars/org.apache.hadoop_hadoop-client-runtime-3.3.2.jar to /tmp/spark-62cf784c-4d4e-48cd-9d17-d972a4ab68ba/userFiles-b78a7d5d-1e65-42a0-a20f-a088639af1ca/org.apache.hadoop_hadoop-client-runtime-3.3.2.jar
[2025-09-01 10:49:53,543] {subprocess.py:92} INFO - 25/09/01 10:49:53 INFO SparkContext: Added file file:///home/***/.ivy2/jars/org.lz4_lz4-java-1.8.0.jar at file:///home/***/.ivy2/jars/org.lz4_lz4-java-1.8.0.jar with timestamp 1756723791992
[2025-09-01 10:49:53,543] {subprocess.py:92} INFO - 25/09/01 10:49:53 INFO Utils: Copying /home/***/.ivy2/jars/org.lz4_lz4-java-1.8.0.jar to /tmp/spark-62cf784c-4d4e-48cd-9d17-d972a4ab68ba/userFiles-b78a7d5d-1e65-42a0-a20f-a088639af1ca/org.lz4_lz4-java-1.8.0.jar
[2025-09-01 10:49:53,552] {subprocess.py:92} INFO - 25/09/01 10:49:53 INFO SparkContext: Added file file:///home/***/.ivy2/jars/org.xerial.snappy_snappy-java-1.1.8.4.jar at file:///home/***/.ivy2/jars/org.xerial.snappy_snappy-java-1.1.8.4.jar with timestamp 1756723791992
[2025-09-01 10:49:53,553] {subprocess.py:92} INFO - 25/09/01 10:49:53 INFO Utils: Copying /home/***/.ivy2/jars/org.xerial.snappy_snappy-java-1.1.8.4.jar to /tmp/spark-62cf784c-4d4e-48cd-9d17-d972a4ab68ba/userFiles-b78a7d5d-1e65-42a0-a20f-a088639af1ca/org.xerial.snappy_snappy-java-1.1.8.4.jar
[2025-09-01 10:49:53,567] {subprocess.py:92} INFO - 25/09/01 10:49:53 INFO SparkContext: Added file file:///home/***/.ivy2/jars/org.slf4j_slf4j-api-1.7.32.jar at file:///home/***/.ivy2/jars/org.slf4j_slf4j-api-1.7.32.jar with timestamp 1756723791992
[2025-09-01 10:49:53,567] {subprocess.py:92} INFO - 25/09/01 10:49:53 INFO Utils: Copying /home/***/.ivy2/jars/org.slf4j_slf4j-api-1.7.32.jar to /tmp/spark-62cf784c-4d4e-48cd-9d17-d972a4ab68ba/userFiles-b78a7d5d-1e65-42a0-a20f-a088639af1ca/org.slf4j_slf4j-api-1.7.32.jar
[2025-09-01 10:49:53,575] {subprocess.py:92} INFO - 25/09/01 10:49:53 INFO SparkContext: Added file file:///home/***/.ivy2/jars/org.apache.hadoop_hadoop-client-api-3.3.2.jar at file:///home/***/.ivy2/jars/org.apache.hadoop_hadoop-client-api-3.3.2.jar with timestamp 1756723791992
[2025-09-01 10:49:53,575] {subprocess.py:92} INFO - 25/09/01 10:49:53 INFO Utils: Copying /home/***/.ivy2/jars/org.apache.hadoop_hadoop-client-api-3.3.2.jar to /tmp/spark-62cf784c-4d4e-48cd-9d17-d972a4ab68ba/userFiles-b78a7d5d-1e65-42a0-a20f-a088639af1ca/org.apache.hadoop_hadoop-client-api-3.3.2.jar
[2025-09-01 10:49:53,617] {subprocess.py:92} INFO - 25/09/01 10:49:53 INFO SparkContext: Added file file:///home/***/.ivy2/jars/commons-logging_commons-logging-1.1.3.jar at file:///home/***/.ivy2/jars/commons-logging_commons-logging-1.1.3.jar with timestamp 1756723791992
[2025-09-01 10:49:53,617] {subprocess.py:92} INFO - 25/09/01 10:49:53 INFO Utils: Copying /home/***/.ivy2/jars/commons-logging_commons-logging-1.1.3.jar to /tmp/spark-62cf784c-4d4e-48cd-9d17-d972a4ab68ba/userFiles-b78a7d5d-1e65-42a0-a20f-a088639af1ca/commons-logging_commons-logging-1.1.3.jar
[2025-09-01 10:49:53,743] {subprocess.py:92} INFO - 25/09/01 10:49:53 INFO Executor: Starting executor ID driver on host e66737cfc193
[2025-09-01 10:49:53,762] {subprocess.py:92} INFO - 25/09/01 10:49:53 INFO Executor: Starting executor with user classpath (userClassPathFirst = false): ''
[2025-09-01 10:49:53,792] {subprocess.py:92} INFO - 25/09/01 10:49:53 INFO Executor: Fetching file:///home/***/.ivy2/jars/commons-logging_commons-logging-1.1.3.jar with timestamp 1756723791992
[2025-09-01 10:49:53,832] {subprocess.py:92} INFO - 25/09/01 10:49:53 INFO Utils: /home/***/.ivy2/jars/commons-logging_commons-logging-1.1.3.jar has been previously copied to /tmp/spark-62cf784c-4d4e-48cd-9d17-d972a4ab68ba/userFiles-b78a7d5d-1e65-42a0-a20f-a088639af1ca/commons-logging_commons-logging-1.1.3.jar
[2025-09-01 10:49:53,839] {subprocess.py:92} INFO - 25/09/01 10:49:53 INFO Executor: Fetching file:///home/***/.ivy2/jars/org.spark-project.spark_unused-1.0.0.jar with timestamp 1756723791992
[2025-09-01 10:49:53,840] {subprocess.py:92} INFO - 25/09/01 10:49:53 INFO Utils: /home/***/.ivy2/jars/org.spark-project.spark_unused-1.0.0.jar has been previously copied to /tmp/spark-62cf784c-4d4e-48cd-9d17-d972a4ab68ba/userFiles-b78a7d5d-1e65-42a0-a20f-a088639af1ca/org.spark-project.spark_unused-1.0.0.jar
[2025-09-01 10:49:53,845] {subprocess.py:92} INFO - 25/09/01 10:49:53 INFO Executor: Fetching file:///home/***/.ivy2/jars/org.apache.spark_spark-sql-kafka-0-10_2.12-3.3.1.jar with timestamp 1756723791992
[2025-09-01 10:49:53,857] {subprocess.py:92} INFO - 25/09/01 10:49:53 INFO Utils: /home/***/.ivy2/jars/org.apache.spark_spark-sql-kafka-0-10_2.12-3.3.1.jar has been previously copied to /tmp/spark-62cf784c-4d4e-48cd-9d17-d972a4ab68ba/userFiles-b78a7d5d-1e65-42a0-a20f-a088639af1ca/org.apache.spark_spark-sql-kafka-0-10_2.12-3.3.1.jar
[2025-09-01 10:49:53,864] {subprocess.py:92} INFO - 25/09/01 10:49:53 INFO Executor: Fetching file:///home/***/.ivy2/jars/org.apache.hadoop_hadoop-client-api-3.3.2.jar with timestamp 1756723791992
[2025-09-01 10:49:53,885] {subprocess.py:92} INFO - 25/09/01 10:49:53 INFO Utils: /home/***/.ivy2/jars/org.apache.hadoop_hadoop-client-api-3.3.2.jar has been previously copied to /tmp/spark-62cf784c-4d4e-48cd-9d17-d972a4ab68ba/userFiles-b78a7d5d-1e65-42a0-a20f-a088639af1ca/org.apache.hadoop_hadoop-client-api-3.3.2.jar
[2025-09-01 10:49:53,889] {subprocess.py:92} INFO - 25/09/01 10:49:53 INFO Executor: Fetching file:///home/***/.ivy2/jars/org.apache.hadoop_hadoop-client-runtime-3.3.2.jar with timestamp 1756723791992
[2025-09-01 10:49:53,943] {subprocess.py:92} INFO - 25/09/01 10:49:53 INFO Utils: /home/***/.ivy2/jars/org.apache.hadoop_hadoop-client-runtime-3.3.2.jar has been previously copied to /tmp/spark-62cf784c-4d4e-48cd-9d17-d972a4ab68ba/userFiles-b78a7d5d-1e65-42a0-a20f-a088639af1ca/org.apache.hadoop_hadoop-client-runtime-3.3.2.jar
[2025-09-01 10:49:53,953] {subprocess.py:92} INFO - 25/09/01 10:49:53 INFO Executor: Fetching file:///home/***/.ivy2/jars/org.slf4j_slf4j-api-1.7.32.jar with timestamp 1756723791992
[2025-09-01 10:49:53,954] {subprocess.py:92} INFO - 25/09/01 10:49:53 INFO Utils: /home/***/.ivy2/jars/org.slf4j_slf4j-api-1.7.32.jar has been previously copied to /tmp/spark-62cf784c-4d4e-48cd-9d17-d972a4ab68ba/userFiles-b78a7d5d-1e65-42a0-a20f-a088639af1ca/org.slf4j_slf4j-api-1.7.32.jar
[2025-09-01 10:49:53,961] {subprocess.py:92} INFO - 25/09/01 10:49:53 INFO Executor: Fetching file:///home/***/.ivy2/jars/org.lz4_lz4-java-1.8.0.jar with timestamp 1756723791992
[2025-09-01 10:49:53,962] {subprocess.py:92} INFO - 25/09/01 10:49:53 INFO Utils: /home/***/.ivy2/jars/org.lz4_lz4-java-1.8.0.jar has been previously copied to /tmp/spark-62cf784c-4d4e-48cd-9d17-d972a4ab68ba/userFiles-b78a7d5d-1e65-42a0-a20f-a088639af1ca/org.lz4_lz4-java-1.8.0.jar
[2025-09-01 10:49:53,970] {subprocess.py:92} INFO - 25/09/01 10:49:53 INFO Executor: Fetching file:///home/***/.ivy2/jars/org.apache.commons_commons-pool2-2.11.1.jar with timestamp 1756723791992
[2025-09-01 10:49:53,972] {subprocess.py:92} INFO - 25/09/01 10:49:53 INFO Utils: /home/***/.ivy2/jars/org.apache.commons_commons-pool2-2.11.1.jar has been previously copied to /tmp/spark-62cf784c-4d4e-48cd-9d17-d972a4ab68ba/userFiles-b78a7d5d-1e65-42a0-a20f-a088639af1ca/org.apache.commons_commons-pool2-2.11.1.jar
[2025-09-01 10:49:53,981] {subprocess.py:92} INFO - 25/09/01 10:49:53 INFO Executor: Fetching file:///home/***/.ivy2/jars/com.google.code.findbugs_jsr305-3.0.0.jar with timestamp 1756723791992
[2025-09-01 10:49:53,982] {subprocess.py:92} INFO - 25/09/01 10:49:53 INFO Utils: /home/***/.ivy2/jars/com.google.code.findbugs_jsr305-3.0.0.jar has been previously copied to /tmp/spark-62cf784c-4d4e-48cd-9d17-d972a4ab68ba/userFiles-b78a7d5d-1e65-42a0-a20f-a088639af1ca/com.google.code.findbugs_jsr305-3.0.0.jar
[2025-09-01 10:49:53,988] {subprocess.py:92} INFO - 25/09/01 10:49:53 INFO Executor: Fetching file:///home/***/.ivy2/jars/org.apache.spark_spark-token-provider-kafka-0-10_2.12-3.3.1.jar with timestamp 1756723791992
[2025-09-01 10:49:53,989] {subprocess.py:92} INFO - 25/09/01 10:49:53 INFO Utils: /home/***/.ivy2/jars/org.apache.spark_spark-token-provider-kafka-0-10_2.12-3.3.1.jar has been previously copied to /tmp/spark-62cf784c-4d4e-48cd-9d17-d972a4ab68ba/userFiles-b78a7d5d-1e65-42a0-a20f-a088639af1ca/org.apache.spark_spark-token-provider-kafka-0-10_2.12-3.3.1.jar
[2025-09-01 10:49:53,994] {subprocess.py:92} INFO - 25/09/01 10:49:53 INFO Executor: Fetching file:///home/***/.ivy2/jars/org.apache.kafka_kafka-clients-2.8.1.jar with timestamp 1756723791992
[2025-09-01 10:49:53,999] {subprocess.py:92} INFO - 25/09/01 10:49:53 INFO Utils: /home/***/.ivy2/jars/org.apache.kafka_kafka-clients-2.8.1.jar has been previously copied to /tmp/spark-62cf784c-4d4e-48cd-9d17-d972a4ab68ba/userFiles-b78a7d5d-1e65-42a0-a20f-a088639af1ca/org.apache.kafka_kafka-clients-2.8.1.jar
[2025-09-01 10:49:54,005] {subprocess.py:92} INFO - 25/09/01 10:49:54 INFO Executor: Fetching file:///home/***/.ivy2/jars/org.xerial.snappy_snappy-java-1.1.8.4.jar with timestamp 1756723791992
[2025-09-01 10:49:54,007] {subprocess.py:92} INFO - 25/09/01 10:49:54 INFO Utils: /home/***/.ivy2/jars/org.xerial.snappy_snappy-java-1.1.8.4.jar has been previously copied to /tmp/spark-62cf784c-4d4e-48cd-9d17-d972a4ab68ba/userFiles-b78a7d5d-1e65-42a0-a20f-a088639af1ca/org.xerial.snappy_snappy-java-1.1.8.4.jar
[2025-09-01 10:49:54,018] {subprocess.py:92} INFO - 25/09/01 10:49:54 INFO Executor: Fetching spark://e66737cfc193:38887/jars/com.google.code.findbugs_jsr305-3.0.0.jar with timestamp 1756723791992
[2025-09-01 10:49:54,095] {subprocess.py:92} INFO - 25/09/01 10:49:54 INFO TransportClientFactory: Successfully created connection to e66737cfc193/172.20.0.18:38887 after 54 ms (0 ms spent in bootstraps)
[2025-09-01 10:49:54,110] {subprocess.py:92} INFO - 25/09/01 10:49:54 INFO Utils: Fetching spark://e66737cfc193:38887/jars/com.google.code.findbugs_jsr305-3.0.0.jar to /tmp/spark-62cf784c-4d4e-48cd-9d17-d972a4ab68ba/userFiles-b78a7d5d-1e65-42a0-a20f-a088639af1ca/fetchFileTemp15984469675635259808.tmp
[2025-09-01 10:49:54,171] {subprocess.py:92} INFO - 25/09/01 10:49:54 INFO Utils: /tmp/spark-62cf784c-4d4e-48cd-9d17-d972a4ab68ba/userFiles-b78a7d5d-1e65-42a0-a20f-a088639af1ca/fetchFileTemp15984469675635259808.tmp has been previously copied to /tmp/spark-62cf784c-4d4e-48cd-9d17-d972a4ab68ba/userFiles-b78a7d5d-1e65-42a0-a20f-a088639af1ca/com.google.code.findbugs_jsr305-3.0.0.jar
[2025-09-01 10:49:54,177] {subprocess.py:92} INFO - 25/09/01 10:49:54 INFO Executor: Adding file:/tmp/spark-62cf784c-4d4e-48cd-9d17-d972a4ab68ba/userFiles-b78a7d5d-1e65-42a0-a20f-a088639af1ca/com.google.code.findbugs_jsr305-3.0.0.jar to class loader
[2025-09-01 10:49:54,178] {subprocess.py:92} INFO - 25/09/01 10:49:54 INFO Executor: Fetching spark://e66737cfc193:38887/jars/org.slf4j_slf4j-api-1.7.32.jar with timestamp 1756723791992
[2025-09-01 10:49:54,179] {subprocess.py:92} INFO - 25/09/01 10:49:54 INFO Utils: Fetching spark://e66737cfc193:38887/jars/org.slf4j_slf4j-api-1.7.32.jar to /tmp/spark-62cf784c-4d4e-48cd-9d17-d972a4ab68ba/userFiles-b78a7d5d-1e65-42a0-a20f-a088639af1ca/fetchFileTemp13819556469169457861.tmp
[2025-09-01 10:49:54,182] {subprocess.py:92} INFO - 25/09/01 10:49:54 INFO Utils: /tmp/spark-62cf784c-4d4e-48cd-9d17-d972a4ab68ba/userFiles-b78a7d5d-1e65-42a0-a20f-a088639af1ca/fetchFileTemp13819556469169457861.tmp has been previously copied to /tmp/spark-62cf784c-4d4e-48cd-9d17-d972a4ab68ba/userFiles-b78a7d5d-1e65-42a0-a20f-a088639af1ca/org.slf4j_slf4j-api-1.7.32.jar
[2025-09-01 10:49:54,189] {subprocess.py:92} INFO - 25/09/01 10:49:54 INFO Executor: Adding file:/tmp/spark-62cf784c-4d4e-48cd-9d17-d972a4ab68ba/userFiles-b78a7d5d-1e65-42a0-a20f-a088639af1ca/org.slf4j_slf4j-api-1.7.32.jar to class loader
[2025-09-01 10:49:54,189] {subprocess.py:92} INFO - 25/09/01 10:49:54 INFO Executor: Fetching spark://e66737cfc193:38887/jars/org.apache.commons_commons-pool2-2.11.1.jar with timestamp 1756723791992
[2025-09-01 10:49:54,190] {subprocess.py:92} INFO - 25/09/01 10:49:54 INFO Utils: Fetching spark://e66737cfc193:38887/jars/org.apache.commons_commons-pool2-2.11.1.jar to /tmp/spark-62cf784c-4d4e-48cd-9d17-d972a4ab68ba/userFiles-b78a7d5d-1e65-42a0-a20f-a088639af1ca/fetchFileTemp13466230156243305669.tmp
[2025-09-01 10:49:54,194] {subprocess.py:92} INFO - 25/09/01 10:49:54 INFO Utils: /tmp/spark-62cf784c-4d4e-48cd-9d17-d972a4ab68ba/userFiles-b78a7d5d-1e65-42a0-a20f-a088639af1ca/fetchFileTemp13466230156243305669.tmp has been previously copied to /tmp/spark-62cf784c-4d4e-48cd-9d17-d972a4ab68ba/userFiles-b78a7d5d-1e65-42a0-a20f-a088639af1ca/org.apache.commons_commons-pool2-2.11.1.jar
[2025-09-01 10:49:54,201] {subprocess.py:92} INFO - 25/09/01 10:49:54 INFO Executor: Adding file:/tmp/spark-62cf784c-4d4e-48cd-9d17-d972a4ab68ba/userFiles-b78a7d5d-1e65-42a0-a20f-a088639af1ca/org.apache.commons_commons-pool2-2.11.1.jar to class loader
[2025-09-01 10:49:54,202] {subprocess.py:92} INFO - 25/09/01 10:49:54 INFO Executor: Fetching spark://e66737cfc193:38887/jars/org.apache.kafka_kafka-clients-2.8.1.jar with timestamp 1756723791992
[2025-09-01 10:49:54,203] {subprocess.py:92} INFO - 25/09/01 10:49:54 INFO Utils: Fetching spark://e66737cfc193:38887/jars/org.apache.kafka_kafka-clients-2.8.1.jar to /tmp/spark-62cf784c-4d4e-48cd-9d17-d972a4ab68ba/userFiles-b78a7d5d-1e65-42a0-a20f-a088639af1ca/fetchFileTemp11425001527608334.tmp
[2025-09-01 10:49:54,248] {subprocess.py:92} INFO - 25/09/01 10:49:54 INFO Utils: /tmp/spark-62cf784c-4d4e-48cd-9d17-d972a4ab68ba/userFiles-b78a7d5d-1e65-42a0-a20f-a088639af1ca/fetchFileTemp11425001527608334.tmp has been previously copied to /tmp/spark-62cf784c-4d4e-48cd-9d17-d972a4ab68ba/userFiles-b78a7d5d-1e65-42a0-a20f-a088639af1ca/org.apache.kafka_kafka-clients-2.8.1.jar
[2025-09-01 10:49:54,256] {subprocess.py:92} INFO - 25/09/01 10:49:54 INFO Executor: Adding file:/tmp/spark-62cf784c-4d4e-48cd-9d17-d972a4ab68ba/userFiles-b78a7d5d-1e65-42a0-a20f-a088639af1ca/org.apache.kafka_kafka-clients-2.8.1.jar to class loader
[2025-09-01 10:49:54,257] {subprocess.py:92} INFO - 25/09/01 10:49:54 INFO Executor: Fetching spark://e66737cfc193:38887/jars/org.xerial.snappy_snappy-java-1.1.8.4.jar with timestamp 1756723791992
[2025-09-01 10:49:54,257] {subprocess.py:92} INFO - 25/09/01 10:49:54 INFO Utils: Fetching spark://e66737cfc193:38887/jars/org.xerial.snappy_snappy-java-1.1.8.4.jar to /tmp/spark-62cf784c-4d4e-48cd-9d17-d972a4ab68ba/userFiles-b78a7d5d-1e65-42a0-a20f-a088639af1ca/fetchFileTemp10960123190260029353.tmp
[2025-09-01 10:49:54,274] {subprocess.py:92} INFO - 25/09/01 10:49:54 INFO Utils: /tmp/spark-62cf784c-4d4e-48cd-9d17-d972a4ab68ba/userFiles-b78a7d5d-1e65-42a0-a20f-a088639af1ca/fetchFileTemp10960123190260029353.tmp has been previously copied to /tmp/spark-62cf784c-4d4e-48cd-9d17-d972a4ab68ba/userFiles-b78a7d5d-1e65-42a0-a20f-a088639af1ca/org.xerial.snappy_snappy-java-1.1.8.4.jar
[2025-09-01 10:49:54,280] {subprocess.py:92} INFO - 25/09/01 10:49:54 INFO Executor: Adding file:/tmp/spark-62cf784c-4d4e-48cd-9d17-d972a4ab68ba/userFiles-b78a7d5d-1e65-42a0-a20f-a088639af1ca/org.xerial.snappy_snappy-java-1.1.8.4.jar to class loader
[2025-09-01 10:49:54,280] {subprocess.py:92} INFO - 25/09/01 10:49:54 INFO Executor: Fetching spark://e66737cfc193:38887/jars/commons-logging_commons-logging-1.1.3.jar with timestamp 1756723791992
[2025-09-01 10:49:54,282] {subprocess.py:92} INFO - 25/09/01 10:49:54 INFO Utils: Fetching spark://e66737cfc193:38887/jars/commons-logging_commons-logging-1.1.3.jar to /tmp/spark-62cf784c-4d4e-48cd-9d17-d972a4ab68ba/userFiles-b78a7d5d-1e65-42a0-a20f-a088639af1ca/fetchFileTemp6793298047926566359.tmp
[2025-09-01 10:49:54,285] {subprocess.py:92} INFO - 25/09/01 10:49:54 INFO Utils: /tmp/spark-62cf784c-4d4e-48cd-9d17-d972a4ab68ba/userFiles-b78a7d5d-1e65-42a0-a20f-a088639af1ca/fetchFileTemp6793298047926566359.tmp has been previously copied to /tmp/spark-62cf784c-4d4e-48cd-9d17-d972a4ab68ba/userFiles-b78a7d5d-1e65-42a0-a20f-a088639af1ca/commons-logging_commons-logging-1.1.3.jar
[2025-09-01 10:49:54,292] {subprocess.py:92} INFO - 25/09/01 10:49:54 INFO Executor: Adding file:/tmp/spark-62cf784c-4d4e-48cd-9d17-d972a4ab68ba/userFiles-b78a7d5d-1e65-42a0-a20f-a088639af1ca/commons-logging_commons-logging-1.1.3.jar to class loader
[2025-09-01 10:49:54,292] {subprocess.py:92} INFO - 25/09/01 10:49:54 INFO Executor: Fetching spark://e66737cfc193:38887/jars/org.lz4_lz4-java-1.8.0.jar with timestamp 1756723791992
[2025-09-01 10:49:54,294] {subprocess.py:92} INFO - 25/09/01 10:49:54 INFO Utils: Fetching spark://e66737cfc193:38887/jars/org.lz4_lz4-java-1.8.0.jar to /tmp/spark-62cf784c-4d4e-48cd-9d17-d972a4ab68ba/userFiles-b78a7d5d-1e65-42a0-a20f-a088639af1ca/fetchFileTemp20407759225197142.tmp
[2025-09-01 10:49:54,301] {subprocess.py:92} INFO - 25/09/01 10:49:54 INFO Utils: /tmp/spark-62cf784c-4d4e-48cd-9d17-d972a4ab68ba/userFiles-b78a7d5d-1e65-42a0-a20f-a088639af1ca/fetchFileTemp20407759225197142.tmp has been previously copied to /tmp/spark-62cf784c-4d4e-48cd-9d17-d972a4ab68ba/userFiles-b78a7d5d-1e65-42a0-a20f-a088639af1ca/org.lz4_lz4-java-1.8.0.jar
[2025-09-01 10:49:54,310] {subprocess.py:92} INFO - 25/09/01 10:49:54 INFO Executor: Adding file:/tmp/spark-62cf784c-4d4e-48cd-9d17-d972a4ab68ba/userFiles-b78a7d5d-1e65-42a0-a20f-a088639af1ca/org.lz4_lz4-java-1.8.0.jar to class loader
[2025-09-01 10:49:54,310] {subprocess.py:92} INFO - 25/09/01 10:49:54 INFO Executor: Fetching spark://e66737cfc193:38887/jars/org.spark-project.spark_unused-1.0.0.jar with timestamp 1756723791992
[2025-09-01 10:49:54,311] {subprocess.py:92} INFO - 25/09/01 10:49:54 INFO Utils: Fetching spark://e66737cfc193:38887/jars/org.spark-project.spark_unused-1.0.0.jar to /tmp/spark-62cf784c-4d4e-48cd-9d17-d972a4ab68ba/userFiles-b78a7d5d-1e65-42a0-a20f-a088639af1ca/fetchFileTemp18164484959022628159.tmp
[2025-09-01 10:49:54,314] {subprocess.py:92} INFO - 25/09/01 10:49:54 INFO Utils: /tmp/spark-62cf784c-4d4e-48cd-9d17-d972a4ab68ba/userFiles-b78a7d5d-1e65-42a0-a20f-a088639af1ca/fetchFileTemp18164484959022628159.tmp has been previously copied to /tmp/spark-62cf784c-4d4e-48cd-9d17-d972a4ab68ba/userFiles-b78a7d5d-1e65-42a0-a20f-a088639af1ca/org.spark-project.spark_unused-1.0.0.jar
[2025-09-01 10:49:54,321] {subprocess.py:92} INFO - 25/09/01 10:49:54 INFO Executor: Adding file:/tmp/spark-62cf784c-4d4e-48cd-9d17-d972a4ab68ba/userFiles-b78a7d5d-1e65-42a0-a20f-a088639af1ca/org.spark-project.spark_unused-1.0.0.jar to class loader
[2025-09-01 10:49:54,321] {subprocess.py:92} INFO - 25/09/01 10:49:54 INFO Executor: Fetching spark://e66737cfc193:38887/jars/org.apache.spark_spark-token-provider-kafka-0-10_2.12-3.3.1.jar with timestamp 1756723791992
[2025-09-01 10:49:54,323] {subprocess.py:92} INFO - 25/09/01 10:49:54 INFO Utils: Fetching spark://e66737cfc193:38887/jars/org.apache.spark_spark-token-provider-kafka-0-10_2.12-3.3.1.jar to /tmp/spark-62cf784c-4d4e-48cd-9d17-d972a4ab68ba/userFiles-b78a7d5d-1e65-42a0-a20f-a088639af1ca/fetchFileTemp1463547182205575757.tmp
[2025-09-01 10:49:54,326] {subprocess.py:92} INFO - 25/09/01 10:49:54 INFO Utils: /tmp/spark-62cf784c-4d4e-48cd-9d17-d972a4ab68ba/userFiles-b78a7d5d-1e65-42a0-a20f-a088639af1ca/fetchFileTemp1463547182205575757.tmp has been previously copied to /tmp/spark-62cf784c-4d4e-48cd-9d17-d972a4ab68ba/userFiles-b78a7d5d-1e65-42a0-a20f-a088639af1ca/org.apache.spark_spark-token-provider-kafka-0-10_2.12-3.3.1.jar
[2025-09-01 10:49:54,332] {subprocess.py:92} INFO - 25/09/01 10:49:54 INFO Executor: Adding file:/tmp/spark-62cf784c-4d4e-48cd-9d17-d972a4ab68ba/userFiles-b78a7d5d-1e65-42a0-a20f-a088639af1ca/org.apache.spark_spark-token-provider-kafka-0-10_2.12-3.3.1.jar to class loader
[2025-09-01 10:49:54,332] {subprocess.py:92} INFO - 25/09/01 10:49:54 INFO Executor: Fetching spark://e66737cfc193:38887/jars/org.apache.spark_spark-sql-kafka-0-10_2.12-3.3.1.jar with timestamp 1756723791992
[2025-09-01 10:49:54,333] {subprocess.py:92} INFO - 25/09/01 10:49:54 INFO Utils: Fetching spark://e66737cfc193:38887/jars/org.apache.spark_spark-sql-kafka-0-10_2.12-3.3.1.jar to /tmp/spark-62cf784c-4d4e-48cd-9d17-d972a4ab68ba/userFiles-b78a7d5d-1e65-42a0-a20f-a088639af1ca/fetchFileTemp3345668450363790313.tmp
[2025-09-01 10:49:54,339] {subprocess.py:92} INFO - 25/09/01 10:49:54 INFO Utils: /tmp/spark-62cf784c-4d4e-48cd-9d17-d972a4ab68ba/userFiles-b78a7d5d-1e65-42a0-a20f-a088639af1ca/fetchFileTemp3345668450363790313.tmp has been previously copied to /tmp/spark-62cf784c-4d4e-48cd-9d17-d972a4ab68ba/userFiles-b78a7d5d-1e65-42a0-a20f-a088639af1ca/org.apache.spark_spark-sql-kafka-0-10_2.12-3.3.1.jar
[2025-09-01 10:49:54,345] {subprocess.py:92} INFO - 25/09/01 10:49:54 INFO Executor: Adding file:/tmp/spark-62cf784c-4d4e-48cd-9d17-d972a4ab68ba/userFiles-b78a7d5d-1e65-42a0-a20f-a088639af1ca/org.apache.spark_spark-sql-kafka-0-10_2.12-3.3.1.jar to class loader
[2025-09-01 10:49:54,346] {subprocess.py:92} INFO - 25/09/01 10:49:54 INFO Executor: Fetching spark://e66737cfc193:38887/jars/org.apache.hadoop_hadoop-client-api-3.3.2.jar with timestamp 1756723791992
[2025-09-01 10:49:54,347] {subprocess.py:92} INFO - 25/09/01 10:49:54 INFO Utils: Fetching spark://e66737cfc193:38887/jars/org.apache.hadoop_hadoop-client-api-3.3.2.jar to /tmp/spark-62cf784c-4d4e-48cd-9d17-d972a4ab68ba/userFiles-b78a7d5d-1e65-42a0-a20f-a088639af1ca/fetchFileTemp13719584562175097980.tmp
[2025-09-01 10:49:54,447] {subprocess.py:92} INFO - 25/09/01 10:49:54 INFO Utils: /tmp/spark-62cf784c-4d4e-48cd-9d17-d972a4ab68ba/userFiles-b78a7d5d-1e65-42a0-a20f-a088639af1ca/fetchFileTemp13719584562175097980.tmp has been previously copied to /tmp/spark-62cf784c-4d4e-48cd-9d17-d972a4ab68ba/userFiles-b78a7d5d-1e65-42a0-a20f-a088639af1ca/org.apache.hadoop_hadoop-client-api-3.3.2.jar
[2025-09-01 10:49:54,457] {subprocess.py:92} INFO - 25/09/01 10:49:54 INFO Executor: Adding file:/tmp/spark-62cf784c-4d4e-48cd-9d17-d972a4ab68ba/userFiles-b78a7d5d-1e65-42a0-a20f-a088639af1ca/org.apache.hadoop_hadoop-client-api-3.3.2.jar to class loader
[2025-09-01 10:49:54,458] {subprocess.py:92} INFO - 25/09/01 10:49:54 INFO Executor: Fetching spark://e66737cfc193:38887/jars/org.apache.hadoop_hadoop-client-runtime-3.3.2.jar with timestamp 1756723791992
[2025-09-01 10:49:54,458] {subprocess.py:92} INFO - 25/09/01 10:49:54 INFO Utils: Fetching spark://e66737cfc193:38887/jars/org.apache.hadoop_hadoop-client-runtime-3.3.2.jar to /tmp/spark-62cf784c-4d4e-48cd-9d17-d972a4ab68ba/userFiles-b78a7d5d-1e65-42a0-a20f-a088639af1ca/fetchFileTemp16940125548590461497.tmp
[2025-09-01 10:49:54,614] {subprocess.py:92} INFO - 25/09/01 10:49:54 INFO Utils: /tmp/spark-62cf784c-4d4e-48cd-9d17-d972a4ab68ba/userFiles-b78a7d5d-1e65-42a0-a20f-a088639af1ca/fetchFileTemp16940125548590461497.tmp has been previously copied to /tmp/spark-62cf784c-4d4e-48cd-9d17-d972a4ab68ba/userFiles-b78a7d5d-1e65-42a0-a20f-a088639af1ca/org.apache.hadoop_hadoop-client-runtime-3.3.2.jar
[2025-09-01 10:49:54,623] {subprocess.py:92} INFO - 25/09/01 10:49:54 INFO Executor: Adding file:/tmp/spark-62cf784c-4d4e-48cd-9d17-d972a4ab68ba/userFiles-b78a7d5d-1e65-42a0-a20f-a088639af1ca/org.apache.hadoop_hadoop-client-runtime-3.3.2.jar to class loader
[2025-09-01 10:49:54,634] {subprocess.py:92} INFO - 25/09/01 10:49:54 INFO Utils: Successfully started service 'org.apache.spark.network.netty.NettyBlockTransferService' on port 42649.
[2025-09-01 10:49:54,635] {subprocess.py:92} INFO - 25/09/01 10:49:54 INFO NettyBlockTransferService: Server created on e66737cfc193:42649
[2025-09-01 10:49:54,639] {subprocess.py:92} INFO - 25/09/01 10:49:54 INFO BlockManager: Using org.apache.spark.storage.RandomBlockReplicationPolicy for block replication policy
[2025-09-01 10:49:54,653] {subprocess.py:92} INFO - 25/09/01 10:49:54 INFO BlockManagerMaster: Registering BlockManager BlockManagerId(driver, e66737cfc193, 42649, None)
[2025-09-01 10:49:54,659] {subprocess.py:92} INFO - 25/09/01 10:49:54 INFO BlockManagerMasterEndpoint: Registering block manager e66737cfc193:42649 with 434.4 MiB RAM, BlockManagerId(driver, e66737cfc193, 42649, None)
[2025-09-01 10:49:54,663] {subprocess.py:92} INFO - 25/09/01 10:49:54 INFO BlockManagerMaster: Registered BlockManager BlockManagerId(driver, e66737cfc193, 42649, None)
[2025-09-01 10:49:54,666] {subprocess.py:92} INFO - 25/09/01 10:49:54 INFO BlockManager: Initialized BlockManager: BlockManagerId(driver, e66737cfc193, 42649, None)
[2025-09-01 10:49:55,481] {subprocess.py:92} INFO - Connexion à Kafka...
[2025-09-01 10:49:58,962] {subprocess.py:92} INFO - Connexion Kafka réussie (kafka:9092)
[2025-09-01 10:49:58,962] {subprocess.py:92} INFO - Transformation des données JSON...
[2025-09-01 10:49:59,353] {subprocess.py:92} INFO - Démarrage du streaming vers HDFS...
[2025-09-01 10:50:00,921] {subprocess.py:92} INFO - Streaming actif - Données météo sauvegardées dans HDFS:/data/weather
[2025-09-01 12:35:36,408] {local_task_job.py:221} WARNING - State of this instance has been externally set to failed. Terminating instance.
[2025-09-01 12:35:36,412] {process_utils.py:129} INFO - Sending Signals.SIGTERM to group 14551. PIDs of all processes in the group: [14566, 14712, 14551]
[2025-09-01 12:35:36,412] {process_utils.py:80} INFO - Sending the signal Signals.SIGTERM to group 14551
[2025-09-01 12:35:36,412] {taskinstance.py:1541} ERROR - Received SIGTERM. Terminating subprocesses.
[2025-09-01 12:35:36,412] {subprocess.py:103} INFO - Sending SIGTERM signal to process group
[2025-09-01 12:35:36,420] {process_utils.py:75} INFO - Process psutil.Process(pid=14712, status='terminated', started='10:49:50') (14712) terminated with exit code None
[2025-09-01 12:35:36,754] {process_utils.py:75} INFO - Process psutil.Process(pid=14551, status='terminated', exitcode=0, started='10:49:44') (14551) terminated with exit code 0
[2025-09-01 12:35:36,887] {process_utils.py:75} INFO - Process psutil.Process(pid=14566, status='terminated', started='10:49:45') (14566) terminated with exit code None
