[2025-09-01 12:36:14,646] {taskinstance.py:1159} INFO - Dependencies all met for <TaskInstance: send_weather_to_kafka.stream_hdfs scheduled__2025-09-01T12:05:37.472858+00:00 [queued]>
[2025-09-01 12:36:14,658] {taskinstance.py:1159} INFO - Dependencies all met for <TaskInstance: send_weather_to_kafka.stream_hdfs scheduled__2025-09-01T12:05:37.472858+00:00 [queued]>
[2025-09-01 12:36:14,658] {taskinstance.py:1356} INFO - 
--------------------------------------------------------------------------------
[2025-09-01 12:36:14,658] {taskinstance.py:1357} INFO - Starting attempt 1 of 2
[2025-09-01 12:36:14,658] {taskinstance.py:1358} INFO - 
--------------------------------------------------------------------------------
[2025-09-01 12:36:14,677] {taskinstance.py:1377} INFO - Executing <Task(BashOperator): stream_hdfs> on 2025-09-01 12:05:37.472858+00:00
[2025-09-01 12:36:14,682] {standard_task_runner.py:52} INFO - Started process 15837 to run task
[2025-09-01 12:36:14,685] {standard_task_runner.py:79} INFO - Running: ['***', 'tasks', 'run', 'send_weather_to_kafka', 'stream_hdfs', 'scheduled__2025-09-01T12:05:37.472858+00:00', '--job-id', '537', '--raw', '--subdir', 'DAGS_FOLDER/dag_meteo.py', '--cfg-path', '/tmp/tmpeduxzjyo', '--error-file', '/tmp/tmpzk2_cs_i']
[2025-09-01 12:36:14,686] {standard_task_runner.py:80} INFO - Job 537: Subtask stream_hdfs
[2025-09-01 12:36:14,703] {logging_mixin.py:115} WARNING - /home/***/.local/lib/python3.7/site-packages/***/configuration.py:470 DeprecationWarning: The sql_alchemy_conn option in [core] has been moved to the sql_alchemy_conn option in [database] - the old setting has been used, but please update your config.
[2025-09-01 12:36:14,747] {task_command.py:369} INFO - Running <TaskInstance: send_weather_to_kafka.stream_hdfs scheduled__2025-09-01T12:05:37.472858+00:00 [running]> on host e66737cfc193
[2025-09-01 12:36:14,835] {taskinstance.py:1571} INFO - Exporting the following env vars:
AIRFLOW_CTX_DAG_OWNER=***
AIRFLOW_CTX_DAG_ID=send_weather_to_kafka
AIRFLOW_CTX_TASK_ID=stream_hdfs
AIRFLOW_CTX_EXECUTION_DATE=2025-09-01T12:05:37.472858+00:00
AIRFLOW_CTX_TRY_NUMBER=1
AIRFLOW_CTX_DAG_RUN_ID=scheduled__2025-09-01T12:05:37.472858+00:00
[2025-09-01 12:36:14,836] {subprocess.py:62} INFO - Tmp dir root location: 
 /tmp
[2025-09-01 12:36:14,837] {subprocess.py:74} INFO - Running command: ['bash', '-c', '\n/home/***/.local/bin/spark-submit   --master local[*]   --conf spark.hadoop.fs.defaultFS=hdfs://namenode:9000   --conf spark.hadoop.dfs.client.use.datanode.hostname=true   --conf spark.sql.adaptive.enabled=false   --packages org.apache.spark:spark-sql-kafka-0-10_2.12:3.3.1   /opt/***/scripts/pyspark/streaming.py']
[2025-09-01 12:36:14,848] {subprocess.py:85} INFO - Output:
[2025-09-01 12:36:14,862] {subprocess.py:92} INFO - /opt/spark-3.3.1-bin-hadoop3/bin/load-spark-env.sh: line 68: ps: command not found
[2025-09-01 12:36:15,875] {subprocess.py:92} INFO - :: loading settings :: url = jar:file:/opt/spark-3.3.1-bin-hadoop3/jars/ivy-2.5.0.jar!/org/apache/ivy/core/settings/ivysettings.xml
[2025-09-01 12:36:15,944] {subprocess.py:92} INFO - Ivy Default Cache set to: /home/***/.ivy2/cache
[2025-09-01 12:36:15,945] {subprocess.py:92} INFO - The jars for the packages stored in: /home/***/.ivy2/jars
[2025-09-01 12:36:15,948] {subprocess.py:92} INFO - org.apache.spark#spark-sql-kafka-0-10_2.12 added as a dependency
[2025-09-01 12:36:15,948] {subprocess.py:92} INFO - :: resolving dependencies :: org.apache.spark#spark-submit-parent-5a532f8b-3f3f-49de-8a2b-0030f6cc0198;1.0
[2025-09-01 12:36:15,949] {subprocess.py:92} INFO - 	confs: [default]
[2025-09-01 12:36:16,057] {subprocess.py:92} INFO - 	found org.apache.spark#spark-sql-kafka-0-10_2.12;3.3.1 in spark-list
[2025-09-01 12:36:16,088] {subprocess.py:92} INFO - 	found org.apache.spark#spark-token-provider-kafka-0-10_2.12;3.3.1 in central
[2025-09-01 12:36:16,113] {subprocess.py:92} INFO - 	found org.apache.kafka#kafka-clients;2.8.1 in central
[2025-09-01 12:36:16,142] {subprocess.py:92} INFO - 	found org.lz4#lz4-java;1.8.0 in central
[2025-09-01 12:36:16,166] {subprocess.py:92} INFO - 	found org.xerial.snappy#snappy-java;1.1.8.4 in central
[2025-09-01 12:36:16,188] {subprocess.py:92} INFO - 	found org.slf4j#slf4j-api;1.7.32 in central
[2025-09-01 12:36:16,220] {subprocess.py:92} INFO - 	found org.apache.hadoop#hadoop-client-runtime;3.3.2 in central
[2025-09-01 12:36:16,228] {subprocess.py:92} INFO - 	found org.spark-project.spark#unused;1.0.0 in central
[2025-09-01 12:36:16,241] {subprocess.py:92} INFO - 	found org.apache.hadoop#hadoop-client-api;3.3.2 in central
[2025-09-01 12:36:16,252] {subprocess.py:92} INFO - 	found commons-logging#commons-logging;1.1.3 in central
[2025-09-01 12:36:16,260] {subprocess.py:92} INFO - 	found com.google.code.findbugs#jsr305;3.0.0 in central
[2025-09-01 12:36:16,267] {subprocess.py:92} INFO - 	found org.apache.commons#commons-pool2;2.11.1 in central
[2025-09-01 12:36:16,281] {subprocess.py:92} INFO - :: resolution report :: resolve 326ms :: artifacts dl 7ms
[2025-09-01 12:36:16,281] {subprocess.py:92} INFO - 	:: modules in use:
[2025-09-01 12:36:16,281] {subprocess.py:92} INFO - 	com.google.code.findbugs#jsr305;3.0.0 from central in [default]
[2025-09-01 12:36:16,281] {subprocess.py:92} INFO - 	commons-logging#commons-logging;1.1.3 from central in [default]
[2025-09-01 12:36:16,281] {subprocess.py:92} INFO - 	org.apache.commons#commons-pool2;2.11.1 from central in [default]
[2025-09-01 12:36:16,281] {subprocess.py:92} INFO - 	org.apache.hadoop#hadoop-client-api;3.3.2 from central in [default]
[2025-09-01 12:36:16,281] {subprocess.py:92} INFO - 	org.apache.hadoop#hadoop-client-runtime;3.3.2 from central in [default]
[2025-09-01 12:36:16,282] {subprocess.py:92} INFO - 	org.apache.kafka#kafka-clients;2.8.1 from central in [default]
[2025-09-01 12:36:16,282] {subprocess.py:92} INFO - 	org.apache.spark#spark-sql-kafka-0-10_2.12;3.3.1 from spark-list in [default]
[2025-09-01 12:36:16,282] {subprocess.py:92} INFO - 	org.apache.spark#spark-token-provider-kafka-0-10_2.12;3.3.1 from central in [default]
[2025-09-01 12:36:16,282] {subprocess.py:92} INFO - 	org.lz4#lz4-java;1.8.0 from central in [default]
[2025-09-01 12:36:16,282] {subprocess.py:92} INFO - 	org.slf4j#slf4j-api;1.7.32 from central in [default]
[2025-09-01 12:36:16,282] {subprocess.py:92} INFO - 	org.spark-project.spark#unused;1.0.0 from central in [default]
[2025-09-01 12:36:16,282] {subprocess.py:92} INFO - 	org.xerial.snappy#snappy-java;1.1.8.4 from central in [default]
[2025-09-01 12:36:16,282] {subprocess.py:92} INFO - 	---------------------------------------------------------------------
[2025-09-01 12:36:16,282] {subprocess.py:92} INFO - 	|                  |            modules            ||   artifacts   |
[2025-09-01 12:36:16,282] {subprocess.py:92} INFO - 	|       conf       | number| search|dwnlded|evicted|| number|dwnlded|
[2025-09-01 12:36:16,282] {subprocess.py:92} INFO - 	---------------------------------------------------------------------
[2025-09-01 12:36:16,282] {subprocess.py:92} INFO - 	|      default     |   12  |   0   |   0   |   0   ||   12  |   0   |
[2025-09-01 12:36:16,282] {subprocess.py:92} INFO - 	---------------------------------------------------------------------
[2025-09-01 12:36:16,285] {subprocess.py:92} INFO - :: retrieving :: org.apache.spark#spark-submit-parent-5a532f8b-3f3f-49de-8a2b-0030f6cc0198
[2025-09-01 12:36:16,286] {subprocess.py:92} INFO - 	confs: [default]
[2025-09-01 12:36:16,291] {subprocess.py:92} INFO - 	0 artifacts copied, 12 already retrieved (0kB/6ms)
[2025-09-01 12:36:16,423] {subprocess.py:92} INFO - 25/09/01 12:36:16 WARN NativeCodeLoader: Unable to load native-hadoop library for your platform... using builtin-java classes where applicable
[2025-09-01 12:36:17,136] {subprocess.py:92} INFO - 25/09/01 12:36:17 INFO SparkContext: Running Spark version 3.3.1
[2025-09-01 12:36:17,148] {subprocess.py:92} INFO - 25/09/01 12:36:17 INFO ResourceUtils: ==============================================================
[2025-09-01 12:36:17,148] {subprocess.py:92} INFO - 25/09/01 12:36:17 INFO ResourceUtils: No custom resources configured for spark.driver.
[2025-09-01 12:36:17,148] {subprocess.py:92} INFO - 25/09/01 12:36:17 INFO ResourceUtils: ==============================================================
[2025-09-01 12:36:17,148] {subprocess.py:92} INFO - 25/09/01 12:36:17 INFO SparkContext: Submitted application: KafkaToHDFSWeather
[2025-09-01 12:36:17,162] {subprocess.py:92} INFO - 25/09/01 12:36:17 INFO ResourceProfile: Default ResourceProfile created, executor resources: Map(cores -> name: cores, amount: 1, script: , vendor: , memory -> name: memory, amount: 1024, script: , vendor: , offHeap -> name: offHeap, amount: 0, script: , vendor: ), task resources: Map(cpus -> name: cpus, amount: 1.0)
[2025-09-01 12:36:17,169] {subprocess.py:92} INFO - 25/09/01 12:36:17 INFO ResourceProfile: Limiting resource is cpu
[2025-09-01 12:36:17,169] {subprocess.py:92} INFO - 25/09/01 12:36:17 INFO ResourceProfileManager: Added ResourceProfile id: 0
[2025-09-01 12:36:17,210] {subprocess.py:92} INFO - 25/09/01 12:36:17 INFO SecurityManager: Changing view acls to: ***
[2025-09-01 12:36:17,211] {subprocess.py:92} INFO - 25/09/01 12:36:17 INFO SecurityManager: Changing modify acls to: ***
[2025-09-01 12:36:17,211] {subprocess.py:92} INFO - 25/09/01 12:36:17 INFO SecurityManager: Changing view acls groups to:
[2025-09-01 12:36:17,212] {subprocess.py:92} INFO - 25/09/01 12:36:17 INFO SecurityManager: Changing modify acls groups to:
[2025-09-01 12:36:17,212] {subprocess.py:92} INFO - 25/09/01 12:36:17 INFO SecurityManager: SecurityManager: authentication disabled; ui acls disabled; users  with view permissions: Set(***); groups with view permissions: Set(); users  with modify permissions: Set(***); groups with modify permissions: Set()
[2025-09-01 12:36:17,401] {subprocess.py:92} INFO - 25/09/01 12:36:17 INFO Utils: Successfully started service 'sparkDriver' on port 42757.
[2025-09-01 12:36:17,421] {subprocess.py:92} INFO - 25/09/01 12:36:17 INFO SparkEnv: Registering MapOutputTracker
[2025-09-01 12:36:17,441] {subprocess.py:92} INFO - 25/09/01 12:36:17 INFO SparkEnv: Registering BlockManagerMaster
[2025-09-01 12:36:17,451] {subprocess.py:92} INFO - 25/09/01 12:36:17 INFO BlockManagerMasterEndpoint: Using org.apache.spark.storage.DefaultTopologyMapper for getting topology information
[2025-09-01 12:36:17,451] {subprocess.py:92} INFO - 25/09/01 12:36:17 INFO BlockManagerMasterEndpoint: BlockManagerMasterEndpoint up
[2025-09-01 12:36:17,453] {subprocess.py:92} INFO - 25/09/01 12:36:17 INFO SparkEnv: Registering BlockManagerMasterHeartbeat
[2025-09-01 12:36:17,466] {subprocess.py:92} INFO - 25/09/01 12:36:17 INFO DiskBlockManager: Created local directory at /tmp/blockmgr-cb98e1b3-a078-4501-b69d-cc6c1e0cf15a
[2025-09-01 12:36:17,476] {subprocess.py:92} INFO - 25/09/01 12:36:17 INFO MemoryStore: MemoryStore started with capacity 434.4 MiB
[2025-09-01 12:36:17,485] {subprocess.py:92} INFO - 25/09/01 12:36:17 INFO SparkEnv: Registering OutputCommitCoordinator
[2025-09-01 12:36:17,619] {subprocess.py:92} INFO - 25/09/01 12:36:17 INFO Utils: Successfully started service 'SparkUI' on port 4040.
[2025-09-01 12:36:17,640] {subprocess.py:92} INFO - 25/09/01 12:36:17 INFO SparkContext: Added JAR file:///home/***/.ivy2/jars/org.apache.spark_spark-sql-kafka-0-10_2.12-3.3.1.jar at spark://e66737cfc193:42757/jars/org.apache.spark_spark-sql-kafka-0-10_2.12-3.3.1.jar with timestamp 1756730177131
[2025-09-01 12:36:17,640] {subprocess.py:92} INFO - 25/09/01 12:36:17 INFO SparkContext: Added JAR file:///home/***/.ivy2/jars/org.apache.spark_spark-token-provider-kafka-0-10_2.12-3.3.1.jar at spark://e66737cfc193:42757/jars/org.apache.spark_spark-token-provider-kafka-0-10_2.12-3.3.1.jar with timestamp 1756730177131
[2025-09-01 12:36:17,640] {subprocess.py:92} INFO - 25/09/01 12:36:17 INFO SparkContext: Added JAR file:///home/***/.ivy2/jars/org.apache.kafka_kafka-clients-2.8.1.jar at spark://e66737cfc193:42757/jars/org.apache.kafka_kafka-clients-2.8.1.jar with timestamp 1756730177131
[2025-09-01 12:36:17,640] {subprocess.py:92} INFO - 25/09/01 12:36:17 INFO SparkContext: Added JAR file:///home/***/.ivy2/jars/com.google.code.findbugs_jsr305-3.0.0.jar at spark://e66737cfc193:42757/jars/com.google.code.findbugs_jsr305-3.0.0.jar with timestamp 1756730177131
[2025-09-01 12:36:17,641] {subprocess.py:92} INFO - 25/09/01 12:36:17 INFO SparkContext: Added JAR file:///home/***/.ivy2/jars/org.apache.commons_commons-pool2-2.11.1.jar at spark://e66737cfc193:42757/jars/org.apache.commons_commons-pool2-2.11.1.jar with timestamp 1756730177131
[2025-09-01 12:36:17,641] {subprocess.py:92} INFO - 25/09/01 12:36:17 INFO SparkContext: Added JAR file:///home/***/.ivy2/jars/org.spark-project.spark_unused-1.0.0.jar at spark://e66737cfc193:42757/jars/org.spark-project.spark_unused-1.0.0.jar with timestamp 1756730177131
[2025-09-01 12:36:17,641] {subprocess.py:92} INFO - 25/09/01 12:36:17 INFO SparkContext: Added JAR file:///home/***/.ivy2/jars/org.apache.hadoop_hadoop-client-runtime-3.3.2.jar at spark://e66737cfc193:42757/jars/org.apache.hadoop_hadoop-client-runtime-3.3.2.jar with timestamp 1756730177131
[2025-09-01 12:36:17,641] {subprocess.py:92} INFO - 25/09/01 12:36:17 INFO SparkContext: Added JAR file:///home/***/.ivy2/jars/org.lz4_lz4-java-1.8.0.jar at spark://e66737cfc193:42757/jars/org.lz4_lz4-java-1.8.0.jar with timestamp 1756730177131
[2025-09-01 12:36:17,641] {subprocess.py:92} INFO - 25/09/01 12:36:17 INFO SparkContext: Added JAR file:///home/***/.ivy2/jars/org.xerial.snappy_snappy-java-1.1.8.4.jar at spark://e66737cfc193:42757/jars/org.xerial.snappy_snappy-java-1.1.8.4.jar with timestamp 1756730177131
[2025-09-01 12:36:17,641] {subprocess.py:92} INFO - 25/09/01 12:36:17 INFO SparkContext: Added JAR file:///home/***/.ivy2/jars/org.slf4j_slf4j-api-1.7.32.jar at spark://e66737cfc193:42757/jars/org.slf4j_slf4j-api-1.7.32.jar with timestamp 1756730177131
[2025-09-01 12:36:17,641] {subprocess.py:92} INFO - 25/09/01 12:36:17 INFO SparkContext: Added JAR file:///home/***/.ivy2/jars/org.apache.hadoop_hadoop-client-api-3.3.2.jar at spark://e66737cfc193:42757/jars/org.apache.hadoop_hadoop-client-api-3.3.2.jar with timestamp 1756730177131
[2025-09-01 12:36:17,641] {subprocess.py:92} INFO - 25/09/01 12:36:17 INFO SparkContext: Added JAR file:///home/***/.ivy2/jars/commons-logging_commons-logging-1.1.3.jar at spark://e66737cfc193:42757/jars/commons-logging_commons-logging-1.1.3.jar with timestamp 1756730177131
[2025-09-01 12:36:17,643] {subprocess.py:92} INFO - 25/09/01 12:36:17 INFO SparkContext: Added file file:///home/***/.ivy2/jars/org.apache.spark_spark-sql-kafka-0-10_2.12-3.3.1.jar at file:///home/***/.ivy2/jars/org.apache.spark_spark-sql-kafka-0-10_2.12-3.3.1.jar with timestamp 1756730177131
[2025-09-01 12:36:17,644] {subprocess.py:92} INFO - 25/09/01 12:36:17 INFO Utils: Copying /home/***/.ivy2/jars/org.apache.spark_spark-sql-kafka-0-10_2.12-3.3.1.jar to /tmp/spark-9bdc236f-2ba8-49e2-965c-9da25c2879d5/userFiles-1293fef6-2c8f-4bdb-ad01-68b625d416a7/org.apache.spark_spark-sql-kafka-0-10_2.12-3.3.1.jar
[2025-09-01 12:36:17,654] {subprocess.py:92} INFO - 25/09/01 12:36:17 INFO SparkContext: Added file file:///home/***/.ivy2/jars/org.apache.spark_spark-token-provider-kafka-0-10_2.12-3.3.1.jar at file:///home/***/.ivy2/jars/org.apache.spark_spark-token-provider-kafka-0-10_2.12-3.3.1.jar with timestamp 1756730177131
[2025-09-01 12:36:17,654] {subprocess.py:92} INFO - 25/09/01 12:36:17 INFO Utils: Copying /home/***/.ivy2/jars/org.apache.spark_spark-token-provider-kafka-0-10_2.12-3.3.1.jar to /tmp/spark-9bdc236f-2ba8-49e2-965c-9da25c2879d5/userFiles-1293fef6-2c8f-4bdb-ad01-68b625d416a7/org.apache.spark_spark-token-provider-kafka-0-10_2.12-3.3.1.jar
[2025-09-01 12:36:17,658] {subprocess.py:92} INFO - 25/09/01 12:36:17 INFO SparkContext: Added file file:///home/***/.ivy2/jars/org.apache.kafka_kafka-clients-2.8.1.jar at file:///home/***/.ivy2/jars/org.apache.kafka_kafka-clients-2.8.1.jar with timestamp 1756730177131
[2025-09-01 12:36:17,658] {subprocess.py:92} INFO - 25/09/01 12:36:17 INFO Utils: Copying /home/***/.ivy2/jars/org.apache.kafka_kafka-clients-2.8.1.jar to /tmp/spark-9bdc236f-2ba8-49e2-965c-9da25c2879d5/userFiles-1293fef6-2c8f-4bdb-ad01-68b625d416a7/org.apache.kafka_kafka-clients-2.8.1.jar
[2025-09-01 12:36:17,667] {subprocess.py:92} INFO - 25/09/01 12:36:17 INFO SparkContext: Added file file:///home/***/.ivy2/jars/com.google.code.findbugs_jsr305-3.0.0.jar at file:///home/***/.ivy2/jars/com.google.code.findbugs_jsr305-3.0.0.jar with timestamp 1756730177131
[2025-09-01 12:36:17,667] {subprocess.py:92} INFO - 25/09/01 12:36:17 INFO Utils: Copying /home/***/.ivy2/jars/com.google.code.findbugs_jsr305-3.0.0.jar to /tmp/spark-9bdc236f-2ba8-49e2-965c-9da25c2879d5/userFiles-1293fef6-2c8f-4bdb-ad01-68b625d416a7/com.google.code.findbugs_jsr305-3.0.0.jar
[2025-09-01 12:36:17,671] {subprocess.py:92} INFO - 25/09/01 12:36:17 INFO SparkContext: Added file file:///home/***/.ivy2/jars/org.apache.commons_commons-pool2-2.11.1.jar at file:///home/***/.ivy2/jars/org.apache.commons_commons-pool2-2.11.1.jar with timestamp 1756730177131
[2025-09-01 12:36:17,671] {subprocess.py:92} INFO - 25/09/01 12:36:17 INFO Utils: Copying /home/***/.ivy2/jars/org.apache.commons_commons-pool2-2.11.1.jar to /tmp/spark-9bdc236f-2ba8-49e2-965c-9da25c2879d5/userFiles-1293fef6-2c8f-4bdb-ad01-68b625d416a7/org.apache.commons_commons-pool2-2.11.1.jar
[2025-09-01 12:36:17,675] {subprocess.py:92} INFO - 25/09/01 12:36:17 INFO SparkContext: Added file file:///home/***/.ivy2/jars/org.spark-project.spark_unused-1.0.0.jar at file:///home/***/.ivy2/jars/org.spark-project.spark_unused-1.0.0.jar with timestamp 1756730177131
[2025-09-01 12:36:17,675] {subprocess.py:92} INFO - 25/09/01 12:36:17 INFO Utils: Copying /home/***/.ivy2/jars/org.spark-project.spark_unused-1.0.0.jar to /tmp/spark-9bdc236f-2ba8-49e2-965c-9da25c2879d5/userFiles-1293fef6-2c8f-4bdb-ad01-68b625d416a7/org.spark-project.spark_unused-1.0.0.jar
[2025-09-01 12:36:17,679] {subprocess.py:92} INFO - 25/09/01 12:36:17 INFO SparkContext: Added file file:///home/***/.ivy2/jars/org.apache.hadoop_hadoop-client-runtime-3.3.2.jar at file:///home/***/.ivy2/jars/org.apache.hadoop_hadoop-client-runtime-3.3.2.jar with timestamp 1756730177131
[2025-09-01 12:36:17,679] {subprocess.py:92} INFO - 25/09/01 12:36:17 INFO Utils: Copying /home/***/.ivy2/jars/org.apache.hadoop_hadoop-client-runtime-3.3.2.jar to /tmp/spark-9bdc236f-2ba8-49e2-965c-9da25c2879d5/userFiles-1293fef6-2c8f-4bdb-ad01-68b625d416a7/org.apache.hadoop_hadoop-client-runtime-3.3.2.jar
[2025-09-01 12:36:17,701] {subprocess.py:92} INFO - 25/09/01 12:36:17 INFO SparkContext: Added file file:///home/***/.ivy2/jars/org.lz4_lz4-java-1.8.0.jar at file:///home/***/.ivy2/jars/org.lz4_lz4-java-1.8.0.jar with timestamp 1756730177131
[2025-09-01 12:36:17,701] {subprocess.py:92} INFO - 25/09/01 12:36:17 INFO Utils: Copying /home/***/.ivy2/jars/org.lz4_lz4-java-1.8.0.jar to /tmp/spark-9bdc236f-2ba8-49e2-965c-9da25c2879d5/userFiles-1293fef6-2c8f-4bdb-ad01-68b625d416a7/org.lz4_lz4-java-1.8.0.jar
[2025-09-01 12:36:17,705] {subprocess.py:92} INFO - 25/09/01 12:36:17 INFO SparkContext: Added file file:///home/***/.ivy2/jars/org.xerial.snappy_snappy-java-1.1.8.4.jar at file:///home/***/.ivy2/jars/org.xerial.snappy_snappy-java-1.1.8.4.jar with timestamp 1756730177131
[2025-09-01 12:36:17,705] {subprocess.py:92} INFO - 25/09/01 12:36:17 INFO Utils: Copying /home/***/.ivy2/jars/org.xerial.snappy_snappy-java-1.1.8.4.jar to /tmp/spark-9bdc236f-2ba8-49e2-965c-9da25c2879d5/userFiles-1293fef6-2c8f-4bdb-ad01-68b625d416a7/org.xerial.snappy_snappy-java-1.1.8.4.jar
[2025-09-01 12:36:17,711] {subprocess.py:92} INFO - 25/09/01 12:36:17 INFO SparkContext: Added file file:///home/***/.ivy2/jars/org.slf4j_slf4j-api-1.7.32.jar at file:///home/***/.ivy2/jars/org.slf4j_slf4j-api-1.7.32.jar with timestamp 1756730177131
[2025-09-01 12:36:17,711] {subprocess.py:92} INFO - 25/09/01 12:36:17 INFO Utils: Copying /home/***/.ivy2/jars/org.slf4j_slf4j-api-1.7.32.jar to /tmp/spark-9bdc236f-2ba8-49e2-965c-9da25c2879d5/userFiles-1293fef6-2c8f-4bdb-ad01-68b625d416a7/org.slf4j_slf4j-api-1.7.32.jar
[2025-09-01 12:36:17,715] {subprocess.py:92} INFO - 25/09/01 12:36:17 INFO SparkContext: Added file file:///home/***/.ivy2/jars/org.apache.hadoop_hadoop-client-api-3.3.2.jar at file:///home/***/.ivy2/jars/org.apache.hadoop_hadoop-client-api-3.3.2.jar with timestamp 1756730177131
[2025-09-01 12:36:17,715] {subprocess.py:92} INFO - 25/09/01 12:36:17 INFO Utils: Copying /home/***/.ivy2/jars/org.apache.hadoop_hadoop-client-api-3.3.2.jar to /tmp/spark-9bdc236f-2ba8-49e2-965c-9da25c2879d5/userFiles-1293fef6-2c8f-4bdb-ad01-68b625d416a7/org.apache.hadoop_hadoop-client-api-3.3.2.jar
[2025-09-01 12:36:17,730] {subprocess.py:92} INFO - 25/09/01 12:36:17 INFO SparkContext: Added file file:///home/***/.ivy2/jars/commons-logging_commons-logging-1.1.3.jar at file:///home/***/.ivy2/jars/commons-logging_commons-logging-1.1.3.jar with timestamp 1756730177131
[2025-09-01 12:36:17,730] {subprocess.py:92} INFO - 25/09/01 12:36:17 INFO Utils: Copying /home/***/.ivy2/jars/commons-logging_commons-logging-1.1.3.jar to /tmp/spark-9bdc236f-2ba8-49e2-965c-9da25c2879d5/userFiles-1293fef6-2c8f-4bdb-ad01-68b625d416a7/commons-logging_commons-logging-1.1.3.jar
[2025-09-01 12:36:17,772] {subprocess.py:92} INFO - 25/09/01 12:36:17 INFO Executor: Starting executor ID driver on host e66737cfc193
[2025-09-01 12:36:17,775] {subprocess.py:92} INFO - 25/09/01 12:36:17 INFO Executor: Starting executor with user classpath (userClassPathFirst = false): ''
[2025-09-01 12:36:17,783] {subprocess.py:92} INFO - 25/09/01 12:36:17 INFO Executor: Fetching file:///home/***/.ivy2/jars/commons-logging_commons-logging-1.1.3.jar with timestamp 1756730177131
[2025-09-01 12:36:17,794] {subprocess.py:92} INFO - 25/09/01 12:36:17 INFO Utils: /home/***/.ivy2/jars/commons-logging_commons-logging-1.1.3.jar has been previously copied to /tmp/spark-9bdc236f-2ba8-49e2-965c-9da25c2879d5/userFiles-1293fef6-2c8f-4bdb-ad01-68b625d416a7/commons-logging_commons-logging-1.1.3.jar
[2025-09-01 12:36:17,798] {subprocess.py:92} INFO - 25/09/01 12:36:17 INFO Executor: Fetching file:///home/***/.ivy2/jars/org.spark-project.spark_unused-1.0.0.jar with timestamp 1756730177131
[2025-09-01 12:36:17,799] {subprocess.py:92} INFO - 25/09/01 12:36:17 INFO Utils: /home/***/.ivy2/jars/org.spark-project.spark_unused-1.0.0.jar has been previously copied to /tmp/spark-9bdc236f-2ba8-49e2-965c-9da25c2879d5/userFiles-1293fef6-2c8f-4bdb-ad01-68b625d416a7/org.spark-project.spark_unused-1.0.0.jar
[2025-09-01 12:36:17,802] {subprocess.py:92} INFO - 25/09/01 12:36:17 INFO Executor: Fetching file:///home/***/.ivy2/jars/org.apache.spark_spark-sql-kafka-0-10_2.12-3.3.1.jar with timestamp 1756730177131
[2025-09-01 12:36:17,805] {subprocess.py:92} INFO - 25/09/01 12:36:17 INFO Utils: /home/***/.ivy2/jars/org.apache.spark_spark-sql-kafka-0-10_2.12-3.3.1.jar has been previously copied to /tmp/spark-9bdc236f-2ba8-49e2-965c-9da25c2879d5/userFiles-1293fef6-2c8f-4bdb-ad01-68b625d416a7/org.apache.spark_spark-sql-kafka-0-10_2.12-3.3.1.jar
[2025-09-01 12:36:17,808] {subprocess.py:92} INFO - 25/09/01 12:36:17 INFO Executor: Fetching file:///home/***/.ivy2/jars/org.apache.hadoop_hadoop-client-api-3.3.2.jar with timestamp 1756730177131
[2025-09-01 12:36:17,818] {subprocess.py:92} INFO - 25/09/01 12:36:17 INFO Utils: /home/***/.ivy2/jars/org.apache.hadoop_hadoop-client-api-3.3.2.jar has been previously copied to /tmp/spark-9bdc236f-2ba8-49e2-965c-9da25c2879d5/userFiles-1293fef6-2c8f-4bdb-ad01-68b625d416a7/org.apache.hadoop_hadoop-client-api-3.3.2.jar
[2025-09-01 12:36:17,822] {subprocess.py:92} INFO - 25/09/01 12:36:17 INFO Executor: Fetching file:///home/***/.ivy2/jars/org.apache.hadoop_hadoop-client-runtime-3.3.2.jar with timestamp 1756730177131
[2025-09-01 12:36:17,837] {subprocess.py:92} INFO - 25/09/01 12:36:17 INFO Utils: /home/***/.ivy2/jars/org.apache.hadoop_hadoop-client-runtime-3.3.2.jar has been previously copied to /tmp/spark-9bdc236f-2ba8-49e2-965c-9da25c2879d5/userFiles-1293fef6-2c8f-4bdb-ad01-68b625d416a7/org.apache.hadoop_hadoop-client-runtime-3.3.2.jar
[2025-09-01 12:36:17,841] {subprocess.py:92} INFO - 25/09/01 12:36:17 INFO Executor: Fetching file:///home/***/.ivy2/jars/org.slf4j_slf4j-api-1.7.32.jar with timestamp 1756730177131
[2025-09-01 12:36:17,841] {subprocess.py:92} INFO - 25/09/01 12:36:17 INFO Utils: /home/***/.ivy2/jars/org.slf4j_slf4j-api-1.7.32.jar has been previously copied to /tmp/spark-9bdc236f-2ba8-49e2-965c-9da25c2879d5/userFiles-1293fef6-2c8f-4bdb-ad01-68b625d416a7/org.slf4j_slf4j-api-1.7.32.jar
[2025-09-01 12:36:17,844] {subprocess.py:92} INFO - 25/09/01 12:36:17 INFO Executor: Fetching file:///home/***/.ivy2/jars/org.lz4_lz4-java-1.8.0.jar with timestamp 1756730177131
[2025-09-01 12:36:17,845] {subprocess.py:92} INFO - 25/09/01 12:36:17 INFO Utils: /home/***/.ivy2/jars/org.lz4_lz4-java-1.8.0.jar has been previously copied to /tmp/spark-9bdc236f-2ba8-49e2-965c-9da25c2879d5/userFiles-1293fef6-2c8f-4bdb-ad01-68b625d416a7/org.lz4_lz4-java-1.8.0.jar
[2025-09-01 12:36:17,849] {subprocess.py:92} INFO - 25/09/01 12:36:17 INFO Executor: Fetching file:///home/***/.ivy2/jars/org.apache.commons_commons-pool2-2.11.1.jar with timestamp 1756730177131
[2025-09-01 12:36:17,849] {subprocess.py:92} INFO - 25/09/01 12:36:17 INFO Utils: /home/***/.ivy2/jars/org.apache.commons_commons-pool2-2.11.1.jar has been previously copied to /tmp/spark-9bdc236f-2ba8-49e2-965c-9da25c2879d5/userFiles-1293fef6-2c8f-4bdb-ad01-68b625d416a7/org.apache.commons_commons-pool2-2.11.1.jar
[2025-09-01 12:36:17,852] {subprocess.py:92} INFO - 25/09/01 12:36:17 INFO Executor: Fetching file:///home/***/.ivy2/jars/com.google.code.findbugs_jsr305-3.0.0.jar with timestamp 1756730177131
[2025-09-01 12:36:17,852] {subprocess.py:92} INFO - 25/09/01 12:36:17 INFO Utils: /home/***/.ivy2/jars/com.google.code.findbugs_jsr305-3.0.0.jar has been previously copied to /tmp/spark-9bdc236f-2ba8-49e2-965c-9da25c2879d5/userFiles-1293fef6-2c8f-4bdb-ad01-68b625d416a7/com.google.code.findbugs_jsr305-3.0.0.jar
[2025-09-01 12:36:17,856] {subprocess.py:92} INFO - 25/09/01 12:36:17 INFO Executor: Fetching file:///home/***/.ivy2/jars/org.apache.spark_spark-token-provider-kafka-0-10_2.12-3.3.1.jar with timestamp 1756730177131
[2025-09-01 12:36:17,856] {subprocess.py:92} INFO - 25/09/01 12:36:17 INFO Utils: /home/***/.ivy2/jars/org.apache.spark_spark-token-provider-kafka-0-10_2.12-3.3.1.jar has been previously copied to /tmp/spark-9bdc236f-2ba8-49e2-965c-9da25c2879d5/userFiles-1293fef6-2c8f-4bdb-ad01-68b625d416a7/org.apache.spark_spark-token-provider-kafka-0-10_2.12-3.3.1.jar
[2025-09-01 12:36:17,860] {subprocess.py:92} INFO - 25/09/01 12:36:17 INFO Executor: Fetching file:///home/***/.ivy2/jars/org.apache.kafka_kafka-clients-2.8.1.jar with timestamp 1756730177131
[2025-09-01 12:36:17,863] {subprocess.py:92} INFO - 25/09/01 12:36:17 INFO Utils: /home/***/.ivy2/jars/org.apache.kafka_kafka-clients-2.8.1.jar has been previously copied to /tmp/spark-9bdc236f-2ba8-49e2-965c-9da25c2879d5/userFiles-1293fef6-2c8f-4bdb-ad01-68b625d416a7/org.apache.kafka_kafka-clients-2.8.1.jar
[2025-09-01 12:36:17,867] {subprocess.py:92} INFO - 25/09/01 12:36:17 INFO Executor: Fetching file:///home/***/.ivy2/jars/org.xerial.snappy_snappy-java-1.1.8.4.jar with timestamp 1756730177131
[2025-09-01 12:36:17,869] {subprocess.py:92} INFO - 25/09/01 12:36:17 INFO Utils: /home/***/.ivy2/jars/org.xerial.snappy_snappy-java-1.1.8.4.jar has been previously copied to /tmp/spark-9bdc236f-2ba8-49e2-965c-9da25c2879d5/userFiles-1293fef6-2c8f-4bdb-ad01-68b625d416a7/org.xerial.snappy_snappy-java-1.1.8.4.jar
[2025-09-01 12:36:17,874] {subprocess.py:92} INFO - 25/09/01 12:36:17 INFO Executor: Fetching spark://e66737cfc193:42757/jars/org.apache.spark_spark-token-provider-kafka-0-10_2.12-3.3.1.jar with timestamp 1756730177131
[2025-09-01 12:36:17,900] {subprocess.py:92} INFO - 25/09/01 12:36:17 INFO TransportClientFactory: Successfully created connection to e66737cfc193/172.20.0.18:42757 after 17 ms (0 ms spent in bootstraps)
[2025-09-01 12:36:17,904] {subprocess.py:92} INFO - 25/09/01 12:36:17 INFO Utils: Fetching spark://e66737cfc193:42757/jars/org.apache.spark_spark-token-provider-kafka-0-10_2.12-3.3.1.jar to /tmp/spark-9bdc236f-2ba8-49e2-965c-9da25c2879d5/userFiles-1293fef6-2c8f-4bdb-ad01-68b625d416a7/fetchFileTemp18271350831147730572.tmp
[2025-09-01 12:36:17,927] {subprocess.py:92} INFO - 25/09/01 12:36:17 INFO Utils: /tmp/spark-9bdc236f-2ba8-49e2-965c-9da25c2879d5/userFiles-1293fef6-2c8f-4bdb-ad01-68b625d416a7/fetchFileTemp18271350831147730572.tmp has been previously copied to /tmp/spark-9bdc236f-2ba8-49e2-965c-9da25c2879d5/userFiles-1293fef6-2c8f-4bdb-ad01-68b625d416a7/org.apache.spark_spark-token-provider-kafka-0-10_2.12-3.3.1.jar
[2025-09-01 12:36:17,932] {subprocess.py:92} INFO - 25/09/01 12:36:17 INFO Executor: Adding file:/tmp/spark-9bdc236f-2ba8-49e2-965c-9da25c2879d5/userFiles-1293fef6-2c8f-4bdb-ad01-68b625d416a7/org.apache.spark_spark-token-provider-kafka-0-10_2.12-3.3.1.jar to class loader
[2025-09-01 12:36:17,932] {subprocess.py:92} INFO - 25/09/01 12:36:17 INFO Executor: Fetching spark://e66737cfc193:42757/jars/org.apache.hadoop_hadoop-client-api-3.3.2.jar with timestamp 1756730177131
[2025-09-01 12:36:17,933] {subprocess.py:92} INFO - 25/09/01 12:36:17 INFO Utils: Fetching spark://e66737cfc193:42757/jars/org.apache.hadoop_hadoop-client-api-3.3.2.jar to /tmp/spark-9bdc236f-2ba8-49e2-965c-9da25c2879d5/userFiles-1293fef6-2c8f-4bdb-ad01-68b625d416a7/fetchFileTemp10809438911866297498.tmp
[2025-09-01 12:36:17,977] {subprocess.py:92} INFO - 25/09/01 12:36:17 INFO Utils: /tmp/spark-9bdc236f-2ba8-49e2-965c-9da25c2879d5/userFiles-1293fef6-2c8f-4bdb-ad01-68b625d416a7/fetchFileTemp10809438911866297498.tmp has been previously copied to /tmp/spark-9bdc236f-2ba8-49e2-965c-9da25c2879d5/userFiles-1293fef6-2c8f-4bdb-ad01-68b625d416a7/org.apache.hadoop_hadoop-client-api-3.3.2.jar
[2025-09-01 12:36:17,983] {subprocess.py:92} INFO - 25/09/01 12:36:17 INFO Executor: Adding file:/tmp/spark-9bdc236f-2ba8-49e2-965c-9da25c2879d5/userFiles-1293fef6-2c8f-4bdb-ad01-68b625d416a7/org.apache.hadoop_hadoop-client-api-3.3.2.jar to class loader
[2025-09-01 12:36:17,983] {subprocess.py:92} INFO - 25/09/01 12:36:17 INFO Executor: Fetching spark://e66737cfc193:42757/jars/com.google.code.findbugs_jsr305-3.0.0.jar with timestamp 1756730177131
[2025-09-01 12:36:17,983] {subprocess.py:92} INFO - 25/09/01 12:36:17 INFO Utils: Fetching spark://e66737cfc193:42757/jars/com.google.code.findbugs_jsr305-3.0.0.jar to /tmp/spark-9bdc236f-2ba8-49e2-965c-9da25c2879d5/userFiles-1293fef6-2c8f-4bdb-ad01-68b625d416a7/fetchFileTemp18142213719676454591.tmp
[2025-09-01 12:36:17,984] {subprocess.py:92} INFO - 25/09/01 12:36:17 INFO Utils: /tmp/spark-9bdc236f-2ba8-49e2-965c-9da25c2879d5/userFiles-1293fef6-2c8f-4bdb-ad01-68b625d416a7/fetchFileTemp18142213719676454591.tmp has been previously copied to /tmp/spark-9bdc236f-2ba8-49e2-965c-9da25c2879d5/userFiles-1293fef6-2c8f-4bdb-ad01-68b625d416a7/com.google.code.findbugs_jsr305-3.0.0.jar
[2025-09-01 12:36:17,988] {subprocess.py:92} INFO - 25/09/01 12:36:17 INFO Executor: Adding file:/tmp/spark-9bdc236f-2ba8-49e2-965c-9da25c2879d5/userFiles-1293fef6-2c8f-4bdb-ad01-68b625d416a7/com.google.code.findbugs_jsr305-3.0.0.jar to class loader
[2025-09-01 12:36:17,988] {subprocess.py:92} INFO - 25/09/01 12:36:17 INFO Executor: Fetching spark://e66737cfc193:42757/jars/org.spark-project.spark_unused-1.0.0.jar with timestamp 1756730177131
[2025-09-01 12:36:17,988] {subprocess.py:92} INFO - 25/09/01 12:36:17 INFO Utils: Fetching spark://e66737cfc193:42757/jars/org.spark-project.spark_unused-1.0.0.jar to /tmp/spark-9bdc236f-2ba8-49e2-965c-9da25c2879d5/userFiles-1293fef6-2c8f-4bdb-ad01-68b625d416a7/fetchFileTemp15245447001803871317.tmp
[2025-09-01 12:36:17,989] {subprocess.py:92} INFO - 25/09/01 12:36:17 INFO Utils: /tmp/spark-9bdc236f-2ba8-49e2-965c-9da25c2879d5/userFiles-1293fef6-2c8f-4bdb-ad01-68b625d416a7/fetchFileTemp15245447001803871317.tmp has been previously copied to /tmp/spark-9bdc236f-2ba8-49e2-965c-9da25c2879d5/userFiles-1293fef6-2c8f-4bdb-ad01-68b625d416a7/org.spark-project.spark_unused-1.0.0.jar
[2025-09-01 12:36:17,992] {subprocess.py:92} INFO - 25/09/01 12:36:17 INFO Executor: Adding file:/tmp/spark-9bdc236f-2ba8-49e2-965c-9da25c2879d5/userFiles-1293fef6-2c8f-4bdb-ad01-68b625d416a7/org.spark-project.spark_unused-1.0.0.jar to class loader
[2025-09-01 12:36:17,992] {subprocess.py:92} INFO - 25/09/01 12:36:17 INFO Executor: Fetching spark://e66737cfc193:42757/jars/org.xerial.snappy_snappy-java-1.1.8.4.jar with timestamp 1756730177131
[2025-09-01 12:36:17,993] {subprocess.py:92} INFO - 25/09/01 12:36:17 INFO Utils: Fetching spark://e66737cfc193:42757/jars/org.xerial.snappy_snappy-java-1.1.8.4.jar to /tmp/spark-9bdc236f-2ba8-49e2-965c-9da25c2879d5/userFiles-1293fef6-2c8f-4bdb-ad01-68b625d416a7/fetchFileTemp11318415663285710619.tmp
[2025-09-01 12:36:18,000] {subprocess.py:92} INFO - 25/09/01 12:36:18 INFO Utils: /tmp/spark-9bdc236f-2ba8-49e2-965c-9da25c2879d5/userFiles-1293fef6-2c8f-4bdb-ad01-68b625d416a7/fetchFileTemp11318415663285710619.tmp has been previously copied to /tmp/spark-9bdc236f-2ba8-49e2-965c-9da25c2879d5/userFiles-1293fef6-2c8f-4bdb-ad01-68b625d416a7/org.xerial.snappy_snappy-java-1.1.8.4.jar
[2025-09-01 12:36:18,004] {subprocess.py:92} INFO - 25/09/01 12:36:18 INFO Executor: Adding file:/tmp/spark-9bdc236f-2ba8-49e2-965c-9da25c2879d5/userFiles-1293fef6-2c8f-4bdb-ad01-68b625d416a7/org.xerial.snappy_snappy-java-1.1.8.4.jar to class loader
[2025-09-01 12:36:18,004] {subprocess.py:92} INFO - 25/09/01 12:36:18 INFO Executor: Fetching spark://e66737cfc193:42757/jars/commons-logging_commons-logging-1.1.3.jar with timestamp 1756730177131
[2025-09-01 12:36:18,005] {subprocess.py:92} INFO - 25/09/01 12:36:18 INFO Utils: Fetching spark://e66737cfc193:42757/jars/commons-logging_commons-logging-1.1.3.jar to /tmp/spark-9bdc236f-2ba8-49e2-965c-9da25c2879d5/userFiles-1293fef6-2c8f-4bdb-ad01-68b625d416a7/fetchFileTemp9532012626156795414.tmp
[2025-09-01 12:36:18,007] {subprocess.py:92} INFO - 25/09/01 12:36:18 INFO Utils: /tmp/spark-9bdc236f-2ba8-49e2-965c-9da25c2879d5/userFiles-1293fef6-2c8f-4bdb-ad01-68b625d416a7/fetchFileTemp9532012626156795414.tmp has been previously copied to /tmp/spark-9bdc236f-2ba8-49e2-965c-9da25c2879d5/userFiles-1293fef6-2c8f-4bdb-ad01-68b625d416a7/commons-logging_commons-logging-1.1.3.jar
[2025-09-01 12:36:18,012] {subprocess.py:92} INFO - 25/09/01 12:36:18 INFO Executor: Adding file:/tmp/spark-9bdc236f-2ba8-49e2-965c-9da25c2879d5/userFiles-1293fef6-2c8f-4bdb-ad01-68b625d416a7/commons-logging_commons-logging-1.1.3.jar to class loader
[2025-09-01 12:36:18,012] {subprocess.py:92} INFO - 25/09/01 12:36:18 INFO Executor: Fetching spark://e66737cfc193:42757/jars/org.lz4_lz4-java-1.8.0.jar with timestamp 1756730177131
[2025-09-01 12:36:18,013] {subprocess.py:92} INFO - 25/09/01 12:36:18 INFO Utils: Fetching spark://e66737cfc193:42757/jars/org.lz4_lz4-java-1.8.0.jar to /tmp/spark-9bdc236f-2ba8-49e2-965c-9da25c2879d5/userFiles-1293fef6-2c8f-4bdb-ad01-68b625d416a7/fetchFileTemp10170344502343315548.tmp
[2025-09-01 12:36:18,017] {subprocess.py:92} INFO - 25/09/01 12:36:18 INFO Utils: /tmp/spark-9bdc236f-2ba8-49e2-965c-9da25c2879d5/userFiles-1293fef6-2c8f-4bdb-ad01-68b625d416a7/fetchFileTemp10170344502343315548.tmp has been previously copied to /tmp/spark-9bdc236f-2ba8-49e2-965c-9da25c2879d5/userFiles-1293fef6-2c8f-4bdb-ad01-68b625d416a7/org.lz4_lz4-java-1.8.0.jar
[2025-09-01 12:36:18,021] {subprocess.py:92} INFO - 25/09/01 12:36:18 INFO Executor: Adding file:/tmp/spark-9bdc236f-2ba8-49e2-965c-9da25c2879d5/userFiles-1293fef6-2c8f-4bdb-ad01-68b625d416a7/org.lz4_lz4-java-1.8.0.jar to class loader
[2025-09-01 12:36:18,022] {subprocess.py:92} INFO - 25/09/01 12:36:18 INFO Executor: Fetching spark://e66737cfc193:42757/jars/org.apache.kafka_kafka-clients-2.8.1.jar with timestamp 1756730177131
[2025-09-01 12:36:18,022] {subprocess.py:92} INFO - 25/09/01 12:36:18 INFO Utils: Fetching spark://e66737cfc193:42757/jars/org.apache.kafka_kafka-clients-2.8.1.jar to /tmp/spark-9bdc236f-2ba8-49e2-965c-9da25c2879d5/userFiles-1293fef6-2c8f-4bdb-ad01-68b625d416a7/fetchFileTemp2903976167959295886.tmp
[2025-09-01 12:36:18,042] {subprocess.py:92} INFO - 25/09/01 12:36:18 INFO Utils: /tmp/spark-9bdc236f-2ba8-49e2-965c-9da25c2879d5/userFiles-1293fef6-2c8f-4bdb-ad01-68b625d416a7/fetchFileTemp2903976167959295886.tmp has been previously copied to /tmp/spark-9bdc236f-2ba8-49e2-965c-9da25c2879d5/userFiles-1293fef6-2c8f-4bdb-ad01-68b625d416a7/org.apache.kafka_kafka-clients-2.8.1.jar
[2025-09-01 12:36:18,046] {subprocess.py:92} INFO - 25/09/01 12:36:18 INFO Executor: Adding file:/tmp/spark-9bdc236f-2ba8-49e2-965c-9da25c2879d5/userFiles-1293fef6-2c8f-4bdb-ad01-68b625d416a7/org.apache.kafka_kafka-clients-2.8.1.jar to class loader
[2025-09-01 12:36:18,046] {subprocess.py:92} INFO - 25/09/01 12:36:18 INFO Executor: Fetching spark://e66737cfc193:42757/jars/org.apache.commons_commons-pool2-2.11.1.jar with timestamp 1756730177131
[2025-09-01 12:36:18,047] {subprocess.py:92} INFO - 25/09/01 12:36:18 INFO Utils: Fetching spark://e66737cfc193:42757/jars/org.apache.commons_commons-pool2-2.11.1.jar to /tmp/spark-9bdc236f-2ba8-49e2-965c-9da25c2879d5/userFiles-1293fef6-2c8f-4bdb-ad01-68b625d416a7/fetchFileTemp13690013594023554538.tmp
[2025-09-01 12:36:18,048] {subprocess.py:92} INFO - 25/09/01 12:36:18 INFO Utils: /tmp/spark-9bdc236f-2ba8-49e2-965c-9da25c2879d5/userFiles-1293fef6-2c8f-4bdb-ad01-68b625d416a7/fetchFileTemp13690013594023554538.tmp has been previously copied to /tmp/spark-9bdc236f-2ba8-49e2-965c-9da25c2879d5/userFiles-1293fef6-2c8f-4bdb-ad01-68b625d416a7/org.apache.commons_commons-pool2-2.11.1.jar
[2025-09-01 12:36:18,052] {subprocess.py:92} INFO - 25/09/01 12:36:18 INFO Executor: Adding file:/tmp/spark-9bdc236f-2ba8-49e2-965c-9da25c2879d5/userFiles-1293fef6-2c8f-4bdb-ad01-68b625d416a7/org.apache.commons_commons-pool2-2.11.1.jar to class loader
[2025-09-01 12:36:18,052] {subprocess.py:92} INFO - 25/09/01 12:36:18 INFO Executor: Fetching spark://e66737cfc193:42757/jars/org.apache.hadoop_hadoop-client-runtime-3.3.2.jar with timestamp 1756730177131
[2025-09-01 12:36:18,053] {subprocess.py:92} INFO - 25/09/01 12:36:18 INFO Utils: Fetching spark://e66737cfc193:42757/jars/org.apache.hadoop_hadoop-client-runtime-3.3.2.jar to /tmp/spark-9bdc236f-2ba8-49e2-965c-9da25c2879d5/userFiles-1293fef6-2c8f-4bdb-ad01-68b625d416a7/fetchFileTemp5921013302721910197.tmp
[2025-09-01 12:36:18,162] {subprocess.py:92} INFO - 25/09/01 12:36:18 INFO Utils: /tmp/spark-9bdc236f-2ba8-49e2-965c-9da25c2879d5/userFiles-1293fef6-2c8f-4bdb-ad01-68b625d416a7/fetchFileTemp5921013302721910197.tmp has been previously copied to /tmp/spark-9bdc236f-2ba8-49e2-965c-9da25c2879d5/userFiles-1293fef6-2c8f-4bdb-ad01-68b625d416a7/org.apache.hadoop_hadoop-client-runtime-3.3.2.jar
[2025-09-01 12:36:18,168] {subprocess.py:92} INFO - 25/09/01 12:36:18 INFO Executor: Adding file:/tmp/spark-9bdc236f-2ba8-49e2-965c-9da25c2879d5/userFiles-1293fef6-2c8f-4bdb-ad01-68b625d416a7/org.apache.hadoop_hadoop-client-runtime-3.3.2.jar to class loader
[2025-09-01 12:36:18,168] {subprocess.py:92} INFO - 25/09/01 12:36:18 INFO Executor: Fetching spark://e66737cfc193:42757/jars/org.slf4j_slf4j-api-1.7.32.jar with timestamp 1756730177131
[2025-09-01 12:36:18,169] {subprocess.py:92} INFO - 25/09/01 12:36:18 INFO Utils: Fetching spark://e66737cfc193:42757/jars/org.slf4j_slf4j-api-1.7.32.jar to /tmp/spark-9bdc236f-2ba8-49e2-965c-9da25c2879d5/userFiles-1293fef6-2c8f-4bdb-ad01-68b625d416a7/fetchFileTemp16769194332715858566.tmp
[2025-09-01 12:36:18,170] {subprocess.py:92} INFO - 25/09/01 12:36:18 INFO Utils: /tmp/spark-9bdc236f-2ba8-49e2-965c-9da25c2879d5/userFiles-1293fef6-2c8f-4bdb-ad01-68b625d416a7/fetchFileTemp16769194332715858566.tmp has been previously copied to /tmp/spark-9bdc236f-2ba8-49e2-965c-9da25c2879d5/userFiles-1293fef6-2c8f-4bdb-ad01-68b625d416a7/org.slf4j_slf4j-api-1.7.32.jar
[2025-09-01 12:36:18,174] {subprocess.py:92} INFO - 25/09/01 12:36:18 INFO Executor: Adding file:/tmp/spark-9bdc236f-2ba8-49e2-965c-9da25c2879d5/userFiles-1293fef6-2c8f-4bdb-ad01-68b625d416a7/org.slf4j_slf4j-api-1.7.32.jar to class loader
[2025-09-01 12:36:18,174] {subprocess.py:92} INFO - 25/09/01 12:36:18 INFO Executor: Fetching spark://e66737cfc193:42757/jars/org.apache.spark_spark-sql-kafka-0-10_2.12-3.3.1.jar with timestamp 1756730177131
[2025-09-01 12:36:18,175] {subprocess.py:92} INFO - 25/09/01 12:36:18 INFO Utils: Fetching spark://e66737cfc193:42757/jars/org.apache.spark_spark-sql-kafka-0-10_2.12-3.3.1.jar to /tmp/spark-9bdc236f-2ba8-49e2-965c-9da25c2879d5/userFiles-1293fef6-2c8f-4bdb-ad01-68b625d416a7/fetchFileTemp2843669888896943295.tmp
[2025-09-01 12:36:18,177] {subprocess.py:92} INFO - 25/09/01 12:36:18 INFO Utils: /tmp/spark-9bdc236f-2ba8-49e2-965c-9da25c2879d5/userFiles-1293fef6-2c8f-4bdb-ad01-68b625d416a7/fetchFileTemp2843669888896943295.tmp has been previously copied to /tmp/spark-9bdc236f-2ba8-49e2-965c-9da25c2879d5/userFiles-1293fef6-2c8f-4bdb-ad01-68b625d416a7/org.apache.spark_spark-sql-kafka-0-10_2.12-3.3.1.jar
[2025-09-01 12:36:18,181] {subprocess.py:92} INFO - 25/09/01 12:36:18 INFO Executor: Adding file:/tmp/spark-9bdc236f-2ba8-49e2-965c-9da25c2879d5/userFiles-1293fef6-2c8f-4bdb-ad01-68b625d416a7/org.apache.spark_spark-sql-kafka-0-10_2.12-3.3.1.jar to class loader
[2025-09-01 12:36:18,190] {subprocess.py:92} INFO - 25/09/01 12:36:18 INFO Utils: Successfully started service 'org.apache.spark.network.netty.NettyBlockTransferService' on port 43791.
[2025-09-01 12:36:18,190] {subprocess.py:92} INFO - 25/09/01 12:36:18 INFO NettyBlockTransferService: Server created on e66737cfc193:43791
[2025-09-01 12:36:18,193] {subprocess.py:92} INFO - 25/09/01 12:36:18 INFO BlockManager: Using org.apache.spark.storage.RandomBlockReplicationPolicy for block replication policy
[2025-09-01 12:36:18,198] {subprocess.py:92} INFO - 25/09/01 12:36:18 INFO BlockManagerMaster: Registering BlockManager BlockManagerId(driver, e66737cfc193, 43791, None)
[2025-09-01 12:36:18,201] {subprocess.py:92} INFO - 25/09/01 12:36:18 INFO BlockManagerMasterEndpoint: Registering block manager e66737cfc193:43791 with 434.4 MiB RAM, BlockManagerId(driver, e66737cfc193, 43791, None)
[2025-09-01 12:36:18,203] {subprocess.py:92} INFO - 25/09/01 12:36:18 INFO BlockManagerMaster: Registered BlockManager BlockManagerId(driver, e66737cfc193, 43791, None)
[2025-09-01 12:36:18,203] {subprocess.py:92} INFO - 25/09/01 12:36:18 INFO BlockManager: Initialized BlockManager: BlockManagerId(driver, e66737cfc193, 43791, None)
[2025-09-01 12:36:18,460] {subprocess.py:92} INFO - Connexion à Kafka...
[2025-09-01 12:36:19,775] {subprocess.py:92} INFO - Connexion Kafka réussie (kafka:9092)
[2025-09-01 12:36:19,775] {subprocess.py:92} INFO - Transformation des données JSON...
[2025-09-01 12:36:19,959] {subprocess.py:92} INFO - Démarrage du streaming vers HDFS...
[2025-09-01 12:36:20,549] {subprocess.py:92} INFO - Streaming actif - Données météo sauvegardées dans HDFS:/data/weather
[2025-09-01 13:08:00,131] {subprocess.py:92} INFO - 25/09/01 13:08:00 ERROR MicroBatchExecution: Query [id = 8bb46a74-6ffa-4764-a9c6-2e4a331d8211, runId = 8cdb63e4-80bc-4ff7-9ecd-b6ec4daa9f30] terminated with error
[2025-09-01 13:08:00,134] {subprocess.py:92} INFO - org.apache.spark.SparkException: Execution of the stream null failed. Please, fill a bug report in, and provide the full stack trace.
[2025-09-01 13:08:00,135] {subprocess.py:92} INFO - 	at org.apache.spark.sql.execution.QueryExecution$.toInternalError(QueryExecution.scala:500)
[2025-09-01 13:08:00,135] {subprocess.py:92} INFO - 	at org.apache.spark.sql.execution.streaming.StreamExecution.org$apache$spark$sql$execution$streaming$StreamExecution$$runStream(StreamExecution.scala:324)
[2025-09-01 13:08:00,135] {subprocess.py:92} INFO - 	at org.apache.spark.sql.execution.streaming.StreamExecution$$anon$1.run(StreamExecution.scala:208)
[2025-09-01 13:08:00,135] {subprocess.py:92} INFO - Caused by: java.lang.AssertionError: assertion failed: Concurrent update to the log. Multiple streaming jobs detected for 66
[2025-09-01 13:08:00,137] {subprocess.py:92} INFO - 	at scala.Predef$.assert(Predef.scala:223)
[2025-09-01 13:08:00,137] {subprocess.py:92} INFO - 	at org.apache.spark.sql.execution.streaming.MicroBatchExecution.$anonfun$constructNextBatch$13(MicroBatchExecution.scala:496)
[2025-09-01 13:08:00,137] {subprocess.py:92} INFO - 	at scala.runtime.java8.JFunction0$mcV$sp.apply(JFunction0$mcV$sp.java:23)
[2025-09-01 13:08:00,137] {subprocess.py:92} INFO - 	at org.apache.spark.sql.execution.streaming.ProgressReporter.reportTimeTaken(ProgressReporter.scala:375)
[2025-09-01 13:08:00,137] {subprocess.py:92} INFO - 	at org.apache.spark.sql.execution.streaming.ProgressReporter.reportTimeTaken$(ProgressReporter.scala:373)
[2025-09-01 13:08:00,137] {subprocess.py:92} INFO - 	at org.apache.spark.sql.execution.streaming.StreamExecution.reportTimeTaken(StreamExecution.scala:68)
[2025-09-01 13:08:00,137] {subprocess.py:92} INFO - 	at org.apache.spark.sql.execution.streaming.MicroBatchExecution.$anonfun$constructNextBatch$1(MicroBatchExecution.scala:493)
[2025-09-01 13:08:00,137] {subprocess.py:92} INFO - 	at scala.runtime.java8.JFunction0$mcZ$sp.apply(JFunction0$mcZ$sp.java:23)
[2025-09-01 13:08:00,137] {subprocess.py:92} INFO - 	at org.apache.spark.sql.execution.streaming.MicroBatchExecution.withProgressLocked(MicroBatchExecution.scala:693)
[2025-09-01 13:08:00,137] {subprocess.py:92} INFO - 	at org.apache.spark.sql.execution.streaming.MicroBatchExecution.constructNextBatch(MicroBatchExecution.scala:433)
[2025-09-01 13:08:00,137] {subprocess.py:92} INFO - 	at org.apache.spark.sql.execution.streaming.MicroBatchExecution.$anonfun$runActivatedStream$2(MicroBatchExecution.scala:238)
[2025-09-01 13:08:00,137] {subprocess.py:92} INFO - 	at scala.runtime.java8.JFunction0$mcV$sp.apply(JFunction0$mcV$sp.java:23)
[2025-09-01 13:08:00,137] {subprocess.py:92} INFO - 	at org.apache.spark.sql.execution.streaming.ProgressReporter.reportTimeTaken(ProgressReporter.scala:375)
[2025-09-01 13:08:00,137] {subprocess.py:92} INFO - 	at org.apache.spark.sql.execution.streaming.ProgressReporter.reportTimeTaken$(ProgressReporter.scala:373)
[2025-09-01 13:08:00,137] {subprocess.py:92} INFO - 	at org.apache.spark.sql.execution.streaming.StreamExecution.reportTimeTaken(StreamExecution.scala:68)
[2025-09-01 13:08:00,137] {subprocess.py:92} INFO - 	at org.apache.spark.sql.execution.streaming.MicroBatchExecution.$anonfun$runActivatedStream$1(MicroBatchExecution.scala:219)
[2025-09-01 13:08:00,137] {subprocess.py:92} INFO - 	at org.apache.spark.sql.execution.streaming.ProcessingTimeExecutor.execute(TriggerExecutor.scala:67)
[2025-09-01 13:08:00,138] {subprocess.py:92} INFO - 	at org.apache.spark.sql.execution.streaming.MicroBatchExecution.runActivatedStream(MicroBatchExecution.scala:213)
[2025-09-01 13:08:00,138] {subprocess.py:92} INFO - 	at org.apache.spark.sql.execution.streaming.StreamExecution.$anonfun$runStream$1(StreamExecution.scala:307)
[2025-09-01 13:08:00,138] {subprocess.py:92} INFO - 	at scala.runtime.java8.JFunction0$mcV$sp.apply(JFunction0$mcV$sp.java:23)
[2025-09-01 13:08:00,138] {subprocess.py:92} INFO - 	at org.apache.spark.sql.SparkSession.withActive(SparkSession.scala:779)
[2025-09-01 13:08:00,138] {subprocess.py:92} INFO - 	at org.apache.spark.sql.execution.streaming.StreamExecution.org$apache$spark$sql$execution$streaming$StreamExecution$$runStream(StreamExecution.scala:285)
[2025-09-01 13:08:00,138] {subprocess.py:92} INFO - 	... 1 more
[2025-09-01 13:08:00,273] {subprocess.py:92} INFO - Traceback (most recent call last):
[2025-09-01 13:08:00,274] {subprocess.py:92} INFO -   File "/opt/***/scripts/pyspark/streaming.py", line 60, in <module>
[2025-09-01 13:08:00,274] {subprocess.py:92} INFO -     query.awaitTermination()
[2025-09-01 13:08:00,274] {subprocess.py:92} INFO -   File "/opt/spark-3.3.1-bin-hadoop3/python/lib/pyspark.zip/pyspark/sql/streaming.py", line 107, in awaitTermination
[2025-09-01 13:08:00,274] {subprocess.py:92} INFO -   File "/opt/spark-3.3.1-bin-hadoop3/python/lib/py4j-0.10.9.5-src.zip/py4j/java_gateway.py", line 1322, in __call__
[2025-09-01 13:08:00,274] {subprocess.py:92} INFO -   File "/opt/spark-3.3.1-bin-hadoop3/python/lib/pyspark.zip/pyspark/sql/utils.py", line 196, in deco
[2025-09-01 13:08:00,285] {subprocess.py:92} INFO - pyspark.sql.utils.StreamingQueryException: Query [id = 8bb46a74-6ffa-4764-a9c6-2e4a331d8211, runId = 8cdb63e4-80bc-4ff7-9ecd-b6ec4daa9f30] terminated with exception: Execution of the stream null failed. Please, fill a bug report in, and provide the full stack trace.
[2025-09-01 13:08:00,550] {subprocess.py:96} INFO - Command exited with return code 1
[2025-09-01 13:08:00,600] {taskinstance.py:1889} ERROR - Task failed with exception
Traceback (most recent call last):
  File "/home/airflow/.local/lib/python3.7/site-packages/airflow/operators/bash.py", line 195, in execute
    f'Bash command failed. The command returned a non-zero exit code {result.exit_code}.'
airflow.exceptions.AirflowException: Bash command failed. The command returned a non-zero exit code 1.
[2025-09-01 13:08:00,609] {taskinstance.py:1400} INFO - Marking task as UP_FOR_RETRY. dag_id=send_weather_to_kafka, task_id=stream_hdfs, execution_date=20250901T120537, start_date=20250901T123614, end_date=20250901T130800
[2025-09-01 13:08:00,652] {standard_task_runner.py:97} ERROR - Failed to execute job 537 for task stream_hdfs (Bash command failed. The command returned a non-zero exit code 1.; 15837)
[2025-09-01 13:08:00,689] {local_task_job.py:156} INFO - Task exited with return code 1
[2025-09-01 13:08:00,754] {local_task_job.py:273} INFO - 0 downstream tasks scheduled from follow-on schedule check
