[2025-09-01 13:11:01,340] {taskinstance.py:1159} INFO - Dependencies all met for <TaskInstance: send_weather_to_kafka.stream_hdfs scheduled__2025-09-01T12:05:37.472858+00:00 [queued]>
[2025-09-01 13:11:01,358] {taskinstance.py:1159} INFO - Dependencies all met for <TaskInstance: send_weather_to_kafka.stream_hdfs scheduled__2025-09-01T12:05:37.472858+00:00 [queued]>
[2025-09-01 13:11:01,358] {taskinstance.py:1356} INFO - 
--------------------------------------------------------------------------------
[2025-09-01 13:11:01,358] {taskinstance.py:1357} INFO - Starting attempt 2 of 2
[2025-09-01 13:11:01,358] {taskinstance.py:1358} INFO - 
--------------------------------------------------------------------------------
[2025-09-01 13:11:01,381] {taskinstance.py:1377} INFO - Executing <Task(BashOperator): stream_hdfs> on 2025-09-01 12:05:37.472858+00:00
[2025-09-01 13:11:01,388] {standard_task_runner.py:52} INFO - Started process 19653 to run task
[2025-09-01 13:11:01,393] {standard_task_runner.py:79} INFO - Running: ['***', 'tasks', 'run', 'send_weather_to_kafka', 'stream_hdfs', 'scheduled__2025-09-01T12:05:37.472858+00:00', '--job-id', '562', '--raw', '--subdir', 'DAGS_FOLDER/dag_meteo.py', '--cfg-path', '/tmp/tmpyypyk_w1', '--error-file', '/tmp/tmpf2no7yab']
[2025-09-01 13:11:01,394] {standard_task_runner.py:80} INFO - Job 562: Subtask stream_hdfs
[2025-09-01 13:11:01,418] {logging_mixin.py:115} WARNING - /home/***/.local/lib/python3.7/site-packages/***/configuration.py:470 DeprecationWarning: The sql_alchemy_conn option in [core] has been moved to the sql_alchemy_conn option in [database] - the old setting has been used, but please update your config.
[2025-09-01 13:11:01,472] {task_command.py:369} INFO - Running <TaskInstance: send_weather_to_kafka.stream_hdfs scheduled__2025-09-01T12:05:37.472858+00:00 [running]> on host e66737cfc193
[2025-09-01 13:11:01,601] {taskinstance.py:1571} INFO - Exporting the following env vars:
AIRFLOW_CTX_DAG_OWNER=***
AIRFLOW_CTX_DAG_ID=send_weather_to_kafka
AIRFLOW_CTX_TASK_ID=stream_hdfs
AIRFLOW_CTX_EXECUTION_DATE=2025-09-01T12:05:37.472858+00:00
AIRFLOW_CTX_TRY_NUMBER=2
AIRFLOW_CTX_DAG_RUN_ID=scheduled__2025-09-01T12:05:37.472858+00:00
[2025-09-01 13:11:01,602] {subprocess.py:62} INFO - Tmp dir root location: 
 /tmp
[2025-09-01 13:11:01,603] {subprocess.py:74} INFO - Running command: ['bash', '-c', '\n/home/***/.local/bin/spark-submit   --master local[*]   --conf spark.hadoop.fs.defaultFS=hdfs://namenode:9000   --conf spark.hadoop.dfs.client.use.datanode.hostname=true   --conf spark.sql.adaptive.enabled=false   --packages org.apache.spark:spark-sql-kafka-0-10_2.12:3.3.1   /opt/***/scripts/pyspark/streaming.py']
[2025-09-01 13:11:01,615] {subprocess.py:85} INFO - Output:
[2025-09-01 13:11:01,629] {subprocess.py:92} INFO - /opt/spark-3.3.1-bin-hadoop3/bin/load-spark-env.sh: line 68: ps: command not found
[2025-09-01 13:11:03,205] {subprocess.py:92} INFO - :: loading settings :: url = jar:file:/opt/spark-3.3.1-bin-hadoop3/jars/ivy-2.5.0.jar!/org/apache/ivy/core/settings/ivysettings.xml
[2025-09-01 13:11:03,305] {subprocess.py:92} INFO - Ivy Default Cache set to: /home/***/.ivy2/cache
[2025-09-01 13:11:03,306] {subprocess.py:92} INFO - The jars for the packages stored in: /home/***/.ivy2/jars
[2025-09-01 13:11:03,311] {subprocess.py:92} INFO - org.apache.spark#spark-sql-kafka-0-10_2.12 added as a dependency
[2025-09-01 13:11:03,312] {subprocess.py:92} INFO - :: resolving dependencies :: org.apache.spark#spark-submit-parent-0cd7a232-a1b3-4d8a-bbf9-3f1c01fd49d3;1.0
[2025-09-01 13:11:03,312] {subprocess.py:92} INFO - 	confs: [default]
[2025-09-01 13:11:03,466] {subprocess.py:92} INFO - 	found org.apache.spark#spark-sql-kafka-0-10_2.12;3.3.1 in spark-list
[2025-09-01 13:11:03,525] {subprocess.py:92} INFO - 	found org.apache.spark#spark-token-provider-kafka-0-10_2.12;3.3.1 in central
[2025-09-01 13:11:03,553] {subprocess.py:92} INFO - 	found org.apache.kafka#kafka-clients;2.8.1 in central
[2025-09-01 13:11:03,579] {subprocess.py:92} INFO - 	found org.lz4#lz4-java;1.8.0 in central
[2025-09-01 13:11:03,601] {subprocess.py:92} INFO - 	found org.xerial.snappy#snappy-java;1.1.8.4 in central
[2025-09-01 13:11:03,619] {subprocess.py:92} INFO - 	found org.slf4j#slf4j-api;1.7.32 in central
[2025-09-01 13:11:03,642] {subprocess.py:92} INFO - 	found org.apache.hadoop#hadoop-client-runtime;3.3.2 in central
[2025-09-01 13:11:03,655] {subprocess.py:92} INFO - 	found org.spark-project.spark#unused;1.0.0 in central
[2025-09-01 13:11:03,689] {subprocess.py:92} INFO - 	found org.apache.hadoop#hadoop-client-api;3.3.2 in central
[2025-09-01 13:11:03,714] {subprocess.py:92} INFO - 	found commons-logging#commons-logging;1.1.3 in central
[2025-09-01 13:11:03,726] {subprocess.py:92} INFO - 	found com.google.code.findbugs#jsr305;3.0.0 in central
[2025-09-01 13:11:03,737] {subprocess.py:92} INFO - 	found org.apache.commons#commons-pool2;2.11.1 in central
[2025-09-01 13:11:03,760] {subprocess.py:92} INFO - :: resolution report :: resolve 437ms :: artifacts dl 12ms
[2025-09-01 13:11:03,761] {subprocess.py:92} INFO - 	:: modules in use:
[2025-09-01 13:11:03,761] {subprocess.py:92} INFO - 	com.google.code.findbugs#jsr305;3.0.0 from central in [default]
[2025-09-01 13:11:03,761] {subprocess.py:92} INFO - 	commons-logging#commons-logging;1.1.3 from central in [default]
[2025-09-01 13:11:03,761] {subprocess.py:92} INFO - 	org.apache.commons#commons-pool2;2.11.1 from central in [default]
[2025-09-01 13:11:03,761] {subprocess.py:92} INFO - 	org.apache.hadoop#hadoop-client-api;3.3.2 from central in [default]
[2025-09-01 13:11:03,761] {subprocess.py:92} INFO - 	org.apache.hadoop#hadoop-client-runtime;3.3.2 from central in [default]
[2025-09-01 13:11:03,761] {subprocess.py:92} INFO - 	org.apache.kafka#kafka-clients;2.8.1 from central in [default]
[2025-09-01 13:11:03,761] {subprocess.py:92} INFO - 	org.apache.spark#spark-sql-kafka-0-10_2.12;3.3.1 from spark-list in [default]
[2025-09-01 13:11:03,761] {subprocess.py:92} INFO - 	org.apache.spark#spark-token-provider-kafka-0-10_2.12;3.3.1 from central in [default]
[2025-09-01 13:11:03,761] {subprocess.py:92} INFO - 	org.lz4#lz4-java;1.8.0 from central in [default]
[2025-09-01 13:11:03,762] {subprocess.py:92} INFO - 	org.slf4j#slf4j-api;1.7.32 from central in [default]
[2025-09-01 13:11:03,762] {subprocess.py:92} INFO - 	org.spark-project.spark#unused;1.0.0 from central in [default]
[2025-09-01 13:11:03,762] {subprocess.py:92} INFO - 	org.xerial.snappy#snappy-java;1.1.8.4 from central in [default]
[2025-09-01 13:11:03,762] {subprocess.py:92} INFO - 	---------------------------------------------------------------------
[2025-09-01 13:11:03,762] {subprocess.py:92} INFO - 	|                  |            modules            ||   artifacts   |
[2025-09-01 13:11:03,762] {subprocess.py:92} INFO - 	|       conf       | number| search|dwnlded|evicted|| number|dwnlded|
[2025-09-01 13:11:03,762] {subprocess.py:92} INFO - 	---------------------------------------------------------------------
[2025-09-01 13:11:03,762] {subprocess.py:92} INFO - 	|      default     |   12  |   0   |   0   |   0   ||   12  |   0   |
[2025-09-01 13:11:03,762] {subprocess.py:92} INFO - 	---------------------------------------------------------------------
[2025-09-01 13:11:03,767] {subprocess.py:92} INFO - :: retrieving :: org.apache.spark#spark-submit-parent-0cd7a232-a1b3-4d8a-bbf9-3f1c01fd49d3
[2025-09-01 13:11:03,767] {subprocess.py:92} INFO - 	confs: [default]
[2025-09-01 13:11:03,775] {subprocess.py:92} INFO - 	0 artifacts copied, 12 already retrieved (0kB/8ms)
[2025-09-01 13:11:03,988] {subprocess.py:92} INFO - 25/09/01 13:11:03 WARN NativeCodeLoader: Unable to load native-hadoop library for your platform... using builtin-java classes where applicable
[2025-09-01 13:11:05,198] {subprocess.py:92} INFO - 25/09/01 13:11:05 INFO SparkContext: Running Spark version 3.3.1
[2025-09-01 13:11:05,222] {subprocess.py:92} INFO - 25/09/01 13:11:05 INFO ResourceUtils: ==============================================================
[2025-09-01 13:11:05,222] {subprocess.py:92} INFO - 25/09/01 13:11:05 INFO ResourceUtils: No custom resources configured for spark.driver.
[2025-09-01 13:11:05,222] {subprocess.py:92} INFO - 25/09/01 13:11:05 INFO ResourceUtils: ==============================================================
[2025-09-01 13:11:05,222] {subprocess.py:92} INFO - 25/09/01 13:11:05 INFO SparkContext: Submitted application: KafkaToHDFSWeather
[2025-09-01 13:11:05,252] {subprocess.py:92} INFO - 25/09/01 13:11:05 INFO ResourceProfile: Default ResourceProfile created, executor resources: Map(cores -> name: cores, amount: 1, script: , vendor: , memory -> name: memory, amount: 1024, script: , vendor: , offHeap -> name: offHeap, amount: 0, script: , vendor: ), task resources: Map(cpus -> name: cpus, amount: 1.0)
[2025-09-01 13:11:05,264] {subprocess.py:92} INFO - 25/09/01 13:11:05 INFO ResourceProfile: Limiting resource is cpu
[2025-09-01 13:11:05,264] {subprocess.py:92} INFO - 25/09/01 13:11:05 INFO ResourceProfileManager: Added ResourceProfile id: 0
[2025-09-01 13:11:05,319] {subprocess.py:92} INFO - 25/09/01 13:11:05 INFO SecurityManager: Changing view acls to: ***
[2025-09-01 13:11:05,320] {subprocess.py:92} INFO - 25/09/01 13:11:05 INFO SecurityManager: Changing modify acls to: ***
[2025-09-01 13:11:05,320] {subprocess.py:92} INFO - 25/09/01 13:11:05 INFO SecurityManager: Changing view acls groups to:
[2025-09-01 13:11:05,321] {subprocess.py:92} INFO - 25/09/01 13:11:05 INFO SecurityManager: Changing modify acls groups to:
[2025-09-01 13:11:05,321] {subprocess.py:92} INFO - 25/09/01 13:11:05 INFO SecurityManager: SecurityManager: authentication disabled; ui acls disabled; users  with view permissions: Set(***); groups with view permissions: Set(); users  with modify permissions: Set(***); groups with modify permissions: Set()
[2025-09-01 13:11:05,580] {subprocess.py:92} INFO - 25/09/01 13:11:05 INFO Utils: Successfully started service 'sparkDriver' on port 37261.
[2025-09-01 13:11:05,608] {subprocess.py:92} INFO - 25/09/01 13:11:05 INFO SparkEnv: Registering MapOutputTracker
[2025-09-01 13:11:05,656] {subprocess.py:92} INFO - 25/09/01 13:11:05 INFO SparkEnv: Registering BlockManagerMaster
[2025-09-01 13:11:05,673] {subprocess.py:92} INFO - 25/09/01 13:11:05 INFO BlockManagerMasterEndpoint: Using org.apache.spark.storage.DefaultTopologyMapper for getting topology information
[2025-09-01 13:11:05,674] {subprocess.py:92} INFO - 25/09/01 13:11:05 INFO BlockManagerMasterEndpoint: BlockManagerMasterEndpoint up
[2025-09-01 13:11:05,678] {subprocess.py:92} INFO - 25/09/01 13:11:05 INFO SparkEnv: Registering BlockManagerMasterHeartbeat
[2025-09-01 13:11:05,711] {subprocess.py:92} INFO - 25/09/01 13:11:05 INFO DiskBlockManager: Created local directory at /tmp/blockmgr-8458bb80-54a1-4d6d-bdfb-ce4de34bbdf3
[2025-09-01 13:11:05,731] {subprocess.py:92} INFO - 25/09/01 13:11:05 INFO MemoryStore: MemoryStore started with capacity 434.4 MiB
[2025-09-01 13:11:05,750] {subprocess.py:92} INFO - 25/09/01 13:11:05 INFO SparkEnv: Registering OutputCommitCoordinator
[2025-09-01 13:11:05,954] {subprocess.py:92} INFO - 25/09/01 13:11:05 WARN Utils: Service 'SparkUI' could not bind on port 4040. Attempting port 4041.
[2025-09-01 13:11:05,955] {subprocess.py:92} INFO - 25/09/01 13:11:05 WARN Utils: Service 'SparkUI' could not bind on port 4041. Attempting port 4042.
[2025-09-01 13:11:05,955] {subprocess.py:92} INFO - 25/09/01 13:11:05 WARN Utils: Service 'SparkUI' could not bind on port 4042. Attempting port 4043.
[2025-09-01 13:11:05,955] {subprocess.py:92} INFO - 25/09/01 13:11:05 WARN Utils: Service 'SparkUI' could not bind on port 4043. Attempting port 4044.
[2025-09-01 13:11:05,956] {subprocess.py:92} INFO - 25/09/01 13:11:05 WARN Utils: Service 'SparkUI' could not bind on port 4044. Attempting port 4045.
[2025-09-01 13:11:05,966] {subprocess.py:92} INFO - 25/09/01 13:11:05 INFO Utils: Successfully started service 'SparkUI' on port 4045.
[2025-09-01 13:11:06,001] {subprocess.py:92} INFO - 25/09/01 13:11:06 INFO SparkContext: Added JAR file:///home/***/.ivy2/jars/org.apache.spark_spark-sql-kafka-0-10_2.12-3.3.1.jar at spark://e66737cfc193:37261/jars/org.apache.spark_spark-sql-kafka-0-10_2.12-3.3.1.jar with timestamp 1756732265188
[2025-09-01 13:11:06,001] {subprocess.py:92} INFO - 25/09/01 13:11:06 INFO SparkContext: Added JAR file:///home/***/.ivy2/jars/org.apache.spark_spark-token-provider-kafka-0-10_2.12-3.3.1.jar at spark://e66737cfc193:37261/jars/org.apache.spark_spark-token-provider-kafka-0-10_2.12-3.3.1.jar with timestamp 1756732265188
[2025-09-01 13:11:06,001] {subprocess.py:92} INFO - 25/09/01 13:11:06 INFO SparkContext: Added JAR file:///home/***/.ivy2/jars/org.apache.kafka_kafka-clients-2.8.1.jar at spark://e66737cfc193:37261/jars/org.apache.kafka_kafka-clients-2.8.1.jar with timestamp 1756732265188
[2025-09-01 13:11:06,001] {subprocess.py:92} INFO - 25/09/01 13:11:06 INFO SparkContext: Added JAR file:///home/***/.ivy2/jars/com.google.code.findbugs_jsr305-3.0.0.jar at spark://e66737cfc193:37261/jars/com.google.code.findbugs_jsr305-3.0.0.jar with timestamp 1756732265188
[2025-09-01 13:11:06,002] {subprocess.py:92} INFO - 25/09/01 13:11:06 INFO SparkContext: Added JAR file:///home/***/.ivy2/jars/org.apache.commons_commons-pool2-2.11.1.jar at spark://e66737cfc193:37261/jars/org.apache.commons_commons-pool2-2.11.1.jar with timestamp 1756732265188
[2025-09-01 13:11:06,002] {subprocess.py:92} INFO - 25/09/01 13:11:06 INFO SparkContext: Added JAR file:///home/***/.ivy2/jars/org.spark-project.spark_unused-1.0.0.jar at spark://e66737cfc193:37261/jars/org.spark-project.spark_unused-1.0.0.jar with timestamp 1756732265188
[2025-09-01 13:11:06,002] {subprocess.py:92} INFO - 25/09/01 13:11:06 INFO SparkContext: Added JAR file:///home/***/.ivy2/jars/org.apache.hadoop_hadoop-client-runtime-3.3.2.jar at spark://e66737cfc193:37261/jars/org.apache.hadoop_hadoop-client-runtime-3.3.2.jar with timestamp 1756732265188
[2025-09-01 13:11:06,002] {subprocess.py:92} INFO - 25/09/01 13:11:06 INFO SparkContext: Added JAR file:///home/***/.ivy2/jars/org.lz4_lz4-java-1.8.0.jar at spark://e66737cfc193:37261/jars/org.lz4_lz4-java-1.8.0.jar with timestamp 1756732265188
[2025-09-01 13:11:06,002] {subprocess.py:92} INFO - 25/09/01 13:11:06 INFO SparkContext: Added JAR file:///home/***/.ivy2/jars/org.xerial.snappy_snappy-java-1.1.8.4.jar at spark://e66737cfc193:37261/jars/org.xerial.snappy_snappy-java-1.1.8.4.jar with timestamp 1756732265188
[2025-09-01 13:11:06,002] {subprocess.py:92} INFO - 25/09/01 13:11:06 INFO SparkContext: Added JAR file:///home/***/.ivy2/jars/org.slf4j_slf4j-api-1.7.32.jar at spark://e66737cfc193:37261/jars/org.slf4j_slf4j-api-1.7.32.jar with timestamp 1756732265188
[2025-09-01 13:11:06,002] {subprocess.py:92} INFO - 25/09/01 13:11:06 INFO SparkContext: Added JAR file:///home/***/.ivy2/jars/org.apache.hadoop_hadoop-client-api-3.3.2.jar at spark://e66737cfc193:37261/jars/org.apache.hadoop_hadoop-client-api-3.3.2.jar with timestamp 1756732265188
[2025-09-01 13:11:06,002] {subprocess.py:92} INFO - 25/09/01 13:11:06 INFO SparkContext: Added JAR file:///home/***/.ivy2/jars/commons-logging_commons-logging-1.1.3.jar at spark://e66737cfc193:37261/jars/commons-logging_commons-logging-1.1.3.jar with timestamp 1756732265188
[2025-09-01 13:11:06,005] {subprocess.py:92} INFO - 25/09/01 13:11:06 INFO SparkContext: Added file file:///home/***/.ivy2/jars/org.apache.spark_spark-sql-kafka-0-10_2.12-3.3.1.jar at file:///home/***/.ivy2/jars/org.apache.spark_spark-sql-kafka-0-10_2.12-3.3.1.jar with timestamp 1756732265188
[2025-09-01 13:11:06,006] {subprocess.py:92} INFO - 25/09/01 13:11:06 INFO Utils: Copying /home/***/.ivy2/jars/org.apache.spark_spark-sql-kafka-0-10_2.12-3.3.1.jar to /tmp/spark-e3116aa6-18e0-40da-b9af-972401f6ad57/userFiles-6ecb38b5-23d6-448c-9155-82f7f5202614/org.apache.spark_spark-sql-kafka-0-10_2.12-3.3.1.jar
[2025-09-01 13:11:06,017] {subprocess.py:92} INFO - 25/09/01 13:11:06 INFO SparkContext: Added file file:///home/***/.ivy2/jars/org.apache.spark_spark-token-provider-kafka-0-10_2.12-3.3.1.jar at file:///home/***/.ivy2/jars/org.apache.spark_spark-token-provider-kafka-0-10_2.12-3.3.1.jar with timestamp 1756732265188
[2025-09-01 13:11:06,017] {subprocess.py:92} INFO - 25/09/01 13:11:06 INFO Utils: Copying /home/***/.ivy2/jars/org.apache.spark_spark-token-provider-kafka-0-10_2.12-3.3.1.jar to /tmp/spark-e3116aa6-18e0-40da-b9af-972401f6ad57/userFiles-6ecb38b5-23d6-448c-9155-82f7f5202614/org.apache.spark_spark-token-provider-kafka-0-10_2.12-3.3.1.jar
[2025-09-01 13:11:06,022] {subprocess.py:92} INFO - 25/09/01 13:11:06 INFO SparkContext: Added file file:///home/***/.ivy2/jars/org.apache.kafka_kafka-clients-2.8.1.jar at file:///home/***/.ivy2/jars/org.apache.kafka_kafka-clients-2.8.1.jar with timestamp 1756732265188
[2025-09-01 13:11:06,023] {subprocess.py:92} INFO - 25/09/01 13:11:06 INFO Utils: Copying /home/***/.ivy2/jars/org.apache.kafka_kafka-clients-2.8.1.jar to /tmp/spark-e3116aa6-18e0-40da-b9af-972401f6ad57/userFiles-6ecb38b5-23d6-448c-9155-82f7f5202614/org.apache.kafka_kafka-clients-2.8.1.jar
[2025-09-01 13:11:06,033] {subprocess.py:92} INFO - 25/09/01 13:11:06 INFO SparkContext: Added file file:///home/***/.ivy2/jars/com.google.code.findbugs_jsr305-3.0.0.jar at file:///home/***/.ivy2/jars/com.google.code.findbugs_jsr305-3.0.0.jar with timestamp 1756732265188
[2025-09-01 13:11:06,033] {subprocess.py:92} INFO - 25/09/01 13:11:06 INFO Utils: Copying /home/***/.ivy2/jars/com.google.code.findbugs_jsr305-3.0.0.jar to /tmp/spark-e3116aa6-18e0-40da-b9af-972401f6ad57/userFiles-6ecb38b5-23d6-448c-9155-82f7f5202614/com.google.code.findbugs_jsr305-3.0.0.jar
[2025-09-01 13:11:06,038] {subprocess.py:92} INFO - 25/09/01 13:11:06 INFO SparkContext: Added file file:///home/***/.ivy2/jars/org.apache.commons_commons-pool2-2.11.1.jar at file:///home/***/.ivy2/jars/org.apache.commons_commons-pool2-2.11.1.jar with timestamp 1756732265188
[2025-09-01 13:11:06,038] {subprocess.py:92} INFO - 25/09/01 13:11:06 INFO Utils: Copying /home/***/.ivy2/jars/org.apache.commons_commons-pool2-2.11.1.jar to /tmp/spark-e3116aa6-18e0-40da-b9af-972401f6ad57/userFiles-6ecb38b5-23d6-448c-9155-82f7f5202614/org.apache.commons_commons-pool2-2.11.1.jar
[2025-09-01 13:11:06,043] {subprocess.py:92} INFO - 25/09/01 13:11:06 INFO SparkContext: Added file file:///home/***/.ivy2/jars/org.spark-project.spark_unused-1.0.0.jar at file:///home/***/.ivy2/jars/org.spark-project.spark_unused-1.0.0.jar with timestamp 1756732265188
[2025-09-01 13:11:06,044] {subprocess.py:92} INFO - 25/09/01 13:11:06 INFO Utils: Copying /home/***/.ivy2/jars/org.spark-project.spark_unused-1.0.0.jar to /tmp/spark-e3116aa6-18e0-40da-b9af-972401f6ad57/userFiles-6ecb38b5-23d6-448c-9155-82f7f5202614/org.spark-project.spark_unused-1.0.0.jar
[2025-09-01 13:11:06,050] {subprocess.py:92} INFO - 25/09/01 13:11:06 INFO SparkContext: Added file file:///home/***/.ivy2/jars/org.apache.hadoop_hadoop-client-runtime-3.3.2.jar at file:///home/***/.ivy2/jars/org.apache.hadoop_hadoop-client-runtime-3.3.2.jar with timestamp 1756732265188
[2025-09-01 13:11:06,050] {subprocess.py:92} INFO - 25/09/01 13:11:06 INFO Utils: Copying /home/***/.ivy2/jars/org.apache.hadoop_hadoop-client-runtime-3.3.2.jar to /tmp/spark-e3116aa6-18e0-40da-b9af-972401f6ad57/userFiles-6ecb38b5-23d6-448c-9155-82f7f5202614/org.apache.hadoop_hadoop-client-runtime-3.3.2.jar
[2025-09-01 13:11:06,081] {subprocess.py:92} INFO - 25/09/01 13:11:06 INFO SparkContext: Added file file:///home/***/.ivy2/jars/org.lz4_lz4-java-1.8.0.jar at file:///home/***/.ivy2/jars/org.lz4_lz4-java-1.8.0.jar with timestamp 1756732265188
[2025-09-01 13:11:06,081] {subprocess.py:92} INFO - 25/09/01 13:11:06 INFO Utils: Copying /home/***/.ivy2/jars/org.lz4_lz4-java-1.8.0.jar to /tmp/spark-e3116aa6-18e0-40da-b9af-972401f6ad57/userFiles-6ecb38b5-23d6-448c-9155-82f7f5202614/org.lz4_lz4-java-1.8.0.jar
[2025-09-01 13:11:06,088] {subprocess.py:92} INFO - 25/09/01 13:11:06 INFO SparkContext: Added file file:///home/***/.ivy2/jars/org.xerial.snappy_snappy-java-1.1.8.4.jar at file:///home/***/.ivy2/jars/org.xerial.snappy_snappy-java-1.1.8.4.jar with timestamp 1756732265188
[2025-09-01 13:11:06,088] {subprocess.py:92} INFO - 25/09/01 13:11:06 INFO Utils: Copying /home/***/.ivy2/jars/org.xerial.snappy_snappy-java-1.1.8.4.jar to /tmp/spark-e3116aa6-18e0-40da-b9af-972401f6ad57/userFiles-6ecb38b5-23d6-448c-9155-82f7f5202614/org.xerial.snappy_snappy-java-1.1.8.4.jar
[2025-09-01 13:11:06,097] {subprocess.py:92} INFO - 25/09/01 13:11:06 INFO SparkContext: Added file file:///home/***/.ivy2/jars/org.slf4j_slf4j-api-1.7.32.jar at file:///home/***/.ivy2/jars/org.slf4j_slf4j-api-1.7.32.jar with timestamp 1756732265188
[2025-09-01 13:11:06,098] {subprocess.py:92} INFO - 25/09/01 13:11:06 INFO Utils: Copying /home/***/.ivy2/jars/org.slf4j_slf4j-api-1.7.32.jar to /tmp/spark-e3116aa6-18e0-40da-b9af-972401f6ad57/userFiles-6ecb38b5-23d6-448c-9155-82f7f5202614/org.slf4j_slf4j-api-1.7.32.jar
[2025-09-01 13:11:06,109] {subprocess.py:92} INFO - 25/09/01 13:11:06 INFO SparkContext: Added file file:///home/***/.ivy2/jars/org.apache.hadoop_hadoop-client-api-3.3.2.jar at file:///home/***/.ivy2/jars/org.apache.hadoop_hadoop-client-api-3.3.2.jar with timestamp 1756732265188
[2025-09-01 13:11:06,109] {subprocess.py:92} INFO - 25/09/01 13:11:06 INFO Utils: Copying /home/***/.ivy2/jars/org.apache.hadoop_hadoop-client-api-3.3.2.jar to /tmp/spark-e3116aa6-18e0-40da-b9af-972401f6ad57/userFiles-6ecb38b5-23d6-448c-9155-82f7f5202614/org.apache.hadoop_hadoop-client-api-3.3.2.jar
[2025-09-01 13:11:06,216] {subprocess.py:92} INFO - 25/09/01 13:11:06 INFO SparkContext: Added file file:///home/***/.ivy2/jars/commons-logging_commons-logging-1.1.3.jar at file:///home/***/.ivy2/jars/commons-logging_commons-logging-1.1.3.jar with timestamp 1756732265188
[2025-09-01 13:11:06,216] {subprocess.py:92} INFO - 25/09/01 13:11:06 INFO Utils: Copying /home/***/.ivy2/jars/commons-logging_commons-logging-1.1.3.jar to /tmp/spark-e3116aa6-18e0-40da-b9af-972401f6ad57/userFiles-6ecb38b5-23d6-448c-9155-82f7f5202614/commons-logging_commons-logging-1.1.3.jar
[2025-09-01 13:11:06,298] {subprocess.py:92} INFO - 25/09/01 13:11:06 INFO Executor: Starting executor ID driver on host e66737cfc193
[2025-09-01 13:11:06,304] {subprocess.py:92} INFO - 25/09/01 13:11:06 INFO Executor: Starting executor with user classpath (userClassPathFirst = false): ''
[2025-09-01 13:11:06,319] {subprocess.py:92} INFO - 25/09/01 13:11:06 INFO Executor: Fetching file:///home/***/.ivy2/jars/commons-logging_commons-logging-1.1.3.jar with timestamp 1756732265188
[2025-09-01 13:11:06,338] {subprocess.py:92} INFO - 25/09/01 13:11:06 INFO Utils: /home/***/.ivy2/jars/commons-logging_commons-logging-1.1.3.jar has been previously copied to /tmp/spark-e3116aa6-18e0-40da-b9af-972401f6ad57/userFiles-6ecb38b5-23d6-448c-9155-82f7f5202614/commons-logging_commons-logging-1.1.3.jar
[2025-09-01 13:11:06,343] {subprocess.py:92} INFO - 25/09/01 13:11:06 INFO Executor: Fetching file:///home/***/.ivy2/jars/org.spark-project.spark_unused-1.0.0.jar with timestamp 1756732265188
[2025-09-01 13:11:06,343] {subprocess.py:92} INFO - 25/09/01 13:11:06 INFO Utils: /home/***/.ivy2/jars/org.spark-project.spark_unused-1.0.0.jar has been previously copied to /tmp/spark-e3116aa6-18e0-40da-b9af-972401f6ad57/userFiles-6ecb38b5-23d6-448c-9155-82f7f5202614/org.spark-project.spark_unused-1.0.0.jar
[2025-09-01 13:11:06,348] {subprocess.py:92} INFO - 25/09/01 13:11:06 INFO Executor: Fetching file:///home/***/.ivy2/jars/org.apache.spark_spark-sql-kafka-0-10_2.12-3.3.1.jar with timestamp 1756732265188
[2025-09-01 13:11:06,354] {subprocess.py:92} INFO - 25/09/01 13:11:06 INFO Utils: /home/***/.ivy2/jars/org.apache.spark_spark-sql-kafka-0-10_2.12-3.3.1.jar has been previously copied to /tmp/spark-e3116aa6-18e0-40da-b9af-972401f6ad57/userFiles-6ecb38b5-23d6-448c-9155-82f7f5202614/org.apache.spark_spark-sql-kafka-0-10_2.12-3.3.1.jar
[2025-09-01 13:11:06,359] {subprocess.py:92} INFO - 25/09/01 13:11:06 INFO Executor: Fetching file:///home/***/.ivy2/jars/org.apache.hadoop_hadoop-client-api-3.3.2.jar with timestamp 1756732265188
[2025-09-01 13:11:06,378] {subprocess.py:92} INFO - 25/09/01 13:11:06 INFO Utils: /home/***/.ivy2/jars/org.apache.hadoop_hadoop-client-api-3.3.2.jar has been previously copied to /tmp/spark-e3116aa6-18e0-40da-b9af-972401f6ad57/userFiles-6ecb38b5-23d6-448c-9155-82f7f5202614/org.apache.hadoop_hadoop-client-api-3.3.2.jar
[2025-09-01 13:11:06,383] {subprocess.py:92} INFO - 25/09/01 13:11:06 INFO Executor: Fetching file:///home/***/.ivy2/jars/org.apache.hadoop_hadoop-client-runtime-3.3.2.jar with timestamp 1756732265188
[2025-09-01 13:11:06,418] {subprocess.py:92} INFO - 25/09/01 13:11:06 INFO Utils: /home/***/.ivy2/jars/org.apache.hadoop_hadoop-client-runtime-3.3.2.jar has been previously copied to /tmp/spark-e3116aa6-18e0-40da-b9af-972401f6ad57/userFiles-6ecb38b5-23d6-448c-9155-82f7f5202614/org.apache.hadoop_hadoop-client-runtime-3.3.2.jar
[2025-09-01 13:11:06,422] {subprocess.py:92} INFO - 25/09/01 13:11:06 INFO Executor: Fetching file:///home/***/.ivy2/jars/org.slf4j_slf4j-api-1.7.32.jar with timestamp 1756732265188
[2025-09-01 13:11:06,423] {subprocess.py:92} INFO - 25/09/01 13:11:06 INFO Utils: /home/***/.ivy2/jars/org.slf4j_slf4j-api-1.7.32.jar has been previously copied to /tmp/spark-e3116aa6-18e0-40da-b9af-972401f6ad57/userFiles-6ecb38b5-23d6-448c-9155-82f7f5202614/org.slf4j_slf4j-api-1.7.32.jar
[2025-09-01 13:11:06,428] {subprocess.py:92} INFO - 25/09/01 13:11:06 INFO Executor: Fetching file:///home/***/.ivy2/jars/org.lz4_lz4-java-1.8.0.jar with timestamp 1756732265188
[2025-09-01 13:11:06,431] {subprocess.py:92} INFO - 25/09/01 13:11:06 INFO Utils: /home/***/.ivy2/jars/org.lz4_lz4-java-1.8.0.jar has been previously copied to /tmp/spark-e3116aa6-18e0-40da-b9af-972401f6ad57/userFiles-6ecb38b5-23d6-448c-9155-82f7f5202614/org.lz4_lz4-java-1.8.0.jar
[2025-09-01 13:11:06,438] {subprocess.py:92} INFO - 25/09/01 13:11:06 INFO Executor: Fetching file:///home/***/.ivy2/jars/org.apache.commons_commons-pool2-2.11.1.jar with timestamp 1756732265188
[2025-09-01 13:11:06,439] {subprocess.py:92} INFO - 25/09/01 13:11:06 INFO Utils: /home/***/.ivy2/jars/org.apache.commons_commons-pool2-2.11.1.jar has been previously copied to /tmp/spark-e3116aa6-18e0-40da-b9af-972401f6ad57/userFiles-6ecb38b5-23d6-448c-9155-82f7f5202614/org.apache.commons_commons-pool2-2.11.1.jar
[2025-09-01 13:11:06,446] {subprocess.py:92} INFO - 25/09/01 13:11:06 INFO Executor: Fetching file:///home/***/.ivy2/jars/com.google.code.findbugs_jsr305-3.0.0.jar with timestamp 1756732265188
[2025-09-01 13:11:06,447] {subprocess.py:92} INFO - 25/09/01 13:11:06 INFO Utils: /home/***/.ivy2/jars/com.google.code.findbugs_jsr305-3.0.0.jar has been previously copied to /tmp/spark-e3116aa6-18e0-40da-b9af-972401f6ad57/userFiles-6ecb38b5-23d6-448c-9155-82f7f5202614/com.google.code.findbugs_jsr305-3.0.0.jar
[2025-09-01 13:11:06,452] {subprocess.py:92} INFO - 25/09/01 13:11:06 INFO Executor: Fetching file:///home/***/.ivy2/jars/org.apache.spark_spark-token-provider-kafka-0-10_2.12-3.3.1.jar with timestamp 1756732265188
[2025-09-01 13:11:06,453] {subprocess.py:92} INFO - 25/09/01 13:11:06 INFO Utils: /home/***/.ivy2/jars/org.apache.spark_spark-token-provider-kafka-0-10_2.12-3.3.1.jar has been previously copied to /tmp/spark-e3116aa6-18e0-40da-b9af-972401f6ad57/userFiles-6ecb38b5-23d6-448c-9155-82f7f5202614/org.apache.spark_spark-token-provider-kafka-0-10_2.12-3.3.1.jar
[2025-09-01 13:11:06,460] {subprocess.py:92} INFO - 25/09/01 13:11:06 INFO Executor: Fetching file:///home/***/.ivy2/jars/org.apache.kafka_kafka-clients-2.8.1.jar with timestamp 1756732265188
[2025-09-01 13:11:06,470] {subprocess.py:92} INFO - 25/09/01 13:11:06 INFO Utils: /home/***/.ivy2/jars/org.apache.kafka_kafka-clients-2.8.1.jar has been previously copied to /tmp/spark-e3116aa6-18e0-40da-b9af-972401f6ad57/userFiles-6ecb38b5-23d6-448c-9155-82f7f5202614/org.apache.kafka_kafka-clients-2.8.1.jar
[2025-09-01 13:11:06,477] {subprocess.py:92} INFO - 25/09/01 13:11:06 INFO Executor: Fetching file:///home/***/.ivy2/jars/org.xerial.snappy_snappy-java-1.1.8.4.jar with timestamp 1756732265188
[2025-09-01 13:11:06,481] {subprocess.py:92} INFO - 25/09/01 13:11:06 INFO Utils: /home/***/.ivy2/jars/org.xerial.snappy_snappy-java-1.1.8.4.jar has been previously copied to /tmp/spark-e3116aa6-18e0-40da-b9af-972401f6ad57/userFiles-6ecb38b5-23d6-448c-9155-82f7f5202614/org.xerial.snappy_snappy-java-1.1.8.4.jar
[2025-09-01 13:11:06,489] {subprocess.py:92} INFO - 25/09/01 13:11:06 INFO Executor: Fetching spark://e66737cfc193:37261/jars/org.lz4_lz4-java-1.8.0.jar with timestamp 1756732265188
[2025-09-01 13:11:06,546] {subprocess.py:92} INFO - 25/09/01 13:11:06 INFO TransportClientFactory: Successfully created connection to e66737cfc193/172.20.0.18:37261 after 38 ms (0 ms spent in bootstraps)
[2025-09-01 13:11:06,553] {subprocess.py:92} INFO - 25/09/01 13:11:06 INFO Utils: Fetching spark://e66737cfc193:37261/jars/org.lz4_lz4-java-1.8.0.jar to /tmp/spark-e3116aa6-18e0-40da-b9af-972401f6ad57/userFiles-6ecb38b5-23d6-448c-9155-82f7f5202614/fetchFileTemp13775107111461909724.tmp
[2025-09-01 13:11:06,601] {subprocess.py:92} INFO - 25/09/01 13:11:06 INFO Utils: /tmp/spark-e3116aa6-18e0-40da-b9af-972401f6ad57/userFiles-6ecb38b5-23d6-448c-9155-82f7f5202614/fetchFileTemp13775107111461909724.tmp has been previously copied to /tmp/spark-e3116aa6-18e0-40da-b9af-972401f6ad57/userFiles-6ecb38b5-23d6-448c-9155-82f7f5202614/org.lz4_lz4-java-1.8.0.jar
[2025-09-01 13:11:06,607] {subprocess.py:92} INFO - 25/09/01 13:11:06 INFO Executor: Adding file:/tmp/spark-e3116aa6-18e0-40da-b9af-972401f6ad57/userFiles-6ecb38b5-23d6-448c-9155-82f7f5202614/org.lz4_lz4-java-1.8.0.jar to class loader
[2025-09-01 13:11:06,607] {subprocess.py:92} INFO - 25/09/01 13:11:06 INFO Executor: Fetching spark://e66737cfc193:37261/jars/org.apache.spark_spark-sql-kafka-0-10_2.12-3.3.1.jar with timestamp 1756732265188
[2025-09-01 13:11:06,608] {subprocess.py:92} INFO - 25/09/01 13:11:06 INFO Utils: Fetching spark://e66737cfc193:37261/jars/org.apache.spark_spark-sql-kafka-0-10_2.12-3.3.1.jar to /tmp/spark-e3116aa6-18e0-40da-b9af-972401f6ad57/userFiles-6ecb38b5-23d6-448c-9155-82f7f5202614/fetchFileTemp10083787773189277495.tmp
[2025-09-01 13:11:06,614] {subprocess.py:92} INFO - 25/09/01 13:11:06 INFO Utils: /tmp/spark-e3116aa6-18e0-40da-b9af-972401f6ad57/userFiles-6ecb38b5-23d6-448c-9155-82f7f5202614/fetchFileTemp10083787773189277495.tmp has been previously copied to /tmp/spark-e3116aa6-18e0-40da-b9af-972401f6ad57/userFiles-6ecb38b5-23d6-448c-9155-82f7f5202614/org.apache.spark_spark-sql-kafka-0-10_2.12-3.3.1.jar
[2025-09-01 13:11:06,620] {subprocess.py:92} INFO - 25/09/01 13:11:06 INFO Executor: Adding file:/tmp/spark-e3116aa6-18e0-40da-b9af-972401f6ad57/userFiles-6ecb38b5-23d6-448c-9155-82f7f5202614/org.apache.spark_spark-sql-kafka-0-10_2.12-3.3.1.jar to class loader
[2025-09-01 13:11:06,620] {subprocess.py:92} INFO - 25/09/01 13:11:06 INFO Executor: Fetching spark://e66737cfc193:37261/jars/org.spark-project.spark_unused-1.0.0.jar with timestamp 1756732265188
[2025-09-01 13:11:06,621] {subprocess.py:92} INFO - 25/09/01 13:11:06 INFO Utils: Fetching spark://e66737cfc193:37261/jars/org.spark-project.spark_unused-1.0.0.jar to /tmp/spark-e3116aa6-18e0-40da-b9af-972401f6ad57/userFiles-6ecb38b5-23d6-448c-9155-82f7f5202614/fetchFileTemp9757377067602648791.tmp
[2025-09-01 13:11:06,624] {subprocess.py:92} INFO - 25/09/01 13:11:06 INFO Utils: /tmp/spark-e3116aa6-18e0-40da-b9af-972401f6ad57/userFiles-6ecb38b5-23d6-448c-9155-82f7f5202614/fetchFileTemp9757377067602648791.tmp has been previously copied to /tmp/spark-e3116aa6-18e0-40da-b9af-972401f6ad57/userFiles-6ecb38b5-23d6-448c-9155-82f7f5202614/org.spark-project.spark_unused-1.0.0.jar
[2025-09-01 13:11:06,629] {subprocess.py:92} INFO - 25/09/01 13:11:06 INFO Executor: Adding file:/tmp/spark-e3116aa6-18e0-40da-b9af-972401f6ad57/userFiles-6ecb38b5-23d6-448c-9155-82f7f5202614/org.spark-project.spark_unused-1.0.0.jar to class loader
[2025-09-01 13:11:06,630] {subprocess.py:92} INFO - 25/09/01 13:11:06 INFO Executor: Fetching spark://e66737cfc193:37261/jars/org.xerial.snappy_snappy-java-1.1.8.4.jar with timestamp 1756732265188
[2025-09-01 13:11:06,631] {subprocess.py:92} INFO - 25/09/01 13:11:06 INFO Utils: Fetching spark://e66737cfc193:37261/jars/org.xerial.snappy_snappy-java-1.1.8.4.jar to /tmp/spark-e3116aa6-18e0-40da-b9af-972401f6ad57/userFiles-6ecb38b5-23d6-448c-9155-82f7f5202614/fetchFileTemp8441078800053166932.tmp
[2025-09-01 13:11:06,644] {subprocess.py:92} INFO - 25/09/01 13:11:06 INFO Utils: /tmp/spark-e3116aa6-18e0-40da-b9af-972401f6ad57/userFiles-6ecb38b5-23d6-448c-9155-82f7f5202614/fetchFileTemp8441078800053166932.tmp has been previously copied to /tmp/spark-e3116aa6-18e0-40da-b9af-972401f6ad57/userFiles-6ecb38b5-23d6-448c-9155-82f7f5202614/org.xerial.snappy_snappy-java-1.1.8.4.jar
[2025-09-01 13:11:06,649] {subprocess.py:92} INFO - 25/09/01 13:11:06 INFO Executor: Adding file:/tmp/spark-e3116aa6-18e0-40da-b9af-972401f6ad57/userFiles-6ecb38b5-23d6-448c-9155-82f7f5202614/org.xerial.snappy_snappy-java-1.1.8.4.jar to class loader
[2025-09-01 13:11:06,649] {subprocess.py:92} INFO - 25/09/01 13:11:06 INFO Executor: Fetching spark://e66737cfc193:37261/jars/org.apache.spark_spark-token-provider-kafka-0-10_2.12-3.3.1.jar with timestamp 1756732265188
[2025-09-01 13:11:06,650] {subprocess.py:92} INFO - 25/09/01 13:11:06 INFO Utils: Fetching spark://e66737cfc193:37261/jars/org.apache.spark_spark-token-provider-kafka-0-10_2.12-3.3.1.jar to /tmp/spark-e3116aa6-18e0-40da-b9af-972401f6ad57/userFiles-6ecb38b5-23d6-448c-9155-82f7f5202614/fetchFileTemp4047937108335236819.tmp
[2025-09-01 13:11:06,653] {subprocess.py:92} INFO - 25/09/01 13:11:06 INFO Utils: /tmp/spark-e3116aa6-18e0-40da-b9af-972401f6ad57/userFiles-6ecb38b5-23d6-448c-9155-82f7f5202614/fetchFileTemp4047937108335236819.tmp has been previously copied to /tmp/spark-e3116aa6-18e0-40da-b9af-972401f6ad57/userFiles-6ecb38b5-23d6-448c-9155-82f7f5202614/org.apache.spark_spark-token-provider-kafka-0-10_2.12-3.3.1.jar
[2025-09-01 13:11:06,658] {subprocess.py:92} INFO - 25/09/01 13:11:06 INFO Executor: Adding file:/tmp/spark-e3116aa6-18e0-40da-b9af-972401f6ad57/userFiles-6ecb38b5-23d6-448c-9155-82f7f5202614/org.apache.spark_spark-token-provider-kafka-0-10_2.12-3.3.1.jar to class loader
[2025-09-01 13:11:06,658] {subprocess.py:92} INFO - 25/09/01 13:11:06 INFO Executor: Fetching spark://e66737cfc193:37261/jars/commons-logging_commons-logging-1.1.3.jar with timestamp 1756732265188
[2025-09-01 13:11:06,659] {subprocess.py:92} INFO - 25/09/01 13:11:06 INFO Utils: Fetching spark://e66737cfc193:37261/jars/commons-logging_commons-logging-1.1.3.jar to /tmp/spark-e3116aa6-18e0-40da-b9af-972401f6ad57/userFiles-6ecb38b5-23d6-448c-9155-82f7f5202614/fetchFileTemp15704419436597870663.tmp
[2025-09-01 13:11:06,661] {subprocess.py:92} INFO - 25/09/01 13:11:06 INFO Utils: /tmp/spark-e3116aa6-18e0-40da-b9af-972401f6ad57/userFiles-6ecb38b5-23d6-448c-9155-82f7f5202614/fetchFileTemp15704419436597870663.tmp has been previously copied to /tmp/spark-e3116aa6-18e0-40da-b9af-972401f6ad57/userFiles-6ecb38b5-23d6-448c-9155-82f7f5202614/commons-logging_commons-logging-1.1.3.jar
[2025-09-01 13:11:06,666] {subprocess.py:92} INFO - 25/09/01 13:11:06 INFO Executor: Adding file:/tmp/spark-e3116aa6-18e0-40da-b9af-972401f6ad57/userFiles-6ecb38b5-23d6-448c-9155-82f7f5202614/commons-logging_commons-logging-1.1.3.jar to class loader
[2025-09-01 13:11:06,666] {subprocess.py:92} INFO - 25/09/01 13:11:06 INFO Executor: Fetching spark://e66737cfc193:37261/jars/org.apache.hadoop_hadoop-client-api-3.3.2.jar with timestamp 1756732265188
[2025-09-01 13:11:06,667] {subprocess.py:92} INFO - 25/09/01 13:11:06 INFO Utils: Fetching spark://e66737cfc193:37261/jars/org.apache.hadoop_hadoop-client-api-3.3.2.jar to /tmp/spark-e3116aa6-18e0-40da-b9af-972401f6ad57/userFiles-6ecb38b5-23d6-448c-9155-82f7f5202614/fetchFileTemp9589535708657654593.tmp
[2025-09-01 13:11:06,751] {subprocess.py:92} INFO - 25/09/01 13:11:06 INFO Utils: /tmp/spark-e3116aa6-18e0-40da-b9af-972401f6ad57/userFiles-6ecb38b5-23d6-448c-9155-82f7f5202614/fetchFileTemp9589535708657654593.tmp has been previously copied to /tmp/spark-e3116aa6-18e0-40da-b9af-972401f6ad57/userFiles-6ecb38b5-23d6-448c-9155-82f7f5202614/org.apache.hadoop_hadoop-client-api-3.3.2.jar
[2025-09-01 13:11:06,760] {subprocess.py:92} INFO - 25/09/01 13:11:06 INFO Executor: Adding file:/tmp/spark-e3116aa6-18e0-40da-b9af-972401f6ad57/userFiles-6ecb38b5-23d6-448c-9155-82f7f5202614/org.apache.hadoop_hadoop-client-api-3.3.2.jar to class loader
[2025-09-01 13:11:06,761] {subprocess.py:92} INFO - 25/09/01 13:11:06 INFO Executor: Fetching spark://e66737cfc193:37261/jars/org.apache.commons_commons-pool2-2.11.1.jar with timestamp 1756732265188
[2025-09-01 13:11:06,762] {subprocess.py:92} INFO - 25/09/01 13:11:06 INFO Utils: Fetching spark://e66737cfc193:37261/jars/org.apache.commons_commons-pool2-2.11.1.jar to /tmp/spark-e3116aa6-18e0-40da-b9af-972401f6ad57/userFiles-6ecb38b5-23d6-448c-9155-82f7f5202614/fetchFileTemp18053299295818596656.tmp
[2025-09-01 13:11:06,765] {subprocess.py:92} INFO - 25/09/01 13:11:06 INFO Utils: /tmp/spark-e3116aa6-18e0-40da-b9af-972401f6ad57/userFiles-6ecb38b5-23d6-448c-9155-82f7f5202614/fetchFileTemp18053299295818596656.tmp has been previously copied to /tmp/spark-e3116aa6-18e0-40da-b9af-972401f6ad57/userFiles-6ecb38b5-23d6-448c-9155-82f7f5202614/org.apache.commons_commons-pool2-2.11.1.jar
[2025-09-01 13:11:06,770] {subprocess.py:92} INFO - 25/09/01 13:11:06 INFO Executor: Adding file:/tmp/spark-e3116aa6-18e0-40da-b9af-972401f6ad57/userFiles-6ecb38b5-23d6-448c-9155-82f7f5202614/org.apache.commons_commons-pool2-2.11.1.jar to class loader
[2025-09-01 13:11:06,771] {subprocess.py:92} INFO - 25/09/01 13:11:06 INFO Executor: Fetching spark://e66737cfc193:37261/jars/org.apache.hadoop_hadoop-client-runtime-3.3.2.jar with timestamp 1756732265188
[2025-09-01 13:11:06,772] {subprocess.py:92} INFO - 25/09/01 13:11:06 INFO Utils: Fetching spark://e66737cfc193:37261/jars/org.apache.hadoop_hadoop-client-runtime-3.3.2.jar to /tmp/spark-e3116aa6-18e0-40da-b9af-972401f6ad57/userFiles-6ecb38b5-23d6-448c-9155-82f7f5202614/fetchFileTemp7059032991511254190.tmp
[2025-09-01 13:11:06,893] {subprocess.py:92} INFO - 25/09/01 13:11:06 INFO Utils: /tmp/spark-e3116aa6-18e0-40da-b9af-972401f6ad57/userFiles-6ecb38b5-23d6-448c-9155-82f7f5202614/fetchFileTemp7059032991511254190.tmp has been previously copied to /tmp/spark-e3116aa6-18e0-40da-b9af-972401f6ad57/userFiles-6ecb38b5-23d6-448c-9155-82f7f5202614/org.apache.hadoop_hadoop-client-runtime-3.3.2.jar
[2025-09-01 13:11:06,903] {subprocess.py:92} INFO - 25/09/01 13:11:06 INFO Executor: Adding file:/tmp/spark-e3116aa6-18e0-40da-b9af-972401f6ad57/userFiles-6ecb38b5-23d6-448c-9155-82f7f5202614/org.apache.hadoop_hadoop-client-runtime-3.3.2.jar to class loader
[2025-09-01 13:11:06,904] {subprocess.py:92} INFO - 25/09/01 13:11:06 INFO Executor: Fetching spark://e66737cfc193:37261/jars/org.apache.kafka_kafka-clients-2.8.1.jar with timestamp 1756732265188
[2025-09-01 13:11:06,904] {subprocess.py:92} INFO - 25/09/01 13:11:06 INFO Utils: Fetching spark://e66737cfc193:37261/jars/org.apache.kafka_kafka-clients-2.8.1.jar to /tmp/spark-e3116aa6-18e0-40da-b9af-972401f6ad57/userFiles-6ecb38b5-23d6-448c-9155-82f7f5202614/fetchFileTemp15283022302912657692.tmp
[2025-09-01 13:11:06,931] {subprocess.py:92} INFO - 25/09/01 13:11:06 INFO Utils: /tmp/spark-e3116aa6-18e0-40da-b9af-972401f6ad57/userFiles-6ecb38b5-23d6-448c-9155-82f7f5202614/fetchFileTemp15283022302912657692.tmp has been previously copied to /tmp/spark-e3116aa6-18e0-40da-b9af-972401f6ad57/userFiles-6ecb38b5-23d6-448c-9155-82f7f5202614/org.apache.kafka_kafka-clients-2.8.1.jar
[2025-09-01 13:11:06,939] {subprocess.py:92} INFO - 25/09/01 13:11:06 INFO Executor: Adding file:/tmp/spark-e3116aa6-18e0-40da-b9af-972401f6ad57/userFiles-6ecb38b5-23d6-448c-9155-82f7f5202614/org.apache.kafka_kafka-clients-2.8.1.jar to class loader
[2025-09-01 13:11:06,940] {subprocess.py:92} INFO - 25/09/01 13:11:06 INFO Executor: Fetching spark://e66737cfc193:37261/jars/org.slf4j_slf4j-api-1.7.32.jar with timestamp 1756732265188
[2025-09-01 13:11:06,941] {subprocess.py:92} INFO - 25/09/01 13:11:06 INFO Utils: Fetching spark://e66737cfc193:37261/jars/org.slf4j_slf4j-api-1.7.32.jar to /tmp/spark-e3116aa6-18e0-40da-b9af-972401f6ad57/userFiles-6ecb38b5-23d6-448c-9155-82f7f5202614/fetchFileTemp15709020994273482823.tmp
[2025-09-01 13:11:06,943] {subprocess.py:92} INFO - 25/09/01 13:11:06 INFO Utils: /tmp/spark-e3116aa6-18e0-40da-b9af-972401f6ad57/userFiles-6ecb38b5-23d6-448c-9155-82f7f5202614/fetchFileTemp15709020994273482823.tmp has been previously copied to /tmp/spark-e3116aa6-18e0-40da-b9af-972401f6ad57/userFiles-6ecb38b5-23d6-448c-9155-82f7f5202614/org.slf4j_slf4j-api-1.7.32.jar
[2025-09-01 13:11:06,951] {subprocess.py:92} INFO - 25/09/01 13:11:06 INFO Executor: Adding file:/tmp/spark-e3116aa6-18e0-40da-b9af-972401f6ad57/userFiles-6ecb38b5-23d6-448c-9155-82f7f5202614/org.slf4j_slf4j-api-1.7.32.jar to class loader
[2025-09-01 13:11:06,951] {subprocess.py:92} INFO - 25/09/01 13:11:06 INFO Executor: Fetching spark://e66737cfc193:37261/jars/com.google.code.findbugs_jsr305-3.0.0.jar with timestamp 1756732265188
[2025-09-01 13:11:06,952] {subprocess.py:92} INFO - 25/09/01 13:11:06 INFO Utils: Fetching spark://e66737cfc193:37261/jars/com.google.code.findbugs_jsr305-3.0.0.jar to /tmp/spark-e3116aa6-18e0-40da-b9af-972401f6ad57/userFiles-6ecb38b5-23d6-448c-9155-82f7f5202614/fetchFileTemp1656172638544028036.tmp
[2025-09-01 13:11:06,955] {subprocess.py:92} INFO - 25/09/01 13:11:06 INFO Utils: /tmp/spark-e3116aa6-18e0-40da-b9af-972401f6ad57/userFiles-6ecb38b5-23d6-448c-9155-82f7f5202614/fetchFileTemp1656172638544028036.tmp has been previously copied to /tmp/spark-e3116aa6-18e0-40da-b9af-972401f6ad57/userFiles-6ecb38b5-23d6-448c-9155-82f7f5202614/com.google.code.findbugs_jsr305-3.0.0.jar
[2025-09-01 13:11:06,962] {subprocess.py:92} INFO - 25/09/01 13:11:06 INFO Executor: Adding file:/tmp/spark-e3116aa6-18e0-40da-b9af-972401f6ad57/userFiles-6ecb38b5-23d6-448c-9155-82f7f5202614/com.google.code.findbugs_jsr305-3.0.0.jar to class loader
[2025-09-01 13:11:06,975] {subprocess.py:92} INFO - 25/09/01 13:11:06 INFO Utils: Successfully started service 'org.apache.spark.network.netty.NettyBlockTransferService' on port 44485.
[2025-09-01 13:11:06,975] {subprocess.py:92} INFO - 25/09/01 13:11:06 INFO NettyBlockTransferService: Server created on e66737cfc193:44485
[2025-09-01 13:11:06,977] {subprocess.py:92} INFO - 25/09/01 13:11:06 INFO BlockManager: Using org.apache.spark.storage.RandomBlockReplicationPolicy for block replication policy
[2025-09-01 13:11:06,985] {subprocess.py:92} INFO - 25/09/01 13:11:06 INFO BlockManagerMaster: Registering BlockManager BlockManagerId(driver, e66737cfc193, 44485, None)
[2025-09-01 13:11:06,989] {subprocess.py:92} INFO - 25/09/01 13:11:06 INFO BlockManagerMasterEndpoint: Registering block manager e66737cfc193:44485 with 434.4 MiB RAM, BlockManagerId(driver, e66737cfc193, 44485, None)
[2025-09-01 13:11:06,993] {subprocess.py:92} INFO - 25/09/01 13:11:06 INFO BlockManagerMaster: Registered BlockManager BlockManagerId(driver, e66737cfc193, 44485, None)
[2025-09-01 13:11:06,995] {subprocess.py:92} INFO - 25/09/01 13:11:06 INFO BlockManager: Initialized BlockManager: BlockManagerId(driver, e66737cfc193, 44485, None)
[2025-09-01 13:11:07,491] {subprocess.py:92} INFO - Connexion à Kafka...
[2025-09-01 13:11:09,998] {subprocess.py:92} INFO - Connexion Kafka réussie (kafka:9092)
[2025-09-01 13:11:09,998] {subprocess.py:92} INFO - Transformation des données JSON...
[2025-09-01 13:11:10,316] {subprocess.py:92} INFO - Démarrage du streaming vers HDFS...
[2025-09-01 13:11:11,237] {subprocess.py:92} INFO - Streaming actif - Données météo sauvegardées dans HDFS:/data/weather
[2025-09-01 13:38:01,526] {subprocess.py:92} INFO - 25/09/01 13:38:01 WARN CheckpointFileManager: Failed to rename temp file hdfs://namenode:9000/checkpoints/weather/offsets/.67.0d04641f-b645-43dd-bd11-2df673626795.tmp to hdfs://namenode:9000/checkpoints/weather/offsets/67 because file exists
[2025-09-01 13:38:01,576] {subprocess.py:92} INFO - org.apache.hadoop.fs.FileAlreadyExistsException: rename destination /checkpoints/weather/offsets/67 already exists
[2025-09-01 13:38:01,578] {subprocess.py:92} INFO - 	at org.apache.hadoop.hdfs.server.namenode.FSDirRenameOp.validateOverwrite(FSDirRenameOp.java:565)
[2025-09-01 13:38:01,579] {subprocess.py:92} INFO - 	at org.apache.hadoop.hdfs.server.namenode.FSDirRenameOp.unprotectedRenameTo(FSDirRenameOp.java:399)
[2025-09-01 13:38:01,579] {subprocess.py:92} INFO - 	at org.apache.hadoop.hdfs.server.namenode.FSDirRenameOp.renameTo(FSDirRenameOp.java:311)
[2025-09-01 13:38:01,579] {subprocess.py:92} INFO - 	at org.apache.hadoop.hdfs.server.namenode.FSDirRenameOp.renameToInt(FSDirRenameOp.java:256)
[2025-09-01 13:38:01,579] {subprocess.py:92} INFO - 	at org.apache.hadoop.hdfs.server.namenode.FSNamesystem.renameTo(FSNamesystem.java:3257)
[2025-09-01 13:38:01,579] {subprocess.py:92} INFO - 	at org.apache.hadoop.hdfs.server.namenode.NameNodeRpcServer.rename2(NameNodeRpcServer.java:1096)
[2025-09-01 13:38:01,580] {subprocess.py:92} INFO - 	at org.apache.hadoop.hdfs.protocolPB.ClientNamenodeProtocolServerSideTranslatorPB.rename2(ClientNamenodeProtocolServerSideTranslatorPB.java:703)
[2025-09-01 13:38:01,580] {subprocess.py:92} INFO - 	at org.apache.hadoop.hdfs.protocol.proto.ClientNamenodeProtocolProtos$ClientNamenodeProtocol$2.callBlockingMethod(ClientNamenodeProtocolProtos.java)
[2025-09-01 13:38:01,580] {subprocess.py:92} INFO - 	at org.apache.hadoop.ipc.ProtobufRpcEngine2$Server$ProtoBufRpcInvoker.call(ProtobufRpcEngine2.java:621)
[2025-09-01 13:38:01,580] {subprocess.py:92} INFO - 	at org.apache.hadoop.ipc.ProtobufRpcEngine2$Server$ProtoBufRpcInvoker.call(ProtobufRpcEngine2.java:589)
[2025-09-01 13:38:01,580] {subprocess.py:92} INFO - 	at org.apache.hadoop.ipc.ProtobufRpcEngine2$Server$ProtoBufRpcInvoker.call(ProtobufRpcEngine2.java:573)
[2025-09-01 13:38:01,580] {subprocess.py:92} INFO - 	at org.apache.hadoop.ipc.RPC$Server.call(RPC.java:1227)
[2025-09-01 13:38:01,580] {subprocess.py:92} INFO - 	at org.apache.hadoop.ipc.Server$RpcCall.run(Server.java:1094)
[2025-09-01 13:38:01,580] {subprocess.py:92} INFO - 	at org.apache.hadoop.ipc.Server$RpcCall.run(Server.java:1017)
[2025-09-01 13:38:01,580] {subprocess.py:92} INFO - 	at java.security.AccessController.doPrivileged(Native Method)
[2025-09-01 13:38:01,580] {subprocess.py:92} INFO - 	at javax.security.auth.Subject.doAs(Subject.java:422)
[2025-09-01 13:38:01,580] {subprocess.py:92} INFO - 	at org.apache.hadoop.security.UserGroupInformation.doAs(UserGroupInformation.java:1899)
[2025-09-01 13:38:01,580] {subprocess.py:92} INFO - 	at org.apache.hadoop.ipc.Server$Handler.run(Server.java:3048)
[2025-09-01 13:38:01,580] {subprocess.py:92} INFO - 
[2025-09-01 13:38:01,580] {subprocess.py:92} INFO - 	at java.base/jdk.internal.reflect.NativeConstructorAccessorImpl.newInstance0(Native Method)
[2025-09-01 13:38:01,580] {subprocess.py:92} INFO - 	at java.base/jdk.internal.reflect.NativeConstructorAccessorImpl.newInstance(NativeConstructorAccessorImpl.java:62)
[2025-09-01 13:38:01,580] {subprocess.py:92} INFO - 	at java.base/jdk.internal.reflect.DelegatingConstructorAccessorImpl.newInstance(DelegatingConstructorAccessorImpl.java:45)
[2025-09-01 13:38:01,580] {subprocess.py:92} INFO - 	at java.base/java.lang.reflect.Constructor.newInstance(Constructor.java:490)
[2025-09-01 13:38:01,580] {subprocess.py:92} INFO - 	at org.apache.hadoop.ipc.RemoteException.instantiateException(RemoteException.java:121)
[2025-09-01 13:38:01,580] {subprocess.py:92} INFO - 	at org.apache.hadoop.ipc.RemoteException.unwrapRemoteException(RemoteException.java:88)
[2025-09-01 13:38:01,580] {subprocess.py:92} INFO - 	at org.apache.hadoop.hdfs.DFSClient.rename(DFSClient.java:1611)
[2025-09-01 13:38:01,581] {subprocess.py:92} INFO - 	at org.apache.hadoop.fs.Hdfs.renameInternal(Hdfs.java:393)
[2025-09-01 13:38:01,581] {subprocess.py:92} INFO - 	at org.apache.hadoop.fs.AbstractFileSystem.rename(AbstractFileSystem.java:720)
[2025-09-01 13:38:01,581] {subprocess.py:92} INFO - 	at org.apache.hadoop.fs.FileContext.rename(FileContext.java:1036)
[2025-09-01 13:38:01,581] {subprocess.py:92} INFO - 	at org.apache.spark.sql.execution.streaming.FileContextBasedCheckpointFileManager.renameTempFile(CheckpointFileManager.scala:346)
[2025-09-01 13:38:01,581] {subprocess.py:92} INFO - 	at org.apache.spark.sql.execution.streaming.CheckpointFileManager$RenameBasedFSDataOutputStream.close(CheckpointFileManager.scala:154)
[2025-09-01 13:38:01,581] {subprocess.py:92} INFO - 	at org.apache.spark.sql.execution.streaming.HDFSMetadataLog.$anonfun$addNewBatchByStream$2(HDFSMetadataLog.scala:176)
[2025-09-01 13:38:01,581] {subprocess.py:92} INFO - 	at scala.runtime.java8.JFunction0$mcZ$sp.apply(JFunction0$mcZ$sp.java:23)
[2025-09-01 13:38:01,581] {subprocess.py:92} INFO - 	at scala.Option.getOrElse(Option.scala:189)
[2025-09-01 13:38:01,581] {subprocess.py:92} INFO - 	at org.apache.spark.sql.execution.streaming.HDFSMetadataLog.addNewBatchByStream(HDFSMetadataLog.scala:171)
[2025-09-01 13:38:01,581] {subprocess.py:92} INFO - 	at org.apache.spark.sql.execution.streaming.HDFSMetadataLog.add(HDFSMetadataLog.scala:116)
[2025-09-01 13:38:01,581] {subprocess.py:92} INFO - 	at org.apache.spark.sql.execution.streaming.OffsetSeqLog.add(OffsetSeqLog.scala:53)
[2025-09-01 13:38:01,581] {subprocess.py:92} INFO - 	at org.apache.spark.sql.execution.streaming.MicroBatchExecution.$anonfun$constructNextBatch$13(MicroBatchExecution.scala:495)
[2025-09-01 13:38:01,581] {subprocess.py:92} INFO - 	at scala.runtime.java8.JFunction0$mcV$sp.apply(JFunction0$mcV$sp.java:23)
[2025-09-01 13:38:01,581] {subprocess.py:92} INFO - 	at org.apache.spark.sql.execution.streaming.ProgressReporter.reportTimeTaken(ProgressReporter.scala:375)
[2025-09-01 13:38:01,581] {subprocess.py:92} INFO - 	at org.apache.spark.sql.execution.streaming.ProgressReporter.reportTimeTaken$(ProgressReporter.scala:373)
[2025-09-01 13:38:01,581] {subprocess.py:92} INFO - 	at org.apache.spark.sql.execution.streaming.StreamExecution.reportTimeTaken(StreamExecution.scala:68)
[2025-09-01 13:38:01,581] {subprocess.py:92} INFO - 	at org.apache.spark.sql.execution.streaming.MicroBatchExecution.$anonfun$constructNextBatch$1(MicroBatchExecution.scala:493)
[2025-09-01 13:38:01,581] {subprocess.py:92} INFO - 	at scala.runtime.java8.JFunction0$mcZ$sp.apply(JFunction0$mcZ$sp.java:23)
[2025-09-01 13:38:01,581] {subprocess.py:92} INFO - 	at org.apache.spark.sql.execution.streaming.MicroBatchExecution.withProgressLocked(MicroBatchExecution.scala:693)
[2025-09-01 13:38:01,581] {subprocess.py:92} INFO - 	at org.apache.spark.sql.execution.streaming.MicroBatchExecution.constructNextBatch(MicroBatchExecution.scala:433)
[2025-09-01 13:38:01,581] {subprocess.py:92} INFO - 	at org.apache.spark.sql.execution.streaming.MicroBatchExecution.$anonfun$runActivatedStream$2(MicroBatchExecution.scala:238)
[2025-09-01 13:38:01,582] {subprocess.py:92} INFO - 	at scala.runtime.java8.JFunction0$mcV$sp.apply(JFunction0$mcV$sp.java:23)
[2025-09-01 13:38:01,582] {subprocess.py:92} INFO - 	at org.apache.spark.sql.execution.streaming.ProgressReporter.reportTimeTaken(ProgressReporter.scala:375)
[2025-09-01 13:38:01,582] {subprocess.py:92} INFO - 	at org.apache.spark.sql.execution.streaming.ProgressReporter.reportTimeTaken$(ProgressReporter.scala:373)
[2025-09-01 13:38:01,582] {subprocess.py:92} INFO - 	at org.apache.spark.sql.execution.streaming.StreamExecution.reportTimeTaken(StreamExecution.scala:68)
[2025-09-01 13:38:01,582] {subprocess.py:92} INFO - 	at org.apache.spark.sql.execution.streaming.MicroBatchExecution.$anonfun$runActivatedStream$1(MicroBatchExecution.scala:219)
[2025-09-01 13:38:01,582] {subprocess.py:92} INFO - 	at org.apache.spark.sql.execution.streaming.ProcessingTimeExecutor.execute(TriggerExecutor.scala:67)
[2025-09-01 13:38:01,582] {subprocess.py:92} INFO - 	at org.apache.spark.sql.execution.streaming.MicroBatchExecution.runActivatedStream(MicroBatchExecution.scala:213)
[2025-09-01 13:38:01,582] {subprocess.py:92} INFO - 	at org.apache.spark.sql.execution.streaming.StreamExecution.$anonfun$runStream$1(StreamExecution.scala:307)
[2025-09-01 13:38:01,582] {subprocess.py:92} INFO - 	at scala.runtime.java8.JFunction0$mcV$sp.apply(JFunction0$mcV$sp.java:23)
[2025-09-01 13:38:01,582] {subprocess.py:92} INFO - 	at org.apache.spark.sql.SparkSession.withActive(SparkSession.scala:779)
[2025-09-01 13:38:01,582] {subprocess.py:92} INFO - 	at org.apache.spark.sql.execution.streaming.StreamExecution.org$apache$spark$sql$execution$streaming$StreamExecution$$runStream(StreamExecution.scala:285)
[2025-09-01 13:38:01,582] {subprocess.py:92} INFO - 	at org.apache.spark.sql.execution.streaming.StreamExecution$$anon$1.run(StreamExecution.scala:208)
[2025-09-01 13:38:01,582] {subprocess.py:92} INFO - Caused by: org.apache.hadoop.ipc.RemoteException(org.apache.hadoop.fs.FileAlreadyExistsException): rename destination /checkpoints/weather/offsets/67 already exists
[2025-09-01 13:38:01,582] {subprocess.py:92} INFO - 	at org.apache.hadoop.hdfs.server.namenode.FSDirRenameOp.validateOverwrite(FSDirRenameOp.java:565)
[2025-09-01 13:38:01,582] {subprocess.py:92} INFO - 	at org.apache.hadoop.hdfs.server.namenode.FSDirRenameOp.unprotectedRenameTo(FSDirRenameOp.java:399)
[2025-09-01 13:38:01,583] {subprocess.py:92} INFO - 	at org.apache.hadoop.hdfs.server.namenode.FSDirRenameOp.renameTo(FSDirRenameOp.java:311)
[2025-09-01 13:38:01,583] {subprocess.py:92} INFO - 	at org.apache.hadoop.hdfs.server.namenode.FSDirRenameOp.renameToInt(FSDirRenameOp.java:256)
[2025-09-01 13:38:01,587] {subprocess.py:92} INFO - 	at org.apache.hadoop.hdfs.server.namenode.FSNamesystem.renameTo(FSNamesystem.java:3257)
[2025-09-01 13:38:01,587] {subprocess.py:92} INFO - 	at org.apache.hadoop.hdfs.server.namenode.NameNodeRpcServer.rename2(NameNodeRpcServer.java:1096)
[2025-09-01 13:38:01,587] {subprocess.py:92} INFO - 	at org.apache.hadoop.hdfs.protocolPB.ClientNamenodeProtocolServerSideTranslatorPB.rename2(ClientNamenodeProtocolServerSideTranslatorPB.java:703)
[2025-09-01 13:38:01,587] {subprocess.py:92} INFO - 	at org.apache.hadoop.hdfs.protocol.proto.ClientNamenodeProtocolProtos$ClientNamenodeProtocol$2.callBlockingMethod(ClientNamenodeProtocolProtos.java)
[2025-09-01 13:38:01,587] {subprocess.py:92} INFO - 	at org.apache.hadoop.ipc.ProtobufRpcEngine2$Server$ProtoBufRpcInvoker.call(ProtobufRpcEngine2.java:621)
[2025-09-01 13:38:01,587] {subprocess.py:92} INFO - 	at org.apache.hadoop.ipc.ProtobufRpcEngine2$Server$ProtoBufRpcInvoker.call(ProtobufRpcEngine2.java:589)
[2025-09-01 13:38:01,587] {subprocess.py:92} INFO - 	at org.apache.hadoop.ipc.ProtobufRpcEngine2$Server$ProtoBufRpcInvoker.call(ProtobufRpcEngine2.java:573)
[2025-09-01 13:38:01,587] {subprocess.py:92} INFO - 	at org.apache.hadoop.ipc.RPC$Server.call(RPC.java:1227)
[2025-09-01 13:38:01,587] {subprocess.py:92} INFO - 	at org.apache.hadoop.ipc.Server$RpcCall.run(Server.java:1094)
[2025-09-01 13:38:01,587] {subprocess.py:92} INFO - 	at org.apache.hadoop.ipc.Server$RpcCall.run(Server.java:1017)
[2025-09-01 13:38:01,587] {subprocess.py:92} INFO - 	at java.security.AccessController.doPrivileged(Native Method)
[2025-09-01 13:38:01,587] {subprocess.py:92} INFO - 	at javax.security.auth.Subject.doAs(Subject.java:422)
[2025-09-01 13:38:01,588] {subprocess.py:92} INFO - 	at org.apache.hadoop.security.UserGroupInformation.doAs(UserGroupInformation.java:1899)
[2025-09-01 13:38:01,588] {subprocess.py:92} INFO - 	at org.apache.hadoop.ipc.Server$Handler.run(Server.java:3048)
[2025-09-01 13:38:01,588] {subprocess.py:92} INFO - 
[2025-09-01 13:38:01,588] {subprocess.py:92} INFO - 	at org.apache.hadoop.ipc.Client.getRpcResponse(Client.java:1612)
[2025-09-01 13:38:01,588] {subprocess.py:92} INFO - 	at org.apache.hadoop.ipc.Client.call(Client.java:1558)
[2025-09-01 13:38:01,588] {subprocess.py:92} INFO - 	at org.apache.hadoop.ipc.Client.call(Client.java:1455)
[2025-09-01 13:38:01,588] {subprocess.py:92} INFO - 	at org.apache.hadoop.ipc.ProtobufRpcEngine2$Invoker.invoke(ProtobufRpcEngine2.java:242)
[2025-09-01 13:38:01,588] {subprocess.py:92} INFO - 	at org.apache.hadoop.ipc.ProtobufRpcEngine2$Invoker.invoke(ProtobufRpcEngine2.java:129)
[2025-09-01 13:38:01,588] {subprocess.py:92} INFO - 	at com.sun.proxy.$Proxy35.rename2(Unknown Source)
[2025-09-01 13:38:01,588] {subprocess.py:92} INFO - 	at org.apache.hadoop.hdfs.protocolPB.ClientNamenodeProtocolTranslatorPB.rename2(ClientNamenodeProtocolTranslatorPB.java:629)
[2025-09-01 13:38:01,588] {subprocess.py:92} INFO - 	at java.base/jdk.internal.reflect.NativeMethodAccessorImpl.invoke0(Native Method)
[2025-09-01 13:38:01,588] {subprocess.py:92} INFO - 	at java.base/jdk.internal.reflect.NativeMethodAccessorImpl.invoke(NativeMethodAccessorImpl.java:62)
[2025-09-01 13:38:01,588] {subprocess.py:92} INFO - 	at java.base/jdk.internal.reflect.DelegatingMethodAccessorImpl.invoke(DelegatingMethodAccessorImpl.java:43)
[2025-09-01 13:38:01,588] {subprocess.py:92} INFO - 	at java.base/java.lang.reflect.Method.invoke(Method.java:566)
[2025-09-01 13:38:01,588] {subprocess.py:92} INFO - 	at org.apache.hadoop.io.retry.RetryInvocationHandler.invokeMethod(RetryInvocationHandler.java:422)
[2025-09-01 13:38:01,588] {subprocess.py:92} INFO - 	at org.apache.hadoop.io.retry.RetryInvocationHandler$Call.invokeMethod(RetryInvocationHandler.java:165)
[2025-09-01 13:38:01,589] {subprocess.py:92} INFO - 	at org.apache.hadoop.io.retry.RetryInvocationHandler$Call.invoke(RetryInvocationHandler.java:157)
[2025-09-01 13:38:01,589] {subprocess.py:92} INFO - 	at org.apache.hadoop.io.retry.RetryInvocationHandler$Call.invokeOnce(RetryInvocationHandler.java:95)
[2025-09-01 13:38:01,589] {subprocess.py:92} INFO - 	at org.apache.hadoop.io.retry.RetryInvocationHandler.invoke(RetryInvocationHandler.java:359)
[2025-09-01 13:38:01,589] {subprocess.py:92} INFO - 	at com.sun.proxy.$Proxy36.rename2(Unknown Source)
[2025-09-01 13:38:01,589] {subprocess.py:92} INFO - 	at org.apache.hadoop.hdfs.DFSClient.rename(DFSClient.java:1609)
[2025-09-01 13:38:01,589] {subprocess.py:92} INFO - 	... 33 more
[2025-09-01 13:38:01,876] {subprocess.py:92} INFO - 25/09/01 13:38:01 ERROR MicroBatchExecution: Query [id = 8bb46a74-6ffa-4764-a9c6-2e4a331d8211, runId = ee54c14f-1445-47e2-9a7c-c50313a1e624] terminated with error
[2025-09-01 13:38:01,877] {subprocess.py:92} INFO - java.util.ConcurrentModificationException: Multiple streaming queries are concurrently using hdfs://namenode:9000/checkpoints/weather/offsets
[2025-09-01 13:38:01,877] {subprocess.py:92} INFO - 	at org.apache.spark.sql.errors.QueryExecutionErrors$.multiStreamingQueriesUsingPathConcurrentlyError(QueryExecutionErrors.scala:1603)
[2025-09-01 13:38:01,878] {subprocess.py:92} INFO - 	at org.apache.spark.sql.execution.streaming.HDFSMetadataLog.$anonfun$addNewBatchByStream$2(HDFSMetadataLog.scala:182)
[2025-09-01 13:38:01,879] {subprocess.py:92} INFO - 	at scala.runtime.java8.JFunction0$mcZ$sp.apply(JFunction0$mcZ$sp.java:23)
[2025-09-01 13:38:01,882] {subprocess.py:92} INFO - 	at scala.Option.getOrElse(Option.scala:189)
[2025-09-01 13:38:01,883] {subprocess.py:92} INFO - 	at org.apache.spark.sql.execution.streaming.HDFSMetadataLog.addNewBatchByStream(HDFSMetadataLog.scala:171)
[2025-09-01 13:38:01,883] {subprocess.py:92} INFO - 	at org.apache.spark.sql.execution.streaming.HDFSMetadataLog.add(HDFSMetadataLog.scala:116)
[2025-09-01 13:38:01,893] {subprocess.py:92} INFO - 	at org.apache.spark.sql.execution.streaming.OffsetSeqLog.add(OffsetSeqLog.scala:53)
[2025-09-01 13:38:01,905] {subprocess.py:92} INFO - 	at org.apache.spark.sql.execution.streaming.MicroBatchExecution.$anonfun$constructNextBatch$13(MicroBatchExecution.scala:495)
[2025-09-01 13:38:01,906] {subprocess.py:92} INFO - 	at scala.runtime.java8.JFunction0$mcV$sp.apply(JFunction0$mcV$sp.java:23)
[2025-09-01 13:38:01,929] {subprocess.py:92} INFO - 	at org.apache.spark.sql.execution.streaming.ProgressReporter.reportTimeTaken(ProgressReporter.scala:375)
[2025-09-01 13:38:01,930] {subprocess.py:92} INFO - 	at org.apache.spark.sql.execution.streaming.ProgressReporter.reportTimeTaken$(ProgressReporter.scala:373)
[2025-09-01 13:38:01,930] {subprocess.py:92} INFO - 	at org.apache.spark.sql.execution.streaming.StreamExecution.reportTimeTaken(StreamExecution.scala:68)
[2025-09-01 13:38:01,931] {subprocess.py:92} INFO - 	at org.apache.spark.sql.execution.streaming.MicroBatchExecution.$anonfun$constructNextBatch$1(MicroBatchExecution.scala:493)
[2025-09-01 13:38:01,931] {subprocess.py:92} INFO - 	at scala.runtime.java8.JFunction0$mcZ$sp.apply(JFunction0$mcZ$sp.java:23)
[2025-09-01 13:38:01,932] {subprocess.py:92} INFO - 	at org.apache.spark.sql.execution.streaming.MicroBatchExecution.withProgressLocked(MicroBatchExecution.scala:693)
[2025-09-01 13:38:01,932] {subprocess.py:92} INFO - 	at org.apache.spark.sql.execution.streaming.MicroBatchExecution.constructNextBatch(MicroBatchExecution.scala:433)
[2025-09-01 13:38:01,955] {subprocess.py:92} INFO - 	at org.apache.spark.sql.execution.streaming.MicroBatchExecution.$anonfun$runActivatedStream$2(MicroBatchExecution.scala:238)
[2025-09-01 13:38:01,957] {subprocess.py:92} INFO - 	at scala.runtime.java8.JFunction0$mcV$sp.apply(JFunction0$mcV$sp.java:23)
[2025-09-01 13:38:01,957] {subprocess.py:92} INFO - 	at org.apache.spark.sql.execution.streaming.ProgressReporter.reportTimeTaken(ProgressReporter.scala:375)
[2025-09-01 13:38:01,958] {subprocess.py:92} INFO - 	at org.apache.spark.sql.execution.streaming.ProgressReporter.reportTimeTaken$(ProgressReporter.scala:373)
[2025-09-01 13:38:01,958] {subprocess.py:92} INFO - 	at org.apache.spark.sql.execution.streaming.StreamExecution.reportTimeTaken(StreamExecution.scala:68)
[2025-09-01 13:38:01,959] {subprocess.py:92} INFO - 	at org.apache.spark.sql.execution.streaming.MicroBatchExecution.$anonfun$runActivatedStream$1(MicroBatchExecution.scala:219)
[2025-09-01 13:38:02,041] {subprocess.py:92} INFO - 	at org.apache.spark.sql.execution.streaming.ProcessingTimeExecutor.execute(TriggerExecutor.scala:67)
[2025-09-01 13:38:02,042] {subprocess.py:92} INFO - 	at org.apache.spark.sql.execution.streaming.MicroBatchExecution.runActivatedStream(MicroBatchExecution.scala:213)
[2025-09-01 13:38:02,042] {subprocess.py:92} INFO - 	at org.apache.spark.sql.execution.streaming.StreamExecution.$anonfun$runStream$1(StreamExecution.scala:307)
[2025-09-01 13:38:02,042] {subprocess.py:92} INFO - 	at scala.runtime.java8.JFunction0$mcV$sp.apply(JFunction0$mcV$sp.java:23)
[2025-09-01 13:38:02,042] {subprocess.py:92} INFO - 	at org.apache.spark.sql.SparkSession.withActive(SparkSession.scala:779)
[2025-09-01 13:38:02,042] {subprocess.py:92} INFO - 	at org.apache.spark.sql.execution.streaming.StreamExecution.org$apache$spark$sql$execution$streaming$StreamExecution$$runStream(StreamExecution.scala:285)
[2025-09-01 13:38:02,043] {subprocess.py:92} INFO - 	at org.apache.spark.sql.execution.streaming.StreamExecution$$anon$1.run(StreamExecution.scala:208)
[2025-09-01 13:38:02,043] {subprocess.py:92} INFO - Caused by: org.apache.hadoop.fs.FileAlreadyExistsException: rename destination /checkpoints/weather/offsets/67 already exists
[2025-09-01 13:38:02,043] {subprocess.py:92} INFO - 	at org.apache.hadoop.hdfs.server.namenode.FSDirRenameOp.validateOverwrite(FSDirRenameOp.java:565)
[2025-09-01 13:38:02,043] {subprocess.py:92} INFO - 	at org.apache.hadoop.hdfs.server.namenode.FSDirRenameOp.unprotectedRenameTo(FSDirRenameOp.java:399)
[2025-09-01 13:38:02,060] {subprocess.py:92} INFO - 	at org.apache.hadoop.hdfs.server.namenode.FSDirRenameOp.renameTo(FSDirRenameOp.java:311)
[2025-09-01 13:38:02,061] {subprocess.py:92} INFO - 	at org.apache.hadoop.hdfs.server.namenode.FSDirRenameOp.renameToInt(FSDirRenameOp.java:256)
[2025-09-01 13:38:02,061] {subprocess.py:92} INFO - 	at org.apache.hadoop.hdfs.server.namenode.FSNamesystem.renameTo(FSNamesystem.java:3257)
[2025-09-01 13:38:02,061] {subprocess.py:92} INFO - 	at org.apache.hadoop.hdfs.server.namenode.NameNodeRpcServer.rename2(NameNodeRpcServer.java:1096)
[2025-09-01 13:38:02,061] {subprocess.py:92} INFO - 	at org.apache.hadoop.hdfs.protocolPB.ClientNamenodeProtocolServerSideTranslatorPB.rename2(ClientNamenodeProtocolServerSideTranslatorPB.java:703)
[2025-09-01 13:38:02,061] {subprocess.py:92} INFO - 	at org.apache.hadoop.hdfs.protocol.proto.ClientNamenodeProtocolProtos$ClientNamenodeProtocol$2.callBlockingMethod(ClientNamenodeProtocolProtos.java)
[2025-09-01 13:38:02,061] {subprocess.py:92} INFO - 	at org.apache.hadoop.ipc.ProtobufRpcEngine2$Server$ProtoBufRpcInvoker.call(ProtobufRpcEngine2.java:621)
[2025-09-01 13:38:02,061] {subprocess.py:92} INFO - 	at org.apache.hadoop.ipc.ProtobufRpcEngine2$Server$ProtoBufRpcInvoker.call(ProtobufRpcEngine2.java:589)
[2025-09-01 13:38:02,061] {subprocess.py:92} INFO - 	at org.apache.hadoop.ipc.ProtobufRpcEngine2$Server$ProtoBufRpcInvoker.call(ProtobufRpcEngine2.java:573)
[2025-09-01 13:38:02,062] {subprocess.py:92} INFO - 	at org.apache.hadoop.ipc.RPC$Server.call(RPC.java:1227)
[2025-09-01 13:38:02,097] {subprocess.py:92} INFO - 	at org.apache.hadoop.ipc.Server$RpcCall.run(Server.java:1094)
[2025-09-01 13:38:02,098] {subprocess.py:92} INFO - 	at org.apache.hadoop.ipc.Server$RpcCall.run(Server.java:1017)
[2025-09-01 13:38:02,098] {subprocess.py:92} INFO - 	at java.security.AccessController.doPrivileged(Native Method)
[2025-09-01 13:38:02,098] {subprocess.py:92} INFO - 	at javax.security.auth.Subject.doAs(Subject.java:422)
[2025-09-01 13:38:02,098] {subprocess.py:92} INFO - 	at org.apache.hadoop.security.UserGroupInformation.doAs(UserGroupInformation.java:1899)
[2025-09-01 13:38:02,098] {subprocess.py:92} INFO - 	at org.apache.hadoop.ipc.Server$Handler.run(Server.java:3048)
[2025-09-01 13:38:02,098] {subprocess.py:92} INFO - 
[2025-09-01 13:38:02,099] {subprocess.py:92} INFO - 	at java.base/jdk.internal.reflect.NativeConstructorAccessorImpl.newInstance0(Native Method)
[2025-09-01 13:38:02,099] {subprocess.py:92} INFO - 	at java.base/jdk.internal.reflect.NativeConstructorAccessorImpl.newInstance(NativeConstructorAccessorImpl.java:62)
[2025-09-01 13:38:02,099] {subprocess.py:92} INFO - 	at java.base/jdk.internal.reflect.DelegatingConstructorAccessorImpl.newInstance(DelegatingConstructorAccessorImpl.java:45)
[2025-09-01 13:38:02,099] {subprocess.py:92} INFO - 	at java.base/java.lang.reflect.Constructor.newInstance(Constructor.java:490)
[2025-09-01 13:38:02,099] {subprocess.py:92} INFO - 	at org.apache.hadoop.ipc.RemoteException.instantiateException(RemoteException.java:121)
[2025-09-01 13:38:02,099] {subprocess.py:92} INFO - 	at org.apache.hadoop.ipc.RemoteException.unwrapRemoteException(RemoteException.java:88)
[2025-09-01 13:38:02,100] {subprocess.py:92} INFO - 	at org.apache.hadoop.hdfs.DFSClient.rename(DFSClient.java:1611)
[2025-09-01 13:38:02,100] {subprocess.py:92} INFO - 	at org.apache.hadoop.fs.Hdfs.renameInternal(Hdfs.java:393)
[2025-09-01 13:38:02,100] {subprocess.py:92} INFO - 	at org.apache.hadoop.fs.AbstractFileSystem.rename(AbstractFileSystem.java:720)
[2025-09-01 13:38:02,100] {subprocess.py:92} INFO - 	at org.apache.hadoop.fs.FileContext.rename(FileContext.java:1036)
[2025-09-01 13:38:02,100] {subprocess.py:92} INFO - 	at org.apache.spark.sql.execution.streaming.FileContextBasedCheckpointFileManager.renameTempFile(CheckpointFileManager.scala:346)
[2025-09-01 13:38:02,100] {subprocess.py:92} INFO - 	at org.apache.spark.sql.execution.streaming.CheckpointFileManager$RenameBasedFSDataOutputStream.close(CheckpointFileManager.scala:154)
[2025-09-01 13:38:02,101] {subprocess.py:92} INFO - 	at org.apache.spark.sql.execution.streaming.HDFSMetadataLog.$anonfun$addNewBatchByStream$2(HDFSMetadataLog.scala:176)
[2025-09-01 13:38:02,101] {subprocess.py:92} INFO - 	... 27 more
[2025-09-01 13:38:02,101] {subprocess.py:92} INFO - Caused by: org.apache.hadoop.ipc.RemoteException(org.apache.hadoop.fs.FileAlreadyExistsException): rename destination /checkpoints/weather/offsets/67 already exists
[2025-09-01 13:38:02,101] {subprocess.py:92} INFO - 	at org.apache.hadoop.hdfs.server.namenode.FSDirRenameOp.validateOverwrite(FSDirRenameOp.java:565)
[2025-09-01 13:38:02,101] {subprocess.py:92} INFO - 	at org.apache.hadoop.hdfs.server.namenode.FSDirRenameOp.unprotectedRenameTo(FSDirRenameOp.java:399)
[2025-09-01 13:38:02,101] {subprocess.py:92} INFO - 	at org.apache.hadoop.hdfs.server.namenode.FSDirRenameOp.renameTo(FSDirRenameOp.java:311)
[2025-09-01 13:38:02,101] {subprocess.py:92} INFO - 	at org.apache.hadoop.hdfs.server.namenode.FSDirRenameOp.renameToInt(FSDirRenameOp.java:256)
[2025-09-01 13:38:02,101] {subprocess.py:92} INFO - 	at org.apache.hadoop.hdfs.server.namenode.FSNamesystem.renameTo(FSNamesystem.java:3257)
[2025-09-01 13:38:02,102] {subprocess.py:92} INFO - 	at org.apache.hadoop.hdfs.server.namenode.NameNodeRpcServer.rename2(NameNodeRpcServer.java:1096)
[2025-09-01 13:38:02,102] {subprocess.py:92} INFO - 	at org.apache.hadoop.hdfs.protocolPB.ClientNamenodeProtocolServerSideTranslatorPB.rename2(ClientNamenodeProtocolServerSideTranslatorPB.java:703)
[2025-09-01 13:38:02,102] {subprocess.py:92} INFO - 	at org.apache.hadoop.hdfs.protocol.proto.ClientNamenodeProtocolProtos$ClientNamenodeProtocol$2.callBlockingMethod(ClientNamenodeProtocolProtos.java)
[2025-09-01 13:38:02,102] {subprocess.py:92} INFO - 	at org.apache.hadoop.ipc.ProtobufRpcEngine2$Server$ProtoBufRpcInvoker.call(ProtobufRpcEngine2.java:621)
[2025-09-01 13:38:02,102] {subprocess.py:92} INFO - 	at org.apache.hadoop.ipc.ProtobufRpcEngine2$Server$ProtoBufRpcInvoker.call(ProtobufRpcEngine2.java:589)
[2025-09-01 13:38:02,102] {subprocess.py:92} INFO - 	at org.apache.hadoop.ipc.ProtobufRpcEngine2$Server$ProtoBufRpcInvoker.call(ProtobufRpcEngine2.java:573)
[2025-09-01 13:38:02,102] {subprocess.py:92} INFO - 	at org.apache.hadoop.ipc.RPC$Server.call(RPC.java:1227)
[2025-09-01 13:38:02,103] {subprocess.py:92} INFO - 	at org.apache.hadoop.ipc.Server$RpcCall.run(Server.java:1094)
[2025-09-01 13:38:02,103] {subprocess.py:92} INFO - 	at org.apache.hadoop.ipc.Server$RpcCall.run(Server.java:1017)
[2025-09-01 13:38:02,103] {subprocess.py:92} INFO - 	at java.security.AccessController.doPrivileged(Native Method)
[2025-09-01 13:38:02,103] {subprocess.py:92} INFO - 	at javax.security.auth.Subject.doAs(Subject.java:422)
[2025-09-01 13:38:02,103] {subprocess.py:92} INFO - 	at org.apache.hadoop.security.UserGroupInformation.doAs(UserGroupInformation.java:1899)
[2025-09-01 13:38:02,103] {subprocess.py:92} INFO - 	at org.apache.hadoop.ipc.Server$Handler.run(Server.java:3048)
[2025-09-01 13:38:02,103] {subprocess.py:92} INFO - 
[2025-09-01 13:38:02,103] {subprocess.py:92} INFO - 	at org.apache.hadoop.ipc.Client.getRpcResponse(Client.java:1612)
[2025-09-01 13:38:02,104] {subprocess.py:92} INFO - 	at org.apache.hadoop.ipc.Client.call(Client.java:1558)
[2025-09-01 13:38:02,104] {subprocess.py:92} INFO - 	at org.apache.hadoop.ipc.Client.call(Client.java:1455)
[2025-09-01 13:38:02,104] {subprocess.py:92} INFO - 	at org.apache.hadoop.ipc.ProtobufRpcEngine2$Invoker.invoke(ProtobufRpcEngine2.java:242)
[2025-09-01 13:38:02,104] {subprocess.py:92} INFO - 	at org.apache.hadoop.ipc.ProtobufRpcEngine2$Invoker.invoke(ProtobufRpcEngine2.java:129)
[2025-09-01 13:38:02,104] {subprocess.py:92} INFO - 	at com.sun.proxy.$Proxy35.rename2(Unknown Source)
[2025-09-01 13:38:02,104] {subprocess.py:92} INFO - 	at org.apache.hadoop.hdfs.protocolPB.ClientNamenodeProtocolTranslatorPB.rename2(ClientNamenodeProtocolTranslatorPB.java:629)
[2025-09-01 13:38:02,104] {subprocess.py:92} INFO - 	at java.base/jdk.internal.reflect.NativeMethodAccessorImpl.invoke0(Native Method)
[2025-09-01 13:38:02,104] {subprocess.py:92} INFO - 	at java.base/jdk.internal.reflect.NativeMethodAccessorImpl.invoke(NativeMethodAccessorImpl.java:62)
[2025-09-01 13:38:02,104] {subprocess.py:92} INFO - 	at java.base/jdk.internal.reflect.DelegatingMethodAccessorImpl.invoke(DelegatingMethodAccessorImpl.java:43)
[2025-09-01 13:38:02,105] {subprocess.py:92} INFO - 	at java.base/java.lang.reflect.Method.invoke(Method.java:566)
[2025-09-01 13:38:02,105] {subprocess.py:92} INFO - 	at org.apache.hadoop.io.retry.RetryInvocationHandler.invokeMethod(RetryInvocationHandler.java:422)
[2025-09-01 13:38:02,105] {subprocess.py:92} INFO - 	at org.apache.hadoop.io.retry.RetryInvocationHandler$Call.invokeMethod(RetryInvocationHandler.java:165)
[2025-09-01 13:38:02,105] {subprocess.py:92} INFO - 	at org.apache.hadoop.io.retry.RetryInvocationHandler$Call.invoke(RetryInvocationHandler.java:157)
[2025-09-01 13:38:02,105] {subprocess.py:92} INFO - 	at org.apache.hadoop.io.retry.RetryInvocationHandler$Call.invokeOnce(RetryInvocationHandler.java:95)
[2025-09-01 13:38:02,105] {subprocess.py:92} INFO - 	at org.apache.hadoop.io.retry.RetryInvocationHandler.invoke(RetryInvocationHandler.java:359)
[2025-09-01 13:38:02,105] {subprocess.py:92} INFO - 	at com.sun.proxy.$Proxy36.rename2(Unknown Source)
[2025-09-01 13:38:02,105] {subprocess.py:92} INFO - 	at org.apache.hadoop.hdfs.DFSClient.rename(DFSClient.java:1609)
[2025-09-01 13:38:02,106] {subprocess.py:92} INFO - 	... 33 more
[2025-09-01 13:38:02,708] {subprocess.py:92} INFO - Traceback (most recent call last):
[2025-09-01 13:38:02,710] {subprocess.py:92} INFO -   File "/opt/***/scripts/pyspark/streaming.py", line 60, in <module>
[2025-09-01 13:38:02,711] {subprocess.py:92} INFO -     query.awaitTermination()
[2025-09-01 13:38:02,712] {subprocess.py:92} INFO -   File "/opt/spark-3.3.1-bin-hadoop3/python/lib/pyspark.zip/pyspark/sql/streaming.py", line 107, in awaitTermination
[2025-09-01 13:38:02,720] {subprocess.py:92} INFO -   File "/opt/spark-3.3.1-bin-hadoop3/python/lib/py4j-0.10.9.5-src.zip/py4j/java_gateway.py", line 1322, in __call__
[2025-09-01 13:38:02,720] {subprocess.py:92} INFO -   File "/opt/spark-3.3.1-bin-hadoop3/python/lib/pyspark.zip/pyspark/sql/utils.py", line 196, in deco
[2025-09-01 13:38:02,742] {subprocess.py:92} INFO - pyspark.sql.utils.StreamingQueryException: Query [id = 8bb46a74-6ffa-4764-a9c6-2e4a331d8211, runId = ee54c14f-1445-47e2-9a7c-c50313a1e624] terminated with exception: Multiple streaming queries are concurrently using hdfs://namenode:9000/checkpoints/weather/offsets
[2025-09-01 13:38:03,680] {subprocess.py:96} INFO - Command exited with return code 1
[2025-09-01 13:38:03,737] {taskinstance.py:1889} ERROR - Task failed with exception
Traceback (most recent call last):
  File "/home/airflow/.local/lib/python3.7/site-packages/airflow/operators/bash.py", line 195, in execute
    f'Bash command failed. The command returned a non-zero exit code {result.exit_code}.'
airflow.exceptions.AirflowException: Bash command failed. The command returned a non-zero exit code 1.
[2025-09-01 13:38:03,748] {taskinstance.py:1400} INFO - Marking task as FAILED. dag_id=send_weather_to_kafka, task_id=stream_hdfs, execution_date=20250901T120537, start_date=20250901T131101, end_date=20250901T133803
[2025-09-01 13:38:03,786] {standard_task_runner.py:97} ERROR - Failed to execute job 562 for task stream_hdfs (Bash command failed. The command returned a non-zero exit code 1.; 19653)
[2025-09-01 13:38:03,814] {local_task_job.py:156} INFO - Task exited with return code 1
[2025-09-01 13:38:03,876] {local_task_job.py:273} INFO - 0 downstream tasks scheduled from follow-on schedule check
