[2025-09-01 10:46:19,905] {taskinstance.py:1159} INFO - Dependencies all met for <TaskInstance: send_weather_to_kafka.stream_hdfs scheduled__2025-09-01T10:15:41.120879+00:00 [queued]>
[2025-09-01 10:46:19,930] {taskinstance.py:1159} INFO - Dependencies all met for <TaskInstance: send_weather_to_kafka.stream_hdfs scheduled__2025-09-01T10:15:41.120879+00:00 [queued]>
[2025-09-01 10:46:19,930] {taskinstance.py:1356} INFO - 
--------------------------------------------------------------------------------
[2025-09-01 10:46:19,930] {taskinstance.py:1357} INFO - Starting attempt 1 of 2
[2025-09-01 10:46:19,930] {taskinstance.py:1358} INFO - 
--------------------------------------------------------------------------------
[2025-09-01 10:46:19,974] {taskinstance.py:1377} INFO - Executing <Task(BashOperator): stream_hdfs> on 2025-09-01 10:15:41.120879+00:00
[2025-09-01 10:46:19,986] {standard_task_runner.py:52} INFO - Started process 13238 to run task
[2025-09-01 10:46:19,994] {standard_task_runner.py:79} INFO - Running: ['***', 'tasks', 'run', 'send_weather_to_kafka', 'stream_hdfs', 'scheduled__2025-09-01T10:15:41.120879+00:00', '--job-id', '521', '--raw', '--subdir', 'DAGS_FOLDER/dag_meteo.py', '--cfg-path', '/tmp/tmpoe_zuqtg', '--error-file', '/tmp/tmpdqwhtvjl']
[2025-09-01 10:46:19,996] {standard_task_runner.py:80} INFO - Job 521: Subtask stream_hdfs
[2025-09-01 10:46:20,033] {logging_mixin.py:115} WARNING - /home/***/.local/lib/python3.7/site-packages/***/configuration.py:470 DeprecationWarning: The sql_alchemy_conn option in [core] has been moved to the sql_alchemy_conn option in [database] - the old setting has been used, but please update your config.
[2025-09-01 10:46:20,134] {task_command.py:369} INFO - Running <TaskInstance: send_weather_to_kafka.stream_hdfs scheduled__2025-09-01T10:15:41.120879+00:00 [running]> on host e66737cfc193
[2025-09-01 10:46:20,329] {taskinstance.py:1571} INFO - Exporting the following env vars:
AIRFLOW_CTX_DAG_OWNER=***
AIRFLOW_CTX_DAG_ID=send_weather_to_kafka
AIRFLOW_CTX_TASK_ID=stream_hdfs
AIRFLOW_CTX_EXECUTION_DATE=2025-09-01T10:15:41.120879+00:00
AIRFLOW_CTX_TRY_NUMBER=1
AIRFLOW_CTX_DAG_RUN_ID=scheduled__2025-09-01T10:15:41.120879+00:00
[2025-09-01 10:46:20,331] {subprocess.py:62} INFO - Tmp dir root location: 
 /tmp
[2025-09-01 10:46:20,332] {subprocess.py:74} INFO - Running command: ['bash', '-c', '\n/home/***/.local/bin/spark-submit   --master local[*]   --conf spark.hadoop.fs.defaultFS=hdfs://namenode:9000   --conf spark.hadoop.dfs.client.use.datanode.hostname=true   --conf spark.sql.adaptive.enabled=false   --packages org.apache.spark:spark-sql-kafka-0-10_2.12:3.3.1   /opt/***/scripts/pyspark/streaming.py']
[2025-09-01 10:46:20,353] {subprocess.py:85} INFO - Output:
[2025-09-01 10:46:20,375] {subprocess.py:92} INFO - /opt/spark-3.3.1-bin-hadoop3/bin/load-spark-env.sh: line 68: ps: command not found
[2025-09-01 10:46:24,008] {subprocess.py:92} INFO - :: loading settings :: url = jar:file:/opt/spark-3.3.1-bin-hadoop3/jars/ivy-2.5.0.jar!/org/apache/ivy/core/settings/ivysettings.xml
[2025-09-01 10:46:24,257] {subprocess.py:92} INFO - Ivy Default Cache set to: /home/***/.ivy2/cache
[2025-09-01 10:46:24,258] {subprocess.py:92} INFO - The jars for the packages stored in: /home/***/.ivy2/jars
[2025-09-01 10:46:24,272] {subprocess.py:92} INFO - org.apache.spark#spark-sql-kafka-0-10_2.12 added as a dependency
[2025-09-01 10:46:24,277] {subprocess.py:92} INFO - :: resolving dependencies :: org.apache.spark#spark-submit-parent-e69f5575-3128-4897-9fd5-c85b07e49a18;1.0
[2025-09-01 10:46:24,279] {subprocess.py:92} INFO - 	confs: [default]
[2025-09-01 10:46:24,699] {subprocess.py:92} INFO - 	found org.apache.spark#spark-sql-kafka-0-10_2.12;3.3.1 in spark-list
[2025-09-01 10:46:24,866] {subprocess.py:92} INFO - 	found org.apache.spark#spark-token-provider-kafka-0-10_2.12;3.3.1 in central
[2025-09-01 10:46:24,937] {subprocess.py:92} INFO - 	found org.apache.kafka#kafka-clients;2.8.1 in central
[2025-09-01 10:46:25,088] {subprocess.py:92} INFO - 	found org.lz4#lz4-java;1.8.0 in central
[2025-09-01 10:46:25,261] {subprocess.py:92} INFO - 	found org.xerial.snappy#snappy-java;1.1.8.4 in central
[2025-09-01 10:46:25,396] {subprocess.py:92} INFO - 	found org.slf4j#slf4j-api;1.7.32 in central
[2025-09-01 10:46:25,590] {subprocess.py:92} INFO - 	found org.apache.hadoop#hadoop-client-runtime;3.3.2 in central
[2025-09-01 10:46:25,638] {subprocess.py:92} INFO - 	found org.spark-project.spark#unused;1.0.0 in central
[2025-09-01 10:46:25,713] {subprocess.py:92} INFO - 	found org.apache.hadoop#hadoop-client-api;3.3.2 in central
[2025-09-01 10:46:25,801] {subprocess.py:92} INFO - 	found commons-logging#commons-logging;1.1.3 in central
[2025-09-01 10:46:25,873] {subprocess.py:92} INFO - 	found com.google.code.findbugs#jsr305;3.0.0 in central
[2025-09-01 10:46:25,916] {subprocess.py:92} INFO - 	found org.apache.commons#commons-pool2;2.11.1 in central
[2025-09-01 10:46:25,980] {subprocess.py:92} INFO - :: resolution report :: resolve 1681ms :: artifacts dl 22ms
[2025-09-01 10:46:25,980] {subprocess.py:92} INFO - 	:: modules in use:
[2025-09-01 10:46:25,982] {subprocess.py:92} INFO - 	com.google.code.findbugs#jsr305;3.0.0 from central in [default]
[2025-09-01 10:46:25,982] {subprocess.py:92} INFO - 	commons-logging#commons-logging;1.1.3 from central in [default]
[2025-09-01 10:46:25,982] {subprocess.py:92} INFO - 	org.apache.commons#commons-pool2;2.11.1 from central in [default]
[2025-09-01 10:46:25,982] {subprocess.py:92} INFO - 	org.apache.hadoop#hadoop-client-api;3.3.2 from central in [default]
[2025-09-01 10:46:25,982] {subprocess.py:92} INFO - 	org.apache.hadoop#hadoop-client-runtime;3.3.2 from central in [default]
[2025-09-01 10:46:25,982] {subprocess.py:92} INFO - 	org.apache.kafka#kafka-clients;2.8.1 from central in [default]
[2025-09-01 10:46:25,982] {subprocess.py:92} INFO - 	org.apache.spark#spark-sql-kafka-0-10_2.12;3.3.1 from spark-list in [default]
[2025-09-01 10:46:25,983] {subprocess.py:92} INFO - 	org.apache.spark#spark-token-provider-kafka-0-10_2.12;3.3.1 from central in [default]
[2025-09-01 10:46:25,983] {subprocess.py:92} INFO - 	org.lz4#lz4-java;1.8.0 from central in [default]
[2025-09-01 10:46:25,983] {subprocess.py:92} INFO - 	org.slf4j#slf4j-api;1.7.32 from central in [default]
[2025-09-01 10:46:25,983] {subprocess.py:92} INFO - 	org.spark-project.spark#unused;1.0.0 from central in [default]
[2025-09-01 10:46:25,983] {subprocess.py:92} INFO - 	org.xerial.snappy#snappy-java;1.1.8.4 from central in [default]
[2025-09-01 10:46:25,983] {subprocess.py:92} INFO - 	---------------------------------------------------------------------
[2025-09-01 10:46:25,984] {subprocess.py:92} INFO - 	|                  |            modules            ||   artifacts   |
[2025-09-01 10:46:25,984] {subprocess.py:92} INFO - 	|       conf       | number| search|dwnlded|evicted|| number|dwnlded|
[2025-09-01 10:46:25,985] {subprocess.py:92} INFO - 	---------------------------------------------------------------------
[2025-09-01 10:46:25,985] {subprocess.py:92} INFO - 	|      default     |   12  |   0   |   0   |   0   ||   12  |   0   |
[2025-09-01 10:46:25,986] {subprocess.py:92} INFO - 	---------------------------------------------------------------------
[2025-09-01 10:46:26,019] {subprocess.py:92} INFO - :: retrieving :: org.apache.spark#spark-submit-parent-e69f5575-3128-4897-9fd5-c85b07e49a18
[2025-09-01 10:46:26,019] {subprocess.py:92} INFO - 	confs: [default]
[2025-09-01 10:46:26,077] {subprocess.py:92} INFO - 	0 artifacts copied, 12 already retrieved (0kB/52ms)
[2025-09-01 10:46:26,673] {subprocess.py:92} INFO - 25/09/01 10:46:26 WARN NativeCodeLoader: Unable to load native-hadoop library for your platform... using builtin-java classes where applicable
[2025-09-01 10:46:28,951] {subprocess.py:92} INFO - 25/09/01 10:46:28 INFO SparkContext: Running Spark version 3.3.1
[2025-09-01 10:46:29,013] {subprocess.py:92} INFO - 25/09/01 10:46:29 INFO ResourceUtils: ==============================================================
[2025-09-01 10:46:29,015] {subprocess.py:92} INFO - 25/09/01 10:46:29 INFO ResourceUtils: No custom resources configured for spark.driver.
[2025-09-01 10:46:29,016] {subprocess.py:92} INFO - 25/09/01 10:46:29 INFO ResourceUtils: ==============================================================
[2025-09-01 10:46:29,018] {subprocess.py:92} INFO - 25/09/01 10:46:29 INFO SparkContext: Submitted application: KafkaToHDFSWeather
[2025-09-01 10:46:29,059] {subprocess.py:92} INFO - 25/09/01 10:46:29 INFO ResourceProfile: Default ResourceProfile created, executor resources: Map(cores -> name: cores, amount: 1, script: , vendor: , memory -> name: memory, amount: 1024, script: , vendor: , offHeap -> name: offHeap, amount: 0, script: , vendor: ), task resources: Map(cpus -> name: cpus, amount: 1.0)
[2025-09-01 10:46:29,084] {subprocess.py:92} INFO - 25/09/01 10:46:29 INFO ResourceProfile: Limiting resource is cpu
[2025-09-01 10:46:29,084] {subprocess.py:92} INFO - 25/09/01 10:46:29 INFO ResourceProfileManager: Added ResourceProfile id: 0
[2025-09-01 10:46:29,164] {subprocess.py:92} INFO - 25/09/01 10:46:29 INFO SecurityManager: Changing view acls to: ***
[2025-09-01 10:46:29,165] {subprocess.py:92} INFO - 25/09/01 10:46:29 INFO SecurityManager: Changing modify acls to: ***
[2025-09-01 10:46:29,165] {subprocess.py:92} INFO - 25/09/01 10:46:29 INFO SecurityManager: Changing view acls groups to:
[2025-09-01 10:46:29,167] {subprocess.py:92} INFO - 25/09/01 10:46:29 INFO SecurityManager: Changing modify acls groups to:
[2025-09-01 10:46:29,167] {subprocess.py:92} INFO - 25/09/01 10:46:29 INFO SecurityManager: SecurityManager: authentication disabled; ui acls disabled; users  with view permissions: Set(***); groups with view permissions: Set(); users  with modify permissions: Set(***); groups with modify permissions: Set()
[2025-09-01 10:46:29,647] {subprocess.py:92} INFO - 25/09/01 10:46:29 INFO Utils: Successfully started service 'sparkDriver' on port 41501.
[2025-09-01 10:46:29,693] {subprocess.py:92} INFO - 25/09/01 10:46:29 INFO SparkEnv: Registering MapOutputTracker
[2025-09-01 10:46:29,761] {subprocess.py:92} INFO - 25/09/01 10:46:29 INFO SparkEnv: Registering BlockManagerMaster
[2025-09-01 10:46:29,800] {subprocess.py:92} INFO - 25/09/01 10:46:29 INFO BlockManagerMasterEndpoint: Using org.apache.spark.storage.DefaultTopologyMapper for getting topology information
[2025-09-01 10:46:29,802] {subprocess.py:92} INFO - 25/09/01 10:46:29 INFO BlockManagerMasterEndpoint: BlockManagerMasterEndpoint up
[2025-09-01 10:46:29,810] {subprocess.py:92} INFO - 25/09/01 10:46:29 INFO SparkEnv: Registering BlockManagerMasterHeartbeat
[2025-09-01 10:46:29,852] {subprocess.py:92} INFO - 25/09/01 10:46:29 INFO DiskBlockManager: Created local directory at /tmp/blockmgr-2db5a0be-7cef-4bfe-803a-9984f5a80833
[2025-09-01 10:46:29,890] {subprocess.py:92} INFO - 25/09/01 10:46:29 INFO MemoryStore: MemoryStore started with capacity 434.4 MiB
[2025-09-01 10:46:29,925] {subprocess.py:92} INFO - 25/09/01 10:46:29 INFO SparkEnv: Registering OutputCommitCoordinator
[2025-09-01 10:46:30,372] {subprocess.py:92} INFO - 25/09/01 10:46:30 WARN Utils: Service 'SparkUI' could not bind on port 4040. Attempting port 4041.
[2025-09-01 10:46:30,373] {subprocess.py:92} INFO - 25/09/01 10:46:30 WARN Utils: Service 'SparkUI' could not bind on port 4041. Attempting port 4042.
[2025-09-01 10:46:30,375] {subprocess.py:92} INFO - 25/09/01 10:46:30 WARN Utils: Service 'SparkUI' could not bind on port 4042. Attempting port 4043.
[2025-09-01 10:46:30,394] {subprocess.py:92} INFO - 25/09/01 10:46:30 INFO Utils: Successfully started service 'SparkUI' on port 4043.
[2025-09-01 10:46:30,478] {subprocess.py:92} INFO - 25/09/01 10:46:30 INFO SparkContext: Added JAR file:///home/***/.ivy2/jars/org.apache.spark_spark-sql-kafka-0-10_2.12-3.3.1.jar at spark://e66737cfc193:41501/jars/org.apache.spark_spark-sql-kafka-0-10_2.12-3.3.1.jar with timestamp 1756723588934
[2025-09-01 10:46:30,479] {subprocess.py:92} INFO - 25/09/01 10:46:30 INFO SparkContext: Added JAR file:///home/***/.ivy2/jars/org.apache.spark_spark-token-provider-kafka-0-10_2.12-3.3.1.jar at spark://e66737cfc193:41501/jars/org.apache.spark_spark-token-provider-kafka-0-10_2.12-3.3.1.jar with timestamp 1756723588934
[2025-09-01 10:46:30,479] {subprocess.py:92} INFO - 25/09/01 10:46:30 INFO SparkContext: Added JAR file:///home/***/.ivy2/jars/org.apache.kafka_kafka-clients-2.8.1.jar at spark://e66737cfc193:41501/jars/org.apache.kafka_kafka-clients-2.8.1.jar with timestamp 1756723588934
[2025-09-01 10:46:30,479] {subprocess.py:92} INFO - 25/09/01 10:46:30 INFO SparkContext: Added JAR file:///home/***/.ivy2/jars/com.google.code.findbugs_jsr305-3.0.0.jar at spark://e66737cfc193:41501/jars/com.google.code.findbugs_jsr305-3.0.0.jar with timestamp 1756723588934
[2025-09-01 10:46:30,480] {subprocess.py:92} INFO - 25/09/01 10:46:30 INFO SparkContext: Added JAR file:///home/***/.ivy2/jars/org.apache.commons_commons-pool2-2.11.1.jar at spark://e66737cfc193:41501/jars/org.apache.commons_commons-pool2-2.11.1.jar with timestamp 1756723588934
[2025-09-01 10:46:30,480] {subprocess.py:92} INFO - 25/09/01 10:46:30 INFO SparkContext: Added JAR file:///home/***/.ivy2/jars/org.spark-project.spark_unused-1.0.0.jar at spark://e66737cfc193:41501/jars/org.spark-project.spark_unused-1.0.0.jar with timestamp 1756723588934
[2025-09-01 10:46:30,480] {subprocess.py:92} INFO - 25/09/01 10:46:30 INFO SparkContext: Added JAR file:///home/***/.ivy2/jars/org.apache.hadoop_hadoop-client-runtime-3.3.2.jar at spark://e66737cfc193:41501/jars/org.apache.hadoop_hadoop-client-runtime-3.3.2.jar with timestamp 1756723588934
[2025-09-01 10:46:30,481] {subprocess.py:92} INFO - 25/09/01 10:46:30 INFO SparkContext: Added JAR file:///home/***/.ivy2/jars/org.lz4_lz4-java-1.8.0.jar at spark://e66737cfc193:41501/jars/org.lz4_lz4-java-1.8.0.jar with timestamp 1756723588934
[2025-09-01 10:46:30,481] {subprocess.py:92} INFO - 25/09/01 10:46:30 INFO SparkContext: Added JAR file:///home/***/.ivy2/jars/org.xerial.snappy_snappy-java-1.1.8.4.jar at spark://e66737cfc193:41501/jars/org.xerial.snappy_snappy-java-1.1.8.4.jar with timestamp 1756723588934
[2025-09-01 10:46:30,481] {subprocess.py:92} INFO - 25/09/01 10:46:30 INFO SparkContext: Added JAR file:///home/***/.ivy2/jars/org.slf4j_slf4j-api-1.7.32.jar at spark://e66737cfc193:41501/jars/org.slf4j_slf4j-api-1.7.32.jar with timestamp 1756723588934
[2025-09-01 10:46:30,482] {subprocess.py:92} INFO - 25/09/01 10:46:30 INFO SparkContext: Added JAR file:///home/***/.ivy2/jars/org.apache.hadoop_hadoop-client-api-3.3.2.jar at spark://e66737cfc193:41501/jars/org.apache.hadoop_hadoop-client-api-3.3.2.jar with timestamp 1756723588934
[2025-09-01 10:46:30,482] {subprocess.py:92} INFO - 25/09/01 10:46:30 INFO SparkContext: Added JAR file:///home/***/.ivy2/jars/commons-logging_commons-logging-1.1.3.jar at spark://e66737cfc193:41501/jars/commons-logging_commons-logging-1.1.3.jar with timestamp 1756723588934
[2025-09-01 10:46:30,487] {subprocess.py:92} INFO - 25/09/01 10:46:30 INFO SparkContext: Added file file:///home/***/.ivy2/jars/org.apache.spark_spark-sql-kafka-0-10_2.12-3.3.1.jar at file:///home/***/.ivy2/jars/org.apache.spark_spark-sql-kafka-0-10_2.12-3.3.1.jar with timestamp 1756723588934
[2025-09-01 10:46:30,490] {subprocess.py:92} INFO - 25/09/01 10:46:30 INFO Utils: Copying /home/***/.ivy2/jars/org.apache.spark_spark-sql-kafka-0-10_2.12-3.3.1.jar to /tmp/spark-3d69c2d2-d320-4b9c-b6c6-5773603ef465/userFiles-3662ebe1-a625-496a-a7c5-73526f7675d5/org.apache.spark_spark-sql-kafka-0-10_2.12-3.3.1.jar
[2025-09-01 10:46:30,509] {subprocess.py:92} INFO - 25/09/01 10:46:30 INFO SparkContext: Added file file:///home/***/.ivy2/jars/org.apache.spark_spark-token-provider-kafka-0-10_2.12-3.3.1.jar at file:///home/***/.ivy2/jars/org.apache.spark_spark-token-provider-kafka-0-10_2.12-3.3.1.jar with timestamp 1756723588934
[2025-09-01 10:46:30,509] {subprocess.py:92} INFO - 25/09/01 10:46:30 INFO Utils: Copying /home/***/.ivy2/jars/org.apache.spark_spark-token-provider-kafka-0-10_2.12-3.3.1.jar to /tmp/spark-3d69c2d2-d320-4b9c-b6c6-5773603ef465/userFiles-3662ebe1-a625-496a-a7c5-73526f7675d5/org.apache.spark_spark-token-provider-kafka-0-10_2.12-3.3.1.jar
[2025-09-01 10:46:30,517] {subprocess.py:92} INFO - 25/09/01 10:46:30 INFO SparkContext: Added file file:///home/***/.ivy2/jars/org.apache.kafka_kafka-clients-2.8.1.jar at file:///home/***/.ivy2/jars/org.apache.kafka_kafka-clients-2.8.1.jar with timestamp 1756723588934
[2025-09-01 10:46:30,518] {subprocess.py:92} INFO - 25/09/01 10:46:30 INFO Utils: Copying /home/***/.ivy2/jars/org.apache.kafka_kafka-clients-2.8.1.jar to /tmp/spark-3d69c2d2-d320-4b9c-b6c6-5773603ef465/userFiles-3662ebe1-a625-496a-a7c5-73526f7675d5/org.apache.kafka_kafka-clients-2.8.1.jar
[2025-09-01 10:46:30,535] {subprocess.py:92} INFO - 25/09/01 10:46:30 INFO SparkContext: Added file file:///home/***/.ivy2/jars/com.google.code.findbugs_jsr305-3.0.0.jar at file:///home/***/.ivy2/jars/com.google.code.findbugs_jsr305-3.0.0.jar with timestamp 1756723588934
[2025-09-01 10:46:30,535] {subprocess.py:92} INFO - 25/09/01 10:46:30 INFO Utils: Copying /home/***/.ivy2/jars/com.google.code.findbugs_jsr305-3.0.0.jar to /tmp/spark-3d69c2d2-d320-4b9c-b6c6-5773603ef465/userFiles-3662ebe1-a625-496a-a7c5-73526f7675d5/com.google.code.findbugs_jsr305-3.0.0.jar
[2025-09-01 10:46:30,544] {subprocess.py:92} INFO - 25/09/01 10:46:30 INFO SparkContext: Added file file:///home/***/.ivy2/jars/org.apache.commons_commons-pool2-2.11.1.jar at file:///home/***/.ivy2/jars/org.apache.commons_commons-pool2-2.11.1.jar with timestamp 1756723588934
[2025-09-01 10:46:30,544] {subprocess.py:92} INFO - 25/09/01 10:46:30 INFO Utils: Copying /home/***/.ivy2/jars/org.apache.commons_commons-pool2-2.11.1.jar to /tmp/spark-3d69c2d2-d320-4b9c-b6c6-5773603ef465/userFiles-3662ebe1-a625-496a-a7c5-73526f7675d5/org.apache.commons_commons-pool2-2.11.1.jar
[2025-09-01 10:46:30,552] {subprocess.py:92} INFO - 25/09/01 10:46:30 INFO SparkContext: Added file file:///home/***/.ivy2/jars/org.spark-project.spark_unused-1.0.0.jar at file:///home/***/.ivy2/jars/org.spark-project.spark_unused-1.0.0.jar with timestamp 1756723588934
[2025-09-01 10:46:30,552] {subprocess.py:92} INFO - 25/09/01 10:46:30 INFO Utils: Copying /home/***/.ivy2/jars/org.spark-project.spark_unused-1.0.0.jar to /tmp/spark-3d69c2d2-d320-4b9c-b6c6-5773603ef465/userFiles-3662ebe1-a625-496a-a7c5-73526f7675d5/org.spark-project.spark_unused-1.0.0.jar
[2025-09-01 10:46:30,560] {subprocess.py:92} INFO - 25/09/01 10:46:30 INFO SparkContext: Added file file:///home/***/.ivy2/jars/org.apache.hadoop_hadoop-client-runtime-3.3.2.jar at file:///home/***/.ivy2/jars/org.apache.hadoop_hadoop-client-runtime-3.3.2.jar with timestamp 1756723588934
[2025-09-01 10:46:30,560] {subprocess.py:92} INFO - 25/09/01 10:46:30 INFO Utils: Copying /home/***/.ivy2/jars/org.apache.hadoop_hadoop-client-runtime-3.3.2.jar to /tmp/spark-3d69c2d2-d320-4b9c-b6c6-5773603ef465/userFiles-3662ebe1-a625-496a-a7c5-73526f7675d5/org.apache.hadoop_hadoop-client-runtime-3.3.2.jar
[2025-09-01 10:46:30,615] {subprocess.py:92} INFO - 25/09/01 10:46:30 INFO SparkContext: Added file file:///home/***/.ivy2/jars/org.lz4_lz4-java-1.8.0.jar at file:///home/***/.ivy2/jars/org.lz4_lz4-java-1.8.0.jar with timestamp 1756723588934
[2025-09-01 10:46:30,616] {subprocess.py:92} INFO - 25/09/01 10:46:30 INFO Utils: Copying /home/***/.ivy2/jars/org.lz4_lz4-java-1.8.0.jar to /tmp/spark-3d69c2d2-d320-4b9c-b6c6-5773603ef465/userFiles-3662ebe1-a625-496a-a7c5-73526f7675d5/org.lz4_lz4-java-1.8.0.jar
[2025-09-01 10:46:30,623] {subprocess.py:92} INFO - 25/09/01 10:46:30 INFO SparkContext: Added file file:///home/***/.ivy2/jars/org.xerial.snappy_snappy-java-1.1.8.4.jar at file:///home/***/.ivy2/jars/org.xerial.snappy_snappy-java-1.1.8.4.jar with timestamp 1756723588934
[2025-09-01 10:46:30,624] {subprocess.py:92} INFO - 25/09/01 10:46:30 INFO Utils: Copying /home/***/.ivy2/jars/org.xerial.snappy_snappy-java-1.1.8.4.jar to /tmp/spark-3d69c2d2-d320-4b9c-b6c6-5773603ef465/userFiles-3662ebe1-a625-496a-a7c5-73526f7675d5/org.xerial.snappy_snappy-java-1.1.8.4.jar
[2025-09-01 10:46:30,635] {subprocess.py:92} INFO - 25/09/01 10:46:30 INFO SparkContext: Added file file:///home/***/.ivy2/jars/org.slf4j_slf4j-api-1.7.32.jar at file:///home/***/.ivy2/jars/org.slf4j_slf4j-api-1.7.32.jar with timestamp 1756723588934
[2025-09-01 10:46:30,636] {subprocess.py:92} INFO - 25/09/01 10:46:30 INFO Utils: Copying /home/***/.ivy2/jars/org.slf4j_slf4j-api-1.7.32.jar to /tmp/spark-3d69c2d2-d320-4b9c-b6c6-5773603ef465/userFiles-3662ebe1-a625-496a-a7c5-73526f7675d5/org.slf4j_slf4j-api-1.7.32.jar
[2025-09-01 10:46:30,642] {subprocess.py:92} INFO - 25/09/01 10:46:30 INFO SparkContext: Added file file:///home/***/.ivy2/jars/org.apache.hadoop_hadoop-client-api-3.3.2.jar at file:///home/***/.ivy2/jars/org.apache.hadoop_hadoop-client-api-3.3.2.jar with timestamp 1756723588934
[2025-09-01 10:46:30,642] {subprocess.py:92} INFO - 25/09/01 10:46:30 INFO Utils: Copying /home/***/.ivy2/jars/org.apache.hadoop_hadoop-client-api-3.3.2.jar to /tmp/spark-3d69c2d2-d320-4b9c-b6c6-5773603ef465/userFiles-3662ebe1-a625-496a-a7c5-73526f7675d5/org.apache.hadoop_hadoop-client-api-3.3.2.jar
[2025-09-01 10:46:30,683] {subprocess.py:92} INFO - 25/09/01 10:46:30 INFO SparkContext: Added file file:///home/***/.ivy2/jars/commons-logging_commons-logging-1.1.3.jar at file:///home/***/.ivy2/jars/commons-logging_commons-logging-1.1.3.jar with timestamp 1756723588934
[2025-09-01 10:46:30,683] {subprocess.py:92} INFO - 25/09/01 10:46:30 INFO Utils: Copying /home/***/.ivy2/jars/commons-logging_commons-logging-1.1.3.jar to /tmp/spark-3d69c2d2-d320-4b9c-b6c6-5773603ef465/userFiles-3662ebe1-a625-496a-a7c5-73526f7675d5/commons-logging_commons-logging-1.1.3.jar
[2025-09-01 10:46:30,847] {subprocess.py:92} INFO - 25/09/01 10:46:30 INFO Executor: Starting executor ID driver on host e66737cfc193
[2025-09-01 10:46:30,860] {subprocess.py:92} INFO - 25/09/01 10:46:30 INFO Executor: Starting executor with user classpath (userClassPathFirst = false): ''
[2025-09-01 10:46:30,884] {subprocess.py:92} INFO - 25/09/01 10:46:30 INFO Executor: Fetching file:///home/***/.ivy2/jars/commons-logging_commons-logging-1.1.3.jar with timestamp 1756723588934
[2025-09-01 10:46:30,913] {subprocess.py:92} INFO - 25/09/01 10:46:30 INFO Utils: /home/***/.ivy2/jars/commons-logging_commons-logging-1.1.3.jar has been previously copied to /tmp/spark-3d69c2d2-d320-4b9c-b6c6-5773603ef465/userFiles-3662ebe1-a625-496a-a7c5-73526f7675d5/commons-logging_commons-logging-1.1.3.jar
[2025-09-01 10:46:30,920] {subprocess.py:92} INFO - 25/09/01 10:46:30 INFO Executor: Fetching file:///home/***/.ivy2/jars/org.spark-project.spark_unused-1.0.0.jar with timestamp 1756723588934
[2025-09-01 10:46:30,920] {subprocess.py:92} INFO - 25/09/01 10:46:30 INFO Utils: /home/***/.ivy2/jars/org.spark-project.spark_unused-1.0.0.jar has been previously copied to /tmp/spark-3d69c2d2-d320-4b9c-b6c6-5773603ef465/userFiles-3662ebe1-a625-496a-a7c5-73526f7675d5/org.spark-project.spark_unused-1.0.0.jar
[2025-09-01 10:46:30,928] {subprocess.py:92} INFO - 25/09/01 10:46:30 INFO Executor: Fetching file:///home/***/.ivy2/jars/org.apache.spark_spark-sql-kafka-0-10_2.12-3.3.1.jar with timestamp 1756723588934
[2025-09-01 10:46:30,940] {subprocess.py:92} INFO - 25/09/01 10:46:30 INFO Utils: /home/***/.ivy2/jars/org.apache.spark_spark-sql-kafka-0-10_2.12-3.3.1.jar has been previously copied to /tmp/spark-3d69c2d2-d320-4b9c-b6c6-5773603ef465/userFiles-3662ebe1-a625-496a-a7c5-73526f7675d5/org.apache.spark_spark-sql-kafka-0-10_2.12-3.3.1.jar
[2025-09-01 10:46:30,948] {subprocess.py:92} INFO - 25/09/01 10:46:30 INFO Executor: Fetching file:///home/***/.ivy2/jars/org.apache.hadoop_hadoop-client-api-3.3.2.jar with timestamp 1756723588934
[2025-09-01 10:46:30,991] {subprocess.py:92} INFO - 25/09/01 10:46:30 INFO Utils: /home/***/.ivy2/jars/org.apache.hadoop_hadoop-client-api-3.3.2.jar has been previously copied to /tmp/spark-3d69c2d2-d320-4b9c-b6c6-5773603ef465/userFiles-3662ebe1-a625-496a-a7c5-73526f7675d5/org.apache.hadoop_hadoop-client-api-3.3.2.jar
[2025-09-01 10:46:30,998] {subprocess.py:92} INFO - 25/09/01 10:46:30 INFO Executor: Fetching file:///home/***/.ivy2/jars/org.apache.hadoop_hadoop-client-runtime-3.3.2.jar with timestamp 1756723588934
[2025-09-01 10:46:31,035] {subprocess.py:92} INFO - 25/09/01 10:46:31 INFO Utils: /home/***/.ivy2/jars/org.apache.hadoop_hadoop-client-runtime-3.3.2.jar has been previously copied to /tmp/spark-3d69c2d2-d320-4b9c-b6c6-5773603ef465/userFiles-3662ebe1-a625-496a-a7c5-73526f7675d5/org.apache.hadoop_hadoop-client-runtime-3.3.2.jar
[2025-09-01 10:46:31,042] {subprocess.py:92} INFO - 25/09/01 10:46:31 INFO Executor: Fetching file:///home/***/.ivy2/jars/org.slf4j_slf4j-api-1.7.32.jar with timestamp 1756723588934
[2025-09-01 10:46:31,043] {subprocess.py:92} INFO - 25/09/01 10:46:31 INFO Utils: /home/***/.ivy2/jars/org.slf4j_slf4j-api-1.7.32.jar has been previously copied to /tmp/spark-3d69c2d2-d320-4b9c-b6c6-5773603ef465/userFiles-3662ebe1-a625-496a-a7c5-73526f7675d5/org.slf4j_slf4j-api-1.7.32.jar
[2025-09-01 10:46:31,050] {subprocess.py:92} INFO - 25/09/01 10:46:31 INFO Executor: Fetching file:///home/***/.ivy2/jars/org.lz4_lz4-java-1.8.0.jar with timestamp 1756723588934
[2025-09-01 10:46:31,052] {subprocess.py:92} INFO - 25/09/01 10:46:31 INFO Utils: /home/***/.ivy2/jars/org.lz4_lz4-java-1.8.0.jar has been previously copied to /tmp/spark-3d69c2d2-d320-4b9c-b6c6-5773603ef465/userFiles-3662ebe1-a625-496a-a7c5-73526f7675d5/org.lz4_lz4-java-1.8.0.jar
[2025-09-01 10:46:31,063] {subprocess.py:92} INFO - 25/09/01 10:46:31 INFO Executor: Fetching file:///home/***/.ivy2/jars/org.apache.commons_commons-pool2-2.11.1.jar with timestamp 1756723588934
[2025-09-01 10:46:31,064] {subprocess.py:92} INFO - 25/09/01 10:46:31 INFO Utils: /home/***/.ivy2/jars/org.apache.commons_commons-pool2-2.11.1.jar has been previously copied to /tmp/spark-3d69c2d2-d320-4b9c-b6c6-5773603ef465/userFiles-3662ebe1-a625-496a-a7c5-73526f7675d5/org.apache.commons_commons-pool2-2.11.1.jar
[2025-09-01 10:46:31,069] {subprocess.py:92} INFO - 25/09/01 10:46:31 INFO Executor: Fetching file:///home/***/.ivy2/jars/com.google.code.findbugs_jsr305-3.0.0.jar with timestamp 1756723588934
[2025-09-01 10:46:31,070] {subprocess.py:92} INFO - 25/09/01 10:46:31 INFO Utils: /home/***/.ivy2/jars/com.google.code.findbugs_jsr305-3.0.0.jar has been previously copied to /tmp/spark-3d69c2d2-d320-4b9c-b6c6-5773603ef465/userFiles-3662ebe1-a625-496a-a7c5-73526f7675d5/com.google.code.findbugs_jsr305-3.0.0.jar
[2025-09-01 10:46:31,078] {subprocess.py:92} INFO - 25/09/01 10:46:31 INFO Executor: Fetching file:///home/***/.ivy2/jars/org.apache.spark_spark-token-provider-kafka-0-10_2.12-3.3.1.jar with timestamp 1756723588934
[2025-09-01 10:46:31,079] {subprocess.py:92} INFO - 25/09/01 10:46:31 INFO Utils: /home/***/.ivy2/jars/org.apache.spark_spark-token-provider-kafka-0-10_2.12-3.3.1.jar has been previously copied to /tmp/spark-3d69c2d2-d320-4b9c-b6c6-5773603ef465/userFiles-3662ebe1-a625-496a-a7c5-73526f7675d5/org.apache.spark_spark-token-provider-kafka-0-10_2.12-3.3.1.jar
[2025-09-01 10:46:31,085] {subprocess.py:92} INFO - 25/09/01 10:46:31 INFO Executor: Fetching file:///home/***/.ivy2/jars/org.apache.kafka_kafka-clients-2.8.1.jar with timestamp 1756723588934
[2025-09-01 10:46:31,091] {subprocess.py:92} INFO - 25/09/01 10:46:31 INFO Utils: /home/***/.ivy2/jars/org.apache.kafka_kafka-clients-2.8.1.jar has been previously copied to /tmp/spark-3d69c2d2-d320-4b9c-b6c6-5773603ef465/userFiles-3662ebe1-a625-496a-a7c5-73526f7675d5/org.apache.kafka_kafka-clients-2.8.1.jar
[2025-09-01 10:46:31,097] {subprocess.py:92} INFO - 25/09/01 10:46:31 INFO Executor: Fetching file:///home/***/.ivy2/jars/org.xerial.snappy_snappy-java-1.1.8.4.jar with timestamp 1756723588934
[2025-09-01 10:46:31,102] {subprocess.py:92} INFO - 25/09/01 10:46:31 INFO Utils: /home/***/.ivy2/jars/org.xerial.snappy_snappy-java-1.1.8.4.jar has been previously copied to /tmp/spark-3d69c2d2-d320-4b9c-b6c6-5773603ef465/userFiles-3662ebe1-a625-496a-a7c5-73526f7675d5/org.xerial.snappy_snappy-java-1.1.8.4.jar
[2025-09-01 10:46:31,114] {subprocess.py:92} INFO - 25/09/01 10:46:31 INFO Executor: Fetching spark://e66737cfc193:41501/jars/org.apache.spark_spark-token-provider-kafka-0-10_2.12-3.3.1.jar with timestamp 1756723588934
[2025-09-01 10:46:31,196] {subprocess.py:92} INFO - 25/09/01 10:46:31 INFO TransportClientFactory: Successfully created connection to e66737cfc193/172.20.0.18:41501 after 56 ms (0 ms spent in bootstraps)
[2025-09-01 10:46:31,213] {subprocess.py:92} INFO - 25/09/01 10:46:31 INFO Utils: Fetching spark://e66737cfc193:41501/jars/org.apache.spark_spark-token-provider-kafka-0-10_2.12-3.3.1.jar to /tmp/spark-3d69c2d2-d320-4b9c-b6c6-5773603ef465/userFiles-3662ebe1-a625-496a-a7c5-73526f7675d5/fetchFileTemp320499375739678045.tmp
[2025-09-01 10:46:31,276] {subprocess.py:92} INFO - 25/09/01 10:46:31 INFO Utils: /tmp/spark-3d69c2d2-d320-4b9c-b6c6-5773603ef465/userFiles-3662ebe1-a625-496a-a7c5-73526f7675d5/fetchFileTemp320499375739678045.tmp has been previously copied to /tmp/spark-3d69c2d2-d320-4b9c-b6c6-5773603ef465/userFiles-3662ebe1-a625-496a-a7c5-73526f7675d5/org.apache.spark_spark-token-provider-kafka-0-10_2.12-3.3.1.jar
[2025-09-01 10:46:31,283] {subprocess.py:92} INFO - 25/09/01 10:46:31 INFO Executor: Adding file:/tmp/spark-3d69c2d2-d320-4b9c-b6c6-5773603ef465/userFiles-3662ebe1-a625-496a-a7c5-73526f7675d5/org.apache.spark_spark-token-provider-kafka-0-10_2.12-3.3.1.jar to class loader
[2025-09-01 10:46:31,283] {subprocess.py:92} INFO - 25/09/01 10:46:31 INFO Executor: Fetching spark://e66737cfc193:41501/jars/org.apache.kafka_kafka-clients-2.8.1.jar with timestamp 1756723588934
[2025-09-01 10:46:31,284] {subprocess.py:92} INFO - 25/09/01 10:46:31 INFO Utils: Fetching spark://e66737cfc193:41501/jars/org.apache.kafka_kafka-clients-2.8.1.jar to /tmp/spark-3d69c2d2-d320-4b9c-b6c6-5773603ef465/userFiles-3662ebe1-a625-496a-a7c5-73526f7675d5/fetchFileTemp15806590230697541912.tmp
[2025-09-01 10:46:31,327] {subprocess.py:92} INFO - 25/09/01 10:46:31 INFO Utils: /tmp/spark-3d69c2d2-d320-4b9c-b6c6-5773603ef465/userFiles-3662ebe1-a625-496a-a7c5-73526f7675d5/fetchFileTemp15806590230697541912.tmp has been previously copied to /tmp/spark-3d69c2d2-d320-4b9c-b6c6-5773603ef465/userFiles-3662ebe1-a625-496a-a7c5-73526f7675d5/org.apache.kafka_kafka-clients-2.8.1.jar
[2025-09-01 10:46:31,337] {subprocess.py:92} INFO - 25/09/01 10:46:31 INFO Executor: Adding file:/tmp/spark-3d69c2d2-d320-4b9c-b6c6-5773603ef465/userFiles-3662ebe1-a625-496a-a7c5-73526f7675d5/org.apache.kafka_kafka-clients-2.8.1.jar to class loader
[2025-09-01 10:46:31,338] {subprocess.py:92} INFO - 25/09/01 10:46:31 INFO Executor: Fetching spark://e66737cfc193:41501/jars/org.apache.hadoop_hadoop-client-api-3.3.2.jar with timestamp 1756723588934
[2025-09-01 10:46:31,339] {subprocess.py:92} INFO - 25/09/01 10:46:31 INFO Utils: Fetching spark://e66737cfc193:41501/jars/org.apache.hadoop_hadoop-client-api-3.3.2.jar to /tmp/spark-3d69c2d2-d320-4b9c-b6c6-5773603ef465/userFiles-3662ebe1-a625-496a-a7c5-73526f7675d5/fetchFileTemp6955558225328019732.tmp
[2025-09-01 10:46:31,492] {subprocess.py:92} INFO - 25/09/01 10:46:31 INFO Utils: /tmp/spark-3d69c2d2-d320-4b9c-b6c6-5773603ef465/userFiles-3662ebe1-a625-496a-a7c5-73526f7675d5/fetchFileTemp6955558225328019732.tmp has been previously copied to /tmp/spark-3d69c2d2-d320-4b9c-b6c6-5773603ef465/userFiles-3662ebe1-a625-496a-a7c5-73526f7675d5/org.apache.hadoop_hadoop-client-api-3.3.2.jar
[2025-09-01 10:46:31,504] {subprocess.py:92} INFO - 25/09/01 10:46:31 INFO Executor: Adding file:/tmp/spark-3d69c2d2-d320-4b9c-b6c6-5773603ef465/userFiles-3662ebe1-a625-496a-a7c5-73526f7675d5/org.apache.hadoop_hadoop-client-api-3.3.2.jar to class loader
[2025-09-01 10:46:31,505] {subprocess.py:92} INFO - 25/09/01 10:46:31 INFO Executor: Fetching spark://e66737cfc193:41501/jars/org.lz4_lz4-java-1.8.0.jar with timestamp 1756723588934
[2025-09-01 10:46:31,507] {subprocess.py:92} INFO - 25/09/01 10:46:31 INFO Utils: Fetching spark://e66737cfc193:41501/jars/org.lz4_lz4-java-1.8.0.jar to /tmp/spark-3d69c2d2-d320-4b9c-b6c6-5773603ef465/userFiles-3662ebe1-a625-496a-a7c5-73526f7675d5/fetchFileTemp18427368190412441096.tmp
[2025-09-01 10:46:31,517] {subprocess.py:92} INFO - 25/09/01 10:46:31 INFO Utils: /tmp/spark-3d69c2d2-d320-4b9c-b6c6-5773603ef465/userFiles-3662ebe1-a625-496a-a7c5-73526f7675d5/fetchFileTemp18427368190412441096.tmp has been previously copied to /tmp/spark-3d69c2d2-d320-4b9c-b6c6-5773603ef465/userFiles-3662ebe1-a625-496a-a7c5-73526f7675d5/org.lz4_lz4-java-1.8.0.jar
[2025-09-01 10:46:31,525] {subprocess.py:92} INFO - 25/09/01 10:46:31 INFO Executor: Adding file:/tmp/spark-3d69c2d2-d320-4b9c-b6c6-5773603ef465/userFiles-3662ebe1-a625-496a-a7c5-73526f7675d5/org.lz4_lz4-java-1.8.0.jar to class loader
[2025-09-01 10:46:31,525] {subprocess.py:92} INFO - 25/09/01 10:46:31 INFO Executor: Fetching spark://e66737cfc193:41501/jars/com.google.code.findbugs_jsr305-3.0.0.jar with timestamp 1756723588934
[2025-09-01 10:46:31,527] {subprocess.py:92} INFO - 25/09/01 10:46:31 INFO Utils: Fetching spark://e66737cfc193:41501/jars/com.google.code.findbugs_jsr305-3.0.0.jar to /tmp/spark-3d69c2d2-d320-4b9c-b6c6-5773603ef465/userFiles-3662ebe1-a625-496a-a7c5-73526f7675d5/fetchFileTemp10483199644382864567.tmp
[2025-09-01 10:46:31,530] {subprocess.py:92} INFO - 25/09/01 10:46:31 INFO Utils: /tmp/spark-3d69c2d2-d320-4b9c-b6c6-5773603ef465/userFiles-3662ebe1-a625-496a-a7c5-73526f7675d5/fetchFileTemp10483199644382864567.tmp has been previously copied to /tmp/spark-3d69c2d2-d320-4b9c-b6c6-5773603ef465/userFiles-3662ebe1-a625-496a-a7c5-73526f7675d5/com.google.code.findbugs_jsr305-3.0.0.jar
[2025-09-01 10:46:31,537] {subprocess.py:92} INFO - 25/09/01 10:46:31 INFO Executor: Adding file:/tmp/spark-3d69c2d2-d320-4b9c-b6c6-5773603ef465/userFiles-3662ebe1-a625-496a-a7c5-73526f7675d5/com.google.code.findbugs_jsr305-3.0.0.jar to class loader
[2025-09-01 10:46:31,538] {subprocess.py:92} INFO - 25/09/01 10:46:31 INFO Executor: Fetching spark://e66737cfc193:41501/jars/org.spark-project.spark_unused-1.0.0.jar with timestamp 1756723588934
[2025-09-01 10:46:31,539] {subprocess.py:92} INFO - 25/09/01 10:46:31 INFO Utils: Fetching spark://e66737cfc193:41501/jars/org.spark-project.spark_unused-1.0.0.jar to /tmp/spark-3d69c2d2-d320-4b9c-b6c6-5773603ef465/userFiles-3662ebe1-a625-496a-a7c5-73526f7675d5/fetchFileTemp8449644492138200627.tmp
[2025-09-01 10:46:31,541] {subprocess.py:92} INFO - 25/09/01 10:46:31 INFO Utils: /tmp/spark-3d69c2d2-d320-4b9c-b6c6-5773603ef465/userFiles-3662ebe1-a625-496a-a7c5-73526f7675d5/fetchFileTemp8449644492138200627.tmp has been previously copied to /tmp/spark-3d69c2d2-d320-4b9c-b6c6-5773603ef465/userFiles-3662ebe1-a625-496a-a7c5-73526f7675d5/org.spark-project.spark_unused-1.0.0.jar
[2025-09-01 10:46:31,549] {subprocess.py:92} INFO - 25/09/01 10:46:31 INFO Executor: Adding file:/tmp/spark-3d69c2d2-d320-4b9c-b6c6-5773603ef465/userFiles-3662ebe1-a625-496a-a7c5-73526f7675d5/org.spark-project.spark_unused-1.0.0.jar to class loader
[2025-09-01 10:46:31,550] {subprocess.py:92} INFO - 25/09/01 10:46:31 INFO Executor: Fetching spark://e66737cfc193:41501/jars/org.slf4j_slf4j-api-1.7.32.jar with timestamp 1756723588934
[2025-09-01 10:46:31,551] {subprocess.py:92} INFO - 25/09/01 10:46:31 INFO Utils: Fetching spark://e66737cfc193:41501/jars/org.slf4j_slf4j-api-1.7.32.jar to /tmp/spark-3d69c2d2-d320-4b9c-b6c6-5773603ef465/userFiles-3662ebe1-a625-496a-a7c5-73526f7675d5/fetchFileTemp6635323891402942946.tmp
[2025-09-01 10:46:31,555] {subprocess.py:92} INFO - 25/09/01 10:46:31 INFO Utils: /tmp/spark-3d69c2d2-d320-4b9c-b6c6-5773603ef465/userFiles-3662ebe1-a625-496a-a7c5-73526f7675d5/fetchFileTemp6635323891402942946.tmp has been previously copied to /tmp/spark-3d69c2d2-d320-4b9c-b6c6-5773603ef465/userFiles-3662ebe1-a625-496a-a7c5-73526f7675d5/org.slf4j_slf4j-api-1.7.32.jar
[2025-09-01 10:46:31,563] {subprocess.py:92} INFO - 25/09/01 10:46:31 INFO Executor: Adding file:/tmp/spark-3d69c2d2-d320-4b9c-b6c6-5773603ef465/userFiles-3662ebe1-a625-496a-a7c5-73526f7675d5/org.slf4j_slf4j-api-1.7.32.jar to class loader
[2025-09-01 10:46:31,564] {subprocess.py:92} INFO - 25/09/01 10:46:31 INFO Executor: Fetching spark://e66737cfc193:41501/jars/org.apache.hadoop_hadoop-client-runtime-3.3.2.jar with timestamp 1756723588934
[2025-09-01 10:46:31,566] {subprocess.py:92} INFO - 25/09/01 10:46:31 INFO Utils: Fetching spark://e66737cfc193:41501/jars/org.apache.hadoop_hadoop-client-runtime-3.3.2.jar to /tmp/spark-3d69c2d2-d320-4b9c-b6c6-5773603ef465/userFiles-3662ebe1-a625-496a-a7c5-73526f7675d5/fetchFileTemp6410800546867676394.tmp
[2025-09-01 10:46:31,711] {subprocess.py:92} INFO - 25/09/01 10:46:31 INFO Utils: /tmp/spark-3d69c2d2-d320-4b9c-b6c6-5773603ef465/userFiles-3662ebe1-a625-496a-a7c5-73526f7675d5/fetchFileTemp6410800546867676394.tmp has been previously copied to /tmp/spark-3d69c2d2-d320-4b9c-b6c6-5773603ef465/userFiles-3662ebe1-a625-496a-a7c5-73526f7675d5/org.apache.hadoop_hadoop-client-runtime-3.3.2.jar
[2025-09-01 10:46:31,719] {subprocess.py:92} INFO - 25/09/01 10:46:31 INFO Executor: Adding file:/tmp/spark-3d69c2d2-d320-4b9c-b6c6-5773603ef465/userFiles-3662ebe1-a625-496a-a7c5-73526f7675d5/org.apache.hadoop_hadoop-client-runtime-3.3.2.jar to class loader
[2025-09-01 10:46:31,720] {subprocess.py:92} INFO - 25/09/01 10:46:31 INFO Executor: Fetching spark://e66737cfc193:41501/jars/org.apache.spark_spark-sql-kafka-0-10_2.12-3.3.1.jar with timestamp 1756723588934
[2025-09-01 10:46:31,720] {subprocess.py:92} INFO - 25/09/01 10:46:31 INFO Utils: Fetching spark://e66737cfc193:41501/jars/org.apache.spark_spark-sql-kafka-0-10_2.12-3.3.1.jar to /tmp/spark-3d69c2d2-d320-4b9c-b6c6-5773603ef465/userFiles-3662ebe1-a625-496a-a7c5-73526f7675d5/fetchFileTemp2337252888921017447.tmp
[2025-09-01 10:46:31,725] {subprocess.py:92} INFO - 25/09/01 10:46:31 INFO Utils: /tmp/spark-3d69c2d2-d320-4b9c-b6c6-5773603ef465/userFiles-3662ebe1-a625-496a-a7c5-73526f7675d5/fetchFileTemp2337252888921017447.tmp has been previously copied to /tmp/spark-3d69c2d2-d320-4b9c-b6c6-5773603ef465/userFiles-3662ebe1-a625-496a-a7c5-73526f7675d5/org.apache.spark_spark-sql-kafka-0-10_2.12-3.3.1.jar
[2025-09-01 10:46:31,735] {subprocess.py:92} INFO - 25/09/01 10:46:31 INFO Executor: Adding file:/tmp/spark-3d69c2d2-d320-4b9c-b6c6-5773603ef465/userFiles-3662ebe1-a625-496a-a7c5-73526f7675d5/org.apache.spark_spark-sql-kafka-0-10_2.12-3.3.1.jar to class loader
[2025-09-01 10:46:31,736] {subprocess.py:92} INFO - 25/09/01 10:46:31 INFO Executor: Fetching spark://e66737cfc193:41501/jars/org.xerial.snappy_snappy-java-1.1.8.4.jar with timestamp 1756723588934
[2025-09-01 10:46:31,737] {subprocess.py:92} INFO - 25/09/01 10:46:31 INFO Utils: Fetching spark://e66737cfc193:41501/jars/org.xerial.snappy_snappy-java-1.1.8.4.jar to /tmp/spark-3d69c2d2-d320-4b9c-b6c6-5773603ef465/userFiles-3662ebe1-a625-496a-a7c5-73526f7675d5/fetchFileTemp17027446573675600456.tmp
[2025-09-01 10:46:31,746] {subprocess.py:92} INFO - 25/09/01 10:46:31 INFO Utils: /tmp/spark-3d69c2d2-d320-4b9c-b6c6-5773603ef465/userFiles-3662ebe1-a625-496a-a7c5-73526f7675d5/fetchFileTemp17027446573675600456.tmp has been previously copied to /tmp/spark-3d69c2d2-d320-4b9c-b6c6-5773603ef465/userFiles-3662ebe1-a625-496a-a7c5-73526f7675d5/org.xerial.snappy_snappy-java-1.1.8.4.jar
[2025-09-01 10:46:31,754] {subprocess.py:92} INFO - 25/09/01 10:46:31 INFO Executor: Adding file:/tmp/spark-3d69c2d2-d320-4b9c-b6c6-5773603ef465/userFiles-3662ebe1-a625-496a-a7c5-73526f7675d5/org.xerial.snappy_snappy-java-1.1.8.4.jar to class loader
[2025-09-01 10:46:31,755] {subprocess.py:92} INFO - 25/09/01 10:46:31 INFO Executor: Fetching spark://e66737cfc193:41501/jars/org.apache.commons_commons-pool2-2.11.1.jar with timestamp 1756723588934
[2025-09-01 10:46:31,755] {subprocess.py:92} INFO - 25/09/01 10:46:31 INFO Utils: Fetching spark://e66737cfc193:41501/jars/org.apache.commons_commons-pool2-2.11.1.jar to /tmp/spark-3d69c2d2-d320-4b9c-b6c6-5773603ef465/userFiles-3662ebe1-a625-496a-a7c5-73526f7675d5/fetchFileTemp16936971641645341.tmp
[2025-09-01 10:46:31,760] {subprocess.py:92} INFO - 25/09/01 10:46:31 INFO Utils: /tmp/spark-3d69c2d2-d320-4b9c-b6c6-5773603ef465/userFiles-3662ebe1-a625-496a-a7c5-73526f7675d5/fetchFileTemp16936971641645341.tmp has been previously copied to /tmp/spark-3d69c2d2-d320-4b9c-b6c6-5773603ef465/userFiles-3662ebe1-a625-496a-a7c5-73526f7675d5/org.apache.commons_commons-pool2-2.11.1.jar
[2025-09-01 10:46:31,769] {subprocess.py:92} INFO - 25/09/01 10:46:31 INFO Executor: Adding file:/tmp/spark-3d69c2d2-d320-4b9c-b6c6-5773603ef465/userFiles-3662ebe1-a625-496a-a7c5-73526f7675d5/org.apache.commons_commons-pool2-2.11.1.jar to class loader
[2025-09-01 10:46:31,770] {subprocess.py:92} INFO - 25/09/01 10:46:31 INFO Executor: Fetching spark://e66737cfc193:41501/jars/commons-logging_commons-logging-1.1.3.jar with timestamp 1756723588934
[2025-09-01 10:46:31,771] {subprocess.py:92} INFO - 25/09/01 10:46:31 INFO Utils: Fetching spark://e66737cfc193:41501/jars/commons-logging_commons-logging-1.1.3.jar to /tmp/spark-3d69c2d2-d320-4b9c-b6c6-5773603ef465/userFiles-3662ebe1-a625-496a-a7c5-73526f7675d5/fetchFileTemp15563552456367505898.tmp
[2025-09-01 10:46:31,774] {subprocess.py:92} INFO - 25/09/01 10:46:31 INFO Utils: /tmp/spark-3d69c2d2-d320-4b9c-b6c6-5773603ef465/userFiles-3662ebe1-a625-496a-a7c5-73526f7675d5/fetchFileTemp15563552456367505898.tmp has been previously copied to /tmp/spark-3d69c2d2-d320-4b9c-b6c6-5773603ef465/userFiles-3662ebe1-a625-496a-a7c5-73526f7675d5/commons-logging_commons-logging-1.1.3.jar
[2025-09-01 10:46:31,781] {subprocess.py:92} INFO - 25/09/01 10:46:31 INFO Executor: Adding file:/tmp/spark-3d69c2d2-d320-4b9c-b6c6-5773603ef465/userFiles-3662ebe1-a625-496a-a7c5-73526f7675d5/commons-logging_commons-logging-1.1.3.jar to class loader
[2025-09-01 10:46:31,792] {subprocess.py:92} INFO - 25/09/01 10:46:31 INFO Utils: Successfully started service 'org.apache.spark.network.netty.NettyBlockTransferService' on port 41667.
[2025-09-01 10:46:31,792] {subprocess.py:92} INFO - 25/09/01 10:46:31 INFO NettyBlockTransferService: Server created on e66737cfc193:41667
[2025-09-01 10:46:31,794] {subprocess.py:92} INFO - 25/09/01 10:46:31 INFO BlockManager: Using org.apache.spark.storage.RandomBlockReplicationPolicy for block replication policy
[2025-09-01 10:46:31,801] {subprocess.py:92} INFO - 25/09/01 10:46:31 INFO BlockManagerMaster: Registering BlockManager BlockManagerId(driver, e66737cfc193, 41667, None)
[2025-09-01 10:46:31,806] {subprocess.py:92} INFO - 25/09/01 10:46:31 INFO BlockManagerMasterEndpoint: Registering block manager e66737cfc193:41667 with 434.4 MiB RAM, BlockManagerId(driver, e66737cfc193, 41667, None)
[2025-09-01 10:46:31,811] {subprocess.py:92} INFO - 25/09/01 10:46:31 INFO BlockManagerMaster: Registered BlockManager BlockManagerId(driver, e66737cfc193, 41667, None)
[2025-09-01 10:46:31,812] {subprocess.py:92} INFO - 25/09/01 10:46:31 INFO BlockManager: Initialized BlockManager: BlockManagerId(driver, e66737cfc193, 41667, None)
[2025-09-01 10:46:32,593] {subprocess.py:92} INFO - Connexion à Kafka...
[2025-09-01 10:46:37,018] {subprocess.py:92} INFO - Connexion Kafka réussie (kafka:9092)
[2025-09-01 10:46:37,019] {subprocess.py:92} INFO - Transformation des données JSON...
[2025-09-01 10:46:37,801] {subprocess.py:92} INFO - Démarrage du streaming vers HDFS...
[2025-09-01 10:46:39,431] {subprocess.py:92} INFO - Streaming actif - Données météo sauvegardées dans HDFS:/data/weather
[2025-09-01 10:46:44,481] {subprocess.py:92} INFO - 25/09/01 10:46:44 ERROR MicroBatchExecution: Query [id = 8bb46a74-6ffa-4764-a9c6-2e4a331d8211, runId = ee08229d-29cf-482b-a5e2-7cefa263f26a] terminated with error
[2025-09-01 10:46:44,481] {subprocess.py:92} INFO - org.apache.spark.SparkException: Execution of the stream null failed. Please, fill a bug report in, and provide the full stack trace.
[2025-09-01 10:46:44,481] {subprocess.py:92} INFO - 	at org.apache.spark.sql.execution.QueryExecution$.toInternalError(QueryExecution.scala:500)
[2025-09-01 10:46:44,481] {subprocess.py:92} INFO - 	at org.apache.spark.sql.execution.streaming.StreamExecution.org$apache$spark$sql$execution$streaming$StreamExecution$$runStream(StreamExecution.scala:324)
[2025-09-01 10:46:44,482] {subprocess.py:92} INFO - 	at org.apache.spark.sql.execution.streaming.StreamExecution$$anon$1.run(StreamExecution.scala:208)
[2025-09-01 10:46:44,482] {subprocess.py:92} INFO - Caused by: java.lang.AssertionError: assertion failed: Concurrent update to the log. Multiple streaming jobs detected for 60
[2025-09-01 10:46:44,482] {subprocess.py:92} INFO - 	at scala.Predef$.assert(Predef.scala:223)
[2025-09-01 10:46:44,482] {subprocess.py:92} INFO - 	at org.apache.spark.sql.execution.streaming.MicroBatchExecution.$anonfun$constructNextBatch$13(MicroBatchExecution.scala:496)
[2025-09-01 10:46:44,482] {subprocess.py:92} INFO - 	at scala.runtime.java8.JFunction0$mcV$sp.apply(JFunction0$mcV$sp.java:23)
[2025-09-01 10:46:44,482] {subprocess.py:92} INFO - 	at org.apache.spark.sql.execution.streaming.ProgressReporter.reportTimeTaken(ProgressReporter.scala:375)
[2025-09-01 10:46:44,482] {subprocess.py:92} INFO - 	at org.apache.spark.sql.execution.streaming.ProgressReporter.reportTimeTaken$(ProgressReporter.scala:373)
[2025-09-01 10:46:44,482] {subprocess.py:92} INFO - 	at org.apache.spark.sql.execution.streaming.StreamExecution.reportTimeTaken(StreamExecution.scala:68)
[2025-09-01 10:46:44,482] {subprocess.py:92} INFO - 	at org.apache.spark.sql.execution.streaming.MicroBatchExecution.$anonfun$constructNextBatch$1(MicroBatchExecution.scala:493)
[2025-09-01 10:46:44,482] {subprocess.py:92} INFO - 	at scala.runtime.java8.JFunction0$mcZ$sp.apply(JFunction0$mcZ$sp.java:23)
[2025-09-01 10:46:44,482] {subprocess.py:92} INFO - 	at org.apache.spark.sql.execution.streaming.MicroBatchExecution.withProgressLocked(MicroBatchExecution.scala:693)
[2025-09-01 10:46:44,482] {subprocess.py:92} INFO - 	at org.apache.spark.sql.execution.streaming.MicroBatchExecution.constructNextBatch(MicroBatchExecution.scala:433)
[2025-09-01 10:46:44,482] {subprocess.py:92} INFO - 	at org.apache.spark.sql.execution.streaming.MicroBatchExecution.$anonfun$runActivatedStream$2(MicroBatchExecution.scala:238)
[2025-09-01 10:46:44,482] {subprocess.py:92} INFO - 	at scala.runtime.java8.JFunction0$mcV$sp.apply(JFunction0$mcV$sp.java:23)
[2025-09-01 10:46:44,482] {subprocess.py:92} INFO - 	at org.apache.spark.sql.execution.streaming.ProgressReporter.reportTimeTaken(ProgressReporter.scala:375)
[2025-09-01 10:46:44,482] {subprocess.py:92} INFO - 	at org.apache.spark.sql.execution.streaming.ProgressReporter.reportTimeTaken$(ProgressReporter.scala:373)
[2025-09-01 10:46:44,482] {subprocess.py:92} INFO - 	at org.apache.spark.sql.execution.streaming.StreamExecution.reportTimeTaken(StreamExecution.scala:68)
[2025-09-01 10:46:44,482] {subprocess.py:92} INFO - 	at org.apache.spark.sql.execution.streaming.MicroBatchExecution.$anonfun$runActivatedStream$1(MicroBatchExecution.scala:219)
[2025-09-01 10:46:44,482] {subprocess.py:92} INFO - 	at org.apache.spark.sql.execution.streaming.ProcessingTimeExecutor.execute(TriggerExecutor.scala:67)
[2025-09-01 10:46:44,482] {subprocess.py:92} INFO - 	at org.apache.spark.sql.execution.streaming.MicroBatchExecution.runActivatedStream(MicroBatchExecution.scala:213)
[2025-09-01 10:46:44,483] {subprocess.py:92} INFO - 	at org.apache.spark.sql.execution.streaming.StreamExecution.$anonfun$runStream$1(StreamExecution.scala:307)
[2025-09-01 10:46:44,483] {subprocess.py:92} INFO - 	at scala.runtime.java8.JFunction0$mcV$sp.apply(JFunction0$mcV$sp.java:23)
[2025-09-01 10:46:44,483] {subprocess.py:92} INFO - 	at org.apache.spark.sql.SparkSession.withActive(SparkSession.scala:779)
[2025-09-01 10:46:44,483] {subprocess.py:92} INFO - 	at org.apache.spark.sql.execution.streaming.StreamExecution.org$apache$spark$sql$execution$streaming$StreamExecution$$runStream(StreamExecution.scala:285)
[2025-09-01 10:46:44,483] {subprocess.py:92} INFO - 	... 1 more
[2025-09-01 10:46:44,619] {subprocess.py:92} INFO - Traceback (most recent call last):
[2025-09-01 10:46:44,619] {subprocess.py:92} INFO -   File "/opt/***/scripts/pyspark/streaming.py", line 60, in <module>
[2025-09-01 10:46:44,620] {subprocess.py:92} INFO -     query.awaitTermination()
[2025-09-01 10:46:44,620] {subprocess.py:92} INFO -   File "/opt/spark-3.3.1-bin-hadoop3/python/lib/pyspark.zip/pyspark/sql/streaming.py", line 107, in awaitTermination
[2025-09-01 10:46:44,620] {subprocess.py:92} INFO -   File "/opt/spark-3.3.1-bin-hadoop3/python/lib/py4j-0.10.9.5-src.zip/py4j/java_gateway.py", line 1322, in __call__
[2025-09-01 10:46:44,621] {subprocess.py:92} INFO -   File "/opt/spark-3.3.1-bin-hadoop3/python/lib/pyspark.zip/pyspark/sql/utils.py", line 196, in deco
[2025-09-01 10:46:44,634] {subprocess.py:92} INFO - pyspark.sql.utils.StreamingQueryException: Query [id = 8bb46a74-6ffa-4764-a9c6-2e4a331d8211, runId = ee08229d-29cf-482b-a5e2-7cefa263f26a] terminated with exception: Execution of the stream null failed. Please, fill a bug report in, and provide the full stack trace.
[2025-09-01 10:46:44,949] {subprocess.py:96} INFO - Command exited with return code 1
[2025-09-01 10:46:44,976] {taskinstance.py:1889} ERROR - Task failed with exception
Traceback (most recent call last):
  File "/home/airflow/.local/lib/python3.7/site-packages/airflow/operators/bash.py", line 195, in execute
    f'Bash command failed. The command returned a non-zero exit code {result.exit_code}.'
airflow.exceptions.AirflowException: Bash command failed. The command returned a non-zero exit code 1.
[2025-09-01 10:46:44,982] {taskinstance.py:1400} INFO - Marking task as UP_FOR_RETRY. dag_id=send_weather_to_kafka, task_id=stream_hdfs, execution_date=20250901T101541, start_date=20250901T104619, end_date=20250901T104644
[2025-09-01 10:46:45,010] {standard_task_runner.py:97} ERROR - Failed to execute job 521 for task stream_hdfs (Bash command failed. The command returned a non-zero exit code 1.; 13238)
[2025-09-01 10:46:45,055] {local_task_job.py:156} INFO - Task exited with return code 1
[2025-09-01 10:46:45,104] {local_task_job.py:273} INFO - 0 downstream tasks scheduled from follow-on schedule check
