[2025-09-01 10:49:45,783] {taskinstance.py:1159} INFO - Dependencies all met for <TaskInstance: send_weather_to_kafka.stream_hdfs scheduled__2025-09-01T10:15:41.120879+00:00 [queued]>
[2025-09-01 10:49:45,804] {taskinstance.py:1159} INFO - Dependencies all met for <TaskInstance: send_weather_to_kafka.stream_hdfs scheduled__2025-09-01T10:15:41.120879+00:00 [queued]>
[2025-09-01 10:49:45,804] {taskinstance.py:1356} INFO - 
--------------------------------------------------------------------------------
[2025-09-01 10:49:45,804] {taskinstance.py:1357} INFO - Starting attempt 2 of 2
[2025-09-01 10:49:45,804] {taskinstance.py:1358} INFO - 
--------------------------------------------------------------------------------
[2025-09-01 10:49:45,835] {taskinstance.py:1377} INFO - Executing <Task(BashOperator): stream_hdfs> on 2025-09-01 10:15:41.120879+00:00
[2025-09-01 10:49:45,843] {standard_task_runner.py:52} INFO - Started process 14550 to run task
[2025-09-01 10:49:45,848] {standard_task_runner.py:79} INFO - Running: ['***', 'tasks', 'run', 'send_weather_to_kafka', 'stream_hdfs', 'scheduled__2025-09-01T10:15:41.120879+00:00', '--job-id', '526', '--raw', '--subdir', 'DAGS_FOLDER/dag_meteo.py', '--cfg-path', '/tmp/tmpfl125yqh', '--error-file', '/tmp/tmpb6jrj796']
[2025-09-01 10:49:45,850] {standard_task_runner.py:80} INFO - Job 526: Subtask stream_hdfs
[2025-09-01 10:49:45,870] {logging_mixin.py:115} WARNING - /home/***/.local/lib/python3.7/site-packages/***/configuration.py:470 DeprecationWarning: The sql_alchemy_conn option in [core] has been moved to the sql_alchemy_conn option in [database] - the old setting has been used, but please update your config.
[2025-09-01 10:49:45,914] {task_command.py:369} INFO - Running <TaskInstance: send_weather_to_kafka.stream_hdfs scheduled__2025-09-01T10:15:41.120879+00:00 [running]> on host e66737cfc193
[2025-09-01 10:49:46,014] {taskinstance.py:1571} INFO - Exporting the following env vars:
AIRFLOW_CTX_DAG_OWNER=***
AIRFLOW_CTX_DAG_ID=send_weather_to_kafka
AIRFLOW_CTX_TASK_ID=stream_hdfs
AIRFLOW_CTX_EXECUTION_DATE=2025-09-01T10:15:41.120879+00:00
AIRFLOW_CTX_TRY_NUMBER=2
AIRFLOW_CTX_DAG_RUN_ID=scheduled__2025-09-01T10:15:41.120879+00:00
[2025-09-01 10:49:46,014] {subprocess.py:62} INFO - Tmp dir root location: 
 /tmp
[2025-09-01 10:49:46,015] {subprocess.py:74} INFO - Running command: ['bash', '-c', '\n/home/***/.local/bin/spark-submit   --master local[*]   --conf spark.hadoop.fs.defaultFS=hdfs://namenode:9000   --conf spark.hadoop.dfs.client.use.datanode.hostname=true   --conf spark.sql.adaptive.enabled=false   --packages org.apache.spark:spark-sql-kafka-0-10_2.12:3.3.1   /opt/***/scripts/pyspark/streaming.py']
[2025-09-01 10:49:46,028] {subprocess.py:85} INFO - Output:
[2025-09-01 10:49:46,043] {subprocess.py:92} INFO - /opt/spark-3.3.1-bin-hadoop3/bin/load-spark-env.sh: line 68: ps: command not found
[2025-09-01 10:49:48,733] {subprocess.py:92} INFO - :: loading settings :: url = jar:file:/opt/spark-3.3.1-bin-hadoop3/jars/ivy-2.5.0.jar!/org/apache/ivy/core/settings/ivysettings.xml
[2025-09-01 10:49:48,924] {subprocess.py:92} INFO - Ivy Default Cache set to: /home/***/.ivy2/cache
[2025-09-01 10:49:48,924] {subprocess.py:92} INFO - The jars for the packages stored in: /home/***/.ivy2/jars
[2025-09-01 10:49:48,944] {subprocess.py:92} INFO - org.apache.spark#spark-sql-kafka-0-10_2.12 added as a dependency
[2025-09-01 10:49:48,951] {subprocess.py:92} INFO - :: resolving dependencies :: org.apache.spark#spark-submit-parent-978b5a6f-f53a-4107-a839-a1c916196c22;1.0
[2025-09-01 10:49:48,952] {subprocess.py:92} INFO - 	confs: [default]
[2025-09-01 10:49:49,288] {subprocess.py:92} INFO - 	found org.apache.spark#spark-sql-kafka-0-10_2.12;3.3.1 in spark-list
[2025-09-01 10:49:49,466] {subprocess.py:92} INFO - 	found org.apache.spark#spark-token-provider-kafka-0-10_2.12;3.3.1 in central
[2025-09-01 10:49:49,603] {subprocess.py:92} INFO - 	found org.apache.kafka#kafka-clients;2.8.1 in central
[2025-09-01 10:49:49,725] {subprocess.py:92} INFO - 	found org.lz4#lz4-java;1.8.0 in central
[2025-09-01 10:49:49,752] {subprocess.py:92} INFO - 	found org.xerial.snappy#snappy-java;1.1.8.4 in central
[2025-09-01 10:49:49,769] {subprocess.py:92} INFO - 	found org.slf4j#slf4j-api;1.7.32 in central
[2025-09-01 10:49:49,798] {subprocess.py:92} INFO - 	found org.apache.hadoop#hadoop-client-runtime;3.3.2 in central
[2025-09-01 10:49:49,813] {subprocess.py:92} INFO - 	found org.spark-project.spark#unused;1.0.0 in central
[2025-09-01 10:49:49,849] {subprocess.py:92} INFO - 	found org.apache.hadoop#hadoop-client-api;3.3.2 in central
[2025-09-01 10:49:49,885] {subprocess.py:92} INFO - 	found commons-logging#commons-logging;1.1.3 in central
[2025-09-01 10:49:49,906] {subprocess.py:92} INFO - 	found com.google.code.findbugs#jsr305;3.0.0 in central
[2025-09-01 10:49:49,926] {subprocess.py:92} INFO - 	found org.apache.commons#commons-pool2;2.11.1 in central
[2025-09-01 10:49:49,954] {subprocess.py:92} INFO - :: resolution report :: resolve 992ms :: artifacts dl 15ms
[2025-09-01 10:49:49,954] {subprocess.py:92} INFO - 	:: modules in use:
[2025-09-01 10:49:49,955] {subprocess.py:92} INFO - 	com.google.code.findbugs#jsr305;3.0.0 from central in [default]
[2025-09-01 10:49:49,956] {subprocess.py:92} INFO - 	commons-logging#commons-logging;1.1.3 from central in [default]
[2025-09-01 10:49:49,956] {subprocess.py:92} INFO - 	org.apache.commons#commons-pool2;2.11.1 from central in [default]
[2025-09-01 10:49:49,956] {subprocess.py:92} INFO - 	org.apache.hadoop#hadoop-client-api;3.3.2 from central in [default]
[2025-09-01 10:49:49,956] {subprocess.py:92} INFO - 	org.apache.hadoop#hadoop-client-runtime;3.3.2 from central in [default]
[2025-09-01 10:49:49,956] {subprocess.py:92} INFO - 	org.apache.kafka#kafka-clients;2.8.1 from central in [default]
[2025-09-01 10:49:49,956] {subprocess.py:92} INFO - 	org.apache.spark#spark-sql-kafka-0-10_2.12;3.3.1 from spark-list in [default]
[2025-09-01 10:49:49,957] {subprocess.py:92} INFO - 	org.apache.spark#spark-token-provider-kafka-0-10_2.12;3.3.1 from central in [default]
[2025-09-01 10:49:49,957] {subprocess.py:92} INFO - 	org.lz4#lz4-java;1.8.0 from central in [default]
[2025-09-01 10:49:49,957] {subprocess.py:92} INFO - 	org.slf4j#slf4j-api;1.7.32 from central in [default]
[2025-09-01 10:49:49,957] {subprocess.py:92} INFO - 	org.spark-project.spark#unused;1.0.0 from central in [default]
[2025-09-01 10:49:49,957] {subprocess.py:92} INFO - 	org.xerial.snappy#snappy-java;1.1.8.4 from central in [default]
[2025-09-01 10:49:49,957] {subprocess.py:92} INFO - 	---------------------------------------------------------------------
[2025-09-01 10:49:49,957] {subprocess.py:92} INFO - 	|                  |            modules            ||   artifacts   |
[2025-09-01 10:49:49,957] {subprocess.py:92} INFO - 	|       conf       | number| search|dwnlded|evicted|| number|dwnlded|
[2025-09-01 10:49:49,957] {subprocess.py:92} INFO - 	---------------------------------------------------------------------
[2025-09-01 10:49:49,957] {subprocess.py:92} INFO - 	|      default     |   12  |   0   |   0   |   0   ||   12  |   0   |
[2025-09-01 10:49:49,957] {subprocess.py:92} INFO - 	---------------------------------------------------------------------
[2025-09-01 10:49:49,970] {subprocess.py:92} INFO - :: retrieving :: org.apache.spark#spark-submit-parent-978b5a6f-f53a-4107-a839-a1c916196c22
[2025-09-01 10:49:49,971] {subprocess.py:92} INFO - 	confs: [default]
[2025-09-01 10:49:49,980] {subprocess.py:92} INFO - 	0 artifacts copied, 12 already retrieved (0kB/11ms)
[2025-09-01 10:49:50,393] {subprocess.py:92} INFO - 25/09/01 10:49:50 WARN NativeCodeLoader: Unable to load native-hadoop library for your platform... using builtin-java classes where applicable
[2025-09-01 10:49:52,164] {subprocess.py:92} INFO - 25/09/01 10:49:52 INFO SparkContext: Running Spark version 3.3.1
[2025-09-01 10:49:52,213] {subprocess.py:92} INFO - 25/09/01 10:49:52 INFO ResourceUtils: ==============================================================
[2025-09-01 10:49:52,214] {subprocess.py:92} INFO - 25/09/01 10:49:52 INFO ResourceUtils: No custom resources configured for spark.driver.
[2025-09-01 10:49:52,216] {subprocess.py:92} INFO - 25/09/01 10:49:52 INFO ResourceUtils: ==============================================================
[2025-09-01 10:49:52,217] {subprocess.py:92} INFO - 25/09/01 10:49:52 INFO SparkContext: Submitted application: KafkaToHDFSWeather
[2025-09-01 10:49:52,280] {subprocess.py:92} INFO - 25/09/01 10:49:52 INFO ResourceProfile: Default ResourceProfile created, executor resources: Map(cores -> name: cores, amount: 1, script: , vendor: , memory -> name: memory, amount: 1024, script: , vendor: , offHeap -> name: offHeap, amount: 0, script: , vendor: ), task resources: Map(cpus -> name: cpus, amount: 1.0)
[2025-09-01 10:49:52,324] {subprocess.py:92} INFO - 25/09/01 10:49:52 INFO ResourceProfile: Limiting resource is cpu
[2025-09-01 10:49:52,327] {subprocess.py:92} INFO - 25/09/01 10:49:52 INFO ResourceProfileManager: Added ResourceProfile id: 0
[2025-09-01 10:49:52,450] {subprocess.py:92} INFO - 25/09/01 10:49:52 INFO SecurityManager: Changing view acls to: ***
[2025-09-01 10:49:52,451] {subprocess.py:92} INFO - 25/09/01 10:49:52 INFO SecurityManager: Changing modify acls to: ***
[2025-09-01 10:49:52,451] {subprocess.py:92} INFO - 25/09/01 10:49:52 INFO SecurityManager: Changing view acls groups to:
[2025-09-01 10:49:52,452] {subprocess.py:92} INFO - 25/09/01 10:49:52 INFO SecurityManager: Changing modify acls groups to:
[2025-09-01 10:49:52,454] {subprocess.py:92} INFO - 25/09/01 10:49:52 INFO SecurityManager: SecurityManager: authentication disabled; ui acls disabled; users  with view permissions: Set(***); groups with view permissions: Set(); users  with modify permissions: Set(***); groups with modify permissions: Set()
[2025-09-01 10:49:52,861] {subprocess.py:92} INFO - 25/09/01 10:49:52 INFO Utils: Successfully started service 'sparkDriver' on port 33991.
[2025-09-01 10:49:52,921] {subprocess.py:92} INFO - 25/09/01 10:49:52 INFO SparkEnv: Registering MapOutputTracker
[2025-09-01 10:49:53,001] {subprocess.py:92} INFO - 25/09/01 10:49:53 INFO SparkEnv: Registering BlockManagerMaster
[2025-09-01 10:49:53,046] {subprocess.py:92} INFO - 25/09/01 10:49:53 INFO BlockManagerMasterEndpoint: Using org.apache.spark.storage.DefaultTopologyMapper for getting topology information
[2025-09-01 10:49:53,047] {subprocess.py:92} INFO - 25/09/01 10:49:53 INFO BlockManagerMasterEndpoint: BlockManagerMasterEndpoint up
[2025-09-01 10:49:53,057] {subprocess.py:92} INFO - 25/09/01 10:49:53 INFO SparkEnv: Registering BlockManagerMasterHeartbeat
[2025-09-01 10:49:53,106] {subprocess.py:92} INFO - 25/09/01 10:49:53 INFO DiskBlockManager: Created local directory at /tmp/blockmgr-cff4c81c-445c-4d0a-a716-b86c9cd7aa1b
[2025-09-01 10:49:53,144] {subprocess.py:92} INFO - 25/09/01 10:49:53 INFO MemoryStore: MemoryStore started with capacity 434.4 MiB
[2025-09-01 10:49:53,180] {subprocess.py:92} INFO - 25/09/01 10:49:53 INFO SparkEnv: Registering OutputCommitCoordinator
[2025-09-01 10:49:53,598] {subprocess.py:92} INFO - 25/09/01 10:49:53 WARN Utils: Service 'SparkUI' could not bind on port 4040. Attempting port 4041.
[2025-09-01 10:49:53,600] {subprocess.py:92} INFO - 25/09/01 10:49:53 WARN Utils: Service 'SparkUI' could not bind on port 4041. Attempting port 4042.
[2025-09-01 10:49:53,600] {subprocess.py:92} INFO - 25/09/01 10:49:53 WARN Utils: Service 'SparkUI' could not bind on port 4042. Attempting port 4043.
[2025-09-01 10:49:53,622] {subprocess.py:92} INFO - 25/09/01 10:49:53 INFO Utils: Successfully started service 'SparkUI' on port 4043.
[2025-09-01 10:49:53,705] {subprocess.py:92} INFO - 25/09/01 10:49:53 INFO SparkContext: Added JAR file:///home/***/.ivy2/jars/org.apache.spark_spark-sql-kafka-0-10_2.12-3.3.1.jar at spark://e66737cfc193:33991/jars/org.apache.spark_spark-sql-kafka-0-10_2.12-3.3.1.jar with timestamp 1756723792146
[2025-09-01 10:49:53,706] {subprocess.py:92} INFO - 25/09/01 10:49:53 INFO SparkContext: Added JAR file:///home/***/.ivy2/jars/org.apache.spark_spark-token-provider-kafka-0-10_2.12-3.3.1.jar at spark://e66737cfc193:33991/jars/org.apache.spark_spark-token-provider-kafka-0-10_2.12-3.3.1.jar with timestamp 1756723792146
[2025-09-01 10:49:53,706] {subprocess.py:92} INFO - 25/09/01 10:49:53 INFO SparkContext: Added JAR file:///home/***/.ivy2/jars/org.apache.kafka_kafka-clients-2.8.1.jar at spark://e66737cfc193:33991/jars/org.apache.kafka_kafka-clients-2.8.1.jar with timestamp 1756723792146
[2025-09-01 10:49:53,706] {subprocess.py:92} INFO - 25/09/01 10:49:53 INFO SparkContext: Added JAR file:///home/***/.ivy2/jars/com.google.code.findbugs_jsr305-3.0.0.jar at spark://e66737cfc193:33991/jars/com.google.code.findbugs_jsr305-3.0.0.jar with timestamp 1756723792146
[2025-09-01 10:49:53,707] {subprocess.py:92} INFO - 25/09/01 10:49:53 INFO SparkContext: Added JAR file:///home/***/.ivy2/jars/org.apache.commons_commons-pool2-2.11.1.jar at spark://e66737cfc193:33991/jars/org.apache.commons_commons-pool2-2.11.1.jar with timestamp 1756723792146
[2025-09-01 10:49:53,707] {subprocess.py:92} INFO - 25/09/01 10:49:53 INFO SparkContext: Added JAR file:///home/***/.ivy2/jars/org.spark-project.spark_unused-1.0.0.jar at spark://e66737cfc193:33991/jars/org.spark-project.spark_unused-1.0.0.jar with timestamp 1756723792146
[2025-09-01 10:49:53,707] {subprocess.py:92} INFO - 25/09/01 10:49:53 INFO SparkContext: Added JAR file:///home/***/.ivy2/jars/org.apache.hadoop_hadoop-client-runtime-3.3.2.jar at spark://e66737cfc193:33991/jars/org.apache.hadoop_hadoop-client-runtime-3.3.2.jar with timestamp 1756723792146
[2025-09-01 10:49:53,708] {subprocess.py:92} INFO - 25/09/01 10:49:53 INFO SparkContext: Added JAR file:///home/***/.ivy2/jars/org.lz4_lz4-java-1.8.0.jar at spark://e66737cfc193:33991/jars/org.lz4_lz4-java-1.8.0.jar with timestamp 1756723792146
[2025-09-01 10:49:53,708] {subprocess.py:92} INFO - 25/09/01 10:49:53 INFO SparkContext: Added JAR file:///home/***/.ivy2/jars/org.xerial.snappy_snappy-java-1.1.8.4.jar at spark://e66737cfc193:33991/jars/org.xerial.snappy_snappy-java-1.1.8.4.jar with timestamp 1756723792146
[2025-09-01 10:49:53,708] {subprocess.py:92} INFO - 25/09/01 10:49:53 INFO SparkContext: Added JAR file:///home/***/.ivy2/jars/org.slf4j_slf4j-api-1.7.32.jar at spark://e66737cfc193:33991/jars/org.slf4j_slf4j-api-1.7.32.jar with timestamp 1756723792146
[2025-09-01 10:49:53,709] {subprocess.py:92} INFO - 25/09/01 10:49:53 INFO SparkContext: Added JAR file:///home/***/.ivy2/jars/org.apache.hadoop_hadoop-client-api-3.3.2.jar at spark://e66737cfc193:33991/jars/org.apache.hadoop_hadoop-client-api-3.3.2.jar with timestamp 1756723792146
[2025-09-01 10:49:53,709] {subprocess.py:92} INFO - 25/09/01 10:49:53 INFO SparkContext: Added JAR file:///home/***/.ivy2/jars/commons-logging_commons-logging-1.1.3.jar at spark://e66737cfc193:33991/jars/commons-logging_commons-logging-1.1.3.jar with timestamp 1756723792146
[2025-09-01 10:49:53,714] {subprocess.py:92} INFO - 25/09/01 10:49:53 INFO SparkContext: Added file file:///home/***/.ivy2/jars/org.apache.spark_spark-sql-kafka-0-10_2.12-3.3.1.jar at file:///home/***/.ivy2/jars/org.apache.spark_spark-sql-kafka-0-10_2.12-3.3.1.jar with timestamp 1756723792146
[2025-09-01 10:49:53,717] {subprocess.py:92} INFO - 25/09/01 10:49:53 INFO Utils: Copying /home/***/.ivy2/jars/org.apache.spark_spark-sql-kafka-0-10_2.12-3.3.1.jar to /tmp/spark-5b9a72c4-8ef9-4ddd-838b-ae4111595666/userFiles-a4f7309b-40c2-404e-9828-2c61d365a579/org.apache.spark_spark-sql-kafka-0-10_2.12-3.3.1.jar
[2025-09-01 10:49:53,736] {subprocess.py:92} INFO - 25/09/01 10:49:53 INFO SparkContext: Added file file:///home/***/.ivy2/jars/org.apache.spark_spark-token-provider-kafka-0-10_2.12-3.3.1.jar at file:///home/***/.ivy2/jars/org.apache.spark_spark-token-provider-kafka-0-10_2.12-3.3.1.jar with timestamp 1756723792146
[2025-09-01 10:49:53,736] {subprocess.py:92} INFO - 25/09/01 10:49:53 INFO Utils: Copying /home/***/.ivy2/jars/org.apache.spark_spark-token-provider-kafka-0-10_2.12-3.3.1.jar to /tmp/spark-5b9a72c4-8ef9-4ddd-838b-ae4111595666/userFiles-a4f7309b-40c2-404e-9828-2c61d365a579/org.apache.spark_spark-token-provider-kafka-0-10_2.12-3.3.1.jar
[2025-09-01 10:49:53,747] {subprocess.py:92} INFO - 25/09/01 10:49:53 INFO SparkContext: Added file file:///home/***/.ivy2/jars/org.apache.kafka_kafka-clients-2.8.1.jar at file:///home/***/.ivy2/jars/org.apache.kafka_kafka-clients-2.8.1.jar with timestamp 1756723792146
[2025-09-01 10:49:53,748] {subprocess.py:92} INFO - 25/09/01 10:49:53 INFO Utils: Copying /home/***/.ivy2/jars/org.apache.kafka_kafka-clients-2.8.1.jar to /tmp/spark-5b9a72c4-8ef9-4ddd-838b-ae4111595666/userFiles-a4f7309b-40c2-404e-9828-2c61d365a579/org.apache.kafka_kafka-clients-2.8.1.jar
[2025-09-01 10:49:53,771] {subprocess.py:92} INFO - 25/09/01 10:49:53 INFO SparkContext: Added file file:///home/***/.ivy2/jars/com.google.code.findbugs_jsr305-3.0.0.jar at file:///home/***/.ivy2/jars/com.google.code.findbugs_jsr305-3.0.0.jar with timestamp 1756723792146
[2025-09-01 10:49:53,771] {subprocess.py:92} INFO - 25/09/01 10:49:53 INFO Utils: Copying /home/***/.ivy2/jars/com.google.code.findbugs_jsr305-3.0.0.jar to /tmp/spark-5b9a72c4-8ef9-4ddd-838b-ae4111595666/userFiles-a4f7309b-40c2-404e-9828-2c61d365a579/com.google.code.findbugs_jsr305-3.0.0.jar
[2025-09-01 10:49:53,778] {subprocess.py:92} INFO - 25/09/01 10:49:53 INFO SparkContext: Added file file:///home/***/.ivy2/jars/org.apache.commons_commons-pool2-2.11.1.jar at file:///home/***/.ivy2/jars/org.apache.commons_commons-pool2-2.11.1.jar with timestamp 1756723792146
[2025-09-01 10:49:53,778] {subprocess.py:92} INFO - 25/09/01 10:49:53 INFO Utils: Copying /home/***/.ivy2/jars/org.apache.commons_commons-pool2-2.11.1.jar to /tmp/spark-5b9a72c4-8ef9-4ddd-838b-ae4111595666/userFiles-a4f7309b-40c2-404e-9828-2c61d365a579/org.apache.commons_commons-pool2-2.11.1.jar
[2025-09-01 10:49:53,801] {subprocess.py:92} INFO - 25/09/01 10:49:53 INFO SparkContext: Added file file:///home/***/.ivy2/jars/org.spark-project.spark_unused-1.0.0.jar at file:///home/***/.ivy2/jars/org.spark-project.spark_unused-1.0.0.jar with timestamp 1756723792146
[2025-09-01 10:49:53,802] {subprocess.py:92} INFO - 25/09/01 10:49:53 INFO Utils: Copying /home/***/.ivy2/jars/org.spark-project.spark_unused-1.0.0.jar to /tmp/spark-5b9a72c4-8ef9-4ddd-838b-ae4111595666/userFiles-a4f7309b-40c2-404e-9828-2c61d365a579/org.spark-project.spark_unused-1.0.0.jar
[2025-09-01 10:49:53,807] {subprocess.py:92} INFO - 25/09/01 10:49:53 INFO SparkContext: Added file file:///home/***/.ivy2/jars/org.apache.hadoop_hadoop-client-runtime-3.3.2.jar at file:///home/***/.ivy2/jars/org.apache.hadoop_hadoop-client-runtime-3.3.2.jar with timestamp 1756723792146
[2025-09-01 10:49:53,807] {subprocess.py:92} INFO - 25/09/01 10:49:53 INFO Utils: Copying /home/***/.ivy2/jars/org.apache.hadoop_hadoop-client-runtime-3.3.2.jar to /tmp/spark-5b9a72c4-8ef9-4ddd-838b-ae4111595666/userFiles-a4f7309b-40c2-404e-9828-2c61d365a579/org.apache.hadoop_hadoop-client-runtime-3.3.2.jar
[2025-09-01 10:49:53,840] {subprocess.py:92} INFO - 25/09/01 10:49:53 INFO SparkContext: Added file file:///home/***/.ivy2/jars/org.lz4_lz4-java-1.8.0.jar at file:///home/***/.ivy2/jars/org.lz4_lz4-java-1.8.0.jar with timestamp 1756723792146
[2025-09-01 10:49:53,841] {subprocess.py:92} INFO - 25/09/01 10:49:53 INFO Utils: Copying /home/***/.ivy2/jars/org.lz4_lz4-java-1.8.0.jar to /tmp/spark-5b9a72c4-8ef9-4ddd-838b-ae4111595666/userFiles-a4f7309b-40c2-404e-9828-2c61d365a579/org.lz4_lz4-java-1.8.0.jar
[2025-09-01 10:49:53,847] {subprocess.py:92} INFO - 25/09/01 10:49:53 INFO SparkContext: Added file file:///home/***/.ivy2/jars/org.xerial.snappy_snappy-java-1.1.8.4.jar at file:///home/***/.ivy2/jars/org.xerial.snappy_snappy-java-1.1.8.4.jar with timestamp 1756723792146
[2025-09-01 10:49:53,848] {subprocess.py:92} INFO - 25/09/01 10:49:53 INFO Utils: Copying /home/***/.ivy2/jars/org.xerial.snappy_snappy-java-1.1.8.4.jar to /tmp/spark-5b9a72c4-8ef9-4ddd-838b-ae4111595666/userFiles-a4f7309b-40c2-404e-9828-2c61d365a579/org.xerial.snappy_snappy-java-1.1.8.4.jar
[2025-09-01 10:49:53,860] {subprocess.py:92} INFO - 25/09/01 10:49:53 INFO SparkContext: Added file file:///home/***/.ivy2/jars/org.slf4j_slf4j-api-1.7.32.jar at file:///home/***/.ivy2/jars/org.slf4j_slf4j-api-1.7.32.jar with timestamp 1756723792146
[2025-09-01 10:49:53,860] {subprocess.py:92} INFO - 25/09/01 10:49:53 INFO Utils: Copying /home/***/.ivy2/jars/org.slf4j_slf4j-api-1.7.32.jar to /tmp/spark-5b9a72c4-8ef9-4ddd-838b-ae4111595666/userFiles-a4f7309b-40c2-404e-9828-2c61d365a579/org.slf4j_slf4j-api-1.7.32.jar
[2025-09-01 10:49:53,868] {subprocess.py:92} INFO - 25/09/01 10:49:53 INFO SparkContext: Added file file:///home/***/.ivy2/jars/org.apache.hadoop_hadoop-client-api-3.3.2.jar at file:///home/***/.ivy2/jars/org.apache.hadoop_hadoop-client-api-3.3.2.jar with timestamp 1756723792146
[2025-09-01 10:49:53,868] {subprocess.py:92} INFO - 25/09/01 10:49:53 INFO Utils: Copying /home/***/.ivy2/jars/org.apache.hadoop_hadoop-client-api-3.3.2.jar to /tmp/spark-5b9a72c4-8ef9-4ddd-838b-ae4111595666/userFiles-a4f7309b-40c2-404e-9828-2c61d365a579/org.apache.hadoop_hadoop-client-api-3.3.2.jar
[2025-09-01 10:49:53,899] {subprocess.py:92} INFO - 25/09/01 10:49:53 INFO SparkContext: Added file file:///home/***/.ivy2/jars/commons-logging_commons-logging-1.1.3.jar at file:///home/***/.ivy2/jars/commons-logging_commons-logging-1.1.3.jar with timestamp 1756723792146
[2025-09-01 10:49:53,900] {subprocess.py:92} INFO - 25/09/01 10:49:53 INFO Utils: Copying /home/***/.ivy2/jars/commons-logging_commons-logging-1.1.3.jar to /tmp/spark-5b9a72c4-8ef9-4ddd-838b-ae4111595666/userFiles-a4f7309b-40c2-404e-9828-2c61d365a579/commons-logging_commons-logging-1.1.3.jar
[2025-09-01 10:49:54,036] {subprocess.py:92} INFO - 25/09/01 10:49:54 INFO Executor: Starting executor ID driver on host e66737cfc193
[2025-09-01 10:49:54,049] {subprocess.py:92} INFO - 25/09/01 10:49:54 INFO Executor: Starting executor with user classpath (userClassPathFirst = false): ''
[2025-09-01 10:49:54,064] {subprocess.py:92} INFO - 25/09/01 10:49:54 INFO Executor: Fetching file:///home/***/.ivy2/jars/commons-logging_commons-logging-1.1.3.jar with timestamp 1756723792146
[2025-09-01 10:49:54,097] {subprocess.py:92} INFO - 25/09/01 10:49:54 INFO Utils: /home/***/.ivy2/jars/commons-logging_commons-logging-1.1.3.jar has been previously copied to /tmp/spark-5b9a72c4-8ef9-4ddd-838b-ae4111595666/userFiles-a4f7309b-40c2-404e-9828-2c61d365a579/commons-logging_commons-logging-1.1.3.jar
[2025-09-01 10:49:54,105] {subprocess.py:92} INFO - 25/09/01 10:49:54 INFO Executor: Fetching file:///home/***/.ivy2/jars/org.spark-project.spark_unused-1.0.0.jar with timestamp 1756723792146
[2025-09-01 10:49:54,107] {subprocess.py:92} INFO - 25/09/01 10:49:54 INFO Utils: /home/***/.ivy2/jars/org.spark-project.spark_unused-1.0.0.jar has been previously copied to /tmp/spark-5b9a72c4-8ef9-4ddd-838b-ae4111595666/userFiles-a4f7309b-40c2-404e-9828-2c61d365a579/org.spark-project.spark_unused-1.0.0.jar
[2025-09-01 10:49:54,114] {subprocess.py:92} INFO - 25/09/01 10:49:54 INFO Executor: Fetching file:///home/***/.ivy2/jars/org.apache.spark_spark-sql-kafka-0-10_2.12-3.3.1.jar with timestamp 1756723792146
[2025-09-01 10:49:54,128] {subprocess.py:92} INFO - 25/09/01 10:49:54 INFO Utils: /home/***/.ivy2/jars/org.apache.spark_spark-sql-kafka-0-10_2.12-3.3.1.jar has been previously copied to /tmp/spark-5b9a72c4-8ef9-4ddd-838b-ae4111595666/userFiles-a4f7309b-40c2-404e-9828-2c61d365a579/org.apache.spark_spark-sql-kafka-0-10_2.12-3.3.1.jar
[2025-09-01 10:49:54,135] {subprocess.py:92} INFO - 25/09/01 10:49:54 INFO Executor: Fetching file:///home/***/.ivy2/jars/org.apache.hadoop_hadoop-client-api-3.3.2.jar with timestamp 1756723792146
[2025-09-01 10:49:54,175] {subprocess.py:92} INFO - 25/09/01 10:49:54 INFO Utils: /home/***/.ivy2/jars/org.apache.hadoop_hadoop-client-api-3.3.2.jar has been previously copied to /tmp/spark-5b9a72c4-8ef9-4ddd-838b-ae4111595666/userFiles-a4f7309b-40c2-404e-9828-2c61d365a579/org.apache.hadoop_hadoop-client-api-3.3.2.jar
[2025-09-01 10:49:54,183] {subprocess.py:92} INFO - 25/09/01 10:49:54 INFO Executor: Fetching file:///home/***/.ivy2/jars/org.apache.hadoop_hadoop-client-runtime-3.3.2.jar with timestamp 1756723792146
[2025-09-01 10:49:54,211] {subprocess.py:92} INFO - 25/09/01 10:49:54 INFO Utils: /home/***/.ivy2/jars/org.apache.hadoop_hadoop-client-runtime-3.3.2.jar has been previously copied to /tmp/spark-5b9a72c4-8ef9-4ddd-838b-ae4111595666/userFiles-a4f7309b-40c2-404e-9828-2c61d365a579/org.apache.hadoop_hadoop-client-runtime-3.3.2.jar
[2025-09-01 10:49:54,216] {subprocess.py:92} INFO - 25/09/01 10:49:54 INFO Executor: Fetching file:///home/***/.ivy2/jars/org.slf4j_slf4j-api-1.7.32.jar with timestamp 1756723792146
[2025-09-01 10:49:54,217] {subprocess.py:92} INFO - 25/09/01 10:49:54 INFO Utils: /home/***/.ivy2/jars/org.slf4j_slf4j-api-1.7.32.jar has been previously copied to /tmp/spark-5b9a72c4-8ef9-4ddd-838b-ae4111595666/userFiles-a4f7309b-40c2-404e-9828-2c61d365a579/org.slf4j_slf4j-api-1.7.32.jar
[2025-09-01 10:49:54,223] {subprocess.py:92} INFO - 25/09/01 10:49:54 INFO Executor: Fetching file:///home/***/.ivy2/jars/org.lz4_lz4-java-1.8.0.jar with timestamp 1756723792146
[2025-09-01 10:49:54,225] {subprocess.py:92} INFO - 25/09/01 10:49:54 INFO Utils: /home/***/.ivy2/jars/org.lz4_lz4-java-1.8.0.jar has been previously copied to /tmp/spark-5b9a72c4-8ef9-4ddd-838b-ae4111595666/userFiles-a4f7309b-40c2-404e-9828-2c61d365a579/org.lz4_lz4-java-1.8.0.jar
[2025-09-01 10:49:54,231] {subprocess.py:92} INFO - 25/09/01 10:49:54 INFO Executor: Fetching file:///home/***/.ivy2/jars/org.apache.commons_commons-pool2-2.11.1.jar with timestamp 1756723792146
[2025-09-01 10:49:54,232] {subprocess.py:92} INFO - 25/09/01 10:49:54 INFO Utils: /home/***/.ivy2/jars/org.apache.commons_commons-pool2-2.11.1.jar has been previously copied to /tmp/spark-5b9a72c4-8ef9-4ddd-838b-ae4111595666/userFiles-a4f7309b-40c2-404e-9828-2c61d365a579/org.apache.commons_commons-pool2-2.11.1.jar
[2025-09-01 10:49:54,238] {subprocess.py:92} INFO - 25/09/01 10:49:54 INFO Executor: Fetching file:///home/***/.ivy2/jars/com.google.code.findbugs_jsr305-3.0.0.jar with timestamp 1756723792146
[2025-09-01 10:49:54,239] {subprocess.py:92} INFO - 25/09/01 10:49:54 INFO Utils: /home/***/.ivy2/jars/com.google.code.findbugs_jsr305-3.0.0.jar has been previously copied to /tmp/spark-5b9a72c4-8ef9-4ddd-838b-ae4111595666/userFiles-a4f7309b-40c2-404e-9828-2c61d365a579/com.google.code.findbugs_jsr305-3.0.0.jar
[2025-09-01 10:49:54,246] {subprocess.py:92} INFO - 25/09/01 10:49:54 INFO Executor: Fetching file:///home/***/.ivy2/jars/org.apache.spark_spark-token-provider-kafka-0-10_2.12-3.3.1.jar with timestamp 1756723792146
[2025-09-01 10:49:54,247] {subprocess.py:92} INFO - 25/09/01 10:49:54 INFO Utils: /home/***/.ivy2/jars/org.apache.spark_spark-token-provider-kafka-0-10_2.12-3.3.1.jar has been previously copied to /tmp/spark-5b9a72c4-8ef9-4ddd-838b-ae4111595666/userFiles-a4f7309b-40c2-404e-9828-2c61d365a579/org.apache.spark_spark-token-provider-kafka-0-10_2.12-3.3.1.jar
[2025-09-01 10:49:54,254] {subprocess.py:92} INFO - 25/09/01 10:49:54 INFO Executor: Fetching file:///home/***/.ivy2/jars/org.apache.kafka_kafka-clients-2.8.1.jar with timestamp 1756723792146
[2025-09-01 10:49:54,265] {subprocess.py:92} INFO - 25/09/01 10:49:54 INFO Utils: /home/***/.ivy2/jars/org.apache.kafka_kafka-clients-2.8.1.jar has been previously copied to /tmp/spark-5b9a72c4-8ef9-4ddd-838b-ae4111595666/userFiles-a4f7309b-40c2-404e-9828-2c61d365a579/org.apache.kafka_kafka-clients-2.8.1.jar
[2025-09-01 10:49:54,272] {subprocess.py:92} INFO - 25/09/01 10:49:54 INFO Executor: Fetching file:///home/***/.ivy2/jars/org.xerial.snappy_snappy-java-1.1.8.4.jar with timestamp 1756723792146
[2025-09-01 10:49:54,276] {subprocess.py:92} INFO - 25/09/01 10:49:54 INFO Utils: /home/***/.ivy2/jars/org.xerial.snappy_snappy-java-1.1.8.4.jar has been previously copied to /tmp/spark-5b9a72c4-8ef9-4ddd-838b-ae4111595666/userFiles-a4f7309b-40c2-404e-9828-2c61d365a579/org.xerial.snappy_snappy-java-1.1.8.4.jar
[2025-09-01 10:49:54,289] {subprocess.py:92} INFO - 25/09/01 10:49:54 INFO Executor: Fetching spark://e66737cfc193:33991/jars/org.apache.hadoop_hadoop-client-api-3.3.2.jar with timestamp 1756723792146
[2025-09-01 10:49:54,372] {subprocess.py:92} INFO - 25/09/01 10:49:54 INFO TransportClientFactory: Successfully created connection to e66737cfc193/172.20.0.18:33991 after 59 ms (0 ms spent in bootstraps)
[2025-09-01 10:49:54,385] {subprocess.py:92} INFO - 25/09/01 10:49:54 INFO Utils: Fetching spark://e66737cfc193:33991/jars/org.apache.hadoop_hadoop-client-api-3.3.2.jar to /tmp/spark-5b9a72c4-8ef9-4ddd-838b-ae4111595666/userFiles-a4f7309b-40c2-404e-9828-2c61d365a579/fetchFileTemp10775130787296396816.tmp
[2025-09-01 10:49:54,582] {subprocess.py:92} INFO - 25/09/01 10:49:54 INFO Utils: /tmp/spark-5b9a72c4-8ef9-4ddd-838b-ae4111595666/userFiles-a4f7309b-40c2-404e-9828-2c61d365a579/fetchFileTemp10775130787296396816.tmp has been previously copied to /tmp/spark-5b9a72c4-8ef9-4ddd-838b-ae4111595666/userFiles-a4f7309b-40c2-404e-9828-2c61d365a579/org.apache.hadoop_hadoop-client-api-3.3.2.jar
[2025-09-01 10:49:54,593] {subprocess.py:92} INFO - 25/09/01 10:49:54 INFO Executor: Adding file:/tmp/spark-5b9a72c4-8ef9-4ddd-838b-ae4111595666/userFiles-a4f7309b-40c2-404e-9828-2c61d365a579/org.apache.hadoop_hadoop-client-api-3.3.2.jar to class loader
[2025-09-01 10:49:54,593] {subprocess.py:92} INFO - 25/09/01 10:49:54 INFO Executor: Fetching spark://e66737cfc193:33991/jars/org.spark-project.spark_unused-1.0.0.jar with timestamp 1756723792146
[2025-09-01 10:49:54,595] {subprocess.py:92} INFO - 25/09/01 10:49:54 INFO Utils: Fetching spark://e66737cfc193:33991/jars/org.spark-project.spark_unused-1.0.0.jar to /tmp/spark-5b9a72c4-8ef9-4ddd-838b-ae4111595666/userFiles-a4f7309b-40c2-404e-9828-2c61d365a579/fetchFileTemp12339133510575754785.tmp
[2025-09-01 10:49:54,597] {subprocess.py:92} INFO - 25/09/01 10:49:54 INFO Utils: /tmp/spark-5b9a72c4-8ef9-4ddd-838b-ae4111595666/userFiles-a4f7309b-40c2-404e-9828-2c61d365a579/fetchFileTemp12339133510575754785.tmp has been previously copied to /tmp/spark-5b9a72c4-8ef9-4ddd-838b-ae4111595666/userFiles-a4f7309b-40c2-404e-9828-2c61d365a579/org.spark-project.spark_unused-1.0.0.jar
[2025-09-01 10:49:54,604] {subprocess.py:92} INFO - 25/09/01 10:49:54 INFO Executor: Adding file:/tmp/spark-5b9a72c4-8ef9-4ddd-838b-ae4111595666/userFiles-a4f7309b-40c2-404e-9828-2c61d365a579/org.spark-project.spark_unused-1.0.0.jar to class loader
[2025-09-01 10:49:54,604] {subprocess.py:92} INFO - 25/09/01 10:49:54 INFO Executor: Fetching spark://e66737cfc193:33991/jars/org.apache.commons_commons-pool2-2.11.1.jar with timestamp 1756723792146
[2025-09-01 10:49:54,605] {subprocess.py:92} INFO - 25/09/01 10:49:54 INFO Utils: Fetching spark://e66737cfc193:33991/jars/org.apache.commons_commons-pool2-2.11.1.jar to /tmp/spark-5b9a72c4-8ef9-4ddd-838b-ae4111595666/userFiles-a4f7309b-40c2-404e-9828-2c61d365a579/fetchFileTemp11134334891142093512.tmp
[2025-09-01 10:49:54,609] {subprocess.py:92} INFO - 25/09/01 10:49:54 INFO Utils: /tmp/spark-5b9a72c4-8ef9-4ddd-838b-ae4111595666/userFiles-a4f7309b-40c2-404e-9828-2c61d365a579/fetchFileTemp11134334891142093512.tmp has been previously copied to /tmp/spark-5b9a72c4-8ef9-4ddd-838b-ae4111595666/userFiles-a4f7309b-40c2-404e-9828-2c61d365a579/org.apache.commons_commons-pool2-2.11.1.jar
[2025-09-01 10:49:54,615] {subprocess.py:92} INFO - 25/09/01 10:49:54 INFO Executor: Adding file:/tmp/spark-5b9a72c4-8ef9-4ddd-838b-ae4111595666/userFiles-a4f7309b-40c2-404e-9828-2c61d365a579/org.apache.commons_commons-pool2-2.11.1.jar to class loader
[2025-09-01 10:49:54,616] {subprocess.py:92} INFO - 25/09/01 10:49:54 INFO Executor: Fetching spark://e66737cfc193:33991/jars/org.apache.spark_spark-token-provider-kafka-0-10_2.12-3.3.1.jar with timestamp 1756723792146
[2025-09-01 10:49:54,617] {subprocess.py:92} INFO - 25/09/01 10:49:54 INFO Utils: Fetching spark://e66737cfc193:33991/jars/org.apache.spark_spark-token-provider-kafka-0-10_2.12-3.3.1.jar to /tmp/spark-5b9a72c4-8ef9-4ddd-838b-ae4111595666/userFiles-a4f7309b-40c2-404e-9828-2c61d365a579/fetchFileTemp10129770454710241508.tmp
[2025-09-01 10:49:54,620] {subprocess.py:92} INFO - 25/09/01 10:49:54 INFO Utils: /tmp/spark-5b9a72c4-8ef9-4ddd-838b-ae4111595666/userFiles-a4f7309b-40c2-404e-9828-2c61d365a579/fetchFileTemp10129770454710241508.tmp has been previously copied to /tmp/spark-5b9a72c4-8ef9-4ddd-838b-ae4111595666/userFiles-a4f7309b-40c2-404e-9828-2c61d365a579/org.apache.spark_spark-token-provider-kafka-0-10_2.12-3.3.1.jar
[2025-09-01 10:49:54,626] {subprocess.py:92} INFO - 25/09/01 10:49:54 INFO Executor: Adding file:/tmp/spark-5b9a72c4-8ef9-4ddd-838b-ae4111595666/userFiles-a4f7309b-40c2-404e-9828-2c61d365a579/org.apache.spark_spark-token-provider-kafka-0-10_2.12-3.3.1.jar to class loader
[2025-09-01 10:49:54,627] {subprocess.py:92} INFO - 25/09/01 10:49:54 INFO Executor: Fetching spark://e66737cfc193:33991/jars/org.apache.spark_spark-sql-kafka-0-10_2.12-3.3.1.jar with timestamp 1756723792146
[2025-09-01 10:49:54,628] {subprocess.py:92} INFO - 25/09/01 10:49:54 INFO Utils: Fetching spark://e66737cfc193:33991/jars/org.apache.spark_spark-sql-kafka-0-10_2.12-3.3.1.jar to /tmp/spark-5b9a72c4-8ef9-4ddd-838b-ae4111595666/userFiles-a4f7309b-40c2-404e-9828-2c61d365a579/fetchFileTemp5174866964827895185.tmp
[2025-09-01 10:49:54,633] {subprocess.py:92} INFO - 25/09/01 10:49:54 INFO Utils: /tmp/spark-5b9a72c4-8ef9-4ddd-838b-ae4111595666/userFiles-a4f7309b-40c2-404e-9828-2c61d365a579/fetchFileTemp5174866964827895185.tmp has been previously copied to /tmp/spark-5b9a72c4-8ef9-4ddd-838b-ae4111595666/userFiles-a4f7309b-40c2-404e-9828-2c61d365a579/org.apache.spark_spark-sql-kafka-0-10_2.12-3.3.1.jar
[2025-09-01 10:49:54,638] {subprocess.py:92} INFO - 25/09/01 10:49:54 INFO Executor: Adding file:/tmp/spark-5b9a72c4-8ef9-4ddd-838b-ae4111595666/userFiles-a4f7309b-40c2-404e-9828-2c61d365a579/org.apache.spark_spark-sql-kafka-0-10_2.12-3.3.1.jar to class loader
[2025-09-01 10:49:54,639] {subprocess.py:92} INFO - 25/09/01 10:49:54 INFO Executor: Fetching spark://e66737cfc193:33991/jars/com.google.code.findbugs_jsr305-3.0.0.jar with timestamp 1756723792146
[2025-09-01 10:49:54,640] {subprocess.py:92} INFO - 25/09/01 10:49:54 INFO Utils: Fetching spark://e66737cfc193:33991/jars/com.google.code.findbugs_jsr305-3.0.0.jar to /tmp/spark-5b9a72c4-8ef9-4ddd-838b-ae4111595666/userFiles-a4f7309b-40c2-404e-9828-2c61d365a579/fetchFileTemp15115231221881105667.tmp
[2025-09-01 10:49:54,643] {subprocess.py:92} INFO - 25/09/01 10:49:54 INFO Utils: /tmp/spark-5b9a72c4-8ef9-4ddd-838b-ae4111595666/userFiles-a4f7309b-40c2-404e-9828-2c61d365a579/fetchFileTemp15115231221881105667.tmp has been previously copied to /tmp/spark-5b9a72c4-8ef9-4ddd-838b-ae4111595666/userFiles-a4f7309b-40c2-404e-9828-2c61d365a579/com.google.code.findbugs_jsr305-3.0.0.jar
[2025-09-01 10:49:54,648] {subprocess.py:92} INFO - 25/09/01 10:49:54 INFO Executor: Adding file:/tmp/spark-5b9a72c4-8ef9-4ddd-838b-ae4111595666/userFiles-a4f7309b-40c2-404e-9828-2c61d365a579/com.google.code.findbugs_jsr305-3.0.0.jar to class loader
[2025-09-01 10:49:54,648] {subprocess.py:92} INFO - 25/09/01 10:49:54 INFO Executor: Fetching spark://e66737cfc193:33991/jars/org.lz4_lz4-java-1.8.0.jar with timestamp 1756723792146
[2025-09-01 10:49:54,649] {subprocess.py:92} INFO - 25/09/01 10:49:54 INFO Utils: Fetching spark://e66737cfc193:33991/jars/org.lz4_lz4-java-1.8.0.jar to /tmp/spark-5b9a72c4-8ef9-4ddd-838b-ae4111595666/userFiles-a4f7309b-40c2-404e-9828-2c61d365a579/fetchFileTemp5971568629080122552.tmp
[2025-09-01 10:49:54,655] {subprocess.py:92} INFO - 25/09/01 10:49:54 INFO Utils: /tmp/spark-5b9a72c4-8ef9-4ddd-838b-ae4111595666/userFiles-a4f7309b-40c2-404e-9828-2c61d365a579/fetchFileTemp5971568629080122552.tmp has been previously copied to /tmp/spark-5b9a72c4-8ef9-4ddd-838b-ae4111595666/userFiles-a4f7309b-40c2-404e-9828-2c61d365a579/org.lz4_lz4-java-1.8.0.jar
[2025-09-01 10:49:54,662] {subprocess.py:92} INFO - 25/09/01 10:49:54 INFO Executor: Adding file:/tmp/spark-5b9a72c4-8ef9-4ddd-838b-ae4111595666/userFiles-a4f7309b-40c2-404e-9828-2c61d365a579/org.lz4_lz4-java-1.8.0.jar to class loader
[2025-09-01 10:49:54,663] {subprocess.py:92} INFO - 25/09/01 10:49:54 INFO Executor: Fetching spark://e66737cfc193:33991/jars/org.xerial.snappy_snappy-java-1.1.8.4.jar with timestamp 1756723792146
[2025-09-01 10:49:54,664] {subprocess.py:92} INFO - 25/09/01 10:49:54 INFO Utils: Fetching spark://e66737cfc193:33991/jars/org.xerial.snappy_snappy-java-1.1.8.4.jar to /tmp/spark-5b9a72c4-8ef9-4ddd-838b-ae4111595666/userFiles-a4f7309b-40c2-404e-9828-2c61d365a579/fetchFileTemp12359714791932192221.tmp
[2025-09-01 10:49:54,677] {subprocess.py:92} INFO - 25/09/01 10:49:54 INFO Utils: /tmp/spark-5b9a72c4-8ef9-4ddd-838b-ae4111595666/userFiles-a4f7309b-40c2-404e-9828-2c61d365a579/fetchFileTemp12359714791932192221.tmp has been previously copied to /tmp/spark-5b9a72c4-8ef9-4ddd-838b-ae4111595666/userFiles-a4f7309b-40c2-404e-9828-2c61d365a579/org.xerial.snappy_snappy-java-1.1.8.4.jar
[2025-09-01 10:49:54,683] {subprocess.py:92} INFO - 25/09/01 10:49:54 INFO Executor: Adding file:/tmp/spark-5b9a72c4-8ef9-4ddd-838b-ae4111595666/userFiles-a4f7309b-40c2-404e-9828-2c61d365a579/org.xerial.snappy_snappy-java-1.1.8.4.jar to class loader
[2025-09-01 10:49:54,684] {subprocess.py:92} INFO - 25/09/01 10:49:54 INFO Executor: Fetching spark://e66737cfc193:33991/jars/org.apache.kafka_kafka-clients-2.8.1.jar with timestamp 1756723792146
[2025-09-01 10:49:54,684] {subprocess.py:92} INFO - 25/09/01 10:49:54 INFO Utils: Fetching spark://e66737cfc193:33991/jars/org.apache.kafka_kafka-clients-2.8.1.jar to /tmp/spark-5b9a72c4-8ef9-4ddd-838b-ae4111595666/userFiles-a4f7309b-40c2-404e-9828-2c61d365a579/fetchFileTemp11155723708922372154.tmp
[2025-09-01 10:49:54,709] {subprocess.py:92} INFO - 25/09/01 10:49:54 INFO Utils: /tmp/spark-5b9a72c4-8ef9-4ddd-838b-ae4111595666/userFiles-a4f7309b-40c2-404e-9828-2c61d365a579/fetchFileTemp11155723708922372154.tmp has been previously copied to /tmp/spark-5b9a72c4-8ef9-4ddd-838b-ae4111595666/userFiles-a4f7309b-40c2-404e-9828-2c61d365a579/org.apache.kafka_kafka-clients-2.8.1.jar
[2025-09-01 10:49:54,713] {subprocess.py:92} INFO - 25/09/01 10:49:54 INFO Executor: Adding file:/tmp/spark-5b9a72c4-8ef9-4ddd-838b-ae4111595666/userFiles-a4f7309b-40c2-404e-9828-2c61d365a579/org.apache.kafka_kafka-clients-2.8.1.jar to class loader
[2025-09-01 10:49:54,713] {subprocess.py:92} INFO - 25/09/01 10:49:54 INFO Executor: Fetching spark://e66737cfc193:33991/jars/commons-logging_commons-logging-1.1.3.jar with timestamp 1756723792146
[2025-09-01 10:49:54,714] {subprocess.py:92} INFO - 25/09/01 10:49:54 INFO Utils: Fetching spark://e66737cfc193:33991/jars/commons-logging_commons-logging-1.1.3.jar to /tmp/spark-5b9a72c4-8ef9-4ddd-838b-ae4111595666/userFiles-a4f7309b-40c2-404e-9828-2c61d365a579/fetchFileTemp14279251299257988922.tmp
[2025-09-01 10:49:54,716] {subprocess.py:92} INFO - 25/09/01 10:49:54 INFO Utils: /tmp/spark-5b9a72c4-8ef9-4ddd-838b-ae4111595666/userFiles-a4f7309b-40c2-404e-9828-2c61d365a579/fetchFileTemp14279251299257988922.tmp has been previously copied to /tmp/spark-5b9a72c4-8ef9-4ddd-838b-ae4111595666/userFiles-a4f7309b-40c2-404e-9828-2c61d365a579/commons-logging_commons-logging-1.1.3.jar
[2025-09-01 10:49:54,722] {subprocess.py:92} INFO - 25/09/01 10:49:54 INFO Executor: Adding file:/tmp/spark-5b9a72c4-8ef9-4ddd-838b-ae4111595666/userFiles-a4f7309b-40c2-404e-9828-2c61d365a579/commons-logging_commons-logging-1.1.3.jar to class loader
[2025-09-01 10:49:54,723] {subprocess.py:92} INFO - 25/09/01 10:49:54 INFO Executor: Fetching spark://e66737cfc193:33991/jars/org.slf4j_slf4j-api-1.7.32.jar with timestamp 1756723792146
[2025-09-01 10:49:54,724] {subprocess.py:92} INFO - 25/09/01 10:49:54 INFO Utils: Fetching spark://e66737cfc193:33991/jars/org.slf4j_slf4j-api-1.7.32.jar to /tmp/spark-5b9a72c4-8ef9-4ddd-838b-ae4111595666/userFiles-a4f7309b-40c2-404e-9828-2c61d365a579/fetchFileTemp18336108595248808396.tmp
[2025-09-01 10:49:54,726] {subprocess.py:92} INFO - 25/09/01 10:49:54 INFO Utils: /tmp/spark-5b9a72c4-8ef9-4ddd-838b-ae4111595666/userFiles-a4f7309b-40c2-404e-9828-2c61d365a579/fetchFileTemp18336108595248808396.tmp has been previously copied to /tmp/spark-5b9a72c4-8ef9-4ddd-838b-ae4111595666/userFiles-a4f7309b-40c2-404e-9828-2c61d365a579/org.slf4j_slf4j-api-1.7.32.jar
[2025-09-01 10:49:54,731] {subprocess.py:92} INFO - 25/09/01 10:49:54 INFO Executor: Adding file:/tmp/spark-5b9a72c4-8ef9-4ddd-838b-ae4111595666/userFiles-a4f7309b-40c2-404e-9828-2c61d365a579/org.slf4j_slf4j-api-1.7.32.jar to class loader
[2025-09-01 10:49:54,731] {subprocess.py:92} INFO - 25/09/01 10:49:54 INFO Executor: Fetching spark://e66737cfc193:33991/jars/org.apache.hadoop_hadoop-client-runtime-3.3.2.jar with timestamp 1756723792146
[2025-09-01 10:49:54,732] {subprocess.py:92} INFO - 25/09/01 10:49:54 INFO Utils: Fetching spark://e66737cfc193:33991/jars/org.apache.hadoop_hadoop-client-runtime-3.3.2.jar to /tmp/spark-5b9a72c4-8ef9-4ddd-838b-ae4111595666/userFiles-a4f7309b-40c2-404e-9828-2c61d365a579/fetchFileTemp4414736849233190966.tmp
[2025-09-01 10:49:54,913] {subprocess.py:92} INFO - 25/09/01 10:49:54 INFO Utils: /tmp/spark-5b9a72c4-8ef9-4ddd-838b-ae4111595666/userFiles-a4f7309b-40c2-404e-9828-2c61d365a579/fetchFileTemp4414736849233190966.tmp has been previously copied to /tmp/spark-5b9a72c4-8ef9-4ddd-838b-ae4111595666/userFiles-a4f7309b-40c2-404e-9828-2c61d365a579/org.apache.hadoop_hadoop-client-runtime-3.3.2.jar
[2025-09-01 10:49:54,927] {subprocess.py:92} INFO - 25/09/01 10:49:54 INFO Executor: Adding file:/tmp/spark-5b9a72c4-8ef9-4ddd-838b-ae4111595666/userFiles-a4f7309b-40c2-404e-9828-2c61d365a579/org.apache.hadoop_hadoop-client-runtime-3.3.2.jar to class loader
[2025-09-01 10:49:54,941] {subprocess.py:92} INFO - 25/09/01 10:49:54 INFO Utils: Successfully started service 'org.apache.spark.network.netty.NettyBlockTransferService' on port 40107.
[2025-09-01 10:49:54,941] {subprocess.py:92} INFO - 25/09/01 10:49:54 INFO NettyBlockTransferService: Server created on e66737cfc193:40107
[2025-09-01 10:49:54,945] {subprocess.py:92} INFO - 25/09/01 10:49:54 INFO BlockManager: Using org.apache.spark.storage.RandomBlockReplicationPolicy for block replication policy
[2025-09-01 10:49:54,957] {subprocess.py:92} INFO - 25/09/01 10:49:54 INFO BlockManagerMaster: Registering BlockManager BlockManagerId(driver, e66737cfc193, 40107, None)
[2025-09-01 10:49:54,964] {subprocess.py:92} INFO - 25/09/01 10:49:54 INFO BlockManagerMasterEndpoint: Registering block manager e66737cfc193:40107 with 434.4 MiB RAM, BlockManagerId(driver, e66737cfc193, 40107, None)
[2025-09-01 10:49:54,968] {subprocess.py:92} INFO - 25/09/01 10:49:54 INFO BlockManagerMaster: Registered BlockManager BlockManagerId(driver, e66737cfc193, 40107, None)
[2025-09-01 10:49:54,970] {subprocess.py:92} INFO - 25/09/01 10:49:54 INFO BlockManager: Initialized BlockManager: BlockManagerId(driver, e66737cfc193, 40107, None)
[2025-09-01 10:49:55,628] {subprocess.py:92} INFO - Connexion à Kafka...
[2025-09-01 10:49:59,093] {subprocess.py:92} INFO - Connexion Kafka réussie (kafka:9092)
[2025-09-01 10:49:59,094] {subprocess.py:92} INFO - Transformation des données JSON...
[2025-09-01 10:49:59,679] {subprocess.py:92} INFO - Démarrage du streaming vers HDFS...
[2025-09-01 10:50:01,167] {subprocess.py:92} INFO - Streaming actif - Données météo sauvegardées dans HDFS:/data/weather
[2025-09-01 12:36:00,201] {subprocess.py:92} INFO - 25/09/01 12:36:00 WARN CheckpointFileManager: Failed to rename temp file hdfs://namenode:9000/checkpoints/weather/offsets/.62.406373a6-a2db-48e0-ad5b-8bd7043b14fc.tmp to hdfs://namenode:9000/checkpoints/weather/offsets/62 because file exists
[2025-09-01 12:36:00,202] {subprocess.py:92} INFO - org.apache.hadoop.fs.FileAlreadyExistsException: rename destination /checkpoints/weather/offsets/62 already exists
[2025-09-01 12:36:00,203] {subprocess.py:92} INFO - 	at org.apache.hadoop.hdfs.server.namenode.FSDirRenameOp.validateOverwrite(FSDirRenameOp.java:565)
[2025-09-01 12:36:00,203] {subprocess.py:92} INFO - 	at org.apache.hadoop.hdfs.server.namenode.FSDirRenameOp.unprotectedRenameTo(FSDirRenameOp.java:399)
[2025-09-01 12:36:00,203] {subprocess.py:92} INFO - 	at org.apache.hadoop.hdfs.server.namenode.FSDirRenameOp.renameTo(FSDirRenameOp.java:311)
[2025-09-01 12:36:00,203] {subprocess.py:92} INFO - 	at org.apache.hadoop.hdfs.server.namenode.FSDirRenameOp.renameToInt(FSDirRenameOp.java:256)
[2025-09-01 12:36:00,203] {subprocess.py:92} INFO - 	at org.apache.hadoop.hdfs.server.namenode.FSNamesystem.renameTo(FSNamesystem.java:3257)
[2025-09-01 12:36:00,203] {subprocess.py:92} INFO - 	at org.apache.hadoop.hdfs.server.namenode.NameNodeRpcServer.rename2(NameNodeRpcServer.java:1096)
[2025-09-01 12:36:00,203] {subprocess.py:92} INFO - 	at org.apache.hadoop.hdfs.protocolPB.ClientNamenodeProtocolServerSideTranslatorPB.rename2(ClientNamenodeProtocolServerSideTranslatorPB.java:703)
[2025-09-01 12:36:00,203] {subprocess.py:92} INFO - 	at org.apache.hadoop.hdfs.protocol.proto.ClientNamenodeProtocolProtos$ClientNamenodeProtocol$2.callBlockingMethod(ClientNamenodeProtocolProtos.java)
[2025-09-01 12:36:00,203] {subprocess.py:92} INFO - 	at org.apache.hadoop.ipc.ProtobufRpcEngine2$Server$ProtoBufRpcInvoker.call(ProtobufRpcEngine2.java:621)
[2025-09-01 12:36:00,204] {subprocess.py:92} INFO - 	at org.apache.hadoop.ipc.ProtobufRpcEngine2$Server$ProtoBufRpcInvoker.call(ProtobufRpcEngine2.java:589)
[2025-09-01 12:36:00,204] {subprocess.py:92} INFO - 	at org.apache.hadoop.ipc.ProtobufRpcEngine2$Server$ProtoBufRpcInvoker.call(ProtobufRpcEngine2.java:573)
[2025-09-01 12:36:00,204] {subprocess.py:92} INFO - 	at org.apache.hadoop.ipc.RPC$Server.call(RPC.java:1227)
[2025-09-01 12:36:00,204] {subprocess.py:92} INFO - 	at org.apache.hadoop.ipc.Server$RpcCall.run(Server.java:1094)
[2025-09-01 12:36:00,204] {subprocess.py:92} INFO - 	at org.apache.hadoop.ipc.Server$RpcCall.run(Server.java:1017)
[2025-09-01 12:36:00,204] {subprocess.py:92} INFO - 	at java.security.AccessController.doPrivileged(Native Method)
[2025-09-01 12:36:00,204] {subprocess.py:92} INFO - 	at javax.security.auth.Subject.doAs(Subject.java:422)
[2025-09-01 12:36:00,204] {subprocess.py:92} INFO - 	at org.apache.hadoop.security.UserGroupInformation.doAs(UserGroupInformation.java:1899)
[2025-09-01 12:36:00,204] {subprocess.py:92} INFO - 	at org.apache.hadoop.ipc.Server$Handler.run(Server.java:3048)
[2025-09-01 12:36:00,204] {subprocess.py:92} INFO - 
[2025-09-01 12:36:00,204] {subprocess.py:92} INFO - 	at java.base/jdk.internal.reflect.NativeConstructorAccessorImpl.newInstance0(Native Method)
[2025-09-01 12:36:00,204] {subprocess.py:92} INFO - 	at java.base/jdk.internal.reflect.NativeConstructorAccessorImpl.newInstance(NativeConstructorAccessorImpl.java:62)
[2025-09-01 12:36:00,204] {subprocess.py:92} INFO - 	at java.base/jdk.internal.reflect.DelegatingConstructorAccessorImpl.newInstance(DelegatingConstructorAccessorImpl.java:45)
[2025-09-01 12:36:00,205] {subprocess.py:92} INFO - 	at java.base/java.lang.reflect.Constructor.newInstance(Constructor.java:490)
[2025-09-01 12:36:00,205] {subprocess.py:92} INFO - 	at org.apache.hadoop.ipc.RemoteException.instantiateException(RemoteException.java:121)
[2025-09-01 12:36:00,205] {subprocess.py:92} INFO - 	at org.apache.hadoop.ipc.RemoteException.unwrapRemoteException(RemoteException.java:88)
[2025-09-01 12:36:00,205] {subprocess.py:92} INFO - 	at org.apache.hadoop.hdfs.DFSClient.rename(DFSClient.java:1611)
[2025-09-01 12:36:00,205] {subprocess.py:92} INFO - 	at org.apache.hadoop.fs.Hdfs.renameInternal(Hdfs.java:393)
[2025-09-01 12:36:00,205] {subprocess.py:92} INFO - 	at org.apache.hadoop.fs.AbstractFileSystem.rename(AbstractFileSystem.java:720)
[2025-09-01 12:36:00,205] {subprocess.py:92} INFO - 	at org.apache.hadoop.fs.FileContext.rename(FileContext.java:1036)
[2025-09-01 12:36:00,205] {subprocess.py:92} INFO - 	at org.apache.spark.sql.execution.streaming.FileContextBasedCheckpointFileManager.renameTempFile(CheckpointFileManager.scala:346)
[2025-09-01 12:36:00,205] {subprocess.py:92} INFO - 	at org.apache.spark.sql.execution.streaming.CheckpointFileManager$RenameBasedFSDataOutputStream.close(CheckpointFileManager.scala:154)
[2025-09-01 12:36:00,205] {subprocess.py:92} INFO - 	at org.apache.spark.sql.execution.streaming.HDFSMetadataLog.$anonfun$addNewBatchByStream$2(HDFSMetadataLog.scala:176)
[2025-09-01 12:36:00,205] {subprocess.py:92} INFO - 	at scala.runtime.java8.JFunction0$mcZ$sp.apply(JFunction0$mcZ$sp.java:23)
[2025-09-01 12:36:00,205] {subprocess.py:92} INFO - 	at scala.Option.getOrElse(Option.scala:189)
[2025-09-01 12:36:00,205] {subprocess.py:92} INFO - 	at org.apache.spark.sql.execution.streaming.HDFSMetadataLog.addNewBatchByStream(HDFSMetadataLog.scala:171)
[2025-09-01 12:36:00,206] {subprocess.py:92} INFO - 	at org.apache.spark.sql.execution.streaming.HDFSMetadataLog.add(HDFSMetadataLog.scala:116)
[2025-09-01 12:36:00,206] {subprocess.py:92} INFO - 	at org.apache.spark.sql.execution.streaming.OffsetSeqLog.add(OffsetSeqLog.scala:53)
[2025-09-01 12:36:00,206] {subprocess.py:92} INFO - 	at org.apache.spark.sql.execution.streaming.MicroBatchExecution.$anonfun$constructNextBatch$13(MicroBatchExecution.scala:495)
[2025-09-01 12:36:00,206] {subprocess.py:92} INFO - 	at scala.runtime.java8.JFunction0$mcV$sp.apply(JFunction0$mcV$sp.java:23)
[2025-09-01 12:36:00,206] {subprocess.py:92} INFO - 	at org.apache.spark.sql.execution.streaming.ProgressReporter.reportTimeTaken(ProgressReporter.scala:375)
[2025-09-01 12:36:00,206] {subprocess.py:92} INFO - 	at org.apache.spark.sql.execution.streaming.ProgressReporter.reportTimeTaken$(ProgressReporter.scala:373)
[2025-09-01 12:36:00,206] {subprocess.py:92} INFO - 	at org.apache.spark.sql.execution.streaming.StreamExecution.reportTimeTaken(StreamExecution.scala:68)
[2025-09-01 12:36:00,206] {subprocess.py:92} INFO - 	at org.apache.spark.sql.execution.streaming.MicroBatchExecution.$anonfun$constructNextBatch$1(MicroBatchExecution.scala:493)
[2025-09-01 12:36:00,206] {subprocess.py:92} INFO - 	at scala.runtime.java8.JFunction0$mcZ$sp.apply(JFunction0$mcZ$sp.java:23)
[2025-09-01 12:36:00,206] {subprocess.py:92} INFO - 	at org.apache.spark.sql.execution.streaming.MicroBatchExecution.withProgressLocked(MicroBatchExecution.scala:693)
[2025-09-01 12:36:00,206] {subprocess.py:92} INFO - 	at org.apache.spark.sql.execution.streaming.MicroBatchExecution.constructNextBatch(MicroBatchExecution.scala:433)
[2025-09-01 12:36:00,206] {subprocess.py:92} INFO - 	at org.apache.spark.sql.execution.streaming.MicroBatchExecution.$anonfun$runActivatedStream$2(MicroBatchExecution.scala:238)
[2025-09-01 12:36:00,206] {subprocess.py:92} INFO - 	at scala.runtime.java8.JFunction0$mcV$sp.apply(JFunction0$mcV$sp.java:23)
[2025-09-01 12:36:00,206] {subprocess.py:92} INFO - 	at org.apache.spark.sql.execution.streaming.ProgressReporter.reportTimeTaken(ProgressReporter.scala:375)
[2025-09-01 12:36:00,207] {subprocess.py:92} INFO - 	at org.apache.spark.sql.execution.streaming.ProgressReporter.reportTimeTaken$(ProgressReporter.scala:373)
[2025-09-01 12:36:00,207] {subprocess.py:92} INFO - 	at org.apache.spark.sql.execution.streaming.StreamExecution.reportTimeTaken(StreamExecution.scala:68)
[2025-09-01 12:36:00,207] {subprocess.py:92} INFO - 	at org.apache.spark.sql.execution.streaming.MicroBatchExecution.$anonfun$runActivatedStream$1(MicroBatchExecution.scala:219)
[2025-09-01 12:36:00,207] {subprocess.py:92} INFO - 	at org.apache.spark.sql.execution.streaming.ProcessingTimeExecutor.execute(TriggerExecutor.scala:67)
[2025-09-01 12:36:00,207] {subprocess.py:92} INFO - 	at org.apache.spark.sql.execution.streaming.MicroBatchExecution.runActivatedStream(MicroBatchExecution.scala:213)
[2025-09-01 12:36:00,207] {subprocess.py:92} INFO - 	at org.apache.spark.sql.execution.streaming.StreamExecution.$anonfun$runStream$1(StreamExecution.scala:307)
[2025-09-01 12:36:00,207] {subprocess.py:92} INFO - 	at scala.runtime.java8.JFunction0$mcV$sp.apply(JFunction0$mcV$sp.java:23)
[2025-09-01 12:36:00,207] {subprocess.py:92} INFO - 	at org.apache.spark.sql.SparkSession.withActive(SparkSession.scala:779)
[2025-09-01 12:36:00,207] {subprocess.py:92} INFO - 	at org.apache.spark.sql.execution.streaming.StreamExecution.org$apache$spark$sql$execution$streaming$StreamExecution$$runStream(StreamExecution.scala:285)
[2025-09-01 12:36:00,207] {subprocess.py:92} INFO - 	at org.apache.spark.sql.execution.streaming.StreamExecution$$anon$1.run(StreamExecution.scala:208)
[2025-09-01 12:36:00,207] {subprocess.py:92} INFO - Caused by: org.apache.hadoop.ipc.RemoteException(org.apache.hadoop.fs.FileAlreadyExistsException): rename destination /checkpoints/weather/offsets/62 already exists
[2025-09-01 12:36:00,207] {subprocess.py:92} INFO - 	at org.apache.hadoop.hdfs.server.namenode.FSDirRenameOp.validateOverwrite(FSDirRenameOp.java:565)
[2025-09-01 12:36:00,207] {subprocess.py:92} INFO - 	at org.apache.hadoop.hdfs.server.namenode.FSDirRenameOp.unprotectedRenameTo(FSDirRenameOp.java:399)
[2025-09-01 12:36:00,207] {subprocess.py:92} INFO - 	at org.apache.hadoop.hdfs.server.namenode.FSDirRenameOp.renameTo(FSDirRenameOp.java:311)
[2025-09-01 12:36:00,208] {subprocess.py:92} INFO - 	at org.apache.hadoop.hdfs.server.namenode.FSDirRenameOp.renameToInt(FSDirRenameOp.java:256)
[2025-09-01 12:36:00,208] {subprocess.py:92} INFO - 	at org.apache.hadoop.hdfs.server.namenode.FSNamesystem.renameTo(FSNamesystem.java:3257)
[2025-09-01 12:36:00,208] {subprocess.py:92} INFO - 	at org.apache.hadoop.hdfs.server.namenode.NameNodeRpcServer.rename2(NameNodeRpcServer.java:1096)
[2025-09-01 12:36:00,208] {subprocess.py:92} INFO - 	at org.apache.hadoop.hdfs.protocolPB.ClientNamenodeProtocolServerSideTranslatorPB.rename2(ClientNamenodeProtocolServerSideTranslatorPB.java:703)
[2025-09-01 12:36:00,208] {subprocess.py:92} INFO - 	at org.apache.hadoop.hdfs.protocol.proto.ClientNamenodeProtocolProtos$ClientNamenodeProtocol$2.callBlockingMethod(ClientNamenodeProtocolProtos.java)
[2025-09-01 12:36:00,208] {subprocess.py:92} INFO - 	at org.apache.hadoop.ipc.ProtobufRpcEngine2$Server$ProtoBufRpcInvoker.call(ProtobufRpcEngine2.java:621)
[2025-09-01 12:36:00,208] {subprocess.py:92} INFO - 	at org.apache.hadoop.ipc.ProtobufRpcEngine2$Server$ProtoBufRpcInvoker.call(ProtobufRpcEngine2.java:589)
[2025-09-01 12:36:00,208] {subprocess.py:92} INFO - 	at org.apache.hadoop.ipc.ProtobufRpcEngine2$Server$ProtoBufRpcInvoker.call(ProtobufRpcEngine2.java:573)
[2025-09-01 12:36:00,208] {subprocess.py:92} INFO - 	at org.apache.hadoop.ipc.RPC$Server.call(RPC.java:1227)
[2025-09-01 12:36:00,208] {subprocess.py:92} INFO - 	at org.apache.hadoop.ipc.Server$RpcCall.run(Server.java:1094)
[2025-09-01 12:36:00,208] {subprocess.py:92} INFO - 	at org.apache.hadoop.ipc.Server$RpcCall.run(Server.java:1017)
[2025-09-01 12:36:00,208] {subprocess.py:92} INFO - 	at java.security.AccessController.doPrivileged(Native Method)
[2025-09-01 12:36:00,208] {subprocess.py:92} INFO - 	at javax.security.auth.Subject.doAs(Subject.java:422)
[2025-09-01 12:36:00,208] {subprocess.py:92} INFO - 	at org.apache.hadoop.security.UserGroupInformation.doAs(UserGroupInformation.java:1899)
[2025-09-01 12:36:00,208] {subprocess.py:92} INFO - 	at org.apache.hadoop.ipc.Server$Handler.run(Server.java:3048)
[2025-09-01 12:36:00,208] {subprocess.py:92} INFO - 
[2025-09-01 12:36:00,209] {subprocess.py:92} INFO - 	at org.apache.hadoop.ipc.Client.getRpcResponse(Client.java:1612)
[2025-09-01 12:36:00,209] {subprocess.py:92} INFO - 	at org.apache.hadoop.ipc.Client.call(Client.java:1558)
[2025-09-01 12:36:00,209] {subprocess.py:92} INFO - 	at org.apache.hadoop.ipc.Client.call(Client.java:1455)
[2025-09-01 12:36:00,209] {subprocess.py:92} INFO - 	at org.apache.hadoop.ipc.ProtobufRpcEngine2$Invoker.invoke(ProtobufRpcEngine2.java:242)
[2025-09-01 12:36:00,209] {subprocess.py:92} INFO - 	at org.apache.hadoop.ipc.ProtobufRpcEngine2$Invoker.invoke(ProtobufRpcEngine2.java:129)
[2025-09-01 12:36:00,209] {subprocess.py:92} INFO - 	at com.sun.proxy.$Proxy35.rename2(Unknown Source)
[2025-09-01 12:36:00,209] {subprocess.py:92} INFO - 	at org.apache.hadoop.hdfs.protocolPB.ClientNamenodeProtocolTranslatorPB.rename2(ClientNamenodeProtocolTranslatorPB.java:629)
[2025-09-01 12:36:00,209] {subprocess.py:92} INFO - 	at java.base/jdk.internal.reflect.NativeMethodAccessorImpl.invoke0(Native Method)
[2025-09-01 12:36:00,209] {subprocess.py:92} INFO - 	at java.base/jdk.internal.reflect.NativeMethodAccessorImpl.invoke(NativeMethodAccessorImpl.java:62)
[2025-09-01 12:36:00,209] {subprocess.py:92} INFO - 	at java.base/jdk.internal.reflect.DelegatingMethodAccessorImpl.invoke(DelegatingMethodAccessorImpl.java:43)
[2025-09-01 12:36:00,209] {subprocess.py:92} INFO - 	at java.base/java.lang.reflect.Method.invoke(Method.java:566)
[2025-09-01 12:36:00,209] {subprocess.py:92} INFO - 	at org.apache.hadoop.io.retry.RetryInvocationHandler.invokeMethod(RetryInvocationHandler.java:422)
[2025-09-01 12:36:00,209] {subprocess.py:92} INFO - 	at org.apache.hadoop.io.retry.RetryInvocationHandler$Call.invokeMethod(RetryInvocationHandler.java:165)
[2025-09-01 12:36:00,209] {subprocess.py:92} INFO - 	at org.apache.hadoop.io.retry.RetryInvocationHandler$Call.invoke(RetryInvocationHandler.java:157)
[2025-09-01 12:36:00,209] {subprocess.py:92} INFO - 	at org.apache.hadoop.io.retry.RetryInvocationHandler$Call.invokeOnce(RetryInvocationHandler.java:95)
[2025-09-01 12:36:00,210] {subprocess.py:92} INFO - 	at org.apache.hadoop.io.retry.RetryInvocationHandler.invoke(RetryInvocationHandler.java:359)
[2025-09-01 12:36:00,210] {subprocess.py:92} INFO - 	at com.sun.proxy.$Proxy36.rename2(Unknown Source)
[2025-09-01 12:36:00,210] {subprocess.py:92} INFO - 	at org.apache.hadoop.hdfs.DFSClient.rename(DFSClient.java:1609)
[2025-09-01 12:36:00,210] {subprocess.py:92} INFO - 	... 33 more
[2025-09-01 12:36:00,231] {subprocess.py:92} INFO - 25/09/01 12:36:00 ERROR MicroBatchExecution: Query [id = 8bb46a74-6ffa-4764-a9c6-2e4a331d8211, runId = 797443fe-dfe9-4b0c-9549-66560a8c8ca9] terminated with error
[2025-09-01 12:36:00,231] {subprocess.py:92} INFO - java.util.ConcurrentModificationException: Multiple streaming queries are concurrently using hdfs://namenode:9000/checkpoints/weather/offsets
[2025-09-01 12:36:00,231] {subprocess.py:92} INFO - 	at org.apache.spark.sql.errors.QueryExecutionErrors$.multiStreamingQueriesUsingPathConcurrentlyError(QueryExecutionErrors.scala:1603)
[2025-09-01 12:36:00,231] {subprocess.py:92} INFO - 	at org.apache.spark.sql.execution.streaming.HDFSMetadataLog.$anonfun$addNewBatchByStream$2(HDFSMetadataLog.scala:182)
[2025-09-01 12:36:00,231] {subprocess.py:92} INFO - 	at scala.runtime.java8.JFunction0$mcZ$sp.apply(JFunction0$mcZ$sp.java:23)
[2025-09-01 12:36:00,231] {subprocess.py:92} INFO - 	at scala.Option.getOrElse(Option.scala:189)
[2025-09-01 12:36:00,231] {subprocess.py:92} INFO - 	at org.apache.spark.sql.execution.streaming.HDFSMetadataLog.addNewBatchByStream(HDFSMetadataLog.scala:171)
[2025-09-01 12:36:00,231] {subprocess.py:92} INFO - 	at org.apache.spark.sql.execution.streaming.HDFSMetadataLog.add(HDFSMetadataLog.scala:116)
[2025-09-01 12:36:00,231] {subprocess.py:92} INFO - 	at org.apache.spark.sql.execution.streaming.OffsetSeqLog.add(OffsetSeqLog.scala:53)
[2025-09-01 12:36:00,231] {subprocess.py:92} INFO - 	at org.apache.spark.sql.execution.streaming.MicroBatchExecution.$anonfun$constructNextBatch$13(MicroBatchExecution.scala:495)
[2025-09-01 12:36:00,231] {subprocess.py:92} INFO - 	at scala.runtime.java8.JFunction0$mcV$sp.apply(JFunction0$mcV$sp.java:23)
[2025-09-01 12:36:00,231] {subprocess.py:92} INFO - 	at org.apache.spark.sql.execution.streaming.ProgressReporter.reportTimeTaken(ProgressReporter.scala:375)
[2025-09-01 12:36:00,231] {subprocess.py:92} INFO - 	at org.apache.spark.sql.execution.streaming.ProgressReporter.reportTimeTaken$(ProgressReporter.scala:373)
[2025-09-01 12:36:00,231] {subprocess.py:92} INFO - 	at org.apache.spark.sql.execution.streaming.StreamExecution.reportTimeTaken(StreamExecution.scala:68)
[2025-09-01 12:36:00,231] {subprocess.py:92} INFO - 	at org.apache.spark.sql.execution.streaming.MicroBatchExecution.$anonfun$constructNextBatch$1(MicroBatchExecution.scala:493)
[2025-09-01 12:36:00,231] {subprocess.py:92} INFO - 	at scala.runtime.java8.JFunction0$mcZ$sp.apply(JFunction0$mcZ$sp.java:23)
[2025-09-01 12:36:00,231] {subprocess.py:92} INFO - 	at org.apache.spark.sql.execution.streaming.MicroBatchExecution.withProgressLocked(MicroBatchExecution.scala:693)
[2025-09-01 12:36:00,231] {subprocess.py:92} INFO - 	at org.apache.spark.sql.execution.streaming.MicroBatchExecution.constructNextBatch(MicroBatchExecution.scala:433)
[2025-09-01 12:36:00,231] {subprocess.py:92} INFO - 	at org.apache.spark.sql.execution.streaming.MicroBatchExecution.$anonfun$runActivatedStream$2(MicroBatchExecution.scala:238)
[2025-09-01 12:36:00,231] {subprocess.py:92} INFO - 	at scala.runtime.java8.JFunction0$mcV$sp.apply(JFunction0$mcV$sp.java:23)
[2025-09-01 12:36:00,231] {subprocess.py:92} INFO - 	at org.apache.spark.sql.execution.streaming.ProgressReporter.reportTimeTaken(ProgressReporter.scala:375)
[2025-09-01 12:36:00,231] {subprocess.py:92} INFO - 	at org.apache.spark.sql.execution.streaming.ProgressReporter.reportTimeTaken$(ProgressReporter.scala:373)
[2025-09-01 12:36:00,231] {subprocess.py:92} INFO - 	at org.apache.spark.sql.execution.streaming.StreamExecution.reportTimeTaken(StreamExecution.scala:68)
[2025-09-01 12:36:00,231] {subprocess.py:92} INFO - 	at org.apache.spark.sql.execution.streaming.MicroBatchExecution.$anonfun$runActivatedStream$1(MicroBatchExecution.scala:219)
[2025-09-01 12:36:00,232] {subprocess.py:92} INFO - 	at org.apache.spark.sql.execution.streaming.ProcessingTimeExecutor.execute(TriggerExecutor.scala:67)
[2025-09-01 12:36:00,232] {subprocess.py:92} INFO - 	at org.apache.spark.sql.execution.streaming.MicroBatchExecution.runActivatedStream(MicroBatchExecution.scala:213)
[2025-09-01 12:36:00,232] {subprocess.py:92} INFO - 	at org.apache.spark.sql.execution.streaming.StreamExecution.$anonfun$runStream$1(StreamExecution.scala:307)
[2025-09-01 12:36:00,232] {subprocess.py:92} INFO - 	at scala.runtime.java8.JFunction0$mcV$sp.apply(JFunction0$mcV$sp.java:23)
[2025-09-01 12:36:00,232] {subprocess.py:92} INFO - 	at org.apache.spark.sql.SparkSession.withActive(SparkSession.scala:779)
[2025-09-01 12:36:00,232] {subprocess.py:92} INFO - 	at org.apache.spark.sql.execution.streaming.StreamExecution.org$apache$spark$sql$execution$streaming$StreamExecution$$runStream(StreamExecution.scala:285)
[2025-09-01 12:36:00,232] {subprocess.py:92} INFO - 	at org.apache.spark.sql.execution.streaming.StreamExecution$$anon$1.run(StreamExecution.scala:208)
[2025-09-01 12:36:00,232] {subprocess.py:92} INFO - Caused by: org.apache.hadoop.fs.FileAlreadyExistsException: rename destination /checkpoints/weather/offsets/62 already exists
[2025-09-01 12:36:00,232] {subprocess.py:92} INFO - 	at org.apache.hadoop.hdfs.server.namenode.FSDirRenameOp.validateOverwrite(FSDirRenameOp.java:565)
[2025-09-01 12:36:00,232] {subprocess.py:92} INFO - 	at org.apache.hadoop.hdfs.server.namenode.FSDirRenameOp.unprotectedRenameTo(FSDirRenameOp.java:399)
[2025-09-01 12:36:00,232] {subprocess.py:92} INFO - 	at org.apache.hadoop.hdfs.server.namenode.FSDirRenameOp.renameTo(FSDirRenameOp.java:311)
[2025-09-01 12:36:00,232] {subprocess.py:92} INFO - 	at org.apache.hadoop.hdfs.server.namenode.FSDirRenameOp.renameToInt(FSDirRenameOp.java:256)
[2025-09-01 12:36:00,232] {subprocess.py:92} INFO - 	at org.apache.hadoop.hdfs.server.namenode.FSNamesystem.renameTo(FSNamesystem.java:3257)
[2025-09-01 12:36:00,232] {subprocess.py:92} INFO - 	at org.apache.hadoop.hdfs.server.namenode.NameNodeRpcServer.rename2(NameNodeRpcServer.java:1096)
[2025-09-01 12:36:00,233] {subprocess.py:92} INFO - 	at org.apache.hadoop.hdfs.protocolPB.ClientNamenodeProtocolServerSideTranslatorPB.rename2(ClientNamenodeProtocolServerSideTranslatorPB.java:703)
[2025-09-01 12:36:00,233] {subprocess.py:92} INFO - 	at org.apache.hadoop.hdfs.protocol.proto.ClientNamenodeProtocolProtos$ClientNamenodeProtocol$2.callBlockingMethod(ClientNamenodeProtocolProtos.java)
[2025-09-01 12:36:00,233] {subprocess.py:92} INFO - 	at org.apache.hadoop.ipc.ProtobufRpcEngine2$Server$ProtoBufRpcInvoker.call(ProtobufRpcEngine2.java:621)
[2025-09-01 12:36:00,233] {subprocess.py:92} INFO - 	at org.apache.hadoop.ipc.ProtobufRpcEngine2$Server$ProtoBufRpcInvoker.call(ProtobufRpcEngine2.java:589)
[2025-09-01 12:36:00,233] {subprocess.py:92} INFO - 	at org.apache.hadoop.ipc.ProtobufRpcEngine2$Server$ProtoBufRpcInvoker.call(ProtobufRpcEngine2.java:573)
[2025-09-01 12:36:00,233] {subprocess.py:92} INFO - 	at org.apache.hadoop.ipc.RPC$Server.call(RPC.java:1227)
[2025-09-01 12:36:00,233] {subprocess.py:92} INFO - 	at org.apache.hadoop.ipc.Server$RpcCall.run(Server.java:1094)
[2025-09-01 12:36:00,233] {subprocess.py:92} INFO - 	at org.apache.hadoop.ipc.Server$RpcCall.run(Server.java:1017)
[2025-09-01 12:36:00,233] {subprocess.py:92} INFO - 	at java.security.AccessController.doPrivileged(Native Method)
[2025-09-01 12:36:00,233] {subprocess.py:92} INFO - 	at javax.security.auth.Subject.doAs(Subject.java:422)
[2025-09-01 12:36:00,233] {subprocess.py:92} INFO - 	at org.apache.hadoop.security.UserGroupInformation.doAs(UserGroupInformation.java:1899)
[2025-09-01 12:36:00,233] {subprocess.py:92} INFO - 	at org.apache.hadoop.ipc.Server$Handler.run(Server.java:3048)
[2025-09-01 12:36:00,233] {subprocess.py:92} INFO - 
[2025-09-01 12:36:00,234] {subprocess.py:92} INFO - 	at java.base/jdk.internal.reflect.NativeConstructorAccessorImpl.newInstance0(Native Method)
[2025-09-01 12:36:00,234] {subprocess.py:92} INFO - 	at java.base/jdk.internal.reflect.NativeConstructorAccessorImpl.newInstance(NativeConstructorAccessorImpl.java:62)
[2025-09-01 12:36:00,234] {subprocess.py:92} INFO - 	at java.base/jdk.internal.reflect.DelegatingConstructorAccessorImpl.newInstance(DelegatingConstructorAccessorImpl.java:45)
[2025-09-01 12:36:00,234] {subprocess.py:92} INFO - 	at java.base/java.lang.reflect.Constructor.newInstance(Constructor.java:490)
[2025-09-01 12:36:00,234] {subprocess.py:92} INFO - 	at org.apache.hadoop.ipc.RemoteException.instantiateException(RemoteException.java:121)
[2025-09-01 12:36:00,234] {subprocess.py:92} INFO - 	at org.apache.hadoop.ipc.RemoteException.unwrapRemoteException(RemoteException.java:88)
[2025-09-01 12:36:00,234] {subprocess.py:92} INFO - 	at org.apache.hadoop.hdfs.DFSClient.rename(DFSClient.java:1611)
[2025-09-01 12:36:00,234] {subprocess.py:92} INFO - 	at org.apache.hadoop.fs.Hdfs.renameInternal(Hdfs.java:393)
[2025-09-01 12:36:00,234] {subprocess.py:92} INFO - 	at org.apache.hadoop.fs.AbstractFileSystem.rename(AbstractFileSystem.java:720)
[2025-09-01 12:36:00,234] {subprocess.py:92} INFO - 	at org.apache.hadoop.fs.FileContext.rename(FileContext.java:1036)
[2025-09-01 12:36:00,234] {subprocess.py:92} INFO - 	at org.apache.spark.sql.execution.streaming.FileContextBasedCheckpointFileManager.renameTempFile(CheckpointFileManager.scala:346)
[2025-09-01 12:36:00,234] {subprocess.py:92} INFO - 	at org.apache.spark.sql.execution.streaming.CheckpointFileManager$RenameBasedFSDataOutputStream.close(CheckpointFileManager.scala:154)
[2025-09-01 12:36:00,234] {subprocess.py:92} INFO - 	at org.apache.spark.sql.execution.streaming.HDFSMetadataLog.$anonfun$addNewBatchByStream$2(HDFSMetadataLog.scala:176)
[2025-09-01 12:36:00,234] {subprocess.py:92} INFO - 	... 27 more
[2025-09-01 12:36:00,234] {subprocess.py:92} INFO - Caused by: org.apache.hadoop.ipc.RemoteException(org.apache.hadoop.fs.FileAlreadyExistsException): rename destination /checkpoints/weather/offsets/62 already exists
[2025-09-01 12:36:00,234] {subprocess.py:92} INFO - 	at org.apache.hadoop.hdfs.server.namenode.FSDirRenameOp.validateOverwrite(FSDirRenameOp.java:565)
[2025-09-01 12:36:00,234] {subprocess.py:92} INFO - 	at org.apache.hadoop.hdfs.server.namenode.FSDirRenameOp.unprotectedRenameTo(FSDirRenameOp.java:399)
[2025-09-01 12:36:00,235] {subprocess.py:92} INFO - 	at org.apache.hadoop.hdfs.server.namenode.FSDirRenameOp.renameTo(FSDirRenameOp.java:311)
[2025-09-01 12:36:00,235] {subprocess.py:92} INFO - 	at org.apache.hadoop.hdfs.server.namenode.FSDirRenameOp.renameToInt(FSDirRenameOp.java:256)
[2025-09-01 12:36:00,235] {subprocess.py:92} INFO - 	at org.apache.hadoop.hdfs.server.namenode.FSNamesystem.renameTo(FSNamesystem.java:3257)
[2025-09-01 12:36:00,235] {subprocess.py:92} INFO - 	at org.apache.hadoop.hdfs.server.namenode.NameNodeRpcServer.rename2(NameNodeRpcServer.java:1096)
[2025-09-01 12:36:00,235] {subprocess.py:92} INFO - 	at org.apache.hadoop.hdfs.protocolPB.ClientNamenodeProtocolServerSideTranslatorPB.rename2(ClientNamenodeProtocolServerSideTranslatorPB.java:703)
[2025-09-01 12:36:00,235] {subprocess.py:92} INFO - 	at org.apache.hadoop.hdfs.protocol.proto.ClientNamenodeProtocolProtos$ClientNamenodeProtocol$2.callBlockingMethod(ClientNamenodeProtocolProtos.java)
[2025-09-01 12:36:00,235] {subprocess.py:92} INFO - 	at org.apache.hadoop.ipc.ProtobufRpcEngine2$Server$ProtoBufRpcInvoker.call(ProtobufRpcEngine2.java:621)
[2025-09-01 12:36:00,235] {subprocess.py:92} INFO - 	at org.apache.hadoop.ipc.ProtobufRpcEngine2$Server$ProtoBufRpcInvoker.call(ProtobufRpcEngine2.java:589)
[2025-09-01 12:36:00,235] {subprocess.py:92} INFO - 	at org.apache.hadoop.ipc.ProtobufRpcEngine2$Server$ProtoBufRpcInvoker.call(ProtobufRpcEngine2.java:573)
[2025-09-01 12:36:00,235] {subprocess.py:92} INFO - 	at org.apache.hadoop.ipc.RPC$Server.call(RPC.java:1227)
[2025-09-01 12:36:00,235] {subprocess.py:92} INFO - 	at org.apache.hadoop.ipc.Server$RpcCall.run(Server.java:1094)
[2025-09-01 12:36:00,235] {subprocess.py:92} INFO - 	at org.apache.hadoop.ipc.Server$RpcCall.run(Server.java:1017)
[2025-09-01 12:36:00,235] {subprocess.py:92} INFO - 	at java.security.AccessController.doPrivileged(Native Method)
[2025-09-01 12:36:00,235] {subprocess.py:92} INFO - 	at javax.security.auth.Subject.doAs(Subject.java:422)
[2025-09-01 12:36:00,235] {subprocess.py:92} INFO - 	at org.apache.hadoop.security.UserGroupInformation.doAs(UserGroupInformation.java:1899)
[2025-09-01 12:36:00,235] {subprocess.py:92} INFO - 	at org.apache.hadoop.ipc.Server$Handler.run(Server.java:3048)
[2025-09-01 12:36:00,235] {subprocess.py:92} INFO - 
[2025-09-01 12:36:00,236] {subprocess.py:92} INFO - 	at org.apache.hadoop.ipc.Client.getRpcResponse(Client.java:1612)
[2025-09-01 12:36:00,236] {subprocess.py:92} INFO - 	at org.apache.hadoop.ipc.Client.call(Client.java:1558)
[2025-09-01 12:36:00,236] {subprocess.py:92} INFO - 	at org.apache.hadoop.ipc.Client.call(Client.java:1455)
[2025-09-01 12:36:00,236] {subprocess.py:92} INFO - 	at org.apache.hadoop.ipc.ProtobufRpcEngine2$Invoker.invoke(ProtobufRpcEngine2.java:242)
[2025-09-01 12:36:00,236] {subprocess.py:92} INFO - 	at org.apache.hadoop.ipc.ProtobufRpcEngine2$Invoker.invoke(ProtobufRpcEngine2.java:129)
[2025-09-01 12:36:00,236] {subprocess.py:92} INFO - 	at com.sun.proxy.$Proxy35.rename2(Unknown Source)
[2025-09-01 12:36:00,236] {subprocess.py:92} INFO - 	at org.apache.hadoop.hdfs.protocolPB.ClientNamenodeProtocolTranslatorPB.rename2(ClientNamenodeProtocolTranslatorPB.java:629)
[2025-09-01 12:36:00,236] {subprocess.py:92} INFO - 	at java.base/jdk.internal.reflect.NativeMethodAccessorImpl.invoke0(Native Method)
[2025-09-01 12:36:00,236] {subprocess.py:92} INFO - 	at java.base/jdk.internal.reflect.NativeMethodAccessorImpl.invoke(NativeMethodAccessorImpl.java:62)
[2025-09-01 12:36:00,236] {subprocess.py:92} INFO - 	at java.base/jdk.internal.reflect.DelegatingMethodAccessorImpl.invoke(DelegatingMethodAccessorImpl.java:43)
[2025-09-01 12:36:00,236] {subprocess.py:92} INFO - 	at java.base/java.lang.reflect.Method.invoke(Method.java:566)
[2025-09-01 12:36:00,236] {subprocess.py:92} INFO - 	at org.apache.hadoop.io.retry.RetryInvocationHandler.invokeMethod(RetryInvocationHandler.java:422)
[2025-09-01 12:36:00,236] {subprocess.py:92} INFO - 	at org.apache.hadoop.io.retry.RetryInvocationHandler$Call.invokeMethod(RetryInvocationHandler.java:165)
[2025-09-01 12:36:00,236] {subprocess.py:92} INFO - 	at org.apache.hadoop.io.retry.RetryInvocationHandler$Call.invoke(RetryInvocationHandler.java:157)
[2025-09-01 12:36:00,236] {subprocess.py:92} INFO - 	at org.apache.hadoop.io.retry.RetryInvocationHandler$Call.invokeOnce(RetryInvocationHandler.java:95)
[2025-09-01 12:36:00,236] {subprocess.py:92} INFO - 	at org.apache.hadoop.io.retry.RetryInvocationHandler.invoke(RetryInvocationHandler.java:359)
[2025-09-01 12:36:00,236] {subprocess.py:92} INFO - 	at com.sun.proxy.$Proxy36.rename2(Unknown Source)
[2025-09-01 12:36:00,236] {subprocess.py:92} INFO - 	at org.apache.hadoop.hdfs.DFSClient.rename(DFSClient.java:1609)
[2025-09-01 12:36:00,237] {subprocess.py:92} INFO - 	... 33 more
[2025-09-01 12:36:00,466] {subprocess.py:92} INFO - Traceback (most recent call last):
[2025-09-01 12:36:00,466] {subprocess.py:92} INFO -   File "/opt/***/scripts/pyspark/streaming.py", line 60, in <module>
[2025-09-01 12:36:00,467] {subprocess.py:92} INFO -     query.awaitTermination()
[2025-09-01 12:36:00,467] {subprocess.py:92} INFO -   File "/opt/spark-3.3.1-bin-hadoop3/python/lib/pyspark.zip/pyspark/sql/streaming.py", line 107, in awaitTermination
[2025-09-01 12:36:00,467] {subprocess.py:92} INFO -   File "/opt/spark-3.3.1-bin-hadoop3/python/lib/py4j-0.10.9.5-src.zip/py4j/java_gateway.py", line 1322, in __call__
[2025-09-01 12:36:00,467] {subprocess.py:92} INFO -   File "/opt/spark-3.3.1-bin-hadoop3/python/lib/pyspark.zip/pyspark/sql/utils.py", line 196, in deco
[2025-09-01 12:36:00,478] {subprocess.py:92} INFO - pyspark.sql.utils.StreamingQueryException: Query [id = 8bb46a74-6ffa-4764-a9c6-2e4a331d8211, runId = 797443fe-dfe9-4b0c-9549-66560a8c8ca9] terminated with exception: Multiple streaming queries are concurrently using hdfs://namenode:9000/checkpoints/weather/offsets
[2025-09-01 12:36:00,659] {subprocess.py:96} INFO - Command exited with return code 1
[2025-09-01 12:36:00,674] {taskinstance.py:1889} ERROR - Task failed with exception
Traceback (most recent call last):
  File "/home/airflow/.local/lib/python3.7/site-packages/airflow/operators/bash.py", line 195, in execute
    f'Bash command failed. The command returned a non-zero exit code {result.exit_code}.'
airflow.exceptions.AirflowException: Bash command failed. The command returned a non-zero exit code 1.
[2025-09-01 12:36:00,678] {taskinstance.py:1400} INFO - Marking task as FAILED. dag_id=send_weather_to_kafka, task_id=stream_hdfs, execution_date=20250901T101541, start_date=20250901T104945, end_date=20250901T123600
[2025-09-01 12:36:00,688] {standard_task_runner.py:97} ERROR - Failed to execute job 526 for task stream_hdfs (Bash command failed. The command returned a non-zero exit code 1.; 14550)
[2025-09-01 12:36:00,716] {local_task_job.py:156} INFO - Task exited with return code 1
[2025-09-01 12:36:00,756] {local_task_job.py:273} INFO - 0 downstream tasks scheduled from follow-on schedule check
