[2025-09-01 12:39:11,328] {taskinstance.py:1159} INFO - Dependencies all met for <TaskInstance: send_weather_to_kafka.stream_hdfs scheduled__2025-09-01T10:45:44.634129+00:00 [queued]>
[2025-09-01 12:39:11,335] {taskinstance.py:1159} INFO - Dependencies all met for <TaskInstance: send_weather_to_kafka.stream_hdfs scheduled__2025-09-01T10:45:44.634129+00:00 [queued]>
[2025-09-01 12:39:11,335] {taskinstance.py:1356} INFO - 
--------------------------------------------------------------------------------
[2025-09-01 12:39:11,335] {taskinstance.py:1357} INFO - Starting attempt 1 of 2
[2025-09-01 12:39:11,335] {taskinstance.py:1358} INFO - 
--------------------------------------------------------------------------------
[2025-09-01 12:39:11,349] {taskinstance.py:1377} INFO - Executing <Task(BashOperator): stream_hdfs> on 2025-09-01 10:45:44.634129+00:00
[2025-09-01 12:39:11,355] {standard_task_runner.py:52} INFO - Started process 16659 to run task
[2025-09-01 12:39:11,358] {standard_task_runner.py:79} INFO - Running: ['***', 'tasks', 'run', 'send_weather_to_kafka', 'stream_hdfs', 'scheduled__2025-09-01T10:45:44.634129+00:00', '--job-id', '547', '--raw', '--subdir', 'DAGS_FOLDER/dag_meteo.py', '--cfg-path', '/tmp/tmpm_o3ttk8', '--error-file', '/tmp/tmpcs8hfuc_']
[2025-09-01 12:39:11,359] {standard_task_runner.py:80} INFO - Job 547: Subtask stream_hdfs
[2025-09-01 12:39:11,376] {logging_mixin.py:115} WARNING - /home/***/.local/lib/python3.7/site-packages/***/configuration.py:470 DeprecationWarning: The sql_alchemy_conn option in [core] has been moved to the sql_alchemy_conn option in [database] - the old setting has been used, but please update your config.
[2025-09-01 12:39:11,422] {task_command.py:369} INFO - Running <TaskInstance: send_weather_to_kafka.stream_hdfs scheduled__2025-09-01T10:45:44.634129+00:00 [running]> on host e66737cfc193
[2025-09-01 12:39:11,507] {taskinstance.py:1571} INFO - Exporting the following env vars:
AIRFLOW_CTX_DAG_OWNER=***
AIRFLOW_CTX_DAG_ID=send_weather_to_kafka
AIRFLOW_CTX_TASK_ID=stream_hdfs
AIRFLOW_CTX_EXECUTION_DATE=2025-09-01T10:45:44.634129+00:00
AIRFLOW_CTX_TRY_NUMBER=1
AIRFLOW_CTX_DAG_RUN_ID=scheduled__2025-09-01T10:45:44.634129+00:00
[2025-09-01 12:39:11,508] {subprocess.py:62} INFO - Tmp dir root location: 
 /tmp
[2025-09-01 12:39:11,509] {subprocess.py:74} INFO - Running command: ['bash', '-c', '\n/home/***/.local/bin/spark-submit   --master local[*]   --conf spark.hadoop.fs.defaultFS=hdfs://namenode:9000   --conf spark.hadoop.dfs.client.use.datanode.hostname=true   --conf spark.sql.adaptive.enabled=false   --packages org.apache.spark:spark-sql-kafka-0-10_2.12:3.3.1   /opt/***/scripts/pyspark/streaming.py']
[2025-09-01 12:39:11,523] {subprocess.py:85} INFO - Output:
[2025-09-01 12:39:11,533] {subprocess.py:92} INFO - /opt/spark-3.3.1-bin-hadoop3/bin/load-spark-env.sh: line 68: ps: command not found
[2025-09-01 12:39:13,141] {subprocess.py:92} INFO - :: loading settings :: url = jar:file:/opt/spark-3.3.1-bin-hadoop3/jars/ivy-2.5.0.jar!/org/apache/ivy/core/settings/ivysettings.xml
[2025-09-01 12:39:13,262] {subprocess.py:92} INFO - Ivy Default Cache set to: /home/***/.ivy2/cache
[2025-09-01 12:39:13,262] {subprocess.py:92} INFO - The jars for the packages stored in: /home/***/.ivy2/jars
[2025-09-01 12:39:13,268] {subprocess.py:92} INFO - org.apache.spark#spark-sql-kafka-0-10_2.12 added as a dependency
[2025-09-01 12:39:13,269] {subprocess.py:92} INFO - :: resolving dependencies :: org.apache.spark#spark-submit-parent-ea63a7d6-bf3e-420c-8078-cf504eb47035;1.0
[2025-09-01 12:39:13,270] {subprocess.py:92} INFO - 	confs: [default]
[2025-09-01 12:39:13,414] {subprocess.py:92} INFO - 	found org.apache.spark#spark-sql-kafka-0-10_2.12;3.3.1 in spark-list
[2025-09-01 12:39:13,520] {subprocess.py:92} INFO - 	found org.apache.spark#spark-token-provider-kafka-0-10_2.12;3.3.1 in central
[2025-09-01 12:39:13,570] {subprocess.py:92} INFO - 	found org.apache.kafka#kafka-clients;2.8.1 in central
[2025-09-01 12:39:13,623] {subprocess.py:92} INFO - 	found org.lz4#lz4-java;1.8.0 in central
[2025-09-01 12:39:13,678] {subprocess.py:92} INFO - 	found org.xerial.snappy#snappy-java;1.1.8.4 in central
[2025-09-01 12:39:13,720] {subprocess.py:92} INFO - 	found org.slf4j#slf4j-api;1.7.32 in central
[2025-09-01 12:39:13,748] {subprocess.py:92} INFO - 	found org.apache.hadoop#hadoop-client-runtime;3.3.2 in central
[2025-09-01 12:39:13,768] {subprocess.py:92} INFO - 	found org.spark-project.spark#unused;1.0.0 in central
[2025-09-01 12:39:13,789] {subprocess.py:92} INFO - 	found org.apache.hadoop#hadoop-client-api;3.3.2 in central
[2025-09-01 12:39:13,808] {subprocess.py:92} INFO - 	found commons-logging#commons-logging;1.1.3 in central
[2025-09-01 12:39:13,821] {subprocess.py:92} INFO - 	found com.google.code.findbugs#jsr305;3.0.0 in central
[2025-09-01 12:39:13,833] {subprocess.py:92} INFO - 	found org.apache.commons#commons-pool2;2.11.1 in central
[2025-09-01 12:39:13,861] {subprocess.py:92} INFO - :: resolution report :: resolve 576ms :: artifacts dl 15ms
[2025-09-01 12:39:13,862] {subprocess.py:92} INFO - 	:: modules in use:
[2025-09-01 12:39:13,862] {subprocess.py:92} INFO - 	com.google.code.findbugs#jsr305;3.0.0 from central in [default]
[2025-09-01 12:39:13,863] {subprocess.py:92} INFO - 	commons-logging#commons-logging;1.1.3 from central in [default]
[2025-09-01 12:39:13,863] {subprocess.py:92} INFO - 	org.apache.commons#commons-pool2;2.11.1 from central in [default]
[2025-09-01 12:39:13,863] {subprocess.py:92} INFO - 	org.apache.hadoop#hadoop-client-api;3.3.2 from central in [default]
[2025-09-01 12:39:13,863] {subprocess.py:92} INFO - 	org.apache.hadoop#hadoop-client-runtime;3.3.2 from central in [default]
[2025-09-01 12:39:13,863] {subprocess.py:92} INFO - 	org.apache.kafka#kafka-clients;2.8.1 from central in [default]
[2025-09-01 12:39:13,863] {subprocess.py:92} INFO - 	org.apache.spark#spark-sql-kafka-0-10_2.12;3.3.1 from spark-list in [default]
[2025-09-01 12:39:13,863] {subprocess.py:92} INFO - 	org.apache.spark#spark-token-provider-kafka-0-10_2.12;3.3.1 from central in [default]
[2025-09-01 12:39:13,863] {subprocess.py:92} INFO - 	org.lz4#lz4-java;1.8.0 from central in [default]
[2025-09-01 12:39:13,863] {subprocess.py:92} INFO - 	org.slf4j#slf4j-api;1.7.32 from central in [default]
[2025-09-01 12:39:13,863] {subprocess.py:92} INFO - 	org.spark-project.spark#unused;1.0.0 from central in [default]
[2025-09-01 12:39:13,863] {subprocess.py:92} INFO - 	org.xerial.snappy#snappy-java;1.1.8.4 from central in [default]
[2025-09-01 12:39:13,863] {subprocess.py:92} INFO - 	---------------------------------------------------------------------
[2025-09-01 12:39:13,863] {subprocess.py:92} INFO - 	|                  |            modules            ||   artifacts   |
[2025-09-01 12:39:13,863] {subprocess.py:92} INFO - 	|       conf       | number| search|dwnlded|evicted|| number|dwnlded|
[2025-09-01 12:39:13,863] {subprocess.py:92} INFO - 	---------------------------------------------------------------------
[2025-09-01 12:39:13,863] {subprocess.py:92} INFO - 	|      default     |   12  |   0   |   0   |   0   ||   12  |   0   |
[2025-09-01 12:39:13,863] {subprocess.py:92} INFO - 	---------------------------------------------------------------------
[2025-09-01 12:39:13,871] {subprocess.py:92} INFO - :: retrieving :: org.apache.spark#spark-submit-parent-ea63a7d6-bf3e-420c-8078-cf504eb47035
[2025-09-01 12:39:13,871] {subprocess.py:92} INFO - 	confs: [default]
[2025-09-01 12:39:13,884] {subprocess.py:92} INFO - 	0 artifacts copied, 12 already retrieved (0kB/13ms)
[2025-09-01 12:39:14,304] {subprocess.py:92} INFO - 25/09/01 12:39:14 WARN NativeCodeLoader: Unable to load native-hadoop library for your platform... using builtin-java classes where applicable
[2025-09-01 12:39:15,788] {subprocess.py:92} INFO - 25/09/01 12:39:15 INFO SparkContext: Running Spark version 3.3.1
[2025-09-01 12:39:15,818] {subprocess.py:92} INFO - 25/09/01 12:39:15 INFO ResourceUtils: ==============================================================
[2025-09-01 12:39:15,819] {subprocess.py:92} INFO - 25/09/01 12:39:15 INFO ResourceUtils: No custom resources configured for spark.driver.
[2025-09-01 12:39:15,819] {subprocess.py:92} INFO - 25/09/01 12:39:15 INFO ResourceUtils: ==============================================================
[2025-09-01 12:39:15,820] {subprocess.py:92} INFO - 25/09/01 12:39:15 INFO SparkContext: Submitted application: KafkaToHDFSWeather
[2025-09-01 12:39:15,851] {subprocess.py:92} INFO - 25/09/01 12:39:15 INFO ResourceProfile: Default ResourceProfile created, executor resources: Map(cores -> name: cores, amount: 1, script: , vendor: , memory -> name: memory, amount: 1024, script: , vendor: , offHeap -> name: offHeap, amount: 0, script: , vendor: ), task resources: Map(cpus -> name: cpus, amount: 1.0)
[2025-09-01 12:39:15,868] {subprocess.py:92} INFO - 25/09/01 12:39:15 INFO ResourceProfile: Limiting resource is cpu
[2025-09-01 12:39:15,869] {subprocess.py:92} INFO - 25/09/01 12:39:15 INFO ResourceProfileManager: Added ResourceProfile id: 0
[2025-09-01 12:39:15,937] {subprocess.py:92} INFO - 25/09/01 12:39:15 INFO SecurityManager: Changing view acls to: ***
[2025-09-01 12:39:15,937] {subprocess.py:92} INFO - 25/09/01 12:39:15 INFO SecurityManager: Changing modify acls to: ***
[2025-09-01 12:39:15,937] {subprocess.py:92} INFO - 25/09/01 12:39:15 INFO SecurityManager: Changing view acls groups to:
[2025-09-01 12:39:15,939] {subprocess.py:92} INFO - 25/09/01 12:39:15 INFO SecurityManager: Changing modify acls groups to:
[2025-09-01 12:39:15,939] {subprocess.py:92} INFO - 25/09/01 12:39:15 INFO SecurityManager: SecurityManager: authentication disabled; ui acls disabled; users  with view permissions: Set(***); groups with view permissions: Set(); users  with modify permissions: Set(***); groups with modify permissions: Set()
[2025-09-01 12:39:16,207] {subprocess.py:92} INFO - 25/09/01 12:39:16 INFO Utils: Successfully started service 'sparkDriver' on port 33619.
[2025-09-01 12:39:16,241] {subprocess.py:92} INFO - 25/09/01 12:39:16 INFO SparkEnv: Registering MapOutputTracker
[2025-09-01 12:39:16,296] {subprocess.py:92} INFO - 25/09/01 12:39:16 INFO SparkEnv: Registering BlockManagerMaster
[2025-09-01 12:39:16,338] {subprocess.py:92} INFO - 25/09/01 12:39:16 INFO BlockManagerMasterEndpoint: Using org.apache.spark.storage.DefaultTopologyMapper for getting topology information
[2025-09-01 12:39:16,339] {subprocess.py:92} INFO - 25/09/01 12:39:16 INFO BlockManagerMasterEndpoint: BlockManagerMasterEndpoint up
[2025-09-01 12:39:16,348] {subprocess.py:92} INFO - 25/09/01 12:39:16 INFO SparkEnv: Registering BlockManagerMasterHeartbeat
[2025-09-01 12:39:16,421] {subprocess.py:92} INFO - 25/09/01 12:39:16 INFO DiskBlockManager: Created local directory at /tmp/blockmgr-8643ca5d-2ed7-4ee5-9bbd-327c56ead6bc
[2025-09-01 12:39:16,510] {subprocess.py:92} INFO - 25/09/01 12:39:16 INFO MemoryStore: MemoryStore started with capacity 434.4 MiB
[2025-09-01 12:39:16,543] {subprocess.py:92} INFO - 25/09/01 12:39:16 INFO SparkEnv: Registering OutputCommitCoordinator
[2025-09-01 12:39:16,901] {subprocess.py:92} INFO - 25/09/01 12:39:16 WARN Utils: Service 'SparkUI' could not bind on port 4040. Attempting port 4041.
[2025-09-01 12:39:16,918] {subprocess.py:92} INFO - 25/09/01 12:39:16 INFO Utils: Successfully started service 'SparkUI' on port 4041.
[2025-09-01 12:39:16,979] {subprocess.py:92} INFO - 25/09/01 12:39:16 INFO SparkContext: Added JAR file:///home/***/.ivy2/jars/org.apache.spark_spark-sql-kafka-0-10_2.12-3.3.1.jar at spark://e66737cfc193:33619/jars/org.apache.spark_spark-sql-kafka-0-10_2.12-3.3.1.jar with timestamp 1756730355773
[2025-09-01 12:39:16,980] {subprocess.py:92} INFO - 25/09/01 12:39:16 INFO SparkContext: Added JAR file:///home/***/.ivy2/jars/org.apache.spark_spark-token-provider-kafka-0-10_2.12-3.3.1.jar at spark://e66737cfc193:33619/jars/org.apache.spark_spark-token-provider-kafka-0-10_2.12-3.3.1.jar with timestamp 1756730355773
[2025-09-01 12:39:16,980] {subprocess.py:92} INFO - 25/09/01 12:39:16 INFO SparkContext: Added JAR file:///home/***/.ivy2/jars/org.apache.kafka_kafka-clients-2.8.1.jar at spark://e66737cfc193:33619/jars/org.apache.kafka_kafka-clients-2.8.1.jar with timestamp 1756730355773
[2025-09-01 12:39:16,980] {subprocess.py:92} INFO - 25/09/01 12:39:16 INFO SparkContext: Added JAR file:///home/***/.ivy2/jars/com.google.code.findbugs_jsr305-3.0.0.jar at spark://e66737cfc193:33619/jars/com.google.code.findbugs_jsr305-3.0.0.jar with timestamp 1756730355773
[2025-09-01 12:39:16,981] {subprocess.py:92} INFO - 25/09/01 12:39:16 INFO SparkContext: Added JAR file:///home/***/.ivy2/jars/org.apache.commons_commons-pool2-2.11.1.jar at spark://e66737cfc193:33619/jars/org.apache.commons_commons-pool2-2.11.1.jar with timestamp 1756730355773
[2025-09-01 12:39:16,981] {subprocess.py:92} INFO - 25/09/01 12:39:16 INFO SparkContext: Added JAR file:///home/***/.ivy2/jars/org.spark-project.spark_unused-1.0.0.jar at spark://e66737cfc193:33619/jars/org.spark-project.spark_unused-1.0.0.jar with timestamp 1756730355773
[2025-09-01 12:39:16,982] {subprocess.py:92} INFO - 25/09/01 12:39:16 INFO SparkContext: Added JAR file:///home/***/.ivy2/jars/org.apache.hadoop_hadoop-client-runtime-3.3.2.jar at spark://e66737cfc193:33619/jars/org.apache.hadoop_hadoop-client-runtime-3.3.2.jar with timestamp 1756730355773
[2025-09-01 12:39:16,982] {subprocess.py:92} INFO - 25/09/01 12:39:16 INFO SparkContext: Added JAR file:///home/***/.ivy2/jars/org.lz4_lz4-java-1.8.0.jar at spark://e66737cfc193:33619/jars/org.lz4_lz4-java-1.8.0.jar with timestamp 1756730355773
[2025-09-01 12:39:16,982] {subprocess.py:92} INFO - 25/09/01 12:39:16 INFO SparkContext: Added JAR file:///home/***/.ivy2/jars/org.xerial.snappy_snappy-java-1.1.8.4.jar at spark://e66737cfc193:33619/jars/org.xerial.snappy_snappy-java-1.1.8.4.jar with timestamp 1756730355773
[2025-09-01 12:39:16,982] {subprocess.py:92} INFO - 25/09/01 12:39:16 INFO SparkContext: Added JAR file:///home/***/.ivy2/jars/org.slf4j_slf4j-api-1.7.32.jar at spark://e66737cfc193:33619/jars/org.slf4j_slf4j-api-1.7.32.jar with timestamp 1756730355773
[2025-09-01 12:39:16,982] {subprocess.py:92} INFO - 25/09/01 12:39:16 INFO SparkContext: Added JAR file:///home/***/.ivy2/jars/org.apache.hadoop_hadoop-client-api-3.3.2.jar at spark://e66737cfc193:33619/jars/org.apache.hadoop_hadoop-client-api-3.3.2.jar with timestamp 1756730355773
[2025-09-01 12:39:16,983] {subprocess.py:92} INFO - 25/09/01 12:39:16 INFO SparkContext: Added JAR file:///home/***/.ivy2/jars/commons-logging_commons-logging-1.1.3.jar at spark://e66737cfc193:33619/jars/commons-logging_commons-logging-1.1.3.jar with timestamp 1756730355773
[2025-09-01 12:39:16,985] {subprocess.py:92} INFO - 25/09/01 12:39:16 INFO SparkContext: Added file file:///home/***/.ivy2/jars/org.apache.spark_spark-sql-kafka-0-10_2.12-3.3.1.jar at file:///home/***/.ivy2/jars/org.apache.spark_spark-sql-kafka-0-10_2.12-3.3.1.jar with timestamp 1756730355773
[2025-09-01 12:39:16,987] {subprocess.py:92} INFO - 25/09/01 12:39:16 INFO Utils: Copying /home/***/.ivy2/jars/org.apache.spark_spark-sql-kafka-0-10_2.12-3.3.1.jar to /tmp/spark-36124d22-509c-4333-9a9d-5e682df113f9/userFiles-84dd00e4-0f42-4406-b15e-6b88bae85d99/org.apache.spark_spark-sql-kafka-0-10_2.12-3.3.1.jar
[2025-09-01 12:39:16,997] {subprocess.py:92} INFO - 25/09/01 12:39:16 INFO SparkContext: Added file file:///home/***/.ivy2/jars/org.apache.spark_spark-token-provider-kafka-0-10_2.12-3.3.1.jar at file:///home/***/.ivy2/jars/org.apache.spark_spark-token-provider-kafka-0-10_2.12-3.3.1.jar with timestamp 1756730355773
[2025-09-01 12:39:16,998] {subprocess.py:92} INFO - 25/09/01 12:39:16 INFO Utils: Copying /home/***/.ivy2/jars/org.apache.spark_spark-token-provider-kafka-0-10_2.12-3.3.1.jar to /tmp/spark-36124d22-509c-4333-9a9d-5e682df113f9/userFiles-84dd00e4-0f42-4406-b15e-6b88bae85d99/org.apache.spark_spark-token-provider-kafka-0-10_2.12-3.3.1.jar
[2025-09-01 12:39:17,006] {subprocess.py:92} INFO - 25/09/01 12:39:17 INFO SparkContext: Added file file:///home/***/.ivy2/jars/org.apache.kafka_kafka-clients-2.8.1.jar at file:///home/***/.ivy2/jars/org.apache.kafka_kafka-clients-2.8.1.jar with timestamp 1756730355773
[2025-09-01 12:39:17,006] {subprocess.py:92} INFO - 25/09/01 12:39:17 INFO Utils: Copying /home/***/.ivy2/jars/org.apache.kafka_kafka-clients-2.8.1.jar to /tmp/spark-36124d22-509c-4333-9a9d-5e682df113f9/userFiles-84dd00e4-0f42-4406-b15e-6b88bae85d99/org.apache.kafka_kafka-clients-2.8.1.jar
[2025-09-01 12:39:17,023] {subprocess.py:92} INFO - 25/09/01 12:39:17 INFO SparkContext: Added file file:///home/***/.ivy2/jars/com.google.code.findbugs_jsr305-3.0.0.jar at file:///home/***/.ivy2/jars/com.google.code.findbugs_jsr305-3.0.0.jar with timestamp 1756730355773
[2025-09-01 12:39:17,023] {subprocess.py:92} INFO - 25/09/01 12:39:17 INFO Utils: Copying /home/***/.ivy2/jars/com.google.code.findbugs_jsr305-3.0.0.jar to /tmp/spark-36124d22-509c-4333-9a9d-5e682df113f9/userFiles-84dd00e4-0f42-4406-b15e-6b88bae85d99/com.google.code.findbugs_jsr305-3.0.0.jar
[2025-09-01 12:39:17,035] {subprocess.py:92} INFO - 25/09/01 12:39:17 INFO SparkContext: Added file file:///home/***/.ivy2/jars/org.apache.commons_commons-pool2-2.11.1.jar at file:///home/***/.ivy2/jars/org.apache.commons_commons-pool2-2.11.1.jar with timestamp 1756730355773
[2025-09-01 12:39:17,038] {subprocess.py:92} INFO - 25/09/01 12:39:17 INFO Utils: Copying /home/***/.ivy2/jars/org.apache.commons_commons-pool2-2.11.1.jar to /tmp/spark-36124d22-509c-4333-9a9d-5e682df113f9/userFiles-84dd00e4-0f42-4406-b15e-6b88bae85d99/org.apache.commons_commons-pool2-2.11.1.jar
[2025-09-01 12:39:17,052] {subprocess.py:92} INFO - 25/09/01 12:39:17 INFO SparkContext: Added file file:///home/***/.ivy2/jars/org.spark-project.spark_unused-1.0.0.jar at file:///home/***/.ivy2/jars/org.spark-project.spark_unused-1.0.0.jar with timestamp 1756730355773
[2025-09-01 12:39:17,054] {subprocess.py:92} INFO - 25/09/01 12:39:17 INFO Utils: Copying /home/***/.ivy2/jars/org.spark-project.spark_unused-1.0.0.jar to /tmp/spark-36124d22-509c-4333-9a9d-5e682df113f9/userFiles-84dd00e4-0f42-4406-b15e-6b88bae85d99/org.spark-project.spark_unused-1.0.0.jar
[2025-09-01 12:39:17,061] {subprocess.py:92} INFO - 25/09/01 12:39:17 INFO SparkContext: Added file file:///home/***/.ivy2/jars/org.apache.hadoop_hadoop-client-runtime-3.3.2.jar at file:///home/***/.ivy2/jars/org.apache.hadoop_hadoop-client-runtime-3.3.2.jar with timestamp 1756730355773
[2025-09-01 12:39:17,062] {subprocess.py:92} INFO - 25/09/01 12:39:17 INFO Utils: Copying /home/***/.ivy2/jars/org.apache.hadoop_hadoop-client-runtime-3.3.2.jar to /tmp/spark-36124d22-509c-4333-9a9d-5e682df113f9/userFiles-84dd00e4-0f42-4406-b15e-6b88bae85d99/org.apache.hadoop_hadoop-client-runtime-3.3.2.jar
[2025-09-01 12:39:17,120] {subprocess.py:92} INFO - 25/09/01 12:39:17 INFO SparkContext: Added file file:///home/***/.ivy2/jars/org.lz4_lz4-java-1.8.0.jar at file:///home/***/.ivy2/jars/org.lz4_lz4-java-1.8.0.jar with timestamp 1756730355773
[2025-09-01 12:39:17,120] {subprocess.py:92} INFO - 25/09/01 12:39:17 INFO Utils: Copying /home/***/.ivy2/jars/org.lz4_lz4-java-1.8.0.jar to /tmp/spark-36124d22-509c-4333-9a9d-5e682df113f9/userFiles-84dd00e4-0f42-4406-b15e-6b88bae85d99/org.lz4_lz4-java-1.8.0.jar
[2025-09-01 12:39:17,130] {subprocess.py:92} INFO - 25/09/01 12:39:17 INFO SparkContext: Added file file:///home/***/.ivy2/jars/org.xerial.snappy_snappy-java-1.1.8.4.jar at file:///home/***/.ivy2/jars/org.xerial.snappy_snappy-java-1.1.8.4.jar with timestamp 1756730355773
[2025-09-01 12:39:17,131] {subprocess.py:92} INFO - 25/09/01 12:39:17 INFO Utils: Copying /home/***/.ivy2/jars/org.xerial.snappy_snappy-java-1.1.8.4.jar to /tmp/spark-36124d22-509c-4333-9a9d-5e682df113f9/userFiles-84dd00e4-0f42-4406-b15e-6b88bae85d99/org.xerial.snappy_snappy-java-1.1.8.4.jar
[2025-09-01 12:39:17,139] {subprocess.py:92} INFO - 25/09/01 12:39:17 INFO SparkContext: Added file file:///home/***/.ivy2/jars/org.slf4j_slf4j-api-1.7.32.jar at file:///home/***/.ivy2/jars/org.slf4j_slf4j-api-1.7.32.jar with timestamp 1756730355773
[2025-09-01 12:39:17,140] {subprocess.py:92} INFO - 25/09/01 12:39:17 INFO Utils: Copying /home/***/.ivy2/jars/org.slf4j_slf4j-api-1.7.32.jar to /tmp/spark-36124d22-509c-4333-9a9d-5e682df113f9/userFiles-84dd00e4-0f42-4406-b15e-6b88bae85d99/org.slf4j_slf4j-api-1.7.32.jar
[2025-09-01 12:39:17,146] {subprocess.py:92} INFO - 25/09/01 12:39:17 INFO SparkContext: Added file file:///home/***/.ivy2/jars/org.apache.hadoop_hadoop-client-api-3.3.2.jar at file:///home/***/.ivy2/jars/org.apache.hadoop_hadoop-client-api-3.3.2.jar with timestamp 1756730355773
[2025-09-01 12:39:17,146] {subprocess.py:92} INFO - 25/09/01 12:39:17 INFO Utils: Copying /home/***/.ivy2/jars/org.apache.hadoop_hadoop-client-api-3.3.2.jar to /tmp/spark-36124d22-509c-4333-9a9d-5e682df113f9/userFiles-84dd00e4-0f42-4406-b15e-6b88bae85d99/org.apache.hadoop_hadoop-client-api-3.3.2.jar
[2025-09-01 12:39:17,172] {subprocess.py:92} INFO - 25/09/01 12:39:17 INFO SparkContext: Added file file:///home/***/.ivy2/jars/commons-logging_commons-logging-1.1.3.jar at file:///home/***/.ivy2/jars/commons-logging_commons-logging-1.1.3.jar with timestamp 1756730355773
[2025-09-01 12:39:17,172] {subprocess.py:92} INFO - 25/09/01 12:39:17 INFO Utils: Copying /home/***/.ivy2/jars/commons-logging_commons-logging-1.1.3.jar to /tmp/spark-36124d22-509c-4333-9a9d-5e682df113f9/userFiles-84dd00e4-0f42-4406-b15e-6b88bae85d99/commons-logging_commons-logging-1.1.3.jar
[2025-09-01 12:39:17,310] {subprocess.py:92} INFO - 25/09/01 12:39:17 INFO Executor: Starting executor ID driver on host e66737cfc193
[2025-09-01 12:39:17,322] {subprocess.py:92} INFO - 25/09/01 12:39:17 INFO Executor: Starting executor with user classpath (userClassPathFirst = false): ''
[2025-09-01 12:39:17,344] {subprocess.py:92} INFO - 25/09/01 12:39:17 INFO Executor: Fetching file:///home/***/.ivy2/jars/commons-logging_commons-logging-1.1.3.jar with timestamp 1756730355773
[2025-09-01 12:39:17,375] {subprocess.py:92} INFO - 25/09/01 12:39:17 INFO Utils: /home/***/.ivy2/jars/commons-logging_commons-logging-1.1.3.jar has been previously copied to /tmp/spark-36124d22-509c-4333-9a9d-5e682df113f9/userFiles-84dd00e4-0f42-4406-b15e-6b88bae85d99/commons-logging_commons-logging-1.1.3.jar
[2025-09-01 12:39:17,383] {subprocess.py:92} INFO - 25/09/01 12:39:17 INFO Executor: Fetching file:///home/***/.ivy2/jars/org.spark-project.spark_unused-1.0.0.jar with timestamp 1756730355773
[2025-09-01 12:39:17,384] {subprocess.py:92} INFO - 25/09/01 12:39:17 INFO Utils: /home/***/.ivy2/jars/org.spark-project.spark_unused-1.0.0.jar has been previously copied to /tmp/spark-36124d22-509c-4333-9a9d-5e682df113f9/userFiles-84dd00e4-0f42-4406-b15e-6b88bae85d99/org.spark-project.spark_unused-1.0.0.jar
[2025-09-01 12:39:17,390] {subprocess.py:92} INFO - 25/09/01 12:39:17 INFO Executor: Fetching file:///home/***/.ivy2/jars/org.apache.spark_spark-sql-kafka-0-10_2.12-3.3.1.jar with timestamp 1756730355773
[2025-09-01 12:39:17,395] {subprocess.py:92} INFO - 25/09/01 12:39:17 INFO Utils: /home/***/.ivy2/jars/org.apache.spark_spark-sql-kafka-0-10_2.12-3.3.1.jar has been previously copied to /tmp/spark-36124d22-509c-4333-9a9d-5e682df113f9/userFiles-84dd00e4-0f42-4406-b15e-6b88bae85d99/org.apache.spark_spark-sql-kafka-0-10_2.12-3.3.1.jar
[2025-09-01 12:39:17,400] {subprocess.py:92} INFO - 25/09/01 12:39:17 INFO Executor: Fetching file:///home/***/.ivy2/jars/org.apache.hadoop_hadoop-client-api-3.3.2.jar with timestamp 1756730355773
[2025-09-01 12:39:17,436] {subprocess.py:92} INFO - 25/09/01 12:39:17 INFO Utils: /home/***/.ivy2/jars/org.apache.hadoop_hadoop-client-api-3.3.2.jar has been previously copied to /tmp/spark-36124d22-509c-4333-9a9d-5e682df113f9/userFiles-84dd00e4-0f42-4406-b15e-6b88bae85d99/org.apache.hadoop_hadoop-client-api-3.3.2.jar
[2025-09-01 12:39:17,440] {subprocess.py:92} INFO - 25/09/01 12:39:17 INFO Executor: Fetching file:///home/***/.ivy2/jars/org.apache.hadoop_hadoop-client-runtime-3.3.2.jar with timestamp 1756730355773
[2025-09-01 12:39:17,490] {subprocess.py:92} INFO - 25/09/01 12:39:17 INFO Utils: /home/***/.ivy2/jars/org.apache.hadoop_hadoop-client-runtime-3.3.2.jar has been previously copied to /tmp/spark-36124d22-509c-4333-9a9d-5e682df113f9/userFiles-84dd00e4-0f42-4406-b15e-6b88bae85d99/org.apache.hadoop_hadoop-client-runtime-3.3.2.jar
[2025-09-01 12:39:17,494] {subprocess.py:92} INFO - 25/09/01 12:39:17 INFO Executor: Fetching file:///home/***/.ivy2/jars/org.slf4j_slf4j-api-1.7.32.jar with timestamp 1756730355773
[2025-09-01 12:39:17,494] {subprocess.py:92} INFO - 25/09/01 12:39:17 INFO Utils: /home/***/.ivy2/jars/org.slf4j_slf4j-api-1.7.32.jar has been previously copied to /tmp/spark-36124d22-509c-4333-9a9d-5e682df113f9/userFiles-84dd00e4-0f42-4406-b15e-6b88bae85d99/org.slf4j_slf4j-api-1.7.32.jar
[2025-09-01 12:39:17,499] {subprocess.py:92} INFO - 25/09/01 12:39:17 INFO Executor: Fetching file:///home/***/.ivy2/jars/org.lz4_lz4-java-1.8.0.jar with timestamp 1756730355773
[2025-09-01 12:39:17,501] {subprocess.py:92} INFO - 25/09/01 12:39:17 INFO Utils: /home/***/.ivy2/jars/org.lz4_lz4-java-1.8.0.jar has been previously copied to /tmp/spark-36124d22-509c-4333-9a9d-5e682df113f9/userFiles-84dd00e4-0f42-4406-b15e-6b88bae85d99/org.lz4_lz4-java-1.8.0.jar
[2025-09-01 12:39:17,506] {subprocess.py:92} INFO - 25/09/01 12:39:17 INFO Executor: Fetching file:///home/***/.ivy2/jars/org.apache.commons_commons-pool2-2.11.1.jar with timestamp 1756730355773
[2025-09-01 12:39:17,507] {subprocess.py:92} INFO - 25/09/01 12:39:17 INFO Utils: /home/***/.ivy2/jars/org.apache.commons_commons-pool2-2.11.1.jar has been previously copied to /tmp/spark-36124d22-509c-4333-9a9d-5e682df113f9/userFiles-84dd00e4-0f42-4406-b15e-6b88bae85d99/org.apache.commons_commons-pool2-2.11.1.jar
[2025-09-01 12:39:17,513] {subprocess.py:92} INFO - 25/09/01 12:39:17 INFO Executor: Fetching file:///home/***/.ivy2/jars/com.google.code.findbugs_jsr305-3.0.0.jar with timestamp 1756730355773
[2025-09-01 12:39:17,514] {subprocess.py:92} INFO - 25/09/01 12:39:17 INFO Utils: /home/***/.ivy2/jars/com.google.code.findbugs_jsr305-3.0.0.jar has been previously copied to /tmp/spark-36124d22-509c-4333-9a9d-5e682df113f9/userFiles-84dd00e4-0f42-4406-b15e-6b88bae85d99/com.google.code.findbugs_jsr305-3.0.0.jar
[2025-09-01 12:39:17,520] {subprocess.py:92} INFO - 25/09/01 12:39:17 INFO Executor: Fetching file:///home/***/.ivy2/jars/org.apache.spark_spark-token-provider-kafka-0-10_2.12-3.3.1.jar with timestamp 1756730355773
[2025-09-01 12:39:17,520] {subprocess.py:92} INFO - 25/09/01 12:39:17 INFO Utils: /home/***/.ivy2/jars/org.apache.spark_spark-token-provider-kafka-0-10_2.12-3.3.1.jar has been previously copied to /tmp/spark-36124d22-509c-4333-9a9d-5e682df113f9/userFiles-84dd00e4-0f42-4406-b15e-6b88bae85d99/org.apache.spark_spark-token-provider-kafka-0-10_2.12-3.3.1.jar
[2025-09-01 12:39:17,526] {subprocess.py:92} INFO - 25/09/01 12:39:17 INFO Executor: Fetching file:///home/***/.ivy2/jars/org.apache.kafka_kafka-clients-2.8.1.jar with timestamp 1756730355773
[2025-09-01 12:39:17,534] {subprocess.py:92} INFO - 25/09/01 12:39:17 INFO Utils: /home/***/.ivy2/jars/org.apache.kafka_kafka-clients-2.8.1.jar has been previously copied to /tmp/spark-36124d22-509c-4333-9a9d-5e682df113f9/userFiles-84dd00e4-0f42-4406-b15e-6b88bae85d99/org.apache.kafka_kafka-clients-2.8.1.jar
[2025-09-01 12:39:17,540] {subprocess.py:92} INFO - 25/09/01 12:39:17 INFO Executor: Fetching file:///home/***/.ivy2/jars/org.xerial.snappy_snappy-java-1.1.8.4.jar with timestamp 1756730355773
[2025-09-01 12:39:17,543] {subprocess.py:92} INFO - 25/09/01 12:39:17 INFO Utils: /home/***/.ivy2/jars/org.xerial.snappy_snappy-java-1.1.8.4.jar has been previously copied to /tmp/spark-36124d22-509c-4333-9a9d-5e682df113f9/userFiles-84dd00e4-0f42-4406-b15e-6b88bae85d99/org.xerial.snappy_snappy-java-1.1.8.4.jar
[2025-09-01 12:39:17,552] {subprocess.py:92} INFO - 25/09/01 12:39:17 INFO Executor: Fetching spark://e66737cfc193:33619/jars/org.apache.commons_commons-pool2-2.11.1.jar with timestamp 1756730355773
[2025-09-01 12:39:17,622] {subprocess.py:92} INFO - 25/09/01 12:39:17 INFO TransportClientFactory: Successfully created connection to e66737cfc193/172.20.0.18:33619 after 50 ms (0 ms spent in bootstraps)
[2025-09-01 12:39:17,631] {subprocess.py:92} INFO - 25/09/01 12:39:17 INFO Utils: Fetching spark://e66737cfc193:33619/jars/org.apache.commons_commons-pool2-2.11.1.jar to /tmp/spark-36124d22-509c-4333-9a9d-5e682df113f9/userFiles-84dd00e4-0f42-4406-b15e-6b88bae85d99/fetchFileTemp14368406865601860553.tmp
[2025-09-01 12:39:17,688] {subprocess.py:92} INFO - 25/09/01 12:39:17 INFO Utils: /tmp/spark-36124d22-509c-4333-9a9d-5e682df113f9/userFiles-84dd00e4-0f42-4406-b15e-6b88bae85d99/fetchFileTemp14368406865601860553.tmp has been previously copied to /tmp/spark-36124d22-509c-4333-9a9d-5e682df113f9/userFiles-84dd00e4-0f42-4406-b15e-6b88bae85d99/org.apache.commons_commons-pool2-2.11.1.jar
[2025-09-01 12:39:17,693] {subprocess.py:92} INFO - 25/09/01 12:39:17 INFO Executor: Adding file:/tmp/spark-36124d22-509c-4333-9a9d-5e682df113f9/userFiles-84dd00e4-0f42-4406-b15e-6b88bae85d99/org.apache.commons_commons-pool2-2.11.1.jar to class loader
[2025-09-01 12:39:17,694] {subprocess.py:92} INFO - 25/09/01 12:39:17 INFO Executor: Fetching spark://e66737cfc193:33619/jars/org.apache.kafka_kafka-clients-2.8.1.jar with timestamp 1756730355773
[2025-09-01 12:39:17,695] {subprocess.py:92} INFO - 25/09/01 12:39:17 INFO Utils: Fetching spark://e66737cfc193:33619/jars/org.apache.kafka_kafka-clients-2.8.1.jar to /tmp/spark-36124d22-509c-4333-9a9d-5e682df113f9/userFiles-84dd00e4-0f42-4406-b15e-6b88bae85d99/fetchFileTemp17086882658173455462.tmp
[2025-09-01 12:39:17,730] {subprocess.py:92} INFO - 25/09/01 12:39:17 INFO Utils: /tmp/spark-36124d22-509c-4333-9a9d-5e682df113f9/userFiles-84dd00e4-0f42-4406-b15e-6b88bae85d99/fetchFileTemp17086882658173455462.tmp has been previously copied to /tmp/spark-36124d22-509c-4333-9a9d-5e682df113f9/userFiles-84dd00e4-0f42-4406-b15e-6b88bae85d99/org.apache.kafka_kafka-clients-2.8.1.jar
[2025-09-01 12:39:17,736] {subprocess.py:92} INFO - 25/09/01 12:39:17 INFO Executor: Adding file:/tmp/spark-36124d22-509c-4333-9a9d-5e682df113f9/userFiles-84dd00e4-0f42-4406-b15e-6b88bae85d99/org.apache.kafka_kafka-clients-2.8.1.jar to class loader
[2025-09-01 12:39:17,736] {subprocess.py:92} INFO - 25/09/01 12:39:17 INFO Executor: Fetching spark://e66737cfc193:33619/jars/org.slf4j_slf4j-api-1.7.32.jar with timestamp 1756730355773
[2025-09-01 12:39:17,737] {subprocess.py:92} INFO - 25/09/01 12:39:17 INFO Utils: Fetching spark://e66737cfc193:33619/jars/org.slf4j_slf4j-api-1.7.32.jar to /tmp/spark-36124d22-509c-4333-9a9d-5e682df113f9/userFiles-84dd00e4-0f42-4406-b15e-6b88bae85d99/fetchFileTemp1530311608512282164.tmp
[2025-09-01 12:39:17,740] {subprocess.py:92} INFO - 25/09/01 12:39:17 INFO Utils: /tmp/spark-36124d22-509c-4333-9a9d-5e682df113f9/userFiles-84dd00e4-0f42-4406-b15e-6b88bae85d99/fetchFileTemp1530311608512282164.tmp has been previously copied to /tmp/spark-36124d22-509c-4333-9a9d-5e682df113f9/userFiles-84dd00e4-0f42-4406-b15e-6b88bae85d99/org.slf4j_slf4j-api-1.7.32.jar
[2025-09-01 12:39:17,744] {subprocess.py:92} INFO - 25/09/01 12:39:17 INFO Executor: Adding file:/tmp/spark-36124d22-509c-4333-9a9d-5e682df113f9/userFiles-84dd00e4-0f42-4406-b15e-6b88bae85d99/org.slf4j_slf4j-api-1.7.32.jar to class loader
[2025-09-01 12:39:17,745] {subprocess.py:92} INFO - 25/09/01 12:39:17 INFO Executor: Fetching spark://e66737cfc193:33619/jars/com.google.code.findbugs_jsr305-3.0.0.jar with timestamp 1756730355773
[2025-09-01 12:39:17,746] {subprocess.py:92} INFO - 25/09/01 12:39:17 INFO Utils: Fetching spark://e66737cfc193:33619/jars/com.google.code.findbugs_jsr305-3.0.0.jar to /tmp/spark-36124d22-509c-4333-9a9d-5e682df113f9/userFiles-84dd00e4-0f42-4406-b15e-6b88bae85d99/fetchFileTemp4644595709443079529.tmp
[2025-09-01 12:39:17,748] {subprocess.py:92} INFO - 25/09/01 12:39:17 INFO Utils: /tmp/spark-36124d22-509c-4333-9a9d-5e682df113f9/userFiles-84dd00e4-0f42-4406-b15e-6b88bae85d99/fetchFileTemp4644595709443079529.tmp has been previously copied to /tmp/spark-36124d22-509c-4333-9a9d-5e682df113f9/userFiles-84dd00e4-0f42-4406-b15e-6b88bae85d99/com.google.code.findbugs_jsr305-3.0.0.jar
[2025-09-01 12:39:17,751] {subprocess.py:92} INFO - 25/09/01 12:39:17 INFO Executor: Adding file:/tmp/spark-36124d22-509c-4333-9a9d-5e682df113f9/userFiles-84dd00e4-0f42-4406-b15e-6b88bae85d99/com.google.code.findbugs_jsr305-3.0.0.jar to class loader
[2025-09-01 12:39:17,751] {subprocess.py:92} INFO - 25/09/01 12:39:17 INFO Executor: Fetching spark://e66737cfc193:33619/jars/org.apache.spark_spark-sql-kafka-0-10_2.12-3.3.1.jar with timestamp 1756730355773
[2025-09-01 12:39:17,752] {subprocess.py:92} INFO - 25/09/01 12:39:17 INFO Utils: Fetching spark://e66737cfc193:33619/jars/org.apache.spark_spark-sql-kafka-0-10_2.12-3.3.1.jar to /tmp/spark-36124d22-509c-4333-9a9d-5e682df113f9/userFiles-84dd00e4-0f42-4406-b15e-6b88bae85d99/fetchFileTemp5524444829156262440.tmp
[2025-09-01 12:39:17,756] {subprocess.py:92} INFO - 25/09/01 12:39:17 INFO Utils: /tmp/spark-36124d22-509c-4333-9a9d-5e682df113f9/userFiles-84dd00e4-0f42-4406-b15e-6b88bae85d99/fetchFileTemp5524444829156262440.tmp has been previously copied to /tmp/spark-36124d22-509c-4333-9a9d-5e682df113f9/userFiles-84dd00e4-0f42-4406-b15e-6b88bae85d99/org.apache.spark_spark-sql-kafka-0-10_2.12-3.3.1.jar
[2025-09-01 12:39:17,761] {subprocess.py:92} INFO - 25/09/01 12:39:17 INFO Executor: Adding file:/tmp/spark-36124d22-509c-4333-9a9d-5e682df113f9/userFiles-84dd00e4-0f42-4406-b15e-6b88bae85d99/org.apache.spark_spark-sql-kafka-0-10_2.12-3.3.1.jar to class loader
[2025-09-01 12:39:17,762] {subprocess.py:92} INFO - 25/09/01 12:39:17 INFO Executor: Fetching spark://e66737cfc193:33619/jars/org.xerial.snappy_snappy-java-1.1.8.4.jar with timestamp 1756730355773
[2025-09-01 12:39:17,762] {subprocess.py:92} INFO - 25/09/01 12:39:17 INFO Utils: Fetching spark://e66737cfc193:33619/jars/org.xerial.snappy_snappy-java-1.1.8.4.jar to /tmp/spark-36124d22-509c-4333-9a9d-5e682df113f9/userFiles-84dd00e4-0f42-4406-b15e-6b88bae85d99/fetchFileTemp15568526006497028584.tmp
[2025-09-01 12:39:17,773] {subprocess.py:92} INFO - 25/09/01 12:39:17 INFO Utils: /tmp/spark-36124d22-509c-4333-9a9d-5e682df113f9/userFiles-84dd00e4-0f42-4406-b15e-6b88bae85d99/fetchFileTemp15568526006497028584.tmp has been previously copied to /tmp/spark-36124d22-509c-4333-9a9d-5e682df113f9/userFiles-84dd00e4-0f42-4406-b15e-6b88bae85d99/org.xerial.snappy_snappy-java-1.1.8.4.jar
[2025-09-01 12:39:17,778] {subprocess.py:92} INFO - 25/09/01 12:39:17 INFO Executor: Adding file:/tmp/spark-36124d22-509c-4333-9a9d-5e682df113f9/userFiles-84dd00e4-0f42-4406-b15e-6b88bae85d99/org.xerial.snappy_snappy-java-1.1.8.4.jar to class loader
[2025-09-01 12:39:17,778] {subprocess.py:92} INFO - 25/09/01 12:39:17 INFO Executor: Fetching spark://e66737cfc193:33619/jars/org.spark-project.spark_unused-1.0.0.jar with timestamp 1756730355773
[2025-09-01 12:39:17,779] {subprocess.py:92} INFO - 25/09/01 12:39:17 INFO Utils: Fetching spark://e66737cfc193:33619/jars/org.spark-project.spark_unused-1.0.0.jar to /tmp/spark-36124d22-509c-4333-9a9d-5e682df113f9/userFiles-84dd00e4-0f42-4406-b15e-6b88bae85d99/fetchFileTemp455880087750199581.tmp
[2025-09-01 12:39:17,781] {subprocess.py:92} INFO - 25/09/01 12:39:17 INFO Utils: /tmp/spark-36124d22-509c-4333-9a9d-5e682df113f9/userFiles-84dd00e4-0f42-4406-b15e-6b88bae85d99/fetchFileTemp455880087750199581.tmp has been previously copied to /tmp/spark-36124d22-509c-4333-9a9d-5e682df113f9/userFiles-84dd00e4-0f42-4406-b15e-6b88bae85d99/org.spark-project.spark_unused-1.0.0.jar
[2025-09-01 12:39:17,786] {subprocess.py:92} INFO - 25/09/01 12:39:17 INFO Executor: Adding file:/tmp/spark-36124d22-509c-4333-9a9d-5e682df113f9/userFiles-84dd00e4-0f42-4406-b15e-6b88bae85d99/org.spark-project.spark_unused-1.0.0.jar to class loader
[2025-09-01 12:39:17,786] {subprocess.py:92} INFO - 25/09/01 12:39:17 INFO Executor: Fetching spark://e66737cfc193:33619/jars/org.apache.hadoop_hadoop-client-runtime-3.3.2.jar with timestamp 1756730355773
[2025-09-01 12:39:17,787] {subprocess.py:92} INFO - 25/09/01 12:39:17 INFO Utils: Fetching spark://e66737cfc193:33619/jars/org.apache.hadoop_hadoop-client-runtime-3.3.2.jar to /tmp/spark-36124d22-509c-4333-9a9d-5e682df113f9/userFiles-84dd00e4-0f42-4406-b15e-6b88bae85d99/fetchFileTemp1071569379168058985.tmp
[2025-09-01 12:39:17,904] {subprocess.py:92} INFO - 25/09/01 12:39:17 INFO Utils: /tmp/spark-36124d22-509c-4333-9a9d-5e682df113f9/userFiles-84dd00e4-0f42-4406-b15e-6b88bae85d99/fetchFileTemp1071569379168058985.tmp has been previously copied to /tmp/spark-36124d22-509c-4333-9a9d-5e682df113f9/userFiles-84dd00e4-0f42-4406-b15e-6b88bae85d99/org.apache.hadoop_hadoop-client-runtime-3.3.2.jar
[2025-09-01 12:39:17,912] {subprocess.py:92} INFO - 25/09/01 12:39:17 INFO Executor: Adding file:/tmp/spark-36124d22-509c-4333-9a9d-5e682df113f9/userFiles-84dd00e4-0f42-4406-b15e-6b88bae85d99/org.apache.hadoop_hadoop-client-runtime-3.3.2.jar to class loader
[2025-09-01 12:39:17,912] {subprocess.py:92} INFO - 25/09/01 12:39:17 INFO Executor: Fetching spark://e66737cfc193:33619/jars/commons-logging_commons-logging-1.1.3.jar with timestamp 1756730355773
[2025-09-01 12:39:17,913] {subprocess.py:92} INFO - 25/09/01 12:39:17 INFO Utils: Fetching spark://e66737cfc193:33619/jars/commons-logging_commons-logging-1.1.3.jar to /tmp/spark-36124d22-509c-4333-9a9d-5e682df113f9/userFiles-84dd00e4-0f42-4406-b15e-6b88bae85d99/fetchFileTemp3041137239359150409.tmp
[2025-09-01 12:39:17,915] {subprocess.py:92} INFO - 25/09/01 12:39:17 INFO Utils: /tmp/spark-36124d22-509c-4333-9a9d-5e682df113f9/userFiles-84dd00e4-0f42-4406-b15e-6b88bae85d99/fetchFileTemp3041137239359150409.tmp has been previously copied to /tmp/spark-36124d22-509c-4333-9a9d-5e682df113f9/userFiles-84dd00e4-0f42-4406-b15e-6b88bae85d99/commons-logging_commons-logging-1.1.3.jar
[2025-09-01 12:39:17,919] {subprocess.py:92} INFO - 25/09/01 12:39:17 INFO Executor: Adding file:/tmp/spark-36124d22-509c-4333-9a9d-5e682df113f9/userFiles-84dd00e4-0f42-4406-b15e-6b88bae85d99/commons-logging_commons-logging-1.1.3.jar to class loader
[2025-09-01 12:39:17,919] {subprocess.py:92} INFO - 25/09/01 12:39:17 INFO Executor: Fetching spark://e66737cfc193:33619/jars/org.apache.spark_spark-token-provider-kafka-0-10_2.12-3.3.1.jar with timestamp 1756730355773
[2025-09-01 12:39:17,920] {subprocess.py:92} INFO - 25/09/01 12:39:17 INFO Utils: Fetching spark://e66737cfc193:33619/jars/org.apache.spark_spark-token-provider-kafka-0-10_2.12-3.3.1.jar to /tmp/spark-36124d22-509c-4333-9a9d-5e682df113f9/userFiles-84dd00e4-0f42-4406-b15e-6b88bae85d99/fetchFileTemp11148596203200779739.tmp
[2025-09-01 12:39:17,921] {subprocess.py:92} INFO - 25/09/01 12:39:17 INFO Utils: /tmp/spark-36124d22-509c-4333-9a9d-5e682df113f9/userFiles-84dd00e4-0f42-4406-b15e-6b88bae85d99/fetchFileTemp11148596203200779739.tmp has been previously copied to /tmp/spark-36124d22-509c-4333-9a9d-5e682df113f9/userFiles-84dd00e4-0f42-4406-b15e-6b88bae85d99/org.apache.spark_spark-token-provider-kafka-0-10_2.12-3.3.1.jar
[2025-09-01 12:39:17,925] {subprocess.py:92} INFO - 25/09/01 12:39:17 INFO Executor: Adding file:/tmp/spark-36124d22-509c-4333-9a9d-5e682df113f9/userFiles-84dd00e4-0f42-4406-b15e-6b88bae85d99/org.apache.spark_spark-token-provider-kafka-0-10_2.12-3.3.1.jar to class loader
[2025-09-01 12:39:17,926] {subprocess.py:92} INFO - 25/09/01 12:39:17 INFO Executor: Fetching spark://e66737cfc193:33619/jars/org.lz4_lz4-java-1.8.0.jar with timestamp 1756730355773
[2025-09-01 12:39:17,926] {subprocess.py:92} INFO - 25/09/01 12:39:17 INFO Utils: Fetching spark://e66737cfc193:33619/jars/org.lz4_lz4-java-1.8.0.jar to /tmp/spark-36124d22-509c-4333-9a9d-5e682df113f9/userFiles-84dd00e4-0f42-4406-b15e-6b88bae85d99/fetchFileTemp4172191855300483751.tmp
[2025-09-01 12:39:17,930] {subprocess.py:92} INFO - 25/09/01 12:39:17 INFO Utils: /tmp/spark-36124d22-509c-4333-9a9d-5e682df113f9/userFiles-84dd00e4-0f42-4406-b15e-6b88bae85d99/fetchFileTemp4172191855300483751.tmp has been previously copied to /tmp/spark-36124d22-509c-4333-9a9d-5e682df113f9/userFiles-84dd00e4-0f42-4406-b15e-6b88bae85d99/org.lz4_lz4-java-1.8.0.jar
[2025-09-01 12:39:17,935] {subprocess.py:92} INFO - 25/09/01 12:39:17 INFO Executor: Adding file:/tmp/spark-36124d22-509c-4333-9a9d-5e682df113f9/userFiles-84dd00e4-0f42-4406-b15e-6b88bae85d99/org.lz4_lz4-java-1.8.0.jar to class loader
[2025-09-01 12:39:17,935] {subprocess.py:92} INFO - 25/09/01 12:39:17 INFO Executor: Fetching spark://e66737cfc193:33619/jars/org.apache.hadoop_hadoop-client-api-3.3.2.jar with timestamp 1756730355773
[2025-09-01 12:39:17,936] {subprocess.py:92} INFO - 25/09/01 12:39:17 INFO Utils: Fetching spark://e66737cfc193:33619/jars/org.apache.hadoop_hadoop-client-api-3.3.2.jar to /tmp/spark-36124d22-509c-4333-9a9d-5e682df113f9/userFiles-84dd00e4-0f42-4406-b15e-6b88bae85d99/fetchFileTemp17021968191164411367.tmp
[2025-09-01 12:39:17,995] {subprocess.py:92} INFO - 25/09/01 12:39:17 INFO Utils: /tmp/spark-36124d22-509c-4333-9a9d-5e682df113f9/userFiles-84dd00e4-0f42-4406-b15e-6b88bae85d99/fetchFileTemp17021968191164411367.tmp has been previously copied to /tmp/spark-36124d22-509c-4333-9a9d-5e682df113f9/userFiles-84dd00e4-0f42-4406-b15e-6b88bae85d99/org.apache.hadoop_hadoop-client-api-3.3.2.jar
[2025-09-01 12:39:18,002] {subprocess.py:92} INFO - 25/09/01 12:39:18 INFO Executor: Adding file:/tmp/spark-36124d22-509c-4333-9a9d-5e682df113f9/userFiles-84dd00e4-0f42-4406-b15e-6b88bae85d99/org.apache.hadoop_hadoop-client-api-3.3.2.jar to class loader
[2025-09-01 12:39:18,013] {subprocess.py:92} INFO - 25/09/01 12:39:18 INFO Utils: Successfully started service 'org.apache.spark.network.netty.NettyBlockTransferService' on port 37315.
[2025-09-01 12:39:18,013] {subprocess.py:92} INFO - 25/09/01 12:39:18 INFO NettyBlockTransferService: Server created on e66737cfc193:37315
[2025-09-01 12:39:18,016] {subprocess.py:92} INFO - 25/09/01 12:39:18 INFO BlockManager: Using org.apache.spark.storage.RandomBlockReplicationPolicy for block replication policy
[2025-09-01 12:39:18,025] {subprocess.py:92} INFO - 25/09/01 12:39:18 INFO BlockManagerMaster: Registering BlockManager BlockManagerId(driver, e66737cfc193, 37315, None)
[2025-09-01 12:39:18,029] {subprocess.py:92} INFO - 25/09/01 12:39:18 INFO BlockManagerMasterEndpoint: Registering block manager e66737cfc193:37315 with 434.4 MiB RAM, BlockManagerId(driver, e66737cfc193, 37315, None)
[2025-09-01 12:39:18,032] {subprocess.py:92} INFO - 25/09/01 12:39:18 INFO BlockManagerMaster: Registered BlockManager BlockManagerId(driver, e66737cfc193, 37315, None)
[2025-09-01 12:39:18,034] {subprocess.py:92} INFO - 25/09/01 12:39:18 INFO BlockManager: Initialized BlockManager: BlockManagerId(driver, e66737cfc193, 37315, None)
[2025-09-01 12:39:18,509] {subprocess.py:92} INFO - Connexion à Kafka...
[2025-09-01 12:39:21,540] {subprocess.py:92} INFO - Connexion Kafka réussie (kafka:9092)
[2025-09-01 12:39:21,540] {subprocess.py:92} INFO - Transformation des données JSON...
[2025-09-01 12:39:21,869] {subprocess.py:92} INFO - Démarrage du streaming vers HDFS...
[2025-09-01 12:39:22,735] {subprocess.py:92} INFO - Streaming actif - Données météo sauvegardées dans HDFS:/data/weather
[2025-09-01 13:07:00,335] {subprocess.py:92} INFO - 25/09/01 13:07:00 WARN CheckpointFileManager: Failed to rename temp file hdfs://namenode:9000/checkpoints/weather/offsets/.65.30c6c088-5f8f-4738-ac36-c4743040b997.tmp to hdfs://namenode:9000/checkpoints/weather/offsets/65 because file exists
[2025-09-01 13:07:00,336] {subprocess.py:92} INFO - org.apache.hadoop.fs.FileAlreadyExistsException: rename destination /checkpoints/weather/offsets/65 already exists
[2025-09-01 13:07:00,336] {subprocess.py:92} INFO - 	at org.apache.hadoop.hdfs.server.namenode.FSDirRenameOp.validateOverwrite(FSDirRenameOp.java:565)
[2025-09-01 13:07:00,337] {subprocess.py:92} INFO - 	at org.apache.hadoop.hdfs.server.namenode.FSDirRenameOp.unprotectedRenameTo(FSDirRenameOp.java:399)
[2025-09-01 13:07:00,337] {subprocess.py:92} INFO - 	at org.apache.hadoop.hdfs.server.namenode.FSDirRenameOp.renameTo(FSDirRenameOp.java:311)
[2025-09-01 13:07:00,338] {subprocess.py:92} INFO - 	at org.apache.hadoop.hdfs.server.namenode.FSDirRenameOp.renameToInt(FSDirRenameOp.java:256)
[2025-09-01 13:07:00,338] {subprocess.py:92} INFO - 	at org.apache.hadoop.hdfs.server.namenode.FSNamesystem.renameTo(FSNamesystem.java:3257)
[2025-09-01 13:07:00,338] {subprocess.py:92} INFO - 	at org.apache.hadoop.hdfs.server.namenode.NameNodeRpcServer.rename2(NameNodeRpcServer.java:1096)
[2025-09-01 13:07:00,338] {subprocess.py:92} INFO - 	at org.apache.hadoop.hdfs.protocolPB.ClientNamenodeProtocolServerSideTranslatorPB.rename2(ClientNamenodeProtocolServerSideTranslatorPB.java:703)
[2025-09-01 13:07:00,339] {subprocess.py:92} INFO - 	at org.apache.hadoop.hdfs.protocol.proto.ClientNamenodeProtocolProtos$ClientNamenodeProtocol$2.callBlockingMethod(ClientNamenodeProtocolProtos.java)
[2025-09-01 13:07:00,339] {subprocess.py:92} INFO - 	at org.apache.hadoop.ipc.ProtobufRpcEngine2$Server$ProtoBufRpcInvoker.call(ProtobufRpcEngine2.java:621)
[2025-09-01 13:07:00,339] {subprocess.py:92} INFO - 	at org.apache.hadoop.ipc.ProtobufRpcEngine2$Server$ProtoBufRpcInvoker.call(ProtobufRpcEngine2.java:589)
[2025-09-01 13:07:00,339] {subprocess.py:92} INFO - 	at org.apache.hadoop.ipc.ProtobufRpcEngine2$Server$ProtoBufRpcInvoker.call(ProtobufRpcEngine2.java:573)
[2025-09-01 13:07:00,339] {subprocess.py:92} INFO - 	at org.apache.hadoop.ipc.RPC$Server.call(RPC.java:1227)
[2025-09-01 13:07:00,339] {subprocess.py:92} INFO - 	at org.apache.hadoop.ipc.Server$RpcCall.run(Server.java:1094)
[2025-09-01 13:07:00,339] {subprocess.py:92} INFO - 	at org.apache.hadoop.ipc.Server$RpcCall.run(Server.java:1017)
[2025-09-01 13:07:00,339] {subprocess.py:92} INFO - 	at java.security.AccessController.doPrivileged(Native Method)
[2025-09-01 13:07:00,339] {subprocess.py:92} INFO - 	at javax.security.auth.Subject.doAs(Subject.java:422)
[2025-09-01 13:07:00,340] {subprocess.py:92} INFO - 	at org.apache.hadoop.security.UserGroupInformation.doAs(UserGroupInformation.java:1899)
[2025-09-01 13:07:00,340] {subprocess.py:92} INFO - 	at org.apache.hadoop.ipc.Server$Handler.run(Server.java:3048)
[2025-09-01 13:07:00,340] {subprocess.py:92} INFO - 
[2025-09-01 13:07:00,340] {subprocess.py:92} INFO - 	at java.base/jdk.internal.reflect.NativeConstructorAccessorImpl.newInstance0(Native Method)
[2025-09-01 13:07:00,349] {subprocess.py:92} INFO - 	at java.base/jdk.internal.reflect.NativeConstructorAccessorImpl.newInstance(NativeConstructorAccessorImpl.java:62)
[2025-09-01 13:07:00,349] {subprocess.py:92} INFO - 	at java.base/jdk.internal.reflect.DelegatingConstructorAccessorImpl.newInstance(DelegatingConstructorAccessorImpl.java:45)
[2025-09-01 13:07:00,350] {subprocess.py:92} INFO - 	at java.base/java.lang.reflect.Constructor.newInstance(Constructor.java:490)
[2025-09-01 13:07:00,350] {subprocess.py:92} INFO - 	at org.apache.hadoop.ipc.RemoteException.instantiateException(RemoteException.java:121)
[2025-09-01 13:07:00,350] {subprocess.py:92} INFO - 	at org.apache.hadoop.ipc.RemoteException.unwrapRemoteException(RemoteException.java:88)
[2025-09-01 13:07:00,350] {subprocess.py:92} INFO - 	at org.apache.hadoop.hdfs.DFSClient.rename(DFSClient.java:1611)
[2025-09-01 13:07:00,350] {subprocess.py:92} INFO - 	at org.apache.hadoop.fs.Hdfs.renameInternal(Hdfs.java:393)
[2025-09-01 13:07:00,350] {subprocess.py:92} INFO - 	at org.apache.hadoop.fs.AbstractFileSystem.rename(AbstractFileSystem.java:720)
[2025-09-01 13:07:00,350] {subprocess.py:92} INFO - 	at org.apache.hadoop.fs.FileContext.rename(FileContext.java:1036)
[2025-09-01 13:07:00,350] {subprocess.py:92} INFO - 	at org.apache.spark.sql.execution.streaming.FileContextBasedCheckpointFileManager.renameTempFile(CheckpointFileManager.scala:346)
[2025-09-01 13:07:00,350] {subprocess.py:92} INFO - 	at org.apache.spark.sql.execution.streaming.CheckpointFileManager$RenameBasedFSDataOutputStream.close(CheckpointFileManager.scala:154)
[2025-09-01 13:07:00,351] {subprocess.py:92} INFO - 	at org.apache.spark.sql.execution.streaming.HDFSMetadataLog.$anonfun$addNewBatchByStream$2(HDFSMetadataLog.scala:176)
[2025-09-01 13:07:00,351] {subprocess.py:92} INFO - 	at scala.runtime.java8.JFunction0$mcZ$sp.apply(JFunction0$mcZ$sp.java:23)
[2025-09-01 13:07:00,351] {subprocess.py:92} INFO - 	at scala.Option.getOrElse(Option.scala:189)
[2025-09-01 13:07:00,351] {subprocess.py:92} INFO - 	at org.apache.spark.sql.execution.streaming.HDFSMetadataLog.addNewBatchByStream(HDFSMetadataLog.scala:171)
[2025-09-01 13:07:00,351] {subprocess.py:92} INFO - 	at org.apache.spark.sql.execution.streaming.HDFSMetadataLog.add(HDFSMetadataLog.scala:116)
[2025-09-01 13:07:00,351] {subprocess.py:92} INFO - 	at org.apache.spark.sql.execution.streaming.OffsetSeqLog.add(OffsetSeqLog.scala:53)
[2025-09-01 13:07:00,351] {subprocess.py:92} INFO - 	at org.apache.spark.sql.execution.streaming.MicroBatchExecution.$anonfun$constructNextBatch$13(MicroBatchExecution.scala:495)
[2025-09-01 13:07:00,351] {subprocess.py:92} INFO - 	at scala.runtime.java8.JFunction0$mcV$sp.apply(JFunction0$mcV$sp.java:23)
[2025-09-01 13:07:00,351] {subprocess.py:92} INFO - 	at org.apache.spark.sql.execution.streaming.ProgressReporter.reportTimeTaken(ProgressReporter.scala:375)
[2025-09-01 13:07:00,351] {subprocess.py:92} INFO - 	at org.apache.spark.sql.execution.streaming.ProgressReporter.reportTimeTaken$(ProgressReporter.scala:373)
[2025-09-01 13:07:00,352] {subprocess.py:92} INFO - 	at org.apache.spark.sql.execution.streaming.StreamExecution.reportTimeTaken(StreamExecution.scala:68)
[2025-09-01 13:07:00,352] {subprocess.py:92} INFO - 	at org.apache.spark.sql.execution.streaming.MicroBatchExecution.$anonfun$constructNextBatch$1(MicroBatchExecution.scala:493)
[2025-09-01 13:07:00,352] {subprocess.py:92} INFO - 	at scala.runtime.java8.JFunction0$mcZ$sp.apply(JFunction0$mcZ$sp.java:23)
[2025-09-01 13:07:00,352] {subprocess.py:92} INFO - 	at org.apache.spark.sql.execution.streaming.MicroBatchExecution.withProgressLocked(MicroBatchExecution.scala:693)
[2025-09-01 13:07:00,352] {subprocess.py:92} INFO - 	at org.apache.spark.sql.execution.streaming.MicroBatchExecution.constructNextBatch(MicroBatchExecution.scala:433)
[2025-09-01 13:07:00,352] {subprocess.py:92} INFO - 	at org.apache.spark.sql.execution.streaming.MicroBatchExecution.$anonfun$runActivatedStream$2(MicroBatchExecution.scala:238)
[2025-09-01 13:07:00,352] {subprocess.py:92} INFO - 	at scala.runtime.java8.JFunction0$mcV$sp.apply(JFunction0$mcV$sp.java:23)
[2025-09-01 13:07:00,352] {subprocess.py:92} INFO - 	at org.apache.spark.sql.execution.streaming.ProgressReporter.reportTimeTaken(ProgressReporter.scala:375)
[2025-09-01 13:07:00,352] {subprocess.py:92} INFO - 	at org.apache.spark.sql.execution.streaming.ProgressReporter.reportTimeTaken$(ProgressReporter.scala:373)
[2025-09-01 13:07:00,352] {subprocess.py:92} INFO - 	at org.apache.spark.sql.execution.streaming.StreamExecution.reportTimeTaken(StreamExecution.scala:68)
[2025-09-01 13:07:00,352] {subprocess.py:92} INFO - 	at org.apache.spark.sql.execution.streaming.MicroBatchExecution.$anonfun$runActivatedStream$1(MicroBatchExecution.scala:219)
[2025-09-01 13:07:00,352] {subprocess.py:92} INFO - 	at org.apache.spark.sql.execution.streaming.ProcessingTimeExecutor.execute(TriggerExecutor.scala:67)
[2025-09-01 13:07:00,353] {subprocess.py:92} INFO - 	at org.apache.spark.sql.execution.streaming.MicroBatchExecution.runActivatedStream(MicroBatchExecution.scala:213)
[2025-09-01 13:07:00,353] {subprocess.py:92} INFO - 	at org.apache.spark.sql.execution.streaming.StreamExecution.$anonfun$runStream$1(StreamExecution.scala:307)
[2025-09-01 13:07:00,353] {subprocess.py:92} INFO - 	at scala.runtime.java8.JFunction0$mcV$sp.apply(JFunction0$mcV$sp.java:23)
[2025-09-01 13:07:00,353] {subprocess.py:92} INFO - 	at org.apache.spark.sql.SparkSession.withActive(SparkSession.scala:779)
[2025-09-01 13:07:00,353] {subprocess.py:92} INFO - 	at org.apache.spark.sql.execution.streaming.StreamExecution.org$apache$spark$sql$execution$streaming$StreamExecution$$runStream(StreamExecution.scala:285)
[2025-09-01 13:07:00,353] {subprocess.py:92} INFO - 	at org.apache.spark.sql.execution.streaming.StreamExecution$$anon$1.run(StreamExecution.scala:208)
[2025-09-01 13:07:00,353] {subprocess.py:92} INFO - Caused by: org.apache.hadoop.ipc.RemoteException(org.apache.hadoop.fs.FileAlreadyExistsException): rename destination /checkpoints/weather/offsets/65 already exists
[2025-09-01 13:07:00,353] {subprocess.py:92} INFO - 	at org.apache.hadoop.hdfs.server.namenode.FSDirRenameOp.validateOverwrite(FSDirRenameOp.java:565)
[2025-09-01 13:07:00,353] {subprocess.py:92} INFO - 	at org.apache.hadoop.hdfs.server.namenode.FSDirRenameOp.unprotectedRenameTo(FSDirRenameOp.java:399)
[2025-09-01 13:07:00,353] {subprocess.py:92} INFO - 	at org.apache.hadoop.hdfs.server.namenode.FSDirRenameOp.renameTo(FSDirRenameOp.java:311)
[2025-09-01 13:07:00,353] {subprocess.py:92} INFO - 	at org.apache.hadoop.hdfs.server.namenode.FSDirRenameOp.renameToInt(FSDirRenameOp.java:256)
[2025-09-01 13:07:00,353] {subprocess.py:92} INFO - 	at org.apache.hadoop.hdfs.server.namenode.FSNamesystem.renameTo(FSNamesystem.java:3257)
[2025-09-01 13:07:00,354] {subprocess.py:92} INFO - 	at org.apache.hadoop.hdfs.server.namenode.NameNodeRpcServer.rename2(NameNodeRpcServer.java:1096)
[2025-09-01 13:07:00,354] {subprocess.py:92} INFO - 	at org.apache.hadoop.hdfs.protocolPB.ClientNamenodeProtocolServerSideTranslatorPB.rename2(ClientNamenodeProtocolServerSideTranslatorPB.java:703)
[2025-09-01 13:07:00,354] {subprocess.py:92} INFO - 	at org.apache.hadoop.hdfs.protocol.proto.ClientNamenodeProtocolProtos$ClientNamenodeProtocol$2.callBlockingMethod(ClientNamenodeProtocolProtos.java)
[2025-09-01 13:07:00,354] {subprocess.py:92} INFO - 	at org.apache.hadoop.ipc.ProtobufRpcEngine2$Server$ProtoBufRpcInvoker.call(ProtobufRpcEngine2.java:621)
[2025-09-01 13:07:00,354] {subprocess.py:92} INFO - 	at org.apache.hadoop.ipc.ProtobufRpcEngine2$Server$ProtoBufRpcInvoker.call(ProtobufRpcEngine2.java:589)
[2025-09-01 13:07:00,354] {subprocess.py:92} INFO - 	at org.apache.hadoop.ipc.ProtobufRpcEngine2$Server$ProtoBufRpcInvoker.call(ProtobufRpcEngine2.java:573)
[2025-09-01 13:07:00,354] {subprocess.py:92} INFO - 	at org.apache.hadoop.ipc.RPC$Server.call(RPC.java:1227)
[2025-09-01 13:07:00,354] {subprocess.py:92} INFO - 	at org.apache.hadoop.ipc.Server$RpcCall.run(Server.java:1094)
[2025-09-01 13:07:00,354] {subprocess.py:92} INFO - 	at org.apache.hadoop.ipc.Server$RpcCall.run(Server.java:1017)
[2025-09-01 13:07:00,354] {subprocess.py:92} INFO - 	at java.security.AccessController.doPrivileged(Native Method)
[2025-09-01 13:07:00,355] {subprocess.py:92} INFO - 	at javax.security.auth.Subject.doAs(Subject.java:422)
[2025-09-01 13:07:00,355] {subprocess.py:92} INFO - 	at org.apache.hadoop.security.UserGroupInformation.doAs(UserGroupInformation.java:1899)
[2025-09-01 13:07:00,355] {subprocess.py:92} INFO - 	at org.apache.hadoop.ipc.Server$Handler.run(Server.java:3048)
[2025-09-01 13:07:00,355] {subprocess.py:92} INFO - 
[2025-09-01 13:07:00,355] {subprocess.py:92} INFO - 	at org.apache.hadoop.ipc.Client.getRpcResponse(Client.java:1612)
[2025-09-01 13:07:00,355] {subprocess.py:92} INFO - 	at org.apache.hadoop.ipc.Client.call(Client.java:1558)
[2025-09-01 13:07:00,355] {subprocess.py:92} INFO - 	at org.apache.hadoop.ipc.Client.call(Client.java:1455)
[2025-09-01 13:07:00,355] {subprocess.py:92} INFO - 	at org.apache.hadoop.ipc.ProtobufRpcEngine2$Invoker.invoke(ProtobufRpcEngine2.java:242)
[2025-09-01 13:07:00,355] {subprocess.py:92} INFO - 	at org.apache.hadoop.ipc.ProtobufRpcEngine2$Invoker.invoke(ProtobufRpcEngine2.java:129)
[2025-09-01 13:07:00,355] {subprocess.py:92} INFO - 	at com.sun.proxy.$Proxy35.rename2(Unknown Source)
[2025-09-01 13:07:00,355] {subprocess.py:92} INFO - 	at org.apache.hadoop.hdfs.protocolPB.ClientNamenodeProtocolTranslatorPB.rename2(ClientNamenodeProtocolTranslatorPB.java:629)
[2025-09-01 13:07:00,355] {subprocess.py:92} INFO - 	at java.base/jdk.internal.reflect.NativeMethodAccessorImpl.invoke0(Native Method)
[2025-09-01 13:07:00,356] {subprocess.py:92} INFO - 	at java.base/jdk.internal.reflect.NativeMethodAccessorImpl.invoke(NativeMethodAccessorImpl.java:62)
[2025-09-01 13:07:00,356] {subprocess.py:92} INFO - 	at java.base/jdk.internal.reflect.DelegatingMethodAccessorImpl.invoke(DelegatingMethodAccessorImpl.java:43)
[2025-09-01 13:07:00,356] {subprocess.py:92} INFO - 	at java.base/java.lang.reflect.Method.invoke(Method.java:566)
[2025-09-01 13:07:00,356] {subprocess.py:92} INFO - 	at org.apache.hadoop.io.retry.RetryInvocationHandler.invokeMethod(RetryInvocationHandler.java:422)
[2025-09-01 13:07:00,356] {subprocess.py:92} INFO - 	at org.apache.hadoop.io.retry.RetryInvocationHandler$Call.invokeMethod(RetryInvocationHandler.java:165)
[2025-09-01 13:07:00,356] {subprocess.py:92} INFO - 	at org.apache.hadoop.io.retry.RetryInvocationHandler$Call.invoke(RetryInvocationHandler.java:157)
[2025-09-01 13:07:00,356] {subprocess.py:92} INFO - 	at org.apache.hadoop.io.retry.RetryInvocationHandler$Call.invokeOnce(RetryInvocationHandler.java:95)
[2025-09-01 13:07:00,356] {subprocess.py:92} INFO - 	at org.apache.hadoop.io.retry.RetryInvocationHandler.invoke(RetryInvocationHandler.java:359)
[2025-09-01 13:07:00,356] {subprocess.py:92} INFO - 	at com.sun.proxy.$Proxy36.rename2(Unknown Source)
[2025-09-01 13:07:00,356] {subprocess.py:92} INFO - 	at org.apache.hadoop.hdfs.DFSClient.rename(DFSClient.java:1609)
[2025-09-01 13:07:00,356] {subprocess.py:92} INFO - 	... 33 more
[2025-09-01 13:07:00,379] {subprocess.py:92} INFO - 25/09/01 13:07:00 ERROR MicroBatchExecution: Query [id = 8bb46a74-6ffa-4764-a9c6-2e4a331d8211, runId = 736b8f2a-2346-4638-95cf-b1e5d8f7e373] terminated with error
[2025-09-01 13:07:00,379] {subprocess.py:92} INFO - java.util.ConcurrentModificationException: Multiple streaming queries are concurrently using hdfs://namenode:9000/checkpoints/weather/offsets
[2025-09-01 13:07:00,379] {subprocess.py:92} INFO - 	at org.apache.spark.sql.errors.QueryExecutionErrors$.multiStreamingQueriesUsingPathConcurrentlyError(QueryExecutionErrors.scala:1603)
[2025-09-01 13:07:00,380] {subprocess.py:92} INFO - 	at org.apache.spark.sql.execution.streaming.HDFSMetadataLog.$anonfun$addNewBatchByStream$2(HDFSMetadataLog.scala:182)
[2025-09-01 13:07:00,380] {subprocess.py:92} INFO - 	at scala.runtime.java8.JFunction0$mcZ$sp.apply(JFunction0$mcZ$sp.java:23)
[2025-09-01 13:07:00,380] {subprocess.py:92} INFO - 	at scala.Option.getOrElse(Option.scala:189)
[2025-09-01 13:07:00,380] {subprocess.py:92} INFO - 	at org.apache.spark.sql.execution.streaming.HDFSMetadataLog.addNewBatchByStream(HDFSMetadataLog.scala:171)
[2025-09-01 13:07:00,380] {subprocess.py:92} INFO - 	at org.apache.spark.sql.execution.streaming.HDFSMetadataLog.add(HDFSMetadataLog.scala:116)
[2025-09-01 13:07:00,380] {subprocess.py:92} INFO - 	at org.apache.spark.sql.execution.streaming.OffsetSeqLog.add(OffsetSeqLog.scala:53)
[2025-09-01 13:07:00,380] {subprocess.py:92} INFO - 	at org.apache.spark.sql.execution.streaming.MicroBatchExecution.$anonfun$constructNextBatch$13(MicroBatchExecution.scala:495)
[2025-09-01 13:07:00,380] {subprocess.py:92} INFO - 	at scala.runtime.java8.JFunction0$mcV$sp.apply(JFunction0$mcV$sp.java:23)
[2025-09-01 13:07:00,380] {subprocess.py:92} INFO - 	at org.apache.spark.sql.execution.streaming.ProgressReporter.reportTimeTaken(ProgressReporter.scala:375)
[2025-09-01 13:07:00,380] {subprocess.py:92} INFO - 	at org.apache.spark.sql.execution.streaming.ProgressReporter.reportTimeTaken$(ProgressReporter.scala:373)
[2025-09-01 13:07:00,380] {subprocess.py:92} INFO - 	at org.apache.spark.sql.execution.streaming.StreamExecution.reportTimeTaken(StreamExecution.scala:68)
[2025-09-01 13:07:00,380] {subprocess.py:92} INFO - 	at org.apache.spark.sql.execution.streaming.MicroBatchExecution.$anonfun$constructNextBatch$1(MicroBatchExecution.scala:493)
[2025-09-01 13:07:00,380] {subprocess.py:92} INFO - 	at scala.runtime.java8.JFunction0$mcZ$sp.apply(JFunction0$mcZ$sp.java:23)
[2025-09-01 13:07:00,380] {subprocess.py:92} INFO - 	at org.apache.spark.sql.execution.streaming.MicroBatchExecution.withProgressLocked(MicroBatchExecution.scala:693)
[2025-09-01 13:07:00,380] {subprocess.py:92} INFO - 	at org.apache.spark.sql.execution.streaming.MicroBatchExecution.constructNextBatch(MicroBatchExecution.scala:433)
[2025-09-01 13:07:00,380] {subprocess.py:92} INFO - 	at org.apache.spark.sql.execution.streaming.MicroBatchExecution.$anonfun$runActivatedStream$2(MicroBatchExecution.scala:238)
[2025-09-01 13:07:00,380] {subprocess.py:92} INFO - 	at scala.runtime.java8.JFunction0$mcV$sp.apply(JFunction0$mcV$sp.java:23)
[2025-09-01 13:07:00,380] {subprocess.py:92} INFO - 	at org.apache.spark.sql.execution.streaming.ProgressReporter.reportTimeTaken(ProgressReporter.scala:375)
[2025-09-01 13:07:00,380] {subprocess.py:92} INFO - 	at org.apache.spark.sql.execution.streaming.ProgressReporter.reportTimeTaken$(ProgressReporter.scala:373)
[2025-09-01 13:07:00,381] {subprocess.py:92} INFO - 	at org.apache.spark.sql.execution.streaming.StreamExecution.reportTimeTaken(StreamExecution.scala:68)
[2025-09-01 13:07:00,381] {subprocess.py:92} INFO - 	at org.apache.spark.sql.execution.streaming.MicroBatchExecution.$anonfun$runActivatedStream$1(MicroBatchExecution.scala:219)
[2025-09-01 13:07:00,381] {subprocess.py:92} INFO - 	at org.apache.spark.sql.execution.streaming.ProcessingTimeExecutor.execute(TriggerExecutor.scala:67)
[2025-09-01 13:07:00,381] {subprocess.py:92} INFO - 	at org.apache.spark.sql.execution.streaming.MicroBatchExecution.runActivatedStream(MicroBatchExecution.scala:213)
[2025-09-01 13:07:00,381] {subprocess.py:92} INFO - 	at org.apache.spark.sql.execution.streaming.StreamExecution.$anonfun$runStream$1(StreamExecution.scala:307)
[2025-09-01 13:07:00,381] {subprocess.py:92} INFO - 	at scala.runtime.java8.JFunction0$mcV$sp.apply(JFunction0$mcV$sp.java:23)
[2025-09-01 13:07:00,381] {subprocess.py:92} INFO - 	at org.apache.spark.sql.SparkSession.withActive(SparkSession.scala:779)
[2025-09-01 13:07:00,381] {subprocess.py:92} INFO - 	at org.apache.spark.sql.execution.streaming.StreamExecution.org$apache$spark$sql$execution$streaming$StreamExecution$$runStream(StreamExecution.scala:285)
[2025-09-01 13:07:00,381] {subprocess.py:92} INFO - 	at org.apache.spark.sql.execution.streaming.StreamExecution$$anon$1.run(StreamExecution.scala:208)
[2025-09-01 13:07:00,381] {subprocess.py:92} INFO - Caused by: org.apache.hadoop.fs.FileAlreadyExistsException: rename destination /checkpoints/weather/offsets/65 already exists
[2025-09-01 13:07:00,381] {subprocess.py:92} INFO - 	at org.apache.hadoop.hdfs.server.namenode.FSDirRenameOp.validateOverwrite(FSDirRenameOp.java:565)
[2025-09-01 13:07:00,381] {subprocess.py:92} INFO - 	at org.apache.hadoop.hdfs.server.namenode.FSDirRenameOp.unprotectedRenameTo(FSDirRenameOp.java:399)
[2025-09-01 13:07:00,381] {subprocess.py:92} INFO - 	at org.apache.hadoop.hdfs.server.namenode.FSDirRenameOp.renameTo(FSDirRenameOp.java:311)
[2025-09-01 13:07:00,381] {subprocess.py:92} INFO - 	at org.apache.hadoop.hdfs.server.namenode.FSDirRenameOp.renameToInt(FSDirRenameOp.java:256)
[2025-09-01 13:07:00,381] {subprocess.py:92} INFO - 	at org.apache.hadoop.hdfs.server.namenode.FSNamesystem.renameTo(FSNamesystem.java:3257)
[2025-09-01 13:07:00,381] {subprocess.py:92} INFO - 	at org.apache.hadoop.hdfs.server.namenode.NameNodeRpcServer.rename2(NameNodeRpcServer.java:1096)
[2025-09-01 13:07:00,382] {subprocess.py:92} INFO - 	at org.apache.hadoop.hdfs.protocolPB.ClientNamenodeProtocolServerSideTranslatorPB.rename2(ClientNamenodeProtocolServerSideTranslatorPB.java:703)
[2025-09-01 13:07:00,382] {subprocess.py:92} INFO - 	at org.apache.hadoop.hdfs.protocol.proto.ClientNamenodeProtocolProtos$ClientNamenodeProtocol$2.callBlockingMethod(ClientNamenodeProtocolProtos.java)
[2025-09-01 13:07:00,382] {subprocess.py:92} INFO - 	at org.apache.hadoop.ipc.ProtobufRpcEngine2$Server$ProtoBufRpcInvoker.call(ProtobufRpcEngine2.java:621)
[2025-09-01 13:07:00,382] {subprocess.py:92} INFO - 	at org.apache.hadoop.ipc.ProtobufRpcEngine2$Server$ProtoBufRpcInvoker.call(ProtobufRpcEngine2.java:589)
[2025-09-01 13:07:00,382] {subprocess.py:92} INFO - 	at org.apache.hadoop.ipc.ProtobufRpcEngine2$Server$ProtoBufRpcInvoker.call(ProtobufRpcEngine2.java:573)
[2025-09-01 13:07:00,382] {subprocess.py:92} INFO - 	at org.apache.hadoop.ipc.RPC$Server.call(RPC.java:1227)
[2025-09-01 13:07:00,382] {subprocess.py:92} INFO - 	at org.apache.hadoop.ipc.Server$RpcCall.run(Server.java:1094)
[2025-09-01 13:07:00,382] {subprocess.py:92} INFO - 	at org.apache.hadoop.ipc.Server$RpcCall.run(Server.java:1017)
[2025-09-01 13:07:00,382] {subprocess.py:92} INFO - 	at java.security.AccessController.doPrivileged(Native Method)
[2025-09-01 13:07:00,382] {subprocess.py:92} INFO - 	at javax.security.auth.Subject.doAs(Subject.java:422)
[2025-09-01 13:07:00,382] {subprocess.py:92} INFO - 	at org.apache.hadoop.security.UserGroupInformation.doAs(UserGroupInformation.java:1899)
[2025-09-01 13:07:00,382] {subprocess.py:92} INFO - 	at org.apache.hadoop.ipc.Server$Handler.run(Server.java:3048)
[2025-09-01 13:07:00,382] {subprocess.py:92} INFO - 
[2025-09-01 13:07:00,382] {subprocess.py:92} INFO - 	at java.base/jdk.internal.reflect.NativeConstructorAccessorImpl.newInstance0(Native Method)
[2025-09-01 13:07:00,382] {subprocess.py:92} INFO - 	at java.base/jdk.internal.reflect.NativeConstructorAccessorImpl.newInstance(NativeConstructorAccessorImpl.java:62)
[2025-09-01 13:07:00,383] {subprocess.py:92} INFO - 	at java.base/jdk.internal.reflect.DelegatingConstructorAccessorImpl.newInstance(DelegatingConstructorAccessorImpl.java:45)
[2025-09-01 13:07:00,383] {subprocess.py:92} INFO - 	at java.base/java.lang.reflect.Constructor.newInstance(Constructor.java:490)
[2025-09-01 13:07:00,383] {subprocess.py:92} INFO - 	at org.apache.hadoop.ipc.RemoteException.instantiateException(RemoteException.java:121)
[2025-09-01 13:07:00,383] {subprocess.py:92} INFO - 	at org.apache.hadoop.ipc.RemoteException.unwrapRemoteException(RemoteException.java:88)
[2025-09-01 13:07:00,383] {subprocess.py:92} INFO - 	at org.apache.hadoop.hdfs.DFSClient.rename(DFSClient.java:1611)
[2025-09-01 13:07:00,383] {subprocess.py:92} INFO - 	at org.apache.hadoop.fs.Hdfs.renameInternal(Hdfs.java:393)
[2025-09-01 13:07:00,383] {subprocess.py:92} INFO - 	at org.apache.hadoop.fs.AbstractFileSystem.rename(AbstractFileSystem.java:720)
[2025-09-01 13:07:00,383] {subprocess.py:92} INFO - 	at org.apache.hadoop.fs.FileContext.rename(FileContext.java:1036)
[2025-09-01 13:07:00,383] {subprocess.py:92} INFO - 	at org.apache.spark.sql.execution.streaming.FileContextBasedCheckpointFileManager.renameTempFile(CheckpointFileManager.scala:346)
[2025-09-01 13:07:00,383] {subprocess.py:92} INFO - 	at org.apache.spark.sql.execution.streaming.CheckpointFileManager$RenameBasedFSDataOutputStream.close(CheckpointFileManager.scala:154)
[2025-09-01 13:07:00,383] {subprocess.py:92} INFO - 	at org.apache.spark.sql.execution.streaming.HDFSMetadataLog.$anonfun$addNewBatchByStream$2(HDFSMetadataLog.scala:176)
[2025-09-01 13:07:00,383] {subprocess.py:92} INFO - 	... 27 more
[2025-09-01 13:07:00,383] {subprocess.py:92} INFO - Caused by: org.apache.hadoop.ipc.RemoteException(org.apache.hadoop.fs.FileAlreadyExistsException): rename destination /checkpoints/weather/offsets/65 already exists
[2025-09-01 13:07:00,383] {subprocess.py:92} INFO - 	at org.apache.hadoop.hdfs.server.namenode.FSDirRenameOp.validateOverwrite(FSDirRenameOp.java:565)
[2025-09-01 13:07:00,383] {subprocess.py:92} INFO - 	at org.apache.hadoop.hdfs.server.namenode.FSDirRenameOp.unprotectedRenameTo(FSDirRenameOp.java:399)
[2025-09-01 13:07:00,383] {subprocess.py:92} INFO - 	at org.apache.hadoop.hdfs.server.namenode.FSDirRenameOp.renameTo(FSDirRenameOp.java:311)
[2025-09-01 13:07:00,383] {subprocess.py:92} INFO - 	at org.apache.hadoop.hdfs.server.namenode.FSDirRenameOp.renameToInt(FSDirRenameOp.java:256)
[2025-09-01 13:07:00,383] {subprocess.py:92} INFO - 	at org.apache.hadoop.hdfs.server.namenode.FSNamesystem.renameTo(FSNamesystem.java:3257)
[2025-09-01 13:07:00,384] {subprocess.py:92} INFO - 	at org.apache.hadoop.hdfs.server.namenode.NameNodeRpcServer.rename2(NameNodeRpcServer.java:1096)
[2025-09-01 13:07:00,384] {subprocess.py:92} INFO - 	at org.apache.hadoop.hdfs.protocolPB.ClientNamenodeProtocolServerSideTranslatorPB.rename2(ClientNamenodeProtocolServerSideTranslatorPB.java:703)
[2025-09-01 13:07:00,384] {subprocess.py:92} INFO - 	at org.apache.hadoop.hdfs.protocol.proto.ClientNamenodeProtocolProtos$ClientNamenodeProtocol$2.callBlockingMethod(ClientNamenodeProtocolProtos.java)
[2025-09-01 13:07:00,384] {subprocess.py:92} INFO - 	at org.apache.hadoop.ipc.ProtobufRpcEngine2$Server$ProtoBufRpcInvoker.call(ProtobufRpcEngine2.java:621)
[2025-09-01 13:07:00,384] {subprocess.py:92} INFO - 	at org.apache.hadoop.ipc.ProtobufRpcEngine2$Server$ProtoBufRpcInvoker.call(ProtobufRpcEngine2.java:589)
[2025-09-01 13:07:00,384] {subprocess.py:92} INFO - 	at org.apache.hadoop.ipc.ProtobufRpcEngine2$Server$ProtoBufRpcInvoker.call(ProtobufRpcEngine2.java:573)
[2025-09-01 13:07:00,384] {subprocess.py:92} INFO - 	at org.apache.hadoop.ipc.RPC$Server.call(RPC.java:1227)
[2025-09-01 13:07:00,384] {subprocess.py:92} INFO - 	at org.apache.hadoop.ipc.Server$RpcCall.run(Server.java:1094)
[2025-09-01 13:07:00,384] {subprocess.py:92} INFO - 	at org.apache.hadoop.ipc.Server$RpcCall.run(Server.java:1017)
[2025-09-01 13:07:00,384] {subprocess.py:92} INFO - 	at java.security.AccessController.doPrivileged(Native Method)
[2025-09-01 13:07:00,384] {subprocess.py:92} INFO - 	at javax.security.auth.Subject.doAs(Subject.java:422)
[2025-09-01 13:07:00,384] {subprocess.py:92} INFO - 	at org.apache.hadoop.security.UserGroupInformation.doAs(UserGroupInformation.java:1899)
[2025-09-01 13:07:00,384] {subprocess.py:92} INFO - 	at org.apache.hadoop.ipc.Server$Handler.run(Server.java:3048)
[2025-09-01 13:07:00,384] {subprocess.py:92} INFO - 
[2025-09-01 13:07:00,384] {subprocess.py:92} INFO - 	at org.apache.hadoop.ipc.Client.getRpcResponse(Client.java:1612)
[2025-09-01 13:07:00,384] {subprocess.py:92} INFO - 	at org.apache.hadoop.ipc.Client.call(Client.java:1558)
[2025-09-01 13:07:00,384] {subprocess.py:92} INFO - 	at org.apache.hadoop.ipc.Client.call(Client.java:1455)
[2025-09-01 13:07:00,384] {subprocess.py:92} INFO - 	at org.apache.hadoop.ipc.ProtobufRpcEngine2$Invoker.invoke(ProtobufRpcEngine2.java:242)
[2025-09-01 13:07:00,384] {subprocess.py:92} INFO - 	at org.apache.hadoop.ipc.ProtobufRpcEngine2$Invoker.invoke(ProtobufRpcEngine2.java:129)
[2025-09-01 13:07:00,384] {subprocess.py:92} INFO - 	at com.sun.proxy.$Proxy35.rename2(Unknown Source)
[2025-09-01 13:07:00,384] {subprocess.py:92} INFO - 	at org.apache.hadoop.hdfs.protocolPB.ClientNamenodeProtocolTranslatorPB.rename2(ClientNamenodeProtocolTranslatorPB.java:629)
[2025-09-01 13:07:00,384] {subprocess.py:92} INFO - 	at java.base/jdk.internal.reflect.NativeMethodAccessorImpl.invoke0(Native Method)
[2025-09-01 13:07:00,385] {subprocess.py:92} INFO - 	at java.base/jdk.internal.reflect.NativeMethodAccessorImpl.invoke(NativeMethodAccessorImpl.java:62)
[2025-09-01 13:07:00,385] {subprocess.py:92} INFO - 	at java.base/jdk.internal.reflect.DelegatingMethodAccessorImpl.invoke(DelegatingMethodAccessorImpl.java:43)
[2025-09-01 13:07:00,385] {subprocess.py:92} INFO - 	at java.base/java.lang.reflect.Method.invoke(Method.java:566)
[2025-09-01 13:07:00,385] {subprocess.py:92} INFO - 	at org.apache.hadoop.io.retry.RetryInvocationHandler.invokeMethod(RetryInvocationHandler.java:422)
[2025-09-01 13:07:00,385] {subprocess.py:92} INFO - 	at org.apache.hadoop.io.retry.RetryInvocationHandler$Call.invokeMethod(RetryInvocationHandler.java:165)
[2025-09-01 13:07:00,385] {subprocess.py:92} INFO - 	at org.apache.hadoop.io.retry.RetryInvocationHandler$Call.invoke(RetryInvocationHandler.java:157)
[2025-09-01 13:07:00,385] {subprocess.py:92} INFO - 	at org.apache.hadoop.io.retry.RetryInvocationHandler$Call.invokeOnce(RetryInvocationHandler.java:95)
[2025-09-01 13:07:00,385] {subprocess.py:92} INFO - 	at org.apache.hadoop.io.retry.RetryInvocationHandler.invoke(RetryInvocationHandler.java:359)
[2025-09-01 13:07:00,385] {subprocess.py:92} INFO - 	at com.sun.proxy.$Proxy36.rename2(Unknown Source)
[2025-09-01 13:07:00,385] {subprocess.py:92} INFO - 	at org.apache.hadoop.hdfs.DFSClient.rename(DFSClient.java:1609)
[2025-09-01 13:07:00,385] {subprocess.py:92} INFO - 	... 33 more
[2025-09-01 13:07:00,665] {subprocess.py:92} INFO - Traceback (most recent call last):
[2025-09-01 13:07:00,665] {subprocess.py:92} INFO -   File "/opt/***/scripts/pyspark/streaming.py", line 60, in <module>
[2025-09-01 13:07:00,665] {subprocess.py:92} INFO -     query.awaitTermination()
[2025-09-01 13:07:00,665] {subprocess.py:92} INFO -   File "/opt/spark-3.3.1-bin-hadoop3/python/lib/pyspark.zip/pyspark/sql/streaming.py", line 107, in awaitTermination
[2025-09-01 13:07:00,665] {subprocess.py:92} INFO -   File "/opt/spark-3.3.1-bin-hadoop3/python/lib/py4j-0.10.9.5-src.zip/py4j/java_gateway.py", line 1322, in __call__
[2025-09-01 13:07:00,667] {subprocess.py:92} INFO -   File "/opt/spark-3.3.1-bin-hadoop3/python/lib/pyspark.zip/pyspark/sql/utils.py", line 196, in deco
[2025-09-01 13:07:00,678] {subprocess.py:92} INFO - pyspark.sql.utils.StreamingQueryException: Query [id = 8bb46a74-6ffa-4764-a9c6-2e4a331d8211, runId = 736b8f2a-2346-4638-95cf-b1e5d8f7e373] terminated with exception: Multiple streaming queries are concurrently using hdfs://namenode:9000/checkpoints/weather/offsets
[2025-09-01 13:07:01,109] {subprocess.py:96} INFO - Command exited with return code 1
[2025-09-01 13:07:01,153] {taskinstance.py:1889} ERROR - Task failed with exception
Traceback (most recent call last):
  File "/home/airflow/.local/lib/python3.7/site-packages/airflow/operators/bash.py", line 195, in execute
    f'Bash command failed. The command returned a non-zero exit code {result.exit_code}.'
airflow.exceptions.AirflowException: Bash command failed. The command returned a non-zero exit code 1.
[2025-09-01 13:07:01,162] {taskinstance.py:1400} INFO - Marking task as UP_FOR_RETRY. dag_id=send_weather_to_kafka, task_id=stream_hdfs, execution_date=20250901T104544, start_date=20250901T123911, end_date=20250901T130701
[2025-09-01 13:07:01,197] {standard_task_runner.py:97} ERROR - Failed to execute job 547 for task stream_hdfs (Bash command failed. The command returned a non-zero exit code 1.; 16659)
[2025-09-01 13:07:01,239] {local_task_job.py:156} INFO - Task exited with return code 1
[2025-09-01 13:07:01,325] {local_task_job.py:273} INFO - 0 downstream tasks scheduled from follow-on schedule check
