[2025-09-01 13:10:01,979] {taskinstance.py:1159} INFO - Dependencies all met for <TaskInstance: send_weather_to_kafka.stream_hdfs scheduled__2025-09-01T10:45:44.634129+00:00 [queued]>
[2025-09-01 13:10:01,993] {taskinstance.py:1159} INFO - Dependencies all met for <TaskInstance: send_weather_to_kafka.stream_hdfs scheduled__2025-09-01T10:45:44.634129+00:00 [queued]>
[2025-09-01 13:10:01,993] {taskinstance.py:1356} INFO - 
--------------------------------------------------------------------------------
[2025-09-01 13:10:01,993] {taskinstance.py:1357} INFO - Starting attempt 2 of 2
[2025-09-01 13:10:01,993] {taskinstance.py:1358} INFO - 
--------------------------------------------------------------------------------
[2025-09-01 13:10:02,019] {taskinstance.py:1377} INFO - Executing <Task(BashOperator): stream_hdfs> on 2025-09-01 10:45:44.634129+00:00
[2025-09-01 13:10:02,027] {standard_task_runner.py:52} INFO - Started process 18792 to run task
[2025-09-01 13:10:02,031] {standard_task_runner.py:79} INFO - Running: ['***', 'tasks', 'run', 'send_weather_to_kafka', 'stream_hdfs', 'scheduled__2025-09-01T10:45:44.634129+00:00', '--job-id', '560', '--raw', '--subdir', 'DAGS_FOLDER/dag_meteo.py', '--cfg-path', '/tmp/tmp679j18ye', '--error-file', '/tmp/tmpvsvc0pmn']
[2025-09-01 13:10:02,033] {standard_task_runner.py:80} INFO - Job 560: Subtask stream_hdfs
[2025-09-01 13:10:02,058] {logging_mixin.py:115} WARNING - /home/***/.local/lib/python3.7/site-packages/***/configuration.py:470 DeprecationWarning: The sql_alchemy_conn option in [core] has been moved to the sql_alchemy_conn option in [database] - the old setting has been used, but please update your config.
[2025-09-01 13:10:02,124] {task_command.py:369} INFO - Running <TaskInstance: send_weather_to_kafka.stream_hdfs scheduled__2025-09-01T10:45:44.634129+00:00 [running]> on host e66737cfc193
[2025-09-01 13:10:02,259] {taskinstance.py:1571} INFO - Exporting the following env vars:
AIRFLOW_CTX_DAG_OWNER=***
AIRFLOW_CTX_DAG_ID=send_weather_to_kafka
AIRFLOW_CTX_TASK_ID=stream_hdfs
AIRFLOW_CTX_EXECUTION_DATE=2025-09-01T10:45:44.634129+00:00
AIRFLOW_CTX_TRY_NUMBER=2
AIRFLOW_CTX_DAG_RUN_ID=scheduled__2025-09-01T10:45:44.634129+00:00
[2025-09-01 13:10:02,260] {subprocess.py:62} INFO - Tmp dir root location: 
 /tmp
[2025-09-01 13:10:02,261] {subprocess.py:74} INFO - Running command: ['bash', '-c', '\n/home/***/.local/bin/spark-submit   --master local[*]   --conf spark.hadoop.fs.defaultFS=hdfs://namenode:9000   --conf spark.hadoop.dfs.client.use.datanode.hostname=true   --conf spark.sql.adaptive.enabled=false   --packages org.apache.spark:spark-sql-kafka-0-10_2.12:3.3.1   /opt/***/scripts/pyspark/streaming.py']
[2025-09-01 13:10:02,279] {subprocess.py:85} INFO - Output:
[2025-09-01 13:10:02,298] {subprocess.py:92} INFO - /opt/spark-3.3.1-bin-hadoop3/bin/load-spark-env.sh: line 68: ps: command not found
[2025-09-01 13:10:05,243] {subprocess.py:92} INFO - :: loading settings :: url = jar:file:/opt/spark-3.3.1-bin-hadoop3/jars/ivy-2.5.0.jar!/org/apache/ivy/core/settings/ivysettings.xml
[2025-09-01 13:10:05,445] {subprocess.py:92} INFO - Ivy Default Cache set to: /home/***/.ivy2/cache
[2025-09-01 13:10:05,446] {subprocess.py:92} INFO - The jars for the packages stored in: /home/***/.ivy2/jars
[2025-09-01 13:10:05,456] {subprocess.py:92} INFO - org.apache.spark#spark-sql-kafka-0-10_2.12 added as a dependency
[2025-09-01 13:10:05,458] {subprocess.py:92} INFO - :: resolving dependencies :: org.apache.spark#spark-submit-parent-8deff8de-29fa-400d-bfba-74ced0f3f2f3;1.0
[2025-09-01 13:10:05,458] {subprocess.py:92} INFO - 	confs: [default]
[2025-09-01 13:10:05,768] {subprocess.py:92} INFO - 	found org.apache.spark#spark-sql-kafka-0-10_2.12;3.3.1 in spark-list
[2025-09-01 13:10:05,898] {subprocess.py:92} INFO - 	found org.apache.spark#spark-token-provider-kafka-0-10_2.12;3.3.1 in central
[2025-09-01 13:10:05,995] {subprocess.py:92} INFO - 	found org.apache.kafka#kafka-clients;2.8.1 in central
[2025-09-01 13:10:06,098] {subprocess.py:92} INFO - 	found org.lz4#lz4-java;1.8.0 in central
[2025-09-01 13:10:06,182] {subprocess.py:92} INFO - 	found org.xerial.snappy#snappy-java;1.1.8.4 in central
[2025-09-01 13:10:06,294] {subprocess.py:92} INFO - 	found org.slf4j#slf4j-api;1.7.32 in central
[2025-09-01 13:10:06,400] {subprocess.py:92} INFO - 	found org.apache.hadoop#hadoop-client-runtime;3.3.2 in central
[2025-09-01 13:10:06,431] {subprocess.py:92} INFO - 	found org.spark-project.spark#unused;1.0.0 in central
[2025-09-01 13:10:06,492] {subprocess.py:92} INFO - 	found org.apache.hadoop#hadoop-client-api;3.3.2 in central
[2025-09-01 13:10:06,545] {subprocess.py:92} INFO - 	found commons-logging#commons-logging;1.1.3 in central
[2025-09-01 13:10:06,583] {subprocess.py:92} INFO - 	found com.google.code.findbugs#jsr305;3.0.0 in central
[2025-09-01 13:10:06,656] {subprocess.py:92} INFO - 	found org.apache.commons#commons-pool2;2.11.1 in central
[2025-09-01 13:10:06,782] {subprocess.py:92} INFO - :: resolution report :: resolve 1262ms :: artifacts dl 63ms
[2025-09-01 13:10:06,783] {subprocess.py:92} INFO - 	:: modules in use:
[2025-09-01 13:10:06,784] {subprocess.py:92} INFO - 	com.google.code.findbugs#jsr305;3.0.0 from central in [default]
[2025-09-01 13:10:06,784] {subprocess.py:92} INFO - 	commons-logging#commons-logging;1.1.3 from central in [default]
[2025-09-01 13:10:06,785] {subprocess.py:92} INFO - 	org.apache.commons#commons-pool2;2.11.1 from central in [default]
[2025-09-01 13:10:06,785] {subprocess.py:92} INFO - 	org.apache.hadoop#hadoop-client-api;3.3.2 from central in [default]
[2025-09-01 13:10:06,785] {subprocess.py:92} INFO - 	org.apache.hadoop#hadoop-client-runtime;3.3.2 from central in [default]
[2025-09-01 13:10:06,786] {subprocess.py:92} INFO - 	org.apache.kafka#kafka-clients;2.8.1 from central in [default]
[2025-09-01 13:10:06,786] {subprocess.py:92} INFO - 	org.apache.spark#spark-sql-kafka-0-10_2.12;3.3.1 from spark-list in [default]
[2025-09-01 13:10:06,787] {subprocess.py:92} INFO - 	org.apache.spark#spark-token-provider-kafka-0-10_2.12;3.3.1 from central in [default]
[2025-09-01 13:10:06,787] {subprocess.py:92} INFO - 	org.lz4#lz4-java;1.8.0 from central in [default]
[2025-09-01 13:10:06,787] {subprocess.py:92} INFO - 	org.slf4j#slf4j-api;1.7.32 from central in [default]
[2025-09-01 13:10:06,787] {subprocess.py:92} INFO - 	org.spark-project.spark#unused;1.0.0 from central in [default]
[2025-09-01 13:10:06,787] {subprocess.py:92} INFO - 	org.xerial.snappy#snappy-java;1.1.8.4 from central in [default]
[2025-09-01 13:10:06,788] {subprocess.py:92} INFO - 	---------------------------------------------------------------------
[2025-09-01 13:10:06,788] {subprocess.py:92} INFO - 	|                  |            modules            ||   artifacts   |
[2025-09-01 13:10:06,788] {subprocess.py:92} INFO - 	|       conf       | number| search|dwnlded|evicted|| number|dwnlded|
[2025-09-01 13:10:06,789] {subprocess.py:92} INFO - 	---------------------------------------------------------------------
[2025-09-01 13:10:06,789] {subprocess.py:92} INFO - 	|      default     |   12  |   0   |   0   |   0   ||   12  |   0   |
[2025-09-01 13:10:06,789] {subprocess.py:92} INFO - 	---------------------------------------------------------------------
[2025-09-01 13:10:06,806] {subprocess.py:92} INFO - :: retrieving :: org.apache.spark#spark-submit-parent-8deff8de-29fa-400d-bfba-74ced0f3f2f3
[2025-09-01 13:10:06,807] {subprocess.py:92} INFO - 	confs: [default]
[2025-09-01 13:10:06,837] {subprocess.py:92} INFO - 	0 artifacts copied, 12 already retrieved (0kB/30ms)
[2025-09-01 13:10:07,611] {subprocess.py:92} INFO - 25/09/01 13:10:07 WARN NativeCodeLoader: Unable to load native-hadoop library for your platform... using builtin-java classes where applicable
[2025-09-01 13:10:10,054] {subprocess.py:92} INFO - 25/09/01 13:10:10 INFO SparkContext: Running Spark version 3.3.1
[2025-09-01 13:10:10,099] {subprocess.py:92} INFO - 25/09/01 13:10:10 INFO ResourceUtils: ==============================================================
[2025-09-01 13:10:10,100] {subprocess.py:92} INFO - 25/09/01 13:10:10 INFO ResourceUtils: No custom resources configured for spark.driver.
[2025-09-01 13:10:10,100] {subprocess.py:92} INFO - 25/09/01 13:10:10 INFO ResourceUtils: ==============================================================
[2025-09-01 13:10:10,101] {subprocess.py:92} INFO - 25/09/01 13:10:10 INFO SparkContext: Submitted application: KafkaToHDFSWeather
[2025-09-01 13:10:10,136] {subprocess.py:92} INFO - 25/09/01 13:10:10 INFO ResourceProfile: Default ResourceProfile created, executor resources: Map(cores -> name: cores, amount: 1, script: , vendor: , memory -> name: memory, amount: 1024, script: , vendor: , offHeap -> name: offHeap, amount: 0, script: , vendor: ), task resources: Map(cpus -> name: cpus, amount: 1.0)
[2025-09-01 13:10:10,151] {subprocess.py:92} INFO - 25/09/01 13:10:10 INFO ResourceProfile: Limiting resource is cpu
[2025-09-01 13:10:10,152] {subprocess.py:92} INFO - 25/09/01 13:10:10 INFO ResourceProfileManager: Added ResourceProfile id: 0
[2025-09-01 13:10:10,223] {subprocess.py:92} INFO - 25/09/01 13:10:10 INFO SecurityManager: Changing view acls to: ***
[2025-09-01 13:10:10,223] {subprocess.py:92} INFO - 25/09/01 13:10:10 INFO SecurityManager: Changing modify acls to: ***
[2025-09-01 13:10:10,224] {subprocess.py:92} INFO - 25/09/01 13:10:10 INFO SecurityManager: Changing view acls groups to:
[2025-09-01 13:10:10,224] {subprocess.py:92} INFO - 25/09/01 13:10:10 INFO SecurityManager: Changing modify acls groups to:
[2025-09-01 13:10:10,225] {subprocess.py:92} INFO - 25/09/01 13:10:10 INFO SecurityManager: SecurityManager: authentication disabled; ui acls disabled; users  with view permissions: Set(***); groups with view permissions: Set(); users  with modify permissions: Set(***); groups with modify permissions: Set()
[2025-09-01 13:10:10,716] {subprocess.py:92} INFO - 25/09/01 13:10:10 INFO Utils: Successfully started service 'sparkDriver' on port 40355.
[2025-09-01 13:10:10,783] {subprocess.py:92} INFO - 25/09/01 13:10:10 INFO SparkEnv: Registering MapOutputTracker
[2025-09-01 13:10:10,845] {subprocess.py:92} INFO - 25/09/01 13:10:10 INFO SparkEnv: Registering BlockManagerMaster
[2025-09-01 13:10:10,867] {subprocess.py:92} INFO - 25/09/01 13:10:10 INFO BlockManagerMasterEndpoint: Using org.apache.spark.storage.DefaultTopologyMapper for getting topology information
[2025-09-01 13:10:10,868] {subprocess.py:92} INFO - 25/09/01 13:10:10 INFO BlockManagerMasterEndpoint: BlockManagerMasterEndpoint up
[2025-09-01 13:10:10,875] {subprocess.py:92} INFO - 25/09/01 13:10:10 INFO SparkEnv: Registering BlockManagerMasterHeartbeat
[2025-09-01 13:10:10,928] {subprocess.py:92} INFO - 25/09/01 13:10:10 INFO DiskBlockManager: Created local directory at /tmp/blockmgr-530c4530-8f91-4ed4-97ad-a02ebc68b59e
[2025-09-01 13:10:10,954] {subprocess.py:92} INFO - 25/09/01 13:10:10 INFO MemoryStore: MemoryStore started with capacity 434.4 MiB
[2025-09-01 13:10:10,977] {subprocess.py:92} INFO - 25/09/01 13:10:10 INFO SparkEnv: Registering OutputCommitCoordinator
[2025-09-01 13:10:11,418] {subprocess.py:92} INFO - 25/09/01 13:10:11 WARN Utils: Service 'SparkUI' could not bind on port 4040. Attempting port 4041.
[2025-09-01 13:10:11,419] {subprocess.py:92} INFO - 25/09/01 13:10:11 WARN Utils: Service 'SparkUI' could not bind on port 4041. Attempting port 4042.
[2025-09-01 13:10:11,438] {subprocess.py:92} INFO - 25/09/01 13:10:11 INFO Utils: Successfully started service 'SparkUI' on port 4042.
[2025-09-01 13:10:11,523] {subprocess.py:92} INFO - 25/09/01 13:10:11 INFO SparkContext: Added JAR file:///home/***/.ivy2/jars/org.apache.spark_spark-sql-kafka-0-10_2.12-3.3.1.jar at spark://e66737cfc193:40355/jars/org.apache.spark_spark-sql-kafka-0-10_2.12-3.3.1.jar with timestamp 1756732210037
[2025-09-01 13:10:11,524] {subprocess.py:92} INFO - 25/09/01 13:10:11 INFO SparkContext: Added JAR file:///home/***/.ivy2/jars/org.apache.spark_spark-token-provider-kafka-0-10_2.12-3.3.1.jar at spark://e66737cfc193:40355/jars/org.apache.spark_spark-token-provider-kafka-0-10_2.12-3.3.1.jar with timestamp 1756732210037
[2025-09-01 13:10:11,524] {subprocess.py:92} INFO - 25/09/01 13:10:11 INFO SparkContext: Added JAR file:///home/***/.ivy2/jars/org.apache.kafka_kafka-clients-2.8.1.jar at spark://e66737cfc193:40355/jars/org.apache.kafka_kafka-clients-2.8.1.jar with timestamp 1756732210037
[2025-09-01 13:10:11,524] {subprocess.py:92} INFO - 25/09/01 13:10:11 INFO SparkContext: Added JAR file:///home/***/.ivy2/jars/com.google.code.findbugs_jsr305-3.0.0.jar at spark://e66737cfc193:40355/jars/com.google.code.findbugs_jsr305-3.0.0.jar with timestamp 1756732210037
[2025-09-01 13:10:11,525] {subprocess.py:92} INFO - 25/09/01 13:10:11 INFO SparkContext: Added JAR file:///home/***/.ivy2/jars/org.apache.commons_commons-pool2-2.11.1.jar at spark://e66737cfc193:40355/jars/org.apache.commons_commons-pool2-2.11.1.jar with timestamp 1756732210037
[2025-09-01 13:10:11,525] {subprocess.py:92} INFO - 25/09/01 13:10:11 INFO SparkContext: Added JAR file:///home/***/.ivy2/jars/org.spark-project.spark_unused-1.0.0.jar at spark://e66737cfc193:40355/jars/org.spark-project.spark_unused-1.0.0.jar with timestamp 1756732210037
[2025-09-01 13:10:11,526] {subprocess.py:92} INFO - 25/09/01 13:10:11 INFO SparkContext: Added JAR file:///home/***/.ivy2/jars/org.apache.hadoop_hadoop-client-runtime-3.3.2.jar at spark://e66737cfc193:40355/jars/org.apache.hadoop_hadoop-client-runtime-3.3.2.jar with timestamp 1756732210037
[2025-09-01 13:10:11,526] {subprocess.py:92} INFO - 25/09/01 13:10:11 INFO SparkContext: Added JAR file:///home/***/.ivy2/jars/org.lz4_lz4-java-1.8.0.jar at spark://e66737cfc193:40355/jars/org.lz4_lz4-java-1.8.0.jar with timestamp 1756732210037
[2025-09-01 13:10:11,526] {subprocess.py:92} INFO - 25/09/01 13:10:11 INFO SparkContext: Added JAR file:///home/***/.ivy2/jars/org.xerial.snappy_snappy-java-1.1.8.4.jar at spark://e66737cfc193:40355/jars/org.xerial.snappy_snappy-java-1.1.8.4.jar with timestamp 1756732210037
[2025-09-01 13:10:11,527] {subprocess.py:92} INFO - 25/09/01 13:10:11 INFO SparkContext: Added JAR file:///home/***/.ivy2/jars/org.slf4j_slf4j-api-1.7.32.jar at spark://e66737cfc193:40355/jars/org.slf4j_slf4j-api-1.7.32.jar with timestamp 1756732210037
[2025-09-01 13:10:11,527] {subprocess.py:92} INFO - 25/09/01 13:10:11 INFO SparkContext: Added JAR file:///home/***/.ivy2/jars/org.apache.hadoop_hadoop-client-api-3.3.2.jar at spark://e66737cfc193:40355/jars/org.apache.hadoop_hadoop-client-api-3.3.2.jar with timestamp 1756732210037
[2025-09-01 13:10:11,527] {subprocess.py:92} INFO - 25/09/01 13:10:11 INFO SparkContext: Added JAR file:///home/***/.ivy2/jars/commons-logging_commons-logging-1.1.3.jar at spark://e66737cfc193:40355/jars/commons-logging_commons-logging-1.1.3.jar with timestamp 1756732210037
[2025-09-01 13:10:11,532] {subprocess.py:92} INFO - 25/09/01 13:10:11 INFO SparkContext: Added file file:///home/***/.ivy2/jars/org.apache.spark_spark-sql-kafka-0-10_2.12-3.3.1.jar at file:///home/***/.ivy2/jars/org.apache.spark_spark-sql-kafka-0-10_2.12-3.3.1.jar with timestamp 1756732210037
[2025-09-01 13:10:11,533] {subprocess.py:92} INFO - 25/09/01 13:10:11 INFO Utils: Copying /home/***/.ivy2/jars/org.apache.spark_spark-sql-kafka-0-10_2.12-3.3.1.jar to /tmp/spark-602e458b-4636-4b2f-898e-514a82d1556a/userFiles-10a29eb5-2dee-445f-a3ae-2e4b492d70e8/org.apache.spark_spark-sql-kafka-0-10_2.12-3.3.1.jar
[2025-09-01 13:10:11,553] {subprocess.py:92} INFO - 25/09/01 13:10:11 INFO SparkContext: Added file file:///home/***/.ivy2/jars/org.apache.spark_spark-token-provider-kafka-0-10_2.12-3.3.1.jar at file:///home/***/.ivy2/jars/org.apache.spark_spark-token-provider-kafka-0-10_2.12-3.3.1.jar with timestamp 1756732210037
[2025-09-01 13:10:11,553] {subprocess.py:92} INFO - 25/09/01 13:10:11 INFO Utils: Copying /home/***/.ivy2/jars/org.apache.spark_spark-token-provider-kafka-0-10_2.12-3.3.1.jar to /tmp/spark-602e458b-4636-4b2f-898e-514a82d1556a/userFiles-10a29eb5-2dee-445f-a3ae-2e4b492d70e8/org.apache.spark_spark-token-provider-kafka-0-10_2.12-3.3.1.jar
[2025-09-01 13:10:11,560] {subprocess.py:92} INFO - 25/09/01 13:10:11 INFO SparkContext: Added file file:///home/***/.ivy2/jars/org.apache.kafka_kafka-clients-2.8.1.jar at file:///home/***/.ivy2/jars/org.apache.kafka_kafka-clients-2.8.1.jar with timestamp 1756732210037
[2025-09-01 13:10:11,560] {subprocess.py:92} INFO - 25/09/01 13:10:11 INFO Utils: Copying /home/***/.ivy2/jars/org.apache.kafka_kafka-clients-2.8.1.jar to /tmp/spark-602e458b-4636-4b2f-898e-514a82d1556a/userFiles-10a29eb5-2dee-445f-a3ae-2e4b492d70e8/org.apache.kafka_kafka-clients-2.8.1.jar
[2025-09-01 13:10:11,571] {subprocess.py:92} INFO - 25/09/01 13:10:11 INFO SparkContext: Added file file:///home/***/.ivy2/jars/com.google.code.findbugs_jsr305-3.0.0.jar at file:///home/***/.ivy2/jars/com.google.code.findbugs_jsr305-3.0.0.jar with timestamp 1756732210037
[2025-09-01 13:10:11,572] {subprocess.py:92} INFO - 25/09/01 13:10:11 INFO Utils: Copying /home/***/.ivy2/jars/com.google.code.findbugs_jsr305-3.0.0.jar to /tmp/spark-602e458b-4636-4b2f-898e-514a82d1556a/userFiles-10a29eb5-2dee-445f-a3ae-2e4b492d70e8/com.google.code.findbugs_jsr305-3.0.0.jar
[2025-09-01 13:10:11,576] {subprocess.py:92} INFO - 25/09/01 13:10:11 INFO SparkContext: Added file file:///home/***/.ivy2/jars/org.apache.commons_commons-pool2-2.11.1.jar at file:///home/***/.ivy2/jars/org.apache.commons_commons-pool2-2.11.1.jar with timestamp 1756732210037
[2025-09-01 13:10:11,577] {subprocess.py:92} INFO - 25/09/01 13:10:11 INFO Utils: Copying /home/***/.ivy2/jars/org.apache.commons_commons-pool2-2.11.1.jar to /tmp/spark-602e458b-4636-4b2f-898e-514a82d1556a/userFiles-10a29eb5-2dee-445f-a3ae-2e4b492d70e8/org.apache.commons_commons-pool2-2.11.1.jar
[2025-09-01 13:10:11,582] {subprocess.py:92} INFO - 25/09/01 13:10:11 INFO SparkContext: Added file file:///home/***/.ivy2/jars/org.spark-project.spark_unused-1.0.0.jar at file:///home/***/.ivy2/jars/org.spark-project.spark_unused-1.0.0.jar with timestamp 1756732210037
[2025-09-01 13:10:11,583] {subprocess.py:92} INFO - 25/09/01 13:10:11 INFO Utils: Copying /home/***/.ivy2/jars/org.spark-project.spark_unused-1.0.0.jar to /tmp/spark-602e458b-4636-4b2f-898e-514a82d1556a/userFiles-10a29eb5-2dee-445f-a3ae-2e4b492d70e8/org.spark-project.spark_unused-1.0.0.jar
[2025-09-01 13:10:11,587] {subprocess.py:92} INFO - 25/09/01 13:10:11 INFO SparkContext: Added file file:///home/***/.ivy2/jars/org.apache.hadoop_hadoop-client-runtime-3.3.2.jar at file:///home/***/.ivy2/jars/org.apache.hadoop_hadoop-client-runtime-3.3.2.jar with timestamp 1756732210037
[2025-09-01 13:10:11,588] {subprocess.py:92} INFO - 25/09/01 13:10:11 INFO Utils: Copying /home/***/.ivy2/jars/org.apache.hadoop_hadoop-client-runtime-3.3.2.jar to /tmp/spark-602e458b-4636-4b2f-898e-514a82d1556a/userFiles-10a29eb5-2dee-445f-a3ae-2e4b492d70e8/org.apache.hadoop_hadoop-client-runtime-3.3.2.jar
[2025-09-01 13:10:11,641] {subprocess.py:92} INFO - 25/09/01 13:10:11 INFO SparkContext: Added file file:///home/***/.ivy2/jars/org.lz4_lz4-java-1.8.0.jar at file:///home/***/.ivy2/jars/org.lz4_lz4-java-1.8.0.jar with timestamp 1756732210037
[2025-09-01 13:10:11,641] {subprocess.py:92} INFO - 25/09/01 13:10:11 INFO Utils: Copying /home/***/.ivy2/jars/org.lz4_lz4-java-1.8.0.jar to /tmp/spark-602e458b-4636-4b2f-898e-514a82d1556a/userFiles-10a29eb5-2dee-445f-a3ae-2e4b492d70e8/org.lz4_lz4-java-1.8.0.jar
[2025-09-01 13:10:11,653] {subprocess.py:92} INFO - 25/09/01 13:10:11 INFO SparkContext: Added file file:///home/***/.ivy2/jars/org.xerial.snappy_snappy-java-1.1.8.4.jar at file:///home/***/.ivy2/jars/org.xerial.snappy_snappy-java-1.1.8.4.jar with timestamp 1756732210037
[2025-09-01 13:10:11,654] {subprocess.py:92} INFO - 25/09/01 13:10:11 INFO Utils: Copying /home/***/.ivy2/jars/org.xerial.snappy_snappy-java-1.1.8.4.jar to /tmp/spark-602e458b-4636-4b2f-898e-514a82d1556a/userFiles-10a29eb5-2dee-445f-a3ae-2e4b492d70e8/org.xerial.snappy_snappy-java-1.1.8.4.jar
[2025-09-01 13:10:11,670] {subprocess.py:92} INFO - 25/09/01 13:10:11 INFO SparkContext: Added file file:///home/***/.ivy2/jars/org.slf4j_slf4j-api-1.7.32.jar at file:///home/***/.ivy2/jars/org.slf4j_slf4j-api-1.7.32.jar with timestamp 1756732210037
[2025-09-01 13:10:11,671] {subprocess.py:92} INFO - 25/09/01 13:10:11 INFO Utils: Copying /home/***/.ivy2/jars/org.slf4j_slf4j-api-1.7.32.jar to /tmp/spark-602e458b-4636-4b2f-898e-514a82d1556a/userFiles-10a29eb5-2dee-445f-a3ae-2e4b492d70e8/org.slf4j_slf4j-api-1.7.32.jar
[2025-09-01 13:10:11,685] {subprocess.py:92} INFO - 25/09/01 13:10:11 INFO SparkContext: Added file file:///home/***/.ivy2/jars/org.apache.hadoop_hadoop-client-api-3.3.2.jar at file:///home/***/.ivy2/jars/org.apache.hadoop_hadoop-client-api-3.3.2.jar with timestamp 1756732210037
[2025-09-01 13:10:11,685] {subprocess.py:92} INFO - 25/09/01 13:10:11 INFO Utils: Copying /home/***/.ivy2/jars/org.apache.hadoop_hadoop-client-api-3.3.2.jar to /tmp/spark-602e458b-4636-4b2f-898e-514a82d1556a/userFiles-10a29eb5-2dee-445f-a3ae-2e4b492d70e8/org.apache.hadoop_hadoop-client-api-3.3.2.jar
[2025-09-01 13:10:11,735] {subprocess.py:92} INFO - 25/09/01 13:10:11 INFO SparkContext: Added file file:///home/***/.ivy2/jars/commons-logging_commons-logging-1.1.3.jar at file:///home/***/.ivy2/jars/commons-logging_commons-logging-1.1.3.jar with timestamp 1756732210037
[2025-09-01 13:10:11,736] {subprocess.py:92} INFO - 25/09/01 13:10:11 INFO Utils: Copying /home/***/.ivy2/jars/commons-logging_commons-logging-1.1.3.jar to /tmp/spark-602e458b-4636-4b2f-898e-514a82d1556a/userFiles-10a29eb5-2dee-445f-a3ae-2e4b492d70e8/commons-logging_commons-logging-1.1.3.jar
[2025-09-01 13:10:11,903] {subprocess.py:92} INFO - 25/09/01 13:10:11 INFO Executor: Starting executor ID driver on host e66737cfc193
[2025-09-01 13:10:11,920] {subprocess.py:92} INFO - 25/09/01 13:10:11 INFO Executor: Starting executor with user classpath (userClassPathFirst = false): ''
[2025-09-01 13:10:11,946] {subprocess.py:92} INFO - 25/09/01 13:10:11 INFO Executor: Fetching file:///home/***/.ivy2/jars/commons-logging_commons-logging-1.1.3.jar with timestamp 1756732210037
[2025-09-01 13:10:11,997] {subprocess.py:92} INFO - 25/09/01 13:10:11 INFO Utils: /home/***/.ivy2/jars/commons-logging_commons-logging-1.1.3.jar has been previously copied to /tmp/spark-602e458b-4636-4b2f-898e-514a82d1556a/userFiles-10a29eb5-2dee-445f-a3ae-2e4b492d70e8/commons-logging_commons-logging-1.1.3.jar
[2025-09-01 13:10:12,005] {subprocess.py:92} INFO - 25/09/01 13:10:12 INFO Executor: Fetching file:///home/***/.ivy2/jars/org.spark-project.spark_unused-1.0.0.jar with timestamp 1756732210037
[2025-09-01 13:10:12,006] {subprocess.py:92} INFO - 25/09/01 13:10:12 INFO Utils: /home/***/.ivy2/jars/org.spark-project.spark_unused-1.0.0.jar has been previously copied to /tmp/spark-602e458b-4636-4b2f-898e-514a82d1556a/userFiles-10a29eb5-2dee-445f-a3ae-2e4b492d70e8/org.spark-project.spark_unused-1.0.0.jar
[2025-09-01 13:10:12,017] {subprocess.py:92} INFO - 25/09/01 13:10:12 INFO Executor: Fetching file:///home/***/.ivy2/jars/org.apache.spark_spark-sql-kafka-0-10_2.12-3.3.1.jar with timestamp 1756732210037
[2025-09-01 13:10:12,032] {subprocess.py:92} INFO - 25/09/01 13:10:12 INFO Utils: /home/***/.ivy2/jars/org.apache.spark_spark-sql-kafka-0-10_2.12-3.3.1.jar has been previously copied to /tmp/spark-602e458b-4636-4b2f-898e-514a82d1556a/userFiles-10a29eb5-2dee-445f-a3ae-2e4b492d70e8/org.apache.spark_spark-sql-kafka-0-10_2.12-3.3.1.jar
[2025-09-01 13:10:12,042] {subprocess.py:92} INFO - 25/09/01 13:10:12 INFO Executor: Fetching file:///home/***/.ivy2/jars/org.apache.hadoop_hadoop-client-api-3.3.2.jar with timestamp 1756732210037
[2025-09-01 13:10:12,096] {subprocess.py:92} INFO - 25/09/01 13:10:12 INFO Utils: /home/***/.ivy2/jars/org.apache.hadoop_hadoop-client-api-3.3.2.jar has been previously copied to /tmp/spark-602e458b-4636-4b2f-898e-514a82d1556a/userFiles-10a29eb5-2dee-445f-a3ae-2e4b492d70e8/org.apache.hadoop_hadoop-client-api-3.3.2.jar
[2025-09-01 13:10:12,110] {subprocess.py:92} INFO - 25/09/01 13:10:12 INFO Executor: Fetching file:///home/***/.ivy2/jars/org.apache.hadoop_hadoop-client-runtime-3.3.2.jar with timestamp 1756732210037
[2025-09-01 13:10:12,222] {subprocess.py:92} INFO - 25/09/01 13:10:12 INFO Utils: /home/***/.ivy2/jars/org.apache.hadoop_hadoop-client-runtime-3.3.2.jar has been previously copied to /tmp/spark-602e458b-4636-4b2f-898e-514a82d1556a/userFiles-10a29eb5-2dee-445f-a3ae-2e4b492d70e8/org.apache.hadoop_hadoop-client-runtime-3.3.2.jar
[2025-09-01 13:10:12,232] {subprocess.py:92} INFO - 25/09/01 13:10:12 INFO Executor: Fetching file:///home/***/.ivy2/jars/org.slf4j_slf4j-api-1.7.32.jar with timestamp 1756732210037
[2025-09-01 13:10:12,233] {subprocess.py:92} INFO - 25/09/01 13:10:12 INFO Utils: /home/***/.ivy2/jars/org.slf4j_slf4j-api-1.7.32.jar has been previously copied to /tmp/spark-602e458b-4636-4b2f-898e-514a82d1556a/userFiles-10a29eb5-2dee-445f-a3ae-2e4b492d70e8/org.slf4j_slf4j-api-1.7.32.jar
[2025-09-01 13:10:12,241] {subprocess.py:92} INFO - 25/09/01 13:10:12 INFO Executor: Fetching file:///home/***/.ivy2/jars/org.lz4_lz4-java-1.8.0.jar with timestamp 1756732210037
[2025-09-01 13:10:12,244] {subprocess.py:92} INFO - 25/09/01 13:10:12 INFO Utils: /home/***/.ivy2/jars/org.lz4_lz4-java-1.8.0.jar has been previously copied to /tmp/spark-602e458b-4636-4b2f-898e-514a82d1556a/userFiles-10a29eb5-2dee-445f-a3ae-2e4b492d70e8/org.lz4_lz4-java-1.8.0.jar
[2025-09-01 13:10:12,251] {subprocess.py:92} INFO - 25/09/01 13:10:12 INFO Executor: Fetching file:///home/***/.ivy2/jars/org.apache.commons_commons-pool2-2.11.1.jar with timestamp 1756732210037
[2025-09-01 13:10:12,252] {subprocess.py:92} INFO - 25/09/01 13:10:12 INFO Utils: /home/***/.ivy2/jars/org.apache.commons_commons-pool2-2.11.1.jar has been previously copied to /tmp/spark-602e458b-4636-4b2f-898e-514a82d1556a/userFiles-10a29eb5-2dee-445f-a3ae-2e4b492d70e8/org.apache.commons_commons-pool2-2.11.1.jar
[2025-09-01 13:10:12,259] {subprocess.py:92} INFO - 25/09/01 13:10:12 INFO Executor: Fetching file:///home/***/.ivy2/jars/com.google.code.findbugs_jsr305-3.0.0.jar with timestamp 1756732210037
[2025-09-01 13:10:12,261] {subprocess.py:92} INFO - 25/09/01 13:10:12 INFO Utils: /home/***/.ivy2/jars/com.google.code.findbugs_jsr305-3.0.0.jar has been previously copied to /tmp/spark-602e458b-4636-4b2f-898e-514a82d1556a/userFiles-10a29eb5-2dee-445f-a3ae-2e4b492d70e8/com.google.code.findbugs_jsr305-3.0.0.jar
[2025-09-01 13:10:12,270] {subprocess.py:92} INFO - 25/09/01 13:10:12 INFO Executor: Fetching file:///home/***/.ivy2/jars/org.apache.spark_spark-token-provider-kafka-0-10_2.12-3.3.1.jar with timestamp 1756732210037
[2025-09-01 13:10:12,271] {subprocess.py:92} INFO - 25/09/01 13:10:12 INFO Utils: /home/***/.ivy2/jars/org.apache.spark_spark-token-provider-kafka-0-10_2.12-3.3.1.jar has been previously copied to /tmp/spark-602e458b-4636-4b2f-898e-514a82d1556a/userFiles-10a29eb5-2dee-445f-a3ae-2e4b492d70e8/org.apache.spark_spark-token-provider-kafka-0-10_2.12-3.3.1.jar
[2025-09-01 13:10:12,275] {subprocess.py:92} INFO - 25/09/01 13:10:12 INFO Executor: Fetching file:///home/***/.ivy2/jars/org.apache.kafka_kafka-clients-2.8.1.jar with timestamp 1756732210037
[2025-09-01 13:10:12,287] {subprocess.py:92} INFO - 25/09/01 13:10:12 INFO Utils: /home/***/.ivy2/jars/org.apache.kafka_kafka-clients-2.8.1.jar has been previously copied to /tmp/spark-602e458b-4636-4b2f-898e-514a82d1556a/userFiles-10a29eb5-2dee-445f-a3ae-2e4b492d70e8/org.apache.kafka_kafka-clients-2.8.1.jar
[2025-09-01 13:10:12,293] {subprocess.py:92} INFO - 25/09/01 13:10:12 INFO Executor: Fetching file:///home/***/.ivy2/jars/org.xerial.snappy_snappy-java-1.1.8.4.jar with timestamp 1756732210037
[2025-09-01 13:10:12,298] {subprocess.py:92} INFO - 25/09/01 13:10:12 INFO Utils: /home/***/.ivy2/jars/org.xerial.snappy_snappy-java-1.1.8.4.jar has been previously copied to /tmp/spark-602e458b-4636-4b2f-898e-514a82d1556a/userFiles-10a29eb5-2dee-445f-a3ae-2e4b492d70e8/org.xerial.snappy_snappy-java-1.1.8.4.jar
[2025-09-01 13:10:12,310] {subprocess.py:92} INFO - 25/09/01 13:10:12 INFO Executor: Fetching spark://e66737cfc193:40355/jars/org.apache.commons_commons-pool2-2.11.1.jar with timestamp 1756732210037
[2025-09-01 13:10:12,395] {subprocess.py:92} INFO - 25/09/01 13:10:12 INFO TransportClientFactory: Successfully created connection to e66737cfc193/172.20.0.18:40355 after 58 ms (0 ms spent in bootstraps)
[2025-09-01 13:10:12,410] {subprocess.py:92} INFO - 25/09/01 13:10:12 INFO Utils: Fetching spark://e66737cfc193:40355/jars/org.apache.commons_commons-pool2-2.11.1.jar to /tmp/spark-602e458b-4636-4b2f-898e-514a82d1556a/userFiles-10a29eb5-2dee-445f-a3ae-2e4b492d70e8/fetchFileTemp9173245827615816458.tmp
[2025-09-01 13:10:12,469] {subprocess.py:92} INFO - 25/09/01 13:10:12 INFO Utils: /tmp/spark-602e458b-4636-4b2f-898e-514a82d1556a/userFiles-10a29eb5-2dee-445f-a3ae-2e4b492d70e8/fetchFileTemp9173245827615816458.tmp has been previously copied to /tmp/spark-602e458b-4636-4b2f-898e-514a82d1556a/userFiles-10a29eb5-2dee-445f-a3ae-2e4b492d70e8/org.apache.commons_commons-pool2-2.11.1.jar
[2025-09-01 13:10:12,475] {subprocess.py:92} INFO - 25/09/01 13:10:12 INFO Executor: Adding file:/tmp/spark-602e458b-4636-4b2f-898e-514a82d1556a/userFiles-10a29eb5-2dee-445f-a3ae-2e4b492d70e8/org.apache.commons_commons-pool2-2.11.1.jar to class loader
[2025-09-01 13:10:12,475] {subprocess.py:92} INFO - 25/09/01 13:10:12 INFO Executor: Fetching spark://e66737cfc193:40355/jars/com.google.code.findbugs_jsr305-3.0.0.jar with timestamp 1756732210037
[2025-09-01 13:10:12,477] {subprocess.py:92} INFO - 25/09/01 13:10:12 INFO Utils: Fetching spark://e66737cfc193:40355/jars/com.google.code.findbugs_jsr305-3.0.0.jar to /tmp/spark-602e458b-4636-4b2f-898e-514a82d1556a/userFiles-10a29eb5-2dee-445f-a3ae-2e4b492d70e8/fetchFileTemp443615105854747606.tmp
[2025-09-01 13:10:12,480] {subprocess.py:92} INFO - 25/09/01 13:10:12 INFO Utils: /tmp/spark-602e458b-4636-4b2f-898e-514a82d1556a/userFiles-10a29eb5-2dee-445f-a3ae-2e4b492d70e8/fetchFileTemp443615105854747606.tmp has been previously copied to /tmp/spark-602e458b-4636-4b2f-898e-514a82d1556a/userFiles-10a29eb5-2dee-445f-a3ae-2e4b492d70e8/com.google.code.findbugs_jsr305-3.0.0.jar
[2025-09-01 13:10:12,484] {subprocess.py:92} INFO - 25/09/01 13:10:12 INFO Executor: Adding file:/tmp/spark-602e458b-4636-4b2f-898e-514a82d1556a/userFiles-10a29eb5-2dee-445f-a3ae-2e4b492d70e8/com.google.code.findbugs_jsr305-3.0.0.jar to class loader
[2025-09-01 13:10:12,485] {subprocess.py:92} INFO - 25/09/01 13:10:12 INFO Executor: Fetching spark://e66737cfc193:40355/jars/org.apache.kafka_kafka-clients-2.8.1.jar with timestamp 1756732210037
[2025-09-01 13:10:12,486] {subprocess.py:92} INFO - 25/09/01 13:10:12 INFO Utils: Fetching spark://e66737cfc193:40355/jars/org.apache.kafka_kafka-clients-2.8.1.jar to /tmp/spark-602e458b-4636-4b2f-898e-514a82d1556a/userFiles-10a29eb5-2dee-445f-a3ae-2e4b492d70e8/fetchFileTemp8361715225280903889.tmp
[2025-09-01 13:10:12,532] {subprocess.py:92} INFO - 25/09/01 13:10:12 INFO Utils: /tmp/spark-602e458b-4636-4b2f-898e-514a82d1556a/userFiles-10a29eb5-2dee-445f-a3ae-2e4b492d70e8/fetchFileTemp8361715225280903889.tmp has been previously copied to /tmp/spark-602e458b-4636-4b2f-898e-514a82d1556a/userFiles-10a29eb5-2dee-445f-a3ae-2e4b492d70e8/org.apache.kafka_kafka-clients-2.8.1.jar
[2025-09-01 13:10:12,540] {subprocess.py:92} INFO - 25/09/01 13:10:12 INFO Executor: Adding file:/tmp/spark-602e458b-4636-4b2f-898e-514a82d1556a/userFiles-10a29eb5-2dee-445f-a3ae-2e4b492d70e8/org.apache.kafka_kafka-clients-2.8.1.jar to class loader
[2025-09-01 13:10:12,541] {subprocess.py:92} INFO - 25/09/01 13:10:12 INFO Executor: Fetching spark://e66737cfc193:40355/jars/org.apache.hadoop_hadoop-client-api-3.3.2.jar with timestamp 1756732210037
[2025-09-01 13:10:12,542] {subprocess.py:92} INFO - 25/09/01 13:10:12 INFO Utils: Fetching spark://e66737cfc193:40355/jars/org.apache.hadoop_hadoop-client-api-3.3.2.jar to /tmp/spark-602e458b-4636-4b2f-898e-514a82d1556a/userFiles-10a29eb5-2dee-445f-a3ae-2e4b492d70e8/fetchFileTemp8493789063541460333.tmp
[2025-09-01 13:10:12,707] {subprocess.py:92} INFO - 25/09/01 13:10:12 INFO Utils: /tmp/spark-602e458b-4636-4b2f-898e-514a82d1556a/userFiles-10a29eb5-2dee-445f-a3ae-2e4b492d70e8/fetchFileTemp8493789063541460333.tmp has been previously copied to /tmp/spark-602e458b-4636-4b2f-898e-514a82d1556a/userFiles-10a29eb5-2dee-445f-a3ae-2e4b492d70e8/org.apache.hadoop_hadoop-client-api-3.3.2.jar
[2025-09-01 13:10:12,724] {subprocess.py:92} INFO - 25/09/01 13:10:12 INFO Executor: Adding file:/tmp/spark-602e458b-4636-4b2f-898e-514a82d1556a/userFiles-10a29eb5-2dee-445f-a3ae-2e4b492d70e8/org.apache.hadoop_hadoop-client-api-3.3.2.jar to class loader
[2025-09-01 13:10:12,724] {subprocess.py:92} INFO - 25/09/01 13:10:12 INFO Executor: Fetching spark://e66737cfc193:40355/jars/org.xerial.snappy_snappy-java-1.1.8.4.jar with timestamp 1756732210037
[2025-09-01 13:10:12,726] {subprocess.py:92} INFO - 25/09/01 13:10:12 INFO Utils: Fetching spark://e66737cfc193:40355/jars/org.xerial.snappy_snappy-java-1.1.8.4.jar to /tmp/spark-602e458b-4636-4b2f-898e-514a82d1556a/userFiles-10a29eb5-2dee-445f-a3ae-2e4b492d70e8/fetchFileTemp12782975186837782769.tmp
[2025-09-01 13:10:12,753] {subprocess.py:92} INFO - 25/09/01 13:10:12 INFO Utils: /tmp/spark-602e458b-4636-4b2f-898e-514a82d1556a/userFiles-10a29eb5-2dee-445f-a3ae-2e4b492d70e8/fetchFileTemp12782975186837782769.tmp has been previously copied to /tmp/spark-602e458b-4636-4b2f-898e-514a82d1556a/userFiles-10a29eb5-2dee-445f-a3ae-2e4b492d70e8/org.xerial.snappy_snappy-java-1.1.8.4.jar
[2025-09-01 13:10:12,764] {subprocess.py:92} INFO - 25/09/01 13:10:12 INFO Executor: Adding file:/tmp/spark-602e458b-4636-4b2f-898e-514a82d1556a/userFiles-10a29eb5-2dee-445f-a3ae-2e4b492d70e8/org.xerial.snappy_snappy-java-1.1.8.4.jar to class loader
[2025-09-01 13:10:12,764] {subprocess.py:92} INFO - 25/09/01 13:10:12 INFO Executor: Fetching spark://e66737cfc193:40355/jars/commons-logging_commons-logging-1.1.3.jar with timestamp 1756732210037
[2025-09-01 13:10:12,766] {subprocess.py:92} INFO - 25/09/01 13:10:12 INFO Utils: Fetching spark://e66737cfc193:40355/jars/commons-logging_commons-logging-1.1.3.jar to /tmp/spark-602e458b-4636-4b2f-898e-514a82d1556a/userFiles-10a29eb5-2dee-445f-a3ae-2e4b492d70e8/fetchFileTemp4930357826386077042.tmp
[2025-09-01 13:10:12,772] {subprocess.py:92} INFO - 25/09/01 13:10:12 INFO Utils: /tmp/spark-602e458b-4636-4b2f-898e-514a82d1556a/userFiles-10a29eb5-2dee-445f-a3ae-2e4b492d70e8/fetchFileTemp4930357826386077042.tmp has been previously copied to /tmp/spark-602e458b-4636-4b2f-898e-514a82d1556a/userFiles-10a29eb5-2dee-445f-a3ae-2e4b492d70e8/commons-logging_commons-logging-1.1.3.jar
[2025-09-01 13:10:12,781] {subprocess.py:92} INFO - 25/09/01 13:10:12 INFO Executor: Adding file:/tmp/spark-602e458b-4636-4b2f-898e-514a82d1556a/userFiles-10a29eb5-2dee-445f-a3ae-2e4b492d70e8/commons-logging_commons-logging-1.1.3.jar to class loader
[2025-09-01 13:10:12,781] {subprocess.py:92} INFO - 25/09/01 13:10:12 INFO Executor: Fetching spark://e66737cfc193:40355/jars/org.apache.hadoop_hadoop-client-runtime-3.3.2.jar with timestamp 1756732210037
[2025-09-01 13:10:12,783] {subprocess.py:92} INFO - 25/09/01 13:10:12 INFO Utils: Fetching spark://e66737cfc193:40355/jars/org.apache.hadoop_hadoop-client-runtime-3.3.2.jar to /tmp/spark-602e458b-4636-4b2f-898e-514a82d1556a/userFiles-10a29eb5-2dee-445f-a3ae-2e4b492d70e8/fetchFileTemp2084163513477358422.tmp
[2025-09-01 13:10:12,952] {subprocess.py:92} INFO - 25/09/01 13:10:12 INFO Utils: /tmp/spark-602e458b-4636-4b2f-898e-514a82d1556a/userFiles-10a29eb5-2dee-445f-a3ae-2e4b492d70e8/fetchFileTemp2084163513477358422.tmp has been previously copied to /tmp/spark-602e458b-4636-4b2f-898e-514a82d1556a/userFiles-10a29eb5-2dee-445f-a3ae-2e4b492d70e8/org.apache.hadoop_hadoop-client-runtime-3.3.2.jar
[2025-09-01 13:10:12,961] {subprocess.py:92} INFO - 25/09/01 13:10:12 INFO Executor: Adding file:/tmp/spark-602e458b-4636-4b2f-898e-514a82d1556a/userFiles-10a29eb5-2dee-445f-a3ae-2e4b492d70e8/org.apache.hadoop_hadoop-client-runtime-3.3.2.jar to class loader
[2025-09-01 13:10:12,961] {subprocess.py:92} INFO - 25/09/01 13:10:12 INFO Executor: Fetching spark://e66737cfc193:40355/jars/org.slf4j_slf4j-api-1.7.32.jar with timestamp 1756732210037
[2025-09-01 13:10:12,962] {subprocess.py:92} INFO - 25/09/01 13:10:12 INFO Utils: Fetching spark://e66737cfc193:40355/jars/org.slf4j_slf4j-api-1.7.32.jar to /tmp/spark-602e458b-4636-4b2f-898e-514a82d1556a/userFiles-10a29eb5-2dee-445f-a3ae-2e4b492d70e8/fetchFileTemp6746421897783330981.tmp
[2025-09-01 13:10:12,965] {subprocess.py:92} INFO - 25/09/01 13:10:12 INFO Utils: /tmp/spark-602e458b-4636-4b2f-898e-514a82d1556a/userFiles-10a29eb5-2dee-445f-a3ae-2e4b492d70e8/fetchFileTemp6746421897783330981.tmp has been previously copied to /tmp/spark-602e458b-4636-4b2f-898e-514a82d1556a/userFiles-10a29eb5-2dee-445f-a3ae-2e4b492d70e8/org.slf4j_slf4j-api-1.7.32.jar
[2025-09-01 13:10:12,970] {subprocess.py:92} INFO - 25/09/01 13:10:12 INFO Executor: Adding file:/tmp/spark-602e458b-4636-4b2f-898e-514a82d1556a/userFiles-10a29eb5-2dee-445f-a3ae-2e4b492d70e8/org.slf4j_slf4j-api-1.7.32.jar to class loader
[2025-09-01 13:10:12,970] {subprocess.py:92} INFO - 25/09/01 13:10:12 INFO Executor: Fetching spark://e66737cfc193:40355/jars/org.apache.spark_spark-token-provider-kafka-0-10_2.12-3.3.1.jar with timestamp 1756732210037
[2025-09-01 13:10:12,971] {subprocess.py:92} INFO - 25/09/01 13:10:12 INFO Utils: Fetching spark://e66737cfc193:40355/jars/org.apache.spark_spark-token-provider-kafka-0-10_2.12-3.3.1.jar to /tmp/spark-602e458b-4636-4b2f-898e-514a82d1556a/userFiles-10a29eb5-2dee-445f-a3ae-2e4b492d70e8/fetchFileTemp3060488516211493784.tmp
[2025-09-01 13:10:12,974] {subprocess.py:92} INFO - 25/09/01 13:10:12 INFO Utils: /tmp/spark-602e458b-4636-4b2f-898e-514a82d1556a/userFiles-10a29eb5-2dee-445f-a3ae-2e4b492d70e8/fetchFileTemp3060488516211493784.tmp has been previously copied to /tmp/spark-602e458b-4636-4b2f-898e-514a82d1556a/userFiles-10a29eb5-2dee-445f-a3ae-2e4b492d70e8/org.apache.spark_spark-token-provider-kafka-0-10_2.12-3.3.1.jar
[2025-09-01 13:10:12,982] {subprocess.py:92} INFO - 25/09/01 13:10:12 INFO Executor: Adding file:/tmp/spark-602e458b-4636-4b2f-898e-514a82d1556a/userFiles-10a29eb5-2dee-445f-a3ae-2e4b492d70e8/org.apache.spark_spark-token-provider-kafka-0-10_2.12-3.3.1.jar to class loader
[2025-09-01 13:10:12,982] {subprocess.py:92} INFO - 25/09/01 13:10:12 INFO Executor: Fetching spark://e66737cfc193:40355/jars/org.spark-project.spark_unused-1.0.0.jar with timestamp 1756732210037
[2025-09-01 13:10:12,984] {subprocess.py:92} INFO - 25/09/01 13:10:12 INFO Utils: Fetching spark://e66737cfc193:40355/jars/org.spark-project.spark_unused-1.0.0.jar to /tmp/spark-602e458b-4636-4b2f-898e-514a82d1556a/userFiles-10a29eb5-2dee-445f-a3ae-2e4b492d70e8/fetchFileTemp1223305566363837246.tmp
[2025-09-01 13:10:12,987] {subprocess.py:92} INFO - 25/09/01 13:10:12 INFO Utils: /tmp/spark-602e458b-4636-4b2f-898e-514a82d1556a/userFiles-10a29eb5-2dee-445f-a3ae-2e4b492d70e8/fetchFileTemp1223305566363837246.tmp has been previously copied to /tmp/spark-602e458b-4636-4b2f-898e-514a82d1556a/userFiles-10a29eb5-2dee-445f-a3ae-2e4b492d70e8/org.spark-project.spark_unused-1.0.0.jar
[2025-09-01 13:10:12,994] {subprocess.py:92} INFO - 25/09/01 13:10:12 INFO Executor: Adding file:/tmp/spark-602e458b-4636-4b2f-898e-514a82d1556a/userFiles-10a29eb5-2dee-445f-a3ae-2e4b492d70e8/org.spark-project.spark_unused-1.0.0.jar to class loader
[2025-09-01 13:10:12,994] {subprocess.py:92} INFO - 25/09/01 13:10:12 INFO Executor: Fetching spark://e66737cfc193:40355/jars/org.lz4_lz4-java-1.8.0.jar with timestamp 1756732210037
[2025-09-01 13:10:12,996] {subprocess.py:92} INFO - 25/09/01 13:10:12 INFO Utils: Fetching spark://e66737cfc193:40355/jars/org.lz4_lz4-java-1.8.0.jar to /tmp/spark-602e458b-4636-4b2f-898e-514a82d1556a/userFiles-10a29eb5-2dee-445f-a3ae-2e4b492d70e8/fetchFileTemp6094507100952608804.tmp
[2025-09-01 13:10:13,003] {subprocess.py:92} INFO - 25/09/01 13:10:13 INFO Utils: /tmp/spark-602e458b-4636-4b2f-898e-514a82d1556a/userFiles-10a29eb5-2dee-445f-a3ae-2e4b492d70e8/fetchFileTemp6094507100952608804.tmp has been previously copied to /tmp/spark-602e458b-4636-4b2f-898e-514a82d1556a/userFiles-10a29eb5-2dee-445f-a3ae-2e4b492d70e8/org.lz4_lz4-java-1.8.0.jar
[2025-09-01 13:10:13,008] {subprocess.py:92} INFO - 25/09/01 13:10:13 INFO Executor: Adding file:/tmp/spark-602e458b-4636-4b2f-898e-514a82d1556a/userFiles-10a29eb5-2dee-445f-a3ae-2e4b492d70e8/org.lz4_lz4-java-1.8.0.jar to class loader
[2025-09-01 13:10:13,008] {subprocess.py:92} INFO - 25/09/01 13:10:13 INFO Executor: Fetching spark://e66737cfc193:40355/jars/org.apache.spark_spark-sql-kafka-0-10_2.12-3.3.1.jar with timestamp 1756732210037
[2025-09-01 13:10:13,009] {subprocess.py:92} INFO - 25/09/01 13:10:13 INFO Utils: Fetching spark://e66737cfc193:40355/jars/org.apache.spark_spark-sql-kafka-0-10_2.12-3.3.1.jar to /tmp/spark-602e458b-4636-4b2f-898e-514a82d1556a/userFiles-10a29eb5-2dee-445f-a3ae-2e4b492d70e8/fetchFileTemp16204874048035442196.tmp
[2025-09-01 13:10:13,015] {subprocess.py:92} INFO - 25/09/01 13:10:13 INFO Utils: /tmp/spark-602e458b-4636-4b2f-898e-514a82d1556a/userFiles-10a29eb5-2dee-445f-a3ae-2e4b492d70e8/fetchFileTemp16204874048035442196.tmp has been previously copied to /tmp/spark-602e458b-4636-4b2f-898e-514a82d1556a/userFiles-10a29eb5-2dee-445f-a3ae-2e4b492d70e8/org.apache.spark_spark-sql-kafka-0-10_2.12-3.3.1.jar
[2025-09-01 13:10:13,020] {subprocess.py:92} INFO - 25/09/01 13:10:13 INFO Executor: Adding file:/tmp/spark-602e458b-4636-4b2f-898e-514a82d1556a/userFiles-10a29eb5-2dee-445f-a3ae-2e4b492d70e8/org.apache.spark_spark-sql-kafka-0-10_2.12-3.3.1.jar to class loader
[2025-09-01 13:10:13,037] {subprocess.py:92} INFO - 25/09/01 13:10:13 INFO Utils: Successfully started service 'org.apache.spark.network.netty.NettyBlockTransferService' on port 42197.
[2025-09-01 13:10:13,037] {subprocess.py:92} INFO - 25/09/01 13:10:13 INFO NettyBlockTransferService: Server created on e66737cfc193:42197
[2025-09-01 13:10:13,041] {subprocess.py:92} INFO - 25/09/01 13:10:13 INFO BlockManager: Using org.apache.spark.storage.RandomBlockReplicationPolicy for block replication policy
[2025-09-01 13:10:13,057] {subprocess.py:92} INFO - 25/09/01 13:10:13 INFO BlockManagerMaster: Registering BlockManager BlockManagerId(driver, e66737cfc193, 42197, None)
[2025-09-01 13:10:13,065] {subprocess.py:92} INFO - 25/09/01 13:10:13 INFO BlockManagerMasterEndpoint: Registering block manager e66737cfc193:42197 with 434.4 MiB RAM, BlockManagerId(driver, e66737cfc193, 42197, None)
[2025-09-01 13:10:13,071] {subprocess.py:92} INFO - 25/09/01 13:10:13 INFO BlockManagerMaster: Registered BlockManager BlockManagerId(driver, e66737cfc193, 42197, None)
[2025-09-01 13:10:13,073] {subprocess.py:92} INFO - 25/09/01 13:10:13 INFO BlockManager: Initialized BlockManager: BlockManagerId(driver, e66737cfc193, 42197, None)
[2025-09-01 13:10:13,722] {subprocess.py:92} INFO - Connexion à Kafka...
[2025-09-01 13:10:18,017] {subprocess.py:92} INFO - Connexion Kafka réussie (kafka:9092)
[2025-09-01 13:10:18,017] {subprocess.py:92} INFO - Transformation des données JSON...
[2025-09-01 13:10:18,537] {subprocess.py:92} INFO - Démarrage du streaming vers HDFS...
[2025-09-01 13:10:20,162] {subprocess.py:92} INFO - Streaming actif - Données météo sauvegardées dans HDFS:/data/weather
[2025-09-01 13:38:01,240] {subprocess.py:92} INFO - 25/09/01 13:38:01 WARN CheckpointFileManager: Failed to rename temp file hdfs://namenode:9000/checkpoints/weather/offsets/.67.5092667b-0a2e-4d66-a4ba-d652a71867a2.tmp to hdfs://namenode:9000/checkpoints/weather/offsets/67 because file exists
[2025-09-01 13:38:01,241] {subprocess.py:92} INFO - org.apache.hadoop.fs.FileAlreadyExistsException: rename destination /checkpoints/weather/offsets/67 already exists
[2025-09-01 13:38:01,242] {subprocess.py:92} INFO - 	at org.apache.hadoop.hdfs.server.namenode.FSDirRenameOp.validateOverwrite(FSDirRenameOp.java:565)
[2025-09-01 13:38:01,242] {subprocess.py:92} INFO - 	at org.apache.hadoop.hdfs.server.namenode.FSDirRenameOp.unprotectedRenameTo(FSDirRenameOp.java:399)
[2025-09-01 13:38:01,242] {subprocess.py:92} INFO - 	at org.apache.hadoop.hdfs.server.namenode.FSDirRenameOp.renameTo(FSDirRenameOp.java:311)
[2025-09-01 13:38:01,242] {subprocess.py:92} INFO - 	at org.apache.hadoop.hdfs.server.namenode.FSDirRenameOp.renameToInt(FSDirRenameOp.java:256)
[2025-09-01 13:38:01,242] {subprocess.py:92} INFO - 	at org.apache.hadoop.hdfs.server.namenode.FSNamesystem.renameTo(FSNamesystem.java:3257)
[2025-09-01 13:38:01,242] {subprocess.py:92} INFO - 	at org.apache.hadoop.hdfs.server.namenode.NameNodeRpcServer.rename2(NameNodeRpcServer.java:1096)
[2025-09-01 13:38:01,257] {subprocess.py:92} INFO - 	at org.apache.hadoop.hdfs.protocolPB.ClientNamenodeProtocolServerSideTranslatorPB.rename2(ClientNamenodeProtocolServerSideTranslatorPB.java:703)
[2025-09-01 13:38:01,258] {subprocess.py:92} INFO - 	at org.apache.hadoop.hdfs.protocol.proto.ClientNamenodeProtocolProtos$ClientNamenodeProtocol$2.callBlockingMethod(ClientNamenodeProtocolProtos.java)
[2025-09-01 13:38:01,259] {subprocess.py:92} INFO - 	at org.apache.hadoop.ipc.ProtobufRpcEngine2$Server$ProtoBufRpcInvoker.call(ProtobufRpcEngine2.java:621)
[2025-09-01 13:38:01,259] {subprocess.py:92} INFO - 	at org.apache.hadoop.ipc.ProtobufRpcEngine2$Server$ProtoBufRpcInvoker.call(ProtobufRpcEngine2.java:589)
[2025-09-01 13:38:01,260] {subprocess.py:92} INFO - 	at org.apache.hadoop.ipc.ProtobufRpcEngine2$Server$ProtoBufRpcInvoker.call(ProtobufRpcEngine2.java:573)
[2025-09-01 13:38:01,260] {subprocess.py:92} INFO - 	at org.apache.hadoop.ipc.RPC$Server.call(RPC.java:1227)
[2025-09-01 13:38:01,260] {subprocess.py:92} INFO - 	at org.apache.hadoop.ipc.Server$RpcCall.run(Server.java:1094)
[2025-09-01 13:38:01,260] {subprocess.py:92} INFO - 	at org.apache.hadoop.ipc.Server$RpcCall.run(Server.java:1017)
[2025-09-01 13:38:01,260] {subprocess.py:92} INFO - 	at java.security.AccessController.doPrivileged(Native Method)
[2025-09-01 13:38:01,261] {subprocess.py:92} INFO - 	at javax.security.auth.Subject.doAs(Subject.java:422)
[2025-09-01 13:38:01,261] {subprocess.py:92} INFO - 	at org.apache.hadoop.security.UserGroupInformation.doAs(UserGroupInformation.java:1899)
[2025-09-01 13:38:01,261] {subprocess.py:92} INFO - 	at org.apache.hadoop.ipc.Server$Handler.run(Server.java:3048)
[2025-09-01 13:38:01,262] {subprocess.py:92} INFO - 
[2025-09-01 13:38:01,262] {subprocess.py:92} INFO - 	at java.base/jdk.internal.reflect.NativeConstructorAccessorImpl.newInstance0(Native Method)
[2025-09-01 13:38:01,262] {subprocess.py:92} INFO - 	at java.base/jdk.internal.reflect.NativeConstructorAccessorImpl.newInstance(NativeConstructorAccessorImpl.java:62)
[2025-09-01 13:38:01,262] {subprocess.py:92} INFO - 	at java.base/jdk.internal.reflect.DelegatingConstructorAccessorImpl.newInstance(DelegatingConstructorAccessorImpl.java:45)
[2025-09-01 13:38:01,262] {subprocess.py:92} INFO - 	at java.base/java.lang.reflect.Constructor.newInstance(Constructor.java:490)
[2025-09-01 13:38:01,263] {subprocess.py:92} INFO - 	at org.apache.hadoop.ipc.RemoteException.instantiateException(RemoteException.java:121)
[2025-09-01 13:38:01,263] {subprocess.py:92} INFO - 	at org.apache.hadoop.ipc.RemoteException.unwrapRemoteException(RemoteException.java:88)
[2025-09-01 13:38:01,263] {subprocess.py:92} INFO - 	at org.apache.hadoop.hdfs.DFSClient.rename(DFSClient.java:1611)
[2025-09-01 13:38:01,263] {subprocess.py:92} INFO - 	at org.apache.hadoop.fs.Hdfs.renameInternal(Hdfs.java:393)
[2025-09-01 13:38:01,263] {subprocess.py:92} INFO - 	at org.apache.hadoop.fs.AbstractFileSystem.rename(AbstractFileSystem.java:720)
[2025-09-01 13:38:01,263] {subprocess.py:92} INFO - 	at org.apache.hadoop.fs.FileContext.rename(FileContext.java:1036)
[2025-09-01 13:38:01,263] {subprocess.py:92} INFO - 	at org.apache.spark.sql.execution.streaming.FileContextBasedCheckpointFileManager.renameTempFile(CheckpointFileManager.scala:346)
[2025-09-01 13:38:01,263] {subprocess.py:92} INFO - 	at org.apache.spark.sql.execution.streaming.CheckpointFileManager$RenameBasedFSDataOutputStream.close(CheckpointFileManager.scala:154)
[2025-09-01 13:38:01,264] {subprocess.py:92} INFO - 	at org.apache.spark.sql.execution.streaming.HDFSMetadataLog.$anonfun$addNewBatchByStream$2(HDFSMetadataLog.scala:176)
[2025-09-01 13:38:01,264] {subprocess.py:92} INFO - 	at scala.runtime.java8.JFunction0$mcZ$sp.apply(JFunction0$mcZ$sp.java:23)
[2025-09-01 13:38:01,264] {subprocess.py:92} INFO - 	at scala.Option.getOrElse(Option.scala:189)
[2025-09-01 13:38:01,264] {subprocess.py:92} INFO - 	at org.apache.spark.sql.execution.streaming.HDFSMetadataLog.addNewBatchByStream(HDFSMetadataLog.scala:171)
[2025-09-01 13:38:01,264] {subprocess.py:92} INFO - 	at org.apache.spark.sql.execution.streaming.HDFSMetadataLog.add(HDFSMetadataLog.scala:116)
[2025-09-01 13:38:01,264] {subprocess.py:92} INFO - 	at org.apache.spark.sql.execution.streaming.OffsetSeqLog.add(OffsetSeqLog.scala:53)
[2025-09-01 13:38:01,264] {subprocess.py:92} INFO - 	at org.apache.spark.sql.execution.streaming.MicroBatchExecution.$anonfun$constructNextBatch$13(MicroBatchExecution.scala:495)
[2025-09-01 13:38:01,264] {subprocess.py:92} INFO - 	at scala.runtime.java8.JFunction0$mcV$sp.apply(JFunction0$mcV$sp.java:23)
[2025-09-01 13:38:01,266] {subprocess.py:92} INFO - 	at org.apache.spark.sql.execution.streaming.ProgressReporter.reportTimeTaken(ProgressReporter.scala:375)
[2025-09-01 13:38:01,266] {subprocess.py:92} INFO - 	at org.apache.spark.sql.execution.streaming.ProgressReporter.reportTimeTaken$(ProgressReporter.scala:373)
[2025-09-01 13:38:01,266] {subprocess.py:92} INFO - 	at org.apache.spark.sql.execution.streaming.StreamExecution.reportTimeTaken(StreamExecution.scala:68)
[2025-09-01 13:38:01,266] {subprocess.py:92} INFO - 	at org.apache.spark.sql.execution.streaming.MicroBatchExecution.$anonfun$constructNextBatch$1(MicroBatchExecution.scala:493)
[2025-09-01 13:38:01,267] {subprocess.py:92} INFO - 	at scala.runtime.java8.JFunction0$mcZ$sp.apply(JFunction0$mcZ$sp.java:23)
[2025-09-01 13:38:01,267] {subprocess.py:92} INFO - 	at org.apache.spark.sql.execution.streaming.MicroBatchExecution.withProgressLocked(MicroBatchExecution.scala:693)
[2025-09-01 13:38:01,267] {subprocess.py:92} INFO - 	at org.apache.spark.sql.execution.streaming.MicroBatchExecution.constructNextBatch(MicroBatchExecution.scala:433)
[2025-09-01 13:38:01,267] {subprocess.py:92} INFO - 	at org.apache.spark.sql.execution.streaming.MicroBatchExecution.$anonfun$runActivatedStream$2(MicroBatchExecution.scala:238)
[2025-09-01 13:38:01,267] {subprocess.py:92} INFO - 	at scala.runtime.java8.JFunction0$mcV$sp.apply(JFunction0$mcV$sp.java:23)
[2025-09-01 13:38:01,267] {subprocess.py:92} INFO - 	at org.apache.spark.sql.execution.streaming.ProgressReporter.reportTimeTaken(ProgressReporter.scala:375)
[2025-09-01 13:38:01,267] {subprocess.py:92} INFO - 	at org.apache.spark.sql.execution.streaming.ProgressReporter.reportTimeTaken$(ProgressReporter.scala:373)
[2025-09-01 13:38:01,268] {subprocess.py:92} INFO - 	at org.apache.spark.sql.execution.streaming.StreamExecution.reportTimeTaken(StreamExecution.scala:68)
[2025-09-01 13:38:01,268] {subprocess.py:92} INFO - 	at org.apache.spark.sql.execution.streaming.MicroBatchExecution.$anonfun$runActivatedStream$1(MicroBatchExecution.scala:219)
[2025-09-01 13:38:01,268] {subprocess.py:92} INFO - 	at org.apache.spark.sql.execution.streaming.ProcessingTimeExecutor.execute(TriggerExecutor.scala:67)
[2025-09-01 13:38:01,268] {subprocess.py:92} INFO - 	at org.apache.spark.sql.execution.streaming.MicroBatchExecution.runActivatedStream(MicroBatchExecution.scala:213)
[2025-09-01 13:38:01,268] {subprocess.py:92} INFO - 	at org.apache.spark.sql.execution.streaming.StreamExecution.$anonfun$runStream$1(StreamExecution.scala:307)
[2025-09-01 13:38:01,268] {subprocess.py:92} INFO - 	at scala.runtime.java8.JFunction0$mcV$sp.apply(JFunction0$mcV$sp.java:23)
[2025-09-01 13:38:01,268] {subprocess.py:92} INFO - 	at org.apache.spark.sql.SparkSession.withActive(SparkSession.scala:779)
[2025-09-01 13:38:01,268] {subprocess.py:92} INFO - 	at org.apache.spark.sql.execution.streaming.StreamExecution.org$apache$spark$sql$execution$streaming$StreamExecution$$runStream(StreamExecution.scala:285)
[2025-09-01 13:38:01,269] {subprocess.py:92} INFO - 	at org.apache.spark.sql.execution.streaming.StreamExecution$$anon$1.run(StreamExecution.scala:208)
[2025-09-01 13:38:01,269] {subprocess.py:92} INFO - Caused by: org.apache.hadoop.ipc.RemoteException(org.apache.hadoop.fs.FileAlreadyExistsException): rename destination /checkpoints/weather/offsets/67 already exists
[2025-09-01 13:38:01,269] {subprocess.py:92} INFO - 	at org.apache.hadoop.hdfs.server.namenode.FSDirRenameOp.validateOverwrite(FSDirRenameOp.java:565)
[2025-09-01 13:38:01,269] {subprocess.py:92} INFO - 	at org.apache.hadoop.hdfs.server.namenode.FSDirRenameOp.unprotectedRenameTo(FSDirRenameOp.java:399)
[2025-09-01 13:38:01,269] {subprocess.py:92} INFO - 	at org.apache.hadoop.hdfs.server.namenode.FSDirRenameOp.renameTo(FSDirRenameOp.java:311)
[2025-09-01 13:38:01,269] {subprocess.py:92} INFO - 	at org.apache.hadoop.hdfs.server.namenode.FSDirRenameOp.renameToInt(FSDirRenameOp.java:256)
[2025-09-01 13:38:01,269] {subprocess.py:92} INFO - 	at org.apache.hadoop.hdfs.server.namenode.FSNamesystem.renameTo(FSNamesystem.java:3257)
[2025-09-01 13:38:01,269] {subprocess.py:92} INFO - 	at org.apache.hadoop.hdfs.server.namenode.NameNodeRpcServer.rename2(NameNodeRpcServer.java:1096)
[2025-09-01 13:38:01,270] {subprocess.py:92} INFO - 	at org.apache.hadoop.hdfs.protocolPB.ClientNamenodeProtocolServerSideTranslatorPB.rename2(ClientNamenodeProtocolServerSideTranslatorPB.java:703)
[2025-09-01 13:38:01,270] {subprocess.py:92} INFO - 	at org.apache.hadoop.hdfs.protocol.proto.ClientNamenodeProtocolProtos$ClientNamenodeProtocol$2.callBlockingMethod(ClientNamenodeProtocolProtos.java)
[2025-09-01 13:38:01,270] {subprocess.py:92} INFO - 	at org.apache.hadoop.ipc.ProtobufRpcEngine2$Server$ProtoBufRpcInvoker.call(ProtobufRpcEngine2.java:621)
[2025-09-01 13:38:01,270] {subprocess.py:92} INFO - 	at org.apache.hadoop.ipc.ProtobufRpcEngine2$Server$ProtoBufRpcInvoker.call(ProtobufRpcEngine2.java:589)
[2025-09-01 13:38:01,270] {subprocess.py:92} INFO - 	at org.apache.hadoop.ipc.ProtobufRpcEngine2$Server$ProtoBufRpcInvoker.call(ProtobufRpcEngine2.java:573)
[2025-09-01 13:38:01,270] {subprocess.py:92} INFO - 	at org.apache.hadoop.ipc.RPC$Server.call(RPC.java:1227)
[2025-09-01 13:38:01,270] {subprocess.py:92} INFO - 	at org.apache.hadoop.ipc.Server$RpcCall.run(Server.java:1094)
[2025-09-01 13:38:01,270] {subprocess.py:92} INFO - 	at org.apache.hadoop.ipc.Server$RpcCall.run(Server.java:1017)
[2025-09-01 13:38:01,271] {subprocess.py:92} INFO - 	at java.security.AccessController.doPrivileged(Native Method)
[2025-09-01 13:38:01,271] {subprocess.py:92} INFO - 	at javax.security.auth.Subject.doAs(Subject.java:422)
[2025-09-01 13:38:01,271] {subprocess.py:92} INFO - 	at org.apache.hadoop.security.UserGroupInformation.doAs(UserGroupInformation.java:1899)
[2025-09-01 13:38:01,271] {subprocess.py:92} INFO - 	at org.apache.hadoop.ipc.Server$Handler.run(Server.java:3048)
[2025-09-01 13:38:01,271] {subprocess.py:92} INFO - 
[2025-09-01 13:38:01,271] {subprocess.py:92} INFO - 	at org.apache.hadoop.ipc.Client.getRpcResponse(Client.java:1612)
[2025-09-01 13:38:01,271] {subprocess.py:92} INFO - 	at org.apache.hadoop.ipc.Client.call(Client.java:1558)
[2025-09-01 13:38:01,272] {subprocess.py:92} INFO - 	at org.apache.hadoop.ipc.Client.call(Client.java:1455)
[2025-09-01 13:38:01,272] {subprocess.py:92} INFO - 	at org.apache.hadoop.ipc.ProtobufRpcEngine2$Invoker.invoke(ProtobufRpcEngine2.java:242)
[2025-09-01 13:38:01,272] {subprocess.py:92} INFO - 	at org.apache.hadoop.ipc.ProtobufRpcEngine2$Invoker.invoke(ProtobufRpcEngine2.java:129)
[2025-09-01 13:38:01,272] {subprocess.py:92} INFO - 	at com.sun.proxy.$Proxy35.rename2(Unknown Source)
[2025-09-01 13:38:01,272] {subprocess.py:92} INFO - 	at org.apache.hadoop.hdfs.protocolPB.ClientNamenodeProtocolTranslatorPB.rename2(ClientNamenodeProtocolTranslatorPB.java:629)
[2025-09-01 13:38:01,272] {subprocess.py:92} INFO - 	at java.base/jdk.internal.reflect.NativeMethodAccessorImpl.invoke0(Native Method)
[2025-09-01 13:38:01,272] {subprocess.py:92} INFO - 	at java.base/jdk.internal.reflect.NativeMethodAccessorImpl.invoke(NativeMethodAccessorImpl.java:62)
[2025-09-01 13:38:01,272] {subprocess.py:92} INFO - 	at java.base/jdk.internal.reflect.DelegatingMethodAccessorImpl.invoke(DelegatingMethodAccessorImpl.java:43)
[2025-09-01 13:38:01,273] {subprocess.py:92} INFO - 	at java.base/java.lang.reflect.Method.invoke(Method.java:566)
[2025-09-01 13:38:01,273] {subprocess.py:92} INFO - 	at org.apache.hadoop.io.retry.RetryInvocationHandler.invokeMethod(RetryInvocationHandler.java:422)
[2025-09-01 13:38:01,273] {subprocess.py:92} INFO - 	at org.apache.hadoop.io.retry.RetryInvocationHandler$Call.invokeMethod(RetryInvocationHandler.java:165)
[2025-09-01 13:38:01,273] {subprocess.py:92} INFO - 	at org.apache.hadoop.io.retry.RetryInvocationHandler$Call.invoke(RetryInvocationHandler.java:157)
[2025-09-01 13:38:01,273] {subprocess.py:92} INFO - 	at org.apache.hadoop.io.retry.RetryInvocationHandler$Call.invokeOnce(RetryInvocationHandler.java:95)
[2025-09-01 13:38:01,273] {subprocess.py:92} INFO - 	at org.apache.hadoop.io.retry.RetryInvocationHandler.invoke(RetryInvocationHandler.java:359)
[2025-09-01 13:38:01,274] {subprocess.py:92} INFO - 	at com.sun.proxy.$Proxy36.rename2(Unknown Source)
[2025-09-01 13:38:01,274] {subprocess.py:92} INFO - 	at org.apache.hadoop.hdfs.DFSClient.rename(DFSClient.java:1609)
[2025-09-01 13:38:01,274] {subprocess.py:92} INFO - 	... 33 more
[2025-09-01 13:38:01,579] {subprocess.py:92} INFO - 25/09/01 13:38:01 ERROR MicroBatchExecution: Query [id = 8bb46a74-6ffa-4764-a9c6-2e4a331d8211, runId = 33044d94-1b2f-4c97-814b-92db019853ab] terminated with error
[2025-09-01 13:38:01,580] {subprocess.py:92} INFO - java.util.ConcurrentModificationException: Multiple streaming queries are concurrently using hdfs://namenode:9000/checkpoints/weather/offsets
[2025-09-01 13:38:01,580] {subprocess.py:92} INFO - 	at org.apache.spark.sql.errors.QueryExecutionErrors$.multiStreamingQueriesUsingPathConcurrentlyError(QueryExecutionErrors.scala:1603)
[2025-09-01 13:38:01,580] {subprocess.py:92} INFO - 	at org.apache.spark.sql.execution.streaming.HDFSMetadataLog.$anonfun$addNewBatchByStream$2(HDFSMetadataLog.scala:182)
[2025-09-01 13:38:01,580] {subprocess.py:92} INFO - 	at scala.runtime.java8.JFunction0$mcZ$sp.apply(JFunction0$mcZ$sp.java:23)
[2025-09-01 13:38:01,580] {subprocess.py:92} INFO - 	at scala.Option.getOrElse(Option.scala:189)
[2025-09-01 13:38:01,580] {subprocess.py:92} INFO - 	at org.apache.spark.sql.execution.streaming.HDFSMetadataLog.addNewBatchByStream(HDFSMetadataLog.scala:171)
[2025-09-01 13:38:01,580] {subprocess.py:92} INFO - 	at org.apache.spark.sql.execution.streaming.HDFSMetadataLog.add(HDFSMetadataLog.scala:116)
[2025-09-01 13:38:01,581] {subprocess.py:92} INFO - 	at org.apache.spark.sql.execution.streaming.OffsetSeqLog.add(OffsetSeqLog.scala:53)
[2025-09-01 13:38:01,581] {subprocess.py:92} INFO - 	at org.apache.spark.sql.execution.streaming.MicroBatchExecution.$anonfun$constructNextBatch$13(MicroBatchExecution.scala:495)
[2025-09-01 13:38:01,581] {subprocess.py:92} INFO - 	at scala.runtime.java8.JFunction0$mcV$sp.apply(JFunction0$mcV$sp.java:23)
[2025-09-01 13:38:01,581] {subprocess.py:92} INFO - 	at org.apache.spark.sql.execution.streaming.ProgressReporter.reportTimeTaken(ProgressReporter.scala:375)
[2025-09-01 13:38:01,581] {subprocess.py:92} INFO - 	at org.apache.spark.sql.execution.streaming.ProgressReporter.reportTimeTaken$(ProgressReporter.scala:373)
[2025-09-01 13:38:01,581] {subprocess.py:92} INFO - 	at org.apache.spark.sql.execution.streaming.StreamExecution.reportTimeTaken(StreamExecution.scala:68)
[2025-09-01 13:38:01,581] {subprocess.py:92} INFO - 	at org.apache.spark.sql.execution.streaming.MicroBatchExecution.$anonfun$constructNextBatch$1(MicroBatchExecution.scala:493)
[2025-09-01 13:38:01,581] {subprocess.py:92} INFO - 	at scala.runtime.java8.JFunction0$mcZ$sp.apply(JFunction0$mcZ$sp.java:23)
[2025-09-01 13:38:01,581] {subprocess.py:92} INFO - 	at org.apache.spark.sql.execution.streaming.MicroBatchExecution.withProgressLocked(MicroBatchExecution.scala:693)
[2025-09-01 13:38:01,581] {subprocess.py:92} INFO - 	at org.apache.spark.sql.execution.streaming.MicroBatchExecution.constructNextBatch(MicroBatchExecution.scala:433)
[2025-09-01 13:38:01,581] {subprocess.py:92} INFO - 	at org.apache.spark.sql.execution.streaming.MicroBatchExecution.$anonfun$runActivatedStream$2(MicroBatchExecution.scala:238)
[2025-09-01 13:38:01,581] {subprocess.py:92} INFO - 	at scala.runtime.java8.JFunction0$mcV$sp.apply(JFunction0$mcV$sp.java:23)
[2025-09-01 13:38:01,581] {subprocess.py:92} INFO - 	at org.apache.spark.sql.execution.streaming.ProgressReporter.reportTimeTaken(ProgressReporter.scala:375)
[2025-09-01 13:38:01,581] {subprocess.py:92} INFO - 	at org.apache.spark.sql.execution.streaming.ProgressReporter.reportTimeTaken$(ProgressReporter.scala:373)
[2025-09-01 13:38:01,581] {subprocess.py:92} INFO - 	at org.apache.spark.sql.execution.streaming.StreamExecution.reportTimeTaken(StreamExecution.scala:68)
[2025-09-01 13:38:01,581] {subprocess.py:92} INFO - 	at org.apache.spark.sql.execution.streaming.MicroBatchExecution.$anonfun$runActivatedStream$1(MicroBatchExecution.scala:219)
[2025-09-01 13:38:01,581] {subprocess.py:92} INFO - 	at org.apache.spark.sql.execution.streaming.ProcessingTimeExecutor.execute(TriggerExecutor.scala:67)
[2025-09-01 13:38:01,582] {subprocess.py:92} INFO - 	at org.apache.spark.sql.execution.streaming.MicroBatchExecution.runActivatedStream(MicroBatchExecution.scala:213)
[2025-09-01 13:38:01,582] {subprocess.py:92} INFO - 	at org.apache.spark.sql.execution.streaming.StreamExecution.$anonfun$runStream$1(StreamExecution.scala:307)
[2025-09-01 13:38:01,582] {subprocess.py:92} INFO - 	at scala.runtime.java8.JFunction0$mcV$sp.apply(JFunction0$mcV$sp.java:23)
[2025-09-01 13:38:01,582] {subprocess.py:92} INFO - 	at org.apache.spark.sql.SparkSession.withActive(SparkSession.scala:779)
[2025-09-01 13:38:01,582] {subprocess.py:92} INFO - 	at org.apache.spark.sql.execution.streaming.StreamExecution.org$apache$spark$sql$execution$streaming$StreamExecution$$runStream(StreamExecution.scala:285)
[2025-09-01 13:38:01,582] {subprocess.py:92} INFO - 	at org.apache.spark.sql.execution.streaming.StreamExecution$$anon$1.run(StreamExecution.scala:208)
[2025-09-01 13:38:01,582] {subprocess.py:92} INFO - Caused by: org.apache.hadoop.fs.FileAlreadyExistsException: rename destination /checkpoints/weather/offsets/67 already exists
[2025-09-01 13:38:01,582] {subprocess.py:92} INFO - 	at org.apache.hadoop.hdfs.server.namenode.FSDirRenameOp.validateOverwrite(FSDirRenameOp.java:565)
[2025-09-01 13:38:01,582] {subprocess.py:92} INFO - 	at org.apache.hadoop.hdfs.server.namenode.FSDirRenameOp.unprotectedRenameTo(FSDirRenameOp.java:399)
[2025-09-01 13:38:01,582] {subprocess.py:92} INFO - 	at org.apache.hadoop.hdfs.server.namenode.FSDirRenameOp.renameTo(FSDirRenameOp.java:311)
[2025-09-01 13:38:01,582] {subprocess.py:92} INFO - 	at org.apache.hadoop.hdfs.server.namenode.FSDirRenameOp.renameToInt(FSDirRenameOp.java:256)
[2025-09-01 13:38:01,582] {subprocess.py:92} INFO - 	at org.apache.hadoop.hdfs.server.namenode.FSNamesystem.renameTo(FSNamesystem.java:3257)
[2025-09-01 13:38:01,582] {subprocess.py:92} INFO - 	at org.apache.hadoop.hdfs.server.namenode.NameNodeRpcServer.rename2(NameNodeRpcServer.java:1096)
[2025-09-01 13:38:01,582] {subprocess.py:92} INFO - 	at org.apache.hadoop.hdfs.protocolPB.ClientNamenodeProtocolServerSideTranslatorPB.rename2(ClientNamenodeProtocolServerSideTranslatorPB.java:703)
[2025-09-01 13:38:01,582] {subprocess.py:92} INFO - 	at org.apache.hadoop.hdfs.protocol.proto.ClientNamenodeProtocolProtos$ClientNamenodeProtocol$2.callBlockingMethod(ClientNamenodeProtocolProtos.java)
[2025-09-01 13:38:01,582] {subprocess.py:92} INFO - 	at org.apache.hadoop.ipc.ProtobufRpcEngine2$Server$ProtoBufRpcInvoker.call(ProtobufRpcEngine2.java:621)
[2025-09-01 13:38:01,582] {subprocess.py:92} INFO - 	at org.apache.hadoop.ipc.ProtobufRpcEngine2$Server$ProtoBufRpcInvoker.call(ProtobufRpcEngine2.java:589)
[2025-09-01 13:38:01,582] {subprocess.py:92} INFO - 	at org.apache.hadoop.ipc.ProtobufRpcEngine2$Server$ProtoBufRpcInvoker.call(ProtobufRpcEngine2.java:573)
[2025-09-01 13:38:01,583] {subprocess.py:92} INFO - 	at org.apache.hadoop.ipc.RPC$Server.call(RPC.java:1227)
[2025-09-01 13:38:01,583] {subprocess.py:92} INFO - 	at org.apache.hadoop.ipc.Server$RpcCall.run(Server.java:1094)
[2025-09-01 13:38:01,583] {subprocess.py:92} INFO - 	at org.apache.hadoop.ipc.Server$RpcCall.run(Server.java:1017)
[2025-09-01 13:38:01,583] {subprocess.py:92} INFO - 	at java.security.AccessController.doPrivileged(Native Method)
[2025-09-01 13:38:01,583] {subprocess.py:92} INFO - 	at javax.security.auth.Subject.doAs(Subject.java:422)
[2025-09-01 13:38:01,583] {subprocess.py:92} INFO - 	at org.apache.hadoop.security.UserGroupInformation.doAs(UserGroupInformation.java:1899)
[2025-09-01 13:38:01,583] {subprocess.py:92} INFO - 	at org.apache.hadoop.ipc.Server$Handler.run(Server.java:3048)
[2025-09-01 13:38:01,583] {subprocess.py:92} INFO - 
[2025-09-01 13:38:01,583] {subprocess.py:92} INFO - 	at java.base/jdk.internal.reflect.NativeConstructorAccessorImpl.newInstance0(Native Method)
[2025-09-01 13:38:01,583] {subprocess.py:92} INFO - 	at java.base/jdk.internal.reflect.NativeConstructorAccessorImpl.newInstance(NativeConstructorAccessorImpl.java:62)
[2025-09-01 13:38:01,583] {subprocess.py:92} INFO - 	at java.base/jdk.internal.reflect.DelegatingConstructorAccessorImpl.newInstance(DelegatingConstructorAccessorImpl.java:45)
[2025-09-01 13:38:01,583] {subprocess.py:92} INFO - 	at java.base/java.lang.reflect.Constructor.newInstance(Constructor.java:490)
[2025-09-01 13:38:01,583] {subprocess.py:92} INFO - 	at org.apache.hadoop.ipc.RemoteException.instantiateException(RemoteException.java:121)
[2025-09-01 13:38:01,583] {subprocess.py:92} INFO - 	at org.apache.hadoop.ipc.RemoteException.unwrapRemoteException(RemoteException.java:88)
[2025-09-01 13:38:01,583] {subprocess.py:92} INFO - 	at org.apache.hadoop.hdfs.DFSClient.rename(DFSClient.java:1611)
[2025-09-01 13:38:01,584] {subprocess.py:92} INFO - 	at org.apache.hadoop.fs.Hdfs.renameInternal(Hdfs.java:393)
[2025-09-01 13:38:01,584] {subprocess.py:92} INFO - 	at org.apache.hadoop.fs.AbstractFileSystem.rename(AbstractFileSystem.java:720)
[2025-09-01 13:38:01,584] {subprocess.py:92} INFO - 	at org.apache.hadoop.fs.FileContext.rename(FileContext.java:1036)
[2025-09-01 13:38:01,584] {subprocess.py:92} INFO - 	at org.apache.spark.sql.execution.streaming.FileContextBasedCheckpointFileManager.renameTempFile(CheckpointFileManager.scala:346)
[2025-09-01 13:38:01,584] {subprocess.py:92} INFO - 	at org.apache.spark.sql.execution.streaming.CheckpointFileManager$RenameBasedFSDataOutputStream.close(CheckpointFileManager.scala:154)
[2025-09-01 13:38:01,584] {subprocess.py:92} INFO - 	at org.apache.spark.sql.execution.streaming.HDFSMetadataLog.$anonfun$addNewBatchByStream$2(HDFSMetadataLog.scala:176)
[2025-09-01 13:38:01,584] {subprocess.py:92} INFO - 	... 27 more
[2025-09-01 13:38:01,584] {subprocess.py:92} INFO - Caused by: org.apache.hadoop.ipc.RemoteException(org.apache.hadoop.fs.FileAlreadyExistsException): rename destination /checkpoints/weather/offsets/67 already exists
[2025-09-01 13:38:01,585] {subprocess.py:92} INFO - 	at org.apache.hadoop.hdfs.server.namenode.FSDirRenameOp.validateOverwrite(FSDirRenameOp.java:565)
[2025-09-01 13:38:01,585] {subprocess.py:92} INFO - 	at org.apache.hadoop.hdfs.server.namenode.FSDirRenameOp.unprotectedRenameTo(FSDirRenameOp.java:399)
[2025-09-01 13:38:01,585] {subprocess.py:92} INFO - 	at org.apache.hadoop.hdfs.server.namenode.FSDirRenameOp.renameTo(FSDirRenameOp.java:311)
[2025-09-01 13:38:01,586] {subprocess.py:92} INFO - 	at org.apache.hadoop.hdfs.server.namenode.FSDirRenameOp.renameToInt(FSDirRenameOp.java:256)
[2025-09-01 13:38:01,586] {subprocess.py:92} INFO - 	at org.apache.hadoop.hdfs.server.namenode.FSNamesystem.renameTo(FSNamesystem.java:3257)
[2025-09-01 13:38:01,586] {subprocess.py:92} INFO - 	at org.apache.hadoop.hdfs.server.namenode.NameNodeRpcServer.rename2(NameNodeRpcServer.java:1096)
[2025-09-01 13:38:01,605] {subprocess.py:92} INFO - 	at org.apache.hadoop.hdfs.protocolPB.ClientNamenodeProtocolServerSideTranslatorPB.rename2(ClientNamenodeProtocolServerSideTranslatorPB.java:703)
[2025-09-01 13:38:01,605] {subprocess.py:92} INFO - 	at org.apache.hadoop.hdfs.protocol.proto.ClientNamenodeProtocolProtos$ClientNamenodeProtocol$2.callBlockingMethod(ClientNamenodeProtocolProtos.java)
[2025-09-01 13:38:01,606] {subprocess.py:92} INFO - 	at org.apache.hadoop.ipc.ProtobufRpcEngine2$Server$ProtoBufRpcInvoker.call(ProtobufRpcEngine2.java:621)
[2025-09-01 13:38:01,606] {subprocess.py:92} INFO - 	at org.apache.hadoop.ipc.ProtobufRpcEngine2$Server$ProtoBufRpcInvoker.call(ProtobufRpcEngine2.java:589)
[2025-09-01 13:38:01,606] {subprocess.py:92} INFO - 	at org.apache.hadoop.ipc.ProtobufRpcEngine2$Server$ProtoBufRpcInvoker.call(ProtobufRpcEngine2.java:573)
[2025-09-01 13:38:01,606] {subprocess.py:92} INFO - 	at org.apache.hadoop.ipc.RPC$Server.call(RPC.java:1227)
[2025-09-01 13:38:01,606] {subprocess.py:92} INFO - 	at org.apache.hadoop.ipc.Server$RpcCall.run(Server.java:1094)
[2025-09-01 13:38:01,606] {subprocess.py:92} INFO - 	at org.apache.hadoop.ipc.Server$RpcCall.run(Server.java:1017)
[2025-09-01 13:38:01,606] {subprocess.py:92} INFO - 	at java.security.AccessController.doPrivileged(Native Method)
[2025-09-01 13:38:01,606] {subprocess.py:92} INFO - 	at javax.security.auth.Subject.doAs(Subject.java:422)
[2025-09-01 13:38:01,606] {subprocess.py:92} INFO - 	at org.apache.hadoop.security.UserGroupInformation.doAs(UserGroupInformation.java:1899)
[2025-09-01 13:38:01,606] {subprocess.py:92} INFO - 	at org.apache.hadoop.ipc.Server$Handler.run(Server.java:3048)
[2025-09-01 13:38:01,606] {subprocess.py:92} INFO - 
[2025-09-01 13:38:01,606] {subprocess.py:92} INFO - 	at org.apache.hadoop.ipc.Client.getRpcResponse(Client.java:1612)
[2025-09-01 13:38:01,606] {subprocess.py:92} INFO - 	at org.apache.hadoop.ipc.Client.call(Client.java:1558)
[2025-09-01 13:38:01,606] {subprocess.py:92} INFO - 	at org.apache.hadoop.ipc.Client.call(Client.java:1455)
[2025-09-01 13:38:01,606] {subprocess.py:92} INFO - 	at org.apache.hadoop.ipc.ProtobufRpcEngine2$Invoker.invoke(ProtobufRpcEngine2.java:242)
[2025-09-01 13:38:01,606] {subprocess.py:92} INFO - 	at org.apache.hadoop.ipc.ProtobufRpcEngine2$Invoker.invoke(ProtobufRpcEngine2.java:129)
[2025-09-01 13:38:01,606] {subprocess.py:92} INFO - 	at com.sun.proxy.$Proxy35.rename2(Unknown Source)
[2025-09-01 13:38:01,606] {subprocess.py:92} INFO - 	at org.apache.hadoop.hdfs.protocolPB.ClientNamenodeProtocolTranslatorPB.rename2(ClientNamenodeProtocolTranslatorPB.java:629)
[2025-09-01 13:38:01,607] {subprocess.py:92} INFO - 	at java.base/jdk.internal.reflect.NativeMethodAccessorImpl.invoke0(Native Method)
[2025-09-01 13:38:01,607] {subprocess.py:92} INFO - 	at java.base/jdk.internal.reflect.NativeMethodAccessorImpl.invoke(NativeMethodAccessorImpl.java:62)
[2025-09-01 13:38:01,607] {subprocess.py:92} INFO - 	at java.base/jdk.internal.reflect.DelegatingMethodAccessorImpl.invoke(DelegatingMethodAccessorImpl.java:43)
[2025-09-01 13:38:01,607] {subprocess.py:92} INFO - 	at java.base/java.lang.reflect.Method.invoke(Method.java:566)
[2025-09-01 13:38:01,607] {subprocess.py:92} INFO - 	at org.apache.hadoop.io.retry.RetryInvocationHandler.invokeMethod(RetryInvocationHandler.java:422)
[2025-09-01 13:38:01,607] {subprocess.py:92} INFO - 	at org.apache.hadoop.io.retry.RetryInvocationHandler$Call.invokeMethod(RetryInvocationHandler.java:165)
[2025-09-01 13:38:01,607] {subprocess.py:92} INFO - 	at org.apache.hadoop.io.retry.RetryInvocationHandler$Call.invoke(RetryInvocationHandler.java:157)
[2025-09-01 13:38:01,607] {subprocess.py:92} INFO - 	at org.apache.hadoop.io.retry.RetryInvocationHandler$Call.invokeOnce(RetryInvocationHandler.java:95)
[2025-09-01 13:38:01,607] {subprocess.py:92} INFO - 	at org.apache.hadoop.io.retry.RetryInvocationHandler.invoke(RetryInvocationHandler.java:359)
[2025-09-01 13:38:01,607] {subprocess.py:92} INFO - 	at com.sun.proxy.$Proxy36.rename2(Unknown Source)
[2025-09-01 13:38:01,607] {subprocess.py:92} INFO - 	at org.apache.hadoop.hdfs.DFSClient.rename(DFSClient.java:1609)
[2025-09-01 13:38:01,607] {subprocess.py:92} INFO - 	... 33 more
[2025-09-01 13:38:02,385] {subprocess.py:92} INFO - Traceback (most recent call last):
[2025-09-01 13:38:02,385] {subprocess.py:92} INFO -   File "/opt/***/scripts/pyspark/streaming.py", line 60, in <module>
[2025-09-01 13:38:02,387] {subprocess.py:92} INFO -     query.awaitTermination()
[2025-09-01 13:38:02,387] {subprocess.py:92} INFO -   File "/opt/spark-3.3.1-bin-hadoop3/python/lib/pyspark.zip/pyspark/sql/streaming.py", line 107, in awaitTermination
[2025-09-01 13:38:02,395] {subprocess.py:92} INFO -   File "/opt/spark-3.3.1-bin-hadoop3/python/lib/py4j-0.10.9.5-src.zip/py4j/java_gateway.py", line 1322, in __call__
[2025-09-01 13:38:02,406] {subprocess.py:92} INFO -   File "/opt/spark-3.3.1-bin-hadoop3/python/lib/pyspark.zip/pyspark/sql/utils.py", line 196, in deco
[2025-09-01 13:38:02,441] {subprocess.py:92} INFO - pyspark.sql.utils.StreamingQueryException: Query [id = 8bb46a74-6ffa-4764-a9c6-2e4a331d8211, runId = 33044d94-1b2f-4c97-814b-92db019853ab] terminated with exception: Multiple streaming queries are concurrently using hdfs://namenode:9000/checkpoints/weather/offsets
[2025-09-01 13:38:03,594] {subprocess.py:96} INFO - Command exited with return code 1
[2025-09-01 13:38:03,624] {taskinstance.py:1889} ERROR - Task failed with exception
Traceback (most recent call last):
  File "/home/airflow/.local/lib/python3.7/site-packages/airflow/operators/bash.py", line 195, in execute
    f'Bash command failed. The command returned a non-zero exit code {result.exit_code}.'
airflow.exceptions.AirflowException: Bash command failed. The command returned a non-zero exit code 1.
[2025-09-01 13:38:03,632] {taskinstance.py:1400} INFO - Marking task as FAILED. dag_id=send_weather_to_kafka, task_id=stream_hdfs, execution_date=20250901T104544, start_date=20250901T131001, end_date=20250901T133803
[2025-09-01 13:38:03,660] {standard_task_runner.py:97} ERROR - Failed to execute job 560 for task stream_hdfs (Bash command failed. The command returned a non-zero exit code 1.; 18792)
[2025-09-01 13:38:03,704] {local_task_job.py:156} INFO - Task exited with return code 1
[2025-09-01 13:38:03,776] {local_task_job.py:273} INFO - 0 downstream tasks scheduled from follow-on schedule check
