[2025-09-01 08:21:46,677] {taskinstance.py:1159} INFO - Dependencies all met for <TaskInstance: send_weather_to_kafka.fetch_and_send_weather scheduled__2025-09-01T07:48:43.669588+00:00 [queued]>
[2025-09-01 08:21:46,700] {taskinstance.py:1159} INFO - Dependencies all met for <TaskInstance: send_weather_to_kafka.fetch_and_send_weather scheduled__2025-09-01T07:48:43.669588+00:00 [queued]>
[2025-09-01 08:21:46,700] {taskinstance.py:1356} INFO - 
--------------------------------------------------------------------------------
[2025-09-01 08:21:46,700] {taskinstance.py:1357} INFO - Starting attempt 2 of 2
[2025-09-01 08:21:46,700] {taskinstance.py:1358} INFO - 
--------------------------------------------------------------------------------
[2025-09-01 08:21:46,728] {taskinstance.py:1377} INFO - Executing <Task(BashOperator): fetch_and_send_weather> on 2025-09-01 07:48:43.669588+00:00
[2025-09-01 08:21:46,738] {standard_task_runner.py:52} INFO - Started process 11238 to run task
[2025-09-01 08:21:46,744] {standard_task_runner.py:79} INFO - Running: ['***', 'tasks', 'run', 'send_weather_to_kafka', 'fetch_and_send_weather', 'scheduled__2025-09-01T07:48:43.669588+00:00', '--job-id', '490', '--raw', '--subdir', 'DAGS_FOLDER/dag_meteo.py', '--cfg-path', '/tmp/tmpvy2gijtu', '--error-file', '/tmp/tmp7btsnkqt']
[2025-09-01 08:21:46,746] {standard_task_runner.py:80} INFO - Job 490: Subtask fetch_and_send_weather
[2025-09-01 08:21:46,775] {logging_mixin.py:115} WARNING - /home/***/.local/lib/python3.7/site-packages/***/configuration.py:470 DeprecationWarning: The sql_alchemy_conn option in [core] has been moved to the sql_alchemy_conn option in [database] - the old setting has been used, but please update your config.
[2025-09-01 08:21:46,853] {task_command.py:369} INFO - Running <TaskInstance: send_weather_to_kafka.fetch_and_send_weather scheduled__2025-09-01T07:48:43.669588+00:00 [running]> on host e66737cfc193
[2025-09-01 08:21:46,997] {taskinstance.py:1571} INFO - Exporting the following env vars:
AIRFLOW_CTX_DAG_OWNER=***
AIRFLOW_CTX_DAG_ID=send_weather_to_kafka
AIRFLOW_CTX_TASK_ID=fetch_and_send_weather
AIRFLOW_CTX_EXECUTION_DATE=2025-09-01T07:48:43.669588+00:00
AIRFLOW_CTX_TRY_NUMBER=2
AIRFLOW_CTX_DAG_RUN_ID=scheduled__2025-09-01T07:48:43.669588+00:00
[2025-09-01 08:21:46,999] {subprocess.py:62} INFO - Tmp dir root location: 
 /tmp
[2025-09-01 08:21:47,000] {subprocess.py:74} INFO - Running command: ['bash', '-c', 'cd /opt/***/scripts && python3 kafka/producer.py']
[2025-09-01 08:21:47,021] {subprocess.py:85} INFO - Output:
[2025-09-01 08:21:51,482] {subprocess.py:92} INFO - Envoi vers Kafka : {'temperature': 27.3, 'humidity': 90, 'windSpeed': 5.1, 'cloudCover': 100, 'rainIntensity': 0, 'timestamp': '2025-09-01T08:21:00Z'}
[2025-09-01 08:21:51,592] {subprocess.py:96} INFO - Command exited with return code 0
[2025-09-01 08:21:51,686] {taskinstance.py:1400} INFO - Marking task as SUCCESS. dag_id=send_weather_to_kafka, task_id=fetch_and_send_weather, execution_date=20250901T074843, start_date=20250901T082146, end_date=20250901T082151
[2025-09-01 08:21:51,738] {local_task_job.py:156} INFO - Task exited with return code 0
[2025-09-01 08:21:51,831] {local_task_job.py:273} INFO - 1 downstream tasks scheduled from follow-on schedule check
