[2025-09-01 12:36:45,254] {taskinstance.py:1159} INFO - Dependencies all met for <TaskInstance: send_weather_to_kafka.stream_hdfs scheduled__2025-09-01T12:06:08.820052+00:00 [queued]>
[2025-09-01 12:36:45,263] {taskinstance.py:1159} INFO - Dependencies all met for <TaskInstance: send_weather_to_kafka.stream_hdfs scheduled__2025-09-01T12:06:08.820052+00:00 [queued]>
[2025-09-01 12:36:45,264] {taskinstance.py:1356} INFO - 
--------------------------------------------------------------------------------
[2025-09-01 12:36:45,264] {taskinstance.py:1357} INFO - Starting attempt 1 of 2
[2025-09-01 12:36:45,264] {taskinstance.py:1358} INFO - 
--------------------------------------------------------------------------------
[2025-09-01 12:36:45,277] {taskinstance.py:1377} INFO - Executing <Task(BashOperator): stream_hdfs> on 2025-09-01 12:06:08.820052+00:00
[2025-09-01 12:36:45,283] {standard_task_runner.py:52} INFO - Started process 16273 to run task
[2025-09-01 12:36:45,286] {standard_task_runner.py:79} INFO - Running: ['***', 'tasks', 'run', 'send_weather_to_kafka', 'stream_hdfs', 'scheduled__2025-09-01T12:06:08.820052+00:00', '--job-id', '540', '--raw', '--subdir', 'DAGS_FOLDER/dag_meteo.py', '--cfg-path', '/tmp/tmp2e9p5nqo', '--error-file', '/tmp/tmpl3uzusq_']
[2025-09-01 12:36:45,286] {standard_task_runner.py:80} INFO - Job 540: Subtask stream_hdfs
[2025-09-01 12:36:45,303] {logging_mixin.py:115} WARNING - /home/***/.local/lib/python3.7/site-packages/***/configuration.py:470 DeprecationWarning: The sql_alchemy_conn option in [core] has been moved to the sql_alchemy_conn option in [database] - the old setting has been used, but please update your config.
[2025-09-01 12:36:45,337] {task_command.py:369} INFO - Running <TaskInstance: send_weather_to_kafka.stream_hdfs scheduled__2025-09-01T12:06:08.820052+00:00 [running]> on host e66737cfc193
[2025-09-01 12:36:45,422] {taskinstance.py:1571} INFO - Exporting the following env vars:
AIRFLOW_CTX_DAG_OWNER=***
AIRFLOW_CTX_DAG_ID=send_weather_to_kafka
AIRFLOW_CTX_TASK_ID=stream_hdfs
AIRFLOW_CTX_EXECUTION_DATE=2025-09-01T12:06:08.820052+00:00
AIRFLOW_CTX_TRY_NUMBER=1
AIRFLOW_CTX_DAG_RUN_ID=scheduled__2025-09-01T12:06:08.820052+00:00
[2025-09-01 12:36:45,423] {subprocess.py:62} INFO - Tmp dir root location: 
 /tmp
[2025-09-01 12:36:45,424] {subprocess.py:74} INFO - Running command: ['bash', '-c', '\n/home/***/.local/bin/spark-submit   --master local[*]   --conf spark.hadoop.fs.defaultFS=hdfs://namenode:9000   --conf spark.hadoop.dfs.client.use.datanode.hostname=true   --conf spark.sql.adaptive.enabled=false   --packages org.apache.spark:spark-sql-kafka-0-10_2.12:3.3.1   /opt/***/scripts/pyspark/streaming.py']
[2025-09-01 12:36:45,435] {subprocess.py:85} INFO - Output:
[2025-09-01 12:36:45,446] {subprocess.py:92} INFO - /opt/spark-3.3.1-bin-hadoop3/bin/load-spark-env.sh: line 68: ps: command not found
[2025-09-01 12:36:46,812] {subprocess.py:92} INFO - :: loading settings :: url = jar:file:/opt/spark-3.3.1-bin-hadoop3/jars/ivy-2.5.0.jar!/org/apache/ivy/core/settings/ivysettings.xml
[2025-09-01 12:36:46,913] {subprocess.py:92} INFO - Ivy Default Cache set to: /home/***/.ivy2/cache
[2025-09-01 12:36:46,914] {subprocess.py:92} INFO - The jars for the packages stored in: /home/***/.ivy2/jars
[2025-09-01 12:36:46,918] {subprocess.py:92} INFO - org.apache.spark#spark-sql-kafka-0-10_2.12 added as a dependency
[2025-09-01 12:36:46,918] {subprocess.py:92} INFO - :: resolving dependencies :: org.apache.spark#spark-submit-parent-0d5af6d3-1a00-4be3-bab2-07c8422b7d5b;1.0
[2025-09-01 12:36:46,919] {subprocess.py:92} INFO - 	confs: [default]
[2025-09-01 12:36:47,060] {subprocess.py:92} INFO - 	found org.apache.spark#spark-sql-kafka-0-10_2.12;3.3.1 in spark-list
[2025-09-01 12:36:47,142] {subprocess.py:92} INFO - 	found org.apache.spark#spark-token-provider-kafka-0-10_2.12;3.3.1 in central
[2025-09-01 12:36:47,182] {subprocess.py:92} INFO - 	found org.apache.kafka#kafka-clients;2.8.1 in central
[2025-09-01 12:36:47,220] {subprocess.py:92} INFO - 	found org.lz4#lz4-java;1.8.0 in central
[2025-09-01 12:36:47,249] {subprocess.py:92} INFO - 	found org.xerial.snappy#snappy-java;1.1.8.4 in central
[2025-09-01 12:36:47,271] {subprocess.py:92} INFO - 	found org.slf4j#slf4j-api;1.7.32 in central
[2025-09-01 12:36:47,303] {subprocess.py:92} INFO - 	found org.apache.hadoop#hadoop-client-runtime;3.3.2 in central
[2025-09-01 12:36:47,321] {subprocess.py:92} INFO - 	found org.spark-project.spark#unused;1.0.0 in central
[2025-09-01 12:36:47,356] {subprocess.py:92} INFO - 	found org.apache.hadoop#hadoop-client-api;3.3.2 in central
[2025-09-01 12:36:47,383] {subprocess.py:92} INFO - 	found commons-logging#commons-logging;1.1.3 in central
[2025-09-01 12:36:47,402] {subprocess.py:92} INFO - 	found com.google.code.findbugs#jsr305;3.0.0 in central
[2025-09-01 12:36:47,419] {subprocess.py:92} INFO - 	found org.apache.commons#commons-pool2;2.11.1 in central
[2025-09-01 12:36:47,453] {subprocess.py:92} INFO - :: resolution report :: resolve 518ms :: artifacts dl 17ms
[2025-09-01 12:36:47,453] {subprocess.py:92} INFO - 	:: modules in use:
[2025-09-01 12:36:47,453] {subprocess.py:92} INFO - 	com.google.code.findbugs#jsr305;3.0.0 from central in [default]
[2025-09-01 12:36:47,453] {subprocess.py:92} INFO - 	commons-logging#commons-logging;1.1.3 from central in [default]
[2025-09-01 12:36:47,453] {subprocess.py:92} INFO - 	org.apache.commons#commons-pool2;2.11.1 from central in [default]
[2025-09-01 12:36:47,453] {subprocess.py:92} INFO - 	org.apache.hadoop#hadoop-client-api;3.3.2 from central in [default]
[2025-09-01 12:36:47,453] {subprocess.py:92} INFO - 	org.apache.hadoop#hadoop-client-runtime;3.3.2 from central in [default]
[2025-09-01 12:36:47,453] {subprocess.py:92} INFO - 	org.apache.kafka#kafka-clients;2.8.1 from central in [default]
[2025-09-01 12:36:47,454] {subprocess.py:92} INFO - 	org.apache.spark#spark-sql-kafka-0-10_2.12;3.3.1 from spark-list in [default]
[2025-09-01 12:36:47,454] {subprocess.py:92} INFO - 	org.apache.spark#spark-token-provider-kafka-0-10_2.12;3.3.1 from central in [default]
[2025-09-01 12:36:47,454] {subprocess.py:92} INFO - 	org.lz4#lz4-java;1.8.0 from central in [default]
[2025-09-01 12:36:47,454] {subprocess.py:92} INFO - 	org.slf4j#slf4j-api;1.7.32 from central in [default]
[2025-09-01 12:36:47,454] {subprocess.py:92} INFO - 	org.spark-project.spark#unused;1.0.0 from central in [default]
[2025-09-01 12:36:47,454] {subprocess.py:92} INFO - 	org.xerial.snappy#snappy-java;1.1.8.4 from central in [default]
[2025-09-01 12:36:47,454] {subprocess.py:92} INFO - 	---------------------------------------------------------------------
[2025-09-01 12:36:47,454] {subprocess.py:92} INFO - 	|                  |            modules            ||   artifacts   |
[2025-09-01 12:36:47,454] {subprocess.py:92} INFO - 	|       conf       | number| search|dwnlded|evicted|| number|dwnlded|
[2025-09-01 12:36:47,454] {subprocess.py:92} INFO - 	---------------------------------------------------------------------
[2025-09-01 12:36:47,454] {subprocess.py:92} INFO - 	|      default     |   12  |   0   |   0   |   0   ||   12  |   0   |
[2025-09-01 12:36:47,454] {subprocess.py:92} INFO - 	---------------------------------------------------------------------
[2025-09-01 12:36:47,463] {subprocess.py:92} INFO - :: retrieving :: org.apache.spark#spark-submit-parent-0d5af6d3-1a00-4be3-bab2-07c8422b7d5b
[2025-09-01 12:36:47,463] {subprocess.py:92} INFO - 	confs: [default]
[2025-09-01 12:36:47,475] {subprocess.py:92} INFO - 	0 artifacts copied, 12 already retrieved (0kB/12ms)
[2025-09-01 12:36:47,675] {subprocess.py:92} INFO - 25/09/01 12:36:47 WARN NativeCodeLoader: Unable to load native-hadoop library for your platform... using builtin-java classes where applicable
[2025-09-01 12:36:48,497] {subprocess.py:92} INFO - 25/09/01 12:36:48 INFO SparkContext: Running Spark version 3.3.1
[2025-09-01 12:36:48,519] {subprocess.py:92} INFO - 25/09/01 12:36:48 INFO ResourceUtils: ==============================================================
[2025-09-01 12:36:48,519] {subprocess.py:92} INFO - 25/09/01 12:36:48 INFO ResourceUtils: No custom resources configured for spark.driver.
[2025-09-01 12:36:48,519] {subprocess.py:92} INFO - 25/09/01 12:36:48 INFO ResourceUtils: ==============================================================
[2025-09-01 12:36:48,519] {subprocess.py:92} INFO - 25/09/01 12:36:48 INFO SparkContext: Submitted application: KafkaToHDFSWeather
[2025-09-01 12:36:48,534] {subprocess.py:92} INFO - 25/09/01 12:36:48 INFO ResourceProfile: Default ResourceProfile created, executor resources: Map(cores -> name: cores, amount: 1, script: , vendor: , memory -> name: memory, amount: 1024, script: , vendor: , offHeap -> name: offHeap, amount: 0, script: , vendor: ), task resources: Map(cpus -> name: cpus, amount: 1.0)
[2025-09-01 12:36:48,542] {subprocess.py:92} INFO - 25/09/01 12:36:48 INFO ResourceProfile: Limiting resource is cpu
[2025-09-01 12:36:48,542] {subprocess.py:92} INFO - 25/09/01 12:36:48 INFO ResourceProfileManager: Added ResourceProfile id: 0
[2025-09-01 12:36:48,579] {subprocess.py:92} INFO - 25/09/01 12:36:48 INFO SecurityManager: Changing view acls to: ***
[2025-09-01 12:36:48,579] {subprocess.py:92} INFO - 25/09/01 12:36:48 INFO SecurityManager: Changing modify acls to: ***
[2025-09-01 12:36:48,579] {subprocess.py:92} INFO - 25/09/01 12:36:48 INFO SecurityManager: Changing view acls groups to:
[2025-09-01 12:36:48,579] {subprocess.py:92} INFO - 25/09/01 12:36:48 INFO SecurityManager: Changing modify acls groups to:
[2025-09-01 12:36:48,580] {subprocess.py:92} INFO - 25/09/01 12:36:48 INFO SecurityManager: SecurityManager: authentication disabled; ui acls disabled; users  with view permissions: Set(***); groups with view permissions: Set(); users  with modify permissions: Set(***); groups with modify permissions: Set()
[2025-09-01 12:36:48,804] {subprocess.py:92} INFO - 25/09/01 12:36:48 INFO Utils: Successfully started service 'sparkDriver' on port 38799.
[2025-09-01 12:36:48,826] {subprocess.py:92} INFO - 25/09/01 12:36:48 INFO SparkEnv: Registering MapOutputTracker
[2025-09-01 12:36:48,852] {subprocess.py:92} INFO - 25/09/01 12:36:48 INFO SparkEnv: Registering BlockManagerMaster
[2025-09-01 12:36:48,865] {subprocess.py:92} INFO - 25/09/01 12:36:48 INFO BlockManagerMasterEndpoint: Using org.apache.spark.storage.DefaultTopologyMapper for getting topology information
[2025-09-01 12:36:48,865] {subprocess.py:92} INFO - 25/09/01 12:36:48 INFO BlockManagerMasterEndpoint: BlockManagerMasterEndpoint up
[2025-09-01 12:36:48,868] {subprocess.py:92} INFO - 25/09/01 12:36:48 INFO SparkEnv: Registering BlockManagerMasterHeartbeat
[2025-09-01 12:36:48,882] {subprocess.py:92} INFO - 25/09/01 12:36:48 INFO DiskBlockManager: Created local directory at /tmp/blockmgr-8b9462ef-ca9f-4ead-b55b-6b2e79e8bf10
[2025-09-01 12:36:48,893] {subprocess.py:92} INFO - 25/09/01 12:36:48 INFO MemoryStore: MemoryStore started with capacity 434.4 MiB
[2025-09-01 12:36:48,904] {subprocess.py:92} INFO - 25/09/01 12:36:48 INFO SparkEnv: Registering OutputCommitCoordinator
[2025-09-01 12:36:49,044] {subprocess.py:92} INFO - 25/09/01 12:36:49 WARN Utils: Service 'SparkUI' could not bind on port 4040. Attempting port 4041.
[2025-09-01 12:36:49,044] {subprocess.py:92} INFO - 25/09/01 12:36:49 WARN Utils: Service 'SparkUI' could not bind on port 4041. Attempting port 4042.
[2025-09-01 12:36:49,054] {subprocess.py:92} INFO - 25/09/01 12:36:49 INFO Utils: Successfully started service 'SparkUI' on port 4042.
[2025-09-01 12:36:49,088] {subprocess.py:92} INFO - 25/09/01 12:36:49 INFO SparkContext: Added JAR file:///home/***/.ivy2/jars/org.apache.spark_spark-sql-kafka-0-10_2.12-3.3.1.jar at spark://e66737cfc193:38799/jars/org.apache.spark_spark-sql-kafka-0-10_2.12-3.3.1.jar with timestamp 1756730208489
[2025-09-01 12:36:49,088] {subprocess.py:92} INFO - 25/09/01 12:36:49 INFO SparkContext: Added JAR file:///home/***/.ivy2/jars/org.apache.spark_spark-token-provider-kafka-0-10_2.12-3.3.1.jar at spark://e66737cfc193:38799/jars/org.apache.spark_spark-token-provider-kafka-0-10_2.12-3.3.1.jar with timestamp 1756730208489
[2025-09-01 12:36:49,088] {subprocess.py:92} INFO - 25/09/01 12:36:49 INFO SparkContext: Added JAR file:///home/***/.ivy2/jars/org.apache.kafka_kafka-clients-2.8.1.jar at spark://e66737cfc193:38799/jars/org.apache.kafka_kafka-clients-2.8.1.jar with timestamp 1756730208489
[2025-09-01 12:36:49,088] {subprocess.py:92} INFO - 25/09/01 12:36:49 INFO SparkContext: Added JAR file:///home/***/.ivy2/jars/com.google.code.findbugs_jsr305-3.0.0.jar at spark://e66737cfc193:38799/jars/com.google.code.findbugs_jsr305-3.0.0.jar with timestamp 1756730208489
[2025-09-01 12:36:49,088] {subprocess.py:92} INFO - 25/09/01 12:36:49 INFO SparkContext: Added JAR file:///home/***/.ivy2/jars/org.apache.commons_commons-pool2-2.11.1.jar at spark://e66737cfc193:38799/jars/org.apache.commons_commons-pool2-2.11.1.jar with timestamp 1756730208489
[2025-09-01 12:36:49,088] {subprocess.py:92} INFO - 25/09/01 12:36:49 INFO SparkContext: Added JAR file:///home/***/.ivy2/jars/org.spark-project.spark_unused-1.0.0.jar at spark://e66737cfc193:38799/jars/org.spark-project.spark_unused-1.0.0.jar with timestamp 1756730208489
[2025-09-01 12:36:49,088] {subprocess.py:92} INFO - 25/09/01 12:36:49 INFO SparkContext: Added JAR file:///home/***/.ivy2/jars/org.apache.hadoop_hadoop-client-runtime-3.3.2.jar at spark://e66737cfc193:38799/jars/org.apache.hadoop_hadoop-client-runtime-3.3.2.jar with timestamp 1756730208489
[2025-09-01 12:36:49,088] {subprocess.py:92} INFO - 25/09/01 12:36:49 INFO SparkContext: Added JAR file:///home/***/.ivy2/jars/org.lz4_lz4-java-1.8.0.jar at spark://e66737cfc193:38799/jars/org.lz4_lz4-java-1.8.0.jar with timestamp 1756730208489
[2025-09-01 12:36:49,088] {subprocess.py:92} INFO - 25/09/01 12:36:49 INFO SparkContext: Added JAR file:///home/***/.ivy2/jars/org.xerial.snappy_snappy-java-1.1.8.4.jar at spark://e66737cfc193:38799/jars/org.xerial.snappy_snappy-java-1.1.8.4.jar with timestamp 1756730208489
[2025-09-01 12:36:49,088] {subprocess.py:92} INFO - 25/09/01 12:36:49 INFO SparkContext: Added JAR file:///home/***/.ivy2/jars/org.slf4j_slf4j-api-1.7.32.jar at spark://e66737cfc193:38799/jars/org.slf4j_slf4j-api-1.7.32.jar with timestamp 1756730208489
[2025-09-01 12:36:49,088] {subprocess.py:92} INFO - 25/09/01 12:36:49 INFO SparkContext: Added JAR file:///home/***/.ivy2/jars/org.apache.hadoop_hadoop-client-api-3.3.2.jar at spark://e66737cfc193:38799/jars/org.apache.hadoop_hadoop-client-api-3.3.2.jar with timestamp 1756730208489
[2025-09-01 12:36:49,088] {subprocess.py:92} INFO - 25/09/01 12:36:49 INFO SparkContext: Added JAR file:///home/***/.ivy2/jars/commons-logging_commons-logging-1.1.3.jar at spark://e66737cfc193:38799/jars/commons-logging_commons-logging-1.1.3.jar with timestamp 1756730208489
[2025-09-01 12:36:49,090] {subprocess.py:92} INFO - 25/09/01 12:36:49 INFO SparkContext: Added file file:///home/***/.ivy2/jars/org.apache.spark_spark-sql-kafka-0-10_2.12-3.3.1.jar at file:///home/***/.ivy2/jars/org.apache.spark_spark-sql-kafka-0-10_2.12-3.3.1.jar with timestamp 1756730208489
[2025-09-01 12:36:49,091] {subprocess.py:92} INFO - 25/09/01 12:36:49 INFO Utils: Copying /home/***/.ivy2/jars/org.apache.spark_spark-sql-kafka-0-10_2.12-3.3.1.jar to /tmp/spark-d516973e-53b2-48ba-8408-abbfe0786a85/userFiles-316743c0-387b-4140-8293-65ac4e1e7126/org.apache.spark_spark-sql-kafka-0-10_2.12-3.3.1.jar
[2025-09-01 12:36:49,099] {subprocess.py:92} INFO - 25/09/01 12:36:49 INFO SparkContext: Added file file:///home/***/.ivy2/jars/org.apache.spark_spark-token-provider-kafka-0-10_2.12-3.3.1.jar at file:///home/***/.ivy2/jars/org.apache.spark_spark-token-provider-kafka-0-10_2.12-3.3.1.jar with timestamp 1756730208489
[2025-09-01 12:36:49,099] {subprocess.py:92} INFO - 25/09/01 12:36:49 INFO Utils: Copying /home/***/.ivy2/jars/org.apache.spark_spark-token-provider-kafka-0-10_2.12-3.3.1.jar to /tmp/spark-d516973e-53b2-48ba-8408-abbfe0786a85/userFiles-316743c0-387b-4140-8293-65ac4e1e7126/org.apache.spark_spark-token-provider-kafka-0-10_2.12-3.3.1.jar
[2025-09-01 12:36:49,103] {subprocess.py:92} INFO - 25/09/01 12:36:49 INFO SparkContext: Added file file:///home/***/.ivy2/jars/org.apache.kafka_kafka-clients-2.8.1.jar at file:///home/***/.ivy2/jars/org.apache.kafka_kafka-clients-2.8.1.jar with timestamp 1756730208489
[2025-09-01 12:36:49,103] {subprocess.py:92} INFO - 25/09/01 12:36:49 INFO Utils: Copying /home/***/.ivy2/jars/org.apache.kafka_kafka-clients-2.8.1.jar to /tmp/spark-d516973e-53b2-48ba-8408-abbfe0786a85/userFiles-316743c0-387b-4140-8293-65ac4e1e7126/org.apache.kafka_kafka-clients-2.8.1.jar
[2025-09-01 12:36:49,108] {subprocess.py:92} INFO - 25/09/01 12:36:49 INFO SparkContext: Added file file:///home/***/.ivy2/jars/com.google.code.findbugs_jsr305-3.0.0.jar at file:///home/***/.ivy2/jars/com.google.code.findbugs_jsr305-3.0.0.jar with timestamp 1756730208489
[2025-09-01 12:36:49,108] {subprocess.py:92} INFO - 25/09/01 12:36:49 INFO Utils: Copying /home/***/.ivy2/jars/com.google.code.findbugs_jsr305-3.0.0.jar to /tmp/spark-d516973e-53b2-48ba-8408-abbfe0786a85/userFiles-316743c0-387b-4140-8293-65ac4e1e7126/com.google.code.findbugs_jsr305-3.0.0.jar
[2025-09-01 12:36:49,112] {subprocess.py:92} INFO - 25/09/01 12:36:49 INFO SparkContext: Added file file:///home/***/.ivy2/jars/org.apache.commons_commons-pool2-2.11.1.jar at file:///home/***/.ivy2/jars/org.apache.commons_commons-pool2-2.11.1.jar with timestamp 1756730208489
[2025-09-01 12:36:49,112] {subprocess.py:92} INFO - 25/09/01 12:36:49 INFO Utils: Copying /home/***/.ivy2/jars/org.apache.commons_commons-pool2-2.11.1.jar to /tmp/spark-d516973e-53b2-48ba-8408-abbfe0786a85/userFiles-316743c0-387b-4140-8293-65ac4e1e7126/org.apache.commons_commons-pool2-2.11.1.jar
[2025-09-01 12:36:49,116] {subprocess.py:92} INFO - 25/09/01 12:36:49 INFO SparkContext: Added file file:///home/***/.ivy2/jars/org.spark-project.spark_unused-1.0.0.jar at file:///home/***/.ivy2/jars/org.spark-project.spark_unused-1.0.0.jar with timestamp 1756730208489
[2025-09-01 12:36:49,116] {subprocess.py:92} INFO - 25/09/01 12:36:49 INFO Utils: Copying /home/***/.ivy2/jars/org.spark-project.spark_unused-1.0.0.jar to /tmp/spark-d516973e-53b2-48ba-8408-abbfe0786a85/userFiles-316743c0-387b-4140-8293-65ac4e1e7126/org.spark-project.spark_unused-1.0.0.jar
[2025-09-01 12:36:49,120] {subprocess.py:92} INFO - 25/09/01 12:36:49 INFO SparkContext: Added file file:///home/***/.ivy2/jars/org.apache.hadoop_hadoop-client-runtime-3.3.2.jar at file:///home/***/.ivy2/jars/org.apache.hadoop_hadoop-client-runtime-3.3.2.jar with timestamp 1756730208489
[2025-09-01 12:36:49,120] {subprocess.py:92} INFO - 25/09/01 12:36:49 INFO Utils: Copying /home/***/.ivy2/jars/org.apache.hadoop_hadoop-client-runtime-3.3.2.jar to /tmp/spark-d516973e-53b2-48ba-8408-abbfe0786a85/userFiles-316743c0-387b-4140-8293-65ac4e1e7126/org.apache.hadoop_hadoop-client-runtime-3.3.2.jar
[2025-09-01 12:36:49,139] {subprocess.py:92} INFO - 25/09/01 12:36:49 INFO SparkContext: Added file file:///home/***/.ivy2/jars/org.lz4_lz4-java-1.8.0.jar at file:///home/***/.ivy2/jars/org.lz4_lz4-java-1.8.0.jar with timestamp 1756730208489
[2025-09-01 12:36:49,139] {subprocess.py:92} INFO - 25/09/01 12:36:49 INFO Utils: Copying /home/***/.ivy2/jars/org.lz4_lz4-java-1.8.0.jar to /tmp/spark-d516973e-53b2-48ba-8408-abbfe0786a85/userFiles-316743c0-387b-4140-8293-65ac4e1e7126/org.lz4_lz4-java-1.8.0.jar
[2025-09-01 12:36:49,142] {subprocess.py:92} INFO - 25/09/01 12:36:49 INFO SparkContext: Added file file:///home/***/.ivy2/jars/org.xerial.snappy_snappy-java-1.1.8.4.jar at file:///home/***/.ivy2/jars/org.xerial.snappy_snappy-java-1.1.8.4.jar with timestamp 1756730208489
[2025-09-01 12:36:49,142] {subprocess.py:92} INFO - 25/09/01 12:36:49 INFO Utils: Copying /home/***/.ivy2/jars/org.xerial.snappy_snappy-java-1.1.8.4.jar to /tmp/spark-d516973e-53b2-48ba-8408-abbfe0786a85/userFiles-316743c0-387b-4140-8293-65ac4e1e7126/org.xerial.snappy_snappy-java-1.1.8.4.jar
[2025-09-01 12:36:49,147] {subprocess.py:92} INFO - 25/09/01 12:36:49 INFO SparkContext: Added file file:///home/***/.ivy2/jars/org.slf4j_slf4j-api-1.7.32.jar at file:///home/***/.ivy2/jars/org.slf4j_slf4j-api-1.7.32.jar with timestamp 1756730208489
[2025-09-01 12:36:49,147] {subprocess.py:92} INFO - 25/09/01 12:36:49 INFO Utils: Copying /home/***/.ivy2/jars/org.slf4j_slf4j-api-1.7.32.jar to /tmp/spark-d516973e-53b2-48ba-8408-abbfe0786a85/userFiles-316743c0-387b-4140-8293-65ac4e1e7126/org.slf4j_slf4j-api-1.7.32.jar
[2025-09-01 12:36:49,151] {subprocess.py:92} INFO - 25/09/01 12:36:49 INFO SparkContext: Added file file:///home/***/.ivy2/jars/org.apache.hadoop_hadoop-client-api-3.3.2.jar at file:///home/***/.ivy2/jars/org.apache.hadoop_hadoop-client-api-3.3.2.jar with timestamp 1756730208489
[2025-09-01 12:36:49,151] {subprocess.py:92} INFO - 25/09/01 12:36:49 INFO Utils: Copying /home/***/.ivy2/jars/org.apache.hadoop_hadoop-client-api-3.3.2.jar to /tmp/spark-d516973e-53b2-48ba-8408-abbfe0786a85/userFiles-316743c0-387b-4140-8293-65ac4e1e7126/org.apache.hadoop_hadoop-client-api-3.3.2.jar
[2025-09-01 12:36:49,165] {subprocess.py:92} INFO - 25/09/01 12:36:49 INFO SparkContext: Added file file:///home/***/.ivy2/jars/commons-logging_commons-logging-1.1.3.jar at file:///home/***/.ivy2/jars/commons-logging_commons-logging-1.1.3.jar with timestamp 1756730208489
[2025-09-01 12:36:49,165] {subprocess.py:92} INFO - 25/09/01 12:36:49 INFO Utils: Copying /home/***/.ivy2/jars/commons-logging_commons-logging-1.1.3.jar to /tmp/spark-d516973e-53b2-48ba-8408-abbfe0786a85/userFiles-316743c0-387b-4140-8293-65ac4e1e7126/commons-logging_commons-logging-1.1.3.jar
[2025-09-01 12:36:49,209] {subprocess.py:92} INFO - 25/09/01 12:36:49 INFO Executor: Starting executor ID driver on host e66737cfc193
[2025-09-01 12:36:49,212] {subprocess.py:92} INFO - 25/09/01 12:36:49 INFO Executor: Starting executor with user classpath (userClassPathFirst = false): ''
[2025-09-01 12:36:49,218] {subprocess.py:92} INFO - 25/09/01 12:36:49 INFO Executor: Fetching file:///home/***/.ivy2/jars/commons-logging_commons-logging-1.1.3.jar with timestamp 1756730208489
[2025-09-01 12:36:49,229] {subprocess.py:92} INFO - 25/09/01 12:36:49 INFO Utils: /home/***/.ivy2/jars/commons-logging_commons-logging-1.1.3.jar has been previously copied to /tmp/spark-d516973e-53b2-48ba-8408-abbfe0786a85/userFiles-316743c0-387b-4140-8293-65ac4e1e7126/commons-logging_commons-logging-1.1.3.jar
[2025-09-01 12:36:49,233] {subprocess.py:92} INFO - 25/09/01 12:36:49 INFO Executor: Fetching file:///home/***/.ivy2/jars/org.spark-project.spark_unused-1.0.0.jar with timestamp 1756730208489
[2025-09-01 12:36:49,233] {subprocess.py:92} INFO - 25/09/01 12:36:49 INFO Utils: /home/***/.ivy2/jars/org.spark-project.spark_unused-1.0.0.jar has been previously copied to /tmp/spark-d516973e-53b2-48ba-8408-abbfe0786a85/userFiles-316743c0-387b-4140-8293-65ac4e1e7126/org.spark-project.spark_unused-1.0.0.jar
[2025-09-01 12:36:49,236] {subprocess.py:92} INFO - 25/09/01 12:36:49 INFO Executor: Fetching file:///home/***/.ivy2/jars/org.apache.spark_spark-sql-kafka-0-10_2.12-3.3.1.jar with timestamp 1756730208489
[2025-09-01 12:36:49,242] {subprocess.py:92} INFO - 25/09/01 12:36:49 INFO Utils: /home/***/.ivy2/jars/org.apache.spark_spark-sql-kafka-0-10_2.12-3.3.1.jar has been previously copied to /tmp/spark-d516973e-53b2-48ba-8408-abbfe0786a85/userFiles-316743c0-387b-4140-8293-65ac4e1e7126/org.apache.spark_spark-sql-kafka-0-10_2.12-3.3.1.jar
[2025-09-01 12:36:49,244] {subprocess.py:92} INFO - 25/09/01 12:36:49 INFO Executor: Fetching file:///home/***/.ivy2/jars/org.apache.hadoop_hadoop-client-api-3.3.2.jar with timestamp 1756730208489
[2025-09-01 12:36:49,255] {subprocess.py:92} INFO - 25/09/01 12:36:49 INFO Utils: /home/***/.ivy2/jars/org.apache.hadoop_hadoop-client-api-3.3.2.jar has been previously copied to /tmp/spark-d516973e-53b2-48ba-8408-abbfe0786a85/userFiles-316743c0-387b-4140-8293-65ac4e1e7126/org.apache.hadoop_hadoop-client-api-3.3.2.jar
[2025-09-01 12:36:49,258] {subprocess.py:92} INFO - 25/09/01 12:36:49 INFO Executor: Fetching file:///home/***/.ivy2/jars/org.apache.hadoop_hadoop-client-runtime-3.3.2.jar with timestamp 1756730208489
[2025-09-01 12:36:49,273] {subprocess.py:92} INFO - 25/09/01 12:36:49 INFO Utils: /home/***/.ivy2/jars/org.apache.hadoop_hadoop-client-runtime-3.3.2.jar has been previously copied to /tmp/spark-d516973e-53b2-48ba-8408-abbfe0786a85/userFiles-316743c0-387b-4140-8293-65ac4e1e7126/org.apache.hadoop_hadoop-client-runtime-3.3.2.jar
[2025-09-01 12:36:49,275] {subprocess.py:92} INFO - 25/09/01 12:36:49 INFO Executor: Fetching file:///home/***/.ivy2/jars/org.slf4j_slf4j-api-1.7.32.jar with timestamp 1756730208489
[2025-09-01 12:36:49,276] {subprocess.py:92} INFO - 25/09/01 12:36:49 INFO Utils: /home/***/.ivy2/jars/org.slf4j_slf4j-api-1.7.32.jar has been previously copied to /tmp/spark-d516973e-53b2-48ba-8408-abbfe0786a85/userFiles-316743c0-387b-4140-8293-65ac4e1e7126/org.slf4j_slf4j-api-1.7.32.jar
[2025-09-01 12:36:49,279] {subprocess.py:92} INFO - 25/09/01 12:36:49 INFO Executor: Fetching file:///home/***/.ivy2/jars/org.lz4_lz4-java-1.8.0.jar with timestamp 1756730208489
[2025-09-01 12:36:49,280] {subprocess.py:92} INFO - 25/09/01 12:36:49 INFO Utils: /home/***/.ivy2/jars/org.lz4_lz4-java-1.8.0.jar has been previously copied to /tmp/spark-d516973e-53b2-48ba-8408-abbfe0786a85/userFiles-316743c0-387b-4140-8293-65ac4e1e7126/org.lz4_lz4-java-1.8.0.jar
[2025-09-01 12:36:49,284] {subprocess.py:92} INFO - 25/09/01 12:36:49 INFO Executor: Fetching file:///home/***/.ivy2/jars/org.apache.commons_commons-pool2-2.11.1.jar with timestamp 1756730208489
[2025-09-01 12:36:49,284] {subprocess.py:92} INFO - 25/09/01 12:36:49 INFO Utils: /home/***/.ivy2/jars/org.apache.commons_commons-pool2-2.11.1.jar has been previously copied to /tmp/spark-d516973e-53b2-48ba-8408-abbfe0786a85/userFiles-316743c0-387b-4140-8293-65ac4e1e7126/org.apache.commons_commons-pool2-2.11.1.jar
[2025-09-01 12:36:49,287] {subprocess.py:92} INFO - 25/09/01 12:36:49 INFO Executor: Fetching file:///home/***/.ivy2/jars/com.google.code.findbugs_jsr305-3.0.0.jar with timestamp 1756730208489
[2025-09-01 12:36:49,288] {subprocess.py:92} INFO - 25/09/01 12:36:49 INFO Utils: /home/***/.ivy2/jars/com.google.code.findbugs_jsr305-3.0.0.jar has been previously copied to /tmp/spark-d516973e-53b2-48ba-8408-abbfe0786a85/userFiles-316743c0-387b-4140-8293-65ac4e1e7126/com.google.code.findbugs_jsr305-3.0.0.jar
[2025-09-01 12:36:49,291] {subprocess.py:92} INFO - 25/09/01 12:36:49 INFO Executor: Fetching file:///home/***/.ivy2/jars/org.apache.spark_spark-token-provider-kafka-0-10_2.12-3.3.1.jar with timestamp 1756730208489
[2025-09-01 12:36:49,292] {subprocess.py:92} INFO - 25/09/01 12:36:49 INFO Utils: /home/***/.ivy2/jars/org.apache.spark_spark-token-provider-kafka-0-10_2.12-3.3.1.jar has been previously copied to /tmp/spark-d516973e-53b2-48ba-8408-abbfe0786a85/userFiles-316743c0-387b-4140-8293-65ac4e1e7126/org.apache.spark_spark-token-provider-kafka-0-10_2.12-3.3.1.jar
[2025-09-01 12:36:49,295] {subprocess.py:92} INFO - 25/09/01 12:36:49 INFO Executor: Fetching file:///home/***/.ivy2/jars/org.apache.kafka_kafka-clients-2.8.1.jar with timestamp 1756730208489
[2025-09-01 12:36:49,300] {subprocess.py:92} INFO - 25/09/01 12:36:49 INFO Utils: /home/***/.ivy2/jars/org.apache.kafka_kafka-clients-2.8.1.jar has been previously copied to /tmp/spark-d516973e-53b2-48ba-8408-abbfe0786a85/userFiles-316743c0-387b-4140-8293-65ac4e1e7126/org.apache.kafka_kafka-clients-2.8.1.jar
[2025-09-01 12:36:49,303] {subprocess.py:92} INFO - 25/09/01 12:36:49 INFO Executor: Fetching file:///home/***/.ivy2/jars/org.xerial.snappy_snappy-java-1.1.8.4.jar with timestamp 1756730208489
[2025-09-01 12:36:49,305] {subprocess.py:92} INFO - 25/09/01 12:36:49 INFO Utils: /home/***/.ivy2/jars/org.xerial.snappy_snappy-java-1.1.8.4.jar has been previously copied to /tmp/spark-d516973e-53b2-48ba-8408-abbfe0786a85/userFiles-316743c0-387b-4140-8293-65ac4e1e7126/org.xerial.snappy_snappy-java-1.1.8.4.jar
[2025-09-01 12:36:49,311] {subprocess.py:92} INFO - 25/09/01 12:36:49 INFO Executor: Fetching spark://e66737cfc193:38799/jars/com.google.code.findbugs_jsr305-3.0.0.jar with timestamp 1756730208489
[2025-09-01 12:36:49,350] {subprocess.py:92} INFO - 25/09/01 12:36:49 INFO TransportClientFactory: Successfully created connection to e66737cfc193/172.20.0.18:38799 after 27 ms (0 ms spent in bootstraps)
[2025-09-01 12:36:49,358] {subprocess.py:92} INFO - 25/09/01 12:36:49 INFO Utils: Fetching spark://e66737cfc193:38799/jars/com.google.code.findbugs_jsr305-3.0.0.jar to /tmp/spark-d516973e-53b2-48ba-8408-abbfe0786a85/userFiles-316743c0-387b-4140-8293-65ac4e1e7126/fetchFileTemp5708215103653220041.tmp
[2025-09-01 12:36:49,391] {subprocess.py:92} INFO - 25/09/01 12:36:49 INFO Utils: /tmp/spark-d516973e-53b2-48ba-8408-abbfe0786a85/userFiles-316743c0-387b-4140-8293-65ac4e1e7126/fetchFileTemp5708215103653220041.tmp has been previously copied to /tmp/spark-d516973e-53b2-48ba-8408-abbfe0786a85/userFiles-316743c0-387b-4140-8293-65ac4e1e7126/com.google.code.findbugs_jsr305-3.0.0.jar
[2025-09-01 12:36:49,396] {subprocess.py:92} INFO - 25/09/01 12:36:49 INFO Executor: Adding file:/tmp/spark-d516973e-53b2-48ba-8408-abbfe0786a85/userFiles-316743c0-387b-4140-8293-65ac4e1e7126/com.google.code.findbugs_jsr305-3.0.0.jar to class loader
[2025-09-01 12:36:49,396] {subprocess.py:92} INFO - 25/09/01 12:36:49 INFO Executor: Fetching spark://e66737cfc193:38799/jars/org.apache.hadoop_hadoop-client-runtime-3.3.2.jar with timestamp 1756730208489
[2025-09-01 12:36:49,397] {subprocess.py:92} INFO - 25/09/01 12:36:49 INFO Utils: Fetching spark://e66737cfc193:38799/jars/org.apache.hadoop_hadoop-client-runtime-3.3.2.jar to /tmp/spark-d516973e-53b2-48ba-8408-abbfe0786a85/userFiles-316743c0-387b-4140-8293-65ac4e1e7126/fetchFileTemp6499997758216046944.tmp
[2025-09-01 12:36:49,486] {subprocess.py:92} INFO - 25/09/01 12:36:49 INFO Utils: /tmp/spark-d516973e-53b2-48ba-8408-abbfe0786a85/userFiles-316743c0-387b-4140-8293-65ac4e1e7126/fetchFileTemp6499997758216046944.tmp has been previously copied to /tmp/spark-d516973e-53b2-48ba-8408-abbfe0786a85/userFiles-316743c0-387b-4140-8293-65ac4e1e7126/org.apache.hadoop_hadoop-client-runtime-3.3.2.jar
[2025-09-01 12:36:49,492] {subprocess.py:92} INFO - 25/09/01 12:36:49 INFO Executor: Adding file:/tmp/spark-d516973e-53b2-48ba-8408-abbfe0786a85/userFiles-316743c0-387b-4140-8293-65ac4e1e7126/org.apache.hadoop_hadoop-client-runtime-3.3.2.jar to class loader
[2025-09-01 12:36:49,492] {subprocess.py:92} INFO - 25/09/01 12:36:49 INFO Executor: Fetching spark://e66737cfc193:38799/jars/org.apache.spark_spark-token-provider-kafka-0-10_2.12-3.3.1.jar with timestamp 1756730208489
[2025-09-01 12:36:49,492] {subprocess.py:92} INFO - 25/09/01 12:36:49 INFO Utils: Fetching spark://e66737cfc193:38799/jars/org.apache.spark_spark-token-provider-kafka-0-10_2.12-3.3.1.jar to /tmp/spark-d516973e-53b2-48ba-8408-abbfe0786a85/userFiles-316743c0-387b-4140-8293-65ac4e1e7126/fetchFileTemp4560505310848805735.tmp
[2025-09-01 12:36:49,494] {subprocess.py:92} INFO - 25/09/01 12:36:49 INFO Utils: /tmp/spark-d516973e-53b2-48ba-8408-abbfe0786a85/userFiles-316743c0-387b-4140-8293-65ac4e1e7126/fetchFileTemp4560505310848805735.tmp has been previously copied to /tmp/spark-d516973e-53b2-48ba-8408-abbfe0786a85/userFiles-316743c0-387b-4140-8293-65ac4e1e7126/org.apache.spark_spark-token-provider-kafka-0-10_2.12-3.3.1.jar
[2025-09-01 12:36:49,499] {subprocess.py:92} INFO - 25/09/01 12:36:49 INFO Executor: Adding file:/tmp/spark-d516973e-53b2-48ba-8408-abbfe0786a85/userFiles-316743c0-387b-4140-8293-65ac4e1e7126/org.apache.spark_spark-token-provider-kafka-0-10_2.12-3.3.1.jar to class loader
[2025-09-01 12:36:49,499] {subprocess.py:92} INFO - 25/09/01 12:36:49 INFO Executor: Fetching spark://e66737cfc193:38799/jars/org.apache.kafka_kafka-clients-2.8.1.jar with timestamp 1756730208489
[2025-09-01 12:36:49,500] {subprocess.py:92} INFO - 25/09/01 12:36:49 INFO Utils: Fetching spark://e66737cfc193:38799/jars/org.apache.kafka_kafka-clients-2.8.1.jar to /tmp/spark-d516973e-53b2-48ba-8408-abbfe0786a85/userFiles-316743c0-387b-4140-8293-65ac4e1e7126/fetchFileTemp5606954611444428573.tmp
[2025-09-01 12:36:49,524] {subprocess.py:92} INFO - 25/09/01 12:36:49 INFO Utils: /tmp/spark-d516973e-53b2-48ba-8408-abbfe0786a85/userFiles-316743c0-387b-4140-8293-65ac4e1e7126/fetchFileTemp5606954611444428573.tmp has been previously copied to /tmp/spark-d516973e-53b2-48ba-8408-abbfe0786a85/userFiles-316743c0-387b-4140-8293-65ac4e1e7126/org.apache.kafka_kafka-clients-2.8.1.jar
[2025-09-01 12:36:49,528] {subprocess.py:92} INFO - 25/09/01 12:36:49 INFO Executor: Adding file:/tmp/spark-d516973e-53b2-48ba-8408-abbfe0786a85/userFiles-316743c0-387b-4140-8293-65ac4e1e7126/org.apache.kafka_kafka-clients-2.8.1.jar to class loader
[2025-09-01 12:36:49,529] {subprocess.py:92} INFO - 25/09/01 12:36:49 INFO Executor: Fetching spark://e66737cfc193:38799/jars/org.xerial.snappy_snappy-java-1.1.8.4.jar with timestamp 1756730208489
[2025-09-01 12:36:49,529] {subprocess.py:92} INFO - 25/09/01 12:36:49 INFO Utils: Fetching spark://e66737cfc193:38799/jars/org.xerial.snappy_snappy-java-1.1.8.4.jar to /tmp/spark-d516973e-53b2-48ba-8408-abbfe0786a85/userFiles-316743c0-387b-4140-8293-65ac4e1e7126/fetchFileTemp15259441627233675770.tmp
[2025-09-01 12:36:49,538] {subprocess.py:92} INFO - 25/09/01 12:36:49 INFO Utils: /tmp/spark-d516973e-53b2-48ba-8408-abbfe0786a85/userFiles-316743c0-387b-4140-8293-65ac4e1e7126/fetchFileTemp15259441627233675770.tmp has been previously copied to /tmp/spark-d516973e-53b2-48ba-8408-abbfe0786a85/userFiles-316743c0-387b-4140-8293-65ac4e1e7126/org.xerial.snappy_snappy-java-1.1.8.4.jar
[2025-09-01 12:36:49,542] {subprocess.py:92} INFO - 25/09/01 12:36:49 INFO Executor: Adding file:/tmp/spark-d516973e-53b2-48ba-8408-abbfe0786a85/userFiles-316743c0-387b-4140-8293-65ac4e1e7126/org.xerial.snappy_snappy-java-1.1.8.4.jar to class loader
[2025-09-01 12:36:49,542] {subprocess.py:92} INFO - 25/09/01 12:36:49 INFO Executor: Fetching spark://e66737cfc193:38799/jars/org.apache.commons_commons-pool2-2.11.1.jar with timestamp 1756730208489
[2025-09-01 12:36:49,543] {subprocess.py:92} INFO - 25/09/01 12:36:49 INFO Utils: Fetching spark://e66737cfc193:38799/jars/org.apache.commons_commons-pool2-2.11.1.jar to /tmp/spark-d516973e-53b2-48ba-8408-abbfe0786a85/userFiles-316743c0-387b-4140-8293-65ac4e1e7126/fetchFileTemp13605633909675476544.tmp
[2025-09-01 12:36:49,545] {subprocess.py:92} INFO - 25/09/01 12:36:49 INFO Utils: /tmp/spark-d516973e-53b2-48ba-8408-abbfe0786a85/userFiles-316743c0-387b-4140-8293-65ac4e1e7126/fetchFileTemp13605633909675476544.tmp has been previously copied to /tmp/spark-d516973e-53b2-48ba-8408-abbfe0786a85/userFiles-316743c0-387b-4140-8293-65ac4e1e7126/org.apache.commons_commons-pool2-2.11.1.jar
[2025-09-01 12:36:49,549] {subprocess.py:92} INFO - 25/09/01 12:36:49 INFO Executor: Adding file:/tmp/spark-d516973e-53b2-48ba-8408-abbfe0786a85/userFiles-316743c0-387b-4140-8293-65ac4e1e7126/org.apache.commons_commons-pool2-2.11.1.jar to class loader
[2025-09-01 12:36:49,549] {subprocess.py:92} INFO - 25/09/01 12:36:49 INFO Executor: Fetching spark://e66737cfc193:38799/jars/commons-logging_commons-logging-1.1.3.jar with timestamp 1756730208489
[2025-09-01 12:36:49,550] {subprocess.py:92} INFO - 25/09/01 12:36:49 INFO Utils: Fetching spark://e66737cfc193:38799/jars/commons-logging_commons-logging-1.1.3.jar to /tmp/spark-d516973e-53b2-48ba-8408-abbfe0786a85/userFiles-316743c0-387b-4140-8293-65ac4e1e7126/fetchFileTemp9253653895193817046.tmp
[2025-09-01 12:36:49,551] {subprocess.py:92} INFO - 25/09/01 12:36:49 INFO Utils: /tmp/spark-d516973e-53b2-48ba-8408-abbfe0786a85/userFiles-316743c0-387b-4140-8293-65ac4e1e7126/fetchFileTemp9253653895193817046.tmp has been previously copied to /tmp/spark-d516973e-53b2-48ba-8408-abbfe0786a85/userFiles-316743c0-387b-4140-8293-65ac4e1e7126/commons-logging_commons-logging-1.1.3.jar
[2025-09-01 12:36:49,555] {subprocess.py:92} INFO - 25/09/01 12:36:49 INFO Executor: Adding file:/tmp/spark-d516973e-53b2-48ba-8408-abbfe0786a85/userFiles-316743c0-387b-4140-8293-65ac4e1e7126/commons-logging_commons-logging-1.1.3.jar to class loader
[2025-09-01 12:36:49,555] {subprocess.py:92} INFO - 25/09/01 12:36:49 INFO Executor: Fetching spark://e66737cfc193:38799/jars/org.apache.spark_spark-sql-kafka-0-10_2.12-3.3.1.jar with timestamp 1756730208489
[2025-09-01 12:36:49,556] {subprocess.py:92} INFO - 25/09/01 12:36:49 INFO Utils: Fetching spark://e66737cfc193:38799/jars/org.apache.spark_spark-sql-kafka-0-10_2.12-3.3.1.jar to /tmp/spark-d516973e-53b2-48ba-8408-abbfe0786a85/userFiles-316743c0-387b-4140-8293-65ac4e1e7126/fetchFileTemp4873626185440434282.tmp
[2025-09-01 12:36:49,558] {subprocess.py:92} INFO - 25/09/01 12:36:49 INFO Utils: /tmp/spark-d516973e-53b2-48ba-8408-abbfe0786a85/userFiles-316743c0-387b-4140-8293-65ac4e1e7126/fetchFileTemp4873626185440434282.tmp has been previously copied to /tmp/spark-d516973e-53b2-48ba-8408-abbfe0786a85/userFiles-316743c0-387b-4140-8293-65ac4e1e7126/org.apache.spark_spark-sql-kafka-0-10_2.12-3.3.1.jar
[2025-09-01 12:36:49,562] {subprocess.py:92} INFO - 25/09/01 12:36:49 INFO Executor: Adding file:/tmp/spark-d516973e-53b2-48ba-8408-abbfe0786a85/userFiles-316743c0-387b-4140-8293-65ac4e1e7126/org.apache.spark_spark-sql-kafka-0-10_2.12-3.3.1.jar to class loader
[2025-09-01 12:36:49,562] {subprocess.py:92} INFO - 25/09/01 12:36:49 INFO Executor: Fetching spark://e66737cfc193:38799/jars/org.lz4_lz4-java-1.8.0.jar with timestamp 1756730208489
[2025-09-01 12:36:49,563] {subprocess.py:92} INFO - 25/09/01 12:36:49 INFO Utils: Fetching spark://e66737cfc193:38799/jars/org.lz4_lz4-java-1.8.0.jar to /tmp/spark-d516973e-53b2-48ba-8408-abbfe0786a85/userFiles-316743c0-387b-4140-8293-65ac4e1e7126/fetchFileTemp18002175119998285605.tmp
[2025-09-01 12:36:49,568] {subprocess.py:92} INFO - 25/09/01 12:36:49 INFO Utils: /tmp/spark-d516973e-53b2-48ba-8408-abbfe0786a85/userFiles-316743c0-387b-4140-8293-65ac4e1e7126/fetchFileTemp18002175119998285605.tmp has been previously copied to /tmp/spark-d516973e-53b2-48ba-8408-abbfe0786a85/userFiles-316743c0-387b-4140-8293-65ac4e1e7126/org.lz4_lz4-java-1.8.0.jar
[2025-09-01 12:36:49,572] {subprocess.py:92} INFO - 25/09/01 12:36:49 INFO Executor: Adding file:/tmp/spark-d516973e-53b2-48ba-8408-abbfe0786a85/userFiles-316743c0-387b-4140-8293-65ac4e1e7126/org.lz4_lz4-java-1.8.0.jar to class loader
[2025-09-01 12:36:49,572] {subprocess.py:92} INFO - 25/09/01 12:36:49 INFO Executor: Fetching spark://e66737cfc193:38799/jars/org.spark-project.spark_unused-1.0.0.jar with timestamp 1756730208489
[2025-09-01 12:36:49,572] {subprocess.py:92} INFO - 25/09/01 12:36:49 INFO Utils: Fetching spark://e66737cfc193:38799/jars/org.spark-project.spark_unused-1.0.0.jar to /tmp/spark-d516973e-53b2-48ba-8408-abbfe0786a85/userFiles-316743c0-387b-4140-8293-65ac4e1e7126/fetchFileTemp8582648888421247621.tmp
[2025-09-01 12:36:49,574] {subprocess.py:92} INFO - 25/09/01 12:36:49 INFO Utils: /tmp/spark-d516973e-53b2-48ba-8408-abbfe0786a85/userFiles-316743c0-387b-4140-8293-65ac4e1e7126/fetchFileTemp8582648888421247621.tmp has been previously copied to /tmp/spark-d516973e-53b2-48ba-8408-abbfe0786a85/userFiles-316743c0-387b-4140-8293-65ac4e1e7126/org.spark-project.spark_unused-1.0.0.jar
[2025-09-01 12:36:49,580] {subprocess.py:92} INFO - 25/09/01 12:36:49 INFO Executor: Adding file:/tmp/spark-d516973e-53b2-48ba-8408-abbfe0786a85/userFiles-316743c0-387b-4140-8293-65ac4e1e7126/org.spark-project.spark_unused-1.0.0.jar to class loader
[2025-09-01 12:36:49,580] {subprocess.py:92} INFO - 25/09/01 12:36:49 INFO Executor: Fetching spark://e66737cfc193:38799/jars/org.apache.hadoop_hadoop-client-api-3.3.2.jar with timestamp 1756730208489
[2025-09-01 12:36:49,581] {subprocess.py:92} INFO - 25/09/01 12:36:49 INFO Utils: Fetching spark://e66737cfc193:38799/jars/org.apache.hadoop_hadoop-client-api-3.3.2.jar to /tmp/spark-d516973e-53b2-48ba-8408-abbfe0786a85/userFiles-316743c0-387b-4140-8293-65ac4e1e7126/fetchFileTemp13373996155451599188.tmp
[2025-09-01 12:36:49,663] {subprocess.py:92} INFO - 25/09/01 12:36:49 INFO Utils: /tmp/spark-d516973e-53b2-48ba-8408-abbfe0786a85/userFiles-316743c0-387b-4140-8293-65ac4e1e7126/fetchFileTemp13373996155451599188.tmp has been previously copied to /tmp/spark-d516973e-53b2-48ba-8408-abbfe0786a85/userFiles-316743c0-387b-4140-8293-65ac4e1e7126/org.apache.hadoop_hadoop-client-api-3.3.2.jar
[2025-09-01 12:36:49,670] {subprocess.py:92} INFO - 25/09/01 12:36:49 INFO Executor: Adding file:/tmp/spark-d516973e-53b2-48ba-8408-abbfe0786a85/userFiles-316743c0-387b-4140-8293-65ac4e1e7126/org.apache.hadoop_hadoop-client-api-3.3.2.jar to class loader
[2025-09-01 12:36:49,670] {subprocess.py:92} INFO - 25/09/01 12:36:49 INFO Executor: Fetching spark://e66737cfc193:38799/jars/org.slf4j_slf4j-api-1.7.32.jar with timestamp 1756730208489
[2025-09-01 12:36:49,670] {subprocess.py:92} INFO - 25/09/01 12:36:49 INFO Utils: Fetching spark://e66737cfc193:38799/jars/org.slf4j_slf4j-api-1.7.32.jar to /tmp/spark-d516973e-53b2-48ba-8408-abbfe0786a85/userFiles-316743c0-387b-4140-8293-65ac4e1e7126/fetchFileTemp16662265334242816657.tmp
[2025-09-01 12:36:49,672] {subprocess.py:92} INFO - 25/09/01 12:36:49 INFO Utils: /tmp/spark-d516973e-53b2-48ba-8408-abbfe0786a85/userFiles-316743c0-387b-4140-8293-65ac4e1e7126/fetchFileTemp16662265334242816657.tmp has been previously copied to /tmp/spark-d516973e-53b2-48ba-8408-abbfe0786a85/userFiles-316743c0-387b-4140-8293-65ac4e1e7126/org.slf4j_slf4j-api-1.7.32.jar
[2025-09-01 12:36:49,675] {subprocess.py:92} INFO - 25/09/01 12:36:49 INFO Executor: Adding file:/tmp/spark-d516973e-53b2-48ba-8408-abbfe0786a85/userFiles-316743c0-387b-4140-8293-65ac4e1e7126/org.slf4j_slf4j-api-1.7.32.jar to class loader
[2025-09-01 12:36:49,682] {subprocess.py:92} INFO - 25/09/01 12:36:49 INFO Utils: Successfully started service 'org.apache.spark.network.netty.NettyBlockTransferService' on port 34195.
[2025-09-01 12:36:49,682] {subprocess.py:92} INFO - 25/09/01 12:36:49 INFO NettyBlockTransferService: Server created on e66737cfc193:34195
[2025-09-01 12:36:49,683] {subprocess.py:92} INFO - 25/09/01 12:36:49 INFO BlockManager: Using org.apache.spark.storage.RandomBlockReplicationPolicy for block replication policy
[2025-09-01 12:36:49,687] {subprocess.py:92} INFO - 25/09/01 12:36:49 INFO BlockManagerMaster: Registering BlockManager BlockManagerId(driver, e66737cfc193, 34195, None)
[2025-09-01 12:36:49,689] {subprocess.py:92} INFO - 25/09/01 12:36:49 INFO BlockManagerMasterEndpoint: Registering block manager e66737cfc193:34195 with 434.4 MiB RAM, BlockManagerId(driver, e66737cfc193, 34195, None)
[2025-09-01 12:36:49,691] {subprocess.py:92} INFO - 25/09/01 12:36:49 INFO BlockManagerMaster: Registered BlockManager BlockManagerId(driver, e66737cfc193, 34195, None)
[2025-09-01 12:36:49,692] {subprocess.py:92} INFO - 25/09/01 12:36:49 INFO BlockManager: Initialized BlockManager: BlockManagerId(driver, e66737cfc193, 34195, None)
[2025-09-01 12:36:50,023] {subprocess.py:92} INFO - Connexion à Kafka...
[2025-09-01 12:36:51,536] {subprocess.py:92} INFO - Connexion Kafka réussie (kafka:9092)
[2025-09-01 12:36:51,536] {subprocess.py:92} INFO - Transformation des données JSON...
[2025-09-01 12:36:51,788] {subprocess.py:92} INFO - Démarrage du streaming vers HDFS...
[2025-09-01 12:36:52,287] {subprocess.py:92} INFO - Streaming actif - Données météo sauvegardées dans HDFS:/data/weather
[2025-09-01 12:39:00,149] {subprocess.py:92} INFO - 25/09/01 12:39:00 WARN CheckpointFileManager: Failed to rename temp file hdfs://namenode:9000/checkpoints/weather/offsets/.64.520f81d9-7c2e-4a28-a6d5-82bb7276594a.tmp to hdfs://namenode:9000/checkpoints/weather/offsets/64 because file exists
[2025-09-01 12:39:00,150] {subprocess.py:92} INFO - org.apache.hadoop.fs.FileAlreadyExistsException: rename destination /checkpoints/weather/offsets/64 already exists
[2025-09-01 12:39:00,150] {subprocess.py:92} INFO - 	at org.apache.hadoop.hdfs.server.namenode.FSDirRenameOp.validateOverwrite(FSDirRenameOp.java:565)
[2025-09-01 12:39:00,150] {subprocess.py:92} INFO - 	at org.apache.hadoop.hdfs.server.namenode.FSDirRenameOp.unprotectedRenameTo(FSDirRenameOp.java:399)
[2025-09-01 12:39:00,151] {subprocess.py:92} INFO - 	at org.apache.hadoop.hdfs.server.namenode.FSDirRenameOp.renameTo(FSDirRenameOp.java:311)
[2025-09-01 12:39:00,151] {subprocess.py:92} INFO - 	at org.apache.hadoop.hdfs.server.namenode.FSDirRenameOp.renameToInt(FSDirRenameOp.java:256)
[2025-09-01 12:39:00,151] {subprocess.py:92} INFO - 	at org.apache.hadoop.hdfs.server.namenode.FSNamesystem.renameTo(FSNamesystem.java:3257)
[2025-09-01 12:39:00,151] {subprocess.py:92} INFO - 	at org.apache.hadoop.hdfs.server.namenode.NameNodeRpcServer.rename2(NameNodeRpcServer.java:1096)
[2025-09-01 12:39:00,151] {subprocess.py:92} INFO - 	at org.apache.hadoop.hdfs.protocolPB.ClientNamenodeProtocolServerSideTranslatorPB.rename2(ClientNamenodeProtocolServerSideTranslatorPB.java:703)
[2025-09-01 12:39:00,151] {subprocess.py:92} INFO - 	at org.apache.hadoop.hdfs.protocol.proto.ClientNamenodeProtocolProtos$ClientNamenodeProtocol$2.callBlockingMethod(ClientNamenodeProtocolProtos.java)
[2025-09-01 12:39:00,151] {subprocess.py:92} INFO - 	at org.apache.hadoop.ipc.ProtobufRpcEngine2$Server$ProtoBufRpcInvoker.call(ProtobufRpcEngine2.java:621)
[2025-09-01 12:39:00,151] {subprocess.py:92} INFO - 	at org.apache.hadoop.ipc.ProtobufRpcEngine2$Server$ProtoBufRpcInvoker.call(ProtobufRpcEngine2.java:589)
[2025-09-01 12:39:00,152] {subprocess.py:92} INFO - 	at org.apache.hadoop.ipc.ProtobufRpcEngine2$Server$ProtoBufRpcInvoker.call(ProtobufRpcEngine2.java:573)
[2025-09-01 12:39:00,152] {subprocess.py:92} INFO - 	at org.apache.hadoop.ipc.RPC$Server.call(RPC.java:1227)
[2025-09-01 12:39:00,152] {subprocess.py:92} INFO - 	at org.apache.hadoop.ipc.Server$RpcCall.run(Server.java:1094)
[2025-09-01 12:39:00,152] {subprocess.py:92} INFO - 	at org.apache.hadoop.ipc.Server$RpcCall.run(Server.java:1017)
[2025-09-01 12:39:00,152] {subprocess.py:92} INFO - 	at java.security.AccessController.doPrivileged(Native Method)
[2025-09-01 12:39:00,152] {subprocess.py:92} INFO - 	at javax.security.auth.Subject.doAs(Subject.java:422)
[2025-09-01 12:39:00,152] {subprocess.py:92} INFO - 	at org.apache.hadoop.security.UserGroupInformation.doAs(UserGroupInformation.java:1899)
[2025-09-01 12:39:00,152] {subprocess.py:92} INFO - 	at org.apache.hadoop.ipc.Server$Handler.run(Server.java:3048)
[2025-09-01 12:39:00,152] {subprocess.py:92} INFO - 
[2025-09-01 12:39:00,152] {subprocess.py:92} INFO - 	at java.base/jdk.internal.reflect.NativeConstructorAccessorImpl.newInstance0(Native Method)
[2025-09-01 12:39:00,152] {subprocess.py:92} INFO - 	at java.base/jdk.internal.reflect.NativeConstructorAccessorImpl.newInstance(NativeConstructorAccessorImpl.java:62)
[2025-09-01 12:39:00,153] {subprocess.py:92} INFO - 	at java.base/jdk.internal.reflect.DelegatingConstructorAccessorImpl.newInstance(DelegatingConstructorAccessorImpl.java:45)
[2025-09-01 12:39:00,153] {subprocess.py:92} INFO - 	at java.base/java.lang.reflect.Constructor.newInstance(Constructor.java:490)
[2025-09-01 12:39:00,153] {subprocess.py:92} INFO - 	at org.apache.hadoop.ipc.RemoteException.instantiateException(RemoteException.java:121)
[2025-09-01 12:39:00,153] {subprocess.py:92} INFO - 	at org.apache.hadoop.ipc.RemoteException.unwrapRemoteException(RemoteException.java:88)
[2025-09-01 12:39:00,153] {subprocess.py:92} INFO - 	at org.apache.hadoop.hdfs.DFSClient.rename(DFSClient.java:1611)
[2025-09-01 12:39:00,153] {subprocess.py:92} INFO - 	at org.apache.hadoop.fs.Hdfs.renameInternal(Hdfs.java:393)
[2025-09-01 12:39:00,153] {subprocess.py:92} INFO - 	at org.apache.hadoop.fs.AbstractFileSystem.rename(AbstractFileSystem.java:720)
[2025-09-01 12:39:00,153] {subprocess.py:92} INFO - 	at org.apache.hadoop.fs.FileContext.rename(FileContext.java:1036)
[2025-09-01 12:39:00,153] {subprocess.py:92} INFO - 	at org.apache.spark.sql.execution.streaming.FileContextBasedCheckpointFileManager.renameTempFile(CheckpointFileManager.scala:346)
[2025-09-01 12:39:00,153] {subprocess.py:92} INFO - 	at org.apache.spark.sql.execution.streaming.CheckpointFileManager$RenameBasedFSDataOutputStream.close(CheckpointFileManager.scala:154)
[2025-09-01 12:39:00,153] {subprocess.py:92} INFO - 	at org.apache.spark.sql.execution.streaming.HDFSMetadataLog.$anonfun$addNewBatchByStream$2(HDFSMetadataLog.scala:176)
[2025-09-01 12:39:00,153] {subprocess.py:92} INFO - 	at scala.runtime.java8.JFunction0$mcZ$sp.apply(JFunction0$mcZ$sp.java:23)
[2025-09-01 12:39:00,154] {subprocess.py:92} INFO - 	at scala.Option.getOrElse(Option.scala:189)
[2025-09-01 12:39:00,154] {subprocess.py:92} INFO - 	at org.apache.spark.sql.execution.streaming.HDFSMetadataLog.addNewBatchByStream(HDFSMetadataLog.scala:171)
[2025-09-01 12:39:00,154] {subprocess.py:92} INFO - 	at org.apache.spark.sql.execution.streaming.HDFSMetadataLog.add(HDFSMetadataLog.scala:116)
[2025-09-01 12:39:00,154] {subprocess.py:92} INFO - 	at org.apache.spark.sql.execution.streaming.OffsetSeqLog.add(OffsetSeqLog.scala:53)
[2025-09-01 12:39:00,154] {subprocess.py:92} INFO - 	at org.apache.spark.sql.execution.streaming.MicroBatchExecution.$anonfun$constructNextBatch$13(MicroBatchExecution.scala:495)
[2025-09-01 12:39:00,154] {subprocess.py:92} INFO - 	at scala.runtime.java8.JFunction0$mcV$sp.apply(JFunction0$mcV$sp.java:23)
[2025-09-01 12:39:00,154] {subprocess.py:92} INFO - 	at org.apache.spark.sql.execution.streaming.ProgressReporter.reportTimeTaken(ProgressReporter.scala:375)
[2025-09-01 12:39:00,154] {subprocess.py:92} INFO - 	at org.apache.spark.sql.execution.streaming.ProgressReporter.reportTimeTaken$(ProgressReporter.scala:373)
[2025-09-01 12:39:00,154] {subprocess.py:92} INFO - 	at org.apache.spark.sql.execution.streaming.StreamExecution.reportTimeTaken(StreamExecution.scala:68)
[2025-09-01 12:39:00,154] {subprocess.py:92} INFO - 	at org.apache.spark.sql.execution.streaming.MicroBatchExecution.$anonfun$constructNextBatch$1(MicroBatchExecution.scala:493)
[2025-09-01 12:39:00,154] {subprocess.py:92} INFO - 	at scala.runtime.java8.JFunction0$mcZ$sp.apply(JFunction0$mcZ$sp.java:23)
[2025-09-01 12:39:00,155] {subprocess.py:92} INFO - 	at org.apache.spark.sql.execution.streaming.MicroBatchExecution.withProgressLocked(MicroBatchExecution.scala:693)
[2025-09-01 12:39:00,155] {subprocess.py:92} INFO - 	at org.apache.spark.sql.execution.streaming.MicroBatchExecution.constructNextBatch(MicroBatchExecution.scala:433)
[2025-09-01 12:39:00,155] {subprocess.py:92} INFO - 	at org.apache.spark.sql.execution.streaming.MicroBatchExecution.$anonfun$runActivatedStream$2(MicroBatchExecution.scala:238)
[2025-09-01 12:39:00,155] {subprocess.py:92} INFO - 	at scala.runtime.java8.JFunction0$mcV$sp.apply(JFunction0$mcV$sp.java:23)
[2025-09-01 12:39:00,155] {subprocess.py:92} INFO - 	at org.apache.spark.sql.execution.streaming.ProgressReporter.reportTimeTaken(ProgressReporter.scala:375)
[2025-09-01 12:39:00,155] {subprocess.py:92} INFO - 	at org.apache.spark.sql.execution.streaming.ProgressReporter.reportTimeTaken$(ProgressReporter.scala:373)
[2025-09-01 12:39:00,155] {subprocess.py:92} INFO - 	at org.apache.spark.sql.execution.streaming.StreamExecution.reportTimeTaken(StreamExecution.scala:68)
[2025-09-01 12:39:00,155] {subprocess.py:92} INFO - 	at org.apache.spark.sql.execution.streaming.MicroBatchExecution.$anonfun$runActivatedStream$1(MicroBatchExecution.scala:219)
[2025-09-01 12:39:00,155] {subprocess.py:92} INFO - 	at org.apache.spark.sql.execution.streaming.ProcessingTimeExecutor.execute(TriggerExecutor.scala:67)
[2025-09-01 12:39:00,155] {subprocess.py:92} INFO - 	at org.apache.spark.sql.execution.streaming.MicroBatchExecution.runActivatedStream(MicroBatchExecution.scala:213)
[2025-09-01 12:39:00,155] {subprocess.py:92} INFO - 	at org.apache.spark.sql.execution.streaming.StreamExecution.$anonfun$runStream$1(StreamExecution.scala:307)
[2025-09-01 12:39:00,156] {subprocess.py:92} INFO - 	at scala.runtime.java8.JFunction0$mcV$sp.apply(JFunction0$mcV$sp.java:23)
[2025-09-01 12:39:00,156] {subprocess.py:92} INFO - 	at org.apache.spark.sql.SparkSession.withActive(SparkSession.scala:779)
[2025-09-01 12:39:00,156] {subprocess.py:92} INFO - 	at org.apache.spark.sql.execution.streaming.StreamExecution.org$apache$spark$sql$execution$streaming$StreamExecution$$runStream(StreamExecution.scala:285)
[2025-09-01 12:39:00,156] {subprocess.py:92} INFO - 	at org.apache.spark.sql.execution.streaming.StreamExecution$$anon$1.run(StreamExecution.scala:208)
[2025-09-01 12:39:00,156] {subprocess.py:92} INFO - Caused by: org.apache.hadoop.ipc.RemoteException(org.apache.hadoop.fs.FileAlreadyExistsException): rename destination /checkpoints/weather/offsets/64 already exists
[2025-09-01 12:39:00,156] {subprocess.py:92} INFO - 	at org.apache.hadoop.hdfs.server.namenode.FSDirRenameOp.validateOverwrite(FSDirRenameOp.java:565)
[2025-09-01 12:39:00,156] {subprocess.py:92} INFO - 	at org.apache.hadoop.hdfs.server.namenode.FSDirRenameOp.unprotectedRenameTo(FSDirRenameOp.java:399)
[2025-09-01 12:39:00,156] {subprocess.py:92} INFO - 	at org.apache.hadoop.hdfs.server.namenode.FSDirRenameOp.renameTo(FSDirRenameOp.java:311)
[2025-09-01 12:39:00,156] {subprocess.py:92} INFO - 	at org.apache.hadoop.hdfs.server.namenode.FSDirRenameOp.renameToInt(FSDirRenameOp.java:256)
[2025-09-01 12:39:00,156] {subprocess.py:92} INFO - 	at org.apache.hadoop.hdfs.server.namenode.FSNamesystem.renameTo(FSNamesystem.java:3257)
[2025-09-01 12:39:00,156] {subprocess.py:92} INFO - 	at org.apache.hadoop.hdfs.server.namenode.NameNodeRpcServer.rename2(NameNodeRpcServer.java:1096)
[2025-09-01 12:39:00,157] {subprocess.py:92} INFO - 	at org.apache.hadoop.hdfs.protocolPB.ClientNamenodeProtocolServerSideTranslatorPB.rename2(ClientNamenodeProtocolServerSideTranslatorPB.java:703)
[2025-09-01 12:39:00,157] {subprocess.py:92} INFO - 	at org.apache.hadoop.hdfs.protocol.proto.ClientNamenodeProtocolProtos$ClientNamenodeProtocol$2.callBlockingMethod(ClientNamenodeProtocolProtos.java)
[2025-09-01 12:39:00,157] {subprocess.py:92} INFO - 	at org.apache.hadoop.ipc.ProtobufRpcEngine2$Server$ProtoBufRpcInvoker.call(ProtobufRpcEngine2.java:621)
[2025-09-01 12:39:00,157] {subprocess.py:92} INFO - 	at org.apache.hadoop.ipc.ProtobufRpcEngine2$Server$ProtoBufRpcInvoker.call(ProtobufRpcEngine2.java:589)
[2025-09-01 12:39:00,157] {subprocess.py:92} INFO - 	at org.apache.hadoop.ipc.ProtobufRpcEngine2$Server$ProtoBufRpcInvoker.call(ProtobufRpcEngine2.java:573)
[2025-09-01 12:39:00,157] {subprocess.py:92} INFO - 	at org.apache.hadoop.ipc.RPC$Server.call(RPC.java:1227)
[2025-09-01 12:39:00,157] {subprocess.py:92} INFO - 	at org.apache.hadoop.ipc.Server$RpcCall.run(Server.java:1094)
[2025-09-01 12:39:00,157] {subprocess.py:92} INFO - 	at org.apache.hadoop.ipc.Server$RpcCall.run(Server.java:1017)
[2025-09-01 12:39:00,157] {subprocess.py:92} INFO - 	at java.security.AccessController.doPrivileged(Native Method)
[2025-09-01 12:39:00,157] {subprocess.py:92} INFO - 	at javax.security.auth.Subject.doAs(Subject.java:422)
[2025-09-01 12:39:00,157] {subprocess.py:92} INFO - 	at org.apache.hadoop.security.UserGroupInformation.doAs(UserGroupInformation.java:1899)
[2025-09-01 12:39:00,157] {subprocess.py:92} INFO - 	at org.apache.hadoop.ipc.Server$Handler.run(Server.java:3048)
[2025-09-01 12:39:00,158] {subprocess.py:92} INFO - 
[2025-09-01 12:39:00,158] {subprocess.py:92} INFO - 	at org.apache.hadoop.ipc.Client.getRpcResponse(Client.java:1612)
[2025-09-01 12:39:00,158] {subprocess.py:92} INFO - 	at org.apache.hadoop.ipc.Client.call(Client.java:1558)
[2025-09-01 12:39:00,158] {subprocess.py:92} INFO - 	at org.apache.hadoop.ipc.Client.call(Client.java:1455)
[2025-09-01 12:39:00,158] {subprocess.py:92} INFO - 	at org.apache.hadoop.ipc.ProtobufRpcEngine2$Invoker.invoke(ProtobufRpcEngine2.java:242)
[2025-09-01 12:39:00,158] {subprocess.py:92} INFO - 	at org.apache.hadoop.ipc.ProtobufRpcEngine2$Invoker.invoke(ProtobufRpcEngine2.java:129)
[2025-09-01 12:39:00,158] {subprocess.py:92} INFO - 	at com.sun.proxy.$Proxy35.rename2(Unknown Source)
[2025-09-01 12:39:00,158] {subprocess.py:92} INFO - 	at org.apache.hadoop.hdfs.protocolPB.ClientNamenodeProtocolTranslatorPB.rename2(ClientNamenodeProtocolTranslatorPB.java:629)
[2025-09-01 12:39:00,158] {subprocess.py:92} INFO - 	at java.base/jdk.internal.reflect.NativeMethodAccessorImpl.invoke0(Native Method)
[2025-09-01 12:39:00,158] {subprocess.py:92} INFO - 	at java.base/jdk.internal.reflect.NativeMethodAccessorImpl.invoke(NativeMethodAccessorImpl.java:62)
[2025-09-01 12:39:00,159] {subprocess.py:92} INFO - 	at java.base/jdk.internal.reflect.DelegatingMethodAccessorImpl.invoke(DelegatingMethodAccessorImpl.java:43)
[2025-09-01 12:39:00,159] {subprocess.py:92} INFO - 	at java.base/java.lang.reflect.Method.invoke(Method.java:566)
[2025-09-01 12:39:00,159] {subprocess.py:92} INFO - 	at org.apache.hadoop.io.retry.RetryInvocationHandler.invokeMethod(RetryInvocationHandler.java:422)
[2025-09-01 12:39:00,159] {subprocess.py:92} INFO - 	at org.apache.hadoop.io.retry.RetryInvocationHandler$Call.invokeMethod(RetryInvocationHandler.java:165)
[2025-09-01 12:39:00,159] {subprocess.py:92} INFO - 	at org.apache.hadoop.io.retry.RetryInvocationHandler$Call.invoke(RetryInvocationHandler.java:157)
[2025-09-01 12:39:00,159] {subprocess.py:92} INFO - 	at org.apache.hadoop.io.retry.RetryInvocationHandler$Call.invokeOnce(RetryInvocationHandler.java:95)
[2025-09-01 12:39:00,159] {subprocess.py:92} INFO - 	at org.apache.hadoop.io.retry.RetryInvocationHandler.invoke(RetryInvocationHandler.java:359)
[2025-09-01 12:39:00,159] {subprocess.py:92} INFO - 	at com.sun.proxy.$Proxy36.rename2(Unknown Source)
[2025-09-01 12:39:00,159] {subprocess.py:92} INFO - 	at org.apache.hadoop.hdfs.DFSClient.rename(DFSClient.java:1609)
[2025-09-01 12:39:00,159] {subprocess.py:92} INFO - 	... 33 more
[2025-09-01 12:39:00,169] {subprocess.py:92} INFO - 25/09/01 12:39:00 ERROR MicroBatchExecution: Query [id = 8bb46a74-6ffa-4764-a9c6-2e4a331d8211, runId = 5e9cc502-7361-4ca9-ae6d-7677a2d7dd3e] terminated with error
[2025-09-01 12:39:00,170] {subprocess.py:92} INFO - java.util.ConcurrentModificationException: Multiple streaming queries are concurrently using hdfs://namenode:9000/checkpoints/weather/offsets
[2025-09-01 12:39:00,170] {subprocess.py:92} INFO - 	at org.apache.spark.sql.errors.QueryExecutionErrors$.multiStreamingQueriesUsingPathConcurrentlyError(QueryExecutionErrors.scala:1603)
[2025-09-01 12:39:00,170] {subprocess.py:92} INFO - 	at org.apache.spark.sql.execution.streaming.HDFSMetadataLog.$anonfun$addNewBatchByStream$2(HDFSMetadataLog.scala:182)
[2025-09-01 12:39:00,170] {subprocess.py:92} INFO - 	at scala.runtime.java8.JFunction0$mcZ$sp.apply(JFunction0$mcZ$sp.java:23)
[2025-09-01 12:39:00,170] {subprocess.py:92} INFO - 	at scala.Option.getOrElse(Option.scala:189)
[2025-09-01 12:39:00,170] {subprocess.py:92} INFO - 	at org.apache.spark.sql.execution.streaming.HDFSMetadataLog.addNewBatchByStream(HDFSMetadataLog.scala:171)
[2025-09-01 12:39:00,170] {subprocess.py:92} INFO - 	at org.apache.spark.sql.execution.streaming.HDFSMetadataLog.add(HDFSMetadataLog.scala:116)
[2025-09-01 12:39:00,170] {subprocess.py:92} INFO - 	at org.apache.spark.sql.execution.streaming.OffsetSeqLog.add(OffsetSeqLog.scala:53)
[2025-09-01 12:39:00,170] {subprocess.py:92} INFO - 	at org.apache.spark.sql.execution.streaming.MicroBatchExecution.$anonfun$constructNextBatch$13(MicroBatchExecution.scala:495)
[2025-09-01 12:39:00,170] {subprocess.py:92} INFO - 	at scala.runtime.java8.JFunction0$mcV$sp.apply(JFunction0$mcV$sp.java:23)
[2025-09-01 12:39:00,170] {subprocess.py:92} INFO - 	at org.apache.spark.sql.execution.streaming.ProgressReporter.reportTimeTaken(ProgressReporter.scala:375)
[2025-09-01 12:39:00,170] {subprocess.py:92} INFO - 	at org.apache.spark.sql.execution.streaming.ProgressReporter.reportTimeTaken$(ProgressReporter.scala:373)
[2025-09-01 12:39:00,170] {subprocess.py:92} INFO - 	at org.apache.spark.sql.execution.streaming.StreamExecution.reportTimeTaken(StreamExecution.scala:68)
[2025-09-01 12:39:00,170] {subprocess.py:92} INFO - 	at org.apache.spark.sql.execution.streaming.MicroBatchExecution.$anonfun$constructNextBatch$1(MicroBatchExecution.scala:493)
[2025-09-01 12:39:00,170] {subprocess.py:92} INFO - 	at scala.runtime.java8.JFunction0$mcZ$sp.apply(JFunction0$mcZ$sp.java:23)
[2025-09-01 12:39:00,170] {subprocess.py:92} INFO - 	at org.apache.spark.sql.execution.streaming.MicroBatchExecution.withProgressLocked(MicroBatchExecution.scala:693)
[2025-09-01 12:39:00,170] {subprocess.py:92} INFO - 	at org.apache.spark.sql.execution.streaming.MicroBatchExecution.constructNextBatch(MicroBatchExecution.scala:433)
[2025-09-01 12:39:00,170] {subprocess.py:92} INFO - 	at org.apache.spark.sql.execution.streaming.MicroBatchExecution.$anonfun$runActivatedStream$2(MicroBatchExecution.scala:238)
[2025-09-01 12:39:00,170] {subprocess.py:92} INFO - 	at scala.runtime.java8.JFunction0$mcV$sp.apply(JFunction0$mcV$sp.java:23)
[2025-09-01 12:39:00,171] {subprocess.py:92} INFO - 	at org.apache.spark.sql.execution.streaming.ProgressReporter.reportTimeTaken(ProgressReporter.scala:375)
[2025-09-01 12:39:00,171] {subprocess.py:92} INFO - 	at org.apache.spark.sql.execution.streaming.ProgressReporter.reportTimeTaken$(ProgressReporter.scala:373)
[2025-09-01 12:39:00,171] {subprocess.py:92} INFO - 	at org.apache.spark.sql.execution.streaming.StreamExecution.reportTimeTaken(StreamExecution.scala:68)
[2025-09-01 12:39:00,171] {subprocess.py:92} INFO - 	at org.apache.spark.sql.execution.streaming.MicroBatchExecution.$anonfun$runActivatedStream$1(MicroBatchExecution.scala:219)
[2025-09-01 12:39:00,171] {subprocess.py:92} INFO - 	at org.apache.spark.sql.execution.streaming.ProcessingTimeExecutor.execute(TriggerExecutor.scala:67)
[2025-09-01 12:39:00,171] {subprocess.py:92} INFO - 	at org.apache.spark.sql.execution.streaming.MicroBatchExecution.runActivatedStream(MicroBatchExecution.scala:213)
[2025-09-01 12:39:00,171] {subprocess.py:92} INFO - 	at org.apache.spark.sql.execution.streaming.StreamExecution.$anonfun$runStream$1(StreamExecution.scala:307)
[2025-09-01 12:39:00,171] {subprocess.py:92} INFO - 	at scala.runtime.java8.JFunction0$mcV$sp.apply(JFunction0$mcV$sp.java:23)
[2025-09-01 12:39:00,171] {subprocess.py:92} INFO - 	at org.apache.spark.sql.SparkSession.withActive(SparkSession.scala:779)
[2025-09-01 12:39:00,171] {subprocess.py:92} INFO - 	at org.apache.spark.sql.execution.streaming.StreamExecution.org$apache$spark$sql$execution$streaming$StreamExecution$$runStream(StreamExecution.scala:285)
[2025-09-01 12:39:00,171] {subprocess.py:92} INFO - 	at org.apache.spark.sql.execution.streaming.StreamExecution$$anon$1.run(StreamExecution.scala:208)
[2025-09-01 12:39:00,171] {subprocess.py:92} INFO - Caused by: org.apache.hadoop.fs.FileAlreadyExistsException: rename destination /checkpoints/weather/offsets/64 already exists
[2025-09-01 12:39:00,171] {subprocess.py:92} INFO - 	at org.apache.hadoop.hdfs.server.namenode.FSDirRenameOp.validateOverwrite(FSDirRenameOp.java:565)
[2025-09-01 12:39:00,171] {subprocess.py:92} INFO - 	at org.apache.hadoop.hdfs.server.namenode.FSDirRenameOp.unprotectedRenameTo(FSDirRenameOp.java:399)
[2025-09-01 12:39:00,171] {subprocess.py:92} INFO - 	at org.apache.hadoop.hdfs.server.namenode.FSDirRenameOp.renameTo(FSDirRenameOp.java:311)
[2025-09-01 12:39:00,171] {subprocess.py:92} INFO - 	at org.apache.hadoop.hdfs.server.namenode.FSDirRenameOp.renameToInt(FSDirRenameOp.java:256)
[2025-09-01 12:39:00,171] {subprocess.py:92} INFO - 	at org.apache.hadoop.hdfs.server.namenode.FSNamesystem.renameTo(FSNamesystem.java:3257)
[2025-09-01 12:39:00,171] {subprocess.py:92} INFO - 	at org.apache.hadoop.hdfs.server.namenode.NameNodeRpcServer.rename2(NameNodeRpcServer.java:1096)
[2025-09-01 12:39:00,171] {subprocess.py:92} INFO - 	at org.apache.hadoop.hdfs.protocolPB.ClientNamenodeProtocolServerSideTranslatorPB.rename2(ClientNamenodeProtocolServerSideTranslatorPB.java:703)
[2025-09-01 12:39:00,171] {subprocess.py:92} INFO - 	at org.apache.hadoop.hdfs.protocol.proto.ClientNamenodeProtocolProtos$ClientNamenodeProtocol$2.callBlockingMethod(ClientNamenodeProtocolProtos.java)
[2025-09-01 12:39:00,171] {subprocess.py:92} INFO - 	at org.apache.hadoop.ipc.ProtobufRpcEngine2$Server$ProtoBufRpcInvoker.call(ProtobufRpcEngine2.java:621)
[2025-09-01 12:39:00,171] {subprocess.py:92} INFO - 	at org.apache.hadoop.ipc.ProtobufRpcEngine2$Server$ProtoBufRpcInvoker.call(ProtobufRpcEngine2.java:589)
[2025-09-01 12:39:00,171] {subprocess.py:92} INFO - 	at org.apache.hadoop.ipc.ProtobufRpcEngine2$Server$ProtoBufRpcInvoker.call(ProtobufRpcEngine2.java:573)
[2025-09-01 12:39:00,171] {subprocess.py:92} INFO - 	at org.apache.hadoop.ipc.RPC$Server.call(RPC.java:1227)
[2025-09-01 12:39:00,171] {subprocess.py:92} INFO - 	at org.apache.hadoop.ipc.Server$RpcCall.run(Server.java:1094)
[2025-09-01 12:39:00,172] {subprocess.py:92} INFO - 	at org.apache.hadoop.ipc.Server$RpcCall.run(Server.java:1017)
[2025-09-01 12:39:00,172] {subprocess.py:92} INFO - 	at java.security.AccessController.doPrivileged(Native Method)
[2025-09-01 12:39:00,172] {subprocess.py:92} INFO - 	at javax.security.auth.Subject.doAs(Subject.java:422)
[2025-09-01 12:39:00,172] {subprocess.py:92} INFO - 	at org.apache.hadoop.security.UserGroupInformation.doAs(UserGroupInformation.java:1899)
[2025-09-01 12:39:00,172] {subprocess.py:92} INFO - 	at org.apache.hadoop.ipc.Server$Handler.run(Server.java:3048)
[2025-09-01 12:39:00,172] {subprocess.py:92} INFO - 
[2025-09-01 12:39:00,172] {subprocess.py:92} INFO - 	at java.base/jdk.internal.reflect.NativeConstructorAccessorImpl.newInstance0(Native Method)
[2025-09-01 12:39:00,172] {subprocess.py:92} INFO - 	at java.base/jdk.internal.reflect.NativeConstructorAccessorImpl.newInstance(NativeConstructorAccessorImpl.java:62)
[2025-09-01 12:39:00,172] {subprocess.py:92} INFO - 	at java.base/jdk.internal.reflect.DelegatingConstructorAccessorImpl.newInstance(DelegatingConstructorAccessorImpl.java:45)
[2025-09-01 12:39:00,172] {subprocess.py:92} INFO - 	at java.base/java.lang.reflect.Constructor.newInstance(Constructor.java:490)
[2025-09-01 12:39:00,172] {subprocess.py:92} INFO - 	at org.apache.hadoop.ipc.RemoteException.instantiateException(RemoteException.java:121)
[2025-09-01 12:39:00,172] {subprocess.py:92} INFO - 	at org.apache.hadoop.ipc.RemoteException.unwrapRemoteException(RemoteException.java:88)
[2025-09-01 12:39:00,172] {subprocess.py:92} INFO - 	at org.apache.hadoop.hdfs.DFSClient.rename(DFSClient.java:1611)
[2025-09-01 12:39:00,172] {subprocess.py:92} INFO - 	at org.apache.hadoop.fs.Hdfs.renameInternal(Hdfs.java:393)
[2025-09-01 12:39:00,172] {subprocess.py:92} INFO - 	at org.apache.hadoop.fs.AbstractFileSystem.rename(AbstractFileSystem.java:720)
[2025-09-01 12:39:00,172] {subprocess.py:92} INFO - 	at org.apache.hadoop.fs.FileContext.rename(FileContext.java:1036)
[2025-09-01 12:39:00,172] {subprocess.py:92} INFO - 	at org.apache.spark.sql.execution.streaming.FileContextBasedCheckpointFileManager.renameTempFile(CheckpointFileManager.scala:346)
[2025-09-01 12:39:00,172] {subprocess.py:92} INFO - 	at org.apache.spark.sql.execution.streaming.CheckpointFileManager$RenameBasedFSDataOutputStream.close(CheckpointFileManager.scala:154)
[2025-09-01 12:39:00,172] {subprocess.py:92} INFO - 	at org.apache.spark.sql.execution.streaming.HDFSMetadataLog.$anonfun$addNewBatchByStream$2(HDFSMetadataLog.scala:176)
[2025-09-01 12:39:00,172] {subprocess.py:92} INFO - 	... 27 more
[2025-09-01 12:39:00,172] {subprocess.py:92} INFO - Caused by: org.apache.hadoop.ipc.RemoteException(org.apache.hadoop.fs.FileAlreadyExistsException): rename destination /checkpoints/weather/offsets/64 already exists
[2025-09-01 12:39:00,172] {subprocess.py:92} INFO - 	at org.apache.hadoop.hdfs.server.namenode.FSDirRenameOp.validateOverwrite(FSDirRenameOp.java:565)
[2025-09-01 12:39:00,172] {subprocess.py:92} INFO - 	at org.apache.hadoop.hdfs.server.namenode.FSDirRenameOp.unprotectedRenameTo(FSDirRenameOp.java:399)
[2025-09-01 12:39:00,172] {subprocess.py:92} INFO - 	at org.apache.hadoop.hdfs.server.namenode.FSDirRenameOp.renameTo(FSDirRenameOp.java:311)
[2025-09-01 12:39:00,172] {subprocess.py:92} INFO - 	at org.apache.hadoop.hdfs.server.namenode.FSDirRenameOp.renameToInt(FSDirRenameOp.java:256)
[2025-09-01 12:39:00,172] {subprocess.py:92} INFO - 	at org.apache.hadoop.hdfs.server.namenode.FSNamesystem.renameTo(FSNamesystem.java:3257)
[2025-09-01 12:39:00,172] {subprocess.py:92} INFO - 	at org.apache.hadoop.hdfs.server.namenode.NameNodeRpcServer.rename2(NameNodeRpcServer.java:1096)
[2025-09-01 12:39:00,172] {subprocess.py:92} INFO - 	at org.apache.hadoop.hdfs.protocolPB.ClientNamenodeProtocolServerSideTranslatorPB.rename2(ClientNamenodeProtocolServerSideTranslatorPB.java:703)
[2025-09-01 12:39:00,173] {subprocess.py:92} INFO - 	at org.apache.hadoop.hdfs.protocol.proto.ClientNamenodeProtocolProtos$ClientNamenodeProtocol$2.callBlockingMethod(ClientNamenodeProtocolProtos.java)
[2025-09-01 12:39:00,173] {subprocess.py:92} INFO - 	at org.apache.hadoop.ipc.ProtobufRpcEngine2$Server$ProtoBufRpcInvoker.call(ProtobufRpcEngine2.java:621)
[2025-09-01 12:39:00,173] {subprocess.py:92} INFO - 	at org.apache.hadoop.ipc.ProtobufRpcEngine2$Server$ProtoBufRpcInvoker.call(ProtobufRpcEngine2.java:589)
[2025-09-01 12:39:00,173] {subprocess.py:92} INFO - 	at org.apache.hadoop.ipc.ProtobufRpcEngine2$Server$ProtoBufRpcInvoker.call(ProtobufRpcEngine2.java:573)
[2025-09-01 12:39:00,173] {subprocess.py:92} INFO - 	at org.apache.hadoop.ipc.RPC$Server.call(RPC.java:1227)
[2025-09-01 12:39:00,173] {subprocess.py:92} INFO - 	at org.apache.hadoop.ipc.Server$RpcCall.run(Server.java:1094)
[2025-09-01 12:39:00,173] {subprocess.py:92} INFO - 	at org.apache.hadoop.ipc.Server$RpcCall.run(Server.java:1017)
[2025-09-01 12:39:00,173] {subprocess.py:92} INFO - 	at java.security.AccessController.doPrivileged(Native Method)
[2025-09-01 12:39:00,173] {subprocess.py:92} INFO - 	at javax.security.auth.Subject.doAs(Subject.java:422)
[2025-09-01 12:39:00,173] {subprocess.py:92} INFO - 	at org.apache.hadoop.security.UserGroupInformation.doAs(UserGroupInformation.java:1899)
[2025-09-01 12:39:00,173] {subprocess.py:92} INFO - 	at org.apache.hadoop.ipc.Server$Handler.run(Server.java:3048)
[2025-09-01 12:39:00,173] {subprocess.py:92} INFO - 
[2025-09-01 12:39:00,173] {subprocess.py:92} INFO - 	at org.apache.hadoop.ipc.Client.getRpcResponse(Client.java:1612)
[2025-09-01 12:39:00,173] {subprocess.py:92} INFO - 	at org.apache.hadoop.ipc.Client.call(Client.java:1558)
[2025-09-01 12:39:00,173] {subprocess.py:92} INFO - 	at org.apache.hadoop.ipc.Client.call(Client.java:1455)
[2025-09-01 12:39:00,173] {subprocess.py:92} INFO - 	at org.apache.hadoop.ipc.ProtobufRpcEngine2$Invoker.invoke(ProtobufRpcEngine2.java:242)
[2025-09-01 12:39:00,173] {subprocess.py:92} INFO - 	at org.apache.hadoop.ipc.ProtobufRpcEngine2$Invoker.invoke(ProtobufRpcEngine2.java:129)
[2025-09-01 12:39:00,173] {subprocess.py:92} INFO - 	at com.sun.proxy.$Proxy35.rename2(Unknown Source)
[2025-09-01 12:39:00,173] {subprocess.py:92} INFO - 	at org.apache.hadoop.hdfs.protocolPB.ClientNamenodeProtocolTranslatorPB.rename2(ClientNamenodeProtocolTranslatorPB.java:629)
[2025-09-01 12:39:00,173] {subprocess.py:92} INFO - 	at java.base/jdk.internal.reflect.NativeMethodAccessorImpl.invoke0(Native Method)
[2025-09-01 12:39:00,173] {subprocess.py:92} INFO - 	at java.base/jdk.internal.reflect.NativeMethodAccessorImpl.invoke(NativeMethodAccessorImpl.java:62)
[2025-09-01 12:39:00,173] {subprocess.py:92} INFO - 	at java.base/jdk.internal.reflect.DelegatingMethodAccessorImpl.invoke(DelegatingMethodAccessorImpl.java:43)
[2025-09-01 12:39:00,173] {subprocess.py:92} INFO - 	at java.base/java.lang.reflect.Method.invoke(Method.java:566)
[2025-09-01 12:39:00,173] {subprocess.py:92} INFO - 	at org.apache.hadoop.io.retry.RetryInvocationHandler.invokeMethod(RetryInvocationHandler.java:422)
[2025-09-01 12:39:00,173] {subprocess.py:92} INFO - 	at org.apache.hadoop.io.retry.RetryInvocationHandler$Call.invokeMethod(RetryInvocationHandler.java:165)
[2025-09-01 12:39:00,174] {subprocess.py:92} INFO - 	at org.apache.hadoop.io.retry.RetryInvocationHandler$Call.invoke(RetryInvocationHandler.java:157)
[2025-09-01 12:39:00,174] {subprocess.py:92} INFO - 	at org.apache.hadoop.io.retry.RetryInvocationHandler$Call.invokeOnce(RetryInvocationHandler.java:95)
[2025-09-01 12:39:00,174] {subprocess.py:92} INFO - 	at org.apache.hadoop.io.retry.RetryInvocationHandler.invoke(RetryInvocationHandler.java:359)
[2025-09-01 12:39:00,174] {subprocess.py:92} INFO - 	at com.sun.proxy.$Proxy36.rename2(Unknown Source)
[2025-09-01 12:39:00,174] {subprocess.py:92} INFO - 	at org.apache.hadoop.hdfs.DFSClient.rename(DFSClient.java:1609)
[2025-09-01 12:39:00,174] {subprocess.py:92} INFO - 	... 33 more
[2025-09-01 12:39:00,381] {subprocess.py:92} INFO - Traceback (most recent call last):
[2025-09-01 12:39:00,381] {subprocess.py:92} INFO -   File "/opt/***/scripts/pyspark/streaming.py", line 60, in <module>
[2025-09-01 12:39:00,382] {subprocess.py:92} INFO -     query.awaitTermination()
[2025-09-01 12:39:00,382] {subprocess.py:92} INFO -   File "/opt/spark-3.3.1-bin-hadoop3/python/lib/pyspark.zip/pyspark/sql/streaming.py", line 107, in awaitTermination
[2025-09-01 12:39:00,382] {subprocess.py:92} INFO -   File "/opt/spark-3.3.1-bin-hadoop3/python/lib/py4j-0.10.9.5-src.zip/py4j/java_gateway.py", line 1322, in __call__
[2025-09-01 12:39:00,382] {subprocess.py:92} INFO -   File "/opt/spark-3.3.1-bin-hadoop3/python/lib/pyspark.zip/pyspark/sql/utils.py", line 196, in deco
[2025-09-01 12:39:00,386] {subprocess.py:92} INFO - pyspark.sql.utils.StreamingQueryException: Query [id = 8bb46a74-6ffa-4764-a9c6-2e4a331d8211, runId = 5e9cc502-7361-4ca9-ae6d-7677a2d7dd3e] terminated with exception: Multiple streaming queries are concurrently using hdfs://namenode:9000/checkpoints/weather/offsets
[2025-09-01 12:39:00,519] {subprocess.py:96} INFO - Command exited with return code 1
[2025-09-01 12:39:00,536] {taskinstance.py:1889} ERROR - Task failed with exception
Traceback (most recent call last):
  File "/home/airflow/.local/lib/python3.7/site-packages/airflow/operators/bash.py", line 195, in execute
    f'Bash command failed. The command returned a non-zero exit code {result.exit_code}.'
airflow.exceptions.AirflowException: Bash command failed. The command returned a non-zero exit code 1.
[2025-09-01 12:39:00,542] {taskinstance.py:1400} INFO - Marking task as UP_FOR_RETRY. dag_id=send_weather_to_kafka, task_id=stream_hdfs, execution_date=20250901T120608, start_date=20250901T123645, end_date=20250901T123900
[2025-09-01 12:39:00,557] {standard_task_runner.py:97} ERROR - Failed to execute job 540 for task stream_hdfs (Bash command failed. The command returned a non-zero exit code 1.; 16273)
[2025-09-01 12:39:00,581] {local_task_job.py:156} INFO - Task exited with return code 1
[2025-09-01 12:39:00,618] {local_task_job.py:273} INFO - 0 downstream tasks scheduled from follow-on schedule check
