[2025-09-01 14:40:40,186] {taskinstance.py:1159} INFO - Dependencies all met for <TaskInstance: send_weather_to_kafka.stream_hdfs scheduled__2025-09-01T14:10:01.804751+00:00 [queued]>
[2025-09-01 14:40:40,199] {taskinstance.py:1159} INFO - Dependencies all met for <TaskInstance: send_weather_to_kafka.stream_hdfs scheduled__2025-09-01T14:10:01.804751+00:00 [queued]>
[2025-09-01 14:40:40,199] {taskinstance.py:1356} INFO - 
--------------------------------------------------------------------------------
[2025-09-01 14:40:40,199] {taskinstance.py:1357} INFO - Starting attempt 1 of 2
[2025-09-01 14:40:40,199] {taskinstance.py:1358} INFO - 
--------------------------------------------------------------------------------
[2025-09-01 14:40:40,221] {taskinstance.py:1377} INFO - Executing <Task(BashOperator): stream_hdfs> on 2025-09-01 14:10:01.804751+00:00
[2025-09-01 14:40:40,228] {standard_task_runner.py:52} INFO - Started process 23409 to run task
[2025-09-01 14:40:40,232] {standard_task_runner.py:79} INFO - Running: ['***', 'tasks', 'run', 'send_weather_to_kafka', 'stream_hdfs', 'scheduled__2025-09-01T14:10:01.804751+00:00', '--job-id', '584', '--raw', '--subdir', 'DAGS_FOLDER/dag_meteo.py', '--cfg-path', '/tmp/tmptiqt89ga', '--error-file', '/tmp/tmp76zpqtut']
[2025-09-01 14:40:40,233] {standard_task_runner.py:80} INFO - Job 584: Subtask stream_hdfs
[2025-09-01 14:40:40,255] {logging_mixin.py:115} WARNING - /home/***/.local/lib/python3.7/site-packages/***/configuration.py:470 DeprecationWarning: The sql_alchemy_conn option in [core] has been moved to the sql_alchemy_conn option in [database] - the old setting has been used, but please update your config.
[2025-09-01 14:40:40,302] {task_command.py:369} INFO - Running <TaskInstance: send_weather_to_kafka.stream_hdfs scheduled__2025-09-01T14:10:01.804751+00:00 [running]> on host e66737cfc193
[2025-09-01 14:40:40,403] {taskinstance.py:1571} INFO - Exporting the following env vars:
AIRFLOW_CTX_DAG_OWNER=***
AIRFLOW_CTX_DAG_ID=send_weather_to_kafka
AIRFLOW_CTX_TASK_ID=stream_hdfs
AIRFLOW_CTX_EXECUTION_DATE=2025-09-01T14:10:01.804751+00:00
AIRFLOW_CTX_TRY_NUMBER=1
AIRFLOW_CTX_DAG_RUN_ID=scheduled__2025-09-01T14:10:01.804751+00:00
[2025-09-01 14:40:40,404] {subprocess.py:62} INFO - Tmp dir root location: 
 /tmp
[2025-09-01 14:40:40,404] {subprocess.py:74} INFO - Running command: ['bash', '-c', '\n/home/***/.local/bin/spark-submit   --master local[*]   --conf spark.hadoop.fs.defaultFS=hdfs://namenode:9000   --conf spark.hadoop.dfs.client.use.datanode.hostname=true   --conf spark.sql.adaptive.enabled=false   --packages org.apache.spark:spark-sql-kafka-0-10_2.12:3.3.1   /opt/***/scripts/pyspark/streaming.py']
[2025-09-01 14:40:40,416] {subprocess.py:85} INFO - Output:
[2025-09-01 14:40:40,433] {subprocess.py:92} INFO - /opt/spark-3.3.1-bin-hadoop3/bin/load-spark-env.sh: line 68: ps: command not found
[2025-09-01 14:40:42,306] {subprocess.py:92} INFO - :: loading settings :: url = jar:file:/opt/spark-3.3.1-bin-hadoop3/jars/ivy-2.5.0.jar!/org/apache/ivy/core/settings/ivysettings.xml
[2025-09-01 14:40:42,440] {subprocess.py:92} INFO - Ivy Default Cache set to: /home/***/.ivy2/cache
[2025-09-01 14:40:42,440] {subprocess.py:92} INFO - The jars for the packages stored in: /home/***/.ivy2/jars
[2025-09-01 14:40:42,445] {subprocess.py:92} INFO - org.apache.spark#spark-sql-kafka-0-10_2.12 added as a dependency
[2025-09-01 14:40:42,446] {subprocess.py:92} INFO - :: resolving dependencies :: org.apache.spark#spark-submit-parent-0ea4a81d-b885-4572-972e-4f0f2f0080d9;1.0
[2025-09-01 14:40:42,446] {subprocess.py:92} INFO - 	confs: [default]
[2025-09-01 14:40:42,629] {subprocess.py:92} INFO - 	found org.apache.spark#spark-sql-kafka-0-10_2.12;3.3.1 in spark-list
[2025-09-01 14:40:42,708] {subprocess.py:92} INFO - 	found org.apache.spark#spark-token-provider-kafka-0-10_2.12;3.3.1 in central
[2025-09-01 14:40:42,765] {subprocess.py:92} INFO - 	found org.apache.kafka#kafka-clients;2.8.1 in central
[2025-09-01 14:40:42,793] {subprocess.py:92} INFO - 	found org.lz4#lz4-java;1.8.0 in central
[2025-09-01 14:40:42,817] {subprocess.py:92} INFO - 	found org.xerial.snappy#snappy-java;1.1.8.4 in central
[2025-09-01 14:40:42,849] {subprocess.py:92} INFO - 	found org.slf4j#slf4j-api;1.7.32 in central
[2025-09-01 14:40:42,887] {subprocess.py:92} INFO - 	found org.apache.hadoop#hadoop-client-runtime;3.3.2 in central
[2025-09-01 14:40:42,905] {subprocess.py:92} INFO - 	found org.spark-project.spark#unused;1.0.0 in central
[2025-09-01 14:40:42,943] {subprocess.py:92} INFO - 	found org.apache.hadoop#hadoop-client-api;3.3.2 in central
[2025-09-01 14:40:42,964] {subprocess.py:92} INFO - 	found commons-logging#commons-logging;1.1.3 in central
[2025-09-01 14:40:42,978] {subprocess.py:92} INFO - 	found com.google.code.findbugs#jsr305;3.0.0 in central
[2025-09-01 14:40:42,991] {subprocess.py:92} INFO - 	found org.apache.commons#commons-pool2;2.11.1 in central
[2025-09-01 14:40:43,018] {subprocess.py:92} INFO - :: resolution report :: resolve 559ms :: artifacts dl 13ms
[2025-09-01 14:40:43,018] {subprocess.py:92} INFO - 	:: modules in use:
[2025-09-01 14:40:43,018] {subprocess.py:92} INFO - 	com.google.code.findbugs#jsr305;3.0.0 from central in [default]
[2025-09-01 14:40:43,019] {subprocess.py:92} INFO - 	commons-logging#commons-logging;1.1.3 from central in [default]
[2025-09-01 14:40:43,019] {subprocess.py:92} INFO - 	org.apache.commons#commons-pool2;2.11.1 from central in [default]
[2025-09-01 14:40:43,019] {subprocess.py:92} INFO - 	org.apache.hadoop#hadoop-client-api;3.3.2 from central in [default]
[2025-09-01 14:40:43,019] {subprocess.py:92} INFO - 	org.apache.hadoop#hadoop-client-runtime;3.3.2 from central in [default]
[2025-09-01 14:40:43,019] {subprocess.py:92} INFO - 	org.apache.kafka#kafka-clients;2.8.1 from central in [default]
[2025-09-01 14:40:43,019] {subprocess.py:92} INFO - 	org.apache.spark#spark-sql-kafka-0-10_2.12;3.3.1 from spark-list in [default]
[2025-09-01 14:40:43,019] {subprocess.py:92} INFO - 	org.apache.spark#spark-token-provider-kafka-0-10_2.12;3.3.1 from central in [default]
[2025-09-01 14:40:43,019] {subprocess.py:92} INFO - 	org.lz4#lz4-java;1.8.0 from central in [default]
[2025-09-01 14:40:43,019] {subprocess.py:92} INFO - 	org.slf4j#slf4j-api;1.7.32 from central in [default]
[2025-09-01 14:40:43,019] {subprocess.py:92} INFO - 	org.spark-project.spark#unused;1.0.0 from central in [default]
[2025-09-01 14:40:43,019] {subprocess.py:92} INFO - 	org.xerial.snappy#snappy-java;1.1.8.4 from central in [default]
[2025-09-01 14:40:43,019] {subprocess.py:92} INFO - 	---------------------------------------------------------------------
[2025-09-01 14:40:43,020] {subprocess.py:92} INFO - 	|                  |            modules            ||   artifacts   |
[2025-09-01 14:40:43,020] {subprocess.py:92} INFO - 	|       conf       | number| search|dwnlded|evicted|| number|dwnlded|
[2025-09-01 14:40:43,020] {subprocess.py:92} INFO - 	---------------------------------------------------------------------
[2025-09-01 14:40:43,020] {subprocess.py:92} INFO - 	|      default     |   12  |   0   |   0   |   0   ||   12  |   0   |
[2025-09-01 14:40:43,020] {subprocess.py:92} INFO - 	---------------------------------------------------------------------
[2025-09-01 14:40:43,026] {subprocess.py:92} INFO - :: retrieving :: org.apache.spark#spark-submit-parent-0ea4a81d-b885-4572-972e-4f0f2f0080d9
[2025-09-01 14:40:43,027] {subprocess.py:92} INFO - 	confs: [default]
[2025-09-01 14:40:43,035] {subprocess.py:92} INFO - 	0 artifacts copied, 12 already retrieved (0kB/8ms)
[2025-09-01 14:40:43,258] {subprocess.py:92} INFO - 25/09/01 14:40:43 WARN NativeCodeLoader: Unable to load native-hadoop library for your platform... using builtin-java classes where applicable
[2025-09-01 14:40:44,549] {subprocess.py:92} INFO - 25/09/01 14:40:44 INFO SparkContext: Running Spark version 3.3.1
[2025-09-01 14:40:44,574] {subprocess.py:92} INFO - 25/09/01 14:40:44 INFO ResourceUtils: ==============================================================
[2025-09-01 14:40:44,574] {subprocess.py:92} INFO - 25/09/01 14:40:44 INFO ResourceUtils: No custom resources configured for spark.driver.
[2025-09-01 14:40:44,574] {subprocess.py:92} INFO - 25/09/01 14:40:44 INFO ResourceUtils: ==============================================================
[2025-09-01 14:40:44,575] {subprocess.py:92} INFO - 25/09/01 14:40:44 INFO SparkContext: Submitted application: KafkaToHDFSWeather
[2025-09-01 14:40:44,600] {subprocess.py:92} INFO - 25/09/01 14:40:44 INFO ResourceProfile: Default ResourceProfile created, executor resources: Map(cores -> name: cores, amount: 1, script: , vendor: , memory -> name: memory, amount: 1024, script: , vendor: , offHeap -> name: offHeap, amount: 0, script: , vendor: ), task resources: Map(cpus -> name: cpus, amount: 1.0)
[2025-09-01 14:40:44,620] {subprocess.py:92} INFO - 25/09/01 14:40:44 INFO ResourceProfile: Limiting resource is cpu
[2025-09-01 14:40:44,621] {subprocess.py:92} INFO - 25/09/01 14:40:44 INFO ResourceProfileManager: Added ResourceProfile id: 0
[2025-09-01 14:40:44,707] {subprocess.py:92} INFO - 25/09/01 14:40:44 INFO SecurityManager: Changing view acls to: ***
[2025-09-01 14:40:44,708] {subprocess.py:92} INFO - 25/09/01 14:40:44 INFO SecurityManager: Changing modify acls to: ***
[2025-09-01 14:40:44,709] {subprocess.py:92} INFO - 25/09/01 14:40:44 INFO SecurityManager: Changing view acls groups to:
[2025-09-01 14:40:44,710] {subprocess.py:92} INFO - 25/09/01 14:40:44 INFO SecurityManager: Changing modify acls groups to:
[2025-09-01 14:40:44,711] {subprocess.py:92} INFO - 25/09/01 14:40:44 INFO SecurityManager: SecurityManager: authentication disabled; ui acls disabled; users  with view permissions: Set(***); groups with view permissions: Set(); users  with modify permissions: Set(***); groups with modify permissions: Set()
[2025-09-01 14:40:45,030] {subprocess.py:92} INFO - 25/09/01 14:40:45 INFO Utils: Successfully started service 'sparkDriver' on port 41593.
[2025-09-01 14:40:45,073] {subprocess.py:92} INFO - 25/09/01 14:40:45 INFO SparkEnv: Registering MapOutputTracker
[2025-09-01 14:40:45,113] {subprocess.py:92} INFO - 25/09/01 14:40:45 INFO SparkEnv: Registering BlockManagerMaster
[2025-09-01 14:40:45,134] {subprocess.py:92} INFO - 25/09/01 14:40:45 INFO BlockManagerMasterEndpoint: Using org.apache.spark.storage.DefaultTopologyMapper for getting topology information
[2025-09-01 14:40:45,134] {subprocess.py:92} INFO - 25/09/01 14:40:45 INFO BlockManagerMasterEndpoint: BlockManagerMasterEndpoint up
[2025-09-01 14:40:45,139] {subprocess.py:92} INFO - 25/09/01 14:40:45 INFO SparkEnv: Registering BlockManagerMasterHeartbeat
[2025-09-01 14:40:45,169] {subprocess.py:92} INFO - 25/09/01 14:40:45 INFO DiskBlockManager: Created local directory at /tmp/blockmgr-a2fedf83-6097-4ea9-ad47-7cbcb3fadcad
[2025-09-01 14:40:45,189] {subprocess.py:92} INFO - 25/09/01 14:40:45 INFO MemoryStore: MemoryStore started with capacity 434.4 MiB
[2025-09-01 14:40:45,209] {subprocess.py:92} INFO - 25/09/01 14:40:45 INFO SparkEnv: Registering OutputCommitCoordinator
[2025-09-01 14:40:45,469] {subprocess.py:92} INFO - 25/09/01 14:40:45 INFO Utils: Successfully started service 'SparkUI' on port 4040.
[2025-09-01 14:40:45,508] {subprocess.py:92} INFO - 25/09/01 14:40:45 INFO SparkContext: Added JAR file:///home/***/.ivy2/jars/org.apache.spark_spark-sql-kafka-0-10_2.12-3.3.1.jar at spark://e66737cfc193:41593/jars/org.apache.spark_spark-sql-kafka-0-10_2.12-3.3.1.jar with timestamp 1756737644539
[2025-09-01 14:40:45,509] {subprocess.py:92} INFO - 25/09/01 14:40:45 INFO SparkContext: Added JAR file:///home/***/.ivy2/jars/org.apache.spark_spark-token-provider-kafka-0-10_2.12-3.3.1.jar at spark://e66737cfc193:41593/jars/org.apache.spark_spark-token-provider-kafka-0-10_2.12-3.3.1.jar with timestamp 1756737644539
[2025-09-01 14:40:45,509] {subprocess.py:92} INFO - 25/09/01 14:40:45 INFO SparkContext: Added JAR file:///home/***/.ivy2/jars/org.apache.kafka_kafka-clients-2.8.1.jar at spark://e66737cfc193:41593/jars/org.apache.kafka_kafka-clients-2.8.1.jar with timestamp 1756737644539
[2025-09-01 14:40:45,509] {subprocess.py:92} INFO - 25/09/01 14:40:45 INFO SparkContext: Added JAR file:///home/***/.ivy2/jars/com.google.code.findbugs_jsr305-3.0.0.jar at spark://e66737cfc193:41593/jars/com.google.code.findbugs_jsr305-3.0.0.jar with timestamp 1756737644539
[2025-09-01 14:40:45,509] {subprocess.py:92} INFO - 25/09/01 14:40:45 INFO SparkContext: Added JAR file:///home/***/.ivy2/jars/org.apache.commons_commons-pool2-2.11.1.jar at spark://e66737cfc193:41593/jars/org.apache.commons_commons-pool2-2.11.1.jar with timestamp 1756737644539
[2025-09-01 14:40:45,509] {subprocess.py:92} INFO - 25/09/01 14:40:45 INFO SparkContext: Added JAR file:///home/***/.ivy2/jars/org.spark-project.spark_unused-1.0.0.jar at spark://e66737cfc193:41593/jars/org.spark-project.spark_unused-1.0.0.jar with timestamp 1756737644539
[2025-09-01 14:40:45,509] {subprocess.py:92} INFO - 25/09/01 14:40:45 INFO SparkContext: Added JAR file:///home/***/.ivy2/jars/org.apache.hadoop_hadoop-client-runtime-3.3.2.jar at spark://e66737cfc193:41593/jars/org.apache.hadoop_hadoop-client-runtime-3.3.2.jar with timestamp 1756737644539
[2025-09-01 14:40:45,510] {subprocess.py:92} INFO - 25/09/01 14:40:45 INFO SparkContext: Added JAR file:///home/***/.ivy2/jars/org.lz4_lz4-java-1.8.0.jar at spark://e66737cfc193:41593/jars/org.lz4_lz4-java-1.8.0.jar with timestamp 1756737644539
[2025-09-01 14:40:45,510] {subprocess.py:92} INFO - 25/09/01 14:40:45 INFO SparkContext: Added JAR file:///home/***/.ivy2/jars/org.xerial.snappy_snappy-java-1.1.8.4.jar at spark://e66737cfc193:41593/jars/org.xerial.snappy_snappy-java-1.1.8.4.jar with timestamp 1756737644539
[2025-09-01 14:40:45,510] {subprocess.py:92} INFO - 25/09/01 14:40:45 INFO SparkContext: Added JAR file:///home/***/.ivy2/jars/org.slf4j_slf4j-api-1.7.32.jar at spark://e66737cfc193:41593/jars/org.slf4j_slf4j-api-1.7.32.jar with timestamp 1756737644539
[2025-09-01 14:40:45,510] {subprocess.py:92} INFO - 25/09/01 14:40:45 INFO SparkContext: Added JAR file:///home/***/.ivy2/jars/org.apache.hadoop_hadoop-client-api-3.3.2.jar at spark://e66737cfc193:41593/jars/org.apache.hadoop_hadoop-client-api-3.3.2.jar with timestamp 1756737644539
[2025-09-01 14:40:45,510] {subprocess.py:92} INFO - 25/09/01 14:40:45 INFO SparkContext: Added JAR file:///home/***/.ivy2/jars/commons-logging_commons-logging-1.1.3.jar at spark://e66737cfc193:41593/jars/commons-logging_commons-logging-1.1.3.jar with timestamp 1756737644539
[2025-09-01 14:40:45,512] {subprocess.py:92} INFO - 25/09/01 14:40:45 INFO SparkContext: Added file file:///home/***/.ivy2/jars/org.apache.spark_spark-sql-kafka-0-10_2.12-3.3.1.jar at file:///home/***/.ivy2/jars/org.apache.spark_spark-sql-kafka-0-10_2.12-3.3.1.jar with timestamp 1756737644539
[2025-09-01 14:40:45,513] {subprocess.py:92} INFO - 25/09/01 14:40:45 INFO Utils: Copying /home/***/.ivy2/jars/org.apache.spark_spark-sql-kafka-0-10_2.12-3.3.1.jar to /tmp/spark-f5888baa-eae1-437f-954a-34814ac1450e/userFiles-a85bb333-24f5-402a-a505-925bfc2b6d65/org.apache.spark_spark-sql-kafka-0-10_2.12-3.3.1.jar
[2025-09-01 14:40:45,527] {subprocess.py:92} INFO - 25/09/01 14:40:45 INFO SparkContext: Added file file:///home/***/.ivy2/jars/org.apache.spark_spark-token-provider-kafka-0-10_2.12-3.3.1.jar at file:///home/***/.ivy2/jars/org.apache.spark_spark-token-provider-kafka-0-10_2.12-3.3.1.jar with timestamp 1756737644539
[2025-09-01 14:40:45,527] {subprocess.py:92} INFO - 25/09/01 14:40:45 INFO Utils: Copying /home/***/.ivy2/jars/org.apache.spark_spark-token-provider-kafka-0-10_2.12-3.3.1.jar to /tmp/spark-f5888baa-eae1-437f-954a-34814ac1450e/userFiles-a85bb333-24f5-402a-a505-925bfc2b6d65/org.apache.spark_spark-token-provider-kafka-0-10_2.12-3.3.1.jar
[2025-09-01 14:40:45,533] {subprocess.py:92} INFO - 25/09/01 14:40:45 INFO SparkContext: Added file file:///home/***/.ivy2/jars/org.apache.kafka_kafka-clients-2.8.1.jar at file:///home/***/.ivy2/jars/org.apache.kafka_kafka-clients-2.8.1.jar with timestamp 1756737644539
[2025-09-01 14:40:45,533] {subprocess.py:92} INFO - 25/09/01 14:40:45 INFO Utils: Copying /home/***/.ivy2/jars/org.apache.kafka_kafka-clients-2.8.1.jar to /tmp/spark-f5888baa-eae1-437f-954a-34814ac1450e/userFiles-a85bb333-24f5-402a-a505-925bfc2b6d65/org.apache.kafka_kafka-clients-2.8.1.jar
[2025-09-01 14:40:45,544] {subprocess.py:92} INFO - 25/09/01 14:40:45 INFO SparkContext: Added file file:///home/***/.ivy2/jars/com.google.code.findbugs_jsr305-3.0.0.jar at file:///home/***/.ivy2/jars/com.google.code.findbugs_jsr305-3.0.0.jar with timestamp 1756737644539
[2025-09-01 14:40:45,545] {subprocess.py:92} INFO - 25/09/01 14:40:45 INFO Utils: Copying /home/***/.ivy2/jars/com.google.code.findbugs_jsr305-3.0.0.jar to /tmp/spark-f5888baa-eae1-437f-954a-34814ac1450e/userFiles-a85bb333-24f5-402a-a505-925bfc2b6d65/com.google.code.findbugs_jsr305-3.0.0.jar
[2025-09-01 14:40:45,552] {subprocess.py:92} INFO - 25/09/01 14:40:45 INFO SparkContext: Added file file:///home/***/.ivy2/jars/org.apache.commons_commons-pool2-2.11.1.jar at file:///home/***/.ivy2/jars/org.apache.commons_commons-pool2-2.11.1.jar with timestamp 1756737644539
[2025-09-01 14:40:45,552] {subprocess.py:92} INFO - 25/09/01 14:40:45 INFO Utils: Copying /home/***/.ivy2/jars/org.apache.commons_commons-pool2-2.11.1.jar to /tmp/spark-f5888baa-eae1-437f-954a-34814ac1450e/userFiles-a85bb333-24f5-402a-a505-925bfc2b6d65/org.apache.commons_commons-pool2-2.11.1.jar
[2025-09-01 14:40:45,560] {subprocess.py:92} INFO - 25/09/01 14:40:45 INFO SparkContext: Added file file:///home/***/.ivy2/jars/org.spark-project.spark_unused-1.0.0.jar at file:///home/***/.ivy2/jars/org.spark-project.spark_unused-1.0.0.jar with timestamp 1756737644539
[2025-09-01 14:40:45,560] {subprocess.py:92} INFO - 25/09/01 14:40:45 INFO Utils: Copying /home/***/.ivy2/jars/org.spark-project.spark_unused-1.0.0.jar to /tmp/spark-f5888baa-eae1-437f-954a-34814ac1450e/userFiles-a85bb333-24f5-402a-a505-925bfc2b6d65/org.spark-project.spark_unused-1.0.0.jar
[2025-09-01 14:40:45,567] {subprocess.py:92} INFO - 25/09/01 14:40:45 INFO SparkContext: Added file file:///home/***/.ivy2/jars/org.apache.hadoop_hadoop-client-runtime-3.3.2.jar at file:///home/***/.ivy2/jars/org.apache.hadoop_hadoop-client-runtime-3.3.2.jar with timestamp 1756737644539
[2025-09-01 14:40:45,567] {subprocess.py:92} INFO - 25/09/01 14:40:45 INFO Utils: Copying /home/***/.ivy2/jars/org.apache.hadoop_hadoop-client-runtime-3.3.2.jar to /tmp/spark-f5888baa-eae1-437f-954a-34814ac1450e/userFiles-a85bb333-24f5-402a-a505-925bfc2b6d65/org.apache.hadoop_hadoop-client-runtime-3.3.2.jar
[2025-09-01 14:40:45,617] {subprocess.py:92} INFO - 25/09/01 14:40:45 INFO SparkContext: Added file file:///home/***/.ivy2/jars/org.lz4_lz4-java-1.8.0.jar at file:///home/***/.ivy2/jars/org.lz4_lz4-java-1.8.0.jar with timestamp 1756737644539
[2025-09-01 14:40:45,617] {subprocess.py:92} INFO - 25/09/01 14:40:45 INFO Utils: Copying /home/***/.ivy2/jars/org.lz4_lz4-java-1.8.0.jar to /tmp/spark-f5888baa-eae1-437f-954a-34814ac1450e/userFiles-a85bb333-24f5-402a-a505-925bfc2b6d65/org.lz4_lz4-java-1.8.0.jar
[2025-09-01 14:40:45,623] {subprocess.py:92} INFO - 25/09/01 14:40:45 INFO SparkContext: Added file file:///home/***/.ivy2/jars/org.xerial.snappy_snappy-java-1.1.8.4.jar at file:///home/***/.ivy2/jars/org.xerial.snappy_snappy-java-1.1.8.4.jar with timestamp 1756737644539
[2025-09-01 14:40:45,623] {subprocess.py:92} INFO - 25/09/01 14:40:45 INFO Utils: Copying /home/***/.ivy2/jars/org.xerial.snappy_snappy-java-1.1.8.4.jar to /tmp/spark-f5888baa-eae1-437f-954a-34814ac1450e/userFiles-a85bb333-24f5-402a-a505-925bfc2b6d65/org.xerial.snappy_snappy-java-1.1.8.4.jar
[2025-09-01 14:40:45,632] {subprocess.py:92} INFO - 25/09/01 14:40:45 INFO SparkContext: Added file file:///home/***/.ivy2/jars/org.slf4j_slf4j-api-1.7.32.jar at file:///home/***/.ivy2/jars/org.slf4j_slf4j-api-1.7.32.jar with timestamp 1756737644539
[2025-09-01 14:40:45,632] {subprocess.py:92} INFO - 25/09/01 14:40:45 INFO Utils: Copying /home/***/.ivy2/jars/org.slf4j_slf4j-api-1.7.32.jar to /tmp/spark-f5888baa-eae1-437f-954a-34814ac1450e/userFiles-a85bb333-24f5-402a-a505-925bfc2b6d65/org.slf4j_slf4j-api-1.7.32.jar
[2025-09-01 14:40:45,638] {subprocess.py:92} INFO - 25/09/01 14:40:45 INFO SparkContext: Added file file:///home/***/.ivy2/jars/org.apache.hadoop_hadoop-client-api-3.3.2.jar at file:///home/***/.ivy2/jars/org.apache.hadoop_hadoop-client-api-3.3.2.jar with timestamp 1756737644539
[2025-09-01 14:40:45,638] {subprocess.py:92} INFO - 25/09/01 14:40:45 INFO Utils: Copying /home/***/.ivy2/jars/org.apache.hadoop_hadoop-client-api-3.3.2.jar to /tmp/spark-f5888baa-eae1-437f-954a-34814ac1450e/userFiles-a85bb333-24f5-402a-a505-925bfc2b6d65/org.apache.hadoop_hadoop-client-api-3.3.2.jar
[2025-09-01 14:40:45,670] {subprocess.py:92} INFO - 25/09/01 14:40:45 INFO SparkContext: Added file file:///home/***/.ivy2/jars/commons-logging_commons-logging-1.1.3.jar at file:///home/***/.ivy2/jars/commons-logging_commons-logging-1.1.3.jar with timestamp 1756737644539
[2025-09-01 14:40:45,670] {subprocess.py:92} INFO - 25/09/01 14:40:45 INFO Utils: Copying /home/***/.ivy2/jars/commons-logging_commons-logging-1.1.3.jar to /tmp/spark-f5888baa-eae1-437f-954a-34814ac1450e/userFiles-a85bb333-24f5-402a-a505-925bfc2b6d65/commons-logging_commons-logging-1.1.3.jar
[2025-09-01 14:40:45,748] {subprocess.py:92} INFO - 25/09/01 14:40:45 INFO Executor: Starting executor ID driver on host e66737cfc193
[2025-09-01 14:40:45,756] {subprocess.py:92} INFO - 25/09/01 14:40:45 INFO Executor: Starting executor with user classpath (userClassPathFirst = false): ''
[2025-09-01 14:40:45,769] {subprocess.py:92} INFO - 25/09/01 14:40:45 INFO Executor: Fetching file:///home/***/.ivy2/jars/commons-logging_commons-logging-1.1.3.jar with timestamp 1756737644539
[2025-09-01 14:40:45,793] {subprocess.py:92} INFO - 25/09/01 14:40:45 INFO Utils: /home/***/.ivy2/jars/commons-logging_commons-logging-1.1.3.jar has been previously copied to /tmp/spark-f5888baa-eae1-437f-954a-34814ac1450e/userFiles-a85bb333-24f5-402a-a505-925bfc2b6d65/commons-logging_commons-logging-1.1.3.jar
[2025-09-01 14:40:45,799] {subprocess.py:92} INFO - 25/09/01 14:40:45 INFO Executor: Fetching file:///home/***/.ivy2/jars/org.spark-project.spark_unused-1.0.0.jar with timestamp 1756737644539
[2025-09-01 14:40:45,799] {subprocess.py:92} INFO - 25/09/01 14:40:45 INFO Utils: /home/***/.ivy2/jars/org.spark-project.spark_unused-1.0.0.jar has been previously copied to /tmp/spark-f5888baa-eae1-437f-954a-34814ac1450e/userFiles-a85bb333-24f5-402a-a505-925bfc2b6d65/org.spark-project.spark_unused-1.0.0.jar
[2025-09-01 14:40:45,804] {subprocess.py:92} INFO - 25/09/01 14:40:45 INFO Executor: Fetching file:///home/***/.ivy2/jars/org.apache.spark_spark-sql-kafka-0-10_2.12-3.3.1.jar with timestamp 1756737644539
[2025-09-01 14:40:45,811] {subprocess.py:92} INFO - 25/09/01 14:40:45 INFO Utils: /home/***/.ivy2/jars/org.apache.spark_spark-sql-kafka-0-10_2.12-3.3.1.jar has been previously copied to /tmp/spark-f5888baa-eae1-437f-954a-34814ac1450e/userFiles-a85bb333-24f5-402a-a505-925bfc2b6d65/org.apache.spark_spark-sql-kafka-0-10_2.12-3.3.1.jar
[2025-09-01 14:40:45,816] {subprocess.py:92} INFO - 25/09/01 14:40:45 INFO Executor: Fetching file:///home/***/.ivy2/jars/org.apache.hadoop_hadoop-client-api-3.3.2.jar with timestamp 1756737644539
[2025-09-01 14:40:45,835] {subprocess.py:92} INFO - 25/09/01 14:40:45 INFO Utils: /home/***/.ivy2/jars/org.apache.hadoop_hadoop-client-api-3.3.2.jar has been previously copied to /tmp/spark-f5888baa-eae1-437f-954a-34814ac1450e/userFiles-a85bb333-24f5-402a-a505-925bfc2b6d65/org.apache.hadoop_hadoop-client-api-3.3.2.jar
[2025-09-01 14:40:45,841] {subprocess.py:92} INFO - 25/09/01 14:40:45 INFO Executor: Fetching file:///home/***/.ivy2/jars/org.apache.hadoop_hadoop-client-runtime-3.3.2.jar with timestamp 1756737644539
[2025-09-01 14:40:45,869] {subprocess.py:92} INFO - 25/09/01 14:40:45 INFO Utils: /home/***/.ivy2/jars/org.apache.hadoop_hadoop-client-runtime-3.3.2.jar has been previously copied to /tmp/spark-f5888baa-eae1-437f-954a-34814ac1450e/userFiles-a85bb333-24f5-402a-a505-925bfc2b6d65/org.apache.hadoop_hadoop-client-runtime-3.3.2.jar
[2025-09-01 14:40:45,875] {subprocess.py:92} INFO - 25/09/01 14:40:45 INFO Executor: Fetching file:///home/***/.ivy2/jars/org.slf4j_slf4j-api-1.7.32.jar with timestamp 1756737644539
[2025-09-01 14:40:45,875] {subprocess.py:92} INFO - 25/09/01 14:40:45 INFO Utils: /home/***/.ivy2/jars/org.slf4j_slf4j-api-1.7.32.jar has been previously copied to /tmp/spark-f5888baa-eae1-437f-954a-34814ac1450e/userFiles-a85bb333-24f5-402a-a505-925bfc2b6d65/org.slf4j_slf4j-api-1.7.32.jar
[2025-09-01 14:40:45,882] {subprocess.py:92} INFO - 25/09/01 14:40:45 INFO Executor: Fetching file:///home/***/.ivy2/jars/org.lz4_lz4-java-1.8.0.jar with timestamp 1756737644539
[2025-09-01 14:40:45,883] {subprocess.py:92} INFO - 25/09/01 14:40:45 INFO Utils: /home/***/.ivy2/jars/org.lz4_lz4-java-1.8.0.jar has been previously copied to /tmp/spark-f5888baa-eae1-437f-954a-34814ac1450e/userFiles-a85bb333-24f5-402a-a505-925bfc2b6d65/org.lz4_lz4-java-1.8.0.jar
[2025-09-01 14:40:45,891] {subprocess.py:92} INFO - 25/09/01 14:40:45 INFO Executor: Fetching file:///home/***/.ivy2/jars/org.apache.commons_commons-pool2-2.11.1.jar with timestamp 1756737644539
[2025-09-01 14:40:45,892] {subprocess.py:92} INFO - 25/09/01 14:40:45 INFO Utils: /home/***/.ivy2/jars/org.apache.commons_commons-pool2-2.11.1.jar has been previously copied to /tmp/spark-f5888baa-eae1-437f-954a-34814ac1450e/userFiles-a85bb333-24f5-402a-a505-925bfc2b6d65/org.apache.commons_commons-pool2-2.11.1.jar
[2025-09-01 14:40:45,897] {subprocess.py:92} INFO - 25/09/01 14:40:45 INFO Executor: Fetching file:///home/***/.ivy2/jars/com.google.code.findbugs_jsr305-3.0.0.jar with timestamp 1756737644539
[2025-09-01 14:40:45,897] {subprocess.py:92} INFO - 25/09/01 14:40:45 INFO Utils: /home/***/.ivy2/jars/com.google.code.findbugs_jsr305-3.0.0.jar has been previously copied to /tmp/spark-f5888baa-eae1-437f-954a-34814ac1450e/userFiles-a85bb333-24f5-402a-a505-925bfc2b6d65/com.google.code.findbugs_jsr305-3.0.0.jar
[2025-09-01 14:40:45,902] {subprocess.py:92} INFO - 25/09/01 14:40:45 INFO Executor: Fetching file:///home/***/.ivy2/jars/org.apache.spark_spark-token-provider-kafka-0-10_2.12-3.3.1.jar with timestamp 1756737644539
[2025-09-01 14:40:45,903] {subprocess.py:92} INFO - 25/09/01 14:40:45 INFO Utils: /home/***/.ivy2/jars/org.apache.spark_spark-token-provider-kafka-0-10_2.12-3.3.1.jar has been previously copied to /tmp/spark-f5888baa-eae1-437f-954a-34814ac1450e/userFiles-a85bb333-24f5-402a-a505-925bfc2b6d65/org.apache.spark_spark-token-provider-kafka-0-10_2.12-3.3.1.jar
[2025-09-01 14:40:45,908] {subprocess.py:92} INFO - 25/09/01 14:40:45 INFO Executor: Fetching file:///home/***/.ivy2/jars/org.apache.kafka_kafka-clients-2.8.1.jar with timestamp 1756737644539
[2025-09-01 14:40:45,914] {subprocess.py:92} INFO - 25/09/01 14:40:45 INFO Utils: /home/***/.ivy2/jars/org.apache.kafka_kafka-clients-2.8.1.jar has been previously copied to /tmp/spark-f5888baa-eae1-437f-954a-34814ac1450e/userFiles-a85bb333-24f5-402a-a505-925bfc2b6d65/org.apache.kafka_kafka-clients-2.8.1.jar
[2025-09-01 14:40:45,919] {subprocess.py:92} INFO - 25/09/01 14:40:45 INFO Executor: Fetching file:///home/***/.ivy2/jars/org.xerial.snappy_snappy-java-1.1.8.4.jar with timestamp 1756737644539
[2025-09-01 14:40:45,923] {subprocess.py:92} INFO - 25/09/01 14:40:45 INFO Utils: /home/***/.ivy2/jars/org.xerial.snappy_snappy-java-1.1.8.4.jar has been previously copied to /tmp/spark-f5888baa-eae1-437f-954a-34814ac1450e/userFiles-a85bb333-24f5-402a-a505-925bfc2b6d65/org.xerial.snappy_snappy-java-1.1.8.4.jar
[2025-09-01 14:40:45,930] {subprocess.py:92} INFO - 25/09/01 14:40:45 INFO Executor: Fetching spark://e66737cfc193:41593/jars/org.apache.spark_spark-token-provider-kafka-0-10_2.12-3.3.1.jar with timestamp 1756737644539
[2025-09-01 14:40:45,977] {subprocess.py:92} INFO - 25/09/01 14:40:45 INFO TransportClientFactory: Successfully created connection to e66737cfc193/172.20.0.18:41593 after 32 ms (0 ms spent in bootstraps)
[2025-09-01 14:40:45,985] {subprocess.py:92} INFO - 25/09/01 14:40:45 INFO Utils: Fetching spark://e66737cfc193:41593/jars/org.apache.spark_spark-token-provider-kafka-0-10_2.12-3.3.1.jar to /tmp/spark-f5888baa-eae1-437f-954a-34814ac1450e/userFiles-a85bb333-24f5-402a-a505-925bfc2b6d65/fetchFileTemp3158490302445555190.tmp
[2025-09-01 14:40:46,021] {subprocess.py:92} INFO - 25/09/01 14:40:46 INFO Utils: /tmp/spark-f5888baa-eae1-437f-954a-34814ac1450e/userFiles-a85bb333-24f5-402a-a505-925bfc2b6d65/fetchFileTemp3158490302445555190.tmp has been previously copied to /tmp/spark-f5888baa-eae1-437f-954a-34814ac1450e/userFiles-a85bb333-24f5-402a-a505-925bfc2b6d65/org.apache.spark_spark-token-provider-kafka-0-10_2.12-3.3.1.jar
[2025-09-01 14:40:46,026] {subprocess.py:92} INFO - 25/09/01 14:40:46 INFO Executor: Adding file:/tmp/spark-f5888baa-eae1-437f-954a-34814ac1450e/userFiles-a85bb333-24f5-402a-a505-925bfc2b6d65/org.apache.spark_spark-token-provider-kafka-0-10_2.12-3.3.1.jar to class loader
[2025-09-01 14:40:46,026] {subprocess.py:92} INFO - 25/09/01 14:40:46 INFO Executor: Fetching spark://e66737cfc193:41593/jars/org.apache.hadoop_hadoop-client-runtime-3.3.2.jar with timestamp 1756737644539
[2025-09-01 14:40:46,027] {subprocess.py:92} INFO - 25/09/01 14:40:46 INFO Utils: Fetching spark://e66737cfc193:41593/jars/org.apache.hadoop_hadoop-client-runtime-3.3.2.jar to /tmp/spark-f5888baa-eae1-437f-954a-34814ac1450e/userFiles-a85bb333-24f5-402a-a505-925bfc2b6d65/fetchFileTemp15583909727849510353.tmp
[2025-09-01 14:40:46,125] {subprocess.py:92} INFO - 25/09/01 14:40:46 INFO Utils: /tmp/spark-f5888baa-eae1-437f-954a-34814ac1450e/userFiles-a85bb333-24f5-402a-a505-925bfc2b6d65/fetchFileTemp15583909727849510353.tmp has been previously copied to /tmp/spark-f5888baa-eae1-437f-954a-34814ac1450e/userFiles-a85bb333-24f5-402a-a505-925bfc2b6d65/org.apache.hadoop_hadoop-client-runtime-3.3.2.jar
[2025-09-01 14:40:46,134] {subprocess.py:92} INFO - 25/09/01 14:40:46 INFO Executor: Adding file:/tmp/spark-f5888baa-eae1-437f-954a-34814ac1450e/userFiles-a85bb333-24f5-402a-a505-925bfc2b6d65/org.apache.hadoop_hadoop-client-runtime-3.3.2.jar to class loader
[2025-09-01 14:40:46,135] {subprocess.py:92} INFO - 25/09/01 14:40:46 INFO Executor: Fetching spark://e66737cfc193:41593/jars/org.apache.kafka_kafka-clients-2.8.1.jar with timestamp 1756737644539
[2025-09-01 14:40:46,135] {subprocess.py:92} INFO - 25/09/01 14:40:46 INFO Utils: Fetching spark://e66737cfc193:41593/jars/org.apache.kafka_kafka-clients-2.8.1.jar to /tmp/spark-f5888baa-eae1-437f-954a-34814ac1450e/userFiles-a85bb333-24f5-402a-a505-925bfc2b6d65/fetchFileTemp18012154453714061591.tmp
[2025-09-01 14:40:46,155] {subprocess.py:92} INFO - 25/09/01 14:40:46 INFO Utils: /tmp/spark-f5888baa-eae1-437f-954a-34814ac1450e/userFiles-a85bb333-24f5-402a-a505-925bfc2b6d65/fetchFileTemp18012154453714061591.tmp has been previously copied to /tmp/spark-f5888baa-eae1-437f-954a-34814ac1450e/userFiles-a85bb333-24f5-402a-a505-925bfc2b6d65/org.apache.kafka_kafka-clients-2.8.1.jar
[2025-09-01 14:40:46,160] {subprocess.py:92} INFO - 25/09/01 14:40:46 INFO Executor: Adding file:/tmp/spark-f5888baa-eae1-437f-954a-34814ac1450e/userFiles-a85bb333-24f5-402a-a505-925bfc2b6d65/org.apache.kafka_kafka-clients-2.8.1.jar to class loader
[2025-09-01 14:40:46,160] {subprocess.py:92} INFO - 25/09/01 14:40:46 INFO Executor: Fetching spark://e66737cfc193:41593/jars/org.xerial.snappy_snappy-java-1.1.8.4.jar with timestamp 1756737644539
[2025-09-01 14:40:46,161] {subprocess.py:92} INFO - 25/09/01 14:40:46 INFO Utils: Fetching spark://e66737cfc193:41593/jars/org.xerial.snappy_snappy-java-1.1.8.4.jar to /tmp/spark-f5888baa-eae1-437f-954a-34814ac1450e/userFiles-a85bb333-24f5-402a-a505-925bfc2b6d65/fetchFileTemp5392897398298254014.tmp
[2025-09-01 14:40:46,170] {subprocess.py:92} INFO - 25/09/01 14:40:46 INFO Utils: /tmp/spark-f5888baa-eae1-437f-954a-34814ac1450e/userFiles-a85bb333-24f5-402a-a505-925bfc2b6d65/fetchFileTemp5392897398298254014.tmp has been previously copied to /tmp/spark-f5888baa-eae1-437f-954a-34814ac1450e/userFiles-a85bb333-24f5-402a-a505-925bfc2b6d65/org.xerial.snappy_snappy-java-1.1.8.4.jar
[2025-09-01 14:40:46,175] {subprocess.py:92} INFO - 25/09/01 14:40:46 INFO Executor: Adding file:/tmp/spark-f5888baa-eae1-437f-954a-34814ac1450e/userFiles-a85bb333-24f5-402a-a505-925bfc2b6d65/org.xerial.snappy_snappy-java-1.1.8.4.jar to class loader
[2025-09-01 14:40:46,176] {subprocess.py:92} INFO - 25/09/01 14:40:46 INFO Executor: Fetching spark://e66737cfc193:41593/jars/commons-logging_commons-logging-1.1.3.jar with timestamp 1756737644539
[2025-09-01 14:40:46,176] {subprocess.py:92} INFO - 25/09/01 14:40:46 INFO Utils: Fetching spark://e66737cfc193:41593/jars/commons-logging_commons-logging-1.1.3.jar to /tmp/spark-f5888baa-eae1-437f-954a-34814ac1450e/userFiles-a85bb333-24f5-402a-a505-925bfc2b6d65/fetchFileTemp9183702686354176034.tmp
[2025-09-01 14:40:46,179] {subprocess.py:92} INFO - 25/09/01 14:40:46 INFO Utils: /tmp/spark-f5888baa-eae1-437f-954a-34814ac1450e/userFiles-a85bb333-24f5-402a-a505-925bfc2b6d65/fetchFileTemp9183702686354176034.tmp has been previously copied to /tmp/spark-f5888baa-eae1-437f-954a-34814ac1450e/userFiles-a85bb333-24f5-402a-a505-925bfc2b6d65/commons-logging_commons-logging-1.1.3.jar
[2025-09-01 14:40:46,183] {subprocess.py:92} INFO - 25/09/01 14:40:46 INFO Executor: Adding file:/tmp/spark-f5888baa-eae1-437f-954a-34814ac1450e/userFiles-a85bb333-24f5-402a-a505-925bfc2b6d65/commons-logging_commons-logging-1.1.3.jar to class loader
[2025-09-01 14:40:46,183] {subprocess.py:92} INFO - 25/09/01 14:40:46 INFO Executor: Fetching spark://e66737cfc193:41593/jars/org.lz4_lz4-java-1.8.0.jar with timestamp 1756737644539
[2025-09-01 14:40:46,184] {subprocess.py:92} INFO - 25/09/01 14:40:46 INFO Utils: Fetching spark://e66737cfc193:41593/jars/org.lz4_lz4-java-1.8.0.jar to /tmp/spark-f5888baa-eae1-437f-954a-34814ac1450e/userFiles-a85bb333-24f5-402a-a505-925bfc2b6d65/fetchFileTemp8761133250042419106.tmp
[2025-09-01 14:40:46,188] {subprocess.py:92} INFO - 25/09/01 14:40:46 INFO Utils: /tmp/spark-f5888baa-eae1-437f-954a-34814ac1450e/userFiles-a85bb333-24f5-402a-a505-925bfc2b6d65/fetchFileTemp8761133250042419106.tmp has been previously copied to /tmp/spark-f5888baa-eae1-437f-954a-34814ac1450e/userFiles-a85bb333-24f5-402a-a505-925bfc2b6d65/org.lz4_lz4-java-1.8.0.jar
[2025-09-01 14:40:46,193] {subprocess.py:92} INFO - 25/09/01 14:40:46 INFO Executor: Adding file:/tmp/spark-f5888baa-eae1-437f-954a-34814ac1450e/userFiles-a85bb333-24f5-402a-a505-925bfc2b6d65/org.lz4_lz4-java-1.8.0.jar to class loader
[2025-09-01 14:40:46,194] {subprocess.py:92} INFO - 25/09/01 14:40:46 INFO Executor: Fetching spark://e66737cfc193:41593/jars/org.spark-project.spark_unused-1.0.0.jar with timestamp 1756737644539
[2025-09-01 14:40:46,194] {subprocess.py:92} INFO - 25/09/01 14:40:46 INFO Utils: Fetching spark://e66737cfc193:41593/jars/org.spark-project.spark_unused-1.0.0.jar to /tmp/spark-f5888baa-eae1-437f-954a-34814ac1450e/userFiles-a85bb333-24f5-402a-a505-925bfc2b6d65/fetchFileTemp13405577627401914110.tmp
[2025-09-01 14:40:46,196] {subprocess.py:92} INFO - 25/09/01 14:40:46 INFO Utils: /tmp/spark-f5888baa-eae1-437f-954a-34814ac1450e/userFiles-a85bb333-24f5-402a-a505-925bfc2b6d65/fetchFileTemp13405577627401914110.tmp has been previously copied to /tmp/spark-f5888baa-eae1-437f-954a-34814ac1450e/userFiles-a85bb333-24f5-402a-a505-925bfc2b6d65/org.spark-project.spark_unused-1.0.0.jar
[2025-09-01 14:40:46,201] {subprocess.py:92} INFO - 25/09/01 14:40:46 INFO Executor: Adding file:/tmp/spark-f5888baa-eae1-437f-954a-34814ac1450e/userFiles-a85bb333-24f5-402a-a505-925bfc2b6d65/org.spark-project.spark_unused-1.0.0.jar to class loader
[2025-09-01 14:40:46,202] {subprocess.py:92} INFO - 25/09/01 14:40:46 INFO Executor: Fetching spark://e66737cfc193:41593/jars/org.slf4j_slf4j-api-1.7.32.jar with timestamp 1756737644539
[2025-09-01 14:40:46,203] {subprocess.py:92} INFO - 25/09/01 14:40:46 INFO Utils: Fetching spark://e66737cfc193:41593/jars/org.slf4j_slf4j-api-1.7.32.jar to /tmp/spark-f5888baa-eae1-437f-954a-34814ac1450e/userFiles-a85bb333-24f5-402a-a505-925bfc2b6d65/fetchFileTemp17579631217330575187.tmp
[2025-09-01 14:40:46,205] {subprocess.py:92} INFO - 25/09/01 14:40:46 INFO Utils: /tmp/spark-f5888baa-eae1-437f-954a-34814ac1450e/userFiles-a85bb333-24f5-402a-a505-925bfc2b6d65/fetchFileTemp17579631217330575187.tmp has been previously copied to /tmp/spark-f5888baa-eae1-437f-954a-34814ac1450e/userFiles-a85bb333-24f5-402a-a505-925bfc2b6d65/org.slf4j_slf4j-api-1.7.32.jar
[2025-09-01 14:40:46,211] {subprocess.py:92} INFO - 25/09/01 14:40:46 INFO Executor: Adding file:/tmp/spark-f5888baa-eae1-437f-954a-34814ac1450e/userFiles-a85bb333-24f5-402a-a505-925bfc2b6d65/org.slf4j_slf4j-api-1.7.32.jar to class loader
[2025-09-01 14:40:46,211] {subprocess.py:92} INFO - 25/09/01 14:40:46 INFO Executor: Fetching spark://e66737cfc193:41593/jars/org.apache.hadoop_hadoop-client-api-3.3.2.jar with timestamp 1756737644539
[2025-09-01 14:40:46,212] {subprocess.py:92} INFO - 25/09/01 14:40:46 INFO Utils: Fetching spark://e66737cfc193:41593/jars/org.apache.hadoop_hadoop-client-api-3.3.2.jar to /tmp/spark-f5888baa-eae1-437f-954a-34814ac1450e/userFiles-a85bb333-24f5-402a-a505-925bfc2b6d65/fetchFileTemp7076120043354370424.tmp
[2025-09-01 14:40:46,300] {subprocess.py:92} INFO - 25/09/01 14:40:46 INFO Utils: /tmp/spark-f5888baa-eae1-437f-954a-34814ac1450e/userFiles-a85bb333-24f5-402a-a505-925bfc2b6d65/fetchFileTemp7076120043354370424.tmp has been previously copied to /tmp/spark-f5888baa-eae1-437f-954a-34814ac1450e/userFiles-a85bb333-24f5-402a-a505-925bfc2b6d65/org.apache.hadoop_hadoop-client-api-3.3.2.jar
[2025-09-01 14:40:46,307] {subprocess.py:92} INFO - 25/09/01 14:40:46 INFO Executor: Adding file:/tmp/spark-f5888baa-eae1-437f-954a-34814ac1450e/userFiles-a85bb333-24f5-402a-a505-925bfc2b6d65/org.apache.hadoop_hadoop-client-api-3.3.2.jar to class loader
[2025-09-01 14:40:46,308] {subprocess.py:92} INFO - 25/09/01 14:40:46 INFO Executor: Fetching spark://e66737cfc193:41593/jars/org.apache.spark_spark-sql-kafka-0-10_2.12-3.3.1.jar with timestamp 1756737644539
[2025-09-01 14:40:46,308] {subprocess.py:92} INFO - 25/09/01 14:40:46 INFO Utils: Fetching spark://e66737cfc193:41593/jars/org.apache.spark_spark-sql-kafka-0-10_2.12-3.3.1.jar to /tmp/spark-f5888baa-eae1-437f-954a-34814ac1450e/userFiles-a85bb333-24f5-402a-a505-925bfc2b6d65/fetchFileTemp12961645965978171816.tmp
[2025-09-01 14:40:46,312] {subprocess.py:92} INFO - 25/09/01 14:40:46 INFO Utils: /tmp/spark-f5888baa-eae1-437f-954a-34814ac1450e/userFiles-a85bb333-24f5-402a-a505-925bfc2b6d65/fetchFileTemp12961645965978171816.tmp has been previously copied to /tmp/spark-f5888baa-eae1-437f-954a-34814ac1450e/userFiles-a85bb333-24f5-402a-a505-925bfc2b6d65/org.apache.spark_spark-sql-kafka-0-10_2.12-3.3.1.jar
[2025-09-01 14:40:46,318] {subprocess.py:92} INFO - 25/09/01 14:40:46 INFO Executor: Adding file:/tmp/spark-f5888baa-eae1-437f-954a-34814ac1450e/userFiles-a85bb333-24f5-402a-a505-925bfc2b6d65/org.apache.spark_spark-sql-kafka-0-10_2.12-3.3.1.jar to class loader
[2025-09-01 14:40:46,318] {subprocess.py:92} INFO - 25/09/01 14:40:46 INFO Executor: Fetching spark://e66737cfc193:41593/jars/org.apache.commons_commons-pool2-2.11.1.jar with timestamp 1756737644539
[2025-09-01 14:40:46,319] {subprocess.py:92} INFO - 25/09/01 14:40:46 INFO Utils: Fetching spark://e66737cfc193:41593/jars/org.apache.commons_commons-pool2-2.11.1.jar to /tmp/spark-f5888baa-eae1-437f-954a-34814ac1450e/userFiles-a85bb333-24f5-402a-a505-925bfc2b6d65/fetchFileTemp9093308804538143969.tmp
[2025-09-01 14:40:46,321] {subprocess.py:92} INFO - 25/09/01 14:40:46 INFO Utils: /tmp/spark-f5888baa-eae1-437f-954a-34814ac1450e/userFiles-a85bb333-24f5-402a-a505-925bfc2b6d65/fetchFileTemp9093308804538143969.tmp has been previously copied to /tmp/spark-f5888baa-eae1-437f-954a-34814ac1450e/userFiles-a85bb333-24f5-402a-a505-925bfc2b6d65/org.apache.commons_commons-pool2-2.11.1.jar
[2025-09-01 14:40:46,326] {subprocess.py:92} INFO - 25/09/01 14:40:46 INFO Executor: Adding file:/tmp/spark-f5888baa-eae1-437f-954a-34814ac1450e/userFiles-a85bb333-24f5-402a-a505-925bfc2b6d65/org.apache.commons_commons-pool2-2.11.1.jar to class loader
[2025-09-01 14:40:46,327] {subprocess.py:92} INFO - 25/09/01 14:40:46 INFO Executor: Fetching spark://e66737cfc193:41593/jars/com.google.code.findbugs_jsr305-3.0.0.jar with timestamp 1756737644539
[2025-09-01 14:40:46,328] {subprocess.py:92} INFO - 25/09/01 14:40:46 INFO Utils: Fetching spark://e66737cfc193:41593/jars/com.google.code.findbugs_jsr305-3.0.0.jar to /tmp/spark-f5888baa-eae1-437f-954a-34814ac1450e/userFiles-a85bb333-24f5-402a-a505-925bfc2b6d65/fetchFileTemp16821282852169362401.tmp
[2025-09-01 14:40:46,329] {subprocess.py:92} INFO - 25/09/01 14:40:46 INFO Utils: /tmp/spark-f5888baa-eae1-437f-954a-34814ac1450e/userFiles-a85bb333-24f5-402a-a505-925bfc2b6d65/fetchFileTemp16821282852169362401.tmp has been previously copied to /tmp/spark-f5888baa-eae1-437f-954a-34814ac1450e/userFiles-a85bb333-24f5-402a-a505-925bfc2b6d65/com.google.code.findbugs_jsr305-3.0.0.jar
[2025-09-01 14:40:46,335] {subprocess.py:92} INFO - 25/09/01 14:40:46 INFO Executor: Adding file:/tmp/spark-f5888baa-eae1-437f-954a-34814ac1450e/userFiles-a85bb333-24f5-402a-a505-925bfc2b6d65/com.google.code.findbugs_jsr305-3.0.0.jar to class loader
[2025-09-01 14:40:46,346] {subprocess.py:92} INFO - 25/09/01 14:40:46 INFO Utils: Successfully started service 'org.apache.spark.network.netty.NettyBlockTransferService' on port 39215.
[2025-09-01 14:40:46,346] {subprocess.py:92} INFO - 25/09/01 14:40:46 INFO NettyBlockTransferService: Server created on e66737cfc193:39215
[2025-09-01 14:40:46,349] {subprocess.py:92} INFO - 25/09/01 14:40:46 INFO BlockManager: Using org.apache.spark.storage.RandomBlockReplicationPolicy for block replication policy
[2025-09-01 14:40:46,357] {subprocess.py:92} INFO - 25/09/01 14:40:46 INFO BlockManagerMaster: Registering BlockManager BlockManagerId(driver, e66737cfc193, 39215, None)
[2025-09-01 14:40:46,362] {subprocess.py:92} INFO - 25/09/01 14:40:46 INFO BlockManagerMasterEndpoint: Registering block manager e66737cfc193:39215 with 434.4 MiB RAM, BlockManagerId(driver, e66737cfc193, 39215, None)
[2025-09-01 14:40:46,366] {subprocess.py:92} INFO - 25/09/01 14:40:46 INFO BlockManagerMaster: Registered BlockManager BlockManagerId(driver, e66737cfc193, 39215, None)
[2025-09-01 14:40:46,367] {subprocess.py:92} INFO - 25/09/01 14:40:46 INFO BlockManager: Initialized BlockManager: BlockManagerId(driver, e66737cfc193, 39215, None)
[2025-09-01 14:40:46,821] {subprocess.py:92} INFO - Connexion à Kafka...
[2025-09-01 14:40:49,113] {subprocess.py:92} INFO - Connexion Kafka réussie (kafka:9092)
[2025-09-01 14:40:49,113] {subprocess.py:92} INFO - Transformation des données JSON...
[2025-09-01 14:40:49,471] {subprocess.py:92} INFO - Démarrage du streaming vers HDFS...
[2025-09-01 14:40:50,341] {subprocess.py:92} INFO - Streaming actif - Données météo sauvegardées dans HDFS:/data/weather
[2025-09-01 15:06:31,653] {local_task_job.py:221} WARNING - State of this instance has been externally set to up_for_retry. Terminating instance.
[2025-09-01 15:06:31,655] {process_utils.py:129} INFO - Sending Signals.SIGTERM to group 23409. PIDs of all processes in the group: [23410, 23460, 23409]
[2025-09-01 15:06:31,655] {process_utils.py:80} INFO - Sending the signal Signals.SIGTERM to group 23409
[2025-09-01 15:06:31,656] {taskinstance.py:1541} ERROR - Received SIGTERM. Terminating subprocesses.
[2025-09-01 15:06:31,656] {subprocess.py:103} INFO - Sending SIGTERM signal to process group
[2025-09-01 15:06:31,680] {taskinstance.py:1889} ERROR - Task failed with exception
Traceback (most recent call last):
  File "/home/airflow/.local/lib/python3.7/site-packages/airflow/operators/bash.py", line 189, in execute
    cwd=self.cwd,
  File "/home/airflow/.local/lib/python3.7/site-packages/airflow/hooks/subprocess.py", line 90, in run_command
    for raw_line in iter(self.sub_process.stdout.readline, b''):
  File "/home/airflow/.local/lib/python3.7/site-packages/airflow/models/taskinstance.py", line 1543, in signal_handler
    raise AirflowException("Task received SIGTERM signal")
airflow.exceptions.AirflowException: Task received SIGTERM signal
[2025-09-01 15:06:31,688] {taskinstance.py:1400} INFO - Marking task as FAILED. dag_id=send_weather_to_kafka, task_id=stream_hdfs, execution_date=20250901T141001, start_date=20250901T144040, end_date=20250901T150631
[2025-09-01 15:06:31,711] {standard_task_runner.py:97} ERROR - Failed to execute job 584 for task stream_hdfs (Task received SIGTERM signal; 23409)
[2025-09-01 15:06:31,869] {process_utils.py:75} INFO - Process psutil.Process(pid=23410, status='terminated', started='14:40:40') (23410) terminated with exit code None
[2025-09-01 15:06:31,870] {process_utils.py:75} INFO - Process psutil.Process(pid=23460, status='terminated', started='14:40:43') (23460) terminated with exit code None
[2025-09-01 15:06:31,871] {process_utils.py:75} INFO - Process psutil.Process(pid=23409, status='terminated', exitcode=1, started='14:40:39') (23409) terminated with exit code 1
