[2025-08-18 13:22:48,830] {taskinstance.py:1159} INFO - Dependencies all met for <TaskInstance: send_weather_to_kafka.fetch_and_send_weather scheduled__2025-08-18T11:22:45.167037+00:00 [queued]>
[2025-08-18 13:22:48,857] {taskinstance.py:1159} INFO - Dependencies all met for <TaskInstance: send_weather_to_kafka.fetch_and_send_weather scheduled__2025-08-18T11:22:45.167037+00:00 [queued]>
[2025-08-18 13:22:48,857] {taskinstance.py:1356} INFO - 
--------------------------------------------------------------------------------
[2025-08-18 13:22:48,857] {taskinstance.py:1357} INFO - Starting attempt 1 of 2
[2025-08-18 13:22:48,857] {taskinstance.py:1358} INFO - 
--------------------------------------------------------------------------------
[2025-08-18 13:22:48,910] {taskinstance.py:1377} INFO - Executing <Task(BashOperator): fetch_and_send_weather> on 2025-08-18 11:22:45.167037+00:00
[2025-08-18 13:22:48,919] {standard_task_runner.py:52} INFO - Started process 4524 to run task
[2025-08-18 13:22:48,930] {standard_task_runner.py:79} INFO - Running: ['***', 'tasks', 'run', 'send_weather_to_kafka', 'fetch_and_send_weather', 'scheduled__2025-08-18T11:22:45.167037+00:00', '--job-id', '284', '--raw', '--subdir', 'DAGS_FOLDER/dag_meteo.py', '--cfg-path', '/tmp/tmplulpj0d5', '--error-file', '/tmp/tmpn_jwg9aq']
[2025-08-18 13:22:48,933] {standard_task_runner.py:80} INFO - Job 284: Subtask fetch_and_send_weather
[2025-08-18 13:22:49,012] {logging_mixin.py:115} WARNING - /home/***/.local/lib/python3.7/site-packages/***/configuration.py:470 DeprecationWarning: The sql_alchemy_conn option in [core] has been moved to the sql_alchemy_conn option in [database] - the old setting has been used, but please update your config.
[2025-08-18 13:22:49,110] {task_command.py:369} INFO - Running <TaskInstance: send_weather_to_kafka.fetch_and_send_weather scheduled__2025-08-18T11:22:45.167037+00:00 [running]> on host a4b544519f2b
[2025-08-18 13:22:49,355] {taskinstance.py:1571} INFO - Exporting the following env vars:
AIRFLOW_CTX_DAG_OWNER=***
AIRFLOW_CTX_DAG_ID=send_weather_to_kafka
AIRFLOW_CTX_TASK_ID=fetch_and_send_weather
AIRFLOW_CTX_EXECUTION_DATE=2025-08-18T11:22:45.167037+00:00
AIRFLOW_CTX_TRY_NUMBER=1
AIRFLOW_CTX_DAG_RUN_ID=scheduled__2025-08-18T11:22:45.167037+00:00
[2025-08-18 13:22:49,356] {subprocess.py:62} INFO - Tmp dir root location: 
 /tmp
[2025-08-18 13:22:49,357] {subprocess.py:74} INFO - Running command: ['bash', '-c', 'cd /opt/***/scripts && python3 kafka/producer.py']
[2025-08-18 13:22:49,383] {subprocess.py:85} INFO - Output:
[2025-08-18 13:22:54,731] {subprocess.py:92} INFO - Envoi vers Kafka : {'temperature': 30, 'humidity': 75, 'windSpeed': 4.1, 'cloudCover': 99, 'rainIntensity': 0, 'timestamp': '2025-08-18T13:22:00Z'}
[2025-08-18 13:22:54,819] {subprocess.py:96} INFO - Command exited with return code 0
[2025-08-18 13:22:54,876] {taskinstance.py:1400} INFO - Marking task as SUCCESS. dag_id=send_weather_to_kafka, task_id=fetch_and_send_weather, execution_date=20250818T112245, start_date=20250818T132248, end_date=20250818T132254
[2025-08-18 13:22:54,911] {local_task_job.py:156} INFO - Task exited with return code 0
[2025-08-18 13:22:54,974] {local_task_job.py:273} INFO - 1 downstream tasks scheduled from follow-on schedule check
